1569854387 6.815814462
1569855799 7.186943784
1571330090 6.739893781
1571766445 6.852077836
1572537362 5.517424473
1572538019 5.494496171
1572538679 5.4031688
1572539332 5.786606205
1572539979 5.598503131
1572540885 5.457562534
1572541538 5.531258895
1572542187 5.422248384
1572542834 5.620047046
1572543499 5.634474508
1572871253 5.626032655
1572871903 5.722072386
1572872581 5.505322032
1572873233 5.509592499
1572873886 5.639976387
1572874948 5.564925853
1572875810 5.604485049
1572877035 5.503064982
1572877685 5.613522167
1572878913 5.25171713
1572967319 5.418542156
1572967977 5.479681411
1572969279 5.479055104
1572969940 5.396036625
1572970590 5.490193318
1572971239 5.497746639
1572971902 5.887609613
1572972562 5.501414314
1572973276 5.576205089
1572973928 5.565489956
1572974579 5.585084383
1573208862 5.615776291
1573209517 5.463764309
1573210191 5.691840488
1573210861 5.574652477
1573211518 5.129072237
1573212167 5.495639334
1573212818 5.668182607
1573213470 5.460872333
1573214140 5.77471179
1573214795 5.641363206
1573310321 5.475134905
1573310944 5.045282578
1573311559 5.207004579
1573312263 5.249736129
1573312873 5.128501567
1573313500 5.312195846
1573314132 5.2797916
1573314748 4.778838016
1574696357 5.226782766
1574696934 7.533261042
1574697527 5.004364273
1574698103 4.907320691
1574698689 4.826113131
1574710759 5.698563487
1574710759 5.698563487
