1569850092 2.612457211
1569850092 2.612457211
1569850852 2.655472067
1569851110 2.641521417
1569851319 3.259494865
1569851662 2.963952671
1569851875 2.633877922
1569852103 2.563118452
1569852332 2.620462191
1569852565 2.68327552
1569853210 2.564065622
1569853503 2.737152609
1569853977 3.053159082
1570446697 200.875145864
1570448229 2.524978146
1570543216 2.644925275
1570543789 2.659264899
1570544702 2.302605231
1570544963 2.291526543
1570545162 2.513208262
1570545385 2.598898112
1571322773 112.690277406
1571324790 3.272090274
1571325202 2.387684223
1571325402 2.221022093
1571325604 2.685066579
1571325805 2.525870403
1571326002 2.466121048
1571326905 2.445882091
1571327113 2.457631702
1571327320 4.464154017
1571328111 3.076801599
1571328502 3.156029057
1571328893 3.196859333
1571330652 3.141414015
1571395647 1.467379762
1571395651 12.514248402
1571395691 7.216157713
1571395994 2.578960708
1571396191 2.560076566
1571396390 2.976823935
1571396787 2.4576796
1571397016 2.417194291
1571397219 2.400025352
1571397418 2.508115127
1571397615 2.411240244
1571397813 2.533992691
1571399012 3.371742176
1571401796 3.280926671
1571405060 2.211540825
1571405260 2.400272277
1571405459 2.70925962
1571405690 2.654395988
1571405889 2.643289586
1571407569 3.256426655
1571409110 2.750272879
1571409312 2.708121489
1571409511 2.648423583
1571409925 2.532810055
1571665044 2.395989579
1571665254 2.363483907
1571665448 2.509698235
1571665643 2.453498459
1571665838 2.318789819
1571666625 3.016206095
1571667408 2.99697495
1571668261 2.302330335
1571668659 2.413604946
1571668853 2.532197707
1571669053 2.461962963
1571752127 2.430329939
1571752324 2.504485127
1571752529 2.231711664
1571752726 2.343504667
1571752922 2.262368309
1571753119 2.29663278
1571753315 2.307124317
1571753513 2.233164258
1571753905 2.727332993
1571754414 3.006608683
1571754805 3.516995169
1571757693 3.216951512
1571760264 2.420355607
1571760462 2.419852193
1571760663 2.229754444
1571760863 2.364614761
1571761274 2.41613295
1571761467 2.595289679
1571761662 2.521604056
1571762067 2.396035639
1571762488 2.470031666
1571763274 3.243930272
1571763665 2.959010637
1571764483 3.160846144
1571765656 2.941141883
1571766045 3.164263834
1572003369 2.483153794
1572003567 2.479741747
1572003764 2.507825576
1572003960 2.608330862
1572004155 2.352156718
1572004351 2.556999418
1572004548 2.409694051
1572004751 2.495837505
1572004949 2.393106763
1572005145 2.389609457
1572007373 2.994211678
1572007768 3.404599855
1572010641 3.237028226
1572011031 3.261089343
1572011348 2.419766926
1572011543 2.514168965
1572011743 2.288852734
1572011937 2.524753878
1572012134 2.443519215
1572012526 2.522258646
1572012719 2.464310855
1572012914 2.289863445
1572013109 2.302769995
1572265368 2.167201797
1572265565 2.300936893
1572265764 2.474891069
1572265967 2.563729
1572266168 2.54369995
1572266368 2.328321848
1572266766 2.650376437
1572266973 2.464917744
1572270845 3.205076931
1572274219 2.026325076
1572274395 1.964159405
1572274733 2.033822551
1572274902 1.928794941
1572275071 2.091692742
1572275247 1.989706087
1572275418 2.517702896
1572275760 2.012058309
1572361383 2.391121941
1572361579 2.351363226
1572361775 2.392968362
1572361972 2.228594133
1572362363 2.351482287
1572362558 2.43248694
1572362758 2.43087785
1572362952 2.540430039
1572363731 2.624457056
1572366821 2.696061622
1572367011 2.094522373
1572367179 1.937303747
1572367348 2.215162186
1572367702 2.08041413
1572367878 2.12783199
1572368046 2.218750682
1572368378 2.085262893
1572368552 1.840269514
1572371503 2.980484331
1572532503 2.447959332
1572532710 2.677871574
1572532981 2.687448832
1572544599 1.873328947
1572544767 1.814262145
1572544940 2.041370714
1572545116 2.148302884
1572545286 2.254927497
1574707167 1.799112964
