1570543096 10.438077891
1570543455 13.524662129
1571322965 14.1857532
1571325483 14.461994053
1571325688 10.779009413
1571325887 8.26166394
1571327198 13.512009418
1571396273 8.928443539
1571397098 13.557166983
1571397302 10.891286265
1571404945 10.590617841
1571405342 9.031706091
1571409194 9.759496638
1571409396 8.795012098
1571664379 7.622284545
1571664921 7.529670313
1571665124 7.493558802
1571665335 7.822687763
1571665530 7.980710267
1571665725 7.788954304
1571668142 7.602834155
1571668341 7.426876607
1571668546 7.6876744
1571668740 7.555444645
1571668940 7.663731579
1571752013 7.693651101
1571752208 7.919048212
1571752409 7.590755698
1571752613 7.638838304
1571752807 7.812916963
1571753003 7.52155407
1571753201 7.706704959
1571753398 7.600969103
1571753595 7.569913628
1571753792 7.498088319
1571760151 7.768193279
1571760345 7.663868088
1571760550 7.733293581
1571760746 7.708774154
1571760948 7.586901711
1571761156 7.533461077
1571761355 7.521781681
1571761550 7.70491741
1571761745 7.619173953
1571761954 7.689364436
1572003256 7.597455534
1572003649 7.607244874
1572003846 7.702744369
1572004042 7.899743759
1572004238 7.723338003
1572004433 7.772825529
1572004632 7.77621221
1572004834 7.637275972
1572005033 7.854998813
1572011234 7.349936412
1572011430 8.134971032
1572011626 8.392496065
1572011824 7.804711344
1572012020 7.912269107
1572012218 7.459966652
1572012412 7.749012989
1572012606 7.782599441
1572012801 7.643008564
1572012995 7.643256251
1572265055 7.848142705
1572265252 7.547494371
1572265450 7.885232669
1572265649 7.396914069
1572265854 7.638444063
1572266056 7.739535512
1572266452 8.026744384
1572266652 8.064569313
1572266855 8.164343148
1572274121 6.346410885
1572274294 6.946190171
1572274463 6.2637171
1572274631 11.226494814
1572274803 6.488236075
1572274973 6.326518988
1572275141 10.147714561
1572275320 7.300563456
1572275490 6.320004826
1572275664 6.218002703
1572361268 7.901756282
1572361465 8.015339907
1572361661 7.629944483
1572361856 7.73728789
1572362055 7.79954522
1572362249 7.818732179
1572362445 7.969385431
1572362640 7.884534083
1572362839 7.787207113
1572363035 7.745365707
1572366913 6.540713987
1572367080 6.74603486
1572367251 6.330911193
1572367419 6.419662225
1572367600 6.430881696
1572367779 6.394650398
1572367947 6.653499512
1572368116 6.627048053
1572368283 6.350006301
1572368448 6.172208851
1572532386 7.561312604
1572532586 7.510248873
1572532792 7.535315122
1572544500 6.47921445
1572544668 6.215430367
1572544840 6.336799016
1572545012 6.363529352
1572545186 6.398817537
1572870012 6.464151078
1572870186 52.755886012
1572870412 6.92579482
1572870588 54.155686184
1572870802 8.180449954
1572965394 6.443919209
1572965561 6.322295597
1572965728 6.347613716
1572965897 6.566749941
1572966069 6.387413512
1572966235 6.314233599
1572966407 6.348020639
1572966591 6.371119187
1572966770 6.325009656
1572966934 6.581159119
1573207040 7.498478498
1573207209 6.195492412
1573207379 6.137525578
1573207544 6.147689691
1573207714 6.325511215
1573207882 6.207481444
1573208049 6.354747862
1573208213 6.229714685
1573208382 6.223559805
1573208547 6.294425163
1573220283 6.396504484
1573220450 6.320955483
1573220617 6.565323681
1573220787 6.320312508
1573220955 6.288805612
1573221122 6.07248731
1573221286 6.07752224
1573221456 6.215229463
1573221622 6.13227313
1573221791 6.110985707
1573221980 6.409306846
1573222151 6.65967083
1573222318 6.359914852
1573222483 6.43185736
1573222653 6.304000284
1573301131 6.28180708
1573301300 6.334218231
1573301482 6.282262261
1573301649 6.344708875
1573301836 6.169773921
1573302014 6.255090992
1573302183 6.181353669
1573302358 6.343792448
1573302527 6.317185537
1573302694 20.07938966
1573303847 6.068584757
1573304006 10.633559902
1573304171 5.686205652
1573304337 5.875077589
1573304497 5.791102032
1573304664 5.57236334
1573304822 5.528965642
1573304982 5.53504725
1573305145 5.84038142
1573305304 5.673406087
1573752477 5.837354305
1573752735 5.645340665
1573752894 5.732042927
1573753052 5.708197256
1573753210 5.665265998
1573753365 5.802697301
1573753523 5.758626296
1573753677 5.820520332
1573753838 5.952637772
1573754658 5.607059949
1573754818 5.654250094
1573754979 5.701062246
1573755146 5.596627465
1573755309 5.770799132
1573755466 5.517771566
1573755621 5.684081164
1573755779 5.603701619
1573755937 5.97559604
1573756094 5.789822122
1573831402 5.624394406
1573831560 6.152187236
1573831718 5.750704552
1573831891 5.594050334
1573832043 5.746883722
1573832204 5.595447408
1573832359 5.888902975
1573832525 5.621490426
1573832681 5.67187246
1573832836 5.541514242
1573833031 5.626841996
1573833188 5.668227281
1573833352 5.567887878
1573833509 5.736128289
1573833667 5.782345964
1573901040 5.615822928
1573901199 5.620925631
1573901355 5.831450017
1573901511 5.667273024
1573901671 5.720970742
1573901825 5.736806381
1573901980 5.89791637
1573902138 5.613263851
1573902296 5.703907221
1573902452 5.675735454
1574685769 6.011578971
1574685959 5.729112887
1574686131 5.415676499
1574686289 7.885665809
1574686450 5.808651497
1574686617 5.876232928
1574686780 5.410668267
1574686966 5.50028103
1574687305 5.550989696
1574689634 5.773249872
1574689850 5.821232227
1574690019 5.825271496
1574690189 5.863215649
1574690359 5.578469751
1574690518 5.526926098
1574690689 5.873307887
1574690849 5.555775095
1574691034 5.626777291
1574691213 5.526072419
1574706835 5.646859786
1574707078 5.845079433
1574954180 5.678362065
1574954344 6.478184793
1574954521 5.647376707
1574954686 5.545498623
1574954868 5.455991003
1574955026 5.642076846
1574955285 5.538240058
1574955443 6.835858505
1574955602 5.630247665
1574955763 6.307025261
1575026511 5.693517485
1575026672 5.855838672
1575026835 5.699656937
1575026994 5.765338309
1575027158 5.73026371
1575027320 5.848563395
1575027485 6.156136075
1575027643 5.587256783
1575027807 5.480544407
1575027971 5.628636349
1575112827 5.857807055
1575112988 5.750416409
1575113151 5.552746438
1575113311 5.730444563
1575113470 5.893156265
1575113629 5.718041845
1575113786 5.96671486
1575113945 5.573669438
1575114105 5.558765846
1575114269 5.629351074
1575289757 5.948825208
1575289924 5.758573662
1575290089 5.549243054
1575290272 5.690341451
1575290445 5.657109146
1575290621 5.575376139
1575290789 5.564633264
1575290947 5.722853818
1575291109 5.707371606
1575291271 5.731899177
1575384159 5.90394999
1575384318 5.701838652
1575384479 5.747286587
1575384638 5.85661861
1575384802 5.716983989
1575384958 5.565071911
1575385120 5.872787265
1575385280 5.649607714
1575385439 5.757379991
1575385602 5.647996102
1575556539 6.020080499
1575556701 5.56809343
1575556867 5.519835056
1575557051 5.664668574
1575557228 5.41357545
1575557585 5.769053261
1575557760 5.602402062
1575558217 5.694240911
1575558406 5.659129729
1579184037 5.701586527
1579184753 5.787699708
1579184914 5.661525192
1579185076 5.438203155
1579185251 5.573460566
1579185428 5.669103184
1579185611 5.949798995
1579185785 5.517350386
1579185978 5.543947555
1579186151 5.699288861
1579351767 5.458355084
1579351934 5.784336835
1579352095 5.370086818
1579352256 5.523484878
1579352419 5.511430746
1579352583 5.539513771
1579352741 5.612476787
1579352902 5.559087313
1579353066 5.547766746
1579353228 5.682214885
1579522856 5.629980618
1579523060 5.763051224
1579523250 5.642476221
1579523415 5.626199882
1579523589 5.63126247
1579523770 6.308435329
1579523952 5.415193796
1579524140 5.823403301
1579524306 5.437928253
1579524475 5.662283465
1579537448 5.597400905
1580215309 6.151117612
1580215503 6.031907643
1580215668 5.441527489
1580215826 5.570688627
1580215987 5.669835949
1580216151 4.8327488
1580216310 5.327826074
1580216472 5.444359256
1580216630 5.681259956
1580216812 5.655341216
1580304722 5.627887166
1580304879 5.574928192
1580305041 5.550048694
1580305202 5.837778505
1580305385 5.591791634
1580305545 5.806669565
1580305710 5.604875799
1580305867 5.722578545
1580306022 5.648414172
1580306182 5.401843919
1581935222 5.84689847
1581935381 5.754572117
1581935541 5.672435985
1581935707 5.58339704
1581935875 5.527827852
1581936046 5.501044706
1581936217 5.524411147
1581936381 5.686200467
1581936539 5.483169048
1581936715 5.506599009
1582026896 5.384256789
1582027059 5.393736106
1582027222 5.526458689
1582027391 5.520574887
1582027803 5.731272806
1582027967 5.676258571
1582028135 5.853879532
1582028303 5.422750792
1582028470 5.878141876
1582028641 5.971785661
1582113111 5.662800752
1582113278 5.993101488
1582113441 5.668214747
1582113611 5.679285763
1582113950 5.850296977
1582114112 5.937905389
1582114275 6.212172793
1582114442 5.724266389
1582114606 5.909103554
1582114770 5.810390615
1582114935 5.569807637
1582115098 5.746804754
1582115264 5.558682795
1582115427 5.595693804
1582115591 5.910369894
1582115754 5.666393037
1582115918 5.728133011
1582116099 5.951357049
1582116315 5.585228017
1582116488 8.222584204
1582116656 5.80360698
1582118975 5.996128131
1582119139 5.397115877
1582119307 6.042422844
1582119473 5.534061809
1582119659 5.732670834
1582119822 5.803646695
1582119993 5.435938314
1582120165 5.719556432
1582120890 5.589242015
1582121057 6.016662944
1582121301 5.508535518
1582121463 5.644043411
1582125206 5.651086644
1582125365 5.443046731
1582125849 6.039338589
1582126016 5.929903987
1582126184 6.24090555
1582126345 5.876525025
1582126513 5.742807716
1582126674 5.698404793
1582126841 5.902049337
1582127003 5.887425653
1582127164 6.129890907
1582127333 5.707900866
1582127499 5.683397089
1582127663 5.970560389
1582127828 5.377561656
1582127988 5.781454292
1582128154 5.611455666
1582128333 6.269916425
1582128494 5.792159288
1582128657 5.783705482
1582128823 5.51339775
1582128986 5.785383382
1582129158 5.770950824
1582129317 5.552627902
1582129478 5.871423566
1582129642 5.621892132
1582185064 5.747677449
1582185246 5.55688319
1582185980 5.664071231
1582186140 5.608571614
1582186303 21.954308766
1582186873 5.689677112
1582187837 5.775210252
1582187995 5.851685547
1582188154 5.710941611
1582188315 5.779279162
1582193766 5.644403247
1582193929 6.11969533
1582194094 5.749198433
1582194249 5.611105806
1582194411 5.505745678
1582194576 5.654649304
1582194736 5.643737887
1582194905 5.5422535
1582195066 5.850242794
1582195227 5.716627591
1582195721 5.902357341
1582195881 5.648966687
1582196039 5.684393083
1582196199 5.754601182
1582196358 5.756061591
1582196517 5.768391778
1582196676 5.85385605
1582196835 5.815511996
1582196997 5.529034917
1582197163 5.503961368
1582197320 5.679931947
1582197486 5.574367129
1582197658 5.859238917
1582197815 5.75081491
1582197973 5.975855671
1582198130 5.334872664
1582198292 5.622935834
1582198449 5.604052603
1582198730 5.565870109
1582199079 5.687996644
1582631386 5.592494755
1582631547 5.736302183
1582631703 5.546929597
1582631860 5.646983189
1582632016 5.558558103
1582632174 6.277905052
1582632334 5.658670459
1582632497 5.733898595
1582632656 5.794410666
1582632817 5.442434196
1582884515 5.743474945
1582884694 5.757655066
1582884863 5.920098772
1582885027 5.831719508
1582885191 5.971400955
1582885352 5.910470182
1582885513 5.805274902
1582885675 5.775663673
1582885839 5.898688201
1582885996 5.931546103
1574707078 5.845079433
