1569853733 143.532158789
1569854803 114.999303369
1569855350 103.1343038
1569856409 84.501342209
1570449857 100.261001662
1571330462 91.874380204
1571766822 92.530766043
1572365987 78.414794817
1572366328 78.438815172
1572370020 78.349880607
1572370350 78.275633472
1572371011 78.69909838
1572371673 78.073199669
1572535041 83.60107778
1572537672 77.390666699
1572538326 77.255288193
1572538985 76.733470485
1572539638 76.838324817
1572540286 76.475939516
1572541192 81.881795355
1572541844 76.748923427
1572542494 76.92698734
1572543140 76.497043783
1572543813 76.648565835
1572871559 77.050429154
1572872210 77.269062164
1572872891 76.900938258
1572873539 77.930996547
1572874198 76.78132566
1572875262 77.884651867
1572876117 81.814228495
1572877342 77.446072985
1572877997 78.535879791
1572879237 81.309903052
1572880635 79.664040279
1572967627 79.113406046
1572968285 76.786636475
1572969585 76.870068697
1572970246 76.44507597
1572970896 77.067455822
1572971558 76.198541235
1572972220 77.112825439
1572972869 140.551788276
1572973585 76.388067214
1572974234 76.593048658
1572974891 77.566093477
1573209168 76.411172013
1573209839 76.397480378
1573210499 76.19231195
1573211168 78.467862971
1573211827 76.461599246
1573212474 77.804271496
1573213127 76.534710598
1573213777 88.793850917
1573214450 77.674713579
1573215108 78.129301071
1573306877 79.787565421
1573307537 74.303911136
1573307852 73.959108608
1573308500 78.809409874
1573309472 75.176586116
1573310614 77.731360795
1573311233 74.193140358
1573311844 82.24982609
1573312550 75.037724258
1573313168 74.700470189
1573313791 74.032899163
1573314419 74.234273655
1573315033 76.055022548
1573828394 73.438461612
1573829313 70.525580041
1573829621 73.516229138
1573830489 70.989472347
1573902735 70.886286151
1573903357 72.4344776
1573903669 74.083975078
1573904287 71.68406201
1574688054 72.812156817
1574688373 73.017792965
1574692063 74.772579257
1574692380 72.975779109
1574693611 78.88503788
1574693942 74.690782325
1574694366 75.428676292
1574694691 73.675497305
1574695246 74.742601135
1574695896 72.352018349
1574696639 65.985078848
1574697219 65.71066146
1574697811 66.484158912
1574698383 64.878360262
1574698971 64.852426959
1574708833 74.128929259
1574709783 73.633744383
1574711048 65.572219684
1574950844 72.457333216
1574951218 72.923636571
1574951573 73.864973602
1574951899 72.98185128
1574952611 73.697285854
1574952940 71.476796565
1574953618 71.021514139
1574953955 79.041204709
1575028864 72.489080156
1575029203 71.165521382
1575029512 74.329121973
1575029823 74.850487695
1575030136 71.837815557
1575030768 73.500323868
1575031096 72.029342936
1575033319 66.219063503
1575033887 65.754843678
1575034477 68.292723237
1575035052 64.556268459
1575035614 64.957603231
1575036651 65.250198028
1575037213 65.02391224
1575037772 63.962634193
1575039346 65.764465848
1575114529 70.935329625
1575114836 71.752775948
1575115144 73.739048907
1575116080 72.660932018
1575116391 71.514964903
1575116699 73.01620079
1575117009 72.036117273
1575117317 71.970016939
1575120606 65.134483131
1575121171 64.817876707
1575122165 64.499094924
1575122792 64.199934465
1575123908 64.483202384
1575124464 64.052418841
1575125030 64.075095021
1575126161 64.878743518
1575293719 72.016311691
1575294746 73.510259861
1575295498 93.341560593
1575295858 944.876303575
1575297060 78.167037506
1575298485 65.377149403
1575299055 67.03501198
1575299635 66.246024742
1575300206 64.767716445
1575300824 64.903308069
1575301597 76.489777999
1575302205 64.757805677
1575385937 73.416453196
1575386248 75.349431944
1575386560 73.412907072
1575386965 74.276902492
1575387273 73.224263344
1575387892 73.510438741
1575388199 73.983631948
1575388511 71.360630522
1575388813 72.000814714
1575390393 66.548206477
1575390963 66.661035681
1575391526 64.53617358
1575392091 312.737374627
1575393538 65.888605669
1575394098 64.996433221
1575394664 65.01615799
1575395227 66.002940798
1575395790 65.67052848
1575558697 74.531296573
1575559011 71.431375645
1575559337 71.310620081
1575559656 73.066019725
1575560024 72.402354945
1575560352 74.202850325
1575560684 76.344532708
1575561918 73.647448426
1575563971 84.822632084
1575568800 64.300887932
1579186443 73.740960788
1579186788 77.119894246
1579188135 71.976610911
1579188579 73.439499732
1579189115 74.232547373
1579189446 76.762391485
1579189773 76.499206993
1579190113 76.350606191
1579190449 74.349206536
1579191245 65.506199134
1579191858 67.148336448
1579192425 66.033467097
1579193009 64.3912798
1579194160 65.155715817
1579194728 65.878366715
1579195884 65.423941431
1579196445 65.008815451
1579354203 71.531589092
1579354820 72.055918162
1579355128 73.153705001
1579355746 71.992612444
1579356362 71.729125164
1579356667 71.706872299
1579356973 255.471969244
1579359650 64.269993094
1579360228 65.269389931
1579360788 63.930129285
1579361900 63.39177955
1579362455 63.58336444
1579363011 64.58810273
1579363578 65.308819767
1579364144 64.531247099
1579364703 64.925880566
1574711048 65.572219684
1574708833 74.128929259
