1569849902 2.677036973
1569850107 2.391287494
1569849902 2.677036973
1569850107 2.391287494
1569850917 1.9181011
1569851125 2.347480946
1569851461 1.837795064
1569851682 2.077045681
1569851907 5.715856152
1569852140 2.58149479
1569852379 2.336272516
1569852595 2.24076282
1569853298 2.428697854
1569853537 1.656712478
1569854178 2.451112384
1569855136 3.489515087
1569855582 1.52329953
1570446639 58.115961058
1570446910 2.321464548
1570447907 42.811778784
1570448002 2.776007058
1570448730 2.167699115
1570449199 1.922376197
1570449625 1.799948604
1570543024 2.410303708
1570543381 2.312259668
1570543587 2.390696815
1570544517 2.150773326
1570544716 2.878028663
1570544978 2.100145517
1570545175 8.579788897
1571322771 2.4838406
1571322896 2.188726793
1571323218 2.353489608
1571324013 2.393541057
1571324413 2.320173037
1571325019 2.279118999
1571325217 1.828676391
1571325414 2.334504369
1571325620 2.293221943
1571325818 2.385350138
1571326018 2.276903044
1571326710 2.266181468
1571326919 2.304968515
1571327129 2.307628644
1571327343 2.461091145
1571327734 1.944811341
1571328126 1.698305225
1571328516 2.396777696
1571328907 2.311800882
1571329300 1.600034303
1571329892 2.11952635
1574710603 1.751662361
1574707024 1.531954126
