1570449578 11.540265852
1571323564 11.540354535
1571323967 11.334881675
1571324365 11.34177181
1571324757 11.428045596
1571327687 11.344333603
1571328078 11.658256257
1571328469 11.58374372
1571328860 11.496111015
1571329253 11.529726957
1571329641 11.516929884
1571330619 11.451054982
1571398191 11.59378224
1571398588 11.336277838
1571398979 11.439906427
1571399371 11.476369844
1571399763 11.355493003
1571400160 11.439836496
1571400580 11.478973258
1571400979 11.276132339
1571401373 11.542437737
1571407143 11.479092854
1571407536 11.675842647
1571407926 11.491283449
1571408316 11.49996635
1571666201 11.481697726
1571666592 11.405811155
1571666985 11.214197745
1571667375 11.46863177
1571667820 11.457970978
1571669471 11.513427949
1571669864 11.653593243
1571754381 11.647222321
1571754773 11.52945274
1571755173 11.669265261
1571755576 11.321354203
1571756805 11.571035994
1571757242 11.537803466
1571757660 11.658934014
1571758057 11.57795403
1571758448 11.809677109
1571762453 11.43919119
1571762851 11.600125926
1571763242 11.247293641
1571763633 11.507176192
1571764026 11.464443311
1571764451 11.482111916
1571764842 11.511564509
1571765231 11.839896849
1571765623 11.67318828
1571766012 11.438281965
1571766981 11.494597682
