1569854490 5.757384126
1569855916 5.413306671
1571330187 6.102476257
1571766543 6.018822223
1571767325 6.013225103
1572537441 6.798449534
1572538098 5.969899034
1572538758 5.850886071
1572539411 5.757182161
1572540058 6.443457148
1572540963 5.84099476
1572541617 6.015866764
1572542266 5.911890199
1572542913 5.998355898
1572543578 5.841144306
1572871332 5.991350558
1572871982 5.656744872
1572872660 4.540226337
1572873314 4.682680426
1572873966 5.615880363
1572875027 5.857611312
1572875889 5.848598148
1572877114 5.755431327
1572877764 5.889994448
1572878992 6.350999159
1572967399 6.173018351
1572968056 5.925864025
1572969358 5.623291887
1572970019 5.840311011
1572970669 5.696238426
1572971321 5.875564841
1572971982 7.724355148
1572972641 6.575771492
1572973358 6.190119039
1572974007 6.020137267
1572974659 6.017965221
1573208941 7.400235642
1573209597 6.515003823
1573210273 4.670406422
1573210942 4.599252295
1573211597 8.055195382
1573212246 6.971181926
1573212897 5.932932669
1573213548 6.169433204
1573214220 6.677629031
1573214875 7.468822267
1573310396 5.955294022
1573311017 6.367487548
1573311633 5.55696489
1573312338 4.096388291
1573312947 5.751413865
1573313574 5.913087008
1573314208 4.32718894
1573314820 5.665713056
1574696431 4.644940673
1574697010 6.655352969
1574697601 5.656941376
1574698176 4.483783998
1574698760 5.679453552
1574709545 5.875788649
1574710832 5.984554293
1574956183 5.636385905
1574956844 5.651859932
1574957446 5.6518605
1574958026 4.360720313
1574958617 5.851586223
1574959205 6.165259826
1574959809 6.146984758
1574960387 6.323058146
1574961000 4.296188796
1574961634 5.767497689
1575033108 6.838409337
1575033676 6.365246075
1575034267 6.219526992
1575034833 5.488711485
1575035406 4.153460888
1575036427 6.661072599
1575037004 6.496320061
1575037564 5.64889289
1575038566 4.879703295
1575039135 5.77488595
1575120398 6.369092726
1575120961 6.518789312
1575121521 5.849359189
1575122585 5.668805696
1575123143 4.290328854
1575123701 5.522793463
1575124256 6.507362083
1575124825 5.711134883
1575125382 6.090295919
1575125951 5.364693439
1575297698 6.188478075
1575298278 4.610368552
1575298845 5.703125777
1575299423 5.835275592
1575299995 5.834174719
1575300614 6.632941645
1575301186 4.703825774
1575301996 5.590645199
1575390184 6.515669945
1575390750 6.297404078
1575391319 5.85126661
1575391883 5.595476675
1575392692 6.371758853
1575393328 6.522290866
1575393888 5.499325641
1575394456 4.571726401
1575395018 5.644040004
1575395581 5.676575868
1575562416 5.864691448
1575563115 4.429958547
1575563762 5.995654205
1575564359 4.631308313
1575564942 5.812673385
1575565507 5.703721103
1575566076 6.201987949
1575566661 6.437353383
1575567981 6.482557574
1575568587 6.045449687
1579191035 5.818914689
1579191649 5.972597751
1579192213 5.730105959
1579192796 4.479338839
1579193359 4.679001301
1579193950 5.581065185
1579194517 6.378142305
1579195083 5.739802563
1579195674 5.65820837
1579196236 5.741175443
1579359442 5.918756154
1579360017 7.499016988
1579360580 5.750813257
1579361138 4.615351295
1579361693 4.44795787
1579362246 5.836479563
1579362803 4.181199694
1579363368 5.992171837
1579363935 5.565118373
1579530413 5.607008352
1579531059 5.31765451
1579532099 5.778942508
1579532801 5.84691871
1579533471 4.392415488
1579534071 5.181809232
1579534756 5.172784825
1579535367 5.751951103
1579535962 5.83276428
1580223745 5.760589938
1580224304 5.613703982
1580224859 5.764711131
1580225423 6.394065603
1580225983 5.696993822
1580226570 4.045824512
1580227137 4.056811338
1580227734 4.953017012
1580228315 5.372341985
1580228873 5.855433973
1580312304 5.803582519
1580312883 5.617319367
1580313439 6.488749268
1580314403 4.821529657
1580314960 5.641754277
1580316782 5.766046217
1580317375 5.753505335
1581942440 6.611829443
1581943645 4.53674282
1581944933 5.773247628
1581945912 7.349342796
1581946485 4.563239009
1581947051 5.719768711
1581947973 6.535548866
1581949069 5.974747785
1582034029 4.772564152
1582035646 6.025023702
1582036254 5.926426855
1582036860 4.636427704
1582037465 4.371344134
1582038056 4.775595132
1582038653 6.288900642
1582041551 5.917376361
1582042157 5.932106824
1582043748 6.104985744
1582044358 5.620072359
1582637966 5.551696097
1582638526 5.520194604
1582639600 5.920619199
1582640778 7.663986608
1582641337 6.716251382
1582641911 4.655412515
1582642476 6.795209689
1582643051 5.131402522
1582643653 5.674014965
1582644209 5.860537797
1582898809 5.814635113
1582899380 4.723579714
1582899948 7.111908159
1582900510 5.577459903
1582902169 5.599449708
1582902815 5.210959484
1582903411 14.176857862
1574710832 5.984554293
