1569854690 5.560369524
1569856302 5.156000593
1571330352 6.092891151
1571766709 6.356945245
1571767492 6.153738313
1572537581 6.611350836
1572538235 6.589222731
1572538894 6.371601715
1572539548 6.119956195
1572540195 5.936009689
1572541100 5.954726998
1572541754 5.791539544
1572542402 6.468447268
1572543050 5.878297485
1572543714 5.777879599
1572871468 6.070972372
1572872120 5.874199193
1572872797 5.780814686
1572873449 5.928062537
1572874107 5.668129934
1572875171 6.020918864
1572876025 6.59655362
1572877251 6.718466153
1572877905 6.952284924
1572879146 6.17308218
1572967536 6.222175905
1572968194 7.090941239
1572969494 6.080704715
1572970156 5.957150499
1572970806 6.067144101
1572971467 7.469309824
1572972129 5.933769173
1572972778 5.850296332
1572973494 6.252666168
1572974144 6.016910691
1572974796 11.398655224
1573209078 5.901558169
1573209734 20.932117033
1573210409 6.039144941
1573211077 5.987270269
1573211735 7.876347426
1573212384 6.047340187
1573213037 6.062508938
1573213686 6.057112757
1573214358 7.646008548
1573215016 6.218855801
1573310529 5.507040374
1573311146 5.756659388
1573311759 5.58832771
1573312465 5.556462971
1573313080 5.90842657
1573313706 5.829631931
1573314334 6.243348152
1573314948 5.604393404
1574696556 6.122543927
1574697137 5.458520076
1574697728 5.477987915
1574698300 5.978694243
1574698889 5.42691008
1574709700 5.582803881
1574710959 4.993383074
1574710959 4.993383074
