1569854441 1.076681917
1569854442 0.044376425
1569854442 0.001185452
1569854442 0.004866883
1569854442 0.019890616
1569854442 0.049628796
1569854442 0.044612186
1569854442 0.00198087
1569854442 0.04096054
1569854442 0.046056897
1569854442 0.05032671
1569854442 0.037298825
1569854745 0.040136934
1569854745 0.046201953
1569854745 0.042628423
1569854745 0.008411323
1569854745 0.028549538
1569854745 0.036368286
1569855851 1.060304985
1569855852 0.043933851
1569855852 0.043730231
1569855852 0.043635001
1569855852 0.043831318
1569855852 0.044804828
1569855852 0.008339403
1569855852 0.021447787
1569855852 0.051664008
1569855852 7.4358e-05
1569855852 0.042601263
1571330140 1.070973229
1571330141 0.0
1571330141 0.0
1571330141 0.0
1571330141 0.0
1571330141 0.0
1571330141 0.0
1571330141 0.0
1571330141 0.0
1571330141 0.0
1571330141 0.0
1571330406 0.0
1571330406 0.0
1571330406 0.0
1571330406 0.0
1571330406 0.0
1571330406 0.0
1571330406 0.0
1571330406 0.0
1571330406 0.0
1571330406 0.0
1571330406 0.0
1571330406 0.0
1571330406 0.0
1571766495 1.112031129
1571766497 0.0
1571766497 0.0
1571766497 0.0
1571766497 0.0
1571766497 0.0
1571766497 0.0
1571766497 0.0
1571766497 0.0
1571766763 0.0
1571766763 0.0
1571766763 0.0
1571766763 0.0
1571766763 0.0
1571767278 0.981467046
1571767279 0.0
1571767279 0.0
1571767279 0.0
1571767279 0.0
1571767279 0.0
1571767279 0.0
1571767279 0.0
1571767279 0.0
1571767279 0.0
1571767279 0.0
1571767546 0.0
1571767546 0.0
1571767546 0.0
1571767546 0.0
1571767546 0.0
1571767546 0.0
1571767546 0.0
1571767546 0.0
1571767546 0.0
1571767547 0.0
1571767547 0.0
1572537403 0.841655395
1572537404 0.0
1572537404 0.0
1572537404 0.0
1572537404 0.0
1572537404 0.0
1572537626 0.0
1572537626 0.0
1572537626 0.0
1572537626 0.0
1572538060 0.8425066
1572538061 0.0
1572538061 0.0
1572538061 0.0
1572538061 0.0
1572538061 0.0
1572538061 0.0
1572538061 0.0
1572538280 0.0
1572538280 0.0
1572538280 0.0
1572538280 0.0
1572538280 0.0
1572538280 0.0
1572538280 0.0
1572538280 0.0
1572538280 0.0
1572538280 0.0
1572538280 0.0
1572538280 0.0
1572538720 0.845001511
1572538721 0.043466893
1572538721 0.0
1572538721 0.0
1572538721 0.0
1572538721 0.0
1572538939 0.0
1572538939 0.0
1572538939 0.0
1572538940 0.0
1572538940 0.0
1572538940 0.0
1572538940 0.0
1572538940 0.0
1572539373 0.861938586
1572539374 0.0
1572539374 0.0
1572539374 0.0
1572539374 0.0
1572539592 0.0
1572539592 0.0
1572539592 0.0
1572539592 0.0
1572539592 0.0
1572540019 0.890903277
1572540020 0.0
1572540020 0.0
1572540020 0.0
1572540020 0.0
1572540020 0.0
1572540020 0.0
1572540241 0.0
1572540241 0.0
1572540241 0.0
1572540241 0.0
1572540241 0.0
1572540241 0.0
1572540241 0.0
1572540925 0.901020982
1572540926 0.0
1572540926 0.0
1572540926 0.0
1572540926 0.0
1572540926 0.0
1572540926 0.0
1572540926 0.0
1572540926 0.0
1572541144 0.0
1572541144 0.0
1572541144 0.0
1572541144 0.0
1572541144 0.0
1572541144 0.0
1572541144 0.0
1572541144 0.0
1572541144 0.0
1572541144 0.0
1572541144 0.0
1572541144 0.0
1572541144 0.0
1572541145 0.0
1572541145 0.0
1572541145 0.0
1572541145 0.0
1572541145 0.0
1572541579 0.890897916
1572541580 0.0
1572541580 0.0
1572541580 0.0
1572541580 0.0
1572541580 0.0
1572541580 0.0
1572541580 0.0
1572541580 0.0
1572541798 0.0
1572541798 0.0
1572541798 0.0
1572541798 0.0
1572541798 0.0
1572541798 0.0
1572541798 0.0
1572541798 0.0
1572541798 0.0
1572542228 0.849286842
1572542228 0.0
1572542228 0.0
1572542229 0.0
1572542229 0.0
1572542447 0.0
1572542447 0.0
1572542447 0.0
1572542447 0.0
1572542447 0.0
1572542447 0.0
1572542447 0.0
1572542447 0.0
1572542447 0.0
1572542875 0.804451116
1572542876 0.0
1572542876 0.0
1572543094 0.0
1572543094 0.0
1572543094 0.0
1572543540 0.92296174
1572543541 0.0
1572543541 0.0
1572543541 0.0
1572543541 0.0
1572543541 0.0
1572543541 0.0
1572543541 0.0
1572543765 0.0
1572543765 0.0
1572543765 0.0
1572543765 0.0
1572543765 0.0
1572543765 0.0
1572543765 0.0
1572543765 0.0
1572543765 0.0
1574710796 0.92900523
