1569854736 7.219759582
1569856345 6.47633184
1571330397 7.114304486
1571766755 5.883238918
1571767537 6.982702918
1572537619 5.795773847
1572538272 5.69116791
1572538932 5.828389364
1572539585 5.75984585
1572540233 5.630353129
1572541137 5.722985785
1572541791 5.594173646
1572542440 5.842816561
1572543087 5.5960004
1572543758 5.537063817
1572871506 5.654786651
1572872157 5.604094879
1572872836 6.194453679
1572873486 5.730065708
1572874144 5.719898612
1572875209 5.719024178
1572876063 5.814218645
1572877289 5.761013639
1572877944 5.607825082
1572879183 5.7799701
1572967573 5.772216335
1572968232 5.838888837
1572969532 4.601702144
1572970193 5.753976076
1572970844 4.685267243
1572971506 4.998160768
1572972166 5.800525042
1572972815 5.800088452
1572973533 4.777508662
1572974181 5.68240502
1572974838 5.783745256
1573209115 5.792119046
1573209786 5.868744967
1573210446 5.767224004
1573211116 4.543282174
1573211774 5.79545492
1573212421 5.75032403
1573213075 4.674067023
1573213724 5.668958673
1573214397 5.757966887
1573215054 5.537558217
1573310563 5.230639556
1573311182 5.40888449
1573311793 5.316908438
1573312499 5.387305514
1573313115 5.799639731
1573313741 5.154652068
1573314370 5.327544821
1573314983 5.106209987
1574696591 5.372360549
1574697171 5.341138416
1574697762 5.405601073
1574698335 5.336075458
1574698923 4.035271396
1574709734 5.308563636
1574710993 5.164303697
1574710993 5.164303697
