1569854776 4.479527264
1569856383 3.804395759
1571330435 4.220363773
1571766793 4.390897287
1571767576 4.170568644
1572537650 3.378674047
1572538303 3.327609675
1572538963 3.295108929
1572539616 3.327750872
1572540264 3.395272058
1572541168 3.378887472
1572541822 3.37225697
1572542471 3.397572008
1572543118 3.344504927
1572543790 3.636765405
1572871537 3.418442402
1572872188 3.339683233
1572872869 3.611851344
1572873517 3.406853869
1572874175 3.410942389
1572875240 3.263416022
1572876094 3.647123299
1572877320 3.39278535
1572877975 3.317998384
1572879215 3.372472971
1572967605 3.414094989
1572968263 3.361499425
1572969563 3.377787961
1572970224 3.44762516
1572970874 3.380363798
1572971536 3.368350104
1572972198 3.409263843
1572972847 3.343187126
1572973563 3.456395926
1572974212 3.451198869
1572974870 3.41287077
1573209146 3.451707506
1573209817 3.315639683
1573210477 3.304170245
1573211146 3.365231892
1573211805 3.291119205
1573212452 3.198177961
1573213105 3.407345907
1573213755 3.368443203
1573214428 3.328747996
1573215085 3.503851995
1573310593 3.150831181
1573311212 3.210899866
1573311823 3.192637159
1573312529 3.149406144
1573313147 3.290521171
1573313771 3.019972807
1573314399 3.302851885
1573315012 3.106438752
1575037193 3.271576811
1579194139 3.020223166
1579360208 3.072185807
1579361324 3.472270008
1579364683 2.991851608
