1569849971 20.375715319
1569850175 20.031273994
1569849971 20.375715319
1569850175 20.031273994
1569850705 20.574027235
1569850988 19.9415555
1569851194 20.068347756
1569851543 20.490503376
1569851750 20.487843647
1569851980 20.092089924
1569852209 20.178155353
1569853055 20.527525819
1569853366 20.387687629
1570543095 20.426351544
1570545045 18.976471032
1570545255 25.563743117
1571322964 24.038618503
1571325087 18.643265115
1571325283 18.655835372
1571325687 20.873092431
1571325886 18.016573782
1571326086 19.231571292
1571326777 18.884324
1571326989 22.629598034
1571395879 18.996312611
1571396272 18.73101553
1571396471 18.923724409
1571396669 18.99893591
1571396868 47.808068858
1571397097 23.196342406
1571397301 20.901331724
1571397500 18.95177995
1571397697 18.616831007
1571404944 20.332097053
1571405144 18.81765793
1571405341 18.866531995
1571405773 18.84201012
1571408962 48.378419692
1571409193 19.507591744
1571409395 18.410752879
1571409594 36.879021157
1571409809 19.058686071
1571664378 17.284049377
1571664920 17.553082803
1571665123 17.455857623
1571665335 17.334181909
1571665724 17.569319969
1571668141 17.343363566
1571668340 17.360884858
1571668545 17.331313707
1571668739 17.269693973
1571668939 17.504634603
1571752012 17.559427645
1571752408 17.468268156
1571752612 17.255120716
1571752806 17.462281299
1571753002 17.347165815
1571753200 17.353251384
1571753397 17.271041511
1571753594 17.375391479
1571753791 17.525975799
1571760150 17.481300576
1571760345 17.262049451
1571760549 17.44381039
1571760745 17.301343466
1571760947 17.388289795
1571761155 17.294018463
1571761354 17.377694143
1571761549 17.27198099
1571761744 17.343837741
