1569854466 4.0058287
1569855876 5.216446543
1571330164 3.915898511
1571766520 4.019220425
1571767302 3.845524616
1572537422 3.086340419
1572538080 3.09559461
1572538740 3.094340254
1572539393 3.10229794
1572540039 3.123927961
1572540945 3.133009463
1572541599 2.979998891
1572542247 3.020078672
1572542894 3.204439329
1572543560 3.118355698
1572871313 3.114982191
1572871964 3.241942994
1572872641 3.099389603
1572873294 3.092477806
1572873946 3.296972122
1572875008 3.059732372
1572875870 3.163092118
1572877095 3.031943161
1572877745 3.046815671
1572878973 3.064746664
1572967380 3.060703703
1572968037 3.081549473
1572969339 3.092493308
1572970000 3.053389966
1572970650 3.15871585
1572971302 3.240301276
1572971963 3.329344123
1572972622 3.115759397
1572973989 3.122427407
1572974640 3.199173425
1573208922 3.148113123
1573209577 3.300816524
1573210252 3.351434404
1573210921 3.159963843
1573211578 3.055722525
1573212227 3.101033275
1573212879 3.159662493
1573213530 3.165939229
1573214201 3.446595523
1573214856 3.253462416
1573310379 2.864800499
1573311000 3.171120679
1573311616 2.77308032
1573312320 2.954261387
1573312930 3.013377508
1573313557 3.247591163
1573314190 2.864487895
1573314804 2.96434202
1574696413 2.945703324
1574696993 2.774852549
1574697584 2.914607426
1574698158 2.782315252
1574698743 2.732133204
1574709528 2.723861116
1574710814 2.752126661
1574956167 2.784265141
1574956827 2.691262078
1574957430 2.905218401
1574958007 2.913921269
1574958600 2.820892249
1574959189 2.863783407
1574959792 2.864262156
1574960370 2.807965849
1574960981 2.947679614
1574961618 2.740381064
1575033091 2.707981342
1575033659 2.679287818
1575034250 2.709091818
1575034817 2.774706117
1575035388 2.942157233
1575036410 3.015040922
1575036987 2.814712791
1575037548 1.579303413
1575038548 2.920129319
1575039118 2.892647668
1575120381 3.009293034
1575120944 2.773009458
1575121505 2.825506523
1575122568 2.824600614
1575123125 2.80615411
1575123684 2.840731008
1575124240 2.821528142
1575124808 2.821574254
1575125365 2.759286129
1575125934 2.978470256
1575297681 2.942042197
1575298260 2.86313342
1575298828 2.905769361
1575299406 2.719351949
1575299978 2.721977833
1575300597 2.770927415
1575301168 2.773145308
1575301979 2.933002039
1575390166 3.033860646
1575390733 2.866080212
1575391302 2.854065829
1575391867 3.043488175
1575392675 2.602645536
1575393311 3.077273546
1575393872 3.042956969
1575394438 2.95367647
1575395001 2.891763182
1575395564 2.723014144
1575562399 2.681702598
1575563097 2.896190091
1575563745 2.811972621
1575564341 3.002538126
1575564925 3.003679921
1575565491 2.639477085
1575566059 2.820034321
1575566645 2.825085527
1575567964 2.892882915
1575568570 2.910116149
1579191018 2.686055629
1579191632 3.040263826
1579192196 2.847641013
1579192778 2.769214043
1579193341 2.721307324
1579193932 2.905341114
1579194500 2.852042174
1579195066 2.65367021
1579195657 2.979540278
1579196219 2.733451154
1579359426 2.902853739
1579360000 2.986811729
1579360563 2.949612241
1579361119 2.853401029
1579361675 2.913278629
1579362229 2.7308875
1579362785 2.888647297
1579363351 2.677709177
1579363918 2.679715134
1579364477 2.991826378
1574710814 2.752126661
