1569854781 3.200236788
1569856388 2.981877653
1571330440 3.280696437
1571766798 3.574295291
1571767581 3.423546425
1572537654 2.740116063
1572538307 2.726345188
1572538967 2.780735863
1572539620 2.851648494
1572540268 2.743084983
1572541172 2.738408513
1572541826 2.723319176
1572542476 2.697879742
1572543122 2.733896625
1572543794 3.057855859
1572871541 2.852609863
1572872192 2.779201635
1572872873 3.161992532
1572874179 2.642515531
1572875244 2.939267435
1572876098 2.899357197
1572877324 2.779759624
1572877979 2.761807125
1572879219 2.645502823
1572967609 2.808398628
1572968267 2.752073121
1572969567 2.67403712
1572970228 2.772348191
1572970878 2.716805562
1572971540 2.847861386
1572972202 2.787512344
1572972851 2.688556513
1572973567 2.685028016
1572974216 2.901469111
1572974874 2.793435703
1573209151 3.121305798
1573209821 3.123904365
1573210482 2.825189712
1573211150 2.827148823
1573211809 2.723717837
1573212456 2.808330013
1573213109 2.730570826
1573213759 2.868339118
1573214432 2.815403142
1573310597 2.567210611
1573311216 2.59219115
1573311827 2.495648235
1573312532 2.640312249
1573313151 2.604542461
1573313774 2.552795582
1573314402 2.528498928
1573315016 2.475870572
1574696623 2.329423458
1574697203 2.399843051
1574697795 2.502832999
1574698367 2.259645198
1574698954 2.29722384
1574709767 2.320067548
1574711025 2.564920229
1574711025 2.564920229
