1569853749 11.290036893
1569854816 11.430567569
1569855366 11.26271607
1569856418 10.087507695
1570448934 10.381886694
1570449435 10.507096768
1571323421 10.214870157
1571323814 10.37443047
1571324217 10.427275024
1571324616 10.562813361
1571327546 10.332441954
1571327937 10.432685875
1571328328 10.409943358
1571328719 10.354417805
1571329110 10.314995394
1571329501 10.209922277
1571330475 10.426745066
1571398049 10.2216549
1571398445 10.601330724
1571398838 10.401675474
1571399229 10.387738082
1571399620 10.790748896
1571400018 10.354188715
1571400410 10.443029656
1571400837 10.656019857
1571401230 10.795319024
1571401622 10.290627197
1571407003 10.426480283
1571407392 11.216478877
1571407785 10.367616393
1571408174 10.53885592
1571408568 10.419160432
1571666060 10.262497709
1571666449 10.184876921
1571666841 10.551530874
1571667234 10.465386042
1571667678 10.378502474
1571669328 10.343286431
1571669724 10.461474905
1571754240 10.440448701
1571754631 10.321829497
1571755032 10.550289476
1571755428 10.242138916
1571756659 10.550597827
1571757090 10.335928462
1571757520 10.255333411
1571757915 10.288792085
1571758308 10.460229495
1571758699 11.033565481
1571762313 10.281887654
1571762710 10.431788778
1571763102 10.414700655
1571763491 10.275808556
1571764290 30.258283205
1571764700 10.358516628
1571765091 10.261068959
1571765480 10.357721022
1571765871 10.258777686
1571766834 10.547490613
1571767616 10.851728677
1572006470 131.591977649
1572007199 10.385254449
1572007589 10.479575169
1572008092 10.438427787
1572008503 10.210766762
1572008896 10.461652074
1572009289 10.395433468
1572009679 10.403510194
1572010070 10.398517645
1572010466 10.314971834
1572010856 10.429531164
1572013420 10.494293264
1572013813 10.535354415
1572014204 10.421852707
1572014594 10.28452419
1572014984 10.369244176
1572269035 10.498910032
1572269456 10.528278383
1572269870 10.272180714
1572270276 10.15949784
1572270671 10.485392762
1572271157 10.508989702
1572272398 8.478005295
1572272728 8.59951811
1572273063 8.476297335
1572273410 8.537871259
1572273743 8.509180167
1572276168 8.281025709
1572276503 8.559736959
1572276838 8.404005475
1572277169 8.350072926
1572277504 8.521098073
1572277863 8.528058913
1572278195 8.518144829
1572278526 8.470864882
1572363585 8.563052284
1572363915 8.55862142
1572364246 7.943357226
1572364575 8.577338778
1572364914 8.612456321
1572365250 8.563451842
1572365627 8.449084636
1572366001 8.445520638
1572366342 8.575954266
1572366676 8.497984855
1572369703 8.321840138
1572370034 8.526842118
1572370364 8.559884992
1572370697 8.487269103
1572371025 8.457097376
1572371358 8.568138353
1572371687 8.507118344
1572372018 8.453689593
1572372347 8.562653735
1572372677 8.567402496
1572533688 8.686443553
1572534033 8.622784635
1572534381 17.424276551
1572534721 8.411191963
1572535055 8.534743707
1572535403 8.56294599
1572535733 8.377094102
1572536068 8.315277772
1572536431 8.424622683
1572536767 8.524425569
1572537684 8.436354997
1572538337 8.492118956
1572538997 8.512397276
1572539650 8.505056628
1572540298 8.471258488
1572541208 8.451678904
1572541856 8.580738147
1572542505 8.477115372
1572543152 8.446550185
1572543824 8.52314495
1572871571 8.478885694
1572872222 8.568227537
1572872903 8.618840855
1572873552 8.433454731
1572874209 8.495843232
1572875275 8.325008228
1572876129 8.300158526
1572877355 8.534863591
1572878010 8.481087048
1572879249 8.55543083
1572880314 8.662553814
1572880649 8.578070059
1572880973 32.311541822
1572881332 8.549309096
1572881665 8.547449439
1572881997 8.637050337
1572882327 8.599330157
1572882718 8.34048255
1572883070 8.319417946
1572883409 8.683794694
1572967638 8.499615871
1572968297 8.522371954
1572969597 8.66333609
1572970258 8.502326727
1572970908 8.552561211
1572971570 8.511450506
1572972231 8.871577499
1572972881 8.713038215
1572973597 8.577088432
1572974246 8.551882367
1572974904 8.662098883
1572975306 8.515427398
1572975636 8.518607391
1572976004 12.795006183
1572976386 8.644540113
1572976717 8.543872944
1572977047 8.549734565
1572977411 8.452882222
1572977740 8.470851505
1572978088 8.513890787
1573209180 8.349537006
1573209851 8.435047029
1573210511 8.446468008
1573211181 8.476179067
1573211839 8.571084625
1573212487 8.499204669
1573213139 8.474225747
1573213789 8.750491157
1573214462 8.565267753
1573215119 8.569188132
1573218333 8.370347743
1573218665 8.566374824
1573306574 8.031630206
1573306891 8.704215827
1573307229 9.2621269
1573307550 8.544078808
1573307865 8.104788712
1573308186 8.483837413
1573308513 8.47092815
1573308832 11.363550147
1573309154 8.802020638
1573309485 8.129311391
1573310626 8.476003348
1573311244 8.534009018
1573311855 8.410161693
1573312561 8.647552657
1573313180 8.66092125
1573313802 8.117697812
1573314431 8.638717031
1573315047 8.50367398
1573828098 7.868863344
1573828407 8.394494375
1573828716 7.651185362
1573829021 7.866792237
1573829325 7.899942171
1573829636 7.722255121
1573830192 8.088068743
1573830501 8.039101716
1573830808 7.816499127
1573831115 7.966462081
1573902749 7.833412911
1573903058 7.934947709
1573903369 7.940228549
1573903683 7.721749185
1573903991 8.032745883
1573904301 7.686259153
1574688068 7.666221584
1574688387 7.815533882
1574692077 7.898794785
1574692394 8.042584417
1574693624 7.830569283
1574693955 8.506125639
1574694380 7.93896887
1574694705 7.79123538
1574695259 7.917754663
1574695601 7.727828812
1574695910 7.995370355
1574696647 8.313303733
1574697225 7.946093371
1574697818 8.00558845
1574698389 7.999350368
1574698977 7.744580942
1574708151 44.582108001
1574709795 8.006970342
1574711053 8.326998585
1574950858 7.955012908
1574951232 7.70110551
1574951587 8.140332437
1574951912 8.362536204
1574952228 8.249061132
1574952625 7.808866996
1574953321 8.033213716
1574953968 7.95933386
1574956397 7.895918736
1574957060 7.795761153
1574958243 7.99125743
1574958836 8.453915572
1574959447 7.821490431
1574960025 7.998866752
1574960602 8.065871031
1574961848 7.96333992
1575028259 7.951755338
1575028568 7.715216591
1575028879 7.971194482
1575029216 8.011060265
1575029526 8.208509196
1575029837 7.769863374
1575030150 7.769056078
1575030463 8.766298496
1575030782 7.811854805
1575031109 8.151721871
1575033326 7.797408263
1575033893 7.917670857
1575034483 8.160824276
1575035058 8.068753768
1575036658 7.874604433
1575037219 7.809204916
1575037778 8.145251618
1575038781 7.956129728
1575114542 7.718479621
1575114849 8.143947638
1575115157 8.726184771
1575115776 7.869118196
1575116094 7.915337308
1575116404 8.39854762
1575116712 8.407650422
1575117023 7.81135024
1575117331 7.930113069
1575120612 8.057207603
1575121177 8.093723017
1575122171 7.840873802
1575122798 7.93660472
1575123356 8.063251574
1575124470 7.682646761
1575125037 8.082721904
1575125601 8.185468088
1575126167 7.761733707
1575293059 7.78170472
1575293394 8.11981461
1575293733 8.261753967
1575294414 8.306965273
1575295120 10.980939423
1575295513 11.75925613
1575295873 8.721308439
1575299641 8.510660004
1575300213 7.915127855
1575300830 8.122740556
1575385950 8.29445136
1575386263 8.051317171
1575386574 8.321701225
1575386980 8.226716603
1575387287 8.089982825
1575387596 8.24765935
1575387906 8.448772509
1575388213 7.752127292
1575388524 8.507264482
1575388826 8.042805115
1575390399 8.375111836
1575390970 7.710919018
1575391532 8.387164764
1575391801 370.64029767
1575392908 7.877101231
1575393544 8.285479369
1575394104 8.138052264
1575394670 8.120721519
1575395234 7.92073774
1575395797 8.032853721
1575558710 7.826714442
1575559350 7.816855411
1575559670 8.247672362
1575560366 8.205572449
1575560698 8.051286691
1575561232 10.535501361
1575561575 8.07849246
1575561932 8.34272787
1575562719 8.46857486
1575565722 7.862760123
1575566296 7.84013624
1575566895 7.78427514
1575568222 8.469039985
1575568806 7.884170545
1579186458 8.321757853
1579186803 8.181865644
1579187816 8.003195452
1579188148 8.602792412
1579189128 8.08491798
1579189460 8.172129735
1579189786 8.092426591
1579190128 8.332694712
1579190463 8.073298467
1579191252 8.04602743
1579193016 8.197383851
1579193602 7.798916436
1579194166 7.754476961
1579194734 8.08029393
1579195890 8.463640822
1579196452 8.153571662
1579354217 8.100336679
1579354526 8.06811346
1579354833 8.098660333
1579355142 8.065833609
1579355450 8.016485064
1579355759 8.327435597
1579356068 7.990489946
1579356376 7.861355379
1579356680 8.039425305
1579356987 8.021922209
1579359657 7.791602906
1579360795 8.021979492
1579361906 8.023324978
1579362461 7.966895455
1579363018 7.918026212
1579363584 8.066843454
1579364150 8.026478671
1579364709 8.012299669
1579524823 11.482729705
1579525555 7.924595641
1579525879 8.581922876
1579528502 7.912014575
1579528933 8.546512288
1579529311 8.189632623
1579529651 8.266163934
1579529960 8.540057891
1579530701 8.192152576
1579531274 8.381294966
1579532330 7.821050543
1579534284 8.30244749
1579534970 8.005707058
1579535586 8.383920169
1579536658 8.110566373
1579537233 8.029137944
1580217953 7.815225099
1580218281 8.1694357
1580218933 7.858974125
1580219308 7.984424847
1580219653 8.127384898
1580222682 8.208651105
1580222994 8.186982858
1580223961 8.072798712
1580224518 7.999523251
1580225075 7.862744034
1580225640 8.022485889
1580226198 7.847519809
1580227950 8.406488648
1580228530 7.895806768
1580229090 8.05040826
1580306589 7.974291719
1580307292 7.947797973
1580307770 8.395698351
1580308395 9.040420946
1580310599 7.890367731
1580310914 7.737386331
1580311533 8.182400067
1580311908 7.87270192
1580312517 8.065329727
1580313097 8.065645487
1580313977 7.871189417
1580314617 8.352602028
1580315173 7.775860564
1580315735 7.975518292
1580316296 8.155673261
1580317006 7.753810414
1580317594 7.718886594
1581936987 8.280219522
1581937300 8.220446969
1581937646 7.91741314
1581937967 7.891083221
1581938286 7.866332849
1581938587 32.869182451
1581938913 8.000106191
1581939255 7.875673494
1581939578 9.574979238
1581939879 8.617655134
1581944234 8.635840714
1581945181 8.22633953
1581946131 7.955768597
1581946699 8.499999581
1581947594 8.502794953
1581948188 8.176961354
1581949302 8.904405417
1582030393 8.918167308
1582030701 8.953015786
1582031350 7.690324028
1582031647 8.62899361
1582031950 47.183573856
1582032330 9.10320988
1582032641 8.207631946
1582032939 8.561221405
1582033234 8.384400306
1582033590 8.580196013
1582035004 9.162872366
1582035876 9.022346314
1582036481 8.979269581
1582037091 9.166741272
1582037690 8.648964243
1582038284 8.937571583
1582038872 9.073736288
1582041789 8.754977835
1582042539 8.699307406
1582043990 8.374655408
1582044580 8.531311569
1582044892 8.713755474
1582045194 9.155258247
1582045493 8.522221528
1582045805 8.347448951
1582046101 8.856432495
1582120450 8.334916124
1582188862 7.737684304
1582190889 10.180209933
1582191181 9.168853605
1582191474 11.924430363
1582191769 10.353169573
1582192062 8.06785497
1582192353 12.040785152
1582192653 7.904585
1582192939 7.799971262
1582193230 7.842581565
1582635005 7.92067283
1582635289 8.195575786
1582635573 8.291927826
1582635857 7.809847149
1582636145 7.743267285
1582636430 7.873446124
1582636724 7.766144138
1582637008 7.548025249
1582637315 8.226723421
1582637609 8.421789674
1582638179 8.186094654
1582638742 7.80661032
1582640177 235.942760018
1582640995 7.779077408
1582641555 7.886112199
1582642127 8.312399444
1582642694 7.856552652
1582643268 8.255979305
1582643866 8.187053129
1582644425 7.876315137
1582886257 7.757448186
1582886545 7.921228029
1582886841 7.713128571
1582887129 7.973660469
1582887419 7.727459177
1582887711 7.663154226
1582887995 7.927556957
1582888282 7.948368494
1582888569 8.395403309
1582888930 8.447261605
1582899035 7.969521893
1582899598 8.480167063
1582900165 8.088307546
1582900724 7.889107755
1582902469 8.010936892
1582903029 8.156866093
1582903634 7.784777101
1574711053 8.326998585
