1569854536 2.144139102
1569855996 5.605326855
1571330232 2.055832777
1571766589 2.132397189
1571767371 2.121103209
1572537480 1.608620415
1572538136 1.670853333
1572538796 1.660849659
1572539449 1.748677695
1572540096 1.737083228
1572541001 1.6664756
1572541655 1.62210041
1572542304 1.739775028
1572542951 1.656333796
1572543616 1.669191624
1572871370 1.678662368
1572872020 1.527705922
1572872697 1.565831111
1572873350 1.742586178
1572874004 1.711470419
1572875065 1.622433166
1572875927 1.715173877
1572877152 1.708186523
1572877801 1.74568673
1572879047 1.689939986
1572967437 1.694904832
1572968093 1.704269142
1572969396 1.676926804
1572970056 1.665273761
1572970707 1.652130722
1572971359 1.737572027
1572972022 1.700539812
1572972680 1.708956774
1572973396 1.656050066
1572974045 1.644499256
1572974697 1.672018198
1573208980 1.656456786
1573209635 1.658425984
1573210310 1.699301619
1573210978 1.705782685
1573211637 1.649437368
1573212285 1.707570401
1573212936 1.662554194
1573213587 1.667127194
1573214259 1.659847879
1573214917 1.745338717
1573310433 1.614989497
1573311053 1.604576992
1573311668 1.64916954
1573312373 1.620996347
1573312983 1.720371673
1573313609 1.665601368
1573314243 1.536685596
1573314856 1.498556537
1574696465 1.539748962
1574697045 1.539684403
1574697636 1.510415386
1574698209 1.430414234
1574698794 1.468418498
1574709580 1.570476012
1574710867 1.492345232
1574956218 1.486528273
1574956879 1.500558572
1574957481 1.518530092
1574958060 1.752620336
1574958655 1.845445795
1574959241 1.616175246
1574959844 1.435853393
1574960422 1.671346218
1574961033 1.605413848
1574961669 1.488719186
1575033144 1.692691045
1575033712 1.460127759
1575034302 1.480636913
1575034868 1.648492439
1575035439 1.454768752
1575036477 1.585521784
1575037040 1.484510873
1575037598 1.540503063
1575038600 1.533666967
1575039170 1.484609085
1575120433 1.670691326
1575120996 1.459340329
1575121556 1.452007637
1575121966 2.136797953
1575122619 1.499530484
1575123176 1.443745572
1575123735 1.510225096
1575124292 1.570746049
1575124859 1.451500545
1575125417 1.551901101
1575125986 1.52779345
1575297735 1.553012095
1575298312 1.897631327
1575298880 1.607573183
1575299458 1.543023208
1575300030 1.687243675
1575300649 1.540846963
1575301220 1.424703765
1575302031 1.574878308
1575390220 1.779127895
1575390786 1.580903764
1575391353 1.411727618
1575391918 1.450343241
1575392727 1.457198351
1575393363 1.488926164
1575393923 1.503635174
1575394490 1.490310497
1575395053 1.749625236
1575395616 1.671291986
1575562450 1.580693656
1575563149 1.496723082
1575563797 1.570385381
1575564393 1.571014531
1575564976 1.494884399
1575565541 1.506912784
1575566111 1.577208353
1575566697 1.454024569
1575568017 1.578233021
1575568623 1.584135044
1579191071 1.793966668
1579191684 1.509993274
1579192249 1.665688025
1579192830 1.710820981
1579193397 1.587373266
1579193985 1.499919968
1579194554 1.58263944
1579195118 1.53953149
1579195709 1.431397632
1579196271 1.660561963
1579359477 1.535612079
1579360054 1.444084883
1579360615 1.505200587
1579361171 1.486931489
1579361726 1.597290371
1579362280 1.591298712
1579362836 1.407623621
1579363403 1.359202723
1579363970 1.450677677
1579364529 1.722480832
1579530513 3.465679644
1579531094 1.612150418
1579532135 1.630925856
1579532840 1.494648056
1579533504 1.581345371
1579534105 1.569302727
1579534790 1.550450024
1579535402 1.716212301
1579536475 1.530258531
1579537054 1.499842761
1580223780 1.480820561
1580224338 1.50564559
1580224894 1.540442108
1580225459 1.540515101
1580226018 1.538538981
1580226603 1.500359162
1580227170 1.583012988
1580227768 1.660181148
1580228349 1.526853386
1580228908 1.52391667
1580312338 1.456706315
1580312918 1.670522741
1580313474 1.583041773
1580314437 1.588798008
1580314994 1.489912152
1580315554 1.536426543
1580316115 1.712183197
1580316816 1.500099723
1580317410 1.713904421
1581942475 1.535087554
1581943678 1.480985478
1581944968 1.575245692
1581945948 1.456383969
1581946519 1.520925949
1581947086 1.506236948
1581948008 1.546075148
1581949107 1.535957419
1582035685 1.836022984
1582036292 1.696420249
1582036898 1.689487899
1582037503 1.827419477
1582038093 1.75031894
1582038690 1.625434685
1582041590 1.754909395
1582042193 1.704386521
1582043787 1.911969766
1582044393 1.491572761
1582638000 1.497309347
1582638561 1.735668672
1582639635 1.408715384
1582640815 1.5507015
1582641372 1.597609002
1582641945 1.45171453
1582642512 1.537733755
1582643086 1.502543442
1582643687 1.447667277
1582644243 1.536500028
1582898844 1.581677655
1582899414 1.586097502
1582899984 1.587338894
1582900544 1.492504112
1582902203 1.660156621
1582902850 1.6324461
1582903454 1.54006445
1574710867 1.492345232
