1569849907 2.837578694
1569850112 2.968143784
1569849907 2.837578694
1569850112 2.968143784
1569850921 3.04079988
1569851130 3.194122933
1569851465 2.927852416
1569851687 2.994939905
1569851916 3.205575079
1569852145 3.268602742
1569852384 2.900092427
1569852600 3.074715678
1569852991 3.168805639
1569853303 2.946531867
1569853542 3.111670866
1569854183 2.906581305
1569855142 2.986728114
1569855586 3.411264859
1570446915 3.094461204
1570448007 2.661841097
1570448734 2.868589204
1570449204 2.945555948
1570449629 3.071287485
1570543030 2.90320498
1570543386 2.88093499
1570543592 3.378360517
1570544522 2.997717922
1570544721 3.459843497
1570544983 2.744762217
1570545187 2.735212114
1571322901 3.207858808
1571323223 2.866476886
1571323616 3.333711625
1571324018 2.813098861
1571324418 3.084629469
1571325024 2.779446666
1571325221 2.73581034
1571325625 2.859461196
1571325824 2.768740954
1571326715 2.727428602
1571326928 2.251316362
1571327134 2.855708818
1571327349 2.952377285
1571327739 2.791317556
1571328130 2.647089813
1571328521 3.007150324
1571328912 2.900231167
1571329304 2.891413289
1571329896 2.798824245
