1569849902 2.677036973
1569849902 2.677036973
1569850916 2.510293019
1569851460 2.43504085
1569851682 2.326181506
1569852985 2.518071361
1569853536 2.334738313
1569855136 3.745749182
1569855580 2.632802738
1570446633 64.629082838
1570447907 42.811778784
1570449199 2.168175832
1570449625 2.145478159
1570545176 7.683274276
1571323611 2.885449388
1571325216 2.259204433
1571327734 2.342503354
1571328125 2.224074619
1571329299 2.287139125
1571395631 15.902260895
1571395648 2.681130206
1571395663 27.481018597
1571395812 1.664524781
1571396402 3.510595044
1571396601 2.296615193
1571397030 1.796886329
1571398237 2.359998958
1571399417 3.336955526
1571399811 4.518008762
1571400207 2.259492334
1571401027 2.382058667
1571405472 2.312252148
1571405706 1.28104797
1571406801 1.972661801
1571407190 2.176332267
1571407972 2.302713962
1571408364 2.315106511
1571408895 2.30942762
1571409126 2.42967734
1571409327 2.263109007
1571666247 2.397218242
1571668074 2.351657805
1571668467 2.21297507
1571751945 2.168534909
1571752543 2.711470683
1571753132 2.448040928
1571753330 2.363109503
1571753723 1.966789958
1571754032 1.816738111
1571755224 2.279081157
1571755626 2.263200968
1571756868 2.340284223
1571757290 11.232205053
1571757707 2.319717123
1571758107 1.720944129
1571760081 2.136672747
1571761287 2.197661824
1571761481 2.141883214
1571761677 2.295462779
1571762900 2.26394786
1571764084 2.256620328
1571764890 2.309510719
1571765278 2.229091193
1571767028 2.431339511
1571922177 2.392730271
1572003188 2.295911294
1572008693 2.394854338
1572009088 2.13616356
1572009869 2.323682242
1572010261 4.551857627
1572011362 2.609851499
1572011952 2.308885806
1572012344 2.319075949
1572012733 2.302679052
1572014002 2.075729968
1572014393 2.351812091
1572264986 2.012948947
1572268064 2.20026565
1572269654 2.291850332
1572270071 2.169417702
1572270861 2.210520692
1572272227 1.875510291
1572272892 2.133203418
1572273225 1.887674168
1572273571 2.340311175
1572275994 1.284785906
1572276998 1.784335176
1572277328 2.050962519
1572277665 2.043171948
1572361397 2.227122257
1572362967 2.359653816
1572364074 1.907001392
1572364405 1.926262366
1572364737 1.919482737
1572365411 47.88391138
1572365819 10.739841202
1572366168 1.879147193
1572366503 1.96121928
1572366850 2.077674307
1572367193 1.627795486
1572367531 5.080869986
1572369863 2.041170354
1572370194 2.123368875
1572370526 1.838057145
1572370855 1.994879149
1572371184 2.056202762
1572371846 1.880095527
1572372505 1.839048487
1572532317 2.26718336
1572533850 1.871469037
1572534204 1.913267064
1572534551 1.922248029
1572534882 2.042225573
1572535562 1.876091511
1572535897 2.109361291
1572537849 1.851661356
1572539158 1.886785184
1572541371 1.685050615
1572542020 1.747723581
1572543312 1.833784197
1572545130 1.377936847
1574707024 2.092519954
1574708687 1.875961563
