1569849946 4.443527754
1569850150 4.362971931
1569849946 4.443527754
1569850150 4.362971931
1569850963 4.436979901
1569851169 4.454096574
1569851519 4.429186156
1569851726 4.366826969
1569851956 4.178536591
1569852185 4.410632793
1569852422 4.408121731
1569852639 4.371620548
1569853030 4.418847985
1569853342 4.365999815
1569853582 4.297777504
1569854223 4.344451854
1569855195 4.673731003
1569855629 4.388901441
1570446953 4.280596731
1570448045 4.191035934
1570448772 4.22275081
1570543068 4.532060942
1570543430 4.273380502
1570543631 4.282833022
1570544560 4.300157051
1570544763 4.783828963
1570545021 4.267590628
1570545230 4.27748345
1571322940 4.480041557
1571323261 4.332343239
1571323654 4.474629202
1571324056 4.12610131
1571324456 4.27096095
1571325062 4.436168093
1571325259 4.369044861
1571325458 4.404809233
1571325663 4.390693341
1571325861 4.378498566
1571326062 4.365891965
1571326753 4.147680992
1571326965 4.318389083
1571327172 4.316300887
1571327387 4.249335436
1571327777 4.392167212
1571328168 4.525569772
1571328559 4.22238367
1571328950 4.323408701
1571329342 4.1949555
1571329934 4.492887572
1571395854 4.294859206
1571396050 4.330503835
1571396247 4.347560028
1571396446 4.320501
1571396645 4.383625256
1571396843 4.28316749
1571397072 4.40381976
1571397277 4.330010725
1571397475 4.316748835
1571397672 4.216368616
1571397890 4.360031015
1571398283 4.29870573
1571398678 4.346789599
1571399069 4.386903757
1571399460 4.409088109
1571399857 4.32257692
1571400250 4.357018734
1571400672 4.351495139
1571401071 4.268532884
1571401463 4.27338008
1571404920 4.184479827
1571405119 4.306629069
1571405316 4.173012798
1571405517 4.409521592
1571405748 4.228162057
1571406843 4.305732109
1571407233 4.382822185
1571407627 4.273066601
1571408015 4.292864312
1571408407 4.269305675
1571408938 4.278965489
1571409169 4.309668504
1571409370 4.310413417
1571409569 4.302657401
1571409785 4.283646062
1571664352 4.473070222
1571664896 4.150038637
1571665099 4.184312835
1571665310 4.467819244
1571665504 4.342959268
1571665699 4.411575918
1571665899 4.344540293
1571666290 4.350342775
1571666681 4.397374615
1571667075 4.33933122
1571667512 4.258948121
1571668117 4.264820462
1571668316 4.282240905
1571668520 4.459658393
1571668714 4.374248725
1571668911 4.373102705
1571669164 4.235714727
1571669563 4.316186562
1571751988 4.395492914
1571752183 4.254862763
1571752382 4.303589949
1571752587 4.405035802
1571752782 4.288668456
1571752978 4.303188014
1571753176 4.176020771
1571753373 4.21138312
1571753570 4.392534237
1571753766 4.382700968
1571754075 4.330272141
1571754472 4.391296788
1571754864 4.315227844
1571755267 4.41484641
1571755831 4.30947355
1571756501 4.183666073
1571756912 4.267209048
1571757361 4.302709134
1571757750 4.354139178
1571758150 4.316651664
1571758539 4.400120095
1571760125 4.183448759
1571760320 4.365642237
1571760720 4.32142989
1571760919 4.434004103
1571761130 4.404902198
1571761330 4.372322942
1571761525 4.512026208
1571761720 4.322090121
1571761924 7.315024227
1571762154 4.261694975
1571762550 5.285318654
1571762943 4.211690985
1571763331 4.362381564
1571763723 4.261921464
1571764130 4.815365947
1571764540 4.362813486
1571764933 4.273865171
1571765320 4.406299984
1571765712 4.360926067
1571766289 4.269902782
1571767072 4.438437885
1571922220 4.219379477
1572003231 4.261125373
1572003425 4.438923898
1572003624 4.325569278
1572003821 4.325695798
1572004017 4.31122593
1572004213 4.308957687
1572004407 4.239347215
1572004607 4.300561741
1572004809 4.295522611
1572005008 4.281653552
1572006298 4.369495567
1572007036 4.228530123
1572007430 4.470648858
1572007923 4.295278412
1572008333 4.369626967
1572008736 4.337305552
1572009131 4.386394361
1572009520 4.234002109
1572009911 4.338293146
1572010307 4.549015991
1572010698 4.327550023
1572011209 4.293865177
1572011405 4.349023907
1572011600 4.277630371
1572011799 4.304367167
1572011995 4.27389877
1572012192 4.178125819
1572012387 4.373334228
1572012581 4.367878894
1572012776 4.317907955
1572012970 4.343103111
1572013260 4.385291915
1572013653 4.292879272
1572014045 4.447609408
1572014436 4.491939182
1572014826 4.341855692
1572265029 4.430965623
1572265226 4.245051066
1572265424 4.340726691
1572265623 4.328200887
1572265820 4.775285949
1572266030 4.315951658
1572266223 4.219156606
1572266425 6.867913042
1572266627 4.391045748
1572266823 5.3790658
1572268106 4.304216088
1572268877 4.315931879
1572269291 4.231942867
1572269697 4.406840367
1572270115 4.274635355
1572270511 4.265349678
1572270904 4.313649435
1572272262 3.536067386
1572272592 3.385153015
1572272927 3.434987478
1572273262 3.469373723
1572273607 3.448491842
1572274098 3.405168161
1572274266 6.821816094
1572274442 3.670397919
1572274608 3.37078751
1572274780 3.459574804
1572274950 3.491768404
1572275119 3.501167517
1572275297 3.467751599
1572275466 3.515723445
1572275641 3.415257844
1572276031 3.425159203
1572276364 3.501498651
1572276702 3.315527642
1572277033 3.496415609
1572277363 3.623487215
1572277709 3.494240355
1572278057 3.505627851
1572278390 3.593510064
1572361242 4.432021828
1572361440 4.197465344
1572361636 4.220087148
1572361830 4.362576448
1572362030 4.172889934
1572362223 4.264148187
1572362419 4.278285372
1572362615 4.429377582
1572362814 4.313544862
1572363009 4.459925234
1572363450 3.505986999
1572363779 3.537683772
1572364109 3.590944762
1572364439 3.575458739
1572364772 3.542700743
1572365114 3.460068658
1572365492 3.365203425
1572365864 3.456064658
1572366203 3.483728915
1572366538 3.490496606
1572366891 3.456902721
1572367058 3.355879504
1572367227 3.388024226
1572367396 3.449026684
1572367579 3.322126643
1572367749 8.898993298
1572367926 3.535231854
1572368094 3.574968011
1572368260 3.474598028
1572368426 3.467971967
1572369568 3.534329366
1572369899 3.502066704
1572370229 3.535935343
1572370561 3.414053958
1572370890 3.545146059
1572371222 3.399303473
1572371552 3.421720142
1572371882 4.618715314
1572372211 3.523660238
1572372540 3.348089583
1572532359 4.361141669
1572532561 4.371878561
1572532767 4.357344343
1572533546 3.530515265
1572533884 3.500834469
1572534238 3.530282672
1572534586 3.510084072
1572534918 3.400528912
1572535266 3.442642025
1572535597 3.447452384
1572535932 3.54074052
1572536291 3.371869533
1572536629 3.530330318
1572537230 3.386668915
1572537884 3.510837897
1572538537 6.156661038
1572539193 3.504875293
1572539846 3.461656701
1572540752 3.363660349
1572541406 3.452004165
1572542055 3.607989071
1572542702 3.495907578
1572543347 3.411552614
1572544478 3.378785626
1572544646 3.431453929
1572544816 3.488747425
1572544990 3.524886038
1572545164 3.432618539
1572869990 3.369676232
1572870157 3.317329349
1572870378 3.453152192
1572870564 3.53762205
1572870780 3.449576004
1572871119 3.432628199
1572871770 3.497819915
1572872418 3.554977183
1572873100 3.440021746
1572873749 3.453549453
1572874812 3.501291504
1572875671 3.709094097
1572876897 3.657371595
1572877551 3.713379426
1572878778 3.478878611
1572879891 3.385650784
1572880173 3.539055188
1572880509 3.663343231
1572880848 3.360492169
1572881193 3.496334777
1572881528 3.37931641
1572881860 3.541269381
1572882192 3.577020945
1572882581 3.55324947
1572882931 3.484344403
1572883272 3.542733539
1572965371 3.411004716
1572965539 3.525717186
1572965706 3.456303608
1572965875 3.633198697
1572966047 3.500363994
1572966213 3.435547012
1572966384 3.54100558
1572966568 3.514409131
1572966748 3.570560805
1572966912 3.398191651
1572967182 3.409459195
1572967838 3.365688669
1572969142 3.502547245
1572969805 3.425353818
1572970456 3.518657858
1572971107 3.476303059
1572971769 3.494831134
1572972429 3.479648643
1572973141 3.459048334
1572973795 3.475756913
1572974444 3.458285316
1572975174 3.451380325
1572975500 3.400015461
1572975852 4.267244533
1572976244 9.661227255
1572976582 3.451812594
1572976911 3.445652589
1572977242 3.494406722
1572977605 3.393351251
1572977952 3.362484449
1573207018 3.509224582
1573207187 3.379909999
1573207356 3.551289527
1573207522 3.510489609
1573207692 3.419270956
1573207860 3.454368065
1573208026 3.548541511
1573208191 3.447183284
1573208359 3.508185781
1573208525 3.429139816
1573208730 3.451139091
1573209381 3.484041669
1573210047 3.542591158
1573210713 3.41066999
1573211379 3.535851287
1573212034 3.446075657
1573212684 3.576464367
1573213337 3.507518443
1573214005 3.448965762
1573214662 3.461707832
1573218197 3.438837533
1573218526 3.60825663
1573218917 3.47146673
1573220260 3.472417329
1573220428 3.455328365
1573220595 3.450709642
1573220764 3.460956754
1573220932 3.570084836
1573221100 3.364896507
1573221264 3.421073211
1573221433 3.556248497
1573221599 3.439710385
1573221769 3.464215557
1573221958 3.517726648
1573222129 3.487179355
1573222295 3.44295541
1573222460 3.508546204
1573222629 3.54051137
1573301109 3.584550967
1573301278 3.482711147
1573301448 14.94833833
1573301629 3.739526563
1573301813 3.570624631
1573301992 3.468132268
1573302161 3.455592074
1573302335 3.431439749
1573302503 3.571162174
1573302670 3.419634015
1573303817 9.760463352
1573303985 3.332442912
1573304150 3.121306221
1573304316 3.375607462
1573304474 3.201107689
1573304642 3.18922447
1573304801 3.07552277
1573304960 3.206112634
1573305124 3.082354499
1573305283 3.115834046
1573306442 3.166348112
1573306757 3.374919078
1573307081 10.267599504
1573307417 3.184843689
1573307733 3.147007202
1573308054 3.105549296
1573308368 3.357799639
1573308700 3.417157541
1573309020 3.327975772
1573309351 3.301471068
1573310191 3.138002963
1573310817 3.187944112
1573311432 3.176080446
1573312049 3.183128479
1573312748 3.11761059
1573313370 3.574678758
1573313991 3.152141374
1573314620 3.416831839
1573741852 3.48796181
1573741970 3.496453578
1573743601 3.602795056
1573743703 3.249006264
1573743803 3.267514559
1573743900 3.36335381
1573744000 3.120438707
1573744097 3.267883405
1573744194 3.29985766
1573744292 3.113814354
1573744388 3.410972872
1573744480 3.193006401
1573744591 3.304191047
1573744684 3.340124692
1573744798 3.120693595
1573744896 3.158590167
1573745033 3.270713145
1573745216 3.159730896
1573745314 3.336019756
1573745416 3.157366509
1573745514 3.129074489
1573745613 3.375159362
1573745712 4.108073443
1573745815 3.29144525
1573745914 3.375606028
1573746009 3.456080401
1573746110 3.230279952
1573746208 3.187065156
1573746309 3.170592141
1573746410 3.281515294
1573746508 3.220397623
1573746603 3.331250234
1573748923 3.338634233
1573749020 3.095530938
1573749121 3.373669849
1573749233 3.352198493
1573749326 3.337139885
1573749459 3.376765531
1573749565 3.256144172
1573749664 3.323427669
1573749763 3.189636989
1573749859 3.231881734
1573752455 3.0698874
1573752713 3.440452873
1573752873 3.431932051
1573753030 3.352778696
1573753189 3.375397617
1573753343 3.265684216
1573753502 3.2928525
1573753655 3.065094692
1573753817 3.348212681
1573754637 3.12184216
1573754796 3.29232322
1573754958 3.085988853
1573755126 3.339757326
1573755284 3.280285713
1573755444 3.102740263
1573755600 3.384198131
1573755758 3.387393102
1573755916 3.339061931
1573756073 3.334891617
1573827967 3.203913072
1573828280 3.357808386
1573828590 3.354767099
1573828895 3.107211401
1573829200 3.293023111
1573829506 3.325665447
1573829887 3.172242
1573830373 3.304284309
1573830681 3.372235227
1573830989 3.158663686
1573831381 3.103609706
1573831538 3.319405255
1573831697 3.41923677
1573831870 3.098942149
1573832022 3.072929237
1573832181 3.419738966
1573832337 3.157895321
1573832504 3.231786283
1573832660 3.231250604
1573832814 3.365156036
1573833010 3.157977899
1573833167 3.161889589
1573833331 3.08758653
1573833487 3.202092788
1573833645 3.235201811
1573901020 3.335982226
1573901177 3.361027168
1573901333 3.124154173
1573901489 3.179709143
1573901651 3.301637033
1573901804 3.115834207
1573901959 3.453903164
1573902117 3.186124867
1573902274 3.376301736
1573902430 3.103704777
1573902623 3.138319593
1573902931 3.073988677
1573903242 3.255241425
1573903553 3.287949162
1573903864 3.332699093
1573904172 3.377579391
1574685746 3.376589271
1574685936 3.053822584
1574686109 3.132739506
1574686267 3.268918849
1574686429 3.36834207
1574686589 5.754237186
1574686750 3.182047296
1574686917 3.68863053
1574687107 3.248181261
1574687282 3.713679609
1574687941 3.067470842
1574688260 2.686816845
1574689243 3.135830116
1574689613 3.287448127
1574689828 3.120949758
1574689999 3.190905006
1574690160 3.251931929
1574690337 3.407031319
1574690497 3.039672818
1574690667 3.073308654
1574690828 3.106563994
1574691012 3.240861318
1574691192 3.116825873
1574691944 3.207411759
1574692263 3.0742329
1574692582 3.887756495
1574693493 3.008399107
1574693817 3.364940762
1574694249 3.13771079
1574694578 3.414798997
1574695135 3.038858669
1574695471 3.333115189
1574695784 3.451651437
1574696243 3.088870213
1574696819 3.231694055
1574697394 3.388488548
1574698000 3.447102893
1574698575 10.081079753
1574706677 3.374700217
1574706812 3.125786587
1574707056 3.153753273
1574707236 2.99515808
1574708023 3.068966299
1574708518 3.034705679
1574708719 3.280970775
1574709102 3.387480758
1574709335 3.076678262
1574710445 3.411814445
1574710635 3.107361491
1574950727 3.461216264
1574951049 3.161951216
1574951437 3.170841256
1574951780 3.47791881
1574952099 3.456532242
1574952411 3.163666708
1574952827 3.339957205
1574953195 3.442878731
1574953505 3.350137724
1574953830 3.235667715
1574954159 3.141933245
1574954322 3.121235777
1574954498 3.242566401
1574954662 3.42526344
1574954847 3.136249981
1574955004 3.199086038
1574955263 3.114774633
1574955421 3.415884903
1574955581 3.142460737
1574955742 3.109380467
1574955999 3.113156561
1574956569 12.58375422
1574957236 39.017747186
1574957848 2.976520477
1574958439 3.253230668
1574959028 3.236353311
1574959632 3.208522991
1574960209 3.106658915
1574960822 3.110660705
1574961461 3.035035339
1575026490 3.204323239
1575026651 3.026780309
1575026813 3.027574755
1575026972 3.187582763
1575027136 3.274181638
1575027298 3.305343563
1575027464 3.126152698
1575027620 2.975539279
1575027784 2.997924033
1575027950 3.287255329
1575028130 3.478059753
1575028438 3.415052172
1575028750 3.068123818
1575029084 3.076167467
1575029400 3.154523307
1575029707 3.122478204
1575030023 3.334944506
1575030334 3.128368683
1575030651 3.367834807
1575030982 3.284084852
1575032931 3.09937146
1575033497 2.994697159
1575034089 3.57947986
1575034656 3.111758285
1575035228 3.178247318
1575036251 3.111962422
1575036827 3.368531023
1575037387 3.257418967
1575037945 3.16241037
1575038956 3.125548378
1575112806 3.081898205
1575112967 3.333979746
1575113129 3.406099905
1575113290 3.399292249
1575113448 3.372098365
1575113607 3.052475121
1575113765 3.253596479
1575113922 3.27195317
1575114248 3.080225441
1575114417 3.026853407
1575114720 3.15106746
1575115031 3.144998058
1575115340 3.36811677
1575115649 3.266982476
1575115963 3.16316544
1575116274 3.28204369
1575116586 3.450625658
1575116894 3.326108806
1575117202 3.251735777
1575120223 3.378816623
1575120786 3.196512799
1575121345 3.407761599
1575122407 3.407528765
1575122966 3.023069318
1575123522 3.332345079
1575124082 3.044948024
1575124637 3.336837919
1575125202 3.111296928
1575125772 3.081606936
1575289735 3.19286238
1575289900 3.287918381
1575290068 3.146783272
1575290250 3.160444219
1575290597 3.713726264
1575290768 3.321705323
1575290928 3.099674295
1575291087 3.368324269
1575291248 3.154539752
1575292928 3.469528984
1575293261 3.999461495
1575293935 3.363287962
1575294283 3.342570607
1575294620 3.221433357
1575294990 3.119144061
1575295384 3.230457903
1575295735 3.025946591
1575296943 2.951371051
1575297510 3.062451937
1575298094 7.271610778
1575298664 3.327513583
1575299238 3.37703978
1575299815 3.252971973
1575300440 3.20202148
1575300997 3.325435858
1575301813 3.254982659
1575384137 3.059811072
1575384297 3.149483824
1575384458 3.279843614
1575384616 3.283201224
1575384781 3.15966251
1575384936 3.216236954
1575385097 3.163194988
1575385259 3.395420109
1575385418 3.154505346
1575385581 3.262063201
1575385823 3.067594088
1575386134 3.063653583
1575386446 3.213323962
1575386851 3.124640365
1575387159 3.061010258
1575387469 3.294043406
1575387779 3.035465568
1575388088 3.363384786
1575388396 3.203640647
1575388701 3.304860764
1575390004 3.107898139
1575390572 3.329950436
1575391140 3.365478259
1575391703 3.284154302
1575392518 3.156903863
1575393150 3.300118109
1575393714 3.345896868
1575394278 3.000170311
1575394841 3.370050523
1575395404 3.250672611
1575397396 8.907041649
1575397634 15.27930613
1575473365 3.185648565
1575474393 3.439361212
1575556518 3.294984893
1575556679 3.424283242
1575556843 3.145873447
1575557023 3.117482641
1575557206 3.125810722
1575557390 3.396238494
1575557564 3.200535013
1575557738 3.104679722
1575558196 3.052334445
1575558385 3.226859392
1575558583 3.250048575
1575558894 3.176112055
1575559223 3.168243163
1575559533 3.279961033
1575559908 3.372651413
1575560236 3.212859723
1575560567 3.23460253
1575561098 3.19524806
1575561445 3.071656313
1575561803 3.20652374
1575562222 3.23322537
1575562930 3.244861274
1575563567 3.315614419
1575564182 3.184331209
1575564764 3.162469966
1575565332 3.105539652
1575565893 3.290530488
1575566486 3.147244181
1575567800 3.289219825
1575568411 3.049027694
1579184016 3.091705321
1579184731 3.678032252
1579184893 3.249890088
1579185054 3.274732259
1579185230 3.4081363
1579185405 3.296263516
1579185588 3.234979269
1579185762 3.136081443
1579185956 3.163429095
1579186129 3.347918358
1579186327 3.361460253
1579186658 14.176382968
1579187688 3.117276629
1579188015 3.184434513
1579188465 3.279431916
1579188996 3.382225981
1579189327 3.499539547
1579189659 3.152755547
1579189994 3.126792304
1579190330 3.358483754
1579190855 3.335254328
1579191471 3.330257062
1579192035 3.256071426
1579192614 3.03156676
1579193182 2.981852454
1579193770 3.190698738
1579194336 3.287483819
1579194906 3.470281856
1579195469 20.059286643
1579196059 3.198066725
1579351746 3.213623953
1579351913 3.259067782
1579352074 3.214383156
1579352235 3.168302291
1579352398 3.194735955
1579352562 3.204787684
1579352719 3.340517135
1579352881 3.143587154
1579353043 3.120697859
1579353206 3.155886412
1579354088 3.072437786
1579354395 3.156973627
1579354706 3.110382752
1579355017 3.143751867
1579355324 3.163077705
1579355634 3.035898984
1579355944 3.403509983
1579356248 3.338544848
1579356555 3.140290114
1579356861 3.558255398
1579359268 3.254839245
1579359840 3.297447835
1579360404 3.227386155
1579360961 3.116766636
1579361518 3.112228774
1579362072 3.232251433
1579362627 3.158829781
1579363188 3.45238868
1579363757 3.367097647
1579364317 3.170534155
1574710635 3.107361491
1574707056 3.153753273
1574708719 3.280970775
