1569854696 4.896984212
1569856307 4.942117476
1571330358 4.791411499
1571766715 4.774395519
1571767499 4.862414102
1572537588 4.448386673
1572538241 3.892888212
1572538901 4.180838374
1572539554 3.870640579
1572540201 3.963774259
1572541106 3.975118957
1572541760 4.035284967
1572542408 3.954811371
1572543055 3.962180176
1572543720 3.914316459
1572871474 3.868313902
1572872125 4.049616764
1572872803 3.924548189
1572873455 3.909116031
1572874113 3.884732779
1572875177 3.963100764
1572876031 4.14614635
1572877257 4.155725817
1572877912 4.255132941
1572879152 3.938037636
1572967543 3.749100175
1572968201 3.92447598
1572969500 3.828144688
1572970162 3.912979013
1572970812 3.782099002
1572971474 3.99574215
1572972135 3.976900541
1572972784 4.046435658
1572973500 4.303929974
1572974150 3.911634228
1572974807 3.953400844
1573209084 3.916134198
1573209755 3.928474328
1573210415 3.872707704
1573211083 3.861874664
1573211743 3.810901095
1573212390 3.970087937
1573213043 3.910804621
1573213692 4.568701406
1573214365 4.026234548
1573215023 3.908066949
1573310534 3.452549616
1573311152 3.627567139
1573311764 3.766705547
1573312471 3.586925881
1573313085 3.683737919
1573313711 3.658884574
1573314341 3.724045643
1573314954 3.686064078
1574696562 3.552488374
1574697142 3.505100809
1574698306 3.72388434
1574698894 3.485403098
1574709706 3.801402495
