1569855444 6.152284015
1570447296 5.050792169
1570449052 5.172378472
1570449505 5.601943928
1571323493 5.168304728
1571323884 7.861198226
1571324294 5.367096882
1571324686 5.786690383
1571327617 5.412182306
1571328007 5.76229077
1571328399 5.000830977
1571328789 5.731739418
1571329181 5.419641103
1571329571 5.597658468
1571330545 5.731456675
1571398118 5.500401639
1571398516 5.035010741
1571398908 5.326674661
1571399299 5.732652885
1571399691 5.408127466
1571400088 6.474177151
1571400907 5.792937064
1571401302 5.300896207
1571401691 5.887054358
1571407072 5.764329585
1571407464 5.656807529
1571407856 5.521310031
1571408244 5.533476191
1571408638 5.123429692
1571666130 5.609334098
1571666521 5.558340876
1571666911 5.803100568
1571667303 5.747763762
1571667748 6.731762517
1571669400 5.855017916
1571669793 5.911527639
1571754309 5.765106911
1571754702 5.912914426
1571755102 5.731590471
1571755506 5.077514709
1571756734 5.944958777
1571757171 5.586475732
1571757590 5.837500602
1571757985 5.831606872
1571758378 5.662631802
1571758770 5.498298727
1571762383 5.296028694
1571762779 5.934638738
1571763171 5.768981036
1571763560 5.862484526
1571763955 5.50159929
1571764379 5.845806394
1571764770 5.59863829
1571765163 4.189795768
1571765550 5.754786319
1571765941 5.813939677
1571766905 5.846679572
1572007268 5.914248571
1572007662 5.755986294
1572008162 5.604023115
1572008573 5.482057769
1572008967 5.831870208
1572009359 5.707235662
1572009749 5.508515258
1572010140 5.807254611
1572010536 5.75344993
1572010926 5.507074985
1572013491 5.638932526
1572013883 5.705345226
1572014274 6.605147472
1572014664 5.504526026
1572015054 5.578531997
1572269111 5.664376052
1572269526 5.737829502
1572269941 5.403601907
1572270346 5.785347078
1572270742 5.972916309
1572272456 4.756021989
1572272787 4.437444139
1572273121 4.735496083
1572273468 4.640462623
1572273801 4.576999835
1572276225 4.649718222
1572276562 4.519784126
1572276896 5.047646403
1572277227 4.542619416
1572277562 4.576119124
1572277921 4.577015167
1572278253 4.666228252
1572278584 4.5389443
1572363644 4.657347439
1572363972 4.551009086
1572364302 4.737046183
1572364632 4.758885462
1572364971 4.60417542
1572365307 4.567974575
1572365686 4.867872982
1572366059 4.479752962
1572366399 4.680489785
1572366733 4.45374169
1572369761 4.700120928
1572370091 4.525950416
1572370421 4.653153687
1572370754 4.636278132
1572371082 4.772480294
1572371415 4.491741566
1572371744 4.905958771
1572372075 4.65866656
1572372404 4.884776236
1572372738 4.649657369
1572533748 4.731786576
1572534101 6.273342258
1572534450 4.435069982
1572534778 4.767322663
1572535117 4.351978818
1572535461 4.443051922
1572535790 4.720434723
1572536126 4.828728245
1572536488 4.758724015
1572537742 4.751500393
1572538396 4.632736562
1572539055 4.71392434
1572539708 4.649849887
1572540356 4.639458569
1572541266 4.487038295
1572541913 4.585165218
1572542563 4.617839884
1572543209 4.711282958
1572543882 4.697346359
1572871628 4.618857643
1572872280 4.816939718
1572872961 4.79884466
1572873610 4.637600951
1572874267 4.943034277
1572875333 4.571252528
1572876190 6.096810778
1572877412 4.789988206
1572878068 4.571312256
1572879311 4.557265217
1572880373 4.55932289
1572880707 4.884766096
1572881057 4.775158208
1572881390 4.699976217
1572881724 4.85332357
1572882055 4.713966416
1572882440 4.557269979
1572882775 4.831616383
1572883127 4.654837959
1572883467 4.454582414
1572967696 7.105351009
1572968355 4.528407866
1572969654 4.825884241
1572970315 4.484542226
1572970966 4.729075288
1572971627 4.636291012
1572972289 4.351293241
1572973002 4.613438103
1572973654 4.817905451
1572974303 4.53529168
1572974962 4.472700627
1572975363 4.609678953
1572975693 4.84645841
1572976065 4.864611809
1572976443 4.498901996
1572976775 4.632059684
1572977104 4.784926864
1572977468 4.542377515
1572977797 4.732106236
1572978186 4.54981618
1573209237 4.724059614
1573209908 4.725973645
1573210568 4.680599251
1573211239 4.775804574
1573211896 4.649583953
1573212544 4.918324102
1573213197 4.979957796
1573213858 4.725968888
1573214519 6.007711916
1573215179 4.676764166
1573218390 4.569707225
1573218722 5.115464788
1573306628 4.395752516
1573306950 4.392624954
1573307286 4.411454092
1573307604 4.730403902
1573307919 4.434977609
1573308240 4.410049103
1573308572 4.196838627
1573308890 4.378865765
1573309212 5.063869371
1573309541 4.439406189
1573310684 4.491747115
1573311300 4.488179007
1573311919 4.57231902
1573312617 4.572759647
1573313236 4.284592831
1573313858 4.596662075
1573314487 4.259803837
1573315102 4.606235186
1573828153 4.590959253
1573828461 4.326207203
1573828769 4.236044311
1573829074 4.134180369
1573829377 4.314334936
1573829688 4.200441068
1573830245 4.64078025
1573830553 4.256608844
1573830860 4.302260115
1573831167 4.223986514
1573902800 4.369682087
1573903111 4.477414314
1573903423 4.515458371
1573903736 4.309885914
1573904045 4.724400214
1573904353 4.320798656
1574688120 4.349260721
1574688441 3.128659959
1574692133 2.933246531
1574692447 4.050908793
1574693683 4.568634363
1574694011 4.221385978
1574694435 4.256154772
1574694759 4.008749709
1574695314 4.433325176
1574695656 4.05404305
1574695962 4.184785385
1574697278 4.166369555
1574697871 4.242389664
1574698441 4.00077426
1574699029 3.979696259
1574708901 4.505080108
1574709850 4.491932041
1574711106 4.436494967
1574950910 4.364274838
1574951285 4.101384206
1574951640 4.450826152
1574951966 4.528887719
1574952282 4.528154364
1574952678 3.939549337
1574953005 4.502354253
1574953373 4.004293979
1574953682 4.351915405
1574954028 3.987616091
1574956449 4.025146574
1574957116 4.473940226
1574957713 4.078574703
1574958296 4.386344767
1574958890 4.455766586
1574959500 4.252206159
1574960078 4.375728866
1574960664 4.426815086
1574961331 4.536717223
1574961900 4.272369241
1575028310 4.856635225
1575028620 3.818422417
1575028930 4.082899887
1575029268 3.901062455
1575029580 4.497521768
1575029891 4.295665443
1575030202 4.253159473
1575030516 4.59787537
1575030835 4.200368747
1575031162 4.006974748
1575033379 4.644204439
1575033946 4.497311476
1575034538 4.462876803
1575035110 4.321613345
1575035672 4.167224535
1575036710 4.289206998
1575037271 4.415476077
1575037829 4.309995974
1575039405 4.186170774
1575114593 4.023443389
1575114901 4.387750828
1575115211 4.42043901
1575115520 4.256630296
1575115834 4.649361545
1575116146 4.460429519
1575116456 4.335314626
1575116765 4.349840246
1575117075 4.137520472
1575117383 4.306735906
1575120665 4.258262995
1575121229 4.224313125
1575122223 4.439567757
1575122850 4.501167654
1575123408 3.99534273
1575123966 4.139264027
1575124522 4.083073478
1575125088 4.045950626
1575125654 4.231362233
1575126220 4.185807804
1575293112 4.145137931
1575293446 4.21513172
1575293785 4.406099864
1575294125 4.218417911
1575294468 5.289457669
1575294813 4.185032732
1575295215 4.393408489
1575296796 4.487688983
1575297132 4.529115599
1575297970 6.19975304
1575298545 4.188263678
1575299116 4.083066361
1575299694 4.31385023
1575300264 4.323216809
1575300882 4.312900325
1575301667 4.317012504
1575302264 4.249082011
1575386004 4.181721984
1575386317 4.25302713
1575386627 4.433083832
1575387033 4.030657162
1575387340 4.223013959
1575387650 6.310635173
1575387959 4.231611297
1575388267 4.08159369
1575388576 4.356723475
1575388878 4.238833961
1575390453 4.013140737
1575391023 4.425296344
1575391584 4.193955561
1575392398 4.122215531
1575392976 4.358781638
1575393597 4.576611354
1575394156 4.440572662
1575394723 4.254590243
1575395287 3.953917933
1575395850 4.266846352
1575558765 4.21008595
1575559076 4.020894304
1575559401 4.277127646
1575559723 4.169904024
1575560090 4.256063881
1575560420 4.174280922
1575560754 4.223283018
1575561286 4.952574201
1575561626 4.755789157
1575561985 4.552367836
1575562771 5.024877719
1575563380 6.497299399
1575564628 4.645147225
1575565208 4.387030555
1575565774 4.426326904
1575566347 4.367256112
1575566947 11.431523397
1575568275 6.043223109
1575568858 4.048797981
1579186511 4.171348458
1579186859 4.581534942
1579187868 4.590472533
1579188201 4.267001835
1579188646 4.496323446
1579189182 4.111425241
1579189517 4.108232092
1579189843 4.104455825
1579190183 4.565061751
1579190518 3.790141177
1579191305 4.228857626
1579191919 3.909183045
1579192485 4.384205802
1579193068 4.051207141
1579193654 4.480615745
1579194219 4.384511052
1579194787 4.472014624
1579195352 4.146281798
1579195943 4.388816587
1579196504 4.185751985
1579354268 4.108039675
1579354578 4.13237651
1579354886 4.108932522
1579355194 4.417484278
1579355502 4.012105526
1579355812 4.444254355
1579356120 6.181066805
1579356427 4.289507176
1579356732 4.23388382
1579357222 4.09227869
1579359709 3.955550526
1579360288 3.893752698
1579360846 4.099810069
1579361402 3.902497852
1579361957 4.231393205
1579362512 4.097594021
1579363069 4.56763729
1579363636 4.461329011
1579364202 4.406466039
1579364761 4.142004503
1574711106 4.436494967
1574708901 4.505080108
