1569850095 1.961324787
1569850095 1.961324787
1569850855 1.661471951
1569851113 1.619892997
1569851322 5.152774664
1569851665 1.656606136
1569851877 1.795260117
1569852105 1.368423971
1569852334 1.725425812
1569852567 2.31617259
1569853212 1.544598449
1569853506 1.863676782
1569853980 1.319504048
1570446898 1.43578607
1570446900 0.168339684
1570448231 1.626717855
1570542979 7.008506922
1570543219 1.159038755
1570543791 1.694629352
1570544704 1.372898768
1570544965 1.353103291
1570545164 1.537972541
1570545387 5.316155969
1571322886 1.903650277
1571324793 0.940334599
1571325205 1.033327723
1571325404 1.021585246
1571325607 0.847656681
1571325808 1.456355144
1571326005 1.404732828
1571326488 37.268626213
1571326908 1.489816758
1571327116 1.778329376
1571327324 1.320849441
1571328114 1.369108335
1571328505 1.407683943
1571328896 1.374812694
1571330655 1.207773786
1571395698 1.757042039
1571395703 4.603654824
1571395729 35.774401724
1571395777 29.805180916
1571395997 1.094870458
1571396194 1.165618471
1571396393 1.046090631
1571396789 1.400554436
1571397018 1.831384635
1571397221 1.799949301
1571397421 1.496459833
1571397617 1.111145194
1571397815 1.1703977
1571399015 0.964017818
1571401799 1.159691365
1571404867 0.206709951
1571405062 2.173394581
1571405263 1.198377853
1571405461 1.936111656
1571405692 1.312770658
1571405891 1.031838961
1571406695 10.075621094
1571407572 1.071017332
1571409113 1.179348534
1571409315 1.025860289
1571409514 0.89740641
1571409927 1.286082531
1571665046 1.416321539
1571665257 1.840576866
1571665451 1.43911408
1571665645 1.459053543
1571665840 1.474072907
1571666628 1.205276657
1571667411 1.18725724
1571668263 1.581870612
1571668661 1.368873916
1571668855 1.44895387
1571669056 1.310127698
1571752129 1.110573929
1571752327 1.490087664
1571752532 1.104822015
1571752728 1.241332651
1571752925 1.280784023
1571753121 1.024731343
1571753317 1.109066786
1571753515 1.44197604
1571753908 0.910175041
1571754417 1.199473557
1571754809 0.552788432
1571756133 1.919839648
1571757696 1.025168403
1571760266 1.151378786
1571760465 1.581763608
1571760665 1.302985706
1571760865 1.054657295
1571761277 1.199504722
1571761470 1.029009822
1571761665 1.027534242
1571762069 1.062765227
1571762490 1.918078404
1571763278 0.849414396
1571763668 1.22968221
1571764487 0.944784588
1571765659 1.158025115
1571766048 1.14581749
1572003371 1.108633644
1572003570 1.361220134
1572003766 1.408626249
1572003962 1.146964245
1572004157 1.376432259
1572004354 1.197502988
1572004550 1.469456241
1572004753 1.087379558
1572004951 1.587479493
1572005147 1.534619868
1572007376 1.31901794
1572007771 0.810848558
1572007869 1.909708226
1572010644 1.001123003
1572011034 0.887424775
1572011351 1.750273097
1572011546 1.574814906
1572011745 1.33120394
1572011940 1.234257362
1572012137 1.26346823
1572012528 1.273874159
1572012721 1.098510743
1572012916 1.33184205
1572013111 1.312566852
1572265370 1.584092695
1572265567 1.37080389
1572265767 1.403359387
1572265970 1.235799865
1572266171 1.245365066
1572266370 1.494176778
1572266769 1.255384949
1572266975 1.154070968
1572270848 1.235894848
1572272176 17.504857826
1572274221 1.705848312
1572274397 1.78992054
1572274735 1.357165439
1572274904 1.576805402
1572275073 1.926203679
1572275249 1.965543742
1572275420 1.829987306
1572275762 1.565285209
1572361386 1.295667102
1572361581 1.56841908
1572361777 1.736467819
1572361974 1.534886808
1572362365 1.324720459
1572362561 1.283564007
1572362760 1.577206809
1572362954 1.154903521
1572363734 1.372137798
1572366824 1.367231035
1572367013 1.913861387
1572367181 2.110888854
1572367351 1.827591658
1572367705 0.389604666
1572367880 0.980439063
1572368048 1.541875911
1572368380 1.480670872
1572368553 1.958444767
1572371506 0.851811961
1572532114 0.9039999
1572532122 10.75345562
1572532139 2.436204438
1572532506 1.628410415
1572532713 1.173238314
1572532983 1.548455823
1572544600 1.413292307
1572544769 1.753090478
1572544942 1.469055441
1572545118 1.467758778
1572545288 1.072429299
1572870112 1.85089608
1572870332 1.659180967
1572870516 1.363637996
1572870735 1.417797878
1572870904 1.578947353
1572881815 1.282549845
1572965493 1.928685465
1572965661 1.707372807
1572965830 1.667072561
1572965994 1.579363693
1572966166 1.613843656
1572966338 1.520693578
1572966505 1.775755711
1572966696 1.907910281
1572966867 1.919120439
1572967031 1.752862765
1572975793 2.652264365
1572976537 1.355753187
1573207141 1.406278988
1573207310 1.536742641
1573207477 1.368097659
1573207643 1.403496525
1573207816 0.465047362
1573207981 1.818958726
1573208146 1.366244164
1573208312 1.359151315
1573208480 1.270724704
1573208648 1.568538166
1573220380 1.701227059
1573220549 1.751394706
1573220718 1.539825445
1573220887 1.380207986
1573221219 1.289698397
1573221385 1.589813081
1573221556 0.610841059
1573221722 1.869762601
1573221889 1.953438312
1573222084 1.863009915
1573222250 1.724188154
1573222415 1.572187926
1573222582 1.580759529
1573222751 1.322670165
1573301233 1.587217
1573301402 1.881837269
1573301583 2.076848872
1573301767 2.055750505
1573301939 1.618711384
1573302114 1.466828861
1573302291 0.525275502
1573302459 1.648594107
1573302624 1.160918096
1573302811 1.573732706
1573303941 1.622720895
1573304104 1.541383746
1573304265 1.86945779
1573304431 1.548515323
1573304595 1.282279655
1573304758 1.998782002
1573304916 1.859843159
1573305077 1.349143571
1573305240 1.331546926
1573305399 1.253496295
1573744641 1.109600488
1573745271 1.748047177
1573745870 1.266176283
1573749076 4.416442772
1573749182 2.898187394
1573749286 3.409617838
1573752613 1.792903504
1573752830 1.868898426
1573752988 1.388524442
1573753145 1.372551097
1573753300 1.617579194
1573753459 1.365591957
1573753613 1.699459015
1573753776 1.032672035
1573753930 1.755794622
1573754752 1.836411277
1573754912 1.374957775
1573755080 1.734625763
1573755243 1.152082923
1573755401 1.956242716
1573755555 1.746946398
1573755716 1.628240513
1573755873 1.699746117
1573756030 1.530830656
1573756192 1.616198358
1573829843 1.408158634
1573831496 1.061829753
1573831655 1.01609986
1573831828 1.030447413
1573831980 1.281432609
1573832137 1.285685441
1573832296 1.282072136
1573832462 1.90148543
1573832615 1.223706664
1573832771 1.55902608
1573832926 1.155131383
1573832927 0.030525528
1573833124 2.011475733
1573833287 1.030073906
1573833443 1.480076862
1573833603 1.119453901
1573833765 1.571027392
1573901135 1.585886502
1573901290 1.019877436
1573901445 1.828993312
1573901608 1.711327216
1573901762 1.987663987
1573901916 1.493615253
1573902073 1.31918039
1573902229 1.716078285
1573902386 1.474912304
1573902544 1.723907574
1573902886 2.099061857
1574685881 1.744949654
1574686066 2.012225077
1574686222 1.76857897
1574686386 2.045162285
1574686543 1.600150889
1574686707 1.703812968
1574686873 2.140663901
1574687062 3.792183586
1574687236 1.709664263
1574687401 1.376622071
1574688526 1.124835609
1574689758 1.322284517
1574689944 1.756814912
1574690117 1.306158662
1574690282 1.529700463
1574690453 1.793563475
1574690623 1.637458708
1574690783 1.53344414
1574690952 1.91712327
1574691132 1.682984763
1574691306 1.716413532
1574692538 1.975240255
1574693768 1.530707383
1574694533 3.120649397
1574694961 1.49779192
1574695398 1.324030191
1574697351 1.22162484
1574698514 1.499178499
1574699102 1.567727847
1574706970 14.945972329
1574707168 1.750135403
1574950996 1.540213724
1574954113 1.373940542
1574954278 1.587125309
1574954445 1.867150751
1574954617 1.92761736
1574954803 1.412670385
1574954961 1.583469117
1574955120 1.756960681
1574955377 1.806055752
1574955538 1.649112478
1574955699 1.571601987
1574956524 1.544835187
1574957194 1.363009004
1574958371 1.579177288
1574959574 0.936559813
1574960151 1.329087721
1575026608 2.051158545
1575026770 1.651772982
1575026929 2.240041806
1575027093 2.0401493
1575027255 1.795742532
1575027420 1.669886548
1575027582 3.615637682
1575027740 1.732728513
1575027907 1.904962519
1575028063 1.440198434
1575029978 1.281144777
1575030288 1.200384122
1575030938 2.392727883
1575031248 1.788023718
1575034020 1.605415598
1575034612 1.367225986
1575036784 1.484493004
1575039479 1.376681589
1575112922 1.592820383
1575113087 1.88027914
1575113246 1.615780281
1575113405 1.491572338
1575113565 1.726788231
1575113722 1.825842083
1575113879 1.577512676
1575114037 1.616068132
1575114204 1.910758182
1575114360 1.670068817
1575115296 1.412057889
1575115921 1.108459593
1575116231 1.276227683
1575117467 1.955824247
1575121302 1.611944507
1575122304 2.330440937
1575124595 1.564849501
1575125160 1.332103434
1575128439 356.006517673
1575289853 1.927869765
1575290022 3.498238387
1575290206 2.34779472
1575290376 2.07179331
1575290544 1.774045646
1575290721 1.365951105
1575290884 1.238880529
1575291041 2.302106009
1575291204 1.629675641
1575291367 1.792320172
1575293873 1.486683836
1575295302 1.43907027
1575298622 1.543449423
1575299772 1.320610279
1575384255 1.451380703
1575384415 1.668887043
1575384573 1.660754056
1575384738 1.883240467
1575384893 1.866112673
1575385054 1.60834232
1575385375 1.843474326
1575385538 1.615459135
1575385695 1.264399702
1575386089 1.404641385
1575386713 1.406276978
1575387426 1.115599718
1575387737 1.205981383
1575388352 1.718226026
1575388661 2.317020679
1575389961 1.071243134
1575392471 0.844269747
1575395928 0.89103945
1575473306 1.528479443
1575474217 2.351106894
1575554442 5.8866099
1575556635 1.740954062
1575556800 1.548926419
1575556970 1.745362619
1575557153 1.747263997
1575557325 1.87862268
1575557506 1.792187396
1575557686 1.954912149
1575557856 1.873053246
1575558316 1.485735633
1575558499 1.882035929
1575558850 1.281632462
1575560842 1.715639505
1575561715 1.523399147
1575565282 4.90382282
1575565849 1.790139243
1575567027 1.747875948
1575568349 1.726926931
1575568931 1.800278002
1579183930 1.731402105
1579184134 2.077810965
1579184849 1.586239583
1579185012 1.751982317
1579185174 1.660940383
1579185350 1.546969572
1579185528 1.407857344
1579185705 1.991170435
1579185888 1.783893202
1579186075 2.087138209
1579186247 1.318158016
1579188287 1.248273553
1579188933 4.784465378
1579188943 5.297074442
1579189267 1.67660975
1579195427 1.419238539
1579196577 1.440342184
1579351870 1.738085931
1579352030 1.924758251
1579352191 1.369237977
1579352353 1.359017795
1579352518 1.53935294
1579352677 1.729038443
1579352837 1.580500819
1579353001 1.49250637
1579353164 1.567129543
1579354029 18.465184211
1579354975 1.494915882
1579356817 1.296121197
1579357296 35.248484671
1579359224 2.389932002
1579360361 1.572806435
1579360920 1.403739155
1579363712 1.113200006
1579522951 1.918377481
1579523154 1.94426736
1579523348 1.656331361
1579523511 1.659464949
1579523688 1.279064563
1579523866 1.893810055
1579524052 1.887971347
1579524237 1.400212363
1579524406 1.398002388
1579524572 1.666891388
1579524966 1.403823927
1579529073 1.440888223
1579530101 1.116501619
1579531418 1.48019557
1579535126 1.325447796
1579537585 1.278416154
1580215436 1.795931189
1580215602 1.924996999
1580215763 1.90059759
1580215923 1.660780761
1580216081 1.401259939
1580216083 0.511687632
1580216246 1.587441154
1580216405 1.746960022
1580216566 1.539980617
1580216730 2.006421193
1580216911 1.766019061
1580219469 1.901814791
1580222827 2.18457551
1580223131 1.310230926
1580224643 1.363271217
1580227509 1.373047268
1580228095 2.004296285
1580229218 1.441418861
1580304816 1.636203032
1580304976 1.442832878
1580305137 1.79652295
1580305299 1.490950833
1580305480 1.314568039
1580305644 1.584234973
1580305803 1.882725007
1580305959 2.096071216
1580306117 2.134617402
1580306279 1.783515537
1580306724 1.715121583
1580308537 1.370212869
1580310424 1.111366781
1580311051 1.521775196
1580311671 1.198602245
1580312045 1.544499935
1580313222 1.272754261
1580314101 1.586144984
1580316434 1.044814932
1580317132 10.583566625
1581935316 1.426015498
1581935475 1.765025856
1581935640 2.094097165
1581935804 2.269783371
1581935968 1.298034612
1581936141 1.401027167
1581936310 2.103490157
1581936474 1.418966214
1581936634 1.645835689
1581936807 1.589294282
1581947724 4.045285435
1582026833 0.380481907
1582026994 1.580691364
1582027152 1.314826513
1582027321 1.488593576
1582027511 1.974347412
1582027734 1.243409215
1582027897 1.744349239
1582028069 2.039142279
1582028235 1.778003113
1582028403 1.823192088
1582028572 2.008033473
1582028737 1.913242354
1582031480 1.822457791
1582033072 1.614729829
1582035145 264.344213224
1582036619 1.800972577
1582037824 1.938632652
1582041924 1.349650791
1582113212 1.506764855
1582113376 1.65912267
1582113543 1.61526168
1582113705 1.672595425
1582113883 1.537845128
1582114047 1.756740316
1582114210 1.97208531
1582114376 1.907594114
1582114538 1.7698206
1582114703 1.319975053
1582114865 1.792250116
1582115033 1.704481086
1582115195 1.882681421
1582115362 1.771188296
1582115524 1.366367211
1582115688 1.456686939
1582115850 1.706458457
1582116014 10.183400251
1582116239 1.656586157
1582116412 1.482245937
1582116587 1.635640822
1582116750 1.55992751
1582119072 1.290233627
1582119240 1.495452368
1582119410 0.391265939
1582119588 1.19613221
1582119756 2.004139891
1582119924 1.45358347
1582120097 2.000531378
1582120268 1.546915535
1582120985 2.21985137
1582121155 1.581624981
1582121397 1.660083962
1582125085 4.904334011
1582125302 0.768405294
1582125756 5.420350465
1582125950 1.717034082
1582126119 2.004298456
1582126278 1.448244877
1582126444 1.342888889
1582126610 1.922844122
1582126775 1.462712629
1582126937 1.443456226
1582126939 0.263752
1582127096 2.08422363
1582127263 2.011368053
1582127432 1.368507812
1582127596 1.911530878
1582127761 1.655926349
1582127922 1.835032275
1582128089 1.281739837
1582128249 1.29415203
1582128430 2.042218712
1582128590 2.084854697
1582128756 1.911414217
1582128922 1.761565216
1582129092 1.562515633
1582129412 1.575710826
1582129576 1.884835725
1582129736 1.268294763
1582185178 1.719087024
1582185382 1.938250309
1582186077 1.570852235
1582186231 1.327830214
1582186970 1.329249888
1582186971 0.04197178
1582187930 1.408128256
1582188090 1.621101263
1582188251 1.458030634
1582188407 1.951305926
1582191903 1.958208737
1582192192 1.198286253
1582193362 1.352874298
1582193863 1.278863766
1582194024 1.21004395
1582194185 1.957973176
1582194347 2.010224486
1582194509 1.516163907
1582194671 1.592013788
1582194838 1.346794247
1582195000 1.237708411
1582195160 1.756919106
1582195321 1.742271508
1582195818 1.232041564
1582195976 0.640859418
1582196136 1.203956434
1582196294 1.674193629
1582196454 1.716589975
1582196612 1.67033473
1582196770 1.965765678
1582196930 2.148319125
1582197099 1.617901929
1582197256 1.590477073
1582197416 2.01537383
1582197592 1.544128902
1582197750 1.520861263
1582197909 1.721775536
1582198067 1.966581698
1582198228 1.80042306
1582198383 1.268381016
1582198666 1.488348995
1582199015 1.917393227
1582199178 1.759724727
1582387442 2.936145192
1582387629 16.251278875
1582631302 19.842112651
1582631483 1.328146976
1582631639 1.235768273
1582631796 1.104256251
1582631952 1.747641952
1582632110 1.28625565
1582632267 1.066022354
1582632431 1.161875055
1582632590 1.449690698
1582632754 1.226579197
1582632755 0.253711857
1582632755 0.675659785
1582632913 1.489272662
1582634850 0.697851408
1582635984 1.524905543
1582636556 1.813952389
1582636849 3.125278636
1582637150 2.947229374
1582637443 5.642800895
1582637738 1.870689225
1582638869 10.989718241
1582642828 2.318878453
1582643394 1.916987703
1582884448 1.795420039
1582884630 1.628687405
1582884794 2.073974697
1582884959 1.291218594
1582885125 1.310174331
1582885126 0.086528344
1582885126 0.590253794
1582885288 2.13479619
1582885447 1.4154146
1582885610 0.435932623
1582885771 1.748971357
1582885932 1.924274301
1582886097 0.601803983
1582889059 0.165716436
1582898575 0.800896993
1574707168 1.750135403
