1569849918 4.248274231
1569850122 4.035676726
1569849918 4.248274231
1569850122 4.035676726
1569850934 2.526807704
1569851141 4.295380155
1569851487 4.512624193
1569851698 3.852996314
1569851927 4.107204357
1569852158 2.877319211
1569852395 4.044119807
1569852611 4.020900829
1569853002 4.029862963
1569853314 3.946256377
1569853552 6.47303373
1569854195 4.112719198
1569855153 3.891788202
1569855600 4.527630309
1570446926 4.106174404
1570448018 3.920485794
1570448745 3.929522001
1570449214 3.776453139
1570543040 4.252039604
1570543400 3.936055538
1570543604 4.041638591
1570544533 4.250275769
1570544735 2.006230661
1570544994 3.879604249
1570545199 4.160702445
1571322912 4.227706668
1571323234 4.266609302
1571323627 3.821967134
1571324029 4.155188414
1571324429 3.978233756
1571325035 4.306528371
1571325232 4.015189288
1571325431 3.992979932
1571325635 4.109095835
1571325834 3.868021711
1571326034 4.135597939
1571326725 4.129515932
1571326938 3.889117477
1571327145 4.118567664
1571327359 4.129385091
1571327750 3.977841192
1571328141 3.971579845
1571328531 4.182646631
1571328923 4.305206337
1571329315 4.013194482
1571329907 3.886818076
1574707036 2.7260691
