1569849895 61.005917635
1569850097 62.699653674
1569849895 60.751144386
1569850097 62.699653674
1569850857 116.39724665
1569851114 65.006991239
1569851450 77.911546074
1569851667 68.405837131
1569851879 86.14117106
1569852107 87.867186805
1569852336 95.669435709
1569852570 79.196460371
1569852961 79.37394805
1569853214 137.535884138
1569853507 84.230790218
1569853981 251.902935605
1569855125 80.615547206
1569855564 74.503540396
1570446900 62.678034958
1570447993 61.769709244
1570448704 77.803476277
1570449188 65.447495848
1570449614 102.159821313
1570542986 91.925092653
1570543220 219.478574283
1570543577 63.425914935
1570543793 777.188056055
1570544705 68.339404711
1570544967 64.019425424
1570545166 74.191560642
1571322888 61.383439738
1571323089 182.624984179
1571323601 62.970344529
1571324004 61.920004562
1571324402 63.943670926
1571324794 277.896649815
1571325206 62.819202774
1571325406 62.176034214
1571325608 64.499369418
1571325809 61.589761388
1571326006 65.353725333
1571326534 228.149566052
1571326909 65.579465421
1571327118 64.487686045
1571327326 70.814710221
1571327725 62.114414447
1571328115 61.98472489
1571328507 61.95515241
1571328897 62.697689886
1571329290 61.294020128
1571329678 265.653919658
1574710596 46.847733796
1574707016 47.762312019
1574708658 69.237324102
