1569849936 5.815718942
1569850140 5.900895451
1569849936 5.815718942
1569850140 5.900895451
1569850951 8.780523047
1569851159 6.795424885
1569851509 5.793651103
1569851716 5.775407387
1569851945 6.001053388
1569852175 5.843589654
1569852413 5.738084093
1569852630 5.80316612
1569853020 5.85141875
1569853332 5.672811771
1569853572 5.796991607
1569854213 5.811676598
1569855172 5.990574859
1569855619 6.577142264
1570446944 5.767529906
1570448036 5.759862798
1570448763 5.939007601
1570449232 6.034088276
1570449661 6.715959168
1570543058 6.100559037
1570543417 7.9202906
1570543621 5.932188521
1570544551 5.817355143
1570545011 5.729553123
1570545222 4.843636771
1571322930 5.763161254
1571323252 5.959555364
1571323645 5.765328395
1571324047 5.764545204
1571324447 5.762167169
1571325053 5.980193701
1571325249 5.810392811
1571325449 5.848027129
1571325653 5.801184851
1571325852 5.811052777
1571326052 6.088542793
1571326743 5.89639781
1571326955 5.88162982
1571327163 5.810207846
1571327377 6.085442441
1571327767 5.803848783
1571328158 5.85164203
1571328549 5.981801306
1571328940 6.038308191
1571329332 5.850127047
1571329925 5.819867062
1574710628 4.21959898
1574707049 4.456584766
1574708712 4.312451258
