1569850092 2.688641012
1569850092 2.688641012
1569850852 1.978720816
1569851110 2.051660132
1569851319 2.72754742
1569851662 2.413564135
1569851875 2.562445802
1569852103 1.880339475
1569852332 2.384461625
1569852565 2.847759542
1569853210 2.311052637
1569853503 2.737152609
1569853977 2.284998327
1569855003 2.174940568
1569855560 2.264864958
1570446697 199.987323954
1570447398 2.29477324
1570447950 4.386758883
1570449184 2.126646318
1570449610 2.30906898
1570543216 2.003582892
1570543574 1.506565586
1570543789 2.987412467
1570544702 1.796241728
1570544963 1.74035281
1570545162 1.921193698
1570545385 1.954510568
1571322773 112.776156962
1571323085 1.598405608
1571323597 2.28000185
1571324000 2.21507203
1571324397 2.13957358
1571324790 2.088464371
1571325202 1.708420714
1571325402 1.471742476
1571325604 1.79671604
1571325805 1.841669374
1571326002 1.686017625
1571326905 1.722486136
1571327113 1.754537456
1571327320 3.449957679
1571327720 2.372390365
1571328111 2.263584706
1571328502 2.356227887
1571328893 2.307971623
1571329286 2.020872461
1571329674 2.281576946
1571330652 2.25218727
1571395651 36.799895685
1571395691 6.919842851
1571395994 1.844607559
1571396191 1.916575693
1571396390 1.750103848
1571396587 1.756208436
1571396787 1.613363421
1571397016 1.915190071
1571397219 1.837136821
1571397418 1.909923035
1571397615 1.783781954
1571397813 1.955614267
1571398224 2.213328651
1571398620 2.179766676
1571399012 2.258659313
1571399404 2.173801108
1571399795 2.232135726
1571400192 2.166941993
1571400613 2.050138783
1571401014 2.293155374
1571401406 2.217025377
1571401796 2.219056086
1571405060 1.80951753
1571405260 1.154516537
1571405459 2.408705278
1571405690 1.876187481
1571405889 1.709313257
1571407176 2.217569531
1571407569 2.351562506
1571407959 2.215785898
1571408349 2.207831572
1571408741 2.221034586
1571409110 1.802305431
1571409312 1.761613378
1571409511 1.795516948
1571409727 1.606898349
1571409925 1.998479292
1571664531 4.799884427
1571665044 1.756561248
1571665254 1.90304062
1571665448 1.828204787
1571665643 1.725113536
1571665838 1.469989611
1571666233 1.962878384
1571666625 2.359400267
1571667017 2.367059266
1571667408 2.308258737
1571667853 2.178610586
1571668261 1.874488767
1571668454 1.763802612
1571668659 1.823508071
1571668853 1.799887655
1571669053 1.651926221
1571669504 2.261511486
1571669897 2.177522387
1571752127 1.653367482
1571752324 1.900263096
1571752529 1.542856006
1571752726 1.74494696
1571752922 1.666549772
1571753119 1.492057762
1571753315 1.664736762
1571753513 1.584494921
1571753709 1.716763748
1571753905 1.788100914
1571754414 2.305853727
1571754805 2.3444071
1571755208 2.144783787
1571755610 2.221043176
1571756046 2.216658468
1571756838 2.259936445
1571757275 3.785872327
1571757693 2.274312573
1571758091 2.16852498
1571758481 2.152485953
1571758878 2.28526203
1571760264 1.823305507
1571760462 1.824909212
1571760663 1.653609289
1571760863 1.639563217
1571761061 1.833188339
1571761274 1.770000093
1571761467 1.871221588
1571761662 1.750896446
1571761859 3.660090153
1571762067 1.709100395
1571762090 7.652027225
1571762884 2.267748857
1571763274 2.168408234
1571763665 2.386954533
1571764070 2.116023149
1571764483 2.349513402
1571764875 2.225155848
1571765264 2.271930736
1571765656 2.256911468
1571766045 2.34958984
1571767013 1.999531717
1572003369 1.722231859
1572003567 1.793903771
1572003764 1.867997802
1572003960 1.800617455
1572004155 1.531171522
1572004351 1.607717684
1572004548 1.718473917
1572004751 1.598841296
1572004949 1.791564835
1572005145 1.854889897
1572006773 2.396206522
1572006955 2.173218188
1572007373 2.357005851
1572007768 2.226039822
1572008277 2.13838748
1572008678 2.326269137
1572009075 2.143282487
1572009463 2.307635073
1572009853 1.914198333
1572010244 2.18138756
1572010641 2.207429676
1572011031 2.269126392
1572011348 1.865389214
1572011543 1.617030013
1572011743 1.665773653
1572011937 1.664087377
1572012134 1.755085612
1572012330 1.67230727
1572012526 1.83606093
1572012719 1.565252454
1572012914 1.522702405
1572013109 1.362100505
1572013594 2.270281089
1572013987 2.314459745
1572014379 2.157675747
1572014768 2.245713763
1572015158 2.344999096
1572265168 1.241325302
1572265368 1.487755466
1572265565 1.738595362
1572265764 1.789713635
1572265967 1.711611591
1572266168 1.749617068
1572266368 1.432326957
1572266566 1.78001642
1572266766 1.626523087
1572266973 1.422447853
1572268323 2.127511914
1572269234 2.222706392
1572269641 2.175515909
1572270058 2.182436296
1572270454 2.214273332
1572270845 2.391970787
1572271372 2.282050903
1572272543 1.601890458
1572272879 1.741633327
1572273213 1.748077664
1572273558 1.790189501
1572273893 1.842356243
1572274219 1.435203419
1572274395 1.448009967
1572274560 1.667809311
1572274733 1.315687324
1572274902 1.284418597
1572275071 1.707348922
1572275247 1.521459788
1572275586 8.138849926
1572275760 1.332623146
1572276314 1.95119735
1572276654 1.78324214
1572276984 1.7959042
1572277315 1.827652376
1572277650 1.723017454
1572278009 1.582461983
1572278341 1.879353285
1572278672 1.753118298
1572361383 1.622144671
1572361579 1.801977007
1572361775 1.71817013
1572361972 1.800698552
1572362167 1.199849934
1572362363 1.625959131
1572362558 1.672227526
1572362758 1.795432487
1572362952 1.799520638
1572363151 1.695281315
1572363731 1.8647439
1572364061 1.832150524
1572364392 1.802521691
1572364724 1.84014964
1572365066 1.821089789
1572365396 1.845526964
1572365774 1.792709031
1572366155 1.580286354
1572366488 1.906979934
1572366821 1.925185891
1572367011 1.671970231
1572367179 1.671404313
1572367348 1.870713144
1572367516 2.097889985
1572367702 1.614258615
1572367878 1.576016113
1572368046 1.923279218
1572368213 3.183593805
1572368378 1.585714943
1572368552 1.620885975
1572369850 1.742755461
1572370179 1.837610733
1572370511 1.923962212
1572370842 1.897337033
1572371171 1.87701217
1572371503 1.835425509
1572371834 1.624514319
1572372163 1.837432709
1572372492 1.832108201
1572372825 1.820392939
1572532503 1.680559279
1572532710 1.666558368
1572532981 1.910404813
1572533837 1.663606891
1572534191 1.824798819
1572534538 1.800406228
1572534870 1.84472653
1572535218 1.876948437
1572535549 1.766927521
1572535883 1.840794426
1572536214 1.792032227
1572536577 1.825234111
1572536914 1.615180498
1572537836 1.791909194
1572538489 1.698943316
1572539145 1.790491055
1572539798 1.809014081
1572540453 1.745935739
1572541357 1.81810491
1572542006 1.909794311
1572542654 1.847390736
1572543299 1.805329505
1572543972 1.876075339
1572544599 0.934989136
1572544767 1.206195901
1572544940 1.613960255
1572545116 1.593428155
1572545286 1.526292261
1572870110 1.631902011
1572870330 1.643616949
1572870514 1.618808834
1572870733 1.6582612
1572870902 1.799956595
1572871722 1.495251158
1572872370 1.76200533
1572873051 1.709388456
1572873702 1.93186272
1572874372 1.762317192
1572875424 1.953374321
1572876330 1.801554604
1572877503 1.786787502
1572878177 1.930152568
1572879401 1.932856604
1572880033 1.884139663
1572880461 1.970609191
1572880799 1.953732114
1572881146 1.860845385
1572881478 1.875798935
1572881813 1.96542906
1572882143 1.84622076
1572882534 1.729628789
1572882864 1.796046931
1572883223 1.561303857
1572883559 1.836373123
1572965491 1.819592366
1572965659 1.787325821
1572965828 1.706545031
1572965992 1.841065013
1572966164 1.40594625
1572966336 1.4892231
1572966503 1.771085349
1572966694 1.491669397
1572966865 1.66813429
1572967029 1.792201523
1572967791 1.848650318
1572968779 2.082966398
1572969748 1.793847684
1572970408 1.789018599
1572971059 1.681619499
1572971719 1.876556204
1572972380 1.833341168
1572973092 2.002995606
1572973746 1.88377015
1572974396 1.823869107
1572975052 1.82981632
1572975451 1.841805427
1572976153 1.868427218
1572976532 4.444657789
1572976862 1.84737939
1572977194 1.807155283
1572977556 1.844007479
1572977885 1.89909103
1572978274 1.883572129
1573207139 1.635319831
1573207308 1.412218664
1573207474 1.527839432
1573207641 1.488144711
1573207812 1.795925881
1573207979 1.69216367
1573208144 1.538262718
1573208310 1.392766011
1573208477 1.562879584
1573208646 1.591022236
1573209332 1.77552567
1573209999 1.919932888
1573210662 1.886132568
1573211331 1.749106127
1573211987 1.795958695
1573212636 1.824380916
1573213289 1.760865021
1573213955 1.838860193
1573214613 1.883215049
1573215274 1.615437806
1573218478 1.696450406
1573218812 1.801074369
1573218993 1.800198781
1573220378 1.669604789
1573220547 1.443423628
1573220716 1.58245193
1573220884 1.570300525
1573221051 1.263300799
1573221217 1.363486698
1573221383 1.489841758
1573221552 1.667483503
1573221720 1.53904928
1573221887 1.588794012
1573222081 1.777245665
1573222248 1.795891717
1573222413 1.533970332
1573222580 1.319672426
1573222748 1.613258303
1573301231 1.508661033
1573301400 1.730697617
1573301581 1.976138331
1573301765 1.780900276
1573301937 1.464283556
1573302112 1.662762564
1573302288 1.499447371
1573302622 1.443252743
1573302809 1.256170492
1573303422 1.744461624
1573303940 1.657135641
1573304103 1.460749871
1573304263 1.412010639
1573304429 1.233247869
1573304593 1.336422397
1573304756 1.579477055
1573304914 1.622699035
1573305075 1.361148213
1573305238 1.619109349
1573305397 1.578984822
1573306711 1.661053518
1573307035 1.792640046
1573307371 1.574955328
1573307688 1.84304107
1573308009 1.796692667
1573308323 1.618920375
1573308655 1.517959017
1573308975 1.69198104
1573309297 1.515216609
1573309626 1.760105048
1573310771 1.581449888
1573311387 1.876682324
1573312005 2.007110253
1573312703 1.53107188
1573313324 1.715931849
1573313946 1.538264322
1573314573 1.632646136
1573315265 1.795405757
1573741904 1.587457052
1573742022 1.879040938
1573743655 1.565525054
1573743756 1.712170773
1573743854 1.794717511
1573743954 1.492160762
1573744052 1.70047629
1573744148 1.455170556
1573744247 1.619245926
1573744344 1.623592934
1573744436 1.60132856
1573744531 1.7734588
1573744638 1.668612488
1573744736 1.671726493
1573744852 1.848752949
1573744988 1.739422921
1573745085 1.768256152
1573745269 1.778390039
1573745365 1.660955106
1573745468 1.505472045
1573745565 1.615960308
1573745667 1.742794996
1573745764 1.535961927
1573745868 1.676153271
1573745965 1.769217523
1573746062 1.80574192
1573746163 1.679946443
1573746261 1.70368009
1573746361 1.565716477
1573746462 1.452641401
1573746559 1.740358571
1573746654 1.87735317
1573748975 1.663738988
1573749177 6.467332402
1573749284 1.620301233
1573749382 1.740126387
1573749517 1.570179806
1573749616 2.202623475
1573749716 1.664023283
1573749815 1.704559752
1573749911 1.866632178
1573752611 1.785855262
1573752828 1.8366251
1573752986 1.655134969
1573753143 1.376433256
1573753298 1.78936887
1573753456 1.997518155
1573753612 1.654586289
1573753773 1.581795764
1573753928 1.576621116
1573754750 1.606463435
1573754910 1.748423629
1573755078 1.326997249
1573755241 1.330207321
1573755399 1.71434893
1573755553 1.45224847
1573755715 1.201217484
1573755872 1.463945238
1573756028 1.176359715
1573756190 1.577564579
1573828236 1.492678625
1573828544 1.705158878
1573828851 1.46869299
1573829155 1.627249613
1573829460 1.78040057
1573829840 1.706087104
1573830328 1.489071317
1573830637 1.780618658
1573830943 1.607272537
1573831248 1.371514158
1573831494 1.571762074
1573831653 1.518779222
1573831826 1.574146194
1573831978 1.567131555
1573832135 1.395590483
1573832294 1.459783047
1573832460 1.753979632
1573832613 1.668223391
1573832769 1.446321746
1573832924 1.617305632
1573833122 1.627367068
1573833285 1.690990772
1573833441 1.806254938
1573833601 1.593287723
1573833763 1.915356184
1573901132 1.836310106
1573901288 1.487716139
1573901443 1.779199564
1573901607 1.753015087
1573901760 1.581898282
1573901914 1.37377477
1573902071 1.65623803
1573902227 1.439095196
1573902384 1.139638168
1573902542 1.659803942
1573902882 4.214796546
1573903195 1.559009268
1573903509 1.543893556
1573903818 1.772843208
1573904128 1.738956983
1573904436 1.377394706
1573904624 2.226908855
1574685879 1.860852061
1574686064 1.963053729
1574686221 1.704620512
1574686384 1.948496352
1574686541 1.769225721
1574686706 1.677189252
1574686871 1.832439418
1574687060 2.185588236
1574687234 1.642710898
1574687398 1.669219383
1574688207 1.706382686
1574688524 1.984798365
1574689352 1.956582691
1574689756 1.323882608
1574689942 1.999334557
1574690115 1.708202066
1574690280 1.68228213
1574690451 1.88732172
1574690621 1.602211189
1574690781 1.671862716
1574690950 1.957332377
1574691130 1.750515485
1574691305 1.633165448
1574692219 1.747308364
1574692536 1.920957841
1574693448 1.804571912
1574693766 1.68217115
1574694096 1.612793702
1574694529 3.453750885
1574694842 1.705302936
1574694958 2.352726407
1574695395 1.780708816
1574695738 1.675426357
1574696047 1.663050857
1574696773 1.735634602
1574697349 1.744095239
1574697943 1.716956428
1574698512 1.877081908
1574699100 1.701923494
1574706729 1.550663682
1574706966 2.603549145
1574707167 1.459338783
1574707363 1.904275797
1574708329 1.747441264
1574708452 1.715052633
1574708626 1.491281265
1574708984 1.958813451
1574709198 1.83609802
1574709937 1.524087039
1574710540 1.751719153
1574711193 1.747608763
1574711193 1.747608763
1574707167 1.459338783
1574708984 1.958813451
