1569850038 3.403935058
1569850243 3.377583968
1569850038 3.403935058
1569850243 3.377583968
1569850800 2.98425059
1569851056 3.470127372
1569851262 3.52430021
1569851611 3.294486669
1569851824 3.435600265
1569852053 3.363949015
1569852278 3.366650063
1569852515 3.331293364
1569853443 3.192662056
1570543162 3.231290298
1570543524 3.373702003
1570543734 3.159259075
1570544651 3.10865826
1570544910 3.243319092
1570545111 3.448917244
1570545328 3.321760245
1571323035 3.175970954
1571325153 3.164764842
1571325349 3.189235367
1571325555 3.196603875
1571325755 3.169493862
1571325951 3.075657885
1571326160 3.544948749
1571326843 3.327739925
1571327059 3.119592393
1571327268 3.078843732
