1569854592 210.730812822
1571330269 193.480997348
1571766625 196.119738055
1571767408 194.723996895
1572537509 162.973812054
1572538166 159.794405657
1572538826 159.843288821
1572539479 159.493870786
1572540126 160.681740303
1572541031 161.046343249
1572541685 159.20051777
1572542333 160.349092804
1572542981 159.196343082
1572543645 167.212799899
1572871400 159.160145985
1572872050 160.185119609
1572872727 164.924659778
1572873380 159.112272545
1572874033 164.218477689
1572875095 167.206187304
1572875956 161.041751838
1572877182 160.575570174
1572877831 165.799980653
1572879076 160.220148127
1572967467 160.174885956
1572968123 162.160503059
1572969425 159.220492122
1572970086 159.803609416
1572970736 159.819678907
1572971390 168.793948552
1572972051 168.44885133
1572972709 159.339161813
1572973425 159.923001475
1572974075 159.048314065
1572974726 165.153375218
1573209010 158.860751585
1573209665 173.915354392
1573210339 160.305001516
1573211008 159.739690801
1573211666 160.965073279
1573212315 159.404814902
1573212966 161.788723281
1573213616 160.479396576
1573214289 160.798020021
1573214947 160.843097835
1573310460 153.61096611
1573311080 152.546705677
1573311695 148.497135627
1573312401 149.012103692
1573313012 156.37986991
1573313638 153.788695384
1573314270 148.787905444
1573314883 149.876379477
1574696492 147.257473352
1574697072 146.674625889
1574697663 147.712038295
1574698237 146.119703734
1574698821 149.075321994
1574709608 175.767758664
1574710895 146.967824582
1574956245 145.572975887
1574956907 146.74942763
1574957508 146.863245072
1574958088 148.941605997
1574958683 147.21023588
1574959268 171.958718668
1574959871 147.570846161
1574960450 146.029734341
1574961060 145.875774251
1574961696 145.739794479
1575033171 147.93171257
1575033739 147.596612867
1575034329 147.240148472
1575034901 151.462272887
1575035467 147.07484326
1575036505 146.593765379
1575037067 145.492920109
1575037625 146.257001497
1575038627 147.512630584
1575039197 148.358859016
1575120460 145.564563338
1575121023 147.715677683
1575122002 162.375834563
1575122646 145.537968469
1575123203 146.102677243
1575123762 145.327965821
1575124319 145.065614578
1575124886 144.428323207
1575125444 150.409122802
1575126013 147.556069949
1575297762 150.385836462
1575298339 146.434861945
1575298907 148.134347796
1575299486 149.014996984
1575300058 148.410985168
1575300676 147.516821556
1575302059 146.56276989
1575390247 146.006662451
1575390814 149.371958651
1575391380 145.854564921
1575391945 146.29487078
1575392754 147.683779828
1575393391 147.059632698
1575393950 147.502916312
1575394517 146.655231382
1575395081 146.413942467
1575395644 146.84810148
1575562478 235.309597321
1575563176 146.256836529
1575563825 146.550231552
1575564421 147.002376737
1575565004 146.332341475
1575565568 146.754484687
1575566142 147.462751243
1575566724 164.764083213
1575568044 171.321397168
1575568650 149.766239811
1579191099 146.619393773
1579191711 146.938782063
1579192276 148.502423701
1579192857 152.760273945
1579193425 170.787729196
1579194012 147.396018937
1579194581 146.383234434
1579195146 148.260300997
1579195736 147.492631013
1579196299 146.4272298
1579359504 146.337623787
1579360082 146.611113318
1579360642 146.10188127
1579361198 146.045187876
1579361753 146.392521276
1579362308 147.213811254
1579362863 148.393913301
1579363430 147.346055889
1579363998 145.831288908
1579364556 146.744590514
1574710895 146.967824582
