1570448782 11.243244413
1570449254 11.100039269
1571324066 11.37409361
1571324466 11.464018489
1571327787 11.672649004
1571328569 11.381602998
1571328960 11.097019768
1571398688 11.098735353
1571399079 11.027635543
1571399470 11.533004754
1571400260 11.278332864
1571401081 11.054516566
1571401473 11.230309511
1571406853 11.378894456
1571407636 11.19205661
1571408418 11.018615911
1571666300 11.428947812
1571667085 11.173399638
1571667521 11.505429981
1571669174 10.881270383
1571669573 11.152747896
1571754481 11.059780077
1571754874 11.188366681
1571755277 13.036222536
1571758159 11.420199696
1571758549 11.246353019
1571762164 11.225330151
1571762564 7.093412754
1571763341 11.596052965
1571763733 11.242361281
1571764550 11.115996527
1571765722 11.106665405
1571766299 10.915923197
1571767082 11.15413816
1572007440 11.232259986
1572007933 14.153057002
1572009141 11.230192295
1572009921 11.180486442
1572013270 11.410972859
1572014055 11.270429968
1572268116 11.341275954
1572268887 10.570291881
1572269719 10.880791903
1572270914 12.309957945
1572272270 10.554578402
1572272601 10.60458541
1572276710 10.48394052
1572277041 10.3879611
1572277371 12.855694201
1572278065 11.019749904
1572363458 10.510739286
1572364117 10.636758647
1572364780 10.976132961
1572365122 10.260151195
1572533555 10.691280696
1572534247 10.679577836
1572534926 10.268257067
1572535605 10.326613163
1572538549 13.808070236
1572541414 10.536696407
1572542710 10.340418824
1572543357 5.289580366
1572871778 10.499627307
1572874820 10.383039899
1572877560 10.717816407
1572881202 11.855452915
1572881869 10.559354571
1572969151 10.343156061
1572969813 10.348155311
1572971778 10.342941611
1572973150 10.789640191
1572974452 10.587362913
1572975182 7.229795888
1572975863 22.209137174
1573208738 10.465574482
1573214670 10.435884607
1573308062 10.291532371
1573308376 9.951737163
1573310825 10.591346425
1573311440 11.15622619
1573312756 10.366512828
1573313378 10.44978338
1573828598 10.083098536
1573829208 10.41656461
1573830689 9.948424002
1573902938 10.161159001
1573903871 10.132666813
1574689250 10.324459536
1574695142 9.830353661
1574708031 10.715869334
1574951788 10.671199744
1574953203 10.426798262
1574953838 10.007706324
1575028138 10.071051269
1575029715 10.80594659
1575030342 11.277147267
1575292935 12.135883447
1575294628 10.157190337
1575388709 10.411264518
1575474401 9.883136665
1579189004 10.149219254
1579189666 11.509532008
1579355024 9.94582706
1579355951 9.88434671
1579356562 10.624237153
1579356868 10.170617853
1580219519 10.353993613
1580222562 10.358848802
1580307172 10.952398097
