1569854723 5.2757859
1569856333 4.963909899
1571330385 5.193469721
1571766742 5.2967055
1571767525 5.211215821
1572537609 4.206272633
1572538263 4.197784726
1572538922 4.357090833
1572539575 4.168031331
1572540224 4.189200619
1572541127 4.149420711
1572541781 4.313024525
1572542430 4.180057884
1572543077 4.257140775
1572543741 10.118972981
1572871496 4.093146203
1572872147 4.207627567
1572872826 4.495860628
1572873476 4.208551597
1572874134 4.067878159
1572875199 4.223565386
1572876053 4.175546126
1572877279 4.019722777
1572877934 4.193040288
1572879174 4.212785776
1572967564 4.24942926
1572968222 4.200486775
1572969522 4.113897704
1572970183 4.042512136
1572970833 4.192360784
1572971496 4.088977203
1572972156 4.268197912
1572972806 4.106884932
1572973522 4.167665545
1572974171 4.229921966
1572974829 4.122003965
1573209106 4.150786
1573209776 4.222211362
1573210437 4.131785209
1573211105 4.135500937
1573211764 4.22256299
1573212411 4.108640583
1573213065 4.188481683
1573213714 4.106684062
1573214387 4.099222045
1573215044 4.229138279
1573310554 4.00903127
1573311172 3.92815376
1573311784 3.956717568
1573312490 3.895359371
1573313106 3.923935667
1573313732 3.999732784
1573314361 3.899448392
1573314974 4.046685712
1574696582 4.052812447
1574697162 4.212548921
1574697753 4.073509295
1574698326 4.10960724
1574698914 3.918908629
1574709725 4.091001647
1574710984 4.015788363
1574956333 3.994722455
1574956996 4.120825793
1574957597 4.12184795
1574958179 4.297870004
1574958773 3.912429654
1574959360 4.217887857
1574959961 4.23727292
1574960538 4.074292478
1574961149 4.040503363
1574961784 4.124465966
1575033261 4.096585793
1575033829 4.139950361
1575034419 4.046391332
1575034995 4.186343923
1575035556 3.976428665
1575036594 3.904043236
1575037156 4.156888823
1575037715 4.068895681
1575038718 4.002720985
1575039288 3.965051695
1575120549 4.126718577
1575121114 4.348663538
1575122108 4.284168962
1575122735 4.115004969
1575123292 4.298704073
1575123850 4.063619218
1575124407 3.944289042
1575124973 4.291384503
1575125537 4.143504942
1575126103 4.305287485
1575297855 4.085292425
1575298428 4.218858127
1575298998 4.012370383
1575299578 3.920050262
1575300149 4.1414509
1575300767 4.109074837
1575301539 4.226092864
1575302148 4.172569658
1575390336 4.237447347
1575390906 4.160316494
1575391469 4.170475353
1575392034 3.846477667
1575392845 4.017722423
1575393481 3.994418759
1575394040 4.145395391
1575394606 4.103591671
1575395170 4.10420091
1575395733 4.266745243
1575562580 4.196795055
1575563265 4.1962255
1575563914 4.15452836
1575564511 4.038356666
1575565093 3.96482376
1575565658 4.108153607
1575566232 3.946907234
1575568159 4.274028908
1575568743 4.104299592
1579191188 4.63840287
1579191800 4.159903777
1579192367 4.292777836
1579192952 4.09726387
1579193538 4.302176158
1579194102 4.095988933
1579194670 4.000730828
1579195235 4.336809437
1579195825 4.13861421
1579196388 4.204957012
1579359593 4.041191005
1579360171 4.148180864
1579360731 3.999982517
1579361287 3.930272901
1579361843 4.074607587
1579362397 4.185644647
1579362953 4.279040875
1579363519 4.317589643
1579364086 4.06148637
1579364646 4.038467312
1574710984 4.015788363
