1569854781 2.865184921
1569856388 2.934005119
1571330441 2.851166101
1571766798 3.178771361
1571767582 2.876502735
1572537655 2.261694542
1572538308 2.299497951
1572538968 2.267048463
1572539620 2.426223384
1572540269 2.310168584
1572541173 2.261646962
1572541826 2.339922094
1572542476 2.26218423
1572543122 2.341236909
1572543794 2.382834188
1572871541 2.320878437
1572872192 2.260860294
1572872874 2.308369094
1572873521 2.225192814
1572874179 2.134862079
1572875244 2.270021858
1572876099 2.443895004
1572877325 2.247599615
1572877979 2.286161833
1572879219 2.241218929
1572967609 2.242393114
1572968268 2.411833866
1572969567 2.195659407
1572970228 2.163888814
1572970878 2.285588114
1572971541 2.225808238
1572972202 2.328125891
1572972851 2.382465309
1572973568 2.272566126
1572974216 2.186289325
1572974874 2.233155182
1573209151 2.166773877
1573209821 2.340991967
1573210482 2.227983646
1573211150 2.311399096
1573211810 2.306053701
1573212456 2.38538848
1573213110 2.313432007
1573213759 2.355654408
1573214432 2.345246799
1573215090 2.20828631
1573310597 2.180425514
1573311216 2.251295564
1573311827 2.139231902
1573312533 2.216071984
1573313151 2.184781607
1573313775 2.169034814
1573314403 2.163727721
1573315016 2.112803994
1574697203 2.147215587
1574697795 2.123338955
1574698955 1.9588586
1574711026 1.83275113
1574958221 2.087683467
1574958815 2.108570754
1574960580 2.043970736
1574961190 1.962748994
1574961826 2.035114098
1575033303 2.156559226
1575033872 1.922849636
1575034460 2.183636787
1575035598 2.182450743
1575038759 2.081050307
1575120591 1.706149397
1575123334 2.244361153
1575124448 2.129053527
1575126145 2.263037454
1575298470 2.205815216
1575299039 2.08001014
1575299619 1.951272473
1575300190 2.316289357
1575300809 1.747380472
1575301581 2.150722531
1575302190 2.092635626
1575390377 1.704130843
1575391510 2.150868425
1575392076 2.091984545
1575392886 2.00741584
1575394648 2.152460582
1575395212 1.924762821
1575563306 2.353633654
1575566273 2.048233619
1575566873 1.919940103
1575568784 2.159263905
1579191843 2.088130688
1579192409 2.011745044
1579194144 2.679277117
1579194712 2.12038255
1579196430 1.923970357
1579359635 2.006327447
1579360773 2.082393505
1579361884 2.142739479
1579362996 2.230635064
1579363562 1.965268402
1574711026 1.83275113
