1569854653 6.401822522
1569856242 6.887435381
1571330315 6.367646188
1571766672 6.528153972
1571767456 6.499517203
1572537552 5.153016825
1572538205 5.037632569
1572538865 5.140823877
1572539518 5.244220831
1572540165 5.064566323
1572541070 5.244362454
1572541724 5.125450093
1572542372 5.155717135
1572543020 5.201604555
1572543685 5.127195577
1572871439 5.193888236
1572872090 5.118833451
1572872768 5.183676452
1572873420 5.077547219
1572874078 4.988220763
1572875142 5.235068378
1572875995 5.30312854
1572877221 5.207501457
1572877872 8.316484037
1572879116 5.253830577
1572967507 5.024428311
1572968164 5.176203163
1572969465 5.168326439
1572970126 5.085124522
1572970776 5.078954648
1572971437 5.249015824
1572972100 5.111503147
1572972749 5.130792764
1572973464 5.11259675
1572974114 5.166202498
1572974766 5.286418131
1573209049 5.176883407
1573209704 5.060404597
1573210380 5.24342793
1573211047 5.175331972
1573211706 5.163727854
1573212354 5.1777805
1573213007 5.167528932
1573213656 5.098722841
1573214328 5.244254901
1573214987 5.209829936
1573310501 4.844737351
1573311117 5.051612036
1573311732 4.903452091
1573312438 4.737613873
1573313051 5.34918108
1573313677 5.060901515
1573314307 4.859264039
1573314921 4.68926551
1574696529 4.811319619
1574697109 4.687682787
1574697701 4.76893281
1574698273 4.76936507
1574698862 4.455134556
1574709672 4.78740658
1574710932 4.703559398
1574956281 4.651802412
1574956943 4.804688905
1574957544 4.645063499
1574958126 4.745479734
1574958719 4.784948625
1574959308 4.555425764
1574959908 4.752668325
1574960486 4.720478457
1574961096 4.702580959
1574961732 4.731981521
1575033208 4.747439046
1575033776 4.500832305
1575034366 4.723089358
1575034940 4.66556453
1575035503 4.74505886
1575036541 4.771456472
1575037103 4.868675243
1575037662 4.704227631
1575038664 4.688077187
1575039234 4.808150774
1575120496 4.705023983
1575121061 4.836193318
1575121783 6.912036434
1575122056 4.654242919
1575122682 4.710219849
1575123239 4.689514555
1575123798 4.687096395
1575124355 4.525986489
1575124921 4.758854147
1575125484 4.669996137
1575126050 4.502166105
1575297801 4.716914796
1575298375 4.65686911
1575298945 4.753217201
1575299525 4.685061878
1575300096 4.855937518
1575300714 4.676040809
1575301486 4.744361508
1575302094 4.686069498
1575390283 4.727315101
1575390853 4.631754129
1575391416 4.693927247
1575391982 4.693490358
1575392791 4.705036785
1575393428 4.774192017
1575393987 4.695566752
1575394553 4.709420148
1575395117 4.456824238
1575395681 4.81412652
1575562515 4.753165601
1575563212 4.740797975
1575563861 4.691530545
1575564459 4.584094926
1575565040 4.784111581
1575565605 4.776092198
1575566180 4.737272701
1575566761 4.751996202
1575568106 4.754461975
1575568691 4.611846701
1579191135 4.448314455
1579191747 4.835585103
1579192314 4.724797353
1579192893 4.642918167
1579193461 4.831403254
1579194049 4.720358946
1579194617 4.825188819
1579195182 4.686564958
1579195772 4.892233452
1579196335 4.785341463
1579359541 4.697140286
1579360118 4.768992417
1579360678 4.700053336
1579361234 4.898316479
1579361790 4.697620048
1579362343 4.773035902
1579362900 4.861772963
1579363467 4.761401065
1579364034 4.747663167
1579364593 4.756235851
1574710932 4.703559398
