1569849907 6.528251343
1569850112 5.972208322
1569849907 6.528251343
1569850112 5.972208322
1569850922 6.339988747
1569851131 6.010867865
1569851465 6.222561077
1569851687 6.184120045
1569851916 6.442845945
1569852146 6.293223221
1569852384 6.013125927
1569852601 6.099741126
1569852991 6.783678648
1569853303 6.107583137
1569853541 6.616645252
1569854184 6.330793993
1569855142 6.416188491
1569855586 7.88874913
1570446915 6.167353925
1570448007 6.37459849
1570448735 6.237503441
1570449204 6.234808421
1570449630 6.08081502
1570543029 6.276600535
1570543386 6.445463918
1570543593 6.235209899
1570544522 6.025383406
1570544722 6.056171576
1570544983 6.216954712
1570545186 8.654242078
1571322902 6.212088128
1571323223 6.167328799
1571323617 6.164056884
1571324018 6.06188024
1571324418 6.124744997
1571325024 6.379705141
1571325221 6.043958409
1571325420 7.111453555
1571325625 6.11626756
1571325824 6.245735183
1571326023 6.066572742
1571326715 6.262702029
1571326927 6.579278972
1571327134 6.226289397
1571327348 6.312336036
1571327739 6.233302987
1571328130 6.248227969
1571328521 6.145331221
1571328912 6.167664366
1571329304 6.238247039
1571329896 6.407162975
1571395816 6.19060453
1571396013 6.211299077
1571396210 5.870338836
1571396408 6.249114785
1571396606 6.078324235
1571396805 6.424338946
1571397035 6.106811906
1571397239 6.12463438
1571397437 6.416688877
1571397634 6.172745154
1571397853 6.141850925
1571398245 6.635409753
1571398640 6.194791603
1571399031 6.197005581
1571399423 6.22692855
1571399819 6.382989556
1571400212 6.348805058
1571400634 6.082357198
1571401033 6.063150284
1571401425 6.127519035
1571404882 6.192990984
1571405081 6.238515568
1571405278 6.276464155
1571405478 6.960793768
1571405711 6.081035377
1571406805 6.18704757
1571407195 6.364714831
1571407589 6.188153545
1571407977 6.250396145
1571408369 6.017876973
1571408900 6.25604536
1571409131 6.220811323
1571409332 6.604208972
1571409531 6.018495328
1571409747 6.20498075
1571664314 6.236915694
1571664858 6.318918037
1571665062 6.105345461
1571665272 6.184412834
1571665466 6.352702808
1571665661 6.316939623
1571665862 6.084710087
1571666252 6.150234469
1571666644 6.125210476
1571667037 6.119813258
1571667473 6.211478568
1571668079 6.221083186
1571668279 6.434707219
1571668473 6.111558527
1571668677 6.108338616
1571668872 6.243197081
1571669126 6.370410042
1571669524 6.300007922
1571751950 6.150211274
1571752145 6.092094851
1571752344 6.207048371
1571752548 6.411655295
1571752744 6.373069642
1571752940 6.316029564
1571753138 5.991951231
1571753335 6.291206948
1571753531 6.203159675
1571753728 6.134617489
1571754037 6.311202721
1571754433 6.244772408
1571754826 6.424886401
1571755229 6.083892437
1571755631 168.2201186
1571756463 6.261331654
1571756874 6.125886159
1571757320 8.844042292
1571757712 6.237559925
1571758112 6.077512667
1571758502 6.230263756
1571760086 6.106895518
1571760282 6.137567979
1571760484 6.236112988
1571760682 6.357556614
1571760881 6.277582326
1571761093 5.954177349
1571761292 6.100214601
1571761486 6.388198302
1571761682 6.020610428
1571761882 6.218290262
1571762114 6.415723979
1571762506 6.347270312
1571762905 6.086846136
1571763294 6.160112584
1571763685 6.100034187
1571764089 6.327724801
1571764502 6.007073299
1571764895 6.228315302
1571765283 6.176954369
1571765674 6.232934619
1571766251 6.311951769
1571767034 6.159765714
1571922183 6.148822813
1572003193 6.254985886
1572003388 6.187499675
1572003586 6.134723656
1572003784 6.093954105
1572003979 6.156822956
1572004175 5.841732129
1572004369 6.272211802
1572004569 6.235761743
1572004771 6.109841799
1572004969 6.352716516
1572006260 6.195051655
1572006998 6.202082491
1572007391 6.300060519
1572007885 6.312751854
1572008295 6.241790095
1572008699 6.213065456
1572009093 6.28950919
1572009482 6.352662832
1572009874 6.06299297
1572010268 6.407324301
1572010659 6.532690497
1572011171 6.239702978
1572011367 6.195553076
1572011561 6.251876925
1572011760 6.29971966
1572011957 6.024327186
1572012155 6.277209096
1572012350 6.040409384
1572012544 6.078613711
1572012738 6.348481465
1572012932 6.131242986
1572013221 6.185564113
1572013614 6.173235679
1572014007 6.083560405
1572014398 6.187222702
1572014787 6.265640058
1572264991 6.32210908
1572265188 6.200161796
1572265386 6.177214601
1572265584 6.17561512
1572265782 6.234458428
1572265991 7.390179441
1572266186 6.130750956
1572266386 6.307390923
1572266587 6.318898682
1572266784 7.392086323
1572268069 6.28502649
1572268839 6.558288074
1572269253 6.240633118
1572269659 6.11686264
1572270076 6.201434398
1572270472 6.332225673
1572270866 6.232768591
1572272231 5.020094812
1572272562 5.150258775
1572272897 4.851003788
1572273229 4.873822119
1572273576 5.205160008
1572274068 5.16327517
1572274236 5.039743091
1572274412 4.817271696
1572274577 5.128815621
1572274750 4.938854337
1572274920 5.042051315
1572275088 5.031371455
1572275266 5.76718549
1572275436 5.000429876
1572275611 5.010056195
1572275998 4.96312811
1572276333 4.957119811
1572276671 5.114332907
1572277002 5.124584456
1572277332 5.066400594
1572278026 4.707773073
1572278360 4.865807873
1572361204 6.327381282
1572361402 6.071538396
1572361597 6.315931568
1572361793 6.213091951
1572361990 6.107726305
1572362185 6.229318281
1572362381 6.078603637
1572362577 6.322892519
1572362776 5.987519808
1572362972 6.063903018
1572363419 5.018406511
1572363749 4.96604538
1572364078 4.904833287
1572364409 4.8327964
1572364742 4.900667848
1572365083 5.104117924
1572365461 4.983916392
1572365832 5.08130021
1572366172 5.107395635
1572366508 4.981082141
1572367028 5.028032504
1572367197 4.972050541
1572367366 5.125656645
1572367539 5.034089243
1572367719 4.98414166
1572367895 4.988184734
1572368062 4.994472605
1572368229 5.161638307
1572368395 4.659490864
1572369538 4.983808355
1572369867 5.105742417
1572370198 5.049558736
1572370531 4.985978252
1572370859 5.031888126
1572371188 4.945421555
1572371522 4.978074444
1572371850 5.002974638
1572372180 5.213474359
1572372509 5.075567808
1572532322 6.085039851
1572532524 6.054211492
1572532729 6.080729244
1572533516 5.043771934
1572533854 4.984095419
1572534208 4.958218325
1572534555 5.052515574
1572534887 5.08764057
1572535235 4.983665246
1572535566 4.878328066
1572535902 4.955224567
1572536232 4.945473523
1572536596 5.119763226
1572537199 5.001274913
1572537854 5.087628622
1572538506 5.128978492
1572539162 5.118020468
1572539815 5.040023828
1572540722 5.059341044
1572541375 5.052720538
1572542024 5.260218677
1572542671 4.952331176
1572543316 5.120630358
1572544447 5.074227781
1572544614 5.419736044
1572544785 5.100722451
1572544959 5.008165849
1572545134 4.93886637
1572869959 5.042480485
1572870127 4.753640467
1572870348 5.085132777
1572870533 4.848713343
1572870750 4.822536879
1572871088 5.188096702
1572871739 5.048107097
1572872388 5.012912649
1572873069 5.01122606
1572873719 5.014672919
1572874777 5.259814567
1572875629 6.268122083
1572876866 5.09181292
1572877521 5.111038184
1572878732 4.862300353
1572879860 5.08699041
1572880142 4.759929327
1572880478 5.075211925
1572880817 5.036612858
1572881163 4.987154415
1572881498 5.210507012
1572881829 5.192017561
1572882161 5.073359975
1572882551 4.933532475
1572882899 5.467380335
1572883241 4.987854553
1572965341 5.03771616
1572965508 5.009218289
1572965676 4.752835717
1572965845 4.979451467
1572966182 4.961960353
1572966354 4.66648988
1572966711 4.797948627
1572966882 4.990581434
1572967106 4.907709988
1572967808 5.216221649
1572969112 5.099630662
1572969765 5.039994433
1572970425 5.183329243
1572971076 5.358702171
1572971739 4.961981481
1572972398 5.000597944
1572973111 5.005882894
1572973764 4.867164045
1572974413 4.972355574
1572975143 5.121880856
1572975470 4.863140601
1572975808 6.471528857
1572976170 4.963225818
1572976551 4.99539072
1572976881 4.991414256
1572977211 4.96421157
1572977574 5.129458639
1572977921 5.001514594
1573206987 5.336004396
1573207156 4.759380678
1573207325 4.693958315
1573207492 4.742575358
1573207662 5.069533764
1573207829 5.031786221
1573207996 4.859917379
1573208161 5.089279776
1573208328 5.026726493
1573208495 4.888093413
1573208700 5.165533895
1573209350 5.048193386
1573210016 4.901972826
1573210682 5.036780571
1573211349 4.936230515
1573212004 4.960729858
1573212653 5.004165826
1573213306 5.031810851
1573213974 5.114099656
1573214632 4.996828158
1573218167 4.964622107
1573218495 5.0050698
1573218887 5.174167853
1573220230 4.988827654
1573220397 5.013392088
1573220565 4.948808828
1573220734 5.001034096
1573220901 4.902696053
1573221069 5.01633169
1573221402 4.704973741
1573221569 4.928041278
1573221738 5.029357832
1573221927 5.000360834
1573222099 4.826284799
1573222265 4.901086856
1573222430 5.005704624
1573222598 5.014206169
1573301079 5.277637886
1573301248 5.016731107
1573301418 4.728029455
1573301598 5.135430374
1573301783 4.908753427
1573301954 4.695622925
1573302130 5.005801601
1573302305 4.963065622
1573302473 4.849483712
1573302640 4.977140673
1573303382 4.952133761
1573303789 4.788505471
1573303957 4.199542507
1573304122 4.344634035
1573304284 5.264403827
1573304446 4.392661656
1573304612 5.77613187
1573304772 4.653469481
1573304931 5.149150696
1573305096 4.316398373
1573305254 5.244695768
1573306392 4.79506231
1573306728 4.216541656
1573307052 4.66620327
1573307388 4.952860202
1573307705 4.69016356
1573308026 4.618257515
1573308340 4.674745424
1573308671 4.441890908
1573308992 4.435951161
1573309322 4.81027851
1573310163 4.558392061
1573310788 4.573464276
1573311404 4.66688451
1573312021 4.241838367
1573312721 4.553433072
1573313342 4.580554792
1573313962 4.362174737
1573314591 4.153024924
1573741942 4.592625668
1573743574 4.551920638
1573743672 4.391855115
1573743774 4.550525016
1573743872 4.571981173
1573743972 4.580426107
1573744069 4.567430359
1573744166 4.446927398
1573744265 4.939929819
1573744360 4.564299621
1573744452 4.604693548
1573744563 4.408379301
1573744657 4.61302418
1573744755 4.608891166
1573744868 4.898500632
1573745005 4.659330694
1573745103 4.425178857
1573745286 4.594898177
1573745383 4.472514412
1573745486 4.620944046
1573745586 4.742250689
1573745684 4.495291887
1573745787 4.642340966
1573745886 4.711837638
1573745981 4.647532712
1573746082 4.70533587
1573746180 4.734985344
1573746282 4.594360586
1573746382 4.607811043
1573746480 4.555229039
1573746575 4.432499416
1573748895 4.524617891
1573748992 4.179721443
1573749093 4.578679019
1573749204 4.901564105
1573749298 4.981139532
1573749431 4.446756223
1573749537 4.520317547
1573749635 4.90117458
1573749734 4.491339277
1573749831 4.471600256
1573752428 4.685427658
1573752686 4.773990413
1573752845 4.306188766
1573753003 4.181548065
1573753160 4.421211306
1573753314 4.766735362
1573753474 4.565344511
1573753628 4.831927093
1573753790 4.527126736
1573754609 4.448724226
1573754769 4.8575678
1573754927 4.738710759
1573755098 4.503630108
1573755257 4.036395203
1573755416 4.736628249
1573755572 4.949175389
1573755731 4.960865491
1573755888 4.815558717
1573756046 3.965800921
1573827940 4.217038335
1573828252 4.479283152
1573828563 4.483891623
1573828867 4.444256029
1573829173 4.310650856
1573829479 4.617169977
1573829859 4.456279338
1573830346 4.396073834
1573830653 4.495602911
1573830961 4.595361111
1573831354 4.489589047
1573831511 4.60914307
1573831669 4.551054041
1573831995 4.457348979
1573832153 4.47558437
1573832310 4.604625015
1573832632 4.821627874
1573832786 4.8318536
1573832970 4.583579421
1573833140 4.662124132
1573833460 4.727626639
1573833617 4.68358573
1573900992 4.487714884
1573901150 4.795864688
1573901306 4.151951376
1573901461 4.350802791
1573901623 4.61479139
1573901776 4.250790325
1573901931 4.914620625
1573902090 4.735508466
1573902402 4.735644532
1573902595 4.848328918
1573902903 4.787984525
1573903214 4.497300308
1573903525 4.508259675
1573903835 4.714631064
1573904145 4.37034414
1573904452 7.450608084
1574685718 4.672365296
1574685901 11.419368443
1574686081 4.631963644
1574686239 4.708926728
1574686401 4.747521589
1574686558 4.508946811
1574686722 4.798014867
1574686888 4.589172683
1574687078 4.65212462
1574687250 4.921965449
1574687912 4.788470971
1574688225 4.362081348
1574689207 8.502670343
1574689585 4.852273074
1574689800 4.670012919
1574689960 4.274450922
1574690132 4.390031984
1574690308 4.434654277
1574690469 4.527489543
1574690639 4.484042344
1574690800 4.427357406
1574690983 4.736034593
1574691157 4.410980026
1574691916 4.667983858
1574692235 4.479718678
1574692552 4.708142215
1574693466 3.468012827
1574693788 5.759654553
1574694220 4.701658122
1574694550 4.783759361
1574694860 4.816041243
1574695090 20.826591751
1574695416 23.716318961
1574695755 4.613324428
1574696215 4.597633737
1574696791 4.651866117
1574697366 4.721302742
1574697959 4.541133237
1574698529 4.778914838
1574706649 4.795204674
1574706784 4.361454607
1574707028 4.545168059
1574707207 4.714408177
1574707995 4.800728322
1574708691 4.36646732
1574709073 4.5483929
1574709306 4.646347675
1574710417 4.64161222
1574710606 4.699557502
1574710606 4.699557502
1574707028 4.545168059
1574708691 4.36646732
