1569849895 7.132113682
1569850097 9.550467543
1569849895 6.834507114
1569850097 9.550467543
1569850857 60.12397845
1569851114 11.093424306
1569851327 92.203852308
1569851450 10.40131278
1569851667 15.173729885
1569851879 27.959877023
1569852107 33.228757783
1569852336 42.514921493
1569852570 25.641091513
1569853214 83.990210181
1569853507 29.518529996
1569853981 197.326462334
1569855125 11.415797437
1569855564 17.505511138
1570446900 9.767318056
1570447903 3.991991679
1570447993 8.672681413
1570448696 1.755645488
1570448704 25.312386799
1570449188 10.354853424
1570449614 10.513251472
1570542986 38.415308075
1570543220 160.95190602
1570543577 9.882769278
1570543793 724.424632157
1570544705 10.880226545
1570544967 11.615232164
1570545166 9.477481591
1571322769 1.931783674
1571322888 8.400883052
1571323089 129.648174245
1571324004 9.050533178
1571324402 11.428490977
1571324794 224.993432265
1571325206 10.829883043
1571325406 8.612422353
1571325608 12.086968735
1571325809 8.980031392
1571326006 12.122189628
1571326534 175.317509577
1571326909 9.902512262
1571327118 11.784717308
1571327326 17.545520611
1571327725 9.954454865
1571328115 10.139160105
1571328507 9.127523317
1571328897 9.272323507
1571329290 9.400214848
1571329678 213.395964325
1571395624 9.252566175
1571395700 3.263613378
1571395707 21.701784809
1571395765 11.609497374
1571395806 4.918009341
1571395998 9.757727387
1571396195 9.121990494
1571396394 9.278046004
1571396591 9.768865627
1571396790 9.3639281
1571397020 9.314235673
1571397223 10.923315034
1571397422 9.264152231
1571397618 11.116635441
1571397816 31.462255601
1571398229 9.830482462
1571398625 10.253332351
1571399016 9.560723788
1571399800 10.631355759
1571400197 10.73465267
1571400617 11.486886758
1571401018 9.862468062
1571401410 9.523604988
1571404634 187.043811835
1571404867 10.076352245
1571405064 11.770999749
1571405264 9.068157929
1571405463 9.648052974
1571405694 11.70696819
1571405892 806.465766116
1571406773 27.927812814
1571407180 9.948202792
1571407573 10.756584902
1571407963 9.74882807
1571408354 10.855186525
1571408746 149.449811106
1571409114 12.2840364
1571409316 11.609452702
1571409515 10.975496611
1571409731 11.11612067
1571664279 1.49664273
1571664300 9.525240186
1571664537 313.024391229
1571665048 8.809721132
1571665258 8.644316186
1571665452 8.871546934
1571665647 8.923452233
1571665842 14.345325705
1571666238 10.121794492
1571666629 9.208263127
1571667021 10.804574662
1571667412 56.426680494
1571667858 217.365266692
1571668264 8.80361842
1571668458 9.652578839
1571668662 9.192581907
1571668857 10.707013894
1571669057 63.699814203
1571669508 11.29270653
1571751942 3.22698159
1571752130 9.104811283
1571752328 10.494770965
1571752729 9.451185
1571752926 8.727100515
1571753517 9.783536624
1571753712 10.479917108
1571753909 122.579046429
1571754419 9.619273684
1571754809 11.951481158
1571755213 12.487671636
1571755614 12.257243854
1571756050 73.518669019
1571756135 322.623619586
1571756842 27.098270393
1571757281 9.521555748
1571757697 10.372531322
1571758095 11.229260922
1571758485 10.974657311
1571760070 10.738431775
1571760268 9.463281131
1571760466 12.268295508
1571760666 10.568473594
1571760866 9.584237231
1571761065 21.919056771
1571761278 8.919402648
1571761471 9.539726968
1571761666 11.84768113
1571761865 11.976911406
1571762070 17.760945909
1571762100 8.320722896
1571762492 8.785780724
1571762888 13.097130898
1571763278 9.591627539
1571763669 9.707545264
1571764074 10.273933324
1571764488 9.276032015
1571764880 11.090869203
1571765269 9.359956782
1571765660 9.18997411
1571766049 196.851198842
1571767018 11.269658517
1571767909 1.105100353
1571922171 7.519220065
1572003155 33.464093712
1572003373 9.775349901
1572003571 9.499725339
1572003768 10.764528153
1572003964 10.494643534
1572004159 10.246344648
1572004355 9.124116297
1572004552 11.856073241
1572004754 11.364640027
1572004953 11.343258435
1572005149 1092.246867864
1572006243 12.144380041
1572006778 147.499866183
1572006959 33.806220151
1572007377 9.461510555
1572007772 7.798505045
1572007871 8.693551512
1572008281 9.310588963
1572008683 11.075327421
1572009079 9.32873868
1572009467 9.759082666
1572009858 11.511934195
1572010249 11.928675423
1572010645 9.152081245
1572011035 130.894304823
1572011548 8.510749604
1572011747 8.724199165
1572011941 12.223093631
1572012138 11.508197691
1572012334 10.524353888
1572012529 8.965076896
1572012917 8.863865728
1572013112 103.919669809
1572013598 10.958188917
1572013992 10.757025547
1572014773 9.146692101
1572264952 33.695539544
1572265172 11.056313772
1572265372 9.095095923
1572265569 10.655385533
1572265768 9.10787748
1572265971 9.170636861
1572266172 8.654253796
1572266372 9.278791817
1572266570 11.86342016
1572266770 9.044042657
1572268057 7.164022592
1572268830 3.945518186
1572269238 9.795757076
1572269645 9.396320848
1572270062 9.711710608
1572270458 8.937631188
1572270850 12.355966516
1572272220 7.263366516
1572272547 10.15591871
1572273217 9.110562275
1572273562 9.270758274
1572274057 6.779896395
1572274223 8.535493354
1572274398 8.889506813
1572274564 9.180026307
1572274736 8.571744639
1572274906 9.850141336
1572275075 8.537131497
1572275251 8.93496306
1572275422 8.989385358
1572275597 9.282177903
1572275987 6.795266346
1572276318 11.109962886
1572276658 8.944853249
1572276988 9.970961482
1572277319 9.523149189
1572278013 9.375059243
1572278345 10.782274331
1572361118 80.329180241
1572361387 10.269395112
1572361583 9.535372139
1572361779 8.905967498
1572361975 9.510498284
1572362171 9.508697807
1572362366 9.111564919
1572362562 9.788520154
1572362762 8.375454278
1572363155 260.362201967
1572363735 9.682735249
1572364064 10.309623879
1572364396 9.476696592
1572364728 9.543250753
1572365070 9.074711947
1572365400 57.051537213
1572365780 39.530959367
1572366159 9.823304819
1572366492 11.50983971
1572367015 8.416754665
1572367183 9.014651857
1572367352 8.924828839
1572367705 9.417895443
1572367882 9.348374418
1572368049 8.776937822
1572368219 3.711313716
1572368382 8.873186363
1572369532 1.658931708
1572369854 10.294483052
1572370515 11.853795022
1572370846 9.930782479
1572371175 9.345675972
1572371506 11.127446931
1572371838 9.206536612
1572372167 9.075064917
1572372496 9.2026335
1572532103 1.755594798
1572532107 3.244448857
1572532115 6.830609929
1572532133 6.076038484
1572532142 4.55937397
1572532150 5.892825982
1572532165 8.004947494
1572532176 141.025446611
1572532507 11.039925949
1572532714 9.854650025
1572532985 527.007742741
1572533840 9.675380484
1572534195 9.237514285
1572534542 9.502927234
1572535222 9.374356627
1572535553 9.248514568
1572535887 10.826014304
1572536218 9.836697407
1572536581 10.810908232
1572536918 276.761765186
1572537840 10.04611965
1572538493 9.032551496
1572539149 9.539222265
1572539802 9.348070126
1572540457 260.328083181
1572541360 10.56608663
1572542010 10.66068558
1572542658 8.700553976
1572543303 9.343420834
1572543976 467.335107587
1572544602 8.533395767
1572544770 10.537126004
1572544944 11.177722572
1572545120 9.675069582
1572869929 26.4377357
1572870114 8.543946005
1572870334 9.060125221
1572870518 10.233057183
1572870737 8.872168428
1572870906 178.524738743
1572871726 9.099568441
1572872374 9.644178539
1572873055 10.527095395
1572873706 9.215013933
1572874764 7.936519764
1572875428 196.716394134
1572876334 528.562776861
1572877507 9.886802018
1572878181 546.394942843
1572879849 7.398112274
1572880130 8.282119357
1572880465 9.02473543
1572880804 9.886710092
1572881150 9.192346472
1572881482 12.102890287
1572881817 8.706257806
1572882147 10.017984807
1572882868 10.864666357
1572883227 9.451732865
1572965307 28.86037903
1572965495 8.879231359
1572965663 8.990562952
1572965832 8.751655134
1572965996 9.011652936
1572966168 9.637858486
1572966340 9.183547003
1572966506 9.993853278
1572966698 8.665598413
1572966869 8.667053724
1572967033 69.334354709
1572967795 8.792227402
1572969099 8.623900803
1572970412 8.938233155
1572971063 9.263640801
1572971723 11.264337122
1572972385 9.421455862
1572973096 10.614347273
1572973750 10.022992772
1572975056 82.699157127
1572975455 10.693151911
1572975795 8.700133168
1572976157 9.923013833
1572976538 9.269366959
1572976866 10.757677861
1572977198 9.734553482
1572977560 10.571352451
1572977889 28.782937364
1573206959 24.119947934
1573207143 8.329449502
1573207311 9.33328081
1573207478 9.224121499
1573207816 8.802268313
1573207983 8.523423703
1573208147 8.849744943
1573208314 9.699896166
1573208481 9.080059867
1573208650 45.450607849
1573209336 10.592160823
1573210002 10.396327987
1573211335 9.842773035
1573211991 8.912005687
1573212640 9.169216935
1573213293 9.000102889
1573213958 11.962932472
1573218121 41.501267125
1573218482 9.666380343
1573218816 66.634023057
1573220218 8.665061791
1573220382 11.211127884
1573220551 9.317664776
1573220720 9.526766438
1573220888 8.962983914
1573221054 10.921672969
1573221220 8.673404972
1573221387 10.577851041
1573221556 8.524441277
1573221724 10.29885417
1573221890 32.614772908
1573222085 8.576316996
1573222252 8.655221165
1573222416 8.801775686
1573222583 11.129032339
1573301065 9.424557504
1573301234 9.283091009
1573301404 8.589882361
1573301585 8.828965705
1573301769 9.325021608
1573301941 9.284068695
1573302292 8.394932278
1573302460 8.482838658
1573302625 10.165666841
1573303371 6.812472896
1573303779 6.660461445
1573303943 8.610746956
1573304106 11.517457063
1573304267 9.808234313
1573304433 9.126976335
1573304596 8.880866502
1573304760 8.65558879
1573304918 8.982944002
1573305078 9.46201328
1573305241 9.533601839
1573306381 6.713518691
1573306715 9.597505432
1573307039 9.096047127
1573307374 10.291962364
1573308013 9.220760748
1573308327 9.557510538
1573308658 9.315382545
1573308979 9.214086636
1573309301 10.099519786
1573310152 6.931750841
1573310775 9.263565215
1573311391 10.12123563
1573312706 10.741688429
1573313328 10.680929829
1573313950 9.43760895
1573314577 10.442259975
1573741803 6.469255523
1573741908 29.903525969
1573743555 15.308233416
1573743659 10.427406019
1573743759 11.631781291
1573743858 11.178155414
1573743958 11.09709106
1573744056 9.987982593
1573744152 10.967913431
1573744250 10.778793329
1573744348 9.040996166
1573744439 8.940923877
1573744535 24.600502581
1573744642 11.614176944
1573744740 11.173788724
1573744856 8.876388029
1573744992 9.90780436
1573745089 10.105776706
1573745273 9.521330034
1573745369 10.704097698
1573745471 11.05210267
1573745569 13.612628846
1573745672 9.524145654
1573745768 15.662500248
1573745871 11.026400328
1573745969 9.553284445
1573746066 12.678864858
1573746264 13.964697745
1573746364 14.46260707
1573746465 11.105232944
1573748822 69.509989146
1573749080 8.557169632
1573749185 11.525575692
1573749386 41.489390987
1573749521 12.406753865
1573749621 10.233308638
1573749719 11.330567822
1573749819 8.705322282
1573752409 14.896364228
1573752615 67.246668516
1573752832 8.954548439
1573752989 9.477256644
1573753302 8.860770589
1573753615 8.732400171
1573753777 8.960268249
1573754599 6.604746039
1573754754 10.972319848
1573755081 13.199264141
1573755244 8.481712991
1573755403 9.582298438
1573755557 8.591231694
1573755718 8.940982752
1573755875 9.044601274
1573756031 10.12678926
1573827929 6.669592663
1573828239 9.171858112
1573828547 12.117059927
1573829463 11.810668406
1573829844 11.323585942
1573830332 10.240251493
1573830641 8.9532738
1573830947 11.172289941
1573831252 98.803304542
1573831497 9.417258436
1573831656 8.723583546
1573831829 8.932857031
1573831982 9.10568136
1573832138 11.514319013
1573832297 8.806392167
1573832464 8.626675151
1573832616 11.651548933
1573832772 9.920503645
1573832927 38.820986665
1573833126 9.865812286
1573833288 11.164770469
1573833444 11.351061266
1573833605 8.972574239
1573900965 23.591856703
1573901136 9.821120828
1573901291 11.015526631
1573901446 10.664266898
1573901610 8.906727626
1573901764 8.538206017
1573901918 9.20510007
1573902074 11.643069991
1573902231 11.141564919
1573902387 11.051896033
1573902546 45.575574118
1573902888 11.529855179
1573903199 11.823968901
1573903513 8.765026268
1573903822 10.132823276
1573904132 9.566913743
1573904439 9.047400401
1574685707 7.502691283
1574685882 10.763077019
1574686068 9.409007654
1574686224 10.928610869
1574686389 8.631046164
1574686545 9.079584152
1574686709 9.162612237
1574687066 8.899288936
1574687237 9.145172906
1574687901 7.272898951
1574689200 2.954213294
1574689572 9.625911938
1574689760 36.418392872
1574689946 9.929447059
1574690284 9.092825451
1574690455 10.270571439
1574690624 9.951282413
1574691902 10.238089174
1574692540 8.44336539
1574693451 9.547387392
1574693770 8.858708147
1574694100 116.390313123
1574694536 9.989211588
1574694846 10.730891061
1574694962 123.940420775
1574695399 13.187356142
1574695742 9.50182453
1574696050 161.950206148
1574696777 10.912845146
1574697352 10.331989289
1574706637 8.14532189
1574707016 8.479366049
1574707170 33.874103021
1574707985 6.781249603
1574708403 1.743116784
1574708988 81.947620882
1574709295 7.441908977
1574710406 6.855527677
1574710596 7.067099906
1574710596 7.067099906
1574707016 8.479366049
