1569849991 10.984134855
1569850195 10.355870895
1569849991 10.984134855
1569850195 10.355870895
1569850725 10.413887187
1569851008 10.501410087
1569851214 10.883474978
1569851564 10.432417912
1569851771 10.737775923
1569852000 10.444221197
1569852229 10.533355438
1569853076 10.201169647
1569853387 12.442959704
1570543115 10.777144748
1570545064 10.127787183
1570545281 10.178579772
1571322988 10.242019299
1571325106 10.168229706
1571325302 10.798710464
1571325708 10.124179445
1571325904 10.521090499
1571326106 10.369704707
1571326796 10.146605359
1571327012 10.108285949
1571395898 9.834836727
1571396093 10.176786641
1571396291 9.722145275
1571396490 9.932460911
1571396688 10.778227336
1571396916 9.884763761
1571397120 10.306052375
1571397322 10.501351974
1571397519 10.532658029
1571397715 9.860782826
1571404964 10.397736281
1571405163 10.084046475
1571405360 10.42817545
1571405792 10.261521561
1571409010 10.593548587
1571409212 10.444578568
1571409413 10.12848642
1571409630 10.032834563
1571409829 10.128842075
1571664396 10.068374876
1571664938 10.123311883
1571665141 10.74700581
1571665352 10.010613064
1571665546 10.260658425
1571665741 10.350944915
1571668159 10.119583797
1571668358 10.276611037
1571668562 10.977382828
1571668756 10.626926097
1571668956 10.684032163
1571752030 10.419771126
1571752425 9.993628512
1571752629 10.526971467
1571752824 10.951279175
1571753020 10.519027177
1571753217 10.002941243
1571753414 10.222528975
1571753612 10.39338591
1571753809 10.565136972
1571760167 9.965186132
1571760362 11.433954139
1571760567 10.192435175
1571760762 10.372763775
1571760964 11.033498509
1571761172 10.051683378
1571761372 10.842923193
1571761566 10.297978783
1571761762 10.498031154
