1569854409 5.319494862
1569855821 5.554702239
1571330111 5.485162314
1571766467 5.384551428
1571767250 5.345187036
1572537380 4.34464102
1572538037 4.396875257
1572538697 4.45188624
1572539350 4.439738885
1572539997 4.401081815
1572540902 4.410671013
1572541556 4.442554243
1572542205 4.49212689
1572542852 4.604508082
1572543517 4.35696916
1572871271 4.342297359
1572871921 4.467334456
1572872598 4.361773486
1572873251 4.856166154
1572873904 4.343538809
1572874966 4.344494587
1572875828 4.470105321
1572877053 4.437415621
1572877703 4.422686039
1572878931 4.303932205
1572967337 4.398256186
1572967994 4.37849942
1572969297 4.440711473
1572969958 4.364535869
1572970608 4.407972139
1572971257 4.368177637
1572971920 4.460118173
1572972580 4.483732914
1572973294 4.349970254
1572973946 4.355675794
1572974597 4.366769601
1573208880 4.381983
1573209534 4.438078482
1573210209 4.460314712
1573210879 4.383199509
1573211536 4.442482922
1573212185 4.396019467
1573212836 4.395082266
1573213488 4.417922747
1573214158 4.423617716
1573214814 4.47919105
1573310339 4.458551874
1573310961 4.058796846
1573311576 4.05412216
1573312280 3.926863536
1573312889 3.969229857
1573313517 4.076010137
1573314149 4.191058477
1573314764 4.133312395
1574696953 3.988801416
1574697544 4.382558771
1574698120 3.760774652
1574698705 3.748192211
1574709489 4.18709056
1574710775 4.260361935
1574956701 3.957434729
1574957391 3.887482203
1574957968 3.843300292
1574959150 3.925049355
1574960331 3.885302413
1574960943 3.851965648
1574961580 3.919787699
1575033620 3.846013488
1575034777 3.960231006
1575035349 4.121393834
1575036371 4.134059221
1575036948 3.920715978
1575037507 4.265788725
1575038510 4.450635882
1575120342 3.83353224
1575120906 3.901330943
1575121466 3.828015812
1575122529 3.920681725
1575123086 3.986236532
1575123646 4.041815861
1575124201 3.800885185
1575125325 3.859775712
1575125895 4.10275542
1575297641 4.28753357
1575298220 4.100430649
1575298789 4.595173681
1575299367 3.794128294
1575299939 3.964345695
1575300559 3.944018507
1575301130 4.52774665
1575301940 4.181815674
1575390126 3.922496152
1575390694 3.887860167
1575391828 3.88096697
1575392637 3.967671653
1575393273 3.54645839
1575393833 3.935475544
1575394399 4.255134517
1575394962 4.128131764
1575395525 3.935371179
1575562361 3.847229204
1575563059 4.343643742
1575563706 4.104524728
1575564303 3.922477719
1575564887 4.084508072
1575565452 4.225050777
1575566020 4.099466124
1575566606 3.966870471
1575568532 3.911751253
1579190979 3.80721582
1579192158 4.00530929
1579192738 4.020233778
1579193302 3.804375692
1579193893 3.849577414
1579194460 4.22332273
1579195027 3.795391833
1579195618 3.837489464
1579196181 3.974714716
1579359387 4.067624974
1579360524 3.807652225
1579361637 3.88297085
1579362191 3.882084231
1579363879 3.936303224
1579364438 4.087762847
1579530355 4.300422173
1579531003 4.099851617
1579532044 3.945343507
1579533410 7.723808108
1579534014 4.002485129
1579534674 4.049198419
1579535311 3.890990019
1579535907 4.181230891
1580224249 3.975595626
1580225928 4.050004574
1580227079 3.9919581
1580228259 3.822860966
1580228818 3.950117444
1580312249 3.799680819
1580312828 3.846509046
1580313383 3.914244843
1580314347 3.966301215
1580314905 3.928348359
1580315462 4.101852486
1580316726 4.139502491
1580317314 3.998888639
1581942383 3.938842347
1581943588 3.844629959
1581944876 4.095236344
1581945853 3.927118606
1581946428 3.952625122
1581946995 4.015042343
1581947916 4.306581183
1581949007 4.563318039
1582035585 4.503963103
1582036192 3.92188313
1582036796 4.319055257
1582037401 4.224207469
1582037997 4.17598669
1582038595 3.886402073
1582041488 4.522596929
1582042097 4.09615104
1582043686 4.695389183
1582044299 4.557385775
1582637911 3.964650341
1582638470 3.981829289
1582639545 3.934181996
1582640723 4.028579103
1582641282 3.974300412
1582641852 4.277117644
1582642420 4.246917472
1582642994 3.985818562
1582643597 3.918313568
1582644153 3.954488369
1582898752 3.756013252
1582899323 4.088399414
1582899892 3.973735247
1582900455 3.763373982
1582902113 3.97216337
1582902759 3.884779711
1582903356 3.797369931
1574710775 4.260361935
