1569849999 46.657406763
1569850203 47.167171684
1569849999 46.657406763
1569850203 47.167171684
1569850734 73.631112245
1569851016 47.771981271
1569851222 46.970112456
1569851572 47.042269541
1569851779 52.833126735
1569852008 52.44413825
1569852238 47.385294715
1569852475 46.975741057
1569853083 57.592795273
1569853397 53.060416564
1570543123 46.296101265
1570543485 46.105858084
1570543696 45.809857837
1570544612 46.657702553
1570544871 46.417739002
1570545072 46.618155587
1570545289 46.68449343
1571322996 46.098030677
1571325114 46.46400974
1571325310 46.481421395
1571325515 47.008108257
1571325716 46.23100628
1571325912 46.513518381
1571326113 71.683592477
1571326804 46.284634465
1571327020 46.188252197
1571327228 46.891964727
1574707096 36.357392888
