1569849995 4.295551542
1569850198 4.445252035
1569849995 4.295551542
1569850198 4.445252035
1569850729 4.380823759
1569851012 4.223729906
1569851218 4.267104382
1569851567 4.3509862
1569851774 4.389682173
1569852004 4.34578714
1569852233 4.226781595
1569852471 4.324052438
1569853079 4.079091265
1569853391 6.100564237
1570543119 4.194797836
1570543481 4.444224869
1570543686 9.486670659
1570544608 4.526863536
1570545067 4.322388372
1570545284 4.092125679
1571322992 4.355995126
1571325109 4.368281352
1571325306 4.279962702
1571325510 4.402214593
1571325711 4.365298437
1571325907 4.288220996
1571326109 4.348414365
1571326800 4.180899897
1571327015 4.266433926
1571327224 4.397999254
1574707093 3.314366568
