1569850042 1.547392951
1569850246 1.317725324
1569850042 1.547392951
1569850246 1.317725324
1569850803 1.890245579
1569851059 1.575507039
1569851265 1.376936727
1569851615 1.57813605
1569851827 1.448010545
1569852056 1.408894801
1569852281 1.272272138
1569852518 1.541710671
1569853137 1.368238871
1569853446 1.407661187
1570543165 1.477153858
1570543528 1.416609854
1570543737 1.528543503
1570544654 1.748291177
1570544913 1.524688583
1570545114 1.395012611
1570545331 1.453369378
1571323038 1.378604187
1571325156 1.430390337
1571325352 1.405698562
1571325558 1.376564924
1571325758 1.380617542
1571325954 1.384682151
1571326163 1.596935186
1571326846 1.24926359
1571327062 1.461997586
1571327271 1.288331486
