1569853973 9.772935117
1570447395 65.820423449
1570448226 494.34205004
1570449181 10.761642135
1570449607 9.399132468
1571323594 11.246873085
1571323996 10.415455946
1571324394 11.961571268
1571324787 9.01509755
1571327717 9.064082638
1571328108 9.395971072
1571328499 10.79965425
1571328890 9.297325284
1571329283 9.323188369
1571329671 9.024808515
1571398221 9.846435659
1571398617 11.404991311
1571399009 8.962699175
1571399401 9.452135044
1571399792 10.196575914
1571400189 8.931942037
1571400610 12.635792083
1571401011 10.634134735
1571401403 9.104802519
1571407173 9.744848956
1571407566 11.074523088
1571407956 9.710049385
1571408346 10.843712235
1571408738 10.651911117
1571666230 10.23100207
1571666622 9.389862486
1571667014 8.898661678
1571667405 9.203689479
1571667850 9.110804628
1571669501 9.467907086
1571754411 9.586607612
1571754802 9.02518368
1571755205 8.916214757
1571755605 10.724021928
1571756835 9.396898389
1571757272 10.871970719
1571757690 8.896922128
1571758478 9.284659791
1571762482 11.424164004
1571762881 8.903639632
1571763271 9.351261073
1571763662 9.341964462
1571764480 9.865024144
1571764872 9.193516542
1571765261 9.299685925
1571765653 9.133026338
1571766042 9.1015661
1571767010 9.040529226
