1569854687 3.587602535
1569856298 3.989275131
1571330349 3.495298232
1571766706 3.531021613
1571767489 3.495239939
1572537578 2.799870377
1572538232 2.910835709
1572538891 2.812055541
1572539545 2.698657358
1572540192 2.808965083
1572541097 2.741658243
1572541751 2.820017994
1572542399 2.802933465
1572543047 2.78218135
1572543711 2.827904427
1572871466 2.824306019
1572872117 2.848339163
1572872795 2.841192028
1572873446 2.807348617
1572874104 3.023099533
1572875168 2.867394876
1572876022 2.812772821
1572877248 2.857759021
1572877902 2.767833207
1572879143 2.728310267
1572967533 2.872307251
1572968191 3.015455357
1572969491 2.905448312
1572970153 2.740811647
1572970803 2.790865198
1572971464 2.779174187
1572972126 2.75798461
1572972775 2.979279118
1572973491 2.838571361
1572974141 2.747468894
1572974793 2.822623952
1573209076 2.77456689
1573209731 2.865601687
1573210406 2.876019228
1573211074 2.77370205
1573211732 2.844523758
1573212381 2.826769877
1573213034 2.899130126
1573213683 2.682568307
1573214355 2.812261331
1573215014 2.821646859
1573310526 2.504191878
1573311144 2.775547261
1573311756 2.418174254
1573312463 2.512913893
1573313077 2.6396725
1573313703 2.571527756
1573314332 2.425024163
1573314946 2.439591067
1574696554 2.613660049
1574698298 2.52277263
1574698886 2.260722362
1574709698 2.512915393
1574957569 2.172092751
1574958151 2.440852855
1574958745 2.517218915
1574959333 2.477989523
1574961121 2.685641187
1574961756 2.503491882
1575033801 2.609932396
1575034965 2.943225144
1575037687 2.485927069
1575038689 2.600492916
1575039260 2.68110927
1575121086 2.508640538
1575122081 2.301852557
1575123264 2.533467661
1575123823 2.523692533
1575124946 2.426649893
1575298400 2.555457544
1575298970 2.558884602
1575299550 2.381459783
1575300121 2.584932566
1575301511 2.474197616
1575302119 2.564257465
1575390878 2.593071769
1575392007 2.577428254
1575392816 2.430386421
1575393453 2.513818041
1575394012 2.528081882
1575394579 2.554036812
1575395142 2.64927297
1575395705 2.562917349
1575563237 2.618522874
1575564484 2.346410271
1575565631 2.190225167
1575566205 2.423501595
1575566786 2.339322041
1575568131 2.752352528
1575568716 2.312242037
1579191160 2.525831835
1579191772 2.582342954
1579192339 2.302986978
1579195207 2.427222876
1579196360 2.384704931
1579359566 2.52290923
1579360143 2.419557096
1579360703 2.42085971
1579361259 2.490356907
1579361814 2.614461322
1579362926 2.615599093
1579364059 2.288416486
1579530610 2.395546001
1579531183 2.347088502
1579532223 2.400179705
1579532931 2.591693453
1579533592 2.471076672
1579534878 2.618495534
1579535495 2.460778667
1579536566 2.532064935
1579537142 2.657049681
1580223869 2.563420701
1580224428 2.251300378
1580225548 2.578586052
1580226107 2.446491331
1580226692 2.377297093
1580227259 2.441114126
1580228439 2.349221407
1580313006 2.256535892
1580313886 2.649722428
1580314525 2.288727935
1580315082 2.61253645
1580315643 2.515003328
1580316205 2.645035083
1580316908 2.5962179
1580317500 2.510456219
1581942565 2.60808932
1581944143 2.652518057
1581945087 2.688430068
1581946039 2.435384966
1581946607 2.285722944
1581947177 2.367523923
1581948096 2.437376373
1581949200 2.7320035
1582034901 2.736098946
1582035780 2.590707707
1582036386 2.869510939
1582036993 3.04914913
1582037597 2.921029331
1582038782 2.809218463
1582041688 2.868063654
1582042444 2.755765711
1582043886 2.773381423
1582044486 2.560375365
1582638089 2.557902701
1582638651 2.432155351
1582640083 2.435622306
1582640903 2.597819393
1582641461 2.575850928
1582642035 2.450245258
1582642602 2.592509332
1582643176 2.719899457
1582643775 2.572002469
1582644332 2.608242382
1582898943 2.563682532
1582899507 1.729837638
1582900074 2.577723196
1582900633 2.601029506
1582902378 2.443114587
1582902938 2.592422245
1582903543 2.391736529
