1569849970 4.128028531
1569850174 3.862039264
1569849970 4.128028531
1569850174 3.862039264
1569850704 3.991440187
1569850987 4.127617019
1569851194 4.003208596
1569851543 4.119024064
1569851750 3.839342739
1569851980 3.98359893
1569852209 3.975612242
1569852446 4.186405798
1569853055 3.970434064
1569853366 3.940439624
1570543094 4.154315026
1570543656 3.931629729
1570544585 4.265889345
1570544798 4.266808262
1570545045 4.60920462
1570545255 10.989439859
1571325087 4.147622804
1571325885 4.175178946
1571326086 4.087934025
1571326777 4.235976199
1571326989 4.020174905
1571395878 4.193418761
1571396074 4.190080164
1571396272 3.870970081
1571396470 4.070361127
1571396669 4.397786969
1571396868 32.674427329
1571397097 4.171888049
1571397499 4.077317704
1571397696 3.876528533
1571404944 4.515548628
1571405341 3.97538406
1571405541 4.043419425
1571408962 4.170802032
1571409394 3.983624822
1571409593 4.15596575
1571409809 4.053222795
1571664378 3.74720549
1571664920 3.862063524
1571665123 3.59393079
1571665334 3.775795494
1571665528 3.752097515
1571665723 3.754090384
1571668141 3.895939552
1571668340 3.764836556
1571668544 3.704164439
1571668738 3.756423819
1571668938 3.769828216
1571752012 3.79805118
1571752207 3.649007554
1571752407 3.83909649
1571752611 3.729015158
1571752806 3.81566897
1571753002 3.849844807
1571753199 3.589983517
1571753397 3.887776043
1571753594 3.846491343
1571753791 3.793012623
1571760149 3.765107751
1571760344 3.794068049
1571760549 3.878111434
1571760744 3.79869491
1571760946 3.903195246
1571761154 3.832542322
1571761354 3.728108341
1571761549 3.742946994
1571761744 3.712754277
1571761952 3.804481159
1572003255 3.803487658
1572003449 3.880348996
1572003647 3.761110926
1572003845 3.695403921
1572004041 3.799915882
1572004237 3.783934001
1572004431 3.702556297
1572004631 3.644440994
1572004832 3.867432341
1572005031 3.633316382
1572011233 3.779701876
1572011429 3.683276125
1572011625 3.667030013
1572011823 3.743732821
1572012019 3.676072218
1572012217 3.819567361
1572012411 3.845050612
1572012605 3.757347705
1572012800 3.830650683
1572012994 3.826431384
1572265053 4.459626073
1572265250 3.785078152
1572265448 4.228761707
1572265647 3.841773762
1572265853 3.591490119
1572266055 3.669619276
1572266247 3.987582384
1572266451 3.889598961
1572266651 3.743599071
1572266853 4.631907823
1572274120 3.209980657
1572274293 3.164835695
1572274462 3.144012632
1572274802 3.163663677
1572274972 3.121178872
1572275140 6.988037599
1572275318 3.893400185
1572275489 2.992634697
1572275663 3.116643006
1572361267 3.915623572
1572361464 3.786492639
1572361659 3.860909899
1572361854 3.799042879
1572362054 3.725757236
1572362247 3.728450518
1572362443 3.659211057
1572362639 3.899065797
1572362838 3.502488678
1572363034 3.676403601
1572366912 3.035915573
1572367079 3.061647437
1572367250 3.136553737
1572367418 3.177938453
1572367599 3.146314897
1572367778 3.099746028
1572367946 3.235480275
1572368115 3.12501319
1572368281 3.143209444
1572368447 3.110470378
1572532384 3.639129485
1572532585 3.724082297
1572532790 3.711799082
1572544499 3.161066681
1572544667 3.160221373
1572544839 3.0210518
1572545011 3.11285083
1572545185 3.123323663
1572870011 3.020284962
1572870182 51.44544432
1572870411 3.159393863
1572870585 51.362215486
1572870801 4.867980708
1572965393 3.240608872
1572965560 3.382396922
1572965727 3.130037823
1572965896 3.169368645
1572966068 3.145093874
1572966234 3.228262428
1572966406 3.208534004
1572966590 3.280170581
1572966769 3.299298774
1572966933 3.289819502
1573207039 4.274631084
1573207208 3.084387843
1573207378 3.198387453
1573207543 3.199624423
1573207713 3.118147574
1573207881 3.027923989
1573208047 3.171545755
1573208212 3.047033349
1573208381 3.068168559
1573208546 3.071242139
1573220281 3.244915067
1573220449 3.076763475
1573220616 3.100022784
1573220786 3.075291817
1573220954 3.114054977
1573221121 3.201040852
1573221285 3.157499183
1573221455 3.078869712
1573221621 3.001721572
1573221790 3.205875784
1573221979 3.131458281
1573222150 3.392309407
1573222317 3.038662109
1573222482 3.679296295
1573222652 3.151913518
1573301130 3.098708108
1573301299 2.968138039
1573301481 3.062016716
1573301648 3.081316035
1573301835 3.106851819
1573302013 3.235086651
1573302182 3.076408317
1573302357 3.096665873
1573302526 3.179057349
1573302693 3.165420314
1573303846 2.962766803
1573304170 2.731118825
1573304337 2.759250328
1573304496 2.822416692
1573304663 2.775802244
1573304821 2.589763017
1573304981 2.806684488
1573305144 2.960028313
1573305303 2.620027227
1573752476 3.10871835
1573752734 2.778236035
1573752893 2.629652983
1573753051 3.108104777
1573753209 3.030370372
1573753364 2.617400064
1573753522 2.779469521
1573753676 2.895953211
1573753837 2.943792742
1573754657 2.640503726
1573754817 2.789251128
1573754978 2.919073495
1573755146 2.72230399
1573755308 2.859245607
1573755465 2.771822386
1573755620 3.068751615
1573755778 2.645591851
1573755936 2.799919855
1573756093 2.910714581
1573831401 2.775732542
1573831559 2.727198024
1573831717 3.028694913
1573831890 2.730589362
1573832042 2.680276681
1573832203 2.767315369
1573832358 3.04598967
1573832524 2.73575094
1573832680 2.816812217
1573832835 2.7713982
1573833030 2.772453555
1573833187 2.641778909
1573833351 2.700339384
1573833508 2.81501958
1573833666 2.948831971
1573901040 2.578484928
1573901198 2.635452619
1573901354 3.075547797
1573901510 3.106849059
1573901671 2.650132288
1573901824 2.763189078
1573901979 2.987256752
1573902138 2.635491166
1573902296 2.594623155
1573902451 2.803458799
1574685767 2.86593228
1574685957 3.113460567
1574686130 2.939786801
1574686287 4.560595045
1574686449 3.066514745
1574686616 2.950438939
1574686779 2.887462134
1574686964 3.207321045
1574687304 2.880296789
1574689634 2.905308078
1574689849 2.962338401
1574690018 3.056465186
1574690188 3.31465322
1574690358 2.93651344
1574690517 2.862086774
1574690688 2.816489693
1574690848 3.124779356
1574691033 3.014023268
1574691212 2.883687237
1574706834 3.028128248
1574707077 2.81212447
1574954179 3.074396435
1574954343 3.026639481
1574954520 2.939893636
1574954685 2.895189564
1574954867 2.89893371
1574955025 3.007978948
1574955284 2.893371357
1574955442 3.588240668
1574955601 2.814733732
1574955762 3.417771934
1575026510 3.000943995
1575026671 3.183748761
1575026834 2.77139837
1575026993 2.94213646
1575027157 2.940929225
1575027319 2.824636801
1575027484 3.034504958
1575027642 2.779100834
1575027806 2.969396816
1575027970 3.02207149
1575112826 3.160338482
1575112987 2.774077199
1575113150 2.763168312
1575113310 2.977860131
1575113469 2.986151867
1575113628 2.984902724
1575113785 3.047540794
1575113943 2.991933848
1575114104 2.977231826
1575114268 2.939348346
1575289756 2.993789745
1575289923 2.860352991
1575290088 2.94738469
1575290271 3.068399663
1575290444 2.947025815
1575290620 2.964763714
1575290788 3.027504958
1575290946 2.899221357
1575291107 3.116985338
1575291270 3.155463003
1575384158 2.877547667
1575384317 3.051741351
1575384478 3.081444813
1575384636 3.015855675
1575384801 2.900609302
1575384957 3.036901869
1575385119 2.963124264
1575385279 2.940459081
1575385438 2.990732836
1575385601 2.988131413
1575556538 3.426989486
1575556700 2.836565336
1575556865 3.030673393
1575557050 2.891645623
1575557226 2.992172928
1575557410 2.820028162
1575557585 2.90374858
1575557758 3.017849894
1575558216 2.991431177
1575558405 2.652669757
1579184036 2.891816437
1579184752 3.120465118
1579184913 2.827011863
1579185075 2.719175685
1579185250 2.957760503
1579185427 2.929884763
1579185610 3.48815887
1579185784 2.864150231
1579185977 2.938929754
1579186150 2.843759379
1579351766 2.804063219
1579351933 2.727640716
1579352094 3.027821744
1579352255 3.033060754
1579352418 2.895357221
1579352582 2.935246673
1579352740 2.856485048
1579352901 3.037112311
1579353064 2.866830019
1579353226 3.061217566
1579522855 3.079764499
1579523059 2.859759296
1579523249 2.878291259
1579523414 2.856180923
1579523588 2.906519971
1579523769 3.041212372
1579523951 2.78291626
1579524139 3.091595366
1579524305 2.943395785
1579524474 3.010547317
1579537447 2.822887409
1580215307 3.765424268
1580215502 3.329257431
1580215667 2.957322023
1580215825 3.099894302
1580215986 2.856504072
1580216149 2.87396942
1580216308 2.978620548
1580216471 2.919230784
1580216629 3.277296898
1580216811 2.86123735
1580304721 3.025904798
1580304878 2.95206816
1580305040 2.86735797
1580305201 2.774263411
1580305384 2.899686617
1580305544 2.860560181
1580305709 2.771235765
1580305866 2.867359541
1580306021 3.003724394
1580306181 2.935075487
1581935221 3.027242486
1581935380 2.706956079
1581935540 2.682457322
1581935706 2.993850856
1581935873 3.001984889
1581936045 2.767009074
1581936216 2.982547488
1581936380 2.81926729
1581936538 2.904296553
1581936714 2.792717703
1582026895 2.806436149
1582027057 2.903326437
1582027221 2.642261096
1582027390 2.796507954
1582027802 2.812174112
1582027966 2.890118798
1582028135 3.117828016
1582028301 3.009254747
1582028469 2.974802398
1582028639 3.228273997
1582113110 2.908812568
1582113278 2.892754322
1582113440 2.891874665
1582113610 3.01578442
1582113773 3.107461686
1582113949 3.004931295
1582114111 3.063637645
1582114274 3.082681667
1582114441 2.995396296
1582114605 3.114118718
1582114768 3.084025764
1582114934 3.037839585
1582115097 2.774680796
1582115263 2.83079113
1582115426 2.82352675
1582115590 2.85273504
1582115753 2.812122709
1582115917 2.857100356
1582116098 2.911943555
1582116314 2.766637844
1582116487 4.905401108
1582116656 2.728291645
1582118974 2.94929369
1582119138 2.763215163
1582119307 2.812285734
1582119472 2.74451535
1582119658 2.816838311
1582119821 2.985523143
1582119992 2.860280779
1582120164 2.73708412
1582120889 2.940617378
1582121055 3.067692966
1582121300 2.96594421
1582121462 2.780865037
1582125205 2.850750126
1582125364 2.900070102
1582125848 3.111048512
1582126015 3.151603645
1582126183 3.44582124
1582126344 2.990147035
1582126511 3.194799465
1582126673 3.037898465
1582126840 3.041472284
1582127002 3.160608285
1582127163 3.221841093
1582127332 2.995039356
1582127498 3.076980349
1582127662 2.939581262
1582127827 2.827053482
1582127987 2.962502432
1582128153 2.94932777
1582128331 4.073000953
1582128493 3.037300337
1582128656 2.743916898
1582128822 2.776300519
1582128985 2.790504587
1582129157 2.786494146
1582129316 2.878002468
1582129477 2.850074237
1582129641 2.892073475
1582185063 2.874563302
1582185245 2.723873805
1582185979 2.740120595
1582186139 2.898456142
1582186301 3.924607489
1582186872 2.905992081
1582187836 2.861222016
1582187994 2.898801282
1582188153 2.976652069
1582188314 2.772637707
1582193765 2.918480927
1582193928 3.032410522
1582194093 2.983399037
1582194248 2.849711214
1582194410 2.855956146
1582194575 2.827183987
1582194735 2.881574584
1582194904 2.831061902
1582195065 2.900482017
1582195226 2.764259855
1582195720 2.857181509
1582195880 2.893739542
1582196038 3.035664005
1582196198 2.843774579
1582196357 3.019043535
1582196516 3.027481283
1582196674 2.984573897
1582196835 2.776443247
1582196996 2.770764742
1582197162 2.831748662
1582197319 2.812501096
1582197485 2.916011005
1582197657 2.895197188
1582197814 2.990884346
1582197972 2.910237191
1582198129 2.686733607
1582198291 2.960913146
1582198448 2.868473693
1582198729 2.752275584
1582199078 2.713478211
1582631385 2.915140875
1582631546 2.867495943
1582631702 3.02807862
1582631859 2.60589394
1582632015 2.904099179
1582632173 3.497205714
1582632334 2.649214912
1582632496 2.73311147
1582632655 3.064781821
1582632816 2.873774086
1582884514 2.828419926
1582884693 2.891998576
1582884862 2.87686559
1582885026 2.943338358
1582885190 2.956547039
1582885351 3.032681154
1582885511 3.120975178
1582885674 2.999958792
1582885838 3.123595455
1582885995 2.843279543
1574707077 2.81212447
