1569854244 3.41108067
1570449729 4.142265362
1571757771 3.567180021
1572363798 3.118562486
1572872459 9.043523477
1572876920 3.194269726
1573212053 2.540906175
1573828298 2.867409335
1573903260 2.302685335
1574693511 2.438420258
1574694596 2.732455072
1574695489 2.723672754
1574695802 2.945151604
1574707254 2.183316348
1574708529 3.097273326
1574708737 2.892996993
1574951067 2.72450041
1574951455 2.492107014
1574952844 2.824061713
1575030999 2.915069314
1575037398 2.536587522
1575114737 2.647685663
1575115667 2.667876242
1575115981 2.462826729
1575116604 2.753981998
1575293280 2.863612926
1575293952 2.703384001
1575295399 2.775755042
1575386152 2.883055743
1575387177 2.740180613
1575387797 2.822185991
1575391715 2.666983888
1575473376 2.428892988
1575559240 3.034633259
1575559925 2.931629885
1575560254 2.847862265
1575561117 3.10167654
1575561463 2.820175096
1575567810 2.597735041
1579186688 3.350343852
1579187706 2.654921192
1579188032 2.89010574
1579188484 2.775369951
1579189345 2.766630382
1579190347 3.075593657
1579354412 2.827717403
1579355341 2.727350139
1579356265 2.730942512
1579361529 2.519321325
1579525048 2.695974519
1579526095 2.825542795
1579528390 2.58415051
1579528751 2.558578177
1579529539 2.751101542
1579536848 2.295402357
1580218170 2.484039327
1580218483 2.653688539
1580218817 2.781576842
1580222257 2.832842398
1580222887 2.582136984
1580223191 2.657255763
1580228149 2.326566385
1580306482 2.552671721
1580306784 2.851765912
1580307970 2.733441273
1580308283 2.427345976
1580310799 2.732969856
1580311112 2.86128939
1580311794 2.825298925
1580314796 2.633667336
1581946884 2.754892639
1582043564 2.535226284
1582120336 2.478111826
1582634902 2.478858737
1574708737 2.892996993
