1569853974 2.517950237
1569855001 2.293545189
1569855557 2.598382307
1570447396 2.540339855
1570448226 2.346688803
1570449182 2.436977665
1570449608 2.34821969
1571323594 2.29786413
1571323997 2.479037056
1571324395 2.367549379
1571324787 2.36558547
1571327718 2.168503655
1571328109 2.336470348
1571328500 2.268000065
1571328890 2.388622307
1571329283 2.276012218
1571329671 2.266791413
1571398222 2.318142551
1571398618 2.342147118
1571399009 2.310959247
1571399401 2.291158842
1571399793 2.300321344
1571400190 2.121405334
1571400611 2.305180226
1571401011 2.278370653
1571401404 2.226805345
1571407173 2.255291628
1571407566 2.250684234
1571407956 2.375355912
1571408347 2.247455661
1571408739 2.261605126
1571666231 2.334695742
1571666623 2.333413904
1571667015 2.301520312
1571667405 2.292570496
1571667851 2.342404066
1571669501 2.299258583
1571669895 2.259524304
1571754412 2.35199373
1571754803 2.29931106
1571755205 2.603961448
1571755606 4.069058895
1571756835 2.428451806
1571757273 2.300811246
1571757690 2.51974431
1571758088 2.250373904
1571758479 2.28493149
1571762483 4.476756007
1571762881 2.461676677
1571763272 2.394720016
1571763663 2.34392147
1571764066 4.114047063
1571764481 2.354332729
1571764873 2.271643053
1571765262 2.231129678
1571765653 2.295601624
1571766042 2.351061957
1571767011 2.25745844
1572006771 2.31282511
1572006952 2.690640477
1572007370 2.226632935
1572007766 2.33451582
1572008274 2.337035598
1572008676 2.21502459
1572009072 2.375785922
1572009460 2.391356607
1572009851 2.433380352
1572010242 2.25153446
1572010639 2.26655445
1572011029 2.300135492
1572013592 2.409780026
1572013985 2.275905484
1572014377 2.334012352
1572014766 2.255332466
1572268321 2.312609703
1572269231 2.285861341
1572269639 2.349381278
1572270055 2.301039676
1572270452 2.294696862
1572270843 2.308633972
1572271370 2.074560196
1572272541 1.819872852
1572272878 1.867151099
1572273211 1.861138936
1572273556 1.888223033
1572273891 1.793183674
1572276312 1.891058104
1572276652 1.761227845
1572276982 1.912378481
1572277313 1.791897194
1572277648 1.868669962
1572278007 1.918417016
1572278339 1.791102217
1572278671 1.874493672
1572363729 2.008421228
1572364059 1.965449218
1572364390 1.869274859
1572364722 1.922168631
1572365064 1.826166583
1572365394 1.860622429
1572365773 1.926721052
1572366153 1.918736053
1572366486 2.036148636
1572366819 1.86578247
1574711191 1.798890003
1574708982 1.962213634
