1569854745 5.818483713
1569856354 5.75581463
1571330406 5.533982833
1571766763 5.435715924
1571767547 5.596129226
1572537627 4.456034565
1572538280 4.521373953
1572538940 4.55919391
1572539592 4.549172811
1572540241 4.514428058
1572541145 4.541572633
1572541798 4.446670582
1572542447 4.495125075
1572543094 4.421892797
1572543765 4.397276453
1572871513 4.364306152
1572872164 4.522016315
1572872844 4.98464389
1572873493 4.348347866
1572874151 4.215257098
1572875216 4.472914291
1572876070 4.312040062
1572877297 4.397932227
1572877951 4.319922615
1572879191 4.416392707
1572967581 4.66490387
1572968240 4.466977826
1572969539 4.443321137
1572970200 4.368526026
1572970850 4.496277824
1572971513 4.451104879
1572972174 4.511616605
1572972823 4.493107664
1572973539 4.523136689
1572974188 4.387406202
1572974846 4.215803194
1573209123 4.571234865
1573209794 4.358251219
1573210454 4.435848048
1573211122 4.543254029
1573211782 4.686717779
1573212428 4.434242701
1573213082 4.443494119
1573213731 4.301968474
1573214404 4.360867565
1573215061 4.351808534
1573310570 4.466108081
1573311189 4.096586178
1573311800 4.592562829
1573312506 4.448478897
1573313123 4.5785357
1573313748 4.522620137
1573314377 4.046625469
1573314990 4.404095297
1574696598 4.452342732
1574697178 4.187275536
1574697769 4.200544755
1574698342 4.384105326
1574698929 4.397454377
1574709741 4.237267135
1574711000 4.230035941
1574956349 4.117522518
1574957012 4.185770276
1574957613 4.481614672
1574958195 4.129730744
1574958789 4.140911014
1574959377 4.621128301
1574959977 4.34078049
1574960554 4.394203016
1574961800 4.479585709
1575033277 4.629159255
1575033846 4.352216133
1575034435 4.195510208
1575035011 4.432439216
1575035572 4.476703519
1575036610 4.253666459
1575037171 4.378033359
1575037730 4.48810498
1575038733 4.180257535
1575039304 4.431942396
1575120565 4.34100963
1575121130 4.369253759
1575122124 4.142121811
1575122750 4.226441533
1575123308 4.359995324
1575123866 4.590003168
1575124423 4.188236622
1575124989 4.158776053
1575125553 4.520733644
1575126120 4.087675577
1575297871 4.359165102
1575298444 4.137918455
1575299014 4.417060736
1575299593 4.419741986
1575300165 4.43908515
1575300783 4.432739906
1575301555 3.75447583
1575302164 4.563142217
1575390352 4.047995878
1575390921 4.276220963
1575391484 4.320125232
1575392050 4.568024305
1575392861 3.883962216
1575393497 4.307966331
1575394056 4.041086726
1575394622 4.603810045
1575395186 4.475686701
1575562596 4.31505655
1575563281 4.432629149
1575563929 4.568289664
1575564527 4.214789737
1575565109 4.458424879
1575566248 4.254101784
1575568759 4.135645773
1579191204 4.223735147
1579191816 4.765632913
1579192383 4.397361363
1579192968 4.29600415
1579193554 4.448472449
1579194118 4.17752951
1579194686 4.345742795
1579195841 4.404176557
1579359609 4.256118321
1579360747 4.340391058
1579361302 4.431701856
1579361858 4.331570431
1579362412 4.296030085
1579362969 4.321164436
1579363536 4.402269421
1579364102 4.260035843
1579364661 4.235138644
1579530654 4.256402487
1579531226 4.508892071
1579532282 4.062153144
1579532974 4.576690133
1579533635 4.399484318
1579534236 4.226597114
1579534922 4.314679506
1579535538 4.359998835
1579537185 4.170602485
1580223913 4.268476486
1580224471 4.046798844
1580225028 4.151683398
1580225591 4.525302843
1580226150 4.259768714
1580226736 4.642842521
1580227303 4.238347905
1580227901 4.408881238
1580228482 4.139540049
1580229042 4.273634911
1580312469 4.347716336
1580313049 4.42849846
1580313929 4.486071385
1580314569 4.230531226
1580315126 4.129991326
1580315687 4.292121366
1580316248 4.42660301
1580316958 4.448859173
1580317543 4.781246858
1581942609 4.28531156
1581944186 4.429627456
1581945133 4.281619865
1581946083 4.243828108
1581946652 4.150572125
1581947546 4.22618967
1581948140 4.262125103
1581949248 5.023364306
1582034953 4.284087307
1582035826 4.558960201
1582036431 4.63596343
1582037041 4.651853991
1582037642 4.470637079
1582038233 6.407830213
1582038825 3.930371913
1582041735 4.87383799
1582042488 4.577372623
1582043937 4.775873581
1582044529 4.821680506
1582638132 4.00506148
1582638694 4.156291548
1582640130 4.170748954
1582640948 4.369761133
1582641507 4.196582991
1582642079 4.205988039
1582642646 4.161981361
1582643220 4.535340485
1582643818 4.732595636
1582644377 4.245396807
1582898987 4.25961195
1582899550 4.289522831
1582900117 4.400160642
1582900677 4.180730675
1582902421 4.156652568
1582902981 4.23096882
1582903586 4.227824613
1574711000 4.230035941
