1569850065 10.132623648
1569850065 10.132623648
1569850827 9.890143111
1569851084 10.025684732
1569851288 10.03160313
1569851638 9.947372003
1569851851 10.1932576
1569852079 10.002531952
1569852304 9.860092258
1569852541 10.007958247
1569853181 10.130628162
1569853471 14.333026363
1570543190 12.015254669
1570543550 9.588244324
1570543761 9.778230145
1570544678 9.792831446
1570544936 9.667679979
1570545137 9.740260928
1570545354 12.288434776
1571323062 9.513122097
1571325179 9.640073479
1571325375 9.749633955
1571325581 9.593296174
1571325781 9.754158241
1571325977 9.900521882
1571326869 9.811598644
1571327085 9.618686668
1571327294 9.692585734
1571395970 9.386900233
1571396168 9.420676387
1571396366 9.875826824
1571396564 9.781008921
1571396763 9.732351023
1571396988 9.64897762
1571397194 10.112327301
1571397395 9.982535418
1571397591 9.912222712
1571397789 10.283960455
1571405037 9.693408604
1571405235 10.312613722
1571405433 9.816086936
1571405666 9.77248186
1571405865 10.208429099
1571409083 9.95705223
1571409285 9.964792838
1571409487 9.921524887
1571409703 9.771936141
1571409902 9.867545449
1571664508 10.097635025
1571665016 9.810097177
1571665231 9.675378121
1571665425 9.764038704
1571665619 9.568205635
1571665815 9.652470828
1571668232 9.731703482
1571668431 9.653672212
1571668635 9.873350634
1571668829 9.708448965
1571669030 9.7754849
1571752102 9.76010016
1571752298 9.647963748
1571752498 9.7406488
1571752702 9.823802328
1571752899 9.74428764
1571753093 9.715383415
1571753290 10.111298978
1571753487 9.863969531
1571753685 9.792016465
1571753882 9.820599181
1571760240 9.875432233
1571760437 9.936245608
1571760639 9.696275237
1571760839 9.755541247
1571761038 10.219570684
1571761245 9.889679143
1571761444 9.830490417
1571761639 9.609842086
1571761836 9.85298816
1571762043 9.837964209
1572003345 9.821507182
1572003542 9.743807667
1572003738 9.960385837
1572003935 9.824318101
1572004132 9.763267876
1572004328 9.680126474
1572004522 9.759697419
1572004721 9.830410085
1572004924 9.92402076
1572005122 9.793434161
1572011323 9.656399629
1572011520 9.380120942
1572011720 9.719697964
1572011913 9.864072813
1572012109 9.691200706
1572012306 9.957475855
1572012502 9.864023495
1572012695 9.766414006
1572012891 9.795805022
1572013085 9.81161908
1572265144 9.669889151
1572265344 9.732332215
1572265540 9.507992278
1572265738 9.862465833
1572265944 9.532608806
1572266145 9.829771463
1572266344 9.746183797
1572266543 9.692505543
1572266741 9.658545444
1572266947 9.765380259
1572274197 7.828731968
1572274370 7.908995631
1572274538 8.066633854
1572274711 7.945053191
1572274880 8.102383554
1572275048 7.628361676
1572275220 7.923385185
1572275398 7.849698257
1572275566 7.780682546
1572275739 7.940868736
1572361360 9.790498823
1572361555 9.788235763
1572361749 9.698903335
1572361944 9.678802561
1572362144 9.674045436
1572362338 9.685982874
1572362534 9.533818486
1572362733 9.716529873
1572362928 9.906831428
1572363124 10.06189126
1572366988 7.894201284
1572367157 7.861533567
1572367328 7.87642579
1572367494 7.900103386
1572367677 8.049044717
1572367854 7.976956355
1572368023 7.799793692
1572368192 8.023963371
1572368358 8.029964232
1572368523 7.664309574
1572532475 9.788908741
1572532675 9.784953064
1572532881 9.908667776
1572544576 7.797943592
1572544744 7.850892222
1572544915 7.959695363
1572545088 7.708002586
1572545261 7.77331016
1572870090 7.842934759
1572870308 7.812753193
1572870490 7.967439132
1572870711 7.767975849
1572870879 7.995158994
1572965472 8.151406479
1572965637 7.860871838
1572965973 7.842333595
1572966145 7.885355074
1572966312 8.121625538
1572966483 7.947872499
1572966666 7.988499748
1572966846 7.819173157
1572967010 7.784082912
1573207117 7.776011293
1573207285 7.847273999
1573207455 7.623734317
1573207620 7.925071713
1573207790 8.108471079
1573207957 8.234402195
1573208124 7.811802633
1573208289 7.723878658
1573208458 7.632182312
1573208623 7.808473264
1573220359 8.29785559
1573220526 7.905622244
1573220693 7.917999149
1573220863 7.774639483
1573221030 7.863400006
1573221197 8.056206236
1573221361 7.64471359
1573221531 7.888718426
1573221698 7.853001445
1573221868 7.82015587
1573222056 7.710266344
1573222226 7.820085426
1573222393 7.830485405
1573222729 7.692303844
1573301207 7.819329884
1573301375 7.85636882
1573301558 8.04650613
1573301726 25.803855449
1573301913 7.816279166
1573302092 7.567303781
1573302259 7.821458418
1573302433 7.681008724
1573302602 7.831296164
1573302785 7.828447954
1573303918 7.569866789
1573304082 7.191195666
1573304244 7.15631162
1573304410 7.156824918
1573304568 7.077639845
1573304735 6.928702595
1573304894 7.252855281
1573305055 7.10859168
1573305215 6.999891948
1573305375 7.083674681
1573752809 6.905605858
1573752965 7.325843988
1573753438 6.771023092
1573753594 6.941110687
1573753747 6.945753264
1573754889 7.269972557
1573755053 7.652170021
1573755217 7.17572931
1573755379 7.052046637
1573755536 6.942381526
1573755691 7.453099607
1573755850 7.131324821
1573756007 7.11643646
1573756168 9.019693661
1573831473 7.068146463
1573831630 7.216237588
1573831790 7.704132999
1573831961 6.969729031
1573832113 7.117501304
1573832433 7.308792584
1573832595 7.090872427
1573832751 7.041338232
1573832907 6.908913748
1573833102 7.21352462
1573833258 7.063359883
1573833422 6.835946447
1573833580 6.938843623
1573833737 7.069249513
1573901111 7.560096311
1573901270 6.987253389
1573901425 7.245881567
1573901586 7.143329857
1573902051 7.166274419
1573902522 7.809413598
1574686042 7.916179503
1574686367 6.784799859
1574686853 6.971345686
1574687377 7.16600622
1574689924 7.240534275
1574690263 7.051611727
1574954254 7.600709575
1574954417 7.359839008
1574955100 7.217150221
1574955517 7.257016725
1575026744 6.912707915
1575027067 7.173205432
1575112900 7.752271642
1575113065 7.610042621
1575113385 6.897795637
1575114016 7.390331954
1575114340 7.259942158
1575289832 7.010421632
1575290352 7.20100778
1575290863 7.017261163
1575291342 7.384478288
1575384230 7.287901792
1575385192 7.289130343
1575385515 7.202743159
1575385675 6.832056211
1575556612 7.103327938
1575557659 6.919529055
1579185868 7.497296739
1579352168 6.790752815
1579352656 7.320680318
1579352812 7.091600614
1579352976 7.229139983
1579524024 6.936352087
1579537533 35.110130742
1580216546 7.142137113
1580305939 7.472843947
1581935295 6.977885599
1581935452 7.334996089
1581935616 6.992466248
1581935780 7.076160962
1581936289 7.209941332
1581936787 7.166489182
1582026969 8.448848857
1582027130 8.01759372
1582027297 7.080711699
1582027465 8.153982994
1582027876 8.04857652
1582028042 8.056454734
1582028380 8.091653615
1582028547 8.149553926
1582028716 8.374413429
1582113190 7.951068743
1582113519 7.53259059
1582113686 7.275425696
1582114026 6.902672946
1582114190 8.169445223
1582114350 8.163680084
1582114516 7.885707828
1582114681 7.969274905
1582114843 8.082797734
1582115011 8.154439703
1582115172 8.332074961
1582115340 8.260429313
1582115502 8.150813154
1582115665 7.087512593
1582115828 8.153358085
1582115992 7.980696268
1582116172 8.059776753
1582116386 6.95797515
1582116729 7.893960663
1582119049 8.065669874
1582119212 7.989420696
1582119560 7.986707434
1582119733 7.261277516
1582119894 8.340889245
1582120073 7.997261894
1582120244 7.975214399
1582120963 7.936417733
1582121130 8.224670362
1582121375 8.218768362
1582125065 6.951591491
1582125279 8.135600826
1582125729 8.146700077
1582125924 7.973714566
1582126089 8.210247287
1582126257 8.017206569
1582126421 8.012781487
1582126588 8.085551465
1582126752 7.940897395
1582126913 8.006464004
1582127074 8.086837964
1582127239 8.342811987
1582127409 7.961225641
1582127574 8.207694146
1582127901 7.345006005
1582128061 11.689383637
1582128228 7.462026594
1582128406 8.264401582
1582128569 7.414785611
1582128733 8.246353985
1582128898 8.165064134
1582129064 8.251330076
1582129231 6.921141609
1582129390 7.882651855
1582129552 7.890887611
1582129714 7.802686022
1582185140 6.696238639
1582185322 8.065387336
1582186052 7.324623877
1582186947 7.105515489
1582188226 7.209842843
1582188388 7.297243104
1582194001 7.125509287
1582194322 7.163606312
1582194813 7.525881894
1582195137 7.161084423
1582195301 7.019467598
1582195795 7.242257725
1582195954 7.089226743
1582196111 6.924201865
1582196589 7.121355325
1582196747 6.965546956
1582196907 7.16387758
1582197069 7.294055206
1582197237 7.218590469
1582197568 7.254292753
1582197729 7.080802516
1582197886 7.103231492
1582198045 7.103000267
1582198202 7.402967494
1582198363 6.941753137
1582198521 7.36549717
1582631618 7.060776703
1582631775 7.179571715
1582631932 7.030527269
1582632089 7.103651215
1582632569 6.863175751
1582632729 7.192365296
1582884589 7.026187397
1582884766 7.115574431
1582884934 7.603145046
1582885098 6.848747156
1582885425 6.910883892
1582885746 7.032734703
1582885911 6.862785256
