1569849912 3.532215303
1569850117 3.452265769
1569849912 3.532215303
1569850117 3.452265769
1569850927 3.550670923
1569851135 3.684832435
1569851470 5.883426035
1569851692 3.479377967
1569851921 3.657107006
1569852150 3.628480335
1569852389 3.427115077
1569852605 3.460404414
1569852996 3.699451581
1569853308 3.606597494
1569853546 3.72084297
1569854189 3.725166396
1569855148 3.660421207
1569855592 4.169787626
1570446920 3.525145
1570448012 3.625091663
1570448740 3.473565784
1570449209 3.37788246
1570449634 3.826465445
1570543034 3.622400728
1570543391 6.90756455
1570543598 3.554882898
1570544527 3.483137614
1570544728 2.168796505
1570544988 3.510893192
1570545193 4.456075932
1571322906 3.460201707
1571323228 3.585749693
1571323622 3.515045087
1571324024 3.249817792
1571324423 3.507113013
1571325029 3.648527368
1571325226 3.511554967
1571325425 3.461730019
1571325630 3.496660386
1571325828 3.687407881
1571326028 3.575148961
1571326720 3.504335935
1571326932 3.624359748
1571327139 3.492180449
1571327353 3.583577716
1571327744 3.441744885
1571328135 3.559713327
1571328526 3.584473686
1571328917 3.486485424
1571329309 3.487062757
1571329901 3.505459259
1574710610 2.686116312
1574707031 2.703670883
1574708694 2.775658688
