1569854664 2.469938968
1569856254 2.426619621
1571330326 2.385976991
1571766683 2.465645608
1571767466 2.47176455
1572537560 1.864367831
1572538214 1.855535955
1572538873 2.043939901
1572539526 2.047517748
1572540174 1.909147698
1572541079 1.957695078
1572541733 1.916959103
1572542381 1.911064292
1572543029 1.963200681
1572543693 1.992568894
1572871447 1.916792161
1572872099 2.008457517
1572872776 1.975225246
1572873428 1.974226989
1572874086 1.868126726
1572875150 1.959591217
1572876004 1.96748051
1572877230 1.932536703
1572877884 2.000787852
1572879125 2.012324614
1572967515 1.874675369
1572968173 1.958588246
1572969473 1.882490542
1572970135 1.933791231
1572970785 1.954709218
1572971445 2.001219019
1572972108 1.868165849
1572972757 1.923898398
1572973473 1.965320544
1572974123 1.956143422
1572974775 1.955236066
1573209057 1.871425165
1573209713 1.936096685
1573210388 1.951649887
1573211056 1.920182232
1573211714 2.087903952
1573212363 2.056178102
1573213016 1.880309656
1573213665 2.008524015
1573214337 2.010462497
1573214995 2.001940851
1573310509 2.022393922
1573311126 1.944350845
1573311740 1.787581931
1573312446 1.74056411
1573313059 2.039793021
1573313685 2.087457381
1573314315 1.651202238
1573314929 1.859929013
1574696537 1.754262251
1574697118 1.750783279
1574697709 1.808463177
1574698281 1.702012834
1574698870 1.718096076
1574709680 1.846655601
1574710940 1.844605784
1574710940 1.844605784
