1570447398 81.896528686
1570448229 7.899615822
1570545384 93.536815217
1571330652 20.136597122
1571409925 100.019150118
1572005145 20.954487783
1572015158 48.273225068
1572266973 880.902985671
1572268323 177.642002252
1572278672 61.363295613
1572372825 52.771000122
1572545286 74.168350532
1572883559 35.58650079
1572978274 39.379761955
1573215274 18.856514631
1573222748 17.708619466
1573302809 18.066139122
1573305397 14.817937709
1573309625 15.386227378
1573315265 186.569629457
1573746654 58.8369926
1573749911 1977.286370326
1573756190 18.501834126
1574699100 18.489086058
1575039477 39.715368666
1575291365 15.263683055
1575302339 49.39324824
1575395926 882.112579512
1575568928 556.531651198
1579196575 172.534456451
1579537583 208.418657037
1581940015 15.17468935
1582903757 43.47679844
