1569854651 2.82949808
1569856234 6.371198245
1571330312 2.867757298
1571766669 2.911505371
1571767453 3.026750708
1572537549 2.344109442
1572538203 2.468847649
1572538862 2.343770526
1572539515 2.267167209
1572540163 2.361644903
1572541068 2.306775595
1572541722 2.350773117
1572542370 2.314084249
1572543018 2.270751433
1572543682 2.392204625
1572871436 2.344304399
1572872088 2.304839063
1572872765 2.298537139
1572873417 2.354132369
1572874075 2.518501204
1572875139 2.263642495
1572875993 2.340662142
1572877219 2.381784051
1572877870 2.246758076
1572879114 2.250386494
1572967504 2.42854792
1572968162 2.347957248
1572969462 2.337039404
1572970124 2.339780308
1572970774 2.37026454
1572971435 2.258849548
1572972097 2.444457487
1572972746 2.352131808
1572973462 2.255782742
1572974112 2.394709391
1572974764 2.202848949
1573209046 2.321391793
1573209702 2.378327439
1573210377 2.3103745
1573211045 2.371348257
1573211703 2.366300907
1573212352 2.358769744
1573213005 2.244845004
1573213654 2.3129303
1573214326 2.359504585
1573214984 2.294763593
1573310499 2.26261373
1573311115 2.248789591
1573311729 2.126006677
1573312436 2.09530192
1573313048 2.357091733
1573313674 2.426923283
1573314304 2.141343006
1573314919 2.13576694
1574696526 2.049489398
1574697107 2.049607207
1574697699 2.10768306
1574698271 2.186629459
1574698859 2.165450772
1574709670 2.021209549
1574710930 2.088042421
1574956279 2.126584302
1574956941 2.085506264
1574957542 2.09926778
1574958124 2.128014637
1574958717 2.090195284
1574959306 2.083258644
1574959906 2.103980759
1574960484 2.071728183
1574961094 2.039760408
1574961730 2.110429804
1575033206 2.319480135
1575033774 2.099218506
1575034364 2.106408454
1575034938 2.046168702
1575035501 2.111164069
1575036539 2.088682253
1575037101 2.020431607
1575037659 2.091039429
1575038662 2.137511007
1575039232 2.152056375
1575120494 2.097238247
1575121059 1.951633936
1575121780 2.812909081
1575122054 2.040703491
1575122680 2.180128037
1575123237 2.043192795
1575123796 2.159772022
1575124353 2.103271042
1575124919 2.114844181
1575125482 2.04426575
1575126048 2.17396935
1575297799 2.091127489
1575298373 2.173395767
1575298942 2.648854263
1575299523 2.215651831
1575300094 2.048687009
1575300712 2.092177514
1575301484 2.011699175
1575302092 2.080754196
1575390281 2.048334449
1575390851 2.183967047
1575391414 2.138207807
1575391980 2.091472798
1575392789 2.092756356
1575393426 2.131282931
1575393984 2.087334986
1575394551 2.144265373
1575395115 2.221178729
1575395679 1.99987561
1575562513 2.044021023
1575563210 2.0788703
1575563859 2.080409594
1575564457 2.042184333
1575565038 2.058208405
1575565603 2.096494752
1575566178 2.045048032
1575566759 2.093106111
1575568104 2.096480215
1575568689 2.110782914
1579191133 2.218338033
1579191745 2.13020403
1579192312 2.19623674
1579192891 2.131229153
1579193459 2.047017312
1579194047 2.065109787
1579194615 2.032709027
1579195180 2.129654753
1579195770 2.067819233
1579196333 1.964127731
1579359539 2.05503389
1579360116 2.055400778
1579360676 2.084803873
1579361232 2.048778827
1579361787 2.132142759
1579362341 2.048284818
1579362898 2.173227317
1579363465 1.98571717
1579364032 2.12411073
1579364591 2.099328018
1579530583 2.135569875
1579531156 2.213443919
1579532196 2.168330082
1579532904 2.075236107
1579533565 2.114532512
1579534166 2.08997558
1579534851 2.17272262
1579535467 2.005810505
1579536540 2.124299603
1579537115 2.158538567
1580223842 2.08651052
1580224400 1.996674723
1580224957 2.04879002
1580225521 2.089719077
1580226080 2.317325827
1580226665 2.215022876
1580227232 2.303342982
1580227830 2.046893102
1580228411 2.166672217
1580228971 2.133174971
1580312399 2.04357637
1580312979 2.178968816
1580313535 2.084906166
1580314498 2.046502837
1580315056 2.0847656
1580315616 2.138125223
1580316178 1.998974799
1580316882 2.073215874
1580317473 2.032613501
1581942538 2.092485994
1581944116 2.305118755
1581945060 2.211350837
1581946012 2.076208089
1581946580 2.232905802
1581947150 2.167621873
1581948069 2.048557481
1581949171 2.339447225
1582034873 2.325334794
1582035751 2.447835892
1582036359 1.915832362
1582036962 2.507188389
1582037568 2.618718209
1582038159 2.005009638
1582038755 2.169314191
1582041658 2.477489358
1582042416 2.589445908
1582043857 2.51257082
1582044458 2.339974564
1582638062 2.140450903
1582638624 2.133089872
1582640056 2.060841002
1582640877 2.118477257
1582641434 2.054099474
1582642008 2.131215107
1582642575 2.134062455
1582643148 2.180362932
1582643748 2.014939361
1582644305 2.060345617
1582898916 2.238269391
1582899478 2.033931689
1582900047 2.011755049
1582900606 2.083087319
1582902351 2.093801742
1582902911 2.185444377
1582903516 2.075098542
1574710930 2.088042421
