1569849895 63.569442775
1569850101 61.590703782
1569849895 63.314669526
1569850101 61.590703782
1569850859 116.24119095
1569851117 65.356413877
1569851454 76.634494048
1569851668 69.464504188
1569851882 86.230858357
1569852134 62.643630781
1569852339 94.621171643
1569852571 80.045052223
1569852961 81.760303017
1569853216 137.746316544
1569853510 84.729278389
1569854015 222.949703238
1569855566 74.504794728
1570446902 63.41071746
1570447996 61.713615063
1570448727 57.444078823
1570449192 64.52845302
1570449617 102.928863387
1570447996 61.713615063
1570449192 64.52845302
1570543012 68.668873551
1570543224 218.11687361
1570543580 63.76511822
1570543796 776.784152613
1570544711 65.573930564
1570544970 62.744042828
1570545168 74.414625507
1570543580 63.76511822
1571322893 58.880695934
1571323091 182.747444387
1571323605 61.548272311
1571324007 61.58635784
1571324406 62.374992171
1571324796 278.515975724
1571325209 61.937280992
1571325408 62.227472583
1571325613 61.843746276
1571325813 60.652121064
1571326008 65.577163097
1571326703 61.592495419
1571326913 64.70872946
1571327122 62.501671154
1571327329 70.03204876
1571327726 62.56816601
1571328117 62.428808125
1571328510 61.485415422
1571328899 63.807858333
1571329292 62.454760743
1571329680 266.720849249
1571395775 92.01709035
1571396000 62.336793107
1571396198 61.954592702
1571396396 62.348069607
1571396593 63.71200456
1571396792 63.404797781
1571397022 62.900234892
1571397225 63.906947665
1571397424 62.756866215
1571397623 61.253490702
1571397819 83.744804139
1571398231 64.800157823
1571398629 61.625331487
1571399018 63.638397008
1571399410 62.731152419
1571399803 68.05991159
1571400198 64.000994346
1571400623 61.423656182
1571401021 61.969707361
1571401412 62.886997823
1571405067 64.193327204
1571405265 63.239687914
1571405466 63.429924012
1571405697 63.553183991
1571406688 166.517542939
1571407182 62.400716028
1571407577 62.203662163
1571407965 61.742224989
1571408357 63.618137199
1571408749 200.443937201
1571409119 61.909538065
1571409321 61.960927046
1571409518 62.822299482
1571409733 63.891594959
1571396198 61.954592702
1571397424 62.756866215
1571397819 83.744804139
1571398629 61.625331487
1571399803 68.05991159
1571400623 460.719486461
1571401412 62.886997823
1571407182 62.400716028
1571408749 200.443937201
1571409119 61.909538065
1571664307 57.837962905
1571664844 64.161817004
1571665051 61.128969759
1571665260 62.531130191
1571665455 61.533982675
1571665649 62.551926523
1571665845 66.972171059
1571666241 61.801084182
1571666631 62.230781966
1571667023 64.285876723
1571667414 109.457327708
1571667859 269.948271314
1571668267 61.636834313
1571668460 72.4429751
1571668665 61.561500114
1571669059 116.831990976
1571669510 65.260361783
1571664307 57.837962905
1571666631 62.230781966
1571667414 109.457327708
1571667861 268.303454505
1571668267 61.636834313
1571668460 72.4429751
1571669510 65.260361783
1571752133 62.451024862
1571752330 65.047384428
1571752535 64.28973384
1571752732 62.196807695
1571752929 61.684760079
1571753124 63.184482267
1571753321 63.992535865
1571753519 63.126393332
1571753715 63.814547974
1571753911 176.016240935
1571754421 63.469352888
1571754811 65.717962525
1571755214 65.60026795
1571755616 227.693726304
1571756448 64.672432632
1571756844 80.419568364
1571757283 90.247749082
1571757699 63.24613312
1571758097 64.912116125
1571758488 64.037516
1571760073 64.128881227
1571760269 62.599651219
1571760468 68.372297725
1571760668 64.372244362
1571760869 65.32171287
1571761068 74.842872328
1571761280 61.996054871
1571761474 63.29245123
1571761668 64.605921814
1571762102 64.218301809
1571762890 65.813299006
1571763281 62.741253457
1571763671 63.694618356
1571764076 67.766788221
1571764490 62.60793997
1571764881 63.503292851
1571765271 61.829700133
1571765662 62.935606307
1571766051 250.610489465
1571767020 64.539561054
1571752133 62.451024862
1571752330 65.047384428
1571752535 64.28973384
1571752929 61.684760079
1571753124 63.184482267
1571753321 261.480997204
1571753715 769.272636933
1571756851 73.770912846
1571758097 64.912116125
1571758488 64.037516
1571760269 62.599651219
1571760468 68.372297725
1571760668 64.372244362
1571761474 63.29245123
1571762102 64.218301809
1571763281 62.741253457
