1569853392 4.492932374
1571396098 3.74385764
1572274480 3.174353202
1573304512 3.065874956
1573304838 3.103991924
1573752492 2.986816208
1573752750 3.132523485
1573753225 3.160248857
1573753380 3.114733936
1573754673 3.245079607
1573755162 2.817699749
1573755324 2.938242706
1573755636 2.863942117
1573831906 2.983693367
1573832059 2.745626529
1573832541 3.050810727
1573833203 3.002492211
1573833367 2.892726524
1573833682 3.093437448
1573901056 2.954901638
1573901214 2.979240128
1573902154 3.160699538
1573902312 3.051426566
1574685784 3.316761051
1574686147 3.237310758
1574686307 2.956188411
1574686632 3.138472497
1574686796 3.324000909
1574686982 3.290380798
1574687321 2.960069602
1574689650 3.085714727
1574689866 3.05757905
1574690204 3.295206011
1574690375 3.328256804
1574690534 3.35194025
1574690705 3.458648972
1574691229 3.261971305
1574707093 3.142602644
1574954360 3.112467707
1574954537 3.124543273
1574954883 3.117009999
1574955041 3.160971211
1574955300 3.219351107
1574955618 3.20038473
1574955779 3.108004003
1575026527 3.037223023
1575026688 3.315525568
1575026850 3.032373046
1575027009 3.24782386
1575027174 2.983556131
1575027335 3.548900698
1575027658 3.117064062
1575027823 2.968961626
1575027987 3.139534435
1575112843 3.111055785
1575113004 3.023416218
1575113166 2.975786899
1575113327 3.028365106
1575113644 2.968037469
1575113960 3.080601478
1575114124 3.243075789
1575114284 3.192158414
1575289773 3.13825196
1575290107 3.151959654
1575290460 3.145923225
1575290636 3.259480001
1575290962 2.972186328
1575291125 2.944510773
1575291286 3.075863751
1575384174 2.951571394
1575384334 3.170663667
1575384495 3.116141928
1575384817 3.076657935
1575384974 3.369557733
1575385295 3.076151858
1575385455 3.120494498
1575385618 3.19007031
1575556556 3.194132911
1575556716 3.300493007
1575556882 9.845899123
1575557243 3.25349283
1575557427 3.255450505
1575557601 3.286153178
1575558233 3.140032371
1579184053 3.26209292
1579184769 2.999519509
1579184930 3.205150259
1579185444 3.248766536
1579185627 3.404966783
1579186166 3.155116892
1579351783 3.215160193
1579351950 3.441958503
1579352111 3.164458923
1579352435 3.254683529
1579352599 3.165226659
1579352756 3.280383485
1579352918 3.38395351
1579353081 3.111044425
1574707093 3.142602644
