1569850022 10.693937877
1569850226 10.776897724
1569850022 10.693937877
1569850226 10.776897724
1569850756 32.337652131
1569851039 10.727510985
1569851245 10.820288611
1569851595 10.864391981
1569851807 10.884400586
1569852036 10.609929768
1569852261 10.853283236
1569852498 10.840446591
1569853108 10.804225842
1570543146 10.435143655
1570543508 10.568857586
1570543718 10.582163766
1570544635 10.800126208
1570544894 10.754165358
1570545311 10.543868083
1571323018 10.530015881
1571325136 10.598971371
1571325332 10.742929605
1571325538 10.455867591
1571325738 10.455862346
1571325935 10.646565484
1571326827 10.784367132
1571327042 10.511168493
1571327251 10.632940381
1571395928 10.562788603
1571396125 10.483315686
1571396321 10.52750971
1571396521 10.214501313
1571396720 10.453737789
1571396946 10.606267836
1571397151 10.484255814
1571397352 10.536833323
1571397549 10.516498256
1571397746 10.720467634
1571404995 10.561452792
1571405193 10.51591405
1571405390 10.606510413
1571405619 10.586311804
1571405822 10.676236169
1571409041 10.490646262
1571409243 10.377977239
1571409444 10.471398031
1571409661 10.569233513
1571409859 10.694769188
1571664426 10.880916129
1571665171 10.491590397
1571665383 10.391384924
1571665577 10.533608617
1571665772 10.527637655
1571668190 10.235952842
1571668388 10.613761424
1571668592 10.630955615
1571668787 10.543381733
1571668988 10.584631177
1571752455 10.432172575
1571752660 10.4969564
1571753050 10.305615542
1571753248 10.390145469
1571753445 10.714423767
1571753642 10.4691136
1571753840 10.594543123
1571760395 10.533456872
1571760597 10.447040136
1571760793 10.504833635
1571760995 10.613960705
1571761203 10.495512543
1571761402 10.505633115
1571761597 10.570906276
1571761793 10.502235975
1571762001 10.543941744
