1569854441 2.222263604
1569855851 2.171861433
1571330140 2.067832224
1571766495 2.098064751
1571767278 2.130704618
1572537403 1.747561507
1572538060 1.813989104
1572538720 1.708663851
1572539373 1.772838678
1572540019 1.730180595
1572540925 1.701602221
1572541579 1.663717298
1572542228 1.70866048
1572542875 1.752720522
1572543540 1.782572248
1572871294 1.86997801
1572871944 1.789435698
1572872621 1.716925388
1572873274 1.740337744
1572873927 1.755021298
1572874989 1.814500848
1572875850 1.746224243
1572877076 1.671891918
1572877725 1.799755985
1572878953 1.82440234
1572967360 1.716887596
1572968017 1.72065236
1572969319 1.76251313
1572969980 1.692912483
1572970630 1.772425182
1572971280 1.795198067
1572971943 1.705212853
1572972603 1.71037058
1572973316 1.712859896
1572973969 1.736332625
1572974620 1.756244441
1573208902 1.788376574
1573209557 1.741861139
1573210232 1.832638953
1573210902 1.671460868
1573211558 1.780182744
1573212207 1.713894549
1573212859 1.828028431
1573213510 1.76516513
1573214181 1.665785901
1573214836 1.749773379
1573310360 1.621939844
1573310982 1.524212212
1573311597 1.795854292
1573312301 1.537481445
1573312911 1.619014181
1573313539 1.571825121
1573314171 1.528304946
1573314785 1.502245158
1574696975 1.504676172
1574697566 1.790735389
1574698140 1.649846219
1574698725 1.526608324
1574709509 1.559525355
1574710796 1.523473295
1574956149 1.456678049
1574956809 1.663188417
1574957412 1.604116942
1574957989 1.562732368
1574958582 1.779744923
1574959171 1.43777124
1574959773 1.567725317
1574960352 1.76025999
1574960964 1.57940799
1574961600 1.65081866
1575033072 1.632446334
1575033641 1.659310502
1575034798 1.693583934
1575035369 1.70140324
1575036392 1.624462016
1575036969 1.664605033
1575037528 1.57633729
1575039099 1.618176009
1575120926 1.547070264
1575121487 1.78390916
1575122550 1.461333199
1575123107 1.628364503
1575123666 1.708765951
1575124789 1.489617194
1575125346 1.712025593
1575125916 1.619966108
1575297662 1.540217433
1575298242 1.715802907
1575298810 1.619965705
1575299387 1.703854029
1575299960 1.472251923
1575300579 1.531518883
1575301150 1.448273348
1575301961 1.789441633
1575390147 1.44666173
1575390715 1.743598525
1575391283 1.628456394
1575391849 1.465098488
1575392657 1.413288685
1575393854 1.579283346
1575394420 1.545405281
1575394983 1.619116965
1575395546 1.526074616
1575562382 1.550731197
1575563079 1.553737008
1575563727 1.686764582
1575564323 1.740204293
1575564907 1.69658827
1575565473 1.589147623
1575566041 1.498709258
1575566627 1.442147261
1575567946 1.521432195
1575568552 1.410678788
1579191000 1.624562591
1579191613 1.761723572
1579192759 1.864824614
1579193323 1.49634574
1579194482 1.620187551
1579195048 1.92261831
1579195638 1.623736613
1579196201 1.6210164
1579359982 1.784445809
1579360545 1.638774747
1579361102 1.581831417
1579361658 1.743176803
1579362212 1.461161681
1579362767 1.578911455
1579363333 1.753804926
1579363900 1.564630174
1579364459 1.57906932
1574710796 1.523473295
