1569850009 5.588590682
1569850212 6.219770365
1569850009 5.588590682
1569850212 6.219770365
1569850744 5.048395429
1569851026 6.188228104
1569851232 6.205051945
1569851581 6.282073794
1569851793 6.501399286
1569852019 4.303203239
1569852247 6.415441161
1569852485 5.858444836
1569853094 6.555669996
1569853407 7.32093875
1570543133 5.839807177
1570543495 5.887712616
1570543705 5.791165777
1570544621 6.156358675
1570544880 5.984459028
1570545081 5.879397745
1570545298 5.798873707
1571323005 5.928849104
1571325123 5.868961771
1571325319 5.684502258
1571325524 6.764621883
1571325725 5.841677571
1571325921 5.795826678
1571326123 6.025799197
1571326813 5.998684626
1571327029 5.85053613
1571327238 5.748139508
1571395915 6.015757487
1571396112 5.81623452
1571396308 6.078535396
1571396507 5.944133719
1571396706 6.191642371
1571396933 6.102771613
1571397138 5.986875541
1571397339 6.336536027
1571397536 6.001363835
1571397732 6.20551805
1571404982 5.979285049
1571405180 6.061641215
1571405377 6.055525177
1571405606 6.048152007
1571405809 5.943637095
1571409028 6.016542113
1571409230 6.144584226
1571409431 5.758073939
1571409648 5.889201273
1571409846 6.216186396
1571664413 6.034499816
1571664955 11.201360409
1571665160 4.062863413
1571665369 5.737576239
1571665563 6.115499517
1571665759 6.174749811
1571668176 5.980425693
1571668375 6.057331336
1571668579 6.297915775
1571668773 5.971472076
1571668974 6.187292063
1571752047 5.987392255
1571752242 6.105651421
1571752442 5.934224103
1571752647 6.143750236
1571752841 6.458178527
1571753037 5.844677122
1571753237 3.787169633
1571753431 6.262204743
1571753629 5.954600093
1571753826 6.312279659
1571760185 5.795250795
1571760379 6.285834763
1571760584 5.797223679
1571760781 4.346010823
1571760981 6.057390747
1571761190 6.03606642
1571761389 5.974525245
1571761584 6.02534232
1571761780 6.172291398
1571761987 5.944720311
1572003290 6.059566205
1572003486 6.217435697
1572003682 5.998595599
1572003880 6.193536257
1572004076 5.869217355
1572004272 6.20757331
1572004466 6.138816938
1572004665 5.983487313
1572004867 6.19303418
1572005066 5.9804287
1572011268 5.731379402
1572011464 6.051257109
1572011660 6.061198621
1572011858 5.945517545
1572012053 6.08879597
1572012251 6.017946973
1572012446 5.871109752
1572012640 6.0472872
1572012835 5.928007433
1572013029 5.867604547
1572265089 6.230621943
1572265286 6.069440604
1572265484 6.428918316
1572265682 6.230212488
1572265888 6.045368497
1572266089 6.194385041
1572266288 4.484809579
1572266486 6.149397252
1572266686 5.771801135
1572266889 5.837721186
1572274150 4.999560607
1572274323 5.264197823
1572274492 5.212646164
1572274664 5.062560638
1572274832 4.864995031
1572275002 4.957889872
1572275174 5.111875897
1572275350 5.015918044
1572275519 4.981706273
1572275693 4.995715028
1572361302 6.157191404
1572361499 6.007969093
1572361694 6.201287899
1572361889 5.989348585
1572362088 6.074948003
1572362282 6.05599113
1572362478 6.041865244
1572362678 6.057466349
1572362872 5.980172787
1572363068 6.144764049
1572366942 4.980032767
1572367110 4.897350078
1572367282 4.563627346
1572367448 5.081282745
1572367631 4.756776001
1572367808 4.995364357
1572367977 4.863740514
1572368145 4.973157098
1572368312 4.813723057
1572368477 5.103240678
1572532419 5.923503911
1572532620 6.244811984
1572532825 5.93990731
1572544529 4.951918531
1572544698 4.779384302
1572544869 4.890611948
1572545041 4.949348471
1572545215 4.924927423
1572870043 4.863331026
1572870261 4.999611166
1572870443 5.186575149
1572870664 5.166631591
1572870833 5.082803938
1572965423 4.901623619
1572965590 4.90110202
1572965758 4.911900958
1572965927 4.863338483
1572966098 5.041941341
1572966265 4.874764878
1572966436 4.8773606
1572966620 4.988652597
1572966799 5.124397528
1572966963 5.168373308
1573207071 4.9891316
1573207238 5.141318739
1573207408 4.705592243
1573207573 4.992106127
1573207743 5.081840118
1573207911 5.036239579
1573208077 5.201343209
1573208243 4.929483894
1573208411 5.116948029
1573208576 5.074195615
1573220312 4.923683307
1573220479 4.925746215
1573220647 4.956466892
1573220816 4.757268976
1573220984 4.868544125
1573221150 4.863476759
1573221315 4.860478503
1573221485 4.900138533
1573221651 4.962243082
1573221821 4.839727005
1573222009 4.90708108
1573222180 4.765297705
1573222347 5.05940457
1573222513 4.943892964
1573222682 5.07562081
1573301160 4.967825129
1573301329 4.835295098
1573301511 4.967732221
1573301679 4.971201937
1573301865 4.824487852
1573302045 4.950971559
1573302212 5.301018223
1573302387 4.961960391
1573302556 4.741668493
1573302739 4.654806803
1573303875 4.373344046
1573304039 4.352711265
1573304199 4.767529474
1573304367 3.036130113
1573304524 4.422243197
1573304691 4.567136195
1573304850 4.508506335
1573305010 4.503610473
1573305172 4.408575919
1573305332 4.370200849
1573752504 4.523432351
1573752762 4.279436002
1573752922 4.429430738
1573753081 3.161812588
1573753237 4.404502997
1573753392 4.70324702
1573753552 3.214900485
1573753704 4.353907855
1573753866 4.559494417
1573754686 4.169599557
1573754846 4.545690939
1573755007 4.345892061
1573755174 4.321773867
1573755336 4.429577605
1573755493 4.552300708
1573755648 4.540528986
1573755806 4.441315442
1573755964 4.360849448
1573756122 5.321434902
1573831429 4.444454916
1573831588 4.456551327
1573831746 4.356289022
1573831918 4.606692834
1573832070 4.527617997
1573832232 4.349731451
1573832389 4.391374087
1573832552 4.597874733
1573832708 4.390608583
1573832863 4.498025387
1573833059 4.42882085
1573833215 4.625887053
1573833379 4.521756413
1573833536 4.467012712
1573833694 4.559613929
1573901068 4.378789529
1573901226 4.399944179
1573901382 4.720223215
1573901538 4.201570421
1573901699 4.361161084
1573901853 4.375432127
1573902008 4.444796917
1573902166 4.52300468
1573902324 4.266789536
1573902479 4.35995034
1574685798 4.276029453
1574685988 7.048958717
1574686159 4.569999548
1574686321 4.395125303
1574686478 4.813985805
1574686644 4.528170871
1574686809 3.245950894
1574686994 7.24437188
1574687169 4.402745688
1574687333 4.904685238
1574689663 4.935508024
1574689879 4.733781252
1574690048 4.04543559
1574690217 4.7037754
1574690387 4.879397758
1574690546 4.867830443
1574690719 4.482657868
1574690877 4.77613321
1574691062 4.785755099
1574691241 4.847500721
1574706863 4.412824027
1574707105 4.750624836
1574954209 3.332997309
1574954372 4.70320689
1574954549 4.543394278
1574954713 4.513822585
1574954896 4.533986362
1574955054 4.60171752
1574955312 4.583204747
1574955472 4.53225812
1574955630 4.271622651
1574955791 4.465213988
1575026540 4.495764058
1575026700 4.744740564
1575026862 4.613391073
1575027022 4.399544327
1575027186 4.869512423
1575027347 4.835092928
1575027513 4.769776479
1575027670 4.964930036
1575027835 4.50610307
1575027999 4.392218719
1575112855 4.638570423
1575113016 8.074506632
1575113178 4.593905029
1575113340 4.473457409
1575113498 4.222833703
1575113657 4.525905154
1575113814 4.625195077
1575113972 4.480996516
1575114135 4.493219122
1575114296 4.494116892
1575289785 4.592816532
1575289952 4.343782618
1575290119 4.540097475
1575290300 4.552223528
1575290476 4.707893828
1575290652 4.944968904
1575290818 3.417757908
1575290974 4.573496964
1575291137 4.700016869
1575291298 4.544133315
1575384186 4.306546509
1575384346 4.827501203
1575384507 4.526789358
1575384666 4.792917929
1575384829 4.413607076
1575384988 4.393245972
1575385148 4.433285838
1575385307 4.504870953
1575385471 4.865171414
1575385631 4.57131348
1575556568 4.620833307
1575556729 4.502303387
1575556901 4.639561627
1575557086 4.46642204
1575557256 4.696263028
1575557439 4.560044154
1575557615 4.769636684
1575557788 4.877013717
1575558247 4.788805023
1575558433 4.405284719
1579184066 4.639076491
1579184781 4.6498316
1579184942 4.540620362
1579185106 4.800996546
1579185279 4.697086702
1579185458 4.825036031
1579185640 4.557345208
1579185819 4.567895502
1579186005 5.71626933
1579186179 4.627201617
1579351796 4.410460666
1579351962 4.699745256
1579352123 4.585868031
1579352284 4.64602813
1579352447 4.708480114
1579352611 4.598749874
1579352768 4.706250614
1579352930 5.215511565
1579353093 4.613908164
1579353965 4.576778304
1574707105 4.750624836
