1569853592 338.439409224
1569854233 721.784173367
1569855205 300.593675977
1569856524 4.338912367
1570446963 388.534712233
1570448055 126.632859718
1570448782 327.843840704
1570449254 310.865573434
1571323271 280.543578616
1571323664 290.701500369
1571324066 286.055220196
1571324466 279.114986449
1571327397 278.344433472
1571327787 279.319803166
1571328177 279.617017178
1571328569 279.309574312
1571328960 280.202340523
1571329352 277.152349228
1571330596 10.973842267
1574711150 9.823436615
1574708727 223.745129961
