1569849966 4.835673249
1569850170 4.525118257
1569849966 4.835673249
1569850170 4.525118257
1569850700 4.672781466
1569850983 4.690087767
1569851189 4.763259552
1569851538 4.366936236
1569851745 4.597944854
1569851975 4.732547137
1569852204 4.818955194
1569852442 4.626552808
1569852658 4.653201947
1569853050 4.83199291
1569853361 4.673018138
1570543090 4.276632592
1570543449 4.55458071
1570543651 5.427776339
1570544580 4.864680656
1570544784 14.296408328
1570545040 4.569961408
1570545250 4.391741285
1571322959 4.68157539
1571325082 4.659149982
1571325278 4.558024056
1571325477 4.818571729
1571325682 4.807382284
1571325881 4.375918329
1571326081 4.527708709
1571326772 4.672362888
1571326984 4.690741339
1571327192 4.539010744
1574707073 3.713107964
