1569854402 1.619777492
1569855815 1.492061405
1571330105 1.417215591
1571766460 1.317152558
1571767243 1.44957005
1572537375 1.068493472
1572538032 1.059171275
1572538691 1.110178115
1572538693 0.043401426
1572538693 0.001261427
1572538693 0.041943401
1572538693 0.000989409
1572538693 0.045301014
1572539345 1.122620406
1572539991 1.143155157
1572539992 0.044711084
1572539992 0.001404757
1572539992 0.042471127
1572540897 1.145891796
1572541551 1.052235032
1572541552 0.046493302
1572541552 0.040459831
1572541552 0.047015308
1572541552 0.048569511
1572542199 1.189189561
1572542846 1.159179132
1572542847 0.04368661
1572542847 0.001267264
1572542847 0.04354571
1572543512 1.023516389
1572543513 0.039336578
1572543513 0.001299336
1572543513 0.043374054
1572871265 1.206539691
1572871916 1.139572915
1572872593 1.138242718
1572872594 0.001444395
1572872594 0.046247122
1572873246 1.053616183
1572873247 0.042573337
1572873247 0.042927099
1572873247 0.043725811
1572873247 0.044342484
1572873898 1.145898309
1572873900 0.043465675
1572874960 1.065293044
1572874961 0.0006183
1572874961 0.035200651
1572874961 0.050925717
1572874962 0.044798802
1572875822 1.04745411
1572877047 1.105947205
1572877697 1.078541748
1572877698 0.011189334
1572877698 0.006005686
1572877698 0.048907648
1572878925 1.079895446
1572967331 1.179857229
1572967332 0.044533499
1572967332 0.04184347
1572967989 1.191909238
1572967990 0.036329835
1572967990 0.00265032
1572967990 0.051168145
1572969291 1.1603634
1572969292 0.048797065
1572969952 1.108015156
1572970602 1.142157106
1572971251 1.091660173
1572971914 1.127230645
1572971916 0.04368973
1572972575 1.143043248
1572973288 1.153359125
1572973289 0.013010615
1572973289 0.048873143
1572973941 1.107929021
1572974592 1.084243739
1573208874 1.109508796
1573209529 1.157158863
1573209530 0.086681548
1573210204 1.1473729
1573210873 1.167761234
1573210874 0.003833738
1573210874 0.029320892
1573211530 1.147289155
1573211531 0.045574227
1573212179 1.156132585
1573212830 1.12718322
1573212832 0.012883059
1573213482 1.019017994
1573214153 1.156228254
1573214808 1.355021042
1573215089 0.032987769
1573215089 0.001800026
1573215089 0.059675343
1573215089 0.034338518
1573215090 0.043259423
1573215090 0.057303202
1573310334 1.109470386
1573310956 1.291743604
1573311571 1.091963208
1573312275 1.198706066
1573312276 0.001882434
1573312276 0.043116577
1573312276 0.043055906
1573312884 0.936873852
1573313512 0.989242197
1573314144 1.030695615
1573314759 1.116037171
1574696369 0.969411716
1574696947 0.892001437
1574697539 1.064598577
1574698115 1.019518024
1574698700 1.12218202
1574698701 0.031652428
1574698701 0.032662941
1574709483 1.237275792
1574710770 1.207739047
1574710770 1.207739047
