1569853676 7.888235669
1569854318 8.002829432
1569855292 8.175320458
1569855730 7.951320223
1570447059 6.256299072
1570448864 7.784474746
1570449366 5.491092496
1571323351 7.481480088
1571323743 7.615729705
1571324146 7.677553937
1571324544 7.5513678
1571327475 7.355930919
1571327866 7.716382865
1571328257 7.246650361
1571328648 7.600254904
1571329039 7.210862512
1571329430 7.783055839
1571330023 7.10579879
1571397978 7.6885516
1571398374 7.39498494
1571398767 7.827433853
1571399158 7.33644593
1571399548 7.57823114
1571399946 7.536524483
1571400339 7.543360632
1571400766 7.40252903
1571401159 7.578862053
1571401550 7.635281856
1571406932 7.648972969
1571407322 7.487891103
1571407714 7.751984907
1571408497 7.65477036
1571665990 7.548697579
1571666378 7.64476874
1571666770 7.551013167
1571667163 7.663902065
1571667606 7.851599036
1571669258 7.498166617
1571669651 7.483154815
1571754166 10.756243229
1571754560 7.476708526
1571754961 7.101651035
1571755357 7.569014107
1571756589 7.422390913
1571757448 7.572920693
1571757844 7.728786779
1571758238 7.65170293
1571758628 7.365322769
1571762242 7.607281896
1571762638 7.449344063
1571763031 7.550825767
1571763419 7.611840616
1571763813 7.848438342
1571764219 7.685348338
1571764629 7.552752008
1571765020 7.717477856
1571765409 7.545134607
1571765800 7.669994063
1571766378 7.451314656
1571767161 7.085434787
1572006413 8.300048007
1572007127 7.402361565
1572007519 7.668642999
1572008021 7.248855005
1572008422 7.613149227
1572008825 7.594382977
1572009219 7.736592467
1572009608 7.346215287
1572010000 7.572438068
1572010396 7.620482096
1572010786 7.602629154
1572013349 7.495280219
1572013742 7.4653329
1572014133 7.632238324
1572014524 7.567061787
1572014914 7.739613426
1572268965 7.683158566
1572269385 6.922846589
1572269801 5.878557828
1572270206 7.85269256
1572270602 5.637788073
1572271089 8.203595219
1572272338 6.363472095
1572272668 6.161006047
1572273002 6.469620713
1572273350 6.262149724
1572273681 6.653841768
1572276106 6.554691114
1572276443 6.134408316
1572276777 6.552047577
1572277109 6.325608326
1572277443 6.57433294
1572277803 6.340517687
1572278135 6.324737735
1572278466 6.344947622
1572363526 6.35554289
1572363855 5.956513262
1572364185 6.444955503
1572364515 5.966840075
1572364854 6.573180979
1572365190 6.403354128
1572365567 6.422697904
1572365942 6.324075002
1572366282 6.224084589
1572366616 6.356908588
1574708791 5.619676404
