1569854629 6.929130643
1571330291 7.019910797
1571766648 6.792240313
1571767431 6.903795172
1572537531 6.50211602
1572538185 5.532739178
1572538845 5.577360522
1572539498 5.454891135
1572540145 5.551413638
1572541051 5.40319856
1572541704 5.478736412
1572542353 5.544171054
1572543000 5.618583406
1572543665 5.518989708
1572871419 5.468882957
1572872070 5.547908195
1572872748 5.402475119
1572873400 5.616154065
1572874053 5.543578824
1572875115 11.516397983
1572875975 5.543431243
1572877201 5.631848163
1572877852 5.600296454
1572879096 5.574206291
1572967487 5.549185425
1572968144 5.579595869
1572969445 5.511953533
1572970106 5.547933907
1572970756 5.676469042
1572971417 5.511132737
1572972079 5.701814647
1572972729 5.547494255
1572973445 5.610413441
1572974094 5.512966236
1572974746 5.351362398
1573209029 5.575563793
1573209684 5.52050897
1573210360 5.584788629
1573211027 5.542022434
1573211686 5.502621273
1573212334 5.524660239
1573212987 5.61498893
1573213636 5.376423832
1573214308 5.425169259
1573214967 5.435264085
1573310481 5.351717302
1573311099 5.09191366
1573311714 4.950652843
1573312420 5.301447284
1573313032 5.201161364
1573313658 5.080367866
1573314288 5.034713417
1573314903 4.890521032
1574696511 4.95782347
1574697092 4.903333698
1574697683 4.990676619
1574698255 5.161448841
1574698843 5.408599271
1574709647 12.299076332
1574710914 4.711583457
1574710914 4.711583457
