1569854496 3.360516766
1569855922 3.715919559
1571330193 3.457731427
1571766549 3.496994329
1571767331 3.502809582
1572537448 2.737030035
1572538104 2.819249515
1572538764 2.7205553
1572539417 2.827521969
1572540064 2.81175032
1572540969 2.775099922
1572541623 2.735344965
1572542272 2.728579025
1572542919 2.789260068
1572543584 2.739670052
1572871338 2.688260955
1572871988 2.82205065
1572872665 2.765841335
1572873318 2.778246089
1572873972 2.890889168
1572875033 2.810232638
1572875895 2.800270874
1572877120 2.845179634
1572877769 2.857563925
1572878998 2.903205762
1572967405 2.737891773
1572968061 2.700215281
1572969364 2.772449736
1572970024 2.739375618
1572970675 2.800966032
1572971327 2.780245896
1572971990 2.816937844
1572972648 2.798490255
1572973364 2.776317373
1572974013 2.671220842
1572974665 2.866212438
1573208948 2.687426717
1573209603 2.736490445
1573210278 2.710521473
1573210946 2.689386752
1573211605 2.73541591
1573212253 2.894300948
1573212903 3.043759554
1573213555 2.707833758
1573214227 2.71153857
1573214882 2.765851513
1573310402 2.865221986
1573311024 2.563307023
1573311638 2.812748784
1573312342 2.47675382
1573312952 2.695374651
1573313580 2.380147637
1573314213 2.60098612
1573314826 2.501855789
1574696436 2.54271347
1574697017 2.392641008
1574697607 2.601881105
1574698181 2.339669223
1574698766 2.688661336
1574709551 2.514980667
1574710838 2.564046023
1574710838 2.564046023
