1569853610 9.600133452
1569854251 9.622707005
1569855224 9.424441205
1569855657 9.480544482
1570448800 9.073654069
1570449272 8.923749097
1571323289 9.037402526
1571323682 9.207060573
1571324084 8.971106623
1571324484 9.376377556
1571327415 8.850871394
1571327805 9.087627677
1571328196 8.986659954
1571328587 9.086197178
1571328979 9.003970723
1571329370 9.000178653
1571329962 9.040518745
1571397919 9.137798084
1571398311 9.120529271
1571398706 9.255449998
1571399097 9.409501236
1571399489 9.138514666
1571399887 8.928693147
1571400278 9.18451251
1571400700 9.142847863
1571401099 9.2236725
1571401491 8.988900062
1571406871 9.221557859
1571407261 9.379466307
1571407655 9.167063487
1571408043 9.054649084
1571408436 9.298239884
1571665928 9.083672679
1571666318 8.989539348
1571666709 9.039405486
1571667103 9.157704181
1571667540 8.896884227
1571669192 9.249188143
1571669591 9.055733949
1571754103 8.943180761
1571754500 9.255610528
1571754893 13.466517366
1571755298 8.917729725
1571756528 9.132821741
1571757389 9.121237459
1571757778 10.161579415
1571758178 9.218988906
1571758567 9.14499184
1571762182 9.210088226
1571762578 9.022455516
1571762971 9.058834725
1571763359 9.068034337
1571763751 9.282825403
1571764159 9.199521956
1571764568 9.238898398
1571764961 9.003039682
1571765349 8.932774098
1571765741 9.178813359
1571766317 9.027749415
1571767100 8.902331694
1572006326 9.050902519
1572007065 8.911408658
1572007458 9.543576337
1572007959 9.352573326
1572008361 8.87598097
1572008764 9.051103354
1572009158 9.774648526
1572009548 9.098533265
1572009939 9.389882936
1572010335 8.973229972
1572010726 9.299317284
1572013288 9.988375845
1572013682 9.062366998
1572014073 9.246131948
1572014464 8.983013061
1572014854 9.110442179
1572268134 46.465054598
1572268905 9.060098295
1572269321 10.807735418
1572269737 9.255551442
1572270142 10.379693058
1572270539 8.883535631
1572270934 9.173843673
1572272286 7.738090373
1572272616 7.341624811
1572272952 7.392045657
1572273290 7.178481536
1572273631 7.396522014
1572276055 7.356475331
1572276390 8.103297629
1572276726 8.052931945
1572277057 7.440280791
1572277389 7.47803654
1572277751 7.510905271
1572278082 8.088113376
1572278415 7.604304687
1572363474 7.757090258
1572363804 7.460372027
1572364134 7.267399012
1572364463 7.479371102
1572364800 10.106452685
1572365138 7.408144175
1572365516 7.959822517
1572365890 7.600186238
1572366231 7.300240534
1572366563 8.520824013
1572369592 7.708268357
1572369923 7.339892758
1572370253 7.942058873
1572370585 7.34127011
1572370914 7.326694689
1572371246 7.386391713
1572371577 7.366001641
1572371907 7.269398393
1572372235 7.401999084
1572372564 7.518459761
1572533571 7.398463236
1572533909 7.84550039
1572534263 7.375851604
1572534609 7.467182594
1572534942 7.302930062
1572535291 7.346570613
1572535621 7.393103043
1572535956 7.951024255
1572536316 9.588129277
1572536653 7.990834294
1572537254 7.864088946
1572537908 7.306934798
1572538569 7.436557255
1572539217 7.397903102
1572539870 7.257382966
1572540777 7.20015126
1572541430 7.282324253
1572542079 7.48787992
1572542726 7.2918164
1572543368 7.165557235
1574708743 7.001140527
