1569854485 4.935564141
1569855910 5.688148652
1571330182 4.606572118
1571766538 4.646234677
1571767321 4.563515933
1572537437 3.657048944
1572538094 3.715005299
1572538754 3.779961755
1572539407 3.861053073
1572540054 3.83947458
1572540960 3.791304357
1572541614 3.661703991
1572542262 3.707701303
1572542909 3.706339564
1572543574 3.747906438
1572871328 3.694510756
1572871979 3.7198417
1572872656 4.710273451
1572873309 4.898949427
1572873961 4.489225642
1572875023 3.730603956
1572875885 3.753699603
1572877110 3.791839862
1572877760 3.627533585
1572878988 3.709158536
1572967395 3.678880753
1572968052 3.746491025
1572969354 3.921595337
1572970015 3.76773787
1572970665 3.812002542
1572971317 3.734336952
1572971978 3.716186332
1572972637 3.753929574
1572973354 3.796630835
1572974004 3.704033839
1572974655 3.657206338
1573208937 3.747831193
1573209592 4.319144129
1573210268 5.11152061
1573210936 5.472663453
1573211593 3.81737285
1573212242 3.794718278
1573212894 3.758971479
1573213545 3.64095362
1573214216 3.827722994
1573214871 3.792371316
1573310392 3.372799565
1573311014 3.459015114
1573311629 3.315624403
1573312334 4.578168098
1573312943 3.31931974
1573313571 3.461953113
1573314203 4.880651077
1573314817 3.290932407
1574696426 4.650783001
1574697007 3.335418391
1574697598 3.417840474
1574698171 4.823232243
1574698757 3.337546613
1574709541 3.3125072
1574710828 3.314128987
1574956180 3.391346867
1574956841 3.272146585
1574957443 3.293308709
1574958021 4.954426164
1574958614 3.268085036
1574959202 3.350545096
1574959806 3.284563906
1574960384 3.382707899
1574960995 4.868698509
1574961631 3.300792351
1575033104 3.390014568
1575033672 3.441351401
1575034263 3.45698542
1575034830 3.367884246
1575035401 4.738607709
1575036424 3.28725457
1575037001 3.472203828
1575037561 3.160406987
1575038562 4.339867236
1575039131 3.362066073
1575120394 3.28634132
1575120957 3.335658987
1575121518 3.286566665
1575122581 3.308469213
1575123138 4.700572314
1575123697 3.331594691
1575124253 3.371361907
1575124821 3.330328006
1575125379 3.340856449
1575125947 3.653208668
1575297694 3.458439466
1575298273 4.550403885
1575298842 3.308602009
1575299419 3.769005457
1575299991 3.362536448
1575300611 3.370853834
1575301181 4.603407413
1575301993 3.285666708
1575390180 3.403652425
1575390747 3.410776602
1575391315 3.292782546
1575391880 3.339648594
1575392689 3.278217336
1575393325 3.335513966
1575393885 3.351354027
1575394452 4.601056636
1575395015 3.373736949
1575395578 3.288055527
1575562413 3.308583228
1575563111 4.56263963
1575563759 3.284622147
1575564355 4.685218855
1575564938 3.378970543
1575565504 3.288442211
1575566073 3.212932952
1575566658 3.23226832
1575567978 3.411802289
1575568584 3.400317565
1579191032 3.333218284
1579191645 3.322815855
1579192210 3.363801205
1579192791 4.938268851
1579193354 4.273288814
1579193946 3.367345698
1579194514 3.200856108
1579195080 3.369752867
1579195671 3.544707073
1579196233 3.409352322
1579359439 3.275212429
1579360014 3.3479741
1579360576 3.32482552
1579361133 4.652585255
1579361688 4.431574493
1579362243 3.366482663
1579362799 4.663605657
1579363364 3.379387164
1579363932 3.328335974
1579530409 3.371372707
1579531056 3.591619904
1579532096 3.291511575
1579532797 3.292927277
1579533466 4.388292672
1579534067 4.017838733
1579534752 4.08458887
1579535364 3.192689855
1579535959 3.447742631
1580223742 3.268698594
1580224300 3.383185488
1580224856 3.197590435
1580225420 3.303247061
1580225980 3.316179954
1580226564 5.195590279
1580227133 4.225301135
1580227731 3.968972651
1580228311 3.403690208
1580228870 3.316392546
1580312300 3.463832653
1580312880 3.477530622
1580313435 3.273671699
1580314399 3.937274927
1580314957 3.279805308
1580316778 3.321937802
1580317371 3.379031333
1581942436 3.346256237
1581943640 4.830972195
1581944929 3.407520118
1581945908 3.272206251
1581946480 4.861156934
1581947048 3.28478314
1581947969 3.275336601
1581949066 3.642886532
1582034024 4.7019919
1582035642 3.829137806
1582036250 4.781515701
1582036856 4.038724116
1582037459 5.47840256
1582038051 4.571766339
1582038650 3.792942491
1582041547 3.690984214
1582042153 3.494185351
1582043744 3.471348272
1582044354 3.527801883
1582637963 3.367792429
1582638523 3.367007023
1582639597 3.273893318
1582640774 3.291472315
1582641334 3.227380515
1582641904 6.408546959
1582642473 3.229688844
1582643047 3.962826835
1582643649 3.238715299
1582644205 3.357962156
1582898805 3.343756819
1582899376 4.278667577
1582899945 3.276597171
1582900507 3.248829274
1582902165 3.283766774
1582902812 3.325834528
1582903408 3.247819327
1574710828 3.314128987
