1569850074 5.302656068
1569850074 5.302656068
1569850837 5.163818901
1569851093 5.460710954
1569851297 5.455774317
1569851647 5.252786183
1569851860 5.23702891
1569852089 5.024880012
1569852314 5.588682342
1569852550 5.009856721
1569853191 5.512012054
1569853485 5.673683298
1570543201 5.020070533
1570543559 4.961451744
1570543770 6.337120447
1570544687 5.443026644
1570544946 5.536107272
1570545146 5.269652011
1570545366 5.545339159
1571323071 5.091252789
1571325188 5.031688782
1571325384 5.237458496
1571325590 5.26876445
1571325790 4.938504198
1571325986 5.810108686
1571326878 7.527196663
1571327094 6.07075428
1571327303 4.719285133
1571395980 5.146761728
1571396177 4.976050099
1571396376 5.137038454
1571396573 5.348424181
1571396772 5.081113803
1571396998 5.633474578
1571397204 5.300588523
1571397404 4.999317021
1571397601 5.096812707
1571397798 5.331397508
1571405046 4.814015399
1571405245 5.421135167
1571405442 6.240677443
1571405675 5.221443569
1571405875 4.984038131
1571409092 5.421806424
1571409295 7.678984747
1571409496 5.376618766
1571409713 5.080502229
1571409911 5.078709399
1571664517 4.648632384
1571665025 5.450220551
1571665240 5.016018677
1571665434 4.8404311
1571665629 5.036919341
1571665824 5.099006485
1571668241 5.363993174
1571668440 5.065430295
1571668644 4.985559883
1571668839 4.955795567
1571669039 4.871312495
1571752112 5.404294572
1571752308 5.384263753
1571752507 5.278573038
1571752712 4.744329342
1571752908 4.99138417
1571753102 5.647055872
1571753299 5.438557956
1571753497 5.469716339
1571753695 4.987688534
1571753891 4.932758218
1571760249 5.256708192
1571760447 4.893325416
1571760648 4.787227638
1571760849 4.856776217
1571761047 4.995438249
1571761255 5.637733408
1571761453 4.85472572
1571761648 4.980297291
1571761845 5.251417631
1571762052 5.624156917
1572003355 5.122215899
1572003551 5.622180264
1572003747 5.166442566
1572003944 5.690635486
1572004141 5.162745764
1572004337 5.160137548
1572004531 4.943986458
1572004730 5.289852275
1572004933 5.352917251
1572005131 5.119979153
1572011332 5.74663748
1572011529 5.203921629
1572011729 5.125004143
1572011922 5.516236801
1572012119 5.320834791
1572012316 5.312044938
1572012511 5.038020739
1572012705 4.907100363
1572012900 5.112227945
1572013094 5.148901465
1572265154 5.243412015
1572265354 5.384659584
1572265549 5.237186399
1572265747 5.37274264
1572265953 5.206848295
1572266154 5.012997517
1572266353 5.155659761
1572266552 4.863542559
1572266751 5.220884863
1572266956 5.246517819
1572274204 5.1669023
1572274377 4.612795958
1572274546 5.299832997
1572274718 5.519433341
1572274887 5.068145781
1572275056 5.34811266
1572275228 5.023679736
1572275405 4.441611899
1572275573 4.586300306
1572275747 5.28453537
1572361369 5.208001357
1572361564 5.355367227
1572361759 5.549443084
1572361954 5.365756725
1572362153 4.916073189
1572362347 5.892412423
1572362543 5.410362406
1572362743 5.455670772
1572362937 5.330739961
1572363133 5.760245999
1572366995 5.531487506
1572367164 5.666613262
1572367336 4.774634261
1572367502 5.003505402
1572367684 4.899917138
1572367862 5.244144888
1572368030 5.49033503
1572368200 5.202212066
1572368366 4.72986933
1572368531 5.176623893
1572532484 5.479070468
1572532685 5.946707484
1572532890 5.412311329
1572544583 5.576080558
1572544752 4.988875105
1572544923 5.512397079
1572545096 5.24522294
1572545269 5.286190559
1572870098 4.693927075
1572870315 5.062501249
1572870498 5.058624078
1572870718 5.102282013
1572870887 5.188542703
1572965480 3.79352542
1572965645 5.038421038
1572965812 6.328932604
1572965981 3.9781753
1572966153 3.877376503
1572966319 6.017358356
1572966490 4.610674736
1572966674 4.69628793
1572966853 3.906391615
1572967017 3.835885978
1573207125 5.780051899
1573207293 5.356963034
1573207462 4.776180665
1573207627 4.743315091
1573207797 5.193403036
1573207965 5.1641561
1573208131 4.427193203
1573208297 5.229324627
1573208465 4.877134504
1573208630 4.996500728
1573220367 4.092418577
1573220533 4.896657684
1573220701 5.708789465
1573220870 4.942592199
1573221038 4.85504931
1573221204 4.835324576
1573221369 4.803586009
1573221538 4.691534954
1573221706 5.396224228
1573221875 3.934291093
1573222064 5.07101096
1573222234 4.883998722
1573222401 4.730471692
1573222567 4.684980386
1573222736 4.852904635
1573301214 5.752410754
1573301383 5.236706507
1573301565 5.819000704
1573301751 5.158715664
1573301921 5.3845505
1573302099 4.992025004
1573302267 5.06035873
1573302441 5.097589778
1573302610 4.579053647
1573302793 5.849670138
1573303925 5.210390578
1573304089 4.694774054
1573304251 4.752173444
1573304417 5.198356041
1573304575 5.08722081
1573304742 4.667818818
1573304900 4.885812303
1573305062 5.161327817
1573305222 5.420560726
1573305382 5.482877388
1573752555 5.466300884
1573752816 4.301291775
1573752972 6.268508559
1573753131 4.72824517
1573753288 3.667825882
1573753444 4.141489573
1573753601 3.508757399
1573753754 4.870272001
1573753918 3.570411948
1573754736 3.931881837
1573754896 6.376083512
1573755060 5.773951972
1573755224 7.667448328
1573755385 4.48757552
1573755543 3.361931559
1573755698 4.553030105
1573755856 4.785592019
1573756014 4.861900518
1573756177 6.001064618
1573831479 6.736717954
1573831637 6.900874833
1573831797 5.405764704
1573831968 3.266382584
1573832120 5.847974476
1573832283 3.539751814
1573832440 6.109982937
1573832602 3.460828997
1573832758 3.965255591
1573832914 3.372134266
1573833109 4.341316891
1573833265 11.443736487
1573833429 3.502556204
1573833587 5.65231463
1573833744 3.541802298
1573901118 5.76394349
1573901277 3.414465068
1573901432 3.762256722
1573901593 4.37283394
1573901748 3.744447221
1573901904 3.447867535
1573902058 4.999629193
1573902217 3.704042527
1573902373 4.147056446
1573902529 5.799894933
1574685849 5.541065541
1574686050 5.597210222
1574686209 4.574166636
1574686374 3.562602272
1574686530 3.979924991
1574686694 3.940062174
1574686860 3.636314372
1574687046 3.755719289
1574687222 4.07969568
1574687384 5.262978128
1574689713 5.473456294
1574689931 3.776347212
1574690101 3.487318116
1574690269 4.071486656
1574690439 4.279047278
1574690599 11.5090774
1574690770 3.569813184
1574690929 9.233365123
1574691116 4.933968931
1574691294 3.648259552
1574706915 6.388258664
1574707155 3.538125263
1574954261 7.369983095
1574954424 10.154048856
1574954602 4.381465571
1574954765 27.26991182
1574954949 3.692336273
1574955107 4.390627512
1574955364 4.367934108
1574955524 5.07879365
1574955682 5.032554119
1574955843 6.089623296
1575026591 5.828187672
1575026751 5.343550098
1575026912 5.988042362
1575027073 6.208756584
1575027238 5.778215643
1575027401 6.016820037
1575027564 5.07693844
1575027723 6.067952138
1575027888 5.315918465
1575028050 3.716798903
1575112907 5.417522116
1575113072 5.771521485
1575113228 5.767990274
1575113392 3.557839259
1575113549 5.711439715
1575113709 3.60949843
1575113866 3.731281993
1575114023 4.089217419
1575114186 5.303883861
1575114347 4.5255456
1575289839 5.065372107
1575290002 5.974407479
1575290170 5.449809437
1575290359 5.625427267
1575290527 6.289203496
1575290703 6.079732083
1575290870 4.73127588
1575291025 5.711378662
1575291187 5.610566071
1575291349 6.636204591
1575384236 4.98510166
1575384398 6.213952779
1575384557 5.868892251
1575384720 5.58302496
1575384880 4.139129093
1575385040 4.235924806
1575385199 5.870353306
1575385358 5.388319435
1575385522 5.432706735
1575385681 4.097538146
1575556618 5.165728646
1575556780 8.075581103
1575556954 5.785663664
1575557137 5.635208173
1575557308 5.496248856
1575557491 5.420264085
1575557666 5.111736213
1575557839 5.744676037
1575558299 5.844296245
1575558484 5.435792188
1579184117 5.768975155
1579184832 6.029051972
1579184995 5.905764365
1579185157 5.336666121
1579185334 5.968161125
1579185508 6.023846479
1579185690 5.512928625
1579185876 3.589589842
1579186058 5.838685243
1579186229 5.918948032
1579351854 6.064179028
1579352013 5.137396683
1579352174 5.353070295
1579352336 6.068013636
1579352498 5.576108868
1579352663 4.155846377
1579352819 5.424696003
1579352983 6.054428459
1579353144 5.594025786
1579354011 5.655735405
1579522935 5.466200387
1579523138 5.611644679
1579523330 5.831397823
1579523493 6.685907579
1579523668 5.605513859
1579523850 5.248860338
1579524031 5.284964449
1579524220 5.434041446
1579524389 5.644680298
1579524554 5.876645147
1579537568 5.511520299
1580215414 3.551672304
1580215584 5.728798883
1580215746 5.638609794
1580215906 5.75678122
1580216066 5.656811558
1580216229 5.733535316
1580216389 5.44294582
1580216553 3.960591
1580216713 7.529524433
1580216894 5.088654781
1580304801 5.508911463
1580304960 5.096938016
1580305121 5.568908722
1580305281 5.361578641
1580305464 5.769244591
1580305628 5.519636395
1580305788 5.219251376
1580305945 4.310202579
1580306100 5.807245283
1580306263 5.445016866
1581935302 4.794031699
1581935459 6.189515732
1581935623 5.646229663
1581935787 5.889267844
1581935954 4.992056625
1581936125 5.730744558
1581936296 5.140292295
1581936459 6.057081929
1581936617 5.788154376
1581936794 4.529107877
1582026976 6.328845677
1582027138 4.937150842
1582027304 4.674066869
1582027472 5.358804838
1582027883 4.6750891
1582028049 5.22593678
1582028216 5.040160568
1582028387 5.020014052
1582028555 5.395746157
1582028724 4.996590319
1582113198 5.258207434
1582113360 4.995609895
1582113526 4.688248978
1582113693 3.705503385
1582113858 5.836317068
1582114033 4.709777115
1582114197 3.78526386
1582114358 5.380087614
1582114524 4.943592799
1582114688 4.740149148
1582114851 5.493403379
1582115019 5.060831659
1582115179 5.099199459
1582115347 4.666610995
1582115510 5.019491735
1582115672 5.441400691
1582115836 5.029370467
1582115999 5.464199491
1582116180 5.673013455
1582116392 5.092116624
1582116571 6.363545956
1582116736 4.924408408
1582119057 4.854071052
1582119219 5.708772753
1582119391 5.134857317
1582119567 5.514330765
1582119740 4.701685788
1582119902 5.256738124
1582120081 5.028896748
1582120252 5.362377072
1582120971 4.743967677
1582121137 5.06247496
1582121382 4.710072793
1582125071 4.902888373
1582125287 5.030198896
1582125737 5.233749656
1582125932 5.108940386
1582126096 5.461234935
1582126264 5.014983932
1582126429 5.101369613
1582126595 4.693114025
1582126759 5.460885896
1582126921 4.815776809
1582127082 5.090881152
1582127247 5.486012281
1582127416 4.744137784
1582127582 4.867776338
1582127745 5.278933555
1582127908 4.700690142
1582128073 5.442605396
1582128235 4.658023937
1582128414 5.602568545
1582128576 4.679490468
1582128740 4.797930949
1582128906 4.774933728
1582129071 5.509093481
1582129238 4.505598698
1582129398 4.984583773
1582129560 5.185643049
1582129721 5.490395957
1582185146 6.023790295
1582185330 5.693619066
1582186059 7.287868077
1582186218 3.636552198
1582186954 5.545297646
1582187915 5.299797907
1582188076 5.599539414
1582188233 6.468476259
1582188394 4.065386441
1582193844 6.094001106
1582194008 5.172708397
1582194172 3.591606247
1582194328 5.79545847
1582194489 6.31424447
1582194654 5.176975996
1582194820 5.364889541
1582194983 6.633167239
1582195144 5.74860242
1582195307 4.819444261
1582195802 5.737488749
1582195961 4.628245768
1582196118 5.924245031
1582196277 5.668299023
1582196437 5.732421577
1582196596 5.606288266
1582196754 5.183537425
1582196914 5.845146152
1582197075 5.623684967
1582197243 3.626739486
1582197398 6.013832722
1582197575 5.667626098
1582197736 5.185299117
1582197893 5.958774554
1582198052 5.716280621
1582198209 5.52852699
1582198370 4.441084698
1582198528 110.080146345
1582198808 6.482109662
1582199161 5.765914712
1582631466 6.008348957
1582631625 5.061140293
1582631782 4.694528316
1582631939 4.885251993
1582632096 4.920859122
1582632252 5.071944497
1582632412 5.860077595
1582632576 4.784618077
1582632736 5.447488878
1582632896 5.319315433
1582884596 22.325565606
1582884773 5.545253112
1582884941 6.043903278
1582885105 5.196284213
1582885270 6.003092568
1582885432 4.892462071
1582885591 5.656847214
1582885753 5.48787272
1582885918 4.764386072
1582886076 5.32845414
1574707155 3.538125263
