1569853968 6.237739959
1569854995 5.932524625
1569855543 14.064640485
1570448220 6.215800921
1570449176 6.123191648
1570449602 6.112288052
1571323588 6.111198041
1571323991 6.207145509
1571324389 6.217260925
1571324781 6.220670969
1571327712 6.182029277
1571328103 5.982885046
1571328493 6.27324952
1571328884 6.110729548
1571329277 6.059171367
1571329665 6.227298399
1571330643 6.334917465
1571398215 6.115446845
1571398612 6.106312635
1571399003 6.076990577
1571399395 6.176654151
1571399787 6.14046064
1571400184 6.396590983
1571400604 6.178644159
1571401005 6.232081929
1571401397 6.151058912
1571401787 6.238091634
1571407167 6.243594127
1571407560 6.094048476
1571407950 6.04253246
1571408341 6.12732355
1571408733 6.281988229
1571666225 6.137444092
1571666617 6.099098343
1571667008 6.17120024
1571667399 6.221505479
1571667845 6.103656989
1571669495 6.200682933
1571669889 6.296816043
1571754406 6.044019904
1571754797 6.203894029
1571755198 7.439998422
1571755599 6.157460229
1571756024 18.854287711
1571756829 6.067483643
1571757267 6.221340563
1571757684 6.372759544
1571758082 6.16781077
1571758473 6.130123535
1571758869 6.223452925
1571762477 6.565194264
1571762875 5.927246694
1571763266 6.056693506
1571763656 6.256551895
1571764050 15.895358846
1571764475 6.136876479
1571764867 6.135929603
1571765256 6.177272758
1571765648 5.94683511
1571766036 5.991582494
1571767005 6.145283318
1572006765 6.226901563
1572007364 6.107568527
1572007759 6.379532271
1572008268 6.282959879
1572008670 6.240145304
1572009066 6.277532567
1572009454 6.069006763
1572009845 6.155716443
1572010236 6.246265236
1572010632 6.495688461
1572011022 6.214910548
1572013586 6.101143715
1572013979 6.094629017
1572014371 6.071814343
1572014760 6.349635974
1572015149 6.205492984
1572268314 6.345240364
1572269225 6.210094474
1572269632 6.109222422
1572270049 6.225847492
1572270446 5.945987615
1572270837 6.252854515
1572271363 6.282574463
1572272537 4.918173197
1572272873 4.965085121
1572273206 5.069822576
1572273551 5.084718422
1572273886 4.904351807
1572276307 4.904853576
1572276647 5.027267243
1572276977 5.015245673
1572277308 5.030782028
1572277643 4.974305649
1572278002 4.920103096
1572278334 4.966369094
1572278666 4.958628857
1572363725 3.950843796
1572364054 4.967751707
1572364385 4.924805248
1572364717 4.878899509
1572365059 5.071106902
1572365389 5.219817388
1572365768 4.993412342
1572366148 4.990868206
1572366481 4.953764394
1572366814 4.991146347
1572369843 5.008379157
1572370172 5.040940345
1572370504 4.894033643
1572370835 4.958351864
1572371164 5.276865741
1572371496 4.993117876
1572371827 4.941060467
1572372156 5.003818474
1572372485 4.954109969
1572372818 5.000901745
1572533830 5.025159698
1572534184 4.986495067
1572534531 4.859290003
1572534863 5.130268765
1572535211 4.912654152
1572535542 5.013184452
1572535877 4.749168806
1572536208 4.887343158
1572536571 5.012172639
1572536907 5.006497104
1572537829 4.896600825
1572538482 5.000468178
1572539138 5.0959601
1572539791 4.996271773
1572540446 4.901120818
1572541350 5.00542418
1572541999 4.964085567
1572542647 4.886276917
1572543292 4.948357015
1572543966 5.027702075
1574711186 4.725541689
1574708978 4.509866519
