1569854326 5.925727508
1570448871 5.657170624
1570449372 5.807406881
1571323358 5.584880863
1571323751 5.509940454
1571324154 5.571785577
1571324552 5.626871779
1571327483 5.770749698
1571327874 5.667407306
1571328264 5.872564698
1571328655 5.703092902
1571329047 5.831036341
1571329438 5.516412696
1571330030 5.784162323
1571397986 5.56003798
1571398382 5.469022706
1571398775 5.681688839
1571399166 5.677163403
1571399556 5.609456199
1571399956 3.716543822
1571400347 6.003452943
1571400774 5.643092646
1571401166 5.559247811
1571401558 5.719743868
1571406940 5.763920798
1571407329 5.596311383
1571407722 5.647284676
1571408110 5.802004533
1571408505 5.521073928
1571665997 5.591730518
1571666386 5.646990232
1571666778 5.773472962
1571667170 5.797498634
1571667614 5.679451967
1571669266 6.02004553
1571669659 6.346249236
1571754177 5.638384521
1571754567 5.804000636
1571754968 5.692684165
1571755365 5.652835018
1571756596 5.712481694
1571757027 6.231026008
1571757456 5.735008131
1571757852 5.709354454
1571758245 5.901493728
1571758637 3.684308807
1571762249 5.800800849
1571762646 5.794586852
1571763039 5.59831622
1571763427 5.77122384
1571763821 5.692803981
1571764227 5.685693462
1571764637 5.760302274
1571765028 5.615921896
1571765417 5.8534028
1571765808 5.476772375
1571766386 5.816163831
1571767168 5.623724073
1572006421 9.003073602
1572007134 5.866683759
1572007527 5.708249774
1572008028 5.770278436
1572008429 5.723021049
1572008832 5.402522955
1572009227 5.797551812
1572009616 5.71692155
1572010008 5.455612449
1572010403 5.583368024
1572010794 5.771414485
1572013357 5.773040736
1572013749 5.791236397
1572014141 5.532316413
1572014531 5.752586247
1572014922 5.638928343
1572268974 3.844010165
1572269392 5.688544433
1572269807 5.446382259
1572270213 5.625569624
1572270608 5.778935939
1572271099 2.468751224
1572272344 4.740582703
1572272675 4.356498862
1572273009 4.659522804
1572273356 4.617458354
1572273688 4.500274344
1572276112 4.56359155
1572276449 4.618685966
1572276784 4.539292881
1572277116 2.949615699
1572277450 4.472412344
1572277809 4.570842835
1572278141 4.548167533
1572278473 4.517082957
1572363532 4.587898292
1572363861 4.583021178
1572364191 4.507350508
1572364521 4.724628752
1572364860 4.397736094
1572365197 4.449759369
1572365574 4.561194971
1572365948 4.412217645
1572366288 4.59952191
1572366623 4.57061242
1574710712 4.143412765
1574708797 4.10361173
