1569849951 4.348999557
1569850155 4.455460121
1569849951 4.348999557
1569850155 4.455460121
1569850969 4.224188856
1569851175 4.307545151
1569851524 4.26013697
1569851731 4.323586763
1569851961 4.25987236
1569852190 4.379929556
1569852428 4.220681889
1569852645 4.319725644
1569853036 4.394543548
1569853347 4.404712646
1569853587 4.345551034
1569854229 4.27636812
1569855201 4.313485959
1569855634 4.362694253
1570446959 4.215067856
1570448051 4.163715171
1570448778 4.364756052
1570449249 4.908081662
1570449678 38.751994267
1570543074 4.333923452
1570543435 4.343901166
1570543637 4.373990061
1570544566 4.246868553
1570544770 4.275238656
1570545026 4.234958085
1570545236 4.301484713
1571322945 4.319315616
1571323267 4.365156721
1571323660 4.323538489
1571324062 4.324713132
1571324462 4.304030156
1571325068 4.310583701
1571325265 4.276128612
1571325464 4.222909441
1571325668 4.268469142
1571325867 4.247608662
1571326067 4.455198286
1571326758 4.408595122
1571326971 4.287611844
1571327178 4.428649829
1571327392 4.304896746
1571327782 4.313970101
1571328173 4.407112744
1571328564 4.26836398
1571328956 4.696025771
1571329348 4.17639935
1571329940 4.244327336
1571395860 4.233484113
1571396056 4.22781793
1571396253 4.68350851
1571396452 4.432300539
1571396650 4.43024353
1571396849 4.272853792
1571397078 4.301801854
1571397282 4.369518262
1571397481 4.402942425
1571397678 4.323818722
1571397896 4.265796113
1571398289 4.185354078
1571398684 4.343283822
1571399074 4.326154435
1571399466 4.136228326
1571399862 4.404273498
1571400255 4.305805791
1571400677 4.440066184
1571401076 4.347647126
1571401468 4.288705788
1571404925 4.397362876
1571405125 4.386050284
1571405322 4.399917281
1571405522 4.37241391
1571405754 4.310086009
1571406848 4.397264286
1571407238 4.40585199
1571407632 4.254046716
1571408020 4.311615988
1571408413 4.797985606
1571408943 4.30408448
1571409174 4.36230129
1571409376 4.325716265
1571409575 4.433905125
1571409790 4.414595653
1571664358 4.301080069
1571664901 4.344586768
1571665105 4.42731951
1571665316 4.465920008
1571665510 4.379092214
1571665705 4.45170064
1571665905 4.363035809
1571666296 4.366826422
1571666687 4.215308714
1571667081 4.393617859
1571667517 4.354439679
1571668123 4.252746221
1571668322 4.392336756
1571668526 4.399069
1571668720 4.284388358
1571668917 11.510600927
1571669169 4.318948314
1571669569 4.383039917
1571751994 4.270935096
1571752188 4.106450167
1571752388 4.322501786
1571752593 4.355584252
1571752787 4.287524718
1571752984 4.389140165
1571753181 4.199751724
1571753378 4.124315189
1571753576 4.307114298
1571753771 4.43921507
1571754080 4.380203978
1571754477 4.269328553
1571754870 4.398810101
1571755273 4.180437194
1571755837 4.298772487
1571756506 4.390115341
1571756917 4.427274065
1571757367 4.269983183
1571757756 4.335071884
1571758155 4.303251324
1571758545 4.403573096
1571760131 4.316957472
1571760325 4.304087686
1571760530 4.875300121
1571760726 4.439308128
1571760924 6.746700647
1571761136 4.327911922
1571761335 4.251891515
1571761530 4.394468391
1571761726 4.163301204
1571762160 4.355675733
1571762558 5.586023989
1571762949 4.447014638
1571763337 4.347262033
1571763728 4.442002163
1571764136 4.435319462
1571764546 4.431137017
1571764938 4.305956834
1571765326 4.21673384
1571765718 4.445184496
1571766295 4.413926696
1571767077 4.336217143
1571922226 5.043914575
1572003237 4.316005747
1572003431 4.212244582
1572003629 4.501501134
1572003827 4.355041099
1572004023 4.321282994
1572004218 4.391260201
1572004413 4.306543683
1572004612 4.357582521
1572004814 4.260895494
1572005013 4.399408708
1572006304 4.287917062
1572007042 4.300759159
1572007436 4.366300935
1572007929 4.400175865
1572008339 4.396033314
1572008742 4.275250645
1572009136 4.240142477
1572009525 4.418866256
1572009917 4.236452576
1572010313 4.654800844
1572010703 4.351621847
1572011214 4.361006337
1572011411 4.370885884
1572011605 4.558913833
1572011804 4.450972012
1572012001 4.396782469
1572012198 4.279690784
1572012393 4.295371353
1572012587 4.359032477
1572012782 4.358500327
1572012975 4.324777032
1572013265 4.177567553
1572013658 4.255089857
1572014051 4.298008095
1572014441 4.389741692
1572014832 4.467029458
1572265035 4.389222762
1572265232 4.385606084
1572265430 4.360477804
1572265628 4.387012554
1572266036 4.502682759
1572266229 4.270226039
1572266432 4.660510574
1572266632 4.335667251
1572266830 4.860423839
1572268112 4.222747885
1572268883 4.310722648
1572269296 6.297762471
1572269714 5.487557298
1572270120 4.220242428
1572270517 4.346971736
1572270910 4.268042527
1572272266 3.751204462
1572272597 3.957514315
1572272932 3.70748177
1572273267 3.757559792
1572273611 3.803083318
1572274103 3.71618015
1572274276 3.403456348
1572274448 4.585838517
1572274612 3.743569516
1572274785 3.826109834
1572274955 3.656096243
1572275123 3.83746747
1572275302 3.933274083
1572275471 3.761015273
1572275646 3.711641577
1572276035 3.796346639
1572276368 5.465664255
1572276706 3.767701867
1572277037 3.838504527
1572277367 3.5928259
1572277714 3.829663792
1572278062 3.812245681
1572278395 3.999685483
1572361248 4.463808428
1572361446 4.257516113
1572361641 4.406002036
1572361836 4.317218351
1572362035 4.394845528
1572362229 4.299641375
1572362425 4.397735597
1572362621 4.421839521
1572362819 4.344205774
1572363015 4.275083655
1572363454 3.779294698
1572363784 3.845813633
1572364113 3.762203326
1572364444 3.847287506
1572364777 3.776477488
1572365118 3.891146079
1572365496 3.919423652
1572365868 3.794220039
1572366207 7.853572422
1572366543 3.740302429
1572366895 3.865423697
1572367063 3.831121115
1572367231 3.926438524
1572367401 3.626475209
1572367583 3.714881942
1572367759 4.029219601
1572367930 3.71529181
1572368098 3.72217578
1572368264 3.789496922
1572368430 3.826657948
1572369573 3.792717828
1572369903 3.836075086
1572370233 3.831132386
1572370566 3.79014047
1572370894 3.808197844
1572371226 3.707472122
1572371557 3.749746782
1572371887 3.632055235
1572372215 3.758851514
1572372544 3.756197635
1572532365 4.296316179
1572532567 4.373924414
1572532772 4.258926493
1572533551 3.713349691
1572533889 3.976328441
1572534243 3.67454748
1572534590 3.806661411
1572534922 3.806040391
1572535270 3.660952759
1572535601 3.833013586
1572535937 3.798952123
1572536296 3.821528348
1572536633 3.7507888
1572537234 3.79313587
1572537889 3.62773331
1572538545 4.675331425
1572539198 3.828276032
1572539850 3.768626757
1572540757 3.702553532
1572541410 3.809091257
1572542059 3.754596471
1572542706 3.829560544
1572543351 5.238089095
1572544483 3.835329146
1572544650 3.854995397
1572544820 3.971582314
1572544994 3.832560695
1572545168 3.870119979
1572869994 3.717876891
1572870162 3.764466396
1572870383 3.839475024
1572870568 3.904854658
1572870785 3.783023775
1572871124 3.745770611
1572871775 3.795865181
1572872423 3.74419777
1572873104 3.926856966
1572873754 3.730789941
1572874816 3.798643
1572875676 3.867621378
1572876901 3.888954619
1572877556 3.951681897
1572878782 3.833414078
1572879895 3.832881415
1572880177 4.23526495
1572880513 3.697724088
1572880852 6.483840261
1572881198 3.715822756
1572881533 3.672994066
1572881865 3.803973752
1572882196 3.796460479
1572882586 3.787627807
1572882936 3.823007642
1572883276 3.855476545
1572965376 3.899741054
1572965543 3.828875545
1572965711 3.835533674
1572965880 4.032388914
1572966051 4.080022694
1572966217 3.836341124
1572966389 3.77725631
1572966573 3.951935173
1572966753 3.848374237
1572966916 3.828992282
1572967187 3.878804668
1572967843 10.829398881
1572969147 3.807828908
1572969809 3.764334439
1572970460 3.813309137
1572971111 3.808563679
1572971774 3.847573885
1572972433 3.874435976
1572973146 3.854884102
1572973799 3.704499351
1572974448 3.855941509
1572975178 3.768352941
1572975505 3.708457169
1572975858 5.161640599
1572976256 3.582548231
1572976586 3.75660628
1572976916 3.847085798
1572977246 3.916018749
1572977609 3.931748353
1572977957 3.719791853
1573207023 3.754332621
1573207191 3.848847877
1573207360 3.802264119
1573207526 3.629540365
1573207697 3.700106985
1573207864 3.744531732
1573208031 3.663393597
1573208196 3.788829005
1573208363 3.792651953
1573208530 3.682483466
1573208735 3.74125827
1573209385 3.759732798
1573210051 3.921638818
1573210717 3.719760874
1573211384 3.794142862
1573212039 3.762457753
1573212688 3.781635957
1573213341 3.715352514
1573214009 3.847151006
1573214667 3.83607604
1573218202 3.751668339
1573218530 3.800618147
1573218922 3.783734147
1573220265 3.848055382
1573220432 3.840936927
1573220600 3.921535801
1573220769 3.738631289
1573220936 3.687324491
1573221104 3.650876567
1573221268 3.756192439
1573221437 4.363907048
1573221604 3.800994086
1573221773 3.843753952
1573221963 3.841065451
1573222134 3.782193075
1573222300 3.903522014
1573222465 3.849794484
1573222634 3.744099477
1573301114 3.81111627
1573301283 3.853704128
1573301464 5.265104668
1573301818 3.791417142
1573301996 3.78669676
1573302165 3.861755927
1573302339 3.707324974
1573302508 3.90725139
1573302675 3.782500352
1573303830 3.212538559
1573303989 4.026741871
1573304154 3.731378592
1573304320 3.735744265
1573304479 3.96102416
1573304646 3.597822553
1573304805 3.703420788
1573304964 3.454730109
1573305128 3.633720603
1573305287 3.643452203
1573306446 3.572047239
1573306762 3.48839089
1573307092 3.79293213
1573307421 3.596607549
1573307738 3.826992681
1573308059 3.497161596
1573308373 3.707471222
1573308704 3.750562541
1573309024 3.582688492
1573309355 3.665219913
1573310195 3.848867238
1573310821 3.611746112
1573311436 3.5128201
1573312053 3.725768626
1573312752 3.704009277
1573313374 3.847643718
1573313995 3.474743696
1573314624 3.744715672
1573741857 3.684188056
1573741974 3.84462528
1573743606 3.875744946
1573743708 3.977161323
1573743807 3.768658128
1573743904 4.680374594
1573744004 3.33630359
1573744101 3.658979629
1573744198 3.5154847
1573744297 3.582336363
1573744392 3.556179683
1573744483 3.739196965
1573744688 4.332604737
1573744803 3.471388347
1573744900 3.751446359
1573745036 3.582603166
1573745220 3.395802708
1573745318 3.749430823
1573745420 3.690488139
1573745517 3.733255731
1573745617 3.65990654
1573745717 3.62082944
1573745819 3.676703117
1573745918 3.580682505
1573746013 3.745030753
1573746114 3.369162357
1573746212 3.669073757
1573746313 3.665269351
1573746414 3.710293619
1573746511 3.703417408
1573746607 3.795469696
1573748927 3.677204733
1573749024 3.777075512
1573749125 3.779305863
1573749236 3.622457724
1573749330 3.70566718
1573749463 4.444004407
1573749568 3.850336667
1573749668 4.128326602
1573749767 3.241828497
1573749863 3.628891622
1573752460 3.51071605
1573752717 3.674142224
1573752877 3.667017247
1573753034 3.670069681
1573753193 3.710514176
1573753347 3.550251262
1573753506 3.621028331
1573753660 3.252221024
1573753821 3.697233159
1573754641 3.548795879
1573754800 3.668630271
1573754962 3.487390859
1573755130 3.572479218
1573755288 5.163207686
1573755448 3.635475514
1573755604 3.705862785
1573755762 3.629909674
1573755920 3.699695488
1573756077 3.694601244
1573827972 3.496891055
1573828284 3.637815158
1573828594 3.576214821
1573828900 3.441890599
1573829204 3.753751305
1573829510 3.728579763
1573829891 3.704897486
1573830377 3.688453412
1573830685 3.874782972
1573830994 3.411938136
1573831385 3.624076676
1573831542 3.709699158
1573831701 3.744069395
1573831874 3.45862147
1573832027 3.345531846
1573832185 3.835998008
1573832342 3.496717618
1573832508 3.735501546
1573832663 3.759259192
1573832818 3.718956134
1573833014 3.363090449
1573833172 3.327538568
1573833335 3.318390384
1573833491 3.527092603
1573833649 3.676386095
1573901024 3.606768283
1573901181 3.754348703
1573901338 3.415204721
1573901493 3.696401959
1573901655 3.746546168
1573901808 3.519267172
1573901963 3.656653513
1573902122 3.446930725
1573902278 3.768849943
1573902434 3.487229538
1573902627 3.508205942
1573902935 3.507922164
1573903246 3.616203224
1573903557 3.74842019
1573903868 3.679005815
1573904176 3.789037713
1573904503 7.582129616
1574685750 3.673558382
1574685940 3.53608866
1574686114 3.523839776
1574686271 3.755381
1574686433 3.707597122
1574686596 5.422615438
1574686754 3.612967425
1574686946 3.739643923
1574687111 3.746857614
1574687287 3.547888056
1574687945 3.676604056
1574688264 3.402874968
1574689246 3.678698737
1574689617 3.771799466
1574689832 3.817034135
1574690003 3.601114086
1574690164 8.712877095
1574690341 3.779789274
1574690501 4.277932575
1574690671 3.619637727
1574690832 3.500257502
1574691016 3.644697642
1574691195 3.759962174
1574691948 3.763578192
1574692267 3.477306955
1574692588 5.892046284
1574693497 3.514110081
1574693821 7.796225151
1574694253 3.75947264
1574694582 3.80621035
1574695138 3.723577419
1574695475 3.98982303
1574695788 3.834538524
1574706681 3.584812956
1574706816 3.793530523
1574707060 3.787295889
1574707240 3.563671531
1574708027 3.657169014
1574708723 3.624081287
1574709106 3.830256412
1574709339 3.545174046
1574710449 3.652773885
1574710639 3.506301549
1574950731 3.842971784
1574951053 3.472159914
1574951441 3.745260563
1574951784 3.839727011
1574952103 3.765831665
1574952415 3.498467647
1574952831 3.621745504
1574953199 3.715116348
1574953509 3.527072541
1574953834 3.795308538
1574954163 3.552252922
1574954326 3.757491437
1574954502 3.755456731
1574954666 3.65988478
1574954851 3.485746664
1574955008 3.53309904
1574955267 3.610334901
1574955425 3.731911572
1574955585 3.412649869
1574955746 3.552295968
1575026494 3.769189019
1575026655 3.459278284
1575026816 3.594683493
1575026977 3.358873984
1575027140 4.349708982
1575027302 3.753266926
1575027468 3.62922898
1575027624 3.380272103
1575027788 3.559888806
1575027954 3.812050755
1575028134 3.804985159
1575028442 3.806785368
1575028754 3.626537427
1575029087 3.509109826
1575029404 3.663205476
1575029712 3.587455717
1575030027 3.8077415
1575030338 3.770272917
1575030654 3.722819478
1575030986 3.744629105
1575112810 3.641644321
1575112971 3.808693143
1575113133 3.838872606
1575113294 3.676996095
1575113452 3.747618225
1575113612 3.500122231
1575113769 3.654211313
1575113926 3.4030741
1575114088 3.739816092
1575114252 3.757544981
1575114421 3.820688453
1575114724 3.801188173
1575115035 3.712470333
1575115344 3.758987652
1575115653 3.613077632
1575115967 3.450106811
1575116278 3.70668814
1575116590 3.929575164
1575116897 3.738496621
1575117206 3.7082631
1575289739 3.761326597
1575289904 6.103591975
1575290072 3.485699879
1575290254 3.620592293
1575290427 3.964110653
1575290772 3.751322188
1575290932 6.062070346
1575291091 3.702686406
1575291252 3.508289793
1575292932 3.633534456
1575293266 3.426009758
1575293602 3.688092079
1575293939 3.773198489
1575294287 3.748155173
1575294624 3.844155044
1575294994 3.535052395
1575295388 4.098963211
1575295739 3.693627862
1575296947 3.854399825
1575384141 3.61546104
1575384301 3.665983693
1575384461 3.876360785
1575384620 3.7129144
1575384785 3.768665398
1575384940 3.671442134
1575385101 3.747285147
1575385263 3.791125484
1575385422 3.540378685
1575385585 3.867660825
1575385828 3.297387887
1575386138 3.42130292
1575386449 3.599568527
1575386855 3.662450786
1575387163 3.684401512
1575387473 3.615619128
1575387783 3.650531692
1575388091 3.708417151
1575388400 3.617307032
1575388705 3.620888865
1575397116 9.047976846
1575474397 3.861650038
1575556522 3.667371019
1575556683 3.771080024
1575556847 3.671175278
1575557028 3.414537632
1575557210 3.792344655
1575557394 3.697589752
1575557568 3.462462132
1575557742 3.547304708
1575558200 3.716962057
1575558389 3.680062926
1575558587 3.677996126
1575558898 3.436948378
1575559226 3.66994086
1575559537 3.721189441
1575559912 3.726708661
1575560240 3.749844467
1575560571 3.860021709
1575561102 3.297489381
1575561450 3.486566196
1575561807 3.751036613
1579184020 3.592909594
1579184735 3.76477358
1579184897 3.671542917
1579185058 3.788408558
1579185234 3.655486567
1579185409 3.70388854
1579185592 3.793982158
1579185766 3.794071778
1579185960 4.059972015
1579186133 3.715770115
1579186331 3.63668296
1579186673 4.720793808
1579187692 3.66238797
1579188019 3.552972046
1579188469 3.789301647
1579189000 3.693634606
1579189331 3.734266133
1579189662 3.885238211
1579189998 3.567769495
1579190333 3.798849919
1579351750 3.687815114
1579351917 3.80199395
1579352078 3.703753318
1579352239 3.667517944
1579352402 3.793500863
1579352566 4.220641822
1579352723 3.889405638
1579352885 3.720752536
1579353048 3.501255593
1579353210 3.705669947
1579354093 3.493394114
1579354399 3.696505839
1579354710 3.422118478
1579355021 3.590922345
1579355328 3.795924867
1579355638 3.414800306
1579355948 3.615909577
1579356252 3.683288282
1579356559 3.590642458
1579356865 3.626767433
1579522832 3.903669423
1579523042 3.694729906
1579523232 4.139231788
1579523397 3.847892377
1579523570 3.748315782
1579523752 3.800407068
1579523932 3.999229534
1579524122 3.683267408
1579524289 3.449605803
1579524458 3.418072774
1579524690 3.834551854
1579525035 3.745567325
1579525364 3.744205639
1579525755 3.836205219
1579526081 3.718448951
1579528377 3.5680399
1579528727 12.859843428
1579529181 3.623590279
1579529525 3.416418015
1579529837 3.728142523
1579537430 3.767927967
1580215291 3.753658166
1580215483 3.492039413
1580215650 3.775084346
1580215809 3.581188085
1580215970 3.703129009
1580216132 3.718715005
1580216293 3.817635237
1580216453 4.133642859
1580216613 3.725819403
1580216794 3.683549746
1580217826 3.878693625
1580218154 4.467646891
1580218469 3.836253513
1580218803 3.756744967
1580219156 3.681912749
1580219516 3.52222887
1580222243 3.82513215
1580222559 3.787195873
1580222873 3.794218002
1580223177 3.685051585
1580304705 3.804099598
1580304862 3.591118105
1580305024 3.451508068
1580305183 3.597204798
1580305368 3.598441153
1580305528 3.543905537
1580305691 3.626595795
1580305849 3.807828917
1580306006 3.528888833
1580306164 3.554596303
1580306469 3.564063551
1580306770 3.976441509
1580307085 86.475170101
1580307646 3.757895772
1580307956 3.672827945
1580308268 3.651838564
1580310472 3.491367629
1580310785 3.668174532
1580311099 3.805043895
1580311408 3.488998467
1580311781 3.609358934
1581935205 3.809840038
1581935364 3.699689375
1581935524 3.753911491
1581935690 3.741365814
1581935858 3.607296604
1581936029 3.737972748
1581936201 3.547055961
1581936360 3.765175965
1581936521 3.609456815
1581936697 3.497967857
1582026878 3.758963371
1582027041 3.678758378
1582027203 4.3875541
1582027373 3.720715027
1582027785 3.907850733
1582027948 3.801643979
1582028117 4.067593457
1582028284 4.081006578
1582028452 4.225853615
1582028621 3.574250897
1582113093 3.959871356
1582113260 3.894255572
1582113424 3.881642566
1582113593 3.798878113
1582113755 3.709907655
1582113932 3.977213945
1582114094 3.874781083
1582114257 4.261631164
1582114425 3.810693869
1582114588 4.089597092
1582114752 3.660626929
1582114914 3.910965553
1582115080 3.481456165
1582115246 3.916403669
1582115409 3.922225359
1582115573 3.91877057
1582115736 3.89916198
1582115899 3.695932697
1582116081 3.596387082
1582116297 3.706615032
1582116470 3.682262338
1582116638 3.848348866
1582118957 3.830713925
1582119119 3.582701397
1582119289 4.060958463
1582119455 3.872267847
1582119641 4.018590111
1582119804 3.8960438
1582119974 3.699842324
1582120147 3.890138342
1582120870 3.543554892
1582121039 4.018363739
1582121283 3.768707747
1582121445 3.938662901
1582125188 3.749741658
1582125348 3.732794327
1582125831 3.837793031
1582125998 3.686894731
1582126167 3.93386776
1582126327 4.010049239
1582126495 4.128962063
1582126656 3.760922423
1582126823 3.935494099
1582126985 3.976549679
1582127146 3.891077015
1582127312 7.192889802
1582127481 3.751664301
1582127646 3.91939425
1582127810 3.831799643
1582127970 3.711102021
1582128136 3.793962481
1582128294 3.976196162
1582128476 3.800656297
1582128639 3.742401541
1582128806 3.68078355
1582128968 3.658799482
1582129140 3.815092384
1582129299 3.788669366
1582129460 3.872119709
1582129625 3.823786388
1582185047 3.730835236
1582185228 3.756537534
1582185963 3.600938629
1582186123 3.807805835
1582186283 3.58008321
1582186856 3.673751294
1582187820 3.578734608
1582187977 4.747348445
1582188137 3.751705654
1582188298 3.695406286
1582193748 3.57205062
1582193911 3.969234888
1582194076 3.624553091
1582194231 3.752667571
1582194393 3.862771497
1582194558 3.846215181
1582194717 3.592305812
1582194888 3.489654975
1582195049 3.376304362
1582195210 3.49948589
1582195704 3.803335721
1582195864 3.526312248
1582196021 3.677553567
1582196182 3.996753998
1582196341 3.796209804
1582196501 3.511523627
1582196658 3.775212336
1582196817 3.821279843
1582196979 3.804116472
1582197146 3.546142265
1582197303 3.742403318
1582197469 3.928515805
1582197639 3.664734579
1582197797 3.666759332
1582197957 3.54695511
1582198113 3.891101083
1582198275 3.64375649
1582198432 3.860807072
1582198713 3.592159086
1582199061 3.790378086
1582631369 3.706236623
1582631529 3.605530578
1582631685 3.854750461
1582631843 3.540311011
1582631999 3.580066106
1582632157 3.420219749
1582632318 3.711645904
1582632479 3.905610143
1582632637 3.635661462
1582632800 3.51731512
1582884496 3.713697672
1582884677 3.556307897
1582884844 4.519301658
1582885005 3.684167409
1582885172 3.631198236
1582885334 3.758247095
1582885493 3.773369249
1582885655 5.221796798
1582885817 8.21189188
1582885978 3.78164229
1574710639 3.506301549
1574707060 3.787295889
1574708723 3.624081287
