1569853592 339.11432696
1569854233 721.700659446
1569855205 301.109943939
1569856524 4.555552136
1570446963 388.534712233
1570448055 126.971588267
1570448782 328.393795949
1570449254 311.625734969
1571323271 280.750393484
1571323664 290.748432452
1571324066 286.146692033
1571324466 279.635133699
1571327397 278.940639155
1571327787 279.868928182
1571328177 280.174571231
1571328569 279.809486822
1571328960 280.674486062
1571329352 277.819556719
1571330596 10.973842267
1571397900 278.755697045
1571398293 282.830306876
1571398688 279.595767372
1571399079 280.263157313
1571399470 280.859416608
1571399866 281.151647317
1571400260 309.048830008
1571400682 285.106887482
1571401080 280.878846423
1571401473 278.008372517
1571406853 278.259805163
1571407249 274.585762891
1571407636 277.79827125
1571408025 279.037496441
1571408418 278.67292293
1571665909 279.899483871
1571666300 280.359860245
1571666691 281.163833673
1571667085 278.380883795
1571667521 286.957268462
1571669173 284.986694549
1571669573 279.475217779
1571754084 284.810824514
1571754481 279.495665375
1571754874 287.328169798
1571755277 286.809870333
1571755966 13.831930681
1571756510 283.024670897
1571756922 308.152180252
1571757371 277.586944797
1571757760 285.810977254
1571758159 277.359588706
1571758549 280.910510662
1571762164 276.599417108
1571762564 275.419932993
1571762953 276.773967843
1571763341 279.698334155
1571763733 280.915240279
1571764140 298.368085312
1571764550 280.43996599
1571764942 277.172248437
1571765330 280.660074755
1571765722 278.273099117
1571766957 11.923878128
1572006308 394.854617917
1572007046 282.162724964
1572007440 283.224283696
1572007933 298.361639586
1572008343 290.789187833
1572008746 282.286715027
1572009140 277.919751644
1572009530 279.092512972
1572009921 278.232852759
1572010317 278.708231617
1572010708 278.886156637
1572013270 279.891693419
1572013662 280.225002414
1572014055 280.109952892
1572014446 277.985349076
1572014836 277.566274401
1572268116 140.770654347
1572268887 283.680776512
1572269303 282.663664349
1572269719 281.815666867
1572270124 282.730326091
1572270521 279.94565944
1572270914 392.933473367
1572272270 237.93618766
1572272600 241.257996086
1572272936 237.235894894
1572273270 251.637358019
1572273615 242.850302038
1572276039 239.705739301
1572276374 241.692623458
1572276710 238.588402054
1572277041 239.048614802
1572277371 243.192270567
1572277717 255.721384991
1572278065 239.678626405
1572278398 238.105665936
1572363458 237.632753655
1572363788 237.184284359
1572364117 239.299506441
1572364448 240.622438427
1572364780 242.970868039
1572365122 238.215240396
1572365500 238.874693609
1572365872 247.211685371
1572366215 236.828877924
1572366546 238.689123293
1572369907 236.823707514
1572370237 237.797535138
1572370569 236.802987093
1572370898 237.115716042
1572371230 237.069490628
1572371560 236.369102577
1572371891 236.55690119
1572372219 237.336321087
1572372548 241.524523184
1572533555 246.280046464
1572533892 262.451507556
1572534247 255.795450493
1572534594 238.652134406
1572534926 256.423875917
1572535274 239.280691433
1572535605 237.961800456
1572535940 237.765467415
1572536299 242.240320281
1572536637 241.809663817
1572537784 13.734841185
1572538441 11.236221458
1572539099 10.64491816
1572539751 10.233126146
1572540400 10.511854209
1572541311 10.229973376
1572541957 12.126913275
1572542607 10.563170912
1572543253 10.633341443
1572543926 10.315083387
1572871675 10.81605414
1572872323 10.412458485
1572873005 10.362273628
1572873653 12.228238092
1572874311 10.029767159
1572875377 10.037308719
1572876243 10.687259562
1572877456 10.358214556
1572878112 10.662274349
1572879355 10.169894116
1572880182 243.644339075
1572880517 243.325634885
1572880859 251.768669832
1572881201 240.796051577
1572881536 240.133267141
1572881869 238.234024188
1572882200 292.975973903
1572882589 238.684644379
1572882939 239.853266064
1572883280 242.610109495
1572967742 10.562205559
1572968728 6.115893084
1572969698 10.299571842
1572970359 10.050041997
1572971010 10.528277867
1572971673 10.080366002
1572972334 10.905399359
1572973046 9.892447575
1572973699 10.464624469
1572974351 9.248575111
1572975005 10.420949787
1572975182 233.003642182
1572975508 237.378010098
1572975863 253.787956098
1572976259 237.011754879
1572976590 236.851350602
1572976919 238.307426361
1572977250 270.440647419
1572977613 236.340281998
1572977960 278.480581958
1573209282 13.3465806
1573209952 10.262022802
1573210615 10.223266524
1573211284 10.213285183
1573211941 10.212504301
1573212589 10.621368655
1573213242 10.52840929
1573213907 11.375401932
1573214566 10.438386865
1573215224 13.548292724
1573218206 236.806764317
1573218534 241.869669197
1573218925 27.40240662
1573306449 229.588767145
1573306765 236.938816767
1573307424 230.209189359
1573307741 232.075530674
1573308062 228.248710796
1573308376 245.441026713
1573309027 235.36549147
1573310727 10.392413303
1573311343 10.332096664
1573311961 9.758526811
1573312660 9.811858124
1573313279 10.060261833
1573313902 10.141547956
1573314530 10.404179931
1573315147 4.493860677
1573741860 10.772843692
1573741978 11.629410828
1573743609 12.658497295
1573743711 11.301969323
1573743810 11.149223533
1573743909 11.458950848
1573744007 11.864896128
1573744104 10.807710588
1573744201 11.820793081
1573744300 11.219678275
1573744396 6.794912525
1573744487 11.494254624
1573744599 6.017934165
1573744692 10.856661356
1573744806 10.815953151
1573744904 11.388203351
1573745040 12.475271924
1573745224 12.829387484
1573745321 11.349761448
1573745424 10.751840212
1573745521 10.864460382
1573745621 11.514712156
1573745721 11.024305952
1573745822 12.946525135
1573745921 11.16271908
1573746017 12.307074447
1573746117 13.007872944
1573746215 13.047332171
1573746317 11.236375091
1573746417 11.346018033
1573746515 10.991633669
1573746610 11.25429057
1573748931 10.959711224
1573749027 11.42096152
1573749128 12.462970976
1573749240 11.238526232
1573749334 15.322494757
1573749467 16.764949298
1573749572 10.643686651
1573749672 11.054517331
1573749771 11.44851602
1573749867 11.356414831
1573827975 227.916074815
1573828287 224.10488175
1573828598 220.437444291
1573828903 219.975395953
1573829208 219.301578745
1573829895 401.051701209
1573830689 222.251747371
1573830997 219.132058541
1573902631 219.463675244
1573902938 223.526418723
1573903249 226.780851262
1573903561 224.929009497
1573903871 224.003025312
1573904180 222.766175235
1573904511 60.271542107
1574687948 222.462410536
1574688267 223.149830774
1574689250 60.933630083
1574691952 233.667812575
1574692271 227.717260344
1574692593 822.655369643
1574693500 233.582082796
1574693829 233.993587562
1574694256 234.393918481
1574694586 223.562845744
1574695142 221.123895262
1574695479 227.4501421
1574695791 222.756686621
1574706684 11.120495432
1574707243 86.477524324
1574708031 264.767875921
1574708727 224.383700303
1574709109 54.094266979
1574709893 11.342076901
1574710453 54.119219736
1574711150 9.991136322
1574950735 225.691693589
1574951056 279.035313661
1574951444 245.720007755
1574951787 229.996183955
1574952106 225.538130936
1574952419 310.017198578
1574952834 222.941308225
1574953203 223.716375343
1574953512 239.974695822
1574953837 241.668570232
1575028138 224.143489773
1575028446 225.140447361
1575028758 248.365832917
1575029091 231.467331801
1575029408 222.303827651
1575029715 227.121850784
1575030031 222.876949151
1575030341 227.795478263
1575030658 243.143389373
1575030989 223.948957295
1575114424 218.148947141
1575114727 224.152096579
1575115038 223.213960408
1575115348 222.977472151
1575115656 228.962851273
1575115971 225.279829164
1575116282 224.806225118
1575116594 221.862610511
1575116901 223.346182696
1575117209 223.377098794
1575292935 228.114594906
1575293269 228.114091892
1575293606 231.923112756
1575293942 232.541290569
1575294291 227.212895385
1575294628 237.220633901
1575294998 269.416450481
1575295392 243.821944734
1575295743 1104.48695958
1575296951 232.148933773
1575385831 223.702857147
1575386141 226.200676815
1575386453 225.207315174
1575386858 223.855333306
1575387167 223.697168626
1575387477 224.723951789
1575387787 222.639123226
1575388095 222.268947809
1575388403 222.480671567
1575388709 221.377796989
1575391619 5.249309711
1575397142 18.314003776
1575397422 16.9779777
1575474401 174.606829243
1575558590 225.541484493
1575558909 216.507562276
1575559230 222.785777746
1575559540 232.069510722
1575559916 224.843893651
1575560243 229.507324148
1575560574 233.327820354
1575561105 233.245256557
1575561453 226.802593561
1575561810 225.458871126
1579186334 226.694231296
1579186678 231.751746951
1579187695 223.443764325
1579188022 229.208791853
1579188473 230.905820822
1579189004 228.377531964
1579189335 234.777780845
1579189666 228.300581937
1579190002 232.063848756
1579190337 269.736135208
1579354096 221.492235501
1579354402 226.050373545
1579354713 226.850217649
1579355024 220.603961718
1579355331 225.310909723
1579355641 223.974885174
1579355951 219.717406793
1579356255 222.004887222
1579356562 219.716925261
1579356868 392.333009332
1579524693 237.991583788
1579525038 235.219446408
1579525368 291.749946925
1579525759 225.535367843
1579526085 223.621404385
1579528380 235.172715843
1579528740 298.009092973
1579529184 230.896371427
1579529528 226.578068956
1579529840 225.752123957
1579536843 482.260043779
1580217830 229.918909478
1580218158 229.695398955
1580218473 248.344749085
1580218807 264.777466693
1580219159 273.889830219
1580219519 239.403828049
1580222247 224.856829695
1580222562 223.396698479
1580222876 219.740521178
1580223180 253.002667637
1580229178 4.128447325
1580306472 217.476691367
1580306774 227.954853628
1580307172 222.365495174
1580307650 224.437323809
1580307960 224.79033558
1580308272 229.89712934
1580310475 228.175059397
1580310789 227.171366489
1580311103 221.94092871
1580311411 224.465166398
1580311785 225.275672884
1582033685 3.536919336
1574711150 9.991136322
1574708727 224.383700303
