1569850016 5.971350717
1569850220 6.024009807
1569850016 5.971350717
1569850220 6.024009807
1569850751 5.860914818
1569851033 6.02456963
1569851239 5.861754359
1569851589 5.939869511
1569851801 6.007512055
1569852025 10.809049292
1569852492 6.078362543
1569853102 6.208777277
1570543140 5.798755977
1570543502 5.820316779
1570543712 5.924286332
1570544888 5.886785748
1570545089 5.925931436
1570545306 5.788345677
1571323013 5.84137753
1571325130 5.827592601
1571325327 5.630831231
1571325532 6.273585019
1571325733 5.887492768
1571325929 5.868767954
1571326136 5.936634359
1571326821 5.811490142
1571327037 5.889731432
1571327246 5.799893846
1571395922 5.902483831
1571396120 5.899794523
1571396315 6.012209068
1571396515 5.83242677
1571396714 5.901440104
1571396940 5.977383276
1571397145 5.93587666
1571397346 5.961534438
1571397543 5.926030804
1571397740 5.823246527
1571404989 5.891778496
1571405187 5.852720262
1571405384 5.900868256
1571405613 5.927938266
1571405816 5.876925799
1571409035 5.853948552
1571409237 5.731851332
1571409438 5.92470609
1571409655 5.880233525
1571409853 5.962823062
1571664968 6.023437438
1571665165 5.978876172
1571665377 5.967985352
1571665571 5.853640006
1571665766 5.893689215
1571668184 5.986162834
1571668382 5.887525032
1571668586 5.853837962
1571668781 5.848768489
1571668982 5.989158227
1571752054 5.871128841
1571752250 5.965264927
1571752449 5.92749423
1571752654 5.95614404
1571753044 5.86449385
1571753242 5.939126112
1571753439 5.93622332
1571753636 5.909016777
1571753834 5.855476939
1571760192 5.964637655
1571760386 8.896565287
1571760591 6.021582015
1571760787 6.022988963
1571760989 5.830960871
1571761197 5.966398969
1571761396 5.871267226
1571761591 5.957671158
1571761787 6.325865181
1571761995 5.854782787
