1569854463 3.765669799
1569855872 3.804457128
1571330160 3.632002417
1571766516 3.525162014
1571767299 3.710376351
1572537419 2.992298695
1572538077 3.001718613
1572538737 2.960829924
1572539390 3.007079664
1572540036 3.000869834
1572540942 2.934353901
1572541596 3.019475872
1572542244 2.97498
1572542891 2.862242676
1572543556 3.017649869
1572871310 3.010154534
1572871961 2.898561855
1572872638 3.00294549
1572873291 3.017870576
1572873944 2.90118705
1572875005 3.021277772
1572875867 2.844802896
1572877092 3.022819676
1572877742 2.927790024
1572878970 2.93177934
1572967377 2.935891333
1572968034 2.983549556
1572969336 2.972099153
1572969997 3.062565795
1572970647 2.968310565
1572971299 3.075731385
1572971960 2.950033529
1572972619 2.990799132
1572973986 2.956418648
1572974637 2.864584362
1573208919 2.911957739
1573209574 2.999008637
1573210249 3.040128341
1573210918 2.963444846
1573211575 2.946119048
1573212224 2.979284415
1573212876 2.829203383
1573213527 2.978837322
1573214198 3.127809824
1573214853 2.851640696
1573310376 2.968473476
1573310997 2.972018968
1573311613 3.182586678
1573312317 3.07530545
1573312926 3.147127079
1573313554 3.072839313
1573314186 3.138398302
1573314801 2.952891401
1574696410 2.850867957
1574696990 2.857896223
1574697581 2.771289602
1574698155 2.903299026
1574698740 2.767145073
1574709525 2.993027048
1574710812 2.769052897
1574710812 2.769052897
