1569854541 4.088213139
1571330237 4.162824421
1571766594 4.272242196
1571767376 4.131894047
1572537484 3.385619332
1572538140 3.344433848
1572538800 3.397745002
1572539453 3.33169231
1572540100 3.287558487
1572541005 3.160306693
1572541659 3.240290223
1572542308 3.327472865
1572542955 3.302383986
1572543620 3.233984629
1572871374 3.280565292
1572872024 3.177225399
1572872701 3.233342857
1572873354 3.222920729
1572874008 3.373651866
1572875069 4.003477917
1572875930 3.382915088
1572877156 3.322919582
1572877805 3.313840938
1572879050 3.552255194
1572967441 3.419471384
1572968097 3.282408488
1572969400 3.43359817
1572970060 3.291824321
1572970710 3.304941301
1572971363 3.282408275
1572972026 3.235223299
1572972683 3.240949089
1572973400 3.247049459
1572974049 3.365235523
1572974701 3.314956027
1573208984 3.174238285
1573209639 3.388152392
1573210313 3.300280113
1573210982 3.265593796
1573211640 3.268252116
1573212289 3.249929636
1573212940 3.252862576
1573213591 3.273341162
1573214263 3.338059006
1573214921 3.235825011
1573310436 3.363046822
1573311057 2.977850751
1573311671 2.912377572
1573312376 3.106240688
1573312987 3.246498831
1573313613 3.168276425
1573314246 3.230907254
1573314860 3.021916826
1574696469 2.910740169
1574697049 3.063274067
1574697639 3.125834251
1574698213 3.090992493
1574698798 2.983121483
1574709584 2.912307687
1574710871 2.986785306
1574710871 2.986785306
