1569854345 12.097568769
1569855319 12.741410354
1570447084 11.81677954
1570448889 11.725351266
1570449390 11.630424645
1570449826 11.983223571
1571323376 11.904521485
1571323768 11.963804288
1571324171 11.815091209
1571324569 11.830050064
1571327500 11.846509769
1571327891 11.995037088
1571328282 11.957330844
1571328673 11.891401002
1571329064 11.830518637
1571329455 11.871184415
1571330048 11.777587424
1571398003 11.799808251
1571398399 11.724838526
1571398792 11.93914609
1571399183 11.914642454
1571399573 11.945888925
1571399971 11.771364753
1571400365 11.733656243
1571400791 11.826821482
1571401184 11.863243839
1571401576 11.953079631
1571406957 11.921092853
1571407347 11.887961708
1571407740 11.787719321
1571408128 11.83504199
1571408522 11.915957241
1571666015 11.978352722
1571666403 11.916633854
1571666795 11.857243946
1571667188 11.886651233
1571667631 11.922468403
1571669283 11.740914532
1571669676 11.841208838
1571754194 11.79160904
1571754585 11.830158732
1571754986 11.776009934
1571755382 11.88955207
1571756613 11.874749698
1571757044 11.868974038
1571757473 11.884632783
1571757869 11.823921714
1571758263 11.727240532
1571758652 11.831015898
1571762267 11.765850955
1571762663 11.813899758
1571763056 11.940389808
1571763444 12.089473541
1571763838 11.879885658
1571764244 11.927770708
1571764654 11.83918699
1571765045 11.921402122
1571765434 11.818528513
1571765825 11.812513624
1571766403 12.020684959
1571767185 12.052601638
1572006444 16.118887514
1572007152 11.806523782
1572007544 11.862267371
1572008046 11.865834531
1572008447 11.862961301
1572008850 11.948932784
1572009244 11.791098459
1572009633 11.878049061
1572010025 11.936523719
1572010421 11.848188285
1572010811 11.767730483
1572013374 11.775177946
1572013767 11.821906361
1572014158 11.840308663
1572014549 11.90393312
1572014939 11.831862335
1572268991 11.449260351
1572269410 11.613191795
1572269824 11.803521847
1572270232 11.588538613
1572270626 11.823834951
1572271112 11.673569458
1572272359 9.637086276
1572272689 10.357704087
1572273024 9.864727622
1572273371 10.055016843
1572273703 9.60745228
1572276127 10.038992998
1572276463 10.504862296
1572276798 9.762636778
1572277129 10.283271397
1572277465 9.79628456
1572277823 10.020706942
1572278156 9.704037581
1572278487 10.0409559
1572363546 9.569183677
1572363876 9.654665861
1572364206 9.649282988
1572364536 9.623606085
1572364874 9.661086052
1572365211 9.672599295
1572365588 9.603331031
1572365962 9.620616321
1572366302 9.62731569
1572366637 9.738772376
1572369664 9.703275472
1572369995 9.643910672
1572370325 9.727457461
1572370658 9.541467012
1572370986 9.742742723
1572371319 9.635443485
1572371648 9.68439962
1572371979 9.71227463
1572372308 9.580827741
1572372638 9.636873258
1572533649 9.453276813
1572533993 9.617354965
1572534682 9.66908344
1572535016 9.629658521
1572535364 9.99305716
1572535694 9.73284239
1572536029 9.600666133
1572536392 9.541221346
1572536728 9.721977871
1572537326 9.701867817
1572537983 9.688838474
1572538643 9.736550506
1572539296 9.671785109
1572539943 9.742265379
1572540849 9.737358661
1572541503 9.612349238
1572542151 9.622484226
1572542798 9.672335128
1572543463 9.604401242
1572871217 9.764542919
1572871867 10.105169637
1572872544 10.093902049
1572873197 9.932774348
1572873849 10.936819691
1572874909 12.615917784
1572875774 9.880601035
1572876999 9.867551361
1572877649 9.992032968
1572878876 10.511515077
1572880273 10.106929595
1572880610 9.590821372
1572880954 9.784977787
1572881293 9.720469553
1572881626 9.564831202
1572881958 9.645903142
1572882288 9.610022881
1572882679 9.681491518
1572883030 9.720351747
1572883369 9.652042328
1572967282 10.91181904
1572967941 9.697366983
1572969242 9.581083954
1572969903 9.69191383
1572970552 9.609228345
1572971204 9.547758807
1572971866 9.547409854
1572972526 9.651949863
1572973239 9.598457986
1572973892 9.570254115
1572974543 9.693140819
1572975266 9.505250898
1572975598 9.565151715
1572975965 9.697382834
1572976347 9.63482361
1572976679 9.605017612
1572977008 9.732079625
1572977339 9.755757693
1572977701 9.593553809
1572978048 9.610844564
1573208826 9.612255818
1573209481 9.69892573
1573210156 9.666159751
1573210825 9.65165101
1573211481 9.580026901
1573212131 9.623937221
1573212782 9.711575839
1573213434 9.691591236
1573214105 9.346137109
1573214759 9.57322352
1573218293 9.70031944
1573218625 9.619672561
1573306536 10.068616188
1573306851 9.825157897
1573307189 9.963672104
1573307511 9.556042764
1573307826 9.634225651
1573308147 9.276926794
1573308475 9.39165818
1573308793 9.836419815
1573309115 9.771574536
1573309446 9.774707869
1573310284 10.41721801
1573310909 9.782300761
1573311524 9.463694002
1573312227 9.786358958
1573312838 9.2579021
1573313464 9.872538832
1573314097 9.714811413
1573314712 9.560758885
1573828060 9.726202135
1573828369 9.298915019
1573828680 9.225403749
1573828985 8.904258017
1573829289 9.300801057
1573829598 9.110275918
1573830154 9.623131345
1573830465 9.182180446
1573830772 8.818402841
1573831079 8.768763414
1573902713 8.729331949
1573903021 9.497138751
1573903332 9.781768882
1573903643 10.05474044
1573903954 9.672462203
1573904263 9.057421861
1574688032 8.695792458
1574688350 8.597061527
1574692041 9.204959064
1574692357 8.747829121
1574693273 8.568269969
1574693588 8.303225376
1574693919 9.155651222
1574694343 8.330762307
1574694669 8.615793021
1574695223 8.6195138
1574695564 8.571144435
1574695874 8.382217677
1574696329 9.401792601
1574696907 8.788642976
1574697499 8.593447699
1574698077 8.712958863
1574698662 8.496235432
1574708115 8.399371949
1574708810 8.761004501
1574709439 8.506729424
1574710725 8.58272254
1574950822 8.540068096
1574951195 8.862148948
1574951548 9.653252212
1574951876 9.419519715
1574952191 9.078159661
1574952588 9.160712482
1574952917 8.470073323
1574953285 8.509576154
1574953594 8.909322654
1574953933 8.43656721
1574956085 8.500549929
1574956657 8.771167954
1574957349 8.488737251
1574957925 8.681223124
1574958517 8.512611309
1574959106 8.961247468
1574959708 9.043960206
1574960285 8.571526066
1574960898 8.847917335
1574961536 8.94836844
1575028221 8.966482558
1575028531 8.837365547
1575028842 8.329526181
1575029179 9.396474782
1575029489 8.49261702
1575029800 8.815669465
1575030112 8.924078845
1575030426 8.79134067
1575030745 8.374708531
1575031072 8.806585233
1575033008 8.72356474
1575033575 8.895237717
1575034166 9.571096987
1575034734 9.003819538
1575035305 8.623833141
1575036327 9.003525957
1575036905 8.677955977
1575037464 8.797905351
1575038467 8.472339933
1575039034 8.52274175
1575114506 8.449050792
1575114812 9.004467435
1575115122 8.523173154
1575115430 9.117417392
1575115740 8.940018039
1575116057 8.452124065
1575116366 9.63519719
1575116676 8.540684197
1575116986 8.897103248
1575117294 8.946782354
1575120299 9.011081441
1575120862 8.840636594
1575121423 8.351231137
1575122484 9.04319641
1575123043 8.684819586
1575123602 8.993009858
1575124158 8.375288177
1575124726 8.621687376
1575125282 8.549192162
1575125851 8.787497138
1575293021 8.355281952
1575293354 9.523939355
1575293695 8.652075529
1575294032 8.541005536
1575294375 8.667869054
1575294719 9.241937525
1575295082 8.336314006
1575295474 8.593202657
1575295833 8.647184574
1575297032 9.288563225
1575297593 9.029194499
1575298174 8.744500903
1575298740 8.872041747
1575299319 8.448941283
1575299893 8.969391618
1575300515 9.165913337
1575301086 8.728063726
1575301895 9.461681362
1575385912 8.810838446
1575386224 9.176094726
1575386536 8.852584265
1575386941 9.206680882
1575387250 9.330148745
1575387559 8.724289983
1575387869 8.901420531
1575388177 8.590265543
1575388485 8.721494873
1575388790 8.886091118
1575390082 8.826141229
1575390650 8.926279676
1575391218 9.243458739
1575391781 8.7474742
1575392593 8.725179864
1575393228 9.8886864
1575393790 9.160482364
1575394356 8.855276128
1575394918 9.169081902
1575395481 8.649682306
1575473443 12.116050698
1575558674 8.9787817
1575558987 8.880347376
1575559313 9.282963126
1575559633 8.437105259
1575560000 9.076681372
1575560329 8.571526242
1575560661 8.460429868
1575561194 9.541695894
1575561538 8.707957159
1575561895 8.414492534
1575562301 8.835478626
1575563011 8.646788786
1575563662 9.013443712
1575564260 8.503388131
1575564844 8.455054192
1575565408 8.902880874
1575565976 9.102960906
1575566562 9.079651818
1575567878 9.061247547
1575568489 8.607111865
1579186420 8.859091483
1579186765 8.49581233
1579187779 8.83574969
1579188111 8.905046741
1579188555 8.802660158
1579189091 8.538855813
1579189422 8.596383103
1579189750 8.534655393
1579190091 8.464660163
1579190426 9.004428649
1579190934 8.624882958
1579191549 8.552516527
1579192114 8.623968056
1579192694 8.908883178
1579193259 8.619810746
1579193849 9.480741066
1579194414 8.744480989
1579194984 8.646352175
1579195573 8.997767816
1579196137 8.812743858
1579354180 8.981615518
1579354485 9.049346117
1579354797 8.730752129
1579355104 9.305126795
1579355414 8.881738111
1579355723 8.851965934
1579356031 8.987432839
1579356338 9.259915031
1579356644 8.670941006
1579356950 9.239640141
1579359344 8.756849251
1579359917 8.390585835
1579360481 8.617699266
1579361038 8.480776935
1579361594 8.669664961
1579362148 8.760267549
1579362704 8.683122513
1579363267 8.948466603
1579363834 9.322250669
1579364394 9.234966781
1579524786 8.73141698
1579525132 8.731311506
1579525517 8.590266807
1579525842 8.458002169
1579526170 8.539458451
1579528464 8.680340793
1579528889 8.404680269
1579529273 8.226679586
1579529614 8.688854482
1579529923 8.561141722
1579530311 8.659598229
1579530958 8.319615266
1579531999 8.501190335
1579532701 8.601686264
1579533366 8.486254963
1579533970 8.766986111
1579534630 8.492726447
1579535266 8.731250654
1579535862 8.652764885
1579536920 8.609629748
1580217916 9.249656171
1580218244 8.808214031
1580218569 8.956895358
1580218895 9.023798989
1580219272 8.537550402
1580219616 8.623505458
1580222331 8.938394183
1580222646 9.128396184
1580222957 8.497247993
1580223262 8.836043405
1580223643 8.820598113
1580224205 8.618666361
1580224761 8.600899891
1580225323 9.348316227
1580225885 8.587497276
1580226468 8.507161963
1580227036 8.988138804
1580227632 9.873837437
1580228215 8.972862423
1580228774 8.967462589
1580306553 8.770173368
1580306854 8.73221955
1580307255 8.931586611
1580307732 8.88434732
1580308044 8.841635538
1580308359 8.853202202
1580310561 8.423718425
1580310873 13.702392592
1580311186 8.735566157
1580311497 8.478600832
1580311870 9.329279967
1580312204 8.653406016
1580312785 9.098364497
1580313341 8.478496028
1580314304 8.673806306
1580314862 8.640575171
1580315418 8.959990478
1580315980 9.393957542
1580316683 8.566799791
1580317270 8.976468812
1581936950 9.313684611
1581937263 9.137646121
1581937608 9.702298135
1581937929 9.3662345
1581938249 8.649739566
1581938571 8.630709721
1581938876 8.895378421
1581939217 9.847314778
1581939540 9.637837196
1581939841 8.453886847
1581942339 8.724451704
1581942926 9.368754912
1581943544 8.454668934
1581945808 9.196399914
1581946381 10.014161897
1581946950 9.252235135
1581947869 9.177042547
1581948958 10.178785363
1582030353 10.343403054
1582030660 10.419172583
1582031311 10.290821587
1582031608 9.93158624
1582031904 10.260341693
1582032290 10.371609723
1582032599 10.021715211
1582032899 10.34887933
1582033195 9.804057061
1582033548 10.28279127
1582033875 10.337982121
1582035535 10.376826108
1582036142 10.335363307
1582036745 10.028996461
1582037353 9.53096972
1582037950 9.760068614
1582038547 10.3975571
1582041440 9.780526802
1582042051 9.536008016
1582043636 10.364536176
1582044250 10.435286857
1582044852 10.211190766
1582045153 10.397288068
1582045453 10.208517384
1582045764 10.265412038
1582046061 10.139483321
1582120408 10.325765569
1582188824 8.871301571
1582190851 9.791959393
1582191142 9.584308892
1582191432 9.459543743
1582191731 8.855424337
1582192024 8.880865001
1582192315 9.504313411
1582192613 8.945173481
1582192901 9.566996877
1582193190 8.942854326
1582634968 9.580834603
1582635250 9.337302128
1582635535 9.656838739
1582635818 9.361284364
1582636105 10.006662139
1582636394 8.829619339
1582636686 8.475169809
1582636972 8.795794575
1582637276 10.393013907
1582637571 9.967968482
1582637865 9.869092535
1582638425 9.5068806
1582639500 9.33527746
1582640679 8.600095619
1582641238 8.821798207
1582641806 9.500802923
1582642376 9.151783312
1582642950 9.147507467
1582643553 8.873129072
1582644109 8.974348515
1582886220 9.054254853
1582886508 8.558084375
1582886803 9.476233905
1582887091 9.262106553
1582887383 8.822576101
1582887675 8.660800415
1582887958 8.509386076
1582888245 9.494346382
1582888532 9.034448528
1582888893 8.781086051
1582898706 9.617018512
1582899280 8.551624587
1582899847 9.303148437
1582900412 8.423859756
1582902069 8.525409577
1582902714 9.439323356
1582903293 8.95427796
1574710725 8.58272254
1574708810 8.761004501
