1569853974 2.188001495
1569855001 2.293545189
1570447396 2.540339855
1570448227 2.211796774
1570449182 2.436977665
1570449608 2.265872876
1571323594 2.382641397
1571323997 2.394810832
1571324395 2.532051703
1571324787 2.36558547
1571327718 2.315494573
1571328109 2.336470348
1571328500 2.090230556
1571328891 2.270836866
1571329283 2.4234401
1571329671 2.30218339
1571330650 2.270026428
1571398222 2.318142551
1571398618 2.298890548
1571399009 2.310959247
1571399401 2.432181796
1571399793 2.20854383
1571400190 2.463855733
1571400611 2.305180226
1571401011 2.278370653
1571401404 2.357566871
1571401793 2.303551704
1571407173 2.383402947
1571407566 2.250684234
1571407956 2.2428074
1571408347 2.247455661
1571408739 2.459845696
1571666231 2.291371037
1571666623 2.24724007
1571667015 2.172599994
1571667405 2.292570496
1571667851 2.461765815
1571669501 2.211709152
1571669895 2.330182203
1571754412 2.532192433
1571754803 2.29931106
1571755206 2.038244279
1571755606 4.069058895
1571756043 2.274098646
1571756835 2.428451806
1571757273 2.556820326
1571757690 2.51974431
1571758088 2.602732735
1571758479 2.28493149
1571758876 2.221837516
1571762483 4.384614281
1571762881 2.461676677
1571763272 2.269884759
1571763663 2.34392147
1571764481 2.265300562
1571764873 2.434473419
1571765262 2.386298184
1571765653 2.385574757
1571766043 2.215282805
1571767011 2.347805421
1572006771 1.927650697
1572006946 8.29089515
1572007370 2.348957087
1572007766 2.293259826
1572008274 2.516298986
1572008676 2.21502459
1572009072 2.556212764
1572009461 2.216696856
1572009851 2.393549745
1572010242 2.25153446
1572010638 2.51596996
1572011029 2.300135492
1572013592 2.409780026
1572013985 2.352092605
1572014377 2.432309716
1572014766 2.255332466
1572015156 2.293017694
1572268321 2.312609703
1572269232 2.194533899
1572269639 2.349381278
1572270055 2.301039676
1572270452 2.342419456
1572270843 1.83774777
1572271369 2.456572981
1572272541 1.861720441
1572272877 1.922197569
1572273211 1.861138936
1572273556 1.888223033
1572273891 1.793183674
1572276312 1.752397328
1572276652 2.010833627
1572276982 1.912378481
1572277313 1.882798474
1572277648 1.913542365
1572278007 2.00587804
1572278339 1.791102217
1572278671 1.947304021
1572363729 1.620048369
1572364059 1.712983565
1572364390 1.869274859
1572364722 1.922168631
1572365064 1.826166583
1572365394 1.860622429
1572365772 2.059067176
1572366153 1.918736053
1572366486 1.92966564
1572366819 1.780676412
1572369848 1.920598823
1572370177 1.739715643
1572370509 2.040465084
1572370840 1.827091548
1572371170 1.832005508
1572371501 1.829024438
1572371832 2.04833285
1572372161 1.783049878
1572372490 1.966497658
1572372823 1.827117912
1572533835 1.82597183
1572534189 2.014111773
1572534536 1.843922981
1572534868 1.860757298
1572535216 1.848516232
1572535547 1.873487613
1572535881 1.949354549
1572536212 1.90301735
1572536576 1.836792841
1572536912 1.850509291
1572537834 1.931895416
1572538487 1.813114783
1572539143 1.97136384
1572539796 1.944546499
1572540451 1.881470132
1572541355 1.857291048
1572542004 1.71387529
1572542652 1.787290964
1572543297 1.945441826
1572543971 1.763648165
1572871720 1.883566113
1572872368 1.918681856
1572873049 1.760016553
1572873700 1.828584708
1572874370 2.004431727
1572875422 1.747098524
1572876328 1.819613788
1572877501 1.819063431
1572878168 8.680446243
1572879399 1.721525475
1572880031 2.251051089
1572880459 1.789649281
1572881144 1.823033947
1572881476 1.820067293
1572881811 1.854307616
1572882141 1.782187369
1572882532 2.027374568
1572882863 1.91463651
1572883221 1.892252865
1572883557 1.783387813
1572967789 2.350014809
1572968777 2.274115135
1572969746 1.910467542
1572970406 1.838403517
1572971057 1.993138461
1572971717 1.746437847
1572972379 1.925633138
1572973090 1.847087544
1572973744 1.999298894
1572974394 1.915026495
1572975050 1.894271696
1572975449 1.886013795
1572975780 2.158043502
1572976151 1.932327812
1572976530 1.996878498
1572976861 1.83110984
1572977192 1.883935254
1572977554 1.896796591
1572977883 1.867936699
1572978272 1.79803761
1573209330 1.873609324
1573209997 1.744972885
1573210660 1.799653039
1573211329 1.963211129
1573211985 1.914577803
1573212634 1.831934093
1573213287 1.918963194
1573213953 1.969766413
1573214611 1.99136951
1573215272 1.913157251
1573218476 2.100615583
1573218810 1.986414518
1573218991 1.879864742
1573303420 1.789140859
1573306709 1.880981742
1573307034 1.822132869
1573307369 1.753267665
1573307686 1.659516412
1573308007 2.00565321
1573308322 1.536676404
1573308653 1.767424614
1573308973 1.920870977
1573309295 1.846080722
1573309624 1.902576106
1573310770 1.762287979
1573311385 1.746349549
1573312003 1.699425277
1573312701 1.704547869
1573313322 1.877218459
1573313944 1.865707628
1573314572 1.745063801
1573315263 1.847568769
1573741903 1.752797503
1573743653 1.840228273
1573743754 1.491823976
1573743853 1.535548407
1573743952 2.050425772
1573744050 1.498507465
1573744146 1.87055719
1573744245 2.048855486
1573744343 1.412486719
1573744434 1.96804567
1573744530 1.550788946
1573744637 1.357982214
1573744735 1.499627962
1573744850 2.172895166
1573744986 2.121139406
1573745084 1.555708109
1573745268 1.414717434
1573745364 1.361943382
1573745466 1.838500375
1573745563 1.676382588
1573745666 1.494054623
1573745763 1.868699612
1573745963 1.690015503
1573746060 1.838290306
1573746161 1.835065729
1573746259 2.140110787
1573746359 1.845127139
1573746460 2.0434468
1573746557 1.494162426
1573746653 1.539398601
1573748973 1.536230773
1573749070 2.080827143
1573749172 4.819739757
1573749282 1.669974354
1573749380 2.050781663
1573749515 1.996835369
1573749614 1.812382516
1573749715 1.249132526
1573749813 1.819638519
1573749909 1.541752346
1573828234 1.964812047
1573828543 1.362684842
1573828849 1.954077297
1573829153 1.741875888
1573829458 1.977134348
1573829838 1.926366729
1573830326 1.923491831
1573830635 1.544130131
1573830941 1.841111418
1573831247 1.67076872
1573902881 1.404355662
1573903193 1.592134533
1573903507 1.963811803
1573904126 1.409376504
1573904434 2.063650856
1573904622 2.40287078
1574688205 1.141206854
1574693764 1.66581959
1574694094 1.905414335
1574694526 2.815520661
1574694840 1.904152816
1574695737 1.838208087
1574696045 1.762196156
1574697347 1.496929456
1574697942 1.42083488
1574699098 1.586491211
1574706727 1.829668559
1574707361 1.538616229
1574708327 1.534905904
1574708450 1.408541439
1574708625 1.788937442
1574709196 1.869057594
1574709935 1.87504684
1574710539 1.617011785
1574711191 1.614246913
1574711191 1.614246913
