1569853968 6.260393958
1569854994 6.251089175
1570447389 6.775298181
1570448221 6.015139292
1570449176 6.123191648
1570449602 6.194634866
1571323588 6.209548772
1571323991 6.011866374
1571324389 6.052758601
1571324782 5.940694821
1571327712 6.289135425
1571328103 6.024458248
1571328494 6.262231432
1571328884 6.050628654
1571329277 6.12029395
1571329665 6.061954357
1571330643 6.214015918
1571398216 6.026245283
1571398612 6.236540095
1571399003 6.156299158
1571399395 6.077173766
1571399787 5.9320111
1571400184 6.054140584
1571400605 6.096412625
1571401005 6.109424982
1571401397 6.06583548
1571401787 6.058788594
1571407167 6.158878388
1571407560 6.094048476
1571407950 6.124921631
1571408341 6.216869888
1571408733 5.923468575
1571666225 6.049451044
1571666616 6.272883963
1571667009 6.001586674
1571667399 6.010368746
1571667845 6.151933378
1571669495 6.032060092
1571669889 6.061080354
1571754406 6.143577541
1571754797 5.947462455
1571755600 5.994844711
1571756829 6.009548972
1571757266 6.216993288
1571757684 6.24640272
1571758082 6.175903023
1571758473 6.04239656
1571758870 6.093409031
1571762477 6.537651806
1571762875 5.882760529
1571763266 6.137383776
1571763657 6.004504845
1571764475 5.97030138
1571764867 6.144715605
1571765256 6.022104252
1571765647 6.331113642
1571766036 6.040007715
1571767005 6.054936337
1572006765 6.349649623
1572007364 6.151543942
1572007759 6.328899126
1572008268 6.195951677
1572008670 5.989656562
1572009066 6.048984181
1572009454 6.127745177
1572009845 6.011363438
1572010236 6.164749831
1572010633 5.220133167
1572011022 6.214910548
1572013586 5.925194465
1572013979 6.099851364
1572014371 6.059758748
1572014760 6.09933797
1572015150 6.021701866
1572268314 6.395250629
1572269225 6.039387745
1572269632 6.109222422
1572270049 6.272694361
1572270445 6.239766358
1572270837 6.237707268
1572271363 6.012972495
1572272537 4.876325608
1572272872 5.080618335
1572273206 4.949383821
1572273551 4.876924846
1572273886 4.948853576
1572276307 5.043514352
1572276647 4.898800833
1572276977 5.015245673
1572277308 5.029939646
1572277643 4.929433246
1572278002 4.875167619
1572278334 4.85870885
1572278666 4.934426918
1572363724 5.451751188
1572364054 5.22021736
1572364385 4.968593008
1572364717 4.965115779
1572365059 4.907007173
1572365389 5.17568676
1572365767 4.922331359
1572366148 4.905274503
1572366481 5.06024739
1572366814 5.076252405
1572369843 4.91868549
1572370172 5.162483661
1572370504 4.94336024
1572370835 4.740496708
1572371496 4.951570265
1572371827 5.025566186
1572372156 4.965939124
1572372485 5.046204674
1572372819 4.955777024
1572533830 4.894377132
1572534184 4.933444613
1572534531 4.893097833
1572534863 5.130268765
1572535211 4.958405735
1572535542 4.894953203
1572535876 5.049279293
1572536208 4.949770907
1572536571 4.847498341
1572536908 4.851742443
1572537829 4.958914882
1572538482 4.959552283
1572539138 4.887879368
1572539791 4.92033812
1572540446 4.901120818
1572541350 4.915828166
1572541999 5.00126194
1572542647 4.97247797
1572543292 4.897968015
1572543966 4.927595652
1572871715 5.090458465
1572872363 4.863708732
1572873044 5.284191961
1572873695 4.991312298
1572874365 5.064658294
1572875417 5.127001582
1572876323 5.139632423
1572877496 4.94293063
1572878164 4.784753617
1572879394 5.022683131
1572880026 5.282998217
1572880454 4.975110527
1572881139 5.009874938
1572881471 4.882193329
1572881806 4.99346973
1572882136 4.953167898
1572882527 4.944911195
1572882858 4.984256544
1572883217 4.877807268
1572883552 4.889668945
1572967784 4.955586657
1572968770 6.195892275
1572969741 4.899438296
1572970401 4.969962794
1572971053 4.792821374
1572971712 5.325632952
1572972374 4.836091594
1572973086 4.868913631
1572973740 4.790713112
1572974390 4.936777756
1572975045 4.978050898
1572975444 4.854927031
1572975775 5.118657236
1572976146 4.807946781
1572976526 3.632623074
1572976855 5.059579442
1572977187 4.827107146
1572977549 4.955120765
1572977878 4.940109849
1572978267 4.995552398
1573209325 4.990367419
1573209992 4.987693174
1573210655 4.983823997
1573211324 4.864114402
1573211980 4.84634914
1573212629 4.86367712
1573213282 5.073336098
1573213948 4.817283945
1573214606 4.689605708
1573215267 4.966795203
1573218471 4.782142392
1573218805 5.009493867
1573218985 6.523198963
1573303399 21.803784835
1573306705 4.595335715
1573307029 4.742900826
1573307364 4.861730145
1573307681 4.67186353
1573308003 4.417115016
1573308648 4.45310988
1573308969 4.347385639
1573309290 4.953367956
1573309619 4.533146166
1573310765 4.438871138
1573311380 4.610229861
1573311998 4.672035972
1573312697 4.385018396
1573313317 4.881962961
1573313940 4.560657147
1573314567 4.546736778
1573315259 4.510239274
1573741898 4.584713505
1573743649 4.364284403
1573743848 4.521674283
1573743948 4.202365108
1573744046 4.409537738
1573744142 4.293355571
1573744240 4.436171109
1573744338 4.488427563
1573744429 4.14387404
1573744525 4.503172641
1573744632 4.598634058
1573744730 4.864757968
1573744846 4.142448568
1573744981 4.564497009
1573745079 4.496660739
1573745263 4.467775985
1573745359 4.713735337
1573745461 4.509608984
1573745559 4.35170022
1573745661 4.454805347
1573745759 3.967462371
1573745959 4.352083179
1573746056 4.222175988
1573746156 4.214518482
1573746255 4.080708862
1573746354 4.31215679
1573746456 4.09824006
1573746553 4.438244228
1573746648 4.300818148
1573748969 4.400074253
1573749065 4.227012557
1573749278 4.525981903
1573749376 4.200868741
1573749511 4.323610164
1573749610 4.120819676
1573749710 4.962700608
1573749809 4.529424311
1573749905 4.53088132
1573828229 4.407634429
1573828538 4.994954
1573828844 4.286716426
1573829149 4.386947741
1573829453 4.32716683
1573829834 4.310401126
1573830322 4.219979573
1573830631 4.388726888
1573830937 4.097867945
1573831242 4.473776053
1573902876 4.467077637
1573903189 4.659228274
1573903503 4.365629083
1573904122 4.466500764
1573904429 4.380905722
1573904616 6.219259765
1574688201 4.73817325
1574693760 4.329660342
1574694090 4.309051751
1574694521 5.573587128
1574694836 4.180202962
1574695733 4.090660028
1574696041 4.405710853
1574697343 4.391280845
1574697937 4.743970679
1574699094 4.299384723
1574706722 4.265325341
1574707357 4.775398503
1574708322 4.729924068
1574708446 4.606543829
1574708620 4.349545419
1574709191 5.220994088
1574709931 4.118970474
1574711187 4.445635525
1574711187 4.445635525
