1569854477 4.602871169
1569855895 1.560560062
1571330174 4.362802829
1571766530 4.432901912
1571767313 4.309381409
1572537431 3.506988833
1572538088 3.508094094
1572538748 3.504815172
1572539401 3.496023518
1572540047 3.539774112
1572540953 3.40609513
1572541607 3.568457332
1572542256 3.595698435
1572542903 3.544833611
1572543568 3.542723505
1572871322 3.58923612
1572871972 3.522375303
1572872649 3.480839991
1572873302 3.566855728
1572873955 3.492352261
1572875017 3.574137626
1572875878 3.558447211
1572877104 3.437239674
1572877753 3.577186552
1572878981 3.507521546
1572967389 3.599148816
1572968045 3.536894173
1572969348 3.46283471
1572970008 3.504907057
1572970658 3.551936527
1572971311 3.555863758
1572971972 3.539224605
1572972631 3.527419247
1572973347 3.576549163
1572973997 3.588150861
1572974648 3.631947279
1573208930 3.493048384
1573209586 3.49754982
1573210261 3.663392818
1573210930 3.549965428
1573211586 3.467925804
1573212236 3.484632628
1573212887 3.508131798
1573213538 3.676161786
1573214210 3.539214421
1573214865 3.453515518
1573310387 3.325315965
1573311008 3.192520524
1573311624 3.302451569
1573312328 3.408123941
1573312938 3.354156216
1573313565 3.464747325
1573314197 3.160731114
1573314811 3.324363213
1574696421 3.160433027
1574697001 3.122346037
1574697592 3.32415497
1574698166 3.251622002
1574698751 3.37334325
1574709536 3.275987148
1574710822 3.100473602
1574956174 3.239798717
1574956835 3.090788604
1574957437 3.168159595
1574958015 3.137453666
1574958608 3.113533484
1574959196 3.163763616
1574959800 3.20442954
1574960378 3.301602962
1574960989 3.244302281
1574961625 3.190549073
1575033098 3.356405364
1575033667 3.346024668
1575034258 3.217046969
1575034824 3.398078554
1575035395 3.159612691
1575036418 3.179959867
1575036995 3.228303708
1575037555 3.147218367
1575038556 3.207298114
1575039125 3.626977232
1575120388 3.264949381
1575120952 3.291760006
1575121512 3.228529372
1575122575 3.144941218
1575123132 3.204718971
1575123692 3.211333446
1575124247 3.155039634
1575124815 3.315598621
1575125373 3.215896579
1575125941 3.401062985
1575297688 3.361000163
1575298267 3.201552509
1575298836 3.228404254
1575299413 3.093559171
1575299986 3.294108064
1575300605 3.370997636
1575301176 3.131399971
1575301987 3.313143553
1575390174 3.232806218
1575390741 3.299140119
1575391309 3.233600521
1575391874 3.071417168
1575392683 3.156302127
1575393319 3.199963711
1575393879 3.283168129
1575394446 3.252368426
1575395009 3.115814429
1575395572 3.456461593
1575562407 3.167390022
1575563105 3.307333618
1575563753 3.167352652
1575564349 3.066960563
1575564933 3.294917246
1575565498 3.26023499
1575566066 3.140011578
1575566652 3.164638514
1575567972 3.207118285
1575568578 3.256067673
1579191026 3.355780202
1579191640 3.165793706
1579192204 3.19755007
1579192785 3.226317018
1579193348 3.076100334
1579193940 3.303988176
1579194508 3.283001671
1579195074 3.314784021
1579195665 3.160071315
1579196227 3.123273349
1579359433 3.120496468
1579360008 3.253105166
1579360571 3.179835536
1579361127 3.201698596
1579361683 3.208867465
1579362237 3.114844898
1579362793 3.115527227
1579363359 3.335211524
1579363926 3.255993097
1579364485 2.998521107
1574710822 3.100473602
