1569854404 3.495594075
1569855816 3.979529295
1571330106 3.938858199
1571766462 4.028044102
1571767244 3.882641212
1572537376 3.23320544
1572538033 3.308739142
1572538693 3.106602078
1572539346 3.158803914
1572539992 3.26695331
1572540898 3.279399737
1572541552 3.368796973
1572542200 3.158200842
1572542847 3.10806182
1572543513 3.083233005
1572871267 3.255636918
1572871917 3.243905305
1572872594 3.164552099
1572873247 3.069324572
1572873900 3.111200162
1572874962 3.196067247
1572875823 3.256370208
1572877048 3.210764463
1572877698 3.301533072
1572878926 3.136572919
1572967333 3.152490579
1572967990 3.120822519
1572969292 3.156804315
1572969953 3.420139715
1572970603 3.180862349
1572971253 3.227170302
1572971916 3.198514756
1572972576 3.249408858
1572973289 3.110606771
1572973942 3.132361018
1572974593 3.312728929
1573208875 3.20215584
1573209530 2.983561468
1573210205 3.153587129
1573210874 3.166487749
1573211531 3.151234423
1573212180 3.166535383
1573212832 3.277050154
1573213483 3.280254581
1573214154 3.164535678
1573214809 3.429963155
1573310335 3.224167701
1573310957 2.920259664
1573311572 2.977542133
1573312276 2.821889698
1573312885 3.168718967
1573313513 2.843674252
1573314145 2.940060494
1573314760 3.04633533
1574696370 2.856488559
1574696948 4.022301218
1574697540 3.268614242
1574698116 2.816072987
1574698701 2.732686645
1574709485 3.164894113
1574710772 2.894085574
1574956124 2.731176587
1574956697 2.767606223
1574957388 2.816139416
1574957964 2.911240904
1574958557 2.798780627
1574959146 2.779109904
1574959748 2.814251242
1574960327 2.842553413
1574960939 2.839976588
1574961576 2.696035615
1575033048 2.730849955
1575033616 2.724080671
1575034207 2.711003768
1575034773 3.080079988
1575035345 2.872164655
1575036367 2.675227384
1575036944 2.729016989
1575037503 2.851774062
1575038506 2.82673885
1575039074 2.675247692
1575120339 2.685140407
1575120902 2.769141017
1575121463 2.947149522
1575122525 2.82852316
1575123082 2.810417113
1575123642 2.892283168
1575124197 2.865626687
1575124765 2.763583853
1575125322 2.824470189
1575125891 2.871257668
1575297637 2.513496777
1575298216 2.883337523
1575299362 2.88786548
1575299935 2.833067725
1575300555 2.858767571
1575301126 2.745040813
1575301936 2.953593725
1575390123 2.841717234
1575390690 2.815561178
1575391258 3.020335591
1575391824 2.756632236
1575392633 2.877343951
1575393269 2.892543718
1575393830 2.684452112
1575394395 2.949740828
1575394958 2.946011568
1575395521 2.948545627
1575562357 2.734688551
1575563055 2.731218855
1575563703 2.795876167
1575564299 2.724215193
1575564882 2.722387645
1575565448 2.901099469
1575566016 2.816587199
1575566603 2.82375506
1575567922 2.875872046
1575568528 2.793789806
1579190975 2.90081961
1579191589 2.66486316
1579192154 2.940523385
1579192734 2.804174686
1579193298 2.735917603
1579193889 2.728127579
1579194457 2.984879029
1579195023 2.968905941
1579195613 2.859981547
1579196177 2.67326015
1579359383 2.827338537
1579359956 2.964278828
1579360520 2.974645719
1579361077 2.778405334
1579361633 2.813087022
1579362187 2.834561876
1579362743 2.67534123
1579363307 2.891731863
1579363875 2.947630515
1579364434 2.811669937
1574710772 2.894085574
