1569853645 5.861515822
1569854285 5.488954164
1569855259 5.530831921
1569855691 8.135021363
1570447017 9.950520559
1570448833 5.720573981
1570449304 5.625130234
1570449770 4.705602522
1571323321 5.320177896
1571323714 5.742094037
1571324117 5.344433163
1571324516 5.63798066
1571327447 5.714848614
1571327837 6.109522616
1571328227 5.702494442
1571328619 5.02819436
1571329011 5.489063981
1571329401 5.090814815
1571329994 5.594681989
1571397950 5.605482055
1571398346 5.826773368
1571398738 5.495974981
1571399130 5.830576578
1571399520 5.513148626
1571399918 5.764649176
1571400310 4.77167781
1571401130 5.975573443
1571401523 5.801160698
1571406903 7.156776143
1571407294 5.45400721
1571407687 4.898876573
1571408075 5.04130032
1571408469 5.680908241
1571665961 5.202180678
1571666350 5.043974256
1571666741 5.728912206
1571667135 4.772319404
1571667572 5.56609536
1571669224 5.134503686
1571669623 5.351204197
1571754134 5.568193312
1571754532 5.870539952
1571755329 5.46352117
1571756560 5.25516858
1571756985 5.53550964
1571757420 4.70976726
1571757816 5.548089773
1571758210 5.185721851
1571758599 5.093820673
1571762214 4.556124841
1571762610 5.307872265
1571763003 5.339331985
1571763391 5.167725757
1571763785 5.140118206
1571764191 5.286375893
1571764601 5.40093707
1571764992 4.911962827
1571765381 4.996044246
1571765772 4.552759674
1571766350 5.131065935
1571767132 5.396388529
1572006358 5.928244082
1572007097 4.785474865
1572007491 5.003896834
1572007993 5.491123446
1572008394 5.834997025
1572008797 5.140227709
1572009191 4.703505096
1572009580 4.563775747
1572009972 5.331503365
1572010367 5.088804582
1572010758 5.266237946
1572013320 4.689501725
1572013714 5.21667954
1572014105 5.643006957
1572014496 5.388196501
1572014886 4.854078632
1572268936 5.639206407
1572269354 6.301946031
1572269770 5.369074106
1572270176 6.452248677
1572270572 5.34388727
1572270968 5.228208634
1572272314 4.590359168
1572272645 4.506569381
1572272980 4.566994685
1572273321 4.751894011
1572273659 4.529054153
1572276083 4.872850862
1572276419 4.95606321
1572276755 4.138036683
1572277085 4.4998223
1572277779 5.069756797
1572278111 4.647665173
1572278443 4.733152436
1572363503 4.428582533
1572363832 4.632538607
1572364164 3.170899677
1572364492 4.567184181
1572364831 4.595195349
1572365167 4.48818024
1572365544 4.570108739
1572365919 4.388134705
1572366259 4.641593676
1572366593 4.501397512
1572369621 4.559759958
1572369951 4.403987281
1572370281 4.268836283
1572370614 4.512764651
1572370942 4.442536161
1572371276 3.231804183
1572371604 4.340938561
1572371936 4.688708794
1572372264 4.442948403
1572372594 4.363531428
1572533599 4.53286417
1572533937 4.741767191
1572534291 4.726533336
1572534638 4.715327748
1572534972 4.523888282
1572535319 4.633784015
1572535649 5.020770645
1572535985 3.725808712
1572536348 4.5302936
1572536681 6.467187889
1572537283 4.329082881
1572537940 4.36189056
1572538598 4.290417184
1572539246 4.459051755
1572539899 4.495774521
1572540805 4.27694641
1572541459 4.086471376
1572542108 4.401947209
1572542755 4.230105712
1572543396 4.424548092
1574710685 4.093563501
1574708769 4.529257349
