1569856524 3.418784249
1570448055 125.553876326
1571330596 9.526512253
1571755967 11.675395466
1571766957 10.516627968
1572537784 10.943285762
1572538442 10.316319662
1572539099 9.312118954
1572539752 8.956004097
1572540400 9.229294969
1572541311 8.906634929
1572541958 11.097618729
1572542607 9.313885177
1572543253 9.087959947
1572543926 9.082304915
1572871675 9.468495619
1572872324 9.260740278
1572873005 9.267623618
1572873654 10.905618948
1572874311 8.834779509
1572875377 9.072111271
1572876243 9.879211741
1572877457 9.014602372
1572878112 9.506101189
1572879355 9.093021385
1572967742 9.323890938
1572969699 9.408004104
1572970359 8.951538173
1572971010 9.390891643
1572971673 9.082002046
1572972334 9.795875355
1572973047 8.704565785
1572973699 9.273976241
1572974351 8.511599528
1572975006 9.127957485
1573209283 12.201841136
1573209952 9.156418104
1573210616 9.540710489
1573211285 8.983560184
1573211941 9.06462342
1573212589 9.458121115
1573213243 9.45360943
1573213907 10.227844976
1573214566 9.547624566
1573215225 12.51835493
1573218925 26.165579714
1573310728 8.900953362
1573311343 9.183014171
1573311961 8.895934676
1573312660 8.903990854
1573313279 8.852681657
1573313902 9.292089438
1573314530 9.35385793
1573315148 2.647694557
1573741860 10.052452666
1573741978 10.658600786
1573743610 11.903553427
1573743712 10.177157095
1573743810 10.045194671
1573743909 10.257603457
1573744008 11.058892134
1573744104 9.821972105
1573744201 10.840322136
1573744300 10.094748052
1573744396 5.911718444
1573744487 10.585292898
1573744693 9.869760895
1573744806 9.859657915
1573744904 10.436701091
1573745040 11.551193917
1573745224 11.966667012
1573745322 10.090379079
1573745424 9.896871693
1573745521 9.772413603
1573745621 10.500663665
1573745721 10.312162807
1573745822 11.883610313
1573745921 10.106595471
1573746017 11.181215012
1573746215 12.023428017
1573746317 10.340296564
1573746418 10.387040194
1573746515 9.84835309
1573746611 10.279886563
1573748931 10.04564444
1573749027 10.290321073
1573749128 11.530491434
1573749240 10.18529693
1573749334 14.338337534
1573749467 15.878474224
1573749572 9.652466413
1573749672 9.949177682
1573749771 10.455348167
1573749867 10.499315939
1573904511 55.305372265
1574706685 9.998349368
1574709893 10.203321549
1574711150 8.964032446
1575397142 12.683582493
1580229178 3.084304807
1574711150 8.964032446
