1569851966 10.932023632
1569852195 10.96253075
1569852649 10.853912434
1569853040 11.12152402
1570543641 11.151238537
1570544570 11.315901602
1570544774 20.531902206
1570545031 10.775661853
1571322950 10.895325846
1571325672 10.77137976
1571326763 11.166838656
1571326975 10.755540905
1571327182 10.94169326
1571396060 10.220371254
1571396257 11.299833406
1571396853 11.093783354
1571397287 10.857107924
1571397485 11.240614431
1571397682 10.924681441
1571404929 10.658420556
1571405129 11.074306643
1571405527 10.919327255
1571408947 10.941020163
1571409179 10.341302941
1571665109 10.52933748
1571665320 10.783111943
1571665514 11.170826556
1571665709 11.322097828
1571668326 10.452989727
1571668530 10.608636996
1571751998 10.960339942
1571752193 11.42955487
1571752392 10.828830847
1571752597 10.707752738
1571752792 11.400091065
1571753580 10.905239468
1571753776 12.107504911
1571760135 11.100354241
1571760330 10.984236951
1571760535 10.346451931
1571760931 12.366186201
1571761340 10.932386617
1571761535 10.636597419
1572003241 10.661193989
1572003633 10.429785144
1572003831 10.53665091
1572004027 10.934089815
1572004223 11.257582685
1572004417 10.964328226
1572004617 10.325798858
1572004818 10.532733695
1572005017 10.56587369
1572011219 10.440639269
1572011415 10.542113378
1572011610 12.301914114
1572011809 10.572358696
1572012005 10.291019746
1572012202 11.264260989
1572012397 10.416296796
1572012591 10.896611705
1572012786 11.103183981
1572012980 11.23661106
1572265039 10.995000332
1572265236 10.795118464
1572265834 14.965085812
1572266040 10.849185936
1572266233 10.973455636
1572266437 11.018880997
1572266637 10.72373936
1572274789 10.684458364
1572274959 10.182062678
1572275127 9.785322484
1572275306 9.952739313
1572275474 10.15448712
1572275649 10.403254823
1572361253 11.006120995
1572361450 10.680392092
1572361645 10.330753899
1572361840 10.289017689
1572362040 10.365934547
1572362233 10.751792361
1572362429 10.925481803
1572362625 10.832208628
1572362824 10.646650652
1572363020 10.962918318
1572366899 9.76056624
1572367066 10.324339701
1572367404 10.753103834
1572367587 9.800718394
1572367763 11.752305044
1572367934 10.029079259
1572368434 9.959903974
1572532369 11.756259788
1572532571 11.091618258
1572532777 10.48980451
1572544486 10.495972689
1572544998 9.988186646
1572545172 9.767324169
1572870166 12.303935195
1572870387 9.608677703
1572870572 10.026553857
1572870788 10.2426169
1572879899 10.738459707
1572965380 10.250293762
1572965547 10.148170293
1572965715 9.699966655
1572965884 9.812175442
1572966221 11.104769135
1572966392 10.700817569
1572966577 9.871619044
1572966757 9.608294635
1572966920 9.894212642
1573207027 9.733368573
1573207364 11.111656329
1573207700 10.065881494
1573207868 9.680353324
1573208035 10.403846135
1573208367 11.132395542
1573208533 10.514558474
1573220269 9.935043125
1573220436 10.28067804
1573220604 9.766590069
1573220772 10.729394082
1573220940 11.47239267
1573221108 10.052003624
1573221272 10.283788135
1573221441 10.668888614
1573221967 9.750764353
1573222137 9.615754366
1573222304 10.293611637
1573222469 10.395818974
1573222637 11.831540087
1573301117 9.847239878
1573301287 9.654621713
1573301469 9.375090034
1573301641 4.968378604
1573302000 10.263918026
1573302169 10.576989725
1573302343 10.622520438
1573302512 11.198042326
1573303833 10.083698549
1573303993 9.181994908
1573304158 10.35550497
1573304324 10.51304302
1573304650 9.69639758
1573304809 10.05742978
1573304968 10.760815672
1573305131 9.293803623
1573305291 10.152539112
1573752463 9.626662135
1573752721 10.272190853
1573752880 10.056741287
1573753196 10.082392404
1573753350 10.916995063
1573753825 9.877741585
1573754645 9.491861712
1573754965 10.152520463
1573755133 9.604691989
1573755293 11.953649829
1573755608 9.565033047
1573755766 9.694814993
1573831389 10.092068424
1573831546 10.274850919
1573831878 9.533090652
1573832030 9.558985594
1573832345 9.470723538
1573832512 9.820244065
1573832667 9.863079545
1573833017 10.364610236
1573833175 9.45708205
1573833495 10.720535836
1573833653 9.67982748
1573901027 9.537418573
1573901185 10.286407467
1573901341 9.667571289
1573901497 10.191052896
1573901658 9.696686942
1573902125 9.079275363
1573902282 10.615044118
1574685943 11.700596554
1574686117 10.666724013
1574686437 9.694116545
1574686602 11.830170462
1574686758 10.791441693
1574686950 11.559695757
1574690006 9.485310951
1574690345 9.78145071
1574690836 9.234820788
1574691019 10.999098713
1574691199 10.55062591
1574706820 11.448687519
1574954670 12.163342794
1574955011 10.573341806
1574955271 9.783485972
1574955589 9.668355202
1574955750 10.017730256
1575026659 9.460798366
1575026820 11.349816385
1575027144 9.77179394
1575027471 10.555399657
1575027627 11.706512751
1575027792 11.513295932
1575027957 9.792671695
1575112814 9.665739638
1575112975 9.464527977
1575113456 10.610511132
1575113773 9.762443976
1575114092 9.415977464
1575114255 10.140927099
1575289910 10.087726067
1575290258 10.519428289
1575290607 10.049533762
1575290775 9.751550412
1575290938 5.126042479
1575291094 10.180886093
1575291256 10.792131711
1575384305 10.005713972
1575384789 9.190391577
1575385104 11.60893564
1575385425 9.437361108
1575385589 9.713013523
1575557031 16.213271954
1575557398 10.154552571
1575557572 10.168510094
1575557745 10.191951037
1575558204 9.891964991
1575558393 9.407124486
1579184901 9.966277393
1579185237 9.879759651
1579185413 11.541089616
1579185770 11.917816907
1579185964 9.596986868
1579186136 11.012305753
1579351921 9.680581653
1579352243 9.463083702
1579352570 9.192889362
1579352889 9.679508987
1579353214 9.827812197
1579522836 16.177248529
1579523046 10.08967857
1579523401 10.036335842
1579523755 10.518498222
1579523936 11.532481446
1579524126 9.69875277
1579524461 9.67141548
1580215294 10.334000382
1580215486 11.931713547
1580215654 10.030415833
1580215812 10.1384891
1580215973 10.171579985
1580216296 9.38352155
1580216457 10.917143793
1580304709 9.924913674
1580305027 10.015460142
1580305372 9.860504063
1580306009 9.32212482
1581935209 10.026914187
1581935367 10.104249699
1581935528 9.921148669
1581935861 9.92563593
1581936364 13.126997119
1581936525 10.830310215
1582026882 9.959762179
1582027044 10.307266125
1582027377 10.184542681
1582027789 10.272065077
1582028288 9.994157309
1582028457 9.327201189
1582028625 11.779836489
1582113264 10.583826076
1582113596 10.775669762
1582113758 10.946958659
1582113936 10.263488889
1582114098 10.068007096
1582114262 9.794725526
1582114428 9.839446698
1582114592 10.256279499
1582114755 10.401615562
1582114918 13.087330749
1582115250 9.643741707
1582115413 9.644366596
1582115577 10.373341977
1582115740 9.876273403
1582116085 10.763948495
1582119122 12.754003317
1582119293 10.526962971
1582119645 11.252816775
1582119808 10.359205192
1582119977 11.654535242
1582120151 10.069120475
1582121287 10.562654606
1582125191 10.112370047
1582125352 9.612359807
1582126002 10.352500315
1582126170 9.732904805
1582126331 10.755937225
1582126499 10.10815995
1582126660 10.225068115
1582126827 10.437773964
1582126989 9.843881051
1582127149 10.00455711
1582127319 9.424218277
1582127485 10.28261458
1582127650 9.714784952
1582127814 9.750564935
1582127973 10.04820669
1582128140 9.760062581
1582128480 9.754769211
1582128643 10.006700785
1582128809 10.015758408
1582128972 9.891176712
1582129144 9.69666259
1582129303 10.068121795
1582129464 9.685839493
1582129628 9.683937453
1582185050 10.13535536
1582185231 10.538612407
1582185966 9.615829683
1582186859 10.265225295
1582188141 9.551604654
1582188302 9.861447657
1582194080 10.226696874
1582194235 10.655996464
1582194397 10.587887027
1582194892 10.213294508
1582195052 10.161541566
1582195213 9.672685301
1582195707 10.07590725
1582195868 9.586512421
1582196025 9.983858418
1582196186 9.600245087
1582196345 9.842769063
1582196504 9.353078364
1582196662 9.630623222
1582196820 11.452422958
1582196983 11.175384166
1582197960 9.156718385
1582198117 9.66533401
1582198279 9.180476683
1582198435 9.623752303
1582198717 9.878533037
1582199065 10.005615805
1582631373 9.484482781
1582631533 10.047323089
1582631689 9.831414425
1582631846 9.838779755
1582632003 9.28623218
1582632160 9.463512714
1582632321 9.152608009
1582632483 9.731027611
1582632641 10.867120272
1582632803 9.366023207
1582884680 10.027742747
1582884849 9.988419673
1582885338 10.650004396
1582885497 11.164338213
1582885825 9.719971314
