1569854426 6.686698935
1569855838 6.939783688
1571330128 6.695031277
1571766484 6.605407094
1571767266 6.744018994
1572537393 5.264029326
1572538050 5.424160157
1572538710 5.413188497
1572539363 5.479311919
1572540010 5.376565918
1572540916 5.340511338
1572541570 5.412363292
1572542218 5.363339516
1572542865 5.284409538
1572543530 5.427346225
1572871284 5.307838093
1572871934 5.608203972
1572872612 5.160562154
1572873265 5.143289386
1572873918 5.302935143
1572874979 5.382836599
1572875841 5.390465303
1572877066 5.500929642
1572877716 5.308326986
1572878944 5.482871097
1572967351 5.507108129
1572968008 5.400788415
1572969310 5.26009848
1572969971 5.416606945
1572970621 5.077499164
1572971270 5.438582417
1572971933 5.280149192
1572972593 5.415925672
1572973307 5.343585344
1572973959 5.548732907
1572974611 5.456484882
1573208893 5.248419348
1573209548 5.376512068
1573210223 5.631722235
1573210892 5.254903138
1573211549 5.416879906
1573212198 5.329190223
1573212849 5.53749803
1573213501 5.400980604
1573214172 5.476398692
1573214827 5.292352095
1573310351 5.129884326
1573310973 4.758480618
1573311588 5.027875032
1573312293 4.937915
1573312902 4.938371451
1573313530 4.948510828
1573314162 5.102149413
1573314777 5.109955227
1574696386 5.035867845
1574696967 4.436889054
1574697557 4.916714032
1574698132 4.781617655
1574698717 4.729174939
1574709501 4.640829551
1574710787 4.971600229
1574956140 5.253773574
1574956762 42.462581024
1574957403 4.96338563
1574957981 5.036978323
1574958573 5.002453472
1574959162 4.780195628
1574959765 4.913240553
1574960343 5.096392941
1574960955 4.79776254
1574961592 4.750594884
1575033064 5.100912026
1575033632 5.042679898
1575034223 4.875756408
1575034790 5.027609984
1575035361 4.756749839
1575036383 5.27622087
1575036961 4.810470173
1575037519 4.996432962
1575038522 5.320680957
1575039090 5.176678402
1575120354 4.633284593
1575120918 5.040008084
1575121479 4.839792288
1575122541 5.072080307
1575123658 4.898939398
1575124213 4.575303123
1575124781 4.773304332
1575125338 5.086745795
1575125907 4.822390533
1575297654 4.920582661
1575298233 5.272903681
1575298802 4.456250307
1575299379 4.842345015
1575299951 4.735959207
1575300571 4.674794032
1575301142 4.950319416
1575301953 4.833336504
1575390139 4.88399857
1575390706 4.880546153
1575391274 5.236774204
1575391840 4.923871589
1575393285 4.948122027
1575393845 4.664325553
1575394412 4.652914819
1575394975 4.86572479
1575395538 4.51693167
1575562373 4.956342455
1575563071 4.928643279
1575563719 4.88187003
1575564315 4.86816482
1575564898 4.990430142
1575565464 4.971018382
1575566033 4.974956967
1575566618 4.790858326
1575567938 4.908424655
1575568544 4.655787967
1579190992 4.691808319
1579191605 5.091490178
1579192170 5.342481701
1579192751 4.386973459
1579193315 4.728360484
1579193906 4.882003818
1579194473 5.410002646
1579195039 5.051859089
1579195630 5.274451553
1579196193 4.613179816
1579359399 4.86790251
1579359973 4.996514125
1579360536 4.891922686
1579361093 5.016450036
1579361649 5.168962354
1579362759 4.790007899
1579363324 4.527469432
1579364450 4.816594796
1579530367 6.750585307
1579531015 4.730505934
1579532056 4.672009583
1579532757 4.727749259
1579533426 5.19844629
1579534027 4.709365687
1579534713 5.016790746
1579535919 4.697879974
1579536976 4.871411588
1580223701 5.291609758
1580224261 4.548164848
1580224816 4.696630334
1580225380 4.940788013
1580225940 4.935238853
1580226523 5.391467616
1580227091 5.089082095
1580227689 5.292954907
1580228271 4.738761623
1580228830 5.070958592
1580312261 4.704084389
1580313396 4.717535145
1580314359 4.746846856
1580314917 4.848206862
1580315474 4.964507281
1580316037 4.77915876
1580316739 4.692204458
1580317326 4.797170064
1581942396 5.023451666
1581943600 4.698522081
1581944889 5.122308861
1581945866 4.711231516
1581946440 4.962706317
1581947007 4.776071294
1581947929 4.745329076
1581949021 5.424488279
1582033980 4.828378969
1582035599 4.836678168
1582036205 5.512386102
1582036809 5.511591691
1582037414 5.354524909
1582038010 5.700785194
1582038607 5.081596689
1582041502 5.404874576
1582042110 5.198089491
1582043700 5.679420645
1582044312 5.260952645
1582637923 4.851390874
1582638482 4.857775712
1582639557 4.738531708
1582640735 4.996622235
1582641294 4.947667584
1582641864 4.761630556
1582642433 4.806556783
1582643007 4.97438237
1582643610 4.747445559
1582644165 4.739965093
1582898764 5.123799705
1582899336 4.861176204
1582899904 4.897696357
1582900467 4.813683736
1582902125 4.988958165
1582902771 5.096609992
1582903368 4.728250472
1574710787 4.971600229
