1569849950 5.448319264
1569850154 5.426469717
1569849950 5.448319264
1569850154 5.426469717
1569850967 5.514207023
1569851174 5.252996643
1569851523 5.269649459
1569851730 5.418543007
1569851960 5.497397375
1569852189 5.483290749
1569852426 5.362908683
1569852643 5.436512359
1569853035 5.41439699
1569853346 5.500700268
1569853586 5.478645141
1569854227 5.415086802
1569855200 5.502879879
1569855633 5.418209802
1570446957 5.35956347
1570448049 5.635435481
1570448776 5.570213494
1570543073 5.352203479
1570543434 5.411640701
1570543636 5.314141948
1570544565 5.367972717
1570544768 5.471101835
1570545025 5.431018655
1570545235 5.435590242
1571322944 5.348753697
1571323266 5.433701451
1571323659 5.321645984
1571324060 5.526047737
1571324460 5.361756318
1571325067 5.278425976
1571325263 5.460097368
1571325462 5.418237094
1571325667 5.311939688
1571325865 5.536923899
1571326066 5.236619537
1571326757 5.475828546
1571326969 5.37800049
1571327177 5.47852784
1571327391 5.371174217
1571327781 5.405439865
1571328172 5.208787024
1571328563 5.45030416
1571328954 5.668895105
1571329346 5.568172682
1571329938 5.379102801
1571395859 5.476830229
1571396055 5.312088509
1571396252 5.57651524
1571396451 5.415111656
1571396649 5.16726085
1571396848 5.387672232
1571397077 5.411656767
1571397281 5.430959453
1571397479 5.465924588
1571397677 5.501613338
1571397895 5.388066174
1571398287 5.28985631
1571398682 5.512497073
1571399073 5.352614414
1571399465 5.398209932
1571399861 5.433999553
1571400254 5.259278002
1571400676 5.431793219
1571401075 5.347144355
1571401467 5.393147879
1571404924 5.399376249
1571405124 5.368623375
1571405321 5.431520342
1571405521 5.382360325
1571405753 5.406053661
1571406847 5.505786018
1571407237 5.444488191
1571407631 5.407791899
1571408019 5.457878934
1571408412 5.986238805
1571408942 5.406227539
1571409173 5.379566868
1571409375 5.468936878
1571409574 5.296086364
1571409789 5.444338679
1571664357 5.369449151
1571664900 5.482771019
1571665103 5.383221112
1571665315 5.322993019
1571665509 5.26936561
1571665704 5.374197408
1571665904 5.386739549
1571666294 5.336859817
1571666686 5.480469348
1571667079 5.541157293
1571667516 5.467365853
1571668121 5.526015265
1571668321 5.424546551
1571668525 5.41490937
1571668719 5.507592858
1571668916 11.600968406
1571669168 5.371478203
1571669567 5.456649878
1571751992 5.339844395
1571752187 5.409489101
1571752387 5.383842738
1571752592 5.428790658
1571752786 5.397593907
1571752983 5.252520912
1571753180 5.338863726
1571753377 5.392577715
1571753574 5.404151112
1571753770 5.412697626
1571754079 5.394566334
1571754476 5.278831756
1571754869 5.331587278
1571755271 5.323466418
1571755836 5.396468741
1571756505 5.370909589
1571756916 5.44799569
1571757365 5.389574002
1571757754 5.379775436
1571758154 5.29594407
1571758544 5.369359458
1571760129 5.428466805
1571760324 5.362902003
1571760529 5.829374342
1571760724 5.374247933
1571760923 7.819401849
1571761135 5.558054956
1571761334 5.36123641
1571761529 5.471445245
1571761724 5.43293961
1571761932 10.137232109
1571762159 5.455988539
1571762556 7.906541753
1571762948 5.366336175
1571763335 5.418483503
1571763727 5.393207211
1571764135 5.807633532
1571764545 5.370313181
1571764937 5.412987808
1571765325 5.401875097
1571765717 5.382823301
1571766294 5.362285744
1571767076 5.402292128
1571922225 6.158919948
1572003236 5.406618417
1572003429 5.345378908
1572003628 5.394457849
1572003826 5.343255324
1572004021 5.387677615
1572004217 5.377564858
1572004412 5.437861172
1572004611 5.436235387
1572004813 5.291847407
1572005012 5.409360797
1572006302 5.354179354
1572007040 5.378736195
1572007435 5.351010532
1572007928 5.378177567
1572008337 5.508121442
1572008741 5.431451888
1572009135 5.418552696
1572009524 5.565600505
1572009916 5.422541384
1572010311 5.859823424
1572010702 5.39741672
1572011213 5.387533029
1572011409 5.458180157
1572011604 5.400840597
1572011803 5.387781662
1572011999 5.391150217
1572012197 5.537889524
1572012392 5.43814652
1572012586 5.392889116
1572012781 5.426774138
1572012974 5.37269826
1572013264 5.459356369
1572013657 5.334340878
1572014049 5.269793469
1572014440 5.369070891
1572014831 5.31642605
1572265034 5.320694582
1572265231 5.373547914
1572265428 5.592814734
1572265627 5.360405689
1572265825 9.404216444
1572266035 5.546830648
1572266228 5.508049663
1572266432 5.045216254
1572266631 5.256550918
1572266828 6.101880912
1572268111 5.542610493
1572268881 5.634025741
1572269295 7.847500443
1572269702 17.360027523
1572270119 5.345661443
1572270516 5.343636004
1572270909 5.340059676
1572272265 4.682725386
1572272596 4.707827699
1572272931 4.668894145
1572273265 4.507774964
1572273610 4.547693793
1572274102 4.492550434
1572274273 6.176284643
1572274446 6.307110214
1572274611 4.612771661
1572274784 4.602738873
1572274954 4.640965584
1572275122 4.638557546
1572275301 4.689848132
1572275470 4.56769876
1572275645 4.590320481
1572276034 4.695276176
1572276367 6.252672479
1572276705 4.599516108
1572277036 4.574826132
1572277366 4.659416088
1572277713 4.73713339
1572278061 4.708932444
1572278394 4.470132605
1572361247 5.455542305
1572361444 5.491545827
1572361640 5.423193516
1572361835 5.370193254
1572362034 5.459348378
1572362228 5.379529124
1572362424 5.328699518
1572362619 5.337594189
1572362818 5.40576618
1572363014 5.487431098
1572363453 4.602244893
1572363783 4.610057035
1572364112 4.703935416
1572364443 4.63078227
1572364776 4.701787832
1572365117 4.68748874
1572365495 4.880640102
1572365867 4.576764338
1572366206 8.627982729
1572366542 4.616552784
1572366894 4.589272255
1572367061 4.708141767
1572367230 4.683586483
1572367399 4.567107476
1572367582 4.579486668
1572367758 4.434312079
1572367929 4.605123453
1572368097 4.464635464
1572368263 4.653068167
1572368429 4.69130649
1572369572 4.467926329
1572369902 4.50718863
1572370232 4.517145356
1572370564 4.685100345
1572370893 4.583973649
1572371225 4.710890148
1572371556 4.705220324
1572371886 4.639896035
1572372214 4.69074246
1572372543 4.698817591
1572532364 5.548954905
1572532565 5.340347453
1572532771 5.329595692
1572533550 4.692323748
1572533888 4.637693856
1572534242 4.630168656
1572534589 4.704612123
1572534921 4.617786236
1572535269 4.634702235
1572535600 4.727234713
1572535936 4.651178944
1572536295 4.646904934
1572536632 4.577531997
1572537233 4.540790604
1572537887 4.543915318
1572538543 5.702759022
1572539197 4.559927486
1572539849 4.518226848
1572540756 4.723572129
1572541409 4.62500429
1572542058 4.56221502
1572542705 4.50779549
1572543350 4.861884677
1572544482 4.658260246
1572544649 4.568625444
1572544819 4.615044521
1572544993 4.637575376
1572545167 4.512082972
1574710638 4.525760797
1574707059 4.125659489
1574708723 4.165489891
