1569854545 5.629014633
1571330241 5.599427321
1571766598 5.590954023
1571767380 5.70146577
1572537487 4.562237936
1572538143 4.667815388
1572538803 4.616733637
1572539456 4.644240752
1572540103 4.631891289
1572541008 4.635752644
1572541663 4.656250302
1572542311 4.697637146
1572542958 4.531040206
1572543623 4.573896526
1572871377 4.519029492
1572872027 4.603856637
1572872704 4.779060994
1572873357 4.57542018
1572874011 4.590832815
1572875073 4.28859818
1572875934 4.549280646
1572877159 4.547787361
1572877809 4.566106657
1572879054 4.646350833
1572967444 4.628793312
1572968101 4.65521493
1572969403 4.559704007
1572970064 4.615112796
1572970714 4.623227019
1572971366 4.580198206
1572972029 4.660236199
1572972687 4.608325853
1572973403 4.657315941
1572974053 4.652295779
1572974704 4.648784252
1573208987 4.729678921
1573209643 4.501667954
1573210317 4.493603776
1573210985 4.666475213
1573211644 4.632459027
1573212292 4.64365055
1573212943 4.624348699
1573213594 4.691049355
1573214266 4.59911682
1573214924 4.60469375
1573310440 3.836108496
1573311060 4.226646237
1573311674 4.317410061
1573312380 4.281569784
1573312990 3.925070817
1573313616 4.088834054
1573314249 4.089878632
1573314863 4.404749198
1574696471 4.329896182
1574697052 4.030326162
1574697643 4.050063369
1574698216 4.001890652
1574698801 4.046433764
1574709587 4.455204442
1574710874 4.301678821
1574710874 4.301678821
