1569849985 6.214410987
1569850188 6.159828063
1569849985 6.214410987
1569850188 6.159828063
1569850719 5.976481084
1569851001 6.253553064
1569851208 6.014843857
1569851557 6.177733106
1569851764 6.251008586
1569851994 6.172969577
1569852223 5.852323864
1569852461 6.104079885
1569853069 5.999248565
1569853381 6.098543877
1570543109 5.604851525
1570543472 5.732736278
1570543669 11.773279638
1570544598 6.002118201
1570544824 35.604013475
1570545058 5.943425598
1570545275 5.791338844
1571322982 5.845454676
1571325100 5.710868936
1571325296 5.920593683
1571325501 6.111108992
1571325702 5.404992695
1571325898 5.708269016
1571326099 6.069818776
1571326790 5.839214413
1571327006 5.883698608
1571327214 5.835554768
1571395891 5.957737416
1571396087 5.893915201
1571396285 5.41981108
1571396484 5.836375857
1571396682 5.987830052
1571396910 5.929266355
1571397114 5.610585117
1571397316 5.748807523
1571397512 5.933933673
1571397709 5.930312945
1571404959 5.43571316
1571405156 5.983916495
1571405354 5.729022566
1571405582 5.84093496
1571405785 5.889171952
1571409004 5.848949712
1571409207 5.477183882
1571409407 5.58733037
1571409624 5.995181554
1571409822 5.982476668
1571664390 5.446368348
1571664932 5.682938883
1571665135 5.6141507
1571665346 5.725548731
1571665540 5.962303991
1571665735 5.966385814
1571668153 5.762069659
1571668352 5.641110843
1571668556 5.696507773
1571668750 5.639358517
1571668950 6.025412144
1571752024 5.634023503
1571752219 5.67705866
1571752419 5.555976161
1571752623 5.670485555
1571752818 5.669619685
1571753014 5.764853665
1571753211 5.588906753
1571753409 5.560372009
1571753606 5.452476619
1571753803 5.615532286
1571760161 5.68318752
1571760356 5.674189149
1571760561 5.702676776
1571760756 5.462140145
1571760958 5.584295227
1571761166 5.58977577
1571761366 5.548603736
1571761561 5.590221407
1571761756 5.688680079
1571761964 5.671730161
1572003267 5.606965658
1572003463 5.966961446
1572003659 5.582035938
1572003857 5.650312313
1572004053 5.48190096
1572004249 5.582025021
1572004443 5.80285326
1572004642 5.630028322
1572004844 5.65086268
1572005043 5.945733129
1572011245 5.502070433
1572011441 5.763057863
1572011637 5.853482332
1572011834 6.006987459
1572012030 5.615491379
1572012228 5.647596449
1572012423 5.554605482
1572012617 5.526097925
1572012812 5.684471578
1572013006 5.886427953
1572265065 5.768339528
1572265262 5.61795694
1572265461 5.561727627
1572265659 5.450268556
1572265865 5.53291279
1572266066 5.667968739
1572266263 5.922030986
1572266463 5.591693179
1572266663 5.805751759
1572266866 5.468472085
1572274130 5.012362487
1572274303 4.652228086
1572274471 4.663438458
1572274644 4.519829517
1572274811 4.745506524
1572274981 4.943301483
1572275153 4.747022387
1572275329 4.783340054
1572275499 4.88873004
1572275672 4.94873984
1572361279 5.826638819
1572361476 5.711556611
1572361671 5.606387989
1572361866 5.614763801
1572362065 5.644865366
1572362259 5.995865529
1572362455 5.862900593
1572362651 9.52025238
1572362849 5.758691556
1572363045 5.594240434
1572366921 4.702089216
1572367089 4.933786305
1572367260 4.827289153
1572367427 4.648592115
1572367609 4.759359353
1572367787 4.731246474
1572367956 4.724192872
1572368125 4.760094329
1572368291 4.739359941
1572368457 4.725404721
1572532396 5.617175591
1572532597 5.472211845
1572532802 5.491469357
1572544509 4.844058193
1572544677 5.056538211
1572544848 4.730901413
1572545021 4.742483847
1572545194 4.59412349
1572870021 4.602261682
1572870241 4.623893418
1572870421 4.648220588
1572870644 4.480163516
1572870813 4.750921157
1572965402 4.736139265
1572965570 4.718871989
1572965737 4.560620884
1572965906 4.562303114
1572966078 4.945710626
1572966244 4.898110291
1572966415 4.636275133
1572966599 4.539129757
1572966779 4.718996954
1572966943 4.757475878
1573207050 4.919424925
1573207218 4.9938243
1573207387 4.746714667
1573207553 4.732687773
1573207723 4.563780483
1573207890 4.536797304
1573208057 4.728136007
1573208222 4.693458323
1573208390 4.818386188
1573208556 4.611320999
1573220291 4.456791369
1573220459 4.682911545
1573220626 4.811470142
1573220795 4.926619177
1573220963 4.528422229
1573221130 4.60443036
1573221295 4.560612972
1573221464 4.696839918
1573221631 5.01423234
1573221800 4.787182727
1573221989 4.510622434
1573222160 4.705107325
1573222326 4.672611819
1573222492 4.823338254
1573222662 4.567543908
1573301140 4.682447713
1573301309 4.531954876
1573301491 4.451140351
1573301658 4.965810287
1573301845 4.930910705
1573302023 4.799178353
1573302192 4.537113064
1573302366 4.568840535
1573302535 4.640866544
1573302717 4.773580104
1573303855 4.298693449
1573304020 3.988929661
1573304179 4.61208606
1573304345 4.611939647
1573304504 4.280470385
1573304671 4.360410432
1573304830 4.695392739
1573304990 4.517315493
1573305153 4.420878221
1573305312 4.491127087
1573752484 4.215972938
1573752742 4.333790506
1573752901 4.657274851
1573753060 4.533248014
1573753218 4.234707645
1573753373 4.346408493
1573753531 4.353585419
1573753684 4.266070445
1573753846 4.352636426
1573754665 4.582879855
1573754826 4.399820653
1573754987 4.306560672
1573755154 4.149009663
1573755317 4.307590562
1573755473 4.413542126
1573755629 4.314145454
1573755787 4.259361473
1573755945 4.35109317
1573756102 4.27113123
1573831410 4.457566771
1573831568 4.513668809
1573831726 4.405598917
1573831898 4.271315813
1573832051 4.443534402
1573832211 4.438656894
1573832366 4.385250893
1573832533 4.273735712
1573832688 4.320472382
1573832843 4.32320947
1573833039 4.258413796
1573833196 4.231254188
1573833360 4.348731049
1573833517 4.279101313
1573833674 4.36803294
1573901048 4.229990473
1573901206 4.40285492
1573901362 4.245018718
1573901518 4.259508301
1573901679 4.38688052
1573901833 4.299746678
1573901988 4.474514573
1573902146 4.305616043
1573902304 4.509636339
1573902459 4.341313247
1574685776 4.702752103
1574685966 4.405505279
1574686139 4.2674091
1574686299 4.23551693
1574686458 4.224621889
1574686625 4.294958994
1574686788 4.565501512
1574686974 4.407282428
1574687313 4.407887228
1574689642 4.270812867
1574689858 4.356801285
1574690197 4.330117153
1574690367 4.218372634
1574690526 4.221751261
1574690697 4.483863529
1574690857 4.527287519
1574691042 4.307782288
1574691221 4.467772941
1574706843 4.262921407
1574707086 4.397777612
1574954188 4.081272225
1574954353 4.286236979
1574954529 4.395983884
1574954693 4.173091362
1574954876 4.358813999
1574955033 4.223126937
1574955292 4.146223873
1574955452 4.578594774
1574955610 4.403911867
1574955771 4.43088077
1575026519 4.352030912
1575026680 4.612302327
1575026842 4.407638539
1575027002 4.391774149
1575027166 4.435865849
1575027327 4.456119343
1575027493 4.368329379
1575027651 4.117757164
1575027815 4.475658525
1575027979 4.099246683
1575112835 4.292522364
1575112996 4.351835443
1575113158 4.269879666
1575113319 4.301537743
1575113478 4.293038802
1575113637 4.178316219
1575113794 4.442671944
1575113952 4.353420018
1575114113 7.348568955
1575114277 4.271478666
1575289765 4.418190909
1575289932 4.275354059
1575290097 4.260811813
1575290280 4.472083741
1575290452 4.211040324
1575290628 4.263301991
1575290797 4.369503203
1575290954 4.405995343
1575291117 4.325314004
1575291278 4.201734343
1575384166 4.437598606
1575384326 4.371470229
1575384487 4.146632485
1575384646 4.698777879
1575384809 4.185622117
1575384966 4.272676327
1575385128 4.592221617
1575385287 4.186963347
1575385446 4.446629916
1575385610 4.341999017
1575556548 4.53267006
1575556708 4.206788426
1575556874 4.646986077
1575557059 11.462952954
1575557235 4.60112332
1575557420 4.345369633
1575557593 4.484210609
1575557767 4.316306085
1575558225 4.673120901
1575558414 4.251253455
1579184045 4.202500851
1579184761 4.453238255
1579184922 4.168528141
1579185084 4.577279429
1579185259 4.266475576
1579185436 4.377021375
1579185619 4.3937966
1579185793 10.6191248
1579185986 4.200367908
1579186159 4.189590157
1579351775 4.293546597
1579351942 4.254207726
1579352103 4.259666505
1579352264 4.414588052
1579352427 4.569455897
1579352591 4.168986609
1579352749 4.473129566
1579352910 4.256842242
1579353073 4.240428077
1579353368 7.51178783
1579353951 4.533733624
1579522864 4.350396565
1579523067 4.237165784
1579523258 4.608909282
1579523423 4.185171601
1579523597 4.252615149
1579523777 4.202966595
1579523960 4.34695595
1579524147 4.618199128
1579524314 4.332080989
1579524483 4.320989983
1579537460 13.528855932
1580215317 4.35307261
1580215511 4.522026438
1580215676 4.267457804
1580215834 4.536907821
1580215995 4.163022145
1580216158 4.434901014
1580216317 4.178464919
1580216480 4.228502968
1580216638 4.311381571
1580216820 5.102246427
1580304730 4.392938653
1580304887 4.173989616
1580305049 4.240534784
1580305210 4.225176131
1580305393 4.184640025
1580305553 4.714557975
1580305718 4.18059372
1580305875 4.320082693
1580306030 4.167771784
1580306190 4.440078405
1581935230 4.568588267
1581935388 4.366259949
1581935549 4.823732066
1581935715 4.286042419
1581935882 4.656005387
1581936054 4.566812078
1581936225 4.498732551
1581936388 4.357258033
1581936547 4.407218844
1581936722 4.492675967
1582026904 4.23000711
1582027066 4.488752624
1582027230 4.71868173
1582027398 4.61893184
1582027811 4.866678666
1582027975 4.788798183
1582028144 4.633412607
1582028310 4.8117897
1582028478 4.844647773
1582028649 4.362939092
1582113119 4.885188144
1582113286 4.681077087
1582113449 4.87629663
1582113618 4.375684551
1582113783 5.035847735
1582113958 4.828688876
1582114120 4.58415694
1582114284 4.343808802
1582114450 4.786895264
1582114614 4.177731826
1582114777 4.175376599
1582114943 4.67149016
1582115105 4.352119041
1582115272 4.788723541
1582115435 4.708061316
1582115599 4.806254536
1582115762 4.436041401
1582115926 4.608326829
1582116107 4.939020154
1582116323 4.911921389
1582116498 4.727488603
1582116664 4.784269661
1582118983 4.719614964
1582119146 4.389113632
1582119316 4.913583512
1582119481 15.192370544
1582119667 4.730888039
1582119830 4.439576723
1582120001 4.774566119
1582120173 4.579737911
1582120897 4.561510024
1582121064 4.95029949
1582121308 4.906327019
1582121471 4.993939772
1582125214 4.852125052
1582125373 4.549820479
1582125857 4.480111263
1582126024 4.509409036
1582126193 4.506408605
1582126353 4.776789601
1582126520 4.628107589
1582126682 4.665752417
1582126849 4.182678399
1582127011 4.565582543
1582127172 4.802508762
1582127340 4.530213481
1582127507 4.752100301
1582127671 4.185115438
1582127835 4.166971541
1582127995 4.325425057
1582128162 4.697988663
1582128341 4.446196136
1582128502 4.771128264
1582128665 4.822317832
1582128831 4.595823084
1582128993 4.402627354
1582129166 4.599662415
1582129325 4.8602085
1582129486 4.189030558
1582129650 4.422685581
1582185073 4.652638841
1582185254 4.696635027
1582185988 4.31193212
1582186148 4.272213431
1582186881 4.279610978
1582187844 4.478784645
1582188003 4.338336102
1582188162 4.627788103
1582188322 4.307200116
1582193774 4.284440968
1582193937 4.357508387
1582194101 4.644418231
1582194257 4.394938752
1582194419 4.280176803
1582194584 4.276796918
1582194744 4.381018549
1582194913 4.387985221
1582195073 4.314872716
1582195234 7.263429574
1582195729 4.364805058
1582195889 4.265323618
1582196046 4.243890423
1582196207 4.266709038
1582196366 4.333106296
1582196525 4.227427353
1582196683 4.258811705
1582196843 4.271775672
1582197005 4.494460559
1582197171 4.332914766
1582197328 4.517665642
1582197494 4.597773026
1582197666 4.307615207
1582197823 4.237169596
1582197981 4.372158858
1582198137 4.39577085
1582198299 4.251930484
1582198456 4.234612976
1582198738 4.259169008
1582199086 4.277061737
1582631394 4.401695743
1582631554 4.360220704
1582631710 4.180910842
1582631868 4.298507544
1582632024 4.239043909
1582632182 4.458802122
1582632342 4.330376674
1582632504 4.384874423
1582632664 4.263912804
1582632824 4.323625755
1582884523 4.476504305
1582884702 4.66771143
1582884871 4.313087583
1582885035 4.381723783
1582885199 4.474338229
1582885360 4.375149295
1582885520 4.441138521
1582885682 4.396004428
1582885847 4.665183571
1582886004 4.476073457
1574707086 4.397777612
