1569856441 7.960696309
1570447190 7.395548172
1570448957 7.975878988
1570449458 7.965535276
1570449896 7.553589306
1571323444 8.162944142
1571323837 8.268379174
1571324240 7.723735987
1571324639 7.891109204
1571327569 8.203061755
1571327960 8.072737816
1571328351 7.810796625
1571328742 7.982081799
1571329133 8.072779306
1571329524 8.063787639
1571330498 7.876807719
1571398072 8.017376712
1571398468 7.761815223
1571398861 7.98159235
1571399252 8.099568842
1571399644 8.200989623
1571400041 8.177858977
1571400433 7.971227889
1571400861 7.780039836
1571401253 8.757177119
1571401645 8.255920283
1571407026 7.991062179
1571407417 8.012394996
1571407808 7.93480654
1571408197 7.878543581
1571408591 8.272956879
1571666083 8.085742817
1571666864 7.742199804
1571667257 7.927860964
1571667701 8.151171665
1571669351 8.19181323
1571669747 7.84856865
1571754263 8.419394206
1571754654 8.256114756
1571755055 8.383479225
1571755451 7.999758725
1571756682 7.85431077
1571757113 8.139929198
1571757543 7.849798411
1571757938 8.004047055
1571758331 7.932005041
1571758723 7.916952153
1571762336 7.909327179
1571762733 7.950719222
1571763125 8.220808099
1571763514 8.028288058
1571763908 7.776666458
1571764333 8.027050318
1571764723 8.131387559
1571765114 8.167970214
1571765503 8.472970485
1571765894 7.998584686
1571766858 7.986845971
1571767640 8.421372077
1572006613 7.902042761
1572007222 8.659546961
1572008115 8.000482976
1572008526 8.043990602
1572008919 7.909668704
1572009312 7.967957143
1572009702 7.974865521
1572010093 8.221829742
1572010490 8.633292994
1572010880 7.926438905
1572013443 8.358799434
1572013837 7.985110997
1572014227 8.308137141
1572015007 8.184923013
1572269479 8.092429989
1572269893 8.099410484
1572270695 7.937925132
1572271180 8.589277944
1572272418 6.816987561
1572272748 6.516691914
1572273083 6.79609737
1572273429 6.665540675
1572273762 6.486763483
1572276524 6.201274005
1572276857 6.811659145
1572277188 6.939584219
1572277524 7.010834514
1572277882 6.902500763
1572278214 6.747881826
1572278545 7.026234269
1572363604 6.739734123
1572363933 6.680766916
1572364594 6.326690186
1572364932 6.49537858
1572365268 6.534068465
1572365645 6.488011028
1572366019 6.466593807
1572366360 6.420084772
1572366695 6.608860715
1572370053 6.415874494
1572370383 6.388206435
1572370715 6.545835456
1572371044 6.578253096
1572371377 6.371580017
1572371705 6.339227117
1572372037 6.6021435
1572372366 6.73659816
1572533707 6.430448871
1572534053 6.643711368
1572534411 6.450485384
1572534740 6.52946161
1572535074 6.460817075
1572535422 6.358901048
1572535752 6.635988545
1572536087 6.590482479
1572536450 6.424127366
1572536786 6.619846234
1572538356 6.780014663
1572539016 6.606278995
1572539669 6.479684907
1572540317 6.459246942
1572541227 6.559680015
1572541875 6.592058177
1572542524 6.495450029
1572543170 6.592305274
1572543843 6.531931631
1572871589 7.114023476
1572872241 7.099540823
1572872922 6.859776887
1572873571 7.040923924
1572874228 6.605984878
1572875294 6.757253727
1572876148 6.994329169
1572877374 6.677349062
1572880335 6.624363421
1572880668 7.003001756
1572881015 6.814959712
1572881351 6.765699404
1572881684 6.567826894
1572882017 6.515567631
1572882346 6.794734621
1572882737 6.401674485
1572883089 6.630429334
1572883428 6.594968617
1572967657 6.635435006
1572968316 6.494241043
1572969616 6.517303983
1572970276 6.506912555
1572970927 6.5067175
1572971589 6.500182788
1572972251 6.536699712
1572972900 7.068929067
1572973616 6.566132808
1572974265 6.463095345
1572974923 6.663205944
1572975324 6.531598437
1572975655 6.470256339
1572976027 6.466959365
1572976405 6.573991052
1572976736 6.423158683
1572977065 6.524589025
1572977430 6.548782284
1572977758 6.623595217
1572978107 6.575465869
1573209199 6.61610997
1573209870 6.365721745
1573210530 6.735712269
1573211200 6.624557872
1573211858 6.445844289
1573212506 6.670803158
1573213158 6.565611973
1573213808 6.338000689
1573214481 6.482159404
1573215138 6.506307943
1573218352 6.377690432
1573218684 6.393896904
1573306592 6.573071397
1573307249 6.952726656
1573307883 6.616071528
1573308204 6.310618087
1573308532 9.950294323
1573308854 6.27091728
1573309174 6.735685117
1573309504 6.780724462
1573310645 6.214539059
1573311263 5.980825497
1573311874 6.347754711
1573312580 6.93709339
1573313821 7.081256085
1573314450 6.776608465
1573828116 6.669710914
1573828734 5.732870665
1573829343 5.678194022
1573829653 6.178161158
1573830210 6.475927741
1573830519 6.061890998
1573830825 5.495255062
1573831133 5.795858177
1573902766 5.367866845
1573903076 5.970255652
1573903387 6.087885117
1573903700 6.182414284
1573904009 6.268304905
1573904318 5.667104437
1574688084 6.620224303
1574688404 6.597553456
1574692096 6.755265838
1574693326 6.131548915
1574693974 6.523521742
1574694722 6.473811922
1574695276 6.512592424
1574695618 6.49197164
1574696664 6.332259527
1574697242 6.670604886
1574698994 6.410544534
1574708865 6.913608772
1574709813 6.783412677
1574711070 6.717193877
1574711070 6.717193877
1574708865 6.913608772
