1569849910 2.511240888
1569850114 2.534554591
1569849910 2.511240888
1569850114 2.534554591
1569850924 2.456266127
1569851133 2.293925584
1569851468 2.432376021
1569851690 2.568982569
1569851919 2.46340885
1569852148 2.47124782
1569852387 2.510202958
1569852603 2.47413379
1569852993 2.622357354
1569853306 2.264467405
1569853544 2.30295157
1569854186 2.195506035
1569855145 2.458234172
1569855589 2.981983764
1570446918 2.315927794
1570448010 2.401895767
1570448737 2.555185508
1570449206 2.617191947
1570449632 2.397882113
1570543032 2.42183804
1570543388 2.397671891
1570543595 2.609632035
1570544525 2.40059266
1570544724 2.330207454
1570544986 2.553951409
1570545192 1.527685189
1571322904 2.491706183
1571323226 2.428413183
1571323619 2.59590497
1571324021 2.81102988
1571324421 2.441733162
1571325026 2.443840257
1571325224 2.349150296
1571325423 2.666783302
1571325627 2.608621571
1571325826 2.348703565
1571326026 2.480267977
1571326717 2.556089918
1571326930 2.2280169
1571327137 2.377476723
1571327351 2.469909903
1571327742 2.415947504
1571328133 2.525393309
1571328523 2.456863778
1571328914 2.403679985
1571329307 2.605693219
1571329899 2.439149922
1574710608 1.889517005
1574707030 1.84034246
1574708693 1.753699426
