1569850018 6.014859295
1569850221 6.340061725
1569850018 6.014859295
1569850221 6.340061725
1569850752 6.114206643
1569851035 6.02573604
1569851241 6.060339399
1569851590 6.153389437
1569851803 6.17973096
1569852027 10.936475076
1569852256 6.099852807
1569852494 5.92993407
1569853103 6.261980548
1569853417 7.937916088
1570543141 6.029162815
1570543504 5.904316241
1570543714 5.581819401
1570544889 5.775388829
1570545090 5.766555367
1571323014 5.93932613
1571325734 5.691687309
1571326822 5.727970982
1571327038 5.69358078
1571327247 5.750519333
1574707112 4.523198439
