1569850095 1.961324787
1569850095 1.961324787
1569850855 1.661471951
1569851113 1.619892997
1569851322 5.152774664
1569851665 1.656606136
1569851877 1.795260117
1569852105 1.368423971
1569852334 1.725425812
1569852567 2.31617259
1569853212 1.544598449
1569853506 1.863676782
1569853980 1.319504048
1570446898 1.43578607
1570446900 0.168339684
1570448231 1.626717855
1570542979 7.008506922
1570543219 1.159038755
1570543791 1.694629352
1570544704 1.372898768
1570544965 1.353103291
1570545164 1.537972541
1570545387 5.316155969
1571322886 1.903650277
1571324793 0.940334599
1571325205 1.033327723
1571325404 1.021585246
1571325607 0.847656681
1571325808 1.456355144
1571326005 1.404732828
1571326488 37.268626213
1571326908 1.489816758
1571327116 1.778329376
1571327324 1.320849441
1571328114 1.369108335
1571328505 1.407683943
1571328896 1.374812694
1574707168 1.750135403
