1569854388 6.260613346
1569855800 6.085269158
1571330091 5.807975896
1571766446 5.685686822
1571767229 5.761186221
1572537363 4.564774354
1572538020 4.432332329
1572538680 4.450350426
1572539333 4.842781319
1572539980 4.559109829
1572540886 4.448373494
1572541539 4.547795971
1572542188 4.483014495
1572542835 4.464967373
1572543500 4.69618394
1572871254 4.600137063
1572871904 4.570895139
1572872581 4.656699309
1572873234 4.391579933
1572873887 4.285441351
1572874949 4.506996824
1572875811 4.70865026
1572877036 4.520490684
1572877686 4.414279882
1572878914 4.658105596
1572967320 4.646624587
1572967978 4.569034243
1572969280 4.346752709
1572969940 4.375574789
1572970591 4.632561018
1572971240 4.510666708
1572971903 4.775402395
1572972563 4.471558677
1572973277 4.543562095
1572973929 4.609510188
1572974581 4.476602294
1573208863 4.464102702
1573209518 4.528428758
1573210192 4.517173039
1573210862 4.507700519
1573211519 4.61200365
1573212168 4.580372319
1573212819 4.467369456
1573213471 4.475272379
1573214141 4.60727008
1573214796 4.621366505
1573310322 4.393239585
1573310945 4.013287724
1573312264 4.460142199
1573312874 4.140047865
1573313501 4.27171752
1573314133 4.379942719
1573314749 4.608218851
1574696358 4.450435907
1574696935 6.507523609
1574697528 4.106050154
1574698105 4.309091607
1574698690 4.009411482
1574709473 4.060372003
1574710760 4.204326635
1574710760 4.204326635
