1569854705 5.802514701
1569856315 5.936762501
1571330367 5.243728902
1571766724 5.509008859
1571767507 5.640477545
1572537595 4.488197629
1572538248 4.428509067
1572538908 4.266866426
1572539560 4.439595598
1572540208 4.482910988
1572541113 4.308855428
1572541766 4.48995318
1572542415 4.402824779
1572543062 4.530183863
1572543727 4.424212173
1572871481 4.616376206
1572872132 4.392370352
1572872810 4.564635925
1572873462 4.409353267
1572874119 4.271330246
1572875184 4.636025981
1572876038 4.186213625
1572877265 4.426269605
1572877920 4.325172571
1572879159 4.303418124
1572967549 4.409214543
1572968208 4.396455757
1572969507 4.38209303
1572970168 4.147059832
1572970818 4.491915121
1572971481 4.485603565
1572972142 4.486252037
1572972791 4.450099601
1572973507 4.425255486
1572974156 4.488779489
1572974814 4.376016862
1573209091 4.481561631
1573209762 4.350934389
1573210422 4.562555389
1573211090 4.596333664
1573211750 4.304290981
1573212397 4.414174408
1573213050 4.439976308
1573213699 4.343334281
1573214372 4.445556644
1573215029 4.358683651
1573310540 4.053779646
1573311159 4.138737302
1573311770 4.041150343
1573312477 3.874852948
1573313092 4.291656774
1573313718 4.100202569
1573314347 4.097635419
1573314960 4.171376373
1574696568 4.050015251
1574697148 4.060715132
1574697740 4.064384135
1574698312 4.011408552
1574698900 3.961752517
1574709712 4.114308484
1574710970 4.065415777
1574710970 4.065415777
