1569854507 5.632754387
1569855932 5.528617105
1571330204 5.970822937
1571766560 5.808003744
1571767342 6.009102208
1572537457 4.544915253
1572538113 4.736364931
1572538773 4.59495095
1572539426 4.555633669
1572540073 4.807819889
1572540978 4.825645109
1572541632 4.768318494
1572542281 4.641667539
1572542928 4.648470997
1572543593 4.637021653
1572871347 4.693636044
1572871997 4.768356295
1572872674 4.560028087
1572873327 4.611376754
1572873981 4.529367584
1572875042 4.699686922
1572875903 4.696499764
1572877129 4.691194774
1572877778 4.600975857
1572879008 5.375504273
1572967414 4.65068562
1572968070 4.942364386
1572969373 4.701368319
1572970033 4.663836777
1572970684 3.6037397
1572971336 4.817275769
1572971999 4.55481453
1572972657 4.653878337
1572973373 4.649104239
1572974022 4.774795217
1572974674 4.48488082
1573208957 4.611413517
1573209612 4.608786148
1573210286 4.542344084
1573210955 4.668673802
1573211614 4.581319763
1573212262 4.867726507
1573212913 4.769823049
1573213564 4.504194957
1573214236 4.673555548
1573214891 4.734365369
1573310411 4.477199819
1573311032 4.076510266
1573311647 4.260778328
1573312351 4.326787163
1573312961 4.236555722
1573313588 4.260439212
1573314221 4.301571993
1573314834 4.084242104
1574696444 3.958078998
1574697024 4.196751148
1574698774 4.118445942
1574709559 4.254692739
1574710846 4.571848094
1574956197 3.811670237
1574956858 4.348123796
1574957460 4.055862848
1574958038 4.166758152
1574958631 4.152827702
1574959220 4.03664931
1574959823 4.183991716
1574960402 4.135560952
1574961648 4.088027734
1575033123 3.971459592
1575033691 4.33743151
1575034281 4.016951158
1575034847 4.309533986
1575035418 4.056549714
1575036442 3.887840308
1575037019 4.347847214
1575038579 4.386336516
1575039149 4.336797387
1575120412 4.001443073
1575120975 4.165932898
1575121535 4.10079597
1575122599 3.90829746
1575123155 4.036437189
1575123715 3.963551412
1575124271 4.137402584
1575124838 4.142901301
1575125396 4.092142209
1575125965 4.267524022
1575297714 3.812985367
1575298859 4.050747216
1575299438 3.845090322
1575300009 4.025094325
1575300628 4.1350645
1575302010 4.074060862
1575390198 4.131157227
1575390765 3.787536841
1575391332 4.201511073
1575391897 3.866008825
1575392706 4.171902529
1575393343 4.04862886
1575394469 4.032612918
1575395032 4.311783883
1575395595 4.184317401
1575562430 4.178284929
1575563128 4.00262735
1575563776 4.059516464
1575564372 3.963953404
1575564955 4.223281742
1575565521 3.887616426
1575566090 4.107417077
1575566676 4.219594824
1575567996 4.233338243
1575568602 4.950602186
1579191050 4.601781399
1579191663 4.030999053
1579192227 4.127828317
1579192809 4.12974445
1579193372 7.979371857
1579193963 4.141834992
1579194532 4.380043753
1579195097 4.235574429
1579195688 4.137742517
1579360594 4.06927022
1579361150 4.148691811
1579361705 4.438927824
1579362260 4.00922184
1579362815 4.160017965
1579363382 4.13545939
1579364508 4.42827178
1574710846 4.571848094
