1571323466 31.499890064
1571324262 37.515439558
1571327591 30.968961073
1571328373 31.013948435
1571328764 30.479154627
1571329156 31.098796717
1571330520 30.631469193
1571398490 30.705489657
1571398883 30.806239189
1571399274 30.319921017
1571399666 30.600651915
1571400883 30.196816731
1571401277 30.481285577
1571407048 30.105049198
1571407439 30.332988528
1571408219 30.172539112
1571408613 30.137688778
1571666105 30.290014308
1571666887 30.602655508
1571667279 30.328042041
1571669769 30.197182218
1571754285 30.440304937
1571754676 31.445487619
1571755077 30.460327426
1571758353 30.085820677
1571758745 30.16365687
1571762358 30.224635031
1571762755 30.073660576
1571763147 30.037382011
1571763930 30.145310457
1571764745 30.319154457
1571765525 30.181233938
1571766881 30.10420585
