1569854581 11.310567349
1571330265 3.756739094
1571766622 3.820939432
1571767405 3.86634187
1572537506 3.363870464
1572538162 3.500583095
1572538822 3.479967042
1572539475 3.454472327
1572540122 3.317695278
1572541028 3.316954658
1572541682 3.315583935
1572542330 3.370384941
1572542977 3.371496436
1572543642 3.344386442
1572871396 3.336756263
1572872046 3.491876559
1572872723 3.498795445
1572873377 3.37429557
1572874030 3.403852432
1572875092 3.256805156
1572875953 3.330661827
1572877178 3.48141053
1572877828 3.432580307
1572879073 3.427637691
1572967463 3.370132889
1572968120 3.441207545
1572969422 3.362483487
1572970083 3.350424456
1572970733 3.449016019
1572971386 3.397637412
1572972048 3.362305319
1572972706 3.451607161
1572973422 3.343468766
1572974072 3.437720059
1572974723 3.463936377
1573209006 3.412546008
1573209662 3.364296529
1573210336 3.41153004
1573211004 3.500072096
1573211663 3.450411942
1573212311 3.465529885
1573212962 3.252408455
1573213613 3.356364567
1573214285 3.540772902
1573214943 3.414867727
1573310457 3.078261397
1573311077 3.343635361
1573311692 3.383226828
1573312397 3.394211831
1573313009 2.947096401
1573313634 3.275544484
1573314267 3.456587805
1573314880 3.287348529
1574696489 3.049302418
1574697069 3.331266851
1574697660 3.455942237
1574698233 3.412763724
1574698818 3.452547613
1574709604 3.523840512
1574710891 3.475258608
1574956241 3.544057344
1574956903 3.316736306
1574957504 3.29666673
1574958084 3.493040141
1574958679 3.491851529
1574959265 3.418685686
1574959868 3.418250784
1574960446 3.277584215
1574961057 3.416064853
1574961692 3.393407084
1575033168 3.487760651
1575033736 3.67221919
1575034326 3.576680597
1575034894 6.292250656
1575035463 3.333450982
1575036501 3.55134204
1575037063 3.584534484
1575037622 3.282644039
1575038624 3.31258666
1575039194 3.424224329
1575120457 3.478340848
1575121020 3.536167605
1575121997 5.411697334
1575122643 3.369183934
1575123200 3.368109434
1575123759 3.208018524
1575124316 3.149317344
1575124883 3.420166688
1575125441 3.359801945
1575126010 3.443936131
1575297759 3.331138062
1575298336 3.43886854
1575298903 3.364717264
1575299482 3.341045053
1575300054 3.400433989
1575300673 3.395836188
1575302055 3.451160778
1575390244 3.386320045
1575390810 3.539948554
1575391377 3.331932671
1575391942 3.404590395
1575392751 3.546047393
1575393387 3.326475811
1575393947 3.325017736
1575394514 3.339372546
1575395077 3.332452849
1575395640 3.570411277
1575562474 3.425853464
1575563173 3.272427729
1575563821 3.474135995
1575564417 3.411001988
1575565000 3.551256923
1575565565 3.404169304
1575566139 3.014081703
1575566720 3.501289738
1575568041 3.58865891
1575568647 3.072861775
1579191095 3.547857636
1579191708 3.460482573
1579192273 3.400164038
1579192853 3.33316674
1579193421 3.369718479
1579194009 3.613473839
1579194578 3.368127434
1579195142 3.419193357
1579195733 3.314908226
1579196296 3.376850141
1579359501 3.051775698
1579360078 3.504692639
1579360639 3.004967855
1579361195 3.349035202
1579361750 3.33020337
1579362304 3.296671877
1579362860 3.242368989
1579363427 3.299281665
1579363994 3.272444138
1579364553 3.504720922
1579530543 3.379137899
1579531118 3.151924143
1579532159 3.294366751
1579532863 3.562386543
1579533528 3.371706058
1579534128 3.470702745
1579534814 3.01274666
1579535427 3.384952326
1579536499 3.371162353
1579537078 3.363960768
1580223804 3.103865016
1580224362 3.416948106
1580224918 3.43930288
1580225483 3.42955352
1580226041 3.467074925
1580226627 3.574996929
1580227195 3.388082015
1580227793 3.371516385
1580228373 3.394414613
1580228932 3.389701948
1580312362 3.405407218
1580312942 3.356523105
1580313497 3.315972351
1580314461 3.427534882
1580315018 3.336807363
1580315578 3.442799331
1580316139 3.459917132
1580316840 3.386254198
1580317434 3.544737202
1581942499 3.419651993
1581943701 3.688915851
1581944992 3.631762879
1581945972 3.420051335
1581946543 3.536296679
1581947110 3.189836436
1581948032 3.452699862
1581949132 3.574172563
1582034819 3.783718118
1582035710 3.544366903
1582036319 3.535345436
1582036922 3.46806236
1582037530 3.456937228
1582038119 3.348016266
1582038716 3.477946117
1582041617 3.707913573
1582042221 3.365616704
1582043815 4.34654621
1582044419 3.467531996
1582638024 3.372677173
1582638586 3.440782507
1582639658 3.299171909
1582640838 3.408251635
1582641396 3.449354227
1582641969 3.056428092
1582642535 3.536467138
1582643110 3.261983287
1582643711 3.379811116
1582644267 3.231492745
1582898869 7.560819106
1582899439 3.336251601
1582900008 3.031143574
1582900568 3.481321508
1582902227 3.197188446
1582902873 3.297471525
1582903478 3.037713253
1574710891 3.475258608
