1569850035 3.948896458
1569850239 3.960308533
1569850035 3.948896458
1569850239 3.960308533
1569850791 8.744090803
1569851052 3.913827514
1569851258 3.795738716
1569851608 3.82875622
1569851820 3.972209074
1569852049 3.753885495
1569852273 4.232629875
1569852511 3.870505109
1569853120 12.2745585
1569853439 4.123947892
1570543158 3.654721477
1570543520 3.940558351
1570543730 3.888362635
1570544906 4.031779722
1570545107 3.803752345
1570545324 3.993530989
1571323031 3.799082038
1571325149 3.931278001
1571325345 4.031378459
1571325551 3.8311359
1571325751 3.893549459
1571325948 3.378071434
1571326156 4.328715514
1571326839 4.237950252
1571327055 3.988318749
1571327264 4.089100333
1574707124 3.058064102
