1569853956 6.659990593
1569854982 6.367105967
1569855531 6.409802348
1569856550 5.076116398
1570448208 6.157482366
1570449164 6.119111716
1570449590 6.158593293
1571323576 6.223482638
1571323979 6.374768688
1571324377 6.093130307
1571324769 6.10753417
1571327700 6.005622034
1571328090 6.290768605
1571328482 6.032469328
1571328873 6.118609662
1571329265 6.06359332
1571329653 6.216438655
1571330632 6.164203922
1571398204 6.013423905
1571398600 5.928099086
1571398991 6.123491486
1571399383 6.091822149
1571399775 6.06946072
1571400172 6.193890863
1571400593 6.047255369
1571400991 8.852150564
1571401385 6.072174418
1571401775 5.889078542
1571407155 6.235879738
1571407548 6.17583741
1571407938 6.105038336
1571408329 6.148945151
1571408721 6.703418923
1571666213 6.011109007
1571666604 6.301292196
1571666997 6.411253713
1571667387 6.272896266
1571667833 6.123259194
1571669483 6.229907627
1571669877 6.315617581
1571754394 6.059531949
1571754785 6.161207203
1571755186 6.052907739
1571755588 6.249550557
1571756817 6.089359993
1571757254 6.031941865
1571757672 6.16737588
1571758070 6.255565275
1571758461 6.012336845
1571758857 6.216913046
1571762465 6.388072174
1571762863 6.10028768
1571763254 6.087289625
1571763645 6.155067788
1571764038 6.231900742
1571764463 6.203018209
1571764855 6.251086556
1571765244 6.180174057
1571765635 6.155705313
1571766024 6.191934915
1571766993 6.316626065
1572006726 32.192156472
1572007352 6.021319859
1572007747 6.098761535
1572008256 6.218823099
1572008658 6.089695443
1572009053 7.505527299
1572009443 6.096170537
1572009833 6.066175844
1572010224 6.361329348
1572010620 6.223888483
1572011011 6.082782855
1572013574 6.080993632
1572013967 6.146838462
1572014359 6.09972779
1572014748 6.108939096
1572015138 5.995231337
1572268304 4.178011455
1572269622 4.7220145
1572270025 18.296087886
1572270825 6.212968445
1572271352 6.01049792
1572272527 4.997250378
1572272863 4.821413191
1572273195 5.633809444
1572273541 4.992585867
1572273877 4.934936742
1572276298 5.009641096
1572276637 4.90587533
1572276968 4.872366056
1572277299 4.993366386
1572277633 4.803542536
1572277992 4.946957922
1572278324 4.820906604
1572278656 4.93923897
1572363715 4.965732695
1572364044 4.931024262
1572364376 4.993279357
1572364708 4.895189199
1572365043 11.173888526
1572365380 4.785057146
1572365758 4.939391318
1572366138 4.902901864
1572366471 5.084095981
1572366804 5.142381123
1572369833 5.145869729
1572370163 5.023405708
1572370494 4.980686653
1572370825 4.945566609
1572371486 4.940271222
1572371818 3.782272673
1572372147 5.016602173
1572372476 4.955338522
1572372809 4.997486196
1572533820 4.892239097
1572534175 4.908064419
1572534521 4.987071219
1572534852 4.872741649
1572535201 4.822086042
1572535533 4.887940972
1572536198 5.096318386
1572536561 5.110310652
1572536898 4.853113118
1572537819 4.893035326
1572538472 4.989368032
1572539129 4.894522078
1572539781 4.861597478
1572540437 4.910310255
1572541340 5.08795629
1572541989 4.885504297
1572542637 5.031018139
1572543283 4.963129296
1572543956 4.899794695
1572871705 4.945824417
1572872354 4.887878729
1572873035 4.999286036
1572873685 4.86609964
1572874355 4.968676646
1572875409 3.637574305
1572876313 5.078748299
1572877486 4.979289993
1572879384 4.908213839
1572880016 4.763477473
1572880445 5.006240517
1572880779 4.859652562
1572881130 4.883255791
1572881461 5.014555517
1572881796 5.072202063
1572882126 5.08615126
1572882517 5.236491487
1572882848 4.896694905
1572883199 13.143293119
1572968759 6.153423579
1572969732 5.217464695
1572970391 4.961040648
1572971043 5.141739883
1572971703 5.1828183
1572972364 4.869748156
1572973076 5.041891602
1572973730 4.922675932
1572974380 4.891441365
1572975035 4.914612016
1572975434 5.103139849
1572975765 4.773523352
1572976136 5.027558107
1572976515 4.947503525
1572976846 5.3492902
1572977177 4.962111805
1572977539 5.089947234
1572977868 5.068440051
1572978258 4.912979864
1573209316 4.695773587
1573209982 5.031210004
1573210646 5.025013359
1573211314 4.915553467
1573211971 5.029367162
1573212619 4.932718164
1573213273 5.013485526
1573213938 5.020767041
1573214596 5.044403437
1573215258 5.082915042
1573218462 5.096937849
1573218795 4.919443827
1573218974 5.067676409
1573306696 4.720874373
1573307020 4.602486714
1573307355 4.737293075
1573307673 4.404071345
1573308308 4.434996012
1573308639 4.432808317
1573308960 4.564027585
1573309610 4.5241685
1573310756 4.620589141
1573311371 4.610043314
1573311990 4.338979056
1573314558 4.353294982
1573315250 4.727108224
1573741889 4.863021835
1573742007 4.504639744
1573743640 4.449443443
1573744722 4.167618113
1573744973 4.48580996
1573745350 4.579534235
1573745653 4.61328303
1573745749 4.94742262
1573745853 4.398328413
1573745950 4.516242689
1573746346 4.695054266
1573746639 5.000005158
1573748960 4.514973308
1573749056 4.629802155
1573749701 4.55580874
1573749800 4.476049432
1573828529 4.378126315
1573829140 4.708258743
1573831233 4.539057193
1573902867 4.600764175
1573903179 4.821575846
1573903803 4.268103438
1573904113 4.767804816
1573904604 6.039019437
1574688509 4.55989041
1574692520 4.765615545
1574694510 5.242844758
1574707347 4.524295996
1574708314 4.21240351
1574709181 4.457059896
1574952350 4.400489675
1574957770 4.384161211
1575028688 4.480212358
1575030587 4.486416582
1575035730 4.935106608
1575122906 4.238093808
1575298033 4.488475817
1575302324 3.683204287
1575387100 4.435796458
1575394780 4.438325136
1575395908 6.272029845
1575397219 11.96555079
1575397501 19.751738424
1575398310 14.428697659
1575398539 11.882109096
1575473807 5.471644239
1575474311 6.07553722
1575562054 4.672938577
1579184467 18.395957201
1579188375 3.958905663
1579190631 6.316754969
1579196560 4.634280204
1579355263 4.600688039
1579526003 4.482454489
1579526326 4.936750467
1580218405 4.759751531
1580222490 6.133740147
1580222803 5.620584146
1580223451 4.591945385
1580227492 4.56776782
1580229201 4.732086094
1580312630 4.695192764
1580314724 4.728801325
1581937098 4.991873056
1581937411 4.639855337
1581939692 6.002221271
1581942767 5.230866457
1581944344 5.196791863
1581949422 5.037840935
1582027674 4.015709547
1582030512 5.048384522
1582030819 5.038365681
1582033348 4.708570926
1582035123 5.336121751
1582035996 5.282773969
1582036599 5.147292052
1582038401 5.164973642
1582038989 4.976603741
1582041905 4.831808944
1582042656 4.872056075
1582044104 4.660104847
1582045010 5.052471391
1582045607 4.938229235
1582045920 4.907505033
1582046215 4.831185012
1582120565 5.283388119
1582120790 4.496315618
1582186440 6.204066317
1582189530 4.348985589
1582636253 4.628022109
1582637131 3.877603165
1582641663 4.764128792
1582887527 4.403490011
1582888106 4.750729443
1582902577 4.382336925
