1569850040 8.449919025
1569850040 8.449919025
1569851058 8.472578065
1569851826 8.20132779
1570544653 8.311563695
1570544912 8.199951301
1571395946 7.872597779
1571396339 8.637326477
1571396539 8.148007819
1571396738 8.386237597
1571397567 8.495967696
1571397764 8.134612971
1571405408 7.661297941
1571405637 13.30368745
1571405840 9.001693079
1571409462 8.5441882
1571409679 8.467854108
1571409877 8.377932421
1571665189 8.321803381
1571668207 8.251893563
1571669006 8.05358751
1571753266 7.928689178
1571753463 8.135812929
1571761013 8.322756441
1571761221 8.126065887
1571761811 8.251175322
1571762019 7.960167427
