1570449373 42.173831388
1571323359 42.006233828
1571323752 42.021197999
1571324154 42.163543392
1571324553 41.850110464
1571328265 42.180428749
1571329438 41.960075841
1571397987 42.170601008
1571398382 42.120682334
1571399557 42.106256598
1571399954 42.182059377
1571400775 42.031026213
1571401167 41.981701561
1571401559 42.048004722
1571406941 41.986508972
1571407330 42.091456536
1571407723 42.404428732
1571408505 42.04171236
1571665998 42.010097502
1571666386 41.96963455
1571666779 42.02792911
1571667171 42.138418323
1571669659 42.564629222
1571755365 42.09701709
1571756597 41.922235203
1571757456 42.261565338
1571763039 42.142022897
1571763821 42.143915322
1571765028 42.208263507
1571767168 42.362484728
