1569854774 2.906846641
1569856382 2.478838841
1571330434 2.836963691
1571766791 3.153189052
1571767575 2.779654936
1572537649 2.256994178
1572538302 2.173875197
1572538962 2.307557963
1572539615 2.307618833
1572540263 2.337930571
1572541167 2.300001834
1572541821 2.076502154
1572542470 2.235239695
1572543116 2.220847169
1572543788 2.316203546
1572871535 2.232078962
1572872187 2.181604104
1572872868 2.352915611
1572873516 2.211210352
1572874174 2.301286317
1572875239 2.256745952
1572876093 2.444624149
1572877319 2.131068995
1572877974 2.266952358
1572879213 2.306950179
1572967604 2.208645708
1572968262 2.216553994
1572969561 2.301008196
1572970223 2.129693946
1572970873 2.131713076
1572971535 2.425456604
1572972196 2.18692099
1572972845 2.123532173
1572973562 2.429513976
1572974211 2.081807255
1572974868 2.139431369
1573209145 2.173395765
1573209816 2.227563081
1573210476 2.189840242
1573211144 2.348801679
1573211804 2.290457669
1573212451 2.129317003
1573213104 2.212263103
1573213754 2.304943328
1573214427 2.192958866
1573215084 2.303939503
1573310592 1.96841282
1573311211 2.287691225
1573311822 2.264080898
1573312528 1.912792352
1573313145 2.224405356
1573313769 2.114649196
1573314397 2.031136256
1573315011 2.224950412
1574696618 1.977983913
1574697198 1.967341132
1574697790 1.977272305
1574698362 2.053275556
1574698949 2.010999853
1574709762 1.924389822
1574711020 1.942367968
1574956369 1.954395791
1574957032 2.028991958
1574957633 2.062619871
1574958216 1.994943714
1574958809 1.999252005
1574959419 1.794106907
1574959998 2.004020098
1574960574 2.016140081
1574961185 1.883465301
1574961821 2.004290072
1575033298 1.964463598
1575033866 1.987406011
1575034455 2.002919605
1575035031 2.051925859
1575035592 2.05570264
1575036630 2.051474693
1575037192 1.959053714
1575037751 1.989364589
1575038754 1.956302187
1575039325 2.022113963
1575120585 2.130788793
1575121150 2.010842508
1575122144 2.099722582
1575122771 2.015502081
1575123328 2.008805334
1575123887 1.959067695
1575124443 1.917018419
1575125009 1.963626095
1575125573 1.959966426
1575126140 1.937600225
1575297892 1.994763804
1575298465 1.788701855
1575299034 1.872347485
1575299614 1.963965934
1575300185 2.056586478
1575300803 1.873722217
1575301576 1.834902931
1575302184 1.800577124
1575390372 1.963585587
1575390942 2.051126694
1575391505 1.991598121
1575392070 1.829971654
1575392881 1.926859878
1575393517 1.954712145
1575394076 2.185578289
1575394643 1.940985605
1575395206 1.877276469
1575395769 1.91164461
1575562616 1.985862432
1575563301 1.92787749
1575563951 0.859838269
1575564547 1.872292167
1575565129 1.910698629
1575565694 1.876435411
1575566268 1.878808121
1575566868 2.007884358
1575568195 1.893937541
1575568779 1.841970205
1579191224 1.944620018
1579191837 2.053473015
1579192404 2.005196883
1579192988 1.86509148
1579193574 1.9601331
1579194139 2.090805437
1579194706 2.003164417
1579195273 2.05290879
1579195862 2.018487324
1579196424 1.96181177
1579359630 1.928741666
1579360207 2.223764608
1579360767 2.015689367
1579361323 2.002190767
1579361878 2.048564182
1579362433 1.962127906
1579362990 2.046761858
1579363556 1.951467449
1579364122 1.971091633
1579364682 2.141591412
1574711020 1.942367968
