1569853930 4.564501312
1569855506 4.60326581
1569856528 5.157584125
1570447352 4.573144049
1570448182 4.254130078
1570449110 4.65920294
1570449565 4.548715926
1571323552 4.473862838
1571323957 2.733945666
1571324352 5.173337127
1571324745 4.414192749
1571327675 4.534532432
1571328066 4.472750609
1571328457 4.46308911
1571328848 4.478976365
1571329240 4.383475621
1571329629 4.438606769
1571330607 4.215908849
1571398179 4.467691372
1571398575 4.435504808
1571398967 4.417893055
1571399359 4.480228384
1571399751 4.265341104
1571400147 4.291576551
1571400569 4.230909054
1571400966 4.399528364
1571401361 4.440273007
1571401750 4.911618618
1571407131 4.477187218
1571407524 4.302079734
1571407914 4.4764741
1571408304 4.898186048
1571408696 4.404869332
1571666188 4.499491017
1571666580 4.455785388
1571666972 4.456257787
1571667363 4.557382909
1571667808 4.542697046
1571669459 4.71537032
1571669852 4.315308485
1571754369 4.382956331
1571754761 4.386386423
1571755161 4.31263046
1571755563 4.484168543
1571756793 4.443670641
1571757230 4.658720014
1571757648 4.567158254
1571758045 4.359172213
1571758436 4.476143153
1571758830 4.491189876
1571762440 4.635013694
1571762839 4.331281803
1571763229 4.732763436
1571763620 4.661450401
1571764013 4.65556749
1571764439 4.51683678
1571764830 4.586429368
1571765219 4.296767893
1571765610 4.408209878
1571766000 4.479360753
1571766969 4.182504399
1572006702 4.216708399
1572007328 4.474936129
1572007723 4.426023831
1572008231 4.358478581
1572008634 4.265661196
1572009028 4.431943557
1572009418 4.544008068
1572009808 4.448523878
1572010199 4.575787454
1572010596 4.464092844
1572010986 4.311764204
1572013549 4.489835144
1572013942 4.510248573
1572014334 4.615375668
1572014723 4.399738112
1572015113 4.334796064
1572268257 4.360525687
1572269173 2.246484333
1572269585 4.600402654
1572270000 4.713241665
1572270406 4.561433728
1572270801 4.42577947
1572271307 4.459651877
1572272507 3.672904989
1572272841 5.448162517
1572273173 5.245220882
1572273521 3.647330565
1572273857 3.669286924
1572276278 3.718292403
1572276615 3.763667458
1572276948 3.794919482
1572277279 3.696029632
1572277614 3.655986249
1572277972 3.712456174
1572278304 3.749209377
1572278636 3.604403242
1572363695 3.71009661
1572364024 3.666187577
1572364356 3.749379961
1572364688 3.594018834
1572365023 3.526866208
1572365360 3.670766934
1572365738 3.804037304
1572366119 3.735730219
1572366451 4.497415139
1572366785 3.744099275
1572369813 3.798012207
1572370143 3.655199643
1572370474 3.659315646
1572370805 3.799200536
1572371135 3.497398135
1572371466 3.56583184
1572371796 3.708560094
1572372127 3.65815565
1572372456 3.744886536
1572372789 3.704852454
1572533800 3.727969111
1572534155 3.928333703
1572534502 3.827123959
1572534832 3.589067046
1572535181 3.907898978
1572535513 3.675040586
1572535842 3.755697435
1572536178 3.792475901
1572536541 3.712665459
1572536878 3.710542264
1572537800 3.38660634
1572538453 3.591871954
1572539109 3.503708632
1572539761 3.467264548
1572540410 3.580678241
1572541321 3.547088953
1572541970 3.588102122
1572542618 3.408089642
1572543263 3.445169874
1572543936 3.543142212
1572871686 3.557608064
1572872334 3.59586265
1572873015 3.608261443
1572873666 3.371568629
1572874321 3.586764218
1572875387 3.83188285
1572876253 3.682552415
1572877467 3.576283574
1572878123 3.539904267
1572879365 3.571103139
1572879991 9.292883784
1572880425 3.743058434
1572880760 3.666843914
1572881110 3.709475956
1572881442 3.69924543
1572881776 3.80410946
1572882106 3.929069721
1572882492 3.62184488
1572882828 4.093572957
1572883179 3.71940051
1572883522 3.756629229
1572967752 3.469108723
1572968735 3.786749216
1572969709 3.753655035
1572970369 3.535227483
1572971020 3.646403304
1572971683 3.555896516
1572972344 3.461078153
1572973056 3.554675241
1572973709 3.648652692
1572974360 3.360633493
1572975016 3.627750321
1572975414 3.619043028
1572975745 3.667273621
1572976116 3.619488293
1572976495 3.793591141
1572976826 3.554583693
1572977157 3.586645996
1572977520 3.589685557
1572977848 3.835402979
1572978238 3.926702074
1573209296 3.480767431
1573209963 3.620675255
1573210626 4.188476891
1573211295 3.664687624
1573211951 3.40722828
1573212600 3.518143733
1573213253 3.445573015
1573213918 4.047291716
1573214577 3.652851953
1573215238 3.53225445
1573218442 3.7147539
1573218775 3.667961248
1573218953 3.868699046
1573306678 3.518695587
1573307001 3.532155379
1573307337 3.505841302
1573307654 3.197296742
1573307973 3.223296329
1573308290 3.326731166
1573308621 3.326848643
1573308941 3.303249505
1573309263 3.183734491
1573309591 3.500438613
1573310738 3.327242909
1573311353 3.583225542
1573311971 3.35927314
1573312670 3.207941944
1573313289 3.299642618
1573313912 3.208749322
1573314540 3.280850409
1573315152 67.929382796
1573741871 3.036503813
1573741989 3.293215929
1573743622 3.461045431
1573743723 3.421128619
1573743821 2.945191762
1573743922 1.523545635
1573744019 3.303760356
1573744115 3.068534002
1573744213 2.936901219
1573744311 3.367033822
1573744402 3.444314087
1573744498 3.294008782
1573744605 2.901858305
1573744704 3.076507015
1573744817 3.312821605
1573744915 3.351330103
1573745053 2.917676701
1573745236 3.298804034
1573745333 3.365395387
1573745435 2.991931366
1573745532 2.813869435
1573745633 3.048127979
1573745732 2.99402759
1573745835 2.869519241
1573745932 2.912765197
1573746029 2.962756414
1573746129 3.485801712
1573746228 3.338287846
1573746328 3.433133426
1573746429 2.897682683
1573746526 3.075643413
1573746621 3.334261236
1573748942 2.974974476
1573749039 2.957108531
1573749140 3.324348376
1573749251 2.99184531
1573749349 3.345059585
1573749484 3.282652102
1573749583 3.057738595
1573749683 2.968129813
1573749782 3.304109523
1573749878 3.367939749
1573828204 1.959330671
1573828511 3.297787761
1573828817 3.434489302
1573829122 3.458664209
1573829426 3.279373301
1573829807 3.633173086
1573830295 3.367217467
1573830604 3.425530679
1573830910 3.322408923
1573831215 3.260052377
1573902850 3.142702485
1573903161 3.472056068
1573903476 3.616682879
1573903785 3.293434532
1573904095 3.305518757
1573904402 3.229861598
1573904570 10.388903925
1574688490 4.396155939
1574689311 2.97823294
1574692185 3.325478808
1574692498 3.460906756
1574693415 3.278812509
1574693733 3.378716784
1574694063 3.664839138
1574694490 3.60978669
1574694809 3.379354495
1574695363 3.260423825
1574695706 3.412705525
1574696014 3.333760979
1574696738 3.291597569
1574697316 3.334199194
1574697910 3.372804305
1574698479 3.647449258
1574699067 3.403356115
1574706696 2.951902453
1574707329 3.091954083
1574708295 3.49820787
1574708593 3.401061248
1574708951 3.522653157
1574709163 3.184392661
1574709904 3.45887216
1574710507 3.339474761
1574711160 3.494053947
1574950960 3.370130413
1574951335 3.27831872
1574951690 3.480826411
1574952017 3.422572382
1574952331 3.446872757
1574952728 11.235666861
1574953057 3.282020965
1574953426 3.404656012
1574953752 3.418962106
1574954078 3.397607726
1574956488 3.257285232
1574957158 3.447591674
1574957752 3.374790295
1574958335 3.626419906
1574958929 3.457388812
1574959538 3.239985932
1574960116 3.353836695
1574960702 3.213272908
1574961369 3.419034136
1574961938 3.328830281
1575028361 3.339859428
1575028670 3.422499228
1575029006 3.665277273
1575029322 3.504191365
1575029629 3.421175011
1575029942 3.37474811
1575030253 3.930030903
1575030901 3.225686477
1575031212 3.473876957
1575033418 3.366201943
1575033985 3.340783427
1575034576 3.538081218
1575035148 3.536477688
1575035712 3.277679727
1575036748 3.405558085
1575037309 3.196519618
1575037867 3.36726414
1575038877 3.331580598
1575039444 3.087875006
1575114642 3.400715647
1575114951 3.488589762
1575115261 3.717826536
1575115570 3.421777186
1575115885 3.386916306
1575116506 3.242676548
1575116815 3.327520387
1575117124 3.23697388
1575117432 3.264047277
1575120708 3.364076198
1575121267 3.66936734
1575122269 3.235445416
1575122887 3.255191358
1575123445 3.588595919
1575124004 3.533874119
1575124559 3.321517851
1575125126 3.159380045
1575125693 3.279072603
1575126258 3.197136687
1575293163 4.973582644
1575293497 3.43985074
1575293837 3.485215776
1575294174 3.983135733
1575294517 3.496857122
1575294865 2.939911785
1575295267 3.443864593
1575295635 3.391714253
1575296847 3.290537605
1575297182 3.569072966
1575298013 5.684278757
1575298583 6.101176941
1575299156 6.405278895
1575299733 7.073777499
1575300345 3.331748372
1575300919 3.395779828
1575301716 3.3855688
1575302302 5.513375714
1575386054 3.341634191
1575386367 3.399267862
1575386678 3.591408122
1575387082 3.363192526
1575387390 3.466339471
1575387701 3.293717186
1575388317 3.391062028
1575388625 3.496098397
1575388930 3.699685157
1575390491 3.407457425
1575391062 3.421623033
1575391624 3.028960171
1575392436 3.356580681
1575393051 3.493616428
1575393635 3.35657911
1575394199 3.356016336
1575394763 1.632953232
1575395325 3.246785818
1575395890 3.442217334
1575397161 8.407432474
1575397439 10.365840248
1575397657 84.919787952
1575473788 3.702918007
1575474576 3.525389969
1575558815 3.463850126
1575559125 3.141466497
1575559452 3.35551061
1575559772 3.336300494
1575560140 3.379667848
1575560473 3.751190932
1575560807 3.364652739
1575561338 3.456179318
1575561680 3.659481999
1575562035 3.813719079
1575562810 3.231029808
1575563420 3.534406378
1575564088 3.37123076
1575564667 3.532364979
1575565246 3.282085095
1575565813 3.309934394
1575566385 3.369168042
1575566992 3.284681864
1575568314 3.301597882
1575568896 3.224924408
1579186560 3.32504334
1579186909 3.231860535
1579187919 3.325957042
1579188251 3.391012331
1579188704 137.539022418
1579189232 4.278890155
1579189570 3.454040538
1579189894 3.466511484
1579190233 3.307697391
1579190606 5.064593103
1579191344 3.413844262
1579191958 3.422100499
1579192522 3.255687718
1579193105 3.534715359
1579193692 3.176264422
1579194257 3.386228543
1579194826 3.317155574
1579195391 3.320206416
1579195981 3.433332435
1579196542 3.334366552
1579354317 3.440431523
1579354628 3.676998655
1579354939 3.494982427
1579355245 2.834881574
1579355556 3.312712288
1579355865 3.413458176
1579356170 3.354033505
1579356477 3.505692887
1579356782 3.292003205
1579357260 3.330950677
1579359747 3.514223442
1579360326 3.352938864
1579360884 3.422990865
1579361439 3.453709149
1579361994 3.380718794
1579362550 3.240036803
1579363109 3.680321596
1579363677 3.507432355
1579364240 3.24019666
1579364799 3.377265431
1579524931 3.297172439
1579525273 3.409274624
1579525659 3.28786176
1579525984 3.421092893
1579526308 3.143976434
1579528615 3.458694911
1579529038 3.447038752
1579529415 3.40391444
1579529754 3.303897587
1579530065 3.457010618
1579530793 3.36379532
1579531383 3.248518041
1579532422 3.34060802
1579533113 3.371220463
1579533773 3.389941831
1579534417 3.413694321
1579535090 3.499132665
1579535678 3.16031692
1579536757 3.47794564
1579537325 3.489547723
1580218059 3.456598084
1580218387 3.5004769
1580218721 3.492385198
1580219071 3.555499368
1580219433 3.334713748
1580219759 1.749654703
1580222472 3.356451657
1580222785 3.585647147
1580223096 3.369989938
1580223435 1.583159897
1580224050 3.284815805
1580224608 3.373751719
1580225165 3.327104213
1580225730 3.334661815
1580226309 3.439224963
1580226877 3.498016293
1580227441 3.366862208
1580228060 3.27979501
1580228620 3.462107362
1580229182 3.397048675
1580306689 3.552332367
1580307002 3.940237692
1580307393 4.147988391
1580307874 3.675058398
1580308184 3.259689392
1580308501 3.404811285
1580310703 3.464008808
1580311016 3.758547106
1580311324 4.008791242
1580311635 3.946222016
1580312010 4.001662263
1580312607 3.882528596
1580314066 3.260192824
1580314706 3.333653542
1580315262 3.375844223
1580315826 3.703561488
1580316389 11.505691378
1580317096 3.537485822
1580317684 3.556904856
1581937080 3.245175625
1581937393 3.322997604
1581937735 3.26722006
1581938059 3.372844781
1581938378 3.342078234
1581938702 5.256042211
1581939003 5.505106978
1581939348 3.144267541
1581939675 3.39827834
1581939973 3.450163337
1581942749 3.117320961
1581944327 3.383374467
1581945272 3.524730589
1581946223 3.079800172
1581946792 3.414658925
1581947688 3.464914272
1581948278 3.251735574
1581949402 3.195387303
1582030491 3.515542328
1582030799 3.497655351
1582031445 3.208455039
1582031743 3.212369327
1582032115 3.137691265
1582032433 3.547386598
1582032737 3.407454083
1582033036 3.252498085
1582033330 3.471911006
1582033688 3.6846044
1582035104 3.447565612
1582035976 3.478523683
1582036581 3.441385162
1582037190 3.446855938
1582037787 3.672585172
1582038382 3.537098682
1582038970 3.250140965
1582041886 3.320597884
1582042636 3.622660166
1582044084 3.440318571
1582044676 3.46322776
1582044991 3.298037282
1582045293 3.153001379
1582045589 3.167588905
1582045902 3.459226355
1582046197 3.433264473
1582120546 3.487031108
1582120767 3.161822331
1582186415 4.203652713
1582189508 4.001024001
1582190985 3.31312283
1582191277 3.304995679
1582191572 3.361126967
1582191868 3.524723153
1582192156 3.459640535
1582192456 2.99564245
1582192745 3.359839587
1582193033 3.353462574
1582193327 3.5796935
1582635095 3.521788343
1582635380 3.436100928
1582635663 3.567476656
1582635948 3.638097228
1582636234 3.313573881
1582636521 3.424958665
1582636814 3.415047972
1582637111 3.15826699
1582637407 3.328427354
1582637702 3.373987092
1582638270 3.343115439
1582638831 3.261427349
1582640498 3.419622712
1582641085 3.244253949
1582641645 3.238157921
1582642218 3.588684282
1582642784 3.298019545
1582643359 3.381556453
1582643955 3.37188944
1582644624 3.354344687
1582886346 2.967184222
1582886640 3.077055509
1582886934 3.442057008
1582887222 3.4053387
1582887509 3.128952252
1582887802 3.542889455
1582888088 3.349994809
1582888375 3.250173102
1582888663 3.484044063
1582889023 3.333549797
1582899126 3.312826205
1582899691 3.49993577
1582900255 3.264078101
1582900814 3.437536533
1582902559 3.434758899
1582903119 3.377897379
1582903724 3.447531181
1574711160 3.494053947
1574708951 3.522653157
