1569854945 260.307611197
1570447342 713.138940556
1570449096 157.539615177
1570449551 165.162964639
1571323538 126.065133614
1571323941 124.860312672
1571324339 126.778118231
1571324732 340.365096777
1571327661 125.305745939
1571328052 125.091876084
1571329226 125.143651124
1571329615 328.399200895
1571398165 127.596572135
1571398954 124.902608194
1571400133 126.158759017
1571401347 125.243511483
1571401737 3192.538777364
1571407117 125.339421592
1571407900 124.311053718
1571408290 127.732035972
1571408683 264.636359843
1571666175 124.95888337
1571666566 124.796871984
1571667794 332.950750767
1571669445 127.891624473
1571754747 126.948995883
1571755550 291.348830281
1571756779 142.440813198
1571757216 154.75618835
1571757634 125.557301424
1571758423 126.473999855
1571762427 136.706946704
1571762825 127.60594037
1571763216 125.031265583
1571763607 125.807598454
1571764000 140.45213094
1571764816 125.946372582
1571765206 124.261688573
1572006693 352.710792827
1572009015 125.863099311
1572009405 125.06917807
1572009795 126.253156423
1572010185 132.020714566
1572010582 126.237228299
1572010973 245.966136521
1572013536 126.651008619
1572013929 126.129610485
1572014321 124.899000645
1572014709 126.723500592
1572268246 641.043780193
1572269156 146.313315536
1572269572 147.370707669
1572269987 137.406257443
1572270393 128.169341537
1572270787 126.987381109
1572271297 972.272715245
1572272827 108.158099662
1572273160 109.956890335
1572276264 109.801729098
1572277266 104.552816316
1572277601 116.306648647
1572278292 106.779289565
1572363682 105.285157373
1572364343 104.329988594
1572365726 146.401337839
1572366103 112.362692182
1572366772 126.169723489
1572370130 106.396800591
1572370462 107.538250809
1572371122 107.484415141
1572371454 106.281453358
1572371784 107.278749816
1572372114 105.049949407
1572533788 104.788019315
1572534489 104.529678011
1572534818 107.968503092
1572535829 110.921373384
1572536165 134.678848536
1572536528 108.826557673
1572537779 4.606257806
1572539094 4.570513646
1572541953 4.446809808
1572543248 4.338903382
