1569849974 10.155462168
1569850178 10.174288119
1569849974 10.155462168
1569850178 10.174288119
1569850708 10.811098061
1569850992 9.851772145
1569851198 10.055066719
1569851547 10.518671873
1569851754 10.451733774
1569851984 10.02714613
1569852213 10.31043121
1569852451 10.242961848
1569853059 10.54250485
1569853370 10.544786925
1570543099 10.849234146
1570543660 9.300110654
1570544589 8.80660081
1570544803 21.118266001
1570545049 8.496635373
1570545266 9.162868982
1571325091 8.900774179
1571325890 8.315844501
1571326090 9.116290776
1571326781 8.780590726
1571326993 12.853586338
1574707079 6.154382848
