1569849920 6.673160144
1569850122 8.312125766
1569849920 6.673160144
1569850122 8.312125766
1569850934 6.880919615
1569851141 8.400395422
1569851487 9.440428444
1569851698 8.313038999
1569851927 8.37743625
1569852156 8.421051003
1569852394 8.30495276
1569852611 8.651543904
1569853002 8.478866035
1569853314 8.217967168
1569853552 10.604549812
1569854194 8.352325858
1569855153 8.448860544
1569855600 8.701779327
1570446926 7.939892353
1570448018 8.095730552
1570448745 8.163447321
1570449214 8.143348429
1570449641 8.46453718
1570543040 8.036103058
1570543400 8.020055164
1570543603 8.054353186
1570544533 8.003892535
1570544735 6.39396113
1570544994 8.159322133
1570545199 8.523219841
1571322912 8.090732137
1571323234 8.227092796
1571323627 8.077223798
1571324029 7.949532424
1571324431 6.421708733
1571325035 8.116436017
1571325232 8.166137847
1571325431 8.107811742
1571325635 8.192098386
1571325836 6.205329798
1571326034 8.260565906
1571326725 8.099510381
1571326938 8.142026907
1571327145 8.133095644
1571327359 8.032931245
1571327750 7.911510426
1571328141 8.00925518
1571328531 7.937289827
1571328922 8.088669083
1571329314 8.132261116
1571329907 8.217391234
1571395827 8.191799158
1571396023 8.227196119
1571396220 8.060110742
1571396419 8.161816525
1571396617 8.121502345
1571396816 8.143952039
1571397045 8.141945533
1571397249 8.121187856
1571397448 8.021856894
1571397645 8.143790249
1571397863 8.118574369
1571398256 8.043452162
1571398651 8.145127096
1571399041 7.918676815
1571399433 8.130593968
1571399829 8.190526969
1571400222 8.085101584
1571400645 7.999685849
1571401043 8.011732102
1571401435 8.198806605
1571404892 8.01876722
1571405092 8.236797537
1571405288 8.128040654
1571405489 8.046906134
1571405721 8.349419558
1571406816 7.989967246
1571407205 8.170392571
1571407599 8.180696381
1571407988 8.025797348
1571408380 8.31131512
1571408910 8.063141919
1571409142 8.078558442
1571409343 8.01907915
1571409541 8.109064256
1571409757 8.343776188
1571664325 8.069515341
1571664868 8.087281635
1571665072 8.088463332
1571665283 8.143694473
1571665477 8.063301682
1571665672 8.109387693
1571665872 8.026423974
1571666263 8.174740969
1571666654 8.112906527
1571667048 8.222968369
1571667484 8.087103797
1571668090 8.261321991
1571668289 8.167256158
1571668483 11.189028919
1571668687 8.141183028
1571668883 8.319951757
1571669136 8.008284724
1571669536 8.201579916
1571751960 8.126159568
1571752156 8.109389096
1571752354 8.385803807
1571752559 8.126565395
1571752754 8.113462271
1571752950 8.261216803
1571753148 7.943426356
1571753345 8.0125171
1571753543 8.294426147
1571753739 8.178938311
1571754047 8.137608715
1571754444 8.011970705
1571754837 8.045424228
1571755240 8.050622167
1571755804 8.119290087
1571756473 8.20498804
1571756884 8.180145962
1571757333 8.291602044
1571757722 8.130299431
1571758122 8.213163513
1571758512 8.11357197
1571760096 8.17897041
1571760293 8.175978727
1571760494 8.060654517
1571760692 8.16890643
1571760891 8.223919707
1571761103 8.147572172
1571761303 8.196027531
1571761497 8.183673042
1571761693 8.164018884
1571761893 8.366126047
1571762127 8.311464636
1571762916 8.136970941
1571763304 8.082793371
1571763695 8.061323183
1571764100 8.519704025
1571764513 8.19612923
1571764905 8.203674735
1571765293 8.23237185
1571765685 8.1736361
1571766262 8.236738371
1571767044 8.049038244
1571922193 8.142790558
1572003204 8.161020581
1572003398 8.166870968
1572003596 8.177238584
1572003794 8.065261724
1572003992 6.232702421
1572004185 8.252111895
1572004380 8.147106577
1572004579 8.110353383
1572004781 8.24813359
1572004980 8.205122687
1572006271 8.174812759
1572007008 8.159334547
1572007402 8.248928697
1572007896 7.996881145
1572008306 8.252027273
1572008709 7.92858544
1572009103 8.058337841
1572009493 8.186766306
1572009884 7.904622461
1572010279 8.194408433
1572010670 8.211868794
1572011182 8.043284682
1572011378 8.180484316
1572011572 8.058811148
1572011771 8.079646853
1572011968 7.898450405
1572012165 8.132832143
1572012360 7.950738199
1572012554 8.040864152
1572012749 8.106793468
1572012942 8.020908656
1572013232 8.160061964
1572013625 8.142253007
1572014018 8.100306468
1572014409 8.107486246
1572014798 8.116045586
1572265001 8.174896164
1572265199 8.274659395
1572265396 8.197305323
1572265595 8.03531053
1572265792 8.065725793
1572266003 8.141297947
1572266196 8.205674206
1572266397 8.181223494
1572266599 8.222921469
1572268079 8.16949844
1572268850 8.239118203
1572269263 8.227879875
1572269670 7.954083141
1572270087 8.137060321
1572270483 8.333589302
1572270877 8.206477709
1572272239 6.3962434
1572272570 6.525499999
1572272905 6.563452313
1572273238 6.456315264
1572273584 6.556779522
1572274076 6.417770501
1572274244 6.541748076
1572274420 6.540072263
1572274586 6.589287861
1572274758 6.56928155
1572274928 6.577115167
1572275097 6.502491539
1572275275 6.445141859
1572275444 6.633207152
1572275619 6.491955215
1572276006 6.519715571
1572276342 6.662902125
1572276680 6.445527922
1572277010 6.544016045
1572277341 6.567263667
1572277683 10.318350836
1572278035 6.530659983
1572278368 6.536265104
1572361215 7.991889996
1572361412 8.284009523
1572361608 8.094661545
1572361803 8.341320537
1572362000 7.972024177
1572362196 8.094188824
1572362391 8.206778566
1572362587 7.99394895
1572362786 8.028652957
1572362982 8.164828922
1572363428 6.475817409
1572363757 6.661278236
1572364087 6.607316736
1572364417 6.299067469
1572364750 6.611737849
1572365092 6.744480722
1572365470 6.549834937
1572365842 6.537341731
1572366181 6.278495924
1572366516 6.532597826
1572366868 6.840543499
1572367036 6.435764304
1572367205 6.52368989
1572367374 6.557314725
1572367548 14.796342941
1572367728 6.618185199
1572367904 6.560255474
1572368071 6.540962947
1572368238 6.479853895
1572368404 6.522777989
1572369546 6.399338579
1572369876 6.559345483
1572370207 6.566004851
1572370539 6.552902433
1572370868 6.42846086
1572371197 6.574237624
1572371530 6.523061305
1572371859 6.578709289
1572372189 6.428266508
1572372518 6.499985212
1572532332 7.912758355
1572532534 8.233407535
1572532739 8.108206379
1572533524 6.547254628
1572533864 5.127781674
1572534216 6.511883463
1572534563 6.629861056
1572534895 6.423930704
1572535244 6.523833049
1572535574 6.56084675
1572535910 6.726450748
1572536241 6.445441715
1572536605 8.694217905
1572537208 6.546613735
1572537862 6.570101758
1572538514 6.676665118
1572539171 6.616774247
1572539824 6.540600425
1572540730 6.486744662
1572541383 6.385024199
1572542033 6.284473595
1572542679 6.592611292
1572543325 6.603291663
1572544456 6.497218858
1572544623 6.495166111
1572544794 6.415954147
1572544968 6.451258985
1572545142 6.445057937
1572869967 6.580996283
1572870135 6.58056243
1572870358 5.085325702
1572870542 6.532754184
1572870758 6.607922404
1572871097 6.611253153
1572871748 6.651834148
1572872396 6.425280974
1572873078 6.554371564
1572873727 6.343927782
1572874790 6.469803135
1572875640 7.244999673
1572876875 6.420131946
1572877529 6.402658965
1572878741 6.52179456
1572879869 6.573171125
1572880151 6.510378743
1572880487 6.630456695
1572880826 6.491281024
1572881171 6.674289339
1572881506 6.661796017
1572881838 6.547696596
1572882169 6.489732333
1572882559 6.607705351
1572882908 6.580252446
1572883249 6.535904098
1572965349 6.618972586
1572965517 6.581272954
1572965684 6.607475543
1572965853 6.455722555
1572966025 6.646742218
1572966190 6.42475602
1572966362 6.559967078
1572966546 6.773011121
1572966719 6.422449429
1572966890 6.504883552
1572967115 51.94768787
1572967816 6.607372912
1572969120 6.504469407
1572969774 6.556057976
1572970433 6.660764011
1572971085 6.505663879
1572971747 6.252105255
1572972407 6.551890085
1572973119 6.670383791
1572973774 4.910706817
1572974422 6.611249899
1572975152 6.528875151
1572975478 6.536029699
1572975819 14.936122621
1572976223 4.991990458
1572976560 6.463002135
1572976889 6.475211866
1572977219 6.688965173
1572977583 6.613020858
1572977930 6.385379962
1573206996 6.412090106
1573207165 6.495379559
1573207334 6.518528147
1573207501 5.176815112
1573207670 6.503792416
1573207838 6.513175321
1573208004 6.41091659
1573208169 6.567231352
1573208336 6.609358494
1573208503 6.544110017
1573208708 6.51253582
1573209359 6.581510458
1573210025 6.387210559
1573210691 6.561783476
1573211357 6.423621935
1573212012 6.679022495
1573212662 6.349311716
1573213315 6.526667901
1573213983 6.62491017
1573214642 4.989965511
1573218175 6.531565072
1573218504 6.707610785
1573218895 6.580809536
1573220238 6.578600289
1573220406 6.615673034
1573220573 6.622443173
1573220742 6.560740646
1573220910 6.523651003
1573221078 6.575035181
1573221242 6.510755728
1573221410 6.567393084
1573221577 6.432234686
1573221747 6.546638224
1573221936 6.628311842
1573222107 6.606359756
1573222273 6.803752997
1573222438 6.398791537
1573222607 6.391025355
1573301087 6.578046268
1573301258 4.980445096
1573301426 6.309652031
1573301607 6.598912672
1573301791 6.452794202
1573301963 6.451570479
1573302138 6.559136003
1573302313 6.475956647
1573302481 6.467746766
1573302648 6.482195694
1573303797 6.110894071
1573303965 6.093507226
1573304129 6.066937515
1573304292 6.040514166
1573304453 6.311856256
1573304621 6.257598626
1573304780 6.356039983
1573304939 6.364377879
1573305103 6.064587996
1573305263 6.075473073
1573306400 6.055623124
1573306736 7.25880952
1573307060 6.439192422
1573307396 5.975547724
1573307713 6.197524693
1573308035 4.783131296
1573308348 5.883334423
1573308679 7.036662035
1573309000 6.021510516
1573309330 6.07468957
1573310171 6.063394598
1573310796 6.395121479
1573311412 5.872877867
1573312029 5.849494387
1573312728 6.099551887
1573313349 6.242005033
1573313970 6.089577963
1573314599 6.444654896
1573741830 8.651890864
1573741950 6.06943824
1573743582 5.964380231
1573743680 8.942472278
1573743782 6.040630496
1573743880 5.914454295
1573743980 6.155366537
1573744077 5.967636909
1573744174 6.071050951
1573744272 5.817779257
1573744368 5.865672734
1573744459 6.10799463
1573744571 5.61253637
1573744664 6.027704991
1573744762 21.757055011
1573744876 5.933848257
1573745013 5.938359506
1573745110 6.082208115
1573745294 6.043414941
1573745391 6.021457482
1573745494 5.776820042
1573745594 6.031834842
1573745692 6.001219318
1573745795 5.949638671
1573745894 5.988282046
1573745989 6.068642859
1573746090 6.051399918
1573746188 5.762671243
1573746289 5.919912465
1573746390 6.148658684
1573746488 5.941588527
1573746583 6.016388817
1573748903 5.884252564
1573749000 5.896545779
1573749101 5.931068765
1573749213 5.883526721
1573749306 6.194344682
1573749439 6.072613166
1573749544 6.440885957
1573749645 4.570399882
1573749742 6.178004528
1573749840 4.969980331
1573752435 6.093672965
1573752693 5.975351817
1573752853 5.9972355
1573753010 5.932528504
1573753168 5.979866218
1573753322 5.952311466
1573753482 5.995077689
1573753635 5.864081626
1573753797 5.962087352
1573754617 5.855297997
1573754776 5.910207769
1573755106 6.045397122
1573755264 6.072773687
1573755424 5.894132577
1573755580 5.761378678
1573755738 5.839464139
1573755896 5.983534684
1573756053 6.115346726
1573827947 5.964050349
1573828259 6.033174717
1573828572 4.582038017
1573828875 6.155226519
1573829180 5.773744511
1573829486 5.906313458
1573829867 6.091250654
1573830353 5.843309644
1573830661 6.08371613
1573830969 6.096059955
1573831361 5.981476012
1573831518 5.932891149
1573831677 6.119344948
1573831850 5.939298095
1573832002 5.800557553
1573832161 5.815178142
1573832317 6.121908311
1573832484 6.051863615
1573832639 6.055322291
1573832794 6.047952704
1573832978 6.027417934
1573833147 5.865329549
1573833311 5.98910158
1573833467 5.901820636
1573833625 5.906135701
1573901000 6.054254762
1573901159 4.632983651
1573901314 5.8970493
1573901469 6.011788015
1573901631 5.821219619
1573901784 5.958057692
1573901939 5.986568846
1573902099 4.579836532
1573902254 6.162609419
1573902410 6.195083113
1573902603 6.048023555
1573902911 5.707457818
1573903221 5.985301778
1573903533 6.047505078
1573903843 6.255436653
1573904152 6.111769482
1573904466 9.327134554
1574685726 5.851795769
1574685915 5.974645417
1574686089 5.948005307
1574686247 5.769475049
1574686409 6.034559845
1574686565 5.81209217
1574686730 5.826409385
1574686896 5.90774797
1574687086 5.822910486
1574687258 5.820856971
1574687920 5.905197223
1574688232 6.091419353
1574689219 9.368999237
1574689593 5.966570753
1574689808 5.875717372
1574689967 5.861423448
1574690140 5.814677016
1574690317 5.840874585
1574690477 5.848863882
1574690648 4.405040432
1574690807 5.805480207
1574690991 5.848069687
1574691164 12.022794702
1574691924 5.772212941
1574692243 5.984066449
1574692560 5.853610246
1574693474 4.659068979
1574693797 6.041716916
1574694228 5.983887186
1574694558 5.960217797
1574694868 5.911997084
1574695114 5.804361841
1574695443 6.132045479
1574695763 5.812330887
1574696223 6.004109951
1574696799 5.895992264
1574697374 5.93023543
1574697967 6.020182789
1574698536 5.596678687
1574706657 6.093588665
1574706792 6.10759374
1574707036 5.944224971
1574707215 6.022514438
1574708003 5.958702726
1574708416 6.014346899
1574708498 6.395567497
1574708699 5.80836665
1574709081 5.890100772
1574709314 5.911572847
1574710425 6.068287416
1574710614 5.959213581
1574950707 5.801524251
1574951020 4.839063895
1574951393 5.781353991
1574951748 6.00550196
1574952074 5.797019036
1574952390 6.012493186
1574952794 5.93048241
1574953155 5.888303627
1574953485 5.995129978
1574953810 5.849779386
1574954139 5.935398199
1574954302 5.975140445
1574954477 6.363326189
1574954642 5.811932679
1574954828 4.792416324
1574954984 6.021770183
1574955144 5.781739843
1574955401 5.895629177
1574955561 5.977414962
1574955722 6.103681382
1574955919 65.511505718
1574956547 5.907632107
1574957216 5.813344742
1574957811 22.37205671
1574958394 5.802780897
1574958987 5.832577637
1574959612 5.672047456
1574960175 6.024273622
1574960760 5.753411599
1574961440 5.860094524
1575026469 5.966348577
1575026631 5.94364243
1575026793 5.748019809
1575026952 5.870887689
1575027116 5.958894039
1575027277 5.768300455
1575027443 5.925953171
1575027600 5.98114414
1575027764 5.933096942
1575027929 6.013819396
1575028110 5.915865041
1575028418 5.919338322
1575028730 5.938606905
1575029063 6.009632891
1575029380 6.152188038
1575029687 5.855425194
1575030002 6.045929722
1575030313 6.03292679
1575030630 6.023730213
1575030961 5.935730958
1575032910 5.857249199
1575033477 5.709902612
1575034068 5.844793312
1575034636 5.879427894
1575035208 5.913014772
1575036231 6.000716103
1575036806 5.842832409
1575037367 5.841831338
1575037924 5.898336057
1575038936 5.755316473
1575112786 5.849251898
1575112947 5.883441613
1575113109 5.738481242
1575113270 5.761388607
1575113427 6.020291745
1575113587 5.80919443
1575113745 5.932949738
1575113902 6.222670544
1575114059 5.966812821
1575114227 5.797653374
1575114397 5.762289829
1575114700 5.838705686
1575115010 6.032419799
1575115320 5.797060797
1575115628 6.154193768
1575115943 5.91219646
1575116254 5.75858756
1575116566 5.994853846
1575116873 5.901193929
1575117181 5.898470393
1575120202 6.112726738
1575120765 6.004375624
1575121325 5.823929622
1575122387 5.989049284
1575122946 6.04002936
1575123502 5.896399346
1575124062 5.759006692
1575124616 5.807025793
1575125182 5.804767266
1575125751 5.892331731
1575289715 5.77688397
1575289878 5.547959058
1575290047 5.95507492
1575290230 5.923870108
1575290398 5.998824546
1575290747 5.877176755
1575290907 5.952000304
1575291066 6.209936437
1575291228 5.939262325
1575292904 5.842823232
1575293223 5.892648713
1575293560 4.518794724
1575293896 5.967748806
1575294234 6.032622035
1575294924 4.518527048
1575295693 9.210715799
1575296904 5.951883759
1575297490 5.999701222
1575298074 5.765912315
1575298644 5.884243948
1575299217 5.7641417
1575299794 5.955127191
1575300420 5.896042107
1575300977 5.795211429
1575301775 5.986600735
1575384117 5.756208907
1575384277 5.78936713
1575384437 5.971746362
1575384595 5.717584777
1575384760 5.840694522
1575384915 5.844246047
1575385076 6.017216003
1575385238 5.972584383
1575385398 5.883134566
1575385561 5.902415669
1575385803 5.836221041
1575386113 5.908019182
1575386425 5.897549201
1575386831 6.019955775
1575387139 5.706850596
1575387449 5.806187494
1575387759 6.239805087
1575388067 5.766190647
1575388375 5.739241743
1575388681 5.765210343
1575389984 5.880531086
1575390552 5.902369491
1575391119 5.948418303
1575391683 6.090765066
1575392496 5.97391145
1575393130 6.117450258
1575393693 5.932975516
1575394258 5.975019955
1575394821 5.971129277
1575395383 5.976773446
1575397043 15.613470604
1575397332 15.616627961
1575397573 14.663848235
1575397934 15.997564794
1575398180 17.328747624
1575398403 18.846326089
1575473344 5.839421238
1575474281 5.996604711
1575474373 5.911302162
1575556498 5.772763321
1575556658 6.164944476
1575556823 5.886609849
1575557004 4.742208998
1575557185 5.989796654
1575557349 26.278962298
1575557544 5.979748518
1575557710 13.240167329
1575558176 5.873418982
1575558365 5.776373649
1575558562 5.680843403
1575558874 5.942064923
1575559202 5.870632129
1575559512 6.062037991
1575559888 5.84188559
1575560195 26.89961143
1575560532 18.491710875
1575561078 5.925442093
1575561425 5.775245355
1575561782 5.970345785
1575562201 5.988729692
1575562910 5.729827365
1575563547 5.964919915
1575564161 6.050293068
1575564744 6.009303773
1575565312 5.759755899
1575565873 5.713236579
1575566444 5.811937481
1575567779 5.778345398
1575568391 6.030649617
1579183996 6.014120221
1579184436 31.950073319
1579184707 9.78410573
1579184872 6.085250277
1579185034 5.952080659
1579185209 6.383565046
1579185385 6.025409184
1579185567 6.165835338
1579185742 5.781761106
1579185920 5.955737648
1579186108 5.928315086
1579186306 5.897283161
1579186620 5.904716208
1579187668 5.887992259
1579187976 6.064713212
1579188308 5.970296817
1579188445 5.75353109
1579188965 5.827258367
1579189289 5.96851201
1579189638 5.862148724
1579189955 25.034799649
1579190292 6.008183287
1579190834 6.083037361
1579191450 5.871979075
1579192015 5.9911996
1579192580 5.812908426
1579193162 5.824169852
1579193749 6.016456395
1579194315 5.923911148
1579194885 5.938775397
1579195449 5.905820488
1579196038 6.092614951
1579351726 5.868492009
1579351893 5.965054282
1579352053 6.02389868
1579352215 5.838950468
1579352377 6.06461201
1579352541 5.816123851
1579352699 6.038328454
1579352861 5.938003209
1579353023 6.039341045
1579353186 6.023655551
1579354068 5.982190301
1579354374 5.975264806
1579354685 5.825256785
1579354996 6.01972062
1579355304 5.929461825
1579355613 5.795670983
1579355923 6.097671701
1579356227 5.967826495
1579356534 6.065304248
1579356840 5.800689104
1579359247 5.868022293
1579359819 6.047789977
1579360383 5.941512559
1579360942 5.795921563
1579361498 5.915135099
1579362051 6.023050125
1579362607 5.987655159
1579363167 5.892449947
1579363736 5.887161058
1579364297 5.954166744
1579522807 6.021836566
1579523018 5.989896432
1579523204 9.627685631
1579523373 5.997936687
1579523545 6.039126179
1579523727 5.968424442
1579523908 5.901260733
1579524095 6.06999492
1579524265 5.804999512
1579524433 5.803615622
1579524665 5.948056707
1579524988 6.074007503
1579525340 5.864270003
1579525717 5.949725534
1579526042 5.777792283
1579528353 5.863316482
1579528674 5.809087822
1579529096 5.691480096
1579529475 6.143547057
1579529812 5.900318898
1579530212 5.970729961
1579530851 5.845448537
1579531901 5.98471311
1579532604 5.865261531
1579533238 5.947994993
1579533832 5.653322348
1579534475 5.809540389
1579535148 5.993072503
1579535735 5.963479137
1579536815 5.862081634
1579537400 5.881610167
1580215266 6.017791281
1580215458 5.953775822
1580215625 5.854753822
1580215785 5.870503293
1580215945 5.942880559
1580216108 5.825793694
1580216268 5.741593282
1580216429 5.837955992
1580216588 6.031075801
1580216770 5.853983421
1580217801 6.087732133
1580218128 7.589486968
1580218445 6.056717614
1580218779 5.953047084
1580219132 5.714281848
1580219491 5.90720316
1580222219 5.903130451
1580222534 6.011355715
1580222849 5.964736478
1580223153 5.935049997
1580223541 5.936836015
1580224108 5.928362667
1580224665 6.032258369
1580225224 5.951005193
1580225789 5.928502611
1580226366 5.975479944
1580226935 6.127200278
1580227533 6.001320825
1580228118 5.695961743
1580228677 5.710345249
1580304681 5.940844421
1580304838 5.924761217
1580304999 6.014301135
1580305159 6.043976664
1580305322 28.142629182
1580305504 5.964328
1580305666 5.987794568
1580305826 5.710763271
1580305981 6.098187462
1580306140 5.795269309
1580306445 5.91465442
1580306746 6.089709813
1580307061 5.940464088
1580307622 6.110899266
1580307932 5.931478115
1580308243 5.918999391
1580310447 6.093238114
1580310760 6.073807658
1580311075 5.598534768
1580311383 6.118209992
1580311694 68.760499285
1580312101 6.11518975
1580312686 5.940803757
1580313244 6.031055353
1580314208 5.945272759
1580314764 7.036163043
1580315320 5.642669001
1580315884 6.088105171
1580316587 6.056443468
1580317159 5.988700881
1581935180 6.333921512
1581935339 5.990074644
1581935500 6.069516407
1581935666 4.892511867
1581935833 6.301931969
1581935999 11.372620481
1581936176 5.952120051
1581936336 5.981081921
1581936497 5.994612072
1581936672 6.063302545
1581936850 5.923608823
1581937165 5.976248988
1581937510 6.285850408
1581937815 6.395856663
1581938149 6.041851431
1581938470 8.353450107
1581938780 6.334995775
1581939097 6.244061041
1581939441 6.712114201
1581939740 8.530889623
1581942149 6.620871463
1581942827 6.101050367
1581944425 5.788277712
1581945711 6.193053581
1581946282 5.918088915
1581946853 5.933489691
1581947773 5.987202375
1581948841 5.680548225
1582026853 6.487950202
1582027018 4.55149929
1582027176 6.772071208
1582027346 6.797983269
1582027533 6.736091269
1582027759 6.100230007
1582027922 6.72852639
1582028092 6.053974656
1582028259 6.060711512
1582028425 6.399920446
1582028594 6.463172286
1582030250 5.751034877
1582030554 6.090270065
1582031210 6.076609167
1582031505 4.4761448
1582031803 5.759281563
1582032174 6.506626948
1582032494 6.407764597
1582032795 5.187907253
1582033095 5.84226247
1582033443 6.479190816
1582033771 6.202640894
1582035432 6.474693637
1582036037 6.346913723
1582036642 6.468010371
1582037249 6.179095219
1582037850 6.062710558
1582038443 6.505798668
1582041336 6.385745293
1582041946 6.198547999
1582043531 6.646992476
1582044146 5.718104685
1582044747 6.541776069
1582045051 6.362786383
1582045351 6.497218564
1582045658 6.625680189
1582045960 5.924394714
1582113066 6.328685324
1582113236 5.754571109
1582113399 6.091902804
1582113566 6.732143254
1582113728 6.536322618
1582113906 6.107779762
1582114069 6.052281306
1582114232 6.129018895
1582114400 5.925912275
1582114561 6.643659264
1582114727 6.174860304
1582114887 6.355563655
1582115056 5.625730153
1582115221 6.006739788
1582115383 6.3031734
1582115547 6.419609177
1582115711 6.444271559
1582115873 6.255896408
1582116056 6.17285462
1582116275 4.227351686
1582116444 6.121589332
1582116611 5.648749327
1582118931 6.707401701
1582119094 5.956861542
1582119262 6.594783775
1582119431 5.648175728
1582119613 6.699806943
1582119778 6.106385349
1582119947 6.616613128
1582120121 6.150381422
1582120304 6.408799751
1582120608 4.952088929
1582120844 6.274181528
1582121011 6.729398987
1582121179 6.811015065
1582121419 6.106252627
1582125162 6.371000521
1582125323 6.359466627
1582125806 7.626847234
1582125972 6.05194109
1582126142 5.736984891
1582126302 6.039297681
1582126467 6.485837888
1582126632 5.660725338
1582126798 5.822820823
1582126959 6.213078285
1582127119 6.406588287
1582127285 6.149175965
1582127456 6.006961098
1582127618 6.295859964
1582127783 6.442581859
1582127943 6.230400078
1582128111 5.75511868
1582128271 5.8909838
1582128452 6.403719247
1582128615 4.471565365
1582128781 6.44345488
1582128944 5.840923003
1582129115 6.448092078
1582129275 6.347371714
1582129435 6.267393445
1582129599 6.067741687
1582185021 6.838360835
1582185201 6.716551519
1582185939 6.087474267
1582186099 5.756986621
1582186258 5.949205984
1582186832 5.782006795
1582187795 5.87637819
1582187952 5.998719965
1582188113 5.721147351
1582188274 6.00041589
1582188728 6.013495311
1582189446 5.877533473
1582190753 6.034934467
1582191043 6.012731575
1582191334 6.298512751
1582191631 6.077638757
1582191926 5.816797306
1582192217 5.804635166
1582192514 5.788983719
1582192802 5.976376524
1582193091 5.886522664
1582193724 5.924883158
1582193887 5.739395993
1582194052 6.013682893
1582194207 5.779718691
1582194369 5.789637851
1582194534 5.724959122
1582194690 5.916569733
1582194864 5.822508496
1582195024 6.077944777
1582195183 6.474427535
1582195679 5.88599542
1582195840 5.983843242
1582195997 6.118397654
1582196158 5.974696917
1582196317 5.999449066
1582196476 6.043735717
1582196634 5.893600618
1582196793 4.771003212
1582196955 6.007463017
1582197121 5.868545595
1582197278 6.003661718
1582197439 6.138231072
1582197615 5.935579546
1582197773 6.044768326
1582197932 5.908759771
1582198089 5.814195787
1582198251 5.94504997
1582198407 5.999609247
1582198689 6.076576031
1582199037 6.198492783
1582631345 6.095924956
1582631506 4.524125379
1582631661 5.892107828
1582631819 5.892667112
1582631975 6.155614838
1582632132 5.983861471
1582632291 5.810895166
1582632455 5.806638343
1582632612 6.165107509
1582632775 6.315876112
1582634871 5.970658662
1582635154 5.67696284
1582635437 5.93136032
1582635722 5.933592983
1582636006 6.085176182
1582636294 5.889833297
1582636584 6.531280327
1582636876 5.898774067
1582637176 5.932237458
1582637472 5.998698073
1582637768 5.906070564
1582638327 5.8013258
1582638905 5.856070568
1582640583 5.937464547
1582641141 6.059233591
1582641703 6.199732687
1582642277 6.107923342
1582642853 6.038230226
1582643455 6.00032798
1582644012 6.89255422
1582884472 5.937316511
1582884652 6.009191725
1582884820 5.743978686
1582884981 5.88403562
1582885148 5.914648048
1582885310 6.005522115
1582885469 6.098862421
1582885631 5.985301835
1582885793 5.787507167
1582885954 5.840353665
1582886123 5.822621641
1582886404 5.805399137
1582886699 5.8483634
1582886991 6.069424394
1582887279 5.934571142
1582887566 6.056148294
1582887860 6.26897805
1582888147 6.087511208
1582888434 6.028702385
1582888722 6.307546991
1582898598 5.687226678
1582899183 5.848260707
1582899748 5.932924944
1582900311 6.01845801
1582900872 6.200394019
1582902617 5.913203805
1582903196 5.991269431
1574710614 5.959213581
1574707036 5.944224971
1574708699 5.80836665
