1569849930 2.874034702
1569850134 2.860319845
1569849930 2.874034702
1569850134 2.860319845
1569850945 2.760725044
1569851153 2.88391143
1569851503 3.022829519
1569851710 3.113038075
1569851939 2.866063173
1569852169 2.947334578
1569852407 2.876540248
1569852623 2.956798815
1569853014 3.018899392
1569853326 2.944792293
1569853566 2.946084005
1569854207 3.21002236
1569855165 2.962339714
1569855613 2.968300877
1570446937 2.85079417
1570448030 2.939634743
1570448757 2.92430323
1570449226 2.92745923
1570449654 3.204683334
1570543052 2.899992213
1570543411 2.812454708
1570543615 2.95561046
1570544545 2.760390972
1570545006 2.820961745
1570545211 2.737687307
1571322924 2.954369172
1571323246 2.878865975
1571323639 2.819743487
1571324041 3.114548821
1571324441 2.93061884
1571325047 2.819554176
1571325243 2.833370387
1571325443 2.902473349
1571325647 2.800539147
1571325846 3.121435271
1571326046 3.056634235
1571326737 2.959074348
1571326950 2.895222583
1571327157 2.783320824
1571327371 2.809421757
1571327761 3.086253941
1571328152 2.947314909
1571328543 2.996899795
1571328934 2.891268726
1571329326 2.732478421
1571329919 3.087524495
1574710623 2.379475322
1574707044 2.137878558
1574708707 2.340127686
