1569850039 2.941973424
1569850243 3.109676817
1569850039 2.941973424
1569850243 3.109676817
1569850800 3.312442241
1569851056 3.427384123
1569851262 3.078806838
1569851612 3.164241297
1569851824 3.304308362
1569852053 3.284337692
1569852278 3.246352751
1569852515 2.807073891
1569853134 2.732238628
1569853443 2.896752689
1570543162 2.977425634
1570543525 3.101187397
1570543734 3.027811747
1570544652 3.269771551
1570544910 3.11995378
1570545111 3.117625834
1570545328 2.989094238
1571323035 2.900214246
1571325153 3.064950075
1571325349 2.893567313
1571325555 2.970379358
1571325755 2.819320379
1571325951 3.026367708
1571326160 3.276470111
1571326314 1.573342072
1571326843 2.995300381
1571327059 2.994957703
1571327268 2.814928577
1571395945 2.945059523
1571396142 2.995948322
1571396338 3.111278851
1571396538 3.115552224
1571396737 3.183939139
1571396963 3.163642655
1571397167 3.071446768
1571397369 2.941092095
1571397566 2.928703091
1571397762 3.270303083
1571405011 3.030361053
1571405209 3.064053664
1571405407 3.062354372
1571405636 2.899982119
1571405839 3.032005987
1571409057 2.819103983
1571409259 3.040610265
1571409461 3.255876262
1571409677 3.078271645
1571409876 3.104456027
1571664443 27.456753998
1571664990 2.991519017
1571665188 3.197817207
1571665399 3.095737515
1571665593 3.066426188
1571665789 2.987829663
1571668206 2.846157958
1571668405 3.012599023
1571668609 3.085331308
1571668803 3.117144522
1571669004 3.098400504
1571752077 2.992285813
1571752272 3.239072586
1571752472 3.211865503
1571752677 3.09580106
1571752872 2.985613659
1571753067 2.96185847
1571753264 3.188850511
1571753462 3.111112679
1571753659 2.879652953
1571753856 2.973806604
1571760214 2.951199928
1571760412 2.984158283
1571760613 3.029738162
1571760809 3.074418616
1571761011 2.829433757
1571761220 3.120316454
1571761419 2.957575048
1571761613 3.00866858
1571761810 3.147633756
1571762017 3.095354705
1572003320 2.984279349
1572003516 2.975051248
1572003712 3.045809582
1572003909 3.077161455
1572004106 3.115404874
1572004302 3.06384078
1572004496 3.159434556
1572004695 3.078868982
1572004897 2.935932582
1572005096 3.082183175
1572011297 3.104832755
1572011494 2.966141043
1572011690 3.072892003
1572011888 3.119553209
1572012084 3.172677751
1572012281 2.936319651
1572012476 3.140097844
1572012670 3.106539025
1572012865 3.065820019
1572013059 3.187474056
1572265118 3.022570643
1572265315 3.111672542
1572265514 3.028423556
1572265712 3.062163967
1572265918 3.067297569
1572266119 2.9626846
1572266317 3.051673676
1572266517 3.192023655
1572266716 3.157714774
1572266918 3.32585422
1572274174 2.647974739
1572274348 2.600071008
1572274516 2.500334908
1572274689 2.40730948
1572274856 2.611065559
1572275026 2.599472855
1572275198 2.437595721
1572275375 2.432770463
1572275543 2.38899463
1572275717 2.431633118
1572361334 3.073702773
1572361530 3.108078415
1572361724 3.193327639
1572361919 3.107361775
1572362118 3.024969367
1572362312 2.900486222
1572362508 3.111558578
1572362707 2.974073342
1572362902 2.91788527
1572363099 2.921653971
1572366966 2.397037017
1572367134 2.560556264
1572367306 2.571682938
1572367472 2.506025745
1572367655 2.389076563
1572367832 2.52285181
1572368001 2.487842094
1572368170 2.53362485
1572368336 2.605879578
1572368501 2.588968825
1572532449 2.991666463
1572532650 3.194824265
1572532855 2.910002453
1572544554 2.430762366
1572544722 2.545197349
1572544893 2.43767734
1572545066 2.552133245
1572545239 2.392069149
1572870068 2.545450794
1572870285 2.667213137
1572870467 2.512404207
1572870689 2.542917917
1572870857 2.517472506
1572965447 2.657855944
1572965615 2.514819282
1572965782 2.340887636
1572965951 2.340355556
1572966123 2.504498434
1572966289 2.426982399
1572966460 2.528098709
1572966644 2.565889974
1572966823 2.309653807
1572966987 2.570299868
1573207095 2.536883705
1573207263 2.411183086
1573207432 2.583177704
1573207597 2.565407336
1573207767 2.536093052
1573207935 2.506476164
1573208101 2.557878369
1573208267 2.542867835
1573208435 2.472440996
1573208600 2.526769244
1573220336 2.692477662
1573220503 2.567728047
1573220671 2.441471383
1573220840 2.673132351
1573221008 2.536509126
1573221174 2.611037042
1573221339 2.546313129
1573221509 2.47340666
1573221675 2.51538059
1573221845 2.474936019
1573222033 2.356236309
1573222204 2.595442778
1573222371 2.599633191
1573222537 2.447509711
1573222707 2.301467172
1573301185 2.345675448
1573301354 1.705341288
1573301535 2.338133665
1573301703 2.223315558
1573301889 2.258060834
1573302069 2.372804668
1573302237 2.17270156
1573302411 2.278420353
1573302581 1.692376751
1573302763 2.062058234
1573303897 2.080231159
1573304061 1.862070531
1573304222 2.055011893
1573304388 2.172954993
1573304547 2.048443416
1573304714 1.964944813
1573304873 2.283337318
1573305033 2.240389195
1573305194 2.178330806
1573305354 1.762318503
1573752526 2.320230901
1573752784 2.283114619
1573752943 2.081209037
1573753102 2.259378744
1573753259 2.441466221
1573753415 2.124501994
1573753573 2.453881206
1573753726 2.096720162
1573753888 2.055026582
1573754707 2.328637894
1573754868 2.180651267
1573755029 2.291728304
1573755195 2.216982034
1573755358 2.200118206
1573755515 2.182686499
1573755670 2.148391635
1573755828 2.224576585
1573755986 2.303130802
1573756145 2.203894142
1573831451 2.128744821
1573831609 2.224601489
1573831768 1.922498358
1573831940 1.995840427
1573832092 2.160104451
1573832254 2.598158418
1573832411 2.138010421
1573832574 2.013209934
1573832730 2.094814886
1573832886 2.273504862
1573833081 2.263074846
1573833237 2.077743834
1573833401 2.339586818
1573833558 2.340803265
1573833716 2.137094399
1573901090 2.395061786
1573901247 2.179026242
1573901404 2.209987684
1573901560 2.225286487
1573901720 2.374208236
1573901875 2.062089595
1573902030 2.155138292
1573902187 2.103461964
1573902345 2.096861354
1573902501 1.991054371
1574685820 2.162693889
1574686012 2.047747309
1574686181 2.059968259
1574686343 2.1748599
1574686500 2.104158449
1574686666 2.091507042
1574686830 2.61456921
1574687017 2.174849544
1574687191 2.123309687
1574687355 2.080788967
1574689685 2.09731146
1574689901 2.118633073
1574690070 2.440916159
1574690239 2.052171912
1574690409 2.052021425
1574690569 2.305284793
1574690741 2.164367462
1574690899 2.050665191
1574691084 2.051424698
1574691263 2.120710541
1574706885 1.929325441
1574707127 2.051188423
1574954230 2.007505847
1574954394 2.150292672
1574954571 2.080011693
1574954735 2.303002333
1574954919 2.404119611
1574955076 2.091442312
1574955334 2.061611075
1574955494 2.121043291
1574955652 2.016217651
1574955813 1.965550013
1575026562 2.117489502
1575026722 2.154065522
1575026884 1.936286019
1575027044 2.007237979
1575027208 1.955437641
1575027369 2.03822218
1575027535 2.180745647
1575027692 2.009566786
1575027857 1.840376712
1575028021 2.150874433
1575112877 2.057413998
1575113041 2.268749889
1575113200 2.048494169
1575113362 2.201608841
1575113520 1.955391701
1575113679 2.088648803
1575113836 2.109043269
1575113994 2.098782131
1575114157 2.043398686
1575114318 2.034875375
1575289807 2.001030087
1575289974 1.9611281
1575290141 1.919213545
1575290329 2.052548153
1575290498 2.05316508
1575290674 2.117330717
1575290839 2.476780499
1575290996 2.011852326
1575291159 2.029742729
1575291320 2.019009024
1575384208 2.271576862
1575384368 2.155219709
1575384529 2.188752445
1575384688 2.084486218
1575384851 1.954478008
1575385010 2.225035308
1575385170 2.092459322
1575385329 2.179599497
1575385493 2.054867105
1575385653 2.036301191
1575556590 2.169936423
1575556750 2.09984187
1575556923 2.049630206
1575557108 1.965883641
1575557278 2.094455049
1575557461 2.047659601
1575557637 2.0274677
1575557810 2.011259068
1575558269 2.017747605
1575558455 1.965769043
1579184088 2.052536883
1579184803 2.041000994
1579184964 2.213790918
1579185128 2.17914562
1579185301 1.836674015
1579185480 2.043688148
1579185661 1.975745339
1579185841 2.104491752
1579186030 2.134403008
1579186200 2.092217103
1579351818 8.119943074
1579351984 2.103732604
1579352145 2.15759774
1579352306 2.175821564
1579352469 2.048582879
1579352633 1.977822188
1579352790 2.154018113
1579352952 2.059036724
1579353115 2.047395045
1579353988 2.13163153
1579522906 2.047377086
1579523109 1.933247247
1579523301 2.07757651
1579523465 2.06123581
1579523639 2.257687341
1579523820 1.959300222
1579524002 2.094896087
1579524190 2.074205935
1579524357 2.25704873
1579524525 1.939680951
1579537511 2.072155521
1580215367 2.392893329
1580215554 2.139418471
1580215718 1.836034761
1580215877 2.107268747
1580216037 1.872362845
1580216200 2.377277214
1580216359 2.02121426
1580216523 2.133396182
1580216682 2.111843217
1580216863 2.179287511
1580304772 2.167245641
1580304928 2.354783784
1580305091 1.95773092
1580305252 1.887939411
1580305435 2.003999936
1580305598 2.120409952
1580305760 2.089151343
1580305916 2.088949298
1580306072 2.042854804
1580306233 2.084950085
1581935273 2.02306566
1581935430 2.075093552
1581935592 2.290548285
1581935757 2.116080966
1581935925 2.113410535
1581936096 2.148268233
1581936267 2.152359268
1581936430 2.111994946
1581936589 2.254359816
1581936764 2.219297248
1582026947 2.109393039
1582027109 2.3719697
1582027275 2.606936537
1582027442 2.522682827
1582027853 2.54438772
1582028020 2.185462519
1582028186 2.166101059
1582028355 2.512857688
1582028524 2.713759324
1582028693 2.394562267
1582113163 1.92499049
1582113328 2.343090868
1582113493 2.367869813
1582113660 2.004875006
1582113828 2.432897416
1582114003 2.552749069
1582114164 2.423809461
1582114328 2.425708099
1582114493 2.214871356
1582114658 2.894856305
1582114819 2.068542214
1582114988 2.840564775
1582115149 2.482488251
1582115316 2.284106022
1582115480 2.720640549
1582115643 2.343672763
1582115805 2.500179599
1582115969 2.535785162
1582116150 2.60598823
1582116364 1.914331609
1582116542 2.210385526
1582116706 2.372487294
1582119027 2.430815947
1582119188 2.316165008
1582119360 2.470011594
1582119535 2.352394755
1582119711 2.610908018
1582119872 2.061027141
1582120047 2.468664846
1582120221 2.548545311
1582120941 2.392142905
1582121108 2.128977565
1582121352 2.757259893
1582121514 1.869693838
1582125257 2.521555927
1582125697 2.477669382
1582125901 2.394906881
1582126067 1.971569994
1582126235 2.128535777
1582126397 2.305036197
1582126565 2.169880398
1582126728 2.572494651
1582126891 2.620213527
1582127053 2.123988769
1582127217 2.634324838
1582127386 2.593318968
1582127551 2.683730782
1582127715 2.744626187
1582127879 2.723953184
1582128039 2.294157156
1582128205 2.370884797
1582128384 2.316895135
1582128547 2.449332947
1582128709 2.479728876
1582128874 2.757410509
1582129042 2.209563099
1582129210 2.238340913
1582129368 2.385049709
1582129530 2.623440044
1582129693 2.095492216
1582185117 2.811309763
1582185297 2.589580141
1582186030 2.046869836
1582186190 2.072504277
1582186925 2.347876476
1582187886 2.195282976
1582188047 2.183567341
1582188204 1.960859706
1582188364 2.075918732
1582193816 2.052541893
1582193979 1.968284844
1582194144 2.038332057
1582194299 2.05139061
1582194461 2.066444776
1582194625 2.046228576
1582194788 4.858652659
1582194954 2.295592327
1582195115 2.123778857
1582195279 2.104519828
1582195773 2.17208576
1582195931 2.253580429
1582196089 2.152154276
1582196249 2.267126251
1582196408 2.213114696
1582196567 2.071804149
1582196725 2.025603619
1582196885 2.052698025
1582197047 2.054263542
1582197214 2.116000779
1582197370 2.104307111
1582197536 2.090917931
1582197707 2.003666619
1582197865 2.217914047
1582198023 2.380800756
1582198180 2.142905006
1582198341 2.048465182
1582198500 2.510935937
1582198779 2.359760194
1582199131 2.132062625
1582631436 2.292233979
1582631597 2.126008311
1582631753 2.047882637
1582631909 2.274121057
1582632067 2.253263769
1582632224 2.022719815
1582632383 2.124547454
1582632546 2.065903429
1582632707 2.062561097
1582632867 2.112108895
1582884567 2.016557645
1582884744 2.107921564
1582884913 2.044009215
1582885077 2.063983461
1582885240 2.095225584
1582885403 2.14881298
1582885562 1.997455977
1582885724 2.226593468
1582885890 2.018298602
1582886047 2.007645675
1574707127 2.051188423
