1569854520 2.464525967
1569855951 2.648331972
1571330217 2.343272823
1571766573 2.38693117
1571767355 2.313354445
1572537467 1.920764155
1572538123 1.958917363
1572538783 2.055029474
1572539436 1.867467808
1572540083 1.965310535
1572540988 2.011167869
1572541642 2.008206729
1572542291 2.004219852
1572542938 1.947505715
1572543603 1.963233779
1572871357 1.828638352
1572872007 1.893383116
1572872684 2.002222858
1572873337 1.894930396
1572873991 1.993068516
1572875052 1.968229006
1572875914 1.987799943
1572877139 1.921146362
1572877789 2.002832786
1572879034 1.62115046
1572967424 2.051208818
1572968081 1.916004186
1572969383 1.933280552
1572970044 1.958637117
1572970694 2.015825916
1572971346 2.178655182
1572972009 1.919705582
1572972667 1.889509682
1572973383 1.872483033
1572974032 1.927357964
1572974684 1.951382558
1573208967 2.011312819
1573209623 2.021850316
1573210297 1.986786353
1573210965 1.963058972
1573211624 2.003689569
1573212272 1.949172836
1573212923 1.965083464
1573213574 1.919398151
1573214246 1.962591246
1573214902 3.871802394
1573310420 2.032010142
1573311041 1.881013788
1573311656 1.684923762
1573312361 1.782343784
1573312971 1.838215604
1573313598 1.700656881
1573314231 1.755510865
1573314844 1.84546233
1574696453 1.757824757
1574697034 1.793966511
1574697624 1.574596811
1574698198 1.79106043
1574698783 1.746215494
1574709568 1.785201576
1574710855 1.917230925
1574710855 1.917230925
