1569854454 3.488624377
1569855863 3.540414283
1571330152 3.324824113
1571766508 3.412008444
1571767290 3.447507911
1572537413 2.700635996
1572538070 2.818903228
1572538730 2.746060007
1572539383 2.643759465
1572540029 2.622925904
1572540935 2.747833639
1572541589 2.760168946
1572542237 2.778068448
1572542885 2.761804104
1572543550 2.808794059
1572871304 2.697039679
1572871954 2.701132423
1572872631 2.725877291
1572873284 2.681832718
1572873938 1.494023195
1572874999 2.687660012
1572875860 2.78482501
1572877086 2.812316602
1572877735 2.82028103
1572878963 2.810956122
1572967370 2.855635752
1572968027 2.852747302
1572969329 2.796494158
1572969990 2.75954167
1572970640 2.612354233
1572971292 2.773154786
1572971953 2.80329214
1572972613 2.672452741
1572973326 2.721529559
1572973979 2.717965953
1572974630 2.773726723
1573208912 2.741329542
1573209567 2.732136926
1573210242 2.756201348
1573210912 2.695133411
1573211568 2.641781109
1573212217 2.782032844
1573212869 2.687382017
1573213520 2.72050323
1573214191 2.701751968
1573214846 2.747967845
1573310370 2.675220301
1573310991 2.436432219
1573311606 2.551062182
1573312311 2.653115966
1573312920 2.659271675
1573313548 2.432580124
1573314180 2.642814422
1573314795 2.471350807
1574696404 2.674981425
1574696984 2.387258832
1574697575 2.606958495
1574698149 2.426462486
1574698734 2.394531066
1574709519 2.378883344
1574710805 2.624012998
1574956158 2.43462201
1574956818 2.422770946
1574957421 2.466712193
1574957999 2.65922519
1574958591 2.5090635
1574959180 2.424171191
1574959783 2.419708502
1574960361 2.605287481
1574960973 2.550991738
1574961609 2.411000619
1575033082 2.472074506
1575033650 2.350499501
1575034241 2.471910463
1575034808 2.428044728
1575035379 2.395274388
1575036401 2.328281744
1575036979 2.38096649
1575037537 2.329189607
1575038540 2.349226006
1575039109 2.557981576
1575120372 2.521799237
1575120935 2.380286803
1575121496 2.301277257
1575122559 2.675787713
1575123116 2.448841346
1575123675 2.43646321
1575124231 2.488997545
1575124799 2.516868086
1575125356 2.604214343
1575125925 2.339109401
1575297672 2.335489444
1575298251 2.290384979
1575298820 2.348110389
1575299397 2.297177143
1575299969 2.503687212
1575300588 2.520838096
1575301159 2.40992531
1575301970 2.348029793
1575390157 2.776039454
1575390724 2.520009353
1575391293 2.528496144
1575391858 2.626577374
1575392666 2.451260862
1575393303 2.595170156
1575393863 2.425509448
1575394430 2.420805095
1575394993 2.453003545
1575395555 2.471754349
1575562391 2.357060152
1575563088 2.609429536
1575563737 2.502563408
1575564332 2.512576359
1575564916 2.557055123
1575565482 2.389449759
1575566050 2.429657977
1575566636 2.560387013
1575567955 2.487513225
1575568561 2.650746535
1579191009 2.477490148
1579191623 2.676788029
1579192188 2.64036087
1579192769 2.353566658
1579193332 2.566337366
1579193923 2.561805616
1579194491 2.369251363
1579195057 2.528112778
1579195647 2.606608754
1579196211 2.381706551
1579359417 2.388368188
1579359992 2.312110846
1579360554 2.362993358
1579361111 2.473162709
1579361666 2.552722481
1579362221 2.381712161
1579362776 2.399125732
1579363342 2.424539731
1579363909 2.526540369
1579364468 2.492167298
1579530387 2.344358039
1579531033 2.561387673
1579532074 2.396051369
1579532775 2.424202998
1579533444 2.424519207
1579534044 2.478500982
1579534730 2.549314682
1579535341 2.329353212
1579535937 2.4724947
1579536993 2.462009919
1580223719 2.824879975
1580224278 2.430952526
1580224834 2.36903799
1580225397 2.472281921
1580225957 2.482226444
1580226542 2.648059508
1580227109 2.594421337
1580227708 2.704346493
1580228288 2.410501545
1580228848 2.374426008
1580312278 2.356497968
1580312858 2.652437289
1580313413 2.481221826
1580314377 2.512501852
1580314935 2.43126922
1580315492 2.602838974
1580316054 2.539087815
1580316756 2.444166783
1580317349 2.518733645
1581942414 2.512849681
1581943618 2.457435241
1581944907 2.541555575
1581945885 1.577102509
1581946458 2.381217073
1581947025 2.576747013
1581947946 2.441620561
1581949040 2.89511463
1582033999 2.861182697
1582035617 2.800924622
1582036225 2.619833333
1582036829 4.183039373
1582037435 3.500208566
1582038029 2.252485929
1582038626 2.750041875
1582041521 2.820879783
1582042129 2.868153673
1582043720 2.892134777
1582044331 2.686510223
1582637940 2.572849735
1582638500 2.609943216
1582639574 2.607265072
1582640752 2.468824187
1582641312 2.387662899
1582641882 2.350204093
1582642450 2.467316961
1582643025 2.358082202
1582643627 2.519386591
1582644183 2.509254033
1582898783 2.531351067
1582899354 2.480537476
1582899922 2.596872724
1582900485 2.391783203
1582902143 2.481437915
1582902789 2.461989705
1582903386 2.382145887
1574710805 2.624012998
