1569854502 4.980391746
1569855928 3.934021584
1571330199 4.743784478
1571766555 4.545454494
1571767338 4.688084876
1572537453 3.889247182
1572538109 3.662131663
1572538769 3.807662378
1572539422 3.971070444
1572540069 3.807221339
1572540974 3.687319239
1572541628 3.837058237
1572542277 3.86938058
1572542924 3.825901223
1572543589 3.888643929
1572871343 3.803308388
1572871993 3.746326774
1572872670 3.848255602
1572873323 3.86565654
1572873977 3.89310441
1572875038 3.735507047
1572875900 3.831212104
1572877125 3.851397195
1572877775 3.729767182
1572879003 5.408021432
1572967410 3.845359346
1572968066 3.81439175
1572969369 3.880970023
1572970029 3.784068582
1572970680 3.814393945
1572971332 3.855523249
1572971995 3.756761053
1572972653 3.677855545
1572973369 3.838096046
1572974018 3.877451674
1572974670 3.928118284
1573208953 3.899432921
1573209608 4.027495339
1573210283 3.797868689
1573210951 3.855195902
1573211610 4.005698973
1573212258 3.794055977
1573212909 4.084877896
1573213560 4.013156587
1573214232 4.032572007
1573214887 3.822649896
1573310407 4.004919245
1573311028 3.8782712
1573311643 3.759262729
1573312347 3.770595086
1573312957 3.918612004
1573313585 3.907194408
1573314217 3.991026278
1573314831 3.582227363
1574696440 3.761284068
1574697021 3.507951373
1574697611 3.492858693
1574698185 3.546236535
1574698770 3.405929541
1574709555 3.579754731
1574710842 3.700757128
1574956193 3.289894822
1574956854 3.832738405
1574957457 3.44395651
1574958035 3.672008593
1574958627 3.643208167
1574959216 3.468622334
1574959820 3.592739942
1574960398 3.697288835
1574961008 3.482387469
1574961645 3.508803136
1575033119 3.606158471
1575033687 3.956682944
1575034278 3.611104106
1575034843 3.402336041
1575035415 3.544302293
1575036438 3.408613978
1575037015 3.792363021
1575037574 3.504722103
1575038575 3.55743277
1575039145 3.405531043
1575120409 3.595328499
1575120972 3.579886674
1575121532 3.597330638
1575122595 3.337186473
1575123152 3.791653122
1575123711 3.432007575
1575124267 3.547880366
1575124835 3.619858052
1575125392 3.534538058
1575125961 3.59976031
1575297710 3.563974242
1575298287 3.457474047
1575298855 3.671626705
1575299434 3.311371995
1575300005 3.57463566
1575300625 3.328029364
1575301195 3.399449936
1575302007 3.571507953
1575390195 3.675923952
1575390761 3.335367271
1575391329 3.538414054
1575391893 3.219462235
1575392703 3.508044822
1575393339 3.529267371
1575393899 3.531762203
1575394465 3.404147333
1575395028 3.747557202
1575395591 3.666678446
1575562426 3.532099362
1575563124 3.377739128
1575563773 3.658698285
1575564368 3.397084831
1575564952 3.281699634
1575565517 3.579728315
1575566087 3.643187375
1575566672 3.550821076
1575567992 3.512349114
1575568598 3.784029986
1579191046 3.501652049
1579191659 3.703354971
1579192224 3.704825913
1579192805 3.796434479
1579193368 4.521088538
1579193960 3.797592568
1579194528 3.494122103
1579195093 3.909765553
1579195684 3.625055456
1579196246 3.939637841
1579359453 3.496673933
1579360029 3.7005957
1579360590 3.635719493
1579361147 3.509270574
1579361702 3.439348613
1579362256 3.461447801
1579362812 3.629905184
1579363378 3.736645695
1579363945 3.659571557
1579364504 3.497301296
1574710842 3.700757128
