1569849905 2.55615166
1569850109 2.643146583
1569849905 2.55615166
1569850109 2.643146583
1569850919 2.659122334
1569851128 2.606466579
1569851463 2.472372094
1569851684 2.529623154
1569851913 3.115804047
1569852143 2.624236859
1569852381 2.65634535
1569852598 2.529345971
1569852988 2.634211459
1569853300 2.53158738
1569853539 2.728802395
1569854181 2.558888744
1569855140 2.548557518
1569855583 2.752934586
1570446912 2.694971957
1570448005 2.516082524
1570448732 2.574940494
1570449201 2.536369956
1570449627 2.681004015
1570543027 2.56842217
1570543383 2.467720425
1570543590 2.431793769
1570544519 2.630522653
1570544719 2.270510621
1570544980 2.631712267
1570545184 2.304200101
1571322899 2.564778023
1571323221 2.417088066
1571323614 2.346546992
1571324016 2.51165228
1571324416 2.502366291
1571325021 2.628405836
1571325218 2.523291211
1571325417 4.153415112
1571325622 2.480280949
1571325821 2.613950864
1571326021 2.677650411
1571326712 2.639123474
1571326921 6.000560887
1571327132 2.519093761
1571327346 2.580070248
1571327736 2.572849739
1571328127 2.60193415
1571328518 2.607615137
1571328909 2.611198543
1571329301 2.577601753
1571329894 2.639351701
1571395813 2.663255851
1571396010 2.619781921
1571396207 2.565905803
1571396405 2.490607128
1571396603 2.904151191
1571396802 2.75699853
1571397032 2.397542578
1571397236 2.658096135
1571397434 2.572498205
1571397632 2.472926107
1571397850 2.560539718
1571398240 5.603802247
1571398637 2.647277999
1571399028 2.681630138
1571399420 1.922452096
1571399815 3.402031556
1571400209 2.69102167
1571400631 2.510941379
1571401030 2.605663867
1571401422 2.737651452
1571404879 2.514978323
1571405079 2.506969576
1571405275 2.640657484
1571405475 2.662032578
1571405708 2.531728285
1571406802 2.492224835
1571407192 2.603342027
1571407586 2.487624602
1571407974 2.463161764
1571408366 2.886567979
1571408897 2.470170323
1571409128 2.473474755
1571409329 2.468732049
1571409528 2.53603631
1571409744 2.65610793
1571664312 2.498771736
1571664855 2.521808418
1571665059 2.627926037
1571665270 2.516892967
1571665463 2.654682502
1571665658 2.713885777
1571665859 2.645785456
1571666250 2.5540501
1571666641 2.614802296
1571667034 2.694650157
1571667470 2.718132219
1571668077 2.482286586
1571668276 2.544244594
1571668470 2.624389414
1571668674 2.465464651
1571668870 2.648292622
1571669123 2.564541023
1571669521 2.557919239
1571751947 2.527761561
1571752142 2.868862876
1571752341 2.557808755
1571752546 2.499666721
1571752741 2.598009541
1571752937 2.565069531
1571753135 2.476129094
1571753332 2.555535863
1571753528 2.653786796
1571753725 2.508486683
1571754034 2.673557171
1571754430 2.711138281
1571754824 2.523575671
1571755227 2.440074094
1571755628 2.709690137
1571756460 2.653899044
1571756871 2.558541893
1571757709 2.543418577
1571758109 2.563899036
1571758499 2.558327323
1571760083 2.610634887
1571760279 2.51357055
1571760481 2.644640551
1571760679 2.686650476
1571760878 2.614691779
1571761090 2.547856338
1571761289 2.513727329
1571761483 2.435413973
1571761679 2.59939225
1571761879 2.434430955
1571762111 2.796539525
1571762503 2.43305871
1571762903 2.566649054
1571763291 2.668280152
1571763682 2.47953075
1571764086 2.793630196
1571764499 2.60507143
1571764892 2.69548141
1571765280 2.506129941
1571765671 2.555878603
1571766248 2.668205562
1571767031 2.7331265
1571922180 2.395179821
1572003190 2.515580644
1572003385 2.472636605
1572003583 2.44104115
1572003781 2.588524306
1572003976 2.558848323
1572004171 2.547746571
1572004366 2.559706241
1572004566 2.656449891
1572004768 2.569926017
1572004967 2.657380903
1572006258 2.516024744
1572006928 3.364940019
1572006995 2.627395957
1572007389 2.775470759
1572007882 2.814496663
1572008293 2.5999376
1572008696 2.528105052
1572009090 2.431442334
1572009479 2.605683059
1572009871 2.469214981
1572010266 2.608948187
1572010657 2.612441207
1572011168 2.562629121
1572011365 2.514047712
1572011558 2.805033168
1572011758 2.579835469
1572011954 2.522629401
1572012152 2.82135989
1572012347 2.584620057
1572012541 2.737565174
1572012735 2.828088876
1572012929 2.518550789
1572013218 2.647387219
1572013612 2.519810127
1572014004 2.609639992
1572014395 2.472940093
1572014784 2.779452374
1572264988 2.637433562
1572265185 2.635012927
1572265383 2.503301802
1572265582 2.626109088
1572265779 2.420044529
1572265982 10.141839465
1572266183 2.56000734
1572266383 2.585372296
1572266585 2.736052883
1572266781 2.548197316
1572268066 2.408576239
1572268836 2.914961991
1572269250 2.495942537
1572269656 2.59380872
1572270074 2.604647487
1572270470 2.548253198
1572270864 2.62912668
1572272229 2.05886915
1572272559 2.086173864
1572272894 1.908392778
1572273227 2.022949932
1572273574 2.48433769
1572274066 2.304630735
1572274233 2.162950537
1572274409 2.084681715
1572274575 2.08185603
1572274747 2.177248909
1572274918 2.002578082
1572275086 2.099618197
1572275262 2.152968311
1572275433 2.175836597
1572275608 2.142231296
1572275995 1.99621861
1572276331 2.036013249
1572276669 2.068726237
1572277000 2.156158123
1572277330 2.074694972
1572277667 2.961212183
1572278024 2.017910482
1572278357 2.155370357
1572361201 2.728229164
1572361399 2.566971802
1572361595 2.680102613
1572361790 2.644937016
1572361987 2.552268388
1572362182 2.640156448
1572362378 2.521550735
1572362574 2.728129666
1572362773 2.73767674
1572362969 2.519739993
1572363417 2.175216627
1572363747 2.016151176
1572364076 1.968253756
1572364407 1.992350324
1572364739 2.048971799
1572365081 2.397700207
1572365459 2.100063872
1572365830 2.143417496
1572366170 2.013492184
1572366505 2.164161417
1572366852 1.874154766
1572367025 2.09499323
1572367194 1.997920132
1572367363 2.30928927
1572367536 2.530116125
1572367717 2.125793322
1572367893 2.091076307
1572368060 2.224593224
1572368227 2.001286635
1572368393 2.091905269
1572369536 2.096443187
1572369865 2.060905719
1572370196 1.886775512
1572370528 1.976313375
1572370857 2.00194019
1572371186 2.076487119
1572371519 2.060478338
1572371848 2.200052197
1572372178 2.121514634
1572372507 2.304119278
1572532319 2.617333661
1572532521 2.519329101
1572532726 2.5368667
1572533514 1.997247672
1572533852 2.092768221
1572534206 2.089604318
1572534553 2.119343023
1572534884 2.263104857
1572535233 2.053720718
1572535564 2.191965148
1572535899 1.969329185
1572536230 2.090891579
1572536594 2.150150745
1572537197 2.13987535
1572537851 2.094619301
1572538504 2.101580001
1572539160 2.22022117
1572539813 2.138544858
1572540720 2.036185845
1572541372 2.250726977
1572542022 2.256603511
1572542669 2.155617559
1572543314 2.21536597
1572544445 2.053458269
1572544783 2.101106131
1572544957 2.166586596
1572545131 2.087271733
1572869957 2.004166881
1572870124 2.14420691
1572870345 2.003856947
1572870531 2.092080698
1572870747 2.065960138
1572871086 2.048227434
1572871737 2.101634213
1572872385 2.066645203
1572873067 2.089568824
1572873717 1.964213918
1572874774 2.445579191
1572876864 2.254534922
1572877518 2.312284102
1572878730 2.058214569
1572879858 2.188070074
1572880140 2.040698406
1572880476 2.053586401
1572880815 2.189495147
1572881161 1.991965859
1572881495 2.03744712
1572881827 2.157001743
1572882159 2.053089302
1572882548 1.931274174
1572882881 18.594751641
1572883239 2.141339647
1572965338 2.152724215
1572965506 2.113989436
1572965674 2.089296088
1572965843 2.121567778
1572966007 2.110836477
1572966179 2.118661844
1572966351 2.405249633
1572966519 2.063787571
1572966708 2.103284516
1572966879 2.165951194
1572967104 2.134914533
1572967806 2.141360369
1572969110 2.08317368
1572969763 2.047705194
1572970423 2.032854063
1572971074 2.395965265
1572971736 2.0814615
1572972396 2.101806835
1572973108 1.967355121
1572973762 2.062917006
1572974411 2.044150778
1572975141 2.174334832
1572975468 2.140122025
1572975806 1.956020863
1572976168 2.153332216
1572976549 1.90675514
1572976879 2.104074384
1572977209 2.139692431
1572977572 1.968675785
1572977919 2.087863597
1573206985 2.219136627
1573207154 2.040782661
1573207322 2.258626234
1573207489 2.128081922
1573207659 1.961352417
1573207827 2.091718779
1573207993 2.220044437
1573208158 2.169807063
1573208325 2.246734947
1573208492 2.270298178
1573208697 2.1840563
1573209348 2.179217663
1573210014 1.971679469
1573210680 2.022594772
1573211346 2.053632142
1573212002 1.97310695
1573212651 2.151397531
1573213304 2.126129586
1573213972 2.268050995
1573214629 2.100057604
1573218165 2.169829179
1573218493 2.225665264
1573218884 2.135777005
1573220228 1.98162788
1573220395 2.18322409
1573220562 2.085132017
1573220731 2.179733444
1573220899 2.140512315
1573221067 2.070716416
1573221231 2.140400037
1573221400 2.143605705
1573221566 2.195366115
1573221736 2.096252096
1573221925 2.226210719
1573222096 2.139960935
1573222262 2.163965308
1573222427 2.196663988
1573222596 2.072470113
1573301076 2.119902424
1573301245 2.213770532
1573301415 2.221169103
1573301596 2.107990542
1573301781 2.095550917
1573301952 2.186465552
1573302128 2.028152981
1573302302 2.082070819
1573302471 2.134697793
1573302637 2.131000449
1573303379 2.250946991
1573303787 2.141066174
1573303954 2.133327385
1573304119 1.820522687
1573304278 1.921694124
1573304444 1.920608981
1573304607 5.79663088
1573304770 1.937114623
1573304929 1.904065797
1573305090 4.950660664
1573305252 2.13986943
1573306390 1.836086781
1573306726 1.79572907
1573307050 2.256721637
1573307386 1.972935601
1573307703 1.773998547
1573308024 2.140468839
1573308338 2.218017575
1573308669 1.689273862
1573308990 2.088265789
1573309313 8.956554437
1573310161 1.924661633
1573310786 2.220013471
1573311402 2.096241985
1573312019 1.655152661
1573312718 2.171743184
1573313339 2.003837036
1573313960 1.73129863
1573314589 1.841703174
1573741812 2.061670825
1573741940 2.132692131
1573743572 1.800366583
1573743670 1.842207626
1573743772 2.048297688
1573743870 1.938132997
1573743970 1.93933004
1573744067 1.996530976
1573744164 1.808791145
1573744263 2.347726584
1573744358 1.884806876
1573744450 1.901876893
1573744561 1.872005402
1573744654 2.030652557
1573744753 1.921508337
1573744867 1.882505699
1573745003 1.918600665
1573745100 2.056677633
1573745284 2.095826002
1573745381 1.753452855
1573745484 2.18862022
1573745584 2.184196231
1573745682 1.916201064
1573745785 2.304479095
1573745884 2.227062404
1573745979 2.049107242
1573746080 2.174484826
1573746178 1.959699574
1573746280 2.089550713
1573746380 1.871633765
1573746478 1.823821314
1573746573 1.796494965
1573748893 1.755845541
1573748990 1.716194049
1573749091 1.851839752
1573749296 1.889645255
1573749429 2.010220356
1573749534 1.971043538
1573749732 1.879743721
1573749829 1.972623846
1573752426 2.211548769
1573752684 2.145236826
1573752843 1.840687384
1573753000 1.895556122
1573753158 1.778458472
1573753313 2.044041777
1573753472 2.019827811
1573753626 1.994185523
1573753787 2.010710649
1573754607 2.046855971
1573754767 1.874364918
1573754925 1.963737019
1573755096 2.015988862
1573755255 1.759518889
1573755414 1.883638209
1573755569 2.827847243
1573755729 1.9686006
1573755886 2.003633006
1573756043 1.95779255
1573827938 1.763533446
1573828250 1.882017453
1573828560 2.008973842
1573828865 1.844118511
1573829171 1.727108394
1573829477 1.843490031
1573829858 1.787490303
1573830343 1.96048621
1573830651 1.903925942
1573830959 2.04128822
1573831352 1.79808664
1573831509 1.791565232
1573831667 1.748952854
1573831840 1.98981046
1573831992 1.959172078
1573832151 1.829081849
1573832307 1.874636443
1573832475 1.916090626
1573832630 1.795364606
1573832784 1.791888167
1573832968 2.035933192
1573833138 1.663221748
1573833301 2.013452956
1573833458 1.945678425
1573833615 1.981246454
1573900990 1.958679797
1573901148 1.755720939
1573901304 1.846354722
1573901459 1.796074126
1573901621 2.016740996
1573901774 1.698486342
1573901929 1.911401037
1573902087 1.868118094
1573902244 1.926152036
1573902400 1.765814144
1573902593 1.891645537
1573902901 2.136241053
1573903211 1.781760336
1573903523 1.915073553
1573903833 2.062645488
1573904142 1.786999939
1573904450 2.8023219
1574685716 2.074734122
1574685895 6.024698394
1574686079 1.847538643
1574686237 2.289589061
1574686399 2.091688369
1574686556 1.922054037
1574686720 2.339571115
1574686886 1.704846042
1574687076 2.267698829
1574687248 1.838986063
1574687910 2.343807721
1574688222 1.675010549
1574689583 2.064752672
1574689798 2.444074921
1574689957 1.859483694
1574690130 1.90671655
1574690295 13.329319954
1574690467 1.931348643
1574690636 1.954328422
1574690798 1.581228243
1574690981 2.09781744
1574691155 1.739065457
1574691914 2.174722035
1574692233 1.774059038
1574692551 2.094938106
1574693462 2.121100771
1574693780 8.967881475
1574694218 2.266950777
1574694548 2.374113595
1574694859 2.064461247
1574695088 1.916353866
1574695414 2.18857599
1574695754 2.029174285
1574696213 1.909068177
1574696789 1.791569643
1574697364 2.293995461
1574697957 1.83500728
1574698527 1.951182226
1574706647 2.099815823
1574706782 1.728696339
1574707026 1.871619843
1574707206 2.219753964
1574708406 1.79157827
1574708488 1.605879199
1574708689 1.69251892
1574709072 2.002902622
1574709304 2.173356249
1574710415 2.35678285
1574710604 2.105196803
1574710604 2.105196803
1574707026 1.871619843
1574708689 1.69251892
