1569849946 4.443527754
1569850150 4.477845833
1569849946 4.443527754
1569850150 4.477845833
1569850963 4.585085975
1569851169 4.454096574
1569851519 4.429186156
1569851726 4.48657696
1569851955 4.484444562
1569852185 4.568747083
1569852422 4.527740206
1569852639 4.55423386
1569853030 4.555267013
1569853342 4.458237374
1569853582 4.388899351
1569854223 4.682996758
1569855196 4.41447506
1569855629 4.477502847
1570446953 4.248222399
1570448045 4.437270743
1570448772 4.349008352
1570449241 6.453660098
1570449672 4.937312846
1570543068 4.224490786
1570543430 4.398494759
1570543631 4.317982881
1570544560 4.39753107
1570544764 4.267940018
1570545021 4.224016253
1570545230 4.27748345
1571322940 4.331545766
1571323261 4.331721858
1571323654 4.290252646
1571324056 4.12610131
1571324456 4.226650016
1571325062 4.361617877
1571325259 4.276384025
1571325458 4.259298247
1571325663 4.203993614
1571325861 4.243165199
1571326062 4.293113208
1571326753 4.355491555
1571326965 4.272851102
1571327172 4.274252862
1571327387 4.302125266
1571327777 4.29365643
1571328168 4.180605367
1571328559 4.22238367
1571328950 4.280839882
1571329342 4.446513464
1571329934 4.327714602
1571395854 4.21909669
1571396050 4.330503835
1571396247 4.347560028
1571396446 4.288728809
1571396645 4.354346699
1571396843 4.328393257
1571397073 4.270006196
1571397277 4.294445112
1571397475 4.416897969
1571397672 4.172775812
1571397891 4.321825364
1571398283 4.258236624
1571398678 4.349164085
1571399069 4.215711286
1571399460 4.368375046
1571399857 4.22819584
1571400250 4.26614529
1571400672 4.351495139
1571401071 4.229379179
1571401463 4.27338008
1571404920 4.184479827
1571405119 4.255703909
1571405316 4.345372351
1571405517 4.421009841
1571405748 4.358557395
1571406843 4.305732109
1571407233 4.219749863
1571407627 4.273066601
1571408015 4.292864312
1571408407 4.311833985
1571408938 4.363970335
1571409169 4.26837751
1571409370 4.232730478
1571409569 4.352202436
1571409785 4.375043643
1571664352 4.611349685
1571664896 4.475258214
1571665099 4.184312835
1571665310 4.335055536
1571665504 4.350432626
1571665699 4.190495964
1571665899 4.269923092
1571666290 4.309540643
1571666681 4.30682831
1571667075 4.387729868
1571667512 4.258948121
1571668117 4.3231785
1571668316 4.327428623
1571668520 4.322293792
1571668714 4.374248725
1571668911 4.329791143
1571669164 4.2805756
1571669563 4.316186562
1571751988 4.395492914
1571752183 4.251569566
1571752382 4.423952586
1571752587 4.24600007
1571752782 4.239449772
1571752978 4.445042199
1571753176 4.248131848
1571753373 4.305647544
1571753570 4.3242418
1571753766 4.350212012
1571754075 4.25933324
1571754471 4.305197405
1571754864 4.320444693
1571755267 4.30005644
1571755831 4.247608985
1571756501 4.273014847
1571756912 4.308238601
1571757361 4.30120079
1571757750 4.354139178
1571758149 4.355296498
1571758540 4.313562273
1571760125 4.441579756
1571760320 4.365642237
1571760524 4.903742267
1571760720 4.32142989
1571760919 4.353835938
1571761130 4.333360601
1571761330 4.372322942
1571761525 4.512026208
1571761720 4.407439936
1571761925 7.422119732
1571762154 4.305012454
1571762943 4.211690985
1571763331 4.240498484
1571763723 4.38381218
1571764130 4.750073936
1571764540 4.181058013
1571764933 4.336473977
1571765321 4.234545433
1571765712 4.228623404
1571766289 4.404066436
1571767072 4.352286891
1572003231 4.304960529
1572003425 4.229200329
1572003624 4.292286636
1572003821 4.187843494
1572004017 4.252970067
1572004213 4.334890659
1572004407 4.321182003
1572004607 4.343213191
1572004809 4.25989427
1572005007 4.409466286
1572006298 4.211604729
1572007036 4.440068993
1572007430 4.302470091
1572007923 4.298517984
1572008333 4.4395511
1572008736 4.337305552
1572009131 4.413783495
1572009520 4.234002109
1572009912 4.260275861
1572010307 4.50320682
1572010698 4.318498154
1572011209 4.293865177
1572011405 4.255877134
1572011599 4.327099982
1572011799 4.34934094
1572011995 4.156650463
1572012193 4.347584362
1572012387 4.300056097
1572012581 4.239902589
1572012776 4.352051696
1572012970 4.393285844
1572013260 4.310964982
1572013653 4.291409877
1572014045 4.427843693
1572014436 4.406098112
1572014826 4.371422981
1572265029 4.293686564
1572265226 4.335478832
1572265424 4.340726691
1572265623 4.267506576
1572266030 4.336558762
1572266223 4.242083267
1572266425 6.097797874
1572266627 4.269876569
1572268107 4.423287363
1572268877 4.397444279
1572269291 4.2054978
1572269697 4.341580974
1572270114 4.320919307
1572270511 4.436000008
1572270905 4.204817078
1572272262 3.536067386
1572272592 3.385153015
1572272928 3.455086358
1572273262 3.469373723
1572273606 3.533464161
1572274098 3.577013741
1572274442 3.670397919
1572274608 3.425371211
1572274780 3.459574804
1572274950 3.491768404
1572275119 3.581802703
1572275297 3.430495161
1572275466 3.381227835
1572275641 3.4608766
1572276031 3.425159203
1572276364 3.443582827
1572276702 3.409544699
1572277032 3.493734888
1572277363 3.754715295
1572277709 3.477175489
1572278057 3.416954054
1572278390 3.516229268
1572361242 4.398209091
1572361440 4.241357276
1572361636 4.399291952
1572361830 4.226874313
1572362030 4.224272075
1572362223 4.427652405
1572362419 4.310781796
1572362615 4.365081436
1572362814 4.248484471
1572363010 4.297041263
1572363450 3.413830624
1572363779 3.498079505
1572364109 3.638871405
1572364440 3.459136298
1572364772 3.542700743
1572365114 3.360578629
1572365492 3.533834748
1572365864 3.543979288
1572366203 3.408621903
1572366538 3.490496606
1572366891 3.366936861
1572367058 3.522423497
1572367227 3.388024226
1572367396 3.449026684
1572367579 3.365035304
1572367749 8.570732442
1572367926 3.491519839
1572368094 3.487582948
1572368260 3.499915921
1572368426 3.563642801
1574710635 3.329665479
1574707056 3.287753915
1574708719 3.198699258
