1569854795 3.601756584
1569856402 2.876220575
1571330454 3.554218932
1571766813 4.071977691
1571767595 3.579430344
1572537666 2.703185776
1572538319 2.928227688
1572538979 2.772627237
1572539632 2.778219445
1572540280 2.925909547
1572541185 2.842503731
1572541838 2.782443237
1572542487 2.931060691
1572543133 2.91081168
1572543806 2.954490213
1572871552 2.70265412
1572872203 2.868346058
1572872885 2.694147124
1572873532 2.733282789
1572874191 2.575749279
1572875255 2.760132317
1572876111 2.840469886
1572877336 2.845791893
1572877990 2.864589341
1572879230 2.774833317
1572967620 2.786882597
1572968279 2.775207759
1572969578 2.659653512
1572970239 2.769164245
1572970890 2.657515141
1572971552 2.696249666
1572972213 2.809517246
1572972862 2.768719142
1572973579 2.666699816
1572974227 2.733444839
1572974885 2.818459255
1573209162 2.82008806
1573209833 2.586156427
1573210493 2.771648003
1573211161 2.777196414
1573211821 2.738056729
1573212468 2.769027338
1573213121 2.715872423
1573213770 2.749625845
1573214443 2.863325163
1573215101 2.734147262
1573310608 2.524851504
1573311227 2.536909761
1573311837 2.591487198
1573312543 2.906847607
1573313162 2.55253265
1573313785 3.070713856
1573314413 2.431804931
1573315027 2.595233921
1574696634 2.814979722
1574697805 3.02028229
1574698378 2.738155501
1574957048 2.751498493
1574961836 2.631526943
1575035608 2.805339212
1575037207 2.427276295
1575039340 2.943052383
1575121165 2.862293208
1575122159 2.587109179
1575123902 2.607542847
1575125025 2.736568228
1575299049 2.851916359
1575300201 2.685872902
1575300818 2.509858769
1575302200 2.539987773
1575392086 2.643351632
1575393532 2.680730502
1575394658 2.426990687
1575562632 73.465150229
1575565145 2.701439086
1575566284 2.933064934
1575568210 2.725148244
1575568795 2.674744124
1579192419 2.872376181
1579193590 2.778830438
1579195878 2.928622234
1579359645 2.863455255
1579360223 2.715074144
1579360783 2.774359423
1579361894 2.707807249
1579362449 2.414541889
1579363572 2.688526417
1579364138 2.8177826
1579364697 2.777362261
1579531262 2.680456409
1579532318 2.734454596
1579533010 2.632228684
1579533671 3.081109844
1579534958 2.694541185
1579535574 2.775446436
1579537221 2.692973025
1580223949 2.650779138
1580224507 2.776922436
1580226772 2.700763717
1580227339 2.769586179
1580227938 2.871544564
1580228518 2.732537673
1580312505 2.846342129
1580313085 2.761944552
1580313965 2.767661702
1580314604 2.819377879
1580315161 2.67399016
1580315723 2.649868966
1580316994 2.64739903
1580317582 2.844259749
1581942645 2.675532109
1581942955 57.87718188
1581944223 2.719563044
1581945170 2.752988762
1581946119 2.909191881
1581946687 2.664505405
1581947582 2.724125338
1581948175 2.764694468
1581949289 3.041604895
1582034992 2.778783456
1582035864 2.841884165
1582036469 2.72468168
1582037079 3.115780865
1582038272 2.676532524
1582038860 2.725283929
1582041776 2.765282825
1582042526 2.949922546
1582043977 2.912421119
1582044567 2.8948247
1582638167 2.700828156
1582638730 2.93733558
1582640984 2.7293086
1582641543 2.608497886
1582642115 2.639100677
1582642682 2.853749685
1582643256 2.576262669
1582643854 2.770900524
1582644413 2.612729275
1582899023 2.74246611
1582899586 2.776878823
1582900153 2.78405855
1582900712 2.731172619
1582902457 2.805354725
1582903017 2.729095302
