1569854538 2.770111327
1569856002 2.815827615
1571330235 2.821325219
1571766591 2.732338522
1571767374 2.770540867
1572537481 2.307005674
1572538138 2.158056378
1572538798 2.264772064
1572539451 2.140905299
1572540098 2.220152064
1572541003 2.385577193
1572541657 2.323115396
1572542305 2.179069073
1572542953 2.309911676
1572543618 2.177096166
1572871372 2.278029399
1572872022 2.395636303
1572872698 2.215637592
1572873352 2.228530468
1572874005 2.170243
1572875067 2.222729454
1572875928 2.179618971
1572877154 2.173095321
1572877803 2.230390736
1572879048 2.215008579
1572967439 2.233555087
1572968095 2.182668626
1572969397 2.163298686
1572970058 2.209009527
1572970708 2.19234615
1572971361 2.299255826
1572972023 2.263387474
1572972681 2.182066861
1572973397 2.210080221
1572974047 2.227133626
1572974698 2.219687063
1573208982 2.26783313
1573209637 2.305847413
1573210311 2.260393839
1573210980 2.169509997
1573211638 2.190192439
1573212287 2.186655637
1573212938 2.273331285
1573213588 2.255490953
1573214261 2.295706404
1573214918 2.482637704
1573310434 2.04255729
1573311055 2.131333697
1573311669 1.993715388
1573312374 2.008216661
1573312985 2.182352879
1573313611 2.133906755
1573314244 2.09953433
1573314857 2.089779954
1574696466 2.183587643
1574697047 1.968952838
1574697637 2.125970847
1574698211 2.115837484
1574698796 2.094453593
1574709582 2.05070253
1574710869 1.965925205
1574956219 2.006468757
1574956881 2.120001167
1574957482 2.047791061
1574958062 2.145618537
1574958657 1.91242823
1574959243 2.000935426
1574959846 2.136259915
1574960424 2.085272929
1574961034 2.009054546
1574961670 2.133541246
1575033145 2.089688665
1575033713 2.124635776
1575034304 2.129270961
1575034870 1.8382697
1575035441 2.086923308
1575036479 2.042157621
1575037041 2.154764326
1575037600 2.007393293
1575038601 2.101921553
1575039171 2.014581721
1575120434 1.993872652
1575120997 2.044093429
1575121557 2.149628601
1575121968 7.065730743
1575122621 2.047928231
1575123178 2.047507067
1575123737 1.949034184
1575124293 2.029775013
1575124860 2.08020595
1575125418 2.13284059
1575125987 2.120690218
1575297736 2.083870342
1575298314 1.763205627
1575298881 1.868113645
1575299460 1.933969669
1575300032 2.066795677
1575300651 2.088861849
1575301221 2.093751324
1575302033 2.164726906
1575390221 1.872090823
1575390788 1.974477214
1575391354 2.093595575
1575391919 2.050594116
1575392728 2.139669581
1575393365 2.096941086
1575393924 2.171797595
1575394491 2.179061132
1575395055 2.001245437
1575395618 1.968672905
1575562452 2.028456488
1575563150 2.131283866
1575563799 2.041727345
1575564395 2.071826233
1575564978 2.057129229
1575565543 2.077035954
1575566113 2.036615076
1575566698 2.121983962
1575568019 2.042316427
1575568625 2.055407168
1579191073 1.787598063
1579191685 1.947865699
1579192250 1.878292249
1579192831 1.960172988
1579193399 2.120410203
1579193986 2.012406783
1579194555 2.048006143
1579195120 1.969760384
1579195710 2.012882424
1579196273 2.091284598
1579359479 2.017181816
1579360056 2.050267883
1579360616 2.079924515
1579361172 2.143820603
1579361728 2.001357
1579362282 2.044984487
1579362837 2.120413592
1579363405 2.123736053
1579363972 2.12985071
1579364530 1.903919134
1579530516 6.154222317
1579531096 2.019242409
1579532136 1.961314371
1579532841 1.95171018
1579533505 1.922470718
1579534106 1.990815859
1579534792 2.131721683
1579535404 2.062736946
1579536477 2.143731863
1579537055 2.095948387
1580223782 1.976247705
1580224340 2.046626113
1580224896 2.157932556
1580225461 2.097462989
1580226019 2.036607349
1580226604 2.097955571
1580227172 2.041977415
1580227770 2.063984132
1580228351 2.060741583
1580228910 2.100544237
1580312340 2.1004085
1580312919 1.996248911
1580313475 2.072774941
1580314439 1.952205345
1580314996 2.093457495
1580315555 2.083631714
1580316117 1.875472824
1580316818 2.047551499
1580317412 2.050007068
1581942477 2.063855432
1581943679 2.198204225
1581944970 2.123487583
1581945949 2.136212122
1581946520 2.19249108
1581947087 2.126268884
1581948009 2.13475487
1581949108 1.927715781
1582035687 1.895353396
1582036293 2.286079452
1582036900 1.976957112
1582037505 2.334819798
1582038095 2.267581785
1582038692 2.405914043
1582041592 1.897344914
1582042195 2.38252637
1582043789 2.003637984
1582044394 2.299972991
1582638002 2.18835486
1582638563 2.250820703
1582639636 2.154791565
1582640816 2.084821269
1582641374 2.107340794
1582641946 2.162678835
1582642513 2.132869079
1582643087 2.085098965
1582643688 2.104984725
1582644245 2.126118154
1582898846 2.017951902
1582899416 2.114271447
1582899985 2.144167171
1582900546 2.144295896
1582902205 1.993876491
1582902851 1.996783636
1582903456 2.032463579
1574710869 1.965925205
