1569854636 5.681329457
1571330298 5.811983606
1571766655 5.714658277
1571767438 5.718190806
1572538191 4.692589008
1572538851 4.779949594
1572539504 4.679755421
1572540151 4.715757607
1572541056 4.60769981
1572541710 4.587815516
1572542358 4.696792686
1572543006 4.458884053
1572543671 4.533286178
1572871425 4.793167428
1572872076 4.764083259
1572872754 4.76165232
1572873405 4.811546509
1572874058 4.943792003
1572875127 5.080614923
1572875981 4.86866015
1572877207 4.722761677
1572877858 4.873375494
1572879102 5.159534721
1572967493 4.642890279
1572968150 4.629762984
1572969450 4.778996978
1572970112 5.025056399
1572970762 4.592380165
1572971423 4.818972465
1572972085 4.964007255
1572972734 4.803857534
1572973450 4.688263333
1572974100 4.721194848
1572974752 4.987930156
1573209035 4.753226254
1573209690 4.652904498
1573210365 5.163113191
1573211033 4.974450788
1573211692 4.649372586
1573212340 5.232670006
1573212993 4.946267344
1573213642 4.86803959
1573214314 5.130351067
1573214972 4.857224007
1573310487 5.306135103
1573311104 4.486130173
1573312425 4.128859179
1573313038 4.501735416
1573313663 4.413386519
1573314294 4.395172925
1573314909 4.545146646
1574696516 4.284276089
1574697097 4.304590804
1574697688 4.222804209
1574698260 4.182881154
1574698848 4.434860206
1574709660 4.444388379
1574710919 4.429063142
1574956268 4.517170552
1574956930 4.417378133
1574957531 4.481635128
1574958114 4.252126673
1574958706 4.40689629
1574959292 4.488602325
1574959895 4.54805239
1574960473 4.526565114
1574961083 4.558316025
1574961719 4.463984109
1575033195 4.239367156
1575033763 4.231093963
1575034354 4.206238198
1575034927 4.262314566
1575035490 4.443238953
1575036528 4.476310295
1575037090 4.218497185
1575037649 4.305863226
1575038651 4.441137706
1575039221 4.48553153
1575120483 4.180654206
1575121049 4.06547276
1575121766 5.847679234
1575122043 4.178219292
1575122669 4.475955111
1575123226 4.570696905
1575123786 4.401484722
1575124342 4.355686307
1575124909 4.036936997
1575125471 4.474759633
1575126037 4.358606291
1575298362 4.302337277
1575298930 4.477747548
1575299510 5.660069394
1575300083 4.337105571
1575300702 4.148951555
1575301473 4.344392877
1575302081 4.435814019
1575390270 3.928181556
1575390840 4.052727433
1575391403 4.435935835
1575391969 4.018660047
1575392778 4.461454446
1575393415 4.366793242
1575393973 4.355747341
1575394540 4.381261838
1575395104 4.293978498
1575395668 4.403653852
1575562502 4.240028701
1575563200 4.110024114
1575563848 4.575855029
1575564446 4.231371275
1575565027 4.110766086
1575565592 4.687933932
1575566167 4.40330013
1575566748 4.495836353
1575568093 4.387191688
1575568678 4.370032431
1579191122 4.131274247
1579191734 4.555919526
1579192301 4.201320521
1579192880 4.524711353
1579193448 4.07396083
1579194037 4.116975697
1579194605 4.488057246
1579195169 4.286554389
1579195760 4.15356014
1579196322 4.440039408
1579359528 3.910256616
1579360105 4.435926242
1579360666 4.012400421
1579361221 4.553499361
1579361776 4.592362174
1579362330 4.385186865
1579362887 4.291626207
1579363454 4.395354922
1579364021 4.056231331
1579364580 4.427874642
1574710919 4.429063142
