1569854513 4.176455566
1569855937 6.631568694
1571330209 4.011991461
1571766566 4.007358731
1571767348 4.039025686
1572537461 3.325968549
1572538117 3.282133303
1572538777 3.20465856
1572539430 3.244164091
1572540078 3.248073223
1572540983 3.288893627
1572541637 3.262099879
1572542285 3.162632409
1572542932 3.191665495
1572543597 3.401555563
1572871351 3.248000954
1572872001 3.2250097
1572872678 3.284568233
1572873332 3.490765232
1572873985 3.342579234
1572875046 3.235535978
1572875908 3.283015434
1572877133 3.279115023
1572877783 3.183709019
1572879013 5.4918412
1572967418 3.317987622
1572968075 3.297030288
1572969377 3.242741725
1572970038 3.291380799
1572970688 3.288919021
1572971340 3.326965911
1572972003 3.280323408
1572972661 3.333760692
1572973377 3.070645216
1572974027 3.170523264
1572974678 3.21606905
1573208961 3.159023693
1573209617 3.199341311
1573210291 3.291888991
1573210960 3.208319235
1573211618 3.171014503
1573212266 3.247831523
1573212917 3.282210891
1573213568 3.161895212
1573214241 3.26825146
1573214896 3.366422908
1573310415 3.312674022
1573311036 3.076074449
1573311651 3.083322335
1573312356 3.198370079
1573312965 3.419184086
1573313593 2.972682099
1573314226 2.980051813
1573314838 3.392555968
1574696448 2.982441836
1574697029 3.025003441
1574697619 2.861298384
1574698192 2.952471687
1574698778 2.982177426
1574709563 3.119300496
1574710850 3.013791231
1574956201 2.940012429
1574956862 2.895318187
1574957464 2.870489358
1574958043 3.022391365
1574958635 2.943690417
1574959224 3.135547826
1574959827 2.823696355
1574960406 2.995556647
1574961016 2.989467955
1574961652 2.830651512
1575033126 3.044866028
1575033695 3.17128264
1575034285 3.059089356
1575034851 3.187359771
1575035423 2.876807411
1575036446 2.996354988
1575037023 2.720583332
1575037582 2.947781914
1575038583 2.955875549
1575039153 3.029349835
1575120416 2.907427391
1575120979 2.824249526
1575121539 2.948299535
1575121946 3.014382294
1575122602 2.982470325
1575123160 2.993624493
1575123718 3.052525492
1575124275 2.823210444
1575124842 2.983869067
1575125400 3.060221209
1575125969 2.977569262
1575297718 2.974842524
1575298294 2.86357443
1575298863 3.059367313
1575299441 2.983179404
1575300013 3.158521609
1575300632 3.168402824
1575301203 2.993444665
1575302014 3.114684269
1575390202 3.19715301
1575390769 2.95986464
1575391337 2.801881164
1575391901 2.989146583
1575392710 2.948452296
1575393347 3.033442653
1575393906 3.021385442
1575394473 2.989778304
1575395037 2.850939818
1575395599 2.942564692
1575562434 2.910867946
1575563132 3.047731587
1575563781 2.829530873
1575564376 3.13582008
1575564960 2.996585164
1575565525 2.817809593
1575566094 3.100215195
1575566680 2.888253416
1575568000 3.237431551
1575568606 3.022527636
1579191054 2.770946075
1579191667 3.149164406
1579192232 3.137247861
1579192813 2.88067869
1579193380 3.115822484
1579193968 3.18041428
1579194537 2.844622968
1579195101 2.909728491
1579195692 3.052978399
1579196254 3.063393161
1579359460 2.927010188
1579360037 2.935242205
1579360598 2.970081609
1579361154 2.956500642
1579361709 2.89909736
1579362264 2.897906574
1579362819 2.947394359
1579363386 3.005747406
1579363953 2.912048079
1579364512 2.90265567
1574710850 3.013791231
