1569850008 1.79955986
1569850212 1.683364011
1569850008 1.79955986
1569850212 1.683364011
1569850744 0.798195111
1569851025 1.795938531
1569851231 1.910873114
1569851581 1.918154702
1569851793 2.092576699
1569851795 0.048246009
1569852017 2.001698981
1569852247 1.713290527
1569852484 1.812303679
1569853094 1.905999873
1569853406 1.870082298
1570543132 1.876129264
1570543494 1.859287736
1570543704 1.622952584
1570544621 1.925281542
1570544880 1.795649332
1570545081 1.847891066
1570545298 1.83538359
1571323005 1.700379896
1571325123 1.888083965
1571325319 1.917802021
1571325524 1.208346069
1571325525 0.089074183
1571325725 1.777149759
1571325921 2.011720244
1571326122 1.87343102
1571326813 1.664068021
1571327029 1.798409072
1571327238 1.844454994
1571395915 1.800324416
1571396112 1.966485025
1571396308 1.927549018
1571396507 1.962866563
1571396509 0.044643585
1571396706 2.214779994
1571396933 1.731282024
1571397137 1.836234302
1571397339 1.885047671
1571397535 1.77236924
1571397732 1.924148294
1571404981 1.969691251
1571405179 1.798698871
1571405377 2.048772219
1571405605 2.054384252
1571405809 1.928096231
1571409027 1.904463364
1571409229 1.4531984
1571409231 0.291407405
1571409430 1.963984592
1571409647 1.924810951
1571409845 2.12751941
1571664413 1.698687363
1571664415 0.12718736
1571664955 6.763967055
1571665158 1.968397005
1571665160 0.031201376
1571665160 0.039473929
1571665160 0.131500975
1571665369 1.87614058
1571665563 1.795681125
1571665759 1.936628347
1571668176 1.768211334
1571668375 1.749868967
1571668579 1.842153743
1571668581 0.492994027
1571668773 1.905408224
1571668974 1.950497923
1571752047 1.839563848
1571752242 1.92789713
1571752442 1.748558863
1571752646 1.970331032
1571752841 2.041520681
1571753037 1.793325292
1571753234 1.968499367
1571753431 2.052472317
1571753629 1.849043864
1571753826 1.922112059
1571760184 1.836728466
1571760379 1.662272882
1571760583 1.824239673
1571760779 1.915724451
1571760781 0.024876392
1571760981 1.980615638
1571761189 1.764806438
1571761191 0.17450477
1571761388 1.884039139
1571761583 1.914387064
1571761779 1.929130351
1571761987 1.964036002
1572003289 1.896555736
1572003486 2.142776903
1572003682 1.821741138
1572003879 1.771634022
1572003881 0.117114153
1572004076 1.871069571
1572004272 1.925799255
1572004466 1.792103116
1572004665 1.850470353
1572004867 1.912794013
1572005066 1.804437777
1572011268 1.753955648
1572011464 1.835901896
1572011660 1.817495629
1572011857 1.969956361
1572012053 1.97479331
1572012251 1.832417159
1572012445 2.21935765
1572012640 1.972204306
1572012835 1.884054093
1572013029 1.96671313
1572265088 1.906200859
1572265285 1.963608974
1572265484 2.001111862
1572265682 2.177522634
1572265887 1.948521464
1572266089 1.773228355
1572266286 1.917508399
1572266288 0.072555554
1572266486 1.869027298
1572266686 1.796141659
1572266888 1.970306875
1572274150 1.577622097
1572274323 1.835180677
1572274492 1.576663236
1572274664 1.57681551
1572274832 1.446224334
1572275002 1.585807616
1572275174 1.494344238
1572275349 1.586100432
1572275351 0.048963738
1572275519 1.375533655
1572275693 1.526062899
1572361302 1.756601903
1572361499 2.013663196
1572361694 1.900509075
1572361889 1.919349273
1572362088 1.503360792
1572362089 0.378276111
1572362282 1.841806132
1572362478 1.861103296
1572362677 1.793263011
1572362872 1.626901975
1572362874 0.217374733
1572363068 1.90710499
1572366941 1.603569566
1572367109 1.306900084
1572367282 1.367537857
1572367448 1.536133905
1572367449 0.024621962
1572367630 1.573520687
1572367807 1.589049373
1572367976 1.490617515
1572368145 1.550394187
1572368312 1.481007005
1572368477 1.690490165
1572532419 1.900443637
1572532620 1.964890163
1572532825 1.886110989
1572544529 1.502809467
1572544697 1.511099671
1572544869 1.535821531
1572545041 1.487368702
1572545215 1.533870422
1572870043 1.579623238
1572870261 1.544231627
1572870443 1.182694408
1572870664 1.586445021
1572870833 1.577133779
1572965423 1.484096259
1572965590 1.453329036
1572965758 1.633931251
1572965926 1.527250451
1572966098 1.533058817
1572966265 1.514891689
1572966436 1.570189772
1572966619 1.750700029
1572966799 1.573452489
1572966963 1.399922645
1573207071 1.350079897
1573207238 1.631317299
1573207408 1.440125709
1573207573 1.540255934
1573207743 1.627290706
1573207910 1.606039249
1573208077 1.527876129
1573208242 1.53602988
1573208411 1.627754647
1573208576 1.65514015
1573220311 1.404869336
1573220479 1.573943888
1573220647 1.473019173
1573220816 1.419571923
1573220984 1.6189756
1573221150 1.6786878
1573221314 1.539984134
1573221484 1.496011274
1573221651 1.641487752
1573221820 1.464924586
1573222009 1.539623663
1573222180 1.524979576
1573222347 1.422281769
1573222512 1.577767616
1573222682 1.52218522
1573301160 1.622445025
1573301329 1.448653033
1573301511 1.595441842
1573301679 1.203631242
1573301680 0.078435552
1573301865 1.542755254
1573302045 1.494460604
1573302212 1.4526424
1573302387 1.670288166
1573302556 1.625706655
1573302738 1.543015262
1573303875 1.499727314
1573304039 1.497577206
1573304199 1.469130199
1573304365 1.56889599
1573304524 1.539605529
1573304691 1.278792513
1573304692 0.120606356
1573304849 1.313565137
1573305010 1.413770337
1573305172 1.411838667
1573305331 1.44043671
1573752504 1.368949464
1573752762 1.489760524
1573752921 1.136499812
1573752923 0.122281003
1573753080 1.361381034
1573753237 1.459818192
1573753392 1.322571732
1573753551 1.460442039
1573753704 1.326744608
1573753866 1.366252516
1573753867 0.046541273
1573754685 1.401280977
1573754845 1.326695946
1573755007 1.387658063
1573755173 1.331498385
1573755336 1.47861952
1573755493 1.533119729
1573755648 1.404349103
1573755806 1.507016163
1573755964 1.451889581
1573756122 1.663948921
1573831429 1.403856763
1573831587 1.358524116
1573831745 1.488521567
1573831918 1.617344911
1573832070 1.488459438
1573832231 1.318203635
1573832389 1.575825973
1573832552 1.57446847
1573832708 1.434295402
1573832863 1.500830913
1573833059 1.483093612
1573833215 1.37098733
1573833379 1.467826119
1573833536 1.401866198
1573833694 1.36845089
1573901068 1.371600711
1573901069 0.043176392
1573901226 1.531411009
1573901381 1.625392066
1573901538 1.39968316
1573901698 1.524634974
1573901853 1.381653298
1573902008 1.549040826
1573902165 1.3899795
1573902323 1.28775277
1573902479 1.412692185
1574685798 1.351261164
1574685987 1.503459276
1574686158 1.362414372
1574686321 1.714112308
1574686478 1.372541625
1574686644 1.418045115
1574686807 1.629910616
1574686994 1.376089806
1574687169 1.451966114
1574687333 1.414555328
1574687334 0.033599361
1574689662 1.430703717
1574689878 1.435591591
1574689880 0.087372636
1574690047 1.363060932
1574690217 1.232003758
1574690387 1.436076638
1574690546 1.550505099
1574690718 1.576969284
1574690877 1.493841565
1574691062 1.524977105
1574691241 1.320825388
1574706863 1.499686473
1574707105 1.432303701
1574954207 0.98347719
1574954208 0.049544905
1574954372 1.285783981
1574954549 1.391985307
1574954713 1.322271501
1574954895 1.373247332
1574955054 1.523324644
1574955312 1.452971361
1574955471 1.504008295
1574955630 1.332898578
1574955791 1.510394978
1575026540 1.377623272
1575026700 1.311756486
1575026862 1.368757354
1575027022 1.443923688
1575027185 1.387535367
1575027347 1.454074977
1575027513 1.50954524
1575027670 1.422256856
1575027835 1.315224454
1575027999 1.498132055
1575112855 1.415444783
1575113016 1.473118611
1575113178 1.492822064
1575113340 1.49699911
1575113498 1.317817985
1575113657 1.374472604
1575113814 1.291675667
1575113972 1.529730996
1575114135 1.404534077
1575114296 1.373600891
1575289785 1.415613769
1575289952 1.499004253
1575290119 1.420000639
1575290300 1.376140157
1575290476 1.317599102
1575290651 1.742403844
1575290817 1.427211687
1575290974 1.326004696
1575291136 1.501241957
1575291298 1.539364002
1575384186 1.356976077
1575384346 1.366109437
1575384506 1.285842876
1575384666 1.385226148
1575384829 1.346573295
1575384988 1.459460158
1575384989 0.046140473
1575385147 1.481458064
1575385307 1.363597206
1575385470 1.721550134
1575385630 1.504559905
1575556568 1.364403658
1575556728 1.447852721
1575556901 1.355130922
1575557086 1.441854708
1575557255 1.367827013
1575557257 0.042678654
1575557439 1.500962264
1575557614 1.670245118
1575557787 1.45933377
1575558247 1.451956285
1575558433 1.343714481
1579184066 1.523065863
1579184781 1.121533635
1579184942 1.239079199
1579185106 1.418815078
1579185279 1.51498976
1579185458 1.483275737
1579185639 1.404696376
1579185819 1.652038728
1579186005 1.455590627
1579186007 0.040617707
1579186178 1.495838981
1579351796 1.375457237
1579351962 1.553572599
1579352123 1.461546264
1579352284 1.415009997
1579352446 1.454182484
1579352611 1.478804732
1579352612 0.052780525
1579352768 1.423997727
1579352930 1.368790054
1579353093 1.359499102
1579353965 1.599219109
1579522883 1.494106535
1579523087 1.372970855
1579523278 1.454582123
1579523442 1.49097612
1579523616 1.537314817
1579523798 1.31426449
1579523980 1.318993894
1579524167 1.466070798
1579524169 0.175868493
1579524335 1.557958698
1579524503 1.436213264
1579537489 1.363146498
1580215337 3.4007942
1580215532 1.623717777
1580215695 1.487409734
1580215854 1.475682877
1580216015 1.178063195
1580216016 0.042570032
1580216016 0.014111196
1580216178 1.407830771
1580216337 1.415655756
1580216501 1.312338087
1580216657 1.544694169
1580216841 1.587209432
1580304750 1.408481545
1580304906 1.416187778
1580305069 1.568259899
1580305230 1.451107584
1580305413 1.377588998
1580305575 1.593007115
1580305577 0.300333106
1580305737 1.251767128
1580305894 1.558586058
1580306049 1.266282003
1580306210 1.290843866
1580306212 0.092312785
1581935250 1.498640811
1581935408 1.297070078
1581935569 1.317308815
1581935735 1.509464038
1581935903 1.440676462
1581936074 1.318140519
1581936245 1.456079321
1581936408 1.375793567
1581936410 0.028806845
1581936567 1.454956048
1581936742 1.586550873
1582026923 1.370582356
1582027086 1.375375743
1582027251 1.526701346
1582027418 1.364002805
1582027831 1.309830286
1582027996 1.39557598
1582028164 1.272152547
1582028330 1.462396509
1582028499 1.457352842
1582028669 1.366168015
1582113139 1.455466649
1582113307 1.297472008
1582113471 1.363255927
1582113638 1.403878168
1582113804 1.451037785
1582113978 1.455377288
1582114141 1.388036112
1582114303 1.45085066
1582114470 1.497723607
1582114634 1.440839777
1582114797 1.493177388
1582114963 1.392536096
1582115125 1.267249642
1582115292 1.540911249
1582115455 1.414532013
1582115619 1.372584908
1582115782 1.365062412
1582115946 1.384220384
1582116127 1.368911665
1582116343 1.338524928
1582116518 1.321727993
1582116684 1.484943989
1582119003 1.455410131
1582119166 1.319025642
1582119336 1.361821507
1582119511 1.548585943
1582119688 1.457762628
1582119850 1.49299637
1582120022 1.40433958
1582120197 1.351779917
1582120918 1.702770807
1582121085 0.93042566
1582121329 1.624094316
1582121492 1.510302412
1582125234 1.212726571
1582125394 281.635856089
1582125877 1.490015054
1582126044 1.396914362
1582126213 1.408549311
1582126374 1.445331038
1582126541 1.653510915
1582126703 1.401810644
1582126868 1.463935794
1582127031 1.502024223
1582127193 1.49125509
1582127360 1.36358433
1582127527 1.451602725
1582127691 1.501697925
1582127855 1.477431493
1582128015 1.275133872
1582128182 1.427434943
1582128361 1.488241016
1582128522 1.189749432
1582128685 1.464241295
1582128852 1.353922137
1582129018 0.85516522
1582129019 0.129567053
1582129186 1.457154273
1582129345 1.274891035
1582129505 1.496811894
1582129670 1.317052469
1582185093 1.49254749
1582185274 1.320932668
1582186008 1.540315864
1582186167 1.502190621
1582186900 1.455333705
1582187864 1.386286088
1582188023 1.580822284
1582188182 1.398771921
1582188342 1.457041901
1582193794 1.459294727
1582193957 1.489637944
1582194122 1.374289853
1582194278 1.279591126
1582194439 1.472536107
1582194603 1.367847753
1582194765 1.550226477
1582194932 1.517360927
1582195093 1.43310134
1582195256 1.502871742
1582195750 1.492548331
1582195909 1.461155038
1582196067 1.699910463
1582196226 1.44597356
1582196386 1.475847755
1582196545 1.603114076
1582196703 1.489423723
1582196863 1.376388478
1582197025 1.407180883
1582197192 1.653415072
1582197348 1.373079673
1582197514 1.543257605
1582197685 1.457678073
1582197687 0.045349498
1582197843 1.414265804
1582198001 1.48786181
1582198158 1.501325828
1582198319 1.505339722
1582198477 1.71442472
1582198757 1.389052473
1582199109 1.618072013
1582631414 1.439421461
1582631575 1.677316518
1582631731 1.492209628
1582631887 1.439368066
1582632045 1.48079944
1582632201 1.028165663
1582632203 0.383173839
1582632361 1.54383629
1582632524 1.496955563
1582632685 1.589035386
1582632844 1.477524519
1582884544 2.321842998
1582884722 1.323622062
1582884891 1.491272835
1582885055 1.373833898
1582885218 1.327343679
1582885381 1.880981767
1582885540 1.578146039
1582885702 1.547491054
1582885868 1.359031314
1582886025 1.618247648
1574707105 1.432303701
