1569849926 4.440554563
1569850130 4.699113134
1569849926 4.440554563
1569850130 4.699113134
1569850942 3.122723755
1569851150 3.329514795
1569851495 7.73157778
1569851705 4.345912984
1569851934 4.901916389
1569852164 4.812507274
1569852402 4.726082449
1569852619 4.567953066
1569853009 4.980182345
1569853321 4.773875863
1569853562 4.476740043
1569854202 4.607628976
1569855161 4.593290513
1569855608 4.462658602
1570446933 4.50974232
1570448025 4.812157979
1570448752 4.684036479
1570449221 4.555312789
1570449649 5.154556987
1570543047 4.637347686
1570543407 4.487354596
1570543611 4.47559452
1570544540 4.547022814
1570544740 5.010233715
1570545001 4.704880427
1570545207 4.74727444
1571322919 4.691796083
1571323241 4.532004074
1571323634 4.561666418
1571324036 4.543818357
1571324436 4.581670144
1571325042 4.540902132
1571325239 4.598322973
1571325438 4.415735423
1571325643 4.443180862
1571325841 4.403226186
1571326041 4.642098263
1571326733 4.614388392
1571326945 4.592215253
1571327152 4.680572138
1571327366 4.637882935
1571327757 4.5390823
1571328148 4.580925929
1571328539 4.565950458
1571328929 4.830575781
1571329322 4.646675754
1571329914 4.44896891
1571395834 4.564549249
1571396030 4.603653854
1571396227 4.512269873
1571396426 4.539125858
1571396624 4.650795992
1571396823 4.59101061
1571397053 4.5118476
1571397257 4.605170237
1571397455 4.480335122
1571397652 4.695719016
1571397872 2.901303521
1571398263 4.711178871
1571398658 4.501851347
1571399049 4.52497478
1571399441 4.351590177
1571399837 4.643347537
1571400230 4.611565918
1571400652 4.567624362
1571401050 4.499842565
1571401443 4.516788138
1571404900 4.706314974
1571405099 4.604907454
1571405296 4.717798566
1571405496 4.478786587
1571405728 4.667754345
1571406823 4.524601704
1571407213 4.588477899
1571407607 4.376195494
1571407995 4.532206991
1571408387 4.502359575
1571408918 4.523932571
1571409149 4.657740128
1571409350 4.701978261
1571409549 4.674183685
1571409765 4.637827956
1571664332 4.723538791
1571664876 4.3744758
1571665079 4.480295879
1571665290 4.511967613
1571665484 4.808407197
1571665679 4.527862033
1571665879 4.696358989
1571666270 4.671476113
1571666661 4.732062373
1571667055 4.611923632
1571667491 4.547645651
1571668099 2.820276178
1571668298 2.954204769
1571668493 10.930161729
1571668694 4.469658996
1571668891 4.537206589
1571669143 4.403178082
1571669543 4.652692977
1571751968 4.543819117
1571752163 4.519245721
1571752362 4.572666391
1571752566 4.693142474
1571752762 4.528277126
1571752958 4.484941367
1571753155 4.619232808
1571753354 2.894291627
1571753552 2.878437108
1571753746 4.63236137
1571754054 4.408868026
1571754451 4.807591994
1571754844 4.618475584
1571755247 4.62375692
1571755811 4.525170901
1571756480 4.664755318
1571756892 4.565934336
1571757341 4.661658981
1571757730 4.693635113
1571758131 2.887873783
1571758519 4.595126188
1571760103 4.482658182
1571760300 4.519613301
1571760501 4.513667442
1571760700 4.677391432
1571760899 4.705645159
1571761111 4.414805328
1571761310 4.532419668
1571761505 4.635623178
1571761700 4.547583988
1571761900 5.58949725
1571762134 4.426761985
1571762923 4.607192974
1571763311 4.569110745
1571763703 4.561003643
1571764107 5.176165225
1571764520 4.594315124
1571764913 4.622835442
1571765301 4.470626435
1571765692 4.434753992
1571766269 4.611016368
1571767052 4.573560755
1571922200 4.557319936
1572003211 5.015662275
1572003405 4.396854965
1572003605 2.867317212
1572003801 4.429516298
1572003997 4.545991932
1572004192 4.455220377
1572004387 4.519347058
1572004587 4.546250491
1572004789 4.661831487
1572004987 4.656201126
1572006278 4.622576529
1572007016 4.641921387
1572007410 4.683260598
1572007903 4.865932805
1572008313 4.492468844
1572008716 4.548618646
1572009111 4.692059282
1572009500 4.515561633
1572009892 4.518634176
1572010287 4.493124778
1572010678 4.355442494
1572011189 4.575601067
1572011385 4.494392881
1572011579 4.499781377
1572011779 4.487433419
1572011975 4.582441769
1572012174 2.76857162
1572012367 4.310980963
1572012561 4.556575775
1572012756 4.736437932
1572012949 4.754129479
1572013239 4.566914906
1572013632 4.519032497
1572014025 4.603545316
1572014416 4.420106719
1572014805 4.604656441
1572265009 4.727349904
1572265206 4.509769235
1572265404 4.475335351
1572265602 4.914969121
1572265800 4.700487047
1572266010 4.649638647
1572266203 4.376079822
1572266404 4.538882943
1572266607 4.545999876
1572268086 4.772431879
1572268857 4.644007133
1572269271 4.678309605
1572269677 4.690602808
1572270094 4.694500741
1572270490 4.474143655
1572270884 4.523684311
1572272245 3.828982547
1572272576 3.70723804
1572272911 3.67620634
1572273244 3.720408253
1572273590 3.62439674
1572274082 3.707256601
1572274250 3.752804399
1572274426 3.737018083
1572274592 3.647148657
1572274764 3.816737543
1572274934 3.647468623
1572275103 3.762754564
1572275281 3.76513149
1572275450 3.659924775
1572275625 3.575842819
1572276012 4.66537119
1572276348 3.539540827
1572276685 3.662001827
1572277016 3.85256239
1572277347 3.675982578
1572277693 3.704263119
1572278041 3.733629497
1572278374 3.540714617
1572361222 4.633636011
1572361420 4.62780789
1572361615 4.752689863
1572361810 4.649581943
1572362008 4.415827985
1572362203 4.524550991
1572362399 4.489392718
1572362595 4.402477415
1572362794 4.532708102
1572362990 4.491314739
1572363434 3.58132486
1572363763 3.716395968
1572364093 3.716551335
1572364423 3.711822647
1572364756 3.706987224
1572365098 3.631649449
1572365476 3.777462606
1572365848 3.672656797
1572366188 2.226477377
1572366522 3.804086898
1572366874 3.671827143
1572367042 3.547152898
1572367211 3.499132624
1572367380 3.659577347
1572367562 3.793844703
1572367733 3.62793839
1572367909 3.791817098
1572368077 3.573524682
1572368244 3.676828055
1572368409 3.659473045
1572369552 3.674777294
1572369882 3.671490861
1572370213 3.660211625
1572370545 3.763546825
1572370873 3.58627361
1572371536 3.849991772
1572371865 3.657416633
1572372195 3.627202557
1572372523 3.702551984
1572532340 4.526876134
1572532541 4.473912223
1572532747 4.595773666
1572533530 3.751118287
1572533868 3.72962028
1572534222 3.615118227
1572534569 3.647657622
1572534901 3.952588304
1572535249 3.580763021
1572535580 3.651755899
1572535916 3.662567697
1572536248 2.282038713
1572536613 3.543883612
1572537213 3.728324864
1572537868 3.83767682
1572538520 3.808555697
1572539177 3.804242231
1572539829 3.586413054
1572540736 3.656307452
1572541389 3.866129019
1572542038 3.709102235
1572542685 3.627214995
1572543331 3.701724356
1572544462 3.792307481
1572544629 3.736574003
1572544799 3.672026995
1572544974 3.620161281
1572545148 3.639154138
1574710620 3.279871203
1574707041 3.335182981
1574708704 3.297556177
