1569854780 1.280193654
1569856387 1.408938497
1571330439 1.23584118
1571766797 1.295569139
1571767580 1.241081365
1572537654 1.029943438
1572538307 0.976169362
1572538693 0.0
1572538693 0.0
1572538693 0.0
1572538693 0.0
1572538693 0.0
1572538967 1.097517843
1572539619 1.022359106
1572539992 0.0
1572539992 0.0
1572539992 0.0
1572540268 1.040417715
1572541172 1.065874271
1572541552 0.0
1572541552 0.0
1572541552 0.0
1572541552 0.0
1572541825 1.024288465
1572542475 1.071010639
1572542847 0.0
1572542847 0.0
1572542847 0.0
1572543121 1.002253888
1572543513 0.0
1572543513 0.043482715
1572543513 0.0
1572543793 1.076994566
1572871540 1.059425822
1572872191 1.023940933
1572872594 0.04276769
1572872594 0.0
1572872873 1.165127669
1572873247 0.0
1572873247 0.0
1572873247 0.0
1572873247 0.0
1572873520 1.111185715
1572873900 0.086716652
1572874178 1.066073372
1572874961 0.0
1572874961 0.0
1572874961 0.0
1572874962 0.0
1572875243 1.00598935
1572876098 1.023911994
1572877323 1.108094817
1572877698 0.0
1572877698 0.0
1572877698 0.0
1572877978 1.066085722
1572879218 1.063966866
1572967332 0.045971687
1572967332 0.0
1572967608 0.986090843
1572967990 0.0
1572967990 0.0
1572967990 0.0
1572968267 0.981206214
1572969292 0.0
1572969566 1.067539289
1572970227 1.017850407
1572970877 1.071000491
1572971540 1.071847598
1572971916 0.0
1572972201 0.983617799
1572972850 0.979997148
1572973289 0.010804847
1572973289 0.0
1572973566 1.062978667
1572974215 1.019661676
1572974873 0.96372443
1573209150 1.121990129
1573209530 0.0
1573209820 1.080166135
1573210481 1.15320277
1573210874 0.0
1573210874 0.0
1573211149 1.029156062
1573211531 0.0
1573211809 0.969580574
1573212455 1.066730066
1573212832 0.0
1573213109 0.981888546
1573213758 0.972896926
1573214431 1.017933792
1573215088 1.179876859
1573215089 0.0
1573215089 0.0
1573215089 0.0
1573215090 0.0
1573215090 0.0
1573215090 0.0
1573310596 0.939888636
1573311215 0.940855297
1573311826 0.845865324
1573312276 0.0
1573312276 0.0
1573312276 0.03615024
1573312532 0.940796579
1573313150 0.976197549
1573313774 0.845961894
1573314402 0.765498473
1573315015 0.972377543
1574698701 0.0
1574698701 0.0
