1570448782 11.919649084
1571328960 11.682590618
1571398688 11.775461144
1571399079 11.580808134
1571400260 12.002029507
1571408418 11.619295278
1571669173 11.490723603
1571754481 11.503057339
1571755277 13.801181942
1571762564 7.771627953
1571764550 11.832611119
1571765722 11.912564356
1571766299 11.435819636
1572007933 14.413237031
1572268887 11.384584219
1572270914 12.899220015
1572364780 11.961773647
1572538549 14.618112161
1572877559 11.639708798
1572881869 11.120931016
1572969150 10.8895697
1572975863 22.561300393
1573308376 10.3664862
1573828598 10.693301559
1573830689 10.458995643
1573902938 10.635283179
1573903871 10.694256043
1574695142 10.274335899
1574953203 10.796723506
1574953837 10.39258514
1574955750 260.502182056
1575028138 10.785755091
1575029715 11.182022169
1575292935 12.427113486
1575294628 10.750867314
1575474401 10.324987432
1579189004 10.850457349
1579189666 11.895146652
1579355024 10.379588535
1579356868 10.479910002
