1569854784 5.535873571
1569856391 5.365225874
1571330444 5.229214358
1571766802 5.541158529
1571767585 5.247986965
1572537657 4.224221158
1572538310 4.169569481
1572538970 4.00542017
1572539623 4.063228673
1572540271 4.107480417
1572541177 4.114707078
1572541829 4.233512644
1572542478 4.26165508
1572543124 4.229057576
1572543797 4.13544964
1572871544 3.960297553
1572872195 4.056269195
1572872876 3.855537625
1572874182 3.877018146
1572875247 3.872363939
1572876101 4.361034152
1572877327 3.964120687
1572877982 4.134797005
1572879221 4.271105851
1572967612 4.127585217
1572968270 4.126517848
1572969569 4.101185784
1572970231 3.897584542
1572970881 4.156144918
1572971543 4.020363681
1572972204 4.072486611
1572972853 3.979588147
1572973570 4.045470507
1572974219 3.966110062
1572974876 4.019093016
1573209154 3.838862745
1573209824 3.787094779
1573210484 3.967402994
1573211152 4.469484719
1573211812 4.158551035
1573212459 4.050377826
1573213112 4.052664596
1573213762 3.966779613
1573214435 3.95827535
1573310599 4.111289444
1573311218 3.961580637
1573311829 4.148042883
1573312535 3.806725771
1573313153 4.104695015
1573313777 3.711787295
1573314405 3.799273142
1573315019 3.84275156
1574696625 3.864801905
1574697205 3.7807548
1574697797 3.804315156
1574698369 3.799031063
1574698957 3.699804262
1574709769 3.977623686
1574711028 3.60985585
1574956377 3.732669843
1574957040 3.850076736
1574957641 3.927223661
1574958223 3.97111291
1574958816 3.779940411
1574959426 3.946236548
1574960005 3.827184233
1574960582 4.06595984
1574961192 3.755444675
1574961828 3.80005019
1575033305 3.986531381
1575033873 3.760007697
1575034463 3.753769361
1575035038 3.801305788
1575035600 3.723103243
1575036637 3.883270397
1575037199 3.96894653
1575037758 3.894392122
1575038761 3.727799441
1575039332 3.851207879
1575120592 3.928986008
1575121157 3.835789134
1575122151 3.932607776
1575122778 4.347391398
1575123336 3.787396401
1575123894 3.75568567
1575124450 3.819045347
1575125017 3.92478306
1575125580 3.942907998
1575126147 3.74341678
1575297899 3.849234724
1575298472 3.805746173
1575299042 2.64027862
1575299621 3.923682443
1575300192 3.847665844
1575300810 3.804319193
1575301583 3.835038785
1575302191 4.025412164
1575390379 4.064594696
1575390949 4.14690945
1575391512 3.843076559
1575392078 3.813332512
1575392888 3.678908563
1575393524 4.103659935
1575394084 4.020552203
1575394650 3.684364888
1575395214 3.750706804
1575395777 4.051318225
1575562624 4.104052598
1575563308 3.828887419
1575563957 4.014489315
1575564554 4.03670389
1575565136 4.017955451
1575565701 4.129209081
1575566275 3.86435669
1575566875 3.808162982
1575568202 4.020597021
1575568786 3.936619708
1579191232 3.877915151
1579191844 3.841069279
1579192411 3.875365575
1579192996 3.840763461
1579193581 3.950471396
1579194146 3.667691507
1579194714 3.752228944
1579195280 3.840468273
1579195869 3.925180736
1579196432 3.908521154
1579359637 3.79945407
1579360214 3.924110676
1579360774 3.815493093
1579361330 3.919736234
1579361886 3.812686188
1579362440 3.967188947
1579362997 3.879797302
1579363564 3.59532213
1579364130 3.845332082
1579364689 3.947103221
1574711028 3.60985585
