1569853894 4.551847592
1569855470 4.450927251
1570449076 3.723373248
1570449531 3.635901752
1570449977 4.599837891
1571323517 3.851849384
1571323910 3.657869812
1571324318 3.5866045
1571324711 3.871471358
1571327641 3.705966196
1571328031 3.974518052
1571328423 3.415649737
1571328813 3.716992517
1571329205 3.732443616
1571329595 3.70180716
1571330570 3.785965332
1571398142 3.709216242
1571398540 4.02028209
1571398932 3.971954391
1571399324 4.014719436
1571399716 3.915502181
1571400112 3.643173523
1571400534 3.467757265
1571400932 3.690211122
1571401326 3.732132382
1571401716 3.842146266
1571407097 3.230570279
1571407489 3.998227727
1571407879 3.568327843
1571408269 3.710195763
1571408662 3.611445584
1571666154 3.506585291
1571666545 3.567903794
1571667328 3.718029637
1571667773 3.458279934
1571669425 3.24522935
1571669818 3.75625419
1571754334 4.006857496
1571754726 3.567119164
1571755127 3.660106715
1571755529 3.599841891
1571756759 3.582130759
1571757195 3.657521382
1571757613 3.622625407
1571758010 3.988858273
1571758402 3.668132361
1571758794 4.143965827
1571762406 3.712656601
1571762805 3.766917557
1571763195 3.874709796
1571763586 3.451588752
1571763979 3.814070467
1571764403 4.136634842
1571764795 3.69988938
1571765185 3.083521006
1571765576 3.244970784
1571765966 3.964502794
1571766930 4.039775226
1572007293 3.874319073
1572007687 3.963551616
1572008193 4.085016656
1572008599 3.669261689
1572008993 3.956101726
1572009383 4.053697921
1572009773 3.825226333
1572010164 3.80378246
1572010561 3.795537673
1572010952 4.011252491
1572013515 3.901810033
1572013908 3.703997619
1572014299 4.019798095
1572014689 3.363527503
1572015079 3.920817851
1572269136 3.761239723
1572269551 3.723590278
1572269966 3.750059955
1572270372 4.021259132
1572270766 3.599017322
1572272478 3.047926435
1572272808 3.364824736
1572273143 3.11501017
1572273490 3.551221431
1572273822 3.809303417
1572276247 3.345534994
1572276585 3.374370669
1572276918 3.697599733
1572277249 3.318824157
1572277584 3.259661004
1572277943 3.575687154
1572278274 3.677811345
1572278606 3.336077808
1572363665 3.159811575
1572363994 3.668853748
1572364324 3.156440371
1572364654 3.540927281
1572364993 3.323483017
1572365329 3.304915635
1572365708 3.630973265
1572366080 3.321143266
1572366421 3.664356944
1572366755 3.367114808
1572369783 3.219278079
1572370113 3.283325553
1572370444 3.416118644
1572370775 3.336960988
1572371105 3.514314651
1572371437 3.270891497
1572371766 3.675034231
1572372097 3.06688574
1572372426 3.533202307
1572372759 3.403341614
1572534124 3.588041823
1572534472 3.266994147
1572534800 3.674087627
1572535483 3.721904902
1572535812 3.391582192
1572536147 3.315196124
1572536510 3.206223386
1572536848 3.613274254
1572537762 3.701878348
1572538419 3.784658836
1572539077 3.575307043
1572539729 3.682792042
1572540378 3.742045566
1572541288 3.67677803
1572541935 3.635131001
1572542585 3.708627828
1572543231 3.73352814
1572543904 3.763112901
1572871652 3.391638473
1572872302 3.552647482
1572872983 3.532870877
1572873631 3.447078961
1572874289 3.437560008
1572875355 3.756182699
1572876213 3.559361565
1572877434 3.818892269
1572878090 3.62610141
1572879333 3.574839979
1572880395 3.51784364
1572880729 3.827908541
1572881078 4.015691336
1572881411 3.446907528
1572881747 3.493236852
1572882077 3.448923784
1572882462 3.761831948
1572882797 3.58995809
1572883149 3.398644812
1572883491 3.958837608
1572967720 3.417172538
1572968702 3.49156407
1572969676 3.776266305
1572970337 3.528342411
1572970988 3.877279055
1572971650 3.660508504
1572972311 3.747233984
1572973024 3.85164044
1572973676 3.500503587
1572974325 3.695585761
1572974983 3.659051077
1572975384 3.506068153
1572975715 3.609552957
1572976086 3.668681207
1572976465 3.666456408
1572976796 3.558740702
1572977126 3.796765024
1572977490 3.57165643
1572977819 3.250818342
1572978207 3.571919116
1573209260 3.347389557
1573209930 3.310420941
1573210592 3.427895073
1573211262 3.851329831
1573211919 3.631611232
1573212567 3.706920874
1573213219 5.522436972
1573213881 3.361262378
1573214542 3.61909168
1573215201 3.631970361
1573218412 3.063714647
1573218745 3.654895875
1573306650 3.132674439
1573306972 2.995868712
1573307308 3.02889081
1573307625 3.43755812
1573307941 3.337961449
1573308261 3.323063379
1573308593 3.420837449
1573308911 3.206430379
1573309233 3.187820906
1573309562 3.119460402
1573310706 3.308849854
1573311321 3.393743301
1573311940 2.902997713
1573312638 3.501296213
1573313258 3.067574307
1573313881 3.203710738
1573314508 3.418657144
1573315124 3.332637165
1573828174 2.842595476
1573828482 3.306236613
1573828789 3.09898628
1573829094 3.171229329
1573829398 3.449071467
1573829709 3.279760673
1573830267 3.119855523
1573830575 3.455682108
1573830880 3.189759249
1573831188 2.941205652
1573902821 3.25102079
1573903133 3.36904688
1573903444 3.289459749
1573903757 3.015029861
1573904066 3.06511132
1573904374 3.286702447
1574688142 3.581138668
1574688461 3.027836382
1574689279 9.89619936
1574692154 3.282265412
1574692468 3.205176617
1574693387 3.38599451
1574693705 3.376770089
1574694033 3.361386714
1574694456 3.241547292
1574694779 3.47631064
1574695334 2.966973859
1574695677 3.370102192
1574695983 2.936555891
1574696714 3.320260252
1574697293 3.538724868
1574697887 2.799879859
1574698457 3.329602549
1574699044 3.427071507
1574708267 2.669609648
1574708564 3.421974441
1574708922 3.441608557
1574709872 3.46966688
1574711129 3.113391997
1574711129 3.113391997
1574708922 3.441608557
