1571326286 1.955231005
1571326288 0.046703929
1571326288 0.001933224
1571326288 0.033312344
1571326288 0.000270339
1571326288 0.082247403
1571326288 0.044775079
1571326288 0.001763181
1571326288 0.251953993
1571326289 0.043844186
1571326289 0.001326147
1571326289 0.047430884
1571326289 0.002782467
1571326289 0.02052532
1571326289 0.049143762
1571326289 0.049421943
1571326289 0.041455706
1571326289 0.044707594
1571326289 0.044249918
1571326289 0.045106717
1571326289 0.000469754
1571326289 0.006417574
1571326289 0.020310449
1571326289 0.047544341
1571326289 0.042654667
1571326289 0.037448491
1571326289 0.042458262
1571326289 0.001812907
1571326289 0.035427898
1571326289 0.003089849
1571326289 0.029360842
1571326289 0.012017124
1571326290 0.038823901
1571326290 0.04574978
1571326290 0.002142299
1571326290 0.042801989
1571326290 0.042959266
1571326290 0.034871301
1571326290 0.057749502
1571326290 0.038785528
1571326290 0.006810902
1571326290 0.029016584
1571326290 0.041479962
1571326290 0.014176892
1571326290 0.030617073
1571326290 0.034572828
1571326290 0.002516
1571326290 0.048927801
1571326290 0.042159691
1571326290 0.04403665
1571326290 0.046242555
1571326290 1.4674e-05
1571326290 0.054774436
1571326290 0.001263567
1571326290 0.023080151
1571326290 0.033078692
1571326290 0.049727615
1571326290 0.044875577
1571326290 0.043458335
1571326290 0.001088996
1571326290 0.042627699
1571326290 0.048835145
1571326290 0.001452432
1571326290 0.04237738
1571326291 1.0559e-05
1571326291 0.003292607
1571326291 0.019904834
1571326291 0.048718359
1571326291 0.093601029
1571326291 0.130396889
1571326291 0.001345622
1571326291 0.044195047
1571326291 2.5884e-05
1571326291 0.008112471
1571326291 0.015352582
1571326291 0.053937356
1571326291 0.001562162
1571326291 0.043285415
1571326291 0.045959306
1571326291 0.043725225
1571326291 0.046510721
1571326291 0.00124597
1571326291 0.040382533
1571326291 0.004800974
1571326291 0.019974415
1571326291 0.048818047
1571326291 0.045638212
1571326291 0.00066924
1571326291 0.042494316
1571326291 0.045815061
1571326291 0.046722315
1571326291 0.001054872
1571326291 0.031649994
1571326291 0.001649305
1571326291 0.049678948
1571326292 0.016307498
1571326292 0.012402668
1571326292 0.051565646
1571326292 0.046986068
1571326292 0.044129622
1571326292 0.045023644
1571326292 0.046830064
1571326292 0.001282288
1571326292 0.035031528
1571326292 0.001689741
1571326292 0.018809683
1571326292 0.010787111
1571326292 0.048999809
1571326292 0.001422914
1571326292 0.041935286
1571326292 0.054814909
1571326292 0.033233446
1571326292 0.037182795
1571326292 0.053865492
1571326292 0.040261129
1571326292 0.002400515
1571326292 0.043587001
1571326292 0.002010435
1571326292 0.001721852
1571326292 0.035366647
1571326292 0.211604618
1571326292 0.044395692
1571326293 0.047972453
1571326293 0.00156881
1571326293 0.000858267
1571326293 0.033474762
1571326293 0.028276583
1571326293 0.051043338
1571326293 0.047687167
1571326293 0.040096272
1571326293 0.001251809
1571326293 0.044213275
1571326293 0.046139343
1571326293 0.001294164
1571326293 0.043546223
1571326293 0.00138594
1571326293 0.002440215
1571326293 0.020082082
1571326293 0.047843314
1571326293 0.052316302
1571326293 0.035322943
1571326297 0.001547138
1571326297 0.035739216
1571326297 0.002499217
1571326297 0.051079751
1571326297 0.00183399
1571326297 0.011305523
1571326297 0.011777602
1571326297 0.047836438
1571326297 0.044213153
1571326297 0.002358376
1571326297 0.041625139
1571326297 0.038521792
1571326297 0.053631379
1571326297 0.041178253
1571326297 0.000115708
1571326297 0.04212882
1571326297 0.033389626
1571326297 0.002702306
1571326297 0.073372516
1571326300 0.046943638
1571326300 0.087537063
1571326300 0.179142578
1571326300 0.001484706
1571326300 0.810488106
