1569854523 5.250948991
1569855953 8.028884862
1571330219 5.345359834
1571766575 5.278357333
1571767357 5.536212563
1572537469 4.313957165
1572538125 4.273193825
1572538785 4.267060902
1572539438 4.427865749
1572540085 4.310598726
1572540990 4.17441481
1572541644 4.310762362
1572542293 4.293334107
1572542940 4.347301533
1572543605 4.297031185
1572871359 4.313549302
1572872009 4.330617486
1572872686 4.311356119
1572873339 4.27258629
1572873993 4.235265995
1572875054 4.298578654
1572875916 4.210623497
1572877141 4.369760818
1572877791 4.352618974
1572879036 4.182555262
1572967426 4.466491722
1572968082 4.397146211
1572969385 4.346034091
1572970045 4.363953792
1572970696 4.33170367
1572971348 4.341712703
1572972011 4.34538374
1572972669 4.366944241
1572973385 4.423793473
1572974034 4.401376621
1572974686 4.347893969
1573208969 4.39876438
1573209625 4.354306213
1573210299 4.399779704
1573210967 4.221285716
1573211626 4.183489356
1573212274 4.350346214
1573212925 4.271207071
1573213576 4.348570327
1573214248 4.347499212
1573214906 4.372119021
1573310422 4.054036563
1573311043 3.813905553
1573311658 3.795873805
1573312363 4.140274388
1573312973 4.186194773
1573313600 3.897271331
1573314233 4.054697522
1573314846 4.014202988
1574696455 4.080712909
1574697036 3.737752452
1574697626 4.052380354
1574698200 3.93561398
1574698785 3.858915597
1574709570 4.102337036
1574710857 3.891035076
1574956208 3.818692263
1574956869 3.982332544
1574957471 3.776063547
1574958050 4.05069434
1574958642 4.099032537
1574959231 3.938896802
1574959834 3.991302192
1574960413 3.959805698
1574961023 3.845333389
1574961659 3.867677048
1575033133 3.805500269
1575033702 3.963605415
1575034292 3.847963163
1575034858 3.969283959
1575035429 4.001083219
1575036457 4.051954356
1575037030 3.940845669
1575037589 3.80368763
1575038590 3.880102823
1575039160 3.932797114
1575120423 3.835922301
1575120986 4.061248287
1575121546 3.926311205
1575121954 3.742217738
1575122609 3.834593351
1575123166 3.818808732
1575123725 3.929355884
1575124282 3.829644562
1575124849 3.839494555
1575125407 3.812744658
1575125976 3.835547922
1575297725 3.908905425
1575298302 4.18817276
1575298870 3.947310835
1575299448 3.889687595
1575300020 3.929229363
1575300639 3.902689096
1575301210 4.002107578
1575302021 4.128870931
1575390209 3.879199097
1575390776 3.923435528
1575391343 3.826304013
1575391908 3.870105812
1575392717 3.956246607
1575393354 3.922291967
1575393913 3.908259871
1575394480 3.823824849
1575395043 3.810220064
1575395606 3.8961844
1575562441 3.762826447
1575563139 3.923475341
1575563787 3.778736573
1575564383 3.97581897
1575564966 3.856109729
1575565532 3.90832097
1575566101 3.927797122
1575566687 3.973664361
1575568007 3.896621277
1575568614 3.941703888
1579191061 3.966907425
1579191674 3.802074459
1579192238 3.92451759
1579192820 4.074406105
1579193387 3.952732006
1579193975 3.852504543
1579194543 4.097476138
1579195108 3.892458989
1579195699 3.783240175
1579196261 3.928561202
1579359467 3.889766591
1579360044 4.009081744
1579360605 3.882716206
1579361161 3.906224449
1579361716 3.833508736
1579362271 3.899083783
1579362826 4.008879386
1579363393 3.929432408
1579363960 4.019904596
1579364519 4.022946891
1574710857 3.891035076
