1570449057 9.635253128
1570449511 9.785403508
1571323498 10.641098483
1571324299 10.368819552
1571324692 11.039748075
1571327622 8.843104641
1571328013 9.008683084
1571328404 9.308412999
1571328795 9.714073195
1571329187 9.167123092
1571398124 9.433209297
1571398521 9.113250671
1571398913 9.803558834
1571399305 9.682172262
1571399697 10.21251536
1571400913 9.166596983
1571401307 9.320917591
1571401697 9.57575419
1571407078 11.920024104
1571407470 9.692150207
1571407861 10.300648622
1571408249 9.90228723
1571408643 8.891696174
1571666136 9.602990617
1571666527 9.33457967
1571666917 10.239553789
1571667309 10.000599036
1571669799 10.042581746
1571754315 10.200784954
1571754708 10.254935494
1571755108 9.884127747
1571755511 11.152166173
1571756740 10.024822578
1571758384 9.720177462
1571758776 10.833513766
1571762388 9.924281218
1571762785 10.421586981
1571763177 8.94527692
1571763566 9.925857285
1571763960 9.676407013
1571764385 10.655472509
1571764776 10.355720643
1571765167 10.043845074
1571765555 9.770431455
1571765947 9.662535317
