1570446984 7.647108324
1570448803 6.671070804
1570449274 6.784201305
1570449738 7.428499042
1571323292 6.868882213
1571323685 6.900169704
1571324087 6.689607428
1571327417 6.979183043
1571327807 6.780294717
1571328198 6.867275041
1571328589 6.793602543
1571328981 6.843472489
1571329372 6.587848532
1571329964 6.87123862
1571397921 6.612113346
1571398313 7.196839303
1571398709 6.570777292
1571399491 6.874685222
1571399889 6.793667239
1571400281 6.618975762
1571400702 6.797755912
1571401101 7.120749501
1571401493 6.819305337
1571406874 6.644624872
1571407263 7.278400112
1571407657 6.663109983
1571408045 6.727153654
1571408438 6.832296564
1571665930 6.812976908
1571666321 6.658466634
1571666712 6.863334914
1571667105 6.826885636
1571667542 6.809352154
1571669194 6.659310769
1571669593 6.74397994
1571754105 6.964008635
1571754502 6.897482777
1571754895 11.291904098
1571755300 6.955996867
1571756531 6.817618634
1571757391 6.62657451
1571757780 8.06104794
1571758180 6.607716018
1571758570 6.842700114
1571762185 6.78676322
1571762580 6.786721936
1571762974 6.870415674
1571763362 6.793061784
1571763753 6.816007431
1571764161 6.685800925
1571764571 6.618202795
1571764963 6.754969292
1571765351 6.878264832
1571765743 6.836048637
1571766320 6.880021558
1571767102 6.854354512
1572006328 6.619861248
1572007067 6.858528709
1572007461 6.883955864
1572007961 7.052549447
1572008363 6.817930472
1572008766 6.919889803
1572009161 7.207468531
1572009550 6.752576892
1572009942 6.919468623
1572010338 6.675546512
1572010728 7.177946953
1572013290 7.210442592
1572013684 6.622739347
1572014076 6.641905182
1572014466 6.757575224
1572014856 6.830883156
1572268137 43.839022006
1572268907 6.644374401
1572269323 8.425440604
1572269740 6.451292557
1572270145 7.803860145
1572270542 6.800372028
1572270937 6.98285978
1572272288 5.849611796
1572272618 5.389954015
1572272953 5.587007949
1572273292 5.418355662
1572273633 5.473535988
1572276057 5.329084452
1572277059 5.554727424
1572277391 5.565199319
1572277753 5.75937853
1572278084 5.906539731
1572278417 5.594750239
1572363476 5.813535998
1572363806 5.419725146
1572364135 5.647572877
1572364465 5.77943838
1572364802 7.803345193
1572365140 5.662654963
1572365518 5.821684427
1572366233 5.380152711
1572366565 6.567842822
1572369595 5.486753859
1572369925 5.556586555
1572370255 6.066332014
1572370587 5.56101234
1572370916 5.44630918
1572371248 5.55023207
1572371578 5.46994962
1572371909 5.490954663
1572372237 5.488746865
1572372566 5.63640006
1572533573 5.509064397
1572533911 5.880835317
1572534265 5.502463368
1572534611 5.66672214
1572534944 5.36974338
1572535293 5.51220186
1572535623 5.495051379
1572535958 6.013976334
1572536317 7.831163187
1572536655 6.195406198
1572537256 6.20389596
1572537910 5.582748607
1572538571 5.656535833
1572539219 5.661268221
1572539872 5.498012988
1572540779 5.527516944
1572541432 5.531591258
1572542081 5.57445751
1572542728 5.549246058
1572543369 5.458462548
1572871145 5.492126701
1572871796 5.564138177
1572872473 5.293078735
1572873126 5.362051476
1572874838 5.542118794
1572875698 5.589329858
1572876928 5.474110743
1572877578 5.545035154
1572878804 5.695546745
1572880200 5.878230452
1572880877 5.303782655
1572881221 5.731791448
1572881554 5.671847201
1572881889 5.376583819
1572882218 5.494037467
1572882607 7.312100658
1572882959 6.030516863
1572883298 5.467711193
1572967208 5.492020686
1572967870 5.502467623
1572969169 6.635846787
1572970481 5.597296858
1572971133 5.441975626
1572971796 5.431041128
1572972456 5.538919976
1572973168 5.706011925
1572973821 5.498963664
1572974470 5.534940867
1572975197 5.338910347
1572975528 5.40838446
1572975894 5.365970458
1572976277 5.419244647
1572976609 5.44538184
1572976937 5.467468154
1572977268 5.545351256
1572977631 5.355131435
1572977978 5.516629005
1573208756 5.504037235
1573209407 5.40693671
1573210073 6.702412798
1573210739 5.15764292
1573211405 6.079206674
1573212060 5.550805177
1573212710 6.33357458
1573213363 6.054681626
1573214689 5.284492047
1573218224 5.437215194
1573218552 5.322566782
1573306467 5.681150018
1573307120 6.060744587
1573307443 4.879595135
1573307759 5.550641105
1573308080 5.445169217
1573308393 5.027282028
1573309045 5.666335423
1573309376 5.450903306
1573310842 5.261939442
1573311458 5.136739579
1573312074 5.513527436
1573312773 5.06996533
1573313396 5.688699977
1573314016 5.797739926
1573314645 5.409860464
1573827992 5.749567482
1573828305 5.293582501
1573828615 5.26490566
1573829225 4.719919719
1573829531 5.024664568
1573829913 5.426546166
1573830706 5.381967155
1573831014 5.259847635
1573902648 5.282520733
1573902955 5.408241292
1573903578 4.900822398
1573903888 5.071530875
1574687966 5.108267641
1574688284 5.102483765
1574689270 5.247594852
1574691970 5.279747206
1574692291 5.113238233
1574693207 5.012020571
1574693517 5.190644369
1574693846 5.060263583
1574694274 5.431156115
1574694603 6.269027434
1574695159 4.950115043
1574695496 5.275702498
1574695809 5.154060406
1574696261 12.167045941
1574696842 5.149296526
1574697440 5.100560629
1574698018 5.561234705
1574698599 5.059303083
1574707260 5.238315168
1574708048 5.471480376
1574708744 5.445387545
1574709360 5.340310657
1574710660 5.418318755
1574950753 5.377115442
1574951074 5.326422008
1574951461 5.266696264
1574951805 5.133365902
1574952123 5.581739785
1574952436 5.529564544
1574952852 5.063273319
1574953220 5.037105263
1574953530 5.076438038
1574953855 8.698908846
1574956021 6.191486691
1574956596 5.762427275
1574957289 5.397314113
1574957865 5.475748577
1574958457 6.125030574
1574959046 5.988225721
1574959649 5.630841061
1574960226 5.141879638
1574960839 5.279593973
1574961478 5.253298253
1575028462 7.012698468
1575028776 5.839795375
1575029108 5.239886544
1575029425 5.086987642
1575029733 5.621424825
1575030048 5.205004224
1575030359 5.280523229
1575030675 5.260641351
1575031006 5.518871082
1575032948 4.97598817
1575033515 5.285248122
1575034106 5.430888188
1575034674 5.740832603
1575035246 4.98650521
1575036268 5.06956917
1575036844 5.706961634
1575037405 5.168141781
1575037962 5.034985686
1575038974 5.839137163
1575114441 4.99054326
1575114744 5.452232772
1575115056 5.346868281
1575115364 5.122692321
1575115673 5.455728924
1575115989 4.907291121
1575116299 5.554254411
1575116611 5.160701464
1575116918 5.248774491
1575117228 5.498696994
1575120240 5.296143062
1575120803 5.272119365
1575121362 5.165493219
1575122425 5.545632753
1575123542 5.322290568
1575124099 5.174540741
1575124654 5.242633215
1575125219 5.159810491
1575125789 5.512112651
1575292955 5.225211385
1575293287 5.063474788
1575293623 5.276962148
1575293959 7.302374163
1575294308 5.730420793
1575295015 5.17784708
1575295406 5.375122978
1575295760 5.31591611
1575296967 4.982622074
1575297528 5.834812045
1575298115 5.151611582
1575298681 5.571035228
1575299260 5.485723541
1575299833 5.501454079
1575300457 5.190828701
1575301027 5.137155249
1575301831 6.167325754
1575385848 5.202934492
1575386159 5.377390116
1575386471 5.322010359
1575386875 5.492785361
1575387184 5.306141619
1575387495 5.080538894
1575387804 5.292669031
1575388112 5.199213214
1575388421 5.201302101
1575388726 5.138821181
1575390021 5.701907511
1575390590 5.473422811
1575391158 5.366044356
1575391722 5.370741734
1575392535 5.2629055
1575393168 8.151507243
1575393731 5.098323847
1575394297 5.217872108
1575394859 5.28610554
1575395421 5.553647858
1575473382 6.30855918
1575474420 5.566654578
1575558608 5.161848805
1575558919 5.123018842
1575559247 5.314757167
1575559557 5.147383771
1575559933 5.690606965
1575560261 5.546529461
1575560591 5.414584149
1575561470 5.931369314
1575561828 5.892906092
1575562239 5.368570033
1575562948 4.865839202
1575563585 5.538912575
1575564199 5.335249618
1575564782 5.298418558
1575565349 4.966634669
1575565911 5.22044899
1575566503 5.069999235
1575567817 5.578474734
1575568429 5.246842251
1579186352 5.296638801
1579186697 5.368145915
1579187713 5.440264001
1579188040 5.417452794
1579188491 5.072632117
1579189021 6.601454012
1579189352 5.051948029
1579189684 5.174775473
1579190022 5.173758291
1579190354 5.687573817
1579191489 5.318125384
1579192053 5.406589132
1579192632 5.485443876
1579193199 5.371715562
1579193788 5.463771624
1579194353 5.362761754
1579194924 5.237324612
1579195505 5.336403091
1579196077 5.326486101
1579354114 5.392036514
1579354419 5.316417604
1579354731 5.403177011
1579355041 5.060616414
1579355348 5.021389585
1579355658 5.032435418
1579355968 4.997065241
1579356272 5.268356567
1579356579 5.186737428
1579356885 5.044113817
1579359285 5.158516854
1579359858 5.62843916
1579360421 5.183792412
1579360979 5.35739833
1579361535 5.270890761
1579362089 5.202598691
1579362645 5.747112322
1579363206 5.640005763
1579363774 5.451526572
1579364335 5.154189654
1574710660 5.418318755
1574708744 5.445387545
