1569854458 4.961666795
1569855867 4.942710439
1571330155 4.82385093
1571766511 4.949603558
1571767294 4.884749629
1572537415 4.026314039
1572538073 4.045323414
1572538733 4.034556956
1572539386 3.992173844
1572540032 3.971828979
1572540938 3.931966746
1572541592 3.945596658
1572542240 3.943210754
1572542887 3.97607912
1572543553 3.93398881
1572871306 3.986031774
1572871957 4.068268625
1572872634 3.968096965
1572873287 3.968724697
1572873940 3.97363662
1572875001 3.966478404
1572875863 4.09626132
1572877088 3.915649346
1572877738 4.060752454
1572878966 3.971901045
1572967373 4.031741989
1572968030 3.87895812
1572969332 3.962921383
1572969993 4.002452354
1572970643 4.032885413
1572971295 3.959588417
1572971956 4.052302376
1572972615 3.956631039
1572973329 4.009624784
1572973982 3.946603981
1572974633 3.927338198
1573208915 4.007030179
1573209570 4.024346132
1573210245 4.055528314
1573210914 3.900045811
1573211571 4.031987828
1573212220 3.952959998
1573212872 4.018555439
1573213523 3.956812694
1573214194 4.051570952
1573214849 4.17614826
1573310372 3.63832042
1573310994 3.53876709
1573311609 3.433051867
1573312314 3.509089838
1573312923 3.412596169
1573313550 3.720029075
1573314183 3.42152931
1573314797 3.551318837
1574696406 3.580894733
1574696987 3.410703816
1574697578 3.564011938
1574698152 3.45817598
1574698737 3.449716987
1574709521 3.685980219
1574710808 3.827898131
1574956160 3.46253557
1574956821 3.535174259
1574957423 3.494931893
1574958001 3.546258401
1574958593 3.841974196
1574959182 3.647387984
1574959785 3.626176935
1574960364 3.919790201
1574960975 3.543294029
1574961612 3.504856753
1575033084 3.794256241
1575033653 3.651634103
1575034243 3.489018438
1575034810 3.584814563
1575035381 3.572367768
1575036404 3.604835269
1575036981 3.539153587
1575037540 3.800072811
1575038542 3.468675594
1575039111 3.796439974
1575120375 3.479468482
1575120938 3.399045107
1575121499 3.429215867
1575122561 3.825946317
1575123118 3.376030855
1575123678 3.508817769
1575124233 3.789359209
1575124801 3.771038655
1575125358 3.672131789
1575125927 3.542038249
1575297674 3.611744509
1575298253 3.74346583
1575298822 3.545449625
1575299399 3.714289242
1575299971 3.664886591
1575300591 3.502382234
1575301162 3.464431408
1575301973 3.529039413
1575390160 3.582580387
1575390727 3.864454206
1575391295 3.539595796
1575391860 3.885088713
1575392669 3.460621313
1575393305 3.593932408
1575393865 3.528509037
1575394432 3.562951095
1575394995 3.708234018
1575395558 3.423680907
1575562393 3.38951169
1575563091 3.750392615
1575563739 3.836693668
1575564335 3.57980203
1575564919 3.764774011
1575565484 3.385229648
1575566053 3.379931187
1575566638 3.88734884
1575567958 3.540942918
1575568564 3.794503822
1579191012 3.46623792
1579191625 3.503658023
1579192190 3.495850602
1579192771 3.443447189
1579193334 3.433972964
1579193926 3.495535442
1579194493 3.603663718
1579195060 3.550804838
1579195650 3.544170461
1579196213 3.449703258
1579359419 3.571513032
1579359994 3.587724837
1579360557 3.673746785
1579361113 3.382826748
1579361669 3.481401064
1579362223 3.419715945
1579362779 3.440706872
1579363344 3.532790841
1579363912 3.429164345
1579364471 3.58484872
1574710808 3.827898131
