1569850000 7.672262161
1569850204 8.32452767
1569850000 7.672262161
1569850204 8.32452767
1569850735 8.618834143
1569851018 7.740217278
1569851223 8.036010575
1569851573 7.966969306
1569851780 13.199425956
1569852009 8.003201759
1569852239 8.084871093
1569852477 7.799470154
1569853085 8.426017621
1569853399 7.948251069
1570543124 7.853125903
1570543487 7.745857588
1570543695 9.704473769
1570544613 7.999332729
1570544872 7.9876174
1570545073 8.192184117
1570545290 8.107259189
1571322997 7.967623668
1571325115 7.835455795
1571325311 7.629716128
1571325516 8.248298913
1571325717 8.19609816
1571325913 7.800338816
1571326114 7.937304284
1571326805 7.985334201
1571327021 7.742447409
1571327229 8.77637579
1571395907 7.865057748
1571396102 9.282480278
1571396300 7.680568189
1571396499 8.145085196
1571396697 8.832199607
1571396924 8.26184219
1571397129 8.099787113
1571397331 7.911972648
1571397527 8.103954305
1571397724 8.103900698
1571404973 7.632332072
1571405171 8.030146411
1571405369 7.593526771
1571405597 7.94626512
1571405801 8.083815432
1571409019 7.877239687
1571409221 7.903352426
1571409422 7.817014915
1571409639 7.859665604
1571409837 7.739809549
1571664405 7.995666137
1571664947 8.294053493
1571665150 7.598259421
1571665361 8.223809443
1571665555 7.613086692
1571665750 8.448466319
1571668168 8.24803502
1571668367 8.024936143
1571668571 7.594097524
1571668765 8.10442923
1571668966 8.454678516
1571752039 7.99634075
1571752234 8.239656699
1571752434 7.68019332
1571752638 8.204276467
1571752833 8.38443347
1571753029 8.181676422
1571753226 7.932593434
1571753423 8.179620396
1571753621 7.70335939
1571753818 7.832923801
1571760176 7.941830162
1571760371 7.489588409
1571760576 7.716320478
1571760771 7.766286052
1571760974 7.366290714
1571761181 7.982859208
1571761381 7.747601778
1571761575 7.936437761
1571761771 8.000361196
1571761979 8.105870829
1572003282 7.510757372
1572003478 7.93753925
1572003674 7.70468264
1572003872 7.594878715
1572004068 7.360277668
1572004264 8.001507568
1572004458 7.923664189
1572004657 7.526899881
1572004859 7.95282486
1572005058 8.150320918
1572011259 8.14652696
1572011456 7.861424885
1572011652 7.818685028
1572011849 8.326246769
1572012045 7.916848164
1572012243 7.306300305
1572012438 7.859804563
1572012632 7.688400552
1572012827 7.7853402
1572013021 8.122692515
1572265081 7.605171574
1572265277 7.676166948
1572265476 7.940327355
1572265674 7.414809975
1572265880 7.390037772
1572266081 7.598204213
1572266278 7.517391316
1572266478 7.848187496
1572266678 8.049823964
1572266880 7.69306901
1572274142 7.678467624
1572274316 7.602931687
1572274485 7.150023218
1572274657 7.664366405
1572274824 7.631459711
1572274994 7.584191877
1572275166 7.755480361
1572275342 7.431173666
1572275511 7.850693948
1572275685 7.519109697
1572361293 8.154817321
1572361490 8.419277694
1572361686 7.749104612
1572361881 7.706159134
1572362080 7.571840843
1572362274 7.441890599
1572362470 7.686297557
1572362670 7.788846379
1572362864 7.831425689
1572363060 7.852987351
1572366934 7.476214914
1572367102 7.567184448
1572367272 9.248464989
1572367440 7.548655183
1572367622 8.784360377
1572367800 7.028907699
1572367969 7.065935023
1572368138 7.124837986
1572368304 8.03247064
1572368469 7.369455313
1572532411 7.779293552
1572532612 7.85279695
1572532817 7.892322472
1572544522 7.595622774
1572544690 7.375938522
1572544861 7.456316297
1572545034 7.612582119
1572545207 7.455335763
1572870034 9.065468201
1572870253 7.543164786
1572870435 8.271688613
1572870657 7.460717725
1572870826 7.230628203
1572965415 7.391639756
1572965583 7.422040421
1572965750 7.715896281
1572965919 7.072488266
1572966091 7.508771889
1572966257 7.488837256
1572966428 7.830038144
1572966612 7.112200182
1572966792 7.325058094
1572966955 7.499325855
1573207063 7.73166135
1573207231 7.423888683
1573207400 7.576129261
1573207566 6.883438703
1573207735 7.451435519
1573207903 7.648998439
1573208070 7.205358428
1573208235 7.356479765
1573208403 7.642070621
1573208568 7.643300478
1573220304 7.387137044
1573220472 7.352112218
1573220639 7.851755689
1573220808 7.751922621
1573220976 7.483981065
1573221143 7.426410561
1573221307 7.523389587
1573221477 7.737277979
1573221644 7.338578314
1573221812 8.159404295
1573222002 7.124428424
1573222173 7.095272012
1573222339 7.341150982
1573222505 7.420041648
1573222675 7.43919114
1573301153 7.534032827
1573301321 7.643480701
1573301503 7.426901024
1573301671 7.756302312
1573301858 7.019577437
1573302036 8.812235059
1573302204 7.859355897
1573302379 7.449060356
1573302548 7.435114158
1573302729 8.940533271
1573303867 7.51434349
1573304031 7.244276298
1573304191 7.599765143
1573304358 7.155692856
1573304517 7.124964802
1573304683 7.46651041
1573304842 7.279095033
1573305002 7.705165401
1573305165 7.354229407
1573305324 7.255447243
1573752496 7.523677017
1573752755 7.610000357
1573752914 7.706633754
1573753072 7.714564435
1573753230 7.440365702
1573753385 7.604506101
1573753543 7.448724681
1573753696 7.376174091
1573753858 7.605951899
1573754678 7.46861204
1573754838 7.765710906
1573754999 7.534715383
1573755166 7.411161558
1573755329 7.401448367
1573755486 7.385873843
1573755641 7.343213604
1573755799 7.271850428
1573755957 7.314734352
1573756114 7.286163536
1573831422 7.350994426
1573831580 7.365581231
1573831738 7.02733452
1573831910 7.270939593
1573832063 7.127758995
1573832224 7.597648826
1573832379 9.697157938
1573832545 7.22969738
1573832701 6.992414244
1573832856 7.039674511
1573833051 7.651683388
1573833207 7.427856856
1573833372 7.256266278
1573833528 7.642295137
1573833687 7.350360084
1573901060 7.871428381
1573901218 7.298635202
1573901375 6.394123918
1573901530 7.244496139
1573901691 7.094578954
1573901845 7.318490173
1573902001 6.769238394
1573902158 7.233175937
1573902316 7.335849667
1573902471 7.567767349
1574685790 7.449383507
1574685979 8.418002587
1574686151 7.157895358
1574686312 8.711785885
1574686471 7.418293326
1574686637 7.413415665
1574686801 6.59896332
1574686987 6.746112882
1574687162 6.746725767
1574687326 6.274028548
1574689656 6.874719299
1574689871 7.198752933
1574690040 7.292405132
1574690209 7.451638034
1574690380 7.378980527
1574690539 6.963215591
1574690711 6.647372889
1574690869 7.665503208
1574691055 7.039128291
1574691234 7.151223515
1574706856 7.092542839
1574707099 6.094687896
1574954200 7.262123308
1574954365 6.951633207
1574954542 6.800264845
1574954705 7.703843685
1574954888 7.649194698
1574955046 7.956309342
1574955305 7.036425437
1574955464 7.636258882
1574955623 7.15055035
1574955784 6.855192161
1575026532 8.313739541
1575026693 7.175468313
1575026854 7.390103367
1575027014 8.100487622
1575027178 7.252272704
1575027340 6.855022472
1575027505 7.532091422
1575027662 7.569506202
1575027827 7.190013705
1575027991 7.356404065
1575112847 7.40370017
1575113008 7.693493107
1575113170 7.438316402
1575113332 7.338235354
1575113491 7.152868355
1575113650 7.159012133
1575113806 7.471763803
1575113965 7.225241479
1575114128 7.202517457
1575114289 7.439553752
1575289777 7.536736767
1575289944 7.125719428
1575290112 7.699564885
1575290292 7.756279299
1575290465 10.479835428
1575290642 9.148034823
1575290809 7.372283514
1575290966 7.47165774
1575291129 7.840258988
1575291290 7.414970178
1575384179 7.166339323
1575384339 7.073073461
1575384499 7.271396386
1575384659 7.255969609
1575384821 7.381277637
1575384979 8.672326246
1575385140 7.14485239
1575385300 6.883252755
1575385459 11.372535405
1575385623 7.551579454
1575556560 7.287233557
1575556721 7.404964028
1575556893 7.460250127
1575557078 7.407974294
1575557248 7.343020672
1575557431 7.563994071
1575557606 8.169288456
1575557780 7.431556111
1575558238 9.013801287
1575558426 7.411804509
1579184058 8.052806003
1579184774 6.893590317
1579184935 6.914368084
1579185096 9.610601219
1579185272 7.255189195
1579185449 8.844713808
1579185632 7.330462451
1579185811 7.491104688
1579185998 7.5542171
1579186171 7.65892734
1579351788 8.210939298
1579351955 7.204282173
1579352116 7.016542427
1579352277 7.152910048
1579352440 6.244307179
1579352603 7.256676448
1579352761 6.956081583
1579352922 7.646586385
1579353086 7.225813461
1579522877 6.915517208
1579523080 7.601053671
1579523271 7.875239499
1579523436 6.748425329
1579523610 6.904973092
1579523791 6.651739334
1579523973 6.78931813
1579524160 7.214582482
1579524326 8.663308362
1579524495 7.496144389
1579537482 6.987656244
1580215329 7.707014093
1580215524 7.324200557
1580215688 7.070306809
1580215846 7.684666967
1580216007 7.803696763
1580216170 7.836134459
1580216330 6.976326111
1580216493 7.758556229
1580216651 6.932577866
1580216834 7.047738723
1580304743 6.691420856
1580304900 6.185987791
1580305062 7.298125131
1580305222 7.847614779
1580305406 7.183183522
1580305566 9.360156696
1580305731 6.829086729
1580305888 6.699490218
1580306042 7.175823477
1580306203 7.267100891
1581935243 7.172602261
1581935401 6.839955766
1581935562 7.286989792
1581935728 7.289420549
1581935895 7.265210352
1581936067 7.350856601
1581936238 7.310974857
1581936401 7.279175495
1581936559 7.204873764
1581936735 7.4650026
1582026916 7.594467469
1582027079 7.115389432
1582027243 7.721659694
1582027411 7.195172913
1582027824 7.290580468
1582027988 7.71475073
1582028157 6.914858872
1582028323 7.00335597
1582028491 7.665713481
1582028661 7.381118238
1582113132 7.446587857
1582113300 6.926455754
1582113462 8.845430649
1582113631 7.327417387
1582113796 7.452539276
1582113971 7.167649574
1582114133 7.376389482
1582114296 7.035724692
1582114464 6.863086965
1582114627 7.374532044
1582114790 7.278894615
1582114956 7.499034396
1582115117 7.495357302
1582115285 7.482698965
1582115448 7.260792822
1582115612 7.813609293
1582115775 7.460438951
1582115939 7.380468257
1582116120 7.559515484
1582116335 7.539950442
1582116511 7.167299199
1582116677 7.496543449
1582118995 8.060587222
1582119159 6.997890362
1582119329 7.293067343
1582119504 7.469344387
1582119680 7.690669698
1582119843 7.332610428
1582120015 6.962946278
1582120189 8.902006254
1582120910 7.721410697
1582121078 6.956414101
1582121321 7.600816963
1582121484 7.399836757
1582125227 7.401136769
1582125386 7.686332926
1582125871 6.55985483
1582126037 7.249233037
1582126205 7.422714976
1582126367 7.139421479
1582126533 8.319296103
1582126696 7.174128793
1582126861 7.266450116
1582127024 7.168801519
1582127186 6.953413941
1582127353 7.383893666
1582127520 7.27100072
1582127684 7.536797458
1582127847 7.424178936
1582128008 7.572148453
1582128175 6.831552914
1582128354 7.37212668
1582128515 7.351738236
1582128678 6.670885028
1582128844 7.31779768
1582129006 12.426873893
1582129179 7.411995961
1582129338 7.161164872
1582129498 7.363221757
1582129663 7.375496245
1582185086 7.386400288
1582185266 7.687968024
1582186000 7.447626884
1582186160 7.332977355
1582186893 7.579813647
1582187857 7.349740882
1582188015 7.096468947
1582188175 7.448536174
1582188335 7.449978591
1582193786 7.399277225
1582193950 7.379209566
1582194114 7.344637983
1582194270 7.416655624
1582194431 7.337378312
1582194596 7.292514785
1582194756 9.06097753
1582194925 7.018407516
1582195086 7.080594684
1582195249 7.490983542
1582195741 9.51619725
1582195901 7.628827904
1582196059 8.364155183
1582196220 6.79466801
1582196379 7.178601651
1582196538 7.238331987
1582196696 7.105701622
1582196856 7.364354472
1582197018 7.795003059
1582197183 8.968167659
1582197341 7.434953662
1582197507 7.015224037
1582197677 7.781632877
1582197835 7.203621915
1582197994 7.412828349
1582198150 7.368543818
1582198312 7.660284758
1582198468 8.996742412
1582198750 7.272192728
1582199100 8.351971605
1582631406 7.139229921
1582631567 7.878723334
1582631723 7.358124808
1582631880 7.436521979
1582632037 8.071004275
1582632194 7.147829185
1582632354 7.493578462
1582632516 7.607245813
1582632676 8.916083279
1582632837 7.464547229
1582884535 8.109915789
1582884715 7.535032442
1582884883 7.440188226
1582885047 7.462691764
1582885211 7.395423431
1582885372 8.630528172
1582885533 6.47306531
1582885694 7.217232928
1582885859 8.531068079
1582886016 8.414307368
1574707099 6.094687896
