1569849999 9.542723973
1569850203 9.419323491
1569849999 9.542723973
1569850203 9.419323491
1569850734 10.287482277
1569851016 9.81800141
1569851222 9.516515374
1569851572 9.413326262
1569851779 14.480715318
1569852008 9.180185374
1569852238 9.625141505
1569852475 9.650834696
1569853083 10.365726502
1569853397 10.081536189
1570543123 9.533874379
1570543485 9.406891907
1570543696 8.939099247
1570544612 9.131065965
1570544871 9.130967682
1570545072 9.639468698
1570545289 9.723972145
1571322996 9.366916998
1571325114 9.191396097
1571325310 9.410603815
1571325515 9.388718059
1571325716 9.477373325
1571325912 9.551572972
1571326113 9.380794027
1571326804 9.510804598
1571327020 9.497471018
1571327228 10.211881062
1574707096 8.843314568
