1569853908 2.295434178
1569855484 2.553843937
1570447334 2.421631567
1570449089 1.658290821
1570449544 1.959656514
1570449990 3.029237976
1571323933 2.206616568
1571327654 2.063776039
1571328045 1.838312748
1571328197 241.184968341
1571329219 2.055779556
1571329608 1.874763643
1571398157 2.92789235
1571398554 2.394664176
1571398946 1.923095013
1571399729 2.346878465
1571400126 1.736198681
1571401340 1.244776848
1571401729 1.839226741
1571407110 1.602334088
1571408282 1.874456198
1571408675 1.65905563
1571666167 2.306741363
1571667786 2.051392362
1571669438 1.348684808
1571669832 1.288599168
1571754739 1.882515551
1571756772 1.618787121
1571757208 2.100445576
1571757627 1.700327515
1571758415 1.659852613
1571763209 1.63197425
1571763599 1.836422968
1571763992 1.95184798
1571764809 1.972992206
1571765198 2.177562274
1571766944 1.676121107
1572006686 1.696925003
1572008613 1.222953626
1572009397 1.923428349
1572009787 2.134072501
1572010178 2.05939711
1572010574 1.708475593
1572010965 1.287791221
1572013528 1.632449942
1572013921 2.095083498
1572014314 1.148903094
1572014702 1.838546708
1572268905 245.605843093
1572269564 2.031494938
1572269979 1.831792835
1572270385 1.967752668
1572270780 1.166242569
1572271290 1.932267234
1572272488 1.715308647
1572273501 1.680065102
1572276257 1.755832568
1572276596 1.274707051
1572276929 1.795076497
1572277260 1.608702414
1572277595 1.706582306
1572277954 0.97183899
1572278286 1.664946299
1572278617 1.615560281
1572363676 1.616166467
1572364005 1.441711165
1572364665 1.664088825
1572365004 1.577955594
1572365720 1.094755282
1572366091 1.762127943
1572366766 1.760158902
1572369794 1.758876441
1572370124 1.588533633
1572370786 1.870792813
1572371116 1.200427038
1572371447 1.832478569
1572371778 1.144268926
1572372108 1.617078056
1572372770 1.629848314
1572533782 1.436946144
1572534483 1.538203973
1572534812 1.164384881
1572535823 1.701962112
1572536158 1.897856731
1572536522 0.927942577
1572536859 1.875485898
1572538431 1.452673871
1572539088 1.713140484
1572540389 1.74874146
1572543915 1.835867215
1572871663 1.726007499
1572872313 1.859315173
1572873642 1.772218083
1572874300 1.745559723
1572876225 1.52482236
1572877445 2.070127696
1572878101 1.789612271
1572879344 1.488132444
1572880406 1.697904623
1572881423 1.4028204
1572881758 1.541188319
1572882088 1.554830668
1572882474 1.371438749
1572882808 1.628639314
1572883160 1.722452181
1572883503 1.624732385
1572967731 1.703241743
1572968715 2.00205159
1572969688 1.532800658
1572970349 1.158971196
1572970999 1.451882388
1572971662 1.725759454
1572972323 1.586146219
1572973687 1.635021805
1572974336 1.787211741
1572974995 1.538519585
1572975396 1.571130652
1572975727 1.655048172
1572976098 1.552714298
1572976477 1.383212769
1572976808 1.116388817
1572977137 1.526095291
1572977501 1.145725805
1572977830 1.448385621
1573209272 0.853184303
1573210605 1.71862904
1573212579 1.013865084
1573214556 1.377597388
1573306983 1.210528519
1573307637 0.942650376
1573307951 1.515518934
1573308272 1.616282969
1573310717 1.117628298
1573312650 1.286133597
1573313269 1.451656482
1573314520 1.108980799
1573828184 1.931087752
1573828492 1.803990747
1573828799 1.983553277
1573829104 1.840042114
1573829408 1.623504916
1573829529 191.356907849
1573830276 1.764310669
1573830584 2.12467857
1573830893 1.081846627
1573831197 1.791487134
1573902830 1.919101593
1573903143 1.870097732
1573903455 1.839556482
1573903766 1.744129247
1573904076 2.079250641
1573904384 1.840847303
1574688152 1.774720613
1574688471 1.827929502
1574689296 1.358500069
1574692164 1.991113559
1574692477 2.041325615
1574693396 1.929650349
1574693715 1.910368693
1574694043 1.740746281
1574694466 1.916718939
1574694790 2.071722602
1574695345 1.490851671
1574695687 1.881273107
1574695995 2.094460028
1574696724 1.878656861
1574698466 1.781252345
1574699053 2.080093435
1574708277 1.448889344
1574708575 2.096203878
1574708932 2.012060613
1574709882 2.006812383
1574710490 2.192413934
1574711139 2.083384078
1574950941 2.093562593
1574951316 1.91942262
1574951671 2.0571746
1574951998 1.974768637
1574952313 2.091409988
1574952709 2.147079035
1574953036 2.050206749
1574953408 1.754482917
1574953733 1.870350385
1574954060 2.218575953
1574956475 1.872372433
1574957145 1.965406036
1574957739 1.999443692
1574958321 2.11360248
1574958916 1.753514618
1574959525 1.916342642
1574960689 2.135345743
1574961356 1.846427142
1574961925 1.778910191
1575028343 1.839848842
1575028651 2.232196673
1575028963 3.063065243
1575029611 1.980609602
1575029923 2.144712213
1575030233 1.785072345
1575030551 1.637716208
1575030882 2.004798253
1575031193 2.135985133
1575033405 1.801602824
1575033972 1.971666115
1575034563 1.895160407
1575035135 1.915145707
1575036735 1.875176661
1575037296 1.968905989
1575037854 1.831488916
1575038864 2.048514144
1575114624 2.004581673
1575114932 2.055794193
1575115242 1.872158353
1575115552 1.709078461
1575115866 2.007159121
1575116177 1.830965172
1575116487 1.918579762
1575116796 1.947931228
1575117105 1.971979169
1575117414 2.08470911
1575120689 2.050709867
1575121254 1.996778535
1575122256 1.871812056
1575122875 1.713590947
1575123432 1.929155853
1575123991 1.902084269
1575124546 1.920675457
1575125113 2.000383579
1575125679 2.102013832
1575126245 1.845285881
1575293144 1.970234807
1575293818 2.237146071
1575294156 1.849829855
1575294501 1.916984214
1575294845 2.129805698
1575295247 2.048940721
1575295617 2.011198865
1575297163 1.884927467
1575298000 1.850025163
1575298570 2.083335513
1575299143 2.086545037
1575299720 2.05243856
1575300334 1.033581811
1575300907 1.955426703
1575302289 1.915596147
1575386035 2.04223336
1575386348 2.300450178
1575386658 2.08916109
1575387063 2.183308176
1575387370 1.922421086
1575387682 2.00617779
1575387990 2.045985932
1575388298 1.972252808
1575388607 1.871808146
1575388911 1.923426129
1575390479 1.661534004
1575391048 1.988645273
1575391608 1.919122438
1575392423 1.903557705
1575393002 3.168918281
1575393622 2.138346816
1575394748 1.93176737
1575395312 1.973138598
1575395875 2.110801839
1575473772 1.346408631
1575558796 2.050497505
1575559107 1.927523227
1575559433 2.263801671
1575559753 2.052769358
1575560122 1.912468535
1575560451 2.108534275
1575560788 2.346136632
1575561320 1.576780955
1575562017 2.098921111
1575562797 1.965937282
1575563407 1.912255418
1575564075 1.828651114
1575564654 1.929621789
1575565233 1.836855969
1575565800 1.938417708
1575566372 2.048251809
1575566979 2.078247101
1575568301 2.056770165
1575568883 2.099371322
1579186542 1.620442672
1579186891 1.965235466
1579187900 1.982055102
1579188233 1.700982992
1579188682 2.464597535
1579189212 2.155588207
1579189550 1.996841294
1579189875 1.915596224
1579190214 2.056121475
1579190588 2.522409848
1579191945 1.78541043
1579192509 2.044084277
1579193093 1.778286287
1579193679 2.113547623
1579194243 1.968060556
1579194812 1.735529995
1579195379 0.833822359
1579195968 1.943043349
1579196529 2.093436352
1579354298 2.055866753
1579354609 1.872860669
1579354918 1.965477284
1579355226 1.946808957
1579355538 1.802135588
1579355843 2.144530822
1579356152 2.126238369
1579356458 2.056949858
1579356764 1.917144921
1579357248 1.84042737
1579359734 2.063345621
1579360313 1.587079095
1579360871 1.837220413
1579361426 1.874799159
1579361981 1.876706144
1579362537 1.950457429
1579363095 2.133797132
1579363661 2.100067631
1579364227 1.98079938
1579364786 1.933427906
1579524912 2.228192163
1579525254 2.130540765
1579525966 1.758699364
1579526289 1.921199681
1579528596 2.048526884
1579529019 2.056414991
1579529396 2.107572778
1579529735 1.967437841
1579530047 1.976743276
1579530780 2.047520283
1579532408 1.97258367
1579533100 1.889519765
1579533760 1.812532015
1579534405 1.497169098
1579535665 2.049436104
1579536744 1.993459302
1579537312 1.809590433
1580218040 1.974886526
1580218368 1.998390194
1580218703 2.063395353
1580219052 2.12366863
1580219413 1.750303564
1580222453 1.70830313
1580222767 1.632464613
1580223077 1.950907173
1580223415 1.923495267
1580224037 2.178352773
1580224595 1.969265551
1580225152 2.03706585
1580225717 1.664189392
1580226296 1.764945302
1580226863 1.867554219
1580227428 1.876999427
1580228028 20.653271589
1580228607 2.045417894
1580229167 2.059873762
1580306670 1.827886971
1580306982 2.311855804
1580307374 2.169196192
1580307855 2.072290964
1580308165 2.041998147
1580308482 1.829098968
1580310684 2.001152618
1580310998 2.011477818
1580311304 2.190173623
1580311616 1.971704767
1580311991 1.783619478
1580312594 2.131360238
1580313173 2.09327349
1580314053 1.948786586
1580314693 2.03784885
1580315249 1.83188845
1580315812 1.999966419
1580316374 1.959299939
1580317083 1.71165063
1580317671 2.007230511
1581937065 1.966545726
1581937722 1.820745364
1581938046 1.748023006
1581938365 1.87365437
1581938689 1.913688903
1581938990 1.543256962
1581939334 1.912142452
1581939661 1.795696717
1581939960 1.989800527
1581942736 1.802812232
1581944314 1.787253127
1581945259 1.847834243
1581946209 2.266411748
1581946778 1.921171439
1581947674 2.019225175
1581948265 1.83663273
1581949389 1.050194916
1582030479 1.544814752
1582030786 2.100925112
1582031432 1.964895112
1582031730 1.881534895
1582032102 1.636623014
1582032420 2.112298609
1582032724 1.692956114
1582033317 1.556907462
1582033674 2.173760308
1582035091 1.78688605
1582035963 1.597669259
1582036568 1.499945079
1582037177 1.826113285
1582037774 1.870059131
1582038369 1.923228657
1582038957 1.926506646
1582041874 1.150938891
1582044071 1.399163716
1582044663 1.581402829
1582044978 1.807421078
1582045279 2.074742637
1582045576 1.715528934
1582045889 1.543499917
1582046184 1.747245962
1582120532 1.664074663
1582188944 1.864374954
1582189072 0.089552846
1582189075 1710.476639243
1582190972 2.074985951
1582191264 1.912076811
1582191559 2.21906097
1582191855 2.22125835
1582192143 1.921659475
1582192435 1.971035752
1582192732 1.888613231
1582193020 1.839100969
1582193310 2.933505801
1582635082 1.745174027
1582635367 1.94152589
1582635650 1.842616339
1582635935 2.153989517
1582636222 1.712191137
1582636508 2.052150733
1582636801 1.149778989
1582637096 2.410119675
1582637098 0.118956812
1582637394 1.919760207
1582637689 1.796534064
1582638257 2.007358618
1582638818 1.62773742
1582640484 2.184645492
1582641071 2.065900633
1582641632 1.885628587
1582642205 1.91829487
1582642771 1.909731052
1582643345 1.91952314
1582643942 2.110186833
1582886333 1.955671176
1582886622 1.587582767
1582886918 1.987333771
1582887206 1.972296513
1582887495 2.000121653
1582887788 1.83301854
1582888072 1.77251598
1582888361 1.924837429
1582888650 1.99987722
1582889009 2.132209445
1582899113 1.871118313
1582899677 2.273525465
1582900801 2.091617597
1582902546 1.922614115
1582903106 2.126181821
1582903711 2.001254948
1574711138 2.216415862
1574711140 0.0
1574711141 0.0
1574711141 0.0
1574711141 0.0
1574711141 0.0
1574711141 0.0
1574711141 0.0
1574711141 0.0
1574711141 0.0
1574711141 0.0
1574711141 0.0
1574711141 0.0
1574711141 0.0
1574711141 0.0
1574711141 0.0
1574711141 0.0
1574711141 0.0
1574711141 0.0
1574711141 0.0
1574711141 0.0
1574708742 0.0
1574708742 0.0
1574708932 2.039739916
1574708934 0.0
1574708934 0.0
1574708934 0.0
1574708934 0.0
1574708934 0.0
1574708934 0.0
1574708934 0.0
1574708934 0.0
1574708934 0.0
1574708934 0.0
1574708934 0.0
1574708934 0.0
1574708934 0.0
1574708934 0.0
1574708934 0.0
1574708934 0.0
1574708934 0.0
1574708934 0.0
