1569850095 1.885140986
1569850095 1.885140986
1569850854 2.338223202
1569851112 2.209754282
1569851321 5.684722109
1569851419 31.040176201
1569851665 2.206994672
1569851877 1.866692237
1569852105 2.051202948
1569852334 1.961426378
1569852568 2.151688568
1569853212 1.797611434
1569853506 1.863676782
1569853979 2.087664803
1569855005 2.181162454
1569855562 2.210502319
1570446897 2.32360798
1570447400 59.152396746
1570447955 38.689804166
1570448698 6.605098488
1570449186 2.238311098
1570449613 1.875658491
1570542979 7.008506922
1570543218 1.800381138
1570543575 2.411319439
1570543792 1.366481784
1570544703 1.879262271
1570544965 1.904277024
1570545164 2.129987105
1570545389 3.491700865
1571322886 1.817770721
1571323086 2.157907078
1571323599 2.067013377
1571324002 2.226731308
1571324400 2.261359173
1571324792 2.123960502
1571325204 1.712591232
1571325403 1.770864863
1571325606 1.73600722
1571325807 2.140556173
1571326004 2.184836251
1571326523 2.387197281
1571326907 2.213212713
1571327115 2.481423622
1571327323 2.335045779
1571327723 1.991768686
1571328113 2.182325228
1571328504 2.207485113
1571328895 2.263700404
1571329288 2.653981133
1571329676 2.273136453
1571330654 2.097000531
1571395698 2.053356901
1571395703 4.561502152
1571395729 35.870431206
1571395777 29.744987715
1571395996 1.829223607
1571396193 1.809119344
1571396391 2.272810718
1571396589 2.2919468
1571396788 2.244870615
1571397018 2.333388855
1571397221 2.362837832
1571397420 2.094651925
1571397617 1.738603484
1571397815 1.748776124
1571398226 2.390727945
1571398622 2.380229808
1571399014 2.077100681
1571399406 2.087787566
1571399798 2.310256083
1571400194 2.503941354
1571400615 2.352938559
1571401016 2.177832841
1571401408 2.095476508
1571401798 2.22156195
1571404821 45.526882124
1571405064 0.756403169
1571405261 2.444133593
1571405461 2.236665998
1571405691 2.090979165
1571405890 1.96581529
1571406699 6.662567936
1571407178 2.392469102
1571407571 1.975881481
1571407961 2.00457464
1571408351 2.201897798
1571408744 2.123480964
1571409112 2.127315982
1571409314 1.9723684
1571409513 1.750313045
1571409728 2.22391452
1571409927 1.820413294
1571664281 19.134464464
1571664535 2.168085559
1571665046 2.05574987
1571665256 2.301020153
1571665450 2.120607528
1571665644 2.187438466
1571665840 2.322873115
1571666235 2.656219201
1571666627 1.862082485
1571667019 2.155710702
1571667410 1.875973453
1571667855 2.29984531
1571668262 2.00971218
1571668456 2.313812649
1571668660 1.958970791
1571668855 2.181263922
1571669055 2.12016444
1571669506 1.958801993
1571669899 2.3059324
1571752128 1.887536386
1571752326 2.094309695
1571752531 1.793677673
1571752727 1.839890358
1571752924 1.87660256
1571753120 1.829306361
1571753317 1.751454341
1571753514 2.090645377
1571753710 2.096919878
1571753907 1.84940712
1571754417 1.900228513
1571754808 1.725376501
1571755210 2.267426852
1571755612 2.316745048
1571756048 2.56789748
1571756124 10.973318153
1571756840 2.26923955
1571757279 2.114344759
1571757695 1.967807342
1571758093 2.427767653
1571758483 1.97662384
1571758880 2.438704299
1571760266 1.748428886
1571760464 2.176706589
1571760664 1.879130861
1571760864 1.779708839
1571761063 2.239878164
1571761276 1.845637579
1571761469 1.753077913
1571761664 1.798241852
1571761863 2.059200099
1571762069 1.749700471
1571762098 2.437812259
1571762886 1.915891303
1571763277 1.924936434
1571763667 1.801738314
1571764072 2.514468908
1571764486 1.75611733
1571764877 2.231665065
1571765267 2.038819802
1571765658 1.84225553
1571766047 1.960491484
1571767015 2.730185244
1572003371 1.869555579
1572003569 2.04705811
1572003766 2.048454023
1572003962 1.954677652
1572004157 2.197417455
1572004353 2.146784722
1572004550 2.160676375
1572004752 1.984375767
1572004951 2.189021421
1572005147 2.069339428
1572006241 2.057507083
1572006776 2.127677714
1572006957 2.184879983
1572007375 1.956223767
1572007770 1.989408591
1572007869 1.953426168
1572008279 2.282039022
1572008680 2.305875153
1572009077 2.179304399
1572009465 1.876913761
1572009855 2.613606086
1572010246 2.290055665
1572010643 2.030721553
1572011033 1.879387726
1572011350 2.304650809
1572011545 2.471953858
1572011745 1.954283021
1572011939 2.094923863
1572012136 1.951901833
1572012332 2.431236127
1572012527 1.960071875
1572012720 1.997569144
1572012915 2.09900309
1572013110 2.253236342
1572013596 2.003216829
1572013989 2.354117729
1572014381 2.13905709
1572014771 2.248581534
1572015160 1.872718427
1572265169 2.445489029
1572265370 2.263539026
1572265567 1.933145421
1572265766 2.088536821
1572265969 2.087917274
1572266170 2.039447948
1572266369 2.390171669
1572266568 2.35009407
1572266768 2.279238299
1572266974 2.196540859
1572268325 1.75463087
1572269236 2.267798536
1572269643 2.232271975
1572270060 2.179743605
1572270456 2.273776256
1572270848 2.049000992
1572271374 1.99456661
1572272545 2.319745611
1572272881 2.223467026
1572273214 2.210110334
1572273560 2.222539448
1572273895 2.272850788
1572274221 2.296969969
1572274396 2.306069978
1572274562 2.052652583
1572274734 2.075300666
1572274904 2.221181746
1572275073 2.310547499
1572275248 2.433790041
1572275595 2.332584318
1572275761 2.244720372
1572276316 1.966949481
1572276656 2.263514063
1572276986 2.036697612
1572277317 2.051820811
1572277652 2.110933566
1572278010 2.283839656
1572278343 2.089006745
1572278674 2.305078769
1572361385 2.064644372
1572361581 2.117805299
1572361776 2.411266051
1572361974 1.962782389
1572362168 2.353487036
1572362364 2.050243615
1572362560 2.043823421
1572362760 2.212652172
1572362954 1.895812922
1572363152 2.318388795
1572363733 2.131850954
1572364062 2.04779699
1572364394 1.770047473
1572364726 2.17258734
1572365068 2.167687251
1572365398 2.215612457
1572365776 3.524614133
1572366156 2.319847951
1572366490 2.270812601
1572366823 2.138106766
1572367013 2.336413529
1572367181 2.376788288
1572367350 2.1720407
1572367518 2.321643448
1572367703 2.265384671
1572367880 1.53225494
1572368048 1.837347375
1572368216 3.255919936
1572368380 1.980218822
1572368553 2.177828306
1572369851 2.226038065
1572370181 2.266984462
1572370513 2.220137977
1572370843 2.080159733
1572371173 2.179458126
1572371504 1.996870783
1572371835 2.257114465
1572372165 2.17503099
1572372494 2.002863489
1572372827 2.10155938
1572532105 2.327381078
1572532110 4.991918212
1572532122 10.75345562
1572532139 2.692537636
1572532146 3.948904831
1572532156 8.48617294
1572532173 3.642830056
1572532505 2.395810468
1572532712 2.18455152
1572532983 2.325499842
1572533838 2.184880922
1572534193 2.093223777
1572534540 2.076312424
1572534871 2.172927679
1572535220 2.063187974
1572535551 2.257731799
1572535885 2.098384545
1572536216 2.259891738
1572536579 2.106402514
1572536916 2.276164267
1572537838 2.091908533
1572538490 2.249503092
1572539147 2.175036717
1572539799 2.231226299
1572540455 2.380655806
1572541359 1.828567827
1572542008 2.053190523
1572542656 2.3254121
1572543301 2.220486698
1572543974 1.787440596
1572544600 2.351632118
1572544768 2.361156722
1572544942 1.8964659
1572545118 2.022633507
1572545288 1.801064535
1572870112 2.143621941
1572870332 2.167842742
1572870516 1.887400378
1572870735 1.803360453
1572870904 2.007902542
1572871723 2.75578697
1572872372 2.515550411
1572873053 2.045638991
1572873703 2.153631091
1572874374 2.406862528
1572875426 2.171162905
1572876332 2.189449993
1572877505 2.264683755
1572878179 2.553507261
1572879403 2.122783581
1572880035 2.151372509
1572880463 2.070155063
1572880801 2.258240609
1572881148 2.136445879
1572881480 2.139775935
1572881815 1.869262579
1572882145 2.218630013
1572882536 2.202612292
1572882866 2.16677528
1572883225 2.311324079
1572883561 1.996583395
1572965493 2.121978178
1572965660 2.095468401
1572965830 2.05464347
1572965994 2.00513608
1572966166 2.255745034
1572966337 2.167648793
1572966504 2.030620999
1572966695 2.303386672
1572966866 2.2609802
1572967031 2.135262542
1572967793 2.440390948
1572968781 318.40560695
1572969750 2.130146375
1572970409 2.232573339
1572971061 2.085145942
1572971721 2.35941253
1572972382 2.222509523
1572973094 2.058633372
1572973748 2.20623817
1572974398 2.103310496
1572975054 2.388543924
1572975453 2.225735748
1572976154 2.083746543
1572976536 1.865819288
1572976864 2.184211419
1572977195 2.349855134
1572977558 1.971972738
1572977887 1.953861758
1572978276 2.139262051
1573207141 1.872929077
1573207309 2.096757109
1573207476 1.932959732
1573207643 1.911383093
1573207814 2.135947486
1573207981 2.203232874
1573208145 1.847670489
1573208312 2.08550107
1573208479 1.908311997
1573208648 1.952638009
1573209334 2.265965515
1573210000 1.974677588
1573210664 2.094448407
1573211333 2.388210722
1573211989 2.348265797
1573212637 2.058333431
1573213291 1.900714305
1573213957 1.804314121
1573214615 2.172626898
1573215276 2.524204159
1573218480 1.791341077
1573218814 2.097563446
1573218995 1222.835559794
1573220380 2.161327318
1573220549 2.270544952
1573220718 1.928291607
1573220886 1.939495026
1573221052 1.869573947
1573221218 1.899026131
1573221385 2.09397972
1573221554 2.446356753
1573221723 0.996287633
1573221888 2.296245275
1573222083 2.250352734
1573222250 1.888085241
1573222414 2.088477871
1573222581 2.135836725
1573222750 1.793672281
1573301232 2.047493676
1573301402 2.174630158
1573301583 2.076848872
1573301767 2.320044801
1573301939 2.003361141
1573302113 1.929144497
1573302289 2.568454413
1573302458 2.475310075
1573302623 1.839705362
1573302811 2.053307017
1573303424 1.79508084
1573303941 1.800278581
1573304104 1.92852122
1573304264 2.3395176
1573304431 2.097940947
1573304594 2.096651588
1573304757 2.296308905
1573304916 2.157604957
1573305076 2.124122859
1573305239 1.671305739
1573305399 1.892372803
1573306713 1.923840769
1573307037 2.047003449
1573307372 2.019991243
1573307689 1.812319724
1573308011 2.17677262
1573308325 2.010230249
1573308656 2.220415795
1573308977 2.000042281
1573309299 2.245440407
1573309627 2.039071727
1573310773 2.091370068
1573311388 2.118915532
1573312007 2.149003985
1573312704 2.043214601
1573313325 2.268166516
1573313948 2.016223373
1573314575 2.157035117
1573315267 2.125337631
1573741906 1.975278426
1573742024 1.827052395
1573743657 1.997296895
1573743757 2.092545027
1573743856 1.996000122
1573743956 2.007829286
1573744054 2.180049266
1573744150 2.095303557
1573744248 2.142730261
1573744346 2.010481633
1573744437 2.230588685
1573744533 1.856295891
1573744640 1.83889537
1573744738 1.907046493
1573744854 2.166300196
1573744990 1.923609039
1573745087 1.836757208
1573745271 1.987683905
1573745367 1.923315265
1573745469 2.337956971
1573745566 2.351749817
1573745669 2.428805981
1573745766 1.873776055
1573745870 1.624797002
1573745967 1.809878762
1573746064 2.013002485
1573746164 2.000134912
1573746263 1.758336805
1573746362 2.129931546
1573746463 2.172435291
1573746560 1.799548891
1573746656 1.922248295
1573748976 1.693169486
1573749184 1.235286
1573749285 4.270665726
1573749384 2.052731606
1573749519 1.973647621
1573749618 2.883258577
1573749717 1.832367315
1573749817 2.003451478
1573749913 1.956728794
1573752613 2.085072248
1573752830 1.957344428
1573752987 2.023263114
1573753145 2.213817018
1573753300 2.044056944
1573753458 1.930371548
1573753613 1.968106841
1573753775 1.841037838
1573753930 2.135743495
1573754752 2.178904405
1573754912 1.84867594
1573755079 2.167061345
1573755242 2.075796344
1573755400 2.349213323
1573755555 2.395791034
1573755716 2.12470363
1573755873 2.07850341
1573756029 2.128264656
1573756192 2.034143199
1573828237 2.163153343
1573828546 1.86356475
1573828852 2.154644221
1573829157 2.016107815
1573829462 1.964773974
1573829842 2.693967772
1573830330 2.186105324
1573830639 2.042432535
1573830945 1.879665507
1573831250 1.952870941
1573831495 1.793905617
1573831655 1.623308234
1573831828 1.593074808
1573831980 1.88337281
1573832136 1.883201847
1573832295 1.923951421
1573832462 2.121006689
1573832615 1.758050408
1573832770 1.991668992
1573832926 1.5811681
1573833124 2.350988039
1573833287 1.471528094
1573833443 1.774958363
1573833602 1.79091247
1573833765 1.705441214
1573900943 22.521955318
1573901134 1.838888811
1573901289 1.959217641
1573901444 2.047791212
1573901608 1.919434368
1573901762 2.044383787
1573901916 2.027662977
1573902073 1.660196322
1573902229 2.103186553
1573902385 2.1183331
1573902544 2.20008036
1573902886 1.582301302
1573903196 2.00404056
1573903511 2.339955876
1573903820 2.045679741
1573904130 2.209921025
1573904437 2.047563375
1573904627 70.830957285
1574685881 1.921315658
1574686066 2.012225077
1574686222 1.930935283
1574686386 2.208801005
1574686543 1.910695287
1574686707 1.806067574
1574686873 2.232566636
1574687062 3.656519352
1574687235 2.274810261
1574687400 1.796964218
1574688208 2.262462679
1574688526 1.811427816
1574689354 1.452816998
1574689758 2.00348061
1574689944 1.880920377
1574690117 1.844838902
1574690282 1.814054702
1574690453 1.702726807
1574690622 2.23914239
1574690783 2.037813869
1574690952 1.91712327
1574691132 1.982204537
1574691306 1.834560051
1574692220 2.080302299
1574692538 1.975240255
1574693450 1.930474057
1574693768 2.072128036
1574694098 2.006864228
1574694533 3.502351151
1574694844 2.212930545
1574694960 1.659317569
1574695397 1.831542172
1574695740 2.227412766
1574696048 2.017220985
1574696775 2.094627186
1574697351 1.551736524
1574697945 2.235363225
1574698514 2.010464781
1574699101 2.040198663
1574706730 1.900647171
1574706969 16.228993336
1574707168 2.089909584
1574707365 1.747864398
1574708330 1.592872298
1574708453 1.56342647
1574708628 2.06059419
1574708986 1.868512775
1574709199 1.90437722
1574709939 2.140722748
1574710542 1.494123237
1574711195 2.130538611
1574950995 1.987672166
1574951370 2.14342316
1574951725 2.087927779
1574952052 2.213673936
1574952366 2.13444099
1574952771 1.911270846
1574953132 2.089264544
1574953461 1.872455241
1574953787 2.041901246
1574954113 1.671305709
1574954278 2.045539941
1574954445 2.044433623
1574954617 2.092216854
1574954803 1.755559774
1574954961 1.846480736
1574955120 1.801463717
1574955377 2.107635247
1574955538 1.844387727
1574955699 1.985150455
1574955860 3.081266167
1574956523 1.921950653
1574957193 1.883560791
1574957787 2.127260823
1574958370 2.344174039
1574958964 2.211511703
1574959573 1.322852618
1574960151 1.850968046
1574960737 2.038746384
1574961404 2.129143057
1574961972 2.063147826
1575026608 2.180923629
1575026770 1.651772982
1575026929 2.398602976
1575027093 2.0401493
1575027255 1.675224048
1575027419 2.239271481
1575027581 3.702560019
1575027740 1.808812484
1575027907 1.400442422
1575028063 2.123515951
1575028396 1.916581041
1575028707 2.012116911
1575029041 1.916738531
1575029357 1.839145548
1575029664 1.962421845
1575029978 1.877177181
1575030288 1.665037985
1575030604 1.79230718
1575031248 1.788023718
1575033453 2.001332389
1575034020 1.830852266
1575034611 2.185230202
1575035183 1.948848022
1575035748 1.849035015
1575036783 2.078065968
1575037344 1.972756113
1575037902 2.192011779
1575038912 1.872724369
1575039479 1.970710996
1575112732 31.848648764
1575112921 1.920137989
1575113086 2.298935845
1575113245 1.910982653
1575113405 1.695699712
1575113565 1.785578359
1575113722 1.845743385
1575113878 2.122299912
1575114036 1.959412537
1575114204 2.043353781
1575114360 1.805398588
1575114677 2.097973375
1575114986 2.141065817
1575115296 1.615363546
1575115605 1.828826331
1575115920 1.862650859
1575116231 1.568481172
1575116541 1.78547229
1575116850 2.506971131
1575117159 1.828200793
1575117467 2.033925058
1575120145 42.75856061
1575120742 2.227386641
1575121302 1.952382373
1575122303 2.804062112
1575122922 2.105890813
1575123480 1.875717321
1575124039 1.997848227
1575124594 2.167698569
1575125160 1.672391296
1575125728 2.006920767
1575126293 2.25025659
1575128439 356.006517673
1575289853 1.927869765
1575290376 2.239264611
1575290544 1.949720384
1575290720 1.707094388
1575290883 2.080120833
1575291204 1.795871765
1575291367 2.208694263
1575293200 2.006244092
1575293532 1.789832304
1575293872 1.77704095
1575294210 2.136013851
1575294552 2.345607609
1575294900 1.930189192
1575295302 1.785508601
1575295670 2.040544729
1575296882 1.916699962
1575297220 2.172102994
1575298050 2.218028295
1575298621 2.047701335
1575299194 2.12021788
1575299772 2.093420482
1575300380 2.103406053
1575300954 2.091439663
1575301751 2.153325532
1575302342 2.902238713
1575384255 2.080131258
1575384414 2.088186921
1575384573 2.263247603
1575384738 2.015554202
1575384893 2.044120154
1575385053 1.917485525
1575385215 2.484679498
1575385375 2.140778816
1575385538 1.750945544
1575385695 1.793453795
1575386089 1.846809625
1575386402 2.123666183
1575386713 1.822452708
1575387116 2.35420135
1575387425 2.015136294
1575387736 1.62413115
1575388044 2.136687567
1575388351 2.022261573
1575388660 2.657381433
1575388981 2.01213961
1575389930 32.314793089
1575390526 1.810630278
1575391098 0.306307758
1575391658 2.236400237
1575392470 1.819603907
1575393086 2.052538124
1575393669 2.199581634
1575394234 2.189738822
1575394797 2.214267832
1575395360 2.004263567
1575395928 0.89103945
1575398584 48.355497634
1575472852 456.419959733
1575473831 2.229127232
1575473844 375.522907225
1575474612 9.349328467
1575554443 4.782334087
1575554454 0.13073854
1575556635 2.002643582
1575556800 1.923668529
1575556970 2.079945137
1575557153 2.043904829
1575557325 1.922865785
1575557506 1.923332952
1575557686 1.954912149
1575557855 2.075714608
1575558315 2.114741264
1575558499 2.011815876
1575558850 1.655464476
1575559160 2.133920028
1575559488 2.144327056
1575559806 2.100500304
1575560175 3.551763277
1575560508 2.174237331
1575560842 1.847624267
1575561373 2.10101957
1575561715 1.581356386
1575562134 2.426534386
1575562845 2.09486969
1575563454 2.180898442
1575564123 1.75517014
1575564125 0.162412084
1575564702 1.91644159
1575564704 0.35600631
1575565281 5.196966967
1575565848 2.010594523
1575566420 2.087741625
1575567027 2.00205268
1575568349 1.87864496
1575568930 2.184486082
1579184134 2.077810965
1579184504 183.544093578
1579184690 1.762729717
1579184849 1.805405918
1579185011 2.097067036
1579185174 1.748193812
1579185349 2.070885504
1579185527 1.999780647
1579185704 2.215713831
1579185888 2.043990236
1579186074 2.21868695
1579186246 2.006464728
1579186596 2.08096285
1579186944 2.04953953
1579187953 1.755288172
1579188286 1.809847981
1579188391 1.524179612
1579188937 0.343963801
1579188948 1.023095518
1579189267 1.93043068
1579189604 1.986835877
1579189931 2.109240753
1579190268 1.938548446
1579191379 2.217246634
1579191993 2.005363853
1579192557 2.057980791
1579193139 1.959026494
1579193727 1.845040348
1579194292 1.960458611
1579194860 2.075936443
1579195426 2.062413466
1579196016 1.79599675
1579196577 1.91228404
1579351685 18.494098674
1579351869 1.878028432
1579352030 2.089174045
1579352191 1.711085097
1579352353 1.848300025
1579352518 2.124290834
1579352676 2.027098799
1579352837 1.875109753
1579353000 2.128408722
1579353163 2.127065539
1579354029 18.813358152
1579354352 2.049585724
1579354663 1.83024365
1579354974 2.059104546
1579355279 1.995873843
1579355591 1.753549683
1579355899 1.748257516
1579356205 2.097665575
1579356512 2.112308712
1579356817 1.708417738
1579357295 36.292263789
1579359209 17.476255497
1579359782 2.033971527
1579360361 2.084848356
1579360919 2.004607844
1579361474 1.707972367
1579362029 1.827580192
1579362584 1.855525134
1579363144 1.874780794
1579363711 1.45488507
1579364275 1.835793857
1579364834 8.676314196
1574711195 2.130538611
1574707168 2.089909584
1574708986 1.868512775
