1569854790 5.379724795
1569856397 5.437692735
1571330449 5.484607318
1571766807 5.89945554
1571767590 5.497056111
1572537661 4.481352785
1572538315 4.460202389
1572538975 4.299772583
1572539627 4.398150537
1572540276 4.36005758
1572541181 4.23274744
1572541833 4.417746235
1572542483 4.49772889
1572543129 4.291587332
1572543801 4.477493264
1572871548 4.527711719
1572872199 4.354578591
1572872880 4.458473827
1572873528 4.472591476
1572874186 4.810986142
1572875251 4.396135305
1572876106 4.535305697
1572877331 4.392746485
1572877986 4.311884795
1572879226 4.642657028
1572967616 4.417073789
1572968274 4.42052245
1572969574 4.507674009
1572970235 4.516883055
1572970885 4.462229684
1572971547 4.452601906
1572972209 4.609035781
1572972857 4.505620852
1572973574 4.353085616
1572974223 4.389344981
1572974881 4.529659024
1573209157 4.471667052
1573209828 4.519680416
1573210488 4.368274843
1573211157 4.276230307
1573211816 4.412353179
1573212463 4.429446061
1573213116 4.362092487
1573213766 4.500613268
1573214439 4.411881979
1573215097 4.226947644
1573310603 4.066327148
1573311222 4.438408235
1573311833 4.226139708
1573312539 4.195716504
1573313157 4.556330903
1573313781 4.118976416
1573314409 4.272739652
1573315023 4.72409355
1575120596 4.120800863
1579196436 4.159312512
