1569849895 14.085407967
1569850101 12.84201037
1569849895 13.830634718
1569850101 12.84201037
1569850859 64.108052381
1569851117 15.497401727
1569851454 12.829349456
1569851668 20.407739142
1569851882 36.105465528
1569852134 12.656606012
1569852339 46.397767228
1569852571 30.676463564
1569852961 31.705804047
1569853216 88.348555464
1569854015 169.87074892
1569855566 21.644169256
1570446902 14.935508969
1570447996 13.301210235
1570448727 9.231560338
1570449192 13.198152939
1570449617 14.521860865
1570543012 19.49334181
1570543224 163.790643246
1570543580 14.508065505
1570543796 728.253790205
1570544711 12.871333151
1570544970 14.36685907
1571322893 10.004722665
1571323091 133.466899225
1571323605 13.203047001
1571324007 12.913498582
1571324406 13.570997205
1571324796 229.751990658
1571325209 13.552062697
1571325408 14.354922109
1571325613 13.491568046
1571325813 12.460117101
1571326008 16.532646681
1571326703 13.091759515
1571326913 16.185065641
1571327122 13.849235469
1571327329 21.268377997
1571327726 14.366009114
1571328117 14.202003845
1571328510 12.456547966
1571328899 14.34126387
1571329292 13.70579772
1571329680 218.294999299
1571395775 43.16851617
1571396000 14.073955774
1571396198 13.190644693
1571396396 13.642772216
1571396593 14.318352315
1571396792 14.353082466
1571397022 14.643974022
1571397225 15.351674154
1571397424 14.026692837
1571397623 12.606043128
1571397819 35.145423559
1571398231 16.226817938
1571398629 13.175024716
1571399018 14.718678968
1571399410 14.198749054
1571399803 18.007416392
1571400198 15.31662607
1571400623 12.932962359
1571401021 12.733599009
1571401412 14.607959219
1571405067 15.460999653
1571405265 14.13067578
1571405466 13.824758014
1571405697 14.843503181
1571406688 118.424768007
1571407182 14.106827215
1571407577 13.622645636
1571407965 13.374456776
1571408357 13.746234421
1571408749 152.454749617
1571409119 13.190608248
1571409321 13.355532524
1571409518 13.896297404
1571409733 15.356463039
1571664307 9.124051438
1571664844 15.389508863
1571665051 12.346846412
1571665260 14.077844584
1571665455 13.015989605
1571665649 13.528865574
1571665845 18.510956153
1571666241 13.493095049
1571666631 13.539146473
1571667023 15.753992537
1571667414 61.053615987
1571667859 221.556293013
1571668267 13.219791851
1571668460 13.546116576
1571668665 13.62770179
1571669059 68.07873475
1571669510 15.360287777
1571752133 13.840940656
1571752330 15.486685617
1571752535 14.507627756
1571752732 13.48734404
1571752929 12.531089662
1571753124 14.67658577
1571753321 15.671519437
1571753519 13.750929108
1571753715 14.53134174
1571753911 127.003638304
1571754421 13.828491898
1571754811 16.715086948
1571755214 17.160294072
1571755616 17.175343427
1571756448 16.322862831
1571756844 31.159658739
1571757699 14.690439989
1571758097 16.147044219
1571758488 15.775500591
1571760073 13.875884901
1571760269 14.467278275
1571760468 16.860467234
1571760668 15.787413846
1571760869 13.438529111
1571761068 26.703057161
1571761280 13.819330017
1571761474 13.411646067
1571761668 16.133977272
1571762102 12.992083491
1571762494 13.598945214
1571762890 17.146786223
1571763281 14.312331363
1571763671 14.878777001
1571764076 14.651616443
1571764490 13.37270801
1571764881 14.985681731
1571765271 13.606676688
1571765662 13.977963816
1571766051 201.683840168
1571767020 15.931995202
