1569853963 5.902565219
1569854990 5.318093951
1569855538 5.376327828
1570447384 6.010839231
1570448216 5.342719492
1570449171 5.440363495
1570449597 5.361465945
1571323583 5.501031358
1571323986 5.383908302
1571324384 5.39436076
1571324777 5.465553694
1571327707 5.588521394
1571328098 5.463756609
1571328489 5.440428334
1571328880 5.380686581
1571329272 5.45898556
1571329660 5.497488994
1571330638 5.419724842
1571398211 5.38728842
1571398607 5.44095245
1571398998 5.479998265
1571399390 5.470477372
1571399782 5.53360355
1571400179 5.484817024
1571400600 5.448199899
1571401000 5.591815181
1571401393 5.607274482
1571401782 5.614669399
1571407162 5.558571923
1571407555 5.550928923
1571407945 5.433775104
1571408336 5.546564097
1571408728 5.287322808
1571666220 5.478889172
1571666612 5.539063165
1571667004 5.34805105
1571667394 5.502508274
1571667840 5.364245305
1571669490 5.401363391
1571669884 5.455786683
1571754401 5.369621385
1571754792 5.411325329
1571755193 6.182214245
1571755595 5.65958929
1571756015 19.611190746
1571756824 5.412665979
1571757262 5.620802096
1571757679 5.567173323
1571758077 5.549887055
1571758468 5.573742518
1571758865 5.620131402
1571762472 5.655907547
1571762870 5.392598766
1571763261 5.201475593
1571763652 5.473849594
1571764045 5.781165918
1571764470 5.544381586
1571764862 5.412679529
1571765251 5.504413615
1571765642 5.429119847
1571766032 5.468430678
1571767000 5.589440855
1572006760 5.871402638
1572007359 5.527256977
1572007754 5.599791616
1572008263 5.428207832
1572008665 5.621121512
1572009061 5.534528274
1572009450 5.537395817
1572009840 5.434382048
1572010231 5.564469808
1572010627 5.190732982
1572011018 5.393225711
1572013581 5.438829279
1572013974 5.562523517
1572014366 5.51375813
1572014755 5.335857592
1572015145 5.479298282
1572268309 5.445892673
1572269220 5.89120328
1572269628 5.412754939
1572270044 5.404377787
1572270440 5.655501786
1572270832 5.242456831
1572271359 5.340927489
1572272533 4.180920262
1572272869 4.376311783
1572273201 5.457240387
1572273547 4.486023876
1572273882 4.571088664
1572276304 4.440985131
1572276643 4.394186118
1572276973 4.410742141
1572277304 4.450624161
1572277639 4.344886091
1572277998 4.400136037
1572278330 4.45199628
1572278662 4.508437773
1572363720 4.228059014
1572364050 4.388558696
1572364381 4.296250636
1572364714 4.426212994
1572365055 4.480786534
1572365385 4.40323387
1572365764 4.50970171
1572366144 4.432269139
1572366477 4.405170975
1572366810 4.287867572
1572369839 4.395861581
1572370169 4.327745748
1572370500 4.341191737
1572370831 4.419787472
1572371160 4.846860788
1572371492 4.379828605
1572371823 4.429015795
1572372152 4.430460949
1572372482 4.317814728
1572372815 4.473855475
1572533826 4.532667119
1572534180 4.435799618
1572534527 4.618891703
1572534858 4.997442085
1572535207 4.331269233
1572535538 4.616736348
1572535872 4.547134344
1572536204 4.405129076
1572536567 4.437071498
1572536904 4.470592384
1572537825 4.443231226
1572538478 4.473038313
1572539134 4.390759864
1572539787 4.514371929
1572540442 4.304338905
1572541346 4.435707625
1572541995 4.438353248
1572542643 4.385530786
1572543289 4.40297491
1572543962 4.525900932
1572871711 4.472034693
1572872359 4.192686784
1572873040 4.394859683
1572873691 4.474365257
1572874361 4.399980623
1572875413 4.310135854
1572876319 4.403163546
1572877492 4.342341392
1572878159 5.201258498
1572879390 4.432139294
1572880022 4.579589199
1572880450 4.616877802
1572880785 4.639839672
1572881135 4.296834651
1572881467 4.212908601
1572881802 4.446301109
1572882132 4.405373623
1572882523 4.363674876
1572882854 4.364596204
1572883213 4.566402491
1572883548 4.553607947
1572967780 4.818543072
1572968766 5.424892647
1572969738 4.385350006
1572970397 4.553532239
1572971049 4.478999297
1572971708 4.654327091
1572972370 4.231108153
1572973082 4.336244977
1572973736 4.484034437
1572974386 4.373049746
1572975041 4.410668162
1572975440 4.233606482
1572975771 4.409884823
1572976142 4.523880714
1572976521 4.483894022
1572976852 4.313782941
1572977183 4.409639742
1572977545 4.494624612
1572977874 4.447213897
1572978264 4.459281961
1573209321 4.384732629
1573209988 4.436610627
1573210652 4.35541026
1573211320 4.37660659
1573211976 4.467476738
1573212625 4.406348014
1573213278 4.487898255
1573213944 4.428316102
1573214602 4.491175526
1573215263 4.31456274
1573218467 4.467378081
1573218801 4.652638721
1573218979 6.248082512
1573306702 3.632849537
1573307025 4.092239454
1573307360 4.055784518
1573307678 4.004378638
1573307999 4.336407856
1573308313 4.20825644
1573308645 3.937936084
1573308965 4.200177516
1573309287 4.28989349
1573309616 3.927280536
1573310761 4.184816224
1573311377 4.139527025
1573311995 3.924978712
1573312693 4.076913706
1573313313 4.26430371
1573313936 4.19109857
1573314564 4.105403762
1573315255 4.075497062
1573741895 3.987892463
1573742013 3.931486621
1573743645 3.923160442
1573743746 4.064351707
1573743845 4.003466948
1573743944 3.983796701
1573744042 4.053144801
1573744138 3.938874671
1573744236 4.037506885
1573744334 4.08265342
1573744426 4.197851031
1573744522 3.957245531
1573744628 3.972726478
1573744727 3.971272199
1573744842 4.069017271
1573744978 4.1057159
1573745076 3.964711015
1573745259 4.001153886
1573745356 3.935687997
1573745458 4.172327902
1573745555 3.926225004
1573745658 4.089102324
1573745755 4.09303665
1573745858 3.971836602
1573745957 2.644507326
1573746052 4.072781649
1573746153 4.069106215
1573746251 3.839802267
1573746351 4.134490652
1573746452 4.06415841
1573746549 4.004752749
1573746645 4.039335519
1573748965 4.252429227
1573749062 4.05962401
1573749164 4.287386247
1573749274 4.065804587
1573749372 4.182116788
1573749507 3.916304729
1573749606 4.056555877
1573749706 3.866723458
1573749805 3.888955224
1573749901 4.015292316
1573828226 4.082229823
1573828534 3.884481921
1573828841 4.1858987
1573829146 3.8633055
1573829450 4.098995086
1573829830 4.171084676
1573830318 4.049489147
1573830627 4.019855312
1573830934 4.031593135
1573831239 3.942850815
1573902873 4.107649268
1573903185 3.92786584
1573903499 3.951499845
1573903808 3.894180508
1573904118 4.043549856
1573904426 4.136806445
1573904611 5.295119901
1574688197 4.101512413
1574688514 4.000172194
1574689336 9.97949244
1574692209 4.261397386
1574692526 4.161426302
1574693438 4.045048511
1574693756 4.062602567
1574694086 4.111053554
1574694517 4.448168931
1574694832 4.146763794
1574694945 5.377368798
1574695386 4.087800396
1574695729 4.035242143
1574696037 3.93352094
1574696763 4.070209831
1574697339 4.053608175
1574697933 4.055664806
1574698502 4.069585299
1574699090 4.154014743
1574706719 4.079805897
1574707353 4.175376918
1574708319 4.073908495
1574708441 4.426190554
1574708617 4.170826506
1574708974 4.144655467
1574709186 4.687630067
1574709927 4.181161944
1574710531 4.163693049
1574711183 4.023996133
1574950984 4.189447623
1574951358 4.214770504
1574951713 4.254416136
1574952040 4.046044489
1574952355 4.099068392
1574952759 4.168646516
1574953080 30.519568609
1574953449 4.048123621
1574953775 4.146571022
1574954101 4.145340132
1574956512 4.122673498
1574957181 4.018665131
1574957775 4.064068801
1574958358 4.062411468
1574958952 4.183250094
1574959562 4.043898663
1574960139 3.97023313
1574960726 4.011238582
1574961392 4.030401861
1574961961 3.925601863
1575028385 4.150073584
1575028693 4.178223479
1575029030 4.006694546
1575029345 4.158237198
1575029653 4.216919137
1575029966 4.188730084
1575030277 4.140462644
1575030593 3.994989007
1575030924 4.101034874
1575031236 4.188368929
1575033441 4.076380342
1575034008 4.137278388
1575034599 4.060647111
1575035172 4.071121911
1575035736 4.54595343
1575036772 4.178015827
1575037333 4.224282561
1575037890 4.228541618
1575038901 4.187559345
1575039467 4.071216018
1575114666 4.004597802
1575114975 4.055136402
1575115284 4.183498833
1575115594 4.085717066
1575115909 4.099702739
1575116219 3.849627539
1575116529 4.22631137
1575116839 4.107852721
1575117147 4.196115424
1575117455 4.176295001
1575120731 4.105842402
1575121290 4.002190257
1575122292 4.079345707
1575122911 4.054478684
1575123468 4.081752558
1575124027 4.007761654
1575124583 4.118429676
1575125148 4.048383907
1575125716 4.191671488
1575126281 4.003534084
1575293188 4.13752565
1575293520 4.106789688
1575293861 4.186261356
1575294198 4.08858861
1575294541 4.077632562
1575294888 4.141879036
1575295290 4.060105439
1575295659 3.871220715
1575296870 4.033615819
1575297209 4.090140833
1575298039 4.225823653
1575298610 4.106072102
1575299182 4.055623588
1575299760 4.184994783
1575300368 3.985217101
1575300943 4.100595337
1575301740 4.100732792
1575302328 4.730964753
1575386077 4.176280499
1575386390 4.086164734
1575386701 3.948963341
1575387105 3.918972446
1575387413 4.175514352
1575387725 4.272879901
1575388032 3.867787071
1575388340 4.051312808
1575388649 4.10281952
1575388953 19.256240938
1575390514 4.299533277
1575391085 4.15023468
1575391647 4.109038304
1575392459 3.997411579
1575393075 4.027507262
1575393658 4.113316678
1575394223 4.094741425
1575394785 4.144926202
1575395348 4.100219769
1575395916 3.041403438
1575397233 12.873840994
1575397521 11.086659598
1575397800 10.993245562
1575398082 14.238437657
1575398326 10.992599661
1575398552 10.507032941
1575473813 3.903945419
1575474318 5.359953136
1575474600 4.474444092
1575558838 4.180370059
1575559148 4.236467559
1575559476 4.095442563
1575559795 4.178575475
1575560163 4.292577488
1575560496 4.051598164
1575560830 3.956137024
1575561361 4.190634428
1575561703 3.926217236
1575562059 4.148540369
1575562833 4.20520189
1575563443 4.096707271
1575564111 4.332992985
1575564690 4.085956594
1575565270 4.180067873
1575565837 4.094845382
1575566408 4.009524736
1575567015 4.058959157
1575568337 4.095257977
1575568919 4.134481605
1579184486 5.525325791
1579186584 4.09189378
1579186932 4.151789647
1579187942 4.132306815
1579188274 4.07669231
1579188379 3.88813858
1579189256 4.066902751
1579189593 3.994757309
1579189917 3.952585159
1579190257 4.181314952
1579190639 5.09519486
1579191367 4.091778044
1579191981 4.123281573
1579192546 4.020737908
1579193128 4.154194703
1579193715 4.174817813
1579194280 4.136607698
1579194849 4.17309747
1579195414 4.012176538
1579196004 4.01112884
1579196565 4.130947657
1579354341 4.098770846
1579354651 3.928028915
1579354963 4.060269105
1579355268 4.131923431
1579355579 4.129751156
1579355888 4.091296252
1579356194 4.090545816
1579356500 4.107903817
1579356805 4.028958446
1579357283 4.103182385
1579359770 4.102635945
1579360349 4.259269798
1579360908 4.055705471
1579361462 4.135614285
1579362017 4.018016664
1579362573 3.965634913
1579363133 4.038230791
1579363700 3.9998976
1579364263 4.060487899
1579364822 4.166966671
1579524954 4.271977014
1579525296 4.278382892
1579525682 4.080508528
1579526008 4.046551063
1579526331 4.202143807
1579526373 3.868401363
1579528638 4.103233732
1579529061 3.996178672
1579529438 4.139789513
1579529778 4.173784556
1579530089 4.162677246
1579530817 3.846265023
1579531406 4.11170427
1579532445 4.136988546
1579533204 4.222964477
1579533797 4.106693862
1579534441 3.941373213
1579535113 4.004754506
1579535701 4.004113174
1579536780 4.176865556
1579537349 4.29616435
1580218082 4.097921103
1580218411 3.876392799
1580218745 4.256693255
1580219094 4.12241813
1580219456 4.041825152
1580219781 4.088361948
1580222497 4.513444305
1580222810 4.806739387
1580223119 4.098627621
1580223456 4.157384596
1580224074 4.163532127
1580224631 4.105660278
1580225188 4.129726969
1580225753 4.089368577
1580226332 4.063591462
1580226900 4.137063344
1580227497 4.020409696
1580228083 4.220109227
1580228643 4.020271244
1580229206 4.045251558
1580306712 4.062381955
1580307025 4.153222306
1580307422 3.937340939
1580307897 4.163773825
1580308208 4.182867382
1580308524 4.222145094
1580310726 4.225564807
1580311039 4.16995454
1580311348 3.918023258
1580311658 4.182500323
1580312033 4.095531554
1580312635 3.871445518
1580313210 4.01299855
1580314089 4.048397603
1580314729 4.144237194
1580315286 4.013603009
1580315849 4.295562172
1580316422 4.101313217
1580317119 3.960740782
1580317708 4.010239587
1581937104 26.735589714
1581937416 19.233492257
1581937758 20.17469995
1581938082 21.186634488
1581938402 33.467560742
1581938727 16.828150569
1581939028 33.860395269
1581939372 20.415604104
1581939700 7.640536896
1581939997 12.850903853
1581942773 18.367067508
1581944350 21.299350651
1581945296 4.140979412
1581946246 4.084917462
1581946815 4.128054722
1581947711 4.437120951
1581948301 4.03361054
1581949427 4.572049371
1582027678 3.678882811
1582030518 4.189060701
1582030825 4.213946846
1582031468 4.232779552
1582031768 4.362588177
1582032139 4.134969393
1582032457 4.353637642
1582032760 3.921678041
1582033059 4.179974411
1582033354 3.959396477
1582033712 4.188087125
1582035129 4.404299216
1582036003 4.408615064
1582036605 4.661799391
1582037213 4.352496659
1582037812 4.319797775
1582038407 4.601171237
1582038994 4.372810269
1582041911 3.908227319
1582042661 4.497610302
1582044110 3.929317593
1582044699 4.07737537
1582045015 4.500944569
1582045316 4.388466538
1582045612 3.8876044
1582045925 4.383584884
1582046221 4.345034728
1582120570 4.65912585
1582120796 3.584925018
1582186447 5.271537358
1582189536 4.002802242
1582191008 4.041004136
1582191300 4.039683123
1582191596 3.975371676
1582191891 4.194885555
1582192179 4.189454297
1582192479 4.016922532
1582192768 4.052277762
1582193056 4.049085919
1582193351 4.054733545
1582635118 3.950745598
1582635403 4.122476718
1582635687 3.903905653
1582635971 4.133413585
1582636258 4.04538651
1582636544 4.025568666
1582636837 3.926675352
1582637136 4.832725252
1582637430 4.121655578
1582637726 4.0563071
1582638293 3.974167379
1582638854 3.969769998
1582640521 4.077054326
1582641108 4.018415311
1582641668 4.147851806
1582642241 4.056478257
1582642808 4.270663373
1582643382 4.021474493
1582643979 4.069042925
1582644647 4.343825952
1582886370 4.009213512
1582886663 4.067845694
1582886957 3.885662594
1582887245 4.061529328
1582887532 3.968434229
1582887825 4.103904001
1582888112 3.997312165
1582888398 4.227364912
1582888687 4.180357984
1582889046 4.050838757
1582899149 4.093994236
1582899714 4.078369264
1582900278 3.988793148
1582900838 3.968185023
1582902582 4.189735808
1582903159 4.008347193
1582903748 4.051569284
1574711183 4.023996133
1574708974 4.144655467
