1569853733 12.550773937
1569854803 10.562122409
1569855350 12.95787051
1569856409 5.056178997
1570447116 42.170324425
1570448919 12.280007801
1570449420 12.536940722
1570449857 13.019267989
1571323406 12.567778338
1571323799 12.426976518
1571324202 12.489246862
1571324600 13.685579983
1571327531 12.660246027
1571327922 12.435509729
1571328312 12.701066559
1571328704 12.464946036
1571329095 13.130793464
1571329486 12.428259391
1571330462 10.267393995
1571398034 12.410992535
1571398430 12.630297247
1571398823 12.420582804
1571399214 12.920999396
1571399604 13.863278151
1571400002 13.647722971
1571400395 12.431686745
1571400822 12.769555677
1571401214 12.683047499
1571401606 12.633267359
1571406988 12.704883454
1571407377 12.439541369
1571407770 12.511377341
1571408159 12.987429021
1571408553 13.032192493
1571666045 12.246392323
1571666434 12.444138642
1571666826 12.35343483
1571667219 12.527424274
1571667662 13.037733527
1571669314 12.402459081
1571669707 14.106249348
1571754225 12.52163248
1571754616 12.59732093
1571755016 13.065984666
1571755413 12.656078399
1571756644 12.721529437
1571757075 12.782371267
1571757504 13.301128751
1571757900 12.209290274
1571758293 12.430192844
1571758683 13.06044735
1571762297 13.145988602
1571762694 13.401040685
1571763087 12.298528672
1571763475 13.586780318
1571763869 12.247259306
1571764275 12.455789247
1571764685 12.920552734
1571765076 12.891351545
1571765465 12.49095451
1571765856 12.378670798
1571766822 10.230207831
1571767603 10.321718748
1572007183 13.394967017
1572007575 12.284471546
1572008077 12.468201697
1572008488 12.17975336
1572008881 12.841894035
1572009274 12.162398096
1572009664 12.675409548
1572010056 12.219445
1572010451 12.468656711
1572010842 12.182568429
1572013405 12.586330181
1572013797 13.347991041
1572014189 12.179278855
1572014579 12.343243854
1572014969 12.131083946
1572269021 12.216430376
1572269441 12.420742355
1572269855 12.157442247
1572270262 11.993595252
1572270656 12.54532135
1572271142 11.960767767
1572272384 11.698986345
1572272715 11.348448251
1572273049 12.182713845
1572273396 11.912357693
1572273728 12.881057445
1572276153 13.019449279
1572276489 11.84682522
1572276824 11.766350663
1572277155 12.047257275
1572277490 12.379061572
1572277849 12.085964818
1572278181 11.807762027
1572278513 11.234064188
1572363571 11.66685603
1572363901 11.505536592
1572364231 12.34372797
1572364561 11.845282315
1572364900 11.820327497
1572365236 11.562243394
1572365613 11.218965418
1572365987 11.396085662
1572366328 11.686436841
1572366662 11.986609749
1572369690 11.414555047
1572370020 11.814325913
1572370350 11.146933243
1572370683 11.964615179
1572371011 12.300007138
1572371344 11.603305931
1572371673 11.272151915
1572372005 11.632486124
1572372333 11.377769105
1572372663 12.297431528
1572533674 11.592753031
1572534019 12.227508143
1572534367 11.855846128
1572534707 11.712805388
1572535041 12.367382274
1572535389 11.941240266
1572535719 11.578827708
1572536054 11.845378414
1572536417 12.074261263
1572536753 11.799409459
1572537672 9.652891641
1572538326 9.62927414
1572538985 9.623240754
1572539638 9.935258556
1572540286 9.988960247
1572541192 14.017720777
1572541844 9.68050851
1572542494 9.703755537
1572543140 9.92257427
1572543813 9.61848703
1574711048 3.005778486
1574708833 11.695269553
