1569853955 8.23230352
1569854981 8.856655499
1569855530 8.103142743
1569856551 5.287423021
1570447376 7.903603806
1570448208 7.811328034
1570449163 7.68389835
1570449589 7.774295822
1571323575 8.021937493
1571323978 7.905271609
1571324376 7.97623043
1571324769 7.808338941
1571327699 8.195884652
1571328090 7.908465195
1571328481 7.876188859
1571328872 7.868306435
1571329264 8.111213994
1571329653 7.877708384
1571330631 7.72335407
1571398203 8.013661012
1571398599 8.03348832
1571398991 7.896198363
1571399382 8.186057857
1571399774 8.030539103
1571400171 7.838263716
1571400592 7.820495503
1571400990 10.519810854
1571401385 7.932508147
1571401775 7.510084065
1571407154 7.810071437
1571407548 7.713344438
1571407938 7.737773406
1571408328 7.904886668
1571408720 8.712388347
1571666212 7.877908677
1571666604 8.12929841
1571666996 8.06816712
1571667387 7.872714231
1571667832 8.162214879
1571669483 7.851375667
1571669876 7.936217942
1571754393 8.157035757
1571754784 7.942961704
1571755185 8.104217676
1571755587 7.719979567
1571756007 7.940393583
1571756817 7.770408188
1571757254 8.045025253
1571757671 7.762376906
1571758069 8.246865254
1571758460 7.853068191
1571758857 7.777270727
1571762464 7.612626731
1571762863 7.860003972
1571763255 6.337274006
1571763644 7.757260442
1571764037 7.583660466
1571764462 7.753657995
1571764854 8.074914122
1571765243 7.885489658
1571765634 8.118884622
1571766024 7.852614728
1571766992 7.862339225
1572006726 33.938932157
1572007351 7.998920471
1572007747 7.742114616
1572008255 8.113473891
1572008657 7.896275764
1572009052 9.305281451
1572009442 7.771917665
1572009832 7.884944014
1572010223 7.780106501
1572010619 7.876657983
1572011010 8.046307463
1572013573 7.900166244
1572013966 7.848194411
1572014358 7.835986202
1572014747 7.977356155
1572015137 7.84587223
1572268303 6.342469623
1572269196 24.096020499
1572270026 18.509007808
1572270431 9.698974086
1572270824 7.696729857
1572271351 7.744947137
1572272526 6.479533799
1572272862 6.396272185
1572273195 5.509423151
1572273541 6.400987714
1572273876 6.106016281
1572276297 6.235022976
1572276637 6.297325709
1572276967 6.320684018
1572277298 6.441897998
1572277633 6.479264708
1572277992 6.515092839
1572278324 6.39655215
1572278655 6.39875073
1572363715 5.121074449
1572364045 4.921613799
1572364375 6.33084927
1572364707 6.526708552
1572365042 13.257896795
1572365379 6.499739241
1572365757 6.389535176
1572366138 6.326496455
1572366471 6.391152127
1572366804 6.43178519
1572369832 6.631820472
1572370162 6.519841339
1572370493 6.451908062
1572370825 6.26371429
1572371154 6.48537818
1572371486 6.389640836
1572371816 6.414708127
1572372146 6.347179291
1572372475 6.48127956
1572372808 6.347318136
1572533819 6.311717832
1572534174 6.372090797
1572534521 6.229655196
1572534852 6.65799437
1572535201 6.45349925
1572535532 6.256221324
1572535861 11.264549867
1572536197 6.385871627
1572536560 6.435797491
1572536897 6.172994863
1572537819 6.375736009
1572538472 6.443036055
1572539128 6.389295561
1572539782 4.821785727
1572540436 6.35540869
1572541340 6.335566455
1572541989 6.331262493
1572542637 6.382894737
1572543282 6.228603927
1572543956 6.227076994
1572871704 6.449241618
1572872353 6.298841761
1572873034 6.292835728
1572873684 6.431772805
1572874355 6.555838212
1572875407 6.204936418
1572876313 6.650442334
1572877486 6.112668749
1572878142 17.134348573
1572879384 6.262820596
1572880016 6.272591693
1572880444 6.144750815
1572880779 6.052814835
1572881129 6.508561747
1572881461 6.395169064
1572881796 6.388067599
1572882126 6.374629286
1572882516 6.647831079
1572882847 6.435807461
1572883198 14.269764933
1572883542 6.148601091
1572967772 7.720594704
1572968758 7.64677046
1572969731 6.365771722
1572970391 6.342519039
1572971042 6.307603962
1572971702 6.268392887
1572972363 6.427203928
1572973075 6.453324609
1572973729 6.423375308
1572974379 6.320102434
1572975035 6.483968479
1572975434 6.37033119
1572975765 6.32730138
1572976136 6.140017586
1572976515 6.310717179
1572976845 6.313984101
1572977176 6.480761006
1572977539 6.380911702
1572977868 6.351116674
1572978257 6.368752487
1573209315 6.495382241
1573209982 6.175090139
1573210645 6.321253669
1573211314 6.341126013
1573211970 6.356111074
1573212619 6.342257922
1573213272 6.364613284
1573213938 6.243055625
1573214596 6.159259596
1573215257 6.449848006
1573218461 6.252577234
1573218795 6.420967971
1573218973 5.763692597
1573306696 5.948879675
1573307019 6.079650557
1573307354 5.928626526
1573307672 5.845943102
1573307991 8.568080622
1573308308 5.83133096
1573308639 6.040242507
1573308959 5.616991781
1573309281 6.026066498
1573309609 6.120597541
1573310755 6.052100845
1573311371 5.884269622
1573311989 5.823797925
1573312687 5.778614535
1573313307 6.060489412
1573313930 5.908472006
1573314558 5.808944915
1573315249 6.084936629
1573741889 5.858141585
1573742007 5.931766575
1573743639 5.861972998
1573743740 5.641929835
1573743839 5.594016437
1573743938 5.769105815
1573744036 5.842267754
1573744133 5.576540315
1573744231 5.792557873
1573744329 5.488459372
1573744420 5.617953112
1573744517 4.639974369
1573744623 5.759737831
1573744721 5.765936981
1573744836 5.980140322
1573744972 5.70392418
1573745070 5.899193734
1573745254 5.62460579
1573745350 5.848465137
1573745452 5.576924634
1573745549 5.698716058
1573745652 5.66572612
1573745749 6.101410251
1573745852 5.675505806
1573745950 5.409252724
1573746046 5.674416981
1573746147 5.807379893
1573746245 5.897815481
1573746345 5.680420512
1573746446 5.502337285
1573746543 5.548360592
1573746639 6.10454562
1573748959 5.662471032
1573749056 5.968436679
1573749158 6.140615377
1573749268 5.735204787
1573749366 5.666713183
1573749503 4.612999556
1573749601 5.713378694
1573749700 6.001135416
1573749799 5.886981491
1573749895 5.887836966
1573828220 5.858652281
1573828528 5.972980466
1573828835 5.5758264
1573829140 5.863548632
1573829444 5.737678147
1573829824 5.613640993
1573830313 5.679042436
1573830622 5.789825654
1573830928 5.934083997
1573831233 5.883555229
1573902867 5.785149109
1573903179 6.264841188
1573903493 5.874671108
1573903802 5.971207693
1573904112 5.923250385
1573904420 5.932326309
1573904603 8.059748086
1574688191 5.706224236
1574688508 5.70992448
1574689330 5.914881765
1574692203 5.60851005
1574692520 5.872278961
1574693432 5.755253447
1574693751 5.638616393
1574694080 5.763887992
1574694510 7.342946859
1574694827 5.652518574
1574694938 7.444822286
1574695380 5.915656289
1574695723 5.59252165
1574696031 5.687254764
1574696758 5.500429804
1574697333 5.798784219
1574697928 5.58267415
1574698497 5.549086891
1574699085 5.501290611
1574706713 5.692228034
1574707347 5.769120614
1574708436 4.991966032
1574708611 5.689526264
1574708968 5.68330772
1574709181 5.801556173
1574709922 5.463941155
1574710525 5.785661756
1574711177 5.895909049
1574950978 5.663149248
1574951352 5.817243722
1574951707 5.581968986
1574952035 5.59620325
1574952349 5.751505053
1574952753 5.683503144
1574953074 5.678448693
1574953444 5.531812401
1574953770 5.540709881
1574954096 5.500198557
1574956506 5.691788168
1574957175 5.988255371
1574957769 5.755658407
1574958352 5.579948817
1574958947 5.61666144
1574959556 5.719355496
1574960134 5.640293161
1574960720 5.751743523
1574961387 5.570440983
1574961955 5.679063466
1575028379 5.832793892
1575028688 5.772082113
1575029024 5.698380904
1575029340 4.828130679
1575029647 5.560226505
1575029960 5.729429009
1575030271 5.600025697
1575030587 5.934726789
1575030919 5.626149891
1575033435 5.830813363
1575034003 5.562962939
1575034594 5.71409625
1575035166 5.727862411
1575035730 5.916677465
1575036766 5.642955591
1575037327 5.598581399
1575037885 5.585348016
1575038895 5.53838245
1575039462 5.382265387
1575114660 5.803027876
1575114969 5.689005575
1575115279 5.586264713
1575115588 5.608120609
1575115903 5.636730628
1575116214 5.696519828
1575116523 5.80438226
1575116833 5.919593794
1575117142 5.437692109
1575117450 5.371961905
1575120725 5.632082825
1575121285 5.586318465
1575122286 5.741087396
1575122905 5.409099803
1575123462 5.656914146
1575124021 5.673990502
1575124577 5.530095639
1575125143 5.699741536
1575125711 5.495100857
1575126275 5.598552194
1575293182 5.666672909
1575293515 5.640385734
1575293855 5.446961765
1575294193 5.493967613
1575294535 5.678909674
1575294882 5.457943341
1575295284 6.040094445
1575295653 5.706788485
1575296864 5.70975362
1575297203 6.101564853
1575298033 5.732636318
1575298604 5.572459512
1575299177 5.642060882
1575299754 5.411678768
1575300363 5.683986278
1575300937 5.625212435
1575301734 5.594826589
1575302322 6.191043724
1575386071 5.834122144
1575386384 5.959849484
1575386696 5.653905096
1575387099 5.9214206
1575387407 5.897089126
1575387719 5.625022155
1575388026 5.917971222
1575388334 5.6477775
1575388643 5.572833133
1575388948 5.724729786
1575390509 5.545463798
1575391079 5.594625719
1575391642 5.507069487
1575392453 5.614709329
1575393069 5.840076983
1575393652 5.600576457
1575394217 5.674275851
1575394779 5.955683982
1575395343 5.502631269
1575395908 6.746391001
1575397216 16.831973576
1575397496 25.497550367
1575398062 19.748426392
1575398306 20.064793671
1575398535 17.527844417
1575473806 6.587260498
1575474310 7.596348232
1575474594 5.658899116
1575558833 5.435852783
1575559143 5.351665104
1575559470 5.664350925
1575559790 5.440190885
1575560158 5.616644748
1575560491 5.65806892
1575560825 5.587607369
1575561356 5.422449771
1575561698 5.832313501
1575562053 5.820027665
1575562828 5.544081211
1575563437 5.532907687
1575564105 5.378062602
1575564685 5.513414378
1575565264 5.506188001
1575565831 5.789559701
1575566403 5.753323745
1575567009 5.645356919
1575568332 5.561059286
1575568913 5.415967987
1579184468 17.943418005
1579186578 5.633873801
1579186927 5.722968203
1579187936 5.695857579
1579188269 5.56639607
1579189250 5.730657774
1579189587 5.597027981
1579189912 5.85427004
1579190251 5.68137283
1579190631 7.700287889
1579191361 5.632989884
1579191976 5.519813702
1579192540 5.633765457
1579193122 5.710411552
1579193710 5.660031035
1579194274 5.445790783
1579194843 5.504103403
1579195409 5.631275056
1579195998 5.890100202
1579196559 6.016220836
1579354335 5.699742531
1579354646 5.599015967
1579354957 5.68807541
1579355263 4.77985124
1579355574 5.597932059
1579355882 5.641287049
1579356188 5.920866881
1579356494 5.759806648
1579356799 5.87793276
1579357278 5.543580467
1579359765 5.544566677
1579360343 5.658390428
1579360902 5.492556427
1579361456 5.671647211
1579362012 5.688397846
1579362567 5.716871276
1579363127 5.62234615
1579363694 5.630861481
1579364257 5.703511274
1579364817 5.732404802
1579524948 5.653882877
1579525291 5.676681591
1579525677 5.459199115
1579526002 5.782607845
1579526325 5.667754501
1579528632 5.745171922
1579529055 5.616231844
1579529432 5.676038999
1579529772 5.638972302
1579530083 5.690982305
1579530811 5.921147464
1579531401 5.464008411
1579532439 5.759782375
1579533198 5.957271195
1579533791 5.487618347
1579534435 5.674619695
1579535108 5.699868607
1579535695 5.767087418
1579536774 5.743388987
1579537343 5.654213494
1580218077 5.765403104
1580218405 6.123144381
1580218739 5.466815548
1580219089 5.564638164
1580219450 5.59123752
1580219775 5.701619268
1580222490 7.071362623
1580222803 7.469548976
1580223113 5.592046231
1580223451 5.682155209
1580224068 5.568333438
1580224626 5.652428466
1580225182 5.688011437
1580225747 5.593357915
1580226327 5.641356701
1580226894 5.603636099
1580227491 5.850388387
1580228078 5.627966368
1580228638 5.67610371
1580229200 6.026161448
1580306707 5.537923982
1580307020 5.595259036
1580307416 5.78360917
1580307892 5.673331921
1580308202 5.940194629
1580308519 5.907845886
1580310720 5.396597819
1580311033 5.574455267
1580311342 5.625977633
1580311653 5.502316352
1580312027 5.592583019
1580312629 5.717423883
1580313205 5.725777929
1580314084 5.754679934
1580314723 5.878733586
1580315280 5.759612741
1580315844 5.564563088
1580316416 5.907393335
1580317113 5.742646155
1580317702 5.597958611
1581937098 6.18559681
1581937410 6.094953123
1581937752 6.336358814
1581938076 5.956223102
1581938395 6.105535878
1581938721 5.987812275
1581939022 5.982599999
1581939366 5.757001884
1581939692 7.691470786
1581939990 6.095671852
1581942766 6.348097274
1581944344 6.433857237
1581945290 5.696241976
1581946240 5.61536959
1581946809 5.807092649
1581947705 5.813724717
1581948296 5.631149292
1581949421 6.191070344
1582027674 4.226032359
1582030511 6.624699738
1582030818 6.656559741
1582031463 5.935332562
1582031762 6.171684519
1582032133 5.640063192
1582032450 6.068004242
1582032754 6.130441377
1582033054 5.332263493
1582033348 6.207760098
1582033707 5.326859054
1582035122 6.850411382
1582035996 6.620255398
1582036600 5.322186227
1582037208 5.634041653
1582037805 6.373242282
1582038401 6.649637849
1582038988 5.920290389
1582041905 6.591499852
1582042655 6.191403687
1582044104 6.373303717
1582044694 5.395746353
1582045009 6.132184013
1582045311 5.023166524
1582045606 6.465022032
1582045919 6.228505637
1582046215 6.378537575
1582120564 6.562762258
1582120790 5.895007346
1582186439 8.059269553
1582189530 5.585115162
1582191004 4.671918852
1582191294 5.770263127
1582191590 5.843497744
1582191886 5.550298459
1582192174 5.683797232
1582192473 5.684704257
1582192762 5.621558043
1582193050 5.72686656
1582193345 5.553290776
1582635112 5.65577434
1582635397 5.585550984
1582635681 5.911778844
1582635966 5.586655218
1582636252 5.998946992
1582636538 6.011134733
1582636831 5.576141145
1582637130 6.274254117
1582637425 5.851966046
1582637720 5.951777725
1582638288 5.595738549
1582638848 5.754507262
1582640515 5.666663198
1582641102 5.535532929
1582641663 4.635507072
1582642235 5.711592404
1582642802 5.709248355
1582643376 5.641032753
1582643973 5.583704775
1582644641 5.831139997
1582886364 6.219091461
1582886658 5.458032036
1582886952 5.563695905
1582887239 5.994481185
1582887526 5.839635989
1582887820 5.593216004
1582888105 6.642459089
1582888392 5.696173692
1582888681 5.678965303
1582889040 5.777483553
1582899143 5.546002009
1582899708 5.648009134
1582900272 5.54834888
1582900832 5.863332549
1582902577 5.622777097
1582903153 5.792136308
1582903742 5.587487357
1574711177 5.895909049
1574708968 5.68330772
