1569854743 2.056237425
1569856352 2.065862341
1571330404 1.923030135
1571766761 1.848871401
1571767544 1.847520508
1572537625 1.536879242
1572538278 1.4535016
1572538938 1.496666907
1572539590 1.586902889
1572540239 1.516608921
1572541143 1.646899166
1572541797 1.572625508
1572542445 1.491684173
1572543092 1.587024309
1572543763 1.612104934
1572871511 1.631670645
1572872162 1.577536108
1572872842 1.583948441
1572873492 1.522408583
1572874150 1.544342305
1572875215 1.493261184
1572876068 1.44372667
1572877295 1.582601575
1572877949 1.681432369
1572879189 1.528953281
1572967579 1.51572616
1572968238 1.635215833
1572969537 1.566731038
1572970198 1.539137575
1572970849 1.580588018
1572971511 1.560856772
1572972172 1.778174432
1572972821 1.547457664
1572973537 1.422585025
1572974187 1.529749625
1572974844 1.48843029
1573209121 1.537985503
1573209792 1.540414091
1573210452 1.524867245
1573211120 1.564773889
1573211780 1.532169924
1573212427 1.494020533
1573213080 1.581790388
1573213729 1.532237981
1573214402 1.504459558
1573215059 1.648075689
1573310568 1.671745266
1573311188 1.581205651
1573311798 1.401362534
1573312505 1.375663719
1573313121 1.540487188
1573313746 1.435173369
1573314375 1.403832501
1573314988 1.660838362
1574696596 1.433049959
1574697176 1.319171406
1574697767 1.536716064
1574698340 1.38911814
1574698927 1.433821939
1574709739 1.414568707
1574710998 1.535797775
1574710998 1.535797775
