1569853899 7.962463886 -1 -1
1570449079 7.617333666 -1 -1
1570449535 7.701604776 -1 -1
1571323521 7.767556995 -1 -1
1571324322 7.428393703 -1 -1
1571324715 7.452845822 -1 -1
1571327644 7.786920451 -1 -1
1571328035 7.638059163 -1 -1
1571328427 7.371445184 -1 -1
1571328817 7.658126021 -1 -1
1571329209 8.034172806 -1 -1
1571329598 7.698072476 -1 -1
1571330574 7.441882637 -1 -1
1571398936 7.635943006 -1 -1
1571399328 7.580908368 -1 -1
1571400116 7.990705126 -1 -1
1571400537 7.557068793 -1 -1
1571400936 7.492897111 -1 -1
1571401330 7.636842716 -1 -1
1571401720 7.947829728 -1 -1
1571407100 8.066249153 -1 -1
1571407493 7.682661744 -1 -1
1571407883 7.868390477 -1 -1
1571408272 8.382728111 -1 -1
1571408666 7.561093789 -1 -1
1571666549 7.602437212 -1 -1
1571666942 7.438752137 -1 -1
1571667331 8.705695335 -1 -1
1571667777 7.861329044 -1 -1
1571669428 7.637389868 -1 -1
1571669821 7.511907927 -1 -1
1571754338 7.617330945 -1 -1
1571754730 7.687477343 -1 -1
1571755130 7.521113772 -1 -1
1571755532 7.542168994 -1 -1
1571756762 7.647261726 -1 -1
1571757199 7.843985055 -1 -1
1571757617 7.694375205 -1 -1
1571758014 7.834169134 -1 -1
1571758406 7.513335864 -1 -1
1571758799 7.548557434 -1 -1
1571762410 7.421956943 -1 -1
1571762808 7.472308349 -1 -1
1571763199 7.559047663 -1 -1
1571763589 8.021305265 -1 -1
1571763982 7.746187627 -1 -1
1571764407 7.668373852 -1 -1
1571764799 8.30069062 -1 -1
1571765579 7.432436166 -1 -1
1571765969 7.561916026 -1 -1
1571766934 7.669483785 -1 -1
1572007297 7.776432439 -1 -1
1572007691 7.629448092 -1 -1
1572008197 11.058771543 -1 -1
1572008602 7.712138622 -1 -1
1572008997 7.565578083 -1 -1
1572009387 8.066934554 -1 -1
1572010168 8.085471615 -1 -1
1572010564 7.995400447 -1 -1
1572010956 7.388036112 -1 -1
1572013518 7.957263818 -1 -1
1572014304 7.845498825 -1 -1
1572014692 7.987437688 -1 -1
1572268224 11.918828916 -1 -1
1572269139 7.538548945 -1 -1
1572269555 8.120782374 -1 -1
1572269970 7.778412667 -1 -1
1572270376 7.892930035 -1 -1
1572270770 7.502372906 -1 -1
1572272811 6.265701785 -1 -1
1572273146 6.599722835 -1 -1
1572273493 6.698046042 -1 -1
1572273826 6.017068127 -1 -1
1572277252 6.828339888 -1 -1
1572277946 6.547936693 -1 -1
1572278278 6.512573714 -1 -1
1572363997 6.384062792 -1 -1
1572364327 7.631704027 -1 -1
1572364996 6.799121239 -1 -1
1572365332 7.221901723 -1 -1
1572365711 6.25035968 -1 -1
1572366084 6.431042375 -1 -1
1572366424 6.122116705 -1 -1
