1569853899 9.911407288 0.8181818181818182 4
1569855475 9.868091128 0.7 2
1570449079 9.80675054 0.7272727272727273 2
1570449535 9.845391274 1.0 2
1570449981 10.036879816 0.7272727272727273 2
1571323521 10.387911835 1.5454545454545454 4
1571323913 20.328907914 2.3636363636363638 5
1571324322 9.979934939 1.2727272727272727 4
1571324715 9.704047518 1.1 3
1571327644 9.617963362 0.0 0
1571328035 9.726401957 0.0 0
1571328427 9.849004452 0.0 0
1571328817 10.265705833 0.2727272727272727 2
1571329209 9.94323569 0.36363636363636365 2
1571329598 9.735237828 0.36363636363636365 1
1571398146 11.640796265 1.6153846153846154 3
1571398544 10.715539289 2.272727272727273 5
1571398936 9.866301003 1.1818181818181819 3
1571399328 9.976938624 0.9090909090909091 2
1571399720 10.052112672 1.0 2
1571400116 10.146346964 1.2727272727272727 3
1571400537 10.141101064 0.6363636363636364 3
1571400936 10.131038186 0.8181818181818182 2
1571401330 10.255673102 2.4545454545454546 5
1571401720 9.752443869 1.2 2
1571407100 10.020420306 0.6363636363636364 2
1571407493 10.079277694 1.0909090909090908 2
1571407883 10.056521656 1.3636363636363635 3
1571408272 10.205176516 1.6666666666666667 3
1571408666 9.864384218 0.7 2
1571666157 10.111390738 2.1666666666666665 4
1571666549 10.277271829 1.3636363636363635 5
1571666942 9.830324847 1.2 3
1571667331 10.82916484 0.6666666666666666 2
1571667777 9.697616981 0.9090909090909091 3
1571669428 10.030277666 0.6363636363636364 2
1571669821 9.821507284 1.3636363636363635 3
1571754338 9.928370059 0.9090909090909091 2
1571754730 9.823992227 1.3636363636363635 3
1571755130 10.335368301 1.0 2
1571756762 9.78042957 0.8181818181818182 3
1571757199 9.682883209 0.8181818181818182 2
1571757617 9.87275696 0.9090909090909091 3
1571758014 10.112640122 0.9090909090909091 2
1571758406 9.693855652 1.2 3
1571758799 10.04155416 1.3636363636363635 3
1571762410 9.672439526 0.45454545454545453 2
1571762808 9.872069253 1.0 3
1571763199 9.748052856 0.36363636363636365 2
1571763589 10.112791117 0.75 2
1571763982 10.136974385 1.4166666666666667 2
1571764407 10.36291426 1.0833333333333333 3
1571764799 10.239992372 1.0 3
1571765188 10.044163699 1.3636363636363635 3
1571765579 9.90642321 0.7272727272727273 2
1571765969 9.904779834 0.36363636363636365 2
1571766934 9.803247523 0.7272727272727273 2
1572007297 10.205908326 0.7272727272727273 2
1572007691 10.358379737 1.5833333333333333 3
1572008197 13.413599949 1.6428571428571428 3
1572008602 10.000445148 1.2727272727272727 3
1572008997 9.82558253 1.3636363636363635 3
1572009387 10.092498925 1.0909090909090908 2
1572009777 10.924024681 0.8181818181818182 2
1572010168 10.143180453 0.6363636363636364 2
1572010564 9.923315283 0.5454545454545454 2
1572010956 9.807964631 0.6 2
1572013518 10.057004882 0.45454545454545453 2
1572013912 9.721034035 1.0 3
1572014304 9.982037898 0.8 3
1572014692 9.906935713 1.2727272727272727 3
1572015083 10.13418192 1.0909090909090908 2
1572269139 10.165814026 0.75 2
1572269555 9.94740747 1.3636363636363635 3
1572269970 9.820465863 0.9 2
1572270376 9.65493956 0.9 2
1572270770 9.930762317 2.090909090909091 4
1572272481 7.855648252 0.75 2
1572272811 8.272396623 1.9 4
1572273146 8.272533178 3.3333333333333335 5
1572273493 8.064265911 2.2222222222222223 4
1572276250 7.924773514 0.0 0
1572276588 8.101943755 0.0 0
1572276921 7.791013326 0.0 0
1572277252 8.011650751 0.1111111111111111 1
1572277587 8.000722519 0.1111111111111111 1
1572277946 8.056201126 0.1111111111111111 1
1572278278 8.040612256 0.0 0
1572278609 8.159318587 0.2222222222222222 1
1572363668 7.826430775 1.2222222222222223 3
1572363997 8.091209377 2.1 4
1572364657 7.889724015 3.5555555555555554 6
1572364996 8.598259198 0.3 2
1572365332 9.057859104 1.8 3
1572365711 7.965571093 0.7777777777777778 2
1572366084 8.005659249 1.2222222222222223 3
1572366758 7.746354914 3.4444444444444446 5
1572369786 8.108639712 0.0 0
1572370116 8.097139814 0.1111111111111111 1
1572370447 8.402080845 0.7 3
1572370779 7.83987467 0.0 0
1572371108 8.03401876 0.0 0
1572371440 7.912482994 0.1111111111111111 1
1572371770 8.042863984 0.2222222222222222 1
1572372100 8.024565847 0.0 0
1572372429 8.078315123 0.0 0
1572372763 7.91985274 0.3333333333333333 1
1572533774 7.951786967 1.3333333333333333 2
1572534128 8.116072418 1.6666666666666667 3
1572534475 8.021630813 2.6666666666666665 4
1572534804 8.036918428 2.111111111111111 3
1572535155 8.342225603 2.6666666666666665 4
1572535815 7.923659682 0.0 0
1572536151 8.03128171 0.6666666666666666 2
1572536514 8.296306128 1.6666666666666667 3
1572536851 8.428513325 2.2 4
1572537766 7.936983165 0.7777777777777778 2
1572538423 7.998758966 1.2222222222222223 2
1572539080 7.984951592 0.4444444444444444 2
1572540382 7.737769678 1.0 3
1572541939 8.112211667 0.5555555555555556 2
1572543234 7.983833438 2.5555555555555554 4
1572543908 7.994471829 1.2222222222222223 3
1574711132 7.394036579 0.0 0
1574708926 7.0129792 0.0 0
