1569853620 4.376933318 0.4 1
1569854260 4.396723341 0.6666666666666666 2
1569855233 4.567646988 0.0 0
1569855667 4.341813512 0.2 1
1570446992 4.008697076 1.0 3
1570448810 4.255562556 1.2 2
1570449281 4.317697165 1.0 2
1570449746 4.009282023 2.6 4
1571323298 4.30779605 0.3333333333333333 1
1571323692 4.195763591 0.0 0
1571324093 4.421627696 0.0 0
1571324493 4.401470289 0.16666666666666666 1
1571327424 4.345907396 0.8 2
1571327814 4.310877237 0.2 1
1571328205 4.278252677 0.6 1
1571328596 4.293309589 0.6 1
1571328988 4.526356697 0.6 1
1571329379 4.255441176 0.4 1
1571329971 4.383938411 0.3333333333333333 1
1571397928 4.24118897 0.6 1
1571398321 4.273704282 0.8 2
1571398715 4.240897769 0.3333333333333333 1
1571399106 4.478955446 1.1666666666666667 2
1571399498 4.181776035 0.4 1
1571399896 4.302484162 1.4 2
1571400287 4.290535534 0.16666666666666666 1
1571400709 4.40666952 0.4 1
1571401108 4.221402217 0.4 1
1571401500 4.184455093 1.0 2
1571406880 4.265574164 0.6 1
1571407270 4.445633904 0.8333333333333334 2
1571407664 4.257705921 1.0 1
1571408052 4.490576494 0.5 1
1571408445 4.127598496 1.2 2
1571665937 4.302343128 0.6 2
1571666327 4.370974113 0.5 1
1571666718 4.249308299 0.16666666666666666 1
1571667112 4.173757688 0.0 0
1571667549 4.350966448 1.6 2
1571669201 4.222700183 0.4 1
1571669600 4.41135629 0.5 1
1571754112 4.311985495 1.2 2
1571754509 4.100017139 2.2 4
1571754906 4.356092446 2.2 3
1571755307 4.147998452 1.0 2
1571756537 4.430059526 1.3333333333333333 3
1571757398 4.227580097 1.6 3
1571758187 4.229997082 1.8 2
1571758577 4.375125004 1.0 2
1571762192 4.168187486 1.6 2
1571762587 4.694029077 1.5 2
1571762980 4.100957399 1.0 2
1571763368 4.343955684 1.0 2
1571763760 4.155166686 1.4 2
1571764168 4.239398906 1.6 3
1571764577 4.473509053 1.3333333333333333 2
1571764970 4.160453719 1.2 2
1571765358 4.308779907 1.2 2
1571765750 4.149394017 1.4 2
1571766327 4.398155045 1.4 3
1571767109 4.348967403 1.4 2
1572006335 4.253423625 1.4 2
1572007074 4.450726793 1.8 2
1572007467 4.018648123 2.4 3
1572007968 4.478298382 2.1666666666666665 4
1572008370 4.222456674 1.4 2
1572009168 4.10500496 2.2 3
1572009557 4.448939017 1.6 2
1572009949 4.496168955 4.2 5
1572010344 4.481784498 1.3333333333333333 2
1572010735 4.36974876 1.6 2
1572013298 4.19569254 1.6 2
1572013691 4.508822196 1.2 2
1572014082 4.377478437 1.3333333333333333 2
1572014473 4.406665079 1.2 2
1572014863 4.340905746 0.6 1
1572268914 4.361127515 1.6 2
1572269331 4.390326019 1.5 3
1572269746 4.390321916 1.8 2
1572270152 5.461188669 2.7142857142857144 5
1572270548 6.246968652 3.5 5
1572272293 3.631238747 1.4 2
1572272624 3.984617361 1.4 2
1572272959 3.632144796 0.6 1
1572273297 3.81020792 1.4 3
1572273638 3.565836681 2.6 4
1572276062 3.719285731 0.0 0
1572276398 3.576454405 0.0 0
1572276734 3.568725297 0.25 1
1572277064 3.748020819 0.4 1
1572277397 3.55102567 0.5 1
1572277758 3.67629147 0.8 2
1572278090 3.510664872 1.0 2
1572278422 3.757231165 0.8 2
1572363481 3.632311526 1.6 2
1572363811 3.588560684 1.0 2
1572364141 3.632847421 0.25 1
1572364471 3.682671739 0.0 0
1572364810 3.070775743 0.0 0
1572365146 3.908930616 1.25 2
1572365524 3.379093565 1.75 3
1572365898 3.641866618 1.5 2
1572366238 3.886410809 0.8 2
1572366572 3.861621392 1.25 2
1572369600 3.547583016 0.4 1
1572369930 3.619746373 0.4 1
1572370261 3.457863183 0.75 2
1572370593 3.519809968 0.5 1
1572370921 3.647566009 0.6 2
1572371253 3.656405499 0.4 1
1572371584 3.641126607 0.2 1
1572371914 3.825705528 0.4 1
1572372242 3.628212575 0.4 1
1572372572 3.672669822 0.5 1
1572533578 3.598039526 2.0 4
1572533916 3.351782852 3.4 5
1572534270 3.598082224 2.0 3
1572534617 3.886748727 2.4 3
1572534949 3.667253827 0.2 1
1572535299 3.787608022 0.5 1
1572535628 3.718709859 0.8 2
1572535964 3.635707795 1.0 3
1572536325 3.214935931 2.75 3
1572536661 3.634210139 2.5 3
1572537262 3.478071023 1.0 2
1572537915 3.930836231 1.6 3
1572538576 3.940567545 0.2 1
1572539224 3.763965818 1.0 2
1572539878 3.640684038 1.0 2
1572540784 3.621648442 0.0 0
1572541437 3.817171704 0.4 1
1572542086 3.715023595 1.0 2
1572542733 3.779093623 0.8 2
1572543375 3.74953582 0.0 0
1574710665 2.916198052 0.0 0
1574708750 3.043370476 0.0 0
