1570446984 7.647108324 2.4444444444444446 4
1570448803 6.671070804 1.7142857142857142 3
1570449274 6.784201305 1.7142857142857142 3
1570449738 7.428499042 1.8888888888888888 3
1571323292 6.868882213 0.6666666666666666 2
1571323685 6.900169704 0.7142857142857143 3
1571324087 6.689607428 0.2857142857142857 2
1571327417 6.979183043 1.1428571428571428 2
1571327807 6.780294717 1.0 2
1571328198 6.867275041 1.0 3
1571328589 6.793602543 1.0 2
1571328981 6.843472489 1.5714285714285714 5
1571329372 6.587848532 1.0 2
1571329964 6.87123862 0.8571428571428571 2
1571397921 6.612113346 1.0 2
1571398313 7.196839303 1.7142857142857142 3
1571398709 6.570777292 0.5 1
1571399491 6.874685222 1.0 2
1571399889 6.793667239 1.2857142857142858 3
1571400281 6.618975762 1.0 2
1571400702 6.797755912 0.8571428571428571 2
1571401101 7.120749501 1.2857142857142858 2
1571401493 6.819305337 1.0 2
1571406874 6.644624872 1.0 2
1571407263 7.278400112 0.7142857142857143 2
1571407657 6.663109983 0.8571428571428571 1
1571408045 6.727153654 0.8571428571428571 2
1571408438 6.832296564 1.0 2
1571665930 6.812976908 0.7142857142857143 1
1571666321 6.658466634 0.8333333333333334 2
1571666712 6.863334914 0.16666666666666666 1
1571667105 6.826885636 0.5714285714285714 2
1571667542 6.809352154 0.7142857142857143 3
1571669194 6.659310769 1.2857142857142858 3
1571669593 6.74397994 1.2857142857142858 3
1571754105 6.964008635 1.7142857142857142 5
1571754502 6.897482777 2.2857142857142856 4
1571754895 11.291904098 2.0 4
1571755300 6.955996867 1.5714285714285714 3
1571756531 6.817618634 1.5 3
1571757391 6.62657451 1.7142857142857142 3
1571757780 8.06104794 3.0 5
1571758180 6.607716018 2.142857142857143 3
1571758570 6.842700114 1.7142857142857142 4
1571762185 6.78676322 1.8571428571428572 3
1571762580 6.786721936 2.0 3
1571762974 6.870415674 1.5 2
1571763362 6.793061784 1.8333333333333333 3
1571763753 6.816007431 1.5714285714285714 2
1571764161 6.685800925 2.857142857142857 5
1571764571 6.618202795 2.1666666666666665 4
1571764963 6.754969292 1.7142857142857142 3
1571765351 6.878264832 1.5714285714285714 4
1571765743 6.836048637 1.8571428571428572 4
1571766320 6.880021558 2.6666666666666665 4
1571767102 6.854354512 1.7142857142857142 4
1572006328 6.619861248 2.0 3
1572007067 6.858528709 2.4285714285714284 4
1572007461 6.883955864 2.2857142857142856 4
1572007961 7.052549447 2.2857142857142856 4
1572008363 6.817930472 2.4285714285714284 4
1572008766 6.919889803 2.4285714285714284 5
1572009161 7.207468531 2.0 4
1572009550 6.752576892 1.8571428571428572 3
1572009942 6.919468623 2.5714285714285716 4
1572010338 6.675546512 1.6666666666666667 3
1572010728 7.177946953 2.0 4
1572013290 7.210442592 0.125 1
1572013684 6.622739347 0.2857142857142857 2
1572014076 6.641905182 0.0 0
1572014466 6.757575224 0.2857142857142857 1
1572014856 6.830883156 0.0 0
1572268137 43.839022006 2.857142857142857 5
1572268907 6.644374401 1.8571428571428572 3
1572269323 8.425440604 2.625 5
1572269740 6.451292557 0.5 2
1572270145 7.803860145 1.4285714285714286 3
1572270542 6.800372028 0.5714285714285714 3
1572270937 6.98285978 1.2857142857142858 3
1572272288 5.849611796 2.8 4
1572272618 5.389954015 1.8333333333333333 4
1572272953 5.587007949 1.1666666666666667 2
1572273292 5.418355662 0.6 2
1572273633 5.473535988 0.8 2
1572276057 5.329084452 0.2 1
1572277059 5.554727424 0.4 1
1572277391 5.565199319 0.8333333333333334 2
1572277753 5.75937853 1.0 3
1572278084 5.906539731 1.6666666666666667 3
1572278417 5.594750239 0.4 2
1572363476 5.813535998 1.8 3
1572363806 5.419725146 1.8 3
1572364135 5.647572877 1.1666666666666667 2
1572364465 5.77943838 0.16666666666666666 1
1572364802 7.803345193 1.0 3
1572365140 5.662654963 0.4 2
1572365518 5.821684427 0.8333333333333334 3
1572366233 5.380152711 1.4 3
1572366565 6.567842822 2.1666666666666665 4
1572369595 5.486753859 1.2 3
1572369925 5.556586555 0.4 1
1572370255 6.066332014 1.3333333333333333 2
1572370587 5.56101234 0.8333333333333334 2
1572370916 5.44630918 0.8 2
1572371248 5.55023207 0.8 2
1572371578 5.46994962 0.5 2
1572371909 5.490954663 1.2 2
1572372237 5.488746865 1.2 2
1572372566 5.63640006 1.0 2
1572533573 5.509064397 1.8 3
1572533911 5.880835317 2.8 5
1572534265 5.502463368 1.0 2
1572534611 5.66672214 2.0 3
1572534944 5.36974338 1.6666666666666667 3
1572535293 5.51220186 0.16666666666666666 1
1572535623 5.495051379 0.2 1
1572535958 6.013976334 0.8333333333333334 3
1572536317 7.831163187 0.875 3
1572536655 6.195406198 2.3333333333333335 4
1572537256 6.20389596 3.0 5
1572537910 5.582748607 0.4 1
1572538571 5.656535833 0.8 2
1572539219 5.661268221 1.8 3
1572539872 5.498012988 0.6666666666666666 2
1572540779 5.527516944 0.2 1
1572541432 5.531591258 1.0 2
1572542081 5.57445751 1.8 3
1572542728 5.549246058 2.6 3
1572543369 5.458462548 0.0 0
1572871145 5.492126701 1.0 3
1572871796 5.564138177 1.0 2
1572872473 5.293078735 1.0 3
1572873126 5.362051476 0.5 3
1572874838 5.542118794 1.0 2
1572875698 5.589329858 0.6666666666666666 2
1572876928 5.474110743 2.1666666666666665 3
1572877578 5.545035154 1.8333333333333333 4
1572878804 5.695546745 2.8333333333333335 4
1572880200 5.878230452 3.1666666666666665 4
1572880877 5.303782655 1.6666666666666667 2
1572881221 5.731791448 2.4 4
1572881554 5.671847201 1.0 4
1572881889 5.376583819 0.0 0
1572882218 5.494037467 0.4 1
1572882607 7.312100658 2.125 4
1572882959 6.030516863 1.4285714285714286 3
1572883298 5.467711193 1.8 3
1572967208 5.492020686 1.8333333333333333 3
1572967870 5.502467623 0.5 3
1572969169 6.635846787 1.4285714285714286 4
1572970481 5.597296858 0.8333333333333334 2
1572971133 5.441975626 0.4 2
1572971796 5.431041128 0.6 2
1572972456 5.538919976 0.8 2
1572973168 5.706011925 0.6 2
1572973821 5.498963664 0.16666666666666666 1
1572974470 5.534940867 1.0 3
1572975197 5.338910347 0.8 1
1572975528 5.40838446 0.6 2
1572975894 5.365970458 1.0 2
1572976277 5.419244647 1.1666666666666667 2
1572976609 5.44538184 0.6 1
1572976937 5.467468154 0.8333333333333334 2
1572977268 5.545351256 1.0 3
1572977631 5.355131435 1.0 2
1572977978 5.516629005 1.2 3
1573208756 5.504037235 2.5 4
1573209407 5.40693671 1.0 2
1573210073 6.702412798 0.5714285714285714 2
1573210739 5.15764292 1.2 2
1573211405 6.079206674 1.1666666666666667 4
1573212060 5.550805177 0.6666666666666666 3
1573212710 6.33357458 1.5 3
1573213363 6.054681626 2.0 3
1573214689 5.284492047 0.2 1
1573218224 5.437215194 1.4 2
1573218552 5.322566782 2.0 3
1573306467 5.681150018 1.6666666666666667 3
1573307120 6.060744587 2.0 4
1573307443 4.879595135 1.75 3
1573307759 5.550641105 1.6 3
1573308080 5.445169217 2.2 3
1573308393 5.027282028 2.4 6
1573309045 5.666335423 1.6666666666666667 3
1573309376 5.450903306 1.8 3
1573310842 5.261939442 0.4 2
1573311458 5.136739579 0.0 0
1573312074 5.513527436 2.0 4
1573312773 5.06996533 1.0 3
1573313396 5.688699977 0.16666666666666666 1
1573314016 5.797739926 1.8333333333333333 4
1573314645 5.409860464 0.4 2
1573827992 5.749567482 1.3333333333333333 3
1573828305 5.293582501 0.8 2
1573828615 5.26490566 0.6 1
1573829225 4.719919719 0.4 1
1573829531 5.024664568 0.0 0
1573829913 5.426546166 0.6 2
1573830706 5.381967155 0.0 0
1573831014 5.259847635 0.8 2
1573902648 5.282520733 1.6 2
1573902955 5.408241292 1.5 3
1573903578 4.900822398 1.5 3
1573903888 5.071530875 1.0 3
1574687966 5.108267641 0.4 1
1574688284 5.102483765 0.2 1
1574689270 5.247594852 0.4 1
1574691970 5.279747206 0.2 1
1574692291 5.113238233 0.4 1
1574693207 5.012020571 1.6 3
1574693517 5.190644369 0.6 1
1574693846 5.060263583 0.6666666666666666 1
1574694274 5.431156115 0.3333333333333333 1
1574694603 6.269027434 0.6666666666666666 1
1574695159 4.950115043 1.4 2
1574695496 5.275702498 1.2 2
1574695809 5.154060406 0.6 2
1574696261 12.167045941 2.1666666666666665 3
1574696842 5.149296526 0.16666666666666666 1
1574697440 5.100560629 0.6 1
1574698018 5.561234705 0.6 1
1574698599 5.059303083 0.16666666666666666 1
1574707260 5.238315168 0.6666666666666666 2
1574708048 5.471480376 1.8571428571428572 3
1574708744 5.445387545 0.0 0
1574709360 5.340310657 0.2 1
1574710660 5.418318755 0.0 0
1574950753 5.377115442 1.0 2
1574951074 5.326422008 2.2 3
1574951461 5.266696264 1.7142857142857142 3
1574951805 5.133365902 0.0 0
1574952123 5.581739785 1.0 2
1574952436 5.529564544 1.4285714285714286 2
1574952852 5.063273319 0.6 1
1574953220 5.037105263 1.8 3
1574953530 5.076438038 1.1666666666666667 3
1574953855 8.698908846 1.1111111111111112 4
1574956021 6.191486691 0.8333333333333334 2
1574956596 5.762427275 0.14285714285714285 1
1574957289 5.397314113 0.0 0
1574957865 5.475748577 0.2857142857142857 2
1574958457 6.125030574 0.2857142857142857 2
1574959046 5.988225721 0.3333333333333333 1
1574959649 5.630841061 0.16666666666666666 1
1574960226 5.141879638 0.3333333333333333 1
1574960839 5.279593973 0.16666666666666666 1
1574961478 5.253298253 0.8 2
1575028462 7.012698468 1.0 3
1575028776 5.839795375 0.14285714285714285 1
1575029108 5.239886544 0.6666666666666666 1
1575029425 5.086987642 0.3333333333333333 1
1575029733 5.621424825 0.14285714285714285 1
1575030048 5.205004224 1.8 4
1575030359 5.280523229 0.8 3
1575030675 5.260641351 0.5 1
1575031006 5.518871082 0.16666666666666666 1
1575032948 4.97598817 2.0 3
1575033515 5.285248122 1.5 3
1575034106 5.430888188 0.14285714285714285 1
1575034674 5.740832603 0.3333333333333333 1
1575035246 4.98650521 1.8 2
1575036268 5.06956917 2.3333333333333335 4
1575036844 5.706961634 0.8571428571428571 2
1575037405 5.168141781 0.4 1
1575037962 5.034985686 0.2 1
1575038974 5.839137163 1.0 4
1575114441 4.99054326 0.4 2
1575114744 5.452232772 0.4 1
1575115056 5.346868281 0.5 3
1575115364 5.122692321 0.16666666666666666 1
1575115673 5.455728924 0.16666666666666666 1
1575115989 4.907291121 0.2 1
1575116299 5.554254411 0.2 1
1575116611 5.160701464 0.0 0
1575116918 5.248774491 0.4 2
1575117228 5.498696994 0.2857142857142857 2
1575120240 5.296143062 0.16666666666666666 1
1575120803 5.272119365 0.16666666666666666 1
1575121362 5.165493219 0.16666666666666666 1
1575122425 5.545632753 0.6 1
1575123542 5.322290568 0.2 1
1575124099 5.174540741 0.14285714285714285 1
1575124654 5.242633215 0.2 1
1575125219 5.159810491 0.8 2
1575125789 5.512112651 0.5714285714285714 1
1575292955 5.225211385 1.4 3
1575293287 5.063474788 3.4 4
1575293623 5.276962148 2.1666666666666665 5
1575293959 7.302374163 0.8571428571428571 2
1575294308 5.730420793 1.0 3
1575295015 5.17784708 0.5 2
1575295406 5.375122978 1.3333333333333333 3
1575295760 5.31591611 1.1666666666666667 3
1575296967 4.982622074 0.2 1
1575297528 5.834812045 1.1666666666666667 2
1575298115 5.151611582 0.0 0
1575298681 5.571035228 1.0 3
1575299260 5.485723541 1.1666666666666667 4
1575299833 5.501454079 2.0 3
1575300457 5.190828701 0.8333333333333334 2
1575301027 5.137155249 0.6666666666666666 2
1575301831 6.167325754 1.1666666666666667 3
1575385848 5.202934492 0.4 1
1575386159 5.377390116 0.16666666666666666 1
1575386471 5.322010359 0.16666666666666666 1
1575386875 5.492785361 0.16666666666666666 1
1575387184 5.306141619 0.0 0
1575387495 5.080538894 0.4 1
1575387804 5.292669031 1.0 2
1575388112 5.199213214 0.3333333333333333 2
1575388421 5.201302101 1.0 2
1575388726 5.138821181 0.0 0
1575390021 5.701907511 0.3333333333333333 1
1575390590 5.473422811 0.16666666666666666 1
1575391158 5.366044356 0.2 1
1575391722 5.370741734 0.8333333333333334 2
1575392535 5.2629055 0.16666666666666666 1
1575393168 8.151507243 0.75 2
1575393731 5.098323847 0.0 0
1575394297 5.217872108 0.0 0
1575394859 5.28610554 1.6666666666666667 2
1575395421 5.553647858 0.2857142857142857 1
1575473382 6.30855918 1.7142857142857142 3
1575474420 5.566654578 2.4285714285714284 3
1575558608 5.161848805 1.6 3
1575558919 5.123018842 0.16666666666666666 1
1575559247 5.314757167 0.3333333333333333 1
1575559557 5.147383771 1.8333333333333333 4
1575559933 5.690606965 0.3333333333333333 1
1575560261 5.546529461 0.16666666666666666 1
1575560591 5.414584149 1.5714285714285714 3
1575561470 5.931369314 0.8333333333333334 2
1575561828 5.892906092 1.8571428571428572 3
1575562239 5.368570033 0.6666666666666666 1
1575562948 4.865839202 2.8 3
1575563585 5.538912575 0.3333333333333333 1
1575564199 5.335249618 0.3333333333333333 1
1575564782 5.298418558 0.16666666666666666 1
1575565349 4.966634669 1.8 3
1575565911 5.22044899 0.3333333333333333 1
1575566503 5.069999235 0.14285714285714285 1
1575567817 5.578474734 0.3333333333333333 1
1575568429 5.246842251 1.2 2
1579186352 5.296638801 0.16666666666666666 1
1579186697 5.368145915 0.2 1
1579187713 5.440264001 0.8333333333333334 1
1579188040 5.417452794 0.3333333333333333 1
1579188491 5.072632117 1.0 3
1579189021 6.601454012 2.0 4
1579189352 5.051948029 0.0 0
1579189684 5.174775473 0.8333333333333334 2
1579190022 5.173758291 1.5714285714285714 3
1579190354 5.687573817 0.0 0
1579191489 5.318125384 0.6666666666666666 2
1579192053 5.406589132 0.3333333333333333 1
1579192632 5.485443876 0.0 0
1579193199 5.371715562 0.6666666666666666 1
1579193788 5.463771624 0.2 1
1579194353 5.362761754 0.0 0
1579194924 5.237324612 2.0 3
1579195505 5.336403091 1.0 3
1579196077 5.326486101 0.2 1
1579354114 5.392036514 1.5 2
1579354419 5.316417604 0.16666666666666666 1
1579354731 5.403177011 1.0 2
1579355041 5.060616414 1.4 2
1579355348 5.021389585 0.0 0
1579355658 5.032435418 0.6 2
1579355968 4.997065241 2.4 3
1579356272 5.268356567 0.0 0
1579356579 5.186737428 0.6 2
1579356885 5.044113817 1.2 2
1579359285 5.158516854 1.2857142857142858 2
1579359858 5.62843916 0.4 1
1579360421 5.183792412 0.4 1
1579360979 5.35739833 0.6 2
1579361535 5.270890761 1.0 2
1579362089 5.202598691 1.2 2
1579362645 5.747112322 0.6666666666666666 2
1579363206 5.640005763 0.3333333333333333 1
1579363774 5.451526572 0.42857142857142855 1
1579364335 5.154189654 1.0 1
1579524711 5.482309301 1.2 3
1579525055 6.269764199 0.25 2
1579525387 5.20609378 0.4 1
1579525776 5.258985135 1.4 2
1579526102 5.091690479 0.4 1
1579528397 5.967425494 0.5 2
1579528758 5.478274169 1.0 2
1579529202 5.717337657 0.4 1
1579529546 5.135650208 0.0 0
1579529857 5.245121319 1.0 2
1579530251 5.414843407 0.0 0
1579530898 5.331755682 0.0 0
1579531940 5.530881856 0.0 0
1579532642 5.383513311 0.16666666666666666 1
1579533295 5.307052569 0.6666666666666666 1
1579533909 5.229601383 0.4 1
1579534570 5.717223475 0.0 0
1579535205 5.083651539 0.4 2
1579535801 5.258177606 2.5 5
1579536854 5.386153727 0.5 2
1580217847 5.06308015 1.3333333333333333 4
1580218177 5.362733798 0.8333333333333334 2
1580218490 5.442638851 0.8 2
1580218824 5.86510353 2.7142857142857144 6
1580219176 5.14921471 1.3333333333333333 3
1580219536 5.246582274 1.0 3
1580222264 5.505312358 1.5 2
1580222893 5.118225384 0.6 1
1580223198 5.368775217 2.1666666666666665 3
1580223578 5.243589333 0.6 1
1580224145 5.415453398 1.0 2
1580224703 5.162807023 0.8 2
1580225261 5.367670018 0.3333333333333333 1
1580225826 5.068097677 1.8571428571428572 4
1580226404 5.186964877 1.0 2
1580226974 5.845511044 1.0 2
1580227571 5.563569341 1.0 2
1580228156 5.166919425 1.2 2
1580228715 5.373793388 0.6 1
1580306791 5.026090669 1.0 2
1580307189 5.087736361 0.5 1
1580307667 5.052707541 0.8 2
1580307977 5.358631977 1.5 2
1580308290 5.564198227 0.6 1
1580310494 4.930177352 1.4 2
1580310806 5.430657533 0.4 1
1580311120 5.498202052 1.1666666666666667 2
1580311428 8.199105727 3.125 5
1580311802 5.051193291 0.8 2
1580312142 5.164808206 0.8 2
1580312724 6.374773961 0.42857142857142855 1
1580313282 5.171336299 1.0 3
1580314246 4.954431831 1.0 2
1580314803 5.211892662 1.3333333333333333 2
1580315358 5.135533067 0.4 1
1580315921 5.130999808 0.16666666666666666 1
1580316624 5.172719747 1.6 2
1580317197 5.274395229 0.4 1
1581936887 6.739779143 0.25 1
1581937548 5.507686293 1.0 2
1581938510 5.107672499 0.0 0
1581938818 4.996197237 0.8 2
1581939157 5.04833185 0.0 0
1581939479 5.822275245 1.6666666666666667 3
1581939781 5.412834771 0.0 0
1581942188 5.991819021 1.7142857142857142 3
1581942865 5.418860766 0.2 1
1581945749 4.898053875 1.4 3
1581946321 5.676964614 0.16666666666666666 1
1581946891 4.992123614 0.2 1
1581947811 5.058190444 1.8 3
1581948879 18.338292844 2.5555555555555554 3
1582030288 6.29915579 2.5714285714285716 4
1582031247 5.839709428 2.142857142857143 4
1582031841 5.233159292 3.2 4
1582032213 5.609039093 0.0 0
1582032533 5.72331582 1.6666666666666667 3
1582032833 5.982346176 1.5 2
1582033133 6.000054509 1.8333333333333333 2
1582033483 5.95068649 0.5714285714285714 4
1582033810 6.061281339 3.5714285714285716 5
1582035470 5.95099755 1.6666666666666667 3
1582036077 6.054558862 0.8333333333333334 2
1582036682 5.967011941 0.7142857142857143 2
1582037290 5.561612117 0.0 0
1582037887 5.665169295 0.5714285714285714 2
1582038484 6.254083361 0.0 0
1582041375 6.010856072 0.0 0
1582041986 6.24026818 0.0 0
1582043571 5.9303034 1.6666666666666667 3
1582044787 5.998929599 1.4285714285714286 3
1582045090 5.886742956 1.8333333333333333 3
1582045390 6.315432899 1.1428571428571428 3
1582045700 5.900899586 1.0 2
1582045999 5.428533163 1.5 3
1582120343 6.08577664 1.7142857142857142 2
1582120647 10.491048802 1.6363636363636365 2
1582188765 5.112851175 0.4 1
1582190791 5.315784776 1.6 3
1582191081 5.368101917 0.7142857142857143 1
1582191372 5.157812981 1.8 2
1582191669 5.897949015 1.0 2
1582191964 5.447725418 2.0 3
1582192255 5.467893321 1.0 2
1582192552 5.266357557 1.8 4
1582192840 5.639105408 0.16666666666666666 1
1582193129 5.411804444 1.4 2
1582634908 4.97346878 1.6 3
1582635191 5.214103445 0.16666666666666666 1
1582635475 5.540827072 1.8 3
1582635759 5.201996371 0.2 1
1582636045 5.314986118 2.6 4
1582636333 5.144980561 1.1666666666666667 2
1582636914 5.131627895 1.5 2
1582637214 5.889661998 0.14285714285714285 1
1582637510 5.931861286 1.7142857142857142 3
1582637805 5.157291231 0.6 1
1582638365 5.46862484 1.4 2
1582639440 5.382754862 0.4 1
1582640620 4.960473349 0.0 0
1582641179 5.511495119 0.2857142857142857 2
1582641741 10.033565082 0.1 1
1582642315 5.590616125 0.0 0
1582642891 5.070381051 1.0 2
1582643493 5.2410597 0.2 1
1582644050 5.130775595 0.16666666666666666 1
1582886161 5.125726034 1.6666666666666667 2
1582886448 5.120222301 0.0 0
1582886740 5.345761466 2.0 3
1582887031 5.218033147 0.3333333333333333 2
1582887323 6.279930716 2.857142857142857 5
1582887609 5.877836057 1.5714285714285714 2
1582887899 5.349104402 2.4 3
1582888186 5.42008416 1.3333333333333333 3
1582888472 5.286545013 2.3333333333333335 4
1582888760 5.472091667 1.2 2
1582898636 5.080401969 1.8 3
1582899221 5.038975743 0.2 1
1582899786 5.555959095 0.0 0
1582900348 5.201891726 0.2 1
1582900911 5.287747419 0.2 1
1582902654 5.449166549 0.16666666666666666 1
1582903234 6.504555333 0.0 0
1574710660 5.418318755 0.0 0
1574708744 5.445387545 0.0 0
