1569853728 5.697582965 0.3333333333333333 2
1569854369 5.788453301 0.6666666666666666 4
1569855344 5.750959708 1.6666666666666667 4
1569855781 5.74318119 0.8333333333333334 4
1570447110 5.565523168 2.1666666666666665 4
1570448913 5.723606824 1.6666666666666667 4
1570449414 5.925187766 2.0 3
1570449851 5.849136283 1.1666666666666667 3
1571323400 5.897159741 0.6666666666666666 3
1571323793 6.078573702 0.0 0
1571324196 5.965485832 0.0 0
1571324594 6.139813781 0.6666666666666666 3
1571327527 3.979057756 0.8 3
1571327916 6.012314682 0.6666666666666666 3
1571328306 5.951801369 0.5 3
1571328698 6.063210543 0.8333333333333334 3
1571329089 5.969842676 0.6666666666666666 3
1571329480 5.884706485 0.6666666666666666 3
1571330072 5.960270569 0.8333333333333334 4
1571398028 5.839714678 0.6666666666666666 3
1571398424 5.949450001 0.0 0
1571398817 5.970386797 1.0 3
1571399208 6.049490908 0.6666666666666666 3
1571399598 5.884571192 0.6666666666666666 3
1571399996 6.007795248 0.6666666666666666 3
1571400389 5.676578855 1.0 4
1571400816 5.963782229 0.6666666666666666 3
1571401208 5.923012098 2.6666666666666665 5
1571401600 6.157159944 0.0 0
1571406982 6.029021702 0.0 0
1571407371 6.031985065 0.0 0
1571407764 5.659291339 0.3333333333333333 2
1571408153 5.95003976 0.8333333333333334 3
1571408547 5.991604773 0.8333333333333334 3
1571666039 5.964946308 0.5 3
1571666428 6.054863346 0.0 0
1571666820 5.823077465 0.16666666666666666 1
1571667213 5.804243763 1.3333333333333333 4
1571667656 5.946453465 0.6666666666666666 3
1571669308 5.820972448 0.8333333333333334 3
1571669701 5.88181001 0.6666666666666666 3
1571754219 5.920155837 0.0 0
1571754610 5.812675698 1.8333333333333333 4
1571755010 6.06563133 0.5 2
1571755407 5.863943331 1.0 3
1571756638 6.096464721 1.1666666666666667 3
1571757069 5.803947039 0.0 0
1571757498 5.872032346 0.0 0
1571757894 5.987859969 1.5 3
1571758287 5.80269433 0.6666666666666666 4
1571758677 5.844252039 1.6666666666666667 4
1571762291 5.720512027 0.5 3
1571762688 6.025058272 0.6666666666666666 3
1571763081 5.821092413 0.8333333333333334 3
1571763469 6.16597729 0.5 2
1571763863 5.916025738 0.6666666666666666 3
1571764269 6.021981367 0.5 2
1571764679 6.003639144 0.16666666666666666 1
1571765070 5.980520453 0.16666666666666666 1
1571765459 5.983611324 0.0 0
1571765850 5.850535756 0.6666666666666666 3
1571766428 5.848023769 1.5 4
1571767210 6.203425353 1.6666666666666667 4
1572007177 5.958761633 0.0 0
1572007569 5.790649934 2.1666666666666665 4
1572008071 5.973917143 3.1666666666666665 4
1572008474 14.106679384 2.2142857142857144 5
1572008874 6.092358894 1.5714285714285714 3
1572009269 5.717999256 0.4 2
1572009658 5.895395492 0.0 0
1572010050 5.916799708 0.0 0
1572010445 6.181735673 0.0 0
1572010836 5.760812889 0.3333333333333333 2
1572013399 5.782710006 1.1666666666666667 3
1572013792 5.910462596 1.2 3
1572014183 5.904467723 0.0 0
1572014573 5.972117794 0.0 0
1572014964 5.762400383 0.8 3
1572269015 5.703610119 1.0 3
1572269435 5.977536679 1.3333333333333333 3
1572269849 5.959371635 0.8333333333333334 3
1572270256 6.012291596 1.0 2
1572270650 5.928230703 1.1666666666666667 2
1572271136 5.770612309 1.0 4
1572272379 4.974915961 2.0 3
1572272709 5.2112813 1.1666666666666667 3
1572273044 5.350751193 0.8 2
1572273391 5.109314073 1.4 3
1572273723 5.27163734 0.6 2
1572276147 5.207898679 0.8333333333333334 3
1572276484 5.210624664 1.0 3
1572276819 5.317010253 1.0 3
1572277150 5.267995254 1.0 2
1572277485 5.456539052 1.0 3
1572277844 5.160422559 1.2 3
1572278176 5.366165909 0.8 2
1572278508 5.39525826 1.0 2
1572363566 4.985500969 1.0 3
1572363896 5.357425801 1.2 2
1572364226 5.220711373 1.0 3
1572364556 5.314797736 1.5 3
1572364894 5.352119597 0.8333333333333334 3
1572365231 5.300145926 0.0 0
1572365608 5.257655978 0.0 0
1572365982 5.415340095 1.2 3
1572366323 5.297648892 1.2 3
1572366657 5.171081121 1.0 3
1572369685 5.237473487 0.0 0
1572370015 5.143749666 0.0 0
1572370345 5.301532589 0.0 0
1572370678 5.164512303 1.0 3
1572371006 5.284447802 0.0 0
1572371339 5.16359291 0.2 1
1572371668 5.20694569 0.0 0
1572371999 5.213287471 0.0 0
1572372328 5.369924347 0.0 0
1572372658 5.039367017 0.0 0
1572533669 5.070169515 1.2 4
1572534013 5.164477781 1.2 3
1572534362 5.301479156 1.2 4
1572534702 5.363409073 1.2 2
1572535036 5.176517371 1.0 3
1572535384 5.329939855 0.4 2
1572535714 5.331127856 0.0 0
1572536049 5.364504934 0.0 0
1572536412 5.171173883 1.0 2
1572536748 5.292534823 1.2 2
1572537346 5.327758278 0.6666666666666666 3
1572538003 5.518399292 0.8333333333333334 2
1572538663 5.371550261 0.8333333333333334 2
1572539316 5.180036828 1.0 3
1572539963 5.248639034 1.0 3
1572540869 5.189384446 2.0 3
1572541523 5.353814167 1.0 3
1572542171 5.130359698 0.8 2
1572542818 5.179000691 1.0 3
1572543483 5.261335771 1.3333333333333333 3
1572871237 5.415364613 0.0 0
1572871887 5.32266353 1.3333333333333333 3
1572872565 5.404658999 1.2 2
1572873218 5.226945969 1.2 3
1572873870 5.407201266 0.0 0
1572874932 5.067969883 1.0 4
1572875794 5.38369844 0.8 3
1572877019 5.296743812 1.2 4
1572877669 5.358549858 0.0 0
1572878897 5.216153233 0.0 0
1572880294 5.26670239 1.0 3
1572880630 5.439975755 1.4 3
1572880975 5.390298147 0.8 3
1572881313 5.24578988 1.2 3
1572881646 5.209230768 0.8 3
1572881978 5.358766074 0.6 3
1572882308 5.39568459 0.0 0
1572882699 5.178242587 0.4 2
1572883051 5.549099149 0.8 3
1572883389 5.320346638 0.8333333333333334 3
1572967303 5.319641103 1.0 4
1572967961 5.402985409 0.8 3
1572969262 5.28843288 0.8333333333333334 3
1572969923 5.330244838 0.8333333333333334 4
1572970573 6.075765939 1.6666666666666667 4
1572971224 5.175383959 0.0 0
1572971886 5.391026348 1.8 3
1572972547 5.377134322 0.8 3
1572973259 5.384574878 0.6666666666666666 2
1572973912 5.424752549 0.0 0
1572974564 4.99176534 1.8 4
1572975286 5.251380094 1.0 3
1572975618 5.363852525 0.6 2
1572975985 5.216913745 0.2 1
1572976367 5.283081892 0.0 0
1572976699 5.029806294 0.8 3
1572977028 5.357581312 0.8 3
1572977391 5.315334908 0.6 3
1572977721 5.209954272 0.8 3
1572978068 5.224214921 0.8333333333333334 3
1573208846 5.287602521 0.8 4
1573209501 5.176609815 0.8 3
1573210176 5.402477768 0.8 3
1573210845 5.430074521 1.0 3
1573211502 5.336457461 0.6666666666666666 3
1573212151 5.341277815 0.8 3
1573212802 5.401508636 0.6666666666666666 3
1573213454 5.285761582 1.0 5
1573214125 5.326471473 1.2 3
1573214779 5.059237917 0.8 4
1573218313 5.33556465 0.0 0
1573218645 5.199621316 0.8333333333333334 3
1573306556 5.273419619 0.4 2
1573306872 5.39650932 0.2 1
1573307210 4.995235381 1.2 3
1573307531 5.297605964 0.8333333333333334 3
1573307847 5.634212573 0.6 2
1573308167 5.117247578 0.8 3
1573308494 5.168168475 0.5 2
1573308814 5.251173625 0.4 2
1573309135 5.045999464 1.0 3
1573309467 5.285022609 0.8 3
1573310306 5.512216105 0.6 2
1573310929 5.032347556 0.8333333333333334 3
1573311544 5.058238201 0.8 3
1573312248 5.341689499 0.6 2
1573312857 5.308346841 1.1666666666666667 4
1573313485 4.647415119 1.2 3
1573314117 5.420014111 0.6 2
1573314732 5.347751826 1.0 3
1573828080 5.404388948 0.0 0
1573828389 5.458419579 0.6 2
1573828699 5.02699881 1.0 3
1573829003 4.979577285 0.6 2
1573829308 5.254784378 0.6 2
1573829617 4.880930838 0.0 0
1573830174 5.019793491 1.0 4
1573830484 5.170735417 1.2 3
1573830790 5.124816206 1.0 2
1573831097 5.099799382 0.6 2
1573902731 4.988786198 0.6 2
1573903040 5.23805961 0.8 2
1573903351 5.459145821 0.0 0
1573903663 5.113743144 1.0 3
1573903973 5.172075405 0.0 0
1573904282 5.194692498 0.6 2
1574688050 4.252159823 1.0 3
1574688368 4.849222129 0.0 0
1574692059 4.225052442 0.0 0
1574692375 4.805082781 0.0 0
1574693291 4.259336499 1.25 3
1574693606 4.702351196 0.0 0
1574693938 4.508871676 0.0 0
1574694361 4.586480769 0.0 0
1574694687 4.266382664 0.25 1
1574695241 4.699279401 0.0 0
1574695582 4.556966567 0.0 0
1574695892 4.568209498 0.0 0
1574696348 3.963932852 0.0 0
1574696925 4.03388368 0.0 0
1574697517 4.357728775 0.0 0
1574698095 3.992013503 0.0 0
1574708133 4.431075588 1.2 3
1574708829 4.605889498 0.0 0
1574709457 5.040552361 0.0 0
1574710744 4.830475416 0.0 0
1574950840 4.660680274 1.0 4
1574951214 4.677496885 1.2 4
1574951568 4.572508687 1.0 3
1574951895 4.649716269 2.0 4
1574952209 4.673364792 1.0 3
1574952606 4.34356506 1.4 3
1574952935 4.703177731 1.2 3
1574953303 4.187090039 1.25 4
1574953613 4.829855412 1.2 3
1574953951 4.528362506 0.75 3
1574956675 4.001348974 0.25 1
1574957367 4.059196039 1.5 4
1574957943 3.817563186 0.5 2
1574959124 4.509601734 0.6 2
1574959727 3.816152937 0.5 2
1574960303 4.322846598 1.0 3
1574960916 4.019251038 0.75 3
1574961555 4.090543318 1.0 4
1575028240 4.652496307 1.8 3
1575028549 4.563424553 0.25 1
1575028860 4.780183205 1.75 4
1575029198 4.482661762 1.0 3
1575029507 4.499761986 0.0 0
1575029818 4.718251271 0.8 3
1575030132 4.612947054 1.75 3
1575030445 4.470069839 1.25 4
1575030763 4.548041486 0.8 3
1575031091 4.739819989 1.0 3
1575033026 4.239173881 0.75 3
1575033594 4.989012455 0.8 4
1575034186 4.766044128 1.5 3
1575034752 4.258272116 2.0 3
1575035323 4.043399862 1.25 2
1575036346 4.149993883 0.75 3
1575036923 4.224185348 1.6 3
1575037482 4.018849567 2.0 2
1575038485 3.957632495 0.75 3
1575039053 4.305676811 0.5 2
1575114524 4.678697284 1.6 3
1575114831 4.799746654 1.4 3
1575115140 4.218952107 1.75 3
1575115449 4.919402624 2.8 4
1575115758 4.339453553 1.25 3
1575116075 4.741840754 1.6 3
1575116386 4.464445821 2.0 4
1575116694 4.649276333 1.4 3
1575117004 4.56767014 2.6 4
1575117313 4.547398864 1.5 4
1575120317 4.815852676 2.2 3
1575120881 4.5237817 1.5 4
1575121441 4.237775852 1.4 2
1575122503 4.688465001 1.6 3
1575123061 3.812967319 1.5 3
1575123620 4.632337665 1.2 3
1575124176 4.384214819 1.25 2
1575124744 4.746065869 1.4 3
1575125300 4.435933292 2.0 3
1575125869 4.388894845 2.25 3
1575293040 5.038771327 1.2 2
1575293374 4.876764689 0.0 0
1575293714 4.921431951 1.4 2
1575294053 4.753087639 2.6 4
1575294395 4.812059045 0.6 1
1575294741 4.971695726 1.5 3
1575295102 5.338263875 1.0 2
1575295493 4.950635515 1.6 3
1575295853 4.845296531 1.4 2
1575297055 4.820544041 0.0 0
1575297613 4.951969194 3.0 5
1575298193 4.547493777 1.2 2
1575298760 4.431024393 2.0 4
1575299341 4.480508434 2.2 3
1575299913 4.783542093 1.8 4
1575300534 4.768312558 1.4 3
1575301104 4.603782386 1.8 2
1575301914 4.386527952 0.0 0
1575385932 4.926648881 1.0 2
1575386243 5.091137962 2.2 3
1575386555 5.135289694 2.0 3
1575386960 4.802002192 1.2 2
1575387268 4.555381628 1.6 2
1575387578 4.719475588 1.2 2
1575387887 4.71551367 1.4 2
1575388195 4.588997574 1.25 2
1575388506 5.290812606 2.2 4
1575388809 4.203446001 1.75 3
1575390101 4.32815068 1.25 3
1575390669 4.278621298 1.5 3
1575391237 3.919939357 2.0 3
1575391803 4.17601033 1.75 4
1575392612 4.48334277 0.0 0
1575393247 4.18755583 1.6 3
1575393808 4.245201096 2.0 3
1575394374 4.055475708 1.5 2
1575394937 4.304857858 2.0 3
1575395499 4.925249831 1.4 5
1575473466 3.977801131 1.0 2
1575558693 4.5926762 0.0 0
1575559006 5.159486355 1.2 3
1575559331 5.250379983 1.6666666666666667 3
1575559651 5.111491565 0.0 0
1575560019 5.222036261 1.6 3
1575560347 5.339402875 1.6 3
1575560680 4.846551917 0.0 0
1575561214 5.220750728 1.0 2
1575561556 5.510787782 1.6666666666666667 3
1575561913 4.908433425 0.0 0
1575562320 4.857796055 1.0 2
1575563029 4.871104287 1.6 3
1575563681 3.841951856 1.75 3
1575564278 3.927998566 2.25 3
1575564862 4.023099254 1.5 3
1575565427 4.528863155 0.5 1
1575565995 4.640758578 0.8 1
1575566581 4.435519438 1.8 3
1575568507 4.538031563 1.25 3
1579186438 5.285765555 0.0 0
1579186783 5.036971636 0.0 0
1579187797 5.045034142 0.0 0
1579188130 5.601738928 2.0 3
1579188574 5.337911528 2.0 3
1579189110 4.814827187 1.6 2
1579189441 5.03265957 0.0 0
1579189768 4.431361228 1.4 2
1579190109 4.485473126 0.75 1
1579190445 4.473125989 0.25 1
1579190952 4.767962889 1.6 3
1579191567 4.129963638 0.0 0
1579192132 4.138123432 1.25 2
1579192713 4.220291361 1.75 3
1579193277 4.030610717 1.5 2
1579193868 4.440480103 0.0 0
1579194433 4.688872782 1.4 4
1579195002 4.375817621 1.25 3
1579195592 4.246126914 0.25 1
1579196156 4.31378099 0.25 1
1579354198 4.663571535 1.2 3
1579354504 4.555713623 0.25 1
1579354816 4.511144266 1.5 3
1579355123 4.788170487 1.2 3
1579355432 4.651632303 0.0 0
1579355742 4.606696189 1.4 4
1579356050 4.856414634 1.4 3
1579356357 5.090612395 0.0 0
1579356662 4.648583601 1.4 3
1579356968 4.746627083 1.4 4
1579359362 4.315048076 2.75 5
1579359935 4.26999375 1.5 3
1579360499 4.523116646 1.25 2
1579361056 4.241234607 2.0 3
1579361612 3.861461052 1.25 2
1579362166 4.192926767 1.5 2
1579362722 4.045374765 1.5 2
1579363286 4.301361147 1.5 4
1579363853 4.601938467 2.2 4
1579364413 4.372414035 1.75 2
1579524805 5.121386895 0.0 0
1579525151 5.379961842 2.2 4
1579525536 5.176316665 1.4 2
1579525861 4.905201607 0.0 0
1579526188 5.180768018 1.6 3
1579528483 5.176737015 1.2 2
1579528908 4.985288005 0.0 0
1579529291 5.21750986 1.4 3
1579529633 5.073257494 2.6 3
1579529942 4.990714326 0.0 0
1579530329 4.654652217 1.6 4
1579530977 4.531555445 0.75 2
1579532017 4.786060766 1.0 2
1579532719 4.41801919 1.2 2
1579533385 4.562128343 1.75 3
1579533989 4.395166376 1.75 3
1579534649 4.603439353 1.0 2
1579535285 4.715872103 3.4 5
1579535880 4.954707241 0.0 0
1579536938 4.656254554 1.4 2
1580217934 4.484435299 1.2 2
1580218263 4.59998924 0.0 0
1580218588 4.789199738 0.0 0
1580218913 5.394297812 1.5 4
1580219290 4.655345499 0.0 0
1580219634 4.795536748 0.0 0
1580222350 4.674552322 2.6 4
1580222664 4.514620705 1.4 2
1580222976 4.577376033 0.25 1
1580223281 5.217645627 1.0 2
1580223662 4.163896582 2.0 2
1580224223 4.464956088 1.6 4
1580224779 4.294424553 0.25 1
1580225342 4.361689609 0.0 0
1580225903 4.566090422 1.4 2
1580226486 4.221591537 0.0 0
1580227054 4.007293759 0.0 0
1580227651 4.091728473 1.25 2
1580228234 4.317351605 1.75 3
1580228793 4.510042124 0.25 1
1580306572 5.208190385 0.0 0
1580306873 5.129258405 0.0 0
1580307274 4.392347385 0.0 0
1580307750 4.979225064 0.0 0
1580308064 5.294249489 0.0 0
1580308377 4.562591709 0.0 0
1580310579 4.304452469 1.25 2
1580310896 4.690763994 0.0 0
1580311205 4.414675188 1.25 2
1580311515 4.381716324 1.25 2
1580311889 5.015700067 0.0 0
1580312222 4.268273574 2.0 4
1580312803 3.977700364 1.25 2
1580313358 4.360910057 3.2 4
1580314323 3.967319871 1.3333333333333333 2
1580314880 4.212526161 1.0 1
1580315436 4.399524931 0.0 0
1580315999 4.591778938 0.0 0
1580316701 4.094481697 0.0 0
1580317288 4.726762154 1.0 3
1581936969 5.240133916 1.6 2
1581937282 5.459019156 1.6 2
1581937627 5.620541238 1.8333333333333333 3
1581937948 5.284872653 0.8 2
1581938268 5.962039592 2.1666666666666665 3
1581938589 5.240763286 0.3333333333333333 1
1581938894 5.130663712 0.0 0
1581939237 5.048462196 0.0 0
1581939560 5.113972245 0.2 1
1581939860 5.121879303 0.0 0
1581942357 4.562065487 0.0 0
1581942945 4.701807641 0.2 1
1581943562 4.937458139 2.0 3
1581944850 5.008751206 1.6 2
1581945827 4.981542662 0.0 0
1581946402 4.928186215 0.0 0
1581946969 4.664509585 0.0 0
1581947888 6.774283472 2.5714285714285716 3
1581948979 4.895468378 0.0 0
1582030374 5.429787695 0.6 2
1582030681 5.12348983 0.3333333333333333 1
1582031332 5.458658704 0.16666666666666666 1
1582031628 4.568935603 0.0 0
1582031926 5.315545601 0.0 0
1582032311 5.291670546 0.0 0
1582032621 5.176624077 0.2 1
1582032920 5.197383706 0.0 0
1582033216 5.07004663 0.0 0
1582033570 5.199963497 1.4 3
1582033896 4.525563742 0.0 0
1582035557 4.829245929 2.2 3
1582036164 4.826100326 0.0 0
1582036767 4.707290154 0.0 0
1582037373 4.555948745 0.4 2
1582037971 4.516425051 0.2 1
1582038569 4.705671687 0.2 1
1582041460 4.874726141 0.0 0
1582042071 4.651245296 0.4 1
1582043658 4.979355863 0.0 0
1582044271 4.824159715 0.0 0
1582044873 5.08703692 0.0 0
1582045174 4.78477955 0.4 2
1582045474 5.271703743 0.2 1
1582045785 5.184116558 0.0 0
1582046082 5.331595898 0.16666666666666666 1
1582120428 4.980239645 2.4 4
1582188842 4.766148922 1.8 3
1582190871 5.39244735 0.2 1
1582191163 5.206372751 2.0 4
1582191456 4.820542401 0.4 2
1582191751 5.398554583 2.0 3
1582192043 5.165079174 2.0 4
1582192334 4.974470404 0.0 0
1582192635 5.171436977 2.2 4
1582192920 5.546847106 0.16666666666666666 1
1582193212 5.368967019 2.8 4
1582634987 5.132276641 1.0 3
1582635269 5.065729621 0.4 2
1582635554 5.035466063 0.6 2
1582635838 5.164400692 0.0 0
1582636126 5.215676909 0.8 3
1582636412 4.903764676 0.0 0
1582636704 4.757490566 1.0 3
1582636990 5.156056202 0.0 0
1582637297 5.456378437 0.5 2
1582637591 5.007339116 0.0 0
1582637885 4.799162957 0.8 2
1582638444 4.576127958 0.8 3
1582639519 4.9033797 0.8 2
1582640697 4.288404916 1.0 2
1582641256 4.613257678 0.6 3
1582641826 5.262193803 0.6 2
1582642395 4.382183413 2.0 4
1582642969 4.206864454 0.0 0
1582643572 4.785486752 0.2 1
1582644128 4.660008268 0.0 0
1582886239 4.558861212 0.25 1
1582886526 4.787875437 1.8 3
1582886822 4.583552459 0.0 0
1582887110 5.17203265 1.1666666666666667 3
1582887401 5.150903711 0.0 0
1582887693 4.431783479 1.5 3
1582887976 4.890053621 0.0 0
1582888264 5.341526221 1.4 2
1582888551 4.568549256 0.0 0
1582888912 4.740838678 1.4 3
1582898726 5.022860517 0.0 0
1582899298 4.42491931 0.4 2
1582899866 5.032555391 0.0 0
1582900430 4.116763713 0.0 0
1582902088 4.352377165 1.0 2
1582902733 5.019051661 1.0 2
1582903311 23.463943123 0.4166666666666667 1
1574710744 4.830475416 0.0 0
1574708829 4.605889498 0.0 0
