1569853746 9.379290641 1.1111111111111112 2
1569855363 9.3824674 0.3333333333333333 1
1569856414 10.411231373 2.0 3
1570448931 8.284550284 2.0 3
1570449433 8.238198919 3.0 4
1570449870 8.69364623 1.5 2
1571323419 8.114959979 0.0 0
1571323811 8.28822211 0.0 0
1571324214 8.281054228 0.0 0
1571324614 8.230721431 0.375 1
1571327544 8.198001643 0.0 0
1571327934 8.365068454 0.0 0
1571328325 8.318793878 0.0 0
1571328716 8.320298759 0.125 1
1571329108 8.202186174 0.25 1
1571329498 8.275557378 0.125 1
1571330472 8.335324645 0.2222222222222222 1
1571398046 8.172850096 0.125 1
1571398442 8.293582194 0.2222222222222222 1
1571398835 8.309070231 0.125 1
1571399227 8.237275879 0.5 2
1571399618 8.31853561 0.875 1
1571400015 8.279364951 0.6666666666666666 2
1571400407 8.303958145 0.3333333333333333 1
1571400835 8.362463639 0.25 1
1571401227 8.677159736 0.0 0
1571401619 8.320110584 0.0 0
1571407000 8.19678027 0.1111111111111111 1
1571407390 8.433279126 0.0 0
1571407783 8.195927952 0.0 0
1571408172 8.240219533 0.125 1
1571408566 8.276462589 1.0 1
1571666058 8.14282794 0.0 0
1571666446 8.289069325 0.0 0
1571666838 8.404339296 0.0 0
1571667231 8.279905697 0.0 0
1571667675 8.226408968 0.875 1
1571669326 8.049501305 0.125 1
1571669721 8.328371014 0.625 2
1571754237 8.405435344 0.375 2
1571754628 8.525277523 1.0 2
1571755029 8.332795161 0.3333333333333333 1
1571755425 8.012322804 0.0 0
1571756657 8.30314261 1.25 2
1571757088 8.190519231 0.125 1
1571757517 8.498741665 1.0 3
1571757913 8.374701741 1.125 2
1571758306 8.317711596 0.75 1
1571758696 8.514811045 0.1111111111111111 1
1571762310 8.109853377 0.0 0
1571762707 8.229278015 0.2222222222222222 1
1571763099 8.358288331 0.0 0
1571763489 8.160913682 0.0 0
1571763881 9.335550662 0.3333333333333333 1
1571764287 28.117831896 1.8571428571428572 4
1571764698 8.346404382 0.625 2
1571765089 8.284363003 0.875 2
1571765477 8.411857604 0.8888888888888888 2
1571765868 8.246193441 0.5 2
1571766832 8.295236635 0.0 0
1571767614 8.439767155 0.1111111111111111 1
1572006547 44.829170908 0.8888888888888888 2
1572007196 8.457352877 1.125 2
1572007587 8.303186818 1.25 2
1572008089 8.327105617 1.875 2
1572008500 8.062709233 0.0 0
1572008893 8.437852351 0.6666666666666666 1
1572009286 8.176238503 1.8888888888888888 2
1572009676 8.137483109 0.5555555555555556 1
1572010068 8.240594822 0.75 1
1572010464 8.354416462 0.75 1
1572010854 8.316789929 0.75 1
1572013417 8.535091645 2.6666666666666665 3
1572013811 8.364612873 2.25 3
1572014201 8.157509733 1.875 2
1572014592 8.329649056 1.5 2
1572014982 8.365835777 1.125 2
1572269033 8.278720504 0.75 1
1572269453 8.278402906 1.75 2
1572269867 8.376711061 0.75 1
1572270274 8.185338663 0.75 1
1572270669 8.325699917 0.25 1
1572271154 8.464111134 0.0 0
1572272396 6.698182037 0.5714285714285714 1
1572272726 6.736155694 0.7142857142857143 2
1572273061 6.745223983 0.5714285714285714 1
1572273408 6.741635341 0.42857142857142855 1
1572273741 6.57749811 0.6666666666666666 1
1572276166 6.475491131 0.6666666666666666 1
1572276501 6.796580319 0.0 0
1572276836 6.64728622 0.8333333333333334 1
1572277167 6.524298996 0.7142857142857143 1
1572277502 6.74585954 0.7142857142857143 1
1572277861 6.728419024 0.7142857142857143 1
1572278193 6.719668956 0.5714285714285714 1
1572278524 6.555511594 0.8571428571428571 1
1572363583 6.776515706 0.7142857142857143 1
1572363913 6.832614373 0.8333333333333334 1
1572364243 6.574033092 1.8571428571428572 2
1572364573 6.804395725 0.0 0
1572364912 6.767430455 0.8333333333333334 1
1572365248 6.584928486 1.0 2
1572365625 6.543297738 0.5 1
1572365999 6.616801918 1.0 1
1572366340 6.831730063 0.6666666666666666 1
1572366674 6.698386069 0.7142857142857143 1
1572369701 6.773850597 0.42857142857142855 1
1572370032 6.864434056 0.7142857142857143 1
1572370362 6.859864128 0.6666666666666666 1
1572370695 6.682997069 0.8333333333333334 1
1572371023 6.787070052 0.42857142857142855 1
1572371356 6.86170679 0.7142857142857143 1
1572371685 6.705815892 0.8571428571428571 1
1572372016 6.752767451 0.8571428571428571 1
1572372345 6.844865462 0.7142857142857143 1
1572372675 6.743281836 0.8571428571428571 1
1572533686 6.685471912 0.5714285714285714 1
1572534031 6.849018554 0.5714285714285714 1
1572534379 15.605610636 1.8 2
1572534719 6.723597762 0.6666666666666666 1
1572535053 6.779106078 0.7142857142857143 1
1572535401 6.663766377 0.5714285714285714 1
1572535731 6.556882238 1.0 1
1572536066 6.659582438 0.5714285714285714 1
1572536429 6.697963606 1.2857142857142858 2
1572536765 6.87483268 0.42857142857142855 1
1572537682 6.639594975 0.42857142857142855 1
1572538335 6.801537031 0.0 0
1572538995 6.791836352 0.5714285714285714 1
1572539648 6.831236787 0.5714285714285714 1
1572540296 6.637350622 0.0 0
1572541206 6.708254926 0.2857142857142857 1
1572541854 6.697613222 0.5714285714285714 1
1572542503 6.835239184 1.2857142857142858 3
1572543150 6.696806284 0.0 0
1572543822 6.654530545 0.14285714285714285 1
1572871568 6.87244283 1.0 2
1572872219 6.884322404 1.4285714285714286 3
1572872901 7.005485197 1.7142857142857142 3
1572873549 6.810881068 1.4285714285714286 2
1572874207 6.692697698 2.142857142857143 3
1572875273 6.885904676 0.5714285714285714 1
1572876127 6.767665514 0.42857142857142855 1
1572877353 6.611791884 0.6666666666666666 1
1572878008 6.737807764 0.8333333333333334 1
1572879247 6.461041044 2.0 3
1572880312 6.685912368 0.8571428571428571 1
1572880646 6.9994739 0.42857142857142855 1
1572880992 9.82684856 1.8888888888888888 3
1572881331 6.80208233 0.0 0
1572881663 6.625163787 0.0 0
1572881996 6.748027908 0.0 0
1572882325 6.832630003 0.0 0
1572882716 6.468949831 0.16666666666666666 1
1572883068 6.533197815 0.0 0
1572883407 6.944738747 2.5714285714285716 3
1572967636 6.938701091 0.14285714285714285 1
1572968295 6.782069736 0.14285714285714285 1
1572969594 7.126388956 0.2857142857142857 2
1572970256 6.707403067 0.16666666666666666 1
1572970906 6.972519301 0.14285714285714285 1
1572971568 6.704530708 0.14285714285714285 1
1572972229 7.393181111 0.625 3
1572972879 6.919468659 0.16666666666666666 1
1572973595 6.863828932 0.14285714285714285 1
1572974244 6.859990307 0.0 0
1572974901 7.058723476 0.14285714285714285 1
1572975304 6.79191909 0.0 0
1572975634 6.892958375 0.0 0
1572976384 6.907368613 0.0 0
1572976715 6.9298558 0.14285714285714285 1
1572977045 6.740518929 0.0 0
1572977409 6.60138688 0.0 0
1572977738 6.740133441 0.0 0
1572978086 6.652850843 0.42857142857142855 1
1573209178 6.785271048 0.8571428571428571 3
1573209849 6.897488998 0.0 0
1573210509 6.998942378 0.42857142857142855 1
1573211179 7.070216109 0.8571428571428571 1
1573211837 6.83355467 0.0 0
1573212485 6.900473939 0.14285714285714285 1
1573213137 6.769557509 0.14285714285714285 1
1573213786 7.256988043 0.5 2
1573214460 6.772125215 0.0 0
1573215117 7.107323157 0.42857142857142855 1
1573218331 6.507933474 0.8571428571428571 2
1573218662 7.023786032 1.1428571428571428 2
1573306572 6.392173248 0.16666666666666666 1
1573306889 6.999060884 0.14285714285714285 1
1573307227 7.411717263 0.0 0
1573307548 6.834521253 0.0 0
1573307863 6.235850139 0.0 0
1573308184 6.980032008 0.0 0
1573308511 6.83338383 0.2857142857142857 1
1573308830 9.412282539 0.4444444444444444 2
1573309152 7.127970854 0.0 0
1573309483 6.454993613 0.0 0
1573310624 6.332326502 1.6666666666666667 3
1573311242 6.29541279 0.2857142857142857 1
1573311853 6.436802986 0.0 0
1573312559 6.672136583 0.0 0
1573313178 6.7822967 0.14285714285714285 1
1573313801 6.436782896 0.0 0
1573314429 6.66779712 1.1666666666666667 2
1573315045 6.701614718 0.14285714285714285 1
1573828096 6.30229311 0.5 1
1573828405 6.337750432 0.0 0
1573828715 5.782624892 0.0 0
1573829019 6.102496812 0.16666666666666666 1
1573829324 6.176646903 0.0 0
1573829634 5.928094278 0.16666666666666666 1
1573830190 6.190671416 0.0 0
1573830499 6.471585769 0.5714285714285714 1
1573830806 5.976124708 0.0 0
1573831113 6.209292992 0.16666666666666666 1
1573902747 5.973908827 0.5 1
1573903056 6.09944894 0.0 0
1573903367 6.228776719 0.0 0
1573903681 5.860212393 0.0 0
1573903989 5.959650153 0.0 0
1573904299 6.160016125 0.0 0
1574688066 6.312264393 0.0 0
1574688385 6.070629816 0.0 0
1574692075 6.273195208 0.0 0
1574692392 6.258213289 0.0 0
1574693307 6.29707264 0.0 0
1574693622 6.299574433 0.0 0
1574693953 6.598815754 0.0 0
1574694379 6.286566205 0.0 0
1574694703 6.192516445 0.0 0
1574695257 6.124577781 0.0 0
1574695599 6.265052021 0.0 0
1574695908 6.160371188 0.0 0
1574696644 6.456990369 0.42857142857142855 2
1574697223 6.170134447 0.0 0
1574697816 6.389778375 0.0 0
1574698388 6.090500176 0.8333333333333334 2
1574698975 6.006433669 0.5 1
1574708149 6.268197314 0.0 0
1574708845 6.213189313 0.0 0
1574709793 6.340564712 0.0 0
1574711051 6.438700297 0.0 0
1574950856 6.275590641 0.5 1
1574951230 6.219700294 0.6666666666666666 1
1574951585 6.293344706 0.0 0
1574951910 6.521686022 0.6666666666666666 1
1574952227 6.131962643 0.5 1
1574952624 6.130767968 0.5 1
1574952952 6.217378981 0.3333333333333333 1
1574953319 6.457857103 0.16666666666666666 1
1574953629 6.23768138 0.5 1
1574953966 6.222403147 0.5714285714285714 1
1574956395 6.084118142 1.0 1
1574957058 6.195038866 1.1666666666666667 2
1574957659 6.281733925 0.8333333333333334 2
1574958241 6.236836223 0.16666666666666666 1
1574958835 6.149876114 1.0 2
1574959445 6.247530704 1.0 1
1574960023 6.293616105 0.8571428571428571 1
1574960600 6.07466725 1.0 2
1574961211 6.071992814 0.0 0
1574961846 6.148025589 1.5 3
1575028257 6.426674558 1.8333333333333333 3
1575028566 6.110584464 0.0 0
1575028877 6.176685114 0.6666666666666666 2
1575029214 6.14553194 1.6666666666666667 3
1575029525 6.075672689 0.0 0
1575029835 6.159731199 1.3333333333333333 2
1575030148 6.283847409 1.0 2
1575030461 6.21635313 0.0 0
1575030780 6.244718299 1.0 2
1575031107 6.279267484 0.0 0
1575033324 6.174383346 0.0 0
1575033892 6.071447439 1.8333333333333333 2
1575034481 6.427883845 1.7142857142857142 3
1575035056 6.441225688 0.7142857142857143 1
1575035618 6.144359593 0.0 0
1575036656 6.162789107 0.0 0
1575037217 6.180423795 1.8333333333333333 2
1575037776 6.135903845 1.1666666666666667 2
1575038779 6.205810747 0.3333333333333333 1
1575039350 6.274199191 0.14285714285714285 1
1575114540 6.15658427 2.0 2
1575114847 6.385829466 1.7142857142857142 3
1575115155 6.723432708 2.0 2
1575115466 6.129321868 1.6666666666666667 2
1575115774 6.211104658 2.0 2
1575116092 6.136442835 2.0 3
1575116402 6.443894663 1.8333333333333333 2
1575116710 6.247427709 1.7142857142857142 2
1575117021 6.262478382 1.8333333333333333 2
1575117329 6.256808923 1.8333333333333333 2
1575120610 6.14718456 1.0 1
1575121175 6.239767358 1.8571428571428572 2
1575122170 6.191929115 1.0 2
1575122796 6.097076435 0.8333333333333334 1
1575123354 6.184859469 0.16666666666666666 1
1575123912 6.198749631 1.7142857142857142 2
1575124468 6.24147486 1.5 2
1575125035 6.162687294 0.8333333333333334 1
1575125599 6.568586761 0.8571428571428571 1
1575126166 6.136298597 1.6666666666666667 2
1575293057 6.400065971 1.8571428571428572 3
1575293391 6.836021236 2.2857142857142856 3
1575293731 6.402688227 1.6666666666666667 3
1575294069 6.451267653 1.3333333333333333 2
1575294412 6.283510823 3.0 4
1575294758 6.398163834 2.0 3
1575295118 9.0553968 2.5555555555555554 4
1575295511 6.570747735 2.6666666666666665 5
1575295871 7.723054664 4.0 6
1575297917 6.66683769 1.5714285714285714 2
1575298490 6.30027782 0.7142857142857143 3
1575299060 6.697312939 2.4285714285714284 3
1575299639 6.96998535 2.2857142857142856 4
1575300211 6.217179105 1.8333333333333333 3
1575300829 6.366566653 0.8333333333333334 1
1575301602 6.783993105 0.8571428571428571 3
1575302210 6.540664619 2.3333333333333335 3
1575385949 6.34685708 2.5714285714285716 3
1575386260 6.84493069 2.857142857142857 4
1575386572 6.430049209 2.5 3
1575386978 6.394637879 2.3333333333333335 3
1575387285 6.35244595 2.0 3
1575387594 6.769411504 2.5714285714285716 4
1575387904 6.379384394 2.3333333333333335 3
1575388211 6.188135235 1.0 2
1575388522 6.488179803 2.0 3
1575388824 6.450143004 2.2857142857142856 3
1575390398 6.193777401 2.1666666666666665 3
1575390967 6.625479006 1.2857142857142858 2
1575391530 6.342565787 1.0 2
1575392096 65.305767871 2.3846153846153846 5
1575392906 6.250599416 2.5714285714285716 4
1575393542 6.32822294 2.2857142857142856 3
1575394102 6.412944738 1.7142857142857142 3
1575394668 6.323680907 0.0 0
1575395232 6.267138511 0.16666666666666666 1
1575395795 6.647572749 2.1666666666666665 3
1575473612 10.627876101 3.272727272727273 6
1575558709 6.270579889 1.0 2
1575559022 6.239613712 2.0 3
1575559348 6.076647303 1.6666666666666667 2
1575559668 6.469373136 1.0 2
1575560035 6.411309343 1.8333333333333333 2
1575560365 6.021126374 1.8333333333333333 3
1575560696 6.285833806 1.1428571428571428 2
1575561230 6.523487931 0.8333333333333334 1
1575561573 6.231998067 1.1666666666666667 2
1575561931 6.303813647 1.0 2
1575562717 6.484986877 0.2857142857142857 2
1575563327 6.359629857 1.8333333333333333 3
1575563976 6.373048144 1.8333333333333333 2
1575564572 6.347558617 0.8571428571428571 2
1575565155 6.229639445 0.0 0
1575565720 6.109256407 0.16666666666666666 1
1575566294 6.273161739 2.1666666666666665 3
1575566893 6.265216263 1.3333333333333333 2
1575568220 6.708186919 1.2857142857142858 2
1575568805 6.258106711 0.3333333333333333 1
1579186456 6.507329613 0.5 1
1579186802 6.168406613 0.2857142857142857 1
1579187814 6.37627377 0.6666666666666666 1
1579188146 6.398474056 0.3333333333333333 2
1579188593 5.922513397 2.8333333333333335 3
1579189126 6.600214677 0.5 2
1579189459 6.159215197 0.14285714285714285 1
1579189784 6.324528009 0.5714285714285714 1
1579190126 6.156549808 0.5 1
1579190462 6.162735698 0.16666666666666666 1
1579191250 6.211776273 0.6666666666666666 2
1579191863 6.146611509 2.0 3
1579192430 6.130837028 1.1666666666666667 2
1579193014 6.068924856 0.3333333333333333 1
1579193600 6.020417943 0.3333333333333333 1
1579194164 6.311353899 1.5 2
1579194732 6.330485578 0.5 1
1579195299 6.203740307 0.2857142857142857 1
1579195888 6.468354324 2.3333333333333335 3
1579196450 6.511939912 1.3333333333333333 2
1579354215 6.186892129 2.3333333333333335 3
1579354524 6.18203372 0.16666666666666666 1
1579354831 6.430768034 0.42857142857142855 1
1579355140 6.103658358 2.5 3
1579355448 6.205849754 0.16666666666666666 1
1579355757 6.519576798 0.42857142857142855 1
1579356067 6.112658577 2.3333333333333335 3
1579356374 6.206598729 0.16666666666666666 1
1579356678 6.44644634 0.42857142857142855 1
1579356985 6.231935767 2.5 3
1579359655 6.236864431 1.6666666666666667 2
1579360233 6.317792711 1.1666666666666667 2
1579360793 6.221982945 0.6666666666666666 1
1579361349 6.151059725 1.0 2
1579361904 6.130473073 1.3333333333333333 2
1579362459 6.13061655 1.6666666666666667 3
1579363016 6.291175973 0.3333333333333333 1
1579363582 6.327054953 1.8333333333333333 3
1579364148 6.260875301 1.3333333333333333 2
1579364708 6.185948738 0.8333333333333334 1
1579524822 6.24876289 1.6666666666666667 2
1579525167 6.377831171 2.5 3
1579525553 6.143081962 3.1666666666666665 4
1579525877 6.442655673 2.0 3
1579526204 6.71770852 2.7142857142857144 4
1579528500 6.121293177 3.3333333333333335 4
1579528931 6.560706339 2.0 3
1579529309 6.293076144 2.5 4
1579529649 6.270488473 3.0 4
1579529958 6.686353146 2.0 3
1579530699 6.142417766 3.0 4
1579531273 6.638870026 3.1666666666666665 4
1579532329 6.018126823 2.1666666666666665 3
1579533021 6.320340466 2.3333333333333335 4
1579533681 6.277858525 2.8333333333333335 4
1579534282 6.541583366 2.7142857142857144 4
1579534968 6.155809537 1.7142857142857142 3
1579535584 6.407569025 2.5 3
1579536657 6.173000897 3.0 4
1579537231 6.194863404 1.7142857142857142 3
1580217951 6.20438103 1.3333333333333333 2
1580218279 6.528392287 1.0 2
1580218606 6.147766922 1.8333333333333333 3
1580218931 5.874608395 2.0 2
1580219306 6.38831866 1.6666666666666667 2
1580219651 6.18576036 1.6666666666666667 3
1580222368 6.077165856 2.1666666666666665 3
1580222680 6.22404983 2.0 3
1580222992 6.244709917 1.3333333333333333 3
1580223299 6.138595121 0.8571428571428571 2
1580223959 6.259881389 1.6666666666666667 2
1580224517 6.11540484 1.1666666666666667 2
1580225074 6.149047103 2.0 3
1580225638 6.295385395 1.6666666666666667 3
1580226196 6.074857884 1.0 2
1580226783 6.408413904 2.5 3
1580227350 6.343829407 1.0 2
1580227948 6.534911695 0.8571428571428571 1
1580228528 6.175490643 1.3333333333333333 2
1580229088 6.007519809 1.5 2
1580306587 6.137118977 1.0 2
1580306891 6.125893552 2.1666666666666665 3
1580307290 6.314324712 2.1666666666666665 3
1580307768 6.275824587 2.5 4
1580308081 7.028302699 1.3333333333333333 2
1580308393 6.301431955 1.5 2
1580310597 6.104542745 1.3333333333333333 2
1580310912 6.080666244 0.3333333333333333 1
1580311221 6.136079983 0.5 1
1580311531 6.244240318 0.5714285714285714 1
1580311906 6.253341636 0.7142857142857143 2
1580312515 6.226682133 1.4285714285714286 2
1580313095 6.174666182 1.5 2
1580313975 6.17623916 1.0 2
1580314615 6.530223301 1.1666666666666667 2
1580315171 6.16014856 1.0 2
1580315733 6.17616642 1.1666666666666667 2
1580316295 6.234154207 2.5714285714285716 3
1580317004 6.203411599 1.0 2
1580317592 6.285594924 1.8571428571428572 3
1581936985 6.659324957 2.6666666666666665 3
1581937298 6.454539779 2.1666666666666665 3
1581937644 6.319998753 0.5 1
1581937964 6.720022286 1.1428571428571428 2
1581938285 6.126825548 0.16666666666666666 1
1581938609 7.510741416 2.5 3
1581938911 6.112426657 1.3333333333333333 2
1581939254 5.738710414 1.0 2
1581939577 6.045831214 0.16666666666666666 1
1581939876 7.649476139 1.25 2
1581944232 6.680402419 1.4285714285714286 2
1581945180 6.294709575 2.0 3
1581946129 6.384577272 2.8333333333333335 3
1581946697 6.658977442 1.7142857142857142 2
1581947592 6.475263846 1.1428571428571428 2
1581948186 6.327869723 1.0 2
1581949300 6.812478254 1.8571428571428572 3
1582030391 6.682733839 1.7142857142857142 2
1582030699 7.211761978 0.5714285714285714 2
1582031348 5.878579185 1.5 2
1582031645 6.582641256 1.0 2
1582031948 45.046664228 4.0 5
1582032328 6.850770098 0.5714285714285714 1
1582032639 5.895567535 2.5 4
1582032937 6.299564383 1.3333333333333333 3
1582033233 5.883699689 2.0 3
1582033588 6.73294622 3.7142857142857144 6
1582035002 7.160851496 1.125 2
1582035874 6.586727993 1.2857142857142858 2
1582036480 6.616666209 0.16666666666666666 1
1582037089 6.93647781 0.42857142857142855 1
1582037688 6.566698222 0.8571428571428571 2
1582038282 7.186559883 1.1428571428571428 2
1582038871 6.842002017 1.3333333333333333 2
1582041787 6.668995047 0.6666666666666666 3
1582042537 6.671887072 2.5714285714285716 5
1582043988 6.317707467 1.5 2
1582044578 6.747853089 1.5 2
1582044890 6.840482804 2.7142857142857144 4
1582045192 7.276107571 2.4285714285714284 3
1582045491 6.407211332 1.6666666666666667 3
1582045803 6.256377827 1.1666666666666667 2
1582046099 6.579029041 1.5714285714285714 2
1582120448 6.832159181 3.857142857142857 6
1582188860 6.03787038 2.6666666666666665 4
1582190888 6.344773646 3.8333333333333335 5
1582191179 6.195405278 4.166666666666667 6
1582191472 6.652412084 3.0 4
1582191767 6.494985977 3.5714285714285716 5
1582192060 6.659427412 3.0 5
1582192351 6.280244267 3.5 6
1582192651 6.260392112 4.285714285714286 6
1582192937 6.143151189 3.0 5
1582193228 7.092896892 3.4285714285714284 5
1582635003 6.235213634 2.3333333333333335 3
1582635287 6.211460887 0.5 1
1582635571 6.48861953 2.5 3
1582635855 6.059125383 1.0 2
1582636143 6.2840647 1.6666666666666667 3
1582636428 6.033362378 1.0 2
1582636722 6.29678321 1.0 2
1582637007 5.946217072 0.8333333333333334 1
1582637313 5.540270302 1.0 2
1582637607 6.535460823 1.1428571428571428 2
1582638177 6.358314818 0.2857142857142857 1
1582638740 6.003504829 0.5 2
1582640176 5.996451927 0.0 0
1582640994 5.989564896 1.6666666666666667 3
1582641553 6.207583203 2.1666666666666665 3
1582642125 6.593317503 2.3333333333333335 3
1582642692 6.170064874 0.3333333333333333 1
1582643266 6.353114768 0.2857142857142857 1
1582643864 6.211840109 0.16666666666666666 1
1582644423 6.274456207 1.3333333333333333 2
1582886255 5.966712726 1.5 2
1582886543 6.161806258 0.14285714285714285 1
1582886839 5.785174934 1.6666666666666667 2
1582887127 5.780927948 2.3333333333333335 4
1582887417 6.146822594 1.7142857142857142 2
1582887709 6.030611482 1.5 2
1582887993 6.318681273 1.7142857142857142 3
1582888280 6.296791157 2.1666666666666665 3
1582888567 6.183488598 2.0 3
1582888928 6.231152409 1.3333333333333333 2
1582899033 6.359039573 2.1666666666666665 3
1582899596 6.440772075 0.5 1
1582900163 6.196782863 0.3333333333333333 1
1582900723 6.25220003 0.5 1
1582902467 6.231728092 2.3333333333333335 3
1582903027 6.213864241 3.1666666666666665 4
1582903632 6.042793458 0.16666666666666666 1
1574711051 6.438700297 0.0 0
1574708845 6.213189313 0.0 0
