1569854326 5.925727508 1.3333333333333333 2
1570448871 5.657170624 0.0 0
1570449372 5.807406881 0.0 0
1571323358 5.584880863 1.6666666666666667 3
1571323751 5.509940454 0.8 1
1571324154 5.571785577 0.4 1
1571324552 5.626871779 0.3333333333333333 1
1571327483 5.770749698 0.0 0
1571327874 5.667407306 0.0 0
1571328264 5.872564698 0.8333333333333334 2
1571328655 5.703092902 1.0 2
1571329047 5.831036341 0.0 0
1571329438 5.516412696 0.0 0
1571330030 5.784162323 0.0 0
1571397986 5.56003798 0.2 1
1571398382 5.469022706 0.6 1
1571398775 5.681688839 0.8 3
1571399166 5.677163403 0.8 1
1571399556 5.609456199 0.3333333333333333 1
1571399956 3.716543822 0.5 1
1571400347 6.003452943 0.8333333333333334 2
1571400774 5.643092646 1.4 2
1571401166 5.559247811 0.3333333333333333 1
1571401558 5.719743868 0.3333333333333333 1
1571406940 5.763920798 0.2 1
1571407329 5.596311383 1.0 2
1571407722 5.647284676 0.6666666666666666 2
1571408110 5.802004533 0.5714285714285714 1
1571408505 5.521073928 0.6 2
1571665997 5.591730518 1.3333333333333333 2
1571666386 5.646990232 0.4 1
1571666778 5.773472962 0.5 2
1571667170 5.797498634 0.3333333333333333 1
1571667614 5.679451967 0.5 1
1571669266 6.02004553 0.0 0
1571669659 6.346249236 0.0 0
1571754177 5.638384521 0.8 2
1571754567 5.804000636 0.5 1
1571754968 5.692684165 0.6666666666666666 1
1571755365 5.652835018 0.2 1
1571756596 5.712481694 0.0 0
1571757027 6.231026008 0.8571428571428571 2
1571757456 5.735008131 0.2 1
1571757852 5.709354454 0.6 1
1571758245 5.901493728 0.6666666666666666 2
1571758637 3.684308807 0.4 1
1571762249 5.800800849 0.3333333333333333 1
1571762646 5.794586852 0.6 1
1571763039 5.59831622 0.2 1
1571763427 5.77122384 0.4 1
1571763821 5.692803981 0.6 2
1571764227 5.685693462 0.2 1
1571764637 5.760302274 0.6666666666666666 1
1571765028 5.615921896 0.6 2
1571765417 5.8534028 0.6666666666666666 1
1571765808 5.476772375 0.6 2
1571766386 5.816163831 1.1666666666666667 3
1571767168 5.623724073 0.6 1
1572006421 9.003073602 0.3333333333333333 1
1572007134 5.866683759 0.8333333333333334 2
1572007527 5.708249774 0.8 2
1572008028 5.770278436 0.8333333333333334 2
1572008429 5.723021049 0.3333333333333333 1
1572008832 5.402522955 0.6666666666666666 1
1572009227 5.797551812 0.2 1
1572009616 5.71692155 0.6 1
1572010008 5.455612449 0.2 1
1572010403 5.583368024 0.5 1
1572010794 5.771414485 0.3333333333333333 1
1572013357 5.773040736 0.0 0
1572013749 5.791236397 0.0 0
1572014141 5.532316413 0.0 0
1572014531 5.752586247 0.0 0
1572014922 5.638928343 0.4 1
1572268974 3.844010165 0.2 1
1572269392 5.688544433 0.0 0
1572269807 5.446382259 0.2 1
1572270213 5.625569624 0.8333333333333334 2
1572270608 5.778935939 1.0 3
1572271099 2.468751224 0.3333333333333333 1
1572272344 4.740582703 0.0 0
1572272675 4.356498862 1.75 2
1572273009 4.659522804 1.0 2
1572273356 4.617458354 0.5 1
1572273688 4.500274344 0.4 1
1572276112 4.56359155 0.0 0
1572276449 4.618685966 0.75 2
1572276784 4.539292881 1.25 2
1572277116 2.949615699 0.0 0
1572277450 4.472412344 0.0 0
1572277809 4.570842835 0.0 0
1572278141 4.548167533 0.0 0
1572278473 4.517082957 0.0 0
1572363532 4.587898292 0.0 0
1572363861 4.583021178 1.6 2
1572364191 4.507350508 0.4 1
1572364521 4.724628752 0.8 2
1572364860 4.397736094 0.2 1
1572365197 4.449759369 0.5 1
1572365574 4.561194971 0.5 2
1572365948 4.412217645 0.5 1
1572366288 4.59952191 0.4 2
1572366623 4.57061242 0.25 1
1572369650 4.484814543 0.2 1
1572369981 4.572327624 0.75 2
1572370311 4.534488771 0.25 1
1572370643 4.58975111 0.4 1
1572370971 4.434882304 0.4 1
1572371305 4.502686227 0.25 1
1572371634 4.510075749 0.25 1
1572371965 4.47694822 0.4 1
1572372294 4.550600502 0.5 1
1572372624 4.361810033 0.25 1
1572533634 5.51083741 0.0 0
1572533973 9.488460059 0.8888888888888888 1
1572534320 8.762320276 0.7777777777777778 2
1572534668 4.553632039 0.25 1
1572535002 4.428129923 0.0 0
1572535349 4.535145137 0.4 1
1572535680 4.595425526 1.0 2
1572536015 4.50391726 0.25 1
1572536378 4.618157053 0.75 1
1572536713 4.731821833 0.0 0
1572537312 4.446098097 2.1666666666666665 3
1572537969 4.588745923 0.8333333333333334 1
1572538627 6.095094828 0.5714285714285714 1
1572539275 4.488502366 1.0 2
1572539929 4.495267646 1.6 2
1572540835 4.628069165 0.6 1
1572541490 2.86685198 0.75 1
1572542137 4.612059901 1.0 2
1572542784 4.703299559 0.6 1
1572543448 4.663437429 0.6666666666666666 1
1574710712 4.143412765 0.0 0
1574708797 4.10361173 0.0 0
