1569853790 8.076878272 1.25 3
1569854862 8.115143971 1.25 3
1569855407 8.05954803 0.7777777777777778 2
1570447208 14.119495908 2.0714285714285716 6
1570448974 15.337135738 2.8 6
1570449475 7.911944007 0.875 2
1570449914 8.143729674 1.25 2
1571323461 7.921886021 1.125 2
1571323853 7.85514316 0.875 2
1571324256 7.860059348 0.75 2
1571324656 8.085654352 0.0 0
1571327585 8.056656752 1.0 2
1571327976 7.976277569 0.625 1
1571328367 7.740710132 1.375 3
1571328758 7.888127316 0.75 1
1571329150 7.809130372 0.875 2
1571329540 8.003978476 0.75 1
1571330515 7.921488012 0.7142857142857143 1
1571398088 7.820194717 1.125 2
1571398484 7.908477384 0.875 2
1571398877 7.946718742 0.75 1
1571399269 7.918632128 0.0 0
1571399661 8.003308734 0.0 0
1571400057 7.83696571 0.0 0
1571400449 8.106339661 0.625 1
1571400877 8.111692693 0.75 1
1571401271 8.371140154 0.125 1
1571401661 7.974644611 0.875 2
1571407042 7.931421509 0.75 2
1571407434 8.190186449 1.0 2
1571407824 8.185314372 1.1111111111111112 2
1571408213 8.052725403 1.0 3
1571408608 7.892567079 1.125 2
1571666100 8.015482853 0.75 1
1571666488 7.974194985 0.625 1
1571666881 7.854881164 1.125 3
1571667273 7.936776547 0.875 2
1571667717 7.778143846 0.125 1
1571669368 7.96129994 1.0 2
1571669763 7.879497881 1.0 3
1571754279 7.869193138 0.0 0
1571754671 7.784701286 0.0 0
1571755072 7.833903602 0.0 0
1571755467 7.91090864 0.0 0
1571756699 8.190117622 1.75 4
1571757129 7.988444232 1.0 3
1571757559 7.965769988 0.0 0
1571757955 7.956096555 0.5 1
1571758348 8.016386042 0.0 0
1571758740 8.151195562 1.0 3
1571762352 8.107468836 0.0 0
1571762749 7.935576675 0.0 0
1571763141 7.814110137 0.0 0
1571763531 7.889354476 0.0 0
1571763924 7.832697063 0.0 0
1571764349 7.899497371 0.0 0
1571764740 7.857520832 0.0 0
1571765131 8.047632602 0.0 0
1571765520 7.945547985 0.0 0
1571765910 9.051993865 0.1111111111111111 1
1571766875 8.079308168 0.0 0
1571767657 8.239145469 1.0 2
1572007238 7.854891692 0.0 0
1572007632 7.943131418 0.125 1
1572008131 8.020603136 0.125 1
1572008542 8.050991586 0.0 0
1572008936 7.849636046 0.0 0
1572009329 7.976882073 0.0 0
1572009718 7.819912907 0.0 0
1572010110 7.991390209 0.0 0
1572010506 8.204577305 0.0 0
1572010896 7.985764069 0.0 0
1572013460 7.983154674 1.125 2
1572013853 7.888113794 1.375 3
1572014243 7.966301523 0.875 2
1572014634 7.881156745 0.875 2
1572015024 7.87243901 1.625 3
1572269081 7.932861048 1.0 2
1572269496 8.065886152 0.75 1
1572269910 7.941156667 1.125 4
1572270316 7.906057968 1.0 2
1572270712 7.878640719 0.7142857142857143 2
1572271197 7.809940661 1.0 3
1572272431 6.395518739 0.7142857142857143 1
1572272762 6.367859993 1.0 2
1572273096 6.570084682 0.7142857142857143 1
1572273443 6.666168491 0.14285714285714285 1
1572273776 6.411285368 0.0 0
1572276200 6.497141249 0.7142857142857143 1
1572276537 6.526118192 1.3333333333333333 2
1572276871 6.382117482 0.6666666666666666 1
1572277202 6.452428011 1.5 3
1572277896 6.568039519 0.8333333333333334 2
1572278228 6.620253747 0.8333333333333334 1
1572278559 6.511228505 1.0 2
1572363618 6.567680215 0.7142857142857143 1
1572363947 6.495329184 1.1428571428571428 2
1572364278 6.322489863 1.0 2
1572364607 6.6802592 0.0 0
1572364946 6.401145369 0.0 0
1572365282 6.442411938 0.0 0
1572365659 6.70654469 0.8333333333333334 2
1572366033 6.578834497 1.1666666666666667 2
1572366374 6.342225965 0.8333333333333334 2
1572366708 6.347516446 0.8333333333333334 2
1572369735 6.52199437 0.0 0
1572370067 6.428138322 1.3333333333333333 3
1572370396 6.434332593 0.8333333333333334 2
1572370729 6.655844798 0.0 0
1572371058 6.486709133 0.0 0
1572371390 6.666727056 0.0 0
1572371719 6.563038967 0.0 0
1572372050 6.496219214 0.0 0
1572372379 6.482070329 0.0 0
1572372713 6.52116142 0.8333333333333334 2
1572533723 6.577891945 1.5 3
1572534068 6.374430797 1.1428571428571428 2
1572534424 6.439723117 1.0 2
1572534753 6.510511867 0.0 0
1572535087 6.682319822 0.14285714285714285 1
1572535436 6.375825507 0.0 0
1572535765 6.470440678 0.0 0
1572536100 6.445852455 0.8571428571428571 2
1572536463 6.483687316 1.2857142857142858 2
1572536799 6.351557834 0.7142857142857143 1
1572537717 6.551005858 0.7142857142857143 1
1572538369 6.523039274 0.42857142857142855 1
1572539029 6.428986127 0.0 0
1572539682 6.450922612 0.7142857142857143 1
1572540330 6.534986408 0.7142857142857143 1
1572541240 6.472112829 0.42857142857142855 1
1572541888 6.580140374 0.0 0
1572542538 6.418598217 0.8333333333333334 1
1572543184 6.522383852 0.6666666666666666 1
1572543856 6.577676473 0.8571428571428571 2
1572871603 6.46037184 0.8333333333333334 2
1572872254 7.438748974 1.25 2
1572872936 6.526373602 0.0 0
1572873584 6.655689283 0.0 0
1572874242 6.74084909 1.8333333333333333 3
1572875308 6.320629384 1.5 3
1572876162 6.514566035 1.0 2
1572877387 6.313721448 0.0 0
1572878043 6.355820203 0.0 0
1572879285 6.336569681 0.7142857142857143 1
1572880348 6.43236375 1.0 3
1572880682 6.446030614 0.6666666666666666 1
1572881029 6.479247217 1.1666666666666667 3
1572881365 6.353724422 0.0 0
1572881697 6.623812005 0.14285714285714285 1
1572882030 6.498191835 0.0 0
1572882360 6.209455757 0.0 0
1572882750 6.530715794 0.0 0
1572883102 6.582429484 1.0 2
1572883441 6.563011215 0.7142857142857143 1
1572967671 6.339380063 0.6666666666666666 1
1572968329 6.292950773 0.7142857142857143 1
1572969629 6.443452029 0.16666666666666666 1
1572970290 6.399514146 0.6666666666666666 1
1572970941 6.570133591 1.0 2
1572971602 6.4056416 0.42857142857142855 1
1572972264 6.37109621 0.0 0
1572972914 70.030712456 1.4714285714285715 3
1572973630 6.392717813 1.3333333333333333 3
1572974278 6.444503998 0.5714285714285714 1
1572974936 6.465041554 0.14285714285714285 1
1572975338 6.463857158 0.0 0
1572975669 6.522695942 1.0 2
1572976040 6.303951 0.8571428571428571 2
1572976418 6.625569655 1.0 2
1572976750 6.815333863 0.6666666666666666 1
1572977079 6.457064503 0.8333333333333334 2
1572977443 6.399896072 0.0 0
1572977772 6.487251081 0.0 0
1572978157 11.129170516 0.3333333333333333 2
1573209212 6.67404618 1.8571428571428572 3
1573209883 6.602371857 0.0 0
1573210543 6.897005075 0.8571428571428571 3
1573211214 6.660143869 1.0 2
1573211871 6.708561417 0.8571428571428571 2
1573212519 6.664005107 0.0 0
1573213171 6.507754832 0.0 0
1573213821 6.446777672 1.2857142857142858 3
1573214494 6.393018131 0.8333333333333334 2
1573215152 6.460698733 0.0 0
1573218366 6.328799534 0.0 0
1573218697 6.652502411 0.2857142857142857 1
1573306605 5.878210444 0.6666666666666666 1
1573306926 6.507704439 0.0 0
1573307262 6.100519581 0.0 0
1573307581 5.83237291 0.0 0
1573307896 5.869734194 0.6666666666666666 1
1573308217 6.148712938 0.6666666666666666 1
1573308549 5.972158486 0.0 0
1573308867 5.908044183 0.0 0
1573309187 6.17808274 0.0 0
1573309517 6.211582548 0.8333333333333334 2
1573310658 9.227029695 1.7777777777777777 3
1573311276 6.007470743 0.0 0
1573311887 14.668114824 2.466666666666667 4
1573312593 6.581599684 0.7142857142857143 1
1573313212 6.310582122 0.0 0
1573313835 5.780036487 1.0 2
1573314463 6.066539872 1.0 2
1573315080 5.55755152 1.0 2
1573828130 6.299369345 1.0 2
1573828438 5.687866282 0.6666666666666666 1
1573828746 5.698800644 0.6666666666666666 1
1573829051 5.809272636 0.8 2
1573829355 5.614578815 1.0 2
1573829666 5.874478205 0.8333333333333334 2
1573830223 5.970744941 1.0 2
1573830531 5.626068676 1.0 2
1573830837 5.76105121 0.6666666666666666 1
1573831145 5.736893596 0.8333333333333334 2
1573902778 5.678284227 0.2 1
1573903088 5.978461988 0.0 0
1573903400 5.714834326 0.2 1
1573903713 5.881285031 0.0 0
1573904022 5.883058997 0.0 0
1573904330 5.698713442 0.0 0
1574688098 5.840712838 0.6666666666666666 1
1574688417 6.467575118 1.0 3
1574692109 5.90015006 1.3333333333333333 3
1574692424 5.775977912 2.0 3
1574693338 6.094531816 1.3333333333333333 3
1574693660 5.967932232 1.1666666666666667 3
1574693987 5.971000523 1.0 2
1574694410 6.005877995 1.0 3
1574694734 5.740667386 1.0 3
1574695289 5.967501268 0.6666666666666666 1
1574695631 8.350052974 0.375 2
1574695939 5.943862618 1.5 3
1574696677 5.74045015 1.2 3
1574697256 6.575198227 0.7142857142857143 2
1574697847 6.148393125 0.16666666666666666 1
1574698418 5.891576411 0.0 0
1574699006 5.819913278 0.0 0
1574708878 5.830890817 0.0 0
1574709826 6.280945731 0.14285714285714285 1
1574711083 6.049715142 0.0 0
1574950887 5.923312131 1.0 2
1574951262 5.947470728 0.16666666666666666 1
1574951617 5.867810682 1.3333333333333333 2
1574951943 5.767401956 1.2 3
1574952259 5.812256085 0.16666666666666666 1
1574952655 5.796877731 1.1666666666666667 2
1574952983 5.919368147 0.16666666666666666 1
1574953350 5.754522775 1.5 3
1574953660 5.938983711 1.0 2
1574953997 5.885237976 0.0 0
1574956426 5.873723612 1.2 2
1574957089 5.927397658 0.2 1
1574957690 5.921340724 1.1666666666666667 2
1574958273 5.906962766 0.3333333333333333 1
1574958867 5.814888162 0.0 0
1574959477 5.975778274 0.8333333333333334 2
1574960054 5.756917851 0.0 0
1574960631 5.982016199 0.8333333333333334 2
1574961241 5.741752512 0.16666666666666666 1
1574961877 5.752079911 1.0 2
1575028288 6.069779431 1.6666666666666667 3
1575028597 5.7609442 1.6666666666666667 3
1575028907 5.847312907 1.6666666666666667 3
1575029245 5.787375623 1.3333333333333333 2
1575029557 5.885200164 1.5 3
1575029865 5.830219266 1.0 2
1575030179 6.013790608 1.3333333333333333 3
1575030493 5.828575355 1.1666666666666667 2
1575030811 5.899306328 0.6666666666666666 2
1575031139 5.790529204 1.6666666666666667 3
1575033356 5.836441876 1.0 2
1575033923 5.897600627 0.8333333333333334 2
1575034513 6.144172896 0.5 1
1575035087 6.003391744 0.16666666666666666 1
1575035650 5.864988707 1.0 2
1575036687 6.058036916 1.3333333333333333 2
1575037249 5.944613488 0.5 2
1575037807 5.885301153 1.1666666666666667 2
1575038810 5.750353551 0.0 0
1575039382 5.69978098 0.0 0
1575114571 5.844947149 1.2 2
1575114878 5.756612292 1.1666666666666667 2
1575115188 5.875898959 0.0 0
1575115497 5.833168923 0.8333333333333334 2
1575115805 12.427226863 1.8333333333333333 3
1575116123 5.851857303 0.2 1
1575116433 5.917875682 0.8333333333333334 2
1575116742 6.003770017 1.0 2
1575117052 5.772459774 0.0 0
1575117360 5.769788798 1.1666666666666667 2
1575120642 5.798038195 0.0 0
1575121206 5.689185876 0.16666666666666666 1
1575122200 5.844593256 0.3333333333333333 1
1575122827 5.934645605 0.8333333333333334 2
1575123385 5.713077661 1.8333333333333333 3
1575123943 6.212985341 1.1666666666666667 2
1575124499 5.709466024 0.16666666666666666 1
1575125066 5.876293622 0.3333333333333333 1
1575125631 6.114852592 1.6666666666666667 3
1575126196 6.012621074 1.0 2
1575293089 5.891870083 0.8571428571428571 2
1575293423 5.935740581 0.0 0
1575293762 5.693709393 0.6666666666666666 1
1575294101 6.135784597 2.1666666666666665 3
1575294443 6.25295972 0.14285714285714285 1
1575294789 5.973962393 1.8333333333333333 3
1575295157 5.817018938 1.5 3
1575295547 8.461049807 0.25 1
1575296774 5.800803636 1.2 2
1575297109 5.791351218 1.6666666666666667 3
1575297948 5.845709134 1.1666666666666667 3
1575298522 5.986446845 1.0 2
1575299092 5.869109412 1.1666666666666667 2
1575299672 5.75995087 0.0 0
1575300242 5.751130766 1.1666666666666667 2
1575300859 5.809192041 1.3333333333333333 2
1575301633 5.960051879 1.1666666666666667 3
1575302241 6.029424381 1.1666666666666667 2
1575385981 5.858503078 1.3333333333333333 3
1575386295 5.792775946 1.2 3
1575386604 5.758064165 1.0 2
1575387010 5.843564901 1.3333333333333333 3
1575387317 5.714942715 0.8333333333333334 2
1575387627 5.98332108 1.3333333333333333 3
1575387936 5.896119452 1.5 4
1575388245 5.880565141 1.5 3
1575388554 5.849208737 1.8333333333333333 4
1575388856 5.76736918 0.5 1
1575390430 5.926465768 1.5 4
1575391000 5.910979585 0.6666666666666666 3
1575391562 5.801335436 1.1666666666666667 3
1575392193 123.014567058 0.016260162601626018 1
1575392938 6.118919256 0.3333333333333333 2
1575393574 5.967410019 1.1666666666666667 2
1575394134 5.925959208 0.3333333333333333 1
1575394700 6.142951871 1.6666666666666667 4
1575395264 5.700984547 1.3333333333333333 3
1575395827 5.943076136 0.5 2
1575473665 8.595154861 0.875 2
1575558740 5.874196518 0.0 0
1575559053 6.298609544 1.0 2
1575559378 5.75353795 1.0 2
1575559699 5.913755864 0.0 0
1575560067 6.076781006 1.0 2
1575560396 6.060226975 0.8333333333333334 2
1575560731 5.886649521 0.0 0
1575561264 5.873513504 0.3333333333333333 1
1575561604 5.776247889 1.3333333333333333 3
1575561962 5.920370189 0.16666666666666666 1
1575562749 5.944546314 2.1666666666666665 4
1575563358 6.0093807 1.0 2
1575564006 6.026612036 1.5 4
1575564603 5.911146837 0.3333333333333333 1
1575565186 5.71974458 0.16666666666666666 1
1575565751 5.84871587 1.1666666666666667 3
1575566324 5.715308212 1.1666666666666667 3
1575566924 5.9027633 0.3333333333333333 2
1575568252 5.856705576 0.3333333333333333 2
1575568836 6.009488383 1.5 3
1579186488 5.743041537 0.8333333333333334 2
1579186834 7.184550688 1.2857142857142858 2
1579187845 5.914569588 0.8333333333333334 2
1579188178 5.83440168 1.1666666666666667 2
1579188624 5.872809788 1.1666666666666667 2
1579189157 6.018247106 1.3333333333333333 3
1579189490 5.943914653 1.3333333333333333 3
1579189816 5.671239954 0.6666666666666666 2
1579190158 6.023749784 1.5 3
1579190494 5.768363805 1.3333333333333333 2
1579191282 5.856001771 1.5 3
1579191896 6.291541031 1.0 2
1579192462 5.82271142 0.4 1
1579193045 5.980264671 2.5 5
1579193631 5.876305852 1.5 3
1579194196 5.963540283 1.5 3
1579194764 5.888329218 1.3333333333333333 3
1579195329 5.841253096 2.0 5
1579195920 5.883823038 1.3333333333333333 3
1579196481 5.85221831 1.1666666666666667 3
1579354246 5.882472817 1.5 3
1579354555 5.928298278 1.3333333333333333 3
1579354863 5.780578157 0.0 0
1579355171 6.018228543 1.1666666666666667 2
1579355479 6.037094083 0.8333333333333334 2
1579355789 5.717825067 0.0 0
1579356097 5.840854186 1.3333333333333333 3
1579356405 5.898432879 1.0 2
1579356710 5.859060803 0.0 0
1579357200 5.777608739 0.0 0
1579359686 5.819321327 1.3333333333333333 2
1579360265 5.757802546 0.6666666666666666 2
1579360823 6.045582921 1.1666666666666667 3
1579361379 5.845193044 0.0 0
1579361935 5.820487154 0.8 1
1579362490 5.895513578 1.5 3
1579363046 5.954522946 0.8333333333333334 2
1579363613 6.178039468 0.16666666666666666 1
1579364179 6.130716385 1.1666666666666667 2
1579364739 6.020465362 1.5 3
1579524857 6.01612486 0.0 0
1579525199 6.116349882 1.1666666666666667 3
1579525585 5.852142735 1.1666666666666667 2
1579525909 5.873192522 0.0 0
1579526236 6.28824007 1.8333333333333333 4
1579528531 7.951228505 1.125 3
1579528964 5.924658219 0.0 0
1579529341 6.097113558 1.3333333333333333 3
1579529681 5.805786539 1.3333333333333333 3
1579529992 5.90180506 0.0 0
1579530732 5.893131444 1.3333333333333333 2
1579531305 5.760106235 0.8333333333333334 2
1579532360 6.107913241 0.16666666666666666 1
1579533053 5.899770137 0.16666666666666666 1
1579533712 5.925975036 0.8333333333333334 2
1579534355 6.050591979 1.6666666666666667 3
1579534999 34.104273887 0.0 0
1579535616 6.259207412 1.625 4
1579536695 6.410515939 0.5714285714285714 1
1579537263 5.84642088 0.0 0
1580217984 6.268639435 0.875 2
1580218311 5.764201481 1.1666666666666667 3
1580218637 6.838507742 0.8571428571428571 2
1580218962 5.640483208 0.0 0
1580219337 5.894425437 1.1666666666666667 3
1580219682 5.893779345 0.6666666666666666 2
1580222398 5.852004451 1.6666666666666667 3
1580222712 5.96799407 1.2 2
1580223023 5.982843243 0.3333333333333333 1
1580223331 37.228195778 1.6756756756756757 3
1580223990 5.962380818 0.0 0
1580224547 5.922201635 1.0 2
1580225104 5.847375373 1.0 2
1580225669 5.763299153 0.16666666666666666 1
1580226227 6.58761367 0.8571428571428571 2
1580226816 5.977803434 1.0 2
1580227380 6.022099815 1.5 3
1580227980 6.186019322 0.0 0
1580228559 5.947311416 1.1666666666666667 3
1580229119 5.901944395 1.8333333333333333 3
1580306618 6.020992759 1.6666666666666667 3
1580306922 5.928974725 0.16666666666666666 1
1580307321 5.804102244 0.0 0
1580307800 6.077037025 0.8333333333333334 2
1580308112 6.06058139 0.0 0
1580308428 5.922596367 0.0 0
1580310629 5.956603403 0.0 0
1580310943 5.955790746 1.1666666666666667 3
1580311253 6.024836903 0.0 0
1580311563 5.80234892 0.6666666666666666 1
1580311937 5.935995508 1.0 2
1580312546 5.988710443 0.0 0
1580313126 5.773321895 1.6666666666666667 4
1580314006 5.929305838 1.5 3
1580314646 6.000860752 0.0 0
1580315202 6.077451349 1.1666666666666667 3
1580315764 5.970873394 1.3333333333333333 4
1580316326 5.832257377 0.16666666666666666 1
1580317035 5.624697145 0.8333333333333334 2
1580317624 5.749908892 0.0 0
1581937017 5.703217374 1.0 2
1581937330 5.76462759 0.0 0
1581937675 5.854746787 0.6666666666666666 1
1581937997 5.785948597 0.0 0
1581938316 5.939461945 0.7142857142857143 2
1581938641 5.844157903 0.0 0
1581938943 5.971276438 0.8571428571428571 3
1581939286 5.839674913 0.0 0
1581939611 5.983962344 1.3333333333333333 3
1581939912 5.968381199 0.0 0
1581942688 5.872321097 0.7142857142857143 1
1581944265 5.751210007 1.5 3
1581945211 5.980463393 0.0 0
1581946161 6.081458538 1.0 2
1581946731 6.105448838 0.0 0
1581947625 5.893765118 1.1666666666666667 3
1581948217 5.856158402 1.6666666666666667 3
1581949336 6.199505089 0.8333333333333334 2
1582030427 6.043169625 0.0 0
1582030735 6.230035748 1.0 2
1582031381 6.066298524 0.14285714285714285 1
1582031680 6.404577721 0.8333333333333334 2
1582032020 6.021704102 0.0 0
1582032364 6.418895502 1.2857142857142858 3
1582032673 6.324995085 0.2857142857142857 1
1582032971 6.248877053 1.4285714285714286 3
1582033267 6.104052177 0.0 0
1582033624 6.15271777 1.3333333333333333 3
1582035039 6.864307251 0.16666666666666666 1
1582035910 6.779371235 0.5714285714285714 1
1582036515 6.488302856 0.0 0
1582037126 5.965258385 0.0 0
1582037724 6.481215894 0.0 0
1582038319 6.192671302 0.0 0
1582038906 5.975307888 0.0 0
1582041822 6.187560491 0.0 0
1582042571 6.292190385 0.0 0
1582044021 5.992441554 0.5 1
1582044613 6.019464421 1.5 3
1582044924 6.234379649 1.5 3
1582045228 6.385910297 0.8333333333333334 2
1582045525 6.110452828 0.6666666666666666 1
1582045838 5.869953882 1.0 2
1582046134 5.758317525 0.8333333333333334 2
1582120481 6.776553331 1.2857142857142858 3
1582120702 14.93404902 1.2 2
1582188893 4.292143416 1.0 2
1582190923 6.237850409 0.0 0
1582191213 5.918845846 0.0 0
1582191510 5.946862034 0.0 0
1582191806 5.90020579 0.16666666666666666 1
1582192093 5.856557349 0.16666666666666666 1
1582192388 5.790695483 0.0 0
1582192683 5.860288587 0.16666666666666666 1
1582192970 7.029969843 0.0 0
1582193261 5.902538338 0.0 0
1582635034 5.877551586 0.0 0
1582635319 5.921081038 0.0 0
1582635603 5.796157847 0.16666666666666666 1
1582635886 5.802983726 0.0 0
1582636174 5.672564716 0.0 0
1582636460 5.771948516 0.0 0
1582636752 5.831338125 0.6666666666666666 1
1582637346 5.987680419 0.0 0
1582637640 5.999539982 0.0 0
1582638210 5.930014134 1.0 2
1582638771 5.759456419 0.6 1
1582640435 5.907283947 1.0 2
1582641024 5.77666777 1.0 2
1582641584 5.771709652 0.8333333333333334 2
1582642157 5.764604827 0.0 0
1582642723 5.726374181 0.0 0
1582643298 5.752104941 0.8333333333333334 2
1582643895 5.785686005 1.0 2
1582644454 5.798877481 0.0 0
1582886286 5.769697432 0.0 0
1582886574 5.895748987 0.0 0
1582886870 5.758421967 0.0 0
1582887159 5.812104657 0.0 0
1582887448 5.76427279 0.16666666666666666 1
1582887741 5.837068447 0.3333333333333333 1
1582888024 5.757814526 0.0 0
1582888311 5.846723451 0.0 0
1582888601 5.807838061 0.0 0
1582888961 6.27870328 0.3333333333333333 1
1582899065 5.867728716 0.6666666666666666 1
1582899630 5.796769742 0.0 0
1582900194 6.047533878 0.0 0
1582900754 5.650698144 0.8 2
1582902499 5.86479508 1.1666666666666667 2
1582903059 5.834758885 0.16666666666666666 1
1582903663 5.802953074 0.2 1
1574711083 6.049715142 0.0 0
1574708878 5.830890817 0.0 0
