1569853785 4.784051339 0.0 0
1569854856 5.229028526 0.2857142857142857 1
1569855401 5.176044096 0.0 0
1569856452 5.160912183 0.4 1
1570447201 7.125087537 0.0 0
1570448968 5.224843413 0.0 0
1570449469 5.254047515 0.0 0
1570449908 6.008112687 0.0 0
1571323456 5.132224713 0.0 0
1571323848 5.218502998 0.0 0
1571324251 5.500067856 0.0 0
1571324651 5.106777726 0.0 0
1571327580 5.064307823 0.4 1
1571327971 5.112569548 0.0 0
1571328362 5.34019806 0.0 0
1571328753 5.301384845 0.0 0
1571329145 5.284761365 0.2 1
1571329535 5.26411239 0.0 0
1571330509 5.218396795 0.0 0
1571398083 5.260166126 0.0 0
1571398479 5.387700469 0.0 0
1571398872 5.147297839 0.0 0
1571399264 5.126196223 0.0 0
1571399655 5.270261258 0.0 0
1571400052 5.206934251 0.0 0
1571400444 5.223751975 0.0 0
1571400872 5.151349962 0.0 0
1571401266 5.474554731 0.2 1
1571401656 5.123845219 0.0 0
1571407037 5.304649033 0.0 0
1571407428 5.124372342 0.0 0
1571407819 5.243855722 0.0 0
1571408208 5.25235064 0.0 0
1571408603 5.183071994 0.0 0
1571666094 5.170182164 0.0 0
1571666483 4.855336603 0.0 0
1571666875 5.80339584 0.0 0
1571667268 5.287925022 0.0 0
1571667712 5.305103576 0.2 1
1571669363 5.219510007 0.0 0
1571669758 5.491434599 0.2 1
1571754274 5.110213402 0.2 1
1571754666 5.352197804 0.0 0
1571755067 5.488402143 0.0 0
1571755462 5.254988416 0.0 0
1571756694 5.248720695 0.0 0
1571757124 5.13210268 0.0 0
1571757554 5.329382841 0.0 0
1571757950 5.318387042 0.0 0
1571758343 5.195954677 0.0 0
1571758734 5.162843948 0.0 0
1571762347 5.161569195 0.0 0
1571762744 5.248486691 0.0 0
1571763136 5.325721346 0.0 0
1571763525 5.248599481 0.0 0
1571763919 5.552313655 0.4 1
1571764344 5.402756912 0.4 1
1571764735 5.264269571 1.2 4
1571765126 5.084842544 1.0 1
1571765515 5.105042059 0.0 0
1571765905 5.360323953 0.0 0
1571766870 5.566744628 0.5 1
1571767651 5.51317938 0.3333333333333333 1
1572006624 5.526900383 0.0 0
1572007233 5.090654355 0.2 1
1572007626 4.962207715 1.6 2
1572008126 5.084931129 0.2 1
1572008537 5.234841476 0.0 0
1572008930 5.345097759 0.0 0
1572009323 5.216968683 0.8333333333333334 2
1572009713 5.31057696 0.0 0
1572010105 5.274100706 0.0 0
1572010501 4.726877188 0.0 0
1572010891 5.424494304 0.4 1
1572013455 5.200263016 0.0 0
1572013848 5.503663916 0.0 0
1572014239 4.995315085 0.0 0
1572014629 5.077628055 0.0 0
1572015019 5.254665751 0.6 2
1572269075 5.38088804 0.0 0
1572269491 5.154707725 0.0 0
1572269904 5.209158003 0.0 0
1572270311 4.926858951 0.0 0
1572270706 5.274303367 0.3333333333333333 1
1572271192 5.298983382 0.0 0
1572272427 4.316338173 0.75 1
1572272757 4.445612329 0.2 1
1572273092 4.061386638 0.0 0
1572273439 4.295831609 0.25 1
1572273771 4.44987158 0.6 1
1572276196 4.180062822 0.2 1
1572276533 4.402681319 0.25 1
1572276867 4.140447369 0.25 1
1572277198 4.298208578 0.25 1
1572277533 4.123983291 0.0 0
1572277892 4.016807984 0.75 1
1572278223 4.283535427 0.0 0
1572278555 4.232778805 0.25 1
1572363613 4.168346951 0.25 1
1572363943 4.308970948 0.0 0
1572364603 4.270541679 0.0 0
1572364942 4.167582342 0.75 1
1572365278 4.237847155 0.25 1
1572365655 4.016770593 0.0 0
1572366029 4.1679028 0.25 1
1572366369 4.434568939 0.0 0
1572366704 4.346323193 0.25 1
1572369731 4.130293527 0.2 1
1572370062 4.395958887 0.2 1
1572370392 4.319374655 0.0 0
1572370725 4.096660161 0.0 0
1572371053 4.435588715 0.0 0
1572371386 4.284105748 0.0 0
1572371714 4.424957944 0.0 0
1572372046 4.362286031 0.25 1
1572372375 4.117966954 0.0 0
1572372709 4.205346809 0.2 1
1572533719 4.057203458 1.0 1
1572534063 5.701372594 0.0 0
1572534420 4.323698004 0.0 0
1572534749 4.337456119 0.0 0
1572535083 4.272325511 1.5 2
1572535431 4.33723782 1.0 1
1572535761 4.305848393 0.25 1
1572536096 4.281783102 0.0 0
1572536459 4.144059998 0.25 1
1572536795 4.375471191 1.25 2
1572538365 4.189704977 0.0 0
1572539025 4.170361529 0.0 0
1572539678 4.352163953 0.25 1
1572540326 4.188395443 0.0 0
1572541236 4.218379491 0.0 0
1572541884 4.231044828 0.25 1
1572542533 4.250660875 0.0 0
1572543180 4.286428337 0.0 0
1572543852 4.134879601 0.0 0
1572871599 4.309861781 0.0 0
1572872250 4.004770853 0.25 1
1572872932 4.251720864 0.25 1
1572873580 4.212239597 0.25 1
1572874237 4.243939876 0.2 1
1572875303 4.349398557 0.0 0
1572876158 4.189079805 0.0 0
1572877383 4.255423053 0.0 0
1572878039 4.296935417 0.0 0
1572879281 4.400551193 0.0 0
1572880344 4.398585591 0.25 1
1572880678 4.216162295 0.25 1
1572881025 4.182348657 0.25 1
1572881361 4.308617948 0.0 0
1572881693 4.078111581 0.25 1
1572882026 4.327495479 0.0 0
1572882355 4.229220808 0.0 0
1572882746 4.092959339 0.0 0
1572883098 3.969543172 0.5 1
1572883437 4.097639605 0.0 0
1572967666 4.295395368 0.0 0
1572968325 4.351049489 0.0 0
1572969625 4.125167031 0.0 0
1572970286 4.299813086 0.0 0
1572970936 4.071058084 0.0 0
1572971598 4.221238065 0.0 0
1572972260 4.264184325 0.0 0
1572972909 4.437643421 0.0 0
1572973625 4.191511364 0.0 0
1572974274 3.966000404 0.0 0
1572974932 4.433399108 0.25 1
1572975333 4.301207625 0.0 0
1572975664 4.220943961 0.0 0
1572976036 4.152385172 0.0 0
1572976414 4.219503205 0.0 0
1572976746 4.009115288 1.5 2
1572977075 4.323678048 0.0 0
1572977439 4.283307666 0.25 1
1572977768 4.426021406 0.0 0
1572978116 4.059362808 0.5 1
1573209208 4.207140511 0.25 1
1573209879 4.103281086 0.0 0
1573210539 4.103700504 0.5 1
1573211209 4.284518592 1.0 1
1573211867 4.095593769 0.0 0
1573212515 3.927223688 0.0 0
1573213167 4.056346335 0.0 0
1573213817 4.227345815 0.0 0
1573214490 4.265596898 0.0 0
1573215147 4.390690838 1.0 1
1573218361 4.491006214 0.0 0
1573218693 4.72281714 0.0 0
1573306601 4.161639832 0.0 0
1573306923 3.540906554 0.0 0
1573307258 4.019710986 0.0 0
1573307577 3.744633605 0.0 0
1573307892 3.89049686 0.0 0
1573308213 4.05756444 0.0 0
1573308545 4.02884485 0.25 1
1573309183 4.430027318 0.0 0
1573309513 4.05148694 0.0 0
1573310654 3.978846348 0.0 0
1573311272 4.218545249 0.0 0
1573311883 4.130375924 0.0 0
1573312589 4.08546076 0.0 0
1573313831 4.020313017 0.0 0
1573314459 3.969834845 0.0 0
1573315076 3.617668475 0.0 0
1573828126 4.005044638 0.0 0
1573828435 3.548001282 0.0 0
1573828742 4.052442521 0.0 0
1573829047 3.417450987 0.0 0
1573829351 4.060739581 0.0 0
1573829662 3.980341166 0.0 0
1573830219 4.048871782 0.0 0
1573830527 4.058562037 0.75 1
1573830833 4.002122905 0.0 0
1573831141 3.957325494 0.0 0
1573902773 4.10979177 0.0 0
1573903084 4.02818431 0.25 1
1573903396 3.888981713 0.0 0
1573903710 3.130256613 0.0 0
1573904018 3.924800444 0.25 1
1573904326 3.861038518 0.0 0
1574688412 4.075854992 0.0 0
1574692105 3.792621083 0.0 0
1574692419 4.035507293 0.0 0
1574693334 4.023003544 0.0 0
1574693657 3.716175959 0.0 0
1574693983 3.745462182 0.0 0
1574694406 3.938943191 0.0 0
1574694730 4.065728711 0.0 0
1574695285 3.852488669 0.0 0
1574695627 3.768322581 0.0 0
1574695936 3.356616266 0.0 0
1574696673 4.01952058 0.0 0
1574697251 4.058739284 0.0 0
1574697844 3.549463769 0.5 1
1574698415 3.740706598 0.25 1
1574699002 3.777764652 0.0 0
1574708214 3.646486358 0.0 0
1574708874 4.066945798 0.0 0
1574709822 4.142984623 0.0 0
1574711080 3.710535813 0.0 0
1574950883 4.129063937 0.0 0
1574951258 3.984848567 0.25 1
1574951613 3.817452118 0.0 0
1574951939 4.096322161 0.0 0
1574952255 4.10262445 0.25 1
1574952651 4.100611525 0.0 0
1574952979 4.04368077 0.25 1
1574953346 4.011192399 0.0 0
1574953656 4.081812438 0.25 1
1574953993 4.047968238 0.0 0
1574956421 4.166528362 0.0 0
1574957085 3.998254868 0.0 0
1574957686 4.131245077 0.25 1
1574958269 3.929382206 0.25 1
1574958863 4.05403641 0.0 0
1574959473 4.089735404 0.0 0
1574960050 4.158321809 0.0 0
1574960627 4.124516083 0.0 0
1574961237 4.091099623 0.25 1
1574961873 4.102948841 0.0 0
1575028284 4.004883541 0.0 0
1575028593 4.109365005 0.0 0
1575028903 4.129242944 0.0 0
1575029241 4.025617016 0.75 1
1575029552 5.082620046 0.0 0
1575029861 4.011057366 0.0 0
1575030175 4.046249909 0.0 0
1575030489 4.127172568 0.0 0
1575030807 4.141240958 0.0 0
1575031135 4.052582201 0.0 0
1575033352 3.781396541 0.0 0
1575033919 3.898485508 0.0 0
1575034509 4.157750733 0.0 0
1575035083 3.972541023 0.25 1
1575035646 4.094338667 1.0 2
1575036683 3.949293303 0.0 0
1575037245 4.035729463 0.25 1
1575037803 4.01937777 0.0 0
1575038806 4.087199697 0.0 0
1575039378 4.084484322 0.25 1
1575114566 4.104607459 0.0 0
1575114874 4.119849999 0.0 0
1575115184 4.041947727 0.0 0
1575115493 4.07865455 0.5 1
1575115801 4.080802213 0.0 0
1575116118 4.084803581 0.0 0
1575116429 3.918934829 0.0 0
1575116738 4.060056475 0.0 0
1575117048 4.211418625 0.0 0
1575117356 4.02419405 0.0 0
1575120638 4.074050703 0.0 0
1575121202 3.756614669 1.0 1
1575122196 4.136441117 0.0 0
1575122823 4.040878597 0.0 0
1575123381 4.031531497 0.0 0
1575123939 3.872202485 0.0 0
1575124495 4.053680848 0.0 0
1575125062 4.011997942 0.0 0
1575125627 4.101041064 0.0 0
1575126192 3.932534848 0.0 0
1575293419 4.09563771 0.25 1
1575293758 4.171780895 0.0 0
1575294097 3.91976737 0.25 1
1575294440 3.81574833 0.0 0
1575294785 4.091304004 0.0 0
1575295153 4.173252266 0.0 0
1575295543 4.152971317 0.25 1
1575296769 4.118010776 0.0 0
1575297105 3.801471183 0.25 1
1575297944 4.007906673 0.25 1
1575298518 3.846456603 0.0 0
1575299087 5.141128084 0.0 0
1575299668 3.992489055 0.0 0
1575300238 4.102266057 0.0 0
1575300855 4.138078022 0.0 0
1575301629 4.096606884 0.0 0
1575302237 4.12067549 0.0 0
1575385977 3.80432451 0.0 0
1575386291 3.911459269 0.0 0
1575386600 3.701508797 0.0 0
1575387006 3.907914238 0.0 0
1575387313 3.886690725 0.0 0
1575387623 3.792214442 0.0 0
1575387932 4.046343067 0.0 0
1575388240 4.185404249 0.0 0
1575388550 4.048629046 0.0 0
1575388852 3.695831839 1.5 2
1575390426 4.112099613 0.0 0
1575390996 3.842481082 0.2 1
1575391558 4.132255143 0.0 0
1575392189 3.816186566 0.4 1
1575392934 4.154732084 0.25 1
1575393570 3.971074895 0.0 0
1575394130 3.665223307 0.6 1
1575394696 4.01089201 0.25 1
1575395260 3.92434213 0.0 0
1575395824 3.383174923 0.75 1
1575473660 4.713267923 0.4 1
1575558736 3.88438925 0.5 1
1575559049 4.089182539 0.0 0
1575559374 4.040375682 0.0 0
1575559695 4.086322043 0.0 0
1575560063 3.871739413 0.0 0
1575560392 4.063784817 0.0 0
1575560727 3.88051368 0.0 0
1575561260 4.198785095 0.4 1
1575561600 4.099025018 0.0 0
1575561958 4.13133637 0.0 0
1575562745 4.055827555 0.0 0
1575563353 4.072847273 0.0 0
1575564002 4.005861612 0.0 0
1575564599 4.052103153 0.25 1
1575565182 3.963330764 0.0 0
1575565747 4.057184356 0.0 0
1575566320 4.008906245 0.0 0
1575566920 4.062623306 0.0 0
1575568248 4.014751647 0.0 0
1575568832 4.008547659 0.0 0
1579186484 3.929519434 0.0 0
1579186830 3.9883566 0.0 0
1579187842 3.820682455 0.0 0
1579188175 3.676035314 0.0 0
1579188621 3.739602386 0.0 0
1579189154 3.620815125 0.0 0
1579189486 3.674929989 0.0 0
1579189812 4.023987804 0.0 0
1579190154 3.751399861 0.0 0
1579190490 4.001385848 0.0 0
1579191278 3.814515818 0.0 0
1579191892 3.78711852 0.0 0
1579192458 3.965849287 0.4 1
1579193041 3.988534229 0.0 0
1579193627 4.013959034 0.0 0
1579194191 4.109233731 0.0 0
1579194760 4.062099206 0.0 0
1579195325 4.015512576 0.0 0
1579195916 4.043262602 0.0 0
1579196477 4.050532252 0.0 0
1579354241 4.207267134 0.0 0
1579354551 3.98126079 0.0 0
1579354859 4.189180449 0.0 0
1579355167 4.148992481 0.0 0
1579355475 3.899329217 0.0 0
1579355785 4.136375994 0.0 0
1579356093 4.146629427 0.0 0
1579356401 3.923363571 0.0 0
1579356706 4.089024089 0.0 0
1579357012 188.119777745 0.0 0
1579359682 3.965842825 0.0 0
1579360260 4.09985095 0.75 2
1579360820 3.846403735 0.0 0
1579361375 4.04981068 0.5 1
1579361931 4.001323966 0.0 0
1579362486 4.003904072 0.0 0
1579363042 3.939647509 0.0 0
1579363609 3.965561109 0.0 0
1579364175 3.985471326 0.75 1
1579364735 4.065775164 0.0 0
1579524854 3.590281038 0.0 0
1579525195 3.733009196 0.0 0
1579525581 3.886921281 0.0 0
1579525906 3.893252276 0.0 0
1579526232 4.099732379 0.0 0
1579528527 4.028966313 0.0 0
1579528960 3.755250912 0.8 3
1579529337 4.256681688 0.0 0
1579529677 4.013349879 0.0 0
1579529989 3.420658659 0.0 0
1579530728 4.099076666 0.0 0
1579531301 3.677224864 0.4 1
1579532356 3.851177266 0.5 1
1579533049 3.927320307 0.5 1
1579533709 3.627107832 0.5 1
1579534352 3.838851375 0.0 0
1579534996 3.405852695 0.5 1
1579537259 3.835371089 0.0 0
1580218307 4.138913711 0.0 0
1580218633 4.061357363 0.0 0
1580218957 4.218054643 0.0 0
1580219333 4.045467565 0.0 0
1580219678 3.966661123 0.0 0
1580222394 4.052248882 0.0 0
1580222708 3.881596692 0.0 0
1580223019 4.009689496 0.0 0
1580223327 3.712497858 0.0 0
1580223986 4.083302863 0.0 0
1580224543 3.941801232 0.0 0
1580225100 4.106272139 0.25 1
1580225665 3.988409047 0.0 0
1580226223 3.984031838 0.25 1
1580226812 4.023171659 0.5 2
1580227377 3.918780212 0.0 0
1580227976 4.07244098 0.0 0
1580228555 4.011691756 0.0 0
1580229115 4.098896976 0.0 0
1580306614 4.016400378 0.0 0
1580306918 3.571825196 0.4 1
1580307317 3.92543878 0.0 0
1580307796 4.124421874 0.0 0
1580308108 4.005888922 1.0 2
1580308424 3.97198039 0.0 0
1580310625 4.174273111 0.5 1
1580310939 4.045849819 0.0 0
1580311250 3.622533378 1.0 1
1580311558 4.233866495 0.0 0
1580311933 4.119280816 1.0 2
1580312542 4.042636595 1.0 1
1580313122 4.18813854 0.0 0
1580314002 4.041766238 0.5 1
1580314642 3.962153578 0.0 0
1580315198 3.957679613 0.0 0
1580315760 4.037785299 0.0 0
1580316322 4.045537361 0.0 0
1580317031 3.976539169 0.0 0
1580317620 3.948383678 0.0 0
1581937014 3.716473467 0.0 0
1581937327 3.496451174 0.0 0
1581937671 4.006085532 0.0 0
1581938637 4.175325598 0.0 0
1581939282 3.915853766 0.25 1
1581939607 4.018060397 0.0 0
1581939908 3.831035803 0.2 1
1581944261 3.972629279 0.0 0
1581945207 4.054992039 0.2 1
1581946157 4.050930256 0.0 0
1581946727 3.622379588 0.2 1
1581947621 3.985039498 0.0 0
1581948213 3.965282915 0.0 0
1581949332 4.461033605 0.0 0
1582030423 4.492973177 1.2 2
1582030731 4.310226908 0.0 0
1582031376 4.151887414 1.75 2
1582031676 4.433779563 0.0 0
1582032360 4.208167067 0.25 1
1582032669 3.771313169 1.5 2
1582032967 4.387773724 0.25 1
1582033262 4.406696568 2.2 4
1582033619 4.090201461 0.0 0
1582035034 4.566340823 1.0 1
1582035905 4.416684414 0.0 0
1582036511 4.372921985 0.0 0
1582037121 4.736668021 0.4 2
1582037719 4.616677525 0.4 2
1582038314 4.792033644 0.4 2
1582038902 4.100011052 0.0 0
1582041818 4.431371992 0.5 1
1582042567 3.971937012 1.0 1
1582044017 3.86534501 0.25 1
1582044608 4.323974187 0.5 2
1582044919 4.154439261 1.2 3
1582045224 4.199693643 0.0 0
1582045521 3.796497632 0.25 1
1582045834 4.39801367 0.0 0
1582046130 4.278442546 0.25 1
1582120477 3.969124338 0.75 2
1582188888 3.295601442 0.0 0
1582190919 3.489518856 0.0 0
1582191506 3.78839213 0.4 2
1582191802 4.042770227 0.0 0
1582192089 3.899396793 0.25 1
1582192384 3.691242054 0.2 1
1582192679 3.974743755 0.0 0
1582192966 3.461596565 0.2 1
1582635030 4.051048515 0.25 1
1582635315 4.108902172 0.25 1
1582635599 4.027693212 0.0 0
1582635882 4.12698233 0.0 0
1582636169 4.046770403 0.0 0
1582636456 3.797486476 1.75 2
1582636748 4.054191837 0.0 0
1582637342 4.196731478 0.0 0
1582637636 3.970093348 0.0 0
1582638206 3.901284294 0.5 2
1582638767 4.0596576 0.0 0
1582640432 3.460892538 0.0 0
1582641020 3.973646342 0.0 0
1582641580 4.013682153 0.0 0
1582642153 4.124653097 0.25 1
1582642719 3.959055805 0.0 0
1582643294 4.064658999 0.0 0
1582643891 4.031907998 0.0 0
1582644450 3.929513274 0.0 0
1582886282 4.017313487 0.0 0
1582886570 4.014923842 0.75 1
1582886866 4.065964452 0.25 1
1582887155 4.020811498 0.25 1
1582887444 3.883413055 0.0 0
1582887737 3.85187267 1.0 3
1582888020 4.064068863 0.25 1
1582888307 3.965070134 0.0 0
1582888597 3.84102744 0.25 1
1582888957 4.086546302 0.25 1
1582899060 4.023005034 0.0 0
1582899626 3.620261266 0.2 1
1582900190 4.053640056 0.0 0
1582900750 4.060167421 0.0 0
1582902495 3.512815841 0.0 0
1582903055 4.055386881 0.25 1
1582903659 4.059568509 0.0 0
1574711080 3.710535813 0.0 0
1574708874 4.066945798 0.0 0
