1569856449 2.973519851 0.3333333333333333 1
1570447197 3.764081365 0.25 1
1570448965 3.271992415 0.6666666666666666 1
1570449466 3.338978989 1.3333333333333333 2
1570449904 3.622817295 0.0 0
1571323452 3.255742198 0.5 1
1571323845 3.136819071 1.6666666666666667 2
1571324248 3.294559223 0.3333333333333333 1
1571324647 3.323899993 0.5 1
1571327577 3.148631075 0.3333333333333333 1
1571327968 3.282401656 0.3333333333333333 1
1571328359 3.383532761 0.3333333333333333 1
1571328750 3.321203434 0.3333333333333333 1
1571329142 3.19942783 0.5 1
1571329532 3.136121764 0.3333333333333333 1
1571330506 3.404387384 0.3333333333333333 1
1571398080 3.248500399 0.0 0
1571398476 3.353655964 0.3333333333333333 1
1571398869 3.204780056 0.0 0
1571399260 3.323500481 0.75 1
1571399652 3.020967661 0.3333333333333333 1
1571400049 3.130784382 0.6666666666666666 1
1571400441 3.193487379 0.3333333333333333 1
1571400869 3.359413556 0.0 0
1571401262 3.332950507 1.5 2
1571401653 3.146913919 0.0 0
1571407034 3.189803002 0.0 0
1571407425 3.201769738 0.3333333333333333 1
1571407816 3.28883296 0.3333333333333333 1
1571408205 3.237245317 0.3333333333333333 1
1571408599 3.142640835 0.3333333333333333 1
1571666091 3.237033127 1.3333333333333333 2
1571666872 3.379149937 0.3333333333333333 1
1571667265 3.248241223 0.3333333333333333 1
1571667709 3.203604376 0.6666666666666666 1
1571669360 3.113554682 0.6666666666666666 1
1571669755 3.312341349 1.0 1
1571754271 3.112048565 0.6666666666666666 1
1571754662 3.287368719 0.5 1
1571755064 3.117624662 1.0 1
1571755459 3.270341339 0.25 1
1571756690 3.401693289 0.5 1
1571757121 3.180983356 0.3333333333333333 1
1571757551 3.320262332 0.0 0
1571757946 3.220807851 0.75 1
1571758339 3.372289425 0.5 1
1571758731 3.225980002 0.3333333333333333 1
1571762344 3.199300785 0.3333333333333333 1
1571762741 3.27658963 0.6666666666666666 1
1571763133 3.118107003 0.6666666666666666 1
1571763522 3.24349182 0.3333333333333333 1
1571763916 3.334533619 1.3333333333333333 2
1571764341 3.320860552 1.3333333333333333 2
1571764731 3.354273543 3.75 5
1571765123 3.456434735 1.0 1
1571765511 3.193306288 0.5 1
1571765902 3.268566801 0.0 0
1571766866 3.535139813 2.3333333333333335 3
1571767648 3.279856793 1.3333333333333333 2
1572006621 3.285928842 0.6666666666666666 1
1572007230 2.866616527 0.3333333333333333 1
1572007623 3.372540054 1.5 2
1572008123 3.302754217 0.3333333333333333 1
1572008534 3.297244383 0.0 0
1572008927 3.286225073 0.6666666666666666 1
1572009320 3.427192087 1.3333333333333333 2
1572009710 3.297596302 0.6666666666666666 1
1572010102 3.049837532 0.5 1
1572010498 2.940360834 1.0 2
1572010887 3.21748421 0.25 1
1572013452 3.485161015 1.25 2
1572013845 3.366974174 1.6666666666666667 2
1572014235 3.23358841 0.3333333333333333 1
1572015015 3.41272468 3.25 4
1572269072 3.226306201 0.25 1
1572269488 3.167419149 0.25 1
1572269902 2.845714706 0.5 1
1572270703 3.192594813 1.3333333333333333 2
1572271189 3.107622276 0.0 0
1572272424 2.383912705 1.3333333333333333 2
1572272755 2.555577369 0.5 1
1572273090 2.529055727 1.0 1
1572273436 2.541336686 0.3333333333333333 1
1572273769 2.503073497 1.5 2
1572276530 2.55833972 0.3333333333333333 1
1572276864 2.737137383 0.0 0
1572277195 2.474319202 0.3333333333333333 1
1572277531 2.456919819 0.0 0
1572277889 2.628148885 1.6666666666666667 2
1572278221 2.532418197 0.5 1
1572278552 2.479629319 0.3333333333333333 1
1572363611 2.605143851 0.5 1
1572363940 2.59384668 0.3333333333333333 1
1572364600 2.687148943 0.3333333333333333 1
1572364939 2.690133903 1.3333333333333333 2
1572365275 2.685889559 0.6666666666666666 1
1572365652 2.6561949 0.3333333333333333 1
1572366026 2.668028328 0.3333333333333333 1
1572366367 2.599816262 0.5 1
1572366701 2.613670131 0.6666666666666666 1
1574711077 2.387804871 0.0 0
1574708872 2.224286174 0.0 0
