1570448881 6.795410983 0.2857142857142857 1
1570449381 7.187738287 0.625 1
1571323367 7.391773372 0.375 1
1571323760 7.293188537 0.42857142857142855 1
1571324163 7.430801753 0.0 0
1571324561 7.31920821 0.0 0
1571327492 7.473204683 0.0 0
1571327883 7.394151045 0.8571428571428571 2
1571328273 7.463389594 0.375 1
1571328665 7.265304497 0.0 0
1571329056 7.184801133 0.0 0
1571329447 7.307592816 0.0 0
1571330040 7.048008609 0.14285714285714285 1
1571397995 7.323451667 0.0 0
1571398391 7.536314536 0.0 0
1571398784 7.255454558 0.0 0
1571399175 7.074822957 0.0 0
1571399565 7.434321269 0.0 0
1571399963 7.373820845 0.0 0
1571400783 7.351929668 0.5714285714285714 1
1571401175 7.409040904 0.0 0
1571401567 7.261785969 0.0 0
1571406949 7.208557289 0.0 0
1571407338 7.497207248 0.25 2
1571407731 7.187897436 0.0 0
1571408120 7.367191738 0.0 0
1571408514 7.508159577 0.0 0
1571666006 7.579996477 0.0 0
1571666395 7.407591258 0.0 0
1571666787 7.60906862 0.0 0
1571667180 7.440103132 0.2857142857142857 1
1571667623 7.279080769 0.0 0
1571669275 7.136435703 0.2857142857142857 1
1571754186 6.942035136 0.0 0
1571754577 7.479689708 0.0 0
1571754977 7.243239267 0.0 0
1571755374 7.469399534 0.0 0
1571756605 7.124584873 0.625 1
1571757036 7.316557328 0.0 0
1571757465 7.330941506 0.0 0
1571757861 7.294080514 0.0 0
1571758644 7.031451249 0.0 0
1571762259 7.099059342 0.0 0
1571762655 7.167772246 0.0 0
1571763048 7.421030768 0.0 0
1571763436 7.525545033 0.0 0
1571763830 7.369714116 0.0 0
1571764236 7.486152927 0.0 0
1571764646 7.320166213 0.0 0
1571765037 7.160524983 0.2857142857142857 1
1571765426 7.203514708 0.0 0
1571765817 7.284627204 0.0 0
1571766395 7.056557984 0.0 0
1571767177 7.543549488 0.0 0
1572006435 7.987521492 0.125 1
1572007144 6.936690485 0.2857142857142857 1
1572007536 7.271795741 0.0 0
1572008038 7.28378373 0.0 0
1572008439 7.258612381 0.0 0
1572008841 7.596120905 0.0 0
1572009625 7.100333851 0.0 0
1572010017 7.482881736 0.0 0
1572010412 7.635179062 0.5 1
1572013759 7.161428358 0.5714285714285714 1
1572014150 7.475821876 0.14285714285714285 1
1572014540 7.439414702 0.5 1
1572014931 7.253974369 0.0 0
1572268982 7.33711592 1.5714285714285714 3
1572269402 7.229564791 1.1428571428571428 3
1572269815 7.507245018 0.625 2
1572270223 7.323535442 0.2857142857142857 1
1572270617 7.341510382 0.14285714285714285 1
1572272352 5.951543845 0.5 2
1572272682 6.081283793 0.3333333333333333 1
1572273016 6.264568666 0.14285714285714285 1
1572273363 5.994247768 0.3333333333333333 1
1572273696 6.138275498 0.16666666666666666 1
1572276120 6.039387184 0.16666666666666666 1
1572276456 6.128270623 0.16666666666666666 1
1572276791 6.425753398 0.5 2
1572277122 6.075518319 0.0 0
1572277457 6.225684656 0.14285714285714285 1
1572277816 6.050926573 0.16666666666666666 1
1572278149 6.086240007 0.0 0
1572278480 6.098754842 0.16666666666666666 1
1572363540 5.636292564 0.2 1
1572363869 6.107172234 0.0 0
1572364199 6.171233754 0.0 0
1572364529 6.024878028 0.0 0
1572364867 6.172376792 0.0 0
1572365204 6.086845414 0.0 0
1572365581 6.094664424 0.3333333333333333 1
1572365955 6.029211034 0.16666666666666666 1
1572366296 6.019565243 0.0 0
1572366630 6.047954221 0.0 0
1572369658 6.146000112 0.5 1
1572369988 6.035117806 0.0 0
1572370318 6.050523686 0.3333333333333333 1
1572370651 6.097067517 0.3333333333333333 1
1572370979 6.140897036 0.6666666666666666 1
1572371312 5.92681579 0.3333333333333333 1
1572371641 6.098553923 0.3333333333333333 1
1572371972 6.155188338 0.14285714285714285 1
1572372301 6.178533321 0.3333333333333333 1
1572372631 6.081282601 0.16666666666666666 1
1572533642 6.141651559 0.0 0
1572533986 6.092185159 0.0 0
1572534675 6.411583827 0.0 0
1572535009 6.028146282 0.16666666666666666 1
1572535357 6.096263633 0.3333333333333333 1
1572535687 6.090302658 0.0 0
1572536022 5.968573218 0.3333333333333333 1
1572536385 6.057489743 0.16666666666666666 1
1572536721 5.888273751 0.0 0
1572537320 6.144019881 0.3333333333333333 1
1572537977 5.597928145 0.0 0
1572538636 6.242642829 0.14285714285714285 1
1572539936 6.098755395 0.0 0
1572540842 5.992628726 0.0 0
1572541496 6.047924527 0.0 0
1572542144 5.9410529 0.0 0
1572542791 5.952455469 0.0 0
1572543456 5.870402053 0.16666666666666666 1
1572871210 6.275546613 1.1428571428571428 3
1572871860 5.91378882 0.3333333333333333 1
1572872537 6.34900858 0.5 1
1572873190 6.003555812 0.3333333333333333 1
1572873842 6.205548685 0.6666666666666666 1
1572874902 6.313297439 0.6666666666666666 2
1572875767 6.15947232 0.0 0
1572876992 6.266778013 0.16666666666666666 1
1572877642 6.110164753 0.16666666666666666 1
1572878869 6.034907298 0.8333333333333334 2
1572880266 6.139973662 0.16666666666666666 1
1572880602 6.333484672 0.2857142857142857 1
1572880948 6.11540443 0.6666666666666666 2
1572881286 6.050094477 0.5 2
1572881619 6.075380828 0.5 2
1572881951 6.011660791 0.3333333333333333 2
1572882281 6.219644945 0.5 2
1572882672 6.17482638 0.6666666666666666 2
1572883024 6.143955694 0.5 2
1572883362 6.520901567 0.8571428571428571 2
1572967275 6.139099098 0.3333333333333333 1
1572967934 6.06087649 0.0 0
1572969235 6.113548663 0.0 0
1572969897 6.007704924 0.0 0
1572970545 6.14467567 0.0 0
1572971197 5.976710191 0.0 0
1572971859 6.019523794 0.0 0
1572972520 5.918915683 0.0 0
1572973232 6.123972223 0.0 0
1572973885 5.884749662 0.0 0
1572974537 6.043000112 0.0 0
1572975260 5.523852837 0.0 0
1572975591 6.077599386 0.0 0
1572975958 6.079034565 0.0 0
1572976340 6.109292066 0.0 0
1572976672 5.797020269 0.0 0
1572977001 6.029411415 0.0 0
1572977332 6.053398087 0.0 0
1572977694 6.111246011 0.0 0
1572978042 5.72407618 0.0 0
1573208820 5.925806544 0.0 0
1573209474 6.060460385 0.0 0
1573210149 5.925676298 0.0 0
1573210818 6.147147859 0.16666666666666666 1
1573211474 6.228031 0.14285714285714285 1
1573212124 5.997148881 0.0 0
1573212776 6.107451212 0.0 0
1573213427 5.841414535 0.0 0
1573214097 7.123271253 0.14285714285714285 1
1573218286 6.164913209 0.0 0
1573218618 5.997899786 0.0 0
1573306529 6.048238286 0.0 0
1573306844 6.523461784 0.0 0
1573307182 6.390181172 0.0 0
1573307819 6.352697036 0.42857142857142855 1
1573308140 6.389644577 0.14285714285714285 1
1573308467 6.415669629 0.0 0
1573308786 6.527884919 0.0 0
1573309108 6.426057937 0.0 0
1573309439 6.515619689 0.0 0
1573310277 6.261624886 0.5 1
1573310902 6.181708237 0.2857142857142857 1
1573311517 5.771253641 0.0 0
1573312220 6.106564648 0.5 1
1573312832 5.76482075 0.6 1
1573313457 6.144898246 0.0 0
1573314090 6.391055022 0.5 1
1573314706 6.22156105 0.42857142857142855 1
1573828053 6.337397033 0.16666666666666666 1
1573828363 6.146068638 0.16666666666666666 1
1573828673 5.75801191 0.0 0
1573828979 5.79869407 0.0 0
1573829282 5.703499981 0.0 0
1573829592 5.71159418 0.0 0
1573830148 5.872091615 0.3333333333333333 1
1573830458 5.858761621 0.16666666666666666 1
1573830766 5.712014128 0.0 0
1573831073 5.713920267 0.0 0
1573902706 5.723597354 0.0 0
1573903014 5.943376455 0.0 0
1573903325 6.04186784 0.0 0
1573903636 6.412373706 0.0 0
1573903947 6.005396004 0.0 0
1573904256 6.048335809 0.0 0
1574688025 5.719620114 1.8333333333333333 3
1574688343 5.949195277 0.0 0
1574692034 5.995579624 0.8333333333333334 1
1574692350 5.773622462 0.0 0
1574693267 5.795931308 0.2 1
1574693912 6.192424415 0.16666666666666666 1
1574694662 5.936029143 0.3333333333333333 1
1574695217 5.791611229 0.0 0
1574695558 5.726675626 0.0 0
1574695866 6.374186196 0.2857142857142857 1
1574696323 5.969564901 0.3333333333333333 1
1574696894 12.644734456 1.3333333333333333 2
1574697493 5.808058174 0.0 0
1574698070 5.584349973 0.0 0
1574698655 5.672139627 0.16666666666666666 1
1574708803 6.196615675 0.0 0
1574709432 5.809481795 0.0 0
1574710719 6.148224614 0.0 0
1574950816 5.046874674 0.0 0
1574951188 6.282520337 0.14285714285714285 1
1574951542 6.03899331 0.0 0
1574951869 5.93172373 0.0 0
1574952184 6.133312159 0.0 0
1574952581 5.95457983 0.0 0
1574952910 6.703200459 0.14285714285714285 1
1574953278 5.861600398 0.0 0
1574953588 5.627963362 0.0 0
1574953927 5.600855259 0.0 0
1574956079 5.882727374 0.6 1
1574956650 6.032796402 0.16666666666666666 1
1574957342 5.804916921 0.16666666666666666 1
1574958511 5.719603134 1.4 2
1574959099 5.907776228 0.3333333333333333 1
1574959702 5.837515092 0.16666666666666666 1
1574960278 5.636753038 0.16666666666666666 1
1574960892 5.486755043 0.4 2
1574961530 5.83560212 0.5 1
1575028524 5.915567952 0.0 0
1575029173 5.939681093 0.2 1
1575029483 5.936152992 0.0 0
1575029793 5.710342297 0.16666666666666666 1
1575030106 6.082502026 0.5 1
1575030419 6.105025248 0.16666666666666666 1
1575030738 6.020399258 0.3333333333333333 1
1575031065 6.147585429 0.0 0
1575033568 5.681030302 0.3333333333333333 1
1575034159 6.268296288 1.1666666666666667 2
1575034727 5.968223536 0.3333333333333333 1
1575035299 5.860219837 0.8 2
1575036898 5.929219445 0.16666666666666666 1
1575037457 5.701010271 0.16666666666666666 1
1575038461 5.812427827 0.3333333333333333 1
1575039028 5.885819215 2.0 2
1575114500 5.564279694 0.4 1
1575114806 5.521002375 0.16666666666666666 1
1575115115 6.245900687 0.3333333333333333 1
1575115423 6.143577259 0.16666666666666666 1
1575115734 5.288785583 0.3333333333333333 1
1575116050 5.711513951 0.16666666666666666 1
1575116359 6.242728064 0.2857142857142857 1
1575116669 6.090686926 0.3333333333333333 1
1575116979 5.962073294 0.16666666666666666 1
1575117288 6.109000273 0.5 1
1575120292 5.894495615 0.0 0
1575120855 5.85334031 0.16666666666666666 1
1575122478 5.823497438 0.16666666666666666 1
1575123036 5.711853026 0.0 0
1575123595 6.055562255 0.5 1
1575124152 5.530046962 0.4 1
1575124720 5.83613415 0.4 1
1575125275 6.180681378 0.0 0
1575125844 5.977860632 0.0 0
1575293015 5.184482185 0.0 0
1575293347 5.803563616 0.16666666666666666 1
1575293688 6.404928909 0.8571428571428571 2
1575294025 5.782114698 0.0 0
1575295076 5.805841205 0.0 0
1575295467 6.106474152 0.0 0
1575295822 10.176929755 0.1 1
1575297025 6.031675347 0.3333333333333333 1
1575297586 6.153742449 0.2857142857142857 1
1575298168 5.887642424 0.0 0
1575298734 5.738503538 0.8333333333333334 2
1575299313 5.834655922 1.0 2
1575299887 5.721114457 0.0 0
1575300508 5.672787063 0.0 0
1575301079 5.624273967 0.0 0
1575301888 5.805438831 0.0 0
1575385906 6.140885174 0.5 1
1575386217 6.171468914 0.3333333333333333 1
1575386529 6.450411059 0.3333333333333333 1
1575386934 5.591232196 0.3333333333333333 1
1575387243 6.357031129 0.3333333333333333 1
1575387552 6.150791209 0.42857142857142855 1
1575387862 6.010355232 0.3333333333333333 1
1575388170 5.72448867 0.5 1
1575388784 5.891972248 0.3333333333333333 1
1575390075 6.458409841 0.5 1
1575390643 6.410375339 0.3333333333333333 1
1575391211 5.660802498 0.2 1
1575391774 5.863018927 0.3333333333333333 1
1575392586 6.158331785 0.0 0
1575393222 5.663356692 0.0 0
1575393783 6.191219723 0.3333333333333333 1
1575394911 6.339159453 0.3333333333333333 1
1575395474 6.40000454 2.6666666666666665 3
1575473436 6.651360606 1.5714285714285714 4
1575558667 5.950829733 0.0 0
1575558981 5.875341962 0.6666666666666666 1
1575559306 5.759860649 0.0 0
1575559993 6.389873444 0.0 0
1575560322 6.135158572 0.0 0
1575560655 5.581956971 0.4 1
1575561187 5.833791648 0.0 0
1575561531 5.744291096 0.3333333333333333 1
1575561888 5.838806926 0.16666666666666666 1
1575562294 5.830212597 0.0 0
1575563005 5.480659399 0.4 1
1575563656 6.05538721 0.0 0
1575564254 5.436967965 0.0 0
1575564837 6.045467803 0.0 0
1575565402 5.745740621 0.0 0
1575565970 6.043665809 0.16666666666666666 1
1575566556 5.748216372 0.16666666666666666 1
1575567871 6.011992398 0.16666666666666666 1
1575568482 5.984032675 0.0 0
1579186413 5.939752458 1.0 1
1579186759 5.621729353 0.0 0
1579187772 6.117056567 0.0 0
1579188105 5.201690504 0.2 1
1579188549 5.725844844 0.5 2
1579189085 5.849629223 0.3333333333333333 1
1579189744 5.592101022 0.0 0
1579190084 6.204796435 0.16666666666666666 1
1579190419 6.015841336 0.0 0
1579190927 6.289507424 0.16666666666666666 1
1579191542 6.124447008 0.16666666666666666 1
1579192107 6.071297368 0.16666666666666666 1
1579193253 5.775363232 0.8333333333333334 2
1579193842 6.031204905 0.16666666666666666 1
1579194408 5.563218022 0.6 1
1579194977 5.87223771 0.0 0
1579195566 6.211659852 0.16666666666666666 1
1579196130 5.796876763 0.3333333333333333 1
1579354173 5.805254027 0.16666666666666666 1
1579354478 5.772927852 0.16666666666666666 1
1579354791 5.845117142 0.0 0
1579355098 5.797229593 0.5 1
1579355407 5.761425017 0.3333333333333333 1
1579355716 6.105786711 0.0 0
1579356025 5.742520238 0.5 1
1579356332 5.531869931 0.2 1
1579356637 6.217395462 0.0 0
1579356943 5.810676851 0.3333333333333333 1
1579359337 5.765743098 0.0 0
1579359910 6.076719021 0.0 0
1579360474 5.914584845 0.16666666666666666 1
1579361031 5.75111596 0.0 0
1579361588 5.731172235 0.0 0
1579362141 5.759345268 0.0 0
1579362698 5.742248601 0.0 0
1579363260 5.833443655 0.0 0
1579363828 5.601385692 0.0 0
1579364388 6.266027909 0.16666666666666666 1
1579524779 6.203569694 0.0 0
1579525125 6.10442237 0.3333333333333333 1
1579525511 5.837251223 0.5 1
1579526163 5.715898418 1.0 1
1579528457 5.646492455 0.6666666666666666 2
1579528883 5.863845491 0.0 0
1579529607 5.861486057 0.3333333333333333 1
1579530304 6.094276511 0.5 1
1579531993 5.380675906 0.6 1
1579532694 6.023656095 0.5 1
1579533360 5.68197364 0.5 1
1579533963 5.839733935 0.5 2
1579534624 5.656839037 1.3333333333333333 2
1579535259 6.43117667 0.2857142857142857 1
1579535855 5.924159012 0.0 0
1579536913 5.722984855 0.3333333333333333 1
1580217910 5.600463473 0.0 0
1580218563 5.959779231 0.3333333333333333 1
1580218889 5.416081352 0.0 0
1580219265 6.016064684 1.8333333333333333 3
1580219609 6.284664336 0.2857142857142857 1
1580222324 6.460524484 0.0 0
1580222639 5.744928562 0.0 0
1580222951 5.523778346 0.3333333333333333 1
1580223256 5.755777168 0.0 0
1580223637 6.155314959 0.0 0
1580224199 5.761788184 0.0 0
1580224754 5.635737874 0.3333333333333333 1
1580225317 6.029582351 0.5 1
1580225879 5.80229733 0.0 0
1580226461 6.093107673 0.3333333333333333 1
1580227029 6.230025666 0.3333333333333333 1
1580227625 6.086865553 0.16666666666666666 1
1580228209 5.87674719 0.0 0
1580228767 5.97526265 0.16666666666666666 1
1580306547 5.830208947 0.16666666666666666 1
1580306848 5.80161758 0.6666666666666666 2
1580307249 5.886360807 0.16666666666666666 1
1580307725 5.995989148 0.5 1
1580308037 6.2600401 0.5714285714285714 1
1580308352 5.847963935 0.16666666666666666 1
1580310554 5.788007338 0.0 0
1580310865 6.326436614 0.42857142857142855 1
1580311179 6.179880662 0.0 0
1580311861 7.780785433 0.0 0
1580312778 5.559059459 0.0 0
1580314298 5.707449502 0.0 0
1580314856 5.683361649 0.0 0
1580315411 6.277498121 1.3333333333333333 2
1580315974 5.897979286 0.3333333333333333 1
1580316677 5.827064636 0.0 0
1580317263 6.09244177 0.3333333333333333 1
1581936943 5.595256794 0.3333333333333333 1
1581937257 5.5545898 0.0 0
1581937601 5.963929266 0.0 0
1581938243 5.971299915 0.5 1
1581938870 5.580120909 0.4 1
1581939210 6.316318156 0.0 0
1581939534 6.132631625 0.16666666666666666 1
1581939834 6.108156612 0.0 0
1581942332 6.016016386 0.3333333333333333 1
1581942919 6.195576854 0.0 0
1581944516 262.214215007 0.0 0
1581945801 6.188986066 0.3333333333333333 1
1581946374 6.337801126 0.0 0
1581946943 6.124588569 0.0 0
1581947863 5.580358869 0.0 0
1581948951 6.333792678 0.3333333333333333 1
1582030346 6.154554307 0.0 0
1582030653 6.723404956 0.2857142857142857 1
1582031304 6.222480747 0.0 0
1582031601 6.120227445 0.0 0
1582031897 6.356720816 0.0 0
1582032282 6.637634654 0.0 0
1582032592 6.628651054 0.0 0
1582033188 6.346141257 0.0 0
1582033541 6.518322538 0.0 0
1582033867 6.495228912 0.0 0
1582035528 6.355290887 0.0 0
1582036135 6.410762719 0.5 2
1582036739 5.579314223 0.4 1
1582037346 6.079434476 0.0 0
1582037943 6.634064194 0.0 0
1582038540 6.256035018 0.0 0
1582041432 6.406523079 0.0 0
1582042044 6.079717361 0.0 0
1582043629 6.456546328 0.3333333333333333 1
1582044243 5.797501187 0.5 1
1582044845 6.199654483 0.6666666666666666 1
1582045146 6.563592797 0.0 0
1582045446 6.451283287 0.16666666666666666 1
1582045757 6.356890388 0.3333333333333333 1
1582046054 6.308062055 0.2857142857142857 1
1582120401 6.447714218 1.3333333333333333 3
1582188817 5.687877951 2.0 4
1582190844 6.201126857 1.0 3
1582191135 6.33305983 1.1666666666666667 3
1582191425 6.257997725 1.1428571428571428 4
1582191723 7.072901442 2.142857142857143 4
1582192017 6.084832968 2.8333333333333335 4
1582192308 6.088792069 1.8333333333333333 4
1582192606 5.60055624 1.3333333333333333 4
1582192894 6.051605847 2.0 4
1582193183 6.183073933 1.1666666666666667 3
1582634961 6.111336261 0.5 1
1582635243 6.051712436 0.0 0
1582635528 6.065800427 0.16666666666666666 1
1582635812 5.846776022 0.3333333333333333 1
1582636098 6.214889011 1.0 2
1582636386 6.266152181 1.2857142857142858 2
1582636680 5.291805272 0.4 1
1582636966 5.591287071 0.16666666666666666 1
1582637269 6.137130505 0.0 0
1582637564 6.341376572 0.16666666666666666 1
1582637858 6.211857947 0.0 0
1582638418 6.190935463 0.16666666666666666 1
1582639493 5.836667455 0.0 0
1582640673 5.898727274 0.3333333333333333 1
1582641232 5.668575559 0.4 1
1582641799 6.477396985 0.5 1
1582642369 5.898060549 0.0 0
1582642943 6.144060578 0.0 0
1582643547 5.69099378 0.0 0
1582644103 5.764651098 0.0 0
1582886214 5.828535029 0.5 1
1582886501 6.30292679 0.0 0
1582886796 6.075697188 0.3333333333333333 1
1582887084 6.089530104 0.0 0
1582887377 5.799183716 0.0 0
1582887668 6.205310466 0.8333333333333334 2
1582887951 5.840586984 0.3333333333333333 1
1582888238 5.780049469 0.0 0
1582888525 6.216535252 0.0 0
1582888886 6.36102627 0.42857142857142855 1
1582898700 5.58819326 0.2 1
1582899273 5.96111066 0.6666666666666666 3
1582899841 5.813847286 0.0 0
1582900406 5.512499634 0.0 0
1582902063 5.693296764 0.0 0
1582902707 5.717693151 0.0 0
1582903287 5.768475335 0.0 0
1574710719 6.148224614 0.0 0
1574708803 6.196615675 0.0 0
