1569854797 2.270335865 0.5 1
1569856403 2.216045646 0.5 1
1571330456 2.123860321 0.5 1
1571766815 2.35457311 0.0 0
1571767597 2.047326355 0.5 1
1572537667 1.722005711 0.5 1
1572538320 1.703954345 0.5 1
1572538980 1.765352617 0.5 1
1572539633 1.670050999 0.0 0
1572540281 1.663191355 0.5 1
1572541187 1.658813301 0.0 0
1572541839 1.761933656 0.0 0
1572542488 1.733701816 0.5 1
1572543134 1.658965254 0.5 1
1572543807 1.874786458 0.5 1
1572871553 1.677618323 0.0 0
1572872204 1.535519293 0.0 0
1572872886 1.578802007 0.5 1
1572873534 1.602645271 0.0 0
1572874192 1.807558492 0.5 1
1572875257 1.655026281 0.0 0
1572876112 1.666525715 0.0 0
1572877337 1.540475177 0.0 0
1572877992 1.534193031 0.0 0
1572879231 1.790298889 0.0 0
1572967621 1.705840304 0.0 0
1572968280 1.618936849 0.0 0
1572969579 1.590894008 0.5 1
1572970240 1.791188246 0.0 0
1572970891 1.528492781 0.0 0
1572971553 1.589754871 0.5 1
1572972214 1.724639906 0.0 0
1572972863 1.703967781 0.5 1
1572973580 1.664508546 0.0 0
1572974229 1.795286609 0.0 0
1572974886 1.769638601 0.5 1
1573209163 1.702960433 0.5 1
1573209834 1.75628866 0.0 0
1573210494 1.716244166 0.5 1
1573211162 1.579128684 0.0 0
1573211822 1.697285433 0.0 0
1573212469 1.734795966 0.0 0
1573213122 1.658271081 0.5 1
1573213771 1.577731129 0.0 0
1573214444 1.675778441 0.0 0
1573215102 1.617970403 0.5 1
1573310608 1.617776817 0.0 0
1573311228 1.459761661 1.0 1
1573311838 1.630896927 0.0 0
1573312544 1.657132047 0.0 0
1573313163 1.525165256 0.0 0
1573313786 1.742165421 0.5 1
1573314414 1.576323483 0.5 1
1573315028 1.616281374 0.5 1
1574696635 1.668926729 0.0 0
1574697214 1.485262691 0.5 1
1574697806 1.630513976 0.5 1
1574698378 1.545646026 0.5 1
1574698966 1.624386699 0.0 0
1574709778 1.625599515 0.0 0
1574711036 1.547748036 0.0 0
1574956385 1.611723579 0.0 0
1574957048 1.545249113 0.0 0
1574957650 1.520609973 0.0 0
1574958232 1.630435803 0.0 0
1574958825 1.495123478 0.5 1
1574959435 1.538329081 0.0 0
1574960014 1.54295491 0.5 1
1574960591 1.567615994 0.0 0
1574961201 1.624843716 0.5 1
1574961837 1.451511308 0.0 0
1575033314 1.541844119 0.0 0
1575033882 1.612094147 0.5 1
1575034472 1.543635828 0.0 0
1575035047 1.560297067 0.0 0
1575035609 1.538336732 0.0 0
1575036646 1.615606139 0.0 0
1575037208 1.483680316 0.0 0
1575037767 1.57362189 0.0 0
1575038770 1.490024704 0.0 0
1575039341 1.639865028 0.0 0
1575120601 1.489279487 0.5 1
1575121166 1.4330864 0.0 0
1575122160 1.564292218 0.5 1
1575122787 1.544515886 0.0 0
1575123345 1.517103139 0.0 0
1575123903 1.546349836 0.0 0
1575124459 1.54400218 0.0 0
1575125026 1.544151143 0.0 0
1575125589 1.57673922 0.0 0
1575126156 1.656118972 0.5 1
1575297907 1.646852066 0.0 0
1575298481 1.545056913 0.0 0
1575299050 1.531587808 1.0 2
1575299630 1.647116676 0.0 0
1575300201 1.579026324 0.5 1
1575300819 1.623530267 0.5 1
1575301592 1.538155277 0.5 1
1575302200 1.556838109 0.0 0
1575390388 1.547430349 0.5 1
1575390958 1.492973671 0.0 0
1575391521 1.659812355 0.0 0
1575392087 1.632246512 0.0 0
1575392897 1.54393577 0.5 1
1575393533 1.531004938 0.5 1
1575394093 1.667745477 0.0 0
1575394659 1.579523123 0.0 0
1575395222 1.574870233 0.0 0
1575395786 1.575438265 0.0 0
1575562690 13.198956352 0.7333333333333333 1
1575563317 1.623299362 0.5 1
1575563966 1.585607661 0.5 1
1575564563 1.611478239 0.0 0
1575565146 1.560701101 0.0 0
1575565710 1.609567426 0.0 0
1575566284 1.605480314 0.5 1
1575566884 1.604070843 0.0 0
1575568211 1.581766126 0.5 1
1575568795 1.579023114 0.5 1
1579191241 1.63989506 0.0 0
1579191853 1.516188079 0.0 0
1579192420 1.635170629 0.5 1
1579193005 1.573976967 0.0 0
1579193590 1.657960259 0.0 0
1579194155 1.619320881 0.0 0
1579194723 1.608221753 0.0 0
1579195289 1.576214656 0.5 1
1579195878 1.711487853 0.0 0
1579196440 1.511062642 0.0 0
1579359646 1.603109261 0.0 0
1579360223 1.611083574 0.0 0
1579360783 1.625033544 0.5 1
1579361339 1.57047728 0.5 1
1579361895 1.544426468 0.0 0
1579362450 1.532504602 0.0 0
1579363006 1.654390083 0.0 0
1579363573 1.689927216 0.0 0
1579364139 1.538580985 0.0 0
1579364698 1.651955722 0.5 1
1579530690 1.581029194 0.5 1
1579531263 1.582248066 0.0 0
1579532319 1.710104385 0.0 0
1579533011 1.530953954 0.5 1
1579533671 2.038686946 0.0 0
1579534273 1.595533639 0.0 0
1579534959 1.625268676 0.5 1
1579535575 1.581543995 0.0 0
1579536647 1.551438087 0.0 0
1579537222 1.664736707 0.5 1
1580223950 1.58304487 0.0 0
1580224507 1.52046765 0.5 1
1580225064 1.665828328 0.5 1
1580225628 1.610871984 0.0 0
1580226186 1.620472986 0.0 0
1580226773 1.588501922 0.5 1
1580227340 1.518464959 0.5 1
1580227939 1.664259249 0.0 0
1580228519 1.597703802 0.0 0
1580229078 1.596504677 0.0 0
1580312506 1.49761995 0.5 1
1580313086 1.513588721 0.0 0
1580313966 1.662337204 0.0 0
1580314605 1.675843095 0.5 1
1580315162 1.635219829 0.5 1
1580315723 1.563062514 0.0 0
1580316285 1.652486148 0.5 1
1580316995 1.624058772 0.0 0
1580317583 1.672112063 0.5 1
1581942646 1.587781908 0.5 1
1581943009 3.543599527 -1 -1
1581944223 1.660401133 0.5 1
1581945170 1.628048608 0.5 1
1581946120 1.531968856 0.0 0
1581946688 1.502787008 0.5 1
1581947583 1.620436545 0.0 0
1581948176 1.577083306 0.5 1
1581949291 1.767214316 0.0 0
1582034993 1.92402745 0.5 1
1582035865 1.84839854 0.5 1
1582036470 1.619844747 0.5 1
1582037079 1.632068595 0.0 0
1582037679 1.55636369 0.0 0
1582038273 1.695941572 0.5 1
1582038861 1.655102044 0.0 0
1582041776 1.79478912 0.0 0
1582042527 1.608850233 0.0 0
1582043978 1.916880017 0.0 0
1582044568 1.790985046 0.5 1
1582638168 1.651424834 0.5 1
1582638731 1.62604458 0.0 0
1582640166 1.503836999 0.5 1
1582640984 1.561248121 0.5 1
1582641544 1.619672719 0.0 0
1582642115 1.619416966 0.5 1
1582642682 1.748867619 0.0 0
1582643257 1.639144503 0.0 0
1582643855 1.580329336 0.0 0
1582644414 1.594229314 0.0 0
1582899024 1.627998199 0.0 0
1582899587 1.545303035 0.0 0
1582900154 1.439217788 0.0 0
1582900713 1.575643121 0.5 1
1582902458 1.702625096 0.0 0
1582903018 1.614704298 0.0 0
1582903623 1.583043571 0.0 0
1574711036 1.547748036 0.0 0
