1569854387 6.815814462 0.0 0
1569855799 7.186943784 0.0 0
1571330090 6.739893781 0.6666666666666666 2
1571766445 6.852077836 0.0 0
1572537362 5.517424473 0.3333333333333333 1
1572538019 5.494496171 0.0 0
1572538679 5.4031688 0.0 0
1572539332 5.786606205 0.0 0
1572539979 5.598503131 0.0 0
1572540885 5.457562534 0.0 0
1572541538 5.531258895 0.0 0
1572542187 5.422248384 0.0 0
1572542834 5.620047046 0.0 0
1572543499 5.634474508 0.0 0
1572871253 5.626032655 0.0 0
1572871903 5.722072386 0.3333333333333333 1
1572872581 5.505322032 0.0 0
1572873233 5.509592499 0.0 0
1572873886 5.639976387 0.0 0
1572874948 5.564925853 0.0 0
1572875810 5.604485049 0.2 1
1572877035 5.503064982 0.0 0
1572877685 5.613522167 0.0 0
1572878913 5.25171713 0.0 0
1572967319 5.418542156 0.0 0
1572967977 5.479681411 0.0 0
1572969279 5.479055104 0.0 0
1572969940 5.396036625 0.0 0
1572970590 5.490193318 0.0 0
1572971239 5.497746639 0.0 0
1572971902 5.887609613 0.0 0
1572972562 5.501414314 0.0 0
1572973276 5.576205089 0.0 0
1572973928 5.565489956 0.16666666666666666 1
1572974579 5.585084383 0.16666666666666666 1
1573208862 5.615776291 0.0 0
1573209517 5.463764309 0.0 0
1573210191 5.691840488 0.0 0
1573210861 5.574652477 0.0 0
1573211518 5.129072237 0.0 0
1573212167 5.495639334 0.0 0
1573212818 5.668182607 0.0 0
1573213470 5.460872333 0.0 0
1573214140 5.77471179 0.16666666666666666 1
1573214795 5.641363206 0.0 0
1573310321 5.475134905 0.16666666666666666 1
1573310944 5.045282578 0.2 1
1573311559 5.207004579 0.2 1
1573312263 5.249736129 0.0 0
1573312873 5.128501567 0.0 0
1573313500 5.312195846 0.16666666666666666 1
1573314132 5.2797916 0.0 0
1573314748 4.778838016 0.0 0
1574696357 5.226782766 0.2 1
1574696934 7.533261042 0.0 0
1574697527 5.004364273 0.0 0
1574698103 4.907320691 0.2 1
1574698689 4.826113131 0.2 1
1574710759 5.698563487 0.0 0
1574956112 4.804026866 0.0 0
1574956684 5.036523534 0.0 0
1574957376 4.863997469 0.0 0
1574957952 4.943279909 0.0 0
1574958544 5.233084568 0.2 1
1574959133 5.073356882 0.0 0
1574959736 4.906926806 0.0 0
1574960315 4.78675608 0.0 0
1574960925 7.151621403 0.0 0
1574961563 5.033560576 0.4 2
1575033035 5.050176159 0.0 0
1575033604 5.278290951 0.0 0
1575034195 4.728196655 0.25 1
1575035332 5.11412967 0.0 0
1575036355 5.131505034 0.0 0
1575036932 4.840012343 0.0 0
1575037491 4.819162556 0.0 0
1575038494 4.915971345 0.0 0
1575039062 4.821449783 0.0 0
1575120326 4.763938772 0.0 0
1575120889 4.919550075 0.0 0
1575121450 5.299472428 0.2 1
1575122513 4.876275861 0.0 0
1575123070 4.909669759 0.0 0
1575123630 4.691668519 0.0 0
1575124185 4.832840356 0.0 0
1575124753 4.782950483 0.0 0
1575125309 4.859423573 0.0 0
1575125878 4.950593416 0.0 0
1575297623 5.222220023 0.0 0
1575298203 6.072761096 0.0 0
1575298770 5.265235822 0.0 0
1575299350 5.256603949 0.0 0
1575299922 5.151851799 0.0 0
1575300543 4.998818134 0.0 0
1575301114 4.782492533 0.2 1
1575301923 5.196573968 0.0 0
1575390110 5.37129273 0.2 1
1575390678 4.915567674 0.0 0
1575391245 4.93388546 0.0 0
1575391812 5.019366714 0.0 0
1575392621 4.904478497 0.0 0
1575393256 4.93893637 0.0 0
1575393817 4.927132897 0.0 0
1575395509 4.895060064 0.0 0
1575563690 4.824891113 0.0 0
1575564287 5.023367182 0.0 0
1575564870 5.009364431 0.2 1
1575565436 5.396477175 0.2 1
1575566004 4.985824182 0.0 0
1575566590 4.85111183 0.0 0
1575568516 5.08786918 0.0 0
1579190962 5.347313216 0.0 0
1579191576 5.12763556 0.0 0
1579192141 4.95177265 0.0 0
1579192722 4.792202164 0.2 1
1579193286 4.896371476 0.0 0
1579193877 5.29209954 0.0 0
1579194444 5.168668369 0.0 0
1579195011 4.863854428 0.0 0
1579195601 4.9678015 0.0 0
1579196165 4.914153406 0.0 0
1579359371 4.877111185 0.2 1
1579359944 5.394627455 0.0 0
1579360508 4.995906198 0.0 0
1579361065 4.951490182 0.0 0
1579361621 4.823926559 0.0 0
1579362175 5.337851205 0.0 0
1579362731 4.942245743 0.0 0
1579363295 5.162980672 0.0 0
1579363863 4.823341149 0.0 0
1579364422 4.911409305 0.0 0
1579530339 5.105907255 0.0 0
1579530986 5.115472892 0.2 1
1579532027 5.056427656 0.0 0
1579533394 5.315414324 0.0 0
1579533998 4.807320842 0.0 0
1579534658 4.90453134 0.2 1
1579535295 4.962722875 0.0 0
1579536947 5.00365899 0.0 0
1580223672 5.567758976 0.2 1
1580224233 4.815091223 0.0 0
1580224788 5.003886719 0.0 0
1580225351 4.909317146 0.0 0
1580225912 4.894595265 0.0 0
1580226494 5.260828987 0.0 0
1580227063 4.883954072 0.0 0
1580227660 5.479817832 0.3333333333333333 2
1580228243 5.035696268 0.0 0
1580228802 4.917740581 0.0 0
1580312231 5.763024122 0.16666666666666666 1
1580312812 4.876316699 0.0 0
1580313368 4.807929608 0.0 0
1580314331 4.926726747 0.2 1
1580314889 4.845767517 0.0 0
1580315446 4.821468932 0.0 0
1580316008 4.877063623 0.2 1
1580316710 4.958711391 0.2 1
1580317298 4.999188249 0.0 0
1581942367 5.261986858 0.0 0
1581943572 4.833222581 0.0 0
1581944860 4.872850739 0.0 0
1581945837 4.846697387 0.0 0
1581946412 5.009517523 0.0 0
1581946979 4.994150171 0.0 0
1581947900 4.872464599 0.0 0
1581948989 5.845092842 0.0 0
1582035567 5.752197719 0.0 0
1582036173 5.751900628 0.0 0
1582036776 5.691522406 0.0 0
1582037981 5.38492658 0.2 1
1582038579 5.39696008 0.0 0
1582041470 5.760289194 0.0 0
1582042080 5.569155116 0.0 0
1582043668 6.043535403 0.0 0
1582044281 5.161093406 0.0 0
1582637895 4.959931593 0.0 0
1582638454 4.996699294 0.0 0
1582639529 4.866086467 0.0 0
1582640706 4.87416067 0.0 0
1582641266 4.786358065 0.0 0
1582641836 4.840918067 0.0 0
1582642404 5.122243797 0.0 0
1582642978 4.988994022 0.2 1
1582643581 4.839315544 0.0 0
1582644137 4.814512964 0.4 2
1582898736 5.08424021 0.0 0
1582899308 4.821498285 0.0 0
1582899876 4.801157724 0.0 0
1582900439 4.887541248 0.0 0
1582902097 4.975647551 0.0 0
1582902743 4.929926757 0.0 0
1582903340 4.898831348 0.0 0
1574710759 5.698563487 0.0 0
