1569854745 5.818483713 0.0 0
1569856354 5.75581463 0.8333333333333334 2
1571330406 5.533982833 0.16666666666666666 1
1571766763 5.435715924 0.3333333333333333 1
1571767547 5.596129226 0.4 1
1572537627 4.456034565 0.6 2
1572538280 4.521373953 0.0 0
1572538940 4.55919391 0.25 1
1572539592 4.549172811 0.0 0
1572540241 4.514428058 0.0 0
1572541145 4.541572633 0.0 0
1572541798 4.446670582 0.2 1
1572542447 4.495125075 0.0 0
1572543094 4.421892797 0.0 0
1572543765 4.397276453 0.0 0
1572871513 4.364306152 0.0 0
1572872164 4.522016315 0.2 1
1572872844 4.98464389 0.4 1
1572873493 4.348347866 0.2 1
1572874151 4.215257098 0.0 0
1572875216 4.472914291 0.0 0
1572876070 4.312040062 0.0 0
1572877297 4.397932227 0.0 0
1572877951 4.319922615 0.2 1
1572879191 4.416392707 0.0 0
1572967581 4.66490387 0.8 1
1572968240 4.466977826 0.75 2
1572969539 4.443321137 0.0 0
1572970200 4.368526026 0.2 1
1572970850 4.496277824 0.6 1
1572971513 4.451104879 0.0 0
1572972174 4.511616605 0.0 0
1572972823 4.493107664 1.0 1
1572973539 4.523136689 0.2 1
1572974188 4.387406202 0.0 0
1572974846 4.215803194 0.0 0
1573209123 4.571234865 0.5 1
1573209794 4.358251219 0.2 1
1573210454 4.435848048 0.5 1
1573211122 4.543254029 0.2 1
1573211782 4.686717779 0.25 1
1573212428 4.434242701 0.2 1
1573213082 4.443494119 0.0 0
1573213731 4.301968474 0.0 0
1573214404 4.360867565 0.0 0
1573215061 4.351808534 0.0 0
1573310570 4.466108081 0.4 1
1573311189 4.096586178 0.0 0
1573311800 4.592562829 0.8 2
1573312506 4.448478897 1.0 2
1573313123 4.5785357 0.0 0
1573313748 4.522620137 0.4 1
1573314377 4.046625469 0.5 1
1573314990 4.404095297 0.5 1
1574696598 4.452342732 0.25 1
1574697178 4.187275536 0.5 1
1574697769 4.200544755 0.0 0
1574698342 4.384105326 0.25 1
1574698929 4.397454377 0.4 1
1574709741 4.237267135 0.5 1
1574711000 4.230035941 0.0 0
1574956349 4.117522518 0.5 1
1574957012 4.185770276 0.0 0
1574957613 4.481614672 0.0 0
1574958195 4.129730744 0.0 0
1574958789 4.140911014 0.0 0
1574959377 4.621128301 0.25 1
1574959977 4.34078049 0.25 1
1574960554 4.394203016 0.0 0
1574961800 4.479585709 0.0 0
1575033277 4.629159255 0.2 1
1575033846 4.352216133 0.4 1
1575034435 4.195510208 1.5 2
1575035011 4.432439216 0.0 0
1575035572 4.476703519 0.0 0
1575036610 4.253666459 0.0 0
1575037171 4.378033359 0.4 1
1575037730 4.48810498 0.0 0
1575038733 4.180257535 0.25 1
1575039304 4.431942396 0.0 0
1575120565 4.34100963 0.5 1
1575121130 4.369253759 0.5 1
1575122124 4.142121811 0.0 0
1575122750 4.226441533 0.0 0
1575123308 4.359995324 0.0 0
1575123866 4.590003168 0.0 0
1575124423 4.188236622 0.25 1
1575124989 4.158776053 0.5 1
1575125553 4.520733644 0.0 0
1575126120 4.087675577 0.0 0
1575297871 4.359165102 0.0 0
1575298444 4.137918455 0.0 0
1575299014 4.417060736 0.25 1
1575299593 4.419741986 0.0 0
1575300165 4.43908515 0.5 1
1575300783 4.432739906 0.0 0
1575301555 3.75447583 0.0 0
1575302164 4.563142217 0.0 0
1575390352 4.047995878 0.4 1
1575390921 4.276220963 0.0 0
1575391484 4.320125232 0.0 0
1575392050 4.568024305 0.0 0
1575392861 3.883962216 0.25 1
1575393497 4.307966331 0.2 1
1575394056 4.041086726 0.0 0
1575394622 4.603810045 0.0 0
1575395186 4.475686701 0.25 1
1575562596 4.31505655 0.0 0
1575563281 4.432629149 0.0 0
1575563929 4.568289664 0.0 0
1575564527 4.214789737 0.25 1
1575565109 4.458424879 0.0 0
1575566248 4.254101784 0.25 1
1575568759 4.135645773 0.5 1
1579191204 4.223735147 0.0 0
1579191816 4.765632913 0.4 1
1579192383 4.397361363 0.0 0
1579192968 4.29600415 0.0 0
1579193554 4.448472449 0.0 0
1579194118 4.17752951 0.5 1
1579194686 4.345742795 0.25 1
1579195841 4.404176557 0.0 0
1579359609 4.256118321 0.0 0
1579360747 4.340391058 0.25 1
1579361302 4.431701856 0.0 0
1579361858 4.331570431 0.0 0
1579362412 4.296030085 0.0 0
1579362969 4.321164436 0.0 0
1579363536 4.402269421 0.0 0
1579364102 4.260035843 0.0 0
1579364661 4.235138644 0.2 1
1579530654 4.256402487 0.25 1
1579531226 4.508892071 0.0 0
1579532282 4.062153144 0.0 0
1579532974 4.576690133 0.0 0
1579533635 4.399484318 0.0 0
1579534236 4.226597114 0.0 0
1579534922 4.314679506 0.0 0
1579535538 4.359998835 0.0 0
1579537185 4.170602485 0.0 0
1580223913 4.268476486 0.0 0
1580224471 4.046798844 0.0 0
1580225028 4.151683398 0.5 1
1580225591 4.525302843 0.2 1
1580226150 4.259768714 0.0 0
1580226736 4.642842521 0.0 0
1580227303 4.238347905 0.0 0
1580227901 4.408881238 0.0 0
1580228482 4.139540049 0.0 0
1580229042 4.273634911 0.25 1
1580312469 4.347716336 0.0 0
1580313049 4.42849846 0.2 1
1580313929 4.486071385 0.0 0
1580314569 4.230531226 0.0 0
1580315126 4.129991326 0.0 0
1580315687 4.292121366 0.25 1
1580316248 4.42660301 0.2 1
1580316958 4.448859173 0.0 0
1580317543 4.781246858 0.2 1
1581942609 4.28531156 0.2 1
1581944186 4.429627456 0.2 1
1581945133 4.281619865 0.0 0
1581946083 4.243828108 0.0 0
1581946652 4.150572125 0.0 0
1581947546 4.22618967 0.0 0
1581948140 4.262125103 0.4 1
1581949248 5.023364306 0.4 1
1582034953 4.284087307 0.25 1
1582035826 4.558960201 0.0 0
1582036431 4.63596343 0.25 1
1582037041 4.651853991 1.0 1
1582037642 4.470637079 0.0 0
1582038233 6.407830213 0.14285714285714285 1
1582038825 3.930371913 0.0 0
1582041735 4.87383799 0.2 1
1582042488 4.577372623 0.75 1
1582043937 4.775873581 0.5 1
1582044529 4.821680506 0.0 0
1582638132 4.00506148 0.0 0
1582638694 4.156291548 0.2 1
1582640130 4.170748954 0.0 0
1582640948 4.369761133 0.0 0
1582641507 4.196582991 0.4 1
1582642079 4.205988039 1.0 2
1582642646 4.161981361 1.5 2
1582643220 4.535340485 0.0 0
1582643818 4.732595636 0.0 0
1582644377 4.245396807 0.5 1
1582898987 4.25961195 0.0 0
1582899550 4.289522831 0.25 1
1582900117 4.400160642 0.25 1
1582900677 4.180730675 0.25 1
1582902421 4.156652568 0.25 1
1582902981 4.23096882 0.0 0
1582903586 4.227824613 0.25 1
1574711000 4.230035941 0.0 0
