1569854394 5.580070016 0.0 0
1569855806 5.611803242 0.2 1
1571330096 5.855284182 0.0 0
1571766452 5.586279788 0.0 0
1571767234 6.13268325 0.25 1
1572537368 4.624563819 0.0 0
1572538025 4.645897681 0.0 0
1572538685 4.875686451 0.0 0
1572539338 4.533603047 0.0 0
1572539984 4.590565419 0.0 0
1572540890 4.709833038 0.0 0
1572541544 4.928795961 0.0 0
1572542192 4.740447835 0.0 0
1572542840 4.606246907 0.0 0
1572543505 4.651722339 0.0 0
1572871259 4.662676486 0.0 0
1572871909 4.746473503 0.0 0
1572872586 4.926924022 0.4 1
1572873239 4.770819634 0.2 1
1572873892 4.739158821 0.25 1
1572874954 4.61051842 0.0 0
1572875815 4.524282608 0.0 0
1572877041 4.662303608 0.0 0
1572877690 4.516105904 0.0 0
1572878918 4.823085989 0.0 0
1572967324 4.813275221 0.0 0
1572967982 4.742620032 0.0 0
1572969284 4.563282984 0.0 0
1572969945 4.779312526 0.0 0
1572970595 4.617321396 0.0 0
1572971245 4.606769731 0.0 0
1572971907 4.800739714 0.0 0
1572972568 4.524627912 0.0 0
1572973281 4.688630049 0.0 0
1572973934 4.564191022 0.0 0
1572974585 4.556383542 0.0 0
1573208867 4.640107903 0.4 1
1573209522 4.832172681 0.2 1
1573210197 4.477383883 0.25 1
1573210867 4.944207046 0.25 1
1573211523 4.829243393 0.2 1
1573212172 4.6802352 0.0 0
1573212824 4.676734032 0.0 0
1573213475 4.647220948 0.4 1
1573214146 4.466521274 0.0 0
1573214800 5.00058442 0.0 0
1573310327 4.339717033 0.25 1
1573310949 3.851102667 0.0 0
1573311564 4.112806528 0.2 1
1573312269 4.447474735 0.25 1
1573312878 4.075927179 0.0 0
1573313506 4.092357722 0.0 0
1573314138 4.300352469 0.5 1
1573314752 4.188698521 0.0 0
1574696362 4.35102916 0.0 0
1574696941 3.852810901 0.0 0
1574697532 4.707627115 0.2 1
1574698108 4.103874933 0.0 0
1574698694 4.112917616 0.25 1
1574710765 4.261966817 0.0 0
1574956117 4.207352588 0.0 0
1574956689 4.116533736 0.25 1
1574957380 4.022372251 0.25 1
1574957957 4.30348753 0.0 0
1574958549 4.049932742 0.0 0
1574959138 4.184923515 0.2 1
1574959741 4.506412892 0.25 1
1574960320 4.208396329 0.25 1
1574960932 4.096177379 0.0 0
1574961568 4.198240339 0.0 0
1575033040 4.250322999 0.0 0
1575033609 4.192161609 0.0 0
1575034199 4.178718873 0.2 1
1575036360 4.083161125 0.0 0
1575036937 4.190836572 0.25 1
1575037496 4.100306694 0.0 0
1575038499 3.972920954 0.0 0
1575039066 4.317731148 0.4 1
1575120331 4.227215605 0.25 1
1575120894 4.015316342 0.25 1
1575122518 3.999720876 0.0 0
1575123075 4.088208577 0.0 0
1575123635 4.009852623 0.0 0
1575124190 4.109838928 0.25 1
1575124758 4.146431544 0.25 1
1575125314 4.15046303 0.25 1
1575125883 4.105004778 0.0 0
1575297628 5.064951458 0.0 0
1575298209 4.094553929 0.0 0
1575298775 4.919652508 0.0 0
1575299355 4.11971356 0.0 0
1575299927 4.121002265 0.25 1
1575300548 3.980642023 0.25 1
1575301119 4.104874582 0.25 1
1575390684 2.934639869 0.25 1
1575391250 4.212428378 0.0 0
1575391817 3.95803109 0.0 0
1575392626 4.053634392 0.0 0
1575393822 4.060717513 0.25 1
1575562350 4.015408197 0.4 1
1575563048 3.958978573 0.2 1
1575563695 4.300330311 0.0 0
1575564292 4.045316463 0.0 0
1575564875 3.912883684 0.0 0
1575566009 4.140944467 0.25 1
1575566595 4.065218629 0.0 0
1579191581 4.17761811 0.0 0
1579192146 4.26575025 0.0 0
1579192727 4.329078566 0.0 0
1579193291 4.051928046 0.0 0
1579194449 4.521897819 0.25 1
1579195016 4.567728897 0.0 0
1579195606 4.063791786 0.0 0
1579196170 4.131075122 0.25 1
1579359376 4.215852924 0.0 0
1579360513 4.432968444 0.0 0
1579361070 4.149035767 0.0 0
1579361626 4.111649444 0.0 0
1579362736 4.06938223 0.0 0
1579363300 4.011705424 0.0 0
1579363867 4.13970024 0.2 1
1579364427 4.059395033 0.25 1
1579530991 4.263252707 0.0 0
1579532032 4.307782124 0.0 0
1579534663 4.026766626 0.0 0
1579535300 4.135425984 0.0 0
1579536952 4.304039914 0.2 1
1580224237 4.172385133 0.2 1
1580224793 4.019495156 0.4 1
1580225356 4.157924728 0.25 1
1580225917 4.2139593 0.5 1
1580227068 4.065252487 0.0 0
1580228248 4.091976654 0.0 0
1580228807 4.021501101 0.25 1
1580312817 4.126851705 0.0 0
1580313372 4.172935742 0.4 1
1580314336 4.101941905 0.0 0
1580314894 4.068419154 0.0 0
1580315451 4.088375989 0.25 1
1580316013 4.130630269 0.25 1
1580316715 4.007864352 0.0 0
1580317303 3.945426664 0.0 0
1581942372 4.088974132 0.0 0
1581943577 4.187291249 0.0 0
1581944865 4.058596811 0.25 1
1581945842 4.212000752 0.0 0
1581946417 4.025020436 0.0 0
1581946984 4.03884715 0.0 0
1581947905 4.128292157 0.0 0
1581948995 4.811904517 0.25 1
1582035573 4.76799758 0.5 1
1582036179 4.819056155 0.2 1
1582036782 7.243474108 0.14285714285714285 1
1582037389 4.114829223 0.2 1
1582041476 4.903674404 0.6 1
1582043674 4.71237257 0.25 1
1582044286 4.825826942 0.4 1
1582637900 4.064979398 0.25 1
1582638459 4.143422329 0.0 0
1582639533 4.127379418 0.4 1
1582640711 4.100890377 0.25 1
1582641271 4.178735538 0.0 0
1582641841 4.174204434 0.0 0
1582642409 3.932054283 0.25 1
1582642983 4.206721738 0.0 0
1582643586 4.048707399 0.25 1
1582644142 4.155054239 0.0 0
1582898741 4.154317189 0.25 1
1582899312 4.142248086 0.0 0
1582899880 4.180115534 1.2 2
1582900444 4.096009633 0.0 0
1582902102 4.110400244 0.0 0
1582902748 4.112034859 0.25 1
1582903345 3.982920368 0.0 0
1574710765 4.261966817 0.0 0
