1569854789 7.262539362 0.0 0
1569856396 6.453938978 0.42857142857142855 1
1571330449 6.986230358 0.0 0
1571766807 7.680218425 0.0 0
1571767590 7.075966786 0.5714285714285714 1
1572537661 5.632305096 0.0 0
1572538314 5.726954713 0.5 1
1572538974 5.749857107 0.0 0
1572539627 5.731597854 0.0 0
1572540275 5.803812855 0.0 0
1572541181 5.844377322 0.5 1
1572541833 5.592335755 0.0 0
1572542483 5.620930528 0.0 0
1572543129 5.717044338 0.0 0
1572543801 5.858000879 0.5 1
1572871548 5.676484897 0.0 0
1572872199 5.720648994 0.0 0
1572872880 5.698645006 0.5 1
1572873528 5.891330103 0.42857142857142855 1
1572874186 5.7753413 0.0 0
1572875251 5.766525838 0.0 0
1572876106 5.960440782 0.0 0
1572877331 5.826059151 0.5 1
1572877986 5.60859591 0.5 1
1572879226 5.705944332 0.0 0
1572967616 5.624111168 0.0 0
1572968274 5.582515638 0.5 1
1572969573 5.702435259 0.3333333333333333 1
1572970235 5.704339876 0.0 0
1572970885 5.75819606 0.0 0
1572971547 5.634647931 0.5 1
1572972209 5.573464271 0.0 0
1572972857 5.75879826 0.0 0
1572973574 5.639043484 0.0 0
1572974223 5.753069112 0.5 1
1572974880 5.705370587 0.0 0
1573209157 5.799259769 0.0 0
1573209828 5.665343844 0.5 1
1573210488 5.719064265 0.5 1
1573211157 5.384891378 0.0 0
1573211816 5.616724408 0.0 0
1573212463 5.62258747 0.5 1
1573213116 5.685128951 0.0 0
1573213766 5.702874879 0.0 0
1573214439 5.689834567 0.0 0
1573215096 5.851100882 0.42857142857142855 1
1573310603 5.146433443 0.4 1
1573311222 5.558394101 0.5 1
1573311833 4.937009011 0.6 1
1573312539 5.221422763 0.4 1
1573313157 5.583319483 0.5 1
1573313781 5.237925815 0.6 1
1573314409 5.304175443 0.6 1
1573315023 5.615729613 0.4 1
1574696629 5.201272822 0.0 0
1574697209 5.142417561 0.4 1
1574697801 5.105181152 0.4 1
1574698373 5.097141812 0.4 1
1574698960 5.135092287 0.4 1
1574709773 4.875192413 0.4 1
1574711031 5.029205544 0.0 0
1574956380 5.13939955 0.4 1
1574957043 5.060658711 0.4 1
1574957645 5.096185968 0.8 1
1574958227 4.993284105 0.6 1
1574958820 5.198867741 0.4 1
1574959430 5.038883856 0.4 1
1574960009 5.157927174 0.4 1
1574960586 5.068947643 0.6 1
1574961196 4.980664292 0.4 1
1574961832 5.131860957 0.6 1
1575033309 5.082587075 0.4 1
1575033877 5.172210312 0.4 1
1575034466 5.421005572 0.5 1
1575035042 5.13734455 0.4 1
1575035604 5.137374224 0.0 0
1575036641 5.036562535 0.4 1
1575037203 5.097235663 0.6 1
1575037762 5.06218399 0.8 1
1575038764 5.189421801 0.5 1
1575039336 5.0264905 0.4 1
1575120596 4.893912044 0.4 1
1575121161 5.144428738 0.4 1
1575122155 4.952576139 0.4 1
1575122782 4.718738425 0.0 0
1575123340 5.178036998 0.5 1
1575123898 5.19238412 0.4 1
1575124454 5.071477484 0.4 1
1575125020 5.028721067 0.4 1
1575125584 5.113429283 0.6 1
1575126151 5.067128843 0.4 1
1575297902 5.105690874 0.0 0
1575298476 5.032758162 0.8 2
1575299045 5.161062747 0.4 1
1575299625 5.132512608 0.4 1
1575300196 5.075992925 0.0 0
1575300814 5.104133683 0.0 0
1575301587 5.19022456 0.6 1
1575302195 5.037147703 0.4 1
1575390383 5.110963365 0.4 1
1575390953 5.092115256 0.4 1
1575391516 5.094709979 0.6 1
1575392082 5.063593762 0.6 1
1575392892 5.108632972 0.4 1
1575393528 5.16118951 0.4 1
1575394088 4.992506434 0.6 1
1575394654 5.149672137 0.4 1
1575395217 5.105680065 0.4 1
1575395781 5.033671609 0.6 1
1575562628 5.152026041 0.4 1
1575563312 5.154255865 0.4 1
1575563961 5.133323114 0.6 1
1575564558 5.083893557 0.6 1
1575565140 5.063881159 0.4 1
1575565705 5.127746401 0.4 1
1575566279 5.149534848 0.4 1
1575566879 5.079070197 0.6 1
1575568206 5.111815622 0.4 1
1575568790 5.165834832 0.4 1
1579191235 5.098407233 0.5 1
1579191848 5.153395739 0.6 1
1579192415 5.088979624 0.4 1
1579192999 5.186028214 0.0 0
1579193585 5.021990052 0.4 1
1579194150 5.289717016 0.6 1
1579194717 5.128870417 0.0 0
1579195284 5.192567925 0.4 1
1579195873 5.226932631 0.4 1
1579196436 4.833561603 0.0 0
1579359640 5.174039872 0.0 0
1579360218 5.178072593 0.0 0
1579360778 5.194299207 0.0 0
1579361334 5.148774073 0.0 0
1579361890 5.103888331 0.0 0
1579362444 5.226272677 0.0 0
1579363001 5.06912971 0.0 0
1579363567 5.155201275 0.0 0
1579364133 5.196635036 0.0 0
1579364693 5.07896383 0.0 0
1579530685 5.178883012 0.4 1
1579531258 5.062182061 0.4 1
1579532314 5.195502062 0.4 1
1579533006 4.927656615 0.4 1
1579533666 5.071323589 0.4 1
1579534268 5.165663561 0.6666666666666666 1
1579534954 5.135615108 0.4 1
1579535569 5.287497711 0.5 1
1579536642 5.242488216 0.6 1
1579537217 5.121737981 0.4 1
1580223944 5.18896137 0.5 1
1580224502 5.030198366 0.0 0
1580225059 5.111911714 0.0 0
1580225623 5.196545706 0.4 1
1580226181 5.118665442 0.0 0
1580226768 5.253007257 0.0 0
1580227335 5.254550346 0.4 1
1580227933 5.340378422 0.5 1
1580228513 5.189079625 0.0 0
1580229073 5.123194342 0.0 0
1580312501 5.331297745 0.4 1
1580313081 5.096609655 0.0 0
1580313961 5.082932631 0.0 0
1580314600 5.16415242 0.4 1
1580315157 5.105201321 0.0 0
1580315718 5.121112697 0.0 0
1580316280 5.211383903 0.4 1
1580316990 5.054734642 0.6 1
1580317578 5.131177252 0.4 1
1581942641 5.171524929 0.4 1
1581944218 5.253801627 0.0 0
1581945165 5.118410362 0.4 1
1581946114 5.211152475 0.5 1
1581946683 5.165815986 0.4 1
1581947578 5.078685657 0.6 1
1581948171 5.128420688 0.0 0
1581949284 6.310548803 0.0 0
1582034988 5.196330225 0.6 1
1582035860 4.933313062 0.6 1
1582036465 5.462625644 0.4 1
1582037074 5.163778161 0.4 1
1582037674 5.0379817 0.6 1
1582038268 5.009512499 0.4 1
1582038856 5.597118534 0.4 1
1582041771 5.153049422 0.0 0
1582042522 5.653158638 0.6 1
1582043973 5.722196578 0.0 0
1582044563 5.406695874 0.0 0
1582638163 5.031636891 0.4 1
1582638726 5.08303777 0.6 1
1582640161 5.221832213 0.0 0
1582640979 5.154535034 0.4 1
1582641539 5.107293523 0.6 1
1582642110 5.037282424 0.4 1
1582642677 5.158327459 0.4 1
1582643252 5.159207467 0.0 0
1582643850 5.116012125 0.0 0
1582644408 5.20328862 0.5 1
1582899019 5.065348885 0.6 1
1582899581 5.267445159 0.5 1
1582900148 5.286998066 0.0 0
1582900708 4.922660932 0.0 0
1582902452 5.056127585 0.5 1
1582903012 5.215776976 0.5 1
1582903617 5.086154824 0.5 1
1574711031 5.029205544 0.0 0
