1569854388 6.260613346 0.0 0
1569855800 6.085269158 0.0 0
1571330091 5.807975896 0.4 2
1571766446 5.685686822 0.16666666666666666 1
1571767229 5.761186221 0.3333333333333333 1
1572537363 4.564774354 0.4 2
1572538020 4.432332329 0.2 1
1572538680 4.450350426 0.0 0
1572539333 4.842781319 0.0 0
1572539980 4.559109829 0.0 0
1572540886 4.448373494 0.0 0
1572541539 4.547795971 0.2 1
1572542188 4.483014495 0.2 1
1572542835 4.464967373 0.0 0
1572543500 4.69618394 0.2 1
1572871254 4.600137063 0.2 1
1572871904 4.570895139 0.6 2
1572872581 4.656699309 0.2 1
1572873234 4.391579933 0.0 0
1572873887 4.285441351 0.0 0
1572874949 4.506996824 0.2 1
1572875811 4.70865026 0.0 0
1572877036 4.520490684 0.0 0
1572877686 4.414279882 0.0 0
1572878914 4.658105596 0.0 0
1572967320 4.646624587 0.0 0
1572967978 4.569034243 0.0 0
1572969280 4.346752709 0.0 0
1572969940 4.375574789 0.2 1
1572970591 4.632561018 0.0 0
1572971240 4.510666708 0.2 1
1572971903 4.775402395 0.0 0
1572972563 4.471558677 0.2 1
1572973277 4.543562095 0.0 0
1572973929 4.609510188 0.0 0
1572974581 4.476602294 0.0 0
1573208863 4.464102702 0.25 1
1573209518 4.528428758 0.25 1
1573210192 4.517173039 0.0 0
1573210862 4.507700519 0.2 1
1573211519 4.61200365 0.0 0
1573212168 4.580372319 0.0 0
1573212819 4.467369456 0.2 1
1573213471 4.475272379 0.0 0
1573214141 4.60727008 0.0 0
1573214796 4.621366505 0.0 0
1573310322 4.393239585 0.2 1
1573310945 4.013287724 0.0 0
1573312264 4.460142199 0.0 0
1573312874 4.140047865 0.0 0
1573313501 4.27171752 0.0 0
1573314133 4.379942719 0.0 0
1573314749 4.608218851 0.0 0
1574696358 4.450435907 0.0 0
1574696935 6.507523609 0.0 0
1574697528 4.106050154 0.25 1
1574698105 4.309091607 0.0 0
1574698690 4.009411482 0.0 0
1574709473 4.060372003 0.25 1
1574710760 4.204326635 0.0 0
1574956113 4.162026636 0.0 0
1574956685 4.315373374 0.0 0
1574957377 4.225978997 0.2 1
1574957953 4.305049405 0.0 0
1574958545 4.309255724 0.0 0
1574959134 4.278399418 0.2 1
1574959737 4.271578024 0.25 1
1574960316 4.167413176 0.0 0
1574961564 4.297748024 0.2 1
1575033036 4.394514168 0.0 0
1575033605 4.287802478 0.0 0
1575034195 4.509205415 0.6 2
1575034762 3.90510327 0.0 0
1575035333 4.400708299 0.0 0
1575036356 4.361103349 0.0 0
1575036933 4.325516821 0.0 0
1575037492 4.265754557 0.0 0
1575038495 3.961721861 0.0 0
1575039063 4.230535304 0.5 1
1575120327 4.299606137 0.2 1
1575120890 4.23875401 0.2 1
1575121451 3.832491967 0.0 0
1575122514 4.432213849 0.0 0
1575123071 4.188789311 0.0 0
1575123631 4.333371979 0.25 1
1575124186 4.059724165 0.0 0
1575124754 4.216071334 0.0 0
1575125311 4.197055618 0.0 0
1575125879 4.227816199 0.0 0
1575298204 5.268199313 0.0 0
1575298771 4.442945028 0.0 0
1575299351 4.134361 0.0 0
1575299923 4.320094508 0.0 0
1575300544 3.978548247 0.0 0
1575301115 4.225900653 1.0 2
1575301925 4.12709116 0.0 0
1575390111 4.127674661 0.25 1
1575390679 4.320248192 0.0 0
1575391246 4.425187486 0.2 1
1575391813 4.222339064 0.0 0
1575392622 4.264412335 0.0 0
1575393257 4.103980747 0.0 0
1575393819 4.126958643 0.25 1
1575394384 3.899915779 0.0 0
1575394947 3.793671564 0.0 0
1575395510 4.471951983 0.0 0
1575563043 4.57010884 0.0 0
1575564288 4.138763073 0.0 0
1575564871 4.313055518 0.0 0
1575565437 3.948532996 0.25 1
1575566005 4.283527274 0.25 1
1575566591 4.177704722 0.0 0
1575567910 3.990524801 0.8 1
1575568517 3.849536736 0.0 0
1579190964 4.079829168 0.0 0
1579191577 4.665386606 0.0 0
1579192142 4.138862227 0.2 1
1579192723 4.26585266 0.0 0
1579193287 4.389465988 0.2 1
1579193878 4.021313739 0.0 0
1579194445 4.351609302 0.0 0
1579195012 4.338368244 0.0 0
1579196166 4.200142173 0.0 0
1579359372 4.380045056 0.0 0
1579359945 4.303752374 0.0 0
1579361066 4.286231729 0.0 0
1579361622 4.019267209 0.25 1
1579362176 3.880378292 0.0 0
1579362732 4.144662979 0.0 0
1579363296 4.269725844 0.25 1
1579364423 4.254538042 0.25 1
1579530340 4.185359261 0.0 0
1579530987 4.118916867 0.0 0
1579532028 4.363771978 0.0 0
1579532730 3.931942418 0.0 0
1579533395 4.017082656 0.0 0
1579534659 4.261339864 0.0 0
1579535891 4.477016018 0.25 1
1579536948 4.262995861 0.0 0
1580223673 4.040254333 0.0 0
1580224234 4.357259993 0.0 0
1580224789 3.887283428 0.0 0
1580225352 4.267035138 0.0 0
1580225913 4.309558389 0.75 1
1580226496 4.072624448 0.0 0
1580227064 4.08091792 0.0 0
1580227661 4.078372009 0.0 0
1580228244 4.280517158 0.0 0
1580228803 4.113003351 0.0 0
1580312233 4.999712076 0.25 1
1580312813 4.185684736 0.0 0
1580314333 4.240348128 0.0 0
1580314890 4.143995249 0.0 0
1580315447 4.274710859 0.25 1
1580316009 4.238018127 0.0 0
1580316711 4.312043639 0.2 1
1581942368 4.638988969 0.0 0
1581944861 4.27048551 0.0 0
1581945838 4.269245447 0.0 0
1581946980 4.575217815 0.0 0
1581948990 4.55626524 0.0 0
1582033913 4.256461669 0.0 0
1582035568 4.622393981 0.0 0
1582036175 4.929165286 0.0 0
1582036777 4.572414025 0.0 0
1582037982 4.056211849 0.0 0
1582038580 4.028190725 0.0 0
1582041471 4.724555029 0.2 1
1582042082 4.202878445 0.0 0
1582043669 4.636596375 0.25 1
1582640707 4.189971602 0.0 0
1582643582 4.116368137 0.0 0
1582899877 4.216602528 0.0 0
1582900440 4.312455279 0.0 0
1582902744 4.066361593 0.0 0
1574710760 4.204326635 0.0 0
