1569854402 4.062284848 0.0 0
1569855814 4.150742222 0.0 0
1571330105 3.90714477 0.0 0
1571766460 3.878541284 0.0 0
1571767243 3.871146588 0.0 0
1572537375 3.190084367 0.0 0
1572538032 3.203246942 0.0 0
1572538692 3.196707822 0.0 0
1572539345 3.204771856 0.0 0
1572539991 3.184022643 0.0 0
1572540897 3.159906397 0.0 0
1572541551 3.268213203 0.0 0
1572542199 3.156671578 0.0 0
1572542846 3.321115117 0.0 0
1572543512 3.212768116 0.0 0
1572871265 3.175989513 0.0 0
1572871916 3.081246777 0.0 0
1572872593 3.20471495 0.0 0
1572873246 3.143519474 0.0 0
1572873899 3.287781887 0.0 0
1572874960 3.324453022 0.0 0
1572875822 3.139820057 0.0 0
1572877047 3.120576299 0.0 0
1572877697 3.287909218 0.0 0
1572878925 3.1481426 0.0 0
1572967331 3.234246358 0.0 0
1572967989 3.131592904 0.0 0
1572969291 3.199589308 0.0 0
1572969952 3.364109997 0.0 0
1572970602 3.19984505 0.0 0
1572971252 3.152540058 0.0 0
1572971915 3.28225063 0.0 0
1572972575 3.171042029 0.0 0
1572973288 3.274473336 0.0 0
1572973941 3.090561394 0.0 0
1572974592 3.068474864 0.0 0
1573208874 3.207203058 0.0 0
1573209529 3.229242381 0.0 0
1573210204 3.198058219 0.0 0
1573210873 3.141594717 0.0 0
1573211530 3.105370552 0.0 0
1573212179 3.168200805 0.0 0
1573212831 3.216740389 0.0 0
1573213482 3.137601383 0.0 0
1573214153 3.20764752 0.0 0
1573214808 3.53627215 0.0 0
1573310333 3.427609554 0.0 0
1573310956 3.013094686 0.0 0
1573311571 3.000534756 0.0 0
1573312275 2.986301333 0.0 0
1573312884 2.896423644 0.0 0
1573313512 2.9543689 0.0 0
1573314144 2.684115187 0.0 0
1573314759 3.226215737 0.0 0
1574696369 3.240727894 0.0 0
1574696947 3.577672035 0.25 1
1574697539 3.077711776 0.3333333333333333 1
1574698115 3.031605386 0.0 0
1574698700 3.200181185 0.0 0
1574709483 2.992851188 0.25 1
1574710770 2.797991066 0.0 0
1574956123 3.109194062 0.0 0
1574956696 2.992211388 0.0 0
1574957386 2.862592384 0.0 0
1574957963 3.01632294 0.0 0
1574958556 3.435889333 0.0 0
1574959145 2.977166393 0.0 0
1574959747 3.03970171 0.0 0
1574960326 2.836715421 0.0 0
1574960938 2.854498381 0.0 0
1574961575 2.956308859 0.6666666666666666 1
1575033046 3.068859197 0.3333333333333333 1
1575033615 3.0620173 0.0 0
1575034206 3.063735208 0.0 0
1575034772 2.887958819 0.0 0
1575035344 2.927850951 0.25 1
1575036366 2.888320858 0.0 0
1575036943 2.804613059 0.0 0
1575037502 2.903571038 0.0 0
1575038505 2.820848499 0.0 0
1575039073 3.27018125 0.0 0
1575120337 2.802599083 0.0 0
1575120901 2.824391638 0.0 0
1575121461 2.865093111 0.0 0
1575122524 2.956962873 0.0 0
1575123081 2.825135636 0.0 0
1575123641 2.91611288 0.0 0
1575124196 3.374276814 0.0 0
1575124764 3.066961144 0.0 0
1575125321 2.903303465 0.0 0
1575125890 2.88383124 0.0 0
1575297635 2.822201034 0.3333333333333333 1
1575298216 3.09110487 0.0 0
1575298782 4.079755841 0.0 0
1575299361 3.025775066 0.0 0
1575299934 2.864071033 0.0 0
1575300554 2.699279138 0.0 0
1575301125 2.744564015 0.0 0
1575301935 3.06186811 0.0 0
1575390121 2.908756167 0.0 0
1575390689 2.854290692 0.0 0
1575391257 2.995820648 0.0 0
1575391823 2.828821828 0.0 0
1575392632 2.773852181 0.0 0
1575393268 3.052897496 0.0 0
1575393828 2.768567964 0.0 0
1575394394 2.71958901 0.0 0
1575394957 2.816440186 0.0 0
1575395521 3.018025016 0.0 0
1575562356 2.864366995 0.0 0
1575563054 2.842078052 0.0 0
1575563701 2.774362254 0.0 0
1575564298 2.723626009 0.0 0
1575564881 2.941605234 0.0 0
1575565448 2.708188694 0.0 0
1575566015 2.847225787 0.0 0
1575566601 2.864635995 0.0 0
1575567921 3.283580112 0.0 0
1575568527 2.864086089 0.0 0
1579190974 2.989685256 0.0 0
1579191587 3.076384854 0.0 0
1579192153 2.796721973 0.0 0
1579192733 2.863881882 0.0 0
1579193297 2.961050321 0.0 0
1579193888 2.776303172 0.0 0
1579194455 2.939847184 0.0 0
1579195022 3.207726971 0.0 0
1579195612 3.124329778 0.0 0
1579196176 2.786526729 0.3333333333333333 1
1579359382 3.179287808 0.0 0
1579359956 3.124348086 0.0 0
1579360520 3.019088587 0.0 0
1579361076 3.236883743 0.0 0
1579361632 2.808852735 0.0 0
1579362186 2.856440214 0.25 1
1579362742 3.092139942 0.0 0
1579363306 3.371400728 0.0 0
1579363874 2.825970057 0.0 0
1579364433 2.821176832 0.3333333333333333 1
1579530350 2.852887021 0.0 0
1579530998 2.918454017 0.0 0
1579532039 2.814885659 0.0 0
1579532740 2.704353758 0.0 0
1579533406 2.807059582 0.0 0
1579534009 3.196343017 0.0 0
1579534669 2.77343086 0.0 0
1579535306 2.784666288 0.0 0
1579535902 3.067931654 0.0 0
1579536959 2.951958796 0.0 0
1580223683 3.078783052 0.0 0
1580224244 2.824154231 0.0 0
1580224799 2.902418273 0.0 0
1580225362 3.410805289 0.0 0
1580225923 2.901271787 0.0 0
1580226506 3.008483124 0.0 0
1580227074 2.9408329 0.0 0
1580227672 2.940305021 0.0 0
1580228254 2.845074505 0.3333333333333333 1
1580228813 2.858938854 0.3333333333333333 1
1580312244 3.001244422 0.0 0
1580312823 2.819528542 0.0 0
1580313379 2.892451186 0.0 0
1580314342 2.828585567 0.0 0
1580314900 2.781979817 0.0 0
1580315457 2.852640801 0.0 0
1580316019 3.046785786 0.0 0
1580316721 3.048378567 0.0 0
1580317309 2.963136532 0.0 0
1581942378 2.969523805 0.0 0
1581943583 2.860467187 0.0 0
1581944871 2.84130884 0.0 0
1581945848 2.916972971 0.0 0
1581946423 2.800333901 0.3333333333333333 1
1581946990 2.828948451 0.0 0
1581947911 2.785061652 0.0 0
1581949002 3.285896497 0.0 0
1582033923 7.981810435 0.0 0
1582035580 3.247631748 0.0 0
1582036186 3.219081122 0.0 0
1582036791 2.819926068 0.0 0
1582037395 3.02452419 0.0 0
1582037992 2.952018921 0.0 0
1582038590 2.956110026 0.25 1
1582041483 2.975878484 0.0 0
1582042092 2.763380328 0.0 0
1582043681 3.293310457 0.0 0
1582044293 3.036714752 0.5 1
1582637906 2.927379188 0.3333333333333333 1
1582638465 2.955192511 0.0 0
1582639540 2.830162568 0.0 0
1582640718 3.071223775 0.0 0
1582641277 2.891645593 0.0 0
1582641847 3.071980613 0.0 0
1582642415 2.949006771 0.0 0
1582642989 2.863441417 0.0 0
1582643592 2.939985399 0.0 0
1582644148 2.860916134 0.0 0
1582898747 3.13484298 0.0 0
1582899319 2.776646727 0.0 0
1582899887 2.987584191 0.0 0
1582900450 2.790613029 0.3333333333333333 1
1582902108 2.821586382 0.3333333333333333 1
1582902754 2.779632989 0.0 0
1582903351 2.880803244 0.0 0
1574710770 2.797991066 0.0 0
