1569854781 3.200236788 0.0 0
1569856388 2.981877653 0.0 0
1571330440 3.280696437 0.0 0
1571766798 3.574295291 0.0 0
1571767581 3.423546425 0.25 1
1572537654 2.740116063 0.0 0
1572538307 2.726345188 0.0 0
1572538967 2.780735863 0.0 0
1572539620 2.851648494 0.0 0
1572540268 2.743084983 0.0 0
1572541172 2.738408513 0.3333333333333333 1
1572541826 2.723319176 0.0 0
1572542476 2.697879742 0.5 1
1572543122 2.733896625 0.0 0
1572543794 3.057855859 0.6666666666666666 1
1572871541 2.852609863 0.0 0
1572872192 2.779201635 0.0 0
1572872873 3.161992532 0.0 0
1572874179 2.642515531 0.0 0
1572875244 2.939267435 0.0 0
1572876098 2.899357197 0.0 0
1572877324 2.779759624 0.3333333333333333 1
1572877979 2.761807125 0.0 0
1572879219 2.645502823 0.0 0
1572967609 2.808398628 0.0 0
1572968267 2.752073121 0.0 0
1572969567 2.67403712 0.0 0
1572970228 2.772348191 0.0 0
1572970878 2.716805562 0.3333333333333333 1
1572971540 2.847861386 0.0 0
1572972202 2.787512344 0.0 0
1572972851 2.688556513 0.0 0
1572973567 2.685028016 0.3333333333333333 1
1572974216 2.901469111 0.3333333333333333 1
1572974874 2.793435703 0.0 0
1573209151 3.121305798 0.0 0
1573209821 3.123904365 0.0 0
1573210482 2.825189712 0.0 0
1573211150 2.827148823 0.0 0
1573211809 2.723717837 0.0 0
1573212456 2.808330013 0.3333333333333333 1
1573213109 2.730570826 0.0 0
1573213759 2.868339118 0.0 0
1573214432 2.815403142 0.0 0
1573310597 2.567210611 0.3333333333333333 1
1573311216 2.59219115 0.0 0
1573311827 2.495648235 0.0 0
1573312532 2.640312249 0.3333333333333333 1
1573313151 2.604542461 1.5 2
1573313774 2.552795582 0.0 0
1573314402 2.528498928 1.0 2
1573315016 2.475870572 0.3333333333333333 1
1574696623 2.329423458 0.0 0
1574697203 2.399843051 0.0 0
1574697795 2.502832999 0.0 0
1574698367 2.259645198 0.0 0
1574698954 2.29722384 0.3333333333333333 1
1574709767 2.320067548 1.5 2
1574711025 2.564920229 0.0 0
1574956374 2.310857545 0.3333333333333333 1
1574957037 2.438387957 0.3333333333333333 1
1574957638 2.344622436 0.0 0
1574958220 2.341323301 0.0 0
1574958814 2.519805447 0.0 0
1574959424 2.306443531 0.0 0
1574960003 2.364839296 0.5 1
1574960579 2.225128038 0.3333333333333333 1
1574961190 2.415208217 0.0 0
1574961825 2.427631867 0.0 0
1575033303 2.555511097 0.0 0
1575033871 2.398761912 0.0 0
1575034460 2.78188415 0.6666666666666666 1
1575035036 2.303672493 0.0 0
1575035597 2.461253776 0.0 0
1575036635 2.386814208 0.0 0
1575037196 2.209681596 0.3333333333333333 1
1575037755 2.317102093 0.3333333333333333 1
1575038758 2.327300937 0.0 0
1575039330 2.298117456 0.0 0
1575120590 2.378005211 0.5 1
1575121155 2.34302678 0.5 1
1575122149 2.358277226 0.0 0
1575122776 2.26155123 0.0 0
1575123333 2.345150781 0.0 0
1575123892 2.31038241 0.0 0
1575124448 2.440922628 0.5 1
1575125014 2.351128663 0.0 0
1575125578 2.335434206 0.0 0
1575126145 2.489278949 1.0 1
1575297896 2.388666372 0.0 0
1575298469 2.467093709 0.0 0
1575299039 2.308773997 0.0 0
1575299618 2.344097953 0.0 0
1575300190 2.352312828 0.0 0
1575300808 2.32486851 0.0 0
1575301581 2.305445178 0.0 0
1575302189 2.183179758 0.0 0
1575390377 2.351655195 0.3333333333333333 1
1575390947 2.183771451 0.5 1
1575391510 2.227357969 0.0 0
1575392075 2.48826104 0.0 0
1575392886 2.415035436 0.0 0
1575393522 2.116057954 0.5 1
1575394081 2.40328611 0.3333333333333333 1
1575394648 2.480273065 0.0 0
1575395211 2.439411682 0.0 0
1575395774 2.310780046 0.3333333333333333 1
1575562621 2.238157835 0.0 0
1575563306 2.305657866 0.0 0
1575563955 2.265598125 0.0 0
1575564552 2.127906301 0.0 0
1575565134 2.322309106 0.0 0
1575565699 2.264974039 0.0 0
1575566273 2.432816051 0.0 0
1575566873 2.352666141 0.0 0
1575568200 2.307941044 0.0 0
1575568784 2.276990434 0.0 0
1579191229 2.340506104 0.0 0
1579191842 2.383791683 0.0 0
1579192409 2.423840564 0.0 0
1579192993 2.361933772 0.0 0
1579193579 2.268979177 0.0 0
1579194143 2.536283173 0.6666666666666666 1
1579194711 2.456822364 0.0 0
1579195278 2.395769142 0.0 0
1579195867 2.373340106 0.0 0
1579196429 2.700679853 0.0 0
1579359634 2.419594403 0.0 0
1579360212 2.207550735 0.0 0
1579360772 2.272077249 0.0 0
1579361328 2.224621723 0.0 0
1579361883 2.431747769 0.0 0
1579362438 2.16897304 0.0 0
1579362995 2.481848828 0.0 0
1579363561 2.633571068 0.0 0
1579364127 2.34056404 0.0 0
1579364687 2.223762278 0.0 0
1579530679 2.33094517 0.5 1
1579531252 2.395511452 0.0 0
1579532307 2.380739317 0.0 0
1579533000 2.567953451 0.0 0
1579533660 2.400968608 0.0 0
1579534261 2.244710611 0.3333333333333333 1
1579534948 2.5527001 0.0 0
1579535563 2.428737326 0.3333333333333333 1
1579536635 2.273357362 0.6666666666666666 1
1579537211 2.257810663 0.0 0
1580223938 2.65200843 0.0 0
1580224496 2.299602176 0.0 0
1580225053 2.350109226 0.5 1
1580225617 2.312742026 0.0 0
1580226175 2.394919932 0.0 0
1580226762 2.495950598 0.0 0
1580227329 2.488047995 0.0 0
1580227927 2.207373761 0.0 0
1580228507 2.343573818 0.0 0
1580229067 2.318956793 0.0 0
1580312495 2.202614217 0.5 1
1580313075 2.344749964 0.0 0
1580313955 2.38952611 0.0 0
1580314594 2.476370921 0.0 0
1580315151 2.386607976 0.0 0
1580315712 2.367430931 0.0 0
1580316274 2.33321253 0.0 0
1580316983 2.433993855 0.0 0
1580317572 2.465980948 0.0 0
1581942634 2.483242328 0.0 0
1581944212 2.353942222 0.0 0
1581945159 2.346726632 0.5 1
1581946108 2.515252872 0.3333333333333333 1
1581946677 2.429566208 0.5 1
1581947571 2.334160279 0.0 0
1581948165 2.332055345 0.0 0
1581949277 2.912633309 0.0 0
1582034981 2.749997473 0.3333333333333333 1
1582035853 2.557235614 0.3333333333333333 1
1582036458 2.660456521 1.0 1
1582037067 2.511274004 0.3333333333333333 1
1582037667 2.576286498 0.0 0
1582038262 2.248870738 0.5 1
1582038850 2.26934049 0.0 0
1582041764 2.93540593 0.0 0
1582042515 2.675910839 0.0 0
1582043965 2.594988551 0.0 0
1582044556 2.439767315 0.0 0
1582638157 2.266978235 0.5 1
1582638719 2.380948922 0.0 0
1582640155 2.320909262 0.0 0
1582640973 2.474844193 1.5 2
1582641532 2.487919433 1.0 1
1582642104 2.478243413 0.0 0
1582642671 2.440450191 0.5 1
1582643245 2.59589823 0.0 0
1582643843 2.51396961 0.0 0
1582644402 2.366378556 1.0 1
1582899013 2.541715199 1.5 2
1582899575 2.443684522 0.0 0
1582900142 2.606986911 0.0 0
1582900702 2.595814114 0.0 0
1582902446 2.316316633 0.0 0
1582903006 2.383066081 0.3333333333333333 1
1582903611 2.491341465 0.0 0
1574711025 2.564920229 0.0 0
