1569854777 3.968858298 0.0 0
1569856384 3.633769353 0.0 0
1571330436 3.809716448 0.0 0
1571766794 3.922076905 0.0 0
1571767577 3.888348488 0.0 0
1572537651 2.991243699 0.0 0
1572538304 3.016218897 0.0 0
1572538964 3.063608108 0.0 0
1572539617 2.975844651 0.0 0
1572540265 3.021389838 0.0 0
1572541170 2.913143788 0.0 0
1572541823 3.076483533 0.0 0
1572542473 3.028884981 0.0 0
1572543119 3.044923939 0.0 0
1572543791 3.223260212 0.0 0
1572871538 3.070316236 0.0 0
1572872189 3.078902076 0.0 0
1572872870 3.186981674 0.0 0
1572873518 3.093597469 0.0 0
1572874176 2.910046456 0.0 0
1572875241 3.115357867 0.0 0
1572876095 3.268397799 0.0 0
1572877321 3.038720933 0.0 0
1572877976 3.108322749 0.0 0
1572879216 2.988606521 0.0 0
1572967606 2.976738925 0.0 0
1572968264 3.06655695 0.0 0
1572969564 3.103400178 0.0 0
1572970225 3.070717377 0.0 0
1572970875 3.034155844 0.0 0
1572971538 2.971503256 0.0 0
1572972199 3.042987261 0.0 0
1572972848 3.076663761 0.0 0
1572973564 3.111876039 0.0 0
1572974213 3.021317176 0.0 0
1572974871 3.059496726 0.0 0
1573209148 2.978715443 0.3333333333333333 1
1573209818 3.015763148 0.0 0
1573210478 3.119551411 0.0 0
1573211147 2.851938003 0.0 0
1573211806 3.10705159 0.0 0
1573212453 3.110668996 0.0 0
1573213106 3.109139846 0.0 0
1573213756 3.018285555 0.3333333333333333 1
1573214429 3.021740745 0.3333333333333333 1
1573215086 3.444226507 0.0 0
1573310594 2.983953244 0.0 0
1573311213 2.74728311 0.0 0
1573311824 2.932052921 0.0 0
1573312530 2.950574386 0.0 0
1573313148 2.947060843 1.3333333333333333 2
1573313772 2.848689084 0.0 0
1573314400 2.811624855 0.0 0
1573315013 2.934325861 0.0 0
1574696620 2.876800628 0.0 0
1574697200 2.881290878 0.0 0
1574697792 2.903000168 0.0 0
1574698364 2.867498192 0.6666666666666666 1
1574698951 2.925367718 0.3333333333333333 1
1574709764 2.906116396 0.3333333333333333 1
1574711022 2.923739151 0.0 0
1574956371 2.965513531 0.0 0
1574957034 2.871308214 0.0 0
1574957636 2.843948201 0.0 0
1574958218 2.786815403 0.0 0
1574958811 2.737771744 0.0 0
1574959421 2.808694195 0.0 0
1574960000 2.823655259 0.0 0
1574960576 2.939348814 0.0 0
1574961187 2.901972472 0.0 0
1574961823 2.784537958 0.0 0
1575033300 2.814791234 0.0 0
1575033868 2.896481787 0.0 0
1575034457 2.943128288 0.0 0
1575035033 2.815598706 0.3333333333333333 1
1575035595 2.910351992 0.0 0
1575036632 2.806413624 0.0 0
1575037194 2.640765769 0.5 1
1575037753 2.753544236 0.0 0
1575038755 2.872346295 0.0 0
1575039327 2.753171813 0.0 0
1575120587 2.958727497 0.3333333333333333 1
1575121152 2.850700739 0.0 0
1575122146 2.751558436 0.0 0
1575122773 2.916212676 0.0 0
1575123330 2.92900805 0.0 0
1575123889 2.78595446 0.0 0
1575124445 2.848423783 0.0 0
1575125011 2.771885919 0.0 0
1575125575 2.820384125 0.0 0
1575126142 2.912656377 1.3333333333333333 2
1575297893 2.629738773 0.0 0
1575298466 2.944303835 0.0 0
1575299036 2.81571526 0.0 0
1575299616 2.828505336 0.0 0
1575300187 2.823190313 0.0 0
1575300805 3.002464846 0.0 0
1575301578 3.031623928 0.0 0
1575302186 3.060317216 0.0 0
1575390374 2.936241758 0.0 0
1575390944 2.777634592 0.3333333333333333 1
1575391507 2.874279254 0.0 0
1575392072 3.035895608 0.0 0
1575392883 2.988806425 0.0 0
1575393519 2.901395002 0.0 0
1575394078 2.776363082 0.0 0
1575394645 2.877790975 0.0 0
1575395208 2.927409156 0.0 0
1575395771 2.855580165 0.0 0
1575562618 2.972673022 0.0 0
1575563303 2.911315516 0.3333333333333333 1
1575563952 2.758819175 0.3333333333333333 1
1575564549 2.942985989 1.0 2
1575565131 2.799796289 0.3333333333333333 1
1575565696 2.886975928 0.3333333333333333 1
1575566270 2.888239742 0.6666666666666666 2
1575566870 2.938741909 1.0 2
1575568197 2.946471551 0.6666666666666666 2
1575568781 2.988758247 0.0 0
1579191226 2.867836545 0.0 0
1579191839 2.963193533 0.0 0
1579192406 2.884911832 0.0 0
1579192990 2.828099131 0.0 0
1579193576 2.983886107 0.0 0
1579194141 2.722594573 0.5 1
1579194708 2.883058681 0.0 0
1579195275 2.735717609 0.3333333333333333 1
1579195864 2.902882894 0.0 0
1579196426 2.811925202 0.0 0
1579359631 2.782851089 0.0 0
1579360209 2.683148627 0.0 0
1579360769 2.843697639 0.0 0
1579361325 2.910987671 0.0 0
1579361880 2.78682933 0.0 0
1579362435 3.154852064 0.0 0
1579362992 2.819419859 0.0 0
1579363558 2.916738564 0.0 0
1579364124 2.905611287 0.0 0
1579364684 2.55851705 0.0 0
1579530676 2.900856514 0.0 0
1579531249 2.780831591 0.3333333333333333 1
1579532304 2.947952002 0.0 0
1579532997 3.287685009 0.0 0
1579533657 2.866779934 0.0 0
1579534258 2.964553243 0.0 0
1579534945 2.832042934 0.0 0
1579535560 2.899565857 0.3333333333333333 1
1579536633 2.852707448 0.0 0
1579537208 2.937769891 0.3333333333333333 1
1580223935 2.89259172 0.0 0
1580224493 2.888022568 0.0 0
1580225050 2.852499385 0.3333333333333333 1
1580225614 2.895610185 0.0 0
1580226172 2.847307725 0.0 0
1580226759 2.977270822 0.0 0
1580227326 2.900261485 0.0 0
1580227924 2.910498704 0.0 0
1580228505 2.748221944 0.0 0
1580229064 2.954200298 0.0 0
1580312492 2.938814777 0.0 0
1580313072 2.903592469 0.0 0
1580313952 2.895703037 0.0 0
1580314591 2.819801569 0.0 0
1580315148 2.785693481 0.0 0
1580315709 2.930256971 0.0 0
1580316271 2.55960838 0.0 0
1580316981 2.816006914 0.5 1
1580317569 2.81252284 0.0 0
1581942632 2.783358405 0.0 0
1581944209 2.802955622 0.0 0
1581945156 2.904884011 0.0 0
1581946105 2.788803825 0.0 0
1581946674 2.854201579 0.0 0
1581947569 2.810652465 0.0 0
1581948162 2.84393801 0.0 0
1581949274 3.118805709 0.3333333333333333 1
1582034978 2.7228884 0.3333333333333333 1
1582035850 2.635145486 0.0 0
1582036455 2.98834031 0.0 0
1582037065 2.720211673 0.0 0
1582037664 2.974340631 0.0 0
1582038259 2.662626703 0.0 0
1582038847 2.739631429 0.0 0
1582041761 3.104301451 0.0 0
1582042512 2.666219996 0.0 0
1582043962 3.047587361 0.0 0
1582044553 2.740506264 0.0 0
1582638154 2.925039672 0.6666666666666666 1
1582638717 2.774819127 0.0 0
1582640152 2.810804046 0.0 0
1582640970 2.826283987 0.3333333333333333 1
1582641530 2.741994998 0.0 0
1582642101 2.815197756 0.0 0
1582642668 2.828638529 0.0 0
1582643243 2.79472033 0.0 0
1582643841 2.684309121 0.0 0
1582644399 2.829140618 0.0 0
1582899010 2.861007403 1.0 2
1582899572 2.807879858 0.0 0
1582900139 2.688921948 0.0 0
1582900699 2.772243941 0.0 0
1582902444 2.640189211 0.0 0
1582903003 2.799514621 0.0 0
1582903608 2.687887174 0.0 0
1574711022 2.923739151 0.0 0
