1569854399 2.899528687 0.3333333333333333 1
1569855812 2.998797587 0.6666666666666666 1
1571330102 2.886214701 0.6666666666666666 1
1571766458 2.87810331 0.5 1
1571767240 2.892236328 0.3333333333333333 1
1572537372 2.387618759 0.6666666666666666 1
1572538029 2.299359388 0.6666666666666666 1
1572538689 2.272157854 0.5 1
1572539342 2.259216737 0.6666666666666666 1
1572539989 2.181319495 0.5 1
1572540895 2.227031311 0.5 1
1572541548 2.310853065 0.6666666666666666 1
1572542197 2.382451172 0.5 1
1572542844 2.179377259 0.5 1
1572543509 2.310118068 0.6666666666666666 1
1572871263 2.298469184 0.5 1
1572871913 2.307704075 0.5 1
1572872590 2.327690122 0.3333333333333333 1
1572873243 2.295095037 0.6666666666666666 1
1572873896 2.355879361 0.5 1
1572874958 2.373500376 0.5 1
1572875820 2.311685324 0.5 1
1572877045 2.383981257 0.5 1
1572877695 2.239667829 0.5 1
1572878923 2.312975067 0.5 1
1572967329 2.214675368 0.5 1
1572967987 2.312142985 1.0 1
1572969289 2.248399752 0.5 1
1572969949 2.40360345 0.6666666666666666 1
1572970600 2.21132665 0.5 1
1572971249 2.342813581 0.5 1
1572971912 2.344279598 0.5 1
1572972572 2.242419869 0.6666666666666666 1
1572973286 2.306111431 0.5 1
1572973938 2.256655705 0.6666666666666666 1
1572974589 2.348600097 0.3333333333333333 1
1573208872 2.248244942 0.5 1
1573209527 2.214658549 0.5 1
1573210201 2.455763472 0.6666666666666666 1
1573210871 2.327198553 0.5 1
1573211528 2.274078754 0.5 1
1573212177 2.308011391 0.5 1
1573212828 2.204723661 0.5 1
1573213480 2.301914914 0.5 1
1573214150 2.25043078 0.6666666666666666 1
1573214805 2.267204727 0.6666666666666666 1
1573310331 2.298228866 0.6666666666666666 1
1573310954 2.04887147 1.0 1
1573311569 1.911472561 0.6666666666666666 1
1573312273 1.996471397 0.5 1
1573312882 2.222671276 0.5 1
1573313510 2.365836347 0.5 1
1573314142 1.972287361 0.5 1
1573314757 1.949928058 0.5 1
1574696367 2.15715824 0.6666666666666666 1
1574696945 1.916688136 1.0 2
1574697536 2.227652642 0.6666666666666666 1
1574698113 2.08853114 1.0 1
1574698698 2.129030338 0.5 1
1574709481 2.167321417 0.5 1
1574710768 2.148654531 0.0 0
1574956121 2.096829111 0.5 1
1574956693 2.392472738 0.6666666666666666 1
1574957385 1.879802429 1.0 1
1574957961 2.00188961 0.5 1
1574958554 2.26546086 1.0 1
1574959143 2.30380921 1.0 1
1574959745 2.292717577 0.5 1
1574960324 2.077737925 0.5 1
1574960936 2.044545278 0.3333333333333333 1
1574961573 2.089913585 0.5 1
1575033044 2.311765518 0.6666666666666666 1
1575033613 2.305510513 0.5 1
1575034204 2.376859517 0.5 1
1575034770 2.132723173 0.5 1
1575035342 2.089063634 0.5 1
1575036364 2.217480072 0.5 1
1575036941 2.084264951 0.5 1
1575037500 2.091092095 0.5 1
1575038503 1.913931815 0.5 1
1575039071 2.084904378 0.5 1
1575120335 2.130335013 0.6666666666666666 1
1575120899 2.162588126 1.0 1
1575121459 2.166039329 0.5 1
1575122522 1.960321358 0.5 1
1575123079 1.993167482 0.5 1
1575123639 2.126152851 0.5 1
1575124194 2.066202322 0.5 1
1575124762 1.956877309 0.5 1
1575125319 2.085401787 1.0 1
1575125887 2.268527959 0.6666666666666666 1
1575298213 2.065800412 0.5 1
1575298780 2.341568394 0.5 1
1575299359 2.134625529 0.5 1
1575299932 2.435527833 0.3333333333333333 1
1575300552 2.012233799 0.5 1
1575301123 2.044855271 0.5 1
1575301933 2.095255931 0.5 1
1575390119 2.34015475 0.0 0
1575390687 2.391869783 0.5 1
1575391255 2.421409482 0.5 1
1575391821 2.044156944 0.0 0
1575392630 2.121655025 0.5 1
1575393265 2.196553946 0.3333333333333333 1
1575393827 1.956355221 1.0 1
1575394392 2.292048224 0.5 1
1575394955 2.244835333 0.5 1
1575395518 2.220486888 0.5 1
1575562354 2.014806044 0.0 0
1575563052 2.146776436 0.0 0
1575563699 2.384299264 0.3333333333333333 1
1575564296 1.969256981 0.5 1
1575564880 2.009261304 1.0 1
1575565445 2.210435355 1.5 2
1575566013 2.187353596 0.5 1
1575566599 2.44420714 0.5 1
1575567919 2.055681116 0.0 0
1575568525 2.245915149 0.5 1
1579190972 2.139417407 0.5 1
1579191585 2.143156443 0.5 1
1579192151 2.058947845 1.0 1
1579192731 2.039917512 0.5 1
1579193296 1.935025683 1.0 1
1579193886 2.17944552 0.5 1
1579194453 2.318731965 0.5 1
1579195020 2.034604456 0.5 1
1579195610 2.222272155 0.3333333333333333 1
1579196174 2.027530583 0.5 1
1579359380 2.005907344 0.5 1
1579359953 2.179121608 0.5 1
1579360517 2.036244374 0.3333333333333333 1
1579361074 2.190548781 0.5 1
1579361630 1.9992105 0.5 1
1579362184 2.214450353 1.0 2
1579362740 2.011241264 0.5 1
1579363304 1.950861893 0.5 1
1579363872 1.973117615 0.3333333333333333 1
1579364431 2.019667083 0.5 1
1579530348 2.303941703 0.5 1
1579530995 2.141627118 0.6666666666666666 1
1579532036 2.185182556 0.6666666666666666 1
1579532738 2.208658772 0.5 1
1579533403 2.268012209 0.6666666666666666 1
1579534007 2.041329652 0.3333333333333333 1
1579534667 1.874363372 0.5 1
1579535304 2.088313989 0.3333333333333333 1
1579535899 2.172779321 0.3333333333333333 1
1579536957 2.118783655 1.0 1
1580223681 2.17223892 1.0 1
1580224242 2.015893102 0.5 1
1580224797 2.100545027 1.0 1
1580225360 2.191456938 0.5 1
1580225921 1.963312256 0.5 1
1580226504 2.147471222 0.5 1
1580227072 2.080105343 0.5 1
1580227670 2.267455915 0.5 1
1580228252 2.122038956 0.5 1
1580228811 2.121637809 0.5 1
1580312241 2.071451785 0.5 1
1580312821 2.052375087 0.5 1
1580313377 2.00547654 0.6666666666666666 1
1580314341 1.964855298 1.0 1
1580314898 1.935273197 0.5 1
1580315455 2.050191496 0.5 1
1580316017 2.178307858 0.5 1
1580316719 2.054250746 0.6666666666666666 1
1580317307 2.176157515 0.3333333333333333 1
1581942376 2.095622518 0.5 1
1581943582 2.049335346 0.6666666666666666 1
1581944869 2.167442519 0.5 1
1581945846 2.018209143 0.5 1
1581946988 1.956966718 0.5 1
1581947909 2.329858437 0.3333333333333333 1
1581948999 2.463519676 0.6666666666666666 1
1582033921 2.252307037 0.5 1
1582035577 2.344222266 0.6666666666666666 1
1582036184 2.420216424 0.5 1
1582037393 2.17222816 1.0 2
1582037990 2.081614621 0.5 1
1582038588 2.003462512 0.5 1
1582041480 2.40433826 0.5 1
1582042090 2.011025718 0.5 1
1582043678 2.431930672 0.6666666666666666 1
1582044291 2.373758464 0.0 0
1582637904 1.924902033 0.3333333333333333 1
1582638463 2.070092127 0.3333333333333333 1
1582639538 2.219239448 0.6666666666666666 1
1582640715 2.300956515 0.6666666666666666 1
1582641275 1.993988229 0.3333333333333333 1
1582641845 2.0487277 0.3333333333333333 1
1582642413 2.157932826 0.3333333333333333 1
1582642988 2.184523263 0.6666666666666666 1
1582643591 2.079805135 0.6666666666666666 1
1582644146 2.044896906 0.3333333333333333 1
1582898745 2.079696328 0.3333333333333333 1
1582899885 2.219108485 1.0 1
1582900449 1.907625535 0.5 1
1582902106 1.984879137 0.3333333333333333 1
1582902753 2.091525946 1.0 1
1582903350 2.059147006 0.6666666666666666 1
1574710768 2.148654531 0.0 0
