1569854394 5.375714544 0.0 0
1569855806 5.520706977 0.0 0
1571330096 5.474679959 0.0 0
1571766452 5.640085523 0.0 0
1571767235 5.634254968 0.0 0
1572537368 4.2874312 0.0 0
1572538025 4.43771856 0.0 0
1572538685 4.403110612 0.0 0
1572539338 4.446455242 0.0 0
1572539984 4.377953498 0.0 0
1572540890 4.5345961 0.0 0
1572541544 4.361811198 0.0 0
1572542193 4.358341011 0.0 0
1572542840 4.471019244 0.0 0
1572543505 4.420845002 0.0 0
1572871259 4.356769683 0.0 0
1572871909 4.407860939 0.0 0
1572872586 4.363556575 0.0 0
1572873239 4.356671527 0.0 0
1572873892 4.51824167 0.0 0
1572874954 4.448626392 0.0 0
1572875815 4.392298471 0.0 0
1572877040 4.451083041 0.0 0
1572877690 4.62401761 0.0 0
1572878918 4.452417533 0.0 0
1572967325 4.349002979 0.0 0
1572967982 4.262782275 0.0 0
1572969284 4.566947648 0.0 0
1572969945 4.523860713 0.0 0
1572970595 4.404250447 0.0 0
1572971245 4.354182408 0.0 0
1572971907 4.711930388 0.0 0
1572972568 4.463208721 0.0 0
1572973281 4.392494395 0.0 0
1572973934 4.481685217 0.0 0
1572974585 4.421208192 0.0 0
1573208867 4.548200292 0.0 0
1573209522 4.401130894 0.0 0
1573210197 4.352567741 0.0 0
1573210867 4.39218305 0.0 0
1573211523 4.561770734 0.0 0
1573212172 4.470775536 0.0 0
1573212824 4.467662429 0.0 0
1573213475 4.525479265 0.0 0
1573214146 4.469364814 0.0 0
1573214801 4.864908283 0.0 0
1573310327 4.423090908 0.0 0
1573310949 4.238425148 0.0 0
1573312269 4.117571706 0.0 0
1573312878 4.11676084 0.0 0
1573313506 4.228873319 0.0 0
1573314138 4.398097482 0.0 0
1573314753 3.5816312 0.0 0
1574696362 4.196727258 0.0 0
1574696941 3.948557961 0.0 0
1574697532 4.347078955 0.0 0
1574698109 3.805455618 0.0 0
1574698694 3.886802422 0.0 0
1574709477 4.111457661 0.0 0
1574710764 4.060398941 0.0 0
1574956117 3.818814674 0.0 0
1574956689 3.893283836 0.0 0
1574957381 3.970533458 0.0 0
1574957957 3.832194627 0.0 0
1574958550 4.099970476 0.0 0
1574959139 4.016931489 0.0 0
1574959741 4.115579568 0.0 0
1574960320 3.924543118 0.0 0
1574961569 4.135493455 0.0 0
1575033040 4.007775428 0.0 0
1575033609 3.971971268 0.0 0
1575034200 3.753790202 0.0 0
1575034766 4.057092602 0.0 0
1575035338 3.915812415 0.0 0
1575036360 3.868896299 0.0 0
1575036937 3.806863407 0.0 0
1575037496 3.847059378 0.0 0
1575038499 4.140827306 0.0 0
1575039067 4.022540848 0.0 0
1575120332 3.887110417 0.0 0
1575120895 3.883663915 0.0 0
1575121455 4.104216994 0.0 0
1575122518 3.648146784 0.0 0
1575123075 3.843356762 0.0 0
1575123635 3.756335039 0.0 0
1575124190 3.898604763 0.0 0
1575124758 3.890508742 0.0 0
1575125315 3.867927213 0.0 0
1575125883 3.964330245 0.0 0
1575297628 5.352512972 0.0 0
1575298209 4.005250141 0.0 0
1575298775 4.491040926 0.0 0
1575299355 4.110368734 0.0 0
1575299928 3.940807576 0.0 0
1575300548 4.148086128 0.0 0
1575301119 3.940564681 0.0 0
1575301929 4.11982441 0.0 0
1575390115 4.068415815 0.0 0
1575390683 3.801016843 0.0 0
1575391251 3.842950615 0.0 0
1575391817 4.025210816 0.0 0
1575392626 3.67096352 0.0 0
1575393262 3.856706692 0.0 0
1575393823 3.998139875 0.0 0
1575394388 4.08509973 0.0 0
1575394951 4.276011664 0.0 0
1575395514 3.810290365 0.0 0
1575563048 3.87496006 0.0 0
1575564292 4.084258313 0.0 0
1575564876 3.833612759 0.0 0
1575565441 4.304156302 0.0 0
1575566009 3.878217854 0.0 0
1575566595 3.802035987 0.0 0
1575567914 4.19795686 0.2 1
1575568521 3.967123664 0.0 0
1579190968 4.045645621 0.0 0
1579191582 3.80181627 0.0 0
1579192147 3.926809439 0.0 0
1579192727 3.855828483 0.0 0
1579193292 3.926721238 0.0 0
1579193882 4.093345947 0.0 0
1579194449 4.003299588 0.0 0
1579195016 3.798065794 0.0 0
1579196170 3.988898834 0.0 0
1579359376 3.799323686 0.0 0
1579359949 3.908920375 0.0 0
1579361070 3.895318011 0.0 0
1579361626 3.887615231 0.0 0
1579362180 4.063456734 0.0 0
1579362736 3.748043167 0.0 0
1579363300 4.055210248 0.0 0
1579364427 3.927860807 0.0 0
1579530344 3.826759225 0.0 0
1579530992 3.909289626 0.0 0
1579532032 3.999633598 0.0 0
1579532734 4.101184867 0.0 0
1579533399 4.100579906 0.0 0
1579534664 3.819183176 0.0 0
1579535895 4.143311376 0.0 0
1579536953 4.043701649 0.0 0
1580223677 4.021656557 0.0 0
1580224238 3.819617397 0.0 0
1580224793 4.093147379 0.0 0
1580225356 3.909549169 0.0 0
1580225917 3.876745185 0.0 0
1580226500 4.131387051 0.0 0
1580227068 3.854417375 0.0 0
1580227665 4.097709279 0.0 0
1580228248 3.853949778 0.0 0
1580228807 3.962180021 0.0 0
1580312238 3.804873609 0.0 0
1580312817 3.924196838 0.0 0
1580314337 3.931777241 0.0 0
1580314894 3.904205567 0.0 0
1580315451 3.845866599 0.0 0
1580316013 3.924411136 0.0 0
1580316716 3.790071653 0.0 0
1581942373 3.752811636 0.0 0
1581944866 3.808930378 0.0 0
1581945842 3.965559102 0.0 0
1581946985 3.739596109 0.0 0
1581948995 4.520525526 0.0 0
1582033917 3.837934622 0.0 0
1582035573 4.647432422 0.0 0
1582036180 4.398514861 0.0 0
1582037986 3.866447748 0.0 0
1582038584 4.120488365 0.0 0
1582041476 4.122688938 0.0 0
1582042086 4.064737802 0.0 0
1582043673 4.879620877 0.0 0
1582640711 3.908862574 0.0 0
1582643587 3.978754368 0.0 0
1582899881 3.952115511 0.25 1
1582900445 3.900056589 0.0 0
1582902748 4.065616458 0.0 0
1574710764 4.060398941 0.0 0
