1569854774 2.906846641 0.0 0
1569856382 2.478838841 0.0 0
1571330434 2.836963691 0.0 0
1571766791 3.153189052 0.0 0
1571767575 2.779654936 0.0 0
1572537649 2.256994178 0.0 0
1572538302 2.173875197 0.0 0
1572538962 2.307557963 0.0 0
1572539615 2.307618833 0.0 0
1572540263 2.337930571 0.5 1
1572541167 2.300001834 0.0 0
1572541821 2.076502154 0.0 0
1572542470 2.235239695 0.0 0
1572543116 2.220847169 0.0 0
1572543788 2.316203546 0.0 0
1572871535 2.232078962 0.0 0
1572872187 2.181604104 0.0 0
1572872868 2.352915611 0.5 1
1572873516 2.211210352 0.0 0
1572874174 2.301286317 0.0 0
1572875239 2.256745952 0.5 1
1572876093 2.444624149 0.0 0
1572877319 2.131068995 0.0 0
1572877974 2.266952358 0.0 0
1572879213 2.306950179 0.0 0
1572967604 2.208645708 0.0 0
1572968262 2.216553994 0.0 0
1572969561 2.301008196 0.0 0
1572970223 2.129693946 0.0 0
1572970873 2.131713076 0.0 0
1572971535 2.425456604 0.0 0
1572972196 2.18692099 0.0 0
1572972845 2.123532173 0.0 0
1572973562 2.429513976 0.0 0
1572974211 2.081807255 0.0 0
1572974868 2.139431369 0.3333333333333333 1
1573209145 2.173395765 0.0 0
1573209816 2.227563081 0.0 0
1573210476 2.189840242 0.0 0
1573211144 2.348801679 0.0 0
1573211804 2.290457669 0.0 0
1573212451 2.129317003 0.0 0
1573213104 2.212263103 0.0 0
1573213754 2.304943328 0.0 0
1573214427 2.192958866 0.5 1
1573215084 2.303939503 0.5 1
1573310592 1.96841282 0.0 0
1573311211 2.287691225 0.0 0
1573311822 2.264080898 0.0 0
1573312528 1.912792352 0.0 0
1573313145 2.224405356 0.0 0
1573313769 2.114649196 0.3333333333333333 1
1573314397 2.031136256 0.0 0
1573315011 2.224950412 0.0 0
1574696618 1.977983913 0.5 1
1574697198 1.967341132 0.0 0
1574697790 1.977272305 0.0 0
1574698362 2.053275556 0.5 1
1574698949 2.010999853 0.0 0
1574709762 1.924389822 0.0 0
1574711020 1.942367968 0.0 0
1574956369 1.954395791 0.5 1
1574957032 2.028991958 0.0 0
1574957633 2.062619871 0.0 0
1574958216 1.994943714 0.0 0
1574958809 1.999252005 0.5 1
1574959419 1.794106907 0.0 0
1574959998 2.004020098 0.0 0
1574960574 2.016140081 0.0 0
1574961185 1.883465301 0.0 0
1574961821 2.004290072 0.0 0
1575033298 1.964463598 0.0 0
1575033866 1.987406011 0.0 0
1575034455 2.002919605 0.0 0
1575035031 2.051925859 0.0 0
1575035592 2.05570264 0.0 0
1575036630 2.051474693 0.0 0
1575037192 1.959053714 0.0 0
1575037751 1.989364589 0.5 1
1575038754 1.956302187 0.0 0
1575039325 2.022113963 0.5 1
1575120585 2.130788793 0.5 1
1575121150 2.010842508 0.0 0
1575122144 2.099722582 0.0 0
1575122771 2.015502081 0.0 0
1575123328 2.008805334 0.0 0
1575123887 1.959067695 0.5 1
1575124443 1.917018419 0.0 0
1575125009 1.963626095 0.0 0
1575125573 1.959966426 0.0 0
1575126140 1.937600225 0.0 0
1575297892 1.994763804 0.0 0
1575298465 1.788701855 0.0 0
1575299034 1.872347485 0.0 0
1575299614 1.963965934 0.5 1
1575300185 2.056586478 0.0 0
1575300803 1.873722217 0.0 0
1575301576 1.834902931 0.0 0
1575302184 1.800577124 0.0 0
1575390372 1.963585587 0.0 0
1575390942 2.051126694 0.0 0
1575391505 1.991598121 0.0 0
1575392070 1.829971654 0.5 1
1575392881 1.926859878 0.0 0
1575393517 1.954712145 0.0 0
1575394076 2.185578289 0.0 0
1575394643 1.940985605 0.5 1
1575395206 1.877276469 0.5 1
1575395769 1.91164461 0.0 0
1575562616 1.985862432 0.0 0
1575563301 1.92787749 0.0 0
1575563951 0.859838269 0.0 0
1575564547 1.872292167 0.0 0
1575565129 1.910698629 0.5 1
1575565694 1.876435411 0.0 0
1575566268 1.878808121 0.0 0
1575566868 2.007884358 0.0 0
1575568195 1.893937541 0.0 0
1575568779 1.841970205 0.0 0
1579191224 1.944620018 0.5 1
1579191837 2.053473015 0.0 0
1579192404 2.005196883 0.0 0
1579192988 1.86509148 0.5 1
1579193574 1.9601331 0.0 0
1579194139 2.090805437 0.0 0
1579194706 2.003164417 0.0 0
1579195273 2.05290879 0.0 0
1579195862 2.018487324 0.0 0
1579196424 1.96181177 0.0 0
1579359630 1.928741666 0.0 0
1579360207 2.223764608 0.5 1
1579360767 2.015689367 0.0 0
1579361323 2.002190767 0.0 0
1579361878 2.048564182 0.0 0
1579362433 1.962127906 0.0 0
1579362990 2.046761858 0.0 0
1579363556 1.951467449 0.0 0
1579364122 1.971091633 0.0 0
1579364682 2.141591412 0.0 0
1579530674 2.008643009 0.0 0
1579531247 2.186384737 0.5 1
1579532303 1.96223929 0.5 1
1579532995 2.051565045 0.0 0
1579533655 1.915180641 0.0 0
1579534256 2.055011817 0.5 1
1579534943 2.056679945 0.0 0
1579535558 2.187657607 0.0 0
1579536631 1.917597482 0.0 0
1579537206 2.014832724 0.5 1
1580223933 1.909840406 0.0 0
1580224491 2.012160517 0.0 0
1580225048 2.038755827 0.0 0
1580225612 2.009083173 0.0 0
1580226170 1.881168579 0.0 0
1580226757 1.942419318 0.0 0
1580227324 1.949263021 0.0 0
1580227922 2.356004952 0.0 0
1580228502 2.098044785 0.0 0
1580229062 1.96460601 0.0 0
1580312490 1.99789083 0.0 0
1580313070 2.013000376 0.0 0
1580313950 2.001674956 0.0 0
1580314589 2.008498082 0.0 0
1580315146 2.068775247 0.0 0
1580315707 1.919503868 0.0 0
1580316269 2.207769469 0.0 0
1580316979 2.003091472 0.0 0
1580317567 1.997746371 0.0 0
1581942630 2.017569903 0.0 0
1581944207 2.009135114 0.0 0
1581945154 1.958492662 0.5 1
1581946103 2.142027835 0.0 0
1581946672 1.994198425 0.0 0
1581947567 2.04657045 0.0 0
1581948160 1.963129389 0.0 0
1581949271 2.231105916 0.3333333333333333 1
1582034976 2.233011432 0.0 0
1582035848 2.46804366 0.5 1
1582036452 2.263248351 0.0 0
1582037063 1.921345772 0.0 0
1582037662 2.225142165 0.0 0
1582038257 2.0948523 0.0 0
1582038845 2.05107385 0.0 0
1582041758 2.392155725 0.3333333333333333 1
1582042510 2.140632496 0.0 0
1582043960 2.506195724 0.0 0
1582044551 1.881878129 0.5 1
1582638152 1.972614865 0.0 0
1582638715 1.968844918 0.0 0
1582640150 2.075557856 0.0 0
1582640968 1.867726462 0.0 0
1582641528 1.959835964 1.0 1
1582642099 1.972286786 0.0 0
1582642666 1.869340823 0.5 1
1582643241 2.053942704 0.5 1
1582643838 2.067976188 0.0 0
1582644397 1.950451276 0.0 0
1582899008 2.007020727 0.0 0
1582899570 2.043348808 0.0 0
1582900137 2.033353883 0.5 1
1582900697 2.052758351 0.0 0
1582902442 2.051958513 0.5 1
1582903002 1.905670672 1.0 1
1582903606 2.006873219 0.5 1
1574711020 1.942367968 0.0 0
