1569854404 3.495594075 0.3333333333333333 1
1569855816 3.979529295 0.5 1
1571330106 3.938858199 0.0 0
1571766462 4.028044102 0.0 0
1571767244 3.882641212 0.0 0
1572537376 3.23320544 0.0 0
1572538033 3.308739142 0.0 0
1572538693 3.106602078 0.0 0
1572539346 3.158803914 0.0 0
1572539992 3.26695331 0.6666666666666666 1
1572540898 3.279399737 0.3333333333333333 1
1572541552 3.368796973 0.0 0
1572542200 3.158200842 0.0 0
1572542847 3.10806182 0.25 1
1572543513 3.083233005 0.0 0
1572871267 3.255636918 0.3333333333333333 1
1572871917 3.243905305 0.3333333333333333 1
1572872594 3.164552099 0.3333333333333333 1
1572873247 3.069324572 0.0 0
1572873900 3.111200162 0.0 0
1572874962 3.196067247 0.3333333333333333 1
1572875823 3.256370208 0.3333333333333333 1
1572877048 3.210764463 0.0 0
1572877698 3.301533072 0.6666666666666666 2
1572878926 3.136572919 0.3333333333333333 1
1572967333 3.152490579 0.0 0
1572967990 3.120822519 1.3333333333333333 2
1572969292 3.156804315 0.0 0
1572969953 3.420139715 0.0 0
1572970603 3.180862349 0.0 0
1572971253 3.227170302 0.0 0
1572971916 3.198514756 0.0 0
1572972576 3.249408858 0.3333333333333333 1
1572973289 3.110606771 0.3333333333333333 1
1572973942 3.132361018 0.6666666666666666 2
1572974593 3.312728929 0.3333333333333333 1
1573208875 3.20215584 0.0 0
1573209530 2.983561468 0.3333333333333333 1
1573210205 3.153587129 0.6666666666666666 1
1573210874 3.166487749 0.25 1
1573211531 3.151234423 0.0 0
1573212180 3.166535383 0.3333333333333333 1
1573212832 3.277050154 0.0 0
1573213483 3.280254581 0.3333333333333333 1
1573214154 3.164535678 0.3333333333333333 1
1573214809 3.429963155 0.3333333333333333 1
1573310335 3.224167701 0.3333333333333333 1
1573310957 2.920259664 0.3333333333333333 1
1573311572 2.977542133 0.6666666666666666 1
1573312276 2.821889698 0.6666666666666666 1
1573312885 3.168718967 0.0 0
1573313513 2.843674252 0.3333333333333333 1
1573314145 2.940060494 0.6666666666666666 1
1573314760 3.04633533 0.0 0
1574696370 2.856488559 0.0 0
1574696948 4.022301218 0.5 1
1574697540 3.268614242 0.6666666666666666 2
1574698116 2.816072987 0.0 0
1574698701 2.732686645 0.3333333333333333 1
1574709485 3.164894113 1.0 2
1574710772 2.894085574 0.0 0
1574956124 2.731176587 0.3333333333333333 1
1574956697 2.767606223 0.5 1
1574957388 2.816139416 1.3333333333333333 2
1574957964 2.911240904 0.3333333333333333 1
1574958557 2.798780627 0.3333333333333333 1
1574959146 2.779109904 0.6666666666666666 1
1574959748 2.814251242 0.3333333333333333 1
1574960327 2.842553413 1.0 2
1574960939 2.839976588 0.6666666666666666 2
1574961576 2.696035615 1.3333333333333333 2
1575033048 2.730849955 0.5 1
1575033616 2.724080671 0.3333333333333333 1
1575034207 2.711003768 1.0 1
1575034773 3.080079988 0.75 1
1575035345 2.872164655 0.0 0
1575036367 2.675227384 0.0 0
1575036944 2.729016989 0.3333333333333333 1
1575037503 2.851774062 0.3333333333333333 1
1575038506 2.82673885 0.3333333333333333 1
1575039074 2.675247692 0.0 0
1575120339 2.685140407 1.0 2
1575120902 2.769141017 0.0 0
1575121463 2.947149522 0.6666666666666666 1
1575122525 2.82852316 0.6666666666666666 1
1575123082 2.810417113 0.0 0
1575123642 2.892283168 0.3333333333333333 1
1575124197 2.865626687 0.0 0
1575124765 2.763583853 0.3333333333333333 1
1575125322 2.824470189 1.0 2
1575125891 2.871257668 0.0 0
1575297637 2.513496777 0.6666666666666666 1
1575298216 2.883337523 0.0 0
1575299362 2.88786548 0.0 0
1575299935 2.833067725 0.0 0
1575300555 2.858767571 1.0 2
1575301126 2.745040813 0.3333333333333333 1
1575301936 2.953593725 0.0 0
1575390123 2.841717234 0.0 0
1575390690 2.815561178 0.6666666666666666 1
1575391258 3.020335591 1.0 1
1575391824 2.756632236 0.3333333333333333 1
1575392633 2.877343951 0.0 0
1575393269 2.892543718 0.0 0
1575393830 2.684452112 0.5 1
1575394395 2.949740828 0.3333333333333333 1
1575394958 2.946011568 0.0 0
1575395521 2.948545627 0.0 0
1575562357 2.734688551 0.0 0
1575563055 2.731218855 0.0 0
1575563703 2.795876167 0.0 0
1575564299 2.724215193 0.0 0
1575564882 2.722387645 0.0 0
1575565448 2.901099469 0.0 0
1575566016 2.816587199 0.0 0
1575566603 2.82375506 0.0 0
1575567922 2.875872046 0.0 0
1575568528 2.793789806 0.0 0
1579190975 2.90081961 0.3333333333333333 1
1579191589 2.66486316 0.5 1
1579192154 2.940523385 0.5 1
1579192734 2.804174686 1.0 1
1579193298 2.735917603 0.6666666666666666 1
1579193889 2.728127579 0.3333333333333333 1
1579194457 2.984879029 0.6666666666666666 1
1579195023 2.968905941 0.6666666666666666 1
1579195613 2.859981547 0.3333333333333333 1
1579196177 2.67326015 1.6666666666666667 2
1579359383 2.827338537 0.0 0
1579359956 2.964278828 0.0 0
1579360520 2.974645719 0.3333333333333333 1
1579361077 2.778405334 1.0 2
1579361633 2.813087022 0.6666666666666666 1
1579362187 2.834561876 1.3333333333333333 3
1579362743 2.67534123 0.6666666666666666 1
1579363307 2.891731863 0.6666666666666666 1
1579363875 2.947630515 0.3333333333333333 1
1579364434 2.811669937 1.6666666666666667 2
1579530351 2.985956016 0.6666666666666666 1
1579530999 2.896318239 0.3333333333333333 1
1579532040 2.836665799 0.5 1
1579532741 3.009310152 0.3333333333333333 1
1579533407 2.867901296 0.0 0
1579534010 2.932868562 0.6666666666666666 2
1579534670 2.818136087 0.6666666666666666 2
1579535307 2.788313994 1.0 1
1579535903 2.731751086 1.0 3
1579536960 2.787781115 0.3333333333333333 1
1580223684 2.739438194 0.3333333333333333 1
1580224245 2.780696437 1.0 2
1580224800 2.84100043 1.3333333333333333 2
1580225363 2.906296145 0.3333333333333333 1
1580225924 2.88370611 0.0 0
1580226507 2.932631602 0.0 0
1580227075 2.914746977 0.0 0
1580227673 2.891861071 1.0 1
1580228255 2.817894375 1.3333333333333333 2
1580228814 2.802887898 1.6666666666666667 2
1580312245 2.806187182 0.0 0
1580312824 2.800649896 1.3333333333333333 2
1580313380 2.816844169 0.6666666666666666 1
1580314344 2.839850647 1.5 3
1580314901 2.745117754 1.3333333333333333 2
1580315458 2.767312206 0.6666666666666666 1
1580316020 2.953761417 0.3333333333333333 1
1580316723 2.940526567 1.0 1
1580317310 2.845164184 0.3333333333333333 1
1581942380 2.820202686 0.0 0
1581943585 2.666651612 1.0 2
1581944872 2.933002455 0.3333333333333333 1
1581945850 2.733962074 0.0 0
1581946424 2.804343068 1.3333333333333333 2
1581946992 2.786829151 1.0 2
1581947912 2.989119645 1.0 1
1581949003 3.326920218 0.3333333333333333 1
1582033924 42.683567666 1.813953488372093 3
1582035581 3.096249708 0.3333333333333333 1
1582036188 3.071822514 0.6666666666666666 1
1582037397 2.93859074 0.6666666666666666 1
1582037993 2.720613295 0.3333333333333333 1
1582038591 2.779559772 0.0 0
1582041484 2.869481941 0.5 1
1582042093 2.604339415 0.0 0
1582043682 3.333842832 0.6666666666666666 1
1582044294 3.200620189 0.75 2
1582637907 2.788273168 1.3333333333333333 2
1582638466 2.929755783 0.3333333333333333 1
1582639541 2.837304603 1.0 1
1582640719 2.75872605 0.0 0
1582641278 2.771445878 0.0 0
1582641848 3.025947664 1.0 2
1582642416 2.84751351 0.6666666666666666 1
1582642991 2.817557887 0.6666666666666666 2
1582643594 2.763714682 0.5 1
1582644150 2.762747461 1.5 2
1582898748 2.794037232 0.6666666666666666 1
1582899320 2.603724247 1.0 1
1582899888 2.848784594 0.6666666666666666 1
1582900452 2.802571128 1.5 2
1582902109 2.606542103 1.3333333333333333 2
1582902756 2.688304426 1.0 2
1582903353 2.781049712 2.0 3
1574710772 2.894085574 0.0 0
