1569854414 4.995439814 0.2 1
1569855827 4.970218004 0.4 1
1571330117 4.951626043 0.2 1
1571766473 4.904210454 0.5 2
1571767255 4.898920628 0.4 2
1572537385 3.857158128 0.3333333333333333 1
1572538042 3.990486277 0.5 1
1572538702 3.842756097 0.3333333333333333 1
1572539355 3.971179942 0.3333333333333333 1
1572540001 3.878790028 0.5 2
1572540907 3.965895049 0.5 2
1572541561 3.841115319 0.0 0
1572542209 3.955084254 0.5 2
1572542857 3.786881761 0.3333333333333333 1
1572543521 3.988928012 0.25 1
1572871275 4.004878533 0.25 1
1572871925 3.936606738 1.0 2
1572872603 3.886535681 0.0 0
1572873256 3.527445137 0.75 1
1572873909 3.856894405 0.3333333333333333 1
1572874970 4.003079275 0.25 1
1572875832 3.930243884 0.25 1
1572877057 3.968209182 0.25 1
1572877707 3.897898391 0.25 1
1572878935 4.020230194 0.25 1
1572967341 3.912761513 0.25 1
1572967999 4.11213063 0.25 1
1572969301 3.910465673 0.5 1
1572969962 3.907499821 0.25 1
1572970612 3.979525626 0.25 1
1572971261 3.912095114 0.25 1
1572971925 3.839206107 0.3333333333333333 1
1572972585 3.836076876 0.3333333333333333 1
1572973298 3.924711728 0.25 1
1572973951 3.971361368 0.5 1
1572974602 3.999967106 0.0 0
1573208884 3.969923899 0.25 1
1573209539 3.965176028 0.25 1
1573210214 3.801976581 0.0 0
1573210883 3.884420678 0.25 1
1573211540 3.918384575 0.25 1
1573212189 4.015882934 0.25 1
1573212841 3.844111687 0.3333333333333333 1
1573213492 3.91894178 0.25 1
1573214163 4.092335278 0.0 0
1573214818 4.004904229 0.25 1
1573310343 3.793568171 0.25 1
1573310965 3.765638861 0.25 1
1573311580 3.759782479 0.3333333333333333 1
1573312284 3.788474911 0.25 1
1573312893 5.198694147 0.4 1
1573313521 3.713591858 0.25 1
1573314153 3.49679211 0.25 1
1573314768 3.750225813 0.25 1
1574696378 3.372872941 0.25 1
1574696957 5.301891682 0.4 1
1574697549 3.784667775 0.3333333333333333 1
1574698124 3.651174039 0.3333333333333333 1
1574698709 3.552149768 0.3333333333333333 1
1574709493 3.808352734 0.25 1
1574710780 3.447250855 0.0 0
1574956132 3.47506109 0.25 1
1574956705 3.552487291 0.6666666666666666 2
1574957395 3.720986415 0.75 2
1574957972 3.816608525 0.5 2
1574958565 3.286847942 0.4 2
1574959154 3.636968613 0.5 2
1574959757 3.568596063 0.5 2
1574960335 3.675152371 0.5 2
1574960947 3.643341404 0.5 2
1574961584 3.417234398 0.6666666666666666 2
1575033624 3.404683695 0.75 2
1575034215 3.387714331 0.2 1
1575034781 3.699961313 0.5 2
1575035353 3.59910392 0.75 2
1575036375 3.406446214 0.5 1
1575036952 3.613468069 0.5 2
1575037511 3.286872988 0.25 1
1575038514 3.418606495 0.3333333333333333 1
1575039082 3.315197508 0.4 2
1575120346 3.627185366 0.5 2
1575120910 3.635544199 0.5 2
1575121470 3.696074695 0.5 2
1575122533 3.665382419 0.0 0
1575123090 3.707349102 0.6666666666666666 2
1575123650 3.58294323 0.6666666666666666 2
1575124205 3.524907677 0.5 1
1575124773 3.424549963 0.2 1
1575125329 3.773436356 0.5 2
1575125899 3.716333077 0.6666666666666666 2
1575297645 4.437557526 0.25 1
1575298225 3.65022325 0.3333333333333333 1
1575298793 3.766896077 0.25 1
1575299370 3.622552511 0.25 1
1575299943 3.727903941 0.0 0
1575300563 3.59225346 0.3333333333333333 1
1575301134 3.115818243 0.25 1
1575301944 3.666423539 0.25 1
1575390130 3.675179978 0.25 1
1575390698 3.834379944 0.0 0
1575391832 3.623093031 0.0 0
1575392641 3.658511865 0.3333333333333333 1
1575393277 3.487879238 0.3333333333333333 1
1575393837 3.559035844 0.25 1
1575394403 3.745468333 0.25 1
1575394966 3.720674396 0.25 1
1575395529 3.527963834 0.25 1
1575562365 3.706056689 0.0 0
1575563063 3.376930022 0.0 0
1575563710 3.743387863 0.25 1
1575564307 3.589527732 0.0 0
1575564891 3.239149632 0.3333333333333333 1
1575565456 3.420369162 0.25 1
1575566024 3.752914608 0.25 1
1575566610 3.594226706 0.25 1
1575567930 3.294655369 0.25 1
1575568536 3.591385994 0.0 0
1579190983 3.704689299 0.0 0
1579191597 3.328724032 0.25 1
1579192162 3.635430586 0.25 1
1579192742 3.599553469 0.25 1
1579193306 3.638475335 0.25 1
1579193897 3.77250544 0.25 1
1579194465 3.447859718 0.3333333333333333 1
1579195031 3.726682546 0.25 1
1579195622 3.485605876 0.3333333333333333 1
1579196185 3.669682009 0.3333333333333333 1
1579359392 3.248497353 0.3333333333333333 1
1579359965 3.364104856 0.25 1
1579360528 3.575293544 0.25 1
1579361085 3.371368013 0.2 1
1579361641 3.612328651 0.3333333333333333 1
1579362195 3.727732225 0.25 1
1579362751 3.413098831 0.0 0
1579363315 3.899829352 0.6 2
1579363883 3.74529264 0.3333333333333333 1
1579364442 3.576022601 0.25 1
1579530359 3.528479595 0.0 0
1579531007 3.712307465 0.3333333333333333 1
1579532047 3.729909513 0.5 1
1579533418 3.548872413 0.25 1
1579534018 3.67062107 0.25 1
1579534678 3.51889811 0.0 0
1579535315 3.803094919 0.3333333333333333 1
1579535911 3.330706887 0.0 0
1580223692 3.583387957 0.4 2
1580224253 3.590325076 0.25 1
1580225372 3.340616474 0.25 1
1580225932 3.406677661 0.0 0
1580227083 3.704871843 0.0 0
1580228263 3.714049695 0.0 0
1580228822 3.637162288 0.25 1
1580312253 3.668000724 0.25 1
1580312832 3.767744719 0.0 0
1580313387 3.683529954 0.25 1
1580314351 3.60248293 0.25 1
1580314909 3.575852284 0.3333333333333333 1
1580315466 3.612968538 0.5 2
1580316730 3.654598099 0.5 2
1580317318 3.584143541 0.3333333333333333 1
1581942387 3.839855848 0.25 1
1581943592 3.717262193 0.5 2
1581944880 3.784116235 0.25 1
1581945857 3.966755766 0.25 1
1581946432 3.762038524 0.3333333333333333 1
1581946999 3.780618451 0.5 2
1581947921 3.540259207 0.3333333333333333 1
1581949012 3.851359606 0.5 2
1582035590 4.011135033 0.25 1
1582036196 4.012959041 0.5 2
1582036801 3.996104549 0.5 2
1582037405 4.087710613 0.5 2
1582038001 3.815158892 0.25 1
1582038599 3.888382022 0.0 0
1582041492 4.212521718 0.4 1
1582042101 3.810972184 0.5 2
1582043691 4.207932336 0.5 2
1582044303 3.973358825 0.25 1
1582637915 3.67764682 0.3333333333333333 1
1582638474 3.780395467 0.5 2
1582639548 3.710457962 0.25 1
1582640727 3.325509576 0.3333333333333333 1
1582641286 3.65631426 0.3333333333333333 1
1582641857 3.254998029 0.6666666666666666 2
1582642424 3.71642981 0.5 2
1582642998 3.82958645 0.25 1
1582643601 3.810934916 0.25 1
1582644157 3.736216752 0.5 2
1582898756 3.500299205 0.5 2
1582899328 3.812846161 0.3333333333333333 1
1582899896 3.8435011 0.5 2
1582900459 3.80861952 0.5 2
1582902117 3.756595896 0.75 2
1582902763 3.887505049 0.5 2
1582903360 3.797223434 0.5 2
1574710780 3.447250855 0.0 0
