1569854402 1.619777492 0.0 0
1569855815 1.492061405 0.0 0
1571330105 1.417215591 0.0 0
1571766460 1.317152558 0.0 0
1571767243 1.44957005 0.0 0
1572537375 1.068493472 0.0 0
1572538032 1.059171275 0.0 0
1572538691 1.110178115 0.0 0
1572538693 0.043401426 0.0 0
1572538693 0.001261427 0.0 0
1572538693 0.041943401 0.0 0
1572538693 0.000989409 0.0 0
1572538693 0.045301014 0.0 0
1572539345 1.122620406 0.0 0
1572539991 1.143155157 0.0 0
1572539992 0.044711084 0.0 0
1572539992 0.001404757 0.0 0
1572539992 0.042471127 0.0 0
1572540897 1.145891796 0.0 0
1572541551 1.052235032 0.0 0
1572541552 0.046493302 0.0 0
1572541552 0.040459831 0.0 0
1572541552 0.047015308 0.0 0
1572541552 0.048569511 0.0 0
1572542199 1.189189561 0.0 0
1572542846 1.159179132 0.0 0
1572542847 0.04368661 0.0 0
1572542847 0.001267264 0.0 0
1572542847 0.04354571 0.0 0
1572543512 1.023516389 0.0 0
1572543513 0.039336578 0.0 0
1572543513 0.001299336 0.0 0
1572543513 0.043374054 0.0 0
1572871265 1.206539691 0.0 0
1572871916 1.139572915 0.0 0
1572872593 1.138242718 0.0 0
1572872594 0.001444395 0.0 0
1572872594 0.046247122 0.0 0
1572873246 1.053616183 0.0 0
1572873247 0.042573337 0.0 0
1572873247 0.042927099 0.0 0
1572873247 0.043725811 0.0 0
1572873247 0.044342484 0.0 0
1572873898 1.145898309 0.0 0
1572873900 0.043465675 0.0 0
1572874960 1.065293044 0.0 0
1572874961 0.0006183 0.0 0
1572874961 0.035200651 0.0 0
1572874961 0.050925717 0.0 0
1572874962 0.044798802 0.0 0
1572875822 1.04745411 0.0 0
1572877047 1.105947205 0.0 0
1572877697 1.078541748 0.0 0
1572877698 0.011189334 0.0 0
1572877698 0.006005686 0.0 0
1572877698 0.048907648 0.0 0
1572878925 1.079895446 0.0 0
1572967331 1.179857229 0.0 0
1572967332 0.044533499 0.0 0
1572967332 0.04184347 0.0 0
1572967989 1.191909238 0.0 0
1572967990 0.036329835 0.0 0
1572967990 0.00265032 0.0 0
1572967990 0.051168145 0.0 0
1572969291 1.1603634 0.0 0
1572969292 0.048797065 0.0 0
1572969952 1.108015156 0.0 0
1572970602 1.142157106 0.0 0
1572971251 1.091660173 0.0 0
1572971914 1.127230645 0.0 0
1572971916 0.04368973 0.0 0
1572972575 1.143043248 0.0 0
1572973288 1.153359125 0.0 0
1572973289 0.013010615 0.0 0
1572973289 0.048873143 0.0 0
1572973941 1.107929021 0.0 0
1572974592 1.084243739 0.0 0
1573208874 1.109508796 0.0 0
1573209529 1.157158863 0.0 0
1573209530 0.086681548 0.0 0
1573210204 1.1473729 0.0 0
1573210873 1.167761234 0.0 0
1573210874 0.003833738 0.0 0
1573210874 0.029320892 0.0 0
1573211530 1.147289155 0.0 0
1573211531 0.045574227 0.0 0
1573212179 1.156132585 0.0 0
1573212830 1.12718322 0.0 0
1573212832 0.012883059 0.0 0
1573213482 1.019017994 0.0 0
1573214153 1.156228254 0.0 0
1573214808 1.355021042 0.0 0
1573215089 0.032987769 0.0 0
1573215089 0.001800026 0.0 0
1573215089 0.059675343 0.0 0
1573215089 0.034338518 0.0 0
1573215090 0.043259423 0.0 0
1573215090 0.057303202 0.0 0
1573310334 1.109470386 0.0 0
1573310956 1.291743604 0.0 0
1573311571 1.091963208 0.0 0
1573312275 1.198706066 0.0 0
1573312276 0.001882434 0.0 0
1573312276 0.043116577 0.0 0
1573312276 0.043055906 0.0 0
1573312884 0.936873852 0.0 0
1573313512 0.989242197 0.0 0
1573314144 1.030695615 0.0 0
1573314759 1.116037171 0.0 0
1574696369 0.969411716 0.0 0
1574696947 0.892001437 1.0 1
1574697539 1.064598577 1.0 1
1574698115 1.019518024 0.0 0
1574698700 1.12218202 0.0 0
1574698701 0.031652428 0.0 0
1574698701 0.032662941 0.0 0
1574709483 1.237275792 0.5 1
1574710770 1.207739047 0.0 0
1574956123 0.98331383 0.0 0
1574956696 1.063884063 0.0 0
1574957387 1.11763121 0.0 0
1574957963 1.156013966 0.0 0
1574958556 1.014912464 0.0 0
1574959145 1.148296802 0.0 0
1574959747 0.988855452 0.0 0
1574960326 0.861090146 0.0 0
1574960938 0.991335711 0.0 0
1574961575 1.036626863 0.0 0
1575033047 1.184188485 1.0 1
1575033615 1.066588605 0.0 0
1575034206 0.980435835 0.0 0
1575034772 1.137212806 0.0 0
1575035344 0.988547586 1.0 1
1575035345 0.0 1.0 1
1575035345 0.0 1.0 1
1575035345 0.0 1.0 1
1575035345 0.0 1.0 1
1575035345 0.0 1.0 1
1575035345 0.0 1.0 1
1575035345 0.0 1.0 1
1575036366 0.98527519 0.0 0
1575036943 1.05609148 0.0 0
1575037502 0.900033827 0.0 0
1575038505 0.933763108 0.0 0
1575039073 1.109622688 0.0 0
1575120338 1.136913213 0.0 0
1575120901 0.994187858 0.0 0
1575121461 1.105840539 0.0 0
1575122524 1.0304233 0.0 0
1575123081 1.026769253 0.0 0
1575123641 0.988211046 0.0 0
1575124196 0.936922896 0.0 0
1575124197 0.0 0.0 0
1575124197 0.0 0.0 0
1575124764 1.027740235 0.0 0
1575125321 1.116079064 0.0 0
1575125890 1.028232901 0.0 0
1575298215 0.898857313 0.0 0
1575298216 0.0 0.0 0
1575298216 0.0 0.0 0
1575298216 0.0 0.0 0
1575298216 0.0 0.0 0
1575298216 0.0 0.0 0
1575298216 0.0 0.0 0
1575298782 1.019936058 0.0 0
1575299361 1.064870668 0.0 0
1575299362 0.0 0.0 0
1575299362 0.0 0.0 0
1575299362 0.0 0.0 0
1575299362 0.0 0.0 0
1575299934 0.93710012 0.0 0
1575300554 0.891018649 0.0 0
1575301125 0.99094214 0.0 0
1575301935 0.97608211 0.0 0
1575301936 0.0 0.0 0
1575301936 0.0 0.0 0
1575301936 0.0 0.0 0
1575301936 0.0 0.0 0
1575301936 0.0 0.0 0
1575301936 0.0 0.0 0
1575301936 0.0 0.0 0
1575390121 1.134497495 0.0 0
1575390689 0.895720097 0.0 0
1575391257 0.978940046 0.0 0
1575391823 0.943425301 0.0 0
1575392632 0.935195098 0.0 0
1575393268 1.050401646 0.0 0
1575393269 0.0 0.0 0
1575393829 1.06368252 0.0 0
1575394394 0.929887932 0.0 0
1575394957 1.078508397 0.0 0
1575395520 1.013223815 0.0 0
1575395521 0.0 0.0 0
1575395521 0.0 0.0 0
1575395521 0.0 0.0 0
1575562356 1.019212972 0.0 0
1575563054 0.928342648 0.0 0
1575563701 1.151369406 0.0 0
1575564298 1.019319839 0.0 0
1575564882 0.892736511 -1 -1
1575565447 0.983843681 0.0 0
1575566015 1.007478125 0.0 0
1575566601 1.080150517 0.0 0
1575567921 0.889792698 -1 -1
1575567922 0.0 -1 -1
1575567922 0.0 -1 -1
1575568527 0.860892155 0.0 0
1575568528 0.106533769 0.0 0
1579190974 1.062398856 0.0 0
1579191587 1.068290627 0.0 0
1579192153 0.939729147 0.0 0
1579192733 1.082481442 0.0 0
1579193298 0.948680591 0.0 0
1579193888 1.199674368 0.0 0
1579194456 1.067691487 0.0 0
1579195022 0.962509477 0.0 0
1579195023 0.0 0.0 0
1579195023 0.0 0.0 0
1579195023 0.0 0.0 0
1579195612 1.062918622 0.0 0
1579196176 1.16264623 0.0 0
1579359382 0.987282678 0.0 0
1579359955 1.044222468 0.0 0
1579359956 0.0 0.0 0
1579360519 0.970287634 0.0 0
1579360520 0.0 0.0 0
1579360520 0.0 0.0 0
1579360520 0.0 0.0 0
1579360520 0.0 0.0 0
1579360520 0.0 0.0 0
1579360520 0.0 0.0 0
1579361076 0.894490973 0.0 0
1579361632 1.117265586 0.0 0
1579362186 1.281633347 0.0 0
1579362742 1.185117331 0.0 0
1579363306 1.074837818 0.0 0
1579363874 0.937774052 0.0 0
1579364433 0.977520392 0.0 0
1579530350 1.151701959 0.0 0
1579530998 1.158720513 0.0 0
1579532039 0.943368346 0.0 0
1579532740 1.034800942 0.0 0
1579533406 1.019984693 0.0 0
1579534009 0.960285918 0.0 0
1579534010 0.012849799 0.0 0
1579534010 0.053611729 0.0 0
1579534010 0.038726633 0.0 0
1579534010 0.045872192 0.0 0
1579534010 0.035356503 0.0 0
1579534010 0.053791484 0.0 0
1579534669 1.023937138 0.0 0
1579535306 1.070835651 0.0 0
1579535902 1.075400378 0.0 0
1579535903 0.035222117 0.0 0
1579535903 0.036692201 0.0 0
1579535903 0.001158312 0.0 0
1579535903 0.050194394 0.0 0
1579536959 1.110731685 0.0 0
1580223683 1.027605474 0.0 0
1580223684 0.039606013 0.0 0
1580223684 0.044459008 0.0 0
1580224244 1.118307871 0.0 0
1580224799 0.882844523 0.0 0
1580225362 1.067124561 0.0 0
1580225923 1.083517192 0.0 0
1580226506 1.208874268 0.0 0
1580227074 0.93368061 0.0 0
1580227672 1.280326242 0.0 0
1580228254 0.978055395 0.0 0
1580228813 1.074579408 0.0 0
1580312243 0.980024222 0.0 0
1580312244 0.033106977 0.0 0
1580312244 0.051304305 0.0 0
1580312244 0.044644693 0.0 0
1580312245 0.002136917 0.0 0
1580312245 0.040474518 0.0 0
1580312245 0.001581988 0.0 0
1580312245 0.052057973 0.0 0
1580312823 0.895414514 0.0 0
1580313379 0.966600617 0.0 0
1580314343 0.94177779 0.0 0
1580314900 0.980169864 0.0 0
1580315457 1.066547174 0.0 0
1580316019 1.063412954 0.0 0
1580316722 1.020218873 0.0 0
1580317309 1.039225215 0.0 0
1581942378 1.191851448 0.0 0
1581943584 0.99840328 0.0 0
1581944871 0.979903167 0.0 0
1581945848 1.18861588 0.0 0
1581946423 0.962853894 0.0 0
1581946990 1.149152699 0.0 0
1581947911 1.021344899 0.0 0
1581949002 1.296862178 0.0 0
1582033923 1.15863431 0.0 0
1582035580 1.168090905 0.0 0
1582036186 1.06400617 0.0 0
1582037395 1.159336417 0.0 0
1582037992 1.08642706 0.0 0
1582037993 0.044822376 0.0 0
1582037993 0.003044258 0.0 0
1582037993 0.042295201 0.0 0
1582037993 0.053638836 0.0 0
1582037993 0.032050874 0.0 0
1582038590 0.903723814 1.0 1
1582038591 0.052323867 1.0 1
1582038591 0.037245055 1.0 1
1582038591 0.044426009 1.0 1
1582038591 0.045384611 1.0 1
1582038591 0.041936977 1.0 1
1582041482 1.073344847 0.0 0
1582041483 0.042617373 0.0 0
1582041484 0.041605172 0.0 0
1582041484 0.045841999 0.0 0
1582042092 0.969087451 0.0 0
1582042093 0.048087988 0.0 0
1582042093 0.03968988 0.0 0
1582042093 0.045898396 0.0 0
1582042093 0.043319891 0.0 0
1582042093 0.044657617 0.0 0
1582042093 0.001403562 0.0 0
1582042093 0.044375094 0.0 0
1582042093 0.004259757 0.0 0
1582042093 0.019490119 0.0 0
1582042093 0.051845537 0.0 0
1582043681 1.074311265 0.0 0
1582044293 0.979334946 0.0 0
1582637906 1.115407594 0.0 0
1582638465 1.147751028 0.0 0
1582639540 0.959877945 0.0 0
1582640718 1.07053934 0.0 0
1582641277 1.161890698 0.0 0
1582641847 1.025648474 0.0 0
1582642415 1.088294004 0.0 0
1582642990 0.894367068 0.0 0
1582643593 1.145346788 0.0 0
1582644148 1.167500651 0.0 0
1582898747 0.945249715 0.0 0
1582899319 1.19276676 0.0 0
1582899887 1.143938176 0.0 0
1582900450 1.148300121 0.0 0
1582902108 1.260216933 0.0 0
1582902755 1.150740245 0.0 0
1582903352 1.124294317 0.0 0
1574710770 1.207739047 0.0 0
