1569854781 2.865184921 0.0 0
1569856388 2.934005119 0.0 0
1571330441 2.851166101 0.0 0
1571766798 3.178771361 0.0 0
1571767582 2.876502735 0.0 0
1572537655 2.261694542 0.0 0
1572538308 2.299497951 0.0 0
1572538968 2.267048463 0.0 0
1572539620 2.426223384 0.0 0
1572540269 2.310168584 0.0 0
1572541173 2.261646962 0.5 1
1572541826 2.339922094 0.0 0
1572542476 2.26218423 0.5 1
1572543122 2.341236909 0.0 0
1572543794 2.382834188 0.6666666666666666 1
1572871541 2.320878437 0.0 0
1572872192 2.260860294 0.0 0
1572872874 2.308369094 0.0 0
1572873521 2.225192814 0.0 0
1572874179 2.134862079 0.0 0
1572875244 2.270021858 0.0 0
1572876099 2.443895004 0.0 0
1572877325 2.247599615 0.5 1
1572877979 2.286161833 0.0 0
1572879219 2.241218929 0.0 0
1572967609 2.242393114 0.0 0
1572968268 2.411833866 0.0 0
1572969567 2.195659407 0.0 0
1572970228 2.163888814 0.0 0
1572970878 2.285588114 0.3333333333333333 1
1572971541 2.225808238 0.0 0
1572972202 2.328125891 0.0 0
1572972851 2.382465309 0.0 0
1572973568 2.272566126 0.5 1
1572974216 2.186289325 0.3333333333333333 1
1572974874 2.233155182 0.0 0
1573209151 2.166773877 0.0 0
1573209821 2.340991967 0.0 0
1573210482 2.227983646 0.0 0
1573211150 2.311399096 0.0 0
1573211810 2.306053701 0.0 0
1573212456 2.38538848 0.3333333333333333 1
1573213110 2.313432007 0.0 0
1573213759 2.355654408 0.0 0
1573214432 2.345246799 0.0 0
1573215090 2.20828631 0.0 0
1573310597 2.180425514 0.0 0
1573311216 2.251295564 0.0 0
1573311827 2.139231902 0.0 0
1573312533 2.216071984 0.0 0
1573313151 2.184781607 1.5 2
1573313775 2.169034814 0.0 0
1573314403 2.163727721 0.5 1
1573315016 2.112803994 0.3333333333333333 1
1574697203 2.147215587 0.0 0
1574697795 2.123338955 0.3333333333333333 1
1574698955 1.9588586 0.3333333333333333 1
1574711026 1.83275113 0.0 0
1574958221 2.087683467 0.0 0
1574958815 2.108570754 0.3333333333333333 1
1574960580 2.043970736 0.3333333333333333 1
1574961190 1.962748994 0.3333333333333333 1
1574961826 2.035114098 0.0 0
1575033303 2.156559226 0.0 0
1575033872 1.922849636 0.0 0
1575034460 2.183636787 0.75 1
1575035598 2.182450743 0.0 0
1575038759 2.081050307 0.0 0
1575120591 1.706149397 0.5 1
1575123334 2.244361153 0.0 0
1575124448 2.129053527 0.6666666666666666 1
1575126145 2.263037454 1.5 2
1575298470 2.205815216 0.0 0
1575299039 2.08001014 0.3333333333333333 1
1575299619 1.951272473 0.0 0
1575300190 2.316289357 0.0 0
1575300809 1.747380472 0.0 0
1575301581 2.150722531 0.0 0
1575302190 2.092635626 0.0 0
1575390377 1.704130843 0.3333333333333333 1
1575391510 2.150868425 0.0 0
1575392076 2.091984545 0.0 0
1575392886 2.00741584 0.3333333333333333 1
1575394648 2.152460582 0.0 0
1575395212 1.924762821 0.3333333333333333 1
1575563306 2.353633654 0.0 0
1575566273 2.048233619 0.0 0
1575566873 1.919940103 0.0 0
1575568784 2.159263905 0.0 0
1579191843 2.088130688 0.0 0
1579192409 2.011745044 0.0 0
1579194144 2.679277117 0.0 0
1579194712 2.12038255 0.0 0
1579196430 1.923970357 0.0 0
1579359635 2.006327447 0.0 0
1579360773 2.082393505 0.0 0
1579361884 2.142739479 0.0 0
1579362996 2.230635064 0.0 0
1579363562 1.965268402 0.0 0
1579533000 1.880466917 0.3333333333333333 1
1579533661 2.040539302 0.0 0
1579534948 2.052151069 0.3333333333333333 1
1579535564 1.791843094 0.0 0
1580223938 2.09251465 0.5 1
1580225053 1.919603293 0.6666666666666666 1
1580225618 2.096669722 0.3333333333333333 1
1580226762 2.070264034 0.0 0
1580227329 2.227997226 0.0 0
1580228508 1.784949948 0.0 0
1580229068 1.799744886 0.0 0
1580313075 2.021720298 0.0 0
1580313955 1.828505354 0.0 0
1580314595 1.960864251 0.0 0
1580316984 2.167214544 0.0 0
1580317572 2.05080746 0.0 0
1581942635 2.170647293 0.0 0
1581946109 2.124080802 0.0 0
1581946677 2.201172522 0.75 1
1581947572 2.079172622 0.0 0
1581949277 2.56607097 0.0 0
1582034981 2.57472766 0.0 0
1582035853 2.561985273 0.3333333333333333 1
1582036458 2.442997072 1.0 1
1582037068 2.24292988 0.3333333333333333 1
1582037668 2.231577516 0.0 0
1582041764 2.459683947 0.0 0
1582042515 2.255133591 0.0 0
1582043966 2.621811616 0.3333333333333333 1
1582044556 2.279986084 0.0 0
1582638720 2.031510378 0.0 0
1582640973 2.039521062 1.6666666666666667 2
1582641533 2.126883969 1.0 1
1582642104 2.092027793 0.25 1
1582642671 2.246475875 1.0 2
1582643246 1.869851218 0.0 0
1582643843 2.47330756 0.0 0
1582644403 2.096440413 1.0 1
1582899013 1.789467878 1.5 2
1582899575 2.095017624 0.0 0
1582900143 2.244410175 0.0 0
1582900702 1.825046555 0.0 0
1582902447 2.182108284 0.0 0
1582903007 1.778503601 0.3333333333333333 1
1582903611 2.0690967 0.3333333333333333 1
1574711026 1.83275113 0.0 0
