1569854776 4.479527264 -1 -1
1569856383 3.804395759 -1 -1
1571330435 4.220363773 -1 -1
1571766793 4.390897287 -1 -1
1571767576 4.170568644 -1 -1
1572537650 3.378674047 -1 -1
1572538303 3.327609675 -1 -1
1572538963 3.295108929 -1 -1
1572539616 3.327750872 -1 -1
1572540264 3.395272058 -1 -1
1572541168 3.378887472 -1 -1
1572541822 3.37225697 -1 -1
1572542471 3.397572008 -1 -1
1572543118 3.344504927 -1 -1
1572543790 3.636765405 -1 -1
1572871537 3.418442402 -1 -1
1572872188 3.339683233 -1 -1
1572872869 3.611851344 -1 -1
1572873517 3.406853869 -1 -1
1572874175 3.410942389 -1 -1
1572875240 3.263416022 -1 -1
1572876094 3.647123299 -1 -1
1572877320 3.39278535 -1 -1
1572877975 3.317998384 -1 -1
1572879215 3.372472971 -1 -1
1572967605 3.414094989 -1 -1
1572968263 3.361499425 -1 -1
1572969563 3.377787961 -1 -1
1572970224 3.44762516 -1 -1
1572970874 3.380363798 -1 -1
1572971536 3.368350104 -1 -1
1572972198 3.409263843 -1 -1
1572972847 3.343187126 -1 -1
1572973563 3.456395926 -1 -1
1572974212 3.451198869 -1 -1
1572974870 3.41287077 -1 -1
1573209146 3.451707506 -1 -1
1573209817 3.315639683 -1 -1
1573210477 3.304170245 -1 -1
1573211146 3.365231892 -1 -1
1573211805 3.291119205 -1 -1
1573212452 3.198177961 -1 -1
1573213105 3.407345907 -1 -1
1573213755 3.368443203 -1 -1
1573214428 3.328747996 -1 -1
1573215085 3.503851995 -1 -1
1573310593 3.150831181 -1 -1
1573311212 3.210899866 -1 -1
1573311823 3.192637159 -1 -1
1573312529 3.149406144 -1 -1
1573313147 3.290521171 -1 -1
1573313771 3.019972807 -1 -1
1573314399 3.302851885 -1 -1
1573315012 3.106438752 -1 -1
1575037193 3.271576811 -1 -1
1579194139 3.020223166 -1 -1
1579360208 3.072185807 -1 -1
1579361324 3.472270008 -1 -1
1579364683 2.991851608 -1 -1
1580316270 3.368719862 -1 -1
1580316980 3.040479429 -1 -1
1580317568 3.150204213 -1 -1
1581942631 3.157228272 -1 -1
1581946105 2.95522612 -1 -1
1581947568 2.968883127 -1 -1
1581949273 3.544930793 -1 -1
1582034977 3.321077962 -1 -1
1582035849 3.448820245 -1 -1
1582036454 3.333788556 -1 -1
1582037663 3.237382054 -1 -1
1582038846 3.07627541 -1 -1
1582041760 3.538143386 -1 -1
1582043961 3.640465569 -1 -1
1582638716 3.069963105 -1 -1
1582643839 3.060179683 -1 -1
1582899009 3.165227276 -1 -1
1582900139 2.902594962 -1 -1
1582902443 3.021865873 -1 -1
1582903608 3.206502854 -1 -1
