1569854407 6.799856379 0.0 0
1569855820 6.85764215 0.0 0
1571330110 6.683326626 0.0 0
1571766466 6.661007742 0.0 0
1571767248 6.767706085 0.0 0
1572537379 5.410408943 0.0 0
1572538036 5.455674247 0.0 0
1572538696 5.498189985 0.0 0
1572539349 5.504250978 0.0 0
1572539996 5.380379711 0.0 0
1572540901 5.334824739 0.0 0
1572541555 5.329726457 0.0 0
1572542204 5.373281397 0.0 0
1572542851 5.575792792 0.0 0
1572543516 5.516538208 0.0 0
1572871270 5.36487445 0.0 0
1572871920 5.402789572 0.0 0
1572872597 5.461026635 0.0 0
1572873250 5.525484853 0.0 0
1572873903 5.519159606 0.0 0
1572874965 5.498207171 0.0 0
1572875826 5.443399717 0.0 0
1572877052 5.377715138 0.0 0
1572877701 5.443817337 0.0 0
1572878929 5.590772995 0.0 0
1572967336 5.550033459 0.0 0
1572967993 5.439314317 0.0 0
1572969295 5.511029248 0.0 0
1572969956 5.503689979 0.0 0
1572970606 5.40556534 0.0 0
1572971256 5.468127876 0.0 0
1572971919 5.37581361 0.0 0
1572972579 5.502250246 0.0 0
1572973292 5.585141462 0.0 0
1572973945 5.514402165 0.0 0
1572974596 5.455547801 0.0 0
1573208878 5.464372749 0.0 0
1573209533 5.463097646 0.0 0
1573210208 5.363381652 0.0 0
1573210878 5.486961731 0.0 0
1573211534 5.464540084 0.0 0
1573212183 5.426643521 0.0 0
1573212835 5.458245219 0.0 0
1573213486 5.425123871 0.0 0
1573214157 5.587987166 0.0 0
1573214812 5.498998055 0.0 0
1573310338 5.251285098 0.0 0
1573310960 4.965001587 0.0 0
1573311575 4.994826579 0.0 0
1573312279 5.104452249 0.0 0
1573312888 4.767760969 0.0 0
1573313516 5.140159558 0.0 0
1573314148 4.950560022 0.0 0
1573314763 5.224076835 0.0 0
1574696372 5.156145357 0.0 0
1574696952 4.431535902 0.2 1
1574697543 5.507989477 0.0 0
1574698119 4.916454096 0.0 0
1574698704 5.114234216 0.0 0
1574709488 4.883189984 0.0 0
1574710774 4.855582556 0.0 0
1574956127 5.188417129 0.0 0
1574956699 5.07110315 0.0 0
1574957391 4.699174554 0.0 0
1574957967 4.911839668 0.0 0
1574958560 5.216764934 0.0 0
1574959149 5.208693638 0.0 0
1574959751 5.179971864 0.0 0
1574960330 4.934753553 0.0 0
1574960942 4.94755275 0.0 0
1574961579 4.850338242 0.0 0
1575033050 5.094274803 0.0 0
1575033619 5.05192659 0.0 0
1575034210 5.086668611 0.0 0
1575034777 4.801098315 0.0 0
1575035348 5.05300147 0.0 0
1575036370 4.939781174 0.0 0
1575036947 4.998175195 0.0 0
1575037506 4.916831014 0.0 0
1575038509 4.8704944 0.0 0
1575039077 5.243119288 0.0 0
1575120341 4.72799413 0.2 1
1575120904 5.016596155 0.0 0
1575121465 4.736381967 0.2 1
1575122528 5.05660393 0.0 0
1575123085 5.052313571 0.0 0
1575123645 4.986888518 0.0 0
1575124200 5.069662839 0.0 0
1575124768 5.108950083 0.0 0
1575125325 4.778661782 0.0 0
1575125894 5.172215225 0.0 0
1575297639 5.945793694 0.16666666666666666 1
1575298219 5.283781931 0.16666666666666666 1
1575299365 4.950548723 0.0 0
1575299938 5.10574379 0.0 0
1575300558 4.80270961 0.0 0
1575301129 4.825454178 0.0 0
1575301939 5.245102569 0.0 0
1575390125 4.907385798 0.0 0
1575390693 4.914467388 0.2 1
1575391261 4.958996559 0.0 0
1575391827 4.740411097 0.0 0
1575392636 5.012244211 0.0 0
1575393272 5.115084799 0.0 0
1575393832 4.867535144 0.0 0
1575394398 5.066966479 0.0 0
1575394961 4.884637219 0.0 0
1575395524 4.917396298 0.0 0
1575562360 4.900783519 0.0 0
1575563058 5.056687784 0.0 0
1575563705 4.894708414 0.0 0
1575564302 4.999578192 0.0 0
1575564885 5.171200984 0.0 0
1575565451 4.855446913 0.0 0
1575566019 4.959879536 0.0 0
1575566605 4.751279772 0.0 0
1575567924 5.128940982 0.0 0
1575568531 4.859178214 0.0 0
1579190978 4.951389072 0.0 0
1579191591 5.199684717 0.0 0
1579192156 5.030989591 0.0 0
1579192737 4.974373476 0.0 0
1579193301 4.848547073 0.0 0
1579193892 4.948069632 0.2 1
1579194460 4.889491655 0.25 1
1579195026 4.993869086 0.0 0
1579195616 5.200460261 0.0 0
1579196180 4.871705655 0.0 0
1579359386 5.04095567 0.0 0
1579359959 5.11937331 0.0 0
1579360523 5.002823046 0.0 0
1579361080 5.15951289 0.0 0
1579361636 4.790038046 0.0 0
1579362190 4.805009542 0.2 1
1579362746 5.172966973 0.0 0
1579363310 5.113258719 0.0 0
1579363878 4.884304544 0.0 0
1579364437 4.76711936 0.0 0
1579530354 4.93095533 0.0 0
1579531002 4.958036147 0.0 0
1579532042 5.016089804 0.0 0
1579532744 4.778128294 0.0 0
1579533410 8.448634011 0.0 0
1579534013 5.115183415 0.0 0
1579534673 4.861907375 0.2 1
1579535310 4.87354462 0.0 0
1579535906 5.039847706 0.6 2
1579536963 5.006542446 0.0 0
1580223687 5.336604117 0.0 0
1580224248 4.650344375 0.0 0
1580224803 4.844911993 0.0 0
1580225366 5.158556955 0.0 0
1580225927 4.856487897 0.0 0
1580226510 4.851850458 0.0 0
1580227078 5.055809391 0.0 0
1580227676 4.903821044 0.0 0
1580228258 4.885535797 0.0 0
1580228817 4.717178941 0.0 0
1580312247 5.080197592 0.0 0
1580312827 4.992002425 0.0 0
1580313383 4.872071542 0.0 0
1580314346 4.977138677 0.0 0
1580314904 4.863337486 0.0 0
1580315461 5.122517701 0.0 0
1580316023 4.882305668 0.2 1
1580316725 4.91478728 0.0 0
1580317313 4.887377789 0.0 0
1581942382 4.948840918 0.0 0
1581943587 4.790971151 0.0 0
1581944875 5.031138186 0.0 0
1581945852 4.937783044 0.0 0
1581946427 4.772222033 0.0 0
1581946994 4.779486716 0.0 0
1581947915 4.988525228 0.0 0
1581949006 5.691414636 0.0 0
1582033967 4.935555248 0.8 2
1582035584 5.716652642 0.16666666666666666 1
1582036191 5.004901038 0.0 0
1582036795 5.231399552 0.0 0
1582037400 5.343308048 0.0 0
1582037996 5.327198198 0.0 0
1582038594 5.051635791 0.0 0
1582041486 5.690679952 0.0 0
1582042096 5.286908505 0.0 0
1582043685 5.628637205 0.0 0
1582044298 5.527635522 0.2 1
1582637910 4.767384965 0.0 0
1582638469 4.713803764 0.0 0
1582639544 4.830147564 0.0 0
1582640722 5.009571127 0.0 0
1582641281 4.888699999 0.0 0
1582641851 4.791660874 0.2 1
1582642419 5.109710834 0.0 0
1582642994 4.984262971 0.0 0
1582643597 4.847587378 0.0 0
1582644152 4.844461071 0.0 0
1582898751 5.081043019 0.0 0
1582899323 4.945874244 0.0 0
1582899891 4.876630863 0.0 0
1582900454 4.737022384 0.0 0
1582902112 4.747285684 0.0 0
1582902758 4.72643368 0.0 0
1582903355 4.727102438 0.0 0
1574710774 4.855582556 0.0 0
