1569854414 5.215736971 0.2 1
1569855827 5.015841824 0.4 1
1571330117 5.014855406 0.2 1
1571766473 5.009858585 0.4 2
1571767255 5.066377011 0.4 2
1572537384 4.164993248 0.25 1
1572538041 4.071509261 0.4 1
1572538701 4.150563321 0.25 1
1572539354 4.134957754 0.25 1
1572540001 4.09982608 0.5 2
1572540907 4.096758064 0.5 2
1572541561 4.091139855 0.0 0
1572542209 4.142520197 0.5 2
1572542856 4.21789119 0.25 1
1572543521 4.105526237 0.25 1
1572871275 4.135615361 0.25 1
1572871925 4.069240201 1.0 2
1572872603 4.05033656 0.0 0
1572873255 4.256937077 0.6 1
1572873908 4.075315635 0.25 1
1572874970 4.087903937 0.25 1
1572875832 4.018191407 0.25 1
1572877057 4.144369204 0.25 1
1572877707 4.104421899 0.25 1
1572878935 4.020230194 0.25 1
1572967341 4.126486486 0.25 1
1572967999 4.167615723 0.25 1
1572969301 4.166507443 0.5 1
1572969962 4.083491771 0.25 1
1572970612 4.292186697 0.25 1
1572971261 4.132838507 0.25 1
1572971924 4.197981848 0.25 1
1572972584 3.97189576 0.25 1
1572973298 4.006511865 0.25 1
1572973950 4.04811548 0.4 1
1572974602 4.074087739 0.0 0
1573208884 4.047700957 0.25 1
1573209539 4.176273127 0.25 1
1573210213 4.101904146 0.0 0
1573210883 4.141914473 0.25 1
1573211540 4.137549042 0.25 1
1573212189 4.179643144 0.25 1
1573212840 4.063552526 0.25 1
1573213492 4.052251407 0.25 1
1573214163 4.168147399 0.0 0
1573214818 4.084395452 0.25 1
1573310343 3.793568171 0.25 1
1573310965 3.680344592 0.25 1
1573311580 3.672292675 0.3333333333333333 1
1573312284 3.788474911 0.25 1
1573312893 5.110984203 0.4 1
1573313521 3.762656254 0.25 1
1573314153 3.711062599 0.25 1
1573314768 3.676068433 0.25 1
1574696378 3.668771758 0.3333333333333333 1
1574696957 5.470100393 0.4 1
1574697549 3.861006408 0.3333333333333333 1
1574698124 3.690658768 0.25 1
1574698709 3.552149768 0.3333333333333333 1
1574709493 3.931691606 0.25 1
1574710779 3.841320549 0.0 0
1574956132 3.659649567 0.3333333333333333 1
1574956705 3.730422757 0.6666666666666666 2
1574957395 3.63183376 0.75 2
1574957972 3.771309501 0.5 2
1574958565 3.714448943 0.5 2
1574959154 3.592961317 0.5 2
1574959756 3.746361507 0.5 2
1574960335 3.574086992 0.5 2
1574960947 3.643341404 0.5 2
1574961584 3.637980958 0.5 2
1575033056 3.790823036 0.3333333333333333 1
1575033624 3.629167144 0.75 2
1575034215 3.68220484 0.25 1
1575034781 3.623494098 0.5 2
1575035353 3.764121539 0.75 2
1575036375 3.792128497 0.5 1
1575036952 3.570021784 0.5 2
1575037511 3.748602957 0.25 1
1575038514 3.883046123 0.3333333333333333 1
1575039082 3.71676205 0.5 2
1575120346 3.580585356 0.5 2
1575120910 3.635544199 0.5 2
1575121470 3.611133798 0.5 2
1575122533 3.578984546 0.0 0
1575123090 3.707349102 0.6666666666666666 2
1575123650 3.624141747 0.6666666666666666 2
1575124205 3.702791002 0.5 1
1575124773 3.632887838 0.25 1
1575125329 3.643998673 0.5 2
1575125899 3.716333077 0.6666666666666666 2
1575297645 4.246458133 0.25 1
1575298225 3.65022325 0.3333333333333333 1
1575298793 3.766896077 0.2 1
1575299370 3.875279851 0.25 1
1575299943 3.727903941 0.0 0
1575300563 3.59225346 0.3333333333333333 1
1575301134 3.792652113 0.25 1
1575301944 3.666423539 0.25 1
1575390130 3.675179978 0.25 1
1575390698 3.743612065 0.0 0
1575391266 3.816525152 0.25 1
1575391832 3.699537785 0.0 0
1575392641 3.658511865 0.3333333333333333 1
1575393277 3.651427285 0.3333333333333333 1
1575393837 3.559035844 0.25 1
1575394403 3.777969044 0.25 1
1575394966 3.720674396 0.25 1
1575395529 3.832942645 0.25 1
1575562365 3.582172399 0.0 0
1575563063 3.812893245 0.0 0
1575563710 3.743387863 0.25 1
1575564307 3.636007052 0.0 0
1575564890 3.748218653 0.25 1
1575565456 3.712909041 0.25 1
1575566024 3.839840721 0.25 1
1575566610 3.594226706 0.25 1
1575567930 3.718338158 0.3333333333333333 1
1575568536 3.713119756 0.0 0
1579190983 3.91262302 0.0 0
1579191596 3.715228933 0.25 1
1579192162 3.635430586 0.25 1
1579192742 3.756216277 0.25 1
1579193306 3.638475335 0.25 1
1579193897 3.738647112 0.25 1
1579194464 3.673409394 0.25 1
1579195031 3.80210673 0.25 1
1579195621 3.78595131 0.25 1
1579196185 3.548289244 0.3333333333333333 1
1579359391 3.635150976 0.25 1
1579359964 3.779774717 0.25 1
1579360528 3.495307408 0.25 1
1579361085 3.717997405 0.25 1
1579361641 3.612328651 0.3333333333333333 1
1579362195 3.64842401 0.25 1
1579362751 3.625291065 0.0 0
1579363315 4.002000031 0.75 2
1579363883 3.74529264 0.3333333333333333 1
1579364442 3.739919195 0.25 1
1579530359 3.648443038 0.0 0
1579531007 3.753840478 0.3333333333333333 1
1579532047 3.729909513 0.5 1
1579532749 3.892548632 0.0 0
1579533418 3.712436796 0.25 1
1579534018 3.623711076 0.25 1
1579534678 3.561479132 0.0 0
1579535315 3.757067425 0.3333333333333333 1
1579535911 3.804603247 0.0 0
1579536968 3.752250858 0.0 0
1580223692 3.71641567 0.5 2
1580224252 3.751557842 0.25 1
1580224807 3.819426992 0.25 1
1580225371 3.644948823 0.25 1
1580225932 3.797475309 0.0 0
1580226515 3.852027995 0.5 2
1580227083 3.793181291 0.0 0
1580227681 3.827196366 0.5 2
1580228263 3.714049695 0.0 0
1580228822 3.559641938 0.3333333333333333 1
1580312253 3.668000724 0.25 1
1580312832 3.646837849 0.0 0
1580313387 3.593777465 0.25 1
1580314351 3.559988109 0.25 1
1580314909 3.575852284 0.3333333333333333 1
1580315466 3.577531111 0.5 2
1580316028 3.76157017 0.5 2
1580316730 3.654598099 0.5 2
1580317318 3.584143541 0.3333333333333333 1
1581942387 3.719267245 0.25 1
1581943592 3.585024979 0.5 2
1581944880 3.784116235 0.25 1
1581945857 3.935790819 0.25 1
1581946432 3.66932408 0.3333333333333333 1
1581946999 3.780618451 0.5 2
1581947920 3.703081076 0.25 1
1581949012 3.851359606 0.5 2
1582033972 3.668613195 0.5 2
1582035590 3.965909312 0.25 1
1582036196 4.398371106 0.5 2
1582036801 4.144989757 0.5 2
1582037405 4.041490626 0.5 2
1582038001 3.90088856 0.25 1
1582038599 3.888382022 0.0 0
1582041492 4.334471447 0.4 1
1582042101 3.810972184 0.5 2
1582043691 4.419046695 0.5 2
1582044303 4.063775029 0.25 1
1582637915 3.55754738 0.3333333333333333 1
1582638474 3.719010036 0.5 2
1582639549 3.663366963 0.3333333333333333 1
1582640727 3.747543827 0.3333333333333333 1
1582641286 3.51514756 0.3333333333333333 1
1582641856 3.81227027 0.5 2
1582642424 3.71642981 0.5 2
1582642999 3.690706849 0.3333333333333333 1
1582643601 3.810934916 0.25 1
1582644157 3.560044379 0.5 2
1582898756 3.705074904 0.5 2
1582899328 3.681479203 0.3333333333333333 1
1582899896 3.712492 0.5 2
1582900459 3.641756004 0.5 2
1582902117 3.709580729 0.75 2
1582902763 3.841316631 0.5 2
1582903360 3.62196904 0.5 2
1574710779 3.841320549 0.0 0
