1569854768 7.313128971 -1 -1
1569856376 6.79103456 -1 -1
1571330428 6.859705671 -1 -1
1571766785 7.24724652 -1 -1
1571767569 7.265262729 -1 -1
1572537645 5.61912012 -1 -1
1572538298 5.75206292 -1 -1
1572538958 5.576712193 -1 -1
1572539612 4.352213499 -1 -1
1572540259 5.612948386 -1 -1
1572541163 5.535486664 -1 -1
1572541816 5.626542292 -1 -1
1572542466 5.496606911 -1 -1
1572543112 5.727667666 -1 -1
1572543784 5.858557159 -1 -1
1572871531 5.40006215 -1 -1
1572872182 5.801947101 -1 -1
1572872863 5.818768557 -1 -1
1572873511 5.509481538 -1 -1
1572874169 5.607418826 -1 -1
1572875234 5.890218547 -1 -1
1572876088 6.00117622 -1 -1
1572877314 5.603267722 -1 -1
1572877969 5.64698282 -1 -1
1572879209 5.602211753 -1 -1
1572967599 5.61211159 -1 -1
1572968258 5.6165947 -1 -1
1572969557 5.747964096 -1 -1
1572970218 5.57117504 -1 -1
1572970868 5.607585032 -1 -1
1572971531 5.622170594 -1 -1
1572972192 5.590128821 -1 -1
1572972841 5.685382112 -1 -1
1572973557 5.861210177 -1 -1
1572974206 5.609360842 -1 -1
1572974864 5.551185939 -1 -1
1573209141 5.442400355 -1 -1
1573209811 5.500092186 -1 -1
1573210472 5.564209686 -1 -1
1573211140 5.575756292 -1 -1
1573211800 5.766764571 -1 -1
1573212446 5.683549469 -1 -1
1573213100 5.575677718 -1 -1
1573213749 5.566823978 -1 -1
1573214422 5.670657219 -1 -1
1573215079 5.614587004 -1 -1
1573310588 5.335029089 -1 -1
1573311207 5.422330911 -1 -1
1573311818 5.599304457 -1 -1
1573312523 5.440234727 -1 -1
1573313141 5.665098641 -1 -1
1573313765 5.744164089 -1 -1
1573314393 5.318385468 -1 -1
1573315008 4.313695414 -1 -1
1574696614 5.435536712 -1 -1
1574957029 4.525088455 -1 -1
1574958212 5.327679183 -1 -1
1574958805 5.283849724 -1 -1
1574959415 5.203460277 -1 -1
1575033294 5.41145135 -1 -1
1575033862 5.468388071 -1 -1
1575037188 4.986902914 -1 -1
1575037747 5.091383256 -1 -1
1575038750 5.34378597 -1 -1
1575039321 5.330421934 -1 -1
1575120582 4.287135853 -1 -1
1575121146 5.421102038 -1 -1
1575123883 5.101377383 -1 -1
1575125006 5.162369212 -1 -1
1575297888 4.90478287 -1 -1
1575298461 5.543635598 -1 -1
1575299030 4.911524298 -1 -1
1575299610 5.374238735 -1 -1
1575300181 5.34185551 -1 -1
1575392067 4.947951427 -1 -1
1575393513 4.861186997 -1 -1
1575395202 5.406311093 -1 -1
1575395766 5.417655324 -1 -1
1575565126 5.148405912 -1 -1
1575565690 5.256082025 -1 -1
1575566264 5.378093367 -1 -1
1575568191 5.255740378 -1 -1
1579191221 5.292086751 -1 -1
1579192985 4.89938945 -1 -1
1579194135 4.818583584 -1 -1
1579195858 5.03080729 -1 -1
1579196420 5.13699204 -1 -1
1579359626 5.161126626 -1 -1
1579360203 4.988863232 -1 -1
1579360763 5.308194282 -1 -1
1579361319 5.007279472 -1 -1
1579363552 5.159631519 -1 -1
1579364679 3.760783028 -1 -1
1579531243 5.310897973 -1 -1
1579533651 5.481251102 -1 -1
1579536627 5.288831712 -1 -1
1580224487 5.367250669 -1 -1
1580226166 5.47475603 -1 -1
1580227918 5.141356865 -1 -1
1580228499 5.37832175 -1 -1
1580315142 5.211383814 -1 -1
1580316265 4.917881626 -1 -1
1580316975 5.228281519 -1 -1
1580317563 5.119239027 -1 -1
1581942626 5.208659517 -1 -1
1581944203 5.581056538 -1 -1
1581945150 5.325931687 -1 -1
1581946099 5.336397391 -1 -1
1581946668 5.426275844 -1 -1
1581947563 5.274755608 -1 -1
1581948156 5.317293454 -1 -1
1581949267 5.819406157 -1 -1
1582034972 4.486815491 -1 -1
1582035843 5.620988412 -1 -1
1582036448 5.717461095 -1 -1
1582037059 5.205237529 -1 -1
1582037658 5.218148961 -1 -1
1582038841 5.542450437 -1 -1
1582041755 4.440478807 -1 -1
1582043956 5.704509229 -1 -1
1582044547 5.336621722 -1 -1
1582638712 4.172215477 -1 -1
1582640146 5.44295903 -1 -1
1582640964 5.378408164 -1 -1
1582641524 5.207676856 -1 -1
1582642095 5.369997027 -1 -1
1582642662 5.213624734 -1 -1
1582643237 5.426277235 -1 -1
1582643835 4.801406859 -1 -1
1582644394 5.161765805 -1 -1
1582899004 5.329748058 -1 -1
1582899566 5.225140313 -1 -1
1582900133 5.494263514 -1 -1
1582900693 5.505611903 -1 -1
1582902438 4.882997468 -1 -1
1582902998 5.04024355 -1 -1
1582903602 5.077521585 -1 -1
