1569854759 3.919759811 0.75 3
1569856367 3.880364922 0.25 1
1571330419 3.828136779 0.25 1
1571766776 3.891878314 0.25 1
1571767560 3.851894399 1.0 2
1572537637 3.12476167 0.3333333333333333 1
1572538290 3.122799766 0.5 2
1572538950 3.058865278 0.3333333333333333 1
1572539603 3.13797678 0.3333333333333333 1
1572540252 2.984074349 1.0 2
1572541156 3.063166914 1.0 2
1572541809 3.068831301 0.3333333333333333 1
1572542458 2.995702333 1.0 3
1572543105 3.179501639 1.3333333333333333 4
1572543776 3.425666625 0.3333333333333333 1
1572871524 3.066586877 1.0 3
1572872175 3.159547126 1.0 3
1572872856 3.215651669 1.3333333333333333 4
1572873504 3.068791325 0.3333333333333333 1
1572874162 3.019496664 0.6666666666666666 1
1572875227 3.065284543 0.6666666666666666 2
1572876081 2.987849428 0.6666666666666666 2
1572877307 3.117723396 0.3333333333333333 1
1572877962 3.054543814 0.3333333333333333 1
1572879202 3.059367538 1.0 3
1572967592 3.043540082 1.0 3
1572968250 3.026290006 0.3333333333333333 1
1572969550 3.11712154 0.6666666666666666 2
1572970211 2.98840594 0.6666666666666666 1
1572970861 3.115110611 1.0 2
1572971523 3.084602744 0.5 2
1572972185 3.148460735 1.0 3
1572972834 3.076371612 0.6666666666666666 2
1572973550 3.02469791 0.6666666666666666 2
1572974199 3.072978416 0.3333333333333333 1
1572974857 3.042795253 1.0 3
1573209133 3.156347213 0.75 2
1573209804 2.973054051 0.3333333333333333 1
1573210464 3.110897481 0.5 2
1573211133 3.074151005 1.0 3
1573211792 3.067178078 0.3333333333333333 1
1573212439 3.048026679 0.3333333333333333 1
1573213092 3.035721859 0.3333333333333333 1
1573213742 3.079299287 1.0 3
1573214415 2.978454116 1.0 3
1573215072 2.895541425 1.0 3
1573310581 2.991886931 1.0 3
1573311199 2.829043057 0.3333333333333333 1
1573311811 3.056965055 0.6666666666666666 2
1573312517 3.03854774 0.3333333333333333 1
1573313134 3.033545603 1.0 3
1573313759 2.900118218 0.3333333333333333 1
1573314387 2.848118102 1.0 3
1573315000 3.081685779 1.0 3
1574696608 2.988635821 0.0 0
1574697187 2.899524767 0.3333333333333333 1
1574697779 2.899382092 1.3333333333333333 2
1574698351 2.97249871 0.0 0
1574698939 2.92929483 1.0 3
1574709751 3.037357261 0.6666666666666666 2
1574711010 2.93158128 0.0 0
1574956359 3.081307198 1.3333333333333333 3
1574957022 2.983845207 1.0 2
1574957623 2.951081245 1.3333333333333333 3
1574958205 2.941481826 1.3333333333333333 3
1574958798 2.920912275 1.0 2
1574959386 2.94268984 1.0 3
1574959987 3.068879126 0.6666666666666666 2
1574960564 2.985338769 1.6666666666666667 3
1574961174 3.119840754 0.6666666666666666 2
1574961810 2.938138599 1.3333333333333333 3
1575033287 2.907283062 0.6666666666666666 2
1575033855 2.979820736 0.6666666666666666 2
1575034444 2.943500749 0.6666666666666666 2
1575035021 2.893670473 1.0 2
1575035582 2.883529061 1.6666666666666667 4
1575036619 2.955113419 0.6666666666666666 2
1575037181 2.923413017 1.6666666666666667 4
1575037740 2.939458203 1.6666666666666667 3
1575038743 2.905015976 1.6666666666666667 4
1575039314 2.98462489 1.3333333333333333 3
1575120574 2.951782737 0.6666666666666666 2
1575121139 2.929561776 0.6666666666666666 2
1575122133 2.943081199 0.3333333333333333 1
1575122760 2.973565907 0.6666666666666666 2
1575123318 2.980818201 1.3333333333333333 4
1575123876 2.949790442 0.6666666666666666 2
1575124432 2.862589123 0.6666666666666666 2
1575124999 2.847556511 1.3333333333333333 4
1575125563 2.966627645 1.3333333333333333 3
1575126129 2.944215602 0.6666666666666666 2
1575297881 3.078976984 1.0 3
1575298454 3.064086272 1.0 3
1575299023 3.074340785 0.3333333333333333 1
1575299603 3.070168396 0.6666666666666666 2
1575300174 2.944001013 0.0 0
1575300792 2.980043893 0.6666666666666666 2
1575301565 2.968396747 0.6666666666666666 2
1575302174 3.115205771 1.0 3
1575390361 2.933445385 0.6666666666666666 2
1575390931 3.125818017 0.6666666666666666 2
1575391494 3.054977334 0.6666666666666666 2
1575392060 2.935730852 1.3333333333333333 4
1575392870 2.938755608 0.0 0
1575393506 3.008069527 0.6666666666666666 2
1575394065 2.906879472 0.6666666666666666 2
1575394632 3.02457637 1.0 3
1575395196 3.107284462 0.5 2
1575395759 3.05874483 0.5 2
1575562606 2.983306735 1.0 3
1575563290 3.032784979 0.3333333333333333 1
1575563939 2.852742349 0.6666666666666666 2
1575564536 2.987716943 0.6666666666666666 2
1575565119 3.036140272 1.0 3
1575565683 3.104369259 0.0 0
1575566257 3.162113944 0.6666666666666666 2
1575566857 2.953884658 1.0 3
1575568184 2.984138352 0.6666666666666666 2
1575568768 2.94976884 0.0 0
1579191214 2.918566786 1.0 3
1579191826 2.979948071 0.0 0
1579192393 2.936695587 0.3333333333333333 1
1579192978 2.938494214 1.0 3
1579193564 2.866678003 1.0 3
1579194128 2.920022103 1.3333333333333333 3
1579194696 2.881498565 1.0 3
1579195262 2.605934377 0.25 1
1579195851 2.857246397 0.6666666666666666 2
1579196414 2.952029478 0.3333333333333333 1
1579359619 2.902725224 0.6666666666666666 2
1579360196 2.963167424 0.0 0
1579360757 2.65568361 0.0 0
1579361312 2.841238598 1.0 2
1579361868 2.845501873 1.0 3
1579362422 2.99400752 1.3333333333333333 2
1579362979 3.033336049 0.3333333333333333 1
1579363546 2.942754421 0.6666666666666666 2
1579364112 2.865094539 1.0 3
1579364671 2.891462708 0.3333333333333333 1
1579530663 2.899984802 0.3333333333333333 1
1579531236 2.95761864 0.3333333333333333 1
1579532292 2.987427541 1.6666666666666667 4
1579532984 2.915189407 0.6666666666666666 2
1579533645 2.900115779 0.6666666666666666 2
1579534246 2.871547244 0.6666666666666666 2
1579534932 2.698303987 0.3333333333333333 1
1579535548 2.873501975 0.0 0
1579536620 3.032740458 1.0 3
1579537195 2.857800646 0.3333333333333333 1
1580223922 2.912239158 0.3333333333333333 1
1580224481 2.901628521 0.0 0
1580225037 2.938306836 0.3333333333333333 1
1580225601 2.984019268 0.3333333333333333 1
1580226160 2.913916576 1.0 3
1580226746 2.960225521 0.3333333333333333 1
1580227313 2.893774971 0.3333333333333333 1
1580227911 3.068240233 0.6666666666666666 2
1580228492 2.923724808 1.0 3
1580229052 2.97938917 0.0 0
1580312479 2.904271406 1.0 3
1580313059 2.983734039 0.3333333333333333 1
1580313939 2.919374312 0.6666666666666666 2
1580314578 2.947146288 0.0 0
1580315135 2.873338007 0.3333333333333333 1
1580315696 2.907305872 0.3333333333333333 1
1580316258 2.94724899 1.0 2
1580316968 2.867157158 1.3333333333333333 4
1581942619 3.085594842 0.6666666666666666 2
1581944196 2.853869009 0.3333333333333333 1
1581945143 2.904027631 0.3333333333333333 1
1581946093 2.955885205 0.6666666666666666 2
1581946661 2.892955728 0.3333333333333333 1
1581947556 2.982681982 0.3333333333333333 1
1581948149 2.895815036 0.3333333333333333 1
1581949259 3.370868539 0.3333333333333333 1
1582034964 3.298159319 1.0 3
1582035837 2.837262418 0.0 0
1582036441 3.016274721 0.6666666666666666 1
1582037052 3.100229993 1.0 3
1582037652 2.867388089 0.0 0
1582038246 3.114959243 0.0 0
1582038834 2.946667402 0.3333333333333333 1
1582041746 3.315158573 0.5 2
1582042499 3.104051078 1.0 3
1582043948 3.199435847 0.3333333333333333 1
1582044540 2.954726147 0.3333333333333333 1
1582638142 2.775895214 0.5 1
1582638704 2.863915996 1.0 3
1582640139 2.870955424 0.3333333333333333 1
1582640958 2.766098841 0.0 0
1582641517 3.045241105 0.3333333333333333 1
1582642088 2.969841551 0.3333333333333333 1
1582642655 2.852257667 0.3333333333333333 1
1582643230 2.913233871 1.0 3
1582643828 2.868544264 0.6666666666666666 2
1582644387 2.820997249 1.0 3
1582898997 3.192630848 0.6666666666666666 2
1582899559 2.940954268 0.6666666666666666 1
1582900127 2.864674461 1.0 3
1582900686 2.938357526 0.0 0
1582902431 2.901272639 1.0 3
1582902991 2.931130818 1.0 3
1582903596 2.852967876 0.0 0
1574711010 2.93158128 0.0 0
