1569854757 2.215187505 0.0 0
1569856365 2.103801064 0.0 0
1571330417 2.127826638 0.0 0
1571766775 2.02173408 0.0 0
1571767558 2.232153114 0.0 0
1572537636 1.705526167 0.0 0
1572538289 1.797315002 0.0 0
1572538949 1.655813382 0.0 0
1572539601 1.792264892 0.0 0
1572540250 1.705978164 0.0 0
1572541154 1.718054208 0.0 0
1572541808 1.583901545 0.0 0
1572542456 1.660447761 0.0 0
1572543103 1.480215799 0.0 0
1572543774 1.71033217 0.0 0
1572871522 1.63222411 0.0 0
1572872173 1.909842566 0.0 0
1572872854 1.827359997 0.0 0
1572873502 1.700173581 0.0 0
1572874160 1.75249253 0.0 0
1572875225 1.743668009 0.0 0
1572876079 1.707160438 0.0 0
1572877306 1.604000093 0.0 0
1572877961 1.620488594 0.0 0
1572879200 1.749726428 0.0 0
1572967590 1.687916338 0.0 0
1572968249 1.648883578 0.0 0
1572969548 1.688181303 0.0 0
1572970209 1.696048287 0.0 0
1572970860 1.675937943 0.0 0
1572971522 1.840693963 0.0 0
1572972183 1.746392319 0.0 0
1572972832 1.740928338 0.0 0
1572973548 1.695685356 0.0 0
1572974197 1.715678323 0.0 0
1572974855 1.713575443 0.0 0
1573209132 1.766768388 0.0 0
1573209802 1.744160137 0.0 0
1573210463 1.767632561 0.0 0
1573211131 1.931274321 0.0 0
1573211790 1.974110822 0.0 0
1573212438 1.703677615 0.0 0
1573213091 1.669008448 0.0 0
1573213740 1.687127867 0.0 0
1573214413 1.763934924 0.0 0
1573215070 1.72836176 0.0 0
1573310579 1.792093255 0.0 0
1573311198 1.744002297 0.0 0
1573311809 1.664451297 0.0 0
1573312515 1.846924258 0.0 0
1573313132 1.57516812 0.0 0
1573313757 1.783436944 0.0 0
1573314385 1.664229433 0.0 0
1573314999 1.49550033 0.0 0
1574696607 1.447478797 0.0 0
1574697186 1.508485965 0.0 0
1574697778 1.45642443 0.0 0
1574698938 1.399048802 0.0 0
1574709750 1.45203286 0.0 0
1574711008 1.581517587 0.0 0
1574956358 1.457259551 0.0 0
1574957020 1.471818002 0.0 0
1574957622 1.577419807 0.0 0
1574958797 1.404307939 0.0 0
1574959385 1.482994702 0.0 0
1574959986 1.779842328 0.0 0
1574960562 1.44788793 0.0 0
1574961173 1.367314199 0.0 0
1574961809 1.411100091 0.0 0
1575033286 1.411973239 0.0 0
1575033854 1.318654175 0.0 0
1575034443 1.407463279 0.0 0
1575035020 1.505371488 0.0 0
1575035581 1.357774811 0.0 0
1575036618 1.324296362 0.0 0
1575037180 1.488291804 0.0 0
1575037739 1.335877933 0.0 0
1575120573 1.487504256 0.0 0
1575121138 1.36114343 0.0 0
1575122133 1.152298364 0.0 0
1575122759 1.407548473 0.0 0
1575123317 1.538474002 0.0 0
1575124431 1.403346907 0.0 0
1575124998 1.525001726 0.0 0
1575125562 1.3610694 0.0 0
1575126128 1.363380047 0.0 0
1575298453 1.455111857 0.0 0
1575299022 1.407821173 0.0 0
1575299602 1.443804818 0.0 0
1575300173 1.584191307 0.0 0
1575300791 1.64314781 0.0 0
1575302173 1.427983704 0.0 0
1575390360 1.457329691 0.0 0
1575390930 1.609929609 0.0 0
1575391493 1.361536609 0.0 0
1575393505 1.528141205 0.0 0
1575394064 1.441430769 0.0 0
1575394631 1.410718022 0.0 0
1575395757 1.410883562 0.0 0
1575562604 1.587891234 0.0 0
1575563289 1.449206037 0.0 0
1575563938 1.313986578 0.0 0
1575564535 1.618390522 0.0 0
1575565118 1.458733961 0.0 0
1575565683 1.403940116 0.0 0
1575566256 1.513987839 0.0 0
1575566856 1.541263633 0.0 0
1575568183 1.543310162 0.0 0
1575568767 1.376833524 0.0 0
1579191213 1.50080771 0.0 0
1579192392 1.501453882 0.0 0
1579192977 1.452340958 0.0 0
1579193562 1.592176068 0.0 0
1579194126 1.701226858 0.5 1
1579194695 1.58597908 0.0 0
1579195260 1.792137 0.0 0
1579195850 1.543307015 0.0 0
1579196412 1.435598383 0.0 0
1579359618 1.452307021 0.0 0
1579360755 1.417810571 0.0 0
1579361311 1.35028165 0.0 0
1579361867 1.411354408 0.0 0
1579362978 1.280066528 0.0 0
1579363545 1.363916321 0.0 0
1579364111 1.508324464 0.0 0
1579364670 1.503043016 0.0 0
1579530662 1.410722148 0.0 0
1579532983 1.319849051 0.0 0
1579533643 1.52033906 0.0 0
1579534245 1.389946977 0.0 0
1579534931 1.45995754 0.0 0
1579535547 1.43930193 0.0 0
1579536619 1.499709974 0.0 0
1580223921 1.501787877 0.0 0
1580224479 1.57724033 0.0 0
1580225036 1.499338459 0.0 0
1580226745 1.510746 0.0 0
1580227312 1.580297535 0.0 0
1580227910 1.535996439 0.0 0
1580228491 1.447413237 0.0 0
1580229050 1.540525597 0.0 0
1580312478 1.454789908 0.0 0
1580313058 1.540922202 0.0 0
1580313938 1.495660141 0.0 0
1580314577 1.527629757 0.0 0
1580315134 1.379143849 0.0 0
1580315695 1.544871583 0.0 0
1580316967 1.50225449 0.0 0
1580317554 2.174310147 0.5 1
1581942618 1.631526938 0.0 0
1581944195 1.335834064 0.0 0
1581945142 1.483467025 0.0 0
1581946091 1.502151374 0.0 0
1581946660 1.495801274 0.0 0
1581947555 1.453396068 0.0 0
1581948148 1.483003476 0.0 0
1581949258 1.671845683 0.0 0
1582034962 1.684282053 0.0 0
1582036440 1.507553569 0.0 0
1582037050 1.883329957 0.0 0
1582037650 1.570523492 0.0 0
1582038245 1.671977864 0.0 0
1582041745 1.8503185 0.0 0
1582042497 1.802739124 0.0 0
1582043946 1.74932232 0.0 0
1582044539 1.704795341 0.0 0
1582638140 1.44408895 0.0 0
1582638703 1.416430238 0.0 0
1582640138 1.535460365 0.0 0
1582640956 1.509168919 0.0 0
1582641516 1.456852043 0.0 0
1582642087 1.572711126 0.0 0
1582642654 1.472962645 0.0 0
1582643229 1.471885848 0.0 0
1582643827 1.49339801 0.0 0
1582644386 1.410678723 0.0 0
1582898995 1.583747866 0.0 0
1582899558 1.408644451 1.0 1
1582900126 1.534328718 0.0 0
1582900685 1.363881279 0.0 0
1582902990 1.45426346 0.0 0
1582903594 1.448235078 0.0 0
1574711008 1.581517587 0.0 0
