1569854426 5.547282708 0.0 0
1569855838 6.02092466 0.0 0
1571330128 5.425646036 0.0 0
1571766484 5.588698203 0.0 0
1571767266 5.679750091 0.0 0
1572537393 4.459575073 0.0 0
1572538050 4.49306369 0.0 0
1572538710 4.551194463 0.0 0
1572539363 4.5758305 0.0 0
1572540010 4.352477006 0.0 0
1572540916 4.490320904 0.0 0
1572541570 4.517859748 0.0 0
1572542218 4.464540832 0.0 0
1572542865 4.433369139 0.0 0
1572543530 4.527551841 0.0 0
1572871284 4.576766301 0.0 0
1572871934 4.624919719 0.0 0
1572872612 4.514657007 0.0 0
1572873264 4.622061722 0.2 1
1572873917 4.363182303 0.2 1
1572874979 4.496452476 0.2 1
1572875841 4.499835655 0.0 0
1572877066 4.522401699 0.0 0
1572877716 4.442101616 0.0 0
1572878944 4.446622112 0.0 0
1572967351 4.230592354 0.5 1
1572968008 4.561350407 0.0 0
1572969310 4.369342372 0.25 1
1572969971 4.428453395 0.0 0
1572970621 4.426516224 0.0 0
1572971270 4.536105682 0.0 0
1572971933 4.434424131 0.0 0
1572972593 4.561085921 0.0 0
1572973307 4.556715257 0.5 1
1572973959 4.565268962 0.0 0
1572974611 4.476872355 0.0 0
1573208893 4.442524042 0.0 0
1573209548 4.419822831 0.0 0
1573210223 4.592637466 0.2 1
1573210892 4.473208762 0.0 0
1573211549 4.479793381 0.0 0
1573212198 4.480084315 0.0 0
1573212849 4.761361048 0.0 0
1573213501 4.550180695 0.0 0
1573214172 4.492708873 0.25 1
1573214827 4.468673475 0.0 0
1573310352 4.143911593 0.0 0
1573310973 3.953941621 0.0 0
1573311588 4.266067185 0.2 1
1573312293 4.340154882 0.0 0
1573312902 4.252997757 0.0 0
1573313530 3.836201187 0.25 1
1573314162 4.362342782 0.0 0
1573314777 4.435361414 0.0 0
1574696386 4.140179554 0.5 2
1574696967 4.051212435 0.0 0
1574697557 4.034551914 0.25 1
1574698132 3.959550263 0.0 0
1574698717 4.173236179 0.0 0
1574709501 4.301580543 0.0 0
1574710788 3.951931811 0.0 0
1574956140 3.930608008 0.0 0
1574956762 41.874030753 0.0 0
1574957403 3.879893751 0.75 2
1574957981 4.05759806 0.0 0
1574958573 4.107623217 0.25 1
1574959162 3.938135503 0.0 0
1574959765 4.103988879 0.0 0
1574960343 3.934752888 0.25 1
1574960955 4.032731136 0.0 0
1574961592 4.073002439 0.0 0
1575033064 3.989325464 0.0 0
1575033632 4.18572052 0.0 0
1575034223 3.916320112 0.0 0
1575034789 4.18313904 0.2 1
1575035361 4.085738793 0.25 1
1575036383 4.139442563 0.25 1
1575036960 4.164302295 0.0 0
1575037519 4.267860172 0.5 1
1575038522 4.037715123 0.0 0
1575039091 4.103789185 0.0 0
1575120354 4.006390371 0.0 0
1575120918 4.056131418 0.0 0
1575121478 4.085058346 0.0 0
1575122541 3.917590161 0.25 1
1575123098 4.27169634 0.0 0
1575123658 4.095156915 0.0 0
1575124213 4.099928787 0.25 1
1575124781 4.004276872 0.0 0
1575125338 3.995336147 0.0 0
1575125907 4.345299703 0.25 1
1575297654 4.100731223 0.0 0
1575298233 4.128971362 0.0 0
1575298802 4.338831223 0.0 0
1575299378 4.251806858 0.2 1
1575299951 4.10120167 0.0 0
1575300571 4.178428838 0.0 0
1575301142 4.136860565 0.0 0
1575301953 3.808667333 0.0 0
1575390139 4.137149502 0.0 0
1575390706 4.163902596 0.5 1
1575391275 4.304716828 0.0 0
1575391840 3.975904518 0.0 0
1575392649 4.184458944 0.0 0
1575393285 4.155500894 0.0 0
1575393845 4.139908364 0.25 1
1575394411 4.005398082 0.0 0
1575394975 3.844932047 0.0 0
1575395537 4.263037244 0.0 0
1575562373 4.104346815 0.0 0
1575563071 4.075654756 0.0 0
1575563718 4.258337463 0.0 0
1575564315 3.976955393 0.0 0
1575564899 4.054441551 0.0 0
1575565464 3.99196844 0.25 1
1575566033 3.995019184 0.0 0
1575566618 4.11487501 0.0 0
1575567938 3.86996684 0.0 0
1575568544 4.084291451 0.0 0
1579190991 4.086438174 0.5 2
1579191605 4.000257586 0.25 1
1579192171 3.050778782 0.0 0
1579192750 4.154090059 0.0 0
1579193314 4.148518296 0.0 0
1579193905 4.004295019 0.0 0
1579194473 4.255530643 1.0 1
1579195039 4.035335109 1.5 2
1579195630 4.005707907 0.0 0
1579196193 4.180540796 0.0 0
1579359399 4.007740887 0.5 1
1579359973 4.172062814 0.0 0
1579360536 3.937833475 0.0 0
1579361093 4.0237099 0.0 0
1579361649 3.916440391 0.0 0
1579362203 4.22355869 0.0 0
1579362759 3.974904094 0.0 0
1579363324 4.256227263 0.0 0
1579363891 4.31313305 0.25 1
1579364450 4.176516142 0.0 0
1579530367 5.730548032 0.0 0
1579531015 4.171906421 0.5 1
1579532056 4.327931627 0.25 1
1579532757 3.852839134 0.25 1
1579533426 3.795788939 0.0 0
1579534026 4.247175527 0.0 0
1579534713 4.096834288 0.0 0
1579535323 4.239454474 0.0 0
1579535919 4.013307092 0.0 0
1579536976 4.029165079 0.0 0
1580223701 3.966058574 0.0 0
1580224261 4.224801877 0.0 0
1580224816 4.187923872 0.0 0
1580225380 4.001159111 0.0 0
1580225940 4.003885939 0.25 1
1580226523 4.081294982 0.0 0
1580227091 4.18668508 0.0 0
1580227690 4.028552059 0.25 1
1580228271 3.838309836 0.0 0
1580228830 3.920045571 0.0 0
1580312261 4.144778661 0.0 0
1580312840 4.30508982 0.0 0
1580313395 4.02857806 0.5 1
1580314360 3.903110965 0.0 0
1580314917 3.982406488 0.0 0
1580315474 3.938041319 0.0 0
1580316036 3.928862782 0.0 0
1580316739 4.382763377 0.0 0
1580317326 4.096500754 0.0 0
1581942396 4.263003039 0.0 0
1581943600 4.101313773 0.0 0
1581944889 4.312060876 0.0 0
1581945866 4.175752062 0.0 0
1581946440 3.951546791 0.0 0
1581947008 4.069376386 0.0 0
1581947929 4.019942228 0.0 0
1581949021 4.660210318 0.0 0
1582033980 4.097013368 0.0 0
1582035599 3.905341826 0.3333333333333333 1
1582036205 4.659119162 0.2 1
1582036810 4.366852291 0.5 1
1582037414 4.255857863 1.0 2
1582038010 4.516589599 0.4 1
1582038607 4.092625615 0.0 0
1582041501 4.589758054 0.0 0
1582042110 4.142904437 0.25 1
1582043700 4.73986291 0.4 1
1582044312 4.322624761 0.2 1
1582637923 3.904466707 0.0 0
1582638483 3.852585728 0.3333333333333333 1
1582639557 4.073151027 0.0 0
1582640735 3.887138257 0.0 0
1582641294 4.227159829 0.0 0
1582641864 4.000668129 0.0 0
1582642433 4.112151421 0.0 0
1582643007 4.279153209 0.0 0
1582643610 4.091355156 0.0 0
1582644166 3.986874706 0.25 1
1582898764 4.345220302 0.2 1
1582899336 4.109484714 0.0 0
1582899904 4.046527238 0.0 0
1582900467 3.960846871 0.0 0
1582902125 4.047944566 0.0 0
1582902772 3.727495197 0.0 0
1582903368 3.926131999 0.25 1
1574710788 3.951931811 0.0 0
