1569854757 2.169638248 0.0 0
1569856365 1.930966364 0.0 0
1571330417 1.852005357 0.0 0
1571766774 1.99918749 0.0 0
1571767558 2.075749296 0.0 0
1572537636 1.614965419 0.0 0
1572538289 1.616569433 0.0 0
1572538949 1.69918529 0.0 0
1572539601 1.612558231 0.0 0
1572540250 1.702428553 0.0 0
1572541154 1.676299023 0.0 0
1572541808 1.701771194 0.0 0
1572542456 1.660447761 0.0 0
1572543103 1.523464951 0.0 0
1572543774 1.575164706 0.0 0
1572871522 1.676311857 0.0 0
1572872173 1.879876954 0.0 0
1572872854 1.618301345 0.0 0
1572873502 1.716472249 0.0 0
1572874161 1.70451203 0.0 0
1572875225 1.700497427 0.0 0
1572876079 1.707160438 0.0 0
1572877306 1.706211503 0.0 0
1572877960 1.713079561 0.0 0
1572879200 1.572353484 0.0 0
1572967590 1.527313096 0.0 0
1572968249 1.603737864 0.0 0
1572969548 1.65108519 0.0 0
1572970209 1.65872403 0.0 0
1572970859 1.721988881 0.0 0
1572971522 1.710860699 0.0 0
1572972183 1.622414304 0.0 0
1572972832 1.652525421 0.0 0
1572973548 1.695685356 0.0 0
1572974197 1.657077226 0.0 0
1572974855 1.713575443 0.0 0
1573209132 1.702216708 0.0 0
1573209803 1.744668616 0.0 0
1573210463 1.604562438 0.0 0
1573211131 1.884392669 0.0 0
1573211790 1.918335714 0.0 0
1573212438 1.658517867 0.0 0
1573213091 1.746992173 0.0 0
1573213740 1.605887834 0.0 0
1573214413 1.763934924 0.0 0
1573215070 1.689364344 0.0 0
1573310579 1.675421554 0.0 0
1573311198 1.572320528 0.0 0
1573311809 1.624766326 0.0 0
1573312515 1.850146318 0.0 0
1573313132 1.623137038 0.0 0
1573313757 1.906559389 0.0 0
1573314385 1.707357077 0.0 0
1573314998 1.483891087 0.0 0
1574696606 1.559113861 0.0 0
1574697186 1.499968631 0.0 0
1574697778 1.538497901 0.0 0
1574698350 1.537733768 0.0 0
1574698937 1.515526983 0.0 0
1574709750 1.495410503 0.0 0
1574711008 1.685534112 0.0 0
1574956357 1.558440423 0.0 0
1574957020 1.497904816 0.0 0
1574957621 1.617001998 0.0 0
1574958203 1.484520179 0.0 0
1574958797 1.54265294 0.0 0
1574959385 1.52350321 0.0 0
1574959985 1.915532232 0.0 0
1574960562 1.559528541 0.0 0
1574961173 1.408812343 0.0 0
1574961808 1.547760301 0.0 0
1575033286 1.573319596 0.0 0
1575033854 1.553092086 0.0 0
1575034443 1.541143664 0.0 0
1575035019 1.551297032 0.0 0
1575035580 1.626623284 0.0 0
1575036618 1.483894901 0.0 0
1575037179 1.580322122 0.0 0
1575037738 1.555685427 0.0 0
1575038741 1.615934354 0.0 0
1575039312 1.572510391 0.0 0
1575120573 1.532214671 0.0 0
1575121138 1.410028323 0.0 0
1575122132 1.570613614 0.0 0
1575122759 1.531705454 0.0 0
1575123316 1.495722047 0.0 0
1575123875 1.489519702 0.0 0
1575124431 1.517759195 0.0 0
1575124997 1.540714952 0.0 0
1575125561 1.47860365 0.0 0
1575126128 1.610232698 0.0 0
1575297879 1.739379208 0.0 0
1575298452 1.399038151 0.0 0
1575299022 1.500694137 0.0 0
1575299601 1.453119947 0.5 1
1575300173 1.625343308 0.0 0
1575300791 1.579756945 0.0 0
1575301564 1.459731344 0.0 0
1575302172 1.620033091 0.0 0
1575390359 1.634310103 0.0 0
1575390929 1.686560739 0.0 0
1575391493 1.394834329 0.0 0
1575392058 1.620872318 0.0 0
1575392869 1.722500961 0.0 0
1575393505 1.524457761 0.0 0
1575394064 1.524979109 0.0 0
1575394630 1.569400373 0.0 0
1575395194 1.400217095 0.0 0
1575395757 1.491740219 0.0 0
1575562604 1.617254837 0.0 0
1575563289 1.524881747 0.0 0
1575563938 1.585019675 0.0 0
1575564534 1.615207281 0.0 0
1575565117 1.49807294 0.0 0
1575565682 1.654583155 0.0 0
1575566256 1.49312496 0.0 0
1575566855 1.533096974 0.0 0
1575568183 1.411956423 0.0 0
1575568767 1.414946665 0.0 0
1579191212 1.628243426 0.0 0
1579191825 1.565957135 0.0 0
1579192392 1.544547215 0.0 0
1579192976 1.534088765 0.0 0
1579193562 1.575030483 0.0 0
1579194126 1.560193256 0.5 1
1579194694 1.588256139 0.5 1
1579195850 1.623623137 0.0 0
1579196412 1.439442064 0.0 0
1579359617 1.576916656 0.0 0
1579360195 1.535469522 0.0 0
1579360755 1.848409151 0.0 0
1579361311 1.698572505 0.0 0
1579361866 1.501824171 0.0 0
1579362421 1.585506622 0.0 0
1579362978 1.622034706 0.0 0
1579363544 1.472325117 0.0 0
1579364110 1.547782958 0.0 0
1579364670 1.656502489 0.0 0
1579530662 1.540978392 0.0 0
1579531235 1.6234416 0.0 0
1579532290 1.538447257 0.0 0
1579532983 1.524898332 0.0 0
1579533643 1.508532331 0.0 0
1579534244 1.549583711 0.0 0
1579534931 1.579966239 0.0 0
1579535546 1.48723991 0.0 0
1579536618 1.485752935 0.0 0
1579537194 1.620180341 0.0 0
1580223921 1.627291822 0.0 0
1580224479 1.503012975 0.0 0
1580225036 1.583167496 0.0 0
1580225600 1.571164555 0.0 0
1580226158 1.587674987 0.0 0
1580226745 1.515529835 0.0 0
1580227311 1.600435826 0.0 0
1580227909 1.599659446 0.0 0
1580228490 1.528176366 0.0 0
1580229050 1.492241593 0.0 0
1580312477 1.663242987 0.0 0
1580313058 1.529912806 0.0 0
1580313938 1.496104403 0.0 0
1580314577 1.489988611 0.0 0
1580315134 1.579395984 0.0 0
1580315695 1.48318277 0.0 0
1580316256 1.532594628 0.0 0
1580316966 1.62273729 0.0 0
1581942617 1.514264188 0.0 0
1581944195 1.613955639 0.0 0
1581945142 1.492091437 0.0 0
1581946091 1.579595626 0.0 0
1581946660 1.533919429 0.0 0
1581947554 1.557434007 0.0 0
1581948148 1.495539535 0.0 0
1581949257 1.730580316 0.0 0
1582034962 1.833459609 0.0 0
1582035835 1.582310581 0.0 0
1582036440 1.330455928 0.0 0
1582037050 1.744259808 0.0 0
1582037650 1.535040128 0.0 0
1582038245 1.622248399 0.0 0
1582038833 1.396301901 0.0 0
1582041745 1.688247323 0.0 0
1582042497 1.785000267 0.0 0
1582043946 1.835726802 0.0 0
1582044539 1.659060183 0.0 0
1582638140 1.484543215 0.0 0
1582638703 1.455618828 0.0 0
1582640138 1.592474862 0.0 0
1582640956 1.623567822 0.0 0
1582641516 1.408629619 0.0 0
1582642087 1.536111935 0.0 0
1582642654 1.642497838 0.0 0
1582643228 1.470360573 0.0 0
1582643826 1.487455555 0.0 0
1582644385 1.567887408 0.0 0
1582898995 1.670951817 0.0 0
1582899558 1.531097125 1.0 1
1582900125 1.491519646 0.0 0
1582900685 1.535728683 0.0 0
1582902429 1.526965579 0.0 0
1582902989 1.493471125 0.0 0
1582903594 1.531103228 0.0 0
1574711008 1.685534112 0.0 0
