1569854750 6.965891669 0.0 0
1569856359 6.805838284 0.0 0
1571330410 6.896177205 0.0 0
1571766768 6.863843226 0.0 0
1571767551 6.880749565 0.0 0
1572537630 5.5606056 0.0 0
1572538283 5.492405702 0.0 0
1572538943 5.432285526 0.0 0
1572539596 5.531701908 0.0 0
1572540244 5.605495756 0.0 0
1572541148 5.584302511 0.0 0
1572541802 5.558172548 0.0 0
1572542451 5.516412981 0.0 0
1572543098 5.556455646 0.0 0
1572543768 5.849076432 0.0 0
1572871517 5.497178483 0.0 0
1572872168 5.367326735 0.0 0
1572872850 4.544419289 0.0 0
1572873497 5.500399683 0.0 0
1572874155 5.704591525 0.0 0
1572875221 4.085263693 0.0 0
1572876074 5.609967719 0.0 0
1572877300 5.517080803 0.0 0
1572877955 5.689579109 0.0 0
1572879194 5.707231956 0.0 0
1572967585 5.749863234 0.0 0
1572968243 5.624797448 0.0 0
1572969542 5.552580705 0.0 0
1572970204 5.518953009 0.0 0
1572970854 5.42724255 0.0 0
1572971516 5.273251839 0.0 0
1572972177 5.652771744 0.0 0
1572972826 5.592069769 0.16666666666666666 1
1572973543 5.632423584 0.0 0
1572974192 5.561919547 0.0 0
1572974849 5.567591394 0.0 0
1573209126 5.403442329 0.3333333333333333 1
1573209797 5.640283767 0.0 0
1573210457 5.633974306 0.16666666666666666 1
1573211126 5.288114324 0.0 0
1573211785 5.340008477 0.0 0
1573212432 5.555735683 0.0 0
1573213085 5.577100915 0.0 0
1573213735 5.682384375 0.0 0
1573214408 5.569070085 0.0 0
1573215065 5.645024286 0.2 1
1573310574 5.33317133 0.0 0
1573311193 5.073806828 0.0 0
1573311804 5.456553778 0.0 0
1573312510 4.905731478 0.0 0
1573313126 5.798792946 0.0 0
1573313752 4.895152183 0.0 0
1573314380 5.124540403 0.0 0
1573314993 5.296571621 0.0 0
1574696601 5.040468182 0.0 0
1574697181 4.998564203 0.0 0
1574697773 4.913709586 0.0 0
1574698345 5.025256501 0.0 0
1574698932 4.959403513 0.2 1
1574709745 4.896940188 0.0 0
1574711003 4.98531186 0.0 0
1574956352 4.988459275 0.0 0
1574957015 5.005609157 0.0 0
1574957616 5.08595958 0.0 0
1574958198 4.839925055 0.0 0
1574958792 5.069743129 0.0 0
1574959380 5.036611475 0.0 0
1574959980 4.90451908 0.0 0
1574960557 4.990283666 0.0 0
1574961168 4.787571593 0.0 0
1574961804 4.859369512 0.0 0
1575033281 5.095043312 0.0 0
1575033849 4.759517449 0.0 0
1575034438 4.967426472 0.2 1
1575035014 4.992711903 0.0 0
1575035575 4.826075243 0.0 0
1575036613 4.980091309 0.0 0
1575037175 4.97121216 0.4 1
1575037733 4.991321332 0.0 0
1575038736 4.847992708 0.0 0
1575039307 4.922046894 0.0 0
1575120568 4.823592106 0.0 0
1575121133 5.025941663 0.0 0
1575122127 5.032223689 0.2 1
1575122754 4.908032167 0.0 0
1575123311 4.99583876 0.0 0
1575123870 5.140821226 0.0 0
1575124426 5.033637756 0.0 0
1575124992 5.114147003 0.4 1
1575125557 3.718348382 0.0 0
1575126123 5.044473828 0.0 0
1575297874 4.507698268 0.0 0
1575298447 4.996655193 0.0 0
1575299017 5.027447414 0.0 0
1575299596 4.995595889 0.0 0
1575300168 4.950097563 0.0 0
1575300786 5.067810078 0.0 0
1575301559 5.146364207 0.0 0
1575302167 4.932613103 0.0 0
1575390354 4.948187317 0.2 1
1575390925 4.640064776 0.0 0
1575391488 5.094264921 0.0 0
1575392053 4.914186564 0.0 0
1575392864 4.741714382 0.0 0
1575393500 4.994700949 0.2 1
1575394059 4.91062031 0.0 0
1575394625 4.813626024 0.0 0
1575395189 5.111113823 0.0 0
1575395752 5.048198153 0.0 0
1575562599 4.958215583 0.0 0
1575563284 4.927363002 0.0 0
1575563933 4.997282897 0.0 0
1575564530 4.727616156 0.0 0
1575565112 4.965054099 0.0 0
1575565677 4.622291271 0.0 0
1575566251 4.938018744 0.0 0
1575566850 5.029049533 0.4 1
1575568178 4.911620864 0.0 0
1575568762 5.04765615 0.0 0
1579191207 5.040864252 0.0 0
1579191820 4.910019032 0.0 0
1579192387 4.89216089 0.0 0
1579192971 5.080859932 0.0 0
1579193557 5.001635284 0.0 0
1579194121 5.047586084 0.0 0
1579194689 5.129577354 0.0 0
1579195845 5.003102304 0.0 0
1579196407 5.077884126 0.0 0
1579359613 4.76389445 0.0 0
1579360190 4.901952684 0.0 0
1579360750 4.828310467 0.0 0
1579361306 4.960522511 0.0 0
1579361862 4.945007749 0.0 0
1579362415 5.121664291 0.0 0
1579362973 4.885294447 0.0 0
1579363539 5.04509289 0.2 1
1579364105 4.985000373 0.0 0
1579364665 4.949639756 0.2 1
1579530657 5.078848001 0.0 0
1579531230 5.024019811 0.0 0
1579532285 4.824399584 0.0 0
1579532978 4.97338604 0.0 0
1579533638 4.885364289 0.0 0
1579534239 4.849221586 0.0 0
1579534926 5.048782975 0.0 0
1579535541 5.069528525 0.0 0
1579536613 5.080075325 0.4 1
1579537189 4.742874296 0.0 0
1580223916 5.007689245 0.0 0
1580224474 4.91586329 0.0 0
1580225031 5.090793037 0.0 0
1580225595 4.915589437 0.0 0
1580226153 5.003775898 0.0 0
1580226740 4.948351722 0.0 0
1580227307 4.751716221 0.0 0
1580227904 5.154801701 0.0 0
1580228485 5.04884373 0.0 0
1580229045 5.046178046 0.0 0
1580312472 4.96676244 0.0 0
1580313053 4.961983132 0.2 1
1580313933 4.860104553 0.0 0
1580314572 5.039663943 0.0 0
1580315129 4.992170636 0.2 1
1580315690 4.96804872 0.0 0
1580316251 5.047802857 0.0 0
1580316961 5.387936909 0.0 0
1580317546 7.97703205 0.0 0
1581942612 4.989453292 0.0 0
1581944190 4.961988029 0.0 0
1581945137 4.958676461 0.0 0
1581946086 4.940440988 0.0 0
1581946655 4.633349213 0.0 0
1581947550 4.987580985 0.0 0
1581948143 4.959149264 0.0 0
1581949252 5.275090442 0.0 0
1582034956 5.418906056 0.0 0
1582035830 5.335118226 0.0 0
1582036434 5.405827362 0.16666666666666666 1
1582037045 5.335961279 0.2 1
1582037645 5.036212546 0.0 0
1582038239 6.122081219 0.0 0
1582038828 4.730337995 0.0 0
1582041739 5.951914844 0.0 0
1582042491 5.483741917 0.5 1
1582043940 5.976548793 0.16666666666666666 1
1582044533 5.587665824 0.0 0
1582638135 5.043374819 0.0 0
1582638698 5.016950316 0.0 0
1582640133 4.910670766 0.0 0
1582640951 4.94017823 0.0 0
1582641511 4.967290916 0.0 0
1582642082 4.764479906 0.0 0
1582642649 5.02282349 0.6 2
1582643223 4.931778252 0.0 0
1582643821 5.164631446 0.0 0
1582644380 5.040181726 0.0 0
1582898990 5.108345644 0.2 1
1582899553 4.886039626 0.0 0
1582900120 5.022444404 0.0 0
1582900680 4.71687499 0.0 0
1582902425 4.811696983 0.0 0
1582902984 4.962464204 0.0 0
1582903589 4.952556322 0.0 0
1574711003 4.98531186 0.0 0
