1569854443 7.069793611 0.0 0
1569855853 7.122758082 0.0 0
1571330142 6.868515509 0.16666666666666666 1
1571766497 6.884477368 0.14285714285714285 1
1571767280 6.574282139 0.14285714285714285 1
1572537405 5.29595152 0.2 1
1572538062 5.471748896 0.2 1
1572538722 5.467369598 0.2 1
1572539375 5.39210313 0.2 1
1572540021 5.492394985 0.4 1
1572540927 5.46989371 0.4 1
1572541581 5.735573293 0.2 1
1572542229 5.467709728 0.16666666666666666 1
1572542876 5.563021537 0.3333333333333333 1
1572543542 5.220352274 0.2 1
1572871295 5.438101282 0.3333333333333333 1
1572871946 5.435387056 0.0 0
1572872623 5.487478756 0.0 0
1572873276 5.482103271 0.0 0
1572873929 5.530101789 0.0 0
1572874990 5.613978049 0.0 0
1572875852 5.465095084 0.16666666666666666 1
1572877077 5.594658581 0.3333333333333333 1
1572877727 5.471443558 0.4 1
1572878955 5.441987438 0.2 1
1572967362 5.466400422 1.1666666666666667 2
1572968019 5.487372943 1.2 2
1572969321 5.253835428 0.4 1
1572969982 5.524567158 0.2 1
1572970632 5.616930236 0.16666666666666666 1
1572971282 7.267955182 0.2857142857142857 1
1572971944 5.581320171 0.16666666666666666 1
1572972604 5.47565906 0.16666666666666666 1
1572973318 5.180583704 0.4 1
1572973971 5.257496969 0.2 1
1572974622 5.422692205 0.0 0
1573208904 5.292418752 0.0 0
1573209559 5.433211169 0.0 0
1573210234 5.433688186 0.0 0
1573210903 5.42431442 0.0 0
1573211560 5.478592557 0.2 1
1573212209 5.596011121 0.2 1
1573212861 5.358552961 0.2 1
1573213512 5.475171316 0.4 1
1573214183 5.569630821 0.2 1
1573214838 5.38198397 0.0 0
1573310362 5.050450627 0.0 0
1573310983 5.092053566 0.4 1
1573311599 5.110232739 0.0 0
1573312303 5.124246385 0.0 0
1573312913 4.997280656 0.2 1
1573313540 4.987585084 0.0 0
1573314172 5.451399969 0.0 0
1573314787 5.138099559 0.2 1
1574696977 4.809852017 0.4 2
1574697567 4.957493241 0.0 0
1574698142 4.862186759 0.25 1
1574698727 4.724512685 0.8 2
1574709511 5.470622713 0.6 2
1574710798 4.895920656 0.0 0
1574956150 4.727297164 0.4 1
1574956810 5.852590708 0.5 2
1574957414 4.736907517 0.75 1
1574957991 5.206576762 0.2 1
1574958583 5.150247539 0.2 1
1574959172 4.959972387 0.6 2
1574960354 5.108397516 0.4 1
1574960965 4.86941108 0.0 0
1574961602 4.906288152 0.0 0
1575033074 5.077760565 0.2 1
1575035371 5.105597492 0.0 0
1575037530 5.036592617 0.0 0
1575039101 5.199793973 0.8 2
1575120928 4.975312062 0.2 1
1575121489 4.77997792 0.0 0
1575122551 4.943422345 0.0 0
1575123108 5.094187074 0.2 1
1575123668 5.031557093 0.4 1
1575124791 5.206376413 1.0 3
1575125348 5.044469618 0.2 1
1575125917 5.400508212 0.3333333333333333 2
1575297664 5.335435708 0.0 0
1575298243 4.904074039 0.0 0
1575299961 4.947688338 0.4 2
1575300581 4.969491758 0.8 2
1575301152 5.25622449 0.0 0
1575301963 4.984731203 0.0 0
1575390149 5.211109163 0.8 2
1575391285 4.96661129 0.0 0
1575391850 5.062493635 1.0 2
1575392659 4.936349825 0.75 2
1575393855 5.020337477 0.0 0
1575395547 5.092152961 0.6 2
1575562383 4.95128758 1.4 3
1575563081 4.861073487 0.0 0
1575563729 4.988027488 0.0 0
1575564325 5.039701387 0.0 0
1575564909 5.159334239 0.4 1
1575565474 5.08832818 0.2 1
1575566043 4.954722005 0.4 2
1575566628 4.958050298 0.4 2
1575567948 5.200412942 1.0 2
1575568554 5.000873866 0.6 1
1579191002 5.013355668 1.2 2
1579191615 4.828431707 0.2 1
1579192761 5.053121777 0.0 0
1579193324 5.085693713 0.0 0
1579195050 4.977998473 0.0 0
1579195640 4.727973098 0.0 0
1579196203 4.877326246 0.2 1
1579361104 4.610586115 0.75 1
1579361659 4.718852212 0.0 0
1579362213 4.932929171 0.0 0
1579362769 4.953556037 0.0 0
1579363901 4.97387914 0.0 0
1579364460 5.072719017 0.0 0
1579530380 4.795798617 0.2 1
1579531025 5.050706289 0.16666666666666666 1
1579532066 5.033671863 0.4 1
1579533436 4.955313634 0.0 0
1579534036 5.101866909 0.0 0
1579534723 4.998814587 0.0 0
1579535333 5.46463097 0.3333333333333333 1
1579535929 4.984926295 1.0 3
1579536986 4.966633535 0.8 2
1580223711 4.863989667 0.2 1
1580224271 4.922631564 0.0 0
1580224826 5.039878565 0.8 3
1580225390 4.757440163 0.8 2
1580225950 4.94921089 0.8 2
1580226534 4.878581151 0.2 1
1580227102 5.081608097 0.0 0
1580227700 4.980750463 0.0 0
1580228281 4.868901282 0.0 0
1580228840 5.1156023 0.2 1
1580312271 4.934629601 0.0 0
1580312850 5.127902678 0.4 1
1580313406 4.903889358 0.0 0
1580314369 4.973378257 0.0 0
1580314927 5.258052039 0.4 1
1580315484 5.215726683 0.6666666666666666 2
1580316046 4.896893152 0.8 2
1580316749 5.048392097 0.8 2
1581942406 5.088493916 0.4 1
1581943610 5.001059147 0.8 2
1581944899 5.098140551 0.4 1
1581945876 4.793448042 0.0 0
1581947938 4.870548926 0.0 0
1581949032 4.995795155 0.0 0
1582033991 5.510097257 0.16666666666666666 1
1582035609 5.716800365 0.4 1
1582036217 5.444199178 0.0 0
1582036821 6.729717771 0.3333333333333333 1
1582037425 5.612408614 0.3333333333333333 1
1582038021 4.900844909 0.4 1
1582038618 5.451550815 0.6 2
1582041513 5.8336832 0.0 0
1582042120 5.44241634 0.3333333333333333 1
1582043711 5.942522085 0.0 0
1582044323 5.238336301 0.2 1
1582637933 4.947630173 0.6 1
1582638492 5.221544582 0.6666666666666666 2
1582639567 4.915207203 0.6 1
1582640745 4.932105239 0.6 2
1582641304 5.187271347 0.6 2
1582642443 5.014770267 0.0 0
1582643017 5.059972347 0.2 1
1582643620 4.960809274 0.6 2
1582644176 5.065589984 0.0 0
1582898775 5.020118169 0.4 1
1582899346 4.908341967 0.6 1
1582899914 5.147935615 0.0 0
1582900477 4.984699184 0.8 2
1582902135 4.946203875 0.6 2
1582902782 4.938079837 0.2 1
1582903378 5.073129814 0.8 3
1574710798 4.895920656 0.0 0
