1569854743 2.056237425 0.5 1
1569856352 2.065862341 0.5 1
1571330404 1.923030135 0.0 0
1571766761 1.848871401 0.5 1
1571767544 1.847520508 0.5 1
1572537625 1.536879242 1.0 1
1572538278 1.4535016 0.0 0
1572538938 1.496666907 1.0 1
1572539590 1.586902889 0.5 1
1572540239 1.516608921 0.0 0
1572541143 1.646899166 1.0 1
1572541797 1.572625508 1.0 1
1572542445 1.491684173 0.5 1
1572543092 1.587024309 0.5 1
1572543763 1.612104934 0.0 0
1572871511 1.631670645 0.0 0
1572872162 1.577536108 0.5 1
1572872842 1.583948441 0.5 1
1572873492 1.522408583 1.0 1
1572874150 1.544342305 1.0 1
1572875215 1.493261184 0.5 1
1572876068 1.44372667 0.5 1
1572877295 1.582601575 1.0 1
1572877949 1.681432369 0.5 1
1572879189 1.528953281 0.0 0
1572967579 1.51572616 1.5 2
1572968238 1.635215833 2.0 2
1572969537 1.566731038 0.0 0
1572970198 1.539137575 0.5 1
1572970849 1.580588018 1.0 1
1572971511 1.560856772 0.0 0
1572972172 1.778174432 0.0 0
1572972821 1.547457664 0.5 1
1572973537 1.422585025 0.5 1
1572974187 1.529749625 1.0 1
1572974844 1.48843029 0.0 0
1573209121 1.537985503 0.0 0
1573209792 1.540414091 1.0 1
1573210452 1.524867245 0.0 0
1573211120 1.564773889 0.0 0
1573211780 1.532169924 1.0 1
1573212427 1.494020533 1.0 1
1573213080 1.581790388 0.0 0
1573213729 1.532237981 0.5 1
1573214402 1.504459558 0.5 1
1573215059 1.648075689 0.5 1
1573310568 1.671745266 0.5 1
1573311188 1.581205651 1.0 1
1573311798 1.401362534 0.5 1
1573312505 1.375663719 0.0 0
1573313121 1.540487188 0.0 0
1573313746 1.435173369 0.5 1
1573314375 1.403832501 0.5 1
1573314988 1.660838362 0.5 1
1574696596 1.433049959 0.0 0
1574697176 1.319171406 0.0 0
1574697767 1.536716064 0.5 1
1574698340 1.38911814 0.0 0
1574698927 1.433821939 0.5 1
1574709739 1.414568707 0.5 1
1574710998 1.535797775 0.0 0
1574956347 1.503569779 0.5 1
1574957010 1.513717753 0.5 1
1574957611 1.457326712 0.5 1
1574958193 1.451345155 0.5 1
1574958787 1.387823563 1.0 1
1574959375 1.490928346 0.0 0
1574959975 1.442454552 0.0 0
1574960552 1.526363689 0.5 1
1574961163 1.344398006 0.0 0
1574961799 1.506457083 0.5 1
1575033276 1.572105469 1.0 1
1575033844 1.490241879 1.0 1
1575034433 1.452313494 2.0 2
1575035009 1.379495365 0.5 1
1575035570 1.504876159 0.5 1
1575036608 1.447403071 0.0 0
1575037170 1.360264104 1.0 1
1575037728 1.493506494 0.5 1
1575038732 1.447768194 0.5 1
1575039302 1.402438621 0.0 0
1575120563 1.506636494 1.0 1
1575121128 1.363824505 0.0 0
1575122122 1.340369852 0.0 0
1575122749 1.398522868 1.0 1
1575123307 1.405790678 1.0 1
1575123864 1.58551267 0.5 1
1575124421 1.367910425 0.0 0
1575124987 1.379345257 0.5 1
1575125551 1.529722328 0.5 1
1575126118 1.523120507 0.0 0
1575297869 1.511965953 0.5 1
1575298442 1.404139603 0.5 1
1575299012 1.500496082 0.0 0
1575299592 1.513228974 0.5 1
1575300163 1.404678477 0.0 0
1575300781 1.577913386 1.0 1
1575301553 1.627421753 0.5 1
1575302162 1.489436998 0.5 1
1575390350 1.362097251 1.0 1
1575390920 1.370506894 1.0 1
1575391483 1.461324962 1.0 1
1575392048 1.500389221 0.5 1
1575392859 1.499313069 0.0 0
1575393495 1.494872491 0.0 0
1575394054 1.492212529 1.0 1
1575394620 1.492135379 0.5 1
1575395184 1.318702763 0.0 0
1575395747 1.406916703 0.0 0
1575562594 1.445513453 0.0 0
1575563279 1.449609318 0.0 0
1575563928 1.532117968 1.0 1
1575564525 1.324586147 0.0 0
1575565107 1.494137643 0.5 1
1575565672 1.402684705 0.0 0
1575566246 1.416497001 0.0 0
1575566845 1.408738016 0.5 1
1575568173 1.465124472 1.0 1
1575568757 1.467717188 0.0 0
1579191202 1.449130881 1.0 1
1579191815 1.520918746 1.0 1
1579192382 1.571626976 1.0 1
1579192966 1.490699252 0.5 1
1579193552 1.473703676 0.0 0
1579194116 1.452442664 0.5 1
1579194684 1.438672124 0.5 1
1579195249 1.416685882 0.0 0
1579195839 1.489038218 0.5 1
1579196402 1.445019521 0.0 0
1579359608 1.331769748 1.0 1
1579360185 1.523345056 1.0 1
1579360745 1.313517828 0.0 0
1579361301 1.452060563 1.0 1
1579361857 1.420533507 1.0 1
1579362411 1.410430738 1.0 1
1579362968 1.494011671 1.0 1
1579363534 1.540657922 0.5 1
1579364100 1.472834152 0.5 1
1579364660 1.506130026 0.0 0
1579530652 1.409281486 0.0 0
1579531224 1.537878421 0.5 1
1579532280 1.580229765 0.5 1
1579532973 1.459553104 1.0 1
1579533633 1.328082319 0.5 1
1579534234 1.601433118 0.5 1
1579534921 1.498337872 1.0 1
1579535536 1.568476391 0.5 1
1579536608 1.40360466 0.5 1
1579537184 1.629608203 1.0 1
1580223911 1.442720226 0.0 0
1580224469 1.444547102 0.5 1
1580225026 1.415355541 0.0 0
1580225590 1.543236637 2.0 2
1580226148 1.407049403 0.5 1
1580226734 1.743119293 0.5 1
1580227301 1.703696116 0.5 1
1580227899 1.448348635 0.5 1
1580228480 1.47730028 0.5 1
1580229040 1.453760209 0.5 1
1580312467 1.579812423 0.5 1
1580313048 1.500785542 1.0 1
1580313927 1.619101453 0.5 1
1580314567 1.352165774 0.0 0
1580315124 1.364525018 0.0 0
1580315685 1.474625623 0.0 0
1580316246 1.409813436 0.5 1
1580316956 1.523659019 0.5 1
1580317541 1.425654784 0.0 0
1581942607 1.448274839 0.5 1
1581944185 1.47688578 1.0 1
1581945131 1.700227723 0.5 1
1581946081 1.447845575 0.5 1
1581946650 1.787349645 1.0 1
1581947545 1.470149976 1.0 1
1581948138 1.394398147 0.0 0
1581949246 1.680282761 0.5 1
1582034951 1.487744225 0.5 1
1582035824 1.710618578 0.5 1
1582036429 1.627627838 0.0 0
1582037039 1.626195318 0.5 1
1582037640 1.324484006 0.0 0
1582038231 1.499768668 0.5 1
1582038823 1.540539579 0.5 1
1582041733 1.532105023 0.5 1
1582042486 1.670557128 0.0 0
1582043934 1.732712184 0.5 1
1582044527 1.739942057 0.5 1
1582638130 1.40423714 0.5 1
1582638693 1.416315053 1.0 1
1582640128 1.326479771 0.0 0
1582640946 1.283523217 0.0 0
1582641506 1.407280497 0.0 0
1582642077 1.411111728 0.0 0
1582642644 1.449114053 0.0 0
1582643218 1.582242528 0.0 0
1582643816 1.545104471 0.5 1
1582644375 1.415724832 0.5 1
1582898985 1.495768191 0.0 0
1582899548 1.485019178 0.5 1
1582900115 1.486420865 0.5 1
1582900675 1.563850853 0.0 0
1582902419 1.586384714 0.5 1
1582902980 1.418990428 1.0 1
1582903584 1.358905936 0.5 1
1574710998 1.535797775 0.0 0
