1569854732 3.661268092 0.0 0
1569856341 3.736092048 0.0 0
1571330393 3.716472523 0.0 0
1571766750 3.629544765 0.0 0
1571767533 3.608276761 0.0 0
1572537616 2.992677882 0.0 0
1572538269 2.892483419 0.3333333333333333 1
1572538929 2.803486408 0.0 0
1572539582 2.987456688 0.3333333333333333 1
1572540230 2.983442228 0.0 0
1572541134 2.847117273 0.0 0
1572541788 3.144702623 0.0 0
1572542437 2.897989983 0.0 0
1572543084 2.944396768 0.0 0
1572543754 2.951283364 0.0 0
1572871503 2.816472921 0.0 0
1572872154 2.973595954 0.0 0
1572872833 3.229187498 0.0 0
1572873483 2.885837754 0.0 0
1572874141 2.842663253 0.3333333333333333 1
1572875206 3.028147473 0.0 0
1572876060 2.960013928 0.0 0
1572877286 2.941716832 0.0 0
1572877941 2.899144063 0.0 0
1572879181 2.903412876 0.3333333333333333 1
1572967571 2.820155166 0.5 1
1572968229 2.906384663 0.0 0
1572969528 3.037176451 0.0 0
1572970190 2.94799471 0.0 0
1572970840 2.855499506 0.0 0
1572971502 2.865231338 0.3333333333333333 1
1572972163 2.996252398 0.0 0
1572972812 2.7713549 0.0 0
1572973529 3.074677819 0.0 0
1572974178 2.909690462 0.0 0
1572974835 3.070919243 0.0 0
1573209112 2.76451411 0.0 0
1573209783 2.8077511 0.0 0
1573210443 2.900634416 0.0 0
1573211111 2.581923388 0.0 0
1573211771 2.988494824 0.0 0
1573212418 3.048308572 0.0 0
1573213071 2.801414463 0.0 0
1573213720 3.099201762 0.0 0
1573214394 2.934561403 0.0 0
1573215051 2.983773653 0.0 0
1573310560 2.564536771 0.0 0
1573311179 3.136217621 0.0 0
1573311791 2.583816738 0.0 0
1573312497 2.604301788 0.0 0
1573313113 2.935022568 0.0 0
1573313739 2.951537313 0.0 0
1573314367 2.767917454 0.0 0
1573314980 2.680953273 0.0 0
1574696588 3.065843666 0.0 0
1574710990 2.979073891 0.0 0
1574956340 2.716905213 0.0 0
1574959367 2.760748751 0.0 0
1574959967 2.943939773 0.0 0
1574960544 2.847171009 0.0 0
1574961155 2.677387233 0.0 0
1574961791 2.855133479 0.0 0
1575033268 2.565378611 0.0 0
1575034425 2.567047392 0.0 0
1575035562 2.712833019 0.0 0
1575036600 2.514905107 0.3333333333333333 1
1575037721 2.476673439 0.0 0
1575038724 2.47115433 0.0 0
1575039294 2.814612953 0.0 0
1575120555 2.57424287 0.0 0
1575121120 2.727011358 0.0 0
1575122115 2.773105823 0.0 0
1575122741 2.529655939 0.0 0
1575123299 2.412931815 0.0 0
1575123857 2.685196413 0.0 0
1575124413 2.645957656 0.0 0
1575124980 3.056671182 0.0 0
1575297861 2.974169088 0.0 0
1575299584 2.668422918 0.0 0
1575391475 2.775592085 0.0 0
1575394612 2.867281841 0.0 0
1575563271 2.560361441 0.0 0
1575563920 2.852760997 0.0 0
1575564517 2.858260395 0.0 0
1575566838 2.513181463 0.0 0
1575568165 2.936695172 0.0 0
1575568749 2.787498868 0.0 0
1579191195 2.847832472 0.5 1
1579191807 2.902020689 0.0 0
1579192374 2.848626651 0.0 0
1579192959 3.035065744 0.0 0
1579193544 2.736600488 0.0 0
1579194109 2.729376563 0.5 1
1579195241 2.675628046 0.0 0
1579195832 2.727992662 0.0 0
1579359600 2.848409884 0.0 0
1579360737 2.903249625 0.0 0
1579361293 2.780294822 0.3333333333333333 1
1579361849 2.823535243 0.0 0
1579362403 2.739897514 0.0 0
1579530644 2.909093061 0.0 0
1579531217 2.940527085 0.3333333333333333 1
1579532965 2.818936784 0.0 0
1579534227 2.655396797 0.0 0
1579536601 3.020035566 0.0 0
1579537176 2.797283361 0.0 0
1580223903 2.579657639 0.0 0
1580225018 2.895223156 0.0 0
1580226140 2.920965674 0.0 0
1580227892 2.78844484 0.0 0
1580314559 2.807866905 0.0 0
1580316948 2.620676962 0.0 0
1580317534 2.848406124 0.0 0
1581942600 2.887981463 0.0 0
1581944177 3.034171386 0.0 0
1581945124 2.736878905 0.0 0
1581946073 2.682457341 0.0 0
1581946642 2.786536414 0.0 0
1581947537 2.910259574 0.3333333333333333 1
1581948130 2.733465482 0.0 0
1581949238 3.068235866 1.0 1
1582034944 1.685127852 0.0 0
1582035817 2.733828083 0.0 0
1582036421 3.155776152 0.0 0
1582037031 2.931632832 0.0 0
1582037632 3.242612843 0.0 0
1582038223 3.125737934 0.0 0
1582038816 2.680359291 0.5 1
1582041725 3.066642955 0.3333333333333333 1
1582042478 2.774466502 0.0 0
1582044519 3.244314139 0.0 0
1582638123 2.642896622 0.5 1
1582638685 2.838787442 0.0 0
1582640120 2.698697346 0.0 0
1582640939 2.768552886 0.0 0
1582641498 2.639463309 0.0 0
1582642069 2.775235804 0.0 0
1582642636 2.780773934 0.0 0
1582643210 2.761878488 0.0 0
1582643809 2.912688853 0.0 0
1582644368 2.692271794 0.0 0
1582898977 2.941263565 0.0 0
1582899540 2.772488006 0.0 0
1582900108 2.748521673 0.0 0
1582902412 2.939528906 0.0 0
1582902972 2.880665341 0.0 0
1582903577 2.679048559 0.0 0
1574710990 2.979073891 0.0 0
