1569854728 3.455954723 0.0 0
1569856338 3.108336141 0.0 0
1571330390 3.167345045 0.0 0
1571766747 3.205196321 0.0 0
1571767530 3.173155085 0.0 0
1572537614 2.601805922 0.0 0
1572538267 2.489599878 0.0 0
1572538927 2.474117848 0.0 0
1572539579 2.643602651 0.0 0
1572540228 2.507588122 0.0 0
1572541131 2.567531332 0.0 0
1572541785 2.552018558 0.0 0
1572542434 2.603980248 0.0 0
1572543081 2.504033504 0.0 0
1572543752 2.864339053 0.0 0
1572871501 1.545889909 0.0 0
1572872151 2.512229249 0.0 0
1572872832 1.403497599 0.0 0
1572873480 2.543942573 0.0 0
1572874138 2.635112388 0.0 0
1572875203 2.327996006 0.0 0
1572876057 2.61957558 0.0 0
1572877283 2.750090809 0.0 0
1572877938 2.583032717 0.0 0
1572879178 2.524428836 0.0 0
1572967568 2.546028152 0.0 0
1572968227 2.516912587 0.0 0
1572969526 2.570960189 0.0 0
1572970187 2.659593264 0.0 0
1572970837 2.607202683 0.0 0
1572971501 1.247217145 0.0 0
1572972161 2.490757353 0.0 0
1572972810 2.643969933 0.0 0
1572973526 2.468462324 0.0 0
1572974175 2.542856169 0.0 0
1572974833 2.479600333 0.0 0
1573209110 2.661354952 0.0 0
1573209780 2.536536258 0.3333333333333333 1
1573210441 2.542594775 0.0 0
1573211109 2.619865061 0.0 0
1573211769 2.530849343 0.0 0
1573212415 2.555101697 0.0 0
1573213070 1.240644407 0.0 0
1573213718 2.330987589 0.0 0
1573214391 2.639880012 0.0 0
1573215048 2.601134928 0.0 0
1573310558 2.728231002 0.0 0
1573311176 2.691390636 0.0 0
1573311788 2.656073167 0.0 0
1573312494 2.419406699 0.0 0
1573313110 2.396968174 0.0 0
1573313736 2.400241851 0.0 0
1573314365 2.380117161 0.0 0
1573314978 2.311878818 0.0 0
1574696586 2.295238475 0.0 0
1574697166 2.205090713 0.0 0
1574697757 2.255985673 0.3333333333333333 1
1574698330 2.14888737 0.0 0
1574698918 2.225410051 0.0 0
1574709730 2.376300109 0.0 0
1574710988 2.344267827 0.0 0
1574956337 2.305760255 0.0 0
1574957000 2.391976953 0.0 0
1574957601 2.307909584 0.6666666666666666 1
1574958183 2.342875565 0.0 0
1574958777 2.302172722 0.0 0
1574959365 2.463789836 0.0 0
1574959965 2.222270441 0.0 0
1574960542 2.279048006 0.0 0
1574961153 2.33479739 0.0 0
1574961789 2.259347235 0.0 0
1575033265 2.391430051 0.0 0
1575033833 2.523308499 0.6666666666666666 1
1575034423 2.413996138 0.0 0
1575034999 2.18593855 0.0 0
1575035560 2.389306121 0.0 0
1575036598 2.515296244 0.0 0
1575037160 2.299448295 0.0 0
1575037719 2.258934394 0.0 0
1575038722 2.316936089 0.0 0
1575039292 2.394255367 0.0 0
1575120553 2.307750688 1.0 1
1575121118 2.36391145 0.0 0
1575122112 2.166503771 0.0 0
1575122739 2.237331135 0.0 0
1575123297 2.260226368 0.0 0
1575123855 2.303952973 0.0 0
1575124411 2.245717807 1.0 1
1575124978 2.182710711 0.0 0
1575125541 2.399438473 0.5 1
1575126108 2.392232817 0.0 0
1575297859 2.16778408 0.0 0
1575298433 2.169509646 0.0 0
1575299002 2.270228468 0.0 0
1575299581 2.524088426 0.0 0
1575300153 2.561605698 0.0 0
1575300771 2.346636166 0.0 0
1575301543 2.394988032 0.0 0
1575302152 2.198988651 0.0 0
1575390340 2.227329591 0.0 0
1575390910 2.379440865 0.0 0
1575391473 2.085655009 0.0 0
1575392038 2.445446849 0.0 0
1575392849 2.221351983 0.0 0
1575393485 2.261651431 0.0 0
1575394044 2.287183543 0.0 0
1575394610 2.250669496 0.0 0
1575395174 2.457723883 0.0 0
1575395737 2.347788909 0.0 0
1575562584 2.317132608 0.0 0
1575563269 2.246877764 0.0 0
1575563918 2.263356657 0.5 1
1575564515 2.137982319 0.0 0
1575565097 2.343355205 0.0 0
1575565662 2.216259773 0.0 0
1575566236 2.401084435 0.0 0
1575568163 2.362245481 0.0 0
1575568747 2.272237384 0.0 0
1579191192 2.427781365 0.0 0
1579191805 2.227436886 0.0 0
1579192372 2.183542143 0.0 0
1579192956 2.317480729 0.0 0
1579193542 2.31156388 0.0 0
1579194106 2.203898481 0.0 0
1579194674 2.37849795 0.0 0
1579195239 2.312382462 0.0 0
1579195830 2.255112226 0.0 0
1579196392 2.486555186 0.0 0
1579359597 2.294908015 0.6666666666666666 1
1579360175 2.223494901 0.0 0
1579360735 2.280674165 0.0 0
1579361291 2.26509886 0.0 0
1579361847 2.225956642 0.0 0
1579362401 2.255452391 0.0 0
1579362958 2.19079611 0.0 0
1579363524 2.000461843 0.0 0
1579364090 2.30623477 0.0 0
1579364650 2.304447197 0.0 0
1579530642 1.667417319 0.0 0
1579531214 2.342920856 0.0 0
1579532270 2.363968417 0.0 0
1579532963 2.216335563 0.0 0
1579533623 2.252759535 0.0 0
1579534224 2.203609608 0.0 0
1579534911 2.390713782 0.0 0
1579535526 2.191813846 0.0 0
1579536599 2.177966195 0.0 0
1579537174 2.27671028 0.0 0
1580223902 0.983616331 0.5 1
1580224459 2.305690969 0.0 0
1580225016 2.260799471 0.0 0
1580225580 2.21424902 0.0 0
1580226138 2.089448892 0.0 0
1580226724 2.256682345 0.0 0
1580227291 2.400824955 0.0 0
1580227889 2.35527772 0.0 0
1580228471 2.309350179 0.0 0
1580229030 2.491703983 0.0 0
1580312458 2.138249108 0.0 0
1580313038 2.181584945 0.0 0
1580313917 2.227179552 0.0 0
1580314557 2.243017829 0.0 0
1580315114 2.18203858 0.0 0
1580315675 2.20875255 0.0 0
1580316237 2.303643276 0.0 0
1580316946 2.275889732 0.0 0
1580317531 2.336395196 0.0 0
1581942597 2.396557957 0.0 0
1581944175 2.351166742 0.0 0
1581945122 2.398958861 0.5 1
1581946071 2.566379779 0.0 0
1581946639 2.520201327 0.6666666666666666 1
1581947534 2.313190656 0.0 0
1581948128 2.457159169 0.0 0
1581949235 2.700167641 0.3333333333333333 1
1582034940 2.427714941 0.75 1
1582035815 2.481729141 0.5 1
1582036418 2.517185931 0.3333333333333333 1
1582037028 2.75117374 0.0 0
1582037629 2.781357525 0.5 1
1582038221 2.435718809 0.0 0
1582038813 2.274270595 0.3333333333333333 1
1582041722 2.816711293 0.3333333333333333 1
1582042476 2.537254843 0.0 0
1582043925 2.300239579 0.5 1
1582044516 2.606369663 1.3333333333333333 2
1582638120 2.350848778 0.0 0
1582638683 2.398675629 0.0 0
1582640118 2.290975408 0.0 0
1582640936 2.307216954 0.0 0
1582641496 2.30141401 0.5 1
1582642067 2.257563079 0.0 0
1582642634 2.344026018 1.0 1
1582643208 2.374609531 0.0 0
1582643806 2.232932323 1.0 1
1582644365 2.427597416 0.0 0
1582898976 1.277753352 0.0 0
1582899538 2.344205308 0.0 0
1582900105 2.363390703 0.0 0
1582900665 2.439245216 0.0 0
1582902409 2.39424293 0.0 0
1582902970 2.109977065 0.0 0
1582903574 2.308407043 0.0 0
1574710988 2.344267827 0.0 0
