1569854736 7.219759582 0.0 0
1569856345 6.47633184 0.0 0
1571330397 7.114304486 0.0 0
1571766755 5.883238918 0.0 0
1571767537 6.982702918 0.0 0
1572537619 5.795773847 0.0 0
1572538272 5.69116791 0.0 0
1572538932 5.828389364 0.0 0
1572539585 5.75984585 0.0 0
1572540233 5.630353129 0.0 0
1572541137 5.722985785 0.0 0
1572541791 5.594173646 0.0 0
1572542440 5.842816561 0.0 0
1572543087 5.5960004 0.0 0
1572543758 5.537063817 0.0 0
1572871506 5.654786651 0.0 0
1572872157 5.604094879 0.0 0
1572872836 6.194453679 0.0 0
1572873486 5.730065708 0.0 0
1572874144 5.719898612 0.0 0
1572875209 5.719024178 0.0 0
1572876063 5.814218645 0.0 0
1572877289 5.761013639 0.0 0
1572877944 5.607825082 0.0 0
1572879183 5.7799701 0.0 0
1572967573 5.772216335 0.0 0
1572968232 5.838888837 0.0 0
1572969532 4.601702144 0.0 0
1572970193 5.753976076 0.0 0
1572970844 4.685267243 0.0 0
1572971506 4.998160768 0.0 0
1572972166 5.800525042 0.0 0
1572972815 5.800088452 0.0 0
1572973533 4.777508662 0.0 0
1572974181 5.68240502 0.0 0
1572974838 5.783745256 0.0 0
1573209115 5.792119046 0.0 0
1573209786 5.868744967 0.0 0
1573210446 5.767224004 0.0 0
1573211116 4.543282174 0.0 0
1573211774 5.79545492 0.0 0
1573212421 5.75032403 0.0 0
1573213075 4.674067023 0.0 0
1573213724 5.668958673 0.0 0
1573214397 5.757966887 0.0 0
1573215054 5.537558217 0.0 0
1573310563 5.230639556 0.0 0
1573311182 5.40888449 0.0 0
1573311793 5.316908438 0.0 0
1573312499 5.387305514 0.0 0
1573313115 5.799639731 0.0 0
1573313741 5.154652068 0.0 0
1573314370 5.327544821 0.0 0
1573314983 5.106209987 0.0 0
1574696591 5.372360549 0.0 0
1574697171 5.341138416 0.0 0
1574697762 5.405601073 0.0 0
1574698335 5.336075458 0.0 0
1574698923 4.035271396 0.0 0
1574709734 5.308563636 0.0 0
1574710993 5.164303697 0.0 0
1574956342 5.201398486 0.0 0
1574957005 5.258973823 0.0 0
1574957606 5.298567972 0.0 0
1574958188 5.320409023 0.0 0
1574958781 5.272999297 0.0 0
1574959370 5.231943339 0.0 0
1574959970 5.364717796 0.0 0
1574960547 5.306724813 0.0 0
1574961158 5.196126891 0.0 0
1574961793 5.205800226 0.0 0
1575033270 5.463087303 0.0 0
1575033838 5.338079993 0.0 0
1575034427 5.340208779 0.16666666666666666 1
1575035004 5.455913216 0.0 0
1575035565 5.417455388 0.0 0
1575036602 5.679847476 0.0 0
1575037164 5.215518375 0.0 0
1575037723 5.209968791 0.0 0
1575038726 5.332680669 0.0 0
1575039296 5.5564616 0.0 0
1575120557 5.337301713 0.0 0
1575121123 5.312702707 0.0 0
1575122117 5.314513765 0.0 0
1575122743 5.54722594 0.0 0
1575123301 5.350597091 0.0 0
1575123859 5.249202562 0.0 0
1575124415 5.466912958 0.0 0
1575124982 5.540263782 0.0 0
1575125546 5.431923748 0.0 0
1575126112 5.305683592 0.0 0
1575297864 5.308061986 0.0 0
1575298437 5.214296512 0.0 0
1575299007 5.16475866 0.0 0
1575299586 5.273182819 0.0 0
1575300158 5.19628693 0.0 0
1575300777 4.143757949 0.0 0
1575301548 5.20856194 0.0 0
1575302157 5.296805173 0.0 0
1575390344 5.32783133 0.0 0
1575390914 5.366658581 0.0 0
1575391478 5.139218093 0.0 0
1575392043 5.342156495 0.0 0
1575392854 5.255777612 0.0 0
1575393489 5.415236878 0.0 0
1575394048 5.503836566 0.0 0
1575394615 5.400433554 0.0 0
1575395179 5.274608802 0.0 0
1575395742 5.310701763 0.0 0
1575562589 5.23476996 0.0 0
1575563274 5.337121318 0.0 0
1575563922 5.288248668 0.0 0
1575564520 5.295496003 0.0 0
1575565102 5.254932991 0.0 0
1575565667 5.172771107 0.0 0
1575566241 5.206796044 0.0 0
1575566840 5.1229504 0.0 0
1575568167 5.138371153 0.0 0
1575568752 5.250845127 0.0 0
1579191197 5.186949658 0.0 0
1579191809 5.222642968 0.0 0
1579192376 5.227361293 0.0 0
1579192961 5.225597865 0.0 0
1579193547 5.297175994 0.0 0
1579194111 5.239886699 0.0 0
1579194679 5.165807569 0.0 0
1579195244 5.343398027 0.0 0
1579195834 5.266342745 0.0 0
1579196397 5.323336511 0.0 0
1579359602 5.375846957 0.0 0
1579360179 5.364339641 0.0 0
1579360740 5.384140247 0.0 0
1579361295 5.329785806 0.0 0
1579361851 5.256083192 0.0 0
1579362405 5.251508283 0.0 0
1579362962 5.337394588 0.0 0
1579363529 5.341999308 0.0 0
1579364095 5.25228139 0.0 0
1579364654 5.247768532 0.0 0
1579530647 5.175283544 0.0 0
1579531219 5.279681193 0.0 0
1579532275 5.232133447 0.0 0
1579532967 5.147782077 0.0 0
1579533628 5.34317454 0.0 0
1579534229 5.310502505 0.0 0
1579534915 5.243346912 0.0 0
1579535531 5.212611181 0.0 0
1579536603 5.296641449 0.0 0
1579537179 5.066314038 0.0 0
1580223906 4.905572513 0.0 0
1580224464 5.424421426 0.0 0
1580225021 5.130132397 0.0 0
1580225584 5.29070046 0.16666666666666666 1
1580226143 5.252165549 0.0 0
1580226729 5.168938456 0.0 0
1580227296 5.406202375 0.0 0
1580227894 5.288326349 0.0 0
1580228475 5.196942908 0.0 0
1580229035 5.260955067 0.0 0
1580312462 5.374385259 0.0 0
1580313042 5.261828649 0.0 0
1580313922 5.336132754 0.0 0
1580314562 5.269297973 0.0 0
1580315119 5.345184888 0.0 0
1580315680 5.314548248 0.0 0
1580316241 5.25857488 0.0 0
1580316951 5.295917881 0.0 0
1580317536 5.215483791 0.0 0
1581942602 5.268910877 0.0 0
1581944179 5.330832987 0.0 0
1581945128 3.828028698 0.0 0
1581946076 5.14072773 0.0 0
1581946644 5.264890297 0.0 0
1581947540 5.074681088 0.0 0
1581948132 5.336370204 0.0 0
1581949242 4.667435536 0.0 0
1582034946 5.624422024 0.0 0
1582035819 5.066991285 0.0 0
1582036424 5.040327408 0.0 0
1582037034 5.16707786 0.0 0
1582037636 4.060575535 0.0 0
1582038226 5.671260247 0.0 0
1582038819 3.704860985 0.0 0
1582041727 5.67779426 0.0 0
1582042481 5.164046939 0.0 0
1582043929 5.029708835 0.0 0
1582044522 5.214333916 0.0 0
1582638125 5.067722894 0.0 0
1582638688 5.11657602 0.0 0
1582640123 4.951782346 0.0 0
1582640941 5.116461537 0.0 0
1582641501 5.197043863 0.0 0
1582642072 5.216914295 0.0 0
1582642639 5.132235975 0.0 0
1582643213 5.307609596 0.0 0
1582643811 5.199168557 0.0 0
1582644370 5.216656988 0.0 0
1582898980 5.276678922 0.0 0
1582899543 5.152964378 0.0 0
1582900110 5.189109404 0.0 0
1582900670 5.316153044 0.0 0
1582902414 5.290147781 0.0 0
1582902974 5.218045998 0.0 0
1582903579 5.144034537 0.0 0
1574710993 5.164303697 0.0 0
