1569854450 3.649482131 0.0 0
1569855860 3.561508059 0.0 0
1571330149 3.422436146 0.0 0
1571766504 3.50335028 0.0 0
1571767287 3.628055246 0.0 0
1572537410 2.90789294 0.0 0
1572538067 2.767805818 0.0 0
1572538727 2.776182021 0.0 0
1572539380 2.887501295 0.0 0
1572540026 2.89307471 0.0 0
1572540932 2.807419808 0.0 0
1572541586 2.725312931 0.0 0
1572542235 2.723653289 0.0 0
1572542882 2.720546682 0.0 0
1572543547 2.726913334 0.0 0
1572871301 2.845607741 0.0 0
1572871951 2.809943665 0.0 0
1572872628 2.817715588 0.0 0
1572873281 2.705799929 0.0 0
1572873934 2.732181572 0.0 0
1572874996 2.72973546 0.0 0
1572875858 2.864661729 0.0 0
1572877083 2.746425328 0.0 0
1572877732 2.808660384 0.0 0
1572878960 2.652418107 0.0 0
1572967368 2.735410448 0.0 0
1572968024 2.752424382 0.0 0
1572969326 3.031585069 0.0 0
1572969987 2.690884595 0.0 0
1572970638 2.773158036 0.0 0
1572971289 2.727495146 0.0 0
1572971950 2.81000076 0.0 0
1572972610 2.815536841 0.0 0
1572973323 2.908242799 0.0 0
1572973976 2.975830062 1.0 1
1572974627 2.852900122 0.0 0
1573208909 2.806685134 0.0 0
1573209565 2.814146413 0.0 0
1573210240 2.792014718 0.0 0
1573210909 2.945112736 0.0 0
1573211566 2.763523507 0.0 0
1573212215 2.708801464 0.0 0
1573212866 3.092614663 0.0 0
1573213517 2.815472798 0.0 0
1573214188 2.984416717 0.0 0
1573214844 2.924724768 0.0 0
1573310367 2.770011508 0.0 0
1573310988 2.604796312 0.0 0
1573311604 2.559620987 0.0 0
1573312308 2.727231908 0.0 0
1573312918 2.638028804 0.0 0
1573313545 2.619376088 0.0 0
1573314178 2.52062877 0.0 0
1573314792 2.595024499 0.0 0
1574696401 2.31025847 0.5 1
1574696982 2.618553772 0.0 0
1574697572 2.599640465 0.0 0
1574698146 2.592836087 0.0 0
1574698732 2.760494075 0.0 0
1574709517 2.488267282 0.0 0
1574710802 2.923353966 0.0 0
1574956155 2.721285223 0.0 0
1574956816 2.177913512 0.5 1
1574957418 2.481747114 0.3333333333333333 1
1574957996 2.720934478 0.0 0
1574958588 2.5939188 0.0 0
1574959177 2.940558175 0.0 0
1574960359 2.603817327 0.0 0
1574960970 2.584726875 0.0 0
1574961607 2.518032378 0.0 0
1575033079 2.655875798 0.0 0
1575034238 2.547421857 0.0 0
1575035376 2.640629776 0.0 0
1575037535 2.735476601 0.0 0
1575038537 2.415670337 0.25 1
1575039106 2.539099473 0.0 0
1575120369 2.335984163 0.0 0
1575120933 2.428946507 0.0 0
1575121494 2.445707897 0.0 0
1575122556 2.741385791 0.0 0
1575123113 2.45947107 0.0 0
1575123673 2.387607261 0.0 0
1575124228 2.535414637 0.0 0
1575124796 2.772687955 0.0 0
1575125353 2.646695883 0.0 0
1575125923 2.57248683 0.0 0
1575297669 2.647976209 0.0 0
1575298248 2.69033921 0.0 0
1575299966 2.602949353 0.0 0
1575300586 2.594063538 0.0 0
1575301157 2.323116683 0.0 0
1575301968 2.289859351 0.0 0
1575390154 2.726260496 0.0 0
1575391290 2.544878559 0.0 0
1575391855 2.611313701 0.0 0
1575392663 2.653738683 0.0 0
1575393300 2.428395313 0.0 0
1575393860 2.511488475 0.0 0
1575395552 2.762605761 0.0 0
1575562388 2.509554658 0.0 0
1575563086 2.710523125 0.0 0
1575563734 2.462723486 0.0 0
1575564330 2.406297422 0.0 0
1575564914 2.349900528 0.0 0
1575565479 2.305107204 0.0 0
1575566048 2.519634237 0.0 0
1575566633 2.671388037 0.0 0
1575567953 2.475428398 0.0 0
1575568559 2.656616172 0.0 0
1579191007 2.551794518 0.0 0
1579191620 2.633192781 0.0 0
1579192185 2.310035212 0.0 0
1579192766 2.690550842 0.0 0
1579193329 2.509017011 0.0 0
1579193921 2.450969332 0.0 0
1579195055 2.378462612 0.0 0
1579195645 2.608223457 0.0 0
1579196208 2.732106942 0.0 0
1579359415 2.431007016 0.3333333333333333 1
1579361108 2.564656617 0.3333333333333333 1
1579361664 2.445699045 0.0 0
1579362218 2.561447202 0.0 0
1579362774 2.561104747 0.0 0
1579363906 2.687030228 0.0 0
1579364465 2.736208016 0.0 0
1579530385 2.471904405 0.0 0
1579531031 2.540080379 0.0 0
1579532071 2.442284133 0.0 0
1579532773 2.38016697 0.0 0
1579533441 2.510919733 0.0 0
1579534042 2.581575869 0.0 0
1579534728 2.43421855 0.0 0
1579535339 2.595941545 0.0 0
1579535934 2.599793974 0.0 0
1579536991 2.538355174 0.0 0
1580223716 2.643557123 0.0 0
1580224276 2.643121707 0.0 0
1580224831 2.625202665 0.0 0
1580225395 2.730683126 0.0 0
1580225955 2.554208636 0.0 0
1580226539 2.623519292 0.3333333333333333 1
1580227107 2.66078449 0.0 0
1580227705 2.719246055 0.0 0
1580228286 2.6399061 0.0 0
1580228845 2.479147589 0.0 0
1580312275 2.601727002 0.0 0
1580312855 2.472044358 0.0 0
1580313411 2.58785342 0.0 0
1580314374 2.494291047 0.0 0
1580314932 2.305260191 0.0 0
1580315490 2.60086018 0.0 0
1580316052 2.627232129 0.0 0
1580316754 2.554171496 0.0 0
1580317346 2.640663935 0.0 0
1581942411 2.554461743 0.0 0
1581943615 2.519096977 0.0 0
1581944904 2.578380372 0.3333333333333333 1
1581945881 2.76520573 0.0 0
1581946455 2.554362132 0.0 0
1581947023 2.424936249 0.0 0
1581947943 2.76436076 0.0 0
1581949037 3.033362337 0.3333333333333333 1
1582033997 2.695843987 0.0 0
1582035614 2.984370857 0.0 0
1582036222 2.65257842 0.0 0
1582036829 0.635390535 0.0 0
1582037431 3.490939848 0.0 0
1582038026 2.659335425 0.0 0
1582038623 2.594817682 0.0 0
1582041518 2.947756315 0.0 0
1582042126 2.933610317 0.0 0
1582043717 2.986990022 0.0 0
1582044328 2.503690275 0.0 0
1582637938 2.528519299 0.0 0
1582638498 2.517411641 0.0 0
1582639572 2.561853153 0.0 0
1582640750 2.605001461 0.0 0
1582641309 2.515635752 0.0 0
1582642448 2.568830603 0.5 1
1582643022 2.732255882 0.0 0
1582643625 2.603712793 0.0 0
1582644181 2.361042508 0.0 0
1582898780 2.756258454 0.0 0
1582899351 2.723216938 0.0 0
1582899919 2.499625357 0.0 0
1582900482 2.572209793 0.0 0
1582902140 2.728528234 0.0 0
1582902787 2.604545576 0.0 0
1582903383 2.51458861 0.0 0
1574710802 2.923353966 0.0 0
