1569854458 5.075404542 0.16666666666666666 1
1569855867 4.942710439 0.2 1
1571330155 4.907520055 0.4 2
1571766511 4.949603558 0.4 2
1571767294 4.884749629 0.25 1
1572537415 3.97177551 0.25 1
1572538073 3.928463954 0.0 0
1572538733 4.034556956 0.25 1
1572539386 3.992173844 0.0 0
1572540032 3.971828979 0.5 2
1572540938 3.931966746 0.5 2
1572541592 3.903211934 0.5 2
1572542240 3.943210754 0.25 1
1572542887 3.97607912 0.25 1
1572543553 3.93398881 0.3333333333333333 1
1572871306 3.898070171 0.25 1
1572871957 4.02400707 0.0 0
1572872634 3.968096965 0.5 2
1572873287 3.880300757 0.5 2
1572873940 3.930805473 0.25 1
1572875002 3.927112456 1.0 2
1572875863 3.885724168 0.5 2
1572877088 3.839826433 0.25 1
1572877738 3.840053411 0.5 2
1572878966 3.971901045 0.5 2
1572967373 3.921289104 0.5 2
1572968030 3.87895812 0.5 2
1572969332 3.962921383 0.25 1
1572969993 4.002452354 0.5 2
1572970643 4.032885413 0.5 2
1572971295 3.959588417 0.5 2
1572971956 4.052302376 0.0 0
1572972615 3.956631039 0.25 1
1572973329 3.887900891 0.5 2
1572973982 3.946603981 0.0 0
1572974633 3.881370526 0.5 2
1573208915 4.007030179 0.5 2
1573209570 4.024346132 0.5 2
1573210245 3.963874973 0.5 2
1573210914 3.900045811 0.25 1
1573211571 4.031987828 0.5 2
1573212220 3.952959998 0.5 2
1573212872 4.018555439 0.0 0
1573213523 4.000241898 0.5 2
1573214194 3.890508349 0.5 2
1573214849 4.000456853 0.5 2
1573310372 3.804053835 0.5 2
1573310994 3.670040808 0.3333333333333333 1
1573311609 3.64217683 0.5 2
1573312314 3.598891688 0.25 1
1573312923 3.597876932 0.3333333333333333 1
1573313550 3.851229274 0.25 1
1573314183 3.689711816 0.3333333333333333 1
1573314797 3.590663331 0.5 2
1574696406 3.580894733 0.25 1
1574696987 3.575565867 0.3333333333333333 1
1574697578 3.637155876 0.3333333333333333 1
1574698151 3.587631176 0.25 1
1574698737 3.584426249 0.3333333333333333 1
1574709521 3.560433968 0.25 1
1574710808 3.553101898 0.0 0
1574956160 3.587839034 0.0 0
1574956821 3.535174259 0.3333333333333333 1
1574957423 3.582890238 0.25 1
1574958001 3.546258401 0.25 1
1574958594 3.678152996 0.0 0
1574959182 3.530674512 0.25 1
1574959785 3.558501046 0.25 1
1574960364 3.628525552 0.25 1
1574960975 3.543294029 0.25 1
1574961612 3.54930063 0.3333333333333333 1
1575033084 3.583172469 0.25 1
1575033653 3.60731841 0.3333333333333333 1
1575034243 3.668993666 0.25 1
1575034810 3.464281088 0.25 1
1575035381 3.446529099 0.25 1
1575036404 3.53949994 0.3333333333333333 1
1575036981 3.410322561 0.0 0
1575037540 3.678729343 0.0 0
1575038542 3.511346596 0.0 0
1575039111 3.450817134 0.25 1
1575120374 3.709557323 0.25 1
1575120938 3.527324364 0.3333333333333333 1
1575121498 3.661716692 0.25 1
1575122562 3.494692923 0.3333333333333333 1
1575123118 3.573223024 0.25 1
1575123678 3.589178578 0.3333333333333333 1
1575124233 3.506364794 0.25 1
1575124801 3.50901672 0.25 1
1575125358 3.717582143 0.25 1
1575125927 3.456701311 0.25 1
1575297674 3.533308729 0.25 1
1575298253 3.702001941 1.0 2
1575298822 3.545449625 0.0 0
1575299399 3.714289242 0.25 1
1575299971 3.664886591 0.25 1
1575300591 3.542579889 0.0 0
1575301162 3.594945993 0.0 0
1575301973 3.696405845 0.3333333333333333 1
1575390160 3.715413574 0.3333333333333333 1
1575390727 3.563450125 0.0 0
1575391295 3.663672195 0.25 1
1575391860 3.531720172 0.25 1
1575392669 3.581619571 0.3333333333333333 1
1575393305 3.640519217 0.25 1
1575393865 3.580030261 0.25 1
1575394432 3.387334234 0.0 0
1575394995 3.490992678 0.25 1
1575395558 3.606394053 0.3333333333333333 1
1575562393 3.569394712 0.0 0
1575563091 3.491313121 0.0 0
1575563739 3.660550247 0.0 0
1575564335 3.57980203 0.0 0
1575564919 3.556785454 0.0 0
1575565484 3.597760892 0.25 1
1575566053 3.586440468 0.3333333333333333 1
1575566638 3.631502315 0.25 1
1575567958 3.631632157 0.0 0
1575568564 3.452814758 0.0 0
1579191012 3.627334473 0.3333333333333333 1
1579191625 3.546049637 0.25 1
1579192190 3.495850602 0.5 2
1579192771 3.61139916 0.5 2
1579193334 3.485587828 0.25 1
1579193926 3.528634311 0.0 0
1579194494 3.517872976 0.3333333333333333 1
1579195060 3.592577083 0.3333333333333333 1
1579195650 3.72128126 0.25 1
1579196213 3.550534475 0.5 2
1579359419 3.50798066 0.25 1
1579359994 3.587724837 0.3333333333333333 1
1579360557 3.531692068 0.0 0
1579361113 3.512415242 0.5 2
1579361669 3.495511027 0.0 0
1579362223 3.507168872 0.0 0
1579362779 3.503872807 0.3333333333333333 1
1579363344 3.487504712 0.25 1
1579363912 3.637816712 0.3333333333333333 1
1579364471 3.627888947 0.3333333333333333 1
1579530389 3.603049202 0.25 1
1579531036 3.45553114 0.3333333333333333 1
1579532076 3.590588511 0.0 0
1579532777 3.600154759 0.25 1
1579533446 3.589489022 1.0 2
1579534047 3.649315441 0.3333333333333333 1
1579534733 3.464391375 0.3333333333333333 1
1579535344 3.59552707 0.3333333333333333 1
1579535939 3.477806859 0.0 0
1579536996 3.51038504 0.3333333333333333 1
1580223721 3.627777082 0.25 1
1580224281 3.58902674 0.3333333333333333 1
1580224836 3.561916369 0.25 1
1580225400 3.592990216 0.0 0
1580225960 3.557735441 0.0 0
1580226544 3.605796311 0.5 2
1580227112 3.707381051 0.0 0
1580227710 3.527544662 0.25 1
1580228291 3.637131707 0.3333333333333333 1
1580228850 3.492146379 0.5 2
1580312280 3.687121559 0.25 1
1580312860 3.593608811 0.25 1
1580313416 3.582452246 0.3333333333333333 1
1580314379 3.573788146 0.5 2
1580314937 3.543267122 0.5 2
1580315495 3.684126459 0.3333333333333333 1
1580316057 3.43599408 0.3333333333333333 1
1580316759 3.59322922 0.3333333333333333 1
1580317352 3.611368077 0.3333333333333333 1
1581942416 3.807645796 0.25 1
1581943620 3.655336065 0.5 2
1581944909 3.599484605 0.25 1
1581945887 5.050469638 0.4 2
1581946460 3.729501515 0.25 1
1581947028 3.652278835 0.3333333333333333 1
1581947949 3.529854156 0.3333333333333333 1
1581949043 3.991139866 0.25 1
1582034002 3.906310429 0.75 2
1582035620 4.246027736 0.75 2
1582036227 4.094551228 0.5 1
1582036834 3.829375482 1.0 2
1582037438 3.420423471 0.6666666666666666 1
1582038031 3.66743823 1.0 2
1582038629 3.903381123 1.25 3
1582041524 4.011509708 0.5 1
1582042131 3.531471339 0.5 1
1582043723 3.468969378 0.3333333333333333 1
1582044333 4.335039229 0.4 1
1582637943 3.535879036 0.3333333333333333 1
1582638503 3.54969138 0.0 0
1582639577 3.522459289 0.3333333333333333 1
1582640755 3.612704972 0.3333333333333333 1
1582641314 3.668434051 0.25 1
1582641884 3.581439282 0.25 1
1582642453 3.664248142 0.3333333333333333 1
1582643027 3.630464032 0.25 1
1582643630 3.543925183 0.3333333333333333 1
1582644185 3.595159113 0.25 1
1582898785 3.750039336 0.25 1
1582899356 3.576527672 0.5 2
1582899924 3.651401526 0.25 1
1582900487 3.59930456 0.5 2
1582902145 3.474472612 0.25 1
1582902792 3.576485418 0.3333333333333333 1
1582903388 3.631005492 0.5 2
1574710808 3.553101898 0.0 0
