1569854728 3.65932591 0.0 0
1569856338 3.250864785 0.0 0
1571330390 3.417895153 0.0 0
1571766747 3.419474581 0.0 0
1571767530 3.260357492 0.0 0
1572537614 2.670154059 0.0 0
1572538267 2.570833209 0.0 0
1572538926 2.766656372 0.0 0
1572539579 2.764407812 0.0 0
1572540228 2.763160225 0.0 0
1572541131 2.647614515 0.0 0
1572541785 2.981314505 0.0 0
1572542434 2.684041203 0.0 0
1572543081 2.717887955 0.0 0
1572543751 2.945074021 0.0 0
1572871501 1.545889909 0.0 0
1572872151 2.701426617 0.0 0
1572872832 1.403497599 0.0 0
1572873480 2.707537343 0.0 0
1572874138 2.710292273 0.0 0
1572875203 2.502659336 0.0 0
1572876057 2.663398436 0.0 0
1572877283 2.750090809 0.0 0
1572877938 2.73076034 0.0 0
1572879178 2.732888875 0.0 0
1572967568 2.546028152 0.0 0
1572968226 2.690510624 0.0 0
1572969526 2.540890716 0.0 0
1572970187 2.694320906 0.0 0
1572970837 2.738857062 0.0 0
1572971501 1.247217145 0.0 0
1572972160 2.703524781 0.0 0
1572972810 2.688482543 0.0 0
1572973526 2.511816386 0.0 0
1572974175 2.799166293 0.0 0
1572974833 2.688300265 0.0 0
1573209110 2.767078749 0.3333333333333333 1
1573209780 2.645712733 0.3333333333333333 1
1573210441 2.763521554 0.0 0
1573211109 2.697867201 0.0 0
1573211768 2.732368635 0.0 0
1573212416 1.715934477 0.0 0
1573213070 1.240644407 0.0 0
1573213718 2.575591663 0.0 0
1573214391 2.805314788 0.0 0
1573215048 2.812751202 0.0 0
1573310557 2.901957884 0.0 0
1573311176 2.771782283 0.0 0
1573311788 2.730128224 0.0 0
1573312494 2.57958604 0.0 0
1573313110 2.598004153 0.0 0
1573313736 2.562436239 0.0 0
1573314365 2.557452881 0.3333333333333333 1
1573314978 2.490051825 0.0 0
1574696586 2.470258567 0.0 0
1574697166 2.426889552 0.0 0
1574697757 2.51067162 0.5 1
1574698330 2.520178646 0.0 0
1574698917 2.29663135 0.0 0
1574709731 0.976160668 0.0 0
1574710988 2.431320678 0.0 0
1574956337 2.335895339 0.0 0
1574957000 2.43489774 0.0 0
1574957601 2.428703246 1.0 1
1574958183 2.352159095 0.0 0
1574958776 2.130138027 0.0 0
1574959364 2.374349313 0.0 0
1574959965 2.489281441 0.0 0
1574960542 2.437936776 0.0 0
1574961153 2.255746786 0.0 0
1574961788 2.568426435 0.0 0
1575033265 2.346810006 0.0 0
1575033833 2.386466735 0.6666666666666666 1
1575034422 2.456052877 0.0 0
1575034999 2.476392339 0.0 0
1575035560 2.63587537 0.0 0
1575036597 2.353034346 0.0 0
1575037159 2.446614093 0.0 0
1575037718 2.385237668 0.0 0
1575038721 2.455136133 0.0 0
1575039291 2.475387516 0.0 0
1575120552 2.335225891 1.0 1
1575121119 0.946683303 0.0 0
1575122112 2.436945716 0.0 0
1575122738 2.431953625 0.0 0
1575123296 2.428359861 0.3333333333333333 1
1575123854 2.370932277 0.0 0
1575124411 2.443656234 1.0 1
1575124979 0.983991773 0.0 0
1575125541 2.572493786 0.5 1
1575126107 2.60920896 0.0 0
1575297859 2.37601464 0.0 0
1575298432 2.299590204 0.0 0
1575299002 2.434396555 0.0 0
1575299581 2.551627891 0.0 0
1575300153 2.476771535 0.0 0
1575300770 2.519293443 0.0 0
1575301543 2.599546676 0.0 0
1575302152 2.425871263 0.0 0
1575390339 2.579882998 0.0 0
1575390911 1.067699277 0.0 0
1575391472 2.510258949 0.0 0
1575392038 2.406237814 0.0 0
1575392849 2.471702775 0.0 0
1575393484 2.440068084 0.0 0
1575394043 2.420534676 0.0 0
1575394610 2.478935665 0.0 0
1575395174 2.466448261 0.0 0
1575395737 2.475809254 0.0 0
1575562584 2.484788249 0.0 0
1575563269 2.546074924 0.0 0
1575563917 2.427233928 1.0 2
1575564515 2.347890076 0.0 0
1575565098 0.981074254 0.0 0
1575565662 2.427757324 0.0 0
1575566236 2.38975788 0.0 0
1575566835 2.209812249 0.0 0
1575568162 2.515674042 0.0 0
1575568747 2.369090378 0.0 0
1579191193 0.972965226 0.0 0
1579191804 2.364342441 0.0 0
1579192372 1.243710579 0.0 0
1579192956 2.315913219 0.0 0
1579193542 2.442747304 0.0 0
1579194106 2.298339821 0.0 0
1579194674 2.45677748 0.0 0
1579195238 2.277546434 0.3333333333333333 1
1579195830 1.180086495 0.0 0
1579196392 2.496957935 0.0 0
1579359597 2.464864821 0.6666666666666666 1
1579360174 2.436388433 0.0 0
1579360736 0.994735008 0.0 0
1579361290 2.3530244 0.3333333333333333 1
1579361846 2.364005561 0.0 0
1579362400 2.476005648 0.0 0
1579362957 2.44310131 0.0 0
1579363524 2.085617272 0.0 0
1579364090 2.480369505 0.0 0
1579364649 2.349404632 0.0 0
1579530642 2.406552883 0.0 0
1579531214 2.565907573 0.0 0
1579532270 2.437972536 0.0 0
1579532962 2.526249578 0.0 0
1579533623 2.318379441 0.0 0
1579534224 2.548364361 0.0 0
1579534910 2.517323624 0.0 0
1579535526 2.51556306 0.0 0
1579536598 2.468785857 0.0 0
1579537175 0.885970323 0.0 0
1580223902 1.03056586 0.5 1
1580224459 2.471541868 0.0 0
1580225016 2.452871991 0.0 0
1580225579 2.43766004 0.3333333333333333 1
1580226138 2.30389575 0.0 0
1580226724 2.457152849 0.0 0
1580227291 2.52614062 0.0 0
1580227889 2.397208874 0.0 0
1580228470 2.376085255 0.0 0
1580229030 2.532782782 0.0 0
1580312457 2.395749817 0.0 0
1580313037 2.473509352 0.0 0
1580313917 2.45273094 0.0 0
1580314557 2.592523288 0.0 0
1580315114 2.432701922 0.0 0
1580315675 2.511439381 0.0 0
1580316236 2.509794603 0.0 0
1580316946 2.407797483 0.0 0
1580317532 0.93549601 0.0 0
1581942597 2.397833649 0.0 0
1581944174 2.352687633 0.0 0
1581945121 2.442185163 0.6666666666666666 1
1581946071 2.728785295 0.0 0
1581946639 2.694599147 0.6666666666666666 1
1581947534 2.820637532 0.0 0
1581948128 2.371706325 0.0 0
1581949235 2.829282873 0.0 0
1582034940 2.549380433 0.75 1
1582035814 2.453476951 0.6666666666666666 1
1582036418 2.604544928 0.3333333333333333 1
1582037028 2.911565678 0.0 0
1582037630 1.526507555 0.5 1
1582038220 2.598511796 0.3333333333333333 1
1582038813 2.361934386 0.5 1
1582041722 2.803568308 0.5 1
1582042477 1.114393648 0.0 0
1582043925 2.353942536 0.5 1
1582044516 2.641478703 1.3333333333333333 2
1582638120 2.440631958 0.0 0
1582638684 0.90917942 0.0 0
1582640118 2.568375944 0.0 0
1582640936 2.434000411 0.0 0
1582641496 2.334315796 0.5 1
1582642067 2.465573895 0.0 0
1582642635 1.070605061 1.0 1
1582643208 2.430193126 0.0 0
1582643806 2.281961737 1.0 1
1582644365 2.630120001 0.0 0
1582898976 0.940794749 0.0 0
1582899538 2.333469574 0.0 0
1582900106 0.945631454 0.0 0
1582900665 2.443339111 0.0 0
1582902409 2.472694651 0.0 0
1582902969 2.34199899 0.0 0
1582903574 2.459860203 0.0 0
1574710988 2.431320678 0.0 0
