1569854467 3.793500159 0.5 1
1569855876 5.350410603 0.6 2
1571330164 3.594936211 2.0 3
1571766520 3.472066939 2.25 4
1571767303 3.802174792 2.0 4
1572537423 3.001643518 0.6666666666666666 1
1572538080 2.888026589 1.0 2
1572538740 2.864003308 0.6666666666666666 1
1572539393 2.98145646 0.6666666666666666 1
1572540039 2.87706575 1.0 1
1572540945 2.818253852 1.0 2
1572541599 2.843387913 1.0 2
1572542247 2.985316771 1.3333333333333333 2
1572542895 2.985020165 0.6666666666666666 2
1572543560 2.764438352 0.6666666666666666 2
1572871314 3.028898403 0.6666666666666666 2
1572871964 2.957824977 1.0 3
1572872641 2.902156436 0.6666666666666666 2
1572873294 3.008619354 0.6666666666666666 2
1572873947 3.099553311 0.3333333333333333 1
1572875009 2.970231537 0.6666666666666666 1
1572875871 2.857149877 1.0 1
1572877096 3.118853304 0.6666666666666666 1
1572877745 3.02214677 1.3333333333333333 2
1572878973 3.063074898 1.0 2
1572967380 2.92770091 1.0 1
1572968037 2.899989608 1.0 2
1572969340 2.82930964 1.0 2
1572970000 3.068120078 1.3333333333333333 2
1572970650 2.988752129 1.0 2
1572971302 3.365525304 1.25 3
1572971963 3.362406234 1.0 2
1572972623 2.995989285 0.6666666666666666 1
1572973340 1.827741294 2.0 2
1572973989 2.992408422 0.6666666666666666 1
1572974640 2.930652414 0.6666666666666666 1
1573208922 2.941646152 0.6666666666666666 2
1573209577 3.125398767 2.3333333333333335 4
1573210253 3.170266079 0.3333333333333333 1
1573210922 3.053428291 0.3333333333333333 1
1573211579 2.829230268 0.0 0
1573212227 2.879044482 1.0 2
1573212879 3.059861369 0.6666666666666666 1
1573213530 3.077923975 1.6666666666666667 2
1573214202 3.324294283 0.6666666666666666 1
1573214857 2.78019508 0.5 1
1573310379 2.552555889 1.0 2
1573311000 2.93288478 1.3333333333333333 2
1573311616 2.727815946 1.0 2
1573312321 2.521660467 0.5 1
1573312930 2.81006133 0.6666666666666666 2
1573313557 2.992776887 0.6666666666666666 1
1573314190 2.987287289 0.6666666666666666 2
1573314804 2.750252572 0.6666666666666666 1
1574696413 2.737834537 0.6666666666666666 2
1574696993 2.644621095 0.6666666666666666 2
1574697584 2.753464819 0.6666666666666666 1
1574698158 2.645050662 0.6666666666666666 2
1574710815 2.679626546 0.0 0
1574956167 2.687407861 0.5 1
1574956827 3.073881549 0.6666666666666666 2
1574957430 2.77958712 0.6666666666666666 1
1574959189 2.620899881 0.5 1
1574959792 2.690018069 0.3333333333333333 1
1574961618 2.524290572 0.6666666666666666 2
1575033091 2.473198208 2.0 4
1575033660 1.780445565 0.6666666666666666 2
1575034817 2.598645477 0.5 1
1575035388 2.798635371 1.0 1
1575036410 2.940304002 0.6666666666666666 1
1575036988 2.860533941 0.5 1
1575038548 2.795442909 1.3333333333333333 2
1575120381 2.819823622 0.6666666666666666 2
1575121505 2.681524416 0.3333333333333333 1
1575122568 2.572051559 0.6666666666666666 1
1575123125 2.80615411 1.5 2
1575123684 2.694844677 1.0 3
1575124240 2.52833601 0.6666666666666666 2
1575124808 2.733385462 0.5 1
1575125934 2.831214294 0.3333333333333333 1
1575298829 2.523704863 0.5 1
1575300597 2.682377057 1.0 2
1575390167 2.819275209 0.0 0
1575391302 2.619608875 1.0 1
1575391867 2.651316316 1.0 2
1575393872 2.789806363 0.6666666666666666 1
1575394439 2.660238037 1.0 2
1575395564 2.770868466 0.6666666666666666 2
1575562399 2.669830946 1.0 2
1575563098 2.676131944 1.0 1
1575564341 2.721317594 0.6666666666666666 1
1575564925 2.51285656 1.0 2
1575565491 2.975811781 0.3333333333333333 1
1575566059 2.606664837 0.6666666666666666 2
1575566645 2.70538561 0.6666666666666666 2
1575567965 2.610690731 0.0 0
1575568570 2.680238374 0.6666666666666666 2
1579191632 2.869765473 1.0 3
1579192778 2.649000543 1.0 1
1579193341 2.896637167 0.6666666666666666 1
1579193933 2.888969132 0.3333333333333333 1
1579194500 2.720621135 1.6666666666666667 3
1579195657 2.917449671 0.6666666666666666 1
1579196220 2.693648762 0.5 1
1579359426 2.596387542 1.5 3
1579360001 2.806411697 1.0 2
1579360563 2.738421406 1.0 3
1579361120 2.853142731 0.6666666666666666 2
1579361675 2.697751457 1.3333333333333333 2
1579362230 2.644820009 1.0 1
1579362785 2.764368389 0.6666666666666666 1
1579363919 2.797310284 0.5 1
1579530396 2.867960698 0.6666666666666666 2
1579532784 2.744259074 1.5 3
1579533453 2.928823344 0.6666666666666666 2
1579534053 2.647784862 0.6666666666666666 1
1579534739 2.764490411 0.6666666666666666 1
1579535350 2.727786911 0.6666666666666666 1
1579535945 2.786827528 0.6666666666666666 2
1579537002 2.821437017 0.6666666666666666 2
1580223728 3.133234256 0.6666666666666666 1
1580224287 2.827821185 0.6666666666666666 1
1580224843 2.864908728 0.0 0
1580225967 2.855254393 0.5 1
1580227119 2.770905224 0.6666666666666666 1
1580227717 2.894221719 0.6666666666666666 1
1580228298 2.713654822 0.5 1
1580228857 2.692424744 0.5 1
1580312287 2.603927013 0.6666666666666666 1
1580313422 2.715836501 0.6666666666666666 2
1580314386 2.628217097 1.0 1
1580314943 2.719159706 1.0 2
1580315502 2.651221518 0.5 1
1580316063 2.642396208 0.6666666666666666 2
1580316765 2.864377081 0.6666666666666666 1
1580317358 2.864001164 0.6666666666666666 1
1581943626 2.817544847 1.3333333333333333 3
1581944916 2.658766982 0.6666666666666666 1
1581945895 2.607786124 0.6666666666666666 2
1581946467 2.841434682 1.0 2
1581947034 2.65214952 0.3333333333333333 1
1581947955 2.715804777 0.6666666666666666 1
1581949051 2.954921349 0.6666666666666666 1
1582036235 2.979859162 1.3333333333333333 2
1582036841 3.297320309 0.6666666666666666 2
1582037445 3.08731581 1.0 3
1582038636 3.03889963 0.6666666666666666 2
1582041531 3.412437132 0.75 2
1582042138 3.068445727 1.3333333333333333 3
1582043730 2.563280865 0.5 1
1582044341 2.607064045 1.0 1
1582637949 2.661633297 1.3333333333333333 3
1582638509 2.696204674 0.6666666666666666 2
1582639583 2.894657577 1.0 2
1582640761 2.870339651 1.0 1
1582641320 2.764973397 1.0 3
1582641891 2.822577617 1.5 3
1582642459 2.656677715 1.0 2
1582643034 2.803010229 1.0 2
1582643636 2.680660943 0.6666666666666666 1
1582644192 2.661369156 0.6666666666666666 2
1582898792 2.720525082 0.6666666666666666 1
1582899363 2.631669649 0.5 1
1582899931 2.772883405 0.6666666666666666 1
1582900494 2.610888481 0.5 1
1582902152 2.779119874 0.6666666666666666 2
1582902798 2.649815964 1.0 1
1574710815 2.679626546 0.0 0
