1569854716 3.791245179 0.0 0
1569856326 3.908409831 0.0 0
1571330377 3.819468029 0.0 0
1571766734 3.784307822 0.0 0
1571767518 4.034445842 0.0 0
1572537603 3.023613986 0.0 0
1572538257 3.117441043 0.0 0
1572538916 3.156736651 0.0 0
1572539569 3.125266228 0.0 0
1572541121 3.157262571 0.0 0
1572541775 3.114093331 0.0 0
1572542424 3.072568597 0.0 0
1572543071 3.100386173 0.0 0
1572543735 3.137291215 0.0 0
1572871490 3.200131034 0.0 0
1572872141 3.076637727 0.0 0
1572872819 3.279395829 0.0 0
1572873470 3.032061405 0.0 0
1572874128 3.242187892 0.0 0
1572875193 3.042492032 0.0 0
1572876047 3.235101327 0.0 0
1572877273 3.185496147 0.0 0
1572877928 2.932861015 0.0 0
1572879168 3.195684281 0.0 0
1572967558 3.152932801 0.0 0
1572968216 3.142818602 0.0 0
1572969516 3.180483229 0.0 0
1572970177 3.241224237 0.0 0
1572970827 3.181905699 0.0 0
1572971490 3.227078885 0.0 0
1572972150 3.303555209 0.0 0
1572972800 3.028833894 1.0 1
1572973516 3.208579751 1.3333333333333333 2
1572974165 3.246671573 0.0 0
1572974823 3.101827453 0.0 0
1573209100 3.226700986 0.0 0
1573209770 3.115458219 0.0 0
1573210431 3.08183054 0.0 0
1573211098 3.291656735 0.0 0
1573211758 3.141330229 0.0 0
1573212405 3.231121536 0.0 0
1573213059 3.082084647 0.0 0
1573213708 3.288684021 0.0 0
1573214381 2.989634753 0.0 0
1573215038 3.220593788 0.0 0
1573310548 2.724867258 0.0 0
1573311167 2.897346426 0.0 0
1573311778 2.902822013 0.0 0
1573312485 2.892091163 0.0 0
1573313101 3.019056308 0.0 0
1573313726 3.325096445 0.0 0
1573314355 2.919979805 0.0 0
1573314968 2.850520773 0.0 0
1574696576 2.770798659 0.0 0
1574697156 2.770753135 0.0 0
1574697748 2.866145062 0.0 0
1574698320 2.83439219 0.0 0
1574698908 2.81920117 0.0 0
1574709720 2.724496479 0.0 0
1574710978 2.802845254 0.0 0
1574956328 2.823173469 0.0 0
1574956990 2.908222536 0.0 0
1574957591 2.803655151 0.0 0
1574958173 2.800047039 0.0 0
1574958767 2.848649408 0.0 0
1574959355 2.722275921 0.3333333333333333 1
1574959955 2.808307102 0.0 0
1574960532 2.860697159 0.0 0
1574961144 2.702906242 0.0 0
1574961779 2.857346189 0.0 0
1575033256 2.851126723 0.0 0
1575033824 2.834744913 0.0 0
1575034413 2.852111382 0.0 0
1575034989 2.82790677 0.0 0
1575035550 2.854672004 0.0 0
1575036588 2.820355684 0.0 0
1575037150 2.790047146 0.0 0
1575037709 2.767177246 0.0 0
1575038712 2.837305746 0.0 0
1575039282 2.812486045 0.0 0
1575120543 2.810630901 0.0 0
1575121108 2.732335729 0.0 0
1575122103 2.760813997 0.0 0
1575122729 2.801262688 0.0 0
1575123287 2.810825981 0.0 0
1575123845 2.777088324 0.0 0
1575124401 2.862724629 0.0 0
1575124968 2.93148757 0.0 0
1575125531 2.643836268 0.0 0
1575126098 2.830871423 0.0 0
1575297850 2.809164922 0.0 0
1575298423 2.731590153 2.0 2
1575298992 2.830949584 0.0 0
1575299572 2.900410075 0.0 0
1575300143 2.782893415 0.0 0
1575300761 2.856211281 0.6666666666666666 1
1575301534 2.81550426 0.0 0
1575302142 2.815342201 0.0 0
1575390330 2.900318845 0.0 0
1575390900 2.857937033 0.0 0
1575391463 2.769570053 0.0 0
1575392029 2.893997225 0.0 0
1575392839 2.775516191 0.0 0
1575393475 2.772287588 0.0 0
1575394034 2.799402222 0.0 0
1575394600 2.804460612 0.0 0
1575395164 2.816685316 0.0 0
1575395727 2.788039941 0.0 0
1575562574 2.84220267 0.0 0
1575563259 2.769292699 0.0 0
1575563908 2.807829708 0.0 0
1575564505 2.854638905 0.0 0
1575565088 2.832932447 0.0 0
1575565652 2.955649432 0.0 0
1575566226 2.778761293 0.0 0
1575566808 2.731733036 0.0 0
1575568153 2.771770923 0.0 0
1575568738 2.731426686 0.0 0
1579191182 2.777212352 0.0 0
1579191795 2.814767581 0.0 0
1579192362 2.93545869 0.0 0
1579192946 2.799514978 0.0 0
1579193532 2.871881035 0.0 0
1579194097 2.802326295 0.0 0
1579194665 2.727058363 0.0 0
1579195229 2.817664674 0.0 0
1579195820 2.72116305 0.0 0
1579196382 2.688023946 0.0 0
1579359588 2.935048578 0.0 0
1579360165 2.772767438 0.0 0
1579360725 2.81622332 0.0 0
1579361281 2.818641179 0.0 0
1579361837 2.874101389 0.0 0
1579362391 2.778553351 0.0 0
1579362948 2.72115292 0.0 0
1579363514 2.790423398 0.0 0
1579364081 2.754912826 0.0 0
1579364640 2.890617722 0.0 0
1579530632 2.926699757 0.0 0
1579531205 2.776204603 0.0 0
1579532261 2.762394304 0.0 0
1579532953 2.835218949 0.0 0
1579533614 2.82275189 0.0 0
1579534215 2.723348038 0.0 0
1579534901 2.729983319 0.0 0
1579535516 2.780972255 0.0 0
1579536589 2.821670311 0.0 0
1579537164 2.795681432 0.0 0
1580223891 2.914500482 0.0 0
1580224449 2.848624323 0.0 0
1580225006 2.866915656 0.0 0
1580225570 2.826713735 0.0 0
1580226129 2.85999944 0.0 0
1580226715 2.823144202 0.0 0
1580227281 2.849982581 0.0 0
1580227879 2.723561021 0.0 0
1580228461 2.715775878 0.0 0
1580229020 2.879202761 0.0 0
1580312448 2.80747833 0.0 0
1580313028 2.831431172 0.0 0
1580313908 2.806240442 0.0 0
1580314548 2.730411075 0.0 0
1580315104 2.784109363 0.0 0
1580315665 2.876676451 0.0 0
1580316227 2.871239495 0.0 0
1580317522 2.774346297 0.0 0
1581942588 2.828436559 0.0 0
1581944165 2.714344379 0.0 0
1581945112 2.840689284 0.0 0
1581946062 2.770879203 0.0 0
1581946630 2.819368116 0.0 0
1581947200 2.821086095 0.0 0
1581948118 2.675820999 0.0 0
1581949224 3.408372 0.0 0
1582035802 2.694963659 0.0 0
1582036409 2.634483352 0.0 0
1582037018 3.331024518 0.0 0
1582037619 2.72368562 0.0 0
1582038211 2.690364623 0.0 0
1582038804 2.811188051 0.0 0
1582041712 2.745929895 0.0 0
1582042466 2.912581124 0.0 0
1582043915 3.195415638 0.0 0
1582044507 2.588626637 0.0 0
1582638111 2.73189558 0.0 0
1582638673 2.824961243 0.0 0
1582640108 2.819989187 0.0 0
1582640927 2.816007413 0.0 0
1582641486 3.088071583 0.0 0
1582642058 2.776083001 0.0 0
1582642624 2.695672201 0.0 0
1582643198 2.728445615 0.0 0
1582643797 2.800080973 0.0 0
1582644355 2.915704595 0.0 0
1582898965 3.244747864 0.0 0
1582899528 2.775746474 0.0 0
1582900096 2.862865485 0.0 0
1582900655 2.843985541 0.0 0
1582902400 2.793485119 0.0 0
1582902960 2.751236819 0.0 0
1582903565 2.809874349 0.0 0
1574710978 2.802845254 0.0 0
