1569854471 5.425054162 0.0 0
1569855887 4.379689473 0.0 0
1571330168 5.225049633 0.0 0
1571766524 5.477547399 0.0 0
1571767306 5.229893893 0.0 0
1572537426 4.093026396 0.0 0
1572538083 4.100846122 0.0 0
1572538743 4.297078869 0.0 0
1572539396 4.18937755 0.0 0
1572540042 4.258929633 0.0 0
1572540948 4.257095893 0.0 0
1572541602 4.263111261 0.0 0
1572542250 4.262846447 0.0 0
1572542898 4.255897972 0.0 0
1572543563 4.319765806 0.0 0
1572871317 4.266849236 0.0 0
1572871967 4.134328061 0.0 0
1572872644 4.184098001 0.0 0
1572873297 4.125492819 0.0 0
1572873950 4.089531839 0.0 0
1572875012 4.058059023 2.0 2
1572875873 4.239044847 0.2 1
1572877099 4.191297462 0.0 0
1572877748 4.171272939 0.0 0
1572878976 4.072081382 0.0 0
1572967383 4.397542166 0.0 0
1572968040 4.218433387 0.0 0
1572969342 4.321679325 0.0 0
1572970003 4.084399478 0.0 0
1572970653 4.18324431 0.0 0
1572971306 3.941173068 0.5 1
1572971966 4.442262855 0.0 0
1572972626 4.134959105 1.25 2
1572973342 4.477755281 1.5 2
1572973992 4.352539847 0.0 0
1572974643 4.105084103 0.0 0
1573208925 4.297485822 0.0 0
1573209580 4.522419196 0.2 1
1573210256 4.5042503 0.0 0
1573210925 4.001837931 0.0 0
1573211581 4.074702637 0.0 0
1573212230 4.320211748 0.0 0
1573212882 4.22233544 0.0 0
1573213533 4.364927035 0.2 1
1573214205 4.115504753 0.0 0
1573214859 4.382373121 0.0 0
1573310382 3.920856523 0.0 0
1573311003 3.912751794 0.25 1
1573311619 3.968013509 0.0 0
1573312323 3.752108521 0.0 0
1573312933 3.882675844 0.0 0
1573313560 3.825494877 0.0 0
1573314193 3.686185685 0.0 0
1573314807 3.671109126 0.0 0
1574696416 3.85494492 0.0 0
1574696996 3.89181395 0.0 0
1574697587 3.786683562 0.25 1
1574698161 3.73216189 0.0 0
1574710817 4.285396107 0.0 0
1574956169 3.697658727 0.0 0
1574956830 3.753195592 0.0 0
1574957433 3.735230614 0.0 0
1574958011 3.545450217 0.0 0
1574958603 3.552068435 0.0 0
1574959191 3.923884094 0.0 0
1574959795 3.830244861 0.0 0
1574960374 3.585351234 0.0 0
1574960985 3.6338937 0.0 0
1574961621 3.708222392 0.0 0
1575033094 3.803003484 0.0 0
1575033662 3.919719962 0.0 0
1575034819 3.812213848 0.0 0
1575035390 3.550176824 0.0 0
1575036413 3.963790971 0.0 0
1575036991 4.0578494 0.0 0
1575037550 3.772061098 0.0 0
1575038551 3.708486988 0.0 0
1575120384 3.95995064 0.25 1
1575121508 3.753400858 0.0 0
1575122571 3.776825032 0.0 0
1575123687 3.703388826 0.0 0
1575124243 3.789468589 0.0 0
1575125937 3.633864059 0.0 0
1575297684 3.202458256 0.0 0
1575298263 3.655990439 0.0 0
1575298831 3.660014162 0.0 0
1575300600 3.539205143 0.0 0
1575301171 3.410564026 0.2 1
1575390169 3.834081632 0.0 0
1575391304 3.963957407 0.25 1
1575391869 3.763590973 0.0 0
1575393315 3.614363259 0.0 0
1575393875 3.680148099 0.0 0
1575394441 3.779850877 0.0 0
1575395004 3.622584228 0.0 0
1575395567 3.778402385 0.0 0
1575562402 3.775480489 0.0 0
1575563100 3.919415835 0.0 0
1575563749 3.534117392 0.0 0
1575564344 3.795242627 0.0 0
1575564928 3.718367574 0.0 0
1575565494 3.74683203 0.0 0
1575566062 3.7558326 0.0 0
1575566648 3.702806308 0.3333333333333333 1
1575567967 3.747453068 0.0 0
1575568573 3.881903565 0.0 0
1579191635 3.652801324 0.0 0
1579192200 3.538735759 0.0 0
1579192780 3.884093076 0.0 0
1579193344 3.54731551 0.0 0
1579193936 4.216928939 0.0 0
1579194503 4.061590815 0.25 1
1579195660 3.884179504 0.0 0
1579196222 3.711425236 0.0 0
1579359428 3.841906715 0.0 0
1579360003 4.268545635 0.0 0
1579360566 3.883223285 0.0 0
1579361123 3.79476149 0.0 0
1579361678 3.843375415 0.0 0
1579362232 3.809782512 0.25 1
1579362788 3.747863083 0.0 0
1579364480 3.871387957 0.0 0
1579530399 3.657873979 0.0 0
1579532787 3.694511037 0.0 0
1579533456 3.835775102 0.0 0
1579534056 4.088843046 0.0 0
1579534742 3.675098594 0.0 0
1579535353 3.808294286 0.0 0
1579535948 3.810005614 0.0 0
1579537005 3.874148042 0.0 0
1580223731 4.039596741 0.0 0
1580224290 3.872573666 0.0 0
1580224845 4.223487558 0.0 0
1580225969 3.731507237 0.0 0
1580226554 3.638326342 0.0 0
1580227122 3.969119998 0.0 0
1580227720 3.95209522 0.0 0
1580228300 4.084064421 0.0 0
1580228859 3.82770677 0.0 0
1580312290 3.830548673 0.0 0
1580312870 3.512214744 0.25 1
1580313425 3.825196434 0.25 1
1580314388 3.749109825 0.0 0
1580314946 3.747276124 0.0 0
1580315504 3.830805525 0.0 0
1580316066 3.802630911 0.0 0
1580316768 3.708161806 0.0 0
1580317361 3.792450144 0.0 0
1581942426 3.754415005 0.0 0
1581943629 3.731760022 0.0 0
1581944919 3.885934818 0.0 0
1581945898 3.66424272 0.0 0
1581946470 3.885276812 0.0 0
1581947037 3.924185983 0.0 0
1581947958 4.642026932 0.0 0
1581949054 4.241700739 0.0 0
1582034013 3.879870646 0.0 0
1582035631 3.86882724 0.0 0
1582036238 4.570369065 0.0 0
1582036844 4.353076984 0.0 0
1582037448 3.768186193 0.0 0
1582038639 4.146822924 0.0 0
1582041535 4.056992125 0.0 0
1582042141 4.047753046 0.0 0
1582043732 3.840021797 0.0 0
1582044343 3.93880039 0.0 0
1582637952 3.79570436 0.0 0
1582638512 3.959437368 0.0 0
1582639586 3.684574803 0.0 0
1582640764 3.596581668 0.0 0
1582641323 3.787071472 0.0 0
1582641893 3.446034909 0.0 0
1582642462 3.96944542 0.0 0
1582643037 3.780885992 0.0 0
1582643639 3.765995327 0.0 0
1582644195 3.876555485 0.0 0
1582898795 3.860454015 0.0 0
1582899365 3.927055761 0.0 0
1582899934 3.84162276 0.0 0
1582900496 3.873749549 0.0 0
1582902155 3.743060578 0.0 0
1582902801 3.934833048 0.0 0
1582903397 3.632565133 0.0 0
1574710817 4.285396107 0.0 0
