1569854716 3.669640437 -1 -1
1569856326 3.564599148 -1 -1
1571330378 3.492353734 -1 -1
1571766735 3.531567494 -1 -1
1571767518 3.769193 -1 -1
1572537604 2.950103508 -1 -1
1572538257 2.93014153 -1 -1
1572538917 2.959200407 -1 -1
1572539569 2.950833945 -1 -1
1572540217 3.071460328 -1 -1
1572541121 2.813768545 -1 -1
1572541775 2.901686609 -1 -1
1572542424 2.692803466 -1 -1
1572543071 2.803089291 -1 -1
1572543736 2.860627762 -1 -1
1572871490 2.981757344 -1 -1
1572872141 2.943937474 -1 -1
1572872820 3.013461648 -1 -1
1572873471 2.791386844 -1 -1
1572874128 2.919570401 -1 -1
1572875193 2.907358638 -1 -1
1572876047 2.915683022 -1 -1
1572877273 2.811619965 -1 -1
1572877928 2.84861346 -1 -1
1572879168 3.067083262 -1 -1
1572967558 2.930411249 -1 -1
1572968216 2.926556765 -1 -1
1572969516 2.827222624 -1 -1
1572970177 2.993328572 -1 -1
1572970827 2.963078887 -1 -1
1572971490 2.943884438 -1 -1
1572972151 2.918916044 -1 -1
1572972800 2.850464621 -1 -1
1572973516 2.87635814 -1 -1
1572974165 2.789060125 -1 -1
1572974823 2.972583347 -1 -1
1573209100 3.02162263 -1 -1
1573209770 2.908586598 -1 -1
1573210431 2.949669076 -1 -1
1573211099 2.902796385 -1 -1
1573211759 2.972604097 -1 -1
1573212405 2.892032435 -1 -1
1573213059 2.912732885 -1 -1
1573213708 2.889336006 -1 -1
1573214381 2.896340664 -1 -1
1573215038 2.92209673 -1 -1
1573310549 2.512597055 -1 -1
1573311167 2.713029561 -1 -1
1573311779 2.550048564 -1 -1
1573312485 2.51675833 -1 -1
1573313101 2.732305027 -1 -1
1573313726 2.828815431 -1 -1
1573314355 2.788624222 -1 -1
1573314969 2.553331668 -1 -1
1574697157 2.480231383 -1 -1
1574698909 2.604715716 -1 -1
1574709720 2.590301411 -1 -1
1574956328 2.477709487 -1 -1
1574958768 2.435173317 -1 -1
1574959956 2.683556992 -1 -1
1574960533 2.599762914 -1 -1
1574961144 2.387185907 -1 -1
1574961779 2.431575786 -1 -1
1575037710 2.558568893 -1 -1
1575039283 2.343686126 -1 -1
1575120544 2.388803772 -1 -1
1575121109 2.602058734 -1 -1
1575122729 2.520699557 -1 -1
1575123287 2.500658641 -1 -1
1575123846 2.336943929 -1 -1
1575124402 2.608773081 -1 -1
1575298423 2.611569233 -1 -1
1575298993 2.474954745 -1 -1
1575300762 2.485958842 -1 -1
1575302143 2.479549074 -1 -1
1575390331 2.513304472 -1 -1
1575392029 2.574886147 -1 -1
1575392840 2.571943382 -1 -1
1575393476 2.396527282 -1 -1
1575562575 2.460106527 -1 -1
1575564506 2.599851726 -1 -1
1575565088 2.279096364 -1 -1
1575566227 2.486812132 -1 -1
1579191796 2.385051318 -1 -1
1579192362 2.595684575 -1 -1
1579192947 2.513319365 -1 -1
1579194097 2.597813277 -1 -1
1579194665 2.423695278 -1 -1
1579195820 2.560150309 -1 -1
1579360726 2.321593422 -1 -1
1579361282 2.440927825 -1 -1
1579361838 2.540334563 -1 -1
1579362392 2.386832362 -1 -1
1579363514 2.431545672 -1 -1
1579531205 2.384003732 -1 -1
1579534215 2.604005043 -1 -1
1580223892 2.474138798 -1 -1
1580225007 2.299516771 -1 -1
1580225571 2.477441879 -1 -1
1580226715 2.634483141 -1 -1
1580227880 2.472195208 -1 -1
1580228461 2.445381635 -1 -1
1580312448 2.400493638 -1 -1
1580314548 2.527456832 -1 -1
1580316937 2.817543287 -1 -1
1581944166 2.258193594 -1 -1
1581945113 2.454966103 -1 -1
1581946062 2.169583889 -1 -1
1581947201 2.527017353 -1 -1
1581948118 2.516996252 -1 -1
1581949224 3.017445065 -1 -1
1582034926 3.407649953 -1 -1
1582037018 2.907934568 -1 -1
1582042466 3.048206148 -1 -1
1582043916 2.77100699 -1 -1
1582638674 2.42187074 -1 -1
1582640109 2.46349841 -1 -1
1582640927 2.463804881 -1 -1
1582641486 2.955212115 -1 -1
1582642058 2.33582533 -1 -1
1582642625 2.607321271 -1 -1
1582643199 2.437259936 -1 -1
1582643797 2.566086511 -1 -1
1582644356 2.739734184 -1 -1
1582898966 2.648265444 -1 -1
1582899529 2.472014284 -1 -1
1582900096 2.583867305 -1 -1
1582900656 2.54929473 -1 -1
1582902400 2.372540036 -1 -1
1582902960 2.548248081 -1 -1
1582903566 2.484931524 -1 -1
