1569854470 6.759937031 0.0 0
1569855887 5.560136023 0.0 0
1571330168 6.673400871 0.0 0
1571766524 6.624795701 0.0 0
1571767306 6.683214586 0.0 0
1572537426 5.361729258 0.0 0
1572538083 5.391406595 0.0 0
1572538743 5.360207641 0.0 0
1572539396 5.334278688 0.0 0
1572540042 5.29140863 0.0 0
1572540948 5.453238272 0.0 0
1572541602 5.452013219 0.0 0
1572542250 5.428506277 0.0 0
1572542897 5.370905419 0.0 0
1572543563 5.280772682 0.0 0
1572871316 5.359043895 0.0 0
1572871967 5.341560421 0.0 0
1572872644 5.401901867 0.0 0
1572873297 5.428962381 0.0 0
1572873950 5.223715116 0.0 0
1572875012 5.328507197 1.6666666666666667 2
1572875873 5.405430454 0.2 1
1572877098 5.52018907 0.0 0
1572877748 5.434727272 0.0 0
1572878976 5.510821869 0.0 0
1572967383 5.37654288 0.0 0
1572968040 5.451435249 0.0 0
1572969342 5.381171249 0.0 0
1572970003 5.433972903 0.0 0
1572970653 5.352629921 0.0 0
1572971305 5.47576847 0.3333333333333333 1
1572971966 5.723390305 0.0 0
1572972626 5.345068512 1.0 2
1572973342 5.296575758 1.5 2
1572973992 5.298442051 0.0 0
1572974643 5.516457797 0.0 0
1573208925 5.460214878 0.0 0
1573209580 5.671370354 0.16666666666666666 1
1573210256 5.752832927 0.0 0
1573210924 5.345878643 0.0 0
1573211581 5.465036457 0.0 0
1573212230 5.52338606 0.0 0
1573212882 5.361102199 0.0 0
1573213533 5.066383641 0.2 1
1573214205 5.481199586 0.0 0
1573214859 5.335176428 0.0 0
1573310382 4.867456895 0.0 0
1573311003 4.929488237 0.2 1
1573311619 4.954549456 0.0 0
1573312323 4.735584835 0.0 0
1573312933 4.876035969 0.0 0
1573313561 4.644368221 0.0 0
1573314192 4.903775121 0.0 0
1573314807 4.740200237 0.0 0
1574696416 4.914749893 0.0 0
1574696996 4.913205836 0.0 0
1574697587 4.810516006 0.2 1
1574698161 5.129898754 0.0 0
1574698746 4.94293273 0.2 1
1574709531 5.047714709 0.0 0
1574710817 5.125244779 0.0 0
1574956169 4.746188881 0.0 0
1574956830 5.053589598 0.0 0
1574957433 4.80026145 0.0 0
1574958010 5.000283815 0.0 0
1574958603 4.914636525 0.0 0
1574959192 4.904921278 0.0 0
1574959795 4.835750832 0.0 0
1574960373 4.933851918 0.0 0
1574960984 4.88343698 0.0 0
1574961621 4.828400356 0.0 0
1575033093 4.925345497 0.2 1
1575033662 4.887321164 0.0 0
1575034252 5.166714631 0.0 0
1575034819 4.923966716 0.0 0
1575035390 4.82545358 0.0 0
1575036413 4.783638109 0.0 0
1575036990 4.912009524 0.0 0
1575037549 5.230747736 0.0 0
1575038551 4.825054963 0.0 0
1575039120 4.981454005 0.0 0
1575120384 4.651519061 0.25 1
1575120947 4.991784517 0.0 0
1575121508 4.834509624 0.0 0
1575122571 4.727614181 0.0 0
1575123127 4.765598507 0.4 1
1575123687 4.752275083 0.0 0
1575124243 4.808416555 0.0 0
1575124810 4.68332021 0.0 0
1575125368 5.231237186 0.0 0
1575125937 4.878934849 0.0 0
1575297683 5.009238192 0.0 0
1575298263 4.797002889 0.0 0
1575298831 4.697453466 0.0 0
1575299408 5.050484217 0.0 0
1575299980 5.196250244 0.0 0
1575300600 4.853990422 0.0 0
1575301171 4.964027403 0.0 0
1575301982 5.006658857 0.0 0
1575390169 4.90360826 0.0 0
1575390736 5.008611599 0.0 0
1575391304 4.916795762 0.2 1
1575391870 4.667097578 0.0 0
1575392678 5.299766361 0.0 0
1575393314 4.815645375 0.0 0
1575393875 4.697787589 0.0 0
1575394441 4.71906076 0.0 0
1575395004 5.083818232 0.0 0
1575395567 5.035861938 0.0 0
1575562402 4.803281141 0.0 0
1575563100 4.593708175 0.0 0
1575563748 5.047489896 0.0 0
1575564344 4.741297572 0.0 0
1575564928 4.598047174 0.0 0
1575565493 5.024009879 0.0 0
1575566062 4.740209727 0.0 0
1575566648 4.767200623 0.25 1
1575567967 4.767613806 0.0 0
1575568573 4.696528709 0.0 0
1579191021 5.057242858 0.0 0
1579191635 4.746880638 0.0 0
1579192199 5.03181186 0.0 0
1579192780 4.920857412 0.0 0
1579193343 4.955985174 0.0 0
1579193935 5.027024659 0.0 0
1579194503 4.719193125 0.2 1
1579195069 5.085566176 0.0 0
1579195660 5.075682663 0.0 0
1579196222 4.841177308 0.0 0
1579359429 4.648040949 0.0 0
1579360003 4.869489937 0.0 0
1579360566 4.754622771 0.0 0
1579361122 4.869510849 0.0 0
1579361678 4.671549114 0.0 0
1579362232 4.842559369 0.2 1
1579362788 4.73433842 0.0 0
1579363353 5.201265659 0.0 0
1579363921 5.091640862 0.0 0
1579364480 5.029390789 0.0 0
1579530399 4.721214903 0.0 0
1579531045 5.028614547 0.0 0
1579532085 5.113491744 0.0 0
1579532787 4.76731828 0.0 0
1579533456 4.682648491 0.0 0
1579534056 5.023696875 0.0 0
1579534742 4.610083509 0.0 0
1579535353 5.07876446 0.0 0
1579535948 4.670406666 0.0 0
1579537005 4.831382098 0.0 0
1580223731 4.932535888 0.0 0
1580224290 4.753141872 0.0 0
1580224845 5.209918588 0.0 0
1580225409 5.176249575 0.0 0
1580225969 4.892915442 0.0 0
1580226553 5.090251494 0.0 0
1580227122 4.790120142 0.0 0
1580227720 4.753549821 0.0 0
1580228300 4.987859374 0.0 0
1580228859 4.77326439 0.0 0
1580312290 4.806678983 0.0 0
1580312869 4.957530422 0.2 1
1580313425 4.718365153 0.2 1
1580314388 4.594601499 0.0 0
1580314946 4.613620242 0.0 0
1580315504 4.896763278 0.0 0
1580316066 4.892941737 0.0 0
1580316768 4.696436194 0.0 0
1580317361 4.781006751 0.0 0
1581942426 4.963617596 0.0 0
1581943629 4.744117665 0.0 0
1581944919 4.654896185 0.0 0
1581945898 4.84357286 0.0 0
1581946470 4.748370529 0.0 0
1581947037 4.761073998 0.0 0
1581947958 5.535183267 0.0 0
1581949053 5.695691427 0.0 0
1582034012 5.204173755 0.0 0
1582035631 5.174145142 0.0 0
1582036238 5.363751186 0.0 0
1582036844 5.746955401 0.0 0
1582037448 4.838582105 0.0 0
1582038041 5.184852759 0.0 0
1582038638 5.217369907 0.0 0
1582041535 5.251597743 0.0 0
1582042141 5.330112729 0.0 0
1582043732 5.000895129 0.0 0
1582044343 4.916550356 0.0 0
1582637952 4.825904183 0.0 0
1582638513 4.597210209 0.0 0
1582639586 4.710566167 0.0 0
1582640764 4.621884554 0.0 0
1582641323 4.732538972 0.0 0
1582641894 4.709955491 0.0 0
1582642462 4.671821612 0.0 0
1582643037 4.616249568 0.0 0
1582643639 4.701983177 0.0 0
1582644195 4.819495171 0.0 0
1582898795 4.650967788 0.0 0
1582899366 4.697355766 0.0 0
1582899934 4.694478686 0.0 0
1582900496 4.774308152 0.0 0
1582902155 4.717676057 0.0 0
1582902801 4.663840318 0.0 0
1582903397 4.914454962 0.0 0
1574710817 5.125244779 0.0 0
