1569854705 5.802514701 0.4 1
1569856315 5.936762501 0.0 0
1571330367 5.243728902 0.0 0
1571766724 5.509008859 0.16666666666666666 1
1571767507 5.640477545 0.0 0
1572537595 4.488197629 0.0 0
1572538248 4.428509067 0.0 0
1572538908 4.266866426 0.0 0
1572539560 4.439595598 0.0 0
1572540208 4.482910988 0.0 0
1572541113 4.308855428 0.25 1
1572541766 4.48995318 0.0 0
1572542415 4.402824779 0.0 0
1572543062 4.530183863 0.0 0
1572543727 4.424212173 0.25 1
1572871481 4.616376206 0.0 0
1572872132 4.392370352 0.0 0
1572872810 4.564635925 0.0 0
1572873462 4.409353267 0.0 0
1572874119 4.271330246 0.0 0
1572875184 4.636025981 0.0 0
1572876038 4.186213625 0.0 0
1572877265 4.426269605 0.0 0
1572877920 4.325172571 0.0 0
1572879159 4.303418124 0.0 0
1572967549 4.409214543 0.0 0
1572968208 4.396455757 0.0 0
1572969507 4.38209303 0.0 0
1572970168 4.147059832 0.0 0
1572970818 4.491915121 0.0 0
1572971481 4.485603565 0.25 1
1572972142 4.486252037 0.0 0
1572972791 4.450099601 0.25 1
1572973507 4.425255486 0.0 0
1572974156 4.488779489 0.6 1
1572974814 4.376016862 0.0 0
1573209091 4.481561631 0.5 1
1573209762 4.350934389 0.25 1
1573210422 4.562555389 0.25 1
1573211090 4.596333664 0.25 1
1573211750 4.304290981 0.25 1
1573212397 4.414174408 0.0 0
1573213050 4.439976308 0.0 0
1573213699 4.343334281 0.0 0
1573214372 4.445556644 0.2 1
1573215029 4.358683651 0.4 1
1573310540 4.053779646 0.0 0
1573311159 4.138737302 0.0 0
1573311770 4.041150343 0.5 1
1573312477 3.874852948 0.25 1
1573313092 4.291656774 0.0 0
1573313718 4.100202569 0.5 1
1573314347 4.097635419 0.25 1
1573314960 4.171376373 0.25 1
1574696568 4.050015251 0.0 0
1574697148 4.060715132 0.5 1
1574697740 4.064384135 0.0 0
1574698312 4.011408552 0.0 0
1574698900 3.961752517 0.25 1
1574709712 4.114308484 0.5 1
1574710970 4.065415777 0.0 0
1574956320 4.044267019 0.5 1
1574956982 4.138415001 0.0 0
1574957584 3.890370752 0.0 0
1574958165 4.012678532 0.0 0
1574958759 4.12007723 0.25 1
1574959347 4.047965184 0.5 1
1574959947 4.00008514 0.25 1
1574960525 4.136913916 0.0 0
1574961135 3.96942757 0.0 0
1574961771 4.096319043 0.25 1
1575033248 4.272793971 0.0 0
1575033815 4.334887269 0.0 0
1575034405 4.134406316 0.25 1
1575034981 4.159441204 0.0 0
1575035542 4.312777674 0.0 0
1575036580 4.104857286 0.0 0
1575037142 4.080784462 0.0 0
1575037701 4.18039729 0.0 0
1575038704 4.192025023 0.25 1
1575039274 4.144059558 0.0 0
1575120535 4.019806771 0.5 1
1575121100 4.04145587 0.25 1
1575122095 3.878594421 0.0 0
1575122721 4.039841746 0.0 0
1575123279 3.949231766 0.25 1
1575123837 3.985370151 0.25 1
1575124393 4.128791601 0.25 1
1575124960 3.97151549 0.25 1
1575125523 4.046129006 0.0 0
1575126090 3.985529358 0.0 0
1575297841 4.158718401 0.0 0
1575298415 4.075480549 0.25 1
1575298985 3.8526472 0.0 0
1575299564 3.944958282 0.25 1
1575300135 4.119458708 0.0 0
1575300753 4.163860639 0.0 0
1575301525 4.009832227 0.0 0
1575302134 3.863116161 0.0 0
1575390322 4.009604386 0.5 1
1575390892 3.97067525 0.0 0
1575391455 3.889522475 0.0 0
1575392021 4.052063315 0.25 1
1575392832 3.980974379 0.6666666666666666 1
1575393467 3.882887335 0.0 0
1575394026 4.048570673 0.0 0
1575394592 4.089266212 0.0 0
1575395156 4.078008686 0.25 1
1575395719 3.907908253 0.5 1
1575562566 4.010119482 0.0 0
1575563251 4.132313169 0.0 0
1575563900 4.011102267 0.0 0
1575564497 4.185603407 0.0 0
1575565080 4.027353447 0.25 1
1575565644 4.012194311 0.5 1
1575566218 3.922754837 0.5 1
1575566800 4.079304353 0.25 1
1575568145 4.054275532 0.25 1
1575568730 3.926981992 0.3333333333333333 1
1579191174 3.937758343 0.25 1
1579191787 4.056805343 0.25 1
1579192354 4.147300427 0.25 1
1579192938 3.998373184 0.0 0
1579193524 3.974444247 0.0 0
1579194089 4.053336563 0.5 1
1579194657 3.909630463 0.25 1
1579195221 4.093716553 0.25 1
1579195812 3.978405062 0.0 0
1579196374 4.027322083 0.0 0
1579359580 4.005806049 0.0 0
1579360157 3.970801411 0.0 0
1579360717 4.130444908 0.0 0
1579361273 4.051560744 0.0 0
1579361829 4.07547177 0.0 0
1579362383 3.922775735 0.0 0
1579362940 4.069107715 0.0 0
1579363506 3.975785044 0.0 0
1579364073 4.048015162 0.0 0
1579364632 3.950072233 0.0 0
1579530624 3.919780508 0.5 1
1579531197 4.102260123 0.25 1
1579532254 2.692399378 0.25 1
1579532945 4.211617043 0.25 1
1579533606 4.113343922 0.0 0
1579534207 4.143683596 0.0 0
1579534893 4.116608201 0.0 0
1579535508 4.105176177 0.0 0
1579536581 3.916381629 0.25 1
1579537156 4.093570036 0.5 1
1580223883 4.056796305 0.0 0
1580224441 3.970041548 0.0 0
1580224998 4.056477504 0.0 0
1580225562 3.947369168 0.5 1
1580226121 4.024053093 0.0 0
1580226707 4.13115594 0.0 0
1580227273 4.030933674 0.0 0
1580227871 3.917037418 0.0 0
1580228453 3.912463439 0.0 0
1580229012 3.880636543 0.0 0
1580312440 3.960745009 0.0 0
1580313020 3.931539431 0.0 0
1580313900 4.15220199 0.0 0
1580314540 3.816738228 0.0 0
1580315096 4.085598295 0.0 0
1580315657 4.139226317 0.0 0
1580316219 4.047367528 0.5 1
1580316926 4.94545724 0.2 1
1580317514 4.144584017 0.25 1
1581942580 3.970669067 0.0 0
1581944157 3.9701525 0.25 1
1581945104 3.990675872 0.25 1
1581946054 4.06895628 0.0 0
1581946622 4.012963996 0.5 1
1581947192 3.953728545 0.0 0
1581948110 4.227056917 0.0 0
1581949215 4.462329905 0.0 0
1582034916 4.844299362 0.2 1
1582035794 4.020176936 0.0 0
1582036401 3.955744471 0.0 0
1582037009 4.621370112 0.2 1
1582037611 3.964787971 0.25 1
1582038203 3.811488006 0.5 1
1582038796 4.270992366 0.0 0
1582041705 3.774412844 0.0 0
1582042458 4.12834566 0.5 1
1582043906 4.753581553 0.0 0
1582044499 3.832357645 0.0 0
1582638103 3.88151702 0.5 1
1582638665 3.990968651 0.0 0
1582640100 4.174849269 0.0 0
1582640919 3.90244126 0.0 0
1582641476 4.708289111 0.0 0
1582642050 3.884899787 0.5 1
1582642617 3.799579893 0.0 0
1582643190 4.105543756 0.0 0
1582643789 3.963968023 0.25 1
1582644347 4.020099944 0.0 0
1582898957 3.981205768 0.25 1
1582899520 4.109478572 0.6 1
1582900088 3.881285721 0.25 1
1582900648 4.064211272 0.0 0
1582902392 4.022269375 0.0 0
1582902952 3.917591586 0.25 1
1582903557 4.039171594 0.0 0
1574710970 4.065415777 0.0 0
