1569854701 3.55334165 -1 -1
1569856312 3.03960399 -1 -1
1571330363 3.411627259 -1 -1
1571766720 3.27856361 -1 -1
1571767503 3.451980716 -1 -1
1572537592 2.563615907 -1 -1
1572538245 2.839642721 -1 -1
1572538905 2.851618061 -1 -1
1572539558 2.64812175 -1 -1
1572540205 2.767666595 -1 -1
1572541110 2.845267877 -1 -1
1572541764 2.692337115 -1 -1
1572542412 2.773970082 -1 -1
1572543059 2.772325622 -1 -1
1572543724 2.827649203 -1 -1
1572871478 2.780071603 -1 -1
1572872129 2.747065988 -1 -1
1572872807 2.985184144 -1 -1
1572873459 2.711211758 -1 -1
1572874117 2.730360127 -1 -1
1572875181 2.808288041 -1 -1
1572876035 2.800575323 -1 -1
1572877262 2.816178546 -1 -1
1572877916 2.878189756 -1 -1
1572879156 2.549796006 -1 -1
1572967546 2.822300201 -1 -1
1572968205 2.82518308 -1 -1
1572969504 2.693791416 -1 -1
1572970166 2.717087146 -1 -1
1572970816 2.741392734 -1 -1
1572971478 2.755530113 -1 -1
1572972139 2.702488374 -1 -1
1572972788 2.687469413 -1 -1
1572973505 2.664426409 -1 -1
1572974154 2.566147398 -1 -1
1572974811 3.130403237 -1 -1
1573209088 2.692997434 -1 -1
1573209759 2.670949634 -1 -1
1573210419 2.647002117 -1 -1
1573211087 2.774154672 -1 -1
1573211747 2.763316547 -1 -1
1573212394 2.641685343 -1 -1
1573213047 2.642506779 -1 -1
1573213696 2.783622578 -1 -1
1573214369 2.665283523 -1 -1
1573215026 2.745323547 -1 -1
1573310538 2.6731959 -1 -1
1573311156 2.545287366 -1 -1
1573311768 2.531903481 -1 -1
1573312474 2.770747458 -1 -1
1573313089 2.831421457 -1 -1
1573313715 2.827553905 -1 -1
1573314344 2.726658885 -1 -1
1573314958 2.644688637 -1 -1
1574696566 2.899350793 -1 -1
1574698310 2.648313935 -1 -1
1574698898 2.746389332 -1 -1
1574957581 2.780647547 -1 -1
1574959945 2.9872443 -1 -1
1574961133 2.805557086 -1 -1
1574961769 2.70356293 -1 -1
1575122092 2.703644043 -1 -1
1575123276 2.606631232 -1 -1
1575123834 2.81010142 -1 -1
1575124957 2.873791803 -1 -1
1575125521 2.687611206 -1 -1
1575126087 2.898830697 -1 -1
1575297839 2.798267378 -1 -1
1575298412 2.816382337 -1 -1
1575298982 2.779158983 -1 -1
1575302132 2.645056258 -1 -1
1575391453 2.706876667 -1 -1
1575393465 2.620887967 -1 -1
1575394023 3.167251479 -1 -1
1575395717 2.988455178 -1 -1
1575563249 3.055320668 -1 -1
1575563898 2.368647294 -1 -1
1575565077 2.728216053 -1 -1
1575565642 2.605683125 -1 -1
1575566216 2.52018451 -1 -1
1575566797 2.895162605 -1 -1
1579191784 2.749441305 -1 -1
1579192351 2.948704082 -1 -1
1579192936 2.957596918 -1 -1
1579193521 2.856523334 -1 -1
1579194654 2.691398552 -1 -1
1579195809 2.812728243 -1 -1
1579196372 2.77436709 -1 -1
1579360715 2.903725671 -1 -1
1579361271 2.810697439 -1 -1
1579361826 2.999060528 -1 -1
1579362937 2.693400012 -1 -1
1579363504 2.767199839 -1 -1
1579364630 2.608173869 -1 -1
1579531194 3.031084217 -1 -1
1579532242 10.920677566 -1 -1
1579532943 2.670498899 -1 -1
1579534890 2.78433509 -1 -1
1580223881 2.713828323 -1 -1
1580224439 2.901526759 -1 -1
1580227271 3.062659862 -1 -1
1580227869 3.066231306 -1 -1
1580228450 2.624928342 -1 -1
1580229010 2.696693557 -1 -1
1580313018 2.743779586 -1 -1
1580314537 2.382451636 -1 -1
1580316923 2.925434305 -1 -1
1580317511 2.827938955 -1 -1
1581942577 2.878219642 -1 -1
1581944155 2.732082121 -1 -1
1581945102 2.357284652 -1 -1
1581946051 3.034598253 -1 -1
1581946620 2.47628264 -1 -1
1581947190 2.857844444 -1 -1
1581948108 2.453328176 -1 -1
1581949213 2.806439635 -1 -1
1582034914 2.695354145 -1 -1
1582035792 2.785606362 -1 -1
1582037006 2.901665592 -1 -1
1582037609 2.685248507 -1 -1
1582038793 2.764229121 -1 -1
1582041702 2.856763183 -1 -1
1582042455 2.903693936 -1 -1
1582043903 3.034934881 -1 -1
1582638100 2.572169599 -1 -1
1582638663 2.557544253 -1 -1
1582640098 2.686389656 -1 -1
1582640916 2.648875699 -1 -1
1582641474 2.985111537 -1 -1
1582642614 2.60881483 -1 -1
1582898955 2.37576213 -1 -1
1582900085 2.723442335 -1 -1
1582900645 2.431535484 -1 -1
1582902389 2.640795314 -1 -1
1582902950 2.524028764 -1 -1
1582903555 2.892683571 -1 -1
