1569854485 4.935564141 0.0 0
1569855910 5.688148652 1.8333333333333333 3
1571330182 4.606572118 0.0 0
1571766538 4.646234677 0.0 0
1571767321 4.563515933 0.0 0
1572537437 3.657048944 0.0 0
1572538094 3.715005299 0.0 0
1572538754 3.779961755 0.0 0
1572539407 3.861053073 0.0 0
1572540054 3.83947458 0.0 0
1572540960 3.791304357 0.0 0
1572541614 3.661703991 0.0 0
1572542262 3.707701303 0.0 0
1572542909 3.706339564 0.0 0
1572543574 3.747906438 0.0 0
1572871328 3.694510756 0.0 0
1572871979 3.7198417 0.0 0
1572872656 4.710273451 0.0 0
1572873309 4.898949427 0.2 1
1572873961 4.489225642 0.0 0
1572875023 3.730603956 0.0 0
1572875885 3.753699603 0.0 0
1572877110 3.791839862 0.0 0
1572877760 3.627533585 0.0 0
1572878988 3.709158536 0.0 0
1572967395 3.678880753 0.0 0
1572968052 3.746491025 0.0 0
1572969354 3.921595337 0.0 0
1572970015 3.76773787 0.0 0
1572970665 3.812002542 0.0 0
1572971317 3.734336952 0.0 0
1572971978 3.716186332 0.0 0
1572972637 3.753929574 0.0 0
1572973354 3.796630835 0.0 0
1572974004 3.704033839 0.0 0
1572974655 3.657206338 0.0 0
1573208937 3.747831193 0.0 0
1573209592 4.319144129 0.2 1
1573210268 5.11152061 0.2 1
1573210936 5.472663453 0.0 0
1573211593 3.81737285 0.0 0
1573212242 3.794718278 0.0 0
1573212894 3.758971479 0.0 0
1573213545 3.64095362 0.0 0
1573214216 3.827722994 0.0 0
1573214871 3.792371316 0.0 0
1573310392 3.372799565 0.0 0
1573311014 3.459015114 0.0 0
1573311629 3.315624403 0.0 0
1573312334 4.578168098 0.0 0
1573312943 3.31931974 0.0 0
1573313571 3.461953113 0.0 0
1573314203 4.880651077 0.0 0
1573314817 3.290932407 0.0 0
1574696426 4.650783001 0.2 1
1574697007 3.335418391 0.0 0
1574697598 3.417840474 0.0 0
1574698171 4.823232243 0.0 0
1574698757 3.337546613 0.3333333333333333 1
1574709541 3.3125072 0.0 0
1574710828 3.314128987 0.0 0
1574956180 3.391346867 0.0 0
1574956841 3.272146585 0.0 0
1574957443 3.293308709 0.0 0
1574958021 4.954426164 0.0 0
1574958614 3.268085036 0.0 0
1574959202 3.350545096 0.0 0
1574959806 3.284563906 0.0 0
1574960384 3.382707899 0.0 0
1574960995 4.868698509 0.2 1
1574961631 3.300792351 0.0 0
1575033104 3.390014568 0.0 0
1575033672 3.441351401 0.5 1
1575034263 3.45698542 0.0 0
1575034830 3.367884246 0.0 0
1575035401 4.738607709 0.0 0
1575036424 3.28725457 0.0 0
1575037001 3.472203828 0.0 0
1575037561 3.160406987 0.0 0
1575038562 4.339867236 0.25 1
1575039131 3.362066073 0.0 0
1575120394 3.28634132 0.0 0
1575120957 3.335658987 0.0 0
1575121518 3.286566665 0.0 0
1575122581 3.308469213 0.0 0
1575123138 4.700572314 0.2 1
1575123697 3.331594691 0.0 0
1575124253 3.371361907 0.0 0
1575124821 3.330328006 0.0 0
1575125379 3.340856449 0.0 0
1575125947 3.653208668 0.0 0
1575297694 3.458439466 0.5 1
1575298273 4.550403885 0.2 1
1575298842 3.308602009 0.0 0
1575299419 3.769005457 0.0 0
1575299991 3.362536448 0.25 1
1575300611 3.370853834 0.3333333333333333 1
1575301181 4.603407413 0.0 0
1575301993 3.285666708 0.0 0
1575390180 3.403652425 0.0 0
1575390747 3.410776602 0.0 0
1575391315 3.292782546 0.0 0
1575391880 3.339648594 0.0 0
1575392689 3.278217336 0.0 0
1575393325 3.335513966 0.0 0
1575393885 3.351354027 0.0 0
1575394452 4.601056636 0.0 0
1575395015 3.373736949 0.0 0
1575395578 3.288055527 0.0 0
1575562413 3.308583228 0.0 0
1575563111 4.56263963 0.0 0
1575563759 3.284622147 0.0 0
1575564355 4.685218855 0.0 0
1575564938 3.378970543 0.25 1
1575565504 3.288442211 0.0 0
1575566073 3.212932952 0.0 0
1575566658 3.23226832 0.0 0
1575567978 3.411802289 0.0 0
1575568584 3.400317565 0.0 0
1579191032 3.333218284 0.0 0
1579191645 3.322815855 0.25 1
1579192210 3.363801205 0.0 0
1579192791 4.938268851 0.0 0
1579193354 4.273288814 0.0 0
1579193946 3.367345698 0.0 0
1579194514 3.200856108 0.0 0
1579195080 3.369752867 0.0 0
1579195671 3.544707073 0.0 0
1579196233 3.409352322 0.0 0
1579359439 3.275212429 0.0 0
1579360014 3.3479741 0.0 0
1579360576 3.32482552 0.25 1
1579361133 4.652585255 0.2 1
1579361688 4.431574493 0.0 0
1579362243 3.366482663 0.0 0
1579362799 4.663605657 0.0 0
1579363364 3.379387164 0.0 0
1579363932 3.328335974 0.0 0
1579530409 3.371372707 0.0 0
1579531056 3.591619904 0.0 0
1579532096 3.291511575 0.0 0
1579532797 3.292927277 0.0 0
1579533466 4.388292672 0.2 1
1579534067 4.017838733 0.0 0
1579534752 4.08458887 0.0 0
1579535364 3.192689855 0.0 0
1579535959 3.447742631 0.0 0
1580223742 3.268698594 0.0 0
1580224300 3.383185488 0.0 0
1580224856 3.197590435 0.0 0
1580225420 3.303247061 0.0 0
1580225980 3.316179954 0.0 0
1580226564 5.195590279 0.0 0
1580227133 4.225301135 0.0 0
1580227731 3.968972651 0.0 0
1580228311 3.403690208 0.0 0
1580228870 3.316392546 0.0 0
1580312300 3.463832653 0.0 0
1580312880 3.477530622 0.0 0
1580313435 3.273671699 0.0 0
1580314399 3.937274927 0.0 0
1580314957 3.279805308 0.0 0
1580316778 3.321937802 0.0 0
1580317371 3.379031333 0.0 0
1581942436 3.346256237 0.0 0
1581943640 4.830972195 0.0 0
1581944929 3.407520118 0.0 0
1581945908 3.272206251 0.0 0
1581946480 4.861156934 0.6 1
1581947048 3.28478314 0.0 0
1581947969 3.275336601 0.0 0
1581949066 3.642886532 0.0 0
1582034024 4.7019919 0.0 0
1582035642 3.829137806 0.0 0
1582036250 4.781515701 0.0 0
1582036856 4.038724116 0.0 0
1582037459 5.47840256 0.0 0
1582038051 4.571766339 0.6 1
1582038650 3.792942491 0.0 0
1582041547 3.690984214 0.0 0
1582042153 3.494185351 0.0 0
1582043744 3.471348272 0.0 0
1582044354 3.527801883 0.0 0
1582637963 3.367792429 0.0 0
1582638523 3.367007023 0.6666666666666666 1
1582639597 3.273893318 0.0 0
1582640774 3.291472315 0.0 0
1582641334 3.227380515 0.0 0
1582641904 6.408546959 0.16666666666666666 1
1582642473 3.229688844 0.0 0
1582643047 3.962826835 0.5 1
1582643649 3.238715299 0.0 0
1582644205 3.357962156 0.3333333333333333 1
1582898805 3.343756819 0.25 1
1582899376 4.278667577 0.5 1
1582899945 3.276597171 0.0 0
1582900507 3.248829274 0.0 0
1582902165 3.283766774 0.25 1
1582902812 3.325834528 0.0 0
1582903408 3.247819327 0.0 0
1574710828 3.314128987 0.0 0
