1569854701 4.003486945 0.0 0
1569856311 3.763685205 0.0 0
1571330363 3.963554587 0.0 0
1571766720 3.781381005 0.0 0
1571767503 3.747120186 0.0 0
1572537592 3.070179316 0.0 0
1572538245 3.020317381 0.0 0
1572538905 3.192127169 0.0 0
1572539557 3.164967185 0.0 0
1572540204 3.123830368 0.0 0
1572541109 3.057275193 0.0 0
1572541763 3.028883308 0.0 0
1572542412 2.96906735 0.0 0
1572543059 3.027331847 0.0 0
1572543724 2.992119184 0.0 0
1572871478 2.979957584 0.0 0
1572872129 3.17325236 0.0 0
1572872807 3.247374917 0.0 0
1572873459 3.050513642 0.0 0
1572874116 3.024473057 0.0 0
1572875181 3.087231789 0.0 0
1572876035 3.06319694 0.25 1
1572877261 3.353651269 0.2 1
1572877917 3.004178631 0.0 0
1572879156 3.23905507 0.0 0
1572967546 3.030651846 0.0 0
1572968205 2.981475198 0.0 0
1572969504 2.991557199 0.0 0
1572970165 3.11983243 0.0 0
1572970815 3.047647221 0.0 0
1572971478 3.188848611 0.0 0
1572972139 2.957779133 0.0 0
1572972788 2.984525855 0.0 0
1572973504 3.12169801 0.0 0
1572974153 2.988770431 0.0 0
1572974811 3.425184344 0.0 0
1573209088 3.121304196 0.0 0
1573209758 3.14731393 0.25 1
1573210419 2.951162378 0.0 0
1573211087 3.027537159 0.0 0
1573211747 3.063751423 0.0 0
1573212393 3.13717027 0.0 0
1573213047 3.077433155 0.0 0
1573213696 3.108064024 0.0 0
1573214369 2.977807517 0.0 0
1573215026 3.040789335 0.0 0
1573310538 2.79555789 0.0 0
1573311156 2.933493851 0.0 0
1573311768 2.64517515 0.5 1
1573312474 2.81434718 0.0 0
1573313089 2.948360445 0.0 0
1573313715 2.771537129 0.0 0
1573314344 2.670367894 0.0 0
1573314957 2.54337107 0.0 0
1574696566 2.592988703 0.0 0
1574697146 2.671183433 0.0 0
1574697737 2.669095818 0.0 0
1574698310 2.57262541 0.0 0
1574698897 2.658827128 0.0 0
1574709709 2.65603653 0.0 0
1574710967 2.7904142 0.0 0
1574956317 2.694792691 0.0 0
1574956980 2.601759075 0.0 0
1574957581 2.807231104 0.0 0
1574958163 2.849266916 0.0 0
1574958756 2.642525065 0.0 0
1574959344 2.799862704 0.0 0
1574959944 2.777448962 0.0 0
1574960522 2.71932601 0.0 0
1574961133 2.699176132 0.0 0
1574961768 2.61086303 0.0 0
1575033245 2.956238142 0.0 0
1575033812 2.908863849 0.0 0
1575034403 2.679152176 0.0 0
1575034979 2.7151344 0.0 0
1575035539 2.978615746 0.0 0
1575036577 2.772970977 0.0 0
1575037139 2.844301352 0.0 0
1575037698 2.684240271 0.0 0
1575038701 2.856915213 0.0 0
1575039271 2.796576937 0.0 0
1575120534 1.365897589 0.0 0
1575121097 2.698714052 0.0 0
1575122092 2.651480834 0.0 0
1575122718 2.760323438 0.0 0
1575123276 2.517080547 0.0 0
1575123834 2.556889444 0.0 0
1575124390 2.797654466 0.0 0
1575124957 2.623070258 0.0 0
1575125521 2.688834265 0.0 0
1575126087 2.601992531 0.0 0
1575297839 2.681041929 0.0 0
1575298412 2.692420309 0.25 1
1575298982 2.671910462 0.0 0
1575299561 2.816143831 0.0 0
1575300132 2.776885741 0.0 0
1575300750 2.695002791 0.0 0
1575301523 2.58321201 0.0 0
1575302132 2.736448317 0.0 0
1575390319 2.75726708 0.0 0
1575390889 2.719480319 0.0 0
1575391453 2.763798095 0.0 0
1575392018 2.846285635 0.0 0
1575392829 2.815790211 0.0 0
1575393465 2.723209027 0.0 0
1575394023 2.649752759 0.0 0
1575394590 2.791890881 0.0 0
1575395154 2.806019448 0.0 0
1575395717 2.747143181 0.0 0
1575562564 2.785730961 0.0 0
1575563249 2.694948967 0.0 0
1575563897 2.812322324 0.0 0
1575564495 2.640088524 0.0 0
1575565077 2.578329051 0.0 0
1575565642 2.695061119 0.0 0
1575566216 2.770836 0.0 0
1575566797 2.559565532 0.0 0
1575568142 2.661307357 0.0 0
1575568727 2.778797081 0.0 0
1579191171 2.812597404 0.0 0
1579191784 2.692078174 0.0 0
1579192351 2.588118387 0.0 0
1579192936 2.649035121 0.0 0
1579193521 2.854408836 0.0 0
1579194086 2.769085338 0.0 0
1579194654 2.774813634 0.0 0
1579195218 2.775774815 0.0 0
1579195809 2.665018633 0.0 0
1579196371 2.684528486 0.0 0
1579359577 2.925757794 0.0 0
1579360154 2.854423045 0.0 0
1579360714 2.762120098 0.0 0
1579361271 2.643054519 0.0 0
1579361826 2.663587154 0.0 0
1579362380 2.742763722 0.0 0
1579362937 2.761279734 0.0 0
1579363503 2.661599233 0.0 0
1579364070 2.715387248 0.0 0
1579364630 2.615082813 0.0 0
1579530621 2.685318059 0.0 0
1579531194 2.651914656 0.0 0
1579532235 17.614680499 0.0 0
1579532942 2.649270722 0.0 0
1579533603 2.766424666 0.0 0
1579534204 2.686301811 0.0 0
1579534890 2.695302982 0.0 0
1579535506 2.755730906 0.0 0
1579536578 2.821680533 0.0 0
1579537153 2.735329094 0.0 0
1580223880 2.520391694 0.0 0
1580224439 2.655782929 0.0 0
1580224995 2.678759445 0.0 0
1580225559 2.863850969 0.0 0
1580226118 2.727821378 0.0 0
1580226704 2.813240478 0.0 0
1580227271 2.613325543 0.0 0
1580227869 2.654221014 0.0 0
1580228450 2.891281842 0.0 0
1580229010 2.762216698 0.0 0
1580312437 2.873635956 0.0 0
1580313018 2.768215693 0.0 0
1580313897 2.714678462 0.0 0
1580314537 2.818990462 0.0 0
1580315094 2.762541373 0.0 0
1580315655 2.688567791 0.0 0
1580316216 2.675898303 0.0 0
1580316922 4.396339356 0.0 0
1580317511 2.579815341 0.0 0
1581942577 2.70880698 0.0 0
1581944154 2.714273502 0.0 0
1581945101 2.668798169 0.0 0
1581946051 2.946443345 0.0 0
1581946619 2.740344306 0.0 0
1581947189 2.609227957 0.25 1
1581948107 2.652896877 0.0 0
1581949212 2.909419155 0.0 0
1582034914 2.351678318 0.0 0
1582035791 2.871541962 0.0 0
1582036398 2.692413852 0.0 0
1582037006 3.026331351 0.0 0
1582037608 2.912852465 0.0 0
1582038200 2.69765883 0.0 0
1582038793 2.888112475 0.0 0
1582041701 3.39962694 0.0 0
1582042455 2.731480727 0.0 0
1582043903 3.246424537 0.0 0
1582044497 2.701256955 0.0 0
1582638100 2.902398606 0.0 0
1582638662 2.743405915 0.0 0
1582640098 2.650730153 0.0 0
1582640916 3.0805798 0.0 0
1582641473 3.219959755 0.0 0
1582642047 2.807313213 0.0 0
1582642614 2.775880918 0.0 0
1582643188 2.64736708 0.0 0
1582643786 2.882494939 0.0 0
1582644344 2.744580819 0.0 0
1582898954 2.718390703 0.0 0
1582899518 2.761380466 0.0 0
1582900085 2.573749384 0.0 0
1582900645 2.738659951 0.0 0
1582902389 2.589819597 0.0 0
1582902949 2.773413863 0.0 0
1582903555 2.636316157 0.0 0
1574710967 2.7904142 0.0 0
