1569854496 3.51357484 0.0 0
1569855922 3.923694103 0.3333333333333333 1
1571330193 3.558951079 0.0 0
1571766549 3.63028997 0.0 0
1571767331 3.45815493 0.0 0
1572537448 2.796651754 0.0 0
1572538104 2.819249515 0.0 0
1572538764 2.845779309 0.0 0
1572539417 2.725767721 0.0 0
1572540064 2.852336095 0.0 0
1572540969 2.775099922 0.0 0
1572541623 2.778203273 0.0 0
1572542272 2.887827494 0.0 0
1572542919 2.879052054 0.0 0
1572543584 2.74525861 0.0 0
1572871338 2.82029237 0.0 0
1572871988 2.905910481 0.0 0
1572872665 2.765841335 0.0 0
1572873318 2.818183182 0.0 0
1572873972 3.030359613 0.3333333333333333 1
1572875033 2.810232638 0.6666666666666666 1
1572875895 2.843461843 0.5 1
1572877120 2.845179634 0.0 0
1572877770 2.857985948 0.3333333333333333 1
1572878998 2.93290096 0.6666666666666666 1
1572967405 2.737891773 0.3333333333333333 1
1572968061 2.830410142 0.0 0
1572969364 2.814859535 0.0 0
1572970024 2.78441544 0.0 0
1572970674 2.886739915 0.0 0
1572971327 2.824270646 0.0 0
1572971990 2.880114598 0.0 0
1572972648 2.758533371 0.0 0
1572973364 2.958151011 0.0 0
1572974013 2.767210573 0.0 0
1572974665 2.989839941 0.0 0
1573208948 2.957636645 0.0 0
1573209603 2.895979828 0.0 0
1573210278 2.825445354 0.0 0
1573210946 2.850321692 0.0 0
1573211605 2.89921663 0.0 0
1573212253 2.974315144 0.0 0
1573212903 3.160322943 0.0 0
1573213555 2.946634582 0.0 0
1573214227 2.988876066 0.0 0
1573214882 3.035230001 0.0 0
1573310402 3.003274987 0.0 0
1573311024 2.563307023 0.0 0
1573311638 2.947070066 0.0 0
1573312342 2.687402911 0.0 0
1573312952 2.65598072 0.0 0
1573313580 2.618758944 0.0 0
1573314213 2.696056582 0.0 0
1573314826 2.621979938 0.0 0
1574696435 2.573757723 0.0 0
1574697017 2.599992918 0.0 0
1574697607 2.424394651 0.0 0
1574698181 2.612586549 0.0 0
1574698765 2.59796598 0.0 0
1574709551 2.645676214 0.0 0
1574710837 2.60995496 0.0 0
1574956189 2.536235306 0.0 0
1574956850 2.779266155 0.3333333333333333 1
1574957452 2.52343634 0.0 0
1574958030 2.607375702 0.0 0
1574958622 2.546559494 0.0 0
1574959211 2.549909427 0.0 0
1574959815 2.547829434 0.0 0
1574960393 2.629216982 0.0 0
1574961004 2.487022762 0.0 0
1574961640 2.560054492 0.0 0
1575033114 2.591399093 0.0 0
1575033682 2.589602928 0.0 0
1575034273 2.549811034 0.0 0
1575034839 2.547170247 0.0 0
1575035410 2.449349309 0.0 0
1575036434 2.531526691 0.0 0
1575037011 2.513258876 0.0 0
1575037569 2.487878874 0.0 0
1575038571 2.601257906 0.0 0
1575039140 2.585799324 0.0 0
1575120404 2.603008538 0.0 0
1575120967 2.643020373 0.0 0
1575121527 2.541524031 0.0 0
1575122590 2.547842758 0.0 0
1575123147 2.52423357 0.0 0
1575123706 2.543340863 0.0 0
1575124263 2.598797627 0.0 0
1575124830 2.529636391 0.0 0
1575125388 2.646892559 0.0 0
1575125956 2.793526873 0.0 0
1575297704 4.864115029 0.2 1
1575298282 2.475950272 0.0 0
1575298850 2.479809422 0.0 0
1575299429 2.498128623 0.0 0
1575300001 2.574371573 0.0 0
1575300620 2.639114476 0.0 0
1575301190 2.656659472 0.0 0
1575302002 2.606610866 0.0 0
1575390190 2.512711536 0.0 0
1575390757 2.611265564 0.0 0
1575391324 2.536768251 0.0 0
1575391889 2.483479863 0.0 0
1575392698 2.560740801 0.0 0
1575393334 2.710329335 0.0 0
1575393894 2.541161889 0.0 0
1575394461 2.564924047 0.0 0
1575395024 2.687189169 0.0 0
1575395587 2.561870104 0.0 0
1575562421 2.593261096 0.0 0
1575563120 2.575335352 0.0 0
1575563768 2.680584398 0.0 0
1575564364 2.605019299 0.0 0
1575564947 2.557048936 0.0 0
1575565513 2.600143659 0.0 0
1575566082 2.69604139 0.0 0
1575566668 2.613385801 0.0 0
1575567987 2.569241517 0.0 0
1575568593 2.810326664 0.0 0
1579191041 3.196741252 0.0 0
1579191654 2.598282362 0.0 0
1579192219 2.65012416 0.0 0
1579192800 2.601471269 0.0 0
1579193364 2.547338525 0.0 0
1579193955 2.553085973 0.0 0
1579194523 2.687572198 0.0 0
1579195089 2.641851165 0.0 0
1579195680 2.609707495 0.0 0
1579196242 2.705458288 0.0 0
1579359448 2.373546321 0.0 0
1579360025 2.601931445 0.0 0
1579360585 2.565770821 0.0 0
1579361142 2.630483188 0.0 0
1579361697 2.630576887 0.0 0
1579362252 2.564754205 0.0 0
1579362808 2.554931148 0.0 0
1579363373 2.598645452 0.0 0
1579363941 2.473715242 0.0 0
1579364500 2.432562575 0.0 0
1579530418 2.630303815 0.0 0
1579531065 2.620128164 0.0 0
1579532105 2.732190714 0.0 0
1579532806 2.59857324 0.0 0
1579533475 2.558204327 0.0 0
1579534076 2.518227091 0.0 0
1579534761 2.555331922 0.0 0
1579535373 2.55341824 0.0 0
1579535968 2.436754958 0.0 0
1579537025 2.694444077 0.0 0
1580223751 2.540252753 0.0 0
1580224309 2.435173328 0.0 0
1580224865 2.491174509 0.0 0
1580225430 2.872673618 0.3333333333333333 1
1580225989 2.404896181 0.0 0
1580226574 2.598136734 0.0 0
1580227141 2.67724421 0.0 0
1580227739 2.553796586 0.0 0
1580228320 2.612164683 0.0 0
1580228879 2.550463802 0.0 0
1580312309 2.60498111 0.0 0
1580312889 2.463807412 0.0 0
1580313445 2.655755726 0.0 0
1580314408 2.597679946 0.3333333333333333 1
1580314965 2.480608385 0.0 0
1580315524 2.774878206 0.0 0
1580316086 2.568808016 0.0 0
1580316787 2.457306504 0.0 0
1580317381 2.85292213 0.0 0
1581942446 2.595965477 0.3333333333333333 1
1581943649 2.521354119 0.0 0
1581944939 2.683834716 0.0 0
1581945919 2.494268024 0.0 0
1581946490 2.558337599 0.0 0
1581947057 2.726269043 0.0 0
1581947979 2.718256647 0.0 0
1581949075 2.968697529 0.6666666666666666 1
1582034033 2.512605064 0.0 0
1582035652 3.126914957 0.0 0
1582036260 2.977286626 0.0 0
1582036865 3.015800325 0.0 0
1582037469 3.002622327 0.0 0
1582038060 2.859752797 0.0 0
1582038660 3.003005335 0.0 0
1582041556 3.07918873 0.0 0
1582042162 2.612638843 0.0 0
1582043754 2.904629571 0.0 0
1582044363 2.457819919 0.0 0
1582637972 2.442940753 0.0 0
1582638532 2.417171277 0.0 0
1582639606 2.593332427 0.0 0
1582640785 2.812807311 0.0 0
1582641343 2.643822479 0.0 0
1582641916 2.812534857 0.0 0
1582642482 2.587726598 0.0 0
1582643057 2.64691581 0.0 0
1582643658 2.479507373 0.0 0
1582644214 2.665784548 0.0 0
1582898815 2.691471065 0.0 0
1582899385 2.687795693 0.0 0
1582899955 2.643446177 0.5 1
1582900516 2.433425911 0.0 0
1582902174 2.539324116 0.0 0
1582902821 2.424584739 0.0 0
1582903425 2.495954941 0.0 0
1574710837 2.60995496 0.0 0
