1569854690 5.560369524 0.0 0
1569856302 5.156000593 0.0 0
1571330352 6.092891151 0.0 0
1571766709 6.356945245 0.0 0
1571767492 6.153738313 0.0 0
1572537581 6.611350836 0.0 0
1572538235 6.589222731 0.0 0
1572538894 6.371601715 0.0 0
1572539548 6.119956195 0.0 0
1572540195 5.936009689 0.0 0
1572541100 5.954726998 0.0 0
1572541754 5.791539544 0.0 0
1572542402 6.468447268 0.0 0
1572543050 5.878297485 0.0 0
1572543714 5.777879599 0.0 0
1572871468 6.070972372 0.0 0
1572872120 5.874199193 0.0 0
1572872797 5.780814686 0.0 0
1572873449 5.928062537 0.0 0
1572874107 5.668129934 0.0 0
1572875171 6.020918864 0.0 0
1572876025 6.59655362 0.0 0
1572877251 6.718466153 0.0 0
1572877905 6.952284924 0.0 0
1572879146 6.17308218 0.0 0
1572967536 6.222175905 0.0 0
1572968194 7.090941239 0.0 0
1572969494 6.080704715 0.0 0
1572970156 5.957150499 0.0 0
1572970806 6.067144101 0.0 0
1572971467 7.469309824 0.0 0
1572972129 5.933769173 0.0 0
1572972778 5.850296332 0.0 0
1572973494 6.252666168 0.0 0
1572974144 6.016910691 0.0 0
1572974796 11.398655224 0.0 0
1573209078 5.901558169 0.0 0
1573209734 20.932117033 0.0 0
1573210409 6.039144941 0.0 0
1573211077 5.987270269 0.0 0
1573211735 7.876347426 0.0 0
1573212384 6.047340187 0.0 0
1573213037 6.062508938 0.0 0
1573213686 6.057112757 0.0 0
1573214358 7.646008548 0.0 0
1573215016 6.218855801 0.0 0
1573310529 5.507040374 0.2 1
1573311146 5.756659388 0.0 0
1573311759 5.58832771 0.0 0
1573312465 5.556462971 0.16666666666666666 1
1573313080 5.90842657 0.0 0
1573313706 5.829631931 0.0 0
1573314334 6.243348152 0.2857142857142857 1
1573314948 5.604393404 0.0 0
1574696556 6.122543927 0.0 0
1574697137 5.458520076 0.0 0
1574697728 5.477987915 0.0 0
1574698300 5.978694243 0.0 0
1574698889 5.42691008 0.0 0
1574709700 5.582803881 0.0 0
1574710959 4.993383074 0.0 0
1574956308 5.45575403 0.0 0
1574956971 5.4700492 0.0 0
1574957572 5.632299286 0.0 0
1574958154 5.701577551 0.2 1
1574958747 5.930832558 0.0 0
1574959335 5.355048962 0.0 0
1574959936 5.260622323 0.16666666666666666 1
1574960513 5.339631281 0.0 0
1574961123 5.955746135 0.16666666666666666 1
1574961759 6.048105695 0.0 0
1575033235 6.235407975 0.0 0
1575033803 5.710359081 0.0 0
1575034394 5.363671566 0.0 0
1575034968 7.59698796 0.0 0
1575035531 5.727757497 0.0 0
1575036568 5.434494445 0.0 0
1575037130 5.612363925 0.2857142857142857 1
1575037689 5.865737375 0.16666666666666666 1
1575038691 6.404801666 0.0 0
1575039262 5.840591072 0.0 0
1575120523 5.502895258 0.0 0
1575121088 5.6300559 0.0 0
1575122083 5.408349362 0.0 0
1575122710 5.464146197 0.0 0
1575123267 6.231957178 0.16666666666666666 1
1575123826 5.372751618 0.0 0
1575124382 5.505666599 0.0 0
1575124949 4.916672993 0.0 0
1575125511 5.565574192 0.0 0
1575126078 6.140933365 0.0 0
1575297828 7.128669107 0.0 0
1575298403 6.092099102 0.0 0
1575298972 6.166594064 0.0 0
1575299552 5.506803651 0.16666666666666666 1
1575300124 5.583951241 0.0 0
1575300742 5.476264704 0.0 0
1575301513 6.081461711 0.0 0
1575302122 6.279493725 0.16666666666666666 1
1575390310 5.514489681 0.0 0
1575390880 5.594172036 0.0 0
1575391443 5.965336931 0.0 0
1575392009 5.638458258 0.0 0
1575392818 7.637122708 0.0 0
1575393456 5.369502035 0.0 0
1575394014 5.903089973 0.0 0
1575394581 5.517954238 0.0 0
1575395145 5.61125915 0.0 0
1575395708 5.339326154 0.0 0
1575562555 5.63070703 0.0 0
1575563240 5.563056759 0.2 1
1575563889 5.432017632 0.16666666666666666 1
1575564486 5.582078528 0.2 1
1575565633 5.555591452 0.0 0
1575566207 5.334034151 0.0 0
1575566788 5.461333713 0.0 0
1575568134 5.232903266 0.0 0
1575568718 5.426420286 0.0 0
1579191162 5.676505568 0.0 0
1579191775 6.097776888 0.0 0
1579192342 6.078647898 0.0 0
1579192927 5.985189299 0.0 0
1579193512 5.690427149 0.0 0
1579194077 5.856132368 0.0 0
1579194645 5.483192538 0.0 0
1579195209 5.621458548 0.0 0
1579195800 5.953617175 0.0 0
1579196363 5.419062614 0.0 0
1579359568 5.697571965 0.0 0
1579360145 5.667202022 0.0 0
1579360706 5.565841406 0.0 0
1579361261 6.101751434 0.0 0
1579361817 6.115787941 0.0 0
1579362371 5.976174612 0.0 0
1579362928 5.595527238 0.0 0
1579363494 5.528088075 0.0 0
1579364061 5.507627125 0.0 0
1579364621 5.31620193 0.0 0
1579530613 5.488457566 1.0 2
1579531185 5.448058696 1.0 1
1579532225 6.1270936 0.0 0
1579532934 5.671982374 0.0 0
1579533594 5.676053827 0.0 0
1579534195 5.411026941 0.0 0
1579534881 6.138198356 0.0 0
1579535497 5.462536007 0.0 0
1579536569 5.955510128 0.0 0
1579537145 5.660609882 0.2 1
1580223872 5.347523334 0.0 0
1580224430 5.495720933 0.0 0
1580224987 5.675341919 0.0 0
1580225551 5.373060926 0.2 1
1580226109 5.58363453 0.0 0
1580226695 6.092229393 0.0 0
1580227262 5.505333057 0.0 0
1580227860 5.553247202 0.0 0
1580228441 5.399475052 0.0 0
1580229001 5.52675579 0.0 0
1580312428 5.451320975 0.0 0
1580313009 5.456024151 0.0 0
1580313888 5.34181283 0.0 0
1580314527 6.1461933 0.0 0
1580315085 5.468176511 0.0 0
1580315646 5.503902634 0.0 0
1580316207 5.386333352 0.0 0
1580316911 6.297506727 0.0 0
1580317502 5.293508993 0.6 1
1581942568 6.015362216 0.0 0
1581944146 5.318371603 0.0 0
1581945090 8.694247822 0.0 0
1581946041 6.12745747 0.0 0
1581946610 5.869740136 0.0 0
1581947180 6.15695169 0.0 0
1581948098 5.595899073 0.0 0
1581949202 6.144691404 0.0 0
1582034904 6.152698778 0.0 0
1582035783 5.223804638 0.0 0
1582036389 5.974365628 0.0 0
1582036996 6.219608129 0.0 0
1582037600 5.628117748 0.0 0
1582038191 5.505623924 0.0 0
1582038784 5.171359845 0.0 0
1582041691 6.194955655 0.0 0
1582042446 5.20841252 0.0 0
1582043889 9.497978286 0.0 0
1582044488 5.669763642 0.0 0
1582638091 5.388935018 0.0 0
1582638654 5.459112662 0.0 0
1582640085 9.347324709 0.0 0
1582640906 6.579128073 0.0 0
1582641463 6.419688175 0.14285714285714285 1
1582642038 5.593972686 0.0 0
1582642605 5.475474601 0.0 0
1582643179 5.488543755 0.0 0
1582643777 5.478740536 0.0 0
1582644335 6.244574643 0.0 0
1582898945 5.599262275 0.0 0
1582899509 5.748387552 0.0 0
1582900076 5.429352974 0.0 0
1582900635 6.466966569 0.0 0
1582902380 5.548441861 0.0 0
1582902940 5.517180666 0.0 0
1582903545 6.107338519 0.0 0
1574710959 4.993383074 0.0 0
