1569854696 4.896984212 -1 -1
1569856307 4.942117476 -1 -1
1571330358 4.791411499 -1 -1
1571766715 4.774395519 -1 -1
1571767499 4.862414102 -1 -1
1572537588 4.448386673 -1 -1
1572538241 3.892888212 -1 -1
1572538901 4.180838374 -1 -1
1572539554 3.870640579 -1 -1
1572540201 3.963774259 -1 -1
1572541106 3.975118957 -1 -1
1572541760 4.035284967 -1 -1
1572542408 3.954811371 -1 -1
1572543055 3.962180176 -1 -1
1572543720 3.914316459 -1 -1
1572871474 3.868313902 -1 -1
1572872125 4.049616764 -1 -1
1572872803 3.924548189 -1 -1
1572873455 3.909116031 -1 -1
1572874113 3.884732779 -1 -1
1572875177 3.963100764 -1 -1
1572876031 4.14614635 -1 -1
1572877257 4.155725817 -1 -1
1572877912 4.255132941 -1 -1
1572879152 3.938037636 -1 -1
1572967543 3.749100175 -1 -1
1572968201 3.92447598 -1 -1
1572969500 3.828144688 -1 -1
1572970162 3.912979013 -1 -1
1572970812 3.782099002 -1 -1
1572971474 3.99574215 -1 -1
1572972135 3.976900541 -1 -1
1572972784 4.046435658 -1 -1
1572973500 4.303929974 -1 -1
1572974150 3.911634228 -1 -1
1572974807 3.953400844 -1 -1
1573209084 3.916134198 -1 -1
1573209755 3.928474328 -1 -1
1573210415 3.872707704 -1 -1
1573211083 3.861874664 -1 -1
1573211743 3.810901095 -1 -1
1573212390 3.970087937 -1 -1
1573213043 3.910804621 -1 -1
1573213692 4.568701406 -1 -1
1573214365 4.026234548 -1 -1
1573215023 3.908066949 -1 -1
1573310534 3.452549616 -1 -1
1573311152 3.627567139 -1 -1
1573311764 3.766705547 -1 -1
1573312471 3.586925881 -1 -1
1573313085 3.683737919 -1 -1
1573313711 3.658884574 -1 -1
1573314341 3.724045643 -1 -1
1573314954 3.686064078 -1 -1
1574696562 3.552488374 -1 -1
1574697142 3.505100809 -1 -1
1574698306 3.72388434 -1 -1
1574698894 3.485403098 -1 -1
1574709706 3.801402495 -1 -1
1574956314 3.583947314 -1 -1
1574956976 3.591524989 -1 -1
1574957577 3.593346031 -1 -1
1574959941 3.416625015 -1 -1
1574961129 3.494667232 -1 -1
1574961765 3.543539885 -1 -1
1575122089 3.483074811 -1 -1
1575122715 3.447909515 -1 -1
1575123273 3.465961899 -1 -1
1575123831 3.451289707 -1 -1
1575124954 3.492834333 -1 -1
1575125517 4.327249608 -1 -1
1575126084 3.631015015 -1 -1
1575297835 3.843992656 -1 -1
1575298409 3.548387378 -1 -1
1575298979 3.30378432 -1 -1
1575301519 3.624837898 -1 -1
1575302128 3.538931474 -1 -1
1575390316 3.741277479 -1 -1
1575390886 3.74637268 -1 -1
1575391449 3.407112947 -1 -1
1575393461 3.563738521 -1 -1
1575394020 3.43655714 -1 -1
1575395713 3.584796736 -1 -1
1575563245 3.57508739 -1 -1
1575563894 3.811805671 -1 -1
1575565074 3.452759223 -1 -1
1575565639 3.827929055 -1 -1
1575566212 3.497799663 -1 -1
1575566794 3.508885671 -1 -1
1575568139 3.796021855 -1 -1
1575568724 3.469794395 -1 -1
1579191781 3.517794909 -1 -1
1579192348 3.450313836 -1 -1
1579192932 3.50364775 -1 -1
1579193518 3.471919406 -1 -1
1579194651 3.583528576 -1 -1
1579195806 3.547639474 -1 -1
1579196368 3.405877548 -1 -1
1579360711 3.412771906 -1 -1
1579361267 3.492570736 -1 -1
1579361823 3.421110018 -1 -1
1579362934 3.500305886 -1 -1
1579363500 3.726002761 -1 -1
1579364626 3.564027952 -1 -1
1579531191 3.588180799 -1 -1
1579532231 3.925813482 -1 -1
1579532939 3.439565788 -1 -1
1579534887 3.472245624 -1 -1
1579537150 3.875517134 -1 -1
1580223877 3.480002854 -1 -1
1580224435 3.407401949 -1 -1
1580226115 3.514804389 -1 -1
1580227267 3.58517743 -1 -1
1580227865 3.57019524 -1 -1
1580228446 3.965781332 -1 -1
1580229006 3.446880124 -1 -1
1580313014 3.504278749 -1 -1
1580314533 3.80342229 -1 -1
1580316917 5.522580997 -1 -1
1580317508 3.614693285 -1 -1
1581942574 3.625350431 -1 -1
1581944151 3.499200724 -1 -1
1581945098 3.603096059 -1 -1
1581946047 3.488902726 -1 -1
1581946616 4.142191067 -1 -1
1581947186 3.593337184 -1 -1
1581948104 3.47160002 -1 -1
1581949209 4.143770157 -1 -1
1582034910 3.795031863 -1 -1
1582035788 3.929246527 -1 -1
1582037002 4.056128571 -1 -1
1582037605 3.473758754 -1 -1
1582038790 3.849379149 -1 -1
1582041697 4.047968075 -1 -1
1582042452 3.575052893 -1 -1
1582043899 4.100831274 -1 -1
1582638097 3.499072197 -1 -1
1582638659 3.789052907 -1 -1
1582640094 3.599853895 -1 -1
1582640913 3.841369135 -1 -1
1582641470 4.015094697 -1 -1
1582642610 3.589090291 -1 -1
1582898951 3.659485246 -1 -1
1582900082 3.515594484 -1 -1
1582900642 3.780535969 -1 -1
1582902386 3.656242069 -1 -1
1582902946 3.697187643 -1 -1
1582903551 3.499613944 -1 -1
