1569854490 5.757384126 0.0 0
1569855916 5.413306671 0.3333333333333333 2
1571330187 6.102476257 0.16666666666666666 1
1571766543 6.018822223 0.3333333333333333 1
1571767325 6.013225103 0.16666666666666666 1
1572537441 6.798449534 0.0 0
1572538098 5.969899034 0.0 0
1572538758 5.850886071 0.0 0
1572539411 5.757182161 0.0 0
1572540058 6.443457148 0.0 0
1572540963 5.84099476 0.0 0
1572541617 6.015866764 0.16666666666666666 1
1572542266 5.911890199 0.0 0
1572542913 5.998355898 0.0 0
1572543578 5.841144306 0.16666666666666666 1
1572871332 5.991350558 0.0 0
1572871982 5.656744872 0.3333333333333333 1
1572872660 4.540226337 0.4 1
1572873314 4.682680426 0.25 1
1572873966 5.615880363 0.16666666666666666 1
1572875027 5.857611312 0.0 0
1572875889 5.848598148 0.0 0
1572877114 5.755431327 0.0 0
1572877764 5.889994448 0.2 1
1572878992 6.350999159 0.0 0
1572967399 6.173018351 0.0 0
1572968056 5.925864025 0.2 1
1572969358 5.623291887 0.0 0
1572970019 5.840311011 0.0 0
1572970669 5.696238426 0.0 0
1572971321 5.875564841 0.0 0
1572971982 7.724355148 0.0 0
1572972641 6.575771492 0.14285714285714285 1
1572973358 6.190119039 0.0 0
1572974007 6.020137267 0.0 0
1572974659 6.017965221 0.0 0
1573208941 7.400235642 0.42857142857142855 1
1573209597 6.515003823 0.5 1
1573210273 4.670406422 0.2 1
1573210942 4.599252295 0.5 1
1573211597 8.055195382 0.125 1
1573212246 6.971181926 0.0 0
1573212897 5.932932669 0.0 0
1573213548 6.169433204 0.0 0
1573214220 6.677629031 0.0 0
1573214875 7.468822267 0.0 0
1573310396 5.955294022 0.6666666666666666 1
1573311017 6.367487548 0.0 0
1573311633 5.55696489 0.2 1
1573312338 4.096388291 0.5 1
1573312947 5.751413865 0.0 0
1573313574 5.913087008 0.16666666666666666 1
1573314208 4.32718894 0.4 1
1573314820 5.665713056 0.0 0
1574696431 4.644940673 0.2 1
1574697010 6.655352969 0.0 0
1574697601 5.656941376 0.3333333333333333 1
1574698176 4.483783998 0.2 1
1574698760 5.679453552 0.0 0
1574709545 5.875788649 0.0 0
1574710832 5.984554293 0.0 0
1574956183 5.636385905 0.16666666666666666 1
1574956844 5.651859932 0.0 0
1574957446 5.6518605 0.5 1
1574958026 4.360720313 0.25 1
1574958617 5.851586223 0.0 0
1574959205 6.165259826 0.0 0
1574959809 6.146984758 0.0 0
1574960387 6.323058146 0.5 1
1574961000 4.296188796 0.25 1
1574961634 5.767497689 0.3333333333333333 1
1575033108 6.838409337 0.14285714285714285 1
1575033676 6.365246075 0.6666666666666666 1
1575034267 6.219526992 0.0 0
1575034833 5.488711485 0.3333333333333333 1
1575035406 4.153460888 0.5 1
1575036427 6.661072599 0.0 0
1575037004 6.496320061 0.14285714285714285 1
1575037564 5.64889289 0.6 1
1575038566 4.879703295 0.2 1
1575039135 5.77488595 0.2 1
1575120398 6.369092726 0.0 0
1575120961 6.518789312 0.0 0
1575121521 5.849359189 0.0 0
1575122585 5.668805696 0.6 1
1575123143 4.290328854 0.25 1
1575123701 5.522793463 0.0 0
1575124256 6.507362083 0.0 0
1575124825 5.711134883 0.0 0
1575125382 6.090295919 0.0 0
1575125951 5.364693439 0.2 1
1575297698 6.188478075 0.5 1
1575298278 4.610368552 0.25 1
1575298845 5.703125777 0.16666666666666666 1
1575299423 5.835275592 0.0 0
1575299995 5.834174719 0.0 0
1575300614 6.632941645 0.14285714285714285 1
1575301186 4.703825774 0.4 1
1575301996 5.590645199 0.3333333333333333 1
1575390184 6.515669945 0.0 0
1575390750 6.297404078 0.0 0
1575391319 5.85126661 0.6 1
1575391883 5.595476675 0.3333333333333333 1
1575392692 6.371758853 0.0 0
1575393328 6.522290866 0.14285714285714285 1
1575393888 5.499325641 0.5 1
1575394456 4.571726401 0.4 1
1575395018 5.644040004 0.3333333333333333 1
1575395581 5.676575868 0.0 0
1575562416 5.864691448 0.3333333333333333 1
1575563115 4.429958547 0.4 1
1575563762 5.995654205 0.6666666666666666 1
1575564359 4.631308313 0.4 1
1575564942 5.812673385 0.4 1
1575565507 5.703721103 0.3333333333333333 1
1575566076 6.201987949 0.0 0
1575566661 6.437353383 0.0 0
1575567981 6.482557574 0.0 0
1575568587 6.045449687 0.0 0
1579191035 5.818914689 0.16666666666666666 1
1579191649 5.972597751 0.3333333333333333 1
1579192213 5.730105959 0.5 1
1579192796 4.479338839 0.5 1
1579193359 4.679001301 0.5 1
1579193950 5.581065185 0.0 0
1579194517 6.378142305 0.0 0
1579195083 5.739802563 0.3333333333333333 1
1579195674 5.65820837 0.5 1
1579196236 5.741175443 0.0 0
1579359442 5.918756154 0.16666666666666666 1
1579360017 7.499016988 0.5 1
1579360580 5.750813257 0.4 1
1579361138 4.615351295 0.25 1
1579361693 4.44795787 0.25 1
1579362246 5.836479563 0.6666666666666666 1
1579362803 4.181199694 0.5 1
1579363368 5.992171837 0.3333333333333333 1
1579363935 5.565118373 0.5 1
1579530413 5.607008352 0.0 0
1579531059 5.31765451 0.4 1
1579532099 5.778942508 0.16666666666666666 1
1579532801 5.84691871 0.2 1
1579533471 4.392415488 0.25 1
1579534071 5.181809232 0.3333333333333333 1
1579534756 5.172784825 0.4 1
1579535367 5.751951103 0.16666666666666666 1
1579535962 5.83276428 0.16666666666666666 1
1580223745 5.760589938 0.6666666666666666 1
1580224304 5.613703982 0.0 0
1580224859 5.764711131 0.16666666666666666 1
1580225423 6.394065603 0.0 0
1580225983 5.696993822 0.16666666666666666 1
1580226570 4.045824512 0.2 1
1580227137 4.056811338 0.25 1
1580227734 4.953017012 0.4 1
1580228315 5.372341985 0.2 1
1580228873 5.855433973 0.0 0
1580312304 5.803582519 0.5 1
1580312883 5.617319367 0.5 1
1580313439 6.488749268 0.0 0
1580314403 4.821529657 0.4 1
1580314960 5.641754277 0.6 1
1580316782 5.766046217 0.2 1
1580317375 5.753505335 0.6666666666666666 1
1581942440 6.611829443 0.0 0
1581943645 4.53674282 0.4 1
1581944933 5.773247628 0.0 0
1581945912 7.349342796 0.0 0
1581946485 4.563239009 0.4 1
1581947051 5.719768711 0.2 1
1581947973 6.535548866 0.16666666666666666 1
1581949069 5.974747785 0.0 0
1582034029 4.772564152 0.2 1
1582035646 6.025023702 0.0 0
1582036254 5.926426855 0.16666666666666666 1
1582036860 4.636427704 0.6 1
1582037465 4.371344134 0.5 1
1582038056 4.775595132 0.2 1
1582038653 6.288900642 0.14285714285714285 1
1582041551 5.917376361 0.0 0
1582042157 5.932106824 0.16666666666666666 1
1582043748 6.104985744 0.0 0
1582044358 5.620072359 0.2 1
1582637966 5.551696097 0.5 1
1582638526 5.520194604 0.16666666666666666 1
1582639600 5.920619199 0.5 1
1582640778 7.663986608 0.42857142857142855 1
1582641337 6.716251382 0.2857142857142857 2
1582641911 4.655412515 0.0 0
1582642476 6.795209689 0.0 0
1582643051 5.131402522 0.3333333333333333 1
1582643653 5.674014965 0.2 1
1582644209 5.860537797 0.16666666666666666 1
1582898809 5.814635113 0.0 0
1582899380 4.723579714 0.4 1
1582899948 7.111908159 0.0 0
1582900510 5.577459903 0.3333333333333333 1
1582902169 5.599449708 0.2 1
1582902815 5.210959484 0.2 1
1582903411 14.176857862 0.07142857142857142 1
1574710832 5.984554293 0.0 0
