1569854696 4.475804872 0.4 2
1569856307 4.409652228 0.5 2
1571330358 4.313808113 0.2 1
1571766715 4.314794519 0.0 0
1571767499 4.354014136 0.0 0
1572537588 3.673105281 0.25 1
1572538241 3.458795289 0.25 1
1572538901 3.505038896 0.25 1
1572539554 3.756386309 0.6666666666666666 2
1572540201 3.482696937 0.3333333333333333 1
1572541106 3.32985771 0.3333333333333333 1
1572541760 3.432705986 0.3333333333333333 1
1572542409 3.460038387 0.3333333333333333 1
1572543056 3.4938279 0.3333333333333333 1
1572543720 3.454297068 0.25 1
1572871474 3.575885135 0.5 1
1572872125 3.623430392 0.25 1
1572872804 3.573219959 0.6666666666666666 1
1572873455 3.523788229 0.25 1
1572874113 3.587518264 0.6666666666666666 2
1572875177 3.684157016 1.0 2
1572967543 3.622507899 0.3333333333333333 1
1572968201 3.499012108 0.25 1
1572969500 3.636270116 0.25 1
1572970162 3.593513694 0.3333333333333333 1
1572970812 3.475844515 0.3333333333333333 1
1572971474 3.473634611 0.25 1
1572972135 3.55211738 0.25 1
1572972784 3.749379216 0.0 0
1572973500 4.138756131 0.25 1
1572974150 3.627451954 0.6666666666666666 2
1572974807 3.410485349 0.25 1
1573209084 3.530440575 0.25 1
1573209755 3.587797313 0.0 0
1573210415 3.669436417 0.25 1
1573211083 3.536524932 0.25 1
1573211743 3.660465282 0.25 1
1573212390 3.592753449 0.3333333333333333 1
1573213043 3.572258214 0.25 1
1573213692 4.32741144 0.25 1
1573214365 3.759653533 0.0 0
1573215023 3.612601161 0.3333333333333333 1
1573310534 3.073694434 0.0 0
1573311152 3.320719508 0.25 1
1573311765 3.140061989 0.0 0
1573312471 3.273072117 0.0 0
1573313086 3.19557634 0.3333333333333333 1
1573313711 3.413200188 0.0 0
1573314341 3.180329005 0.0 0
1573314954 3.213197649 0.3333333333333333 1
1574696562 3.150085738 0.25 1
1574697142 3.252010827 0.25 1
1574697734 3.246536048 0.3333333333333333 1
1574698307 3.243666746 0.0 0
1574698894 3.108977766 0.0 0
1574709706 3.330548534 0.0 0
1574710964 3.250097549 0.0 0
1574956314 3.153293393 0.3333333333333333 1
1574956976 3.310879241 0.0 0
1574957577 3.439847349 0.0 0
1574958159 3.298208255 0.0 0
1574958753 3.369723361 0.0 0
1574959341 3.443192347 0.3333333333333333 1
1574959941 3.123253642 0.0 0
1574960519 3.152747478 0.3333333333333333 1
1574961130 3.152791886 0.0 0
1574961765 3.321931022 0.3333333333333333 1
1575033241 3.286686894 0.0 0
1575033809 3.453006312 0.0 0
1575034399 3.341458477 0.0 0
1575034975 3.341222816 0.0 0
1575035536 3.240268588 0.3333333333333333 1
1575036574 3.300330832 0.3333333333333333 1
1575037136 3.235581151 0.3333333333333333 1
1575037695 3.447969358 0.0 0
1575038697 3.397049378 0.0 0
1575039268 3.273975756 0.3333333333333333 1
1575120529 3.307171875 0.3333333333333333 1
1575121094 3.271629568 0.3333333333333333 1
1575122089 3.152702814 0.3333333333333333 1
1575122715 3.236032631 0.3333333333333333 1
1575123273 3.342392356 0.0 0
1575123831 3.095887364 0.0 0
1575124387 3.195500086 0.0 0
1575124954 3.155518252 0.3333333333333333 1
1575125517 3.485001863 0.25 1
1575126084 3.117479046 0.0 0
1575298979 3.115816993 0.0 0
1575299558 3.31682406 0.3333333333333333 1
1575300129 3.163108403 0.3333333333333333 1
1575300747 3.300861531 0.3333333333333333 1
1575301520 3.131346755 0.0 0
1575302128 3.135314605 0.0 0
1575390316 3.09113073 0.0 0
1575390886 3.194440493 0.0 0
1575391449 3.116226011 0.25 1
1575392015 3.339722617 0.3333333333333333 1
1575392825 3.361337188 0.25 1
1575393461 3.329129631 0.0 0
1575394020 3.031672115 0.0 0
1575394586 3.354708372 0.5 1
1575395150 3.448945263 0.0 0
1575395714 3.016662847 0.0 0
1575562561 3.064671326 0.0 0
1575563245 3.358712423 0.0 0
1575563894 3.131130677 0.0 0
1575564491 3.367650829 0.0 0
1575565074 3.173705823 0.3333333333333333 1
1575565638 3.28094789 0.0 0
1575566212 3.204882002 0.0 0
1575566794 3.218741298 0.0 0
1575568139 3.15542034 0.3333333333333333 1
1575568724 3.083185947 0.0 0
1579191168 3.403128978 0.3333333333333333 1
1579191781 3.235913798 0.0 0
1579192348 3.115890774 0.6666666666666666 1
1579192933 3.17592426 0.3333333333333333 1
1579193518 3.253205739 0.0 0
1579194083 3.357905357 0.3333333333333333 1
1579194650 3.415182896 0.25 1
1579195215 3.531820318 0.3333333333333333 1
1579195806 3.062505931 0.0 0
1579196368 3.151529424 0.3333333333333333 1
1579359574 3.289505227 1.0 2
1579360151 3.463923931 0.6666666666666666 2
1579360711 3.253510853 0.6666666666666666 2
1579361268 3.159593488 0.3333333333333333 1
1579361823 3.131200136 0.3333333333333333 1
1579362377 3.115242444 0.6666666666666666 2
1579362934 3.250713603 0.3333333333333333 1
1579363500 3.460585582 0.3333333333333333 1
1579364067 3.120420441 0.6666666666666666 2
1579364626 3.29788217 0.25 1
1579530618 3.342577579 0.0 0
1579531191 3.367268879 0.3333333333333333 1
1579532231 3.592054165 0.0 0
1579532939 3.19330473 0.0 0
1579533600 3.225690296 0.0 0
1579534201 3.165396042 0.3333333333333333 1
1579534887 3.058887901 0.0 0
1579535502 3.304311663 0.0 0
1579536575 3.333271339 0.3333333333333333 1
1579537150 3.238460247 0.0 0
1580223877 3.379020895 0.0 0
1580224436 3.222009694 0.3333333333333333 1
1580224992 3.14103144 0.3333333333333333 1
1580225556 3.235027029 0.0 0
1580226115 3.183646841 0.6666666666666666 1
1580226701 3.364403187 0.3333333333333333 1
1580227267 3.328148164 0.0 0
1580227866 3.158804303 0.0 0
1580228447 3.399913838 0.6666666666666666 1
1580229006 3.221648248 0.25 1
1580312434 3.062367861 0.3333333333333333 1
1580313014 3.121006961 0.3333333333333333 1
1580313894 3.289199734 0.25 1
1580314533 3.639155199 0.0 0
1580315090 3.182527846 0.25 1
1580315651 3.321616677 0.25 1
1580316213 3.327535969 0.3333333333333333 1
1580316917 4.611256325 0.0 0
1580317508 3.275109589 0.0 0
1581942574 3.026818242 0.0 0
1581944152 2.948772597 0.0 0
1581945098 3.351143492 0.0 0
1581946048 2.92241369 0.0 0
1581946616 3.495049953 0.3333333333333333 1
1581948104 3.272031319 0.6666666666666666 2
1581949208 3.765945026 0.5 2
1582034910 3.456442596 0.25 1
1582035788 3.616929393 0.3333333333333333 1
1582036395 3.547209501 0.0 0
1582037002 3.834995999 0.25 1
1582037605 3.246243737 0.3333333333333333 1
1582038197 3.68488343 0.3333333333333333 1
1582038790 3.475206962 0.3333333333333333 1
1582041697 3.889229662 0.5 2
1582042452 3.354132046 0.3333333333333333 1
1582043899 3.993952885 0.25 1
1582044494 3.081784688 0.3333333333333333 1
1582638097 3.378647699 0.0 0
1582638659 3.105241416 0.3333333333333333 1
1582640094 3.214477755 0.25 1
1582640913 3.409665034 0.0 0
1582641470 3.543795957 0.0 0
1582642043 3.457098109 0.25 1
1582642610 3.500486677 0.0 0
1582643185 3.200042207 0.3333333333333333 1
1582643783 3.308235151 0.6666666666666666 2
1582644341 3.255708805 0.0 0
1582898951 3.488053559 0.0 0
1582899514 3.286448146 0.25 1
1582900082 3.245277588 0.3333333333333333 1
1582900642 3.027889416 0.3333333333333333 1
1582902386 3.232058513 0.0 0
1582902946 3.281396873 0.3333333333333333 1
1582903551 3.027910573 0.0 0
1574710964 3.250097549 0.0 0
