1569854496 3.360516766 0.0 0
1569855922 3.715919559 0.3333333333333333 1
1571330193 3.457731427 0.0 0
1571766549 3.496994329 0.0 0
1571767331 3.502809582 0.0 0
1572537448 2.737030035 0.0 0
1572538104 2.819249515 0.0 0
1572538764 2.7205553 0.0 0
1572539417 2.827521969 0.0 0
1572540064 2.81175032 0.0 0
1572540969 2.775099922 0.0 0
1572541623 2.735344965 0.0 0
1572542272 2.728579025 0.0 0
1572542919 2.789260068 0.0 0
1572543584 2.739670052 0.0 0
1572871338 2.688260955 0.0 0
1572871988 2.82205065 0.0 0
1572872665 2.765841335 0.0 0
1572873318 2.778246089 0.0 0
1572873972 2.890889168 0.0 0
1572875033 2.810232638 0.6666666666666666 1
1572875895 2.800270874 0.5 1
1572877120 2.845179634 0.0 0
1572877769 2.857563925 0.3333333333333333 1
1572878998 2.903205762 0.6666666666666666 1
1572967405 2.737891773 0.3333333333333333 1
1572968061 2.700215281 0.0 0
1572969364 2.772449736 0.0 0
1572970024 2.739375618 0.0 0
1572970675 2.800966032 0.0 0
1572971327 2.780245896 0.0 0
1572971990 2.816937844 0.0 0
1572972648 2.798490255 0.0 0
1572973364 2.776317373 0.0 0
1572974013 2.671220842 0.0 0
1572974665 2.866212438 0.0 0
1573208948 2.687426717 0.0 0
1573209603 2.736490445 0.0 0
1573210278 2.710521473 0.0 0
1573210946 2.689386752 0.0 0
1573211605 2.73541591 0.0 0
1573212253 2.894300948 0.0 0
1573212903 3.043759554 0.0 0
1573213555 2.707833758 0.0 0
1573214227 2.71153857 0.0 0
1573214882 2.765851513 0.0 0
1573310402 2.865221986 0.0 0
1573311024 2.563307023 0.0 0
1573311638 2.812748784 0.0 0
1573312342 2.47675382 0.0 0
1573312952 2.695374651 0.0 0
1573313580 2.380147637 0.0 0
1573314213 2.60098612 0.0 0
1573314826 2.501855789 0.0 0
1574696436 2.54271347 0.0 0
1574697017 2.392641008 0.0 0
1574697607 2.601881105 0.0 0
1574698181 2.339669223 0.0 0
1574698766 2.688661336 0.0 0
1574709551 2.514980667 0.0 0
1574710838 2.564046023 0.0 0
1574956189 2.536235306 0.0 0
1574956850 2.659935948 0.0 0
1574957452 2.694453601 0.0 0
1574958030 2.605046426 0.0 0
1574958623 2.632279271 0.0 0
1574959212 2.548591505 0.0 0
1574959815 2.77717133 0.0 0
1574960393 2.501164484 0.0 0
1574961004 2.524557682 0.0 0
1574961640 2.679194175 0.0 0
1575033114 2.320226523 0.0 0
1575033682 2.543713563 0.0 0
1575034273 2.813843187 0.0 0
1575034839 2.591272449 0.0 0
1575035410 2.494204562 0.0 0
1575036434 2.572058245 0.0 0
1575037011 2.586956321 0.0 0
1575037569 2.616045107 0.0 0
1575038571 2.35915786 0.0 0
1575039140 2.651544762 0.0 0
1575120404 2.736994612 0.0 0
1575120967 2.468160798 0.0 0
1575121527 2.525684971 0.0 0
1575122590 2.423194063 0.0 0
1575123147 2.554601557 0.0 0
1575123706 2.543340863 0.0 0
1575124263 2.599031072 0.0 0
1575124830 2.486866006 0.0 0
1575125388 2.542164854 0.0 0
1575125956 2.748943895 0.0 0
1575297704 4.180180075 0.0 0
1575298282 2.527458072 0.0 0
1575298851 2.563192723 0.0 0
1575299429 2.507056914 0.0 0
1575300001 2.776621169 0.0 0
1575300621 2.343167959 0.0 0
1575301191 2.570567084 0.0 0
1575302002 2.691501944 0.0 0
1575390190 2.476295441 0.0 0
1575390757 2.655063882 0.0 0
1575391324 2.534861606 0.0 0
1575391889 2.697147612 0.0 0
1575392698 2.572528135 0.0 0
1575393335 2.351622811 0.0 0
1575393894 2.592667342 0.0 0
1575394461 2.548369058 0.0 0
1575395024 2.612647088 0.0 0
1575395587 2.426811507 0.0 0
1575562422 2.630983142 0.0 0
1575563120 2.624537361 0.0 0
1575563768 2.605298399 0.0 0
1575564364 2.522301775 0.0 0
1575564947 2.726233512 0.0 0
1575565513 2.471351695 0.0 0
1575566082 2.475829492 0.0 0
1575566668 2.69066618 0.0 0
1575567988 2.692988399 0.0 0
1575568593 2.810326664 0.0 0
1579191041 3.286202859 0.0 0
1579191655 2.596083589 0.0 0
1579192219 2.473668829 0.0 0
1579192800 2.454127998 0.0 0
1579193363 2.568730282 0.0 0
1579193955 2.511498355 0.0 0
1579194523 2.774266054 0.0 0
1579195089 2.549745842 0.0 0
1579195680 2.520513493 0.0 0
1579196242 2.553378555 0.0 0
1579359448 2.503313758 0.0 0
1579360025 2.59995653 0.0 0
1579360585 2.565770821 0.0 0
1579361142 2.494199499 0.0 0
1579361697 2.352469678 0.0 0
1579362252 2.527541889 0.0 0
1579362807 2.524860401 0.0 0
1579363374 2.683537717 0.0 0
1579363941 2.567728252 0.0 0
1579364500 2.557484766 0.0 0
1579530418 2.630303815 0.0 0
1579531064 2.525229861 0.0 0
1579532105 2.676058793 0.0 0
1579532806 2.572895591 0.0 0
1579533475 2.379548246 0.0 0
1579534076 2.521921518 0.0 0
1579534761 2.570302282 0.0 0
1579535373 2.674996698 0.0 0
1579535968 2.635173869 0.0 0
1579537025 2.481268744 0.0 0
1580223751 2.703382682 0.0 0
1580224309 2.675648991 0.0 0
1580224865 2.491174509 0.0 0
1580225430 2.564886623 0.0 0
1580225989 2.597905727 0.0 0
1580226574 2.598136734 0.0 0
1580227141 2.6754356 0.0 0
1580227739 2.553796586 0.0 0
1580228320 2.729275868 0.0 0
1580228879 2.672504955 0.0 0
1580312310 2.554071149 0.0 0
1580312889 2.426120581 0.0 0
1580313445 2.487844218 0.0 0
1580314408 2.471256475 0.0 0
1580314965 2.774739237 0.0 0
1580315524 2.523909226 0.0 0
1580316086 2.536583241 0.0 0
1580316787 2.457306504 0.0 0
1580317381 2.690409778 0.0 0
1581942446 2.527841607 0.3333333333333333 1
1581943649 2.429849297 0.0 0
1581944939 2.463403745 0.0 0
1581945919 2.456252661 0.0 0
1581946490 2.572613605 0.0 0
1581947057 2.515131974 0.0 0
1581947979 2.515998706 0.0 0
1581949075 2.712552353 0.6666666666666666 1
1582034034 2.472624384 0.0 0
1582035652 2.827018409 0.0 0
1582036260 2.693159135 0.0 0
1582036865 2.927974217 0.0 0
1582037469 2.842519562 0.0 0
1582038061 2.820243558 0.0 0
1582038660 2.679951048 0.0 0
1582041556 2.899101977 0.0 0
1582042163 2.530459851 0.0 0
1582043754 2.911406189 0.0 0
1582044363 2.622249783 0.0 0
1582637972 2.613592896 0.0 0
1582638532 2.56721182 0.0 0
1582639606 2.566584429 0.0 0
1582640785 2.705903131 0.0 0
1582641344 2.336950809 0.0 0
1582641916 2.677486065 0.0 0
1582642483 2.338927314 0.0 0
1582643057 2.480492238 0.0 0
1582643658 2.479507373 0.0 0
1582644214 2.638179427 0.0 0
1582898815 2.483592172 0.0 0
1582899385 2.519956774 0.0 0
1582899955 2.511587224 0.5 1
1582900516 2.5211113 0.0 0
1582902174 2.460514438 0.0 0
1582902820 2.504815343 0.0 0
1582903425 2.550823415 0.0 0
1574710838 2.564046023 0.0 0
