1569854674 5.449611414 -1 -1
1569856265 7.003823658 -1 -1
1571330336 5.507377617 -1 -1
1571766692 5.67138459 -1 -1
1571767476 5.717196247 -1 -1
1572537568 4.607750911 -1 -1
1572538221 4.560321472 -1 -1
1572538881 4.43510848 -1 -1
1572539534 4.4761483 -1 -1
1572540182 4.400871551 -1 -1
1572541087 4.452062884 -1 -1
1572541740 4.609635189 -1 -1
1572542389 4.598221969 -1 -1
1572543036 4.391690703 -1 -1
1572543701 4.53521324 -1 -1
1572871455 4.484139305 -1 -1
1572872106 4.613383322 -1 -1
1572872784 4.48866762 -1 -1
1572873436 4.602781756 -1 -1
1572874094 4.599556532 -1 -1
1572875158 4.497650365 -1 -1
1572876011 4.522209898 -1 -1
1572877237 4.433731548 -1 -1
1572877892 4.573209227 -1 -1
1572879133 4.497823916 -1 -1
1572967523 4.479128572 -1 -1
1572968180 4.44793855 -1 -1
1572969481 4.539709524 -1 -1
1572970142 4.42863447 -1 -1
1572970792 4.515106166 -1 -1
1572971453 4.607818825 -1 -1
1572972116 4.46528285 -1 -1
1572972765 4.566487719 -1 -1
1572973481 4.666287745 -1 -1
1572974130 4.536126185 -1 -1
1572974782 4.618996483 -1 -1
1573209065 4.531449045 -1 -1
1573209720 4.600425335 -1 -1
1573210396 4.473712051 -1 -1
1573211064 4.526300828 -1 -1
1573211722 4.706995451 -1 -1
1573212371 4.475811426 -1 -1
1573213024 4.583753401 -1 -1
1573213672 4.523938246 -1 -1
1573214344 4.548971237 -1 -1
1573215003 4.529527853 -1 -1
1573310516 4.301005745 -1 -1
1573311133 4.694566749 -1 -1
1573311747 4.012395809 -1 -1
1573312453 4.514089256 -1 -1
1573313067 4.416017784 -1 -1
1573313693 4.21633782 -1 -1
1573314322 4.355929736 -1 -1
1573314936 3.980623482 -1 -1
1574697716 4.093465958 -1 -1
1574698877 4.204243162 -1 -1
1574709688 4.10183586 -1 -1
1574956296 4.096063212 -1 -1
1574956959 3.984024581 -1 -1
1574958735 4.389329345 -1 -1
1574961111 4.028100379 -1 -1
1574961747 4.269192451 -1 -1
1575033791 4.108914781 -1 -1
1575034381 4.410860724 -1 -1
1575034955 4.060802652 -1 -1
1575036556 3.976690492 -1 -1
1575037118 3.967622699 -1 -1
1575037677 4.074924332 -1 -1
1575038679 3.998357291 -1 -1
1575120511 3.973600072 -1 -1
1575122071 4.048483739 -1 -1
1575122697 4.059471843 -1 -1
1575124369 4.236519599 -1 -1
1575126065 4.233925025 -1 -1
1575297816 4.071516417 -1 -1
1575299540 4.054918692 -1 -1
1575300112 4.051506701 -1 -1
1575390868 3.971869522 -1 -1
1575391431 4.024753074 -1 -1
1575391997 4.061301707 -1 -1
1575392806 4.143589835 -1 -1
1575394002 3.965795416 -1 -1
1575395133 3.962825039 -1 -1
1575395696 4.15207932 -1 -1
1575563227 4.180632368 -1 -1
1575563877 4.143791342 -1 -1
1575565055 4.251646663 -1 -1
1575566195 4.052027611 -1 -1
1575568706 3.978098791 -1 -1
1579191150 3.964001484 -1 -1
1579191763 4.048308368 -1 -1
1579192329 4.125215216 -1 -1
1579192908 5.428400126 -1 -1
1579193476 27.882677836 -1 -1
1579194065 4.023296414 -1 -1
1579194633 4.061650865 -1 -1
1579195197 4.11898042 -1 -1
1579359556 4.208849494 -1 -1
1579361249 4.122942725 -1 -1
1579362359 4.104041506 -1 -1
1579364049 4.216692079 -1 -1
1579530600 3.998783271 -1 -1
1579531173 3.983945913 -1 -1
1579532213 3.976007292 -1 -1
1579533582 4.022271739 -1 -1
1579534183 4.055902508 -1 -1
1579536557 4.089388651 -1 -1
1579537132 4.061702518 -1 -1
1580223859 4.268325888 -1 -1
1580224418 4.226295079 -1 -1
1580225538 4.273348583 -1 -1
1580226097 3.979764846 -1 -1
1580227250 3.922196004 -1 -1
1580228429 4.005621789 -1 -1
1580312997 4.093952921 -1 -1
1580313876 4.077192332 -1 -1
1580315073 4.203595427 -1 -1
1580316195 4.111989776 -1 -1
1580316899 4.183739874 -1 -1
1580317490 4.072914407 -1 -1
1581942555 3.98373223 -1 -1
1581944133 4.319031613 -1 -1
1581945078 3.971111322 -1 -1
1581946029 3.976775839 -1 -1
1581946598 4.131837777 -1 -1
1581947168 3.983394153 -1 -1
1581948087 3.793153788 -1 -1
1581949189 4.684207896 -1 -1
1582034890 4.653781091 -1 -1
1582035770 4.407078836 -1 -1
1582036376 4.508823939 -1 -1
1582036982 4.765011401 -1 -1
1582037587 4.396135237 -1 -1
1582038179 4.363253149 -1 -1
1582041677 4.655701113 -1 -1
1582043876 4.06000236 -1 -1
1582044475 4.523816153 -1 -1
1582638079 4.065711624 -1 -1
1582638642 3.911481607 -1 -1
1582640073 4.033060607 -1 -1
1582640894 3.936719678 -1 -1
1582641451 3.976714161 -1 -1
1582642026 3.927661709 -1 -1
1582642593 3.884456975 -1 -1
1582643166 4.402290694 -1 -1
1582643765 4.052318243 -1 -1
1582644323 4.196807975 -1 -1
1582898933 4.087992605 -1 -1
1582899496 4.0523995 -1 -1
1582900064 4.097792187 -1 -1
1582900623 4.036312042 -1 -1
1582902368 4.015737692 -1 -1
1582902928 4.005942039 -1 -1
1582903533 4.057347926 -1 -1
