1569854507 5.539675927 0.16666666666666666 1
1569855932 5.234604127 0.0 0
1571330204 5.580276206 0.0 0
1571766560 5.718663453 0.0 0
1571767342 5.548951504 0.0 0
1572537457 4.433767233 0.0 0
1572538113 4.615139843 0.0 0
1572538773 4.578138665 0.0 0
1572539426 4.396040231 0.0 0
1572540073 4.515580494 0.0 0
1572540978 4.616107656 0.0 0
1572541632 4.464775642 0.0 0
1572542281 4.433127001 0.0 0
1572542928 4.515656585 0.0 0
1572543593 4.307028454 0.0 0
1572871347 4.525646264 0.0 0
1572871997 4.604576008 0.0 0
1572872674 4.516834627 0.25 1
1572873327 4.477929376 0.2 1
1572873981 4.483828646 0.0 0
1572875042 4.612568864 0.0 0
1572875903 4.384904725 0.2 1
1572877129 4.437370824 0.0 0
1572877778 4.560705878 0.0 0
1572879009 4.472640736 0.0 0
1572967414 4.40314381 0.0 0
1572968070 4.501116966 0.0 0
1572969373 4.452726262 0.0 0
1572970033 4.479174132 0.0 0
1572970684 3.439331146 0.0 0
1572971335 4.437486262 0.0 0
1572971999 4.436859831 0.0 0
1572972656 4.673595501 0.0 0
1572973374 3.294273128 0.0 0
1572974022 4.475657896 0.0 0
1572974674 4.480569968 0.0 0
1573208957 4.562470299 0.0 0
1573209612 4.565453251 0.4 2
1573210286 4.533646914 0.4 2
1573210955 4.652357577 0.0 0
1573211614 4.32257195 0.0 0
1573212262 4.52499396 0.0 0
1573212913 4.458013122 0.5 1
1573213564 4.427497334 0.0 0
1573214236 4.448864224 0.0 0
1573214891 4.688407142 0.2 1
1573310411 4.151548359 0.25 1
1573311032 4.145910178 0.0 0
1573311647 4.261985136 0.0 0
1573312351 4.503434875 0.5 2
1573312961 4.184626323 0.0 0
1573313589 4.134486374 0.0 0
1573314221 4.319241319 0.4 2
1573314834 4.213292477 0.0 0
1574696444 3.83766262 0.0 0
1574697025 3.98980044 0.0 0
1574697615 4.187810096 0.25 1
1574698189 3.87420684 0.0 0
1574698774 4.074979153 0.0 0
1574709559 4.255698451 0.0 0
1574710846 4.398980683 0.0 0
1574956197 4.413744734 0.25 1
1574956858 4.048086009 0.5 1
1574957460 4.232154709 0.25 1
1574958038 4.293458054 0.4 2
1574958631 4.289047924 0.0 0
1574959220 4.209662953 0.25 1
1574959823 4.003270027 0.5 1
1574960402 4.183338567 0.0 0
1574961012 4.190575614 0.25 1
1574961648 4.011969724 0.25 1
1575033122 4.097354282 0.0 0
1575033691 4.181797917 1.25 2
1575034281 4.016951158 0.75 2
1575034847 4.04248936 0.25 1
1575035418 4.188157565 0.0 0
1575036443 2.956008978 0.25 1
1575037019 3.85152421 0.75 2
1575037578 4.097295977 1.4 4
1575038579 4.057323966 0.0 0
1575039148 4.171423205 0.2 1
1575120412 4.048433825 0.25 1
1575120975 4.06470734 0.0 0
1575121535 4.031690598 0.0 0
1575122598 4.311593015 0.25 1
1575123155 4.076744119 0.0 0
1575123714 4.211779344 0.5 2
1575124271 3.972526215 0.25 1
1575124838 4.137283056 0.0 0
1575125396 4.101482459 0.25 1
1575125965 4.075270998 0.25 1
1575297715 3.082111064 0.0 0
1575298290 4.100318856 0.25 1
1575298859 3.93745268 0.0 0
1575299437 4.427902456 0.0 0
1575300009 4.130801301 0.0 0
1575300628 4.005970895 0.0 0
1575301199 4.020033541 0.25 1
1575302010 4.138803516 0.25 1
1575390199 3.072421488 0.5 1
1575390765 4.34054547 0.0 0
1575391332 4.203510475 0.4 2
1575391897 4.348333047 0.0 0
1575392706 4.009217372 0.25 1
1575393343 3.998471694 0.25 1
1575393902 4.01258998 0.5 2
1575394469 4.169585413 0.0 0
1575395032 4.397747749 0.0 0
1575395595 4.235419396 0.25 1
1575562430 4.099986887 0.25 1
1575563128 4.267553416 0.25 1
1575563776 4.148705014 0.4 2
1575564372 4.264060719 0.25 1
1575564955 4.13636061 0.2 1
1575565521 4.055658604 0.0 0
1575566090 4.067420483 0.25 1
1575566676 4.147842471 0.25 1
1575567996 4.233338243 0.25 1
1575568602 4.599950299 0.5 1
1579191050 4.31575391 0.0 0
1579191663 4.030999053 0.5 1
1579192227 4.262677825 0.0 0
1579192809 4.100227544 0.0 0
1579193372 8.023370661 0.125 1
1579193964 4.086875696 0.0 0
1579194531 5.196272539 0.0 0
1579195097 4.180574972 0.0 0
1579195688 3.894748099 0.0 0
1579196250 3.933296136 0.0 0
1579359456 4.249229662 0.5 2
1579360033 4.016871181 0.0 0
1579360594 4.199889854 0.0 0
1579361150 3.981712083 0.0 0
1579361705 4.11051878 0.0 0
1579362260 4.139855385 0.0 0
1579362816 3.904691429 0.0 0
1579363382 4.044470094 0.0 0
1579363949 4.228192111 0.25 1
1579364508 4.219782024 0.25 1
1579530427 4.356975908 0.25 1
1579531073 4.234058155 0.0 0
1579532114 4.09638456 0.0 0
1579532814 7.861662076 0.25 2
1579533483 4.018175683 0.25 1
1579534084 4.242956629 0.25 1
1579534769 4.106912176 0.6 3
1579535381 4.153512516 0.5 2
1579535976 4.307558861 0.5 1
1579537033 3.986314387 0.25 1
1580223759 4.148240967 0.5 2
1580224317 4.131461993 0.0 0
1580224873 4.279650183 0.0 0
1580225438 4.009476162 0.25 1
1580225997 4.115769905 0.0 0
1580226582 4.186520157 0.0 0
1580227149 4.140750035 0.0 0
1580227747 4.388320438 0.6 3
1580228329 4.100405201 0.2 1
1580228887 4.128821438 0.0 0
1580312318 4.1357186 0.0 0
1580312897 4.103544272 0.0 0
1580313453 4.015647751 0.0 0
1580314416 3.966523359 0.25 1
1580314974 4.075489816 0.0 0
1580315532 4.110509028 0.0 0
1580316094 4.102506154 0.5 1
1580316795 4.26976876 0.2 1
1580317389 4.099230856 0.0 0
1581942454 4.303389697 0.0 0
1581943657 4.286356162 0.0 0
1581944947 4.056655481 0.25 1
1581945927 4.194520187 0.25 1
1581946498 4.09784329 0.0 0
1581947065 4.104828052 0.0 0
1581947987 4.056485954 0.0 0
1581949085 4.440381031 0.4 1
1582034042 4.303830291 0.0 0
1582035661 4.491479798 0.0 0
1582036269 4.292465687 0.5 1
1582036874 4.499558142 0.2 1
1582037479 4.545060994 0.0 0
1582038069 4.681839946 0.2 1
1582038668 4.220639289 0.0 0
1582041566 4.763364216 0.0 0
1582042171 4.491772756 0.75 2
1582043763 4.552795681 0.25 1
1582044371 4.097566918 0.5 1
1582637980 4.103338711 0.0 0
1582638540 4.30723186 0.0 0
1582639614 4.136195316 0.25 1
1582640794 4.178140098 1.0 2
1582641352 3.714719699 0.0 0
1582641924 4.144233876 0.25 1
1582642491 4.101544152 0.0 0
1582643065 4.016825752 0.0 0
1582643666 4.128220405 0.0 0
1582644223 4.252592493 0.75 2
1582898823 4.016900375 0.0 0
1582899394 4.144154072 0.0 0
1582899963 4.180910069 0.25 1
1582900523 4.407672098 0.4 2
1582902182 3.980302249 0.5 2
1582902829 4.052586049 0.0 0
1582903433 4.311620325 0.25 1
1574710846 4.398980683 0.0 0
