1569854679 4.74254452 0.6 3
1569856286 9.180154976 0.3 3
1571330341 4.613554736 0.6 2
1571766698 4.515082044 0.8 2
1571767481 4.60935586 0.8 3
1572537572 3.77792622 0.25 1
1572538226 3.620378 0.3333333333333333 1
1572538886 3.679934756 0.3333333333333333 1
1572539539 3.717973345 0.75 2
1572540186 3.723512708 0.5 2
1572541091 3.705821317 0.5 2
1572541745 3.685580168 0.75 2
1572542393 3.625744269 0.5 2
1572543041 3.631474319 0.3333333333333333 1
1572543705 3.704882199 0.25 1
1572871460 3.67972811 0.6666666666666666 1
1572872111 3.631991916 0.3333333333333333 1
1572872789 3.676222755 0.3333333333333333 1
1572873440 3.688022554 0.75 3
1572874098 3.603918304 0.75 3
1572875162 3.657466397 0.25 1
1572876016 3.723787887 0.75 2
1572877242 3.646088693 0.3333333333333333 1
1572877896 3.586399076 0.5 2
1572879137 3.634154314 0.5 2
1572967527 3.658383154 0.25 1
1572968185 3.75179296 0.3333333333333333 1
1572969485 3.682943188 0.5 2
1572970147 3.66256115 0.75 2
1572970797 3.743856219 0.5 2
1572971458 3.73883829 0.3333333333333333 1
1572972120 3.683060045 0.75 3
1572972769 3.592595129 0.25 1
1572973485 3.708266872 0.5 2
1572974135 3.669508959 0.75 2
1572974787 3.598062692 0.3333333333333333 1
1573209070 3.633508006 0.25 1
1573209725 3.651685182 0.5 2
1573210400 3.712973277 0.5 2
1573211068 3.554242282 0.75 3
1573211727 3.604629995 0.3333333333333333 1
1573212375 3.675185223 0.5 2
1573213028 3.733092567 0.75 3
1573213677 3.579757813 0.3333333333333333 1
1573214349 3.594945855 0.75 2
1573215008 3.59823655 0.3333333333333333 1
1573310521 3.203593599 1.0 3
1573311138 3.532227766 0.3333333333333333 1
1573311751 3.291176164 1.0 3
1573312457 3.151032816 0.3333333333333333 1
1573313071 3.331283785 0.3333333333333333 1
1573313697 3.265013457 0.5 2
1573314326 3.249854846 0.5 2
1573314940 3.507069386 0.75 3
1574696548 2.968835027 0.25 1
1574697129 3.190749563 0.75 3
1574697720 3.054930286 0.3333333333333333 1
1574698292 3.08763012 0.25 1
1574698881 3.112050976 1.0 3
1574709692 3.036230495 1.0 3
1574710951 3.049127731 0.0 0
1574956300 3.091913829 0.3333333333333333 1
1574956963 3.197114578 0.6666666666666666 2
1574957563 3.023903637 0.0 0
1574958146 3.186075056 0.5 2
1574958739 2.849701461 1.0 3
1574959327 3.104683001 0.5 1
1574959928 3.196172118 0.5 2
1574960505 2.989574216 0.0 0
1574961115 3.09728212 0.0 0
1574961751 3.317228461 0.3333333333333333 1
1575033227 3.103678534 1.0 2
1575033795 3.106748973 0.0 0
1575034386 2.948031234 0.6666666666666666 2
1575034959 3.145468388 0.3333333333333333 1
1575036560 3.083021496 0.0 0
1575037122 3.042414104 0.0 0
1575037681 3.115664516 0.0 0
1575038683 3.12164078 0.0 0
1575039254 2.995176257 0.25 1
1575120515 3.184653782 0.25 1
1575121080 3.215498851 0.4 2
1575122075 3.245842432 0.3333333333333333 1
1575122701 3.111159631 0.0 0
1575123259 3.184366427 0.75 3
1575123818 3.126422199 0.75 3
1575124374 3.32779251 0.3333333333333333 1
1575124941 3.26931852 0.75 3
1575125503 3.099605225 0.0 0
1575126069 3.150128725 0.75 3
1575297820 3.074087392 0.3333333333333333 1
1575298395 3.103141994 0.5 2
1575298964 3.10788554 0.0 0
1575299544 3.159148788 0.0 0
1575300116 3.093764125 1.0 3
1575300734 3.146961453 0.75 3
1575301505 3.030796446 0.25 1
1575390302 3.067198148 0.0 0
1575390872 3.253509428 0.3333333333333333 1
1575391435 3.084265001 0.6666666666666666 1
1575392001 3.24714083 0.3333333333333333 1
1575392810 3.05970536 0.3333333333333333 1
1575393448 3.076123334 0.5 2
1575394006 3.247248135 1.0 2
1575394573 3.130628074 0.75 3
1575395136 3.125413136 0.5 2
1575395700 3.027154572 0.3333333333333333 1
1575562546 3.126139423 0.4 2
1575563232 2.974947505 0.6666666666666666 2
1575563881 2.98879497 0.6666666666666666 2
1575564478 3.160033722 0.25 1
1575565060 3.030906918 0.6666666666666666 2
1575565625 3.140590569 0.5 2
1575566199 3.071141906 0.0 0
1575566780 2.996195259 0.0 0
1575568125 3.037608074 0.0 0
1575568710 3.118590607 0.3333333333333333 1
1579191154 3.154009538 0.0 0
1579191767 3.111965362 1.0 3
1579192334 3.152813081 1.0 3
1579192914 7.882089983 0.0 0
1579193504 3.454046086 0.6666666666666666 2
1579194069 3.217117852 1.0 3
1579194637 3.17911381 0.3333333333333333 1
1579195201 3.128876886 0.3333333333333333 1
1579195792 3.16415609 0.75 3
1579196355 3.166597558 0.75 3
1579359560 3.071869409 0.3333333333333333 1
1579360137 3.081168438 0.25 1
1579360698 3.122566716 0.75 3
1579361253 3.16097923 0.3333333333333333 1
1579361809 3.123959492 0.5 2
1579362363 2.933879646 1.0 3
1579362920 3.285549623 0.25 1
1579363486 3.07168073 0.25 1
1579364053 2.966236147 0.6666666666666666 2
1579364613 3.110742519 0.25 1
1579530604 3.182472457 0.3333333333333333 1
1579531177 3.132403413 0.0 0
1579532217 3.115999334 0.0 0
1579532925 3.202498748 0.4 2
1579533586 3.039489373 0.6666666666666666 1
1579534187 3.118540118 0.0 0
1579534873 3.08422345 0.0 0
1579535489 3.283063283 0.75 3
1579536561 3.149600587 0.0 0
1579537137 3.123178801 0.6666666666666666 2
1580223864 3.01941591 0.6666666666666666 2
1580224422 3.159782462 0.6666666666666666 2
1580224979 3.116569509 0.75 3
1580225543 3.124204317 1.0 3
1580226101 3.158276467 0.0 0
1580227254 3.01349877 0.3333333333333333 1
1580227852 3.103017361 0.5 2
1580228433 3.15264502 1.0 3
1580228993 3.14642934 0.75 3
1580312421 2.976453829 0.0 0
1580313001 2.988281237 1.3333333333333333 4
1580313880 3.102853544 0.3333333333333333 1
1580314519 3.163116128 0.25 1
1580315077 2.95094791 0.6666666666666666 2
1580315637 3.19097232 0.6 3
1580316199 3.069974924 0.3333333333333333 1
1580316903 3.174259832 0.6666666666666666 2
1580317494 3.070646347 0.3333333333333333 1
1581942559 3.14403265 0.5 2
1581944137 3.118816081 0.5 2
1581945082 3.199898295 0.75 3
1581946033 3.079915601 0.6666666666666666 1
1581946602 3.268546108 1.0 3
1581947172 3.150368423 0.3333333333333333 1
1581948091 3.160252431 0.75 3
1581949194 3.131416006 0.3333333333333333 1
1582034895 3.789456956 0.5 2
1582035775 2.971814579 0.6666666666666666 2
1582036380 3.187311217 0.75 3
1582036987 3.922565951 0.6666666666666666 1
1582037591 3.18057011 0.3333333333333333 1
1582038183 3.204694346 0.3333333333333333 1
1582041682 3.882505175 0.75 3
1582042438 3.429515198 0.25 1
1582043880 3.780444142 0.75 3
1582044480 3.241223653 0.3333333333333333 1
1582638083 3.250515791 0.3333333333333333 1
1582638646 3.31915617 1.0 3
1582640077 3.184226255 0.0 0
1582640898 3.191968747 0.6666666666666666 1
1582641455 3.188986047 0.6666666666666666 1
1582642030 3.243750308 1.0 3
1582642597 3.080318841 0.3333333333333333 1
1582643171 3.381493899 0.3333333333333333 1
1582643769 3.256521986 0.0 0
1582644327 3.109484768 0.6666666666666666 1
1582898937 3.283608324 0.0 0
1582899500 3.279031262 1.0 3
1582900068 3.074157188 0.0 0
1582900627 3.107460959 0.3333333333333333 1
1582902372 3.263286389 0.3333333333333333 1
1582902932 3.203503615 0.0 0
1582903537 3.145500949 0.3333333333333333 1
1574710951 3.049127731 0.0 0
