1569854679 4.74254452 0.6 3
1569856284 11.444650299 0.25 3
1571330341 4.613554736 0.6 2
1571766698 4.426576235 0.8 2
1571767482 4.433455133 1.0 3
1572537572 3.736762891 0.25 1
1572538226 3.620378 0.3333333333333333 1
1572538886 3.679934756 0.3333333333333333 1
1572539539 3.717973345 0.75 2
1572540186 3.647613235 0.5 2
1572541091 3.632115716 0.5 2
1572541745 3.636708766 0.75 2
1572542393 3.625744269 0.5 2
1572543041 3.586775649 0.3333333333333333 1
1572543706 3.61705217 0.25 1
1572871460 3.725398148 0.6666666666666666 1
1572872111 3.715572323 0.3333333333333333 1
1572872789 3.676222755 0.3333333333333333 1
1572873440 3.727892577 0.75 3
1572874098 3.720373164 0.75 3
1572875162 3.657466397 0.25 1
1572876016 3.634942573 0.75 2
1572877242 3.646088693 0.3333333333333333 1
1572877896 3.498678625 0.5 2
1572879137 3.587256517 0.5 2
1572967528 3.57258173 0.3333333333333333 1
1572968185 3.618958232 0.3333333333333333 1
1572969485 3.66787493 0.5 2
1572970147 3.736966976 0.75 2
1572970797 3.666870804 0.5 2
1572971458 3.706093206 0.3333333333333333 1
1572972120 3.683060045 0.75 3
1572972769 3.715459699 0.25 1
1572973485 3.708266872 0.5 2
1572974135 3.669508959 0.75 2
1572974787 3.598062692 0.3333333333333333 1
1573209070 3.633508006 0.25 1
1573209725 3.651685182 0.5 2
1573210400 3.664024558 0.5 2
1573211068 3.631983616 0.75 3
1573211726 3.677520124 0.25 1
1573212375 3.538209397 0.5 2
1573213028 3.733092567 0.75 3
1573213677 3.704281924 0.3333333333333333 1
1573214349 3.667345495 0.75 2
1573215007 3.732507744 0.25 1
1573310521 3.293793681 0.75 3
1573311138 3.621114997 0.3333333333333333 1
1573311750 3.551794818 0.75 3
1573312457 3.328083425 0.3333333333333333 1
1573313071 3.46238966 0.3333333333333333 1
1573313697 3.480001471 0.5 2
1573314326 3.249854846 0.5 2
1573314940 3.412399572 0.75 3
1574696548 3.5137268 0.3333333333333333 1
1574697128 3.518463042 0.75 3
1574697720 3.448159848 0.3333333333333333 1
1574698292 3.381650657 0.3333333333333333 1
1574698880 3.503592136 0.75 3
1574709691 3.509141896 0.75 3
1574710951 3.470684698 0.0 0
1574956300 3.480141518 0.3333333333333333 1
1574956962 3.443585279 0.5 2
1574957563 3.529662893 0.0 0
1574958145 3.435810616 0.5 2
1574958738 3.491108314 0.75 3
1574959327 3.404967923 0.6666666666666666 1
1574959927 3.455493162 0.5 2
1574960505 3.461592393 0.0 0
1574961115 3.396220696 0.0 0
1574961751 3.526694434 0.3333333333333333 1
1575033227 3.398292857 1.3333333333333333 2
1575033795 3.411216697 0.0 0
1575034385 3.419049085 0.5 2
1575034959 3.61864924 0.3333333333333333 1
1575035522 3.533693281 0.5 2
1575036560 3.519953505 0.0 0
1575037122 3.256657394 0.0 0
1575037681 3.445997619 0.0 0
1575038683 3.461415923 0.0 0
1575039254 3.500640312 0.3333333333333333 1
1575120515 3.498383409 0.25 1
1575121080 3.540437395 0.5 2
1575122075 3.503698397 0.3333333333333333 1
1575122701 3.498717327 0.0 0
1575123258 3.52457449 0.75 3
1575123817 3.430892922 0.5 2
1575124374 3.419854311 0.3333333333333333 1
1575124940 3.566434494 0.75 3
1575125503 3.403751581 0.0 0
1575126069 3.536069363 0.75 3
1575297820 3.503304411 0.3333333333333333 1
1575298394 3.44352909 0.5 2
1575298964 3.53546327 0.0 0
1575299544 3.497569682 0.0 0
1575300115 3.377607649 0.75 3
1575300733 3.488159362 0.75 3
1575301505 3.458060723 0.3333333333333333 1
1575302113 3.568096043 0.25 1
1575390302 3.495722195 0.0 0
1575390872 3.636149814 0.3333333333333333 1
1575391435 3.460090703 0.6666666666666666 1
1575392001 3.54495082 0.3333333333333333 1
1575392810 3.404961636 0.0 0
1575393447 3.544505237 0.5 2
1575394005 3.588449309 0.75 2
1575394572 3.511194469 0.75 3
1575395136 3.386719836 0.5 2
1575395700 3.423929209 0.0 0
1575562546 3.5394853 0.5 2
1575563231 3.495754347 0.5 2
1575563880 3.46330849 0.5 2
1575564478 3.465526574 0.3333333333333333 1
1575565059 3.533541859 0.5 2
1575565625 3.510222124 0.5 2
1575566199 3.455812122 0.0 0
1575566780 3.455561442 0.0 0
1575568125 3.51083782 0.0 0
1575568710 3.468285338 0.3333333333333333 1
1579191154 3.394679936 0.0 0
1579191766 3.535213109 0.5 2
1579192333 3.533750972 0.75 3
1579193504 3.334982303 0.6666666666666666 2
1579194068 3.557192342 0.75 3
1579194637 3.480347734 0.3333333333333333 1
1579195201 3.636662867 0.3333333333333333 1
1579195791 3.474101123 0.75 3
1579196355 3.382428965 1.0 3
1579359560 3.36818914 0.3333333333333333 1
1579360137 3.432555219 0.3333333333333333 1
1579360697 3.467038108 0.75 3
1579361253 3.495231291 0.3333333333333333 1
1579361808 3.50716631 0.5 2
1579362362 3.319618306 0.75 3
1579362920 3.60106002 0.3333333333333333 1
1579363486 3.455745567 0.3333333333333333 1
1579364053 3.479261954 0.6666666666666666 2
1579364613 3.331808601 0.3333333333333333 1
1579530604 3.522976424 0.3333333333333333 1
1579531177 3.5139178 0.0 0
1579532217 3.463789541 0.0 0
1579532925 3.631316197 0.5 2
1579533586 3.377631848 0.0 0
1579534187 3.45689879 0.0 0
1579534872 3.470494264 0.0 0
1579535488 3.620063316 0.75 3
1579536561 3.477927173 0.0 0
1579537136 3.46329349 0.5 2
1580223863 3.534943981 0.5 2
1580224422 3.450640615 0.6666666666666666 2
1580224978 3.497573018 0.75 3
1580225542 3.513068037 0.75 3
1580226101 3.457612686 0.0 0
1580226686 3.647525836 0.0 0
1580227253 3.476140753 0.25 1
1580227851 3.531607409 0.5 2
1580228432 3.528151584 0.75 3
1580228992 3.416208188 0.75 3
1580312420 3.440028854 0.0 0
1580313000 3.373094269 1.0 4
1580313880 3.48394537 0.3333333333333333 1
1580314519 3.429166604 0.0 0
1580315077 3.412804555 0.6666666666666666 2
1580315637 3.574904041 0.75 3
1580316199 3.450630547 0.3333333333333333 1
1580316902 3.476847971 0.5 2
1580317494 3.415297949 0.3333333333333333 1
1581942559 3.337893483 0.5 2
1581944137 3.545625371 0.5 2
1581945081 3.463368036 0.5 2
1581946033 3.423018605 0.6666666666666666 1
1581946601 3.664879848 0.75 3
1581947172 3.492078947 0.3333333333333333 1
1581948090 3.368344416 0.75 3
1581949194 3.439285248 0.3333333333333333 1
1582034895 3.91083857 0.5 2
1582035774 3.218470497 0.5 2
1582036380 3.484931239 0.75 3
1582036986 4.042425634 0.5 1
1582037591 3.520787328 0.3333333333333333 1
1582038183 3.460147951 0.3333333333333333 1
1582038776 3.377018154 0.3333333333333333 1
1582041682 3.934291198 0.75 3
1582042437 3.728123796 0.25 1
1582043880 3.987097207 0.75 3
1582044480 3.625801589 0.3333333333333333 1
1582638083 3.547509825 0.3333333333333333 1
1582638645 3.628425455 0.75 3
1582640077 3.486979653 0.0 0
1582640898 3.324944342 0.0 0
1582641455 3.45086932 0.0 0
1582642029 3.58646089 0.75 3
1582642597 3.380084532 0.3333333333333333 1
1582643171 3.473914328 0.3333333333333333 1
1582643769 3.508646756 0.0 0
1582644327 3.40616983 0.6666666666666666 1
1582898937 3.46047876 0.0 0
1582899499 3.562733772 0.75 3
1582900068 3.312682007 0.0 0
1582900627 3.332150147 0.3333333333333333 1
1582902372 3.469865596 0.3333333333333333 1
1582902932 3.322588566 0.0 0
1582903537 3.361426162 0.3333333333333333 1
1574710951 3.470684698 0.0 0
