1569854507 5.632754387 0.16666666666666666 1
1569855932 5.528617105 0.0 0
1571330204 5.970822937 0.0 0
1571766560 5.808003744 0.0 0
1571767342 6.009102208 0.0 0
1572537457 4.544915253 0.0 0
1572538113 4.736364931 0.0 0
1572538773 4.59495095 0.0 0
1572539426 4.555633669 0.0 0
1572540073 4.807819889 0.0 0
1572540978 4.825645109 0.0 0
1572541632 4.768318494 0.0 0
1572542281 4.641667539 0.0 0
1572542928 4.648470997 0.0 0
1572543593 4.637021653 0.0 0
1572871347 4.693636044 0.0 0
1572871997 4.768356295 0.0 0
1572872674 4.560028087 0.25 1
1572873327 4.611376754 0.2 1
1572873981 4.529367584 0.0 0
1572875042 4.699686922 0.0 0
1572875903 4.696499764 0.2 1
1572877129 4.691194774 0.0 0
1572877778 4.600975857 0.0 0
1572879008 5.375504273 0.0 0
1572967414 4.65068562 0.0 0
1572968070 4.942364386 0.0 0
1572969373 4.701368319 0.0 0
1572970033 4.663836777 0.0 0
1572970684 3.6037397 0.0 0
1572971336 4.817275769 0.0 0
1572971999 4.55481453 0.0 0
1572972657 4.653878337 0.0 0
1572973373 4.649104239 0.0 0
1572974022 4.774795217 0.0 0
1572974674 4.48488082 0.0 0
1573208957 4.611413517 0.0 0
1573209612 4.608786148 0.4 2
1573210286 4.542344084 0.4 2
1573210955 4.668673802 0.0 0
1573211614 4.581319763 0.0 0
1573212262 4.867726507 0.0 0
1573212913 4.769823049 0.4 1
1573213564 4.504194957 0.0 0
1573214236 4.673555548 0.0 0
1573214891 4.734365369 0.2 1
1573310411 4.477199819 0.4 1
1573311032 4.076510266 0.0 0
1573311647 4.260778328 0.0 0
1573312351 4.326787163 0.5 2
1573312961 4.236555722 0.0 0
1573313588 4.260439212 0.2 1
1573314221 4.301571993 0.5 2
1573314834 4.084242104 0.0 0
1574696444 3.958078998 0.0 0
1574697024 4.196751148 0.0 0
1574698774 4.118445942 0.0 0
1574709559 4.254692739 0.0 0
1574710846 4.571848094 0.0 0
1574956197 3.811670237 0.25 1
1574956858 4.348123796 0.5 1
1574957460 4.055862848 0.25 1
1574958038 4.166758152 0.5 2
1574958631 4.152827702 0.0 0
1574959220 4.03664931 0.25 1
1574959823 4.183991716 0.5 1
1574960402 4.135560952 0.4 2
1574961648 4.088027734 0.25 1
1575033123 3.971459592 0.0 0
1575033691 4.33743151 1.2 2
1575034281 4.016951158 0.75 2
1575034847 4.309533986 0.25 1
1575035418 4.056549714 0.0 0
1575036442 3.887840308 0.25 1
1575037019 4.347847214 0.75 2
1575038579 4.386336516 0.0 0
1575039149 4.336797387 0.0 0
1575120412 4.001443073 0.25 1
1575120975 4.165932898 0.0 0
1575121535 4.10079597 0.0 0
1575122599 3.90829746 0.25 1
1575123155 4.036437189 0.0 0
1575123715 3.963551412 0.0 0
1575124271 4.137402584 0.25 1
1575124838 4.142901301 0.0 0
1575125396 4.092142209 0.25 1
1575125965 4.267524022 0.25 1
1575297714 3.812985367 0.0 0
1575298859 4.050747216 0.0 0
1575299438 3.845090322 0.0 0
1575300009 4.025094325 0.0 0
1575300628 4.1350645 0.0 0
1575302010 4.074060862 0.25 1
1575390198 4.131157227 0.5 1
1575390765 3.787536841 0.0 0
1575391332 4.201511073 0.4 2
1575391897 3.866008825 0.0 0
1575392706 4.171902529 0.25 1
1575393343 4.04862886 0.25 1
1575394469 4.032612918 0.0 0
1575395032 4.311783883 0.0 0
1575395595 4.184317401 0.25 1
1575562430 4.178284929 0.25 1
1575563128 4.00262735 0.25 1
1575563776 4.059516464 0.5 2
1575564372 3.963953404 0.25 1
1575564955 4.223281742 0.2 1
1575565521 3.887616426 0.0 0
1575566090 4.107417077 0.25 1
1575566676 4.219594824 0.25 1
1575567996 4.233338243 0.25 1
1575568602 4.950602186 0.4 1
1579191050 4.601781399 0.0 0
1579191663 4.030999053 0.5 1
1579192227 4.127828317 0.0 0
1579192809 4.12974445 0.0 0
1579193372 7.979371857 0.125 1
1579193963 4.141834992 0.0 0
1579194532 4.380043753 0.0 0
1579195097 4.235574429 0.0 0
1579195688 4.137742517 0.0 0
1579360594 4.06927022 0.0 0
1579361150 4.148691811 0.0 0
1579361705 4.438927824 0.0 0
1579362260 4.00922184 0.0 0
1579362815 4.160017965 0.25 1
1579363382 4.13545939 0.0 0
1579364508 4.42827178 0.25 1
1579530427 4.01272628 0.25 1
1579531073 4.218742181 0.0 0
1579532114 4.825738302 0.0 0
1579532814 7.732609441 0.25 2
1579534084 3.925271581 0.25 1
1579534769 3.992984085 0.75 3
1579535381 4.06952863 0.5 2
1579535976 4.048454476 0.5 1
1579537033 4.240444205 0.25 1
1580223759 4.120693423 0.5 2
1580224318 4.208600844 0.0 0
1580224874 4.025949298 0.0 0
1580225438 4.415578632 0.25 1
1580225997 4.120573248 0.0 0
1580226582 4.388040732 0.0 0
1580227748 3.831688955 0.0 0
1580228887 4.043673212 0.0 0
1580312318 4.048515923 0.4 2
1580312897 4.155489304 0.0 0
1580313453 4.015647751 0.0 0
1580314974 4.056188513 0.0 0
1580315532 4.097247736 0.0 0
1580316094 4.615729805 0.4 1
1580316796 3.923460748 0.0 0
1580317389 4.260349007 0.0 0
1581942454 4.145220486 0.0 0
1581943657 4.090714267 0.0 0
1581944947 4.231056043 0.25 1
1581945927 4.121917179 0.25 1
1581946498 4.108267073 0.0 0
1581947065 4.175477513 0.0 0
1581947987 4.351269564 0.0 0
1581949085 4.364095089 0.25 1
1582034042 3.997370471 0.0 0
1582035661 4.610279187 0.0 0
1582036269 4.423663169 0.5 1
1582036874 4.661647418 0.2 1
1582037479 4.679394645 0.0 0
1582038069 4.769721337 0.2 1
1582038668 4.351736941 0.0 0
1582041566 4.620731019 0.0 0
1582042171 4.251833825 0.75 2
1582043763 5.071125453 0.2 1
1582637980 4.059045013 0.0 0
1582638540 4.053225722 0.0 0
1582639614 4.003289749 0.25 1
1582640794 3.891413059 1.0 2
1582641351 4.209654695 0.4 2
1582641924 4.061026949 0.25 1
1582642490 4.497913242 0.0 0
1582643065 4.185898142 0.0 0
1582643666 4.187455123 0.0 0
1582644223 4.059322794 1.4 4
1582898823 4.037418748 0.0 0
1582899393 4.262670421 0.2 1
1582899963 4.193751665 0.25 1
1582900524 3.895316117 0.0 0
1582902829 4.060523925 0.0 0
1582903433 3.926073588 0.25 1
1574710846 4.571848094 0.0 0
