1569854520 2.464525967 0.0 0
1569855951 2.648331972 1.5 2
1571330217 2.343272823 0.0 0
1571766573 2.38693117 0.0 0
1571767355 2.313354445 0.0 0
1572537467 1.920764155 0.0 0
1572538123 1.958917363 0.0 0
1572538783 2.055029474 0.0 0
1572539436 1.867467808 0.0 0
1572540083 1.965310535 0.0 0
1572540988 2.011167869 0.0 0
1572541642 2.008206729 0.0 0
1572542291 2.004219852 0.0 0
1572542938 1.947505715 0.0 0
1572543603 1.963233779 0.0 0
1572871357 1.828638352 0.0 0
1572872007 1.893383116 0.0 0
1572872684 2.002222858 0.0 0
1572873337 1.894930396 0.0 0
1572873991 1.993068516 0.0 0
1572875052 1.968229006 0.0 0
1572875914 1.987799943 0.0 0
1572877139 1.921146362 0.0 0
1572877789 2.002832786 0.0 0
1572879034 1.62115046 0.0 0
1572967424 2.051208818 0.0 0
1572968081 1.916004186 0.0 0
1572969383 1.933280552 0.0 0
1572970044 1.958637117 0.0 0
1572970694 2.015825916 0.0 0
1572971346 2.178655182 0.0 0
1572972009 1.919705582 0.0 0
1572972667 1.889509682 0.0 0
1572973383 1.872483033 0.0 0
1572974032 1.927357964 0.0 0
1572974684 1.951382558 0.0 0
1573208967 2.011312819 0.0 0
1573209623 2.021850316 0.0 0
1573210297 1.986786353 0.0 0
1573210965 1.963058972 0.0 0
1573211624 2.003689569 0.0 0
1573212272 1.949172836 0.0 0
1573212923 1.965083464 0.0 0
1573213574 1.919398151 0.0 0
1573214246 1.962591246 0.0 0
1573214902 3.871802394 0.0 0
1573310420 2.032010142 0.0 0
1573311041 1.881013788 0.0 0
1573311656 1.684923762 0.0 0
1573312361 1.782343784 0.0 0
1573312971 1.838215604 0.0 0
1573313598 1.700656881 0.5 1
1573314231 1.755510865 0.0 0
1573314844 1.84546233 0.0 0
1574696453 1.757824757 0.0 0
1574697034 1.793966511 0.0 0
1574697624 1.574596811 0.0 0
1574698198 1.79106043 0.0 0
1574698783 1.746215494 0.0 0
1574709568 1.785201576 0.0 0
1574710855 1.917230925 0.0 0
1574956206 1.726951666 0.0 0
1574956868 1.821561144 0.0 0
1574957469 1.756184371 1.0 2
1574958048 1.783665189 1.5 2
1574958640 1.859489234 1.0 1
1574959229 1.767562618 0.0 0
1574959833 1.587450764 0.0 0
1574960411 1.699615929 0.0 0
1574961021 1.744106691 2.0 2
1574961657 1.704105097 1.5 2
1575033132 1.882760331 0.0 0
1575033700 1.803031902 0.0 0
1575034291 1.703743599 0.0 0
1575034856 1.917864592 0.0 0
1575035428 1.615608284 0.0 0
1575036451 5.528516882 0.0 0
1575037028 1.777544209 0.0 0
1575037587 1.738482336 0.0 0
1575038588 1.807611387 1.0 1
1575039158 1.888733502 0.0 0
1575120421 1.741407731 1.5 2
1575120984 1.658677681 0.0 0
1575121544 1.729777479 0.5 1
1575121952 1.730400475 1.0 1
1575122608 1.748965362 0.0 0
1575123165 1.749526687 0.0 0
1575123724 1.797657508 0.5 1
1575124280 1.783293914 0.0 0
1575124847 1.709508996 0.0 0
1575125405 1.816572498 0.0 0
1575125974 1.739024764 1.5 2
1575297723 1.832955667 0.5 1
1575298300 1.970732001 0.0 0
1575298868 1.654838355 1.0 1
1575299446 1.798689836 1.0 1
1575300018 1.732381837 0.0 0
1575300638 1.711436191 0.0 0
1575301208 1.969453897 0.0 0
1575302020 1.748984832 1.0 1
1575390208 1.794748555 0.0 0
1575390774 1.763332635 0.5 1
1575391342 1.698531204 0.0 0
1575391906 1.747965045 0.0 0
1575392715 1.799881536 0.5 1
1575393352 1.806747087 1.0 1
1575393911 1.797218603 0.0 0
1575394478 1.739693276 0.5 1
1575395042 1.760044341 1.0 2
1575395604 1.892207827 0.0 0
1575562439 1.802728063 1.0 2
1575563137 1.82808091 1.5 2
1575563786 1.744121096 0.0 0
1575564381 1.760497473 0.5 1
1575564965 1.751464078 1.0 1
1575565530 1.792460946 0.0 0
1575566099 1.788579927 0.5 1
1575566685 1.751154179 0.0 0
1575568005 1.784188455 0.0 0
1575568612 1.752918779 1.0 1
1579191059 1.756335055 0.0 0
1579191672 1.676083999 1.0 1
1579192237 1.663605765 0.0 0
1579192818 1.748746597 0.5 1
1579193386 1.752063983 0.0 0
1579193973 1.719162214 0.0 0
1579194542 1.745107229 0.0 0
1579195106 1.76804951 0.0 0
1579195697 1.703889662 0.5 1
1579196260 1.776490637 0.0 0
1579359466 1.800465155 0.0 0
1579360042 1.834140469 0.0 0
1579360603 1.812279958 0.0 0
1579361159 1.773461603 0.0 0
1579361714 1.876254053 0.0 0
1579362269 1.751782417 1.5 2
1579362825 1.65976065 0.0 0
1579363391 1.79219063 0.5 1
1579363959 1.749824696 0.0 0
1579364517 1.667501565 0.0 0
1579530436 1.753273741 0.0 0
1579531082 1.79395983 1.0 1
1579532123 1.658316727 0.5 1
1579532828 1.798946627 1.0 1
1579533492 1.781183494 0.0 0
1579534093 1.754943132 1.5 2
1579534779 1.753199258 1.0 1
1579535390 1.750076436 0.5 1
1579535985 479.812151414 0.004166666666666667 1
1579537042 1.604541181 0.0 0
1580223768 1.750538094 1.0 1
1580224327 1.868093219 0.5 1
1580224883 1.72944802 0.0 0
1580225447 1.846693891 0.0 0
1580226006 1.801703178 0.0 0
1580226591 1.786406812 0.0 0
1580227159 1.802502573 0.0 0
1580227757 1.7115869 1.5 2
1580228338 1.719033758 0.0 0
1580228897 1.711650139 0.0 0
1580312327 1.772021814 1.0 2
1580312906 1.794128738 0.0 0
1580313462 1.663245024 0.0 0
1580314425 1.69839131 0.0 0
1580314983 1.71342013 0.5 1
1580315542 1.652386097 0.0 0
1580316104 1.845544628 1.0 1
1580316805 1.80618207 0.0 0
1580317398 1.714263524 0.5 1
1581942464 1.796008655 1.0 1
1581943666 1.784664245 0.5 1
1581944956 1.652053213 0.0 0
1581945936 1.787781102 0.0 0
1581946507 1.698472837 0.5 1
1581947074 1.777287409 0.0 0
1581947996 1.78784086 0.0 0
1581949094 1.927883386 0.5 1
1582034052 2.566022637 0.0 0
1582035672 2.037011913 0.0 0
1582036279 1.959500032 0.0 0
1582036884 2.093362829 0.0 0
1582037489 2.054193027 0.0 0
1582038080 2.112532853 0.0 0
1582038678 1.924639899 0.0 0
1582041576 2.09233599 0.0 0
1582042181 1.850348988 0.0 0
1582043773 2.126054175 0.0 0
1582044381 1.647308667 0.0 0
1582637989 1.668973203 0.5 1
1582638549 1.703138617 0.0 0
1582639623 1.742515203 0.0 0
1582640803 1.746046554 0.0 0
1582641361 1.793017818 2.5 3
1582641933 1.703432726 0.5 1
1582642500 1.763406594 0.0 0
1582643074 1.796678767 0.0 0
1582643676 1.650083986 0.0 0
1582644232 1.785889493 1.5 2
1582898832 1.787920548 0.0 0
1582899403 1.706997112 0.0 0
1582899972 1.800133664 0.0 0
1582900533 1.789756343 0.0 0
1582902192 1.79644757 1.0 1
1582902838 1.784993808 0.5 1
1582903442 1.793753957 1.5 2
1574710855 1.917230925 0.0 0
