1569854666 1.588038035 0.0 0
1569856256 1.403971282 1.5 2
1569856258 0.0 1.0 1
1571330217 0.044846579 -1 -1
1571330328 1.633838313 0.0 0
1571766573 0.042810489 -1 -1
1571766685 1.583108603 0.0 0
1571767355 0.038998523 -1 -1
1571767355 0.036131945 -1 -1
1571767355 0.00133414 -1 -1
1571767355 0.050464146 -1 -1
1571767355 0.001848709 -1 -1
1571767469 1.450282872 0.0 0
1571767470 0.045812723 0.0 0
1571767470 0.034288598 0.0 0
1571767470 0.054151178 0.0 0
1572537562 1.277062481 0.0 0
1572537563 0.043192982 0.0 0
1572538123 0.044489426 -1 -1
1572538216 1.372738294 0.0 0
1572538217 2.9103e-05 0.0 0
1572538217 0.045430571 0.0 0
1572538783 0.013047526 -1 -1
1572538875 1.228516195 0.0 0
1572539528 1.440929426 0.0 0
1572540176 1.230447588 0.0 0
1572540177 0.043456997 0.0 0
1572541081 1.276313612 0.0 0
1572541735 1.180849186 0.0 0
1572541736 0.041775462 0.0 0
1572541736 0.043688381 0.0 0
1572542383 1.230739074 0.0 0
1572543031 1.284478409 0.0 0
1572543695 1.206772603 0.0 0
1574710942 1.14753969 0.0 0
