1569854674 5.405383133 0.0 0
1569856265 6.791363816 0.7142857142857143 1
1571330336 5.507377617 0.0 0
1571766693 5.380308418 0.2 1
1571767476 5.383625967 0.0 0
1572537568 4.388097194 0.0 0
1572538221 4.44173479 0.0 0
1572538881 4.375628977 0.2 1
1572539534 4.56816486 0.2 1
1572540182 4.348735199 0.25 1
1572541087 4.435392674 0.0 0
1572541740 4.485296808 0.0 0
1572542389 4.530971639 0.0 0
1572543036 4.436389373 0.0 0
1572543701 4.456708195 0.0 0
1572871455 4.528740412 0.4 1
1572872106 4.448592733 0.0 0
1572872784 4.192216238 0.0 0
1572873436 4.562911733 0.0 0
1572874094 4.399726573 0.0 0
1572875158 4.320622402 0.0 0
1572876011 4.525027629 0.0 0
1572877237 4.433731548 0.2 1
1572877892 4.544073269 0.25 1
1572879133 4.462925224 0.0 0
1572967523 4.432937088 0.0 0
1572968180 4.500279052 0.0 0
1572969481 4.374949163 0.25 1
1572970142 4.405075973 0.0 0
1572970793 4.334312549 0.0 0
1572971453 4.384186629 0.0 0
1572972116 4.380477974 0.25 1
1572972765 4.524543421 0.0 0
1572973481 4.499210725 0.0 0
1572974130 4.536126185 0.0 0
1572974782 4.618996483 0.0 0
1573209065 4.577033924 0.0 0
1573209721 4.344449186 0.0 0
1573210396 4.444739101 0.0 0
1573211064 4.399975978 0.0 0
1573211722 4.244700361 0.0 0
1573212371 4.436562131 0.0 0
1573213024 4.367977016 0.0 0
1573213672 4.399414135 0.0 0
1573214344 4.476571597 0.0 0
1573215003 4.305161776 0.0 0
1573310516 4.210805663 0.25 1
1573311133 4.605679518 0.0 0
1573311746 4.060443274 0.0 0
1573312453 4.119386752 0.0 0
1573313067 4.225554582 0.0 0
1573313693 4.291607318 0.0 0
1573314322 4.271000744 0.25 1
1573314937 3.880254537 0.0 0
1574696544 4.234837597 0.0 0
1574697124 4.265692155 0.0 0
1574697716 4.134826155 0.0 0
1574698288 4.20368098 0.0 0
1574698876 4.109067008 0.0 0
1574709687 4.226836914 0.0 0
1574710946 4.22626565 0.0 0
1574956296 4.169077262 0.0 0
1574956958 4.167218946 0.0 0
1574957559 4.194819673 0.0 0
1574958141 4.198949642 0.0 0
1574958734 4.016230575 0.0 0
1574959322 4.247271882 0.0 0
1574959923 4.157205356 0.0 0
1574960501 4.155489001 0.0 0
1574961111 4.197613091 0.0 0
1574961747 3.719144676 0.0 0
1575033223 4.201703732 0.0 0
1575033791 4.219352114 0.0 0
1575034381 4.234987219 0.0 0
1575034955 4.138660816 0.0 0
1575035518 4.027408915 0.0 0
1575036556 4.098714168 0.25 1
1575037118 4.269390018 0.0 0
1575037676 4.228235115 0.0 0
1575038679 4.16520878 0.0 0
1575039249 4.227555983 0.0 0
1575120511 4.18561356 0.0 0
1575121076 4.123797193 0.0 0
1575122071 4.176741746 0.0 0
1575122697 4.215070412 0.0 0
1575123254 4.099673069 0.0 0
1575123813 4.122419673 0.0 0
1575124370 3.673261713 0.0 0
1575124936 4.160619222 0.0 0
1575125499 4.227654889 0.0 0
1575126065 4.178012102 0.0 0
1575297816 4.14634805 0.0 0
1575298390 4.187755902 0.0 0
1575298960 4.052654405 0.0 0
1575299540 4.222478595 0.0 0
1575300111 4.190632392 0.25 1
1575300729 4.293241881 0.0 0
1575301501 4.201763341 0.0 0
1575302109 4.221471647 0.0 0
1575390298 4.106979317 0.0 0
1575390868 4.056558167 0.0 0
1575391430 4.153221542 0.0 0
1575391996 4.253415959 0.0 0
1575392806 4.141056537 0.25 1
1575393443 4.134996911 0.0 0
1575394001 4.214646175 0.0 0
1575394568 4.281386462 0.0 0
1575395132 4.144734055 0.0 0
1575395695 4.269699097 0.0 0
1575562542 4.128678443 0.0 0
1575563227 4.210585375 0.0 0
1575563876 4.174888973 0.0 0
1575564473 4.181572642 0.0 0
1575565055 4.049637729 0.0 0
1575565620 4.114680698 0.25 1
1575566195 4.092288316 0.0 0
1575566776 4.182264665 0.0 0
1575568121 4.220055907 0.0 0
1575568705 4.266486389 0.0 0
1579191150 4.267626453 0.0 0
1579191762 4.128593592 0.0 0
1579192329 4.222638573 0.0 0
1579193476 28.343927787 0.0 0
1579194064 4.147491641 0.0 0
1579194632 4.307026195 0.0 0
1579195197 4.207158722 0.0 0
1579195787 4.179563851 0.0 0
1579196350 4.259730411 0.0 0
1579359556 3.999482791 0.0 0
1579360132 4.324224948 0.0 0
1579360693 4.167302558 0.0 0
1579361249 4.011866888 0.0 0
1579361804 4.226879527 0.0 0
1579362358 4.226280861 0.0 0
1579362915 4.26865548 0.0 0
1579363482 4.222375021 0.0 0
1579364049 4.16891727 0.0 0
1579364608 4.189915655 0.0 0
1579530600 4.17194792 0.25 1
1579531173 4.046850626 0.0 0
1579532213 4.087494682 0.0 0
1579532921 4.214454494 0.0 0
1579533582 4.21444184 0.0 0
1579534183 4.263060518 0.0 0
1579534868 4.19218312 0.0 0
1579535484 4.312199643 0.0 0
1579536557 4.190454319 0.0 0
1579537132 4.229141739 0.0 0
1580223859 4.055298843 0.0 0
1580224417 4.232526519 0.0 0
1580224974 4.229195874 0.0 0
1580225538 4.228058525 0.0 0
1580226097 4.145137726 0.0 0
1580226682 4.215857243 0.25 1
1580227249 4.186644748 0.0 0
1580227847 4.224045036 0.0 0
1580228428 4.094748425 0.0 0
1580228988 4.126621129 0.0 0
1580312416 4.1897967 0.0 0
1580312996 4.099147349 0.0 0
1580313876 4.178479969 0.0 0
1580314515 4.166146986 0.0 0
1580315073 4.077499918 0.0 0
1580315633 4.103646642 0.0 0
1580316195 4.132157991 0.0 0
1580316898 4.105792382 0.0 0
1580317490 4.160801673 0.0 0
1581942555 4.214851319 0.25 1
1581944133 4.038052102 0.0 0
1581945077 4.126033688 0.0 0
1581946029 4.10977718 0.25 1
1581946597 4.066281573 0.0 0
1581947167 4.119003075 0.0 0
1581948086 4.140707307 0.0 0
1581949189 4.320228688 0.2 1
1582034890 4.440359837 0.0 0
1582035770 4.203017717 0.0 0
1582036376 4.57437615 0.0 0
1582036982 4.822898773 0.0 0
1582037587 4.275935232 0.0 0
1582038178 4.53802339 0.0 0
1582038772 3.930765239 0.0 0
1582041677 4.691201472 0.0 0
1582042433 4.253252536 0.0 0
1582043876 4.283954568 0.25 1
1582044475 4.184549317 0.0 0
1582638079 4.19601486 0.0 0
1582638641 4.133569743 0.0 0
1582640073 4.156948565 0.0 0
1582640894 4.096844022 0.0 0
1582641451 4.096153848 0.5 1
1582642025 4.088939774 0.0 0
1582642592 4.148146415 0.0 0
1582643166 4.309870265 0.0 0
1582643765 4.104566042 0.0 0
1582644323 3.942546208 0.0 0
1582898933 4.118729929 0.5 1
1582899495 4.241836566 0.0 0
1582900064 4.28583217 0.0 0
1582900623 4.235851214 0.0 0
1582902368 4.104673085 0.0 0
1582902928 4.185121574 0.0 0
1582903533 4.138086541 0.0 0
1574710946 4.22626565 0.0 0
