1569854519 1.626614784 0.5 1
1569855949 1.377574143 2.0 2
1569856258 0.042418635 -1 -1
1571330215 1.439716471 0.5 1
1571330217 0.0 1.0 1
1571766571 1.446380564 0.5 1
1571766573 0.0 1.0 1
1571767353 1.477913106 1.0 1
1571767355 0.0 1.0 1
1571767355 0.0 1.0 1
1571767355 0.0 1.0 1
1571767355 0.0 1.0 1
1571767355 0.0 1.0 1
1571767470 0.0 -1 -1
1571767470 0.0 -1 -1
1571767470 0.0 -1 -1
1572537466 1.272509187 0.5 1
1572537563 0.0 -1 -1
1572538122 1.10398533 0.0 0
1572538123 0.04503538 0.0 0
1572538217 0.0 -1 -1
1572538217 0.0 -1 -1
1572538782 1.172244063 1.0 1
1572538783 0.0 1.0 1
1572539435 1.333517568 1.0 1
1572540082 1.32643689 1.0 1
1572540177 0.0 -1 -1
1572540987 1.284202314 0.0 0
1572541641 1.234637086 0.0 0
1572541736 0.0 -1 -1
1572541736 0.0 -1 -1
1572542290 1.108288597 1.0 1
1572542937 1.324550394 1.0 1
1572543602 1.264857487 1.0 1
1574710854 1.191599775 0.0 0
