1569854517 4.131148667 0.0 0
1569855948 4.321752658 0.8 1
1571330214 4.219398435 0.0 0
1571766570 4.277439079 0.0 0
1571767352 4.426943105 0.0 0
1572537464 3.346504767 0.25 1
1572538121 3.420720955 0.0 0
1572538781 3.279704455 0.0 0
1572539434 3.420792862 0.0 0
1572540081 3.503597121 0.0 0
1572540986 3.380322185 0.0 0
1572541640 3.496294498 0.0 0
1572542288 3.341648801 0.0 0
1572542936 3.389968806 0.0 0
1572543601 3.368284581 0.0 0
1572871355 3.46078045 0.0 0
1572872005 3.42694771 0.0 0
1572872681 3.411485001 0.0 0
1572873335 3.44453067 0.0 0
1572873988 3.475192493 0.0 0
1572875050 3.507998626 0.0 0
1572875911 3.415784942 0.0 0
1572877137 3.339755289 0.0 0
1572877786 3.422720305 0.3333333333333333 1
1572879018 16.029831659 0.1875 1
1572967421 3.405592842 0.25 1
1572968078 3.330024794 0.0 0
1572969380 3.438260123 0.0 0
1572970041 3.377471216 0.0 0
1572970691 3.385260345 0.0 0
1572971343 3.416062074 0.25 1
1572972006 3.386307212 0.0 0
1572972664 3.238389829 0.0 0
1572973380 3.412085929 0.0 0
1572974030 3.631918885 0.0 0
1572974681 3.356713718 0.25 1
1573208965 3.394823704 0.0 0
1573209620 3.450124775 0.0 0
1573210294 3.323338237 0.0 0
1573210963 3.328576931 0.0 0
1573211621 3.469690724 0.0 0
1573212270 3.388238625 0.0 0
1573212921 3.487999185 0.0 0
1573213571 3.300152796 0.3333333333333333 1
1573214244 3.384488195 0.0 0
1573214899 4.110412941 0.25 1
1573310418 3.200084781 0.0 0
1573311039 3.114153291 0.0 0
1573311654 2.990814602 0.0 0
1573312358 3.150885448 0.0 0
1573312968 3.311742577 0.25 1
1573313595 3.204395599 0.0 0
1573314228 3.19424463 0.0 0
1573314842 3.110868173 0.25 1
1574696451 3.312902986 0.25 1
1574697032 2.897980558 0.0 0
1574697622 3.195595761 0.0 0
1574698196 3.017541367 0.25 1
1574698781 2.985979891 0.0 0
1574709566 3.584886364 0.0 0
1574710853 3.208229946 0.0 0
1574956204 3.021097585 0.0 0
1574956865 3.233907803 0.0 0
1574957467 2.975330657 0.0 0
1574958046 3.100039456 0.3333333333333333 1
1574958638 3.447737756 0.3333333333333333 1
1574959227 3.022277151 0.0 0
1574959830 3.234566998 0.0 0
1574960408 2.983662037 0.0 0
1574961019 3.02902798 0.25 1
1574961655 2.951097595 0.3333333333333333 1
1575033129 3.101630666 0.0 0
1575033698 3.321213958 0.0 0
1575034288 3.040724124 0.0 0
1575034854 3.128944154 0.0 0
1575035425 3.021033195 0.3333333333333333 1
1575036449 3.196148296 0.0 0
1575037026 3.061168954 0.0 0
1575037585 2.931546979 0.0 0
1575038586 2.976241681 0.0 0
1575039156 3.106954465 0.0 0
1575120419 2.97858103 0.0 0
1575120982 3.23341068 0.0 0
1575121542 2.992075007 0.0 0
1575121950 2.998593682 0.3333333333333333 1
1575122605 2.988014052 0.3333333333333333 1
1575123162 2.96945248 0.3333333333333333 1
1575123721 3.026277366 0.0 0
1575124278 3.121105111 0.0 0
1575124845 2.913154066 0.0 0
1575125403 2.993566754 0.0 0
1575125972 3.043569824 0.0 0
1575297721 3.078997496 0.0 0
1575298297 3.329233354 0.0 0
1575298866 2.936927006 0.3333333333333333 1
1575299444 2.987778154 0.3333333333333333 1
1575300016 3.116249966 0.0 0
1575300635 2.947935888 0.0 0
1575301206 3.08123143 0.0 0
1575302017 3.171636344 0.3333333333333333 1
1575390205 3.092742751 0.0 0
1575390772 3.063752781 0.0 0
1575391339 2.929378442 0.0 0
1575391904 2.995649969 0.0 0
1575392713 2.980579827 0.0 0
1575393350 3.240329063 0.3333333333333333 1
1575393909 2.943332402 0.0 0
1575394476 2.933401366 0.0 0
1575395039 3.064278154 0.3333333333333333 1
1575395602 3.264260303 0.0 0
1575562436 3.076366738 0.0 0
1575563135 2.956326353 0.0 0
1575563783 3.045624085 0.0 0
1575564379 3.003364941 0.3333333333333333 1
1575564962 3.028400114 0.0 0
1575565528 2.941692664 0.0 0
1575566097 3.201063436 0.0 0
1575566683 2.995577359 0.0 0
1575568003 2.946196257 0.0 0
1575568610 3.196095076 0.3333333333333333 1
1579191057 3.11715643 0.0 0
1579191670 3.081113602 0.3333333333333333 1
1579192234 3.099953909 0.0 0
1579192816 3.101193281 0.0 0
1579193383 3.11840835 0.0 0
1579193971 3.03488572 0.0 0
1579194539 3.44341302 0.0 0
1579195104 3.156897031 0.3333333333333333 1
1579195695 2.998723229 0.0 0
1579196257 2.899053049 0.0 0
1579359463 2.957774041 0.25 1
1579360040 3.123491591 0.25 1
1579360601 3.051714062 0.0 0
1579361157 2.917281243 0.3333333333333333 1
1579361712 3.043735732 0.0 0
1579362267 3.007956003 0.6666666666666666 1
1579362822 3.023662235 0.0 0
1579363389 3.010469912 0.0 0
1579363956 3.295546024 0.0 0
1579364515 3.068950047 0.0 0
1579530434 3.282547806 0.0 0
1579531080 3.023945473 0.3333333333333333 1
1579532121 2.932867693 0.0 0
1579532825 3.141519618 0.0 0
1579533490 3.171603202 0.0 0
1579534091 2.946237236 0.0 0
1579534776 3.047964172 0.3333333333333333 1
1579535388 3.072089361 0.0 0
1579535983 481.274412146 0.0 0
1579537040 3.157049178 0.0 0
1580223766 3.095682741 0.0 0
1580224325 2.940383626 0.0 0
1580224880 2.92061088 0.0 0
1580225445 3.123468588 0.0 0
1580226004 3.086690652 0.3333333333333333 1
1580226589 3.219639267 0.3333333333333333 1
1580227156 3.164931238 0.0 0
1580227755 2.947794927 0.0 0
1580228336 3.039165045 0.0 0
1580228895 3.243669716 0.0 0
1580312324 3.034385941 0.0 0
1580312904 3.033069314 0.0 0
1580313460 2.979867464 0.0 0
1580314423 3.092403575 0.0 0
1580314980 3.08379997 0.0 0
1580315539 3.641605418 0.0 0
1580316101 3.009093509 0.0 0
1580316802 3.066884413 0.0 0
1580317396 3.082628171 0.0 0
1581942461 3.075583573 0.0 0
1581943664 3.106315473 0.0 0
1581944954 3.027409663 0.0 0
1581945934 2.987782075 0.3333333333333333 1
1581946505 3.046457206 0.3333333333333333 1
1581947072 3.09236578 0.3333333333333333 1
1581947994 3.075040153 0.0 0
1581949092 3.323270761 0.0 0
1582034049 4.00509432 0.0 0
1582035669 3.464582197 0.0 0
1582036276 3.566040144 0.0 0
1582036882 3.444994002 0.0 0
1582037487 3.626722831 0.0 0
1582038077 3.370188093 0.0 0
1582038676 3.28444273 0.0 0
1582041574 3.573821579 0.0 0
1582042178 3.455567961 0.0 0
1582043771 3.626445996 0.0 0
1582044379 2.993162608 0.0 0
1582637986 3.070663572 0.0 0
1582638547 3.116410328 0.0 0
1582639621 3.012089039 0.0 0
1582640801 3.014521992 0.0 0
1582641358 3.065210396 0.5 1
1582641931 2.999789746 0.0 0
1582642498 3.019357851 0.3333333333333333 1
1582643072 3.112034832 0.0 0
1582643673 2.964574519 0.0 0
1582644229 3.037966987 0.0 0
1582898830 3.036897005 0.3333333333333333 1
1582899400 3.081710565 0.0 0
1582899970 2.95679668 0.0 0
1582900530 3.131732189 0.0 0
1582902189 2.934513633 0.25 1
1582902836 2.990633047 0.0 0
1582903440 3.011762702 0.3333333333333333 1
1574710853 3.208229946 0.0 0
