1569854669 4.445145491 0.4 1
1569856261 2.213639537 1.0 2
1571330331 4.180209573 0.6 1
1571766688 4.450847292 0.2 1
1571767472 4.486343616 0.0 0
1572537565 3.46722668 0.0 0
1572538218 3.415111355 0.0 0
1572538878 3.495383854 0.0 0
1572539531 3.417814657 0.3333333333333333 1
1572540178 3.504357213 0.25 1
1572541083 3.463842783 0.5 1
1572541737 3.431362811 0.3333333333333333 1
1572542385 3.283720787 0.25 1
1572543033 3.41116926 0.3333333333333333 1
1572543698 3.368574412 0.0 0
1572871452 3.244087652 1.3333333333333333 2
1572872103 3.366238249 0.0 0
1572872781 3.576685727 1.0 2
1572873432 3.272203022 0.25 1
1572874090 3.316169069 0.0 0
1572875155 3.514277571 0.6666666666666666 1
1572876008 3.282307912 0.6666666666666666 1
1572877234 3.320111664 0.3333333333333333 1
1572877889 3.316784516 0.0 0
1572879129 3.446784909 0.75 1
1572967520 3.388691741 0.0 0
1572968177 3.321884328 0.0 0
1572969478 3.4726175 0.0 0
1572970139 3.366511594 0.6666666666666666 1
1572970789 3.50548911 0.5 1
1572971450 3.444899632 0.3333333333333333 1
1572972112 3.405727863 0.25 1
1572972762 3.248333092 1.3333333333333333 2
1572973477 3.376935534 1.25 3
1572974127 3.356279389 0.3333333333333333 1
1572974779 3.196098922 0.6666666666666666 1
1573209062 3.26804637 0.3333333333333333 1
1573209717 3.498932851 0.0 0
1573210392 3.358949286 0.0 0
1573211060 3.471029865 0.25 1
1573211719 3.554870999 0.0 0
1573212367 3.508964522 0.25 1
1573213020 3.400478777 0.5 1
1573213669 3.349166949 0.6666666666666666 1
1573214341 3.383434649 0.3333333333333333 1
1573215000 3.500734568 0.3333333333333333 1
1573310513 3.09429855 1.0 1
1573311130 3.249651437 0.6666666666666666 1
1573311743 2.939201898 0.3333333333333333 1
1573312450 3.200682418 0.0 0
1573313063 3.258621949 0.25 1
1573313690 3.14867506 0.3333333333333333 1
1573314319 3.392404805 1.0 1
1573314933 3.283356572 0.5 1
1574696541 2.80986015 0.5 1
1574697121 2.731112075 0.0 0
1574697713 2.95783825 0.3333333333333333 1
1574698285 2.877809666 0.6666666666666666 1
1574698873 2.903343423 0.0 0
1574709684 2.899089847 0.0 0
1574710944 2.864643323 0.0 0
1574956293 2.858000593 0.3333333333333333 1
1574956955 2.94167381 0.3333333333333333 1
1574957556 2.885997618 0.6666666666666666 2
1574958138 2.956492106 0.3333333333333333 1
1574958731 3.162372321 0.6666666666666666 1
1574959320 2.844925724 0.0 0
1574959920 2.915194509 0.3333333333333333 1
1574960498 2.943900925 0.3333333333333333 1
1574961108 2.936192628 0.3333333333333333 1
1574961744 3.192870055 0.3333333333333333 1
1575033220 2.903210744 0.6666666666666666 1
1575033788 2.899924119 0.0 0
1575034378 2.985621274 1.6666666666666667 2
1575034952 2.969439794 0.3333333333333333 1
1575035515 3.163946823 0.0 0
1575036553 2.897456373 0.0 0
1575037115 2.937013392 0.0 0
1575037673 2.978857525 0.0 0
1575038676 2.880810951 0.3333333333333333 1
1575039246 2.904124767 0.0 0
1575120508 2.894933231 0.3333333333333333 1
1575121073 2.968854666 0.3333333333333333 1
1575121800 4.051804843 -1 -1
1575122068 2.943943054 0.3333333333333333 1
1575122694 2.857770997 0.3333333333333333 1
1575123252 1.708020397 0.3333333333333333 1
1575123811 1.669664301 0.3333333333333333 1
1575124367 3.289078819 0.0 0
1575124933 2.820448794 0.3333333333333333 1
1575125496 2.987876854 0.3333333333333333 1
1575126062 2.989817692 0.0 0
1575297813 2.986254431 0.3333333333333333 1
1575298387 2.940456257 0.3333333333333333 1
1575298957 2.976163021 0.6666666666666666 1
1575299537 2.942730857 0.6666666666666666 1
1575300108 2.911344785 0.6666666666666666 1
1575300726 2.868885097 0.3333333333333333 1
1575301498 2.946751758 0.3333333333333333 1
1575302108 1.408667441 0.5 1
1575390295 3.097995031 0.0 0
1575390864 3.033602357 0.3333333333333333 1
1575391428 2.858987673 0.0 0
1575391995 1.404500277 1.0 1
1575392803 2.992708358 0.0 0
1575393440 2.947309831 0.0 0
1575393998 2.860177823 0.0 0
1575394565 2.827126028 0.0 0
1575395129 2.908008618 0.3333333333333333 1
1575395693 2.769229127 0.5 1
1575562539 3.050456678 1.0 2
1575563224 2.841896223 0.3333333333333333 1
1575563873 2.923873503 0.3333333333333333 1
1575564470 2.928553188 0.3333333333333333 1
1575565052 2.983496166 0.6666666666666666 1
1575565617 3.06963966 1.0 1
1575566192 2.958747387 0.0 0
1575566773 2.866054278 0.0 0
1575568118 2.873137127 0.0 0
1575568703 2.854553206 0.0 0
1579191147 2.876986382 0.6666666666666666 1
1579191759 2.946119961 0.6666666666666666 1
1579192326 2.883330201 0.3333333333333333 1
1579192905 2.820967784 0.5 1
1579193473 2.920243699 0.3333333333333333 1
1579194061 3.015582854 0.0 0
1579194630 2.855381955 0.5 1
1579195194 2.905336162 0.3333333333333333 1
1579195784 2.902353907 0.0 0
1579196347 2.898441911 0.3333333333333333 1
1579359553 3.084643129 1.0 1
1579360130 2.815572037 1.0 2
1579360690 2.872997442 0.3333333333333333 1
1579361246 3.029435307 0.3333333333333333 1
1579361801 2.757464471 0.0 0
1579362355 2.982715356 0.0 0
1579362914 1.410825674 0.0 0
1579363479 2.952987695 0.3333333333333333 1
1579364046 2.812216363 0.3333333333333333 1
1579364605 2.932194339 0.0 0
1579530597 2.864132339 0.0 0
1579531170 3.058804284 0.6666666666666666 1
1579532210 2.946521075 0.6666666666666666 1
1579532918 2.864377694 0.3333333333333333 1
1579533579 2.915157508 0.3333333333333333 1
1579534180 2.824644866 0.3333333333333333 1
1579534867 1.50043097 0.5 1
1579535481 2.826431754 0.3333333333333333 1
1579536554 2.867713777 0.0 0
1579537129 2.775456143 0.6666666666666666 1
1580223856 2.982009293 0.0 0
1580224414 2.980870008 0.0 0
1580224971 2.812517926 0.0 0
1580225535 3.021248087 0.3333333333333333 1
1580226094 2.885092175 0.6666666666666666 1
1580226679 2.888636545 1.3333333333333333 2
1580227246 2.821006442 0.0 0
1580227844 2.868216713 0.0 0
1580228425 2.893665518 0.0 0
1580228986 1.706438648 0.0 0
1580312413 2.897114303 0.0 0
1580312993 2.980582345 0.0 0
1580313873 2.9619185 0.3333333333333333 1
1580314512 3.00208555 1.0 2
1580315070 3.048401394 0.0 0
1580315630 3.038683813 0.6666666666666666 1
1580316192 2.937372568 0.0 0
1580316895 2.92128095 0.3333333333333333 1
1580317487 2.983574624 0.0 0
1581942552 2.816682048 0.6666666666666666 1
1581944130 2.971022574 0.3333333333333333 1
1581945074 2.98738633 0.3333333333333333 1
1581946026 2.87886299 0.3333333333333333 1
1581946594 2.862021177 0.0 0
1581947164 2.979781157 0.6666666666666666 1
1581948083 2.934413648 1.0 1
1581949186 3.492517559 0.6666666666666666 1
1582034887 3.423752129 0.3333333333333333 1
1582035767 3.285468297 1.3333333333333333 2
1582036373 3.042699569 0.0 0
1582036978 3.457007378 0.25 1
1582037583 3.072581707 2.0 3
1582038175 3.286346847 0.6666666666666666 2
1582038769 2.673786492 0.0 0
1582041674 3.673460457 0.3333333333333333 1
1582042430 2.806366995 0.0 0
1582043873 2.857576333 0.3333333333333333 1
1582044472 3.353950715 0.0 0
1582638076 2.990747948 0.3333333333333333 1
1582638638 2.900433625 0.6666666666666666 1
1582640070 2.865543658 0.0 0
1582640891 2.979287253 0.0 0
1582641448 2.858187967 1.3333333333333333 2
1582642022 2.838142102 0.0 0
1582642590 2.852637622 1.0 1
1582643163 3.317538754 0.0 0
1582643762 2.890010761 0.0 0
1582644319 3.280033866 0.75 1
1582898930 2.97812638 1.0 2
1582899492 2.822921121 0.0 0
1582900061 2.900158527 0.3333333333333333 1
1582900620 2.806973144 0.3333333333333333 1
1582902365 2.896019496 0.3333333333333333 1
1582902925 2.977394479 0.3333333333333333 1
1582903530 2.927816972 0.6666666666666666 1
1574710944 2.864643323 0.0 0
