1569854528 5.489505712 0.0 0
1569855964 5.011690355 0.0 0
1571330224 5.506646958 0.16666666666666666 1
1571766580 5.59781694 0.16666666666666666 1
1571767363 5.625600879 0.16666666666666666 1
1572537473 4.439487584 0.0 0
1572538129 4.511940498 0.2 1
1572538789 4.380967177 0.2 1
1572539442 4.357122272 0.2 1
1572540090 4.425549289 0.25 1
1572540995 4.523990624 0.25 1
1572541649 4.385464085 0.0 0
1572542297 4.44953711 0.0 0
1572542944 4.412559949 0.2 1
1572543609 4.407255984 0.2 1
1572871363 4.479009172 0.2 1
1572872013 4.472387619 0.2 1
1572872690 4.350743619 0.25 1
1572873344 4.434867904 0.25 1
1572873997 4.472304677 0.0 0
1572875059 3.359959269 0.4 1
1572875920 4.433381509 0.0 0
1572877145 4.447621402 0.2 1
1572877795 4.299777463 0.0 0
1572879040 4.385491693 0.0 0
1572967430 4.511573733 0.2 1
1572968087 4.293084206 0.25 1
1572969389 4.400188289 0.0 0
1572970050 4.469717942 0.0 0
1572970700 4.321758894 0.0 0
1572971352 4.427279863 0.2 1
1572972015 4.38758643 0.0 0
1572972673 4.33222683 0.0 0
1572973389 4.42519531 0.2 1
1572974039 4.400183791 0.0 0
1572974690 4.450567132 0.0 0
1573208973 4.400424577 0.2 1
1573209629 4.312566322 0.0 0
1573210303 4.312353734 0.0 0
1573210971 4.435305079 0.2 1
1573211630 4.42210192 0.0 0
1573212278 4.422862185 0.2 1
1573212929 4.44444754 0.2 1
1573213580 4.519274783 0.0 0
1573214253 4.376094376 0.25 1
1573214910 4.400406221 0.0 0
1573310426 3.950280883 0.25 1
1573311047 4.052935975 0.0 0
1573311662 4.054974918 0.25 1
1573312367 3.924072381 0.25 1
1573312977 4.395796582 0.0 0
1573313603 4.129282335 0.2 1
1573314237 4.019659857 0.25 1
1573314850 4.158815156 0.25 1
1574696459 4.138882861 0.25 1
1574697039 3.955860545 0.25 1
1574697630 3.846169401 0.25 1
1574698204 3.889334703 0.0 0
1574698788 3.880410054 0.0 0
1574709574 4.018848341 0.0 0
1574710861 3.987078487 0.0 0
1574956212 3.913062499 0.25 1
1574956873 3.926871754 0.0 0
1574957475 3.931619951 0.25 1
1574958054 3.958156824 0.25 1
1574958646 6.996897883 0.14285714285714285 1
1574959235 4.003933906 0.25 1
1574959838 3.886296161 0.0 0
1574960416 3.895441069 0.0 0
1574961027 3.913175061 0.25 1
1574961663 3.960710896 0.25 1
1575033137 4.158845409 0.0 0
1575033706 4.194041071 0.25 1
1575034296 3.978165995 0.0 0
1575034862 3.960097559 0.0 0
1575035433 4.092025644 0.0 0
1575036461 14.495364395 0.0 0
1575037034 3.928334341 0.25 1
1575037592 4.052072693 0.0 0
1575038594 3.93283918 0.25 1
1575039164 4.042376066 0.25 1
1575120427 3.923413683 0.25 1
1575120990 3.930235525 0.25 1
1575121550 3.906413198 0.25 1
1575121959 4.953899434 0.16666666666666666 1
1575122613 3.89643683 0.0 0
1575123170 4.109239179 0.0 0
1575123729 3.886394012 0.0 0
1575124286 3.961727997 0.0 0
1575124853 3.931952496 0.25 1
1575125411 4.054161553 0.25 1
1575125980 3.939781992 0.0 0
1575297729 3.827586799 0.5 1
1575298306 3.926076111 0.5 1
1575298874 4.120183366 0.8 2
1575299452 3.958089266 0.0 0
1575300024 4.112610237 0.0 0
1575300643 3.92108746 0.0 0
1575301214 4.029960432 0.25 1
1575302025 3.914893126 0.0 0
1575390213 4.181578105 0.2 1
1575390780 4.065792583 0.25 1
1575391347 3.898689961 0.0 0
1575391912 3.971515249 0.25 1
1575392721 3.900417311 0.0 0
1575393358 4.044793899 0.2 1
1575393917 3.882815227 0.0 0
1575394484 3.996130475 0.25 1
1575395047 3.918219195 0.25 1
1575395610 4.112755476 0.25 1
1575562444 3.961404181 0.0 0
1575563143 3.806668992 0.25 1
1575563791 3.965196006 0.0 0
1575564387 3.980233306 0.0 0
1575564970 4.023006111 0.0 0
1575565536 3.887910726 0.0 0
1575566105 4.125599649 0.0 0
1575566691 4.008879542 0.25 1
1575568011 3.959943996 0.25 1
1575568618 3.884889911 0.0 0
1579191065 3.871080362 0.0 0
1579191678 4.134947049 0.25 1
1579192242 4.141883059 0.0 0
1579192824 3.905080275 0.25 1
1579193391 3.976349432 0.0 0
1579193979 3.995720246 0.25 1
1579194548 4.137234247 0.4 1
1579195112 3.837386905 0.25 1
1579195703 3.999974393 0.25 1
1579196265 3.911065458 0.0 0
1579359471 3.924061768 0.0 0
1579360048 3.939693376 0.0 0
1579360609 3.92775474 0.25 1
1579361165 4.071211877 0.25 1
1579361720 4.006838583 0.0 0
1579362275 3.883701739 0.0 0
1579362830 3.831053201 0.25 1
1579363397 4.265601816 0.25 1
1579363964 4.211006258 0.2 1
1579364523 4.019436345 0.25 1
1579530442 4.023761903 0.25 1
1579531088 4.224746147 1.0 2
1579532129 4.016639459 0.75 2
1579532833 3.974997699 0.25 1
1579533498 3.933510438 0.5 1
1579534099 4.016281756 0.25 1
1579534784 3.992830779 0.0 0
1579535396 3.892514832 0.0 0
1579536469 4.199405625 0.0 0
1579537048 4.183093572 0.25 1
1580223774 4.109092966 0.0 0
1580224332 3.973176169 0.0 0
1580224888 4.0164612 0.0 0
1580225453 4.054310878 0.0 0
1580226012 3.890080931 0.5 1
1580226597 3.942510042 0.25 1
1580227165 3.932998293 0.0 0
1580227763 4.019935035 0.25 1
1580228344 3.867834612 0.0 0
1580228902 3.873779667 0.0 0
1580312332 3.923590852 0.0 0
1580312912 3.979818258 0.25 1
1580313468 3.956929058 0.25 1
1580314431 3.996051764 0.25 1
1580314988 3.91505531 0.0 0
1580315548 4.041734503 0.25 1
1580316109 4.044906332 0.25 1
1580316810 3.887425038 0.25 1
1580317404 3.92081694 0.25 1
1581942470 3.971569569 0.25 1
1581943672 3.932386527 0.25 1
1581944962 3.975419361 0.25 1
1581945942 3.975447985 0.0 0
1581946513 4.05495951 0.25 1
1581947080 3.998032763 0.25 1
1581948002 3.96422986 0.25 1
1581949100 4.179569382 0.4 1
1582034075 3.659669804 0.2 1
1582035678 4.471346169 0.2 1
1582036285 4.39554188 0.2 1
1582036891 4.652352051 0.2 1
1582037496 4.562041936 0.0 0
1582038086 4.547928101 0.2 1
1582038684 4.151626921 0.0 0
1582041583 4.62763654 0.2 1
1582042187 4.326495396 0.25 1
1582043780 4.588504735 0.0 0
1582044386 4.179168896 0.0 0
1582637994 4.026111757 0.0 0
1582638555 4.206046299 0.0 0
1582639629 3.938617481 0.25 1
1582640809 3.925303088 0.5 1
1582641367 3.908919582 0.0 0
1582641939 4.015136449 0.25 1
1582642506 3.976603441 0.25 1
1582643080 3.978670294 0.25 1
1582643681 3.984973671 0.25 1
1582644237 3.882446637 0.0 0
1582898838 3.911286703 0.25 1
1582899409 3.912486823 0.0 0
1582899978 4.055993323 0.25 1
1582900538 3.988221058 0.0 0
1582902197 4.081503098 0.0 0
1582902844 3.923407473 0.25 1
1582903448 4.000171878 0.25 1
1574710861 3.987078487 0.0 0
