1569854523 5.250948991 0.0 0
1569855953 8.028884862 0.125 1
1571330219 5.345359834 0.0 0
1571766575 5.278357333 0.4 1
1571767357 5.536212563 0.0 0
1572537469 4.313957165 0.0 0
1572538125 4.273193825 0.0 0
1572538785 4.267060902 0.0 0
1572539438 4.427865749 0.0 0
1572540085 4.310598726 0.0 0
1572540990 4.17441481 0.0 0
1572541644 4.310762362 0.0 0
1572542293 4.293334107 0.0 0
1572542940 4.347301533 0.0 0
1572543605 4.297031185 0.0 0
1572871359 4.313549302 0.0 0
1572872009 4.330617486 0.25 1
1572872686 4.311356119 0.0 0
1572873339 4.27258629 0.0 0
1572873993 4.235265995 0.0 0
1572875054 4.298578654 0.0 0
1572875916 4.210623497 0.25 1
1572877141 4.369760818 0.0 0
1572877791 4.352618974 0.0 0
1572879036 4.182555262 0.0 0
1572967426 4.466491722 0.0 0
1572968082 4.397146211 0.0 0
1572969385 4.346034091 0.0 0
1572970045 4.363953792 0.0 0
1572970696 4.33170367 0.0 0
1572971348 4.341712703 0.0 0
1572972011 4.34538374 0.0 0
1572972669 4.366944241 0.0 0
1572973385 4.423793473 0.0 0
1572974034 4.401376621 0.0 0
1572974686 4.347893969 0.0 0
1573208969 4.39876438 0.0 0
1573209625 4.354306213 0.0 0
1573210299 4.399779704 0.0 0
1573210967 4.221285716 0.0 0
1573211626 4.183489356 0.0 0
1573212274 4.350346214 0.0 0
1573212925 4.271207071 0.0 0
1573213576 4.348570327 0.0 0
1573214248 4.347499212 0.0 0
1573214906 4.372119021 0.0 0
1573310422 4.054036563 0.25 1
1573311043 3.813905553 0.0 0
1573311658 3.795873805 0.75 1
1573312363 4.140274388 0.25 1
1573312973 4.186194773 0.0 0
1573313600 3.897271331 0.6666666666666666 1
1573314233 4.054697522 0.25 1
1573314846 4.014202988 0.0 0
1574696455 4.080712909 0.0 0
1574697036 3.737752452 0.3333333333333333 1
1574697626 4.052380354 0.0 0
1574698200 3.93561398 0.0 0
1574698785 3.858915597 0.0 0
1574709570 4.102337036 0.25 1
1574710857 3.891035076 0.0 0
1574956208 3.818692263 0.75 2
1574956869 3.982332544 0.5 1
1574957471 3.776063547 1.0 2
1574958050 4.05069434 1.0 3
1574958642 4.099032537 0.5 1
1574959231 3.938896802 0.75 2
1574959834 3.991302192 0.5 1
1574960413 3.959805698 1.25 2
1574961023 3.845333389 1.25 3
1574961659 3.867677048 0.5 2
1575033133 3.805500269 0.25 1
1575033702 3.963605415 0.25 1
1575034292 3.847963163 1.25 2
1575034858 3.969283959 0.75 1
1575035429 4.001083219 0.25 1
1575036457 4.051954356 0.0 0
1575037030 3.940845669 0.75 1
1575037589 3.80368763 0.75 2
1575038590 3.880102823 0.5 2
1575039160 3.932797114 0.0 0
1575120423 3.835922301 1.75 3
1575120986 4.061248287 0.75 2
1575121546 3.926311205 1.5 3
1575121954 3.742217738 0.0 0
1575122609 3.834593351 0.25 1
1575123166 3.818808732 1.5 2
1575123725 3.929355884 0.25 1
1575124282 3.829644562 0.75 2
1575124849 3.839494555 0.0 0
1575125407 3.812744658 0.0 0
1575125976 3.835547922 1.0 3
1575297725 3.908905425 0.0 0
1575298302 4.18817276 0.0 0
1575298870 3.947310835 0.6666666666666666 1
1575299448 3.889687595 0.25 1
1575300020 3.929229363 0.25 1
1575300639 3.902689096 0.0 0
1575301210 4.002107578 0.0 0
1575302021 4.128870931 0.5 1
1575390209 3.879199097 0.5 1
1575390776 3.923435528 0.75 2
1575391343 3.826304013 0.0 0
1575391908 3.870105812 0.25 1
1575392717 3.956246607 0.25 1
1575393354 3.922291967 1.6666666666666667 2
1575393913 3.908259871 0.75 2
1575394480 3.823824849 0.0 0
1575395043 3.810220064 0.5 1
1575395606 3.8961844 1.0 2
1575562441 3.762826447 1.0 2
1575563139 3.923475341 1.0 3
1575563787 3.778736573 1.0 2
1575564383 3.97581897 1.25 3
1575564966 3.856109729 0.5 1
1575565532 3.90832097 0.25 1
1575566101 3.927797122 0.5 1
1575566687 3.973664361 1.0 2
1575568007 3.896621277 1.25 2
1575568614 3.941703888 1.25 2
1579191061 3.966907425 0.5 1
1579191674 3.802074459 0.25 1
1579192238 3.92451759 0.0 0
1579192820 4.074406105 0.0 0
1579193387 3.952732006 1.0 2
1579193975 3.852504543 1.0 2
1579194543 4.097476138 0.0 0
1579195108 3.892458989 0.0 0
1579195699 3.783240175 0.75 2
1579196261 3.928561202 0.0 0
1579359467 3.889766591 0.0 0
1579360044 4.009081744 0.0 0
1579360605 3.882716206 0.0 0
1579361161 3.906224449 0.0 0
1579361716 3.833508736 0.25 1
1579362271 3.899083783 0.0 0
1579362826 4.008879386 0.5 1
1579363393 3.929432408 0.0 0
1579363960 4.019904596 0.0 0
1579364519 4.022946891 0.0 0
1579530438 4.001541692 0.25 1
1579531084 3.885983888 1.5 3
1579532125 3.952076005 1.0 3
1579532829 4.011071243 1.25 2
1579533494 3.949936712 0.5 1
1579534095 3.884374057 0.5 2
1579534780 3.897286453 1.25 3
1579535392 3.973523273 0.75 2
1579536465 4.063482186 0.5 1
1579537044 3.803280175 0.25 1
1580223770 3.847445405 1.0 2
1580224329 3.758313323 0.0 0
1580224884 3.775109477 0.0 0
1580225449 4.208311651 0.25 1
1580226008 3.95679904 0.0 0
1580226593 4.009391081 0.0 0
1580227160 4.086314984 0.2 1
1580227759 4.003737296 0.5 2
1580228340 4.013340827 0.0 0
1580228898 3.983951954 0.0 0
1580312329 3.931170882 0.6666666666666666 2
1580312908 3.878098345 0.0 0
1580313464 3.975869381 0.25 1
1580314427 3.902776786 0.5 1
1580314985 3.84533236 0.0 0
1580315543 4.17742216 0.0 0
1580316105 3.668286828 1.5 3
1580316806 3.923740885 1.0 2
1580317400 3.998926474 0.25 1
1581942466 3.92808304 0.25 1
1581943668 3.854100948 0.0 0
1581944958 3.869074303 0.25 1
1581945938 3.872395684 0.0 0
1581946509 3.840483893 0.0 0
1581947076 3.788491942 0.0 0
1581947998 3.815371786 0.0 0
1581949096 4.171439855 0.25 1
1582034054 3.823834981 0.0 0
1582035674 4.528406857 0.0 0
1582036281 4.304571453 0.25 1
1582036887 4.555993267 0.0 0
1582037491 4.654775743 0.0 0
1582038082 4.374166713 0.0 0
1582038680 4.280289116 0.0 0
1582041578 4.543873799 0.0 0
1582042183 4.054464527 0.0 0
1582043775 4.437416846 0.4 1
1582044382 3.911028352 0.25 1
1582637991 3.885050804 0.0 0
1582638551 3.898850513 0.0 0
1582639625 3.925206508 0.0 0
1582640805 3.85310043 0.75 2
1582641363 3.900215201 0.5 2
1582641935 3.892452887 1.25 2
1582642502 3.840547511 0.0 0
1582643076 3.969670486 0.0 0
1582643678 2.875522703 0.0 0
1582644234 3.836974737 0.6666666666666666 2
1582898834 3.976456333 0.0 0
1582899405 3.984515777 0.0 0
1582899974 3.839839115 0.25 1
1582900535 3.805840238 0.0 0
1582902193 3.878968693 1.25 3
1582902840 3.952433102 0.75 2
1582903444 3.795754986 0.5 2
1574710857 3.891035076 0.0 0
