1569854521 5.434995052 0.3333333333333333 1
1569855952 5.166966189 2.2 3
1571330218 5.392136551 0.2 1
1571766574 5.578801049 0.0 0
1571767356 5.378397133 0.16666666666666666 1
1572537468 4.332629533 0.5 1
1572538124 4.265034812 0.25 1
1572538784 4.507605035 0.25 1
1572539437 4.284348236 0.5 1
1572540084 4.432064634 0.2 1
1572540989 4.345119071 0.2 1
1572541643 4.351249265 0.2 1
1572542292 4.429573024 0.25 1
1572542939 4.39576468 0.25 1
1572543604 4.425700465 0.25 1
1572871358 4.239100162 0.25 1
1572872008 4.395699177 0.0 0
1572872685 4.479927828 1.0 2
1572873338 4.340291863 0.8 2
1572873992 4.176471809 0.75 1
1572875053 4.268667598 0.5 1
1572875915 4.418818501 0.0 0
1572877140 4.604406611 0.5 1
1572877789 4.38620878 0.2 1
1572879034 4.637234228 1.2 2
1572967425 4.471344347 0.75 1
1572968081 4.431848853 0.6 1
1572969384 4.357916544 0.25 1
1572970044 4.474691829 0.2 1
1572970695 4.417264989 0.25 1
1572971347 4.69036432 0.25 1
1572972010 4.337647743 0.5 1
1572972667 4.402159734 0.2 1
1572973384 4.515053388 0.75 2
1572974033 4.356879967 0.4 1
1572974685 4.431268865 0.5 1
1573208968 4.263091152 0.75 1
1573209624 4.407807167 0.6 1
1573210298 4.343915234 0.75 1
1573210966 4.480189299 0.25 1
1573211625 4.378930872 0.25 1
1573212273 4.460895065 0.25 1
1573212924 4.282300377 0.25 1
1573213574 4.563718821 0.6 1
1573214247 4.443369242 0.4 1
1573214903 5.839995012 0.3333333333333333 1
1573310421 4.16172963 0.0 0
1573311042 4.149662518 0.5 1
1573311657 3.996296594 0.0 0
1573312362 4.14520335 0.0 0
1573312972 4.256739331 0.25 1
1573313599 3.963734346 0.0 0
1573314232 4.019716926 0.0 0
1573314845 3.965197905 0.5 1
1574696454 4.256995185 0.5 1
1574697034 4.011773234 1.25 3
1574697625 3.795172029 0.5 1
1574698199 3.89321014 0.5 1
1574698784 4.039396981 1.0 2
1574709570 3.924318988 0.25 1
1574710856 4.017208125 0.0 0
1574956207 3.926653378 0.25 1
1574956869 3.865738927 0.0 0
1574957470 3.923587971 0.75 1
1574958049 4.097126183 0.75 2
1574958641 4.447849904 0.0 0
1574959230 3.995211757 0.25 1
1574959834 3.752747796 0.0 0
1574960411 4.035649368 0.5 1
1574961022 3.927375992 1.0 2
1574961658 4.011843429 0.5 1
1575033132 4.053588556 0.0 0
1575033701 4.01941502 0.0 0
1575034291 3.975483915 0.5 1
1575034857 4.092971606 0.0 0
1575035428 4.088786208 1.75 3
1575036452 8.020224605 0.875 1
1575037029 3.847539162 0.0 0
1575037588 3.888117279 0.3333333333333333 1
1575038589 3.973294374 0.25 1
1575039159 4.18472807 0.25 1
1575120422 4.013326496 1.25 2
1575120985 4.003667128 0.25 1
1575121545 3.972828786 0.75 2
1575121953 3.916106893 1.5 2
1575122608 3.964060851 1.5 3
1575123165 4.11109526 0.5 1
1575123724 4.021670696 0.0 0
1575124281 3.863829575 0.25 1
1575124848 4.018895569 1.5 2
1575125406 4.000382509 1.0 2
1575125975 3.956543116 0.75 2
1575297724 4.124733439 1.0 2
1575298301 4.018647183 0.5 1
1575298869 4.101893681 0.0 0
1575299447 4.046127605 0.0 0
1575300019 4.094515898 1.25 3
1575300638 4.015611314 1.25 2
1575301209 4.083154516 0.5 1
1575302020 4.25073687 0.0 0
1575390208 3.998291201 0.0 0
1575390775 4.045053891 0.5 1
1575391342 4.116678884 1.0 2
1575391907 3.971737234 0.0 0
1575392716 4.039455017 0.0 0
1575393353 4.066842 0.5 1
1575393912 3.916438145 0.25 1
1575394479 4.03428337 1.0 2
1575395042 3.917263276 0.0 0
1575395605 3.951236685 0.5 1
1575562440 3.947693194 0.6666666666666666 1
1575563138 4.03574949 0.75 2
1575563786 3.981536361 0.5 1
1575564382 4.038690966 0.75 2
1575564965 3.983247383 0.0 0
1575565531 3.979822847 0.0 0
1575566100 4.175455182 0.0 0
1575566686 4.076073228 0.5 1
1575568006 4.168382321 0.5 1
1575568613 3.739968245 0.5 1
1579191060 3.712988999 0.0 0
1579191673 4.32603059 0.0 0
1579192237 4.099904546 1.25 2
1579192819 4.038606254 1.0 2
1579193386 4.005012948 0.5 1
1579193974 4.031025108 0.25 1
1579194543 4.182240797 0.25 1
1579195107 3.957703115 0.25 1
1579195698 4.035889304 0.25 1
1579196260 4.044649374 1.0 2
1579359466 3.980585978 0.25 1
1579360043 3.841211155 0.75 1
1579360604 3.861015569 1.0 2
1579361160 4.058227107 0.75 1
1579361715 4.10204844 1.25 3
1579362270 4.051721053 1.25 3
1579362825 3.962951061 1.75 3
1579363392 4.309533579 1.5 2
1579363960 4.012392295 0.5 1
1579364518 4.102566322 0.75 1
1579530437 4.122117161 0.0 0
1579531083 4.136411471 0.75 2
1579532124 3.953467442 0.5 2
1579532829 3.907545638 0.3333333333333333 1
1579533493 3.973012336 0.0 0
1579534094 4.309511751 0.5 1
1579534779 4.107437388 0.75 2
1579535391 4.019682933 0.25 1
1579536464 4.003455121 0.0 0
1579537043 3.888483866 0.0 0
1580223769 4.063430586 0.5 1
1580224328 3.881909926 1.25 2
1580224883 3.940082879 1.25 2
1580225448 4.180266516 0.0 0
1580226007 4.162422044 0.75 1
1580226592 3.860098616 0.75 1
1580227160 3.969331161 0.25 1
1580227758 4.127730548 0.4 1
1580228339 4.109683736 0.5 1
1580228898 3.67653275 0.6666666666666666 1
1580312327 4.034422406 0.5 1
1580312907 3.96379546 1.0 2
1580313463 4.004111819 1.75 3
1580314426 3.976760968 0.0 0
1580314984 4.009236943 1.25 2
1580315543 3.734627296 0.5 1
1580316104 4.055956902 0.75 2
1580316805 3.989363423 0.25 1
1580317399 4.072966994 1.75 3
1581942465 4.094950832 0.0 0
1581943667 3.9687346 1.0 2
1581944957 3.971247434 0.0 0
1581945937 4.13416943 0.25 1
1581946508 4.063333697 1.0 2
1581947075 4.000793073 0.5 1
1581947997 4.063569335 0.25 1
1581949095 4.534761245 0.0 0
1582034053 4.364170349 1.0 2
1582035673 4.692029828 0.25 1
1582036280 4.303884863 0.75 3
1582036885 4.745567869 0.6 1
1582037490 4.464173361 0.8 1
1582038081 4.50626805 0.5 1
1582038679 4.205544841 0.5 1
1582041577 4.726171369 0.4 1
1582042182 4.217480432 0.25 1
1582043774 4.690588434 0.0 0
1582044382 3.880423846 0.0 0
1582637990 4.05275013 1.0 2
1582638550 4.018710955 1.25 2
1582639624 4.098032316 1.0 1
1582640804 3.982776358 0.25 1
1582641362 3.966459069 1.0 2
1582641934 4.011590687 0.5 1
1582642501 4.021501838 0.25 1
1582643075 3.983498917 0.75 2
1582643676 4.070549481 0.75 1
1582644232 4.09526929 0.5 1
1582898833 3.91545525 0.25 1
1582899404 3.929969877 1.0 2
1582899973 4.061168625 1.5 3
1582900534 3.934770344 0.75 2
1582902192 3.965549884 0.75 2
1582902839 4.059789459 0.25 1
1582903443 4.023571217 2.25 4
1574710856 4.017208125 0.0 0
