1569854660 5.578176701 0.2 1
1569856251 4.848335331 0.5 1
1571330322 5.812560465 0.2 1
1571766679 5.627461144 0.4 1
1571767462 5.675940915 0.16666666666666666 1
1572537557 4.551305016 0.0 0
1572538210 4.628281318 0.2 1
1572538870 4.563680827 0.2 1
1572539523 4.500244227 0.25 1
1572540170 4.609211677 0.2 1
1572541076 4.523007308 0.4 1
1572541729 4.543152109 0.2 1
1572542378 4.561865996 0.5 1
1572543025 4.521032061 0.2 1
1572543690 4.616616219 0.25 1
1572871444 4.659560663 0.2 1
1572872095 4.664198436 0.2 1
1572872773 4.550566209 0.0 0
1572873425 4.491577909 0.25 1
1572874083 4.56567666 0.2 1
1572875147 4.538265527 0.0 0
1572876000 4.562951606 0.2 1
1572877226 4.412453796 0.2 1
1572877881 4.72722276 0.0 0
1572879121 4.619236872 0.2 1
1572967512 4.560022894 0.0 0
1572968169 4.555275853 0.2 1
1572969470 4.578832216 0.5 1
1572970131 4.527110445 0.2 1
1572970781 4.606782407 0.2 1
1572971442 4.50920852 0.2 1
1572972105 4.600967326 0.5 1
1572972754 4.594478449 0.0 0
1572973470 4.622635997 0.25 1
1572974119 4.593993636 0.2 1
1572974771 4.671698121 0.2 1
1573209054 4.512207481 0.0 0
1573209709 4.616150069 0.2 1
1573210385 4.457931712 0.25 1
1573211053 4.446537699 0.25 1
1573211711 4.544630272 0.0 0
1573212359 4.573963559 0.2 1
1573213013 4.665974261 0.25 1
1573213661 4.520397351 0.2 1
1573214333 4.527651795 0.2 1
1573214992 4.569891571 0.0 0
1573310506 4.099175057 0.25 1
1573311123 4.186230518 0.2 1
1573311736 4.104220258 0.0 0
1573312443 4.091107962 0.25 1
1573313056 4.19800287 0.25 1
1573313682 4.43543458 0.25 1
1573314311 4.382730925 0.2 1
1573314926 4.1066547 0.25 1
1574696533 4.227020627 0.2 1
1574697114 4.301815878 0.0 0
1574697706 4.211487289 0.25 1
1574698278 4.201196316 0.25 1
1574698866 4.231245496 0.0 0
1574709677 4.179518155 0.0 0
1574710936 4.185070614 0.0 0
1574956286 4.247546118 0.25 1
1574956948 4.126161619 0.0 0
1574957548 4.319211361 0.2 1
1574958131 4.216925806 0.0 0
1574958724 4.363024975 0.0 0
1574959312 4.313693616 0.0 0
1574959913 4.235354254 0.25 1
1574960491 4.184418571 0.25 1
1574961101 4.239880771 0.25 1
1574961736 4.255260145 0.2 1
1575033213 4.227100386 0.25 1
1575033781 4.210104138 0.25 1
1575034371 4.188787563 0.25 1
1575034944 4.32479096 0.2 1
1575035507 4.197009033 0.2 1
1575036546 4.19550248 0.25 1
1575037108 4.178586084 0.25 1
1575037666 4.231346781 0.0 0
1575038669 4.211666785 0.25 1
1575039239 4.274603081 0.0 0
1575120501 4.261389383 0.25 1
1575121066 4.151026828 0.25 1
1575121790 5.629846461 -1 -1
1575122060 4.187477359 0.2 1
1575122687 4.122063099 0.25 1
1575123244 4.226732463 0.25 1
1575123803 4.28499012 0.0 0
1575124359 4.224516399 0.2 1
1575124926 4.173409647 0.25 1
1575125488 4.262281972 0.4 1
1575126055 4.386130206 0.25 1
1575297805 4.324389962 0.2 1
1575298380 4.097402768 0.25 1
1575298950 4.238721077 0.25 1
1575299530 4.303558959 0.25 1
1575300101 4.170697268 0.0 0
1575300719 4.196941509 0.25 1
1575301491 4.224315976 0.25 1
1575302099 4.271628085 0.0 0
1575390287 4.204694875 0.2 1
1575390857 4.176248217 0.0 0
1575391420 4.174881772 0.2 1
1575391986 4.260401704 0.2 1
1575392796 4.278645724 0.25 1
1575393433 4.213586276 0.0 0
1575393991 4.278053309 0.25 1
1575394558 4.202408541 0.0 0
1575395122 4.275490208 0.25 1
1575395685 4.309721556 0.2 1
1575562520 4.20410456 0.25 1
1575563217 4.269459725 0.25 1
1575563866 4.265049852 0.0 0
1575564463 4.22192894 0.0 0
1575565045 4.255177915 0.25 1
1575565610 4.192972161 0.0 0
1575566184 4.303689355 0.0 0
1575566766 4.258515548 0.25 1
1575568111 4.229196158 0.25 1
1575568695 4.22331497 0.2 1
1579191140 4.279715411 0.25 1
1579191752 4.112373248 0.0 0
1579192319 4.147492692 0.25 1
1579192897 4.301462685 0.2 1
1579193466 4.20259158 0.25 1
1579194054 4.19843943 0.0 0
1579194622 4.252377476 0.2 1
1579195187 4.222542377 0.25 1
1579195777 4.141335518 0.0 0
1579196340 4.298256475 0.25 1
1579359546 4.246195143 0.25 1
1579360122 4.187429384 0.2 1
1579360683 4.224394723 0.0 0
1579361239 4.132441564 0.25 1
1579361794 4.268444282 0.0 0
1579362348 4.166638788 0.0 0
1579362905 4.277198308 0.0 0
1579363472 4.231360405 0.2 1
1579364039 4.13904159 0.25 1
1579364598 4.221182968 0.0 0
1579530590 4.167571408 0.0 0
1579531163 4.268204921 0.0 0
1579532202 4.225471961 0.0 0
1579532911 4.272329954 0.25 1
1579533572 4.212862976 0.25 1
1579534172 4.265284287 0.2 1
1579534858 4.144463503 0.0 0
1579535474 4.24732393 0.25 1
1579536546 4.308695185 0.2 1
1579537122 4.248932851 0.0 0
1580223849 4.194960535 0.25 1
1580224407 4.263711364 0.0 0
1580224964 4.272377313 0.25 1
1580225528 4.292900109 0.25 1
1580226087 4.157335227 0.25 1
1580226671 4.380824178 0.2 1
1580227239 4.206874197 0.0 0
1580227837 4.319003105 0.25 1
1580228418 4.181916861 0.0 0
1580228978 4.269631282 0.0 0
1580312406 4.212764092 0.25 1
1580312986 4.308783102 0.0 0
1580313865 4.538233056 0.2 1
1580314504 4.283203727 0.2 1
1580315062 4.210507359 0.2 1
1580315623 4.230015327 0.25 1
1580316185 4.211462044 0.25 1
1580316888 4.089300747 0.0 0
1580317480 4.136049156 0.0 0
1581942545 4.149797769 0.0 0
1581944123 4.15430821 0.25 1
1581945067 4.138153467 0.0 0
1581946019 4.274185142 0.25 1
1581946587 4.175630691 0.0 0
1581947157 4.575422581 0.0 0
1581948076 4.19117333 0.0 0
1581949178 4.190825148 0.2 1
1582034879 4.053766936 0.0 0
1582035759 4.68942445 0.2 1
1582036366 4.044900011 0.0 0
1582036970 4.57838768 0.2 1
1582037576 4.407945965 0.5 1
1582038167 4.432802238 0.0 0
1582038762 3.964099063 0.0 0
1582041666 4.471873511 0.25 1
1582042423 3.908159984 0.0 0
1582043865 4.749870605 0.2 1
1582044465 4.011711219 0.0 0
1582638069 4.135998901 0.25 1
1582638631 4.221459776 0.0 0
1582640063 4.093136738 0.5 1
1582640884 4.161223314 0.25 1
1582641441 4.156337928 0.25 1
1582642015 4.231536877 0.0 0
1582642582 4.104361994 0.0 0
1582643155 4.668215311 0.2 1
1582643755 4.097437893 0.25 1
1582644312 4.14307101 0.0 0
1582898923 4.27928011 0.25 1
1582899485 4.095652555 0.0 0
1582900054 4.176329169 0.0 0
1582900613 4.104482704 0.0 0
1582902358 4.135308623 0.25 1
1582902918 4.091490817 0.25 1
1582903523 4.117531837 0.25 1
1574710936 4.185070614 0.0 0
