1569854533 2.788893513 0.0 0
1569855977 3.756459891 0.0 0
1571330230 2.719627041 0.0 0
1571766586 2.782853977 0.0 0
1571767369 2.78237334 0.0 0
1572537478 2.188467597 0.0 0
1572538134 2.217593282 0.0 0
1572538794 2.270765466 0.0 0
1572539447 2.212107427 0.0 0
1572540094 2.174178361 0.0 0
1572540999 2.204495088 0.0 0
1572541653 2.269886844 0.0 0
1572542301 2.214628782 0.0 0
1572542949 2.268640106 0.0 0
1572543614 2.344250565 0.0 0
1572871368 2.207822197 0.0 0
1572872018 2.234315261 0.0 0
1572872695 2.305967364 0.0 0
1572873348 2.181934357 0.0 0
1572874001 2.257816355 0.0 0
1572875063 2.219180878 0.0 0
1572875924 2.256392526 0.0 0
1572877150 2.170473918 0.0 0
1572877799 2.171103602 0.0 0
1572879044 2.23266434 0.0 0
1572967435 2.315230028 0.0 0
1572968091 2.261106149 0.0 0
1572969393 2.258294361 0.0 0
1572970054 2.301444044 0.0 0
1572970704 2.269916617 0.0 0
1572971357 2.24848927 0.0 0
1572972019 2.175480919 0.0 0
1572972677 2.310762265 0.0 0
1572973393 2.368043193 0.0 0
1572974043 2.209798238 0.0 0
1572974694 2.1729636 0.0 0
1573208978 2.219747614 0.5 1
1573209633 2.167206834 0.0 0
1573210307 2.295742352 0.0 0
1573210976 2.383051364 0.0 0
1573211634 2.305846775 0.0 0
1573212283 2.250196574 0.0 0
1573212934 2.312251151 0.0 0
1573213584 2.180969331 0.0 0
1573214257 2.200021338 0.0 0
1573214914 2.247481794 0.0 0
1573310430 2.262977532 0.0 0
1573311051 2.142204077 0.0 0
1573311666 2.036639433 0.0 0
1573312371 2.303455818 0.0 0
1573312981 2.10176498 0.0 0
1573313607 2.0751546 0.0 0
1573314241 2.009251701 0.0 0
1573314854 2.221064647 0.0 0
1574696463 2.083227506 0.0 0
1574697043 2.131817834 0.0 0
1574697634 2.102290427 0.0 0
1574698207 2.095687285 0.0 0
1574698792 2.080280136 0.0 0
1574709578 2.126104761 0.0 0
1574710865 2.307724362 0.0 0
1574956216 2.005800027 0.0 0
1574956877 2.131030249 0.0 0
1574957479 1.983370809 0.0 0
1574958058 2.20683711 0.0 0
1574958653 2.383658575 0.0 0
1574959239 2.065091907 0.0 0
1574959842 2.099962824 0.0 0
1574960420 2.081137428 0.0 0
1574961031 2.06471009 0.0 0
1574961667 2.005723732 0.0 0
1575033141 2.176873164 0.0 0
1575033710 2.043803006 0.0 0
1575034300 1.960810966 0.0 0
1575034866 2.133087743 0.0 0
1575035437 1.917792962 0.0 0
1575036475 2.004674178 0.0 0
1575037038 2.04378399 0.0 0
1575037596 1.954131733 0.0 0
1575038598 2.08736672 0.0 0
1575039168 2.045399756 0.0 0
1575120431 2.121704501 0.0 0
1575120994 1.997931205 0.0 0
1575121554 2.104442268 0.0 0
1575121964 2.007782393 0.0 0
1575122617 2.144186665 0.0 0
1575123174 2.051437514 0.0 0
1575123733 1.92259303 0.0 0
1575124289 2.121090601 0.0 0
1575124857 1.969043102 0.0 0
1575125415 2.043616659 0.0 0
1575125983 2.176024888 0.0 0
1575297732 2.115313586 0.0 0
1575298310 2.185995576 0.0 0
1575298878 1.965371545 0.0 0
1575299456 2.153272031 0.0 0
1575300028 2.180063388 0.0 0
1575300647 1.952797283 0.0 0
1575301218 2.11740801 0.0 0
1575302029 1.991413025 0.0 0
1575390218 2.068860939 0.0 0
1575390784 2.226225224 0.5 1
1575391351 1.997849681 0.0 0
1575391916 2.009533567 0.0 0
1575392725 1.957448062 0.0 0
1575393361 1.931980761 0.0 0
1575393921 2.040401106 0.0 0
1575394488 2.058226174 0.0 0
1575395051 2.173790185 0.0 0
1575395614 2.054878163 0.0 0
1575562448 2.037855438 0.0 0
1575563147 2.003706969 0.0 0
1575563795 2.085815613 0.0 0
1575564391 2.054115219 0.0 0
1575564974 2.020125985 0.0 0
1575565539 2.001327997 0.0 0
1575566109 2.052507226 0.0 0
1575566695 1.946815243 0.0 0
1575568015 1.96265228 0.0 0
1575568621 1.929040151 0.0 0
1579191069 2.252826838 0.0 0
1579191682 1.933796281 0.0 0
1579192247 2.14736193 0.0 0
1579192827 2.129688537 0.0 0
1579193395 2.062940088 0.0 0
1579193982 2.176548219 0.0 0
1579194551 2.204793616 0.0 0
1579195116 2.142651504 0.0 0
1579195707 2.048267076 0.0 0
1579196269 2.087952441 0.0 0
1579359475 2.049882439 0.0 0
1579360052 2.011581886 0.0 0
1579360612 2.255715837 0.0 0
1579361169 1.790399841 0.0 0
1579361724 2.120067525 0.0 0
1579362278 2.048604859 0.0 0
1579362834 2.086575034 0.0 0
1579363401 1.84479927 0.0 0
1579363968 2.083652716 0.0 0
1579364527 1.951239664 0.0 0
1579530446 2.062855971 0.0 0
1579531092 1.859482118 1.0 1
1579532133 2.045423953 0.0 0
1579532837 2.229361999 0.0 0
1579533502 2.002440855 0.0 0
1579534103 1.879044804 0.0 0
1579534788 2.091735938 0.0 0
1579535400 2.219945826 0.0 0
1579536473 2.018221237 0.0 0
1579537052 2.002009089 0.0 0
1580223779 1.795140043 0.0 0
1580224336 2.003983391 0.0 0
1580224892 2.05240797 0.0 0
1580225457 2.10136331 0.0 0
1580226016 2.001406699 0.0 0
1580226601 2.044416496 0.0 0
1580227168 2.035422981 0.0 0
1580227766 2.04237252 0.0 0
1580228347 2.006009766 0.0 0
1580228906 2.00313547 0.0 0
1580312336 2.044746769 0.0 0
1580312916 1.977307842 0.0 0
1580313472 1.963214907 0.0 0
1580314435 1.791057675 0.0 0
1580314992 2.007045151 0.0 0
1580315552 1.965009482 0.0 0
1580316113 1.951490007 0.0 0
1580316814 2.00370258 0.0 0
1580317408 2.018346689 0.0 0
1581942473 2.084934591 0.0 0
1581943676 2.010626661 0.0 0
1581944966 2.137180797 0.0 0
1581945946 2.07173602 0.0 0
1581946517 2.12575511 0.0 0
1581947084 1.983151549 0.0 0
1581948006 2.052388216 0.0 0
1581949105 2.003108733 0.0 0
1582034079 2.267100176 0.0 0
1582035683 2.336447848 0.0 0
1582036289 2.290503956 0.0 0
1582036896 2.394368789 0.0 0
1582037500 2.437969937 0.0 0
1582038091 2.384651706 0.0 0
1582038688 2.357573261 0.0 0
1582041588 2.424481152 0.0 0
1582042191 2.169239421 0.0 0
1582043784 2.607940379 0.0 0
1582044390 2.303149096 0.0 0
1582637998 2.002700524 0.0 0
1582638559 1.885087136 0.0 0
1582639633 2.112494964 0.0 0
1582640813 2.051661508 0.0 0
1582641370 2.004151763 0.0 0
1582641943 2.178259825 0.0 0
1582642510 2.053105612 0.0 0
1582643084 2.118148428 0.0 0
1582643685 2.048359788 0.0 0
1582644241 1.964578153 0.0 0
1582898842 2.088014811 0.0 0
1582899412 2.143804762 0.0 0
1582899982 2.149232373 0.0 0
1582900542 2.015421454 0.0 0
1582902201 2.142661503 0.0 0
1582902847 2.228824298 0.0 0
1582903452 1.825986255 0.0 0
1574710865 2.307724362 0.0 0
