1569854653 6.401822522 0.14285714285714285 1
1569856242 6.887435381 0.0 0
1571330315 6.367646188 0.0 0
1571766672 6.528153972 0.0 0
1571767456 6.499517203 0.0 0
1572537552 5.153016825 0.2 1
1572538205 5.037632569 0.0 0
1572538865 5.140823877 0.2 1
1572539518 5.244220831 0.0 0
1572540165 5.064566323 0.0 0
1572541070 5.244362454 0.0 0
1572541724 5.125450093 0.0 0
1572542372 5.155717135 0.0 0
1572543020 5.201604555 0.0 0
1572543685 5.127195577 0.0 0
1572871439 5.193888236 0.2 1
1572872090 5.118833451 0.0 0
1572872768 5.183676452 0.0 0
1572873420 5.077547219 0.0 0
1572874078 4.988220763 0.0 0
1572875142 5.235068378 0.0 0
1572875995 5.30312854 0.0 0
1572877221 5.207501457 0.0 0
1572877872 8.316484037 0.0 0
1572879116 5.253830577 0.0 0
1572967507 5.024428311 0.0 0
1572968164 5.176203163 0.0 0
1572969465 5.168326439 0.0 0
1572970126 5.085124522 0.0 0
1572970776 5.078954648 0.0 0
1572971437 5.249015824 0.2 1
1572972100 5.111503147 0.0 0
1572972749 5.130792764 0.0 0
1572973464 5.11259675 0.0 0
1572974114 5.166202498 0.0 0
1572974766 5.286418131 0.2 1
1573209049 5.176883407 0.0 0
1573209704 5.060404597 0.0 0
1573210380 5.24342793 0.0 0
1573211047 5.175331972 0.0 0
1573211706 5.163727854 0.0 0
1573212354 5.1777805 0.0 0
1573213007 5.167528932 0.0 0
1573213656 5.098722841 0.0 0
1573214328 5.244254901 0.0 0
1573214987 5.209829936 0.0 0
1573310501 4.844737351 0.0 0
1573311117 5.051612036 0.0 0
1573311732 4.903452091 0.0 0
1573312438 4.737613873 0.0 0
1573313051 5.34918108 0.0 0
1573313677 5.060901515 0.0 0
1573314307 4.859264039 0.0 0
1573314921 4.68926551 0.0 0
1574696529 4.811319619 0.0 0
1574697109 4.687682787 0.2 1
1574697701 4.76893281 0.2 1
1574698273 4.76936507 0.0 0
1574698862 4.455134556 0.0 0
1574709672 4.78740658 0.2 1
1574710932 4.703559398 0.0 0
1574956281 4.651802412 0.0 0
1574956943 4.804688905 0.0 0
1574957544 4.645063499 0.0 0
1574958126 4.745479734 0.0 0
1574958719 4.784948625 0.0 0
1574959308 4.555425764 0.0 0
1574959908 4.752668325 0.0 0
1574960486 4.720478457 0.2 1
1574961096 4.702580959 0.0 0
1574961732 4.731981521 0.0 0
1575033208 4.747439046 0.0 0
1575033776 4.500832305 0.0 0
1575034366 4.723089358 0.0 0
1575034940 4.66556453 0.0 0
1575035503 4.74505886 0.25 1
1575036541 4.771456472 0.0 0
1575037103 4.868675243 0.0 0
1575037662 4.704227631 0.0 0
1575038664 4.688077187 0.0 0
1575039234 4.808150774 0.0 0
1575120496 4.705023983 0.2 1
1575121061 4.836193318 0.0 0
1575121783 6.912036434 -1 -1
1575122056 4.654242919 0.0 0
1575122682 4.710219849 0.0 0
1575123239 4.689514555 0.0 0
1575123798 4.687096395 0.0 0
1575124355 4.525986489 0.0 0
1575124921 4.758854147 0.0 0
1575125484 4.669996137 0.0 0
1575126050 4.502166105 0.0 0
1575297801 4.716914796 0.0 0
1575298375 4.65686911 0.0 0
1575298945 4.753217201 0.0 0
1575299525 4.685061878 0.0 0
1575300096 4.855937518 0.2 1
1575300714 4.676040809 0.0 0
1575301486 4.744361508 0.0 0
1575302094 4.686069498 0.0 0
1575390283 4.727315101 0.0 0
1575390853 4.631754129 0.25 1
1575391416 4.693927247 0.0 0
1575391982 4.693490358 0.0 0
1575392791 4.705036785 0.0 0
1575393428 4.774192017 0.0 0
1575393987 4.695566752 0.0 0
1575394553 4.709420148 0.0 0
1575395117 4.456824238 0.0 0
1575395681 4.81412652 0.0 0
1575562515 4.753165601 0.0 0
1575563212 4.740797975 0.0 0
1575563861 4.691530545 0.0 0
1575564459 4.584094926 0.0 0
1575565040 4.784111581 0.0 0
1575565605 4.776092198 0.0 0
1575566180 4.737272701 0.0 0
1575566761 4.751996202 0.0 0
1575568106 4.754461975 0.0 0
1575568691 4.611846701 0.0 0
1579191135 4.448314455 0.0 0
1579191747 4.835585103 0.0 0
1579192314 4.724797353 0.0 0
1579192893 4.642918167 0.0 0
1579193461 4.831403254 0.2 1
1579194049 4.720358946 0.0 0
1579194617 4.825188819 0.0 0
1579195182 4.686564958 0.0 0
1579195772 4.892233452 0.0 0
1579196335 4.785341463 0.0 0
1579359541 4.697140286 0.0 0
1579360118 4.768992417 0.0 0
1579360678 4.700053336 0.0 0
1579361234 4.898316479 0.0 0
1579361790 4.697620048 0.0 0
1579362343 4.773035902 0.0 0
1579362900 4.861772963 0.2 1
1579363467 4.761401065 0.25 1
1579364034 4.747663167 0.0 0
1579364593 4.756235851 0.0 0
1579530585 4.736023035 0.0 0
1579531158 4.502383945 0.0 0
1579532198 4.702723195 0.0 0
1579532906 4.694758954 0.0 0
1579533567 4.653362809 0.0 0
1579534168 4.737845902 0.0 0
1579534854 4.707856504 0.0 0
1579535469 4.762358387 0.0 0
1579536542 4.656782457 0.0 0
1579537117 4.446301156 0.0 0
1580223844 4.562502067 0.2 1
1580224402 4.878155867 0.0 0
1580224959 4.720188441 0.0 0
1580225523 4.685748789 0.0 0
1580226082 4.528277793 0.0 0
1580226667 4.400793942 0.0 0
1580227234 4.799594121 0.2 1
1580227832 4.70076064 0.2 1
1580228414 4.715792665 0.25 1
1580228973 4.612408854 0.0 0
1580312401 4.714459982 0.2 1
1580312982 4.59725151 0.0 0
1580313537 328.611979807 0.0 0
1580314500 4.688789152 0.0 0
1580315058 4.71518699 0.0 0
1580315618 4.841024272 0.0 0
1580316180 4.840826034 0.2 1
1580316884 4.644129414 0.0 0
1580317475 4.763492218 0.0 0
1581942540 4.834796708 0.0 0
1581944118 4.662313884 0.0 0
1581945062 4.691165307 0.0 0
1581946014 4.690768576 0.0 0
1581946583 4.551309678 0.0 0
1581947152 4.98485746 0.0 0
1581948071 4.807926145 0.2 1
1581949175 3.492712989 0.0 0
1582034875 4.372763362 0.0 0
1582035753 5.375410159 0.16666666666666666 1
1582036361 4.479570621 0.0 0
1582036965 5.511054709 0.2 1
1582037571 4.961112447 0.0 0
1582038161 5.671858687 0.0 0
1582038758 4.680325247 0.0 0
1582041660 5.411467206 0.0 0
1582042419 4.722887172 0.0 0
1582043860 5.505788245 0.0 0
1582044460 4.65622009 0.2 1
1582638064 4.640701237 0.0 0
1582638626 4.704876094 0.0 0
1582640058 4.846326243 0.0 0
1582640879 4.694796568 0.2 1
1582641436 4.732129626 0.0 0
1582642011 4.635389636 0.25 1
1582642578 4.754402517 0.0 0
1582643150 5.215835888 0.0 0
1582643750 4.753226415 0.0 0
1582644307 4.74866235 0.0 0
1582898918 4.592909148 0.0 0
1582899480 4.8664501 0.0 0
1582900049 4.764616952 0.0 0
1582900608 4.653106981 0.0 0
1582902353 4.702825309 0.0 0
1582902913 4.529197523 0.0 0
1582903518 4.740011951 0.0 0
1574710932 4.703559398 0.0 0
