1569854551 6.881012154 0.0 0
1571330247 6.839178432 0.14285714285714285 1
1571766604 6.912657018 0.0 0
1571767386 6.977799637 0.0 0
1572537492 5.697561875 0.0 0
1572538148 5.659608643 0.0 0
1572538808 5.648361171 0.0 0
1572539461 5.626443591 0.0 0
1572540108 5.730693976 0.0 0
1572541013 5.857517463 0.16666666666666666 1
1572541667 5.664781299 0.16666666666666666 1
1572542316 5.703998481 0.0 0
1572542963 5.786888783 0.0 0
1572543628 5.720253533 0.0 0
1572871382 5.93743237 0.0 0
1572872032 5.905368274 0.0 0
1572872709 5.644628104 0.0 0
1572873362 5.849946566 0.0 0
1572874016 5.705044063 0.0 0
1572875077 5.884531031 0.0 0
1572875938 5.7174269 0.0 0
1572877164 5.772168136 0.0 0
1572877813 5.768413045 0.0 0
1572879059 5.590225843 0.0 0
1572967449 5.677392453 0.0 0
1572968105 5.662540271 0.16666666666666666 1
1572969408 5.702951383 0.0 0
1572970068 5.817160331 0.16666666666666666 1
1572970718 5.787306647 0.16666666666666666 1
1572971371 5.729860041 0.0 0
1572972033 5.732622522 0.0 0
1572972691 5.69979023 0.0 0
1572973408 5.829038219 0.0 0
1572974057 5.554122168 0.0 0
1572974710 4.255685318 0.0 0
1573208992 5.633983106 0.2 1
1573209647 5.724495937 0.0 0
1573210321 5.773538764 0.0 0
1573210990 5.703979075 0.0 0
1573211648 5.760708157 0.16666666666666666 1
1573212297 5.827530327 0.0 0
1573212948 5.808120932 0.16666666666666666 1
1573213599 5.679941185 0.0 0
1573214271 5.71578367 0.0 0
1573214929 5.851694865 0.0 0
1573310443 5.215575356 0.0 0
1573311064 5.120840076 0.0 0
1573311679 5.118330548 0.0 0
1573312384 5.275673599 0.0 0
1573312994 5.252234495 0.0 0
1573313621 5.31235017 0.0 0
1573314254 5.219634602 0.0 0
1573314867 5.184423156 0.0 0
1574696476 5.328581664 0.0 0
1574697056 5.076024957 0.0 0
1574697647 5.208949998 0.0 0
1574698220 5.251982896 0.0 0
1574698805 5.321311539 0.0 0
1574709591 5.121561672 0.0 0
1574710878 5.138259979 0.0 0
1574956228 5.126914582 0.0 0
1574956890 5.358217818 0.0 0
1574957491 5.064725342 0.0 0
1574958071 5.31235734 0.0 0
1574958666 5.271905898 0.0 0
1574959252 5.264651607 0.0 0
1574959855 5.247375901 0.0 0
1574960433 5.127319733 0.2 1
1574961044 5.060095805 0.0 0
1574961681 3.674392752 0.0 0
1575033155 5.158123873 0.0 0
1575033723 5.027065397 0.0 0
1575034313 5.12530926 0.0 0
1575034879 6.627386782 0.14285714285714285 1
1575035450 5.181180355 0.0 0
1575036488 5.24099266 0.0 0
1575037050 5.197093516 0.0 0
1575037609 5.180790926 0.0 0
1575038610 5.12261893 0.0 0
1575039181 5.167444026 0.0 0
1575120444 5.201210209 0.0 0
1575121007 5.084381637 0.0 0
1575121567 5.307628303 0.2 1
1575121981 4.956256248 1.0 2
1575122630 5.147276729 0.0 0
1575123187 5.201904457 0.0 0
1575123746 5.199503697 0.0 0
1575124302 5.176240671 0.0 0
1575124869 5.333533542 0.0 0
1575125428 5.316477158 0.0 0
1575125997 5.227544136 0.0 0
1575297746 5.210519928 0.0 0
1575298322 5.256917581 0.3333333333333333 1
1575298890 5.210732527 0.0 0
1575299469 5.291403461 0.0 0
1575300041 5.236327129 0.0 0
1575300660 5.205100453 0.0 0
1575301230 5.238323227 0.0 0
1575302042 5.142300266 0.0 0
1575390230 5.115257719 0.0 0
1575390797 5.297320893 0.2 1
1575391363 5.3104589 0.16666666666666666 1
1575391928 5.26928826 0.0 0
1575392738 5.195523295 0.0 0
1575393374 5.326566756 0.0 0
1575393934 5.322830997 0.0 0
1575394501 5.151233437 0.0 0
1575395064 5.308146116 0.2 1
1575395627 5.233839258 0.0 0
1575562461 5.321271407 0.16666666666666666 1
1575563159 5.162798323 0.0 0
1575563808 5.173704753 0.0 0
1575564404 5.116834897 0.0 0
1575564987 5.179589353 0.0 0
1575565552 5.07854878 0.0 0
1575566122 5.196053095 0.0 0
1575566707 5.124049699 0.0 0
1575568028 5.172107345 0.0 0
1575568634 5.297478833 0.0 0
1579191082 5.132969298 0.0 0
1579191695 5.260307818 0.0 0
1579192260 5.273082582 0.2 1
1579192841 5.20913255 0.0 0
1579193408 5.176382726 0.0 0
1579193995 5.256056662 0.0 0
1579194565 5.184950816 0.0 0
1579195129 5.305181096 0.0 0
1579195720 5.303271187 0.0 0
1579196282 5.381474046 0.0 0
1579359488 5.228399751 0.0 0
1579360065 5.259206702 0.0 0
1579360626 5.423106882 0.0 0
1579361182 5.131842252 0.0 0
1579361737 5.146271148 0.0 0
1579362291 5.086053166 0.0 0
1579362847 5.249059508 0.0 0
1579363414 5.127586335 0.0 0
1579363981 5.252383469 0.0 0
1579364540 5.251958578 0.0 0
1579530530 5.25226469 0.2 1
1579531105 5.255685443 0.0 0
1579532146 5.103519041 0.0 0
1579532850 5.127332126 0.0 0
1579533515 5.02424846 0.0 0
1579534115 5.20436538 0.0 0
1579534801 5.223052377 0.0 0
1579535413 5.270897953 0.0 0
1579536486 5.251348266 0.0 0
1579537065 5.207938026 0.0 0
1580223791 5.107901405 0.0 0
1580224349 5.270028634 0.2 1
1580224905 5.113775559 0.0 0
1580225470 5.169998782 0.0 0
1580226028 5.16744637 0.0 0
1580226614 5.247843866 0.0 0
1580227181 5.614771642 0.0 0
1580227779 5.202801652 0.0 0
1580228360 5.316478936 0.2 1
1580228919 5.253933047 0.0 0
1580312349 5.109063972 0.0 0
1580312929 5.309807284 0.0 0
1580313484 5.279308004 0.0 0
1580314448 5.050393793 0.0 0
1580315005 5.207328994 0.2 1
1580315564 5.237348445 0.0 0
1580316126 5.053824794 0.0 0
1580316827 5.138707694 0.0 0
1580317421 5.195717842 0.0 0
1581942486 4.761383812 0.0 0
1581943688 5.103574393 0.0 0
1581944979 5.243987317 0.0 0
1581945959 5.107467158 0.0 0
1581946530 5.079063109 0.0 0
1581947096 5.110614165 0.0 0
1581948019 5.119467424 0.0 0
1581949118 5.264534611 0.0 0
1582034094 716.578963292 0.0 0
1582035696 5.911948135 0.0 0
1582036304 6.114381477 0.0 0
1582036909 5.064721206 0.0 0
1582037515 5.712422981 0.0 0
1582038105 4.839399523 0.0 0
1582038702 4.945289754 0.0 0
1582041601 5.925300402 0.0 0
1582042205 5.765058261 0.16666666666666666 1
1582043799 6.057196272 0.0 0
1582044404 5.662600287 0.0 0
1582638011 5.173298637 0.0 0
1582638573 5.129114992 0.0 0
1582639645 5.154944884 0.0 0
1582640825 5.224839279 0.0 0
1582641383 5.16799939 0.0 0
1582641956 5.136073578 0.0 0
1582642522 5.112567822 0.0 0
1582643096 5.237763197 0.0 0
1582643698 5.084097734 0.0 0
1582644254 5.092641854 0.0 0
1582898856 5.310036026 0.16666666666666666 1
1582899426 5.200907451 0.0 0
1582899995 5.379290661 0.0 0
1582900555 5.124348405 0.0 0
1582902214 5.070913412 0.0 0
1582902860 5.171684706 0.0 0
1582903465 4.976399116 0.0 0
1574710878 5.138259979 0.0 0
