1569854642 3.720640462 0.0 0
1571330304 3.595880899 0.0 0
1571766661 3.747710487 0.6666666666666666 2
1571767444 3.775431357 0.3333333333333333 1
1572537542 2.983730217 1.0 2
1572538196 2.859826188 0.0 0
1572538855 3.128553652 0.0 0
1572539508 3.026276792 0.0 0
1572540156 3.025992938 0.6666666666666666 2
1572541061 2.843691042 0.6666666666666666 2
1572541715 2.934477985 0.6666666666666666 2
1572542363 2.908355609 0.6666666666666666 2
1572543011 3.078351677 0.6666666666666666 2
1572543675 2.939449843 0.0 0
1572871429 3.015343985 0.0 0
1572872080 3.096158511 0.0 0
1572872758 3.063132638 0.0 0
1572873410 2.937160873 0.6666666666666666 2
1572874063 7.833484795 0.25 2
1572875132 3.288399826 0.0 0
1572875986 3.071140977 0.6666666666666666 2
1572877211 3.225344615 1.25 3
1572877863 3.098975745 0.6666666666666666 2
1572879107 3.354909251 0.6666666666666666 2
1572967497 3.037840133 0.0 0
1572968155 3.022552115 0.6666666666666666 2
1572969455 3.059279127 0.6666666666666666 2
1572970117 3.12686867 0.6666666666666666 2
1572970767 3.092586965 0.6666666666666666 2
1572971427 3.069907149 0.5 2
1572972090 3.157996905 0.6666666666666666 2
1572972739 3.079372545 0.0 0
1572973455 3.12848938 0.6666666666666666 2
1572974104 3.064755757 0.5 2
1572974756 3.177454763 0.5 2
1573209039 2.978877479 0.0 0
1573209695 3.026652153 0.6666666666666666 2
1573210370 3.279655215 0.6666666666666666 2
1573211038 3.195955783 0.6666666666666666 2
1573211696 3.128593528 0.0 0
1573212345 3.3005378 0.6666666666666666 2
1573212998 3.235838229 0.6666666666666666 2
1573213647 3.090136702 0.6666666666666666 2
1573214318 3.221192879 0.5 2
1573214977 3.062202731 0.6666666666666666 2
1573310490 4.563907559 0.4 2
1573311109 2.811142385 0.0 0
1573311723 2.748944886 0.6666666666666666 2
1573312429 2.797123087 0.6666666666666666 2
1573313042 2.903301935 0.6666666666666666 2
1573313668 2.80338909 0.6666666666666666 2
1573314298 2.933642847 0.6666666666666666 2
1573314913 2.9289702 0.6666666666666666 2
1574697101 2.768889382 0.6666666666666666 2
1574709664 2.819048746 0.6666666666666666 2
1574710923 2.836761175 0.0 0
1574956272 2.468630175 0.6666666666666666 2
1574958118 2.794098024 0.0 0
1574958711 2.402569112 0.0 0
1574959296 5.416525095 0.5 2
1574959900 2.778005752 0.6666666666666666 2
1574960478 2.346598611 0.5 1
1574961088 2.562357276 0.0 0
1574961723 2.514889519 0.6666666666666666 2
1575033200 2.34516519 0.6666666666666666 2
1575034358 2.778909657 0.0 0
1575034931 2.71302104 0.6666666666666666 2
1575035495 2.52445144 1.0 2
1575036533 2.442070056 0.0 0
1575037095 2.510890668 0.0 0
1575037653 2.818983008 0.6666666666666666 2
1575038656 2.391975524 0.0 0
1575039226 2.873537271 0.6666666666666666 2
1575120488 2.53285953 0.0 0
1575121772 3.457933404 -1 -1
1575122047 2.631721424 0.6666666666666666 2
1575122674 2.506382559 0.0 0
1575123231 2.603427874 0.0 0
1575123790 2.779807784 0.0 0
1575124913 2.859453933 1.0 2
1575125475 2.886616203 0.6666666666666666 2
1575126042 2.76245685 0.0 0
1575297792 2.551888358 0.6666666666666666 2
1575298367 2.47095386 0.5 1
1575300088 2.516410651 0.6666666666666666 2
1575300706 2.681118854 0.6666666666666666 2
1575302086 2.428684709 0.6666666666666666 2
1575390274 2.736294836 0.6666666666666666 2
1575391974 2.431758216 1.0 2
1575392783 2.469019102 1.0 2
1575394545 2.597899348 0.6666666666666666 2
1575563853 2.823985101 0.0 0
1575565597 2.735458163 0.6666666666666666 2
1575566753 2.506934579 0.0 0
1575568682 2.915201806 0.6666666666666666 2
1579191739 2.583487739 1.0 1
1579192305 2.764748326 1.0 1
1579192885 2.505857873 2.0 3
1579194609 2.468229045 0.6666666666666666 2
1579195764 2.851628361 0.6666666666666666 2
1579360670 2.684273819 1.0 2
1579361226 2.620956623 0.0 0
1579361781 2.474882961 1.0 3
1579364025 2.786747623 0.6666666666666666 2
1579530577 2.553434251 0.5 1
1579532897 2.784051372 0.3333333333333333 1
1579533559 2.267741281 0.0 0
1579534845 2.829106888 0.6666666666666666 2
1580225515 2.559392285 0.0 0
1580227226 2.660686521 0.6666666666666666 2
1580227824 2.561531069 0.0 0
1580228405 2.63877101 0.6666666666666666 2
1580312393 2.779699287 0.0 0
1580312973 2.764202095 0.6666666666666666 2
1580314492 2.46361749 0.5 1
1580315049 2.646349101 0.6666666666666666 2
1580316170 2.43312845 0.0 0
1580316875 2.723369858 0.6666666666666666 2
1581942532 2.846509695 0.6666666666666666 2
1581943946 2.296147877 1.0 2
1581946005 2.892334317 0.6666666666666666 2
1581946574 2.43582821 0.6666666666666666 2
1581947144 2.433192187 0.5 1
1581948063 2.547009202 0.6666666666666666 2
1582034867 2.617977535 0.0 0
1582035744 2.992024942 0.6666666666666666 2
1582036353 2.747070749 0.6666666666666666 2
1582036955 3.031288469 0.6666666666666666 2
1582037562 2.347028687 1.0 2
1582038153 2.877292346 0.6666666666666666 2
1582041650 3.1758517 0.0 0
1582042409 2.850094555 0.6666666666666666 2
1582043850 2.863954973 0.0 0
1582044451 2.652623422 0.0 0
1582638618 2.813642644 0.6666666666666666 2
1582640871 2.485066006 1.0 2
1582641427 2.855983414 0.0 0
1582642002 2.687040862 0.6666666666666666 2
1582642569 2.862192929 0.6666666666666666 2
1582643142 2.756129762 0.0 0
1582643742 2.308259145 0.6666666666666666 2
1582644299 2.774436351 0.6666666666666666 2
1582898910 2.468435098 0.0 0
1582899472 2.864008478 0.6666666666666666 2
1582900041 2.876116183 0.0 0
1582900600 2.357646669 0.0 0
1582902345 2.822065732 0.0 0
1582903509 2.936565262 0.3333333333333333 1
1574710923 2.836761175 0.0 0
