1569854636 5.976054799 0.0 0
1571330298 6.204732156 0.0 0
1571766654 6.098759302 0.0 0
1571767438 6.019212661 0.0 0
1572537537 5.157812649 0.0 0
1572538191 4.958920265 0.0 0
1572538850 4.822143388 0.0 0
1572539503 4.813261514 0.0 0
1572540151 4.882282776 0.0 0
1572541056 5.003941286 0.0 0
1572541710 4.873386396 0.0 0
1572542358 4.904605801 0.0 0
1572543006 4.702107104 0.0 0
1572543670 4.916542979 0.0 0
1572871424 4.899376934 0.0 0
1572872076 4.806049208 0.0 0
1572872753 4.85174849 0.0 0
1572873405 4.811546509 0.0 0
1572874058 4.802435905 0.0 0
1572875127 5.333276205 0.0 0
1572875981 4.829258379 0.0 0
1572877207 4.648406412 0.0 0
1572877858 4.862158543 0.0 0
1572879102 4.965911972 0.0 0
1572967492 4.925026108 0.0 0
1572968150 4.87776367 0.0 0
1572969450 4.891867863 0.0 0
1572970112 4.848335321 0.0 0
1572970762 4.829858891 0.0 0
1572971423 4.827032958 0.0 0
1572972085 4.806446613 0.0 0
1572972734 4.785233729 0.0 0
1572973450 4.713600556 0.0 0
1572974100 4.817802446 0.0 0
1572974751 4.95452785 0.0 0
1573209035 4.753226254 0.0 0
1573209690 4.853872795 0.0 0
1573210365 4.818728701 0.0 0
1573211033 4.921824254 0.0 0
1573211691 4.82459256 0.0 0
1573212340 4.879222565 0.0 0
1573212993 4.775659909 0.0 0
1573213642 5.08362999 0.0 0
1573214314 4.95788049 0.0 0
1573214972 4.993798055 0.0 0
1573310486 4.525788945 0.0 0
1573311104 4.779833521 0.0 0
1573311719 4.339531516 0.0 0
1573312425 4.2998336 0.0 0
1573313037 4.527598512 0.0 0
1573313663 4.577385145 0.0 0
1573314293 4.462096706 0.0 0
1573314908 4.476796411 0.0 0
1574697096 4.385320236 0.0 0
1574709659 4.48833105 0.0 0
1574710919 4.528981311 0.0 0
1574956268 4.472624854 0.0 0
1574958113 4.425992246 0.0 0
1574958706 4.778177776 0.0 0
1574959292 4.387959874 0.0 0
1574959895 4.537078129 0.0 0
1574960473 4.829212416 0.0 0
1574961083 4.558838904 0.0 0
1574961719 4.607457022 0.0 0
1575033195 4.791015475 0.0 0
1575034353 4.476455215 0.0 0
1575034927 4.513779156 0.0 0
1575035490 4.64949265 0.2 1
1575036528 4.728443197 0.0 0
1575037090 4.650622009 0.0 0
1575037649 4.347222158 0.0 0
1575038651 4.836665207 0.0 0
1575039221 4.342471712 0.0 0
1575120483 4.64953632 0.0 0
1575121766 6.536024719 -1 -1
1575122043 4.572026527 0.0 0
1575122669 4.535774203 0.0 0
1575123226 4.475272658 0.0 0
1575123785 4.278818268 0.0 0
1575124909 4.256746352 0.0 0
1575125471 4.444868515 0.0 0
1575126037 4.481352498 0.0 0
1575297788 4.801741058 0.0 0
1575298362 4.590999607 0.0 0
1575300083 4.637327043 0.0 0
1575300701 4.374305669 0.0 0
1575302081 4.729408662 0.0 0
1575390270 4.479538882 0.0 0
1575391969 4.839999247 0.2 1
1575392778 4.602254666 0.2 1
1575394540 4.734820137 0.0 0
1575563848 4.436776568 0.0 0
1575565592 4.859231462 0.0 0
1575566748 4.668126752 0.0 0
1575568678 4.362311479 0.0 0
1579191734 4.570721312 0.0 0
1579192300 4.32918842 0.2 1
1579192880 4.529287919 0.4 2
1579194605 4.574535134 0.0 0
1579195759 4.303523671 0.0 0
1579360666 4.349576721 0.0 0
1579361221 4.5920369 0.0 0
1579361777 4.588735182 0.0 0
1579364021 4.355654642 0.0 0
1579530572 4.610380893 0.0 0
1579532893 4.539001577 0.25 1
1579533554 4.784676731 0.0 0
1579534841 4.228556572 0.0 0
1580225510 4.557007913 0.0 0
1580227222 4.312968578 0.0 0
1580227819 4.770342864 0.0 0
1580228401 4.534530726 0.0 0
1580312388 4.392226446 0.0 0
1580312969 4.284543531 0.0 0
1580314487 4.726655875 0.0 0
1580315045 4.499601441 0.0 0
1580316165 4.565895179 0.0 0
1580316871 4.493312825 0.0 0
1581942527 4.440280278 0.0 0
1581943941 4.684205016 0.2 1
1581946001 4.560402009 0.0 0
1581946569 4.794148349 0.0 0
1581947139 4.768644112 0.0 0
1581948058 4.615039738 0.0 0
1582034861 5.131692849 0.0 0
1582035739 4.940305738 0.0 0
1582036348 5.152027998 0.0 0
1582036950 5.210519161 0.0 0
1582037557 4.848989598 0.0 0
1582038148 4.84277693 0.0 0
1582041645 4.980666127 0.0 0
1582042404 4.698240273 0.0 0
1582043845 5.134366347 0.0 0
1582044446 4.699627514 0.0 0
1582638613 4.370031943 0.2 1
1582640866 4.606507681 0.2 1
1582641423 4.263360741 0.0 0
1582641998 4.611227016 0.0 0
1582642565 4.417933781 0.0 0
1582643137 4.54406727 0.0 0
1582643737 4.944833165 0.0 0
1582644295 4.41312367 0.0 0
1582898905 4.732518639 0.0 0
1582899467 4.436574013 0.0 0
1582900036 4.224875612 0.0 0
1582900595 4.954398559 0.0 0
1582902340 4.271666802 0.0 0
1582903505 4.440495272 0.0 0
1574710919 4.528981311 0.0 0
