1569854545 5.89244288 0.16666666666666666 1
1571330241 5.988644163 0.0 0
1571766598 5.979535878 0.0 0
1571767380 6.309710641 0.14285714285714285 1
1572537487 4.966276395 0.0 0
1572538143 5.008268409 0.0 0
1572538803 4.837881139 0.0 0
1572539456 4.893265327 0.0 0
1572540103 4.891637211 0.2 1
1572541009 4.930783366 0.0 0
1572541662 4.913663949 0.0 0
1572542311 4.87533579 0.0 0
1572542958 4.868686478 0.0 0
1572543623 4.845698462 0.0 0
1572871377 4.901421623 0.0 0
1572872027 4.860233582 0.0 0
1572872704 5.043073841 0.2 1
1572873357 4.917880352 0.0 0
1572874011 4.968453536 0.0 0
1572875072 5.400159297 0.3333333333333333 1
1572875934 4.98220994 0.2 1
1572877159 5.061841157 0.0 0
1572877809 4.906790796 0.0 0
1572879054 5.343139101 0.0 0
1572967444 4.89088491 0.0 0
1572968101 4.865060962 0.0 0
1572969403 4.858074602 0.0 0
1572970064 4.905427952 0.0 0
1572970714 4.875287277 0.0 0
1572971366 5.170709167 0.0 0
1572972029 4.913862919 0.0 0
1572972687 4.82333989 0.0 0
1572973403 4.942042386 0.0 0
1572974053 4.948785696 0.0 0
1572974704 4.937474493 0.0 0
1573208987 4.987331693 0.4 1
1573209643 4.771410837 0.25 1
1573210317 4.965567748 0.0 0
1573210985 4.870458115 0.2 1
1573211644 4.839873325 0.2 1
1573212292 5.079100444 0.0 0
1573212943 4.907618116 0.0 0
1573213594 4.779519626 0.0 0
1573214266 4.870908824 0.4 1
1573214924 5.026702295 0.2 1
1573310439 4.648421058 0.0 0
1573311060 4.520182007 0.0 0
1573311674 4.496310758 0.6 2
1573312379 4.525636765 0.2 1
1573312990 4.654766109 0.0 0
1573313616 4.475049768 0.4 1
1573314249 4.496751594 0.2 1
1573314862 4.870369535 0.0 0
1574697052 4.369324234 0.25 1
1574709587 4.370633212 0.5 2
1574710874 4.225805134 0.0 0
1574956224 4.428550196 0.5 1
1574957487 4.269521275 0.2 1
1574958067 4.339426742 0.0 0
1574959248 4.077143436 0.25 1
1574960429 4.218954938 0.0 0
1574961040 4.215696634 0.2 1
1575033718 4.457728349 0.2 1
1575034309 4.322571433 0.0 0
1575038607 4.365570267 0.0 0
1575039176 4.507978089 0.0 0
1575120440 4.115504131 0.5 2
1575121002 4.400731397 0.2 1
1575121978 4.387788366 1.0 1
1575123183 4.349771785 0.0 0
1575123742 4.27472506 0.25 1
1575124298 4.31875798 0.4 1
1575125423 4.77970926 0.2 1
1575125992 4.553257752 0.0 0
1575299465 4.178990634 0.25 1
1575300037 4.340830728 0.2 1
1575302038 4.430532006 0.0 0
1575391924 4.174197309 0.2 1
1575394496 4.825353242 0.2 1
1575395060 4.366184654 0.25 1
1575562457 4.079960668 0.0 0
1575563155 4.403002826 0.2 1
1575563804 4.299843957 0.0 0
1575564400 4.131743101 0.0 0
1575565548 4.268773274 0.25 1
1575566118 3.918573565 0.25 1
1575568023 4.387874937 0.2 1
1579191691 4.161919607 0.25 1
1579192255 4.284939504 0.2 1
1579192836 4.292095806 0.0 0
1579193404 4.315112693 0.0 0
1579194561 4.061022583 0.25 1
1579195715 4.478854988 0.0 0
1579196278 4.442195758 0.0 0
1579359484 4.143235812 0.0 0
1579360061 4.443554396 0.0 0
1579360622 4.062116584 0.0 0
1579362287 4.223011021 0.0 0
1579364535 4.363307214 0.0 0
1579532142 4.175689277 0.4 1
1579532846 4.058096647 0.25 1
1579533511 4.199351298 0.0 0
1579534111 4.239198774 0.0 0
1579534797 4.40064052 0.0 0
1579535409 4.22258317 0.2 1
1579537060 4.443765817 0.4 1
1580223787 4.521796195 0.0 0
1580225466 4.359198812 0.25 1
1580226024 4.314502787 0.0 0
1580226610 4.119464097 0.0 0
1580227177 4.152850139 0.0 0
1580312345 4.475911918 0.0 0
1580312924 4.392588089 0.0 0
1580314444 4.40337929 0.0 0
1580315001 4.256769332 0.0 0
1580315560 4.758432272 0.0 0
1580316122 4.362580661 0.25 1
1580316823 4.322825052 0.4 1
1580317417 4.05970154 0.0 0
1581942482 4.187871317 0.0 0
1581943684 4.581521001 0.0 0
1581944974 4.60339777 0.4 1
1581945954 4.278343716 0.2 1
1581946525 4.587804487 0.2 1
1581947092 4.592945829 0.0 0
1581948014 4.419959084 0.0 0
1581949113 5.227880812 0.0 0
1582034090 4.101624657 0.0 0
1582035692 4.428932723 0.25 1
1582036299 4.917284444 0.2 1
1582036905 4.780180411 0.2 1
1582037510 5.00040066 0.4 1
1582041597 4.747061461 0.0 0
1582042201 4.936630072 0.0 0
1582043794 4.558396224 0.0 0
1582044400 5.029195841 0.0 0
1582638007 4.575240637 0.25 1
1582638569 4.298282495 0.0 0
1582641379 4.845574928 0.0 0
1582641951 4.343385298 0.6 2
1582642518 4.572611118 0.4 2
1582643092 4.318710208 0.25 1
1582643693 4.408214947 0.4 1
1582899421 4.725638558 0.2 1
1582899990 4.332506408 0.0 0
1582900551 4.481331877 0.0 0
1582902210 4.061612332 0.0 0
1582902856 4.234284827 0.5 1
1574710874 4.225805134 0.0 0
