1569854642 3.806632832 0.0 0
1571330304 3.940695616 0.0 0
1571766661 3.70220609 0.6666666666666666 2
1571767444 3.681995672 0.3333333333333333 1
1572537542 2.938681957 0.75 2
1572538195 3.126157445 0.0 0
1572538855 2.999247122 0.0 0
1572539508 3.026276792 0.0 0
1572540156 3.025992938 0.6666666666666666 2
1572541061 3.067412784 0.6666666666666666 2
1572541715 2.891003458 0.6666666666666666 2
1572542363 3.072211844 0.6666666666666666 2
1572543011 3.015530321 0.6666666666666666 2
1572543675 2.939449843 0.0 0
1572871429 2.951681713 0.0 0
1572872081 2.886267799 0.0 0
1572872758 2.9747353 0.0 0
1572873410 2.937160873 0.6666666666666666 2
1572874063 7.606849604 0.25 2
1572875132 3.108621015 0.0 0
1572875986 2.942930907 0.6666666666666666 2
1572877212 2.973634368 1.6666666666666667 3
1572877863 2.836100133 0.6666666666666666 2
1572879107 3.028334723 0.6666666666666666 2
1572967497 2.961288606 0.0 0
1572968155 3.022552115 0.6666666666666666 2
1572969455 2.974043453 0.6666666666666666 2
1572970117 2.950147592 0.6666666666666666 2
1572970767 3.002239214 0.6666666666666666 2
1572971428 2.951538754 0.6666666666666666 2
1572972090 2.893728959 0.6666666666666666 2
1572972739 2.95805472 0.0 0
1572973455 2.992037099 0.6666666666666666 2
1572974105 2.943420209 0.6666666666666666 2
1572974757 2.880532399 0.6666666666666666 2
1573209039 2.978877479 0.0 0
1573209695 2.985269267 0.6666666666666666 2
1573210370 2.86218688 0.6666666666666666 2
1573211038 2.90772951 0.6666666666666666 2
1573211696 3.003763313 0.0 0
1573212345 2.739940317 0.6666666666666666 2
1573212998 2.854837956 0.6666666666666666 2
1573213647 2.917245643 0.6666666666666666 2
1573214319 2.791356716 0.6666666666666666 2
1573214977 2.947196873 0.6666666666666666 2
1573310492 3.147389152 0.6666666666666666 2
1573311109 2.811142385 0.0 0
1573311723 2.704014231 0.5 2
1573312429 2.631271568 0.6666666666666666 2
1573313042 2.629740583 0.6666666666666666 2
1573313668 2.714105497 0.6666666666666666 2
1573314298 2.659067676 0.6666666666666666 2
1573314913 2.49389518 0.6666666666666666 2
1574696520 2.987560879 0.6666666666666666 2
1574697101 2.657675305 0.6666666666666666 2
1574697692 3.018469202 0.6666666666666666 2
1574698264 2.946483398 0.6666666666666666 2
1574698853 2.953356656 0.6666666666666666 2
1574709664 2.564455268 0.6666666666666666 2
1574710923 2.592653222 0.0 0
1574956272 2.645054449 0.6666666666666666 2
1574956935 3.021981797 0.6666666666666666 2
1574957535 2.985323781 0.6666666666666666 2
1574958118 2.62438058 0.0 0
1574958711 2.911975877 0.0 0
1574959297 5.204039141 0.6 2
1574959900 2.589868545 0.6666666666666666 2
1574960477 2.861225038 0.3333333333333333 1
1574961087 2.782141032 0.0 0
1574961723 2.707505837 0.6666666666666666 2
1575033199 2.896813509 0.6666666666666666 2
1575033767 3.040040185 0.0 0
1575034358 2.587561964 0.0 0
1575034931 2.830851049 0.6666666666666666 2
1575035494 2.90852192 0.6666666666666666 2
1575036532 2.78277982 0.0 0
1575037094 2.943015492 0.0 0
1575037653 2.564026357 0.6666666666666666 2
1575038655 2.820781088 0.0 0
1575039226 2.65461223 0.6666666666666666 2
1575120488 2.914299154 0.0 0
1575121053 3.01993859 0.6666666666666666 2
1575121772 3.974621033 -1 -1
1575122047 2.894331137 0.6666666666666666 2
1575122673 2.857225828 0.0 0
1575123231 2.767503322 0.0 0
1575123790 2.599915318 0.0 0
1575124346 2.908436344 0.6666666666666666 2
1575124913 2.617441682 1.0 2
1575125475 2.635043742 0.6666666666666666 2
1575126042 2.724096719 0.0 0
1575297792 2.885378085 0.5 2
1575298367 2.75961619 0.5 1
1575298934 2.811368855 0.6666666666666666 2
1575299516 3.250097987 1.3333333333333333 2
1575300088 2.858685911 0.6666666666666666 2
1575300706 2.815500023 0.6666666666666666 2
1575301477 3.01210966 0.6666666666666666 2
1575302086 2.930206358 0.6666666666666666 2
1575390274 2.692692236 0.6666666666666666 2
1575390844 3.115736119 0.6666666666666666 2
1575391407 2.943177218 0.6666666666666666 2
1575391973 2.848182933 0.6666666666666666 2
1575392782 2.815875013 0.6666666666666666 2
1575393420 2.987685834 1.0 2
1575393978 2.995828522 0.6666666666666666 2
1575394545 2.817293608 0.6666666666666666 2
1575395108 2.988457448 0.0 0
1575395672 3.007338765 0.6666666666666666 2
1575562506 2.988871558 0.0 0
1575563204 2.964642074 0.6666666666666666 2
1575563853 2.565537225 0.0 0
1575564450 2.952441204 0.6666666666666666 2
1575565031 3.007274299 0.0 0
1575565597 2.692022815 0.6666666666666666 2
1575566171 2.964400149 0.6666666666666666 2
1575566753 2.721690682 0.0 0
1575568097 3.024649209 0.3333333333333333 1
1575568683 2.606662331 1.0 2
1579191126 3.021489051 0.6666666666666666 2
1579191739 2.810148917 1.0 1
1579192305 2.701677407 1.0 1
1579192884 2.766145017 1.6666666666666667 3
1579193452 3.019989363 0.6666666666666666 2
1579194041 2.972319688 0.6666666666666666 2
1579194609 2.767560502 0.6666666666666666 2
1579195173 2.941065866 0.6666666666666666 2
1579195764 2.552495975 0.6666666666666666 2
1579196327 3.036126785 0.6666666666666666 2
1579359532 3.020980781 0.0 0
1579360109 2.953987624 1.0 3
1579360670 2.592560046 1.0 2
1579361225 2.783886055 0.0 0
1579361781 2.775004365 1.0 3
1579362335 2.990699434 1.0 2
1579362891 3.088076825 0.75 3
1579363458 3.004636058 0.6666666666666666 2
1579364025 2.699590115 0.6666666666666666 2
1579364585 2.945863201 1.0 3
1579530576 2.84837524 0.3333333333333333 1
1579531149 2.903121811 0.3333333333333333 1
1579532189 2.991613181 0.6666666666666666 2
1579532898 2.609787064 0.5 1
1579533558 2.862206554 0.0 0
1579534159 3.026007647 0.6666666666666666 2
1579534845 2.621292534 0.6666666666666666 2
1579535461 2.983698545 1.0 3
1579536533 3.000567883 1.0 3
1579537109 2.99842982 0.0 0
1580223835 2.953383156 0.6666666666666666 2
1580224394 2.952606563 0.6666666666666666 2
1580224951 2.943522778 0.6666666666666666 2
1580225515 2.775228829 0.0 0
1580226073 3.044538366 0.0 0
1580226658 2.979204105 0.6666666666666666 2
1580227226 2.572521704 0.6666666666666666 2
1580227824 2.976168578 0.0 0
1580228405 2.739768549 0.6666666666666666 2
1580228965 2.980357786 0.0 0
1580312393 2.646730762 0.0 0
1580312973 2.658508484 0.6666666666666666 2
1580313528 3.035082125 0.6666666666666666 2
1580314491 2.792219034 0.3333333333333333 1
1580315049 2.824040248 0.6666666666666666 2
1580315609 2.938087688 0.3333333333333333 1
1580316170 2.658744746 0.0 0
1580316875 2.62709682 0.6666666666666666 2
1580317466 2.899905366 0.6666666666666666 2
1581942532 2.547743674 0.6666666666666666 2
1581943945 2.980462894 0.6666666666666666 2
1581945054 3.060038486 1.3333333333333333 2
1581946005 2.582790496 0.6666666666666666 2
1581946574 2.951751942 0.6666666666666666 2
1581947143 2.947238617 0.3333333333333333 1
1581948063 2.796401228 0.6666666666666666 2
1581949164 2.868062458 0.0 0
1582034866 2.848544322 0.0 0
1582035744 3.036295143 0.6666666666666666 2
1582036353 2.960667706 0.6666666666666666 2
1582036955 3.163245824 0.6666666666666666 2
1582037561 2.901473045 0.6666666666666666 2
1582038153 2.835795835 0.6666666666666666 2
1582038749 2.968198735 0.0 0
1582041650 3.1758517 0.0 0
1582042409 2.525893622 0.5 2
1582043850 3.109483219 0.0 0
1582044451 2.829471354 0.0 0
1582638055 3.028114033 0.6666666666666666 2
1582638618 2.813642644 0.6666666666666666 2
1582640049 3.051350469 0.0 0
1582640870 2.749230028 0.6666666666666666 2
1582641428 2.556593097 0.0 0
1582642002 2.799605236 0.6666666666666666 2
1582642569 2.609725327 0.5 2
1582643142 2.714820292 0.0 0
1582643742 2.899746625 0.6666666666666666 2
1582644299 2.605385059 0.6666666666666666 2
1582898909 2.764119519 0.0 0
1582899472 2.599961005 0.6666666666666666 2
1582900041 2.530818484 0.0 0
1582900600 2.862149614 0.0 0
1582902345 2.615964141 0.0 0
1582902905 2.898020792 0.6666666666666666 2
1582903510 2.632499435 0.5 1
1574710923 2.592653222 0.0 0
