1569854629 6.929130643 0.0 0
1571330291 7.019910797 0.0 0
1571766648 6.792240313 0.0 0
1571767431 6.903795172 0.0 0
1572537531 6.50211602 0.0 0
1572538185 5.532739178 0.0 0
1572538845 5.577360522 0.0 0
1572539498 5.454891135 0.0 0
1572540145 5.551413638 0.0 0
1572541051 5.40319856 0.0 0
1572541704 5.478736412 0.0 0
1572542353 5.544171054 0.0 0
1572543000 5.618583406 0.0 0
1572543665 5.518989708 0.0 0
1572871419 5.468882957 0.0 0
1572872070 5.547908195 0.0 0
1572872748 5.402475119 0.0 0
1572873400 5.616154065 0.0 0
1572874053 5.543578824 0.0 0
1572875115 11.516397983 0.0 0
1572875975 5.543431243 0.0 0
1572877201 5.631848163 0.0 0
1572877852 5.600296454 0.0 0
1572879096 5.574206291 0.0 0
1572967487 5.549185425 0.0 0
1572968144 5.579595869 0.0 0
1572969445 5.511953533 0.0 0
1572970106 5.547933907 0.0 0
1572970756 5.676469042 0.0 0
1572971417 5.511132737 0.0 0
1572972079 5.701814647 0.0 0
1572972729 5.547494255 0.0 0
1572973445 5.610413441 0.0 0
1572974094 5.512966236 0.0 0
1572974746 5.351362398 0.0 0
1573209029 5.575563793 0.0 0
1573209684 5.52050897 0.0 0
1573210360 5.584788629 0.0 0
1573211027 5.542022434 0.0 0
1573211686 5.502621273 0.0 0
1573212334 5.524660239 0.0 0
1573212987 5.61498893 0.0 0
1573213636 5.376423832 0.0 0
1573214308 5.425169259 0.0 0
1573214967 5.435264085 0.0 0
1573310481 5.351717302 0.0 0
1573311099 5.09191366 0.0 0
1573311714 4.950652843 0.0 0
1573312420 5.301447284 0.0 0
1573313032 5.201161364 0.0 0
1573313658 5.080367866 0.0 0
1573314288 5.034713417 0.0 0
1573314903 4.890521032 0.0 0
1574696511 4.95782347 0.0 0
1574697092 4.903333698 0.0 0
1574697683 4.990676619 0.0 0
1574698255 5.161448841 0.0 0
1574698843 5.408599271 0.8333333333333334 1
1574709647 12.299076332 0.0 0
1574710914 4.711583457 0.0 0
1574956263 5.300506954 0.0 0
1574956925 5.190556959 0.0 0
1574957526 5.060269496 0.0 0
1574958108 5.022447187 0.0 0
1574958701 5.294619043 0.0 0
1574959287 4.921254165 0.0 0
1574959890 4.81253008 0.0 0
1574960468 5.161368111 0.0 0
1574961078 5.179091794 0.0 0
1574961714 5.09604723 0.0 0
1575033190 5.200162299 0.0 0
1575033758 5.247980734 0.0 0
1575034348 4.864948913 0.0 0
1575034922 4.861561164 0.0 0
1575035485 5.089912216 0.0 0
1575036523 5.077254415 0.0 0
1575037085 5.019342297 0.0 0
1575037644 4.865093336 0.0 0
1575038646 5.064251357 0.0 0
1575039217 4.866581407 0.0 0
1575120478 5.08072941 0.0 0
1575121043 5.088641518 0.0 0
1575121759 7.018331181 -1 -1
1575122038 4.915412856 0.0 0
1575122664 5.124271323 0.0 0
1575123221 5.294311471 0.0 0
1575123781 4.921043562 0.0 0
1575124337 5.179976327 0.0 0
1575124904 4.878646128 0.0 0
1575125466 4.834401675 0.0 0
1575126032 5.036868175 0.0 0
1575297781 6.658377067 0.42857142857142855 1
1575298357 4.99738425 0.2 1
1575298925 4.757305084 0.0 0
1575299505 5.623877592 0.16666666666666666 1
1575300078 5.029821453 0.0 0
1575300697 4.930754306 0.0 0
1575301467 5.180695173 0.0 0
1575302076 5.12236585 0.0 0
1575390265 4.89396816 0.0 0
1575390835 5.063048523 0.0 0
1575391398 5.075264289 0.0 0
1575391964 4.870698024 0.0 0
1575392773 5.100546918 0.0 0
1575393411 4.784528644 0.0 0
1575393968 5.119618388 0.0 0
1575394535 4.927329642 0.0 0
1575395099 5.176104759 0.0 0
1575395663 4.899440004 0.0 0
1575562497 5.032147274 0.0 0
1575563195 4.94325929 0.0 0
1575563843 5.044277459 0.0 0
1575564441 4.947765124 0.0 0
1575565022 4.906195983 0.0 0
1575565587 4.824120515 0.0 0
1575566162 5.157707215 0.0 0
1575566743 4.954022892 0.0 0
1575568087 5.976226086 0.0 0
1575568673 4.73527372 0.0 0
1579191117 5.040651788 0.0 0
1579191729 5.184735661 0.0 0
1579192295 5.028449922 0.0 0
1579192875 5.255717352 0.0 0
1579193443 5.043656387 0.0 0
1579194031 5.040619202 0.0 0
1579194600 5.203657934 0.0 0
1579195164 5.316830972 0.0 0
1579195754 5.02643983 0.0 0
1579196317 5.082634038 0.0 0
1579359523 4.970025266 0.0 0
1579360100 5.1204303 0.0 0
1579360661 4.842955655 0.0 0
1579361216 5.019547482 0.0 0
1579361771 5.354832947 0.0 0
1579362325 5.205970311 0.0 0
1579362882 4.931509453 0.0 0
1579363449 4.90311638 0.0 0
1579364016 4.952763164 0.0 0
1579364575 5.208904232 0.0 0
1579530567 4.819265823 0.0 0
1579531140 5.047729372 0.0 0
1579532180 4.956145911 0.0 0
1579532885 7.681420743 0.0 0
1579533549 5.215700708 0.0 0
1579534150 5.419794962 0.0 0
1579534836 4.912172564 0.0 0
1579535451 5.070279621 0.0 0
1579536524 5.013454638 0.0 0
1579537099 5.168735343 0.0 0
1580223826 5.114769493 0.0 0
1580224384 5.011683076 0.0 0
1580224941 4.945191903 0.0 0
1580225505 5.184141591 0.0 0
1580226064 4.953192217 0.0 0
1580226648 5.181809838 0.0 0
1580227216 5.14298781 0.0 0
1580227814 5.258883099 0.0 0
1580228395 5.14695906 0.0 0
1580228955 5.146215221 0.0 0
1580312383 4.902898614 0.0 0
1580312964 5.004973065 0.0 0
1580313519 4.905122599 0.0 0
1580314482 5.035544062 0.0 0
1580315040 4.948385997 0.0 0
1580315600 5.232111192 0.0 0
1580316160 5.327951848 0.0 0
1580316866 4.691906756 0.0 0
1580317457 4.768520578 0.0 0
1581942522 5.161223603 0.0 0
1581943936 5.289644883 0.0 0
1581945031 17.332462498 0.0 0
1581945996 4.890145737 0.0 0
1581946564 5.082379289 0.0 0
1581947134 5.030946431 0.0 0
1581948053 5.080301502 0.0 0
1581949155 4.800514787 0.0 0
1582034856 5.872702331 0.0 0
1582035733 5.868262018 0.0 0
1582036343 5.308131286 0.0 0
1582036944 5.835199346 0.0 0
1582037552 5.002096854 0.0 0
1582038143 5.358627417 0.0 0
1582038739 4.961707208 0.0 0
1582041639 5.956496558 0.0 0
1582042399 5.081636575 0.0 0
1582043840 5.253524127 0.0 0
1582044441 4.965034194 0.0 0
1582638046 5.307444342 0.0 0
1582638608 5.206385792 0.0 0
1582640040 5.066469788 0.0 0
1582640861 5.077292057 0.0 0
1582641418 4.888695655 0.0 0
1582641992 5.156733153 0.0 0
1582642560 5.095749357 0.0 0
1582643132 5.070303681 0.0 0
1582643732 5.079601554 0.0 0
1582644290 4.968369248 0.0 0
1582898900 5.144516014 0.0 0
1582899462 5.046738002 0.0 0
1582900031 5.11201103 0.0 0
1582900590 5.034325455 0.0 0
1582902335 4.962633696 0.0 0
1582902895 5.036043366 0.0 0
1582903500 4.779000005 0.0 0
1574710914 4.711583457 0.0 0
