1569854557 23.677408662 0.0 0
1571330254 11.016116369 0.0 0
1571766611 10.955639689 0.0 0
1571767393 11.462580052 0.0 0
1572537497 8.732499312 0.0 0
1572538154 8.664228363 0.0 0
1572538814 8.561524597 0.0 0
1572539466 8.740740786 0.0 0
1572540114 8.723603188 0.0 0
1572541019 8.701009855 0.0 0
1572541673 8.779565332 0.0 0
1572542321 8.652451298 0.0 0
1572542968 8.688910857 0.0 0
1572543633 8.769382379 0.0 0
1572871388 8.69088923 0.0 0
1572872038 8.679605459 0.0 0
1572872714 8.676209325 0.0 0
1572873368 8.677624676 0.0 0
1572874021 8.7751661 0.0 0
1572875083 8.703375676 0.0 0
1572875944 8.756516614 0.0 0
1572877170 8.732990078 0.0 0
1572877819 8.732092845 0.0 0
1572879064 8.775454778 0.0 0
1572967455 8.695639886 0.0 0
1572968111 8.816868907 0.0 0
1572969413 8.713996481 0.0 0
1572970074 8.670326403 0.0 0
1572970724 8.700644512 0.0 0
1572971377 9.548896239 0.0 0
1572972039 8.74986502 0.0 0
1572972697 8.752362111 0.0 0
1572973413 8.576220006 0.0 0
1572974063 8.778147823 0.0 0
1572974714 8.697153488 0.0 0
1573208997 8.690472539 0.0 0
1573209653 8.826689339 0.0 0
1573210327 8.680925888 0.0 0
1573210996 8.724847333 0.0 0
1573211654 8.760415669 0.0 0
1573212303 8.70818135 0.0 0
1573212954 8.699263778 0.0 0
1573213604 8.679941165 0.0 0
1573214277 8.656424215 0.0 0
1573214935 8.672642905 0.0 0
1573310449 8.210748075 0.0 0
1573311069 7.699574333 0.0 0
1573311684 7.931894588 0.0 0
1573312389 8.01661211 0.0 0
1573313000 8.96058024 0.0 0
1573313626 8.367229499 0.0 0
1573314259 8.059753244 0.0 0
1573314872 7.99293025 0.0 0
1574696481 7.96049828 0.0 0
1574697061 8.059399598 0.0 0
1574697652 7.983164144 0.0 0
1574698225 7.932780349 0.0 0
1574698810 7.76174073 0.375 1
1574709596 7.864253293 0.0 0
1574710883 7.847043898 0.0 0
1574956233 7.901693983 0.0 0
1574956895 7.901546615 0.0 0
1574957497 7.951436143 0.0 0
1574958076 7.937258817 0.0 0
1574958671 7.890224838 0.0 0
1574959257 7.840981422 0.0 0
1574959860 7.837323051 0.0 0
1574960439 7.93209292 0.0 0
1574961049 7.867047937 0.0 0
1574961684 7.961914192 0.0 0
1575033160 7.943341684 0.0 0
1575033728 7.913142092 0.0 0
1575034318 7.749852916 0.0 0
1575034887 7.356419066 0.0 0
1575035455 7.934545482 0.0 0
1575036493 7.846548564 0.0 0
1575037055 7.975613447 0.0 0
1575037614 7.992830896 0.0 0
1575038616 7.920317062 0.0 0
1575039186 7.996053621 0.0 0
1575120449 7.859513386 0.0 0
1575121012 7.923969111 0.0 0
1575121987 10.38378634 0.09090909090909091 1
1575122635 7.97950271 0.0 0
1575123192 7.805150707 0.0 0
1575123751 7.925283052 0.0 0
1575124308 7.964950072 0.0 0
1575124875 7.820647486 0.0 0
1575125433 7.842078313 0.0 0
1575126002 8.104516357 0.0 0
1575297751 7.948118238 0.75 1
1575298328 7.896204242 0.25 1
1575298896 7.853643594 0.0 0
1575299474 7.922525111 0.0 0
1575300046 7.889313896 0.0 0
1575300665 8.050007321 0.0 0
1575301236 7.973319101 0.0 0
1575302047 8.018455639 0.0 0
1575390235 8.214519893 0.0 0
1575390802 7.904558214 0.0 0
1575391369 7.81353837 0.0 0
1575391934 7.97539003 0.0 0
1575392743 7.841808305 0.0 0
1575393379 7.913781518 0.0 0
1575393939 7.8590008 0.0 0
1575394506 8.065840152 0.0 0
1575395069 7.980369676 0.0 0
1575395632 7.852036248 0.0 0
1575562467 7.93146965 0.14285714285714285 1
1575563165 8.055113903 0.25 1
1575563813 7.990876613 0.125 1
1575564409 8.214331014 0.125 1
1575564992 8.241330383 0.0 0
1575565557 8.071462963 0.125 1
1575566127 11.487396367 0.0 0
1575566712 8.145545403 0.0 0
1575568033 7.980050029 0.0 0
1575568639 8.135630878 0.125 1
1579191087 7.941218259 0.0 0
1579191700 7.680111772 0.0 0
1579192265 7.972356165 0.0 0
1579192846 7.691778906 0.0 0
1579193413 7.950473599 0.0 0
1579194002 6.702854373 0.0 0
1579194570 7.861332051 0.0 0
1579195134 7.852931915 0.0 0
1579195725 7.731849637 0.0 0
1579196288 7.961896772 0.0 0
1579359493 7.871694136 0.0 0
1579360070 7.895599622 0.0 0
1579360631 8.001553379 0.0 0
1579361187 7.892316716 0.0 0
1579361742 7.915106506 0.0 0
1579362296 7.911453158 0.0 0
1579362852 7.97275536 0.0 0
1579363419 8.103984638 0.0 0
1579363987 7.908835296 0.0 0
1579364545 7.98387306 0.0 0
1579530535 7.859228615 0.0 0
1579531110 8.247842902 0.0 0
1579532151 7.928671842 0.0 0
1579532855 7.901355578 0.875 1
1579533520 7.988631593 0.25 1
1579534121 7.839250534 0.0 0
1579534806 8.010222463 0.0 0
1579535419 7.986029422 0.0 0
1579536491 7.949235682 0.0 0
1579537070 7.939229852 0.0 0
1580223796 8.344212213 0.0 0
1580224354 7.979335694 0.0 0
1580224910 8.007192932 0.0 0
1580225475 7.882362855 0.0 0
1580226034 7.991677143 0.0 0
1580226619 7.841733788 0.0 0
1580227187 8.134812057 0.0 0
1580227785 7.994200291 0.0 0
1580228365 7.896466884 0.0 0
1580228924 8.063833145 0.0 0
1580312354 7.848732405 0.0 0
1580312934 7.787279713 0.0 0
1580313489 7.964860171 0.0 0
1580314453 7.906041884 0.0 0
1580315010 8.065808228 0.0 0
1580315569 8.034351143 0.0 0
1580316131 8.00767358 0.0 0
1580316832 7.909842738 0.0 0
1580317426 7.928026078 0.0 0
1581942491 8.124423429 0.0 0
1581943693 7.936243154 0.0 0
1581944984 8.206093946 0.0 0
1581945964 7.986961359 0.0 0
1581946535 7.876568999 0.0 0
1581947101 8.398454344 0.0 0
1581948024 7.894223698 0.0 0
1581949123 8.417363477 0.0 0
1582034811 7.917142419 0.0 0
1582035702 8.190605285 0.0 0
1582036310 8.953592601 0.0 0
1582036914 8.030552877 0.0 0
1582037520 9.327887168 0.0 0
1582038110 8.951437166 0.0 0
1582038707 9.250677449 0.0 0
1582041607 9.241410416 0.0 0
1582042211 9.116222512 0.0 0
1582043805 10.138340881 0.0 0
1582044410 9.329674424 0.0 0
1582638016 7.947532454 0.0 0
1582638578 7.951169934 0.0 0
1582639650 7.912370451 0.0 0
1582640831 7.864257817 0.0 0
1582641388 7.898668352 0.0 0
1582641961 8.064506826 0.0 0
1582642528 7.959524171 0.0 0
1582643102 7.997758032 0.0 0
1582643703 7.93513068 0.0 0
1582644259 8.215721895 0.0 0
1582898862 7.737783478 0.0 0
1582899431 7.944077976 0.0 0
1582900000 7.956954241 0.0 0
1582900560 7.948389007 0.0 0
1582902219 8.223385267 0.0 0
1582902866 7.762259198 0.0 0
1582903470 8.357709568 0.0 0
1574710883 7.847043898 0.0 0
