1569854636 5.681329457 0.0 0
1571330298 5.811983606 0.0 0
1571766655 5.714658277 0.0 0
1571767438 5.718190806 0.0 0
1572538191 4.692589008 0.0 0
1572538851 4.779949594 0.0 0
1572539504 4.679755421 0.0 0
1572540151 4.715757607 0.0 0
1572541056 4.60769981 0.0 0
1572541710 4.587815516 0.0 0
1572542358 4.696792686 0.0 0
1572543006 4.458884053 0.0 0
1572543671 4.533286178 0.0 0
1572871425 4.793167428 0.0 0
1572872076 4.764083259 0.2 1
1572872754 4.76165232 0.0 0
1572873405 4.811546509 0.0 0
1572874058 4.943792003 0.0 0
1572875127 5.080614923 0.0 0
1572875981 4.86866015 0.0 0
1572877207 4.722761677 0.2 1
1572877858 4.873375494 0.0 0
1572879102 5.159534721 0.0 0
1572967493 4.642890279 0.0 0
1572968150 4.629762984 0.0 0
1572969450 4.778996978 0.0 0
1572970112 5.025056399 0.0 0
1572970762 4.592380165 0.0 0
1572971423 4.818972465 0.0 0
1572972085 4.964007255 0.0 0
1572972734 4.803857534 0.0 0
1572973450 4.688263333 0.0 0
1572974100 4.721194848 0.0 0
1572974752 4.987930156 0.0 0
1573209035 4.753226254 0.0 0
1573209690 4.652904498 0.0 0
1573210365 5.163113191 0.0 0
1573211033 4.974450788 0.0 0
1573211692 4.649372586 0.0 0
1573212340 5.232670006 0.0 0
1573212993 4.946267344 0.0 0
1573213642 4.86803959 0.0 0
1573214314 5.130351067 0.0 0
1573214972 4.857224007 0.0 0
1573310487 5.306135103 0.2 1
1573311104 4.486130173 0.0 0
1573312425 4.128859179 0.0 0
1573313038 4.501735416 0.0 0
1573313663 4.413386519 0.0 0
1573314294 4.395172925 0.0 0
1573314909 4.545146646 0.0 0
1574696516 4.284276089 0.0 0
1574697097 4.304590804 0.0 0
1574697688 4.222804209 0.0 0
1574698260 4.182881154 0.0 0
1574698848 4.434860206 0.0 0
1574709660 4.444388379 0.0 0
1574710919 4.429063142 0.0 0
1574956268 4.517170552 0.0 0
1574956930 4.417378133 0.0 0
1574957531 4.481635128 0.0 0
1574958114 4.252126673 0.0 0
1574958706 4.40689629 0.0 0
1574959292 4.488602325 0.0 0
1574959895 4.54805239 0.0 0
1574960473 4.526565114 0.0 0
1574961083 4.558316025 0.0 0
1574961719 4.463984109 0.0 0
1575033195 4.239367156 0.0 0
1575033763 4.231093963 0.0 0
1575034354 4.206238198 0.0 0
1575034927 4.262314566 0.0 0
1575035490 4.443238953 0.0 0
1575036528 4.476310295 0.0 0
1575037090 4.218497185 0.0 0
1575037649 4.305863226 0.0 0
1575038651 4.441137706 0.0 0
1575039221 4.48553153 0.0 0
1575120483 4.180654206 0.0 0
1575121049 4.06547276 0.0 0
1575121766 5.847679234 -1 -1
1575122043 4.178219292 0.0 0
1575122669 4.475955111 0.0 0
1575123226 4.570696905 0.0 0
1575123786 4.401484722 0.0 0
1575124342 4.355686307 0.0 0
1575124909 4.036936997 0.0 0
1575125471 4.474759633 0.0 0
1575126037 4.358606291 0.0 0
1575298362 4.302337277 0.0 0
1575298930 4.477747548 0.0 0
1575299510 5.660069394 0.0 0
1575300083 4.337105571 0.0 0
1575300702 4.148951555 0.0 0
1575301473 4.344392877 0.0 0
1575302081 4.435814019 0.0 0
1575390270 3.928181556 0.0 0
1575390840 4.052727433 0.0 0
1575391403 4.435935835 0.0 0
1575391969 4.018660047 0.0 0
1575392778 4.461454446 0.0 0
1575393415 4.366793242 0.0 0
1575393973 4.355747341 0.0 0
1575394540 4.381261838 0.0 0
1575395104 4.293978498 0.0 0
1575395668 4.403653852 0.0 0
1575562502 4.240028701 0.0 0
1575563200 4.110024114 0.0 0
1575563848 4.575855029 0.0 0
1575564446 4.231371275 0.0 0
1575565027 4.110766086 0.0 0
1575565592 4.687933932 0.0 0
1575566167 4.40330013 0.0 0
1575566748 4.495836353 0.0 0
1575568093 4.387191688 0.0 0
1575568678 4.370032431 0.2 1
1579191122 4.131274247 0.0 0
1579191734 4.555919526 0.0 0
1579192301 4.201320521 0.25 1
1579192880 4.524711353 0.0 0
1579193448 4.07396083 0.0 0
1579194037 4.116975697 0.0 0
1579194605 4.488057246 0.0 0
1579195169 4.286554389 0.0 0
1579195760 4.15356014 0.0 0
1579196322 4.440039408 0.0 0
1579359528 3.910256616 0.0 0
1579360105 4.435926242 0.0 0
1579360666 4.012400421 0.0 0
1579361221 4.553499361 0.0 0
1579361776 4.592362174 0.0 0
1579362330 4.385186865 0.0 0
1579362887 4.291626207 0.0 0
1579363454 4.395354922 0.0 0
1579364021 4.056231331 0.0 0
1579364580 4.427874642 0.0 0
1579530572 4.359199249 0.0 0
1579531145 4.337158094 0.0 0
1579532185 4.098759199 0.0 0
1579532893 4.367938355 0.4 1
1579533554 4.487915678 0.0 0
1579534155 4.327641107 0.0 0
1579534841 4.397568343 0.0 0
1579535457 4.05253138 0.0 0
1579536529 4.088164444 0.0 0
1579537104 4.227130745 0.0 0
1580223831 4.13665366 0.0 0
1580224389 4.250511953 0.0 0
1580224946 4.244014852 0.0 0
1580225510 4.512078194 0.0 0
1580226069 4.269295636 0.0 0
1580226654 4.391665288 0.0 0
1580227222 4.209502338 0.0 0
1580227819 4.518727037 0.0 0
1580228401 4.433533187 0.0 0
1580228960 4.386412774 0.0 0
1580312389 4.140186741 0.0 0
1580312969 4.184173816 0.0 0
1580313524 4.219255442 0.0 0
1580314487 4.442389834 0.0 0
1580315045 3.934115059 0.0 0
1580315605 4.39944765 0.0 0
1580316165 4.635895972 0.0 0
1580316871 4.32559928 0.0 0
1580317462 4.268061012 0.0 0
1581942528 4.220520829 0.0 0
1581943941 4.131494147 0.0 0
1581945049 4.133268505 0.0 0
1581946001 4.485285104 0.0 0
1581946569 4.324463317 0.0 0
1581947139 4.254597682 0.0 0
1581948059 3.969395395 0.0 0
1581949160 4.398573634 0.0 0
1582034862 4.660577203 0.0 0
1582035739 4.644133232 0.0 0
1582036348 4.984052071 0.0 0
1582036950 4.871334959 0.0 0
1582037557 4.335691629 0.0 0
1582038148 4.756881336 0.0 0
1582038744 4.355643747 0.0 0
1582041645 4.905627841 0.0 0
1582043845 4.888838101 0.0 0
1582044447 4.256879868 0.0 0
1582638051 4.314433322 0.0 0
1582638614 4.281166472 0.25 1
1582640045 4.072804812 0.0 0
1582640866 4.430792922 0.0 0
1582641423 4.444199138 0.0 0
1582641998 4.455050758 0.0 0
1582643137 4.363771443 0.0 0
1582643737 4.353345685 0.0 0
1582644295 4.107140061 0.0 0
1582898905 4.51367704 0.0 0
1582899468 4.448418886 0.0 0
1582900037 4.091159916 0.0 0
1582900595 4.116676987 0.0 0
1582902340 4.369276139 0.0 0
1582902901 4.213875243 0.0 0
1582903505 4.419620579 0.2 1
1574710919 4.429063142 0.0 0
