1569854551 6.676194159 0.0 0
1571330247 6.958910135 0.14285714285714285 1
1571766604 6.824101124 0.0 0
1571767387 6.768851425 0.0 0
1572537492 5.581509803 0.0 0
1572538148 5.578106349 0.0 0
1572538808 5.692346706 0.0 0
1572539461 5.58679915 0.0 0
1572540108 5.592773661 0.0 0
1572541013 5.553684264 0.16666666666666666 1
1572541667 5.498889991 0.16666666666666666 1
1572542316 5.683124624 0.0 0
1572542963 5.602023558 0.0 0
1572543628 5.65781584 0.0 0
1572871382 5.635237868 0.0 0
1572872032 5.739570966 0.0 0
1572872709 5.507859823 0.0 0
1572873362 5.629603271 0.0 0
1572874016 5.535520845 0.0 0
1572875078 5.456183594 0.0 0
1572875939 5.636110957 0.0 0
1572877164 5.462568698 0.0 0
1572877813 5.570765583 0.0 0
1572879059 5.440560039 0.0 0
1572967449 5.57787374 0.0 0
1572968105 5.617601755 0.16666666666666666 1
1572969408 5.668368873 0.0 0
1572970069 5.617846478 0.0 0
1572970719 5.623590701 0.0 0
1572971371 5.44073341 0.0 0
1572972034 5.527125592 0.0 0
1572972692 5.746420706 0.0 0
1572973408 5.622504561 0.0 0
1572974057 5.501426955 0.0 0
1572974709 5.48951387 0.0 0
1573208992 5.567347457 0.16666666666666666 1
1573209647 5.710610722 0.0 0
1573210322 5.37946773 0.0 0
1573210990 5.681164262 0.0 0
1573211649 5.640718351 0.2 1
1573212297 5.480233675 0.0 0
1573212948 5.588199036 0.16666666666666666 1
1573213599 5.755065558 0.0 0
1573214271 5.65646763 0.0 0
1573214929 5.50689011 0.0 0
1573310444 5.177048771 0.0 0
1573311064 4.999723895 0.0 0
1573311679 5.148360797 0.0 0
1573312384 5.147514347 0.0 0
1573312995 5.164294427 0.0 0
1573313621 5.184702425 0.0 0
1573314254 5.12199689 0.0 0
1573314867 5.091297157 0.0 0
1574697056 4.958165236 0.0 0
1574709591 5.281292939 0.0 0
1574710878 5.174951607 0.0 0
1574956228 5.263539533 0.0 0
1574957492 5.273229451 0.0 0
1574958071 5.231123952 0.0 0
1574959252 5.0404558 0.0 0
1574960433 5.227967869 0.16666666666666666 1
1574961044 5.02122131 0.0 0
1575033723 5.144023807 0.0 0
1575034313 5.12530926 0.0 0
1575038611 4.886454632 0.0 0
1575039181 5.302275207 0.0 0
1575120444 5.193193179 0.0 0
1575121007 5.244139889 0.0 0
1575121982 4.567352332 0.8 1
1575123187 5.201904457 0.0 0
1575123746 5.19541609 0.0 0
1575124303 5.316150966 0.0 0
1575125428 5.081288602 0.0 0
1575125997 5.562938677 0.0 0
1575299469 5.209897012 0.0 0
1575300042 5.093303027 0.0 0
1575302042 5.413197147 0.0 0
1575391929 5.344770115 0.0 0
1575394501 5.063150942 0.0 0
1575395064 5.208157519 0.16666666666666666 1
1575562461 5.277317192 0.16666666666666666 1
1575563160 5.415948571 0.0 0
1575563808 5.140085414 0.0 0
1575564404 5.116834897 0.0 0
1575565552 5.395931474 0.0 0
1575566122 5.108544001 0.0 0
1575568028 5.354358673 0.0 0
1579191695 5.260307818 0.0 0
1579192260 5.507306886 0.2 1
1579192841 4.90249351 0.0 0
1579193408 5.217981759 0.0 0
1579194565 5.156146332 0.0 0
1579195720 5.214480978 0.0 0
1579196282 5.49994324 0.0 0
1579359488 5.048847706 0.0 0
1579360065 5.418566355 0.0 0
1579360626 5.338137287 0.0 0
1579362291 4.876791858 0.0 0
1579364540 5.47294594 0.0 0
1579530530 5.167337221 0.16666666666666666 1
1579532146 4.845674526 0.0 0
1579532850 5.138366553 0.16666666666666666 1
1579533515 5.076561074 0.0 0
1579534116 5.250959434 0.0 0
1579534801 4.900872939 0.0 0
1579535414 5.056365414 0.0 0
1579537065 5.465938897 0.0 0
1580223791 5.138293119 0.0 0
1580225470 4.947381879 0.0 0
1580226029 5.130466512 0.0 0
1580226614 5.222770064 0.0 0
1580227182 5.316710382 0.0 0
1580312349 5.274379769 0.0 0
1580312929 5.460937294 0.0 0
1580314448 5.205309098 0.0 0
1580315005 5.252690945 0.2 1
1580315565 4.988642071 0.0 0
1580316126 5.188331719 0.0 0
1580316827 5.008668568 0.0 0
1580317421 5.242969014 0.0 0
1581942486 5.271164286 0.0 0
1581943689 5.111035689 0.0 0
1581944979 5.02445528 0.0 0
1581945959 5.057812279 0.0 0
1581946530 5.324445001 0.0 0
1581947097 5.016698357 0.0 0
1581948019 5.442747053 0.0 0
1581949118 5.130564769 0.0 0
1582034094 716.713865516 0.0 0
1582035696 5.774775944 0.0 0
1582036304 5.755818592 0.0 0
1582036910 5.065361114 0.0 0
1582037515 5.831216127 0.0 0
1582041602 5.801607053 0.0 0
1582042206 5.970592219 0.0 0
1582043799 6.179547136 0.0 0
1582044405 5.710931397 0.0 0
1582638011 5.035936466 0.0 0
1582638573 5.176365305 0.0 0
1582641384 4.79453035 0.0 0
1582641956 5.136073578 0.0 0
1582642523 5.115746531 0.0 0
1582643096 5.274260509 0.0 0
1582643698 5.246544834 0.0 0
1582898856 5.039015027 0.16666666666666666 1
1582899426 4.826825501 0.0 0
1582899995 5.159638451 0.0 0
1582900555 5.216626408 0.0 0
1582902214 5.070913412 0.0 0
1582902860 5.171684706 0.0 0
1574710878 5.174951607 0.0 0
