1571330280 10.707844526 0.36363636363636365 2
1571766637 10.675728641 0.09090909090909091 1
1571767420 10.880057409 0.09090909090909091 1
1572537522 8.880307759 0.1111111111111111 1
1572538176 8.72268517 0.2222222222222222 1
1572538836 8.83558168 0.1111111111111111 1
1572539489 8.609108709 0.3333333333333333 2
1572540137 8.566407153 0.25 1
1572541042 8.752266046 0.2222222222222222 2
1572541696 8.749462489 0.25 1
1572542344 8.57478527 0.2222222222222222 2
1572542992 8.610606303 0.125 1
1572543656 8.749641745 0.3333333333333333 2
1572871410 8.513248142 0.2222222222222222 1
1572872061 8.748297458 0.1111111111111111 1
1572872739 8.915206355 0.1111111111111111 1
1572873391 8.371905787 0.1111111111111111 1
1572874044 8.73948022 0.1111111111111111 1
1572875106 8.958755539 0.1111111111111111 1
1572875967 8.704328406 0.2222222222222222 1
1572877193 8.476322344 0.125 1
1572877844 8.636524749 0.125 1
1572879088 8.480956753 0.125 1
1572967478 8.663582209 0.2222222222222222 2
1572968135 8.90839092 0.2222222222222222 2
1572969436 8.731475511 0.1111111111111111 1
1572970098 8.70477741 0.125 1
1572970747 8.967622031 0.2222222222222222 1
1572972063 16.026795448 0.0625 1
1572972720 8.898555488 0.1111111111111111 1
1572973436 8.797340017 0.3333333333333333 2
1572974086 8.666687945 0.2222222222222222 1
1572974737 8.874903888 0.1111111111111111 1
1573209020 8.749331986 0.1111111111111111 1
1573209676 8.833196471 0.0 0
1573210351 8.41844945 0.125 1
1573211019 8.770421253 0.125 1
1573211677 8.896198661 0.0 0
1573212326 8.597904075 0.125 1
1573212979 8.761259669 0.125 1
1573213627 8.874221571 0.3333333333333333 2
1573214299 8.722316542 0.2222222222222222 1
1573214958 8.550411925 0.3333333333333333 2
1573310472 8.082352107 0.1111111111111111 1
1573311091 7.926861869 0.125 1
1573311706 8.054216779 0.0 0
1573312412 7.671747965 0.0 0
1573313024 8.099591525 0.125 1
1573313650 8.023509423 0.375 2
1573314280 8.153130582 0.125 1
1573314895 8.117576502 0.125 1
1574696502 8.242861187 0.2222222222222222 1
1574697083 8.371748055 0.2222222222222222 2
1574697675 8.004652827 0.0 0
1574698247 7.608573429 0.25 1
1574698836 7.462772006 0.0 0
1574709618 28.943088393 0.034482758620689655 1
1574710906 7.871239782 0.0 0
1574956255 7.431431109 0.125 1
1574956917 7.911058557 0.125 1
1574957518 7.641896364 0.125 1
1574958101 7.677529528 0.14285714285714285 1
1574958693 7.830770493 0.125 1
1574959279 8.147922969 0.125 1
1574959882 8.133218917 0.125 1
1574960460 7.607997924 0.125 1
1574961071 7.397035303 0.14285714285714285 1
1574961706 7.704099253 0.125 1
1575033182 7.917434309 0.125 1
1575033750 7.871843109 0.0 0
1575034340 7.752469925 0.0 0
1575034911 11.269256298 0.0 0
1575035477 7.663865565 0.125 1
1575036515 7.806759186 0.125 1
1575037077 7.866791921 0.125 1
1575037636 7.852277569 0.0 0
1575038638 7.659292131 0.25 1
1575039208 8.280179207 0.3333333333333333 2
1575120470 7.753284489 0.125 1
1575121035 8.244632462 0.125 1
1575122030 8.228551736 0.0 0
1575122657 7.637380568 0.125 1
1575123214 7.613950241 0.14285714285714285 1
1575123773 7.906540952 0.25 2
1575124329 7.751845604 0.125 1
1575124896 7.639742837 0.0 0
1575125458 8.137880317 0.0 0
1575126024 7.7746869 0.0 0
1575297773 7.722407968 0.25 2
1575298350 7.828306716 0.14285714285714285 1
1575298917 7.943692561 0.125 1
1575299497 8.147225322 0.25 2
1575300070 8.260536802 0.125 1
1575300689 8.050323487 0.1111111111111111 1
1575301456 11.023101367 0.4166666666666667 2
1575302069 7.424873734 0.14285714285714285 1
1575390257 7.592729815 0.375 2
1575390826 8.224646272 0.1111111111111111 1
1575391390 7.586924884 0.125 1
1575391956 7.969573025 0.125 1
1575392765 7.698781871 0.125 1
1575393403 8.057203986 0.0 0
1575393961 7.279436324 0.0 0
1575394527 7.944456059 0.25 1
1575395091 7.575759246 0.125 1
1575562489 8.376676778 0.0 0
1575563187 7.998144645 0.125 1
1575563835 8.211129787 0.25 1
1575564433 8.044962903 0.125 1
1575565014 7.971506382 0.5 3
1575565579 8.111897604 0.25 2
1575566153 8.273806788 0.3333333333333333 2
1575566735 8.359219889 0.125 1
1575568055 31.912242718 0.0 0
1575568665 8.324886515 0.0 0
1579191109 7.548639207 0.125 1
1579191722 7.620667205 0.375 2
1579192287 7.995163582 0.25 2
1579192867 7.826460394 0.125 1
1579193435 7.914086821 0.0 0
1579194024 7.934078349 0.25 2
1579194592 7.798115078 0.14285714285714285 1
1579195156 7.959478923 0.125 1
1579195747 7.67813356 0.0 0
1579196309 8.112329444 0.125 1
1579359515 8.105181752 0.5 3
1579360092 7.729348549 0.375 2
1579360652 8.363343153 0.3333333333333333 2
1579361208 7.715662145 0.25 1
1579361764 7.524262439 0.42857142857142855 2
1579362318 7.687689322 0.0 0
1579362874 8.167909386 0.125 1
1579363441 8.282637389 0.0 0
1579364008 7.808066167 0.5 2
1579364568 7.552040605 0.0 0
1579530560 7.521554936 0.125 1
1579531131 8.319218017 0.2222222222222222 1
1579532172 7.274628746 0.125 1
1579532877 8.358217166 0.125 1
1579533541 7.635312075 0.25 1
1579534142 7.351569819 0.14285714285714285 1
1579534828 8.27149782 0.0 0
1579536516 7.825993568 0.0 0
1579537091 7.648397715 0.125 1
1580223818 8.13617355 0.125 1
1580224376 8.20475585 0.375 2
1580224933 7.893082805 0.125 1
1580225497 7.606199034 0.125 1
1580226056 7.565995752 0.375 2
1580226640 7.969365791 0.25 1
1580227209 7.778023815 0.14285714285714285 1
1580227806 7.605036072 0.375 2
1580228388 7.844085226 0.2857142857142857 1
1580228947 7.775634308 0.125 1
1580312376 7.525635304 0.0 0
1580312956 7.546329206 0.0 0
1580313511 7.591345089 0.0 0
1580314474 7.627968612 0.125 1
1580315032 7.729719522 0.25 1
1580315592 7.773495456 0.125 1
1580316152 7.659805041 0.125 1
1580316856 10.623526035 0.09090909090909091 1
1580317448 8.896245124 0.3333333333333333 2
1581942515 7.570475237 0.0 0
1581943892 43.78744925 0.8409090909090909 1
1581945024 7.609985385 0.0 0
1581945988 8.180050422 0.0 0
1581946557 7.753029069 0.2857142857142857 2
1581947126 8.036874579 0.0 0
1581948046 7.572110498 0.0 0
1581949147 8.011260188 0.5 2
1582035724 8.970164727 0.1111111111111111 1
1582036334 8.101195812 0.2222222222222222 1
1582036936 8.166384587 0.125 1
1582037544 8.350358132 0.25 2
1582038135 7.906936056 0.125 1
1582038731 8.267204833 0.0 0
1582041631 8.74172677 0.0 0
1582042391 7.926691596 0.125 1
1582043832 7.64383178 0.25 1
1582044434 7.703830973 0.42857142857142855 2
1582638038 7.49651242 0.125 1
1582638600 8.120645548 0.125 1
1582640032 8.002724059 0.25 1
1582640853 7.603515659 0.25 1
1582641410 7.921774315 0.125 1
1582641984 8.112423753 0.25 1
1582642552 7.804202554 0.0 0
1582643124 7.944226083 0.125 1
1582643725 7.603595197 0.14285714285714285 1
1582644282 7.680437157 0.0 0
1582899454 8.25991622 0.125 1
1582900023 7.826359627 0.125 1
1582900582 7.778346833 0.125 1
1582902327 8.129836746 0.125 1
1582902888 7.687038339 0.14285714285714285 1
1582903492 8.508913308 0.1111111111111111 1
1574710906 7.871239782 0.0 0
