1569854557 11.025584825 0.0 0
1571330254 10.391101384 0.0 0
1571766611 10.617842968 0.0 0
1571767393 11.243057012 0.0 0
1572537497 8.522863432 0.0 0
1572538154 8.449446967 0.0 0
1572538814 8.428858163 0.0 0
1572539467 8.442017 0.0 0
1572540114 8.479639089 0.0 0
1572541019 8.459376708 0.0 0
1572541673 8.53738011 0.0 0
1572542321 8.367372633 0.0 0
1572542969 8.494128974 0.0 0
1572543634 8.43101061 0.0 0
1572871388 8.479331505 0.0 0
1572872038 8.500358089 0.0 0
1572872714 8.456636716 0.0 0
1572873368 8.378100998 0.0 0
1572874021 8.478945614 0.0 0
1572875083 8.366608864 0.0 0
1572875944 8.331498866 0.0 0
1572877170 8.446500164 0.0 0
1572877819 8.541462058 0.0 0
1572879064 8.404492224 0.0 0
1572967455 8.452307644 0.0 0
1572968111 8.563949948 0.0 0
1572969413 8.492798761 0.0 0
1572970074 8.413633589 0.0 0
1572970724 8.384875 0.0 0
1572971377 9.244539771 0.0 0
1572972039 8.446421468 0.0 0
1572972697 8.404909624 0.0 0
1572973413 8.522658348 0.0 0
1572974063 8.457081458 0.0 0
1572974714 8.518997407 0.0 0
1573208998 8.411993922 0.0 0
1573209653 8.451997198 0.0 0
1573210327 8.482719972 0.0 0
1573210996 8.402809781 0.0 0
1573211654 8.460729185 0.0 0
1573212303 8.484236684 0.0 0
1573212954 8.416247972 0.0 0
1573213604 8.340008331 0.0 0
1573214277 8.584242484 0.0 0
1573214935 8.401904908 0.0 0
1573310449 7.610794891 0.0 0
1573311069 7.617578946 0.0 0
1573311684 7.595148576 0.0 0
1573312389 7.927914094 0.0 0
1573313000 8.241144385 0.0 0
1573313626 8.149175282 0.0 0
1573314259 7.760802619 0.0 0
1573314872 7.741823241 0.0 0
1574696481 7.675021228 0.0 0
1574697061 8.148631779 0.0 0
1574697652 7.817277705 0.0 0
1574698226 7.676357411 0.0 0
1574698810 7.671240227 0.3333333333333333 1
1574709597 7.55166026 0.0 0
1574710884 7.683670387 0.0 0
1574956234 7.784500033 0.0 0
1574956896 7.937413141 0.0 0
1574957497 7.610110032 0.0 0
1574958076 7.906106116 0.0 0
1574958672 7.795455053 0.0 0
1574959257 7.97111225 0.0 0
1574959860 7.806662962 0.0 0
1574960439 7.813543862 0.0 0
1574961049 8.092603127 0.0 0
1574961685 7.708713589 0.0 0
1575033160 7.852393912 0.0 0
1575033728 7.968346345 0.0 0
1575034318 7.821367628 0.0 0
1575034886 8.208501548 0.0 0
1575035456 7.643555587 0.0 0
1575036493 7.743856762 0.0 0
1575037056 7.721293658 0.0 0
1575037615 7.646230448 0.0 0
1575038616 7.801812235 0.0 0
1575039186 7.629221214 0.0 0
1575120449 7.911487762 0.0 0
1575121012 7.660001798 0.0 0
1575121987 10.38378634 0.0 0
1575122635 7.711760972 0.0 0
1575123192 8.0990365 0.0 0
1575123751 7.544050191 0.0 0
1575124308 7.57676198 0.0 0
1575124875 7.822618524 0.0 0
1575125433 7.544790129 0.0 0
1575126002 7.551615304 0.0 0
1575297751 7.679333122 0.6666666666666666 1
1575298328 7.788565304 0.3333333333333333 1
1575298896 7.638683184 0.0 0
1575299474 8.018099335 0.0 0
1575300047 7.744804207 0.0 0
1575300665 7.70070533 0.0 0
1575301236 7.503256518 0.0 0
1575302048 7.837570609 0.0 0
1575390236 7.729017308 0.0 0
1575390802 7.812157383 0.0 0
1575391369 7.666124376 0.0 0
1575391934 7.751946598 0.0 0
1575392743 7.703604675 0.0 0
1575393380 7.620530897 0.0 0
1575393939 7.733302238 0.0 0
1575394506 7.8877326 0.0 0
1575395070 7.692844128 0.0 0
1575395632 7.836131315 0.0 0
1575562467 8.136924083 0.25 1
1575563165 7.73317127 0.25 1
1575563813 7.906118395 0.125 1
1575564409 8.386062781 0.1111111111111111 1
1575564992 8.18854231 0.0 0
1575565557 7.875400713 0.125 1
1575566127 11.269450387 0.0 0
1575566713 7.809429177 0.0 0
1575568033 7.927997967 0.0 0
1575568640 7.65854065 0.125 1
1579191088 7.848233662 0.0 0
1579191700 7.84472359 0.0 0
1579192265 7.972062141 0.0 0
1579192846 7.958842956 0.0 0
1579193414 7.732454602 0.0 0
1579194001 7.677255898 0.0 0
1579194570 7.991221704 0.0 0
1579195134 7.763430465 0.0 0
1579195725 7.820639846 0.0 0
1579196288 7.620974646 0.0 0
1579359493 7.577874491 0.0 0
1579360070 7.91587161 0.0 0
1579360631 7.70225494 0.0 0
1579361187 7.883737307 0.0 0
1579361742 7.624982606 0.0 0
1579362296 7.99674736 0.0 0
1579362852 7.631034583 0.0 0
1579363419 7.724945773 0.0 0
1579363987 7.521621404 0.0 0
1579364545 7.636969998 0.0 0
1579530535 7.64813974 0.0 0
1579531110 7.654036437 0.0 0
1579532151 8.027709464 0.0 0
1579532856 7.862395679 0.8571428571428571 1
1579533520 7.682954234 0.25 1
1579534121 7.671778335 0.0 0
1579534806 7.659161957 0.0 0
1579535419 8.154595113 0.0 0
1579536492 7.692454432 0.0 0
1579537070 7.477486831 0.0 0
1580223796 7.703783852 0.0 0
1580224354 7.553287804 0.0 0
1580224910 7.613305118 0.0 0
1580225475 8.090764259 0.0 0
1580226034 7.777839329 0.0 0
1580226619 7.961429846 0.0 0
1580227187 8.267011323 0.0 0
1580227785 7.723387937 0.0 0
1580228366 7.877205498 0.0 0
1580228925 7.799532175 0.0 0
1580312354 7.696727145 0.0 0
1580312934 7.65594624 0.0 0
1580313490 7.614329049 0.0 0
1580314453 7.575300004 0.0 0
1580315011 7.723490311 0.0 0
1580315570 7.901692851 0.0 0
1580316131 7.792268013 0.0 0
1580316832 7.788025696 0.0 0
1580317426 8.268475619 0.0 0
1581942492 7.780239001 0.0 0
1581943694 7.774444712 0.0 0
1581944984 7.999968587 0.0 0
1581945964 8.112956945 0.0 0
1581946535 7.591523756 0.0 0
1581947102 7.646894565 0.0 0
1581948024 7.641574581 0.0 0
1581949124 7.812730473 0.0 0
1582034811 7.946739597 0.0 0
1582035702 8.155221408 0.0 0
1582036310 8.996541891 0.0 0
1582036915 7.630019902 0.0 0
1582037521 8.996213528 0.0 0
1582038110 8.424127262 0.0 0
1582038707 8.653426573 0.0 0
1582041607 9.135904496 0.0 0
1582042211 8.942154841 0.0 0
1582043805 8.834324277 0.0 0
1582044410 9.055396858 0.0 0
1582638017 7.729969466 0.0 0
1582638578 7.909389486 0.0 0
1582639651 7.60492309 0.0 0
1582640831 7.743466166 0.0 0
1582641388 7.738525076 0.0 0
1582641961 7.636900743 0.0 0
1582642528 7.830452387 0.0 0
1582643102 7.791199438 0.0 0
1582643703 7.595638198 0.0 0
1582644259 7.566710974 0.0 0
1582898861 8.167251451 0.0 0
1582899431 7.733274201 0.0 0
1582900000 7.877802016 0.0 0
1582900560 7.747918473 0.0 0
1582902219 7.743274745 0.0 0
1582902866 7.876183862 0.0 0
1582903470 7.505729321 0.0 0
1574710884 7.683670387 0.0 0
