1569854629 7.354296292 0.0 0
1571330290 7.363323811 0.0 0
1571766648 7.221845735 0.0 0
1571767431 7.339223141 0.0 0
1572538185 5.783362923 0.0 0
1572538845 5.797174387 0.0 0
1572539498 5.889965049 0.0 0
1572540145 5.806714948 0.0 0
1572541050 5.881172744 0.0 0
1572541704 5.938731527 0.0 0
1572542352 5.839055023 0.0 0
1572543000 6.010835045 0.0 0
1572543665 6.024264285 0.0 0
1572871419 5.848164239 0.0 0
1572872070 5.967064187 0.0 0
1572872748 5.79455343 0.0 0
1572873400 5.702981255 0.0 0
1572874053 5.720505309 0.0 0
1572875115 12.194905867 0.0 0
1572875975 5.753015145 0.0 0
1572877201 5.893971499 0.0 0
1572877852 5.896313803 0.0 0
1572879096 5.840348192 0.0 0
1572967487 5.907872781 0.0 0
1572968144 5.87585907 0.0 0
1572969445 5.785097667 0.0 0
1572970106 5.804259121 0.0 0
1572970756 6.434339883 0.0 0
1572971418 4.596101489 0.0 0
1572972080 5.634000743 0.0 0
1572972729 5.876052931 0.0 0
1572973444 5.892006548 0.0 0
1572974094 5.818036536 0.0 0
1572974746 5.803834331 0.0 0
1573209029 5.751113141 0.0 0
1573209684 5.895752362 0.0 0
1573210359 5.721340776 0.0 0
1573211027 5.821741974 0.0 0
1573211686 5.931130691 0.0 0
1573212334 5.818989675 0.0 0
1573212987 5.918325496 0.0 0
1573213636 5.930259063 0.0 0
1573214308 5.940768505 0.0 0
1573214967 5.86979801 0.0 0
1573310480 6.098825363 0.0 0
1573311099 5.352961473 0.0 0
1573312420 5.638273224 0.0 0
1573313032 5.79563051 0.0 0
1573313658 5.494776265 0.0 0
1573314288 5.721824547 0.0 0
1573314903 5.554608598 0.0 0
1574696510 5.418031867 0.0 0
1574697091 5.526834734 0.0 0
1574697682 5.461203706 0.0 0
1574698255 5.422525866 0.0 0
1574698843 5.145874562 1.0 1
1574709647 12.940978852 0.0 0
1574710913 5.732023927 0.0 0
1574956263 5.079536982 0.0 0
1574956925 5.183494887 0.0 0
1574957526 4.979027243 0.0 0
1574958108 5.366030204 0.0 0
1574958701 5.192800904 0.0 0
1574959287 5.327375846 0.0 0
1574959890 5.450219286 0.0 0
1574960468 4.949388986 0.0 0
1574961078 4.959830917 0.0 0
1574961714 5.159130621 0.0 0
1575033189 5.252153089 0.0 0
1575033758 5.501101367 0.0 0
1575034348 5.926166539 0.0 0
1575034921 5.544225256 0.0 0
1575035485 4.912095433 0.0 0
1575036523 4.988677553 0.0 0
1575037085 5.457677907 0.0 0
1575037643 5.713820124 0.0 0
1575038646 5.21113484 0.0 0
1575039216 5.462869587 0.0 0
1575120478 5.547286138 0.0 0
1575121043 5.65361246 0.0 0
1575121758 7.417712572 -1 -1
1575122038 5.351050647 0.0 0
1575122664 4.878718663 0.0 0
1575123221 5.215757005 0.0 0
1575123780 5.450543184 0.0 0
1575124336 5.298001068 0.0 0
1575124904 5.340467734 0.0 0
1575125465 5.528933812 0.0 0
1575126032 5.58554609 0.0 0
1575298357 5.473104267 0.2 1
1575298924 5.326470513 0.0 0
1575299504 5.713018432 0.16666666666666666 1
1575300078 5.415212137 0.0 0
1575300696 5.497298845 0.0 0
1575301467 5.360117335 0.0 0
1575302076 4.914438844 0.0 0
1575390265 5.523773833 0.0 0
1575390834 5.695505065 0.0 0
1575391398 4.889624268 0.0 0
1575391963 5.736446361 0.0 0
1575392773 4.946497539 0.0 0
1575393410 5.245677779 0.0 0
1575393968 5.107457802 0.0 0
1575394535 5.412250647 0.0 0
1575395099 5.217510461 0.0 0
1575395662 5.241128808 0.0 0
1575562497 5.374320236 0.0 0
1575563194 5.457112762 0.0 0
1575563843 5.355068057 0.0 0
1575564441 5.241230391 0.0 0
1575565022 5.498521538 0.0 0
1575565587 5.513865909 0.0 0
1575566162 5.203865643 0.0 0
1575566743 5.120732194 0.0 0
1575568086 7.154744571 0.0 0
1575568673 5.513215224 0.0 0
1579191117 5.258438748 0.0 0
1579191729 4.972876269 0.0 0
1579192295 5.544789135 0.0 0
1579192875 5.207290004 0.0 0
1579193442 5.515705523 0.0 0
1579194031 5.655742503 0.0 0
1579194599 5.160725075 0.0 0
1579195164 5.404005257 0.0 0
1579195754 5.475535747 0.0 0
1579196317 5.183132661 0.0 0
1579359523 5.532901724 0.0 0
1579360100 5.002293796 0.0 0
1579360660 5.616737393 0.0 0
1579361216 5.070589867 0.0 0
1579361771 5.139035096 0.0 0
1579362325 5.075334719 0.0 0
1579362882 5.407648708 0.0 0
1579363449 5.230215843 0.0 0
1579364016 5.411762217 0.0 0
1579364575 5.163572293 0.0 0
1579530567 5.380253103 0.0 0
1579531139 5.536897369 0.0 0
1579532180 5.297501032 0.0 0
1579532884 8.851930172 0.0 0
1579533549 4.965085606 0.0 0
1579534150 5.255135536 0.0 0
1579534835 5.355785105 0.0 0
1579535451 5.264566122 0.0 0
1579536524 5.351969049 0.0 0
1579537099 5.216788057 0.0 0
1580223826 5.461738539 0.0 0
1580224384 5.305799493 0.0 0
1580224941 5.341348729 0.0 0
1580225505 5.146248015 0.0 0
1580226064 5.204292169 0.0 0
1580226648 5.216798878 0.0 0
1580227216 5.334618867 0.0 0
1580227814 5.095861417 0.0 0
1580228395 5.355387985 0.0 0
1580228955 5.145261146 0.0 0
1580312383 5.287906844 0.0 0
1580312964 5.287003275 0.0 0
1580313519 4.993903455 0.0 0
1580314482 5.194812045 0.0 0
1580315040 5.472177871 0.0 0
1580315600 4.976719678 0.0 0
1580316160 5.120203344 0.0 0
1580316866 5.500041987 0.0 0
1580317457 5.36430779 0.0 0
1581942522 5.568223907 0.0 0
1581943935 5.336026525 0.0 0
1581945031 18.018678184 0.0 0
1581945995 5.61576214 0.0 0
1581946564 5.036140589 0.0 0
1581947134 5.412292113 0.0 0
1581948053 5.476553819 0.0 0
1581949155 5.237882001 0.0 0
1582034856 6.11325119 0.0 0
1582035733 6.244549112 0.0 0
1582036342 5.689988183 0.0 0
1582036944 6.093016311 0.0 0
1582037552 5.214358851 0.0 0
1582038142 5.915907822 0.0 0
1582038739 5.242820156 0.0 0
1582041639 6.198960179 0.0 0
1582043839 5.589946208 0.0 0
1582044441 5.315706963 0.0 0
1582638046 5.302853083 0.0 0
1582638608 5.517282964 0.0 0
1582640040 5.423391819 0.0 0
1582640861 5.292536919 0.0 0
1582641418 5.396313079 0.0 0
1582641992 5.533618055 0.0 0
1582643132 5.633112502 0.0 0
1582643732 5.214528014 0.0 0
1582644290 5.397697581 0.0 0
1582898900 5.026432781 0.0 0
1582899462 5.298940602 0.0 0
1582900031 5.591024425 0.0 0
1582900590 5.487074512 0.0 0
1582902335 5.412292037 0.0 0
1582902895 5.175741724 0.0 0
1582903500 5.489204886 0.0 0
1574710913 5.732023927 0.0 0
