1569854618 10.953609346 0.09090909090909091 1
1571330280 10.496478579 0.4 2
1571766637 10.76472376 0.09090909090909091 1
1571767420 10.575032658 0.09090909090909091 1
1572537522 8.497892449 0.125 1
1572538176 8.59766229 0.2222222222222222 1
1572538836 8.447373893 0.1111111111111111 1
1572539489 8.51297832 0.3333333333333333 2
1572540137 8.617029888 0.25 1
1572541042 8.566448177 0.25 2
1572541696 8.498078536 0.25 1
1572542344 8.592513367 0.25 2
1572542992 8.561414588 0.125 1
1572543656 8.431691465 0.3333333333333333 2
1572871410 8.693699004 0.2222222222222222 1
1572872061 8.416336955 0.1111111111111111 1
1572872739 8.739279241 0.1111111111111111 1
1572873391 8.713192647 0.1111111111111111 1
1572874044 8.603548863 0.125 1
1572875106 8.538625427 0.1111111111111111 1
1572875966 8.622727 0.2222222222222222 1
1572877193 8.536955401 0.125 1
1572877844 8.502911103 0.125 1
1572879087 8.576322671 0.3333333333333333 2
1572967478 8.551696812 0.2222222222222222 2
1572968135 8.6837302 0.2222222222222222 2
1572969436 8.367255125 0.1111111111111111 1
1572970098 8.448452196 0.125 1
1572970748 8.374515311 0.125 1
1572971407 9.523679371 0.2 1
1572972063 16.201316656 0.058823529411764705 1
1572972720 8.629488279 0.1111111111111111 1
1572973436 8.756036374 0.375 2
1572974085 8.670258594 0.2222222222222222 1
1572974737 8.469182841 0.1111111111111111 1
1573209020 8.573782638 0.1111111111111111 1
1573209676 8.457367343 0.0 0
1573210351 8.574164972 0.125 1
1573211019 8.520978087 0.125 1
1573211677 8.463911508 0.0 0
1573212325 8.644129623 0.2222222222222222 1
1573212979 8.588329483 0.125 1
1573213627 8.637421526 0.3333333333333333 2
1573214299 8.60440294 0.2222222222222222 1
1573214958 8.512990032 0.3333333333333333 2
1573310473 7.896736131 0.0 0
1573311091 8.12479773 0.125 1
1573311706 7.710412607 0.0 0
1573312412 8.004661702 0.0 0
1573313024 7.804546827 0.125 1
1573313650 7.906599813 0.375 2
1573314280 7.599142234 0.125 1
1573314895 7.738280073 0.125 1
1574696503 7.676662797 0.14285714285714285 1
1574697083 7.733161801 0.25 2
1574697675 7.786627281 0.0 0
1574698247 7.650616222 0.2857142857142857 1
1574698836 7.682561245 0.0 0
1574709618 28.444410026 0.034482758620689655 1
1574710906 7.402506759 0.0 0
1574956255 7.683577497 0.125 1
1574956917 8.087862659 0.125 1
1574957518 7.80451569 0.125 1
1574958100 7.754218472 0.25 1
1574958693 8.079328558 0.125 1
1574959279 7.709632159 0.125 1
1574959882 7.973267296 0.125 1
1574960460 7.979311254 0.125 1
1574961070 7.779370754 0.25 1
1574961706 7.964610164 0.125 1
1575033181 8.108175296 0.375 2
1575033749 8.09154904 0.1111111111111111 1
1575034340 7.792323986 0.0 0
1575034911 10.420585312 0.0 0
1575035477 7.973504333 0.125 1
1575036515 7.883674041 0.125 1
1575037077 7.772220177 0.125 1
1575037636 7.643378308 0.0 0
1575038638 7.673794599 0.25 1
1575039208 7.511872005 0.375 2
1575120470 7.658551066 0.125 1
1575121035 7.723133363 0.125 1
1575122030 7.75797742 0.0 0
1575122656 7.817571058 0.125 1
1575123213 7.644241667 0.25 1
1575123772 7.731336621 0.625 3
1575124329 7.756598532 0.14285714285714285 1
1575124896 7.948573407 0.0 0
1575125458 7.744476885 0.0 0
1575126024 7.850323881 0.0 0
1575297773 7.930789543 0.25 2
1575298349 7.73295024 0.25 1
1575298917 7.642827028 0.14285714285714285 1
1575299496 8.046591245 0.625 3
1575300070 7.701238265 0.125 1
1575300688 7.632904049 0.125 1
1575301457 10.635378446 0.2727272727272727 2
1575302069 7.471960871 0.14285714285714285 1
1575390257 7.713787756 0.375 2
1575390826 7.982177105 0.125 1
1575391390 7.888187229 0.125 1
1575391956 7.756012694 0.14285714285714285 1
1575392765 7.811412318 0.125 1
1575393402 7.80384037 0.125 1
1575393960 7.88440388 0.125 1
1575394527 7.849075187 0.25 1
1575395091 7.790315167 0.125 1
1575395654 7.849743513 0.375 2
1575562489 7.853175625 0.0 0
1575563186 7.880572355 0.25 1
1575563835 7.952332536 0.25 1
1575564433 7.927231294 0.125 1
1575565014 7.753848071 0.5 3
1575565580 6.790374225 0.25 2
1575566153 8.061304262 0.3333333333333333 2
1575566735 7.898332596 0.125 1
1575568055 30.874699868 0.0 0
1575568662 10.609721906 0.18181818181818182 2
1579191109 7.932992625 0.125 1
1579191721 7.830737615 0.375 2
1579192287 8.069868664 0.25 2
1579192867 7.956454416 0.125 1
1579193434 7.915138469 0.25 2
1579194023 7.755752003 0.25 2
1579194591 7.850900967 0.375 2
1579195155 8.155674471 0.2222222222222222 1
1579195747 7.858113779 0.0 0
1579196309 8.165820436 0.125 1
1579359515 7.767262827 0.5 3
1579360092 7.963801924 0.375 2
1579360653 7.852435289 0.14285714285714285 1
1579361208 7.704826727 0.25 1
1579361763 7.736402802 0.625 2
1579362318 7.775578343 0.0 0
1579362874 7.937095273 0.125 1
1579363441 7.821818624 0.0 0
1579364008 8.002004774 0.5 2
1579364568 7.730005639 0.125 1
1579530560 6.655772788 0.125 1
1579531132 7.633122681 0.14285714285714285 1
1579532172 7.657393504 0.125 1
1579532877 7.67835135 0.14285714285714285 1
1579533541 7.791081908 0.25 1
1579534142 7.640653158 0.14285714285714285 1
1579534828 7.734304278 0.0 0
1579535441 9.768442187 0.3 1
1579536516 7.927661073 0.0 0
1579537091 8.075691243 0.125 1
1580223818 7.833326545 0.125 1
1580224376 7.783611406 0.375 2
1580224933 7.719535293 0.125 1
1580225497 7.729761624 0.125 1
1580226056 7.738593157 0.375 2
1580226640 8.024998326 0.25 1
1580227208 8.030602752 0.25 1
1580227806 7.754547676 0.375 2
1580228387 7.76698841 0.5 2
1580228947 7.85204518 0.125 1
1580312375 7.868173597 0.125 1
1580312956 7.729818551 0.0 0
1580313511 7.934060228 0.0 0
1580314474 7.769564654 0.125 1
1580315032 7.932120911 0.25 1
1580315592 7.936882181 0.125 1
1580316152 7.782571413 0.125 1
1580316856 10.079377387 0.09090909090909091 1
1580317449 7.495528371 0.25 2
1581942514 7.846478591 0.125 1
1581943927 8.528113565 0.25 1
1581945023 8.00392774 0.125 1
1581945988 7.75086362 0.0 0
1581946556 7.922061733 0.625 3
1581947125 8.134843092 0.1111111111111111 1
1581948045 7.819752605 0.125 1
1581949147 7.456123627 0.5 2
1582034848 7.914655284 0.0 0
1582035724 9.050949444 0.1111111111111111 1
1582036335 7.548781398 0.14285714285714285 1
1582036936 8.415332785 0.125 1
1582037543 8.396935443 0.5555555555555556 3
1582038135 7.44257427 0.14285714285714285 1
1582038731 7.693206003 0.0 0
1582041630 8.820790116 0.1111111111111111 1
1582042391 8.123754724 0.125 1
1582043832 7.388671593 0.2857142857142857 1
1582044433 7.889251753 0.625 2
1582638038 7.789297633 0.125 1
1582638600 7.761531997 0.125 1
1582640032 7.537895743 0.25 1
1582640853 7.452889413 0.25 1
1582641410 7.745155671 0.125 1
1582641984 7.677634674 0.25 1
1582642552 7.979174949 0.0 0
1582643124 7.768412104 0.125 1
1582643724 7.807596288 0.25 1
1582644282 7.979852613 0.0 0
1582898890 10.080173306 0.0 0
1582899454 8.25991622 0.125 1
1582900023 7.75497428 0.125 1
1582900582 7.736535624 0.125 1
1582902327 7.840209891 0.125 1
1582902888 7.860374913 0.25 1
1582903492 7.605463334 0.0 0
1574710906 7.402506759 0.0 0
