1569854569 23.962391186 0.0 0
1571330265 4.009381816 0.0 0
1571766621 4.115755076 0.0 0
1571767405 3.910700675 0.0 0
1572537506 3.573506344 0.0 0
1572538162 3.543953235 0.0 0
1572538822 3.568647941 0.0 0
1572539475 3.585253161 0.5 1
1572540122 3.528366649 0.0 0
1572541028 3.478373969 0.25 1
1572541681 3.527893114 0.0 0
1572542330 3.586375673 0.0 0
1572542977 3.502437435 0.0 0
1572543642 3.473393968 0.0 0
1572871396 3.548313988 0.0 0
1572872046 3.580544292 0.0 0
1572872723 3.591123488 0.0 0
1572873376 3.551702371 1.0 2
1572874030 3.655267308 0.0 0
1572875091 3.506544423 0.0 0
1572875953 3.537639858 0.0 0
1572877178 3.563446086 1.0 2
1572877828 3.566641785 0.0 0
1572879073 3.639719546 0.0 0
1572967463 3.613465131 0.0 0
1572968120 3.529218988 0.0 0
1572969422 3.454218541 0.0 0
1572970083 3.516115967 0.0 0
1572970733 3.676441219 0.0 0
1572971386 3.487229135 0.0 0
1572972048 3.617619081 0.0 0
1572972706 3.537415135 0.0 0
1572973422 3.35149512 0.0 0
1572974071 3.600694957 0.0 0
1572974723 3.596781091 0.0 0
1573209006 3.500007502 0.0 0
1573209662 3.61754397 0.0 0
1573210336 3.488711476 0.0 0
1573211004 3.640941559 0.0 0
1573211663 3.662673934 0.0 0
1573212311 3.601321309 0.0 0
1573212962 3.47207674 0.0 0
1573213613 3.532702757 0.0 0
1573214285 3.540772902 0.0 0
1573214943 3.608401934 1.0 2
1573310457 3.372152145 0.0 0
1573311077 3.382814505 0.0 0
1573311692 3.511041894 0.0 0
1573312397 3.482909847 0.0 0
1573313008 3.414525672 0.0 0
1573313634 3.446760906 0.0 0
1573314267 3.632491399 0.0 0
1573314880 3.287348529 0.0 0
1574696489 3.394389839 0.0 0
1574697069 3.24203467 0.0 0
1574697660 3.23820615 0.0 0
1574698233 3.320023959 0.0 0
1574698818 3.363808331 0.0 0
1574709604 3.378700186 0.0 0
1574710891 3.338364838 0.0 0
1574956241 3.274127109 0.0 0
1574956904 3.069428928 0.0 0
1574957505 3.205505679 0.0 0
1574958084 3.31352323 0.0 0
1574958680 3.28590874 0.0 0
1574959265 3.288554858 0.0 0
1574959868 3.196943754 0.0 0
1574960446 3.2630383 0.0 0
1574961057 3.190509663 0.0 0
1574961693 3.175223406 0.0 0
1575033168 3.311495563 0.0 0
1575033736 3.500056527 0.0 0
1575034326 3.505165885 0.0 0
1575034894 6.292250656 0.0 0
1575035463 3.241657353 0.0 0
1575036501 3.360382013 0.0 0
1575037063 3.584534484 0.0 0
1575037622 3.236783074 0.0 0
1575038624 3.225059397 0.0 0
1575039194 3.287662887 0.0 0
1575120457 3.361403692 0.0 0
1575121020 3.455530292 0.0 0
1575121997 5.411697334 0.0 0
1575122643 3.205393151 0.0 0
1575123200 3.074223641 0.0 0
1575123759 3.296124092 0.0 0
1575124316 3.149317344 0.0 0
1575124883 3.162968797 0.0 0
1575125441 3.485397288 0.0 0
1575126010 3.404132311 0.0 0
1575297759 3.26123338 0.0 0
1575298336 3.283276618 0.0 0
1575298904 3.2442924 0.0 0
1575299482 3.245470829 0.0 0
1575300054 3.26707379 0.0 0
1575300673 3.273300375 0.0 0
1575302055 3.242332463 0.0 0
1575390244 3.288003866 0.0 0
1575390810 3.332046638 0.0 0
1575391377 3.196844097 0.0 0
1575391942 3.289674281 0.0 0
1575392751 3.339023169 0.0 0
1575393387 3.326475811 0.0 0
1575393947 3.155795057 0.0 0
1575394514 3.21564281 0.0 0
1575395077 3.290502351 0.0 0
1575395640 3.355386594 0.0 0
1575562475 3.085639927 0.0 0
1575563173 3.210526555 0.0 0
1575563821 3.427923791 0.0 0
1575564418 3.239270221 0.0 0
1575565001 3.210432067 0.0 0
1575565565 3.195461678 0.0 0
1575566138 3.232027683 0.25 1
1575566721 3.412892831 0.0 0
1575568041 3.34073659 0.0 0
1575568647 3.249757363 0.0 0
1579191095 3.326612244 0.0 0
1579191708 3.295870755 0.0 0
1579192273 3.236391009 0.0 0
1579192854 3.199592156 0.0 0
1579193421 3.205408229 0.0 0
1579194009 3.571870775 0.0 0
1579194578 3.238237781 0.0 0
1579195142 3.300340904 0.0 0
1579195733 3.314908226 0.0 0
1579196296 3.424328421 0.0 0
1579359501 3.345595343 1.3333333333333333 2
1579360078 3.281382204 1.25 2
1579360639 3.304266294 0.0 0
1579361195 3.228169404 0.0 0
1579361750 3.122278292 1.0 2
1579362304 3.211377675 1.0 2
1579362860 3.332608979 0.0 0
1579363427 3.371318579 0.0 0
1579363994 3.272444138 1.0 2
1579364553 3.455012061 1.3333333333333333 2
1579530543 3.424077216 0.0 0
1579531118 3.448113498 0.0 0
1579532159 3.37007111 0.0 0
1579532863 3.339675808 0.0 0
1579533528 3.32861668 0.0 0
1579534129 3.340379183 0.0 0
1579534814 3.363807166 0.0 0
1579535427 3.216386635 0.0 0
1579536499 3.327987214 0.0 0
1579537078 3.363960768 0.0 0
1580223804 3.492100927 0.0 0
1580224362 3.625030625 1.0 2
1580224918 3.42603489 0.0 0
1580225483 3.221152116 0.0 0
1580226042 3.295257777 1.6666666666666667 3
1580226627 3.455300871 1.25 2
1580227195 3.255882749 0.0 0
1580227793 3.214616988 0.0 0
1580228374 3.191123814 1.0 2
1580228932 3.181107048 0.0 0
1580312362 3.141255225 0.0 0
1580312942 3.194975751 0.0 0
1580313498 3.230066536 0.0 0
1580314461 3.295305529 0.0 0
1580315018 3.425620282 1.0 2
1580315578 3.278953886 0.0 0
1580316139 3.290970295 0.0 0
1580316840 3.638110366 0.0 0
1580317434 3.324455241 0.0 0
1581942499 3.372851233 0.0 0
1581943702 3.49734088 1.3333333333333333 2
1581944992 4.057420275 0.0 0
1581945972 3.343710628 0.0 0
1581946543 3.408811443 0.0 0
1581947109 3.695461449 0.0 0
1581948032 3.244359853 1.3333333333333333 2
1581949131 3.708049119 1.25 3
1582034819 3.66308746 0.0 0
1582035710 3.503601619 0.0 0
1582036319 3.699334323 0.0 0
1582036922 3.388997906 0.0 0
1582037530 3.581148681 0.0 0
1582038119 3.348016266 0.0 0
1582038716 3.688740952 0.0 0
1582041617 3.78014622 0.0 0
1582042220 3.495231629 0.0 0
1582043814 5.310599187 0.8 2
1582044419 3.528748252 1.0 2
1582638024 3.251182557 0.0 0
1582638586 3.529782642 0.0 0
1582639658 3.16920281 1.0 2
1582640839 3.182748676 0.0 0
1582641396 3.35295936 0.0 0
1582641968 3.484034175 0.0 0
1582642536 3.326240914 0.0 0
1582643110 3.468541881 0.0 0
1582643711 3.379811116 0.0 0
1582644267 3.624325044 0.0 0
1582898870 7.308372453 0.0 0
1582899439 3.336251601 0.0 0
1582900008 3.329948009 0.0 0
1582900568 3.339539331 0.0 0
1582902227 3.677298968 0.0 0
1582902874 3.183546861 0.0 0
1582903478 3.506995818 0.0 0
1574710891 3.338364838 0.0 0
