1569849970 4.128028531 0.25 1
1569850174 3.862039264 0.25 1
1569849970 4.128028531 0.25 1
1569850174 3.862039264 0.25 1
1569850704 3.991440187 0.25 1
1569850987 4.127617019 0.25 1
1569851194 4.003208596 0.25 1
1569851543 4.119024064 0.25 1
1569851750 3.839342739 0.25 1
1569851980 3.98359893 0.25 1
1569852209 3.975612242 0.25 1
1569852446 4.186405798 0.4 1
1569853055 3.970434064 0.25 1
1569853366 3.940439624 0.25 1
1570543094 4.154315026 0.4 1
1570543656 3.931629729 0.25 1
1570544585 4.265889345 1.5 3
1570544798 4.266808262 0.4 1
1570545045 4.60920462 0.75 2
1570545255 10.989439859 1.6363636363636365 4
1571325087 4.147622804 1.0 2
1571325885 4.175178946 1.2 3
1571326086 4.087934025 0.5 2
1571326777 4.235976199 0.5 2
1571326989 4.020174905 0.75 2
1571395878 4.193418761 0.25 1
1571396074 4.190080164 0.75 1
1571396272 3.870970081 0.3333333333333333 1
1571396470 4.070361127 0.5 2
1571396669 4.397786969 0.75 2
1571396868 32.674427329 0.4375 2
1571397097 4.171888049 1.0 2
1571397499 4.077317704 0.5 2
1571397696 3.876528533 0.25 1
1571404944 4.515548628 0.4 1
1571405341 3.97538406 1.0 2
1571405541 4.043419425 0.25 1
1571408962 4.170802032 1.25 3
1571409394 3.983624822 0.5 2
1571409593 4.15596575 0.5 2
1571409809 4.053222795 0.5 2
1571664378 3.74720549 0.2 1
1571664920 3.862063524 0.25 1
1571665123 3.59393079 0.25 1
1571665334 3.775795494 0.25 1
1571665528 3.752097515 0.0 0
1571665723 3.754090384 0.0 0
1571668141 3.895939552 0.25 1
1571668340 3.764836556 0.25 1
1571668544 3.704164439 0.25 1
1571668738 3.756423819 0.25 1
1571668938 3.769828216 0.25 1
1571752012 3.79805118 0.25 1
1571752207 3.649007554 0.25 1
1571752407 3.83909649 0.25 1
1571752611 3.729015158 0.0 0
1571752806 3.81566897 0.0 0
1571753002 3.849844807 0.0 0
1571753199 3.589983517 0.25 1
1571753397 3.887776043 0.0 0
1571753594 3.846491343 0.5 1
1571753791 3.793012623 0.25 1
1571760149 3.765107751 0.25 1
1571760344 3.794068049 0.25 1
1571760549 3.878111434 0.25 1
1571760744 3.79869491 0.25 1
1571760946 3.903195246 0.0 0
1571761154 3.832542322 0.0 0
1571761354 3.728108341 0.75 2
1571761549 3.742946994 0.0 0
1571761744 3.712754277 0.0 0
1571761952 3.804481159 0.0 0
1572003255 3.803487658 0.5 2
1572003449 3.880348996 0.75 2
1572003647 3.761110926 0.25 1
1572003845 3.695403921 0.0 0
1572004041 3.799915882 0.0 0
1572004237 3.783934001 0.25 1
1572004431 3.702556297 0.0 0
1572004631 3.644440994 0.6666666666666666 1
1572004832 3.867432341 0.25 1
1572005031 3.633316382 0.0 0
1572011233 3.779701876 0.0 0
1572011429 3.683276125 0.25 1
1572011625 3.667030013 0.0 0
1572011823 3.743732821 0.0 0
1572012019 3.676072218 0.0 0
1572012217 3.819567361 0.0 0
1572012411 3.845050612 0.25 1
1572012605 3.757347705 0.0 0
1572012800 3.830650683 0.0 0
1572012994 3.826431384 0.25 1
1572265053 4.459626073 0.2 1
1572265250 3.785078152 0.25 1
1572265448 4.228761707 0.6 2
1572265647 3.841773762 0.25 1
1572265853 3.591490119 0.5 2
1572266055 3.669619276 0.3333333333333333 1
1572266247 3.987582384 0.25 1
1572266451 3.889598961 0.5 2
1572266651 3.743599071 0.25 1
1572266853 4.631907823 0.0 0
1572274120 3.209980657 0.3333333333333333 1
1572274293 3.164835695 0.3333333333333333 1
1572274462 3.144012632 0.3333333333333333 1
1572274802 3.163663677 0.3333333333333333 1
1572274972 3.121178872 0.6666666666666666 2
1572275140 6.988037599 1.0 2
1572275318 3.893400185 0.0 0
1572275489 2.992634697 1.6666666666666667 2
1572275663 3.116643006 0.6666666666666666 2
1572361267 3.915623572 0.0 0
1572361464 3.786492639 0.25 1
1572361659 3.860909899 0.25 1
1572361854 3.799042879 0.75 2
1572362054 3.725757236 0.0 0
1572362247 3.728450518 0.0 0
1572362443 3.659211057 0.0 0
1572362639 3.899065797 0.25 1
1572362838 3.502488678 0.0 0
1572363034 3.676403601 0.0 0
1572366912 3.035915573 0.25 1
1572367079 3.061647437 0.0 0
1572367250 3.136553737 0.0 0
1572367418 3.177938453 0.3333333333333333 1
1572367599 3.146314897 0.0 0
1572367778 3.099746028 0.3333333333333333 1
1572367946 3.235480275 0.0 0
1572368115 3.12501319 0.0 0
1572368281 3.143209444 0.0 0
1572368447 3.110470378 0.0 0
1572532384 3.639129485 0.0 0
1572532585 3.724082297 0.25 1
1572532790 3.711799082 0.0 0
1572544499 3.161066681 0.0 0
1572544667 3.160221373 0.0 0
1572544839 3.0210518 0.3333333333333333 1
1572545011 3.11285083 0.0 0
1572545185 3.123323663 0.0 0
1572870011 3.020284962 0.3333333333333333 1
1572870182 51.44544432 0.46153846153846156 2
1572870411 3.159393863 0.3333333333333333 1
1572870585 51.362215486 0.4423076923076923 2
1572870801 4.867980708 0.6 2
1572965393 3.240608872 0.0 0
1572965560 3.382396922 0.3333333333333333 1
1572965727 3.130037823 0.3333333333333333 1
1572965896 3.169368645 0.75 2
1572966068 3.145093874 0.0 0
1572966234 3.228262428 0.25 1
1572966406 3.208534004 0.3333333333333333 1
1572966590 3.280170581 0.3333333333333333 1
1572966769 3.299298774 0.0 0
1572966933 3.289819502 0.0 0
1573207039 4.274631084 0.75 2
1573207208 3.084387843 0.0 0
1573207378 3.198387453 0.3333333333333333 1
1573207543 3.199624423 0.0 0
1573207713 3.118147574 0.0 0
1573207881 3.027923989 0.3333333333333333 1
1573208047 3.171545755 0.0 0
1573208212 3.047033349 0.0 0
1573208381 3.068168559 0.3333333333333333 1
1573208546 3.071242139 0.0 0
1573220281 3.244915067 0.5 2
1573220449 3.076763475 0.0 0
1573220616 3.100022784 0.25 1
1573220786 3.075291817 0.0 0
1573220954 3.114054977 0.0 0
1573221121 3.201040852 0.3333333333333333 1
1573221285 3.157499183 0.0 0
1573221455 3.078869712 0.0 0
1573221621 3.001721572 0.0 0
1573221790 3.205875784 0.0 0
1573221979 3.131458281 0.0 0
1573222150 3.392309407 0.0 0
1573222317 3.038662109 0.0 0
1573222482 3.679296295 0.25 1
1573222652 3.151913518 0.0 0
1573301130 3.098708108 0.0 0
1573301299 2.968138039 0.3333333333333333 1
1573301481 3.062016716 0.0 0
1573301648 3.081316035 0.0 0
1573301835 3.106851819 0.0 0
1573302013 3.235086651 0.0 0
1573302182 3.076408317 0.3333333333333333 1
1573302357 3.096665873 0.25 1
1573302526 3.179057349 0.0 0
1573302693 3.165420314 0.0 0
1573303846 2.962766803 0.0 0
1573304170 2.731118825 0.0 0
1573304337 2.759250328 0.0 0
1573304496 2.822416692 0.3333333333333333 1
1573304663 2.775802244 0.3333333333333333 1
1573304821 2.589763017 0.0 0
1573304981 2.806684488 0.0 0
1573305144 2.960028313 0.0 0
1573305303 2.620027227 0.0 0
1573752476 3.10871835 0.3333333333333333 1
1573752734 2.778236035 0.3333333333333333 1
1573752893 2.629652983 0.6666666666666666 2
1573753051 3.108104777 0.0 0
1573753209 3.030370372 0.6666666666666666 1
1573753364 2.617400064 0.6666666666666666 1
1573753522 2.779469521 0.3333333333333333 1
1573753676 2.895953211 0.6666666666666666 2
1573753837 2.943792742 0.3333333333333333 1
1573754657 2.640503726 0.3333333333333333 1
1573754817 2.789251128 0.3333333333333333 1
1573754978 2.919073495 0.0 0
1573755146 2.72230399 0.3333333333333333 1
1573755308 2.859245607 0.3333333333333333 1
1573755465 2.771822386 0.3333333333333333 1
1573755620 3.068751615 0.3333333333333333 1
1573755778 2.645591851 0.3333333333333333 1
1573755936 2.799919855 0.6666666666666666 1
1573756093 2.910714581 0.0 0
1573831401 2.775732542 0.3333333333333333 1
1573831559 2.727198024 0.3333333333333333 1
1573831717 3.028694913 0.0 0
1573831890 2.730589362 0.3333333333333333 1
1573832042 2.680276681 1.0 2
1573832203 2.767315369 0.6666666666666666 2
1573832358 3.04598967 0.6666666666666666 1
1573832524 2.73575094 0.3333333333333333 1
1573832680 2.816812217 0.0 0
1573832835 2.7713982 0.0 0
1573833030 2.772453555 0.3333333333333333 1
1573833187 2.641778909 0.3333333333333333 1
1573833351 2.700339384 0.3333333333333333 1
1573833508 2.81501958 0.3333333333333333 1
1573833666 2.948831971 0.0 0
1573901040 2.578484928 0.5 1
1573901198 2.635452619 0.0 0
1573901354 3.075547797 0.3333333333333333 1
1573901510 3.106849059 0.0 0
1573901671 2.650132288 0.5 1
1573901824 2.763189078 0.3333333333333333 1
1573901979 2.987256752 0.3333333333333333 1
1573902138 2.635491166 0.5 1
1573902296 2.594623155 0.3333333333333333 1
1573902451 2.803458799 0.0 0
1574685767 2.86593228 0.3333333333333333 1
1574685957 3.113460567 0.0 0
1574686130 2.939786801 0.3333333333333333 1
1574686287 4.560595045 0.2 1
1574686449 3.066514745 0.3333333333333333 1
1574686616 2.950438939 0.3333333333333333 1
1574686779 2.887462134 0.3333333333333333 1
1574686964 3.207321045 0.5 1
1574687304 2.880296789 0.3333333333333333 1
1574689634 2.905308078 0.0 0
1574689849 2.962338401 0.3333333333333333 1
1574690018 3.056465186 0.0 0
1574690188 3.31465322 0.3333333333333333 1
1574690358 2.93651344 0.3333333333333333 1
1574690517 2.862086774 0.3333333333333333 1
1574690688 2.816489693 0.3333333333333333 1
1574690848 3.124779356 0.3333333333333333 1
1574691033 3.014023268 0.3333333333333333 1
1574691212 2.883687237 0.3333333333333333 1
1574706834 3.028128248 0.3333333333333333 1
1574707077 2.81212447 0.0 0
1574954179 3.074396435 0.3333333333333333 1
1574954343 3.026639481 0.0 0
1574954520 2.939893636 0.6666666666666666 1
1574954685 2.895189564 1.5 3
1574954867 2.89893371 0.3333333333333333 1
1574955025 3.007978948 0.6666666666666666 1
1574955284 2.893371357 0.5 1
1574955442 3.588240668 0.3333333333333333 1
1574955601 2.814733732 0.6666666666666666 1
1574955762 3.417771934 1.0 2
1575026510 3.000943995 0.6666666666666666 2
1575026671 3.183748761 0.0 0
1575026834 2.77139837 0.0 0
1575026993 2.94213646 0.6666666666666666 1
1575027157 2.940929225 0.3333333333333333 1
1575027319 2.824636801 0.0 0
1575027484 3.034504958 0.3333333333333333 1
1575027642 2.779100834 1.0 2
1575027806 2.969396816 0.0 0
1575027970 3.02207149 0.0 0
1575112826 3.160338482 0.3333333333333333 1
1575112987 2.774077199 0.3333333333333333 1
1575113150 2.763168312 1.0 1
1575113310 2.977860131 0.0 0
1575113469 2.986151867 0.0 0
1575113628 2.984902724 0.6666666666666666 1
1575113785 3.047540794 0.0 0
1575113943 2.991933848 0.0 0
1575114104 2.977231826 0.6666666666666666 1
1575114268 2.939348346 0.3333333333333333 1
1575289756 2.993789745 0.3333333333333333 1
1575289923 2.860352991 0.0 0
1575290088 2.94738469 0.0 0
1575290271 3.068399663 0.0 0
1575290444 2.947025815 0.0 0
1575290620 2.964763714 0.0 0
1575290788 3.027504958 0.0 0
1575290946 2.899221357 0.0 0
1575291107 3.116985338 0.25 1
1575291270 3.155463003 0.3333333333333333 1
1575384158 2.877547667 0.0 0
1575384317 3.051741351 0.3333333333333333 1
1575384478 3.081444813 0.0 0
1575384636 3.015855675 0.0 0
1575384801 2.900609302 0.0 0
1575384957 3.036901869 0.0 0
1575385119 2.963124264 0.0 0
1575385279 2.940459081 0.0 0
1575385438 2.990732836 1.0 3
1575385601 2.988131413 0.0 0
1575556538 3.426989486 0.25 1
1575556700 2.836565336 0.0 0
1575556865 3.030673393 0.0 0
1575557050 2.891645623 0.0 0
1575557226 2.992172928 0.0 0
1575557410 2.820028162 0.0 0
1575557585 2.90374858 0.0 0
1575557758 3.017849894 0.0 0
1575558216 2.991431177 0.0 0
1575558405 2.652669757 0.0 0
1579184036 2.891816437 0.0 0
1579184752 3.120465118 0.25 1
1579184913 2.827011863 0.0 0
1579185075 2.719175685 0.0 0
1579185250 2.957760503 0.0 0
1579185427 2.929884763 0.0 0
1579185610 3.48815887 0.0 0
1579185784 2.864150231 0.0 0
1579185977 2.938929754 0.0 0
1579186150 2.843759379 0.0 0
1579351766 2.804063219 0.0 0
1579351933 2.727640716 0.0 0
1579352094 3.027821744 0.0 0
1579352255 3.033060754 0.3333333333333333 1
1579352418 2.895357221 0.0 0
1579352582 2.935246673 0.0 0
1579352740 2.856485048 0.0 0
1579352901 3.037112311 0.0 0
1579353064 2.866830019 0.0 0
1579353226 3.061217566 0.0 0
1579522855 3.079764499 0.3333333333333333 1
1579523059 2.859759296 0.5 1
1579523249 2.878291259 0.0 0
1579523414 2.856180923 0.3333333333333333 1
1579523588 2.906519971 0.0 0
1579523769 3.041212372 0.0 0
1579523951 2.78291626 0.0 0
1579524139 3.091595366 0.25 1
1579524305 2.943395785 0.0 0
1579524474 3.010547317 0.0 0
1579537447 2.822887409 0.0 0
1580215307 3.765424268 0.0 0
1580215502 3.329257431 0.3333333333333333 1
1580215667 2.957322023 0.0 0
1580215825 3.099894302 0.0 0
1580215986 2.856504072 0.0 0
1580216149 2.87396942 0.0 0
1580216308 2.978620548 0.0 0
1580216471 2.919230784 0.0 0
1580216629 3.277296898 0.25 1
1580216811 2.86123735 0.0 0
1580304721 3.025904798 0.3333333333333333 1
1580304878 2.95206816 0.6666666666666666 1
1580305040 2.86735797 0.0 0
1580305201 2.774263411 0.5 1
1580305384 2.899686617 0.6666666666666666 1
1580305544 2.860560181 0.0 0
1580305709 2.771235765 0.5 1
1580305866 2.867359541 0.0 0
1580306021 3.003724394 0.0 0
1580306181 2.935075487 0.0 0
1581935221 3.027242486 0.0 0
1581935380 2.706956079 0.0 0
1581935540 2.682457322 0.0 0
1581935706 2.993850856 0.0 0
1581935873 3.001984889 0.3333333333333333 1
1581936045 2.767009074 0.0 0
1581936216 2.982547488 0.0 0
1581936380 2.81926729 0.0 0
1581936538 2.904296553 0.0 0
1581936714 2.792717703 0.3333333333333333 1
1582026895 2.806436149 0.0 0
1582027057 2.903326437 0.0 0
1582027221 2.642261096 0.0 0
1582027390 2.796507954 0.0 0
1582027802 2.812174112 0.0 0
1582027966 2.890118798 0.0 0
1582028135 3.117828016 0.0 0
1582028301 3.009254747 0.0 0
1582028469 2.974802398 0.0 0
1582028639 3.228273997 0.5 1
1582113110 2.908812568 0.0 0
1582113278 2.892754322 0.5 1
1582113440 2.891874665 0.0 0
1582113610 3.01578442 0.3333333333333333 1
1582113773 3.107461686 1.3333333333333333 3
1582113949 3.004931295 0.3333333333333333 1
1582114111 3.063637645 0.0 0
1582114274 3.082681667 0.0 0
1582114441 2.995396296 0.0 0
1582114605 3.114118718 0.3333333333333333 1
1582114768 3.084025764 0.25 1
1582114934 3.037839585 0.6666666666666666 2
1582115097 2.774680796 0.0 0
1582115263 2.83079113 0.3333333333333333 1
1582115426 2.82352675 0.3333333333333333 1
1582115590 2.85273504 0.0 0
1582115753 2.812122709 0.0 0
1582115917 2.857100356 1.0 2
1582116098 2.911943555 0.0 0
1582116314 2.766637844 0.3333333333333333 1
1582116487 4.905401108 0.4 2
1582116656 2.728291645 0.0 0
1582118974 2.94929369 0.0 0
1582119138 2.763215163 0.0 0
1582119307 2.812285734 1.0 1
1582119472 2.74451535 0.0 0
1582119658 2.816838311 0.3333333333333333 1
1582119821 2.985523143 0.0 0
1582119992 2.860280779 0.0 0
1582120164 2.73708412 0.3333333333333333 1
1582120889 2.940617378 0.0 0
1582121055 3.067692966 0.5 2
1582121300 2.96594421 0.0 0
1582121462 2.780865037 0.0 0
1582125205 2.850750126 0.0 0
1582125364 2.900070102 0.0 0
1582125848 3.111048512 0.0 0
1582126015 3.151603645 0.0 0
1582126183 3.44582124 0.0 0
1582126344 2.990147035 0.0 0
1582126511 3.194799465 0.25 1
1582126673 3.037898465 0.3333333333333333 1
1582126840 3.041472284 0.0 0
1582127002 3.160608285 0.3333333333333333 1
1582127163 3.221841093 0.0 0
1582127332 2.995039356 0.0 0
1582127498 3.076980349 0.3333333333333333 1
1582127662 2.939581262 0.0 0
1582127827 2.827053482 0.6666666666666666 1
1582127987 2.962502432 0.0 0
1582128153 2.94932777 0.3333333333333333 1
1582128331 4.073000953 0.5 1
1582128493 3.037300337 0.3333333333333333 1
1582128656 2.743916898 0.0 0
1582128822 2.776300519 0.6666666666666666 1
1582128985 2.790504587 0.3333333333333333 1
1582129157 2.786494146 0.3333333333333333 1
1582129316 2.878002468 0.0 0
1582129477 2.850074237 0.5 1
1582129641 2.892073475 0.0 0
1582185063 2.874563302 0.0 0
1582185245 2.723873805 0.0 0
1582185979 2.740120595 0.3333333333333333 1
1582186139 2.898456142 0.0 0
1582186301 3.924607489 0.0 0
1582186872 2.905992081 0.0 0
1582187836 2.861222016 0.0 0
1582187994 2.898801282 0.0 0
1582188153 2.976652069 0.0 0
1582188314 2.772637707 0.0 0
1582193765 2.918480927 0.3333333333333333 1
1582193928 3.032410522 0.3333333333333333 1
1582194093 2.983399037 0.0 0
1582194248 2.849711214 0.3333333333333333 1
1582194410 2.855956146 0.0 0
1582194575 2.827183987 0.0 0
1582194735 2.881574584 0.3333333333333333 1
1582194904 2.831061902 0.0 0
1582195065 2.900482017 0.0 0
1582195226 2.764259855 0.0 0
1582195720 2.857181509 0.0 0
1582195880 2.893739542 0.3333333333333333 1
1582196038 3.035664005 0.0 0
1582196198 2.843774579 0.0 0
1582196357 3.019043535 0.0 0
1582196516 3.027481283 0.3333333333333333 1
1582196674 2.984573897 0.0 0
1582196835 2.776443247 0.0 0
1582196996 2.770764742 0.0 0
1582197162 2.831748662 0.0 0
1582197319 2.812501096 0.0 0
1582197485 2.916011005 0.0 0
1582197657 2.895197188 0.0 0
1582197814 2.990884346 0.0 0
1582197972 2.910237191 0.0 0
1582198129 2.686733607 0.3333333333333333 1
1582198291 2.960913146 0.3333333333333333 1
1582198448 2.868473693 0.0 0
1582198729 2.752275584 0.3333333333333333 1
1582199078 2.713478211 0.3333333333333333 1
1582631385 2.915140875 0.0 0
1582631546 2.867495943 0.0 0
1582631702 3.02807862 0.0 0
1582631859 2.60589394 0.0 0
1582632015 2.904099179 0.0 0
1582632173 3.497205714 0.0 0
1582632334 2.649214912 0.0 0
1582632496 2.73311147 0.0 0
1582632655 3.064781821 0.3333333333333333 1
1582632816 2.873774086 0.0 0
1582884514 2.828419926 0.0 0
1582884693 2.891998576 0.0 0
1582884862 2.87686559 0.3333333333333333 1
1582885026 2.943338358 0.3333333333333333 1
1582885190 2.956547039 0.6666666666666666 2
1582885351 3.032681154 0.0 0
1582885511 3.120975178 0.25 1
1582885674 2.999958792 0.3333333333333333 1
1582885838 3.123595455 0.25 1
1582885995 2.843279543 0.0 0
1574707077 2.81212447 0.0 0
