1569849991 3.96657401 0.5 2
1569850194 4.008535003 0.25 1
1569849991 3.96657401 0.5 2
1569850194 4.008535003 0.25 1
1569850725 4.072456905 0.5 1
1569851008 3.971636098 0.75 2
1569851214 4.172454769 0.0 0
1569851563 3.894688674 0.0 0
1569851770 3.975674981 0.5 2
1569852000 3.966895086 0.5 1
1569852229 4.17749414 0.75 1
1569852467 3.800727581 0.5 2
1569853075 4.123876351 0.5 1
1569853387 4.051531944 0.25 1
1570543115 3.834409322 0.0 0
1570543477 3.719010213 0.75 3
1570543681 4.822873734 1.8 4
1570544604 3.732577433 0.25 1
1570545064 3.67026335 0.3333333333333333 1
1570545281 3.876348362 0.6666666666666666 1
1571322988 3.720570069 0.0 0
1571325105 3.811498642 0.5 2
1571325302 3.839839028 0.25 1
1571325507 3.670835924 2.6666666666666665 3
1571325708 3.762380115 0.5 2
1571325904 3.867017857 0.0 0
1571326105 3.761242788 0.25 1
1571326796 3.837138904 0.5 1
1571327012 3.780664213 0.0 0
1571327220 3.657946606 1.25 2
1571395897 3.895652278 0.75 2
1571396093 4.182838293 0.75 2
1571396290 3.817802478 1.0 2
1571396490 3.92932464 0.5 2
1571396688 3.773928942 0.0 0
1571396916 3.708521527 0.0 0
1571397120 3.702495043 0.0 0
1571397322 3.844687341 1.5 2
1571397518 3.736333803 0.0 0
1571397715 3.751053288 0.25 1
1571404964 3.806532926 0.0 0
1571405162 3.631433663 0.0 0
1571405360 3.935390872 0.75 3
1571405588 3.816871962 0.5 1
1571405791 3.846606374 0.5 1
1571409010 3.667734261 0.25 1
1571409212 3.83548038 0.25 1
1571409413 3.825151509 0.0 0
1571409630 3.815742323 0.0 0
1571409828 3.807563246 0.25 1
1571664395 3.943015037 0.75 2
1571664937 3.879890423 0.5 1
1571665140 3.76041158 0.5 1
1571665352 3.782360179 0.0 0
1571665546 3.697805019 0.0 0
1571665741 3.754549682 0.0 0
1571668158 3.836192944 1.0 2
1571668358 3.802308524 0.0 0
1571668562 3.8588776 0.0 0
1571668756 3.830595412 0.75 1
1571668956 3.924362825 0.75 2
1571752029 3.861164737 0.25 1
1571752225 3.795682667 0.3333333333333333 1
1571752425 3.719432497 0.5 1
1571752629 3.910417628 0.0 0
1571752823 3.843797085 0.5 2
1571753020 3.834380089 0.6666666666666666 1
1571753217 3.86084698 0.25 1
1571753414 3.835021283 0.5 1
1571753611 4.176173348 0.4 1
1571753809 3.780865741 0.3333333333333333 1
1571760167 3.721155553 0.5 1
1571760362 3.676354153 0.3333333333333333 1
1571760566 3.79237955 0.75 2
1571760762 3.97802381 1.0 2
1571760964 4.030935012 0.25 1
1571761172 3.809204563 1.25 2
1571761371 3.855544029 0.25 1
1571761566 3.811717286 0.0 0
1571761761 3.975435572 0.25 1
1571761970 3.804013006 0.0 0
1572003272 3.889146895 0.75 1
1572003469 3.926156225 0.5 1
1572003665 3.769010169 0.3333333333333333 1
1572003862 3.79425286 0.5 2
1572004059 3.894874669 0.3333333333333333 1
1572004255 3.850118108 0.75 3
1572004449 3.843635198 0.25 1
1572004648 3.714026342 0.5 1
1572004850 3.75931198 0.0 0
1572005049 3.604036609 0.0 0
1572011250 3.816948695 0.5 2
1572011447 4.183487136 1.0 1
1572011643 3.830478226 1.0 1
1572011840 3.844230713 2.5 4
1572012036 3.871147596 0.25 1
1572012234 3.841284232 0.75 2
1572012428 3.845826118 0.25 1
1572012623 3.874779092 0.0 0
1572012818 3.759270137 1.0 1
1572013011 3.715139359 2.25 4
1572265071 3.93512541 0.25 1
1572265268 3.789292752 0.0 0
1572265466 3.746110425 0.75 1
1572265665 3.922615038 0.5 1
1572265870 3.731870986 1.0 2
1572266072 3.767188979 0.25 1
1572266269 3.879193005 0.75 1
1572266469 3.988144968 0.0 0
1572266668 3.907590643 1.0 2
1572266871 3.905451197 0.5 1
1572274135 3.195611909 0.6666666666666666 1
1572274307 3.33485459 0.3333333333333333 1
1572274476 3.382569201 0.6666666666666666 1
1572274649 3.172690384 0.0 0
1572274816 3.384303938 0.75 1
1572274986 3.324146158 0.6666666666666666 2
1572275158 3.303912226 0.6666666666666666 1
1572275334 3.202078988 0.3333333333333333 1
1572275504 3.312801691 0.3333333333333333 1
1572275677 3.227595754 1.0 2
1572361284 3.848957356 0.5 2
1572361481 3.737527238 0.5 2
1572361677 3.884236875 0.6666666666666666 1
1572361872 3.82106579 0.3333333333333333 1
1572362071 3.855303531 0.25 1
1572362265 3.607708242 0.0 0
1572362461 3.737406747 0.5 1
1572362660 3.90285856 1.0 2
1572362855 3.872109945 0.75 2
1572363051 3.802011944 0.5 1
1572366926 3.223261386 0.3333333333333333 1
1572367094 3.248131228 0.0 0
1572367264 3.243460356 0.5 2
1572367432 3.323830804 0.6666666666666666 2
1572367614 3.379406731 0.6666666666666666 1
1572367792 3.089536498 0.3333333333333333 1
1572367961 3.36524366 0.0 0
1572368130 3.365242639 0.0 0
1572368296 3.292454846 0.3333333333333333 1
1572368461 3.336847965 0.75 2
1572532402 3.836626434 0.25 1
1572532602 3.795694023 0.5 1
1572532808 3.838324101 0.5 1
1572544514 3.172374729 0.6666666666666666 1
1572544682 3.310759708 0.0 0
1572544853 3.404230828 0.6666666666666666 2
1572545026 3.233466142 0.3333333333333333 1
1572545199 3.272114711 0.3333333333333333 1
1574707090 3.026166702 0.0 0
