1570449729 3.712523964 0.3333333333333333 1
1572363798 2.812521925 0.0 0
1572872462 5.043319365 1.2 2
1572876921 2.59469649 1.0 1
1574708529 2.831688007 0.3333333333333333 1
1574708737 2.486637989 0.0 0
1574952845 2.306628437 0.0 0
1575031000 2.216022212 0.5 1
1575295399 2.380754863 1.5 2
1575387177 2.344781715 0.0 0
1575387797 2.319717136 0.5 1
1575559926 2.340898241 0.5 1
1575561464 2.267232619 0.0 0
1579188484 2.422711795 0.6666666666666666 1
1579189345 2.341045019 0.0 0
1579190347 2.818638883 0.0 0
1579190596 272.216136639 0.09271523178807947 3
1579354412 2.330609429 0.0 0
1579356266 2.336909838 0.0 0
1579525049 2.345487322 0.0 0
1579526095 2.227908418 1.0 2
1579528391 2.12554976 0.3333333333333333 1
1580223191 2.184777705 0.3333333333333333 1
1580306784 2.450293621 0.5 1
1580310799 2.263126501 0.3333333333333333 1
1580311113 2.477398713 1.5 2
1580311795 2.313786948 0.0 0
1581946884 2.299737528 0.0 0
1582637103 106.660040359 0.7102803738317757 3
1574708737 2.486637989 0.0 0
