1569853931 4.271597961 0.0 0
1569854955 4.641537659 0.0 0
1569855506 4.213233473 0.0 0
1569856528 5.147847878 0.0 0
1570447351 4.609859764 0.6 2
1570448182 4.045377172 -1 -1
1570449110 4.097655854 0.5 1
1570449566 4.055774865 0.25 1
1571323552 4.310657318 0.75 1
1571323955 4.358007034 0.5 1
1571324353 4.334383986 0.0 0
1571324745 4.11928067 0.5 1
1571327675 4.115449925 0.2 1
1571328066 3.981866946 0.25 1
1571328458 4.11737231 0.0 0
1571328848 4.13887092 0.25 1
1571329241 4.177117157 0.0 0
1571329629 4.04089379 0.75 2
1571330607 4.317728958 0.5 1
1571398179 4.383725871 0.25 1
1571398576 4.184045891 0.25 1
1571398967 4.0056123 0.75 2
1571399359 4.136660965 0.5 2
1571399751 3.968254787 0.75 1
1571400148 4.130407007 0.25 1
1571400569 4.146637753 0.0 0
1571400967 4.222462083 0.25 1
1571401361 4.221481287 0.25 1
1571401751 4.574013138 0.6 1
1571407131 4.135587164 1.5 2
1571407524 4.180259364 0.5 1
1571407914 4.178221507 1.25 2
1571408304 4.77888669 0.25 1
1571408696 4.25859257 0.2 1
1571666189 3.981802235 0.0 0
1571666580 4.199027385 0.0 0
1571666972 4.292334493 0.0 0
1571667363 4.230394872 0.0 0
1571667808 4.286537828 0.0 0
1571669459 4.120838326 0.4 2
1571669852 4.135146969 0.0 0
1571754369 4.247529753 0.5 2
1571754761 4.201951662 0.5 1
1571755161 4.056165761 0.25 1
1571755564 4.138985406 0.0 0
1571755980 4.21313787 0.25 1
1571756793 4.191266882 1.0 2
1571757230 4.413310828 0.25 1
1571757648 4.041509999 1.25 2
1571758046 4.194507046 0.4 1
1571758437 4.180040225 1.25 2
1571758830 4.035421169 0.5 1
1571762441 4.090820144 0.0 0
1571762839 4.271120135 0.5 2
1571763230 4.25676757 0.0 0
1571763621 4.064451118 0.5 1
1571764014 4.17509917 0.75 2
1571764439 4.301170147 0.5 1
1571764830 4.037971676 0.75 1
1571765219 4.224067313 1.2 3
1571765611 4.101906316 0.25 1
1571766000 3.959363007 1.0 2
1571766968 4.27024202 0.6 2
1572006702 4.028599102 0.75 2
1572007328 4.275408443 0.0 0
1572007723 4.048023934 0.75 1
1572008232 4.098194418 0.8 2
1572008634 4.180243059 0.75 1
1572009028 4.002465677 0.0 0
1572009418 4.248061895 0.0 0
1572009809 4.148114144 0.0 0
1572010199 3.888730513 0.5 2
1572010596 4.169030148 0.75 2
1572010987 4.05959794 0.0 0
1572013549 4.265859071 0.4 2
1572013943 4.189143939 0.25 1
1572014335 3.975488807 0.25 1
1572014724 3.928743237 0.6666666666666666 1
1572015114 4.217219897 0.0 0
1572268257 4.313622895 -1 -1
1572269173 2.097635093 0.0 0
1572269585 4.48024225 0.4 1
1572270001 4.044229067 0.0 0
1572270407 4.259986568 0.75 2
1572270801 4.024670904 0.0 0
1572271307 7.19445974 0.2857142857142857 2
1572272508 3.168895762 0.0 0
1572272842 4.802193178 0.0 0
1572273173 5.421552373 0.16666666666666666 1
1572273522 3.364756091 0.0 0
1572273857 3.253657297 0.5 1
1572276279 3.106377675 0.0 0
1572276615 3.282049067 0.0 0
1572276948 3.108805152 0.0 0
1572277280 2.896370509 0.0 0
1572277614 3.148089604 0.0 0
1572277973 3.160218433 0.6666666666666666 1
1572278305 3.10871914 0.0 0
1572278637 3.274432864 0.0 0
1572363695 3.153055667 0.0 0
1572364025 3.12021569 0.0 0
1572364356 3.193250317 0.0 0
1572364688 3.304576419 0.6666666666666666 2
1572365023 3.324347874 0.5 1
1572365360 3.156048098 0.0 0
1572365739 2.904763381 0.0 0
1572366119 3.094971598 0.0 0
1572366452 3.523835133 1.3333333333333333 2
1572366785 3.187336016 1.0 2
1572370144 3.027730839 0.0 0
1572370475 3.311318908 1.0 2
1572370806 3.158685165 0.0 0
1572371135 3.20023701 0.3333333333333333 1
1572371467 3.138600905 0.0 0
1572371797 3.319222095 0.3333333333333333 1
1572372127 3.228465938 0.0 0
1572372456 3.109788506 0.5 2
1572372790 3.248795084 0.0 0
1572533801 2.999695275 0.6666666666666666 1
1572534155 3.60320155 0.0 0
1572534502 2.882678556 0.0 0
1572534832 3.293327579 0.25 1
1572535182 3.143027513 0.0 0
1572535513 3.295803619 0.0 0
1572535843 3.024380026 0.0 0
1572536178 3.263963423 0.3333333333333333 1
1572536542 3.203206194 0.0 0
1572536878 3.291956683 0.0 0
1572537798 5.668072633 0.0 0
1572538453 3.453487769 0.3333333333333333 1
1572539109 3.283809606 0.0 0
1572539762 3.379576689 0.0 0
1572540410 3.412079425 0.0 0
1572541321 3.372535836 0.0 0
1572541970 3.58391734 0.0 0
1572542618 3.333599985 0.0 0
1572543263 3.404492539 0.25 1
1572543936 3.455253404 0.25 1
1572871685 3.499232875 0.25 1
1572872334 3.59586265 0.3333333333333333 1
1572873015 3.30615194 0.6666666666666666 1
1572873666 3.45197257 0.0 0
1572874321 3.358572135 0.0 0
1572875387 3.788828103 0.0 0
1572876253 3.724860444 0.0 0
1572877467 3.576283574 0.0 0
1572878123 3.418733777 0.0 0
1572879365 3.571103139 0.0 0
1572879987 13.768045018 0.0 0
1572880425 3.185918934 1.0 2
1572880760 3.226417464 0.3333333333333333 1
1572881111 2.982451773 0.0 0
1572881442 3.023330992 1.3333333333333333 2
1572881777 3.332711165 0.0 0
1572882107 3.242782795 0.0 0
1572882493 3.373612096 0.0 0
1572882828 3.666282603 0.0 0
1572883179 3.327284855 0.0 0
1572883522 3.357697648 1.0 2
1572967753 3.297748611 0.0 0
1572968734 4.292524824 0.2 1
1572969709 3.585456321 0.6666666666666666 1
1572970369 3.457565837 0.5 1
1572971020 3.507070311 0.75 2
1572971683 3.474089616 0.5 1
1572972345 3.327644168 0.6666666666666666 1
1572973056 3.423398232 0.25 1
1572973709 3.372455303 0.3333333333333333 1
1572974360 3.444837885 0.5 1
1572975016 3.360477209 0.3333333333333333 1
1572975415 3.070569745 0.0 0
1572975746 3.324849889 0.0 0
1572976117 3.234256 0.3333333333333333 1
1572976496 3.021045917 0.3333333333333333 1
1572976827 3.203199553 0.6666666666666666 1
1572977158 3.201348542 0.6666666666666666 2
1572977520 3.241654839 0.6666666666666666 1
1572977849 3.063564585 1.0 2
1572978239 3.105869036 0.0 0
1573209296 3.595111786 0.0 0
1573209963 3.501233338 0.0 0
1573210626 3.574961932 0.25 1
1573211295 3.428965672 0.6666666666666666 1
1573211951 3.40722828 1.0 2
1573212600 3.385657702 0.3333333333333333 1
1573213253 3.445573015 0.0 0
1573213918 4.047291716 0.25 1
1573214577 3.652851953 0.0 0
1573215238 3.453923896 0.0 0
1573218442 3.146308604 0.3333333333333333 1
1573218776 3.153507878 0.3333333333333333 1
1573218953 4.053339842 0.5 2
1573306679 2.77161322 0.0 0
1573307002 2.817202487 0.3333333333333333 1
1573307655 2.847322234 0.0 0
1573307973 2.92212327 0.0 0
1573308290 2.792371534 0.6666666666666666 1
1573308622 2.902036435 0.3333333333333333 1
1573309263 2.89679365 0.0 0
1573310738 3.043395356 0.0 0
1573311353 2.93351579 0.0 0
1573311971 3.023649007 0.0 0
1573312670 2.917460411 0.0 0
1573313289 3.080432306 0.0 0
1573313912 3.008204251 0.0 0
1573314540 3.106156263 0.6666666666666666 1
1573315152 68.993554629 0.014492753623188406 1
1573741871 3.507366292 0.0 0
1573741989 3.036022387 0.3333333333333333 1
1573743622 3.000976794 1.6666666666666667 3
1573743723 3.06869996 0.3333333333333333 1
1573743821 3.303223168 0.5 1
1573743920 3.214865165 0.0 0
1573744019 2.959619463 0.3333333333333333 1
1573744115 3.400281696 0.3333333333333333 1
1573744213 3.247320484 0.3333333333333333 1
1573744311 3.203864045 0.0 0
1573744402 3.159833774 0.0 0
1573744498 3.24996191 0.0 0
1573744605 3.496723944 0.25 1
1573744703 3.298279335 0.5 2
1573744817 2.939994736 0.0 0
1573744915 2.960460895 0.0 0
1573745052 3.314982472 0.0 0
1573745237 2.997845954 0.3333333333333333 1
1573745333 2.900375752 0.0 0
1573745434 3.251629164 1.25 3
1573745532 3.123110071 0.3333333333333333 1
1573745632 3.445613402 0.0 0
1573745732 3.277475962 0.0 0
1573745835 3.297672534 0.0 0
1573745932 3.352602802 0.75 2
1573746029 3.119931025 0.0 0
1573746130 2.581485999 0.0 0
1573746228 2.824349543 0.0 0
1573746328 3.047356384 0.0 0
1573746429 3.414325729 0.0 0
1573746526 3.197345751 0.3333333333333333 1
1573746622 3.044775096 0.0 0
1573748942 3.411786305 0.3333333333333333 1
1573749038 3.204370791 0.25 1
1573749141 2.889724157 0.0 0
1573749251 3.174633064 0.3333333333333333 1
1573749349 2.912674534 0.3333333333333333 1
1573749484 3.034296369 0.0 0
1573749583 3.421621324 0.0 0
1573749683 3.292027008 0.0 0
1573749782 2.861526175 0.0 0
1573749878 2.94049126 0.0 0
1573828203 2.660210523 0.0 0
1573828511 2.780860969 0.3333333333333333 1
1573828818 2.712671265 0.3333333333333333 1
1573829123 2.9825334 0.3333333333333333 1
1573829427 2.813666891 0.3333333333333333 1
1573830296 2.738198904 1.0 1
1573830911 2.77330447 0.0 0
1573831216 2.784648347 0.6666666666666666 1
1573902850 2.934637189 0.0 0
1573903162 2.749620205 0.0 0
1573903476 3.092587572 0.6666666666666666 2
1573903785 2.78137026 0.3333333333333333 1
1573904095 2.665171555 0.0 0
1573904403 2.900325337 0.0 0
1573904572 8.815959532 0.3333333333333333 1
1574688171 4.827735625 0.0 0
1574688490 3.280838402 0.0 0
1574689311 2.981322216 0.3333333333333333 1
1574692186 3.027514253 0.0 0
1574692498 2.900042255 0.6666666666666666 1
1574693415 2.924898515 0.6666666666666666 1
1574693734 2.853909187 0.0 0
1574694063 3.118107876 1.0 1
1574694490 3.451932792 0.0 0
1574694810 2.781449675 0.0 0
1574695363 2.827397974 0.3333333333333333 1
1574695706 2.681601917 0.0 0
1574696014 2.812798698 0.0 0
1574696738 2.935576574 0.25 1
1574697317 2.76784837 0.0 0
1574697910 2.771817709 0.25 1
1574698479 2.834862214 0.5 1
1574699067 2.865532218 0.0 0
1574706696 3.212288152 0.3333333333333333 1
1574707329 2.940518378 0.0 0
1574708296 3.208869676 1.0 1
1574708594 2.721090604 0.25 1
1574708951 2.793312711 0.0 0
1574709163 2.952557244 0.3333333333333333 1
1574709904 3.02653086 0.3333333333333333 1
1574710507 3.088992131 0.0 0
1574711160 3.063438489 0.0 0
1574950960 2.655305708 0.3333333333333333 1
1574951335 2.864310673 0.0 0
1574951690 3.00775362 0.6666666666666666 2
1574952017 2.695044701 0.0 0
1574952332 2.895924654 0.3333333333333333 1
1574952729 10.34682554 0.0 0
1574953057 3.067874521 0.6666666666666666 1
1574953427 2.903180975 0.0 0
1574953752 2.934333753 0.6666666666666666 1
1574954079 2.54413194 0.0 0
1574956489 2.872602285 0.0 0
1574957158 2.992789927 0.0 0
1574957752 2.947656085 0.25 1
1574958335 2.721065304 0.5 2
1574958930 2.767590108 0.6666666666666666 2
1574959539 2.897929458 0.0 0
1574960116 2.935737285 0.0 0
1574960703 2.815504887 0.0 0
1574961369 2.783207059 0.25 1
1574961938 2.807402145 0.25 1
1575028362 2.860386728 0.3333333333333333 1
1575028671 2.742664482 0.0 0
1575029006 3.212561139 0.0 0
1575029322 2.638407881 0.0 0
1575029630 3.050873992 0.3333333333333333 1
1575029942 3.032566656 0.3333333333333333 1
1575030254 2.949736519 0.0 0
1575030569 3.060094546 0.6666666666666666 1
1575030901 2.802523339 0.0 0
1575031213 2.609539601 0.6666666666666666 1
1575033418 2.93751554 0.5 1
1575033985 2.71155346 0.5 2
1575034576 2.699605123 0.25 1
1575035149 2.891096611 0.25 1
1575035713 2.775482405 0.6666666666666666 1
1575036749 2.855263051 0.0 0
1575037309 2.978093763 0.5 1
1575037867 2.936539688 1.25 3
1575038878 2.636900386 0.75 2
1575039444 2.972677018 0.5 2
1575114643 2.887633838 0.0 0
1575114952 2.932212309 0.3333333333333333 1
1575115262 3.005061803 0.0 0
1575115571 2.865813016 0.0 0
1575115885 2.817316631 0.0 0
1575116197 1.720512465 0.6666666666666666 2
1575116507 2.80781672 0.0 0
1575116816 2.908153573 0.0 0
1575117124 2.863209066 0.3333333333333333 1
1575117433 2.941455124 0.0 0
1575120708 2.760625963 0.25 1
1575121268 2.663772817 0.0 0
1575122269 2.817924403 0.0 0
1575122888 2.847701526 0.0 0
1575123445 2.593338408 0.25 1
1575124004 2.735345408 0.25 1
1575124560 2.820309425 0.0 0
1575125126 2.818968681 0.0 0
1575125693 2.804293289 0.0 0
1575126258 2.946890192 0.0 0
1575293164 4.199596278 0.25 1
1575293498 2.718565 0.0 0
1575293838 3.031722701 0.0 0
1575294175 2.903587146 0.0 0
1575294518 2.608411799 0.3333333333333333 1
1575294865 3.076311413 0.0 0
1575295267 2.720062064 0.0 0
1575295636 2.816057023 0.3333333333333333 1
1575296847 2.78450568 0.3333333333333333 1
1575297183 2.687501214 0.0 0
1575298013 5.391354754 0.14285714285714285 1
1575298584 5.446308436 0.16666666666666666 1
1575299159 3.577921524 0.25 1
1575299734 6.459765431 0.14285714285714285 1
1575300346 2.900097805 0.0 0
1575300920 2.593935689 0.0 0
1575301717 2.858996955 0.5 1
1575302303 5.463444774 0.3333333333333333 2
1575386054 2.779686876 0.0 0
1575386368 2.843866652 0.5 1
1575386678 3.128067748 0.0 0
1575387082 2.74982639 0.0 0
1575387390 2.826834915 0.0 0
1575387702 2.862126124 0.0 0
1575388009 2.90847889 0.3333333333333333 1
1575388317 2.737754645 0.0 0
1575388626 3.15203579 0.0 0
1575388930 3.068317701 0.6666666666666666 1
1575390492 2.815227073 0.0 0
1575391062 2.916392953 0.0 0
1575391624 3.122535438 1.0 1
1575392436 2.908687294 1.25 3
1575393052 2.892183474 0.0 0
1575393635 2.879314645 0.25 1
1575394200 2.894896644 0.0 0
1575394762 2.996981702 0.25 1
1575395325 2.949033623 0.5 1
1575395892 1.539328982 0.0 0
1575397161 8.693663485 0.0 0
1575397439 10.401273253 0.5454545454545454 2
1575397655 87.03965107 0.0 0
1575473788 3.523895352 0.5 1
1575474576 3.525389969 0.0 0
1575558816 2.806555167 0.0 0
1575559125 3.028162504 0.0 0
1575559453 2.893682124 0.0 0
1575559772 2.866802997 1.0 2
1575560140 2.978524601 1.6666666666666667 3
1575560473 3.246563882 0.0 0
1575560807 2.843241578 0.3333333333333333 1
1575561339 2.840959463 0.0 0
1575561680 3.109626835 0.6666666666666666 1
1575562036 2.995623581 0.0 0
1575562810 2.775660441 0.75 2
1575563420 2.895612686 0.25 1
1575564088 2.903315223 0.25 1
1575564668 2.601203673 0.0 0
1575565247 2.948049739 0.25 1
1575565814 2.838566042 0.25 1
1575566385 2.729968494 0.25 1
1575566992 2.898976632 0.0 0
1575568315 2.663181831 0.0 0
1575568896 2.811676179 0.0 0
1579186561 2.891562232 0.0 0
1579186910 2.88745902 0.3333333333333333 1
1579187919 2.938930206 0.0 0
1579188251 2.936715947 0.6666666666666666 1
1579188704 204.840610002 1.4285714285714286 3
1579189232 3.198983145 0.0 0
1579189570 2.890926852 0.0 0
1579189895 2.910068184 0.0 0
1579190234 2.827489185 0.0 0
1579190607 4.515125586 -1 -1
1579191344 2.767454518 0.25 1
1579191958 2.944550782 0.25 1
1579192523 2.952286601 0.0 0
1579193105 2.978730772 0.0 0
1579193692 2.83230924 0.25 1
1579194257 2.728714175 0.5 2
1579194826 2.904195941 0.25 1
1579195392 2.910646017 0.3333333333333333 1
1579195981 2.753927853 0.0 0
1579196542 2.829633974 0.75 2
1579354317 2.913849229 0.0 0
1579354628 2.984713428 0.3333333333333333 1
1579354940 2.912870455 0.0 0
1579355245 2.653490543 0.0 0
1579355557 2.958411735 0.6666666666666666 1
1579355865 2.949749027 0.0 0
1579356171 2.725836139 0.0 0
1579356477 2.883118639 0.3333333333333333 1
1579356782 2.99227824 0.0 0
1579357261 2.816819245 0.0 0
1579359748 2.643520839 0.0 0
1579360326 2.964099916 0.25 1
1579360885 2.756236005 0.5 1
1579361439 2.844733937 0.25 1
1579361994 2.953446214 0.75 2
1579362550 2.892187849 0.0 0
1579363110 3.126896229 0.25 1
1579363677 3.243075264 0.0 0
1579364240 2.724248834 0.0 0
1579364799 2.797378649 0.5 1
1579524931 2.817129866 0.0 0
1579525273 3.017892779 1.3333333333333333 2
1579525660 2.642234822 1.0 1
1579525985 2.936196377 0.0 0
1579526308 2.89148171 0.0 0
1579528615 2.735632546 0.6666666666666666 1
1579529038 3.104106422 0.6666666666666666 1
1579529415 2.893032512 0.3333333333333333 1
1579529755 2.888689037 0.0 0
1579530066 2.697025799 0.0 0
1579530794 2.776812207 1.3333333333333333 2
1579531383 3.040085847 0.25 1
1579532422 2.990552236 0.25 1
1579533114 2.936666941 0.0 0
1579533774 2.997893659 0.0 0
1579534418 2.872656212 0.25 1
1579535090 3.001161543 0.0 0
1579535678 2.824998586 0.25 1
1579536757 2.638336789 0.25 1
1579537326 2.75525859 0.0 0
1580218060 2.683791348 0.0 0
1580218388 2.683602305 0.0 0
1580218721 2.83508751 0.0 0
1580219072 2.867178045 0.3333333333333333 1
1580219433 2.83173799 0.0 0
1580219758 2.734538168 0.0 0
1580222472 2.850545987 0.0 0
1580222786 2.813904929 0.0 0
1580223096 2.903466127 0.0 0
1580223433 2.908446454 0.0 0
1580224051 2.853318795 0.0 0
1580224608 2.905018368 0.5 1
1580225165 2.816150088 0.25 1
1580225730 2.912266766 0.25 1
1580226310 2.762139763 0.6666666666666666 1
1580226877 3.078724127 0.0 0
1580227442 2.899538021 0.0 0
1580228060 2.932480166 0.0 0
1580228620 2.870613443 0.0 0
1580229182 2.863895775 0.6666666666666666 1
1580306690 2.684776984 0.0 0
1580307002 3.055589727 0.3333333333333333 1
1580307394 2.848187059 0.0 0
1580307874 3.041132689 0.0 0
1580308185 2.794223661 0.0 0
1580308501 2.661970598 0.0 0
1580310703 2.803366863 0.0 0
1580311016 3.000319381 0.0 0
1580311325 3.367792121 0.6666666666666666 2
1580311635 3.099775552 0.0 0
1580312010 3.110166653 0.6666666666666666 1
1580312607 3.116050884 0.25 1
1580313187 2.948603196 0.0 0
1580314067 2.91314636 0.3333333333333333 1
1580314706 2.901289917 0.0 0
1580315263 2.908591383 0.0 0
1580315826 3.124698861 0.0 0
1580316389 11.505310025 0.0 0
1580316610 489.548699003 0.8016359918200409 4
1580317182 505.567959446 0.8102766798418972 4
1581937081 2.993223689 0.75 1
1581937393 2.725918137 0.0 0
1581937736 2.620357587 0.0 0
1581938059 2.798243708 0.25 1
1581938379 2.821609676 0.25 1
1581938703 3.19291909 0.0 0
1581939004 4.907584341 0.16666666666666666 1
1581939349 3.03174009 0.25 1
1581939675 2.773929114 0.75 2
1581939974 2.591046322 0.25 1
1581942750 2.772078548 0.0 0
1581942851 1479.3609089 1.5563041385948027 4
1581945273 2.816167328 0.25 1
1581946223 2.784956899 0.25 1
1581946793 2.554707282 0.0 0
1581947688 2.555527057 0.0 0
1581948279 2.742772606 0.25 1
1581949403 2.680395256 0.0 0
1582030273 221.675656369 1.2747747747747749 6
1582030799 2.80881242 0.25 1
1582031445 2.840505807 0.25 1
1582031743 2.894571569 1.0 3
1582032116 2.731254583 0.6666666666666666 1
1582032434 2.987264517 0.0 0
1582032737 2.887952189 0.25 1
1582033037 2.973703637 0.0 0
1582033330 2.998968851 1.0 2
1582033689 3.178150074 0.0 0
1582035104 2.6484232 0.0 0
1582035456 524.210016134 0.8240917782026769 5
1582036582 2.519929817 0.6666666666666666 1
1582037191 2.596112346 0.6666666666666666 1
1582037788 2.943081092 0.25 1
1582037873 512.534490849 0.9239766081871345 5
1582038970 2.89911671 0.25 1
1582041887 2.762561588 0.3333333333333333 1
1582042637 2.693061553 0.0 0
1582044084 3.010025727 0.25 1
1582044677 2.782520129 0.5 1
1582044991 2.69695247 0.5 1
1582045293 2.555231457 0.25 1
1582045376 215.766183676 1.241860465116279 5
1582045684 221.004517607 0.8090909090909091 4
1582046198 2.835879602 0.0 0
1582120328 220.466452439 2.190909090909091 9
1582120767 3.319410581 0.25 1
1582186415 4.336482083 -1 -1
1582189507 4.299084359 1.0 1
1582190986 2.847871249 0.0 0
1582191277 2.739901837 0.0 0
1582191573 2.763233397 0.0 0
1582191654 217.573158551 2.110091743119266 10
1582192157 2.602249673 0.3333333333333333 1
1582192456 2.908478661 0.5 1
1582192745 2.677044212 0.0 0
1582193033 2.79313491 0.25 1
1582193328 2.846064988 0.25 1
1582634894 203.9616518 0.7696078431372549 5
1582635380 2.889986289 0.25 1
1582635664 2.653187618 0.25 1
1582635949 2.682570924 0.0 0
1582636235 2.795155624 0.25 1
1582636521 2.769643399 0.0 0
1582636814 2.764898963 0.25 1
1582637111 2.822275884 0.25 1
1582637407 2.806354187 0.25 1
1582637703 2.769813071 0.0 0
1582638271 2.829409671 0.3333333333333333 1
1582638351 483.660247073 0.7122153209109731 6
1582640498 2.571078826 0.25 1
1582641085 2.99696103 0.25 1
1582641645 2.716911247 0.25 1
1582642218 2.740398395 0.5 2
1582642785 2.743343264 0.25 1
1582643359 2.745394573 0.25 1
1582643956 2.811650021 1.0 2
1582644624 2.895314718 0.25 1
1582886347 2.961050187 1.0 1
1582886640 3.068810255 0.2 1
1582886935 2.732470361 0.0 0
1582887223 2.776024684 1.0 2
1582887509 3.244486225 0.25 1
1582887803 2.639466347 0.75 2
1582888088 2.823690792 0.25 1
1582888375 2.85267617 0.75 1
1582888458 209.163122134 1.1913875598086126 5
1582889023 2.724469781 0.25 1
1582899126 2.924603649 0.25 1
1582899206 487.692565676 0.8024691358024691 5
1582900255 2.791367821 0.25 1
1582900815 2.745645477 0.0 0
1582902560 2.828582993 0.0 0
1582903120 2.643759347 0.3333333333333333 1
1582903725 2.826730075 0.25 1
1574711160 3.063438489 0.0 0
1574708951 2.793312711 0.0 0
