1569853938 5.924843914 -1 -1
1569854964 5.599485077 -1 -1
1569855513 5.797753021 -1 -1
1569856536 4.94517289 -1 -1
1570448189 5.910978155 -1 -1
1570449117 35.244443583 -1 -1
1571323559 5.926764482 -1 -1
1571323962 5.68821483 -1 -1
1571324360 5.662842122 -1 -1
1571324752 5.849879995 -1 -1
1571327682 5.964900406 -1 -1
1571328073 5.884289122 -1 -1
1571328464 5.640107822 -1 -1
1571328855 5.898810091 -1 -1
1571329247 5.927229558 -1 -1
1571329636 5.84023291 -1 -1
1571330614 5.756720375 -1 -1
1571398187 4.814958277 -1 -1
1571398582 5.987120726 -1 -1
1571398974 5.74719121 -1 -1
1571399365 5.78255235 -1 -1
1571399757 5.883124199 -1 -1
1571400154 5.820905459 -1 -1
1571400575 5.830079529 -1 -1
1571400973 5.665508573 -1 -1
1571401368 5.802849564 -1 -1
1571401758 5.842770257 -1 -1
1571407138 5.858873443 -1 -1
1571407531 5.671182931 -1 -1
1571407921 5.849952255 -1 -1
1571408311 5.759953607 -1 -1
1571408703 5.68480904 -1 -1
1571666195 5.859014928 -1 -1
1571666587 5.564321209 -1 -1
1571666979 5.800228787 -1 -1
1571667370 5.895054429 -1 -1
1571667815 5.720885409 -1 -1
1571669466 6.024223132 -1 -1
1571669859 5.740351448 -1 -1
1571754376 5.988855959 -1 -1
1571754768 5.718633851 -1 -1
1571755168 5.87858372 -1 -1
1571755570 5.636595452 -1 -1
1571756800 5.846885043 -1 -1
1571757237 5.88217425 -1 -1
1571757656 4.712894323 -1 -1
1571758052 6.011437826 -1 -1
1571758443 5.900905907 -1 -1
1571758837 5.894076349 -1 -1
1571762447 5.803819465 -1 -1
1571762846 5.904396052 -1 -1
1571763237 5.668359267 -1 -1
1571763627 6.006638172 -1 -1
1571764020 5.825866698 -1 -1
1571764446 5.683756533 -1 -1
1571764837 5.97044658 -1 -1
1571765226 5.76320177 -1 -1
1571765617 5.831850969 -1 -1
1571766007 5.876281783 -1 -1
1571766975 5.980788079 -1 -1
1572007335 5.836536963 -1 -1
1572007731 4.61710518 -1 -1
1572008239 4.668147268 -1 -1
1572008640 5.676453398 -1 -1
1572009035 5.819652096 -1 -1
1572009425 5.779661083 -1 -1
1572009815 5.755387699 -1 -1
1572010206 5.811967108 -1 -1
1572010603 5.775596213 -1 -1
1572010994 4.813182436 -1 -1
1572013556 5.992190448 -1 -1
1572013949 5.640031904 -1 -1
1572014341 5.766170876 -1 -1
1572014730 6.020521867 -1 -1
1572015120 5.754715327 -1 -1
1572268264 26.872553796 -1 -1
1572269177 5.768537147 -1 -1
1572269593 5.731349356 -1 -1
1572270007 5.804749972 -1 -1
1572270413 5.934274686 -1 -1
1572270808 5.832908501 -1 -1
1572272513 4.623464123 -1 -1
1572272849 4.56039589 -1 -1
1572273181 4.713150468 -1 -1
1572273527 4.547340146 -1 -1
1572273863 4.632137003 -1 -1
1572276284 4.620280551 -1 -1
1572276621 4.674098776 -1 -1
1572276954 4.521969449 -1 -1
1572277284 4.722822859 -1 -1
1572277619 4.556274572 -1 -1
1572277978 4.663574296 -1 -1
1572278310 4.487869826 -1 -1
1572278642 4.562391827 -1 -1
1572363700 4.719094707 -1 -1
1572364030 4.558211803 -1 -1
1572364362 4.671231128 -1 -1
1572364694 4.691712771 -1 -1
1572365029 4.727476356 -1 -1
1572365365 4.482370531 -1 -1
1572365744 4.733602816 -1 -1
1572366124 4.612449135 -1 -1
1572366458 4.638904264 -1 -1
1572366790 4.718293861 -1 -1
1572369819 4.676176077 -1 -1
1572370149 4.758488808 -1 -1
1572370480 4.728801462 -1 -1
1572370811 4.689178483 -1 -1
1572371141 3.879835566 -1 -1
1572371472 4.651886843 -1 -1
1572371802 4.578036668 -1 -1
1572372134 3.808258092 -1 -1
1572372462 4.559896492 -1 -1
1572372795 4.608536606 -1 -1
1572533806 4.688714537 -1 -1
1572534161 4.462960515 -1 -1
1572534508 4.576040363 -1 -1
1572534838 4.80750899 -1 -1
1572535187 4.699887635 -1 -1
1572535518 4.719187219 -1 -1
1572535848 4.620265379 -1 -1
1572536183 5.055011625 -1 -1
1572536547 4.674931606 -1 -1
1572536884 4.705633416 -1 -1
1572537805 4.814259841 -1 -1
1572538458 4.752226796 -1 -1
1572539114 4.770815458 -1 -1
1572539767 4.65132935 -1 -1
1572540422 5.320702235 -1 -1
1572541326 4.691170288 -1 -1
1572541975 4.709325604 -1 -1
1572542623 4.749389933 -1 -1
1572543269 4.620339113 -1 -1
1572543942 4.819540887 -1 -1
1572871691 4.606817786 -1 -1
1572872339 4.747664381 -1 -1
1572873021 4.724560209 -1 -1
1572873671 4.808960999 -1 -1
1572874327 19.196387068 -1 -1
1572875393 4.664176675 -1 -1
1572877472 4.661325093 -1 -1
1572878128 4.707584178 -1 -1
1572879370 4.68051784 -1 -1
1572880002 4.546313743 -1 -1
1572880431 4.673970316 -1 -1
1572880765 4.645473826 -1 -1
1572881116 4.624833549 -1 -1
1572881447 4.652336268 -1 -1
1572881782 4.728916969 -1 -1
1572882112 4.575166833 -1 -1
1572882498 4.865050812 -1 -1
1572882834 4.661146916 -1 -1
1572883185 4.672534781 -1 -1
1572967758 4.632331471 -1 -1
1572968741 5.890828187 -1 -1
1572969714 7.971232561 -1 -1
1572970375 4.793616769 -1 -1
1572971026 4.99182415 -1 -1
1572971689 4.644022458 -1 -1
1572972350 4.654713437 -1 -1
1572973062 4.718267189 -1 -1
1572973715 4.518253702 -1 -1
1572974366 4.699919378 -1 -1
1572975021 4.64452126 -1 -1
1572975420 4.780823173 -1 -1
1572975751 4.605632984 -1 -1
1572976122 4.629451317 -1 -1
1572976501 4.645591231 -1 -1
1572976832 4.667405026 -1 -1
1572977163 4.599297042 -1 -1
1572977526 4.507564506 -1 -1
1572977854 4.696980129 -1 -1
1572978245 3.758511368 -1 -1
1573209301 4.789929821 -1 -1
1573209969 3.777130136 -1 -1
1573210632 4.701800113 -1 -1
1573211300 4.741627814 -1 -1
1573211957 4.618614327 -1 -1
1573212605 4.609828781 -1 -1
1573213259 3.717140682 -1 -1
1573213924 4.700346891 -1 -1
1573214582 4.665649222 -1 -1
1573215243 4.76828388 -1 -1
1573218449 3.665425119 -1 -1
1573218781 4.692355327 -1 -1
1573218959 5.00174945 -1 -1
1573307659 4.564165815 -1 -1
1573307978 4.303591303 -1 -1
1573308626 4.32531299 -1 -1
1573308947 4.0996011 -1 -1
1573309268 4.399718822 -1 -1
1573309597 4.144544921 -1 -1
1573311359 4.075697878 -1 -1
1573311976 4.314278026 -1 -1
1573313295 4.152828116 -1 -1
1573313917 4.35060887 -1 -1
1573314545 4.199983263 -1 -1
1573315231 10.215774825 -1 -1
1573741876 4.384391161 -1 -1
1573743627 3.967584288 -1 -1
1573743728 3.834916684 -1 -1
1573743826 4.489247473 -1 -1
1573743925 5.035192407 -1 -1
1573744025 4.112002777 -1 -1
1573744120 4.566876422 -1 -1
1573744218 4.231445555 -1 -1
1573744316 4.351590192 -1 -1
1573744407 4.534570241 -1 -1
1573744504 4.323253646 -1 -1
1573744611 3.381128122 -1 -1
1573744708 4.536764188 -1 -1
1573744822 4.064590615 -1 -1
1573744921 3.855093441 -1 -1
1573745057 4.445613958 -1 -1
1573745242 4.181695855 -1 -1
1573745338 4.008831475 -1 -1
1573745440 4.254681837 -1 -1
1573745537 4.573209032 -1 -1
1573745737 4.35229989 -1 -1
1573745840 4.387070125 -1 -1
1573745937 4.373525657 -1 -1
1573746034 4.493772899 -1 -1
1573746333 3.92433605 -1 -1
1573746434 4.745375801 -1 -1
1573746531 4.698209878 -1 -1
1573746627 4.10417203 -1 -1
1573748947 4.357334124 -1 -1
1573749043 4.37635337 -1 -1
1573749256 4.343415314 -1 -1
1573749354 4.355942189 -1 -1
1573749588 4.780164734 -1 -1
1573749688 4.420282545 -1 -1
1573749787 4.332465061 -1 -1
1573831220 4.175205041 -1 -1
1573902855 4.25336564 -1 -1
1573904407 4.333242821 -1 -1
1573904586 5.884250978 -1 -1
1574694496 4.077614053 -1 -1
1574696019 4.146549989 -1 -1
1574706701 4.39703066 -1 -1
1574707334 4.747668583 -1 -1
1574709168 4.214167105 -1 -1
1574952741 4.227105316 -1 -1
1574957757 3.96918499 -1 -1
1575039449 4.55803008 -1 -1
1575293170 4.278070102 -1 -1
1575293843 4.274570715 -1 -1
1575298592 4.120181369 -1 -1
1575302310 4.314094902 -1 -1
1575391629 4.122892307 -1 -1
1575397175 19.922982866 -1 -1
1575397454 11.700365083 -1 -1
1575398018 17.242714616 -1 -1
1575398268 11.805736605 -1 -1
1575473793 4.323439555 -1 -1
1575474581 4.529885816 -1 -1
1579190614 5.80313973 -1 -1
1579362000 4.39635262 -1 -1
1579536762 3.911109664 -1 -1
1580316404 4.290628687 -1 -1
1581937086 4.515672972 -1 -1
1581939353 4.300098985 -1 -1
1581946228 4.166156138 -1 -1
1581949407 4.876407684 -1 -1
1582030805 4.587342621 -1 -1
1582031450 4.631449773 -1 -1
1582031749 4.600158571 -1 -1
1582032121 4.832310133 -1 -1
1582033694 4.74167632 -1 -1
1582035983 4.488947816 -1 -1
1582038976 4.475685912 -1 -1
1582044090 4.769662719 -1 -1
1582186422 5.758758852 -1 -1
1582189515 5.623833004 -1 -1
1582192461 4.418041434 -1 -1
1582637116 4.611162911 -1 -1
1582641090 4.530388114 -1 -1
1582643364 4.079637205 -1 -1
1582886351 4.339603556 -1 -1
1582886645 4.397175501 -1 -1
1582887514 4.351378033 -1 -1
1582888380 4.727378103 -1 -1
1582899131 4.051037731 -1 -1
