1569853944 4.821694621 0.0 0
1569854970 5.255195266 0.0 0
1569855519 4.86853836 0.0 0
1569856540 3.922563868 0.0 0
1570448194 7.127442463 -1 -1
1570449152 4.511282082 0.0 0
1570449578 4.495954666 0.0 0
1571323565 4.73990571 0.0 0
1571323968 4.773822061 0.0 0
1571324365 4.471174611 0.0 0
1571324758 4.435767002 0.0 0
1571327688 4.623304202 0.0 0
1571328079 4.335869825 0.0 0
1571328470 4.399449657 0.0 0
1571328861 4.567437174 0.0 0
1571329253 4.684112266 0.0 0
1571329642 4.575421158 0.0 0
1571330620 4.641692131 0.0 0
1571398192 4.642027118 0.0 0
1571398588 4.681510791 0.0 0
1571398980 4.569219656 0.0 0
1571399371 4.608103112 0.0 0
1571399763 4.520456082 0.0 0
1571400160 4.67346459 0.0 0
1571400581 4.543953505 0.0 0
1571400979 4.576657746 0.0 0
1571401374 4.659706758 0.0 0
1571401764 4.687954 0.0 0
1571407143 4.690318669 0.0 0
1571407536 4.386151743 0.0 0
1571407927 4.595131781 0.0 0
1571408317 4.631910564 0.0 0
1571408709 4.747735234 0.0 0
1571666201 4.508184441 0.0 0
1571666593 4.862847679 0.0 0
1571666985 4.698794609 0.0 0
1571667376 4.355807994 0.0 0
1571667821 4.685767576 0.0 0
1571669472 4.476362552 0.0 0
1571669865 4.761360017 0.0 0
1571754382 4.572853006 0.0 0
1571754773 4.547972011 0.0 0
1571755174 4.658585097 0.0 0
1571755576 4.622916811 0.0 0
1571755996 4.446159823 0.0 0
1571756806 4.577947263 0.0 0
1571757242 4.759599748 0.0 0
1571757661 4.646802895 0.0 0
1571758058 4.581878067 0.0 0
1571758449 4.478587392 0.0 0
1571758843 8.027036635 0.0 0
1571762453 4.39846965 0.0 0
1571762852 4.644995456 0.0 0
1571763242 4.560365031 0.0 0
1571763633 4.484927831 0.0 0
1571764026 4.449247838 0.0 0
1571764452 4.540738869 0.0 0
1571764843 4.649286178 0.0 0
1571765232 4.744010995 0.0 0
1571765623 4.755847658 0.0 0
1571766013 4.48569711 0.0 0
1571766981 4.746888242 0.0 0
1572007340 4.865718849 0.0 0
1572007735 4.912737804 0.0 0
1572008244 4.701163083 0.0 0
1572008646 4.691394289 0.0 0
1572009041 4.692237448 0.0 0
1572009431 4.65419518 0.0 0
1572009821 4.55253324 0.0 0
1572010212 4.848096124 0.0 0
1572010608 4.48913158 0.0 0
1572010999 4.656895006 0.0 0
1572013562 4.443201122 0.0 0
1572013955 4.736116123 0.0 0
1572014347 4.75218045 0.0 0
1572014736 4.785951849 0.0 0
1572015126 4.524920621 0.0 0
1572268291 4.597171893 -1 -1
1572269183 4.487846135 0.0 0
1572269598 4.525917566 0.0 0
1572270013 4.363492636 0.0 0
1572270419 4.608683114 0.0 0
1572270813 4.474101297 0.0 0
1572271340 4.398525448 0.0 0
1572272518 3.820631654 0.0 0
1572272853 3.768052416 0.0 0
1572273185 3.819361819 0.0 0
1572273532 3.851559781 0.0 0
1572273867 3.535695115 0.0 0
1572276288 3.879994861 0.0 0
1572276625 3.730841212 0.0 0
1572276958 3.805852189 0.0 0
1572277289 3.876169678 0.0 0
1572277624 3.719333948 0.0 0
1572277983 3.666583543 0.0 0
1572278315 3.884978483 0.0 0
1572278646 3.747808591 0.0 0
1572363705 3.689204239 0.0 0
1572364035 3.660293771 0.0 0
1572364366 3.625102456 0.0 0
1572364698 3.660627704 0.0 0
1572365033 3.653143501 0.0 0
1572365370 3.427506759 0.0 0
1572365748 3.614331914 0.0 0
1572366129 3.750829265 0.0 0
1572366462 3.87979408 0.0 0
1572366795 3.780131336 0.0 0
1572369823 3.605544001 0.0 0
1572370153 3.680128007 0.0 0
1572370485 3.739159253 0.0 0
1572370816 3.5719241 0.0 0
1572371145 3.776975553 0.0 0
1572371477 3.795376248 0.0 0
1572371807 4.860312458 0.0 0
1572372137 3.695380604 0.0 0
1572372466 3.784084603 0.0 0
1572372799 3.792284313 0.0 0
1572533811 3.789836758 0.0 0
1572534165 3.71670132 0.0 0
1572534512 3.784278021 0.0 0
1572534843 4.069398299 0.0 0
1572535192 3.759336397 0.0 0
1572535523 3.587310732 0.0 0
1572535852 3.893930019 0.0 0
1572536188 3.754717605 0.0 0
1572536552 3.726979358 0.0 0
1572536889 3.91205972 0.0 0
1572537810 3.61986974 0.0 0
1572538463 3.758806506 0.0 0
1572539119 3.621425935 0.0 0
1572539772 3.666065722 0.0 0
1572540427 3.716862337 0.0 0
1572541331 3.803976482 0.0 0
1572541980 3.749318432 0.0 0
1572542628 3.674267678 0.0 0
1572543273 3.827902195 0.0 0
1572543947 3.588399159 0.0 0
1574711169 3.311086265 0.0 0
1574708961 3.492290239 0.0 0
