1569853943 5.023555412 0.0 0
1569854970 5.364658568 0.0 0
1569855519 5.066344777 0.0 0
1570447364 4.870474632 0.0 0
1570448194 7.251048756 -1 -1
1570449152 4.912193266 0.0 0
1570449578 4.821609778 0.0 0
1571323565 4.781863816 0.0 0
1571323968 4.773822061 0.0 0
1571324365 4.749997747 0.0 0
1571324758 4.664840272 0.0 0
1571327688 4.656156397 0.0 0
1571328079 4.610634596 0.0 0
1571328470 4.746283323 0.0 0
1571328861 4.567437174 0.0 0
1571329253 4.916565808 0.0 0
1571329642 4.728961136 0.0 0
1571330620 4.811119739 0.0 0
1571398192 4.687648635 0.0 0
1571398588 4.715961377 0.0 0
1571398980 4.569219656 0.0 0
1571399371 4.816772677 0.0 0
1571399763 4.82354669 0.0 0
1571400160 4.714143193 0.0 0
1571400581 4.676099092 0.0 0
1571400979 4.641620408 0.0 0
1571401374 4.607458003 0.0 0
1571407143 4.832047085 0.0 0
1571407536 4.811333774 0.0 0
1571407927 4.796663716 0.0 0
1571408317 4.763995921 0.0 0
1571408709 4.569979816 0.0 0
1571666201 4.758751836 0.0 0
1571666593 4.862847679 0.0 0
1571666985 4.681712667 0.0 0
1571667376 4.563628206 0.0 0
1571667821 4.668899996 0.0 0
1571669472 4.640072622 0.0 0
1571669865 4.940997648 0.0 0
1571754382 4.741734267 0.0 0
1571754773 4.828400995 0.0 0
1571755174 4.859568938 0.0 0
1571755576 4.714505371 0.0 0
1571755996 4.877511016 0.0 0
1571756805 4.92407383 0.0 0
1571757243 4.959159946 0.0 0
1571757661 4.852391065 0.0 0
1571758058 4.70242261 0.0 0
1571758449 4.690734965 0.0 0
1571762453 4.528578871 0.0 0
1571762852 4.75892391 0.0 0
1571763242 4.906207221 0.0 0
1571763633 4.738973635 0.0 0
1571764026 4.700727217 0.0 0
1571764451 4.742760006 0.0 0
1571764843 4.830803514 0.0 0
1571765232 4.919335687 0.0 0
1571765624 4.721870012 0.0 0
1571766013 4.740008698 0.0 0
1571766981 4.782309498 0.0 0
1572006715 4.187845997 0.0 0
1572007341 4.68947959 0.0 0
1572007735 5.023253935 0.0 0
1572008244 4.858458289 0.0 0
1572008646 4.68315004 0.0 0
1572009041 4.832472061 0.0 0
1572009431 4.906235544 0.0 0
1572009821 4.812364808 0.0 0
1572010212 4.507344527 0.0 0
1572010608 4.968832097 0.0 0
1572010999 4.87126729 0.0 0
1572013562 4.745461327 0.0 0
1572013955 5.04354571 0.0 0
1572014347 4.784021454 0.0 0
1572014736 4.904400399 0.0 0
1572268291 4.680333983 -1 -1
1572269184 3.256676621 0.0 0
1572269598 4.863997767 0.0 0
1572270013 4.625793733 0.0 0
1572270419 4.619094559 0.0 0
1572270813 4.677018367 0.0 0
1572271339 5.100138752 0.0 0
1572272518 3.991405504 0.0 0
1572272853 3.987684522 0.0 0
1572273185 3.851627044 0.0 0
1572273532 3.659991039 0.0 0
1572273867 3.578574116 0.0 0
1572276288 4.047797886 0.0 0
1572276625 4.007706932 0.0 0
1572276958 3.929832527 0.0 0
1572277289 3.909386017 0.0 0
1572277624 3.719333948 0.0 0
1572277983 3.798850579 0.0 0
1572278315 3.928316638 0.0 0
1572278647 3.830687799 0.0 0
1572363705 3.827912715 0.0 0
1572364035 3.888074503 0.0 0
1572364366 3.668449866 0.0 0
1572364698 3.959943858 0.0 0
1572365033 3.779667801 0.0 0
1572365370 4.068334224 0.0 0
1572365748 3.844636508 0.0 0
1572366129 3.91842189 0.0 0
1572366462 3.87979408 0.0 0
1572366795 3.78720603 0.0 0
1574711169 3.384084748 0.0 0
1574708960 3.481791452 0.0 0
