1569849946 4.443527754 0.0 0
1569850150 4.362971931 0.0 0
1569849946 4.443527754 0.0 0
1569850150 4.362971931 0.0 0
1569850963 4.436979901 0.0 0
1569851169 4.454096574 0.0 0
1569851519 4.429186156 0.0 0
1569851726 4.366826969 0.0 0
1569851956 4.178536591 0.0 0
1569852185 4.410632793 0.0 0
1569852422 4.408121731 0.0 0
1569852639 4.371620548 0.0 0
1569853030 4.418847985 0.0 0
1569853342 4.365999815 0.0 0
1569853582 4.297777504 0.0 0
1569854223 4.344451854 0.0 0
1569855195 4.673731003 0.0 0
1569855629 4.388901441 0.0 0
1574710635 3.107361491 0.0 0
1574707056 3.153753273 0.0 0
1574708719 3.280970775 0.0 0
