1569849938 5.814494678 0.0 0
1569850142 5.824242025 0.0 0
1569849938 5.814494678 0.0 0
1569850142 5.824242025 0.0 0
1569850955 5.228328675 0.0 0
1569851161 6.05300693 0.0 0
1569851510 5.935150308 0.0 0
1569851717 5.989088293 0.0 0
1569851947 6.03380355 0.0 0
1569852176 6.072197174 0.0 0
1569852414 5.759810816 0.0 0
1569852631 5.867107421 0.0 0
1569853022 6.09790364 0.0 0
1569853333 5.78851927 0.0 0
1569853574 5.663632694 0.0 0
1569854215 5.828376588 0.0 0
1569855173 19.555079982 0.0 0
1569855620 6.281054223 0.0 0
1570446945 5.819750895 0.0 0
1570448037 5.838108477 0.0 0
1570448764 5.726706279 0.0 0
1570449233 5.76011908 0.0 0
1570543060 5.853181317 0.0 0
1570543419 8.412093522 0.0 0
1570543623 5.889906135 0.0 0
1570544552 5.764795423 0.0 0
1570544752 8.41093574 0.0 0
1570545013 5.818822521 0.0 0
1571322931 6.007880695 0.0 0
1571323253 5.520120832 0.0 0
1571323646 5.809424196 0.0 0
1571324048 5.769092169 0.0 0
1571324448 5.681686647 0.0 0
1571325054 5.764580875 0.0 0
1571325251 5.63748152 0.0 0
1571325450 5.875798087 0.0 0
1571325654 5.857280003 0.0 0
1571325853 5.811987051 0.0 0
1571326054 5.673626416 0.0 0
1571326745 5.92874088 0.0 0
1571326957 5.76632097 0.0 0
1571327164 5.731195618 0.0 0
1571327379 5.579325638 0.0 0
1571327769 5.733502887 0.0 0
1571328160 5.801669815 0.0 0
1571328551 5.690457118 0.0 0
1571328942 5.862574815 0.0 0
1571329333 5.942110332 0.0 0
1571329926 5.847056696 0.0 0
1571395846 6.0210423 0.0 0
1571396042 5.830475342 0.0 0
1571396239 5.7577094 0.0 0
1571396438 6.00753134 0.0 0
1571396637 5.733094272 0.0 0
1571396835 5.758518869 0.0 0
1571397064 5.757570002 0.0 0
1571397269 5.717872996 0.0 0
1571397467 5.875838653 0.0 0
1571397664 5.860923999 0.0 0
1571397882 5.729657967 0.0 0
1571398275 5.889176857 0.0 0
1571398670 5.635761621 0.0 0
1571399061 5.743395151 0.0 0
1571399452 5.767198317 0.0 0
1571399849 5.671106224 0.0 0
1571400242 5.645631988 0.0 0
1571400664 5.849761316 0.0 0
1571401063 5.792818193 0.0 0
1571401455 5.86053894 0.0 0
1571404911 5.84036955 0.0 0
1571405111 5.809163253 0.0 0
1571405308 6.062920005 0.0 0
1571405508 6.144203026 0.0 0
1571405740 5.699183686 0.0 0
1571406835 5.823334518 0.0 0
1571407224 5.877025048 0.0 0
1571407618 5.737927917 0.0 0
1571408007 5.56974979 0.0 0
1571408399 5.72747118 0.0 0
1571408930 5.548672473 0.0 0
1571409161 5.751808804 0.0 0
1571409362 5.752689496 0.0 0
1571409561 5.835702776 0.0 0
1571409777 5.679746589 0.0 0
1571664344 5.717160067 0.0 0
1571664888 5.785854254 0.0 0
1571665091 5.824748459 0.0 0
1571665302 5.848088065 0.0 0
1571665496 5.860168361 0.0 0
1571665691 5.739244389 0.0 0
1571665891 5.812905605 0.0 0
1571666282 5.526055042 0.0 0
1571666673 5.779954014 0.0 0
1571667067 5.857421179 0.0 0
1571667503 5.860929844 0.0 0
1571668109 5.880606415 0.0 0
1571668308 5.648211118 0.0 0
1571668512 5.575223125 0.0 0
1571668706 5.839344569 0.0 0
1571668903 5.951196889 0.0 0
1571669155 5.70119482 0.0 0
1571669555 5.741794298 0.0 0
1571751980 5.832943487 0.0 0
1571752175 5.813086803 0.0 0
1571752374 5.751397724 0.0 0
1571752579 6.270823369 0.0 0
1571752774 5.644175454 0.0 0
1571752970 5.914545756 0.0 0
1571753168 5.575985269 0.0 0
1571753364 5.756274171 0.0 0
1571753562 5.752537496 0.0 0
1571753758 5.779926894 0.0 0
1571754066 5.698992478 0.0 0
1571754463 5.84227279 0.0 0
1571754856 5.719871243 0.0 0
1571755259 5.720083695 0.0 0
1571755823 6.016912205 0.0 0
1571756492 5.583998488 0.0 0
1571756904 5.760819282 0.0 0
1571757353 5.851664453 0.0 0
1571757742 5.773034408 0.0 0
1571758141 5.788841376 0.0 0
1571758531 5.627847899 0.0 0
1571760312 5.683149207 0.0 0
1571760513 5.776812783 0.0 0
1571760712 5.812983056 0.0 0
1571760911 5.754043499 0.0 0
1571761122 5.813591192 0.0 0
1571761322 5.664221747 0.0 0
1571761516 5.885761054 0.0 0
1571761712 6.010119198 0.0 0
1571761913 7.87455579 0.125 1
1571762146 5.625988643 0.0 0
1571762537 10.995338716 0.09090909090909091 1
1571762935 5.995792133 0.0 0
1571763323 5.91638884 0.0 0
1571763715 5.844109029 0.0 0
1571764121 6.420704789 0.0 0
1571764532 5.771924609 0.0 0
1571764924 5.716226206 0.0 0
1571765312 5.699973705 0.0 0
1571765704 5.76108745 0.0 0
1571766281 5.720493498 0.0 0
1571767064 5.690025321 0.0 0
1571922212 5.850363035 0.0 0
1572003223 5.672442053 0.0 0
1572003417 5.668959874 0.0 0
1572003615 5.787338928 0.0 0
1572003813 5.75833923 0.0 0
1572004009 5.774133166 0.0 0
1572004205 5.768757992 0.0 0
1572004399 5.743874297 0.0 0
1572004599 5.772594196 0.0 0
1572004800 5.761497113 0.0 0
1572004999 5.823595138 0.0 0
1572006290 5.86151185 0.0 0
1572007028 5.84877942 0.0 0
1572007422 5.712431679 0.0 0
1572007915 5.80105601 0.0 0
1572008325 5.714962654 0.0 0
1572008728 5.787612685 0.0 0
1572009122 5.797138489 0.0 0
1572009512 5.765634146 0.0 0
1572009903 5.562903119 0.0 0
1572010298 6.006225865 0.0 0
1572010690 5.854517463 0.0 0
1572011201 5.868238665 0.0 0
1572011397 5.790591563 0.0 0
1572011591 5.625169219 0.0 0
1572011790 5.618592031 0.0 0
1572011987 6.021703374 0.0 0
1572012184 5.690120808 0.0 0
1572012379 5.71491967 0.0 0
1572012573 5.876464305 0.0 0
1572012768 6.13877627 0.0 0
1572012962 5.644850655 0.0 0
1572013251 6.187244302 0.0 0
1572013644 5.811134246 0.0 0
1572014037 5.770026026 0.0 0
1572014428 5.643167572 0.0 0
1572014818 5.845045987 0.0 0
1572265021 5.854463774 0.0 0
1572265218 5.696003323 0.0 0
1572265416 5.834808048 0.0 0
1572265614 5.921759687 0.0 0
1572265812 5.643600208 0.0 0
1572266022 5.838543871 0.0 0
1572266215 5.807106745 0.0 0
1572266417 5.668029749 0.0 0
1572266619 5.677221531 0.0 0
1572266815 5.729818883 0.0 0
1572268098 5.707755526 0.0 0
1572268869 5.747989387 0.0 0
1572269283 5.867898524 0.0 0
1572269689 5.202272137 0.0 0
1572270106 6.184241387 0.16666666666666666 1
1572270503 6.20887581 0.0 0
1572270896 6.14415442 0.0 0
1572272255 4.651719948 0.0 0
1572272585 4.911209843 0.0 0
1572272920 5.178385717 0.0 0
1572273253 7.076015105 0.14285714285714285 1
1572273600 4.671087005 0.0 0
1572274092 4.592986023 0.0 0
1572274260 4.650424188 0.0 0
1572274435 4.671997017 0.0 0
1572274601 4.745481574 0.0 0
1572274774 4.752117285 0.0 0
1572274944 4.65550248 0.0 0
1572275112 4.731885669 0.0 0
1572275291 4.650788471 0.0 0
1572275460 4.712760328 0.0 0
1572275635 4.694395458 0.0 0
1572276024 4.718946744 0.0 0
1572276357 4.43177844 0.0 0
1572276695 4.693490965 0.0 0
1572277026 4.607420591 0.0 0
1572277356 4.609269053 0.0 0
1572277703 4.721427057 0.0 0
1572278051 4.518596732 0.0 0
1572278384 4.630669824 0.0 0
1572361234 5.887391709 0.0 0
1572361432 5.892200012 0.0 0
1572361627 5.811066564 0.0 0
1572361822 5.711581297 0.0 0
1572362020 7.142814666 0.0 0
1572362215 5.815013268 0.0 0
1572362411 5.77712483 0.0 0
1572362607 5.903550585 0.0 0
1572362806 5.723276366 0.0 0
1572363001 5.858424192 0.0 0
1572363443 4.564494115 0.0 0
1572363773 4.699787419 0.0 0
1572364102 4.557195941 0.0 0
1572364433 4.656220268 0.0 0
1572364765 4.723082518 0.0 0
1572365107 4.527765227 0.0 0
1572365485 4.574852579 0.0 0
1572365857 4.614829084 0.0 0
1572366196 4.756322458 0.0 0
1572366532 4.858001059 0.0 0
1572366884 4.50791712 0.0 0
1572367051 4.513198264 0.0 0
1572367220 4.741339348 0.0 0
1572367389 4.569013614 0.0 0
1572367572 4.665468673 0.0 0
1572367743 4.703228621 0.0 0
1572367919 4.647441773 0.0 0
1572368087 4.381660699 0.0 0
1572368253 4.639369624 0.0 0
1572368419 4.663200187 0.0 0
1572369562 4.794985955 0.0 0
1572369892 4.791424205 0.0 0
1572370222 4.600430697 0.0 0
1572370554 4.609268239 0.0 0
1572370883 4.653221687 0.0 0
1572371215 4.8165588 0.0 0
1572371546 4.572758827 0.0 0
1572371875 4.632702322 0.0 0
1572372204 4.614487909 0.0 0
1572372533 4.742745454 0.0 0
1572532351 5.883517942 0.0 0
1572532553 5.811051863 0.0 0
1572532759 5.760474218 0.0 0
1572533540 4.698611506 0.0 0
1572533878 4.619164142 0.0 0
1572534232 4.676839201 0.0 0
1572534579 4.908400869 0.0 0
1572534911 4.700679024 0.0 0
1572535259 4.43166726 0.0 0
1572535590 4.692646219 0.0 0
1572535925 4.568918529 0.0 0
1572536257 4.625789637 0.0 0
1572536622 4.708813339 0.0 0
1572537223 4.505753698 0.0 0
1572537877 4.861115227 0.0 0
1572538530 4.629292121 0.0 0
1572539186 4.71973369 0.0 0
1572539839 4.734682699 0.0 0
1572540746 4.611629032 0.0 0
1572541399 4.642859216 0.0 0
1572542048 4.537886995 0.0 0
1572542695 4.667589489 0.0 0
1572543340 4.488485376 0.0 0
1572544472 4.641077089 0.0 0
1572544639 4.756369352 0.0 0
1572544809 4.648315636 0.0 0
1572544983 4.647087545 0.0 0
1572545157 4.682164167 0.0 0
1574710629 4.268152675 0.0 0
1574707050 4.120018034 0.0 0
1574708713 4.552539951 0.0 0
