1569849930 2.536272448 0.0 0
1569850134 2.475442782 0.0 0
1569849930 2.536272448 0.0 0
1569850134 2.475442782 0.0 0
1569850945 2.333168166 0.0 0
1569851153 2.39413066 0.0 0
1569851503 2.616405725 0.0 0
1569851710 2.570044036 0.0 0
1569851939 2.526078971 0.0 0
1569852169 2.478350404 0.0 0
1569852407 2.440803179 0.0 0
1569852623 2.592238109 0.0 0
1569853014 2.549174999 0.0 0
1569853326 2.554582742 0.0 0
1569853566 2.557980528 0.0 0
1569854207 2.611631117 0.0 0
1569855165 2.576121548 0.0 0
1569855613 2.584370689 0.0 0
1574710623 2.047038118 0.0 0
1574707044 1.971342335 0.0 0
1574708707 2.17113441 0.0 0
