1569853951 4.399682627 -1 -1
1569854978 4.181016616 -1 -1
1569855527 4.451565527 -1 -1
1569856547 3.49618706 -1 -1
1570447372 4.10059428 -1 -1
1570448204 4.191992257 -1 -1
1570449159 4.278862368 -1 -1
1570449586 4.181351528 -1 -1
1571323572 4.344283656 -1 -1
1571323975 4.221708321 -1 -1
1571324373 4.380181216 -1 -1
1571324765 4.210173568 -1 -1
1571327695 4.402178465 -1 -1
1571328086 4.166924972 -1 -1
1571328478 4.100173363 -1 -1
1571328868 4.251285333 -1 -1
1571329260 4.527800263 -1 -1
1571329649 4.31259749 -1 -1
1571330627 4.366627727 -1 -1
1571398199 4.167619526 -1 -1
1571398595 4.276271442 -1 -1
1571398987 4.371462409 -1 -1
1571399379 4.276306019 -1 -1
1571399771 4.235788609 -1 -1
1571400167 4.320346742 -1 -1
1571400588 4.290198853 -1 -1
1571400986 4.269652878 -1 -1
1571401381 4.283403401 -1 -1
1571401771 4.360224606 -1 -1
1571407151 4.095326248 -1 -1
1571407544 4.341244428 -1 -1
1571407934 4.219322935 -1 -1
1571408324 4.424573125 -1 -1
1571408717 3.284646018 -1 -1
1571666209 4.244311895 -1 -1
1571666600 4.100296016 -1 -1
1571666993 4.105436347 -1 -1
1571667383 4.265806313 -1 -1
1571667828 4.447648099 -1 -1
1571669479 4.027491705 -1 -1
1571669872 4.446247116 -1 -1
1571754389 4.523990632 -1 -1
1571754781 4.307017296 -1 -1
1571755181 4.468693025 -1 -1
1571755583 4.13800239 -1 -1
1571756003 4.484463776 -1 -1
1571756813 4.157285239 -1 -1
1571757250 4.52223061 -1 -1
1571757668 4.284198766 -1 -1
1571758065 4.32881591 -1 -1
1571758457 4.21515039 -1 -1
1571758853 4.100647184 -1 -1
1571762460 4.260664732 -1 -1
1571762859 4.220596736 -1 -1
1571763250 4.395155655 -1 -1
1571763640 4.349174289 -1 -1
1571764033 4.272593019 -1 -1
1571764459 3.964923778 -1 -1
1571764850 4.35375235 -1 -1
1571765240 4.187567704 -1 -1
1571765631 4.441145652 -1 -1
1571766020 4.199608546 -1 -1
1571766989 4.183069997 -1 -1
1572007348 4.340005936 -1 -1
1572007743 4.05564677 -1 -1
1572008252 4.22486602 -1 -1
1572008654 4.23793453 -1 -1
1572009048 4.443142789 -1 -1
1572009438 4.315206559 -1 -1
1572009829 4.384647974 -1 -1
1572010220 4.25467974 -1 -1
1572010616 4.30001433 -1 -1
1572011006 4.317043269 -1 -1
1572013569 4.384621454 -1 -1
1572013962 4.352631647 -1 -1
1572014355 4.040783591 -1 -1
1572014744 4.325870305 -1 -1
1572015133 4.422008789 -1 -1
1572268298 4.187705683 -1 -1
1572269191 4.109240086 -1 -1
1572269606 15.502454006 -1 -1
1572270021 4.211493805 -1 -1
1572270821 4.00668229 -1 -1
1572271347 4.887448312 -1 -1
1572272523 3.483579894 -1 -1
1572272859 3.520357013 -1 -1
1572273191 3.452604514 -1 -1
1572273538 3.448641736 -1 -1
1572273873 3.433411704 -1 -1
1572276294 3.479627654 -1 -1
1572276631 5.934610205 -1 -1
1572276964 3.459405859 -1 -1
1572277295 3.41614632 -1 -1
1572277630 3.299155047 -1 -1
1572277989 3.454979139 -1 -1
1572278321 3.451963974 -1 -1
1572278652 3.418014859 -1 -1
1572363711 3.50190781 -1 -1
1572364041 3.458335668 -1 -1
1572364372 3.29160695 -1 -1
1572364704 3.416415729 -1 -1
1572365039 3.190905092 -1 -1
1572365376 2.831523529 -1 -1
1572365754 3.458329298 -1 -1
1572366135 3.544037694 -1 -1
1572366468 3.296552718 -1 -1
1572366801 3.40954835 -1 -1
1572369830 3.120772382 -1 -1
1572370159 3.403727143 -1 -1
1572370491 3.345143058 -1 -1
1572370822 3.492668137 -1 -1
1572371151 3.625141905 -1 -1
1572371483 3.372633111 -1 -1
1572371814 3.446996156 -1 -1
1572372143 3.401595332 -1 -1
1572372472 3.408761726 -1 -1
1572372805 3.423773664 -1 -1
1572533817 3.366282763 -1 -1
1572534171 3.486742326 -1 -1
1572534518 3.458892873 -1 -1
1572534849 3.409856517 -1 -1
1572535198 3.518354613 -1 -1
1572535529 3.454950349 -1 -1
1572535858 3.44669444 -1 -1
1572536194 3.423347848 -1 -1
1572536558 3.495331434 -1 -1
1572536894 3.654044413 -1 -1
1572537816 3.416509072 -1 -1
1572538469 3.317967418 -1 -1
1572539125 3.401340065 -1 -1
1572539778 3.329174683 -1 -1
1572540433 3.465995492 -1 -1
1572541337 3.288890983 -1 -1
1572541986 3.40812689 -1 -1
1572542634 3.406973066 -1 -1
1572543279 3.491697299 -1 -1
1572543953 3.324232718 -1 -1
