1569849933 4.706439839 0.0 0
1569850137 4.785112599 0.0 0
1569849933 4.706439839 0.0 0
1569850137 4.785112599 0.0 0
1569850949 3.295524111 0.0 0
1569851156 4.683701449 0.0 0
1569851506 4.698884372 0.0 0
1569851712 4.786009668 0.0 0
1569851942 4.836145325 0.0 0
1569852171 4.694880045 0.0 0
1569852409 4.569349862 0.0 0
1569852626 4.694988598 0.0 0
1569853017 4.789117621 0.0 0
1569853328 4.850722419 0.0 0
1569853569 4.642034155 0.0 0
1569854210 4.851973699 0.0 0
1569855168 4.851766852 0.0 0
1569855615 4.675492761 0.0 0
1574710625 3.917727342 0.0 0
1574708710 3.217421931 0.0 0
