1569853956 5.98815656 0.0 0
1569855531 5.695216454 0.0 0
1570447377 5.433938268 0.0 0
1570448209 5.381406532 -1 -1
1570449164 5.544908789 0.0 0
1570449590 5.512412134 0.0 0
1571323577 5.366085977 0.0 0
1571323980 5.325984998 0.0 0
1571324377 5.54372916 0.0 0
1571324770 5.501102605 0.0 0
1571327700 5.504776687 0.0 0
1571328091 5.386240594 0.0 0
1571328482 5.60668492 0.0 0
1571328873 5.486457555 0.0 0
1571329654 5.579098599 0.0 0
1571330632 5.680634324 0.0 0
1571398204 5.623452421 0.0 0
1571398600 5.507963874 0.0 0
1571398992 5.333670163 0.0 0
1571399384 5.299987462 0.0 0
1571399775 5.343626972 0.0 0
1571400172 5.514629978 0.0 0
1571400593 5.543912038 0.0 0
1571400994 5.658007537 0.3333333333333333 1
1571401386 5.664248954 0.0 0
1571401776 5.420167003 0.0 0
1571407156 5.41624223 0.0 0
1571407549 5.638948795 0.0 0
1571407939 5.409232755 0.0 0
1571408329 5.341470311 0.0 0
1571408721 5.852182724 0.0 0
1571666213 5.504130486 0.0 0
1571666605 5.908917934 0.0 0
1571666997 5.524458392 0.0 0
1571667388 5.543912465 0.0 0
1571667833 5.352569384 0.0 0
1571669484 5.699604679 0.0 0
1571754394 5.325640474 0.0 0
1571754785 5.51161277 0.0 0
1571755588 5.689822176 0.0 0
1571756008 5.559049879 0.0 0
1571756817 5.499941304 0.0 0
1571757673 5.502133482 0.0 0
1571758461 5.377629397 0.0 0
1571758858 5.535078944 0.0 0
1571762465 5.614660874 0.0 0
1571762864 5.550774527 0.0 0
1571763254 5.468609571 0.0 0
1571763645 5.336746685 0.0 0
1571764038 5.503705699 0.0 0
1571764463 5.435257501 0.0 0
1571765244 5.521571591 0.0 0
1571766025 5.465663568 0.0 0
1571766994 5.333406472 0.0 0
1572007748 5.590033603 0.0 0
1572008658 5.499174681 0.0 0
1572009053 6.870842135 0.0 0
1572009443 5.287182433 0.0 0
1572009833 5.259606034 0.0 0
1572010224 5.494038073 0.0 0
1572010621 5.740538668 0.0 0
1572011011 5.441242626 0.0 0
1572013574 5.647451323 0.0 0
1572013967 5.380859665 0.0 0
1572014359 5.368647299 0.0 0
1572014749 5.463829779 0.0 0
1572015138 5.48841058 0.0 0
1572269197 21.64890952 0.0 0
1572269622 4.544003307 0.0 0
1572270025 18.036833095 0.0 0
1572270432 7.176548279 0.0 0
1572270825 5.361280901 0.0 0
1572271351 5.916064211 0.0 0
1572272527 4.33922929 0.0 0
1572272863 4.314337698 0.0 0
1572273195 4.898002215 0.0 0
1572273542 4.339219005 0.0 0
1572273877 4.410857645 0.0 0
1572276298 4.481871948 0.0 0
1572276637 4.772304627 0.0 0
1572276968 4.444120596 0.0 0
1572277299 4.303304425 0.0 0
1572277634 4.55093932 0.0 0
1572277993 4.471366706 0.0 0
1572278325 4.525444751 0.0 0
1572278656 4.355523215 0.0 0
1572363715 4.483357505 0.0 0
1572364044 4.375494472 0.0 0
1572364376 4.608149529 0.0 0
1572364708 4.351315383 0.0 0
1572365047 6.432054967 0.0 0
1572365380 4.27465638 0.0 0
1572365758 4.438008734 0.0 0
1572366139 4.48315758 0.0 0
1572366472 4.443350745 0.0 0
1572366805 4.182019193 0.0 0
1572369833 4.591467496 0.0 0
1572370163 4.518861986 0.0 0
1572370494 4.431035115 0.0 0
1572370826 4.444258965 0.0 0
1572371155 4.506400684 0.0 0
1572371486 4.561411685 0.0 0
1572371818 4.343683247 0.0 0
1572372147 4.514634026 0.0 0
1572372476 4.281541139 0.0 0
1572372809 4.426389518 0.0 0
1572533820 4.345200907 0.0 0
1572534175 4.31209946 0.0 0
1572534522 4.273695104 0.0 0
1572534853 4.696614404 0.0 0
1572535202 4.404854458 0.0 0
1572535533 4.463412031 0.0 0
1572535862 8.192629012 0.0 0
1572536561 4.338716141 0.0 0
1572536898 4.549496972 0.2 1
1572537820 4.479007811 0.0 0
1572538473 4.398686389 0.0 0
1572539129 4.544710164 0.0 0
1572539781 4.51709983 0.0 0
1572540437 4.552049856 0.0 0
1572541341 4.3697449 0.0 0
1572541990 4.545881061 0.0 0
1572542638 4.634768741 0.0 0
1572543283 4.495733943 0.0 0
1572543957 4.34983619 0.0 0
1572871706 4.397086666 0.0 0
1572872354 4.618947405 0.0 0
1572873035 4.450013044 0.0 0
1572873686 4.39744939 0.0 0
1572875408 4.364612038 0.0 0
1572877487 4.428123874 0.0 0
1572878142 14.732282744 0.0 0
1572879385 4.426640597 0.0 0
1572880017 4.514476279 0.0 0
1572880445 4.537454513 0.0 0
1572880780 4.465033471 0.0 0
1572881130 4.409743556 0.0 0
1572881462 4.48082641 0.0 0
1572881797 4.385216701 0.0 0
1572882127 4.578771726 0.0 0
1572882848 4.552743112 0.0 0
1572883199 12.223095098 0.0 0
1572883542 4.662504607 0.0 0
1572967773 5.554784384 0.0 0
1572968759 5.472427574 0.0 0
1572969732 4.276332265 0.0 0
1572970391 4.824803738 0.0 0
1572971043 4.361821541 0.0 0
1572971703 4.235827496 0.0 0
1572972364 4.395473852 0.0 0
1572973076 4.270968369 0.0 0
1572973730 4.628223116 0.0 0
1572974380 4.394678026 0.0 0
1572975435 4.434400383 0.0 0
1572975766 4.306287948 0.0 0
1572976137 4.343764774 0.0 0
1572976516 4.425308954 0.0 0
1572976846 4.395789941 0.0 0
1572977178 4.436160743 0.0 0
1572977540 4.341157112 0.25 1
1572977869 4.552721071 0.0 0
1572978258 4.396619644 0.0 0
1573209316 4.277054606 0.0 0
1573209982 4.467543517 0.0 0
1573210646 4.560545865 0.0 0
1573211315 4.390870293 0.0 0
1573211971 4.267179467 0.0 0
1573212620 4.493132752 0.0 0
1573213273 4.347932251 0.0 0
1573213939 4.221651775 0.0 0
1573214596 4.536072848 0.0 0
1573215258 4.097397492 0.25 1
1573218462 4.503188076 0.0 0
1573218974 4.512977087 0.0 0
1573306697 3.911359366 0.0 0
1573307356 3.728361449 0.0 0
1573307673 3.723241393 0.0 0
1573307992 6.630381777 0.0 0
1573308640 4.167545164 0.0 0
1573309282 4.025339913 0.0 0
1573309611 3.84011782 0.0 0
1573311990 4.123447881 0.0 0
1573312688 4.249462689 0.0 0
1573313308 3.864963332 0.0 0
1573314559 3.836328449 0.0 0
1573315250 4.377197857 0.0 0
1573741889 4.059901426 0.0 0
1573743741 4.093784105 0.0 0
1573743839 4.111855831 0.0 0
1573743939 4.06253518 0.0 0
1573744037 4.249267047 0.0 0
1573744133 4.060423283 0.0 0
1573744232 3.69574826 0.0 0
1573744329 4.096453626 0.0 0
1573744421 4.111765674 0.0 0
1573744517 4.082105145 0.0 0
1573744623 4.161385331 0.0 0
1573744722 4.094015757 0.25 1
1573744837 4.027517681 0.0 0
1573744973 3.972655011 0.0 0
1573745071 3.941687977 0.0 0
1573745254 4.200267366 0.0 0
1573745453 3.687511286 0.0 0
1573745550 4.236392796 0.0 0
1573745750 3.880609898 0.0 0
1573745853 4.313015108 0.0 0
1573745950 4.357999589 0.0 0
1573746047 4.027748451 0.0 0
1573746246 4.075775065 0.0 0
1573746346 3.718198059 0.0 0
1573746447 4.138516239 0.0 0
1573746544 4.08293322 0.0 0
1573746640 3.940908212 0.0 0
1573748960 4.12829169 0.0 0
1573749056 4.326396331 0.0 0
1573749269 4.158353401 0.0 0
1573749367 4.249708873 0.0 0
1573749502 3.884631885 0.0 0
1573749601 4.261929306 0.0 0
1573749800 4.313724132 0.0 0
1573828221 3.80066149 0.0 0
1573828530 3.916724613 0.0 0
1573828836 4.104183899 0.0 0
1573829140 4.34306212 0.0 0
1573829445 3.86284585 0.0 0
1573829825 3.739266119 0.0 0
1573830314 3.631339086 0.0 0
1573830622 4.02595883 0.0 0
1573830929 3.812552984 0.0 0
1573903180 4.138356765 0.0 0
1573903494 3.663750663 0.0 0
1574688192 4.072877674 0.0 0
1574688509 4.268882079 0.25 1
1574689331 3.931538674 0.0 0
1574692203 4.169176395 0.0 0
1574693433 4.135891874 0.0 0
1574693751 4.140416003 0.0 0
1574694081 4.184334295 0.0 0
1574694827 4.173930176 0.0 0
1574694938 5.723121755 0.0 0
1574695381 3.778942256 0.0 0
1574695724 4.138496898 0.0 0
1574696032 4.174875935 0.0 0
1574696758 4.136337407 0.0 0
1574697334 4.033293142 0.0 0
1574697928 4.26723199 0.0 0
1574698497 4.096572673 0.0 0
1574699085 4.064485213 0.0 0
1574706714 4.148616078 0.0 0
1574707348 3.955624872 0.0 0
1574708314 4.214778691 0.0 0
1574708436 4.63722165 0.0 0
1574708611 4.121506249 0.0 0
1574708969 4.126745874 0.0 0
1574709922 4.19158826 0.0 0
1574710526 3.814332476 0.0 0
1574711178 4.253819597 0.0 0
1574950978 4.276069451 0.0 0
1574951353 4.107838442 0.0 0
1574951708 4.206772129 0.0 0
1574952035 4.129121563 0.0 0
1574952350 3.893221454 0.0 0
1574952754 4.196950887 0.0 0
1574953075 4.324649253 0.0 0
1574953444 4.255780733 0.0 0
1574953770 4.174979391 0.0 0
1574954096 4.171631534 0.0 0
1574956507 4.205136338 0.0 0
1574957176 4.000629583 0.0 0
1574958353 4.084846467 0.0 0
1574958947 4.049103444 0.0 0
1574959556 4.059017175 0.0 0
1574960134 4.028734684 0.0 0
1574960720 4.265088295 0.0 0
1574961387 4.130461508 0.0 0
1574961956 4.304204705 0.0 0
1575028380 4.027650571 0.0 0
1575028688 4.384923046 0.0 0
1575029024 4.279640267 0.0 0
1575029340 4.09276394 0.0 0
1575029648 4.108095204 0.0 0
1575029961 4.226340175 0.0 0
1575030271 4.230911596 0.0 0
1575030588 4.433150949 0.0 0
1575030919 4.178021664 0.0 0
1575031231 4.425546742 0.0 0
1575033436 4.221389689 0.0 0
1575034003 4.261781798 0.0 0
1575034594 4.21687024 0.0 0
1575035167 4.195831132 0.0 0
1575035730 4.308815692 0.0 0
1575036766 4.287647709 0.0 0
1575037328 3.943826676 0.0 0
1575037885 4.238192677 0.0 0
1575038896 4.158676478 0.0 0
1575039462 4.143545352 0.0 0
1575114661 4.182582732 0.0 0
1575114970 4.151205392 0.0 0
1575115279 4.066234789 0.0 0
1575115588 4.311275686 0.0 0
1575115903 4.2190866 0.0 0
1575116214 4.073002136 0.0 0
1575116524 4.148135173 0.0 0
1575116833 4.176666993 0.0 0
1575117142 4.089217357 0.0 0
1575117451 4.059938018 0.0 0
1575120726 4.160612479 0.0 0
1575121285 4.176405877 0.0 0
1575122287 4.099590451 0.0 0
1575122906 4.204287683 0.0 0
1575123463 4.138253615 0.0 0
1575124022 4.215276629 0.0 0
1575124578 3.189559713 0.0 0
1575125143 4.182327552 0.0 0
1575125711 4.075516209 0.0 0
1575126276 4.341468002 0.0 0
1575293183 4.135364397 0.0 0
1575293515 4.097453862 0.0 0
1575293856 4.178125556 0.0 0
1575294193 4.270072078 0.0 0
1575294536 4.121305624 0.0 0
1575294883 4.165267183 0.0 0
1575295285 4.305418749 0.0 0
1575295653 4.242888698 0.0 0
1575296865 4.088205243 0.0 0
1575297204 4.099089062 0.0 0
1575298034 3.858510178 0.0 0
1575298604 4.156382061 0.0 0
1575299177 4.191014713 0.0 0
1575299755 4.22416399 0.0 0
1575300363 4.237105891 0.0 0
1575300938 4.246345619 0.0 0
1575301735 4.135159485 0.0 0
1575302323 3.961770863 0.0 0
1575386072 4.39029117 0.0 0
1575386386 3.296734741 0.0 0
1575386696 4.249113042 0.0 0
1575387100 3.738384921 0.0 0
1575387408 4.408671467 0.0 0
1575387719 4.319953506 0.0 0
1575388027 4.087065564 0.0 0
1575388335 4.222881442 0.0 0
1575388643 4.136019118 0.0 0
1575388948 4.275129912 0.0 0
1575390509 4.267842702 0.0 0
1575391080 4.139434113 0.0 0
1575391642 4.078417565 0.0 0
1575392454 4.144442985 0.0 0
1575393070 4.120422779 0.0 0
1575393653 4.230344438 0.0 0
1575394217 4.176151666 0.0 0
1575395343 4.19606604 0.0 0
1575395908 5.587596679 0.0 0
1575397219 11.636939003 0.18181818181818182 1
1575397499 20.71972572 0.0 0
1575397786 11.099797271 0.0 0
1575398308 16.126065112 0.0625 1
1575398538 11.707861348 0.08333333333333333 1
1575473807 5.257217688 0.0 0
1575474311 5.599498955 0.0 0
1575474595 4.049438778 0.0 0
1575558833 4.077357047 0.0 0
1575559144 3.052152291 0.0 0
1575559471 4.179504895 0.0 0
1575559790 4.211024741 0.0 0
1575560158 4.210062743 0.0 0
1575560491 4.097870465 0.0 0
1575560825 4.108680922 0.0 0
1575561356 4.22409467 0.0 0
1575561698 4.109141896 0.0 0
1575562054 4.382869937 0.0 0
1575562828 4.095545337 0.0 0
1575563438 4.263289936 0.0 0
1575564106 4.104716017 0.0 0
1575564685 4.086026277 0.0 0
1575565264 4.137682902 0.0 0
1575565831 4.119462341 0.0 0
1575566403 4.23162546 0.0 0
1575567010 4.146834591 0.0 0
1575568332 4.042876868 0.0 0
1575568914 4.092937692 0.0 0
1579184479 6.04413204 -1 -1
1579186579 4.136920432 0.0 0
1579186927 4.213154003 0.0 0
1579187936 4.202792592 0.0 0
1579188269 4.099642315 0.0 0
1579188374 4.400965462 0.0 0
1579189250 4.171849807 0.0 0
1579189588 4.225969303 0.0 0
1579189912 3.972867776 0.0 0
1579190252 4.150802009 0.0 0
1579191362 4.172046247 0.0 0
1579191976 4.151078339 0.0 0
1579192540 4.225152714 0.0 0
1579193710 4.090947624 0.0 0
1579194275 4.176191635 0.0 0
1579194844 4.219745529 0.0 0
1579195409 4.150372631 0.0 0
1579195999 4.228762962 0.0 0
1579196560 4.517414043 0.0 0
1579354335 4.255346013 0.0 0
1579354646 3.96819275 0.0 0
1579354958 4.193543391 0.0 0
1579355263 4.349760312 0.0 0
1579355574 4.089338095 0.0 0
1579355883 4.271032924 0.0 0
1579356189 4.002405987 0.0 0
1579356495 4.065141847 0.0 0
1579356800 4.3118912 0.0 0
1579357278 4.015522556 0.0 0
1579359766 3.193539719 0.0 0
1579360344 4.368609851 0.0 0
1579360902 4.208460586 0.0 0
1579361457 4.231786974 0.0 0
1579362012 4.362384695 0.0 0
1579362567 4.136190295 0.0 0
1579363128 4.08790885 0.0 0
1579363694 4.190461098 0.0 0
1579364258 4.172176192 0.0 0
1579364817 4.281441014 0.0 0
1579524949 4.149730774 0.0 0
1579525677 3.988080943 0.0 0
1579526002 4.101956098 0.0 0
1579526326 4.255367001 0.0 0
1579528633 4.093337942 0.0 0
1579529056 4.223544569 0.0 0
1579529433 4.227241753 0.0 0
1579529773 4.045913964 0.0 0
1579530084 4.142165277 0.0 0
1579530811 4.21718663 0.0 0
1579531401 4.098259675 0.0 0
1579532440 4.170819044 0.0 0
1579533199 3.93392159 0.0 0
1579533791 4.158613049 0.0 0
1579534435 4.28117366 0.0 0
1579535108 4.093837209 0.0 0
1579535696 4.169352032 0.0 0
1579536775 3.798484303 0.0 0
1579537343 4.177963227 0.0 0
1580218077 4.196298804 0.0 0
1580218405 4.586929476 0.0 0
1580218739 4.166894666 0.0 0
1580219089 4.145117311 0.0 0
1580219451 4.045416389 0.0 0
1580219776 4.391961919 0.0 0
1580222490 5.191978036 0.0 0
1580222803 5.759977772 0.0 0
1580223114 4.261424308 0.0 0
1580223451 4.496902628 0.0 0
1580224069 4.139811526 0.0 0
1580224626 4.144629919 0.0 0
1580225183 3.923738443 0.0 0
1580225748 4.146545742 0.0 0
1580226327 4.113297564 0.0 0
1580226895 3.914400733 0.0 0
1580228078 4.224871508 0.0 0
1580228638 4.183481223 0.0 0
1580229201 4.401863245 0.0 0
1580306707 4.131781722 0.0 0
1580307020 4.063159845 0.0 0
1580307416 4.579116423 0.0 0
1580307892 4.351809433 0.0 0
1580308203 4.32277392 0.0 0
1580308519 4.327827053 0.0 0
1580310721 4.168295869 0.0 0
1580311034 4.168635946 0.0 0
1580311343 4.236083965 0.0 0
1580311653 4.212154712 0.0 0
1580312028 4.118234833 0.0 0
1580312629 4.314132414 0.0 0
1580313205 4.089460336 0.0 0
1580314084 4.089059045 0.0 0
1580314724 3.795487877 0.0 0
1580315281 3.985497616 0.0 0
1580315844 4.146153334 0.0 0
1580316417 4.278459909 0.0 0
1580317114 4.064066641 0.0 0
1580317703 4.031849945 0.0 0
1581937098 4.347514241 0.0 0
1581937411 4.048743232 0.0 0
1581937753 4.299223371 0.0 0
1581938076 4.349055661 0.0 0
1581938721 4.326843314 0.0 0
1581939023 4.276668665 0.0 0
1581939366 4.45678758 0.0 0
1581939692 4.41429207 0.0 0
1581942767 4.66187257 0.0 0
1581944344 4.243644762 0.0 0
1581945291 4.034859996 0.0 0
1581946242 3.206068716 0.0 0
1581946810 4.060209588 0.0 0
1581947706 3.767334094 0.0 0
1581948296 4.136691151 0.0 0
1581949422 4.424606768 0.0 0
1582027674 3.495990849 0.0 0
1582030512 5.048384522 0.0 0
1582030819 4.738549981 0.0 0
1582031463 4.341355027 0.0 0
1582031763 4.182531507 0.0 0
1582032134 4.108685382 0.0 0
1582032451 4.313250403 0.0 0
1582032754 4.407059711 0.0 0
1582033054 4.10459903 0.0 0
1582033707 4.130536072 0.0 0
1582035123 4.610628723 0.0 0
1582035997 4.978406091 0.0 0
1582036600 4.355463568 0.0 0
1582037208 4.267256644 0.0 0
1582037806 4.77645128 0.0 0
1582038402 4.477672004 0.0 0
1582038989 4.248011969 0.0 0
1582041906 4.528327793 0.0 0
1582042656 4.351069053 0.0 0
1582044105 4.936778002 0.0 0
1582044695 3.082695248 0.0 0
1582045010 4.339718719 0.0 0
1582045312 3.634700127 0.0 0
1582045607 4.863568526 0.0 0
1582045920 4.773286315 0.0 0
1582046216 4.440702412 0.0 0
1582120565 4.761196218 0.0 0
1582120791 3.847924724 0.0 0
1582186440 5.100969469 -1 -1
1582189531 3.525141283 0.0 0
1582191003 3.919874571 0.0 0
1582191295 4.022082406 0.0 0
1582191591 4.204144838 0.0 0
1582191886 4.022566302 0.0 0
1582192174 4.107813102 0.0 0
1582192474 4.142054892 0.0 0
1582192763 4.12694421 0.0 0
1582193051 4.303062938 0.0 0
1582193345 4.182756011 0.0 0
1582635113 4.02389416 0.0 0
1582635398 4.135758135 0.0 0
1582635681 4.143992268 0.0 0
1582635966 3.977286149 0.0 0
1582636253 4.262444822 0.0 0
1582636539 4.019665238 0.0 0
1582636832 4.188042883 0.0 0
1582637130 4.507872578 0.0 0
1582637425 4.129047693 0.0 0
1582637720 4.246164553 0.0 0
1582638288 4.263873113 0.0 0
1582638849 4.060073026 0.0 0
1582640516 4.178917545 0.0 0
1582641102 4.162539009 0.0 0
1582641663 4.205450794 0.0 0
1582642236 4.276279972 0.0 0
1582642803 3.761478829 0.0 0
1582643377 4.23596884 0.0 0
1582643973 4.090414811 0.0 0
1582644642 4.304071732 0.0 0
1582886365 4.093621044 0.0 0
1582886658 4.20741102 0.0 0
1582886952 4.132104558 0.0 0
1582887240 3.924556736 0.0 0
1582887820 4.138025768 0.0 0
1582888393 4.071801748 0.0 0
1582888682 4.18891643 0.0 0
1582889040 4.454747705 0.0 0
1582899144 4.143595331 0.0 0
1582899709 4.299674564 0.0 0
1582900273 4.050142663 0.25 1
1582900833 4.226047336 0.0 0
1582902577 4.335640433 0.0 0
1582903154 3.972994103 0.0 0
1582903742 4.113269191 0.0 0
1574711178 4.253819597 0.0 0
1574708969 4.126745874 0.0 0
