1569849914 5.790159782 0.0 0
1569850118 5.67593639 0.0 0
1569849914 5.790159782 0.0 0
1569850118 5.67593639 0.0 0
1569850928 5.731350997 0.0 0
1569851137 5.600452097 0.0 0
1569851472 17.192326877 0.058823529411764705 1
1569851693 5.66873071 0.0 0
1569851923 5.767625721 0.0 0
1569852152 5.926320197 0.0 0
1569852390 5.587855833 0.0 0
1569852607 5.849030286 0.0 0
1569852998 5.750148303 0.0 0
1569853309 5.854381818 0.0 0
1569853548 5.500255916 0.0 0
1569854190 5.971157014 0.0 0
1569855149 5.927802702 0.16666666666666666 1
1569855593 8.239379954 0.0 0
1570446921 5.762153898 0.16666666666666666 1
1570448014 5.741743227 1.0 1
1570448741 5.644219187 0.2 1
1570449210 5.774134487 0.16666666666666666 1
1570543036 5.562285362 0.0 0
1570543395 6.520296181 0.0 0
1570543599 5.715746917 0.0 0
1570544529 5.766159122 0.0 0
1570544728 6.236961532 0.0 0
1570544989 5.767717111 0.0 0
1570545195 5.387303009 0.0 0
1571322908 5.870565565 0.0 0
1571323230 5.573056097 0.0 0
1571323623 5.803135073 0.0 0
1571324025 5.634460532 0.0 0
1571324425 5.808962325 0.0 0
1571325031 5.628038996 0.0 0
1571325227 5.660438905 0.0 0
1571325427 5.700161131 0.0 0
1571325631 5.655040571 0.0 0
1571325830 5.667727387 0.0 0
1571326030 5.396932792 0.0 0
1571326721 5.894807264 0.0 0
1571326933 5.684843393 0.0 0
1571327141 5.772146216 0.0 0
1571327355 5.53699698 0.16666666666666666 1
1571327745 5.685425715 0.0 0
1571328136 5.743948575 0.0 0
1571328527 5.579901399 0.0 0
1571328918 5.672164939 0.0 0
1571329310 5.670476134 0.0 0
1571329903 5.779482603 0.0 0
1571395822 5.833856927 0.0 0
1571396019 5.509023191 0.0 0
1571396216 5.542126325 0.0 0
1571396415 5.641905809 0.2 1
1571396613 5.599898365 0.0 0
1571396812 5.631155126 0.0 0
1571397041 5.778861891 0.0 0
1571397245 5.750383675 0.0 0
1571397443 5.63204002 0.0 0
1571397641 5.611238438 0.0 0
1571397859 5.599689473 0.0 0
1571398252 5.746499061 0.0 0
1571398647 5.795481723 0.0 0
1571399037 5.681179049 0.0 0
1571399429 5.929406177 0.0 0
1571399825 5.724333854 0.0 0
1571400218 5.657485359 0.0 0
1571400640 5.832915264 0.0 0
1571401039 5.780182046 0.0 0
1571401431 5.674788393 0.0 0
1571404888 5.797970721 0.0 0
1571405088 5.583463867 0.0 0
1571405284 5.546528322 0.16666666666666666 1
1571405485 5.871444266 0.0 0
1571405717 5.690294588 0.0 0
1571406812 5.619871504 0.0 0
1571407201 5.930714358 0.0 0
1571407595 5.750231851 0.0 0
1571407983 5.631321085 0.0 0
1571408376 5.684146192 0.0 0
1571408906 5.59222888 0.0 0
1571409137 5.530115902 0.0 0
1571409339 5.8793342 0.0 0
1571409537 5.705795452 0.16666666666666666 1
1571409753 5.68313669 0.0 0
1571664321 5.477806479 0.0 0
1571664864 5.641776423 0.0 0
1571665068 5.730305733 0.0 0
1571665278 5.717173157 0.0 0
1571665473 5.63270885 0.0 0
1571665667 5.70016087 0.16666666666666666 1
1571665868 5.550260714 0.0 0
1571666259 5.732453622 0.0 0
1571666650 5.803501117 0.0 0
1571667043 5.840827977 0.0 0
1571667480 5.596811361 0.2 1
1571668085 5.853473285 0.0 0
1571668285 5.898820668 0.0 0
1571668479 5.724698297 0.0 0
1571668683 5.500440619 0.0 0
1571668879 5.832137282 0.0 0
1571669132 5.6691411 0.0 0
1571669530 7.063973765 0.0 0
1571751956 5.652294825 0.16666666666666666 1
1571752151 5.661507061 0.0 0
1571752350 5.570085954 0.0 0
1571752555 6.032069505 0.0 0
1571752750 5.808577713 0.0 0
1571752946 5.541606207 0.0 0
1571753144 5.736241868 0.0 0
1571753341 5.797484204 0.0 0
1571753538 6.586232334 0.0 0
1571753734 5.674645497 0.0 0
1571754043 5.76457635 0.0 0
1571754440 5.292006429 0.0 0
1571754833 5.736535126 0.0 0
1571755236 5.686975371 0.0 0
1571755800 5.759309828 0.0 0
1571756469 5.594384384 0.0 0
1571756880 5.646342445 0.0 0
1571757329 5.821860492 0.0 0
1571757718 5.845239321 0.0 0
1571758118 5.672059472 0.0 0
1571758508 5.670235148 0.0 0
1571760092 5.680321775 0.0 0
1571760288 5.709094596 0.0 0
1571760490 5.705863738 0.0 0
1571760688 5.553971354 0.0 0
1571760887 5.646084702 0.0 0
1571761099 5.678900895 0.0 0
1571761298 5.701229511 0.0 0
1571761688 5.767863053 0.0 0
1571761888 5.718607559 0.16666666666666666 1
1571762120 7.962822582 0.0 0
1571762512 5.591224742 0.0 0
1571762912 5.756552832 0.0 0
1571763300 5.773207857 0.0 0
1571763691 5.756533416 0.0 0
1571764096 5.807416047 0.0 0
1571764509 5.547111683 0.2 1
1571764901 5.678012994 0.0 0
1571765289 5.804561397 0.16666666666666666 1
1571765681 5.508526043 0.0 0
1571766257 5.630620615 0.0 0
1571767040 5.769242912 0.0 0
1572003199 5.693249895 0.0 0
1572003394 5.707786051 0.0 0
1572003592 5.61002199 0.0 0
1572003790 5.704503987 0.0 0
1572003985 5.656120076 0.0 0
1572004181 5.716684101 0.0 0
1572004376 5.711226033 0.0 0
1572004575 5.425157146 0.0 0
1572004777 5.543926085 0.16666666666666666 1
1572004976 5.595787928 1.0 1
1572006266 5.623993331 0.0 0
1572007004 5.657324522 0.0 0
1572007398 5.648086267 0.0 0
1572007892 5.62576278 0.0 0
1572008302 5.471360913 0.0 0
1572008705 5.687823407 0.0 0
1572009099 5.621283397 0.0 0
1572009488 5.804026085 0.0 0
1572009880 5.559879567 0.0 0
1572010276 5.207911119 0.0 0
1572011177 5.7979817 0.8333333333333334 1
1572011374 5.752062236 0.0 0
1572011568 5.580034363 0.0 0
1572011767 5.749878528 0.0 0
1572011964 5.67345087 0.0 0
1572012161 5.748370175 0.0 0
1572012356 5.796454374 0.0 0
1572012550 5.554380929 0.0 0
1572012744 5.718192848 0.16666666666666666 1
1572012938 5.752266029 0.0 0
1572013227 5.852014436 0.0 0
1572013621 5.60255989 0.0 0
1572014014 5.561306409 0.0 0
1572014404 5.629007117 0.16666666666666666 1
1572014794 5.656231455 0.0 0
1572264997 5.703899026 0.16666666666666666 1
1572265194 5.700009577 0.16666666666666666 1
1572265392 5.858294738 0.0 0
1572265591 5.500182186 1.0 1
1572265788 5.59675273 0.8333333333333334 1
1572265999 5.761319768 1.0 1
1572266192 5.757920844 1.0 1
1572266393 5.419913045 0.0 0
1572266594 7.023596053 0.7142857142857143 1
1572266792 4.201632204 0.0 0
1572268075 5.725228893 1.0 1
1572268845 5.723629791 0.8333333333333334 1
1572269259 5.654901108 0.8333333333333334 1
1572269666 5.597708348 0.0 0
1572270083 5.804894577 1.0 1
1572270479 5.377519187 0.0 0
1572270873 5.532377404 0.2 1
1572272236 4.623390959 0.0 0
1572272567 4.56109702 0.0 0
1572272902 4.512820723 0.0 0
1572273234 4.703553375 0.0 0
1572273581 4.765917767 0.0 0
1572274073 4.610706042 0.25 1
1572274241 4.420587448 0.0 0
1572274417 4.45298465 0.0 0
1572274583 4.651825757 0.0 0
1572274755 4.645723689 0.25 1
1572274925 4.549430217 0.0 0
1572275093 4.39913959 0.0 0
1572275272 4.527974137 0.0 0
1572275441 4.517252278 0.0 0
1572275616 4.676626471 0.0 0
1572276003 4.57160469 0.0 0
1572276338 4.638464029 0.0 0
1572276676 4.54349033 0.0 0
1572277007 4.522308548 0.0 0
1572277337 4.53624936 0.0 0
1572277677 7.980645137 0.0 0
1572278032 4.515791126 0.0 0
1572278365 4.753842563 0.25 1
1572361408 5.688546106 0.0 0
1572361604 5.685160276 0.0 0
1572361799 5.525126081 0.0 0
1572361996 5.763361835 0.0 0
1572362192 5.799278045 0.0 0
1572362388 5.651403905 0.0 0
1572362583 5.551749356 0.0 0
1572362782 5.60715406 0.0 0
1572362978 5.561727226 0.0 0
1572363424 4.644158768 0.0 0
1572363754 4.489333855 0.0 0
1572364083 4.498029596 0.0 0
1572364414 4.320008839 0.0 0
1572364747 4.560634282 0.0 0
1572365088 4.530137814 0.0 0
1572365466 4.55582756 0.0 0
1572365837 5.683828481 0.16666666666666666 1
1572366177 4.665007237 0.0 0
1572366513 4.572718777 0.0 0
1572366864 5.096217336 0.16666666666666666 1
1572367033 4.671453447 0.0 0
1572367202 4.728979126 0.0 0
1572367371 4.538476531 0.0 0
1572367544 11.434775755 0.0 0
1572367724 4.63207958 0.0 0
1572367900 4.739720731 0.0 0
1572368068 4.522563149 0.25 1
1572368234 4.688179303 0.2 1
1572368400 4.67041801 0.0 0
1574710611 4.0302355 0.0 0
