1569853968 6.237739959 0.0 0
1569854995 5.932524625 0.0 0
1569855543 14.064640485 0.0 0
1570448220 6.215800921 -1 -1
1570449176 6.123191648 0.8333333333333334 1
1570449602 6.112288052 1.0 1
1571323588 6.111198041 0.0 0
1571323991 6.207145509 0.0 0
1571324389 6.217260925 0.0 0
1571324781 6.220670969 0.0 0
1571327712 6.182029277 0.0 0
1571328103 5.982885046 0.0 0
1571328493 6.27324952 0.0 0
1571328884 6.110729548 0.0 0
1571329277 6.059171367 0.0 0
1571329665 6.227298399 0.0 0
1571330643 6.334917465 0.0 0
1571398215 6.115446845 0.0 0
1571398612 6.106312635 0.0 0
1571399003 6.076990577 0.0 0
1571399395 6.176654151 0.0 0
1571399787 6.14046064 0.0 0
1571400184 6.396590983 0.0 0
1571400604 6.178644159 0.0 0
1571401005 6.232081929 0.0 0
1571401397 6.151058912 0.0 0
1571401787 6.238091634 0.0 0
1571407167 6.243594127 0.0 0
1571407560 6.094048476 0.0 0
1571407950 6.04253246 0.0 0
1571408341 6.12732355 0.0 0
1571408733 6.281988229 0.0 0
1571666225 6.137444092 0.0 0
1571666617 6.099098343 0.0 0
1571667008 6.17120024 0.0 0
1571667399 6.221505479 0.0 0
1571667845 6.103656989 0.0 0
1571669495 6.200682933 0.0 0
1571669889 6.296816043 0.0 0
1571754406 6.044019904 0.0 0
1571754797 6.203894029 0.0 0
1571755198 7.439998422 0.0 0
1571755599 6.157460229 0.14285714285714285 1
1571756024 18.854287711 0.0 0
1571756829 6.067483643 0.0 0
1571757267 6.221340563 0.16666666666666666 1
1571757684 6.372759544 0.6666666666666666 1
1571758082 6.16781077 0.0 0
1571758473 6.130123535 0.0 0
1571758869 6.223452925 0.0 0
1571762477 6.565194264 0.16666666666666666 1
1571762875 5.927246694 0.0 0
1571763266 6.056693506 0.0 0
1571763656 6.256551895 0.0 0
1571764050 15.895358846 0.0 0
1571764475 6.136876479 0.0 0
1571764867 6.135929603 0.0 0
1571765256 6.177272758 0.0 0
1571765648 5.94683511 0.0 0
1571766036 5.991582494 0.0 0
1571767005 6.145283318 0.0 0
1572006765 6.226901563 0.0 0
1572007364 6.107568527 0.0 0
1572007759 6.379532271 0.0 0
1572008268 6.282959879 0.0 0
1572008670 6.240145304 0.0 0
1572009066 6.277532567 0.0 0
1572009454 6.069006763 0.0 0
1572009845 6.155716443 0.0 0
1572010236 6.246265236 0.0 0
1572010632 6.495688461 0.0 0
1572011022 6.214910548 0.8571428571428571 1
1572013586 6.101143715 0.0 0
1572013979 6.094629017 0.0 0
1572014371 6.071814343 0.0 0
1572014760 6.349635974 0.0 0
1572015149 6.205492984 0.0 0
1572268314 6.345240364 -1 -1
1572269225 6.210094474 1.0 1
1572269632 6.109222422 1.0 1
1572270049 6.225847492 0.8333333333333334 1
1572270446 5.945987615 1.0 1
1572270837 6.252854515 1.0 1
1572271363 6.282574463 0.7142857142857143 1
1572272537 4.918173197 0.0 0
1572272873 4.965085121 0.0 0
1572273206 5.069822576 0.0 0
1572273551 5.084718422 0.0 0
1572273886 4.904351807 0.0 0
1572276307 4.904853576 0.0 0
1572276647 5.027267243 0.0 0
1572276977 5.015245673 0.0 0
1572277308 5.030782028 0.0 0
1572277643 4.974305649 0.0 0
1572278002 4.920103096 0.0 0
1572278334 4.966369094 0.0 0
1572278666 4.958628857 0.0 0
1572363725 3.950843796 0.0 0
1572364054 4.967751707 0.0 0
1572364385 4.924805248 0.0 0
1572364717 4.878899509 0.0 0
1572365059 5.071106902 0.0 0
1572365389 5.219817388 0.0 0
1572365768 4.993412342 0.0 0
1572366148 4.990868206 0.0 0
1572366481 4.953764394 0.0 0
1572366814 4.991146347 0.0 0
1572369843 5.008379157 0.0 0
1572370172 5.040940345 0.0 0
1572370504 4.894033643 0.0 0
1572370835 4.958351864 0.0 0
1572371164 5.276865741 0.0 0
1572371496 4.993117876 0.0 0
1572371827 4.941060467 0.0 0
1572372156 5.003818474 0.0 0
1572372485 4.954109969 0.0 0
1572372818 5.000901745 0.0 0
1572533830 5.025159698 0.0 0
1572534184 4.986495067 0.0 0
1572534531 4.859290003 0.0 0
1572534863 5.130268765 0.0 0
1572535211 4.912654152 0.0 0
1572535542 5.013184452 0.0 0
1572535877 4.749168806 0.0 0
1572536208 4.887343158 0.0 0
1572536571 5.012172639 0.0 0
1572536907 5.006497104 0.0 0
1572537829 4.896600825 0.0 0
1572538482 5.000468178 0.0 0
1572539138 5.0959601 0.0 0
1572539791 4.996271773 0.0 0
1572540446 4.901120818 0.0 0
1572541350 5.00542418 0.0 0
1572541999 4.964085567 0.0 0
1572542647 4.886276917 0.0 0
1572543292 4.948357015 0.0 0
1572543966 5.027702075 0.0 0
1574711186 4.725541689 0.0 0
1574708978 4.509866519 0.0 0
