1569849914 6.057182503 0.0 0
1569850118 6.182291137 0.0 0
1569849914 6.057182503 0.0 0
1569850118 6.182291137 0.0 0
1569850928 5.97711744 0.0 0
1569851137 6.122965581 0.0 0
1569851472 17.192326877 0.058823529411764705 1
1569851693 6.035618854 0.0 0
1569851923 6.278932167 0.0 0
1569852152 6.013734258 0.0 0
1569852390 6.000518506 0.0 0
1569852607 6.160443099 0.0 0
1569852998 5.750148303 0.0 0
1569853309 6.280885057 0.0 0
1569853548 5.885519449 0.0 0
1569854190 6.091764194 0.0 0
1569855149 6.179737343 0.16666666666666666 1
1574710611 4.081104739 0.0 0
1574707032 4.543292804 0.0 0
1574708696 4.472447117 0.0 0
