1569849895 7.132113682 1.75 2
1569850097 9.550467543 1.7 2
1569849895 6.834507114 1.75 2
1569850097 9.550467543 1.7 2
1569850857 60.12397845 0.9333333333333333 4
1569851114 11.093424306 1.6363636363636365 2
1569851327 92.203852308 1.1956521739130435 2
1569851450 10.40131278 1.0 1
1569851667 15.173729885 1.1333333333333333 2
1569851879 27.959877023 2.4285714285714284 4
1569852107 33.228757783 1.1818181818181819 2
1569852336 42.514921493 2.255813953488372 3
1569852570 25.641091513 1.56 2
1569853214 83.990210181 1.5952380952380953 2
1569853507 29.518529996 1.3 2
1569853981 197.326462334 0.17766497461928935 2
1569855125 11.415797437 0.0 0
1569855564 17.505511138 1.6111111111111112 2
1570446900 9.767318056 1.0 1
1570447903 3.991991679 2.0 2
1570447993 8.672681413 0.2222222222222222 1
1570448696 1.755645488 1.0 1
1570448704 25.312386799 0.96 1
1570449188 10.354853424 1.7272727272727273 2
1570449614 10.513251472 1.0909090909090908 2
1570542986 38.415308075 0.7368421052631579 1
1570543220 160.95190602 0.9875776397515528 2
1570543577 9.882769278 1.1 2
1570543793 724.424632157 1.1557632398753894 2
1570544705 10.880226545 1.8181818181818181 3
1570544967 11.615232164 1.5454545454545454 2
1570545166 9.477481591 1.6666666666666667 2
1571322769 1.931783674 0.0 0
1571322888 8.400883052 1.25 2
1571323089 129.648174245 0.9922480620155039 1
1571324004 9.050533178 1.0 2
1571324402 11.428490977 1.6363636363636365 2
1571324794 224.993432265 1.1688888888888889 2
1571325206 10.829883043 0.8181818181818182 2
1571325406 8.612422353 1.8888888888888888 2
1571325608 12.086968735 1.5833333333333333 2
1571325809 8.980031392 1.1111111111111112 2
1571326006 12.122189628 0.25 1
1571326534 175.317509577 0.9830508474576272 2
1571326909 9.902512262 1.7 2
1571327118 11.784717308 1.5454545454545454 2
1571327326 17.545520611 0.9411764705882353 1
1571327725 9.954454865 1.6666666666666667 2
1571328115 10.139160105 1.2727272727272727 2
1571328507 9.127523317 1.7777777777777777 2
1571328897 9.272323507 0.9 2
1571329290 9.400214848 1.5 2
1571329678 213.395964325 1.0046728971962617 2
1571395624 9.252566175 1.2222222222222223 3
1571395700 3.263613378 1.0 1
1571395707 21.701784809 1.0 2
1571395765 11.609497374 0.16666666666666666 1
1571395806 4.918009341 0.6 1
1571395998 9.757727387 1.5555555555555556 2
1571396195 9.121990494 1.0 2
1571396394 9.278046004 1.3333333333333333 2
1571396591 9.768865627 1.0 2
1571396790 9.3639281 1.0 2
1571397020 9.314235673 1.4 2
1571397223 10.923315034 1.3636363636363635 2
1571397422 9.264152231 0.8888888888888888 1
1571397618 11.116635441 1.0909090909090908 2
1571397816 31.462255601 1.84375 2
1571398229 9.830482462 1.1 2
1571398625 10.253332351 1.4 3
1571399016 9.560723788 1.0 2
1571399800 10.631355759 1.1 2
1571400197 10.73465267 1.1 2
1571400617 11.486886758 1.5833333333333333 2
1571401018 9.862468062 1.1 2
1571401410 9.523604988 1.6 2
1571404634 187.043811835 0.005319148936170213 1
1571404867 10.076352245 0.0 0
1571405064 11.770999749 1.0833333333333333 2
1571405264 9.068157929 0.7777777777777778 1
1571405463 9.648052974 1.0 2
1571405694 11.70696819 1.7272727272727273 2
1571405892 806.465766116 1.9244114002478314 2
1571406773 27.927812814 0.0 0
1571407180 9.948202792 1.1 2
1571407573 10.756584902 1.5454545454545454 3
1571407963 9.74882807 1.4 2
1571408354 10.855186525 0.9 1
1571408746 149.449811106 1.9865771812080537 2
1571409114 12.2840364 1.6923076923076923 2
1571409316 11.609452702 1.1666666666666667 2
1571409515 10.975496611 0.9090909090909091 2
1571409731 11.11612067 0.9090909090909091 2
1571664279 1.49664273 0.6666666666666666 1
1571664300 9.525240186 0.8888888888888888 1
1571664537 313.024391229 0.03571428571428571 1
1571665048 8.809721132 1.5 2
1571665258 8.644316186 1.5555555555555556 2
1571665452 8.871546934 1.2222222222222223 2
1571665647 8.923452233 0.8888888888888888 1
1571665842 14.345325705 1.0714285714285714 2
1571666238 10.121794492 1.7 2
1571666629 9.208263127 1.0 2
1571667021 10.804574662 1.8181818181818181 2
1571667412 56.426680494 0.9821428571428571 1
1571667858 217.365266692 1.976958525345622 2
1571668264 8.80361842 1.6666666666666667 2
1571668458 9.652578839 1.3 2
1571668662 9.192581907 1.0 2
1571668857 10.707013894 1.3 2
1571669057 63.699814203 1.015625 2
1571669508 11.29270653 1.9090909090909092 2
1571751942 3.22698159 0.0 0
1571752130 9.104811283 1.1111111111111112 2
1571752328 10.494770965 1.5454545454545454 2
1571752729 9.451185 1.3 2
1571752926 8.727100515 1.1111111111111112 2
1571753517 9.783536624 1.7777777777777777 3
1571753712 10.479917108 1.7272727272727273 2
1571753909 122.579046429 1.0406504065040652 3
1571754419 9.619273684 1.7 2
1571754809 11.951481158 1.1666666666666667 2
1571755213 12.487671636 1.2307692307692308 3
1571755614 12.257243854 0.08333333333333333 1
1571756050 73.518669019 0.04054054054054054 1
1571756135 322.623619586 0.0842911877394636 1
1571756842 27.098270393 0.6296296296296297 2
1571757281 9.521555748 1.8 2
1571757697 10.372531322 1.3 2
1571758095 11.229260922 1.0 2
1571758485 10.974657311 1.7272727272727273 2
1571760070 10.738431775 0.0 0
1571760268 9.463281131 1.5 2
1571760466 12.268295508 1.75 2
1571760666 10.568473594 1.0909090909090908 2
1571760866 9.584237231 1.0 2
1571761065 21.919056771 0.7727272727272727 3
1571761278 8.919402648 1.5555555555555556 2
1571761471 9.539726968 1.7777777777777777 2
1571761666 11.84768113 1.0833333333333333 2
1571761865 11.976911406 0.9166666666666666 1
1571762070 17.760945909 1.0555555555555556 2
1571762100 8.320722896 2.3333333333333335 4
1571762492 8.785780724 0.4 2
1571762888 13.097130898 0.8461538461538461 2
1571763278 9.591627539 0.8 1
1571763669 9.707545264 0.2 1
1571764074 10.273933324 1.7272727272727273 2
1571764488 9.276032015 0.8888888888888888 1
1571764880 11.090869203 1.5454545454545454 2
1571765269 9.359956782 1.1111111111111112 2
1571765660 9.18997411 1.6666666666666667 2
1571766049 196.851198842 0.7614213197969543 2
1571767018 11.269658517 1.0909090909090908 2
1571767909 1.105100353 0.0 0
1571922171 7.519220065 0.875 1
1572003155 33.464093712 0.02857142857142857 1
1572003373 9.775349901 2.0 3
1572003571 9.499725339 1.7 2
1572003768 10.764528153 1.8 2
1572003964 10.494643534 1.0909090909090908 2
1572004159 10.246344648 1.0 2
1572004355 9.124116297 0.8888888888888888 2
1572004552 11.856073241 1.75 2
1572004754 11.364640027 1.6666666666666667 2
1572004953 11.343258435 1.0909090909090908 2
1572005149 1092.246867864 2.2129032258064516 3
1572006243 12.144380041 0.0 0
1572006778 147.499866183 1.0136054421768708 2
1572006959 33.806220151 0.6764705882352942 1
1572007377 9.461510555 1.6666666666666667 2
1572007772 7.798505045 2.0 2
1572007871 8.693551512 0.8888888888888888 2
1572008281 9.310588963 0.7777777777777778 1
1572008683 11.075327421 0.09090909090909091 1
1572009079 9.32873868 0.1111111111111111 1
1572009467 9.759082666 1.5 2
1572009858 11.511934195 0.7272727272727273 1
1572010249 11.928675423 0.9166666666666666 2
1572010645 9.152081245 1.6666666666666667 2
1572011035 130.894304823 1.984732824427481 2
1572011548 8.510749604 1.0 2
1572011747 8.724199165 0.875 1
1572011941 12.223093631 0.9166666666666666 2
1572012138 11.508197691 2.3333333333333335 3
1572012334 10.524353888 2.6363636363636362 3
1572012529 8.965076896 1.5555555555555556 2
1572012917 8.863865728 1.0 2
1572013112 103.919669809 1.0 2
1572013598 10.958188917 1.7272727272727273 2
1572013992 10.757025547 1.8181818181818181 2
1572014773 9.146692101 2.0 3
1572264952 33.695539544 1.1142857142857143 2
1572265172 11.056313772 0.8181818181818182 1
1572265372 9.095095923 1.1111111111111112 2
1572265569 10.655385533 1.7 2
1572265768 9.10787748 1.4444444444444444 2
1572265971 9.170636861 1.2222222222222223 2
1572266172 8.654253796 1.0 1
1572266372 9.278791817 0.7777777777777778 1
1572266570 11.86342016 0.5 2
1572266770 9.044042657 1.6666666666666667 2
1572268057 7.164022592 0.0 0
1572268830 3.945518186 0.0 0
1572269238 9.795757076 1.5 2
1572269645 9.396320848 1.0 2
1572270062 9.711710608 1.7 2
1572270458 8.937631188 1.0 2
1572270850 12.355966516 1.8333333333333333 2
1572272220 7.263366516 2.75 3
1572272547 10.15591871 1.1 2
1572273217 9.110562275 0.1111111111111111 1
1572273562 9.270758274 1.0 2
1572274057 6.779896395 1.375 2
1572274223 8.535493354 1.125 2
1572274398 8.889506813 1.6666666666666667 2
1572274564 9.180026307 2.4444444444444446 3
1572274736 8.571744639 1.0 2
1572274906 9.850141336 0.8 1
1572275075 8.537131497 1.7777777777777777 3
1572275251 8.93496306 1.2222222222222223 2
1572275422 8.989385358 1.1 2
1572275597 9.282177903 0.4444444444444444 1
1572275987 6.795266346 0.875 1
1572276318 11.109962886 1.0909090909090908 2
1572276658 8.944853249 1.6666666666666667 2
1572276988 9.970961482 1.1 2
1572277319 9.523149189 1.6 2
1572278013 9.375059243 1.6666666666666667 2
1572278345 10.782274331 1.0 2
1572361118 80.329180241 1.853658536585366 3
1572361387 10.269395112 1.1 2
1572361583 9.535372139 1.7777777777777777 3
1572361779 8.905967498 1.3333333333333333 2
1572361975 9.510498284 1.5 2
1572362171 9.508697807 1.1111111111111112 2
1572362366 9.111564919 1.0 2
1572362562 9.788520154 0.8 1
1572362762 8.375454278 1.125 2
1572363155 260.362201967 1.8290155440414508 4
1572363735 9.682735249 1.5 2
1572364064 10.309623879 0.45454545454545453 1
1572364396 9.476696592 1.0 1
1572364728 9.543250753 1.7 3
1572365070 9.074711947 0.8888888888888888 2
1572365400 57.051537213 0.543859649122807 3
1572365780 39.530959367 0.9230769230769231 3
1572366159 9.823304819 1.8 2
1572366492 11.50983971 0.25 2
1572367015 8.416754665 0.25 1
1572367183 9.014651857 0.3333333333333333 2
1572367352 8.924828839 0.2222222222222222 1
1572367705 9.417895443 0.8 1
1572367882 9.348374418 0.7 1
1572368049 8.776937822 0.1111111111111111 1
1572368219 3.711313716 2.5 3
1572368382 8.873186363 1.7777777777777777 3
1572369532 1.658931708 0.3333333333333333 1
1572369854 10.294483052 1.0909090909090908 2
1572370515 11.853795022 0.0 0
1572370846 9.930782479 0.7 1
1572371175 9.345675972 0.1 1
1572371506 11.127446931 0.75 1
1572371838 9.206536612 0.1111111111111111 1
1572372167 9.075064917 1.5555555555555556 2
1572372496 9.2026335 1.0 2
1572532103 1.755594798 1.3333333333333333 2
1572532107 3.244448857 0.0 0
1572532115 6.830609929 0.14285714285714285 1
1572532133 6.076038484 0.0 0
1572532142 4.55937397 0.0 0
1572532150 5.892825982 0.0 0
1572532165 8.004947494 0.0 0
1572532176 141.025446611 0.0 0
1572532507 11.039925949 1.1818181818181819 3
1572532714 9.854650025 1.4 2
1572532985 527.007742741 1.5454545454545454 2
1572533840 9.675380484 1.7 2
1572534195 9.237514285 0.1111111111111111 1
1572534542 9.502927234 0.6666666666666666 1
1572535222 9.374356627 1.6666666666666667 2
1572535553 9.248514568 0.8888888888888888 1
1572535887 10.826014304 1.6363636363636365 2
1572536218 9.836697407 1.0 2
1572536581 10.810908232 1.7272727272727273 2
1572536918 276.761765186 1.0036101083032491 2
1572537840 10.04611965 1.0 1
1572538493 9.032551496 0.7777777777777778 1
1572539149 9.539222265 1.1 2
1572539802 9.348070126 0.0 0
1572540457 260.328083181 1.371647509578544 3
1572541360 10.56608663 1.0909090909090908 2
1572542010 10.66068558 1.1 2
1572542658 8.700553976 0.8888888888888888 1
1572543303 9.343420834 1.1 2
1572543976 467.335107587 1.113490364025696 2
1572544602 8.533395767 0.875 1
1572544770 10.537126004 1.3636363636363635 2
1572544944 11.177722572 1.7272727272727273 2
1572545120 9.675069582 1.5555555555555556 2
1574710596 7.067099906 0.0 0
1574707016 8.479366049 0.0 0
