1569849907 6.528251343 1.0 2
1569850112 5.972208322 1.1666666666666667 2
1569849907 6.528251343 1.0 2
1569850112 5.972208322 1.1666666666666667 2
1569850922 6.339988747 1.0 2
1569851131 6.010867865 1.0 2
1569851465 6.222561077 1.0 2
1569851687 6.184120045 1.0 2
1569851916 6.442845945 0.8571428571428571 2
1569852146 6.293223221 0.8571428571428571 2
1569852384 6.013125927 1.1666666666666667 2
1569852601 6.099741126 0.8333333333333334 2
1569852991 6.783678648 0.8571428571428571 2
1569853303 6.107583137 1.0 2
1569853541 6.616645252 0.8571428571428571 2
1569854184 6.330793993 0.6666666666666666 2
1569855142 6.416188491 0.0 0
1569855586 7.88874913 0.0 0
1574710606 4.699557502 0.0 0
1574707028 4.545168059 0.0 0
1574708691 4.36646732 0.0 0
