1569850014 6.88498269 0.0 0
1569850218 6.719669701 0.0 0
1569850014 6.88498269 0.0 0
1569850218 6.719669701 0.0 0
1569850749 6.619108905 0.0 0
1569851032 6.48490991 0.0 0
1569851238 6.376279139 0.0 0
1569851587 6.672010663 0.0 0
1569851800 6.658709456 0.0 0
1569852024 11.157011985 0.0 0
1569852253 6.456775499 0.0 0
1569852491 6.353030207 0.0 0
1569853100 6.429470271 0.0 0
1569853414 8.307599036 0.0 0
1570543139 6.286773192 0.0 0
1570543501 5.695344031 0.0 0
1570543711 6.016528026 0.0 0
1570544628 5.960979887 0.0 0
1570544886 6.11037448 0.0 0
1570545088 6.097102749 0.0 0
1570545305 5.939327889 0.0 0
1571323011 6.228436151 0.0 0
1571325129 6.058527172 0.0 0
1571325326 6.002739303 0.0 0
1571325530 7.133363754 0.0 0
1571325732 5.847894552 0.0 0
1571325928 6.087986588 0.0 0
1571326131 10.192510249 0.0 0
1571326820 6.15755695 0.0 0
1571327035 6.409128007 0.0 0
1571327246 4.942924223 0.0 0
1571395921 6.106251122 0.0 0
1571396118 6.285887462 0.0 0
1571396314 6.18944181 0.0 0
1571396514 5.949796357 0.0 0
1571396713 6.090801884 0.0 0
1571396939 6.239427521 0.0 0
1571397144 6.233273715 0.0 0
1571397345 6.093137818 0.0 0
1571397542 6.008779803 0.0 0
1571397739 6.134947118 0.0 0
1571404988 6.16764316 0.0 0
1571405186 6.272353633 0.0 0
1571405383 6.227885947 0.0 0
1571405612 6.333372898 0.0 0
1571405815 6.330353305 0.0 0
1571409034 6.159711941 0.0 0
1571409236 6.164936651 0.0 0
1571409437 6.206596914 0.0 0
1571409654 6.20775825 0.0 0
1571409852 6.187877997 0.0 0
1571664420 5.910307227 0.0 0
1571664967 6.353578268 0.0 0
1571665164 6.184358035 0.0 0
1571665376 6.175534563 0.0 0
1571665569 6.280904193 0.14285714285714285 1
1571665765 6.35805849 0.0 0
1571668182 5.963185852 0.0 0
1571668381 6.201354765 0.0 0
1571668585 5.785094148 0.0 0
1571668779 6.398195948 0.0 0
1571668980 6.298589169 0.0 0
1571752053 6.066672859 0.0 0
1571752248 6.519317819 0.0 0
1571752448 6.319770429 0.0 0
1571752653 6.336297516 0.0 0
1571752848 6.041136593 0.0 0
1571753043 6.256037927 0.0 0
1571753241 6.105915157 0.0 0
1571753438 6.172778871 0.0 0
1571753635 6.340307818 0.0 0
1571753833 6.210192022 0.0 0
1571760190 6.416619615 0.0 0
1571760385 9.240357756 0.0 0
1571760590 6.201546709 0.0 0
1571760786 6.323543437 0.0 0
1571760988 6.037447668 0.0 0
1571761196 6.224838447 0.0 0
1571761395 6.277050888 0.0 0
1571761590 6.108557517 0.0 0
1571761786 6.114066149 0.0 0
1571761993 6.174152167 0.0 0
1572003296 6.295171605 0.0 0
1572003493 6.215601281 0.0 0
1572003688 6.211163286 0.0 0
1572003886 6.319065412 0.0 0
1572004082 6.367298208 0.0 0
1572004278 6.211408646 0.0 0
1572004472 6.156099778 0.0 0
1572004672 6.01385767 0.0 0
1572004874 6.019822751 0.0 0
1572005072 6.218681255 0.0 0
1572011274 6.273736875 0.0 0
1572011470 6.231337532 0.0 0
1572011666 6.126153756 0.0 0
1572011864 6.255470745 0.0 0
1572012060 6.302662072 0.0 0
1572012258 6.11066846 0.0 0
1572012452 6.061949549 0.0 0
1572012646 6.368036665 0.0 0
1572012841 6.308601006 0.0 0
1572013035 6.197723284 0.0 0
1572265095 6.175896511 0.0 0
1572265292 6.047740184 0.0 0
1572265490 6.256215291 0.14285714285714285 1
1572265688 6.170162202 0.0 0
1572265894 5.94256291 0.0 0
1572266096 5.991176699 0.0 0
1572266293 6.098616105 0.0 0
1572266493 6.382377233 0.0 0
1572266692 6.087739065 0.0 0
1572266895 6.046893077 0.0 0
1572274155 4.785191429 0.0 0
1572274329 4.780859852 0.0 0
1572274497 5.010052274 0.0 0
1572274670 4.937537401 0.0 0
1572274837 5.100704457 0.0 0
1572275007 5.003185054 0.0 0
1572275179 4.873850667 0.0 0
1572275355 4.869724432 0.0 0
1572275524 4.810866452 0.0 0
1572275698 4.976777967 0.0 0
1572361308 6.469705868 0.0 0
1572361506 6.101127833 0.0 0
1572361700 6.322101426 0.0 0
1572361895 6.197634332 0.0 0
1572362094 6.367986488 0.0 0
1572362288 6.140005809 0.0 0
1572362484 6.269336833 0.0 0
1572362684 6.233662587 0.0 0
1572362878 6.556354257 0.0 0
1572363075 6.272380163 0.0 0
1572366947 4.970939693 0.0 0
1572367115 5.127138089 0.0 0
1572367287 5.075840237 0.0 0
1572367453 5.105880604 0.0 0
1572367635 5.260975519 0.0 0
1572367813 5.009719802 0.0 0
1572367982 5.035027726 0.0 0
1572368150 5.190506272 0.0 0
1572368317 4.98702852 0.0 0
1572368482 5.154908772 0.0 0
1574707109 4.770321737 0.0 0
