1569850009 5.588590682 0.2 1
1569850212 6.219770365 0.3333333333333333 1
1569850009 5.588590682 0.2 1
1569850212 6.219770365 0.3333333333333333 1
1569850744 5.048395429 0.0 0
1569851026 6.188228104 0.3333333333333333 1
1569851232 6.205051945 0.16666666666666666 1
1569851581 6.282073794 1.0 2
1569851793 6.501399286 0.14285714285714285 1
1569852019 4.303203239 0.0 0
1569852247 6.415441161 0.5714285714285714 2
1569852485 5.858444836 0.16666666666666666 1
1569853094 6.555669996 0.3333333333333333 2
1569853407 7.32093875 0.14285714285714285 1
1570543133 5.839807177 0.8 2
1570543495 5.887712616 0.5 2
1570543705 5.791165777 1.1666666666666667 3
1570544621 6.156358675 0.5 1
1570544880 5.984459028 0.3333333333333333 1
1570545081 5.879397745 0.8333333333333334 2
1570545298 5.798873707 1.1666666666666667 3
1571323005 5.928849104 1.0 2
1571325123 5.868961771 0.0 0
1571325319 5.684502258 0.16666666666666666 1
1571325524 6.764621883 0.0 0
1571325725 5.841677571 0.0 0
1571325921 5.795826678 0.3333333333333333 1
1571326123 6.025799197 0.0 0
1571326813 5.998684626 0.3333333333333333 1
1571327029 5.85053613 0.5 2
1571327238 5.748139508 0.0 0
1571395915 6.015757487 0.6666666666666666 2
1571396112 5.81623452 0.8333333333333334 2
1571396308 6.078535396 0.8333333333333334 2
1571396507 5.944133719 0.16666666666666666 1
1571396706 6.191642371 0.0 0
1571396933 6.102771613 0.6666666666666666 2
1571397138 5.986875541 0.6666666666666666 2
1571397339 6.336536027 0.3333333333333333 1
1571397536 6.001363835 0.0 0
1571397732 6.20551805 0.2857142857142857 1
1571404982 5.979285049 0.16666666666666666 1
1571405180 6.061641215 0.16666666666666666 1
1571405377 6.055525177 0.0 0
1571405606 6.048152007 0.0 0
1571405809 5.943637095 0.16666666666666666 1
1571409028 6.016542113 0.2857142857142857 1
1571409230 6.144584226 0.0 0
1571409431 5.758073939 0.0 0
1571409648 5.889201273 0.0 0
1571409846 6.216186396 0.0 0
1571664413 6.034499816 0.0 0
1571664955 11.201360409 0.2727272727272727 1
1571665160 4.062863413 0.2 1
1571665369 5.737576239 0.3333333333333333 1
1571665563 6.115499517 0.3333333333333333 1
1571665759 6.174749811 0.0 0
1571668176 5.980425693 0.0 0
1571668375 6.057331336 0.0 0
1571668579 6.297915775 0.0 0
1571668773 5.971472076 0.0 0
1571668974 6.187292063 0.0 0
1571752047 5.987392255 0.3333333333333333 1
1571752242 6.105651421 0.5 2
1571752442 5.934224103 0.16666666666666666 1
1571752647 6.143750236 0.3333333333333333 2
1571752841 6.458178527 0.2857142857142857 1
1571753037 5.844677122 0.3333333333333333 2
1571753237 3.787169633 0.0 0
1571753431 6.262204743 0.42857142857142855 1
1571753629 5.954600093 0.3333333333333333 1
1571753826 6.312279659 0.3333333333333333 1
1571760185 5.795250795 0.16666666666666666 1
1571760379 6.285834763 0.8333333333333334 2
1571760584 5.797223679 0.16666666666666666 1
1571760781 4.346010823 0.16666666666666666 1
1571760981 6.057390747 0.0 0
1571761190 6.03606642 0.3333333333333333 1
1571761389 5.974525245 0.16666666666666666 1
1571761584 6.02534232 0.5 2
1571761780 6.172291398 0.14285714285714285 1
1571761987 5.944720311 1.3333333333333333 2
1572003290 6.059566205 0.14285714285714285 1
1572003486 6.217435697 0.3333333333333333 1
1572003682 5.998595599 0.16666666666666666 1
1572003880 6.193536257 0.8333333333333334 2
1572004076 5.869217355 0.3333333333333333 2
1572004272 6.20757331 0.0 0
1572004466 6.138816938 0.3333333333333333 1
1572004665 5.983487313 0.6666666666666666 2
1572004867 6.19303418 0.8571428571428571 2
1572005066 5.9804287 0.8333333333333334 2
1572011268 5.731379402 0.8333333333333334 2
1572011464 6.051257109 0.3333333333333333 1
1572011660 6.061198621 1.3333333333333333 4
1572011858 5.945517545 0.6666666666666666 2
1572012053 6.08879597 0.3333333333333333 1
1572012251 6.017946973 0.3333333333333333 1
1572012446 5.871109752 1.1666666666666667 3
1572012640 6.0472872 0.16666666666666666 1
1572012835 5.928007433 0.5 2
1572013029 5.867604547 0.3333333333333333 1
1572265089 6.230621943 0.16666666666666666 1
1572265286 6.069440604 0.5714285714285714 2
1572265484 6.428918316 0.0 0
1572265682 6.230212488 0.16666666666666666 1
1572265888 6.045368497 0.16666666666666666 1
1572266089 6.194385041 0.3333333333333333 1
1572266288 4.484809579 0.0 0
1572266486 6.149397252 0.0 0
1572266686 5.771801135 0.0 0
1572266889 5.837721186 0.2 1
1572274150 4.999560607 0.0 0
1572274323 5.264197823 0.0 0
1572274492 5.212646164 0.0 0
1572274664 5.062560638 0.16666666666666666 1
1572274832 4.864995031 0.0 0
1572275002 4.957889872 0.0 0
1572275174 5.111875897 0.0 0
1572275350 5.015918044 0.0 0
1572275519 4.981706273 0.0 0
1572275693 4.995715028 0.0 0
1572361302 6.157191404 0.6666666666666666 2
1572361499 6.007969093 0.6666666666666666 1
1572361694 6.201287899 1.0 3
1572361889 5.989348585 0.8333333333333334 2
1572362088 6.074948003 1.3333333333333333 3
1572362282 6.05599113 0.16666666666666666 1
1572362478 6.041865244 1.0 3
1572362678 6.057466349 0.0 0
1572362872 5.980172787 0.0 0
1572363068 6.144764049 1.0 3
1572366942 4.980032767 0.8 2
1572367110 4.897350078 0.2 1
1572367282 4.563627346 0.6 2
1572367448 5.081282745 0.2 1
1572367631 4.756776001 0.0 0
1572367808 4.995364357 0.6 2
1572367977 4.863740514 0.25 1
1572368145 4.973157098 0.6 2
1572368312 4.813723057 0.0 0
1572368477 5.103240678 0.4 2
1574707105 4.750624836 0.0 0
