1569850021 7.203115009 0.0 0
1569850225 7.267509903 0.0 0
1569850021 7.203115009 0.0 0
1569850225 7.267509903 0.0 0
1569850756 7.315305237 0.0 0
1569851038 7.390764045 0.0 0
1569851244 7.422463806 0.0 0
1569851594 7.170717419 0.0 0
1569851806 7.197177485 0.0 0
1569852035 7.804961678 0.0 0
1569852260 7.167994402 0.0 0
1569852497 7.293201045 0.0 0
1569853107 7.266111684 0.0 0
1569853423 7.786729852 0.0 0
1570543145 7.091235267 0.0 0
1570543507 7.167108456 0.0 0
1570543717 7.072871533 0.0 0
1570544634 7.34633438 0.0 0
1570544893 7.766565317 0.0 0
1570545094 6.998974517 0.0 0
1570545311 7.214860992 0.0 0
1571323017 7.25908913 0.0 0
1571325135 7.359358436 0.0 0
1571325332 7.331551476 0.0 0
1571325538 7.13474131 0.0 0
1571325737 7.240553629 0.0 0
1571325934 7.158673111 0.0 0
1571326142 6.574647465 0.0 0
1571326826 6.771947094 0.0 0
1571327042 7.165912109 0.0 0
1571327251 7.217805414 0.0 0
1571395927 7.301671935 0.0 0
1571396124 7.299084574 0.0 0
1571396320 7.335944019 0.0 0
1571396520 7.656456204 0.0 0
1571396719 7.452125525 0.14285714285714285 1
1571396945 7.143320704 0.0 0
1571397150 7.285366318 0.0 0
1571397351 7.03521562 0.0 0
1571397548 7.215223987 0.0 0
1571397745 7.338323116 0.0 0
1571404994 7.252131048 0.0 0
1571405192 7.158335384 0.0 0
1571405389 7.251728652 0.0 0
1571405618 7.155849881 0.0 0
1571405822 7.290615349 0.0 0
1571409040 7.304958049 0.0 0
1571409242 7.215438705 0.0 0
1571409443 7.441110956 0.0 0
1571409660 7.391802506 0.0 0
1571409858 7.450323874 0.0 0
1571664426 7.32233045 0.0 0
1571664973 6.884268464 0.0 0
1571665170 7.155113719 0.0 0
1571665382 7.111289895 0.0 0
1571665576 7.255201953 0.0 0
1571665771 7.196190891 0.0 0
1571668188 7.296916037 0.0 0
1571668387 7.143787625 0.0 0
1571668591 7.63740441 0.0 0
1571668786 7.290389188 0.0 0
1571668987 7.011109243 0.0 0
1571752059 7.225397556 0.0 0
1571752255 7.059115288 0.0 0
1571752454 7.14457256 0.0 0
1571752659 7.185104122 0.0 0
1571752854 7.561668932 0.0 0
1571753049 7.040428325 0.0 0
1571753247 7.292507755 0.0 0
1571753444 7.236110544 0.0 0
1571753642 7.095547912 0.0 0
1571753839 7.251587836 0.0 0
1571760197 7.078612887 0.0 0
1571760394 7.235173482 0.0 0
1571760596 7.201775451 0.0 0
1571760792 7.179850553 0.0 0
1571760994 7.375417534 0.0 0
1571761202 7.246270514 0.0 0
1571761401 7.255362225 0.0 0
1571761596 7.119673981 0.0 0
1571761792 7.486945255 0.0 0
1571762000 7.310898871 0.0 0
1572003302 7.028910259 0.0 0
1572003499 7.214025182 0.0 0
1572003694 7.245447164 0.0 0
1572003892 7.141168752 0.0 0
1572004089 7.228800372 0.0 0
1572004285 7.108058037 0.0 0
1572004479 7.194255703 0.0 0
1572004678 7.13612693 0.0 0
1572004880 7.167854668 0.0 0
1572005078 7.179039089 0.0 0
1572011280 7.178758588 0.0 0
1572011477 7.128263911 0.0 0
1572011672 7.240799753 0.0 0
1572011870 7.190596729 0.0 0
1572012066 7.713348907 0.0 0
1572012264 7.197394044 0.0 0
1572012458 7.384068877 0.0 0
1572012652 7.140003575 0.0 0
1572012847 6.991656323 0.0 0
1572013042 7.398649422 0.0 0
1572265101 7.164670558 0.0 0
1572265298 7.094822039 0.0 0
1572265497 7.388929362 0.0 0
1572265695 7.189480906 0.0 0
1572265900 7.121911793 0.0 0
1572266102 7.281139786 0.0 0
1572266299 7.261244498 0.0 0
1572266499 7.806735498 0.125 1
1572266698 7.271534474 0.0 0
1572266901 7.25277279 0.0 0
1572274160 5.867552765 0.0 0
1572274334 5.833889908 0.0 0
1572274502 5.796976553 0.0 0
1572274675 5.773375603 0.0 0
1572274842 5.717402655 0.0 0
1572275012 5.851189265 0.0 0
1572275184 5.685796599 0.0 0
1572275360 5.863216929 0.0 0
1572275529 5.769577454 0.0 0
1572275703 5.775140705 0.0 0
1572361314 7.059804713 0.0 0
1572361512 7.479805896 0.0 0
1572361706 7.058474688 0.0 0
1572361901 7.250724284 0.0 0
1572362101 6.951955937 0.0 0
1572362294 7.345521112 0.0 0
1572362491 7.188440754 0.0 0
1572362690 7.200131317 0.0 0
1572362885 7.062876059 0.0 0
1572363081 7.284819257 0.0 0
1572366952 5.675632812 0.0 0
1572367120 5.719845545 0.0 0
1572367292 5.775660239 0.0 0
1572367458 5.756557433 0.0 0
1572367641 5.754077208 0.0 0
1572367818 5.755553216 0.0 0
1572367987 5.705747774 0.0 0
1572368156 5.678658738 0.0 0
1572368322 5.757396932 0.0 0
1572368487 5.809776383 0.0 0
1572532432 7.228442428 0.0 0
1572532633 7.235592676 0.0 0
1572532838 7.096018879 0.0 0
1572544539 5.740436858 0.0 0
1572544708 5.755702674 0.0 0
1572544879 5.847997399 0.0 0
1572545051 5.929807178 0.0 0
1572545225 5.626873166 0.0 0
1574707114 5.236715606 0.0 0
