1569850014 6.752750127 0.0 0
1569850218 6.599591966 0.0 0
1569850014 6.752750127 0.0 0
1569850218 6.599591966 0.0 0
1569850749 6.616406135 0.0 0
1569851032 6.570722688 0.0 0
1569851238 6.376279139 0.0 0
1569851587 6.375534297 0.0 0
1569851800 6.405340396 0.0 0
1569852024 11.279645928 0.0 0
1569852254 6.183131019 0.0 0
1569852491 6.280635614 0.0 0
1569853100 6.363225329 0.0 0
1569853414 8.601341448 0.0 0
1570543138 6.387595934 0.0 0
1570543501 5.608662037 0.0 0
1570543711 6.028840854 0.0 0
1570544628 5.848101671 0.0 0
1570544886 6.021858362 0.0 0
1570545087 6.180819758 0.0 0
1570545304 6.435070691 0.0 0
1571323011 6.186222939 0.0 0
1571325129 5.900272229 0.0 0
1571325325 6.303827313 0.0 0
1571325531 6.264570407 0.0 0
1571325733 4.484643989 0.0 0
1571325927 6.303040883 0.0 0
1571326129 11.994808321 0.0 0
1571326820 6.027270125 0.0 0
1571327035 6.394766899 0.0 0
1571327246 4.868950191 0.0 0
1571395921 6.116589208 0.0 0
1571396118 6.315280817 0.0 0
1571396314 6.085986876 0.0 0
1571396513 6.052984926 0.0 0
1571396712 6.432816157 0.0 0
1571396939 6.14710551 0.0 0
1571397144 6.14962047 0.0 0
1571397345 5.997610071 0.0 0
1571397542 6.1621606 0.0 0
1571397739 6.206407677 0.0 0
1571404988 6.050001086 0.0 0
1571405186 6.076838892 0.0 0
1571405383 6.112063089 0.0 0
1571405612 6.184813056 0.0 0
1571405815 6.175785406 0.0 0
1571409034 6.159711941 0.0 0
1571409236 6.116010708 0.0 0
1571409436 6.384878557 0.0 0
1571409653 6.262952531 0.0 0
1571409852 6.055416032 0.0 0
1571664420 5.689494867 0.0 0
1571664966 6.132651556 0.0 0
1571665164 5.685700127 0.0 0
1571665376 5.973052 0.0 0
1571665569 6.280904193 0.14285714285714285 1
1571665765 6.100685268 0.0 0
1571668182 6.145489915 0.0 0
1571668381 6.106752147 0.0 0
1571668585 5.874339909 0.0 0
1571668779 6.232268919 0.0 0
1571668980 6.291869004 0.0 0
1571752053 6.232819201 0.0 0
1571752248 6.089832039 0.0 0
1571752448 6.21061648 0.0 0
1571752653 6.163929802 0.0 0
1571752848 6.257722999 0.0 0
1571753043 6.299662444 0.0 0
1571753240 6.285105597 0.0 0
1571753438 6.036076422 0.0 0
1571753635 6.078855027 0.0 0
1571753832 6.408210134 0.0 0
1571760190 6.214689593 0.0 0
1571760385 9.240357756 0.0 0
1571760590 6.124393102 0.0 0
1571760786 6.148812522 0.0 0
1571760987 6.119242579 0.0 0
1571761196 6.157242783 0.0 0
1571761395 6.189211577 0.0 0
1571761590 6.275012372 0.0 0
1571761786 6.069277649 0.0 0
1571761993 6.347116046 0.0 0
1572003296 6.089177638 0.0 0
1572003492 6.172336164 0.0 0
1572003688 6.211163286 0.0 0
1572003886 6.282495353 0.0 0
1572004082 6.243718508 0.0 0
1572004278 6.035449448 0.0 0
1572004472 6.225473861 0.0 0
1572004671 6.139094689 0.0 0
1572004874 6.106397044 0.0 0
1572005072 6.227399884 0.0 0
1572011274 6.2277126 0.0 0
1572011470 6.148942557 0.0 0
1572011666 6.1841432 0.0 0
1572011864 6.211011646 0.0 0
1572012059 6.203480189 0.0 0
1572012257 6.23866666 0.0 0
1572012452 6.151631199 0.0 0
1572012646 6.029170912 0.0 0
1572012841 6.148778024 0.0 0
1572013035 6.382826295 0.0 0
1572265095 6.175896511 0.0 0
1572265292 6.178344331 0.0 0
1572265490 6.21215908 0.16666666666666666 1
1572265688 6.200219143 0.0 0
1572265894 5.94256291 0.0 0
1572266095 5.993064044 0.0 0
1572266293 6.032173408 0.0 0
1572266493 5.862507051 0.0 0
1572266692 6.22022082 0.0 0
1572266894 6.584398983 0.0 0
1572274155 4.886327437 0.0 0
1572274329 5.042018819 0.0 0
1572274497 4.846012845 0.0 0
1572274670 4.927848731 0.0 0
1572274837 4.880121203 0.0 0
1572275007 4.903494084 0.0 0
1572275179 5.03432301 0.0 0
1572275355 4.832818232 0.0 0
1572275524 4.911704515 0.0 0
1572275698 5.059030185 0.0 0
1572361308 6.265656739 0.0 0
1572361505 6.233998752 0.0 0
1572361700 6.27157965 0.0 0
1572361895 5.986818311 0.0 0
1572362094 6.068222124 0.0 0
1572362288 6.140005809 0.0 0
1572362484 6.18042009 0.0 0
1572362684 6.266418276 0.0 0
1572362878 6.111550184 0.0 0
1572363074 6.263615427 0.0 0
1572366947 4.978192821 0.0 0
1572367115 4.953818903 0.0 0
1572367287 4.688305792 0.0 0
1572367453 4.97102026 0.0 0
1572367635 4.967081131 0.0 0
1572367813 5.009719802 0.0 0
1572367982 5.035027726 0.0 0
1572368150 5.061700061 0.0 0
1572368317 4.781386065 0.0 0
1572368482 5.038059661 0.0 0
1572532425 6.26856171 0.0 0
1572532626 5.922326274 0.0 0
1572532831 6.107769846 0.0 0
1572544534 5.023868903 0.0 0
1572544703 5.042806727 0.0 0
1572544874 4.902954863 0.0 0
1572545046 5.054116431 0.2 1
1572545220 5.002860093 0.0 0
1572870048 5.008691516 0.0 0
1572870266 4.907903234 0.0 0
1572870448 4.983101903 0.0 0
1572870669 4.883389409 0.0 0
1572870838 4.947373772 0.0 0
1572965428 5.023082434 0.0 0
1572965595 4.986787224 0.0 0
1572965763 4.73126723 0.0 0
1572965932 4.952091016 0.0 0
1572966103 5.074865154 0.0 0
1572966270 5.06316076 0.0 0
1572966441 4.907495881 0.0 0
1572966625 4.978926271 0.0 0
1572966804 4.818170008 0.0 0
1572966968 4.900002213 0.0 0
1573207076 4.928157642 0.0 0
1573207244 4.900271899 0.0 0
1573207413 4.87205214 0.0 0
1573207578 4.912005213 0.0 0
1573207748 4.952212298 0.0 0
1573207916 4.860315474 0.0 0
1573208083 4.756100852 0.0 0
1573208247 4.929001771 0.0 0
1573208416 4.812087789 0.0 0
1573208581 4.827504664 0.0 0
1573220316 5.054119661 0.0 0
1573220484 4.920246327 0.0 0
1573220652 4.924158312 0.0 0
1573220821 5.031325039 0.0 0
1573220989 4.987357956 0.0 0
1573221155 4.986240136 0.0 0
1573221320 4.959601441 0.0 0
1573221490 4.860376834 0.0 0
1573221656 5.019386018 0.0 0
1573221825 4.947487971 0.0 0
1573222014 5.172794412 0.0 0
1573222185 5.07921121 0.0 0
1573222352 5.069006474 0.0 0
1573222517 4.927838553 0.0 0
1573222687 4.938600018 0.0 0
1573301166 4.82393464 0.0 0
1573301334 5.079446949 0.0 0
1573301516 4.924375799 0.0 0
1573301684 4.753399869 0.0 0
1573301870 4.929692747 0.0 0
1573302050 5.005974768 0.0 0
1573302217 4.735112987 0.0 0
1573302392 4.910703912 0.0 0
1573302561 4.952518219 0.0 0
1573302743 5.029504294 0.0 0
1573303879 4.531791902 0.0 0
1573304043 4.808275888 0.0 0
1573304204 4.800595397 0.0 0
1573304370 4.920634454 0.0 0
1573304529 4.665117205 0.0 0
1573304696 4.366118554 0.0 0
1573304854 4.664715432 0.0 0
1573305015 4.774889308 0.0 0
1573305177 4.569845422 0.0 0
1573305336 4.511248584 0.0 0
1573752508 4.516112024 0.0 0
1573752767 4.583798215 0.0 0
1573752926 4.354610449 0.0 0
1573753084 4.544027232 0.0 0
1573753242 4.441958249 0.0 0
1573753397 4.224773576 0.0 0
1573753555 4.500074841 0.0 0
1573753708 4.799764703 0.0 0
1573753870 4.536290136 0.0 0
1573754690 4.635054361 0.0 0
1573754850 4.463131608 0.0 0
1573755011 4.553053836 0.0 0
1573755178 4.586687201 0.0 0
1573755341 4.526663869 0.0 0
1573755498 4.51017826 0.0 0
1573755653 4.440136614 0.0 0
1573755811 4.398274438 0.0 0
1573755969 4.42936952 0.0 0
1573756127 4.768915455 0.0 0
1573831434 4.483059363 0.0 0
1573831592 4.611952772 0.0 0
1573831750 4.4439425 0.0 0
1573831922 4.436537469 0.0 0
1573832075 4.557496422 0.0 0
1573832236 4.639337572 0.0 0
1573832393 4.960211884 0.0 0
1573832557 4.452894081 0.0 0
1573832712 5.103793219 0.0 0
1573832868 4.70362796 0.0 0
1573833064 4.493925496 0.0 0
1573833220 4.437201223 0.0 0
1573833384 4.53306977 0.0 0
1573833541 4.66520579 0.0 0
1573833699 4.51814985 0.0 0
1573901072 4.705668339 0.0 0
1573901230 4.48455458 0.0 0
1573901386 4.60610861 0.0 0
1573901542 4.618793589 0.0 0
1573901703 4.725916331 0.0 0
1573901857 4.654570729 0.0 0
1573902012 4.73340864 0.0 0
1573902170 4.476763479 0.0 0
1573902328 4.603895905 0.0 0
1573902484 4.747274786 0.0 0
1574685802 4.772446863 0.0 0
1574685995 4.490866396 0.0 0
1574686163 4.647935949 0.0 0
1574686325 4.61375201 0.0 0
1574686483 4.48266297 0.0 0
1574686649 4.564948869 0.0 0
1574686813 4.516629417 0.0 0
1574687001 4.128647338 0.0 0
1574687174 4.687261219 0.0 0
1574687338 4.428263333 0.0 0
1574689667 4.40324919 0.2 1
1574689883 4.765610729 0.0 0
1574690053 4.131851809 0.0 0
1574690222 4.355651195 0.0 0
1574690392 4.520942752 0.0 0
1574690551 4.956317818 0.6 1
1574690723 4.570051178 0.0 0
1574690882 4.389692104 0.0 0
1574691067 4.551769487 0.0 0
1574691246 4.403529493 0.0 0
1574706867 4.722314306 0.0 0
1574707110 4.343026668 0.0 0
1574954212 4.691106387 0.0 0
1574954377 4.505321773 0.0 0
1574954553 4.658770481 0.0 0
1574954718 4.572488749 0.0 0
1574954900 4.664335767 0.0 0
1574955058 4.678320394 0.0 0
1574955317 4.564032935 0.0 0
1574955477 4.427850654 0.0 0
1574955635 4.665954575 0.0 0
1574955796 4.82690155 0.0 0
1575026545 4.536748991 0.0 0
1575026705 4.408308155 0.0 0
1575026866 4.464915262 0.0 0
1575027027 4.643922145 0.0 0
1575027190 4.514819453 0.0 0
1575027352 4.315209424 0.0 0
1575027518 4.447222976 0.0 0
1575027675 4.343645367 0.0 0
1575027839 4.483844301 0.0 0
1575028003 4.665234738 0.0 0
1575112859 4.502401109 0.2 1
1575113024 4.387072011 0.0 0
1575113182 4.376646979 0.0 0
1575113344 4.656849001 0.0 0
1575113502 4.761814495 0.0 0
1575113662 4.511737477 0.0 0
1575113819 4.57880412 0.0 0
1575113977 4.655246853 0.0 0
1575114140 4.517296817 0.0 0
1575114301 4.615910241 0.0 0
1575289790 4.67271438 0.0 0
1575289956 4.704367623 0.0 0
1575290124 4.484527493 0.0 0
1575290305 3.795749887 0.0 0
1575290481 4.514605704 0.0 0
1575290657 4.363243878 0.0 0
1575290821 4.987181365 0.0 0
1575290979 4.401744318 0.0 0
1575291141 4.454910421 0.0 0
1575291303 4.600820357 0.0 0
1575384191 4.735531934 0.0 0
1575384351 4.470774396 0.0 0
1575384511 4.56947971 0.0 0
1575384671 4.315535412 0.0 0
1575384834 4.482815311 0.0 0
1575384992 4.738744903 0.0 0
1575385152 4.385730355 0.0 0
1575385312 4.53848053 0.0 0
1575385476 4.494170242 0.0 0
1575385635 4.425253363 0.0 0
1575556573 4.457990637 0.0 0
1575556733 4.605998919 0.0 0
1575556906 4.496625286 0.0 0
1575557091 4.480439258 0.0 0
1575557260 4.480444074 0.0 0
1575557444 4.399253184 0.0 0
1575557620 4.611795064 0.0 0
1575557792 4.354814758 0.0 0
1575558252 4.427270438 0.0 0
1575558438 4.696633103 0.0 0
1579184071 4.574809679 0.0 0
1579184785 4.496035851 0.0 0
1579184947 4.574806375 0.0 0
1579185111 4.480422092 0.0 0
1579185284 4.657911623 0.0 0
1579185463 4.644317232 0.0 0
1579185644 4.452033561 0.0 0
1579185823 4.415844426 0.2 1
1579186011 5.385860855 0.0 0
1579186183 4.363532422 0.0 0
1579351801 4.630606711 0.0 0
1579351967 4.227432393 0.0 0
1579352128 4.404404006 0.0 0
1579352289 4.449698535 0.0 0
1579352451 4.443122561 0.0 0
1579352616 4.45114932 0.0 0
1579352773 4.31740063 0.0 0
1579352937 2.114360134 0.0 0
1579353098 4.367438945 0.0 0
1579353970 4.529996738 0.0 0
1579522889 4.356446346 0.0 0
1579523092 4.320704054 0.75 1
1579523283 4.548779676 0.0 0
1579523447 4.391114933 0.0 0
1579523621 4.566236682 0.0 0
1579523803 4.452346777 0.0 0
1579523985 4.594256072 0.0 0
1579524173 3.696828283 0.25 1
1579524340 4.631238832 0.0 0
1579524508 4.380570592 0.25 1
1579537494 4.374231955 0.0 0
1580215347 4.774151457 0.0 0
1580215537 4.659315891 0.0 0
1580215700 4.408954906 0.0 0
1580215859 4.531080711 0.0 0
1580216020 4.483989924 0.0 0
1580216182 4.632074049 0.0 0
1580216342 4.385520411 0.0 0
1580216505 4.340445948 0.0 0
1580216662 6.844479832 0.14285714285714285 1
1580216846 4.508636101 0.0 0
1580304755 4.492914133 0.0 0
1580304911 4.526301274 0.0 0
1580305074 4.747760643 0.0 0
1580305234 4.496586115 0.0 0
1580305418 4.519980998 0.0 0
1580305580 4.416545616 0.0 0
1580305742 4.571450587 0.0 0
1580305899 4.253842058 0.0 0
1580306054 4.562667745 0.0 0
1580306215 4.287107546 0.0 0
1581935255 4.442435811 0.0 0
1581935413 4.531315566 0.0 0
1581935574 4.363966205 0.0 0
1581935740 4.498555583 0.0 0
1581935907 4.514458673 0.0 0
1581936079 4.443908003 0.0 0
1581936249 4.73380655 0.0 0
1581936413 4.44819645 0.0 0
1581936571 4.601244671 0.0 0
1581936747 4.646590748 0.0 0
1582026928 4.392043308 0.0 0
1582027091 4.624431332 0.2 1
1582027255 4.52445082 0.0 0
1582027423 4.615138495 0.0 0
1582027836 4.858695118 0.0 0
1582028000 5.086331195 0.0 0
1582028168 4.486368715 0.0 0
1582028335 5.209038565 0.0 0
1582028504 5.25262318 0.0 0
1582028673 4.816166028 0.0 0
1582113144 4.400002662 0.0 0
1582113311 4.59418549 0.0 0
1582113476 4.310977508 0.0 0
1582113643 4.406601697 0.0 0
1582113808 5.171847236 0.0 0
1582113983 5.50950727 0.0 0
1582114145 5.171708179 0.0 0
1582114308 5.338770215 0.0 0
1582114475 4.809218294 0.2 1
1582114638 4.953354447 0.0 0
1582114802 4.747294716 0.0 0
1582114968 5.229491699 0.0 0
1582115130 5.093731208 0.0 0
1582115297 4.645941322 0.0 0
1582115460 5.268493966 0.0 0
1582115624 4.550928523 0.0 0
1582115787 4.873950841 0.0 0
1582115950 4.379447906 0.2 1
1582116132 4.252815518 0.0 0
1582116348 4.271460093 0.0 0
1582116523 4.907918572 0.0 0
1582116689 4.244212518 0.0 0
1582119008 4.325381091 0.0 0
1582119171 3.960055484 0.0 0
1582119341 4.191437391 0.0 0
1582119517 4.725260993 0.0 0
1582119693 4.337666372 0.0 0
1582119855 4.558190637 0.0 0
1582120027 5.158237896 0.0 0
1582120202 5.130991595 0.0 0
1582120923 4.657863449 0.0 0
1582121089 5.250043845 0.2 1
1582121334 4.128032093 0.0 0
1582121496 4.82078916 0.2 1
1582125239 4.372869073 0.0 0
1582125679 4.486060974 0.0 0
1582125882 5.157444165 0.0 0
1582126049 4.796497184 0.0 0
1582126217 4.839700578 0.0 0
1582126378 5.406173326 0.0 0
1582126546 4.311760762 0.0 0
1582126707 5.434970793 0.0 0
1582126873 4.471381309 0.0 0
1582127035 4.300555842 0.0 0
1582127197 5.196864778 0.0 0
1582127365 5.432552737 0.0 0
1582127532 5.079754576 0.0 0
1582127696 4.530896968 0.0 0
1582127859 4.591407314 0.0 0
1582128020 4.538209138 0.0 0
1582128187 4.416103031 0.0 0
1582128366 4.386571038 0.0 0
1582128527 5.005598649 0.0 0
1582128690 5.128037398 0.0 0
1582128856 4.723413659 0.0 0
1582129023 4.923627089 0.0 0
1582129191 4.60370848 0.0 0
1582129350 5.145062802 0.0 0
1582129510 5.103444645 0.0 0
1582129675 4.474914982 0.0 0
1582185098 4.445698402 0.0 0
1582185279 4.15967002 0.0 0
1582186013 4.485059738 0.0 0
1582186172 4.490030709 0.0 0
1582186905 4.483793849 0.0 0
1582187869 4.573925878 0.0 0
1582188027 4.659384077 0.0 0
1582188187 4.520836085 0.0 0
1582188347 4.426986859 0.0 0
1582193798 4.690632805 0.0 0
1582193962 4.73756929 0.0 0
1582194126 4.659260878 0.0 0
1582194282 4.561910084 0.0 0
1582194443 4.680036844 0.0 0
1582194608 4.552101818 0.0 0
1582194770 4.439884062 0.0 0
1582194937 4.404890002 0.0 0
1582195098 4.546661922 0.0 0
1582195261 4.493990329 0.0 0
1582195755 4.532129174 0.0 0
1582195914 4.449799749 0.0 0
1582196072 4.532891678 0.0 0
1582196231 4.642322233 0.0 0
1582196391 4.495537328 0.0 0
1582196550 4.734174746 0.0 0
1582196707 4.527034892 0.0 0
1582196868 4.465546574 0.0 0
1582197030 4.654464377 0.0 0
1582197197 4.606795935 0.0 0
1582197352 4.567394107 0.0 0
1582197519 4.65072696 0.0 0
1582197690 4.433138552 0.0 0
1582197847 4.677189646 0.0 0
1582198006 4.448391163 0.0 0
1582198162 4.615265457 0.0 0
1582198324 4.603429518 0.0 0
1582198482 4.443278579 0.0 0
1582198762 4.513569975 0.0 0
1582199114 4.548381398 0.0 0
1582631418 4.477047973 0.2 1
1582631579 4.540912794 0.0 0
1582631735 4.485518708 0.0 0
1582631892 4.489670838 0.0 0
1582632050 4.607172222 0.0 0
1582632206 4.418973298 0.8 1
1582632366 4.617604331 0.0 0
1582632529 4.430569913 0.0 0
1582632690 4.762550595 0.0 0
1582632849 4.725468918 0.0 0
1582884549 4.519116317 0.0 0
1582884727 4.584982687 0.0 0
1582884895 4.442330366 0.0 0
1582885059 4.75413588 0.0 0
1582885223 4.520299883 0.0 0
1582885386 4.487622679 0.0 0
1582885545 4.677945488 0.0 0
1582885706 4.589502741 0.0 0
1582885872 4.539837077 0.0 0
1582886030 4.522605843 0.0 0
1574707110 4.343026668 0.0 0
