1569850032 2.219497778 0.0 0
1569850236 2.333690252 0.0 0
1569850032 2.219497778 0.0 0
1569850236 2.333690252 0.0 0
1569850788 2.252156644 0.0 0
1569851049 2.30988126 0.0 0
1569851255 2.165938322 0.0 0
1569851605 2.487446369 0.0 0
1569851817 2.36087762 0.0 0
1569852046 2.31726961 0.0 0
1569852271 2.097317888 0.0 0
1569852508 2.286219876 0.0 0
1569853118 2.175557956 0.0 0
1569853434 3.963028276 0.0 0
1570543156 2.182789606 0.0 0
1570543518 2.385148409 0.0 0
1570543728 2.272332368 0.0 0
1570544645 2.304900331 0.0 0
1570544904 2.348061093 0.0 0
1570545104 2.47293141 0.0 0
1570545321 2.368703329 0.0 0
1571323028 2.475902454 0.0 0
1571325146 2.48189248 0.0 0
1571325343 2.283637508 0.0 0
1571325548 2.442471977 0.0 0
1571325748 2.09931833 0.0 0
1571325945 2.205715769 0.0 0
1571326154 1.582650398 0.0 0
1571326836 2.171632223 0.0 0
1571327052 2.268988703 0.0 0
1571327261 2.099443209 0.0 0
1571395938 2.302083376 0.0 0
1571396135 2.300439129 0.0 0
1571396331 2.338115906 0.0 0
1571396531 1.829291101 0.0 0
1571396730 2.173615366 0.0 0
1571396956 2.22273013 0.0 0
1571397160 2.302298756 0.0 0
1571397362 2.229659421 0.0 0
1571397559 2.16919953 0.0 0
1571397756 2.303850965 0.0 0
1571405005 2.229486379 0.0 0
1571405203 2.208523225 0.0 0
1571405400 2.127064771 0.0 0
1571405629 2.085204028 0.0 0
1571405832 2.387764825 0.0 0
1571409051 2.194492671 0.0 0
1571409253 2.224184058 0.0 0
1571409454 2.375562852 0.0 0
1571409671 2.419236713 0.0 0
1571409869 2.340351931 0.0 0
1571664437 2.373870408 0.0 0
1571664983 2.299858465 0.0 0
1571665181 2.292913993 0.0 0
1571665392 2.25357776 0.0 0
1571665586 2.25556847 0.0 0
1571665782 2.21300617 0.0 0
1571668199 2.258765628 0.0 0
1571668398 2.329000189 0.0 0
1571668602 2.326753912 0.0 0
1571668797 2.346571773 0.0 0
1571668997 2.223015672 0.0 0
1571752070 2.320655252 0.0 0
1571752266 2.212748411 0.0 0
1571752465 2.255703755 0.0 0
1571752670 2.289755879 0.0 0
1571752865 2.100228999 0.0 0
1571753060 2.164166212 0.0 0
1571753258 2.435901552 0.0 0
1571753455 2.41921648 0.0 0
1571753652 2.254852224 0.0 0
1571753850 2.184418052 0.0 0
1571760207 2.384413213 0.0 0
1571760405 2.164403551 0.0 0
1571760607 2.340478378 0.0 0
1571760803 2.388355505 0.0 0
1571761005 2.299538243 0.0 0
1571761213 2.391250386 0.0 0
1571761412 2.170472985 0.0 0
1571761607 2.205716015 0.0 0
1571761803 2.336230335 0.0 0
1571762010 2.324125081 0.0 0
1572003313 2.388123081 0.0 0
1572003509 2.310689817 0.0 0
1572003705 2.260211426 0.0 0
1572003903 2.270270666 0.0 0
1572004099 2.419045075 0.0 0
1572004295 2.380986344 0.0 0
1572004489 2.313613746 0.0 0
1572004688 2.347807295 0.0 0
1572004890 2.266264491 0.0 0
1572005089 2.227140488 0.0 0
1572011291 2.355356847 0.0 0
1572011487 2.162503097 0.0 0
1572011683 2.415746134 0.0 0
1572011881 2.169476263 0.0 0
1572012077 2.249433107 0.0 0
1572012274 2.306436027 0.0 0
1572012469 2.146937126 0.0 0
1572012663 2.342303206 0.0 0
1572012858 2.39024988 0.0 0
1572013052 2.390467988 0.0 0
1572265112 2.246425091 0.0 0
1572265308 2.270194882 0.0 0
1572265507 2.488006075 0.0 0
1572265705 2.317632445 0.0 0
1572265911 2.256497364 0.0 0
1572266112 2.170109837 0.0 0
1572266310 2.398616079 0.0 0
1572266510 2.321531233 0.0 0
1572266709 2.356146525 0.0 0
1572266912 2.267487669 0.0 0
1572274169 1.86770653 0.0 0
1572274342 1.747377068 0.0 0
1572274511 1.816034894 0.0 0
1572274683 1.74784979 0.0 0
1572274851 1.877705721 0.0 0
1572275021 1.86643473 0.0 0
1572275193 1.914247915 0.0 0
1572275368 1.845665083 0.0 0
1572275538 1.834730379 0.0 0
1572275711 1.884602718 0.0 0
1572361328 2.313387262 0.0 0
1572361523 2.460671121 0.0 0
1572361717 2.096569359 0.0 0
1572361912 2.078771302 0.0 0
1572362111 2.346074049 0.0 0
1572362305 2.140732138 0.0 0
1572362501 2.177908763 0.0 0
1572362701 2.395051338 0.0 0
1572362896 2.246777342 0.0 0
1572363093 0.800180586 0.0 0
1572366960 1.802698553 0.0 0
1572367128 1.713050019 0.0 0
1572367300 1.743795198 0.0 0
1572367466 1.72270952 0.0 0
1572367649 1.843834904 0.0 0
1572367826 1.913574968 0.0 0
1572367995 2.043321028 0.0 0
1572368164 1.876389861 0.0 0
1572368331 1.775179672 0.0 0
1572368496 1.829358498 0.0 0
1572532442 2.344109384 0.0 0
1572532643 2.217417649 0.0 0
1572532848 2.386419979 0.0 0
1572544548 1.737268257 0.0 0
1572544716 1.790948959 0.0 0
1572544888 1.786995849 0.0 0
1572545060 1.923602311 0.0 0
1572545234 1.800135209 0.0 0
1572870062 1.8763146 0.0 0
1572870280 1.708152487 0.0 0
1572870462 1.660169324 0.0 0
1572870683 1.671102542 0.0 0
1572870852 1.699589426 0.0 0
1572965442 1.822757824 0.0 0
1572965609 1.867662305 0.0 0
1572965777 1.795049181 0.0 0
1572965945 1.888088375 0.0 0
1572966117 1.798436112 0.0 0
1572966284 1.84294404 0.0 0
1572966455 1.841192767 0.0 0
1572966638 1.821939048 0.0 0
1572966818 1.912576649 0.0 0
1572966982 1.960885216 0.0 0
1573207089 1.800414624 0.0 0
1573207257 1.838821387 0.0 0
1573207427 1.913236061 0.0 0
1573207592 1.748217473 0.0 0
1573207762 1.930537884 0.0 0
1573207929 1.710220278 0.0 0
1573208096 1.850323375 0.0 0
1573208261 1.852595145 0.0 0
1573208430 1.854534391 0.0 0
1573208595 1.877683879 0.0 0
1573220330 1.820986035 0.0 0
1573220498 1.862665473 0.0 0
1573220665 1.846775318 0.0 0
1573220834 1.884055822 0.0 0
1573221003 1.793666044 0.0 0
1573221169 1.799761148 0.0 0
1573221333 1.851464785 0.0 0
1573221503 1.685268923 0.0 0
1573221670 1.703496787 0.0 0
1573221839 1.856442416 0.0 0
1573222028 1.950098974 0.0 0
1573222199 1.748597008 0.0 0
1573222365 1.880218958 0.0 0
1573222531 1.929500625 0.0 0
1573222702 0.722954098 0.0 0
1573301179 1.876036676 0.0 0
1573301348 1.751664204 0.0 0
1573301530 1.879331818 0.0 0
1573301698 1.799824832 0.0 0
1573301884 1.740599617 0.0 0
1573302064 1.625078185 0.0 0
1573302231 1.852679963 0.0 0
1573302405 1.771691781 0.0 0
1573302574 1.84607221 0.5 1
1573302757 1.729183358 0.0 0
1573303892 1.70763689 0.0 0
1573304056 1.618469218 0.5 1
1573304217 2.006213988 0.0 0
1573304383 1.912519072 0.0 0
1573304542 2.006685493 0.0 0
1573304708 1.842010711 0.0 0
1573304867 1.664473286 0.0 0
1573305028 1.771985027 0.0 0
1573305189 1.709382497 0.0 0
1573305349 1.656690477 0.0 0
1573752521 1.62523026 0.0 0
1573752780 1.533172115 0.0 0
1573752939 1.51955988 0.0 0
1573753097 1.451556819 0.0 0
1573753254 1.837196078 0.0 0
1573753410 1.54137492 0.0 0
1573753568 1.791485679 0.0 0
1573753721 1.581765453 0.0 0
1573753883 1.565663796 0.0 0
1573754702 1.668692054 0.0 0
1573754863 1.710543892 0.0 0
1573755024 1.671892888 0.0 0
1573755190 1.546835634 0.0 0
1573755353 1.631870405 0.0 0
1573755510 1.404128031 0.0 0
1573755665 1.787591495 0.0 0
1573755823 1.54090298 0.0 0
1573755981 1.679751356 0.0 0
1573756140 1.699247624 0.0 0
1573831446 1.712826382 0.0 0
1573831604 1.439803052 0.0 0
1573831763 1.702642249 0.0 0
1573831935 1.660707615 0.0 0
1573832087 1.676612537 0.0 0
1573832249 1.694693432 0.0 0
1573832406 1.739381116 0.0 0
1573832569 1.660631142 0.0 0
1573832725 1.544431913 0.0 0
1573832880 1.548556425 0.0 0
1573833076 1.540027779 0.0 0
1573833232 1.598360725 0.0 0
1573833396 1.466487787 0.0 0
1573833553 1.622799543 0.0 0
1573833711 1.719058093 0.0 0
1573901085 1.834327561 0.0 0
1573901243 1.62269978 0.0 0
1573901399 1.784685311 0.0 0
1573901555 1.792420317 0.0 0
1573901716 2.164334128 0.0 0
1573901870 1.746888261 0.0 0
1573902025 1.931958871 0.0 0
1573902183 1.608598495 0.0 0
1573902340 1.695812669 0.0 0
1573902496 1.635115669 0.0 0
1574685815 1.632405613 0.0 0
1574686007 1.708491914 0.0 0
1574686175 1.650624379 0.0 0
1574686338 1.573887193 0.0 0
1574686495 1.585518616 0.0 0
1574686661 1.538588498 0.0 0
1574686825 1.79466504 0.0 0
1574687012 1.667549283 0.0 0
1574687186 1.583284869 0.0 0
1574687350 1.501454905 0.0 0
1574689680 1.585665142 0.0 0
1574689896 1.527375423 0.0 0
1574690065 1.877136295 0.0 0
1574690234 1.550603007 0.0 0
1574690405 1.591132136 0.0 0
1574690564 1.827459562 0.0 0
1574690735 1.653902223 0.0 0
1574690894 1.67605333 0.0 0
1574691079 1.719752464 0.0 0
1574691258 1.526303635 0.0 0
1574706880 1.65782905 0.0 0
1574707122 1.666656095 0.0 0
1574954224 1.706652423 0.0 0
1574954389 1.656199451 0.0 0
1574954566 1.604366592 0.0 0
1574954730 1.31996808 0.0 0
1574954913 1.58287604 0.0 0
1574955071 1.657779871 0.0 0
1574955329 1.580348841 0.0 0
1574955489 1.577378929 0.0 0
1574955647 1.719546216 0.0 0
1574955808 1.712910363 0.0 0
1575026557 1.533174533 0.0 0
1575026717 1.581813922 0.0 0
1575026879 1.649271986 0.0 0
1575027039 1.572643546 0.0 0
1575027203 1.581090788 0.0 0
1575027364 1.617327267 0.0 0
1575027530 1.712151002 0.0 0
1575027687 1.436028854 0.0 0
1575027851 1.534073947 0.0 0
1575028016 1.623359776 0.0 0
1575112872 1.538600613 0.0 0
1575113036 1.700647318 0.0 0
1575113195 1.658978014 0.0 0
1575113357 1.63386628 0.0 0
1575113515 1.700134479 0.0 0
1575113674 1.698157085 0.0 0
1575113831 1.625163398 0.0 0
1575113989 1.685197169 0.0 0
1575114152 1.501936426 0.0 0
1575114313 1.582137791 0.0 0
1575289803 0.072902913 0.0 0
1575289969 1.590728322 0.0 0
1575290136 1.581013421 0.0 0
1575290324 1.673697302 0.0 0
1575290493 1.710786267 0.0 0
1575290669 1.635605098 0.0 0
1575290834 1.544306218 0.0 0
1575290991 1.682500089 0.0 0
1575291154 1.672709652 0.0 0
1575291315 1.625534104 0.0 0
1575384203 1.581359813 0.0 0
1575384363 1.708449001 0.0 0
1575384523 1.731572645 0.0 0
1575384683 1.795609679 0.0 0
1575384846 1.622310007 0.0 0
1575385005 1.581328332 0.0 0
1575385165 1.65641925 0.0 0
1575385324 1.691810259 0.0 0
1575385488 1.576006276 0.0 0
1575385647 1.699666691 0.0 0
1575556585 1.663184938 0.0 0
1575556745 1.612755383 0.0 0
1575556918 1.52650328 0.0 0
1575557103 1.634263347 0.0 0
1575557273 1.708815823 0.0 0
1575557456 1.657254184 0.0 0
1575557632 1.649037387 0.0 0
1575557805 1.668661527 0.0 0
1575558264 1.692768594 0.0 0
1575558450 1.629702846 0.0 0
1579184083 1.84302701 0.5 1
1579184798 1.577441547 0.0 0
1579184959 1.707544098 0.0 0
1579185123 1.582344138 0.0 0
1579185296 1.531398509 0.0 0
1579185475 1.697560142 0.0 0
1579185656 1.596653089 0.0 0
1579185836 1.667806149 0.0 0
1579186025 1.559289109 0.0 0
1579186195 1.712126672 0.0 0
1579351813 1.673365914 0.0 0
1579351979 1.657779821 0.0 0
1579352141 0.297195078 0.0 0
1579352301 1.496998214 0.0 0
1579352464 1.625238368 0.0 0
1579352628 1.708294709 0.0 0
1579352785 1.620654202 0.0 0
1579352947 1.653349528 0.0 0
1579353110 1.622268504 0.0 0
1579353982 1.729537075 0.0 0
1579522901 1.703259954 0.0 0
1579523104 1.578442652 0.0 0
1579523295 1.66404737 0.0 0
1579523460 1.617779627 0.0 0
1579523634 1.844082967 0.0 0
1579523815 1.575982479 0.0 0
1579523997 1.593026324 0.0 0
1579524185 1.718250036 0.0 0
1579524352 1.668717513 0.0 0
1579524520 1.65462566 0.0 0
1579537506 1.578890536 0.0 0
1580215362 1.730195216 0.0 0
1580215549 1.675053364 0.0 0
1580215713 1.531304963 0.0 0
1580215872 1.559567639 0.0 0
1580216032 1.665233663 0.0 0
1580216195 1.533842934 0.0 0
1580216354 1.61664204 0.0 0
1580216518 1.618937216 0.0 0
1580216677 1.875785445 0.0 0
1580216858 1.804790032 0.0 0
1580304767 1.75391959 0.0 0
1580304924 1.745730098 0.0 0
1580305086 1.523994953 0.0 0
1580305247 1.735503255 0.0 0
1580305430 1.588844795 0.0 0
1580305593 1.575855455 0.0 0
1580305755 1.578328892 0.0 0
1580305911 1.622029811 0.0 0
1580306067 1.682915237 0.0 0
1580306228 1.616829201 0.0 0
1581935268 1.659457796 0.0 0
1581935425 1.720608423 0.0 0
1581935587 1.784717777 0.0 0
1581935752 1.704672604 0.0 0
1581935920 1.5186765 0.0 0
1581936091 1.597169281 0.0 0
1581936262 1.712560408 0.0 0
1581936425 1.615271238 0.0 0
1581936584 1.730010923 0.0 0
1581936759 1.676707668 0.0 0
1582026941 1.883818329 0.0 0
1582027104 1.580366151 0.0 0
1582027269 1.74006954 0.0 0
1582027436 2.048082135 0.0 0
1582027849 1.752265655 0.0 0
1582028014 1.831262616 0.0 0
1582028181 1.631473581 0.0 0
1582028349 1.746821928 0.0 0
1582028518 1.792598361 0.0 0
1582028687 1.972694011 0.0 0
1582113157 2.125701477 0.0 0
1582113323 1.614771473 0.0 0
1582113488 1.778629273 0.0 0
1582113655 1.810315477 0.0 0
1582113822 1.953690231 0.0 0
1582113997 1.958118594 0.0 0
1582114159 2.039380973 0.0 0
1582114322 2.012784909 0.0 0
1582114488 1.491254009 0.0 0
1582114653 1.917885047 0.0 0
1582114814 1.702227154 0.0 0
1582114982 1.900437258 0.0 0
1582115143 1.889915487 0.0 0
1582115311 1.983231947 0.0 0
1582115474 2.003886383 0.0 0
1582115637 1.961888245 0.0 0
1582115800 1.780481854 0.0 0
1582115964 1.819681107 0.0 0
1582116144 1.887457264 0.0 0
1582116359 1.533552582 0.0 0
1582116536 1.706466767 0.0 0
1582116701 1.627145397 0.0 0
1582119021 2.105776128 0.0 0
1582119183 1.547397509 0.0 0
1582119354 1.630484413 0.0 0
1582119530 2.007324034 0.0 0
1582119705 1.900146279 0.0 0
1582119867 1.547874774 0.0 0
1582120041 1.907897369 0.0 0
1582120216 1.915630444 0.0 0
1582120937 1.617038971 0.0 0
1582121103 1.471677451 0.0 0
1582121346 1.944417235 0.0 0
1582121509 1.659749748 0.0 0
1582125252 1.785132851 0.0 0
1582125692 1.93358882 0.0 0
1582125895 1.791055279 0.0 0
1582126062 1.457660428 0.0 0
1582126230 1.794888129 0.0 0
1582126392 1.413042743 0.0 0
1582126559 1.794533071 0.0 0
1582126722 1.977709807 0.0 0
1582126886 1.911509449 0.0 0
1582127048 1.606365815 0.0 0
1582127211 1.90115922 0.0 0
1582127380 1.99095839 0.0 0
1582127546 1.832516502 0.0 0
1582127709 2.062487387 0.0 0
1582127873 1.954501777 0.0 0
1582128034 1.85508054 0.0 0
1582128200 2.024332031 0.0 0
1582128378 1.911196626 0.0 0
1582128541 1.92795581 0.0 0
1582128704 2.058143461 0.0 0
1582128869 2.206159151 0.0 0
1582129036 1.967299408 0.0 0
1582129204 1.927914851 0.0 0
1582129363 1.623778728 0.0 0
1582129524 1.795098993 0.0 0
1582129687 1.685383386 0.0 0
1582185111 1.866989665 0.0 0
1582185292 1.88693208 0.0 0
1582186025 1.632684546 0.0 0
1582186184 1.544537501 0.0 0
1582186920 1.853766097 0.0 0
1582187881 1.664910328 0.0 0
1582188040 2.952211771 0.0 0
1582188199 1.741124333 0.0 0
1582188359 1.46253396 0.0 0
1582193811 1.671790145 0.0 0
1582193974 1.715266419 0.0 0
1582194139 1.531402136 0.0 0
1582194294 1.534485924 0.0 0
1582194456 1.544660249 0.0 0
1582194620 1.664977053 0.0 0
1582194782 1.626234896 0.0 0
1582194949 1.548298547 0.0 0
1582195110 1.583667386 0.0 0
1582195273 1.62046917 0.0 0
1582195767 1.788978747 0.0 0
1582195926 1.653320978 0.0 0
1582196084 1.657129771 0.0 0
1582196244 1.579342041 0.0 0
1582196403 1.610708924 0.0 0
1582196562 1.681164529 0.0 0
1582196720 1.624409098 0.0 0
1582196880 1.744504123 0.0 0
1582197042 1.573566289 0.0 0
1582197209 1.501979635 0.0 0
1582197365 1.587543494 0.0 0
1582197531 1.705701665 0.0 0
1582197702 1.486591322 0.0 0
1582197860 1.600912886 0.0 0
1582198018 1.581271611 0.0 0
1582198175 1.577451534 0.0 0
1582198336 1.780311013 0.0 0
1582198495 1.571257139 0.0 0
1582198774 1.527230844 0.0 0
1582199126 1.645983704 0.0 0
1582631431 1.781232404 0.0 0
1582631592 1.611207403 0.0 0
1582631747 1.759959094 0.0 0
1582631904 1.65467136 0.0 0
1582632062 1.62068214 0.0 0
1582632219 1.577035424 0.0 0
1582632378 1.521789187 0.0 0
1582632541 1.662934274 0.0 0
1582632702 1.567439217 0.0 0
1582632862 1.712865541 0.0 0
1582884562 1.531208854 0.0 0
1582884739 1.476929978 0.0 0
1582884908 1.688444338 0.0 0
1582885072 1.668399307 0.0 0
1582885235 1.527809307 0.0 0
1582885398 1.591782258 0.0 0
1582885557 1.635220884 0.0 0
1582885719 1.761068282 0.0 0
1582885885 1.528682914 0.0 0
1582886042 1.596699149 0.0 0
1574707122 1.666656095 0.0 0
