1569850028 3.752318741 0.0 0
1569850232 3.571481999 0.0 0
1569850028 3.752318741 0.0 0
1569850232 3.571481999 0.0 0
1569850763 25.376152256 0.0 0
1569851046 3.552889931 0.0 0
1569851252 3.533974821 0.0 0
1569851601 3.523744309 0.0 0
1569851814 3.834827094 0.0 0
1569852043 3.452619534 0.0 0
1569852267 3.786411456 0.0 0
1569852504 3.781338293 0.0 0
1569853114 3.544098861 0.0 0
1569853430 3.791235349 0.0 0
1570543152 3.705037736 0.0 0
1570543514 3.446927034 0.0 0
1570543724 3.676860094 0.0 0
1570544641 3.630621517 0.0 0
1570544900 3.839697424 0.0 0
1570545101 3.787456517 0.0 0
1570545318 3.624855785 0.0 0
1571323025 3.327153231 0.0 0
1571325143 3.586871778 0.0 0
1571325339 3.614485011 0.0 0
1571325545 3.617441346 0.0 0
1571325745 3.544099495 0.0 0
1571325941 3.520787629 0.0 0
1571326148 3.674496667 0.25 1
1571326833 3.759037226 0.0 0
1571327049 3.423784453 0.0 0
1571327258 3.53139515 0.0 0
1571395934 3.564579067 0.0 0
1571396132 3.32950983 0.0 0
1571396327 3.618049367 0.0 0
1571396527 3.318864495 0.0 0
1571396726 3.550805569 0.0 0
1571396952 3.589694027 0.0 0
1571397157 3.3144023 0.0 0
1571397358 3.739698388 0.0 0
1571397555 3.587370564 0.0 0
1571397752 3.497990305 0.0 0
1571405001 3.596733583 0.0 0
1571405199 3.445694812 0.0 0
1571405396 3.74013685 0.0 0
1571405625 3.571946488 0.0 0
1571405829 3.641461549 0.0 0
1571409047 3.722416194 0.0 0
1571409249 3.530886118 0.0 0
1571409450 3.702651927 0.0 0
1571409667 3.558976604 0.0 0
1571409865 3.705094243 0.0 0
1571664433 3.572386905 0.0 0
1571664980 3.553455414 0.0 0
1571665178 3.110790337 0.0 0
1571665389 3.446976064 0.0 0
1571665583 3.415455646 0.0 0
1571665779 3.50787847 0.0 0
1571668196 3.719269172 0.0 0
1571668395 3.395485004 0.0 0
1571668599 3.416678545 0.0 0
1571668793 3.761427178 0.0 0
1571668994 3.375435552 0.0 0
1571752067 3.476649527 0.0 0
1571752262 3.51216435 0.0 0
1571752462 3.491745788 0.0 0
1571752666 3.458849395 0.0 0
1571752862 3.524531038 0.0 0
1571753057 3.691159806 0.0 0
1571753254 3.621812257 0.0 0
1571753451 3.601111092 0.0 0
1571753649 3.686972496 0.0 0
1571753846 3.499216303 0.0 0
1571760204 3.616628524 0.0 0
1571760401 3.508364633 0.0 0
1571760603 3.506460195 0.0 0
1571760799 3.369951657 0.0 0
1571761001 3.480971415 0.0 0
1571761209 3.60331171 0.0 0
1571761408 3.401513627 0.0 0
1571761603 3.602364294 0.0 0
1571761799 3.563344304 0.0 0
1571762007 3.584031132 0.0 0
1572003309 3.613568531 0.0 0
1572003506 3.548173282 0.0 0
1572003702 3.398443474 0.0 0
1572003899 3.374325712 0.0 0
1572004097 1.896796268 0.0 0
1572004292 3.460124195 0.0 0
1572004486 3.644202399 0.0 0
1572004685 3.623971804 0.0 0
1572004887 3.543504232 0.0 0
1572005086 3.541068427 0.0 0
1572011287 3.41004546 0.0 0
1572011484 3.637043482 0.0 0
1572011679 3.360550843 0.0 0
1572011877 3.679327198 0.0 0
1572012073 3.584493038 0.0 0
1572012271 3.623770291 0.0 0
1572012466 3.52945136 0.0 0
1572012659 3.649010005 0.0 0
1572012854 3.552586297 0.0 0
1572013049 3.509668229 0.0 0
1572265108 3.536445384 0.0 0
1572265305 3.586297861 0.0 0
1572265504 3.625244487 0.0 0
1572265702 3.559866947 0.0 0
1572265907 3.799405828 0.0 0
1572266109 3.54318757 0.0 0
1572266306 3.585770158 0.0 0
1572266507 3.879227251 0.0 0
1572266705 3.530605188 0.0 0
1572266908 3.559736997 0.0 0
1572274166 2.879583409 0.0 0
1572274339 2.940999157 0.0 0
1572274508 2.832113452 0.0 0
1572274680 2.73063153 0.0 0
1572274848 2.820430248 0.0 0
1572275018 2.943215721 0.0 0
1572275190 2.697649349 0.0 0
1572275365 2.780814099 0.0 0
1572275535 2.896400254 0.0 0
1572275708 2.932156205 0.0 0
1572361321 6.484801991 0.0 0
1572361519 3.660218979 0.0 0
1572361713 3.717957233 0.0 0
1572361909 3.602992356 0.0 0
1572362108 3.708783966 0.0 0
1572362301 3.553369705 0.0 0
1572362498 3.562666751 0.0 0
1572362697 3.399102229 0.0 0
1572362892 3.669337666 0.0 0
1572366957 2.800471069 0.0 0
1572367125 2.905493184 0.0 0
1572367297 2.904483823 0.0 0
1572367464 2.867590069 0.0 0
1572367646 2.756860933 0.0 0
1572367823 2.938882362 0.0 0
1572367992 2.817798575 0.0 0
1572368161 2.905107209 0.0 0
1572368328 2.770281596 0.0 0
1572368493 2.867418524 0.0 0
1574707120 2.617488372 0.0 0
