1569850034 5.991744056 0.0 0
1569850238 6.187698102 0.0 0
1569850034 5.991744056 0.0 0
1569850238 6.187698102 0.0 0
1569850790 10.935017909 0.0 0
1569851052 6.028822133 0.0 0
1569851258 6.046206721 0.0 0
1569851607 5.936319215 0.0 0
1569851820 6.256597254 0.0 0
1569852049 6.086705376 0.0 0
1569852273 6.146276552 0.0 0
1569852511 5.888812364 0.0 0
1569853123 12.746369611 0.0 0
1569853438 6.001286698 0.0 0
1570543158 6.065821771 0.0 0
1570543520 5.8499578 0.0 0
1570543730 6.018414238 0.0 0
1570544647 6.048453957 0.0 0
1570544906 5.879172535 0.0 0
1570545107 5.982625786 0.0 0
1570545324 6.032602768 0.0 0
1571323031 5.894779841 0.2 1
1571325149 6.04218202 0.0 0
1571325345 6.133410171 0.0 0
1571325551 5.922839276 0.0 0
1571325751 6.007057237 0.0 0
1571325946 6.250610923 0.14285714285714285 1
1571326155 5.815320517 2.0 3
1571326839 6.063027126 0.0 0
1571327055 5.765963562 0.0 0
1571327264 5.921041465 0.0 0
1571395940 5.999200753 0.0 0
1571396137 5.982981112 0.0 0
1571396333 6.058993897 0.0 0
1571396532 6.628201727 0.0 0
1571396733 4.887492081 0.0 0
1571396958 5.951447214 0.0 0
1571397163 5.81365519 0.0 0
1571397364 6.004379468 0.0 0
1571397561 6.068457826 0.0 0
1571397758 5.894620873 0.0 0
1571405007 6.016552573 0.0 0
1571405205 6.000672109 0.0 0
1571405402 6.000707073 0.0 0
1571405631 6.019747124 0.0 0
1571405834 6.01386049 0.0 0
1571409053 5.888236924 0.0 0
1571409255 5.986282856 0.0 0
1571409456 5.999164082 0.0 0
1571409673 5.969594095 0.0 0
1571409871 6.215994236 0.0 0
1571664439 29.456951336 0.0 0
1571664986 5.943153246 0.0 0
1571665183 5.804956312 0.0 0
1571665395 6.066532967 0.0 0
1571665589 6.016829309 0.0 0
1571665784 5.901824737 0.0 0
1571668202 5.948881411 0.0 0
1571668400 6.02702846 0.0 0
1571668604 5.958130041 0.0 0
1571668799 5.93739208 0.0 0
1571669000 5.884926227 0.0 0
1571752072 5.905712794 0.0 0
1571752268 5.908013181 0.0 0
1571752467 6.016632674 0.0 0
1571752674 4.41798053 0.0 0
1571752867 6.079792577 0.0 0
1571753062 5.94256553 0.0 0
1571753260 6.063604697 0.0 0
1571753457 5.963088397 0.0 0
1571753655 5.905449022 0.0 0
1571753852 6.058308814 0.0 0
1571760210 5.765669365 0.0 0
1571760407 6.045390275 0.0 0
1571760609 5.925927902 0.0 0
1571760805 5.866602203 0.0 0
1571761007 6.063409318 0.0 0
1571761215 5.942204977 0.0 0
1571761415 4.571488109 0.0 0
1571761609 6.017538588 0.0 0
1571761805 5.968538307 0.0 0
1571762013 5.986062667 0.0 0
1572003315 6.035298944 0.0 0
1572003512 5.977912788 0.0 0
1572003707 6.013086046 0.0 0
1572003905 6.065241856 0.0 0
1572004101 5.947712298 0.0 0
1572004297 6.158229768 0.0 0
1572004492 5.951733875 0.0 0
1572004691 6.009850432 0.0 0
1572004893 6.012338292 0.0 0
1572005092 5.795861145 0.0 0
1572011293 5.829413845 0.0 0
1572011490 5.988488473 0.0 0
1572011686 4.734525672 0.0 0
1572011883 5.906522587 0.0 0
1572012079 6.048255756 0.0 0
1572012277 5.973496684 0.0 0
1572012471 5.925694955 0.0 0
1572012665 5.94420015 0.0 0
1572012860 5.940893581 0.0 0
1572013055 6.114250714 0.0 0
1572265114 5.720669715 0.0 0
1572265311 5.849382803 0.0 0
1572265510 6.017115572 0.0 0
1572265708 6.091074074 0.0 0
1572265913 5.938965215 0.0 0
1572266115 5.883418339 0.0 0
1572266312 6.015742633 0.0 0
1572266513 5.888703077 0.0 0
1572266711 6.015665917 0.0 0
1572266914 5.855709349 0.0 0
1572274171 4.780689834 0.0 0
1572274344 4.823785293 0.0 0
1572274513 4.770246099 0.0 0
1572274685 4.875864959 0.0 0
1572274853 4.779710363 0.0 0
1572275022 4.991629646 0.0 0
1572275194 4.975217707 0.0 0
1572275370 6.52913708 0.0 0
1572275540 4.853594549 0.0 0
1572275713 4.810555445 0.0 0
1572361330 5.866531513 0.0 0
1572361525 6.148109694 0.0 0
1572361720 5.937086193 0.0 0
1572361914 5.914457626 0.0 0
1572362114 5.790414709 0.0 0
1572362307 5.825142244 0.0 0
1572362504 5.767199684 0.0 0
1572362703 5.991939761 0.0 0
1572362898 6.129243893 0.0 0
1572363094 5.995667221 0.0 0
1572366962 4.905721391 0.0 0
1572367130 4.818609487 0.0 0
1572367302 4.8252758 0.0 0
1572367468 4.881768982 0.0 0
1572367651 4.739379476 0.0 0
1572367828 4.792428331 0.0 0
1572367997 4.739986575 0.0 0
1572368166 4.741120749 0.0 0
1572368333 4.797008304 0.0 0
1572368498 4.826656701 0.0 0
1572532445 6.078344321 0.16666666666666666 1
1572532646 5.96457121 0.0 0
1572532851 5.965077111 0.0 0
1572544550 4.947286607 0.0 0
1572544718 4.846090459 0.0 0
1572544889 4.830881983 0.0 0
1572545062 4.71151027 0.0 0
1572545235 4.843576637 0.0 0
1572870064 5.032243483 0.2 1
1572870281 4.929863694 0.0 0
1572870464 5.01166182 0.4 1
1572870685 5.010492881 0.4 1
1572870854 4.994569431 0.16666666666666666 1
1572965443 4.859763258 1.0 1
1572965611 4.798715384 0.6 1
1572965778 4.819212792 0.6 1
1572965947 4.905014912 0.6 1
1572966119 4.811952616 0.6 1
1572966285 4.722793798 0.8 1
1572966457 4.782051872 0.8 1
1572966640 4.964390494 0.6 1
1572966820 4.698576453 0.5 1
1572966984 4.778389866 0.0 0
1573207091 4.834596155 0.0 0
1573207259 4.861956351 0.0 0
1573207428 4.887796342 0.0 0
1573207593 4.919379934 0.0 0
1573207764 4.842893476 0.0 0
1573207931 5.016834199 0.0 0
1573208098 4.943213843 0.0 0
1573208263 4.946135584 0.0 0
1573208431 4.875108226 0.2 1
1573208597 4.67010281 0.0 0
1573220332 4.947542739 0.0 0
1573220500 4.818305983 0.0 0
1573220667 4.82683723 0.0 0
1573220836 4.996932417 0.2 1
1573221004 4.905799316 0.2 1
1573221171 4.864265361 0.0 0
1573221335 4.849763494 0.0 0
1573221505 4.975646732 0.0 0
1573221672 4.937430637 0.0 0
1573221841 4.810729477 0.0 0
1573222030 4.912698631 0.0 0
1573222200 4.838361515 0.0 0
1573222367 4.700964079 0.0 0
1573222533 4.967840898 0.0 0
1573222703 4.779403619 0.0 0
1573301181 4.934852203 0.2 1
1573301350 4.860428327 0.0 0
1573301532 4.837232803 0.0 0
1573301699 4.955788688 0.0 0
1573301885 4.954509954 0.0 0
1573302065 5.104803108 0.2 1
1573302233 4.922170536 0.2 1
1573302407 4.965540876 0.2 1
1573302576 4.997069439 0.8 1
1573302759 5.130393679 0.2 1
1573303894 4.194879265 0.75 1
1573304058 4.39120264 0.0 0
1573304219 4.669952326 0.0 0
1573304385 4.484126342 1.25 2
1573304544 4.671956313 0.0 0
1573304710 4.521566767 0.2 1
1573304869 4.608288961 1.4 2
1573305029 4.668818606 0.8 1
1573305191 4.534820598 1.0 1
1573305351 4.405366854 0.0 0
1573752523 4.259707258 0.0 0
1573752781 4.338100517 0.0 0
1573752940 4.479241739 0.0 0
1573753099 4.495219467 0.0 0
1573753256 4.531677851 0.0 0
1573753411 4.390821952 0.0 0
1573753570 4.196407404 0.0 0
1573753723 4.324852991 0.0 0
1573753885 4.227873267 0.0 0
1573754704 4.102941633 0.0 0
1573754864 4.6126926 0.0 0
1573755026 4.525033302 0.0 0
1573755192 4.227515491 0.0 0
1573755355 4.266383552 0.0 0
1573755512 4.228160749 0.0 0
1573755667 4.360000354 0.0 0
1573755825 4.197690933 0.0 0
1573755983 4.161627024 0.0 0
1573831448 4.468037465 0.0 0
1573831606 4.311317695 0.0 0
1573831765 4.251650179 0.0 0
1573831937 4.381068691 0.0 0
1573832089 4.313242206 0.0 0
1573832250 4.487660844 0.0 0
1573832408 4.503847893 0.0 0
1573832571 4.432065922 0.0 0
1573832727 4.354995239 0.0 0
1573832882 4.359869953 0.0 0
1573833078 4.442477691 0.0 0
1573833234 4.304581497 0.0 0
1573833398 4.212771607 0.0 0
1573833555 4.27984107 0.0 0
1573833713 4.346143364 0.0 0
1573901087 4.39862487 0.0 0
1573901244 4.37834818 0.0 0
1573901401 4.385625269 0.0 0
1573901558 3.077058764 0.0 0
1573901717 4.374920098 0.0 0
1573901872 4.334739614 0.0 0
1573902027 4.355069437 0.0 0
1573902184 4.396301926 0.0 0
1573902342 4.389356962 0.0 0
1573902498 4.265652743 0.0 0
1574685817 4.261924921 0.0 0
1574686009 4.366569411 0.0 0
1574686178 4.363156263 0.0 0
1574686340 4.387339439 0.0 0
1574686497 4.29752843 0.0 0
1574686663 4.175293321 0.0 0
1574686827 4.395181537 0.0 0
1574687014 4.224183619 0.0 0
1574687188 4.36643172 0.0 0
1574687352 4.656275789 0.0 0
1574689682 4.2670423 0.0 0
1574689898 4.301775405 0.0 0
1574690067 4.010974093 0.0 0
1574690236 4.429790839 0.0 0
1574690407 4.181295403 0.0 0
1574690566 4.484527288 0.0 0
1574690737 4.398980879 0.0 0
1574690896 4.403390975 0.0 0
1574691081 4.180741493 0.0 0
1574691260 4.432402618 0.0 0
1574706882 4.424733009 0.0 0
1574707124 4.348079298 0.0 0
1574954227 4.073909408 0.0 0
1574954391 4.403850094 0.0 0
1574954568 4.127261217 0.0 0
1574954732 4.468974895 0.0 0
1574954915 5.01910559 0.0 0
1574955073 4.43188342 0.0 0
1574955331 4.263228533 0.0 0
1574955491 4.423049757 0.0 0
1574955649 4.308673352 0.0 0
1574955810 4.2990804 0.0 0
1575026559 4.555571955 0.0 0
1575026719 4.428001739 0.0 0
1575026880 4.699343888 0.0 0
1575027041 4.259600163 0.0 0
1575027205 4.34964717 0.0 0
1575027366 4.448841405 0.0 0
1575027532 4.246697745 0.0 0
1575027689 4.602982279 0.0 0
1575027853 4.362250363 0.0 0
1575028018 4.137852511 0.0 0
1575112874 4.303826297 0.0 0
1575113038 4.435950214 0.0 0
1575113196 4.55528149 0.0 0
1575113359 4.273103311 0.0 0
1575113517 3.997647624 0.0 0
1575113676 4.37775027 0.0 0
1575113833 4.112743765 0.0 0
1575113991 4.528570601 0.0 0
1575114154 4.310870524 0.0 0
1575114315 4.48003709 0.0 0
1575289804 4.3138854 0.0 0
1575289971 4.43095727 0.0 0
1575290138 4.344042268 0.0 0
1575290326 4.05872317 0.0 0
1575290495 3.93216694 0.0 0
1575290671 4.505923187 0.0 0
1575290835 4.831005268 0.0 0
1575290993 4.522118881 0.0 0
1575291156 4.247783704 0.0 0
1575291317 4.463874207 0.0 0
1575384205 4.220545082 0.0 0
1575384365 4.089940206 0.0 0
1575384526 4.226301391 0.0 0
1575384685 4.685174721 0.0 0
1575384848 4.499831862 0.0 0
1575385167 4.497971943 0.0 0
1575385326 4.403531191 0.0 0
1575385490 4.356335235 0.0 0
1575385649 4.419789405 0.0 0
1575556587 4.36396537 0.0 0
1575556747 4.447307053 0.0 0
1575556920 4.414716899 0.0 0
1575557105 4.419404825 0.0 0
1575557275 4.473844149 0.0 0
1575557458 4.30643654 0.0 0
1575557634 4.391189919 0.0 0
1575557807 4.400736401 0.0 0
1575558266 4.480439832 0.0 0
1575558452 4.378759041 0.0 0
1579184085 4.356735203 1.0 2
1579184961 4.231803614 0.0 0
1579185125 4.424214084 0.0 0
1579185298 4.282795754 0.0 0
1579185477 4.177222905 0.0 0
1579185658 4.220084409 0.0 0
1579185838 4.391800452 0.0 0
1579186027 4.384578437 0.0 0
1579186197 4.263922493 0.0 0
1579351815 10.098402092 0.0 0
1579351981 4.432463231 0.0 0
1579352142 4.344414324 0.0 0
1579352303 4.495070716 0.0 0
1579352466 4.102127008 0.0 0
1579352630 4.151905223 0.0 0
1579352787 4.348665939 0.0 0
1579352949 4.216281327 0.0 0
1579353112 4.226907038 0.0 0
1579353984 4.6396419 0.0 0
1579522903 4.482643943 0.0 0
1579523106 4.481330345 0.0 0
1579523297 4.389672757 0.0 0
1579523462 4.308381143 0.0 0
1579523636 4.691952531 0.0 0
1579523817 4.335915215 0.0 0
1579523999 4.430903204 0.0 0
1579524186 4.782530155 0.0 0
1579524354 4.406301103 0.0 0
1579524522 4.262762542 0.0 0
1579537508 4.325840167 0.0 0
1580215551 4.396197092 0.0 0
1580215715 4.311098438 0.0 0
1580215874 4.227893367 0.0 0
1580216034 4.518747985 0.0 0
1580216196 4.476282414 0.0 0
1580216356 4.194015741 0.0 0
1580216520 4.190161539 0.0 0
1580216679 4.591937392 0.0 0
1580216860 4.524955545 0.0 0
1580304769 4.463271717 0.0 0
1580304925 4.482873758 0.0 0
1580305088 4.21771747 0.0 0
1580305249 4.399811763 0.0 0
1580305432 4.530621113 0.0 0
1580305595 4.319902867 0.0 0
1580305757 4.216002108 0.0 0
1580305913 4.214854876 0.0 0
1580306069 4.436815457 0.0 0
1580306230 4.248304177 0.0 0
1581935270 4.286830042 0.0 0
1581935427 4.388861432 0.0 0
1581935588 4.56350742 0.0 0
1581935754 4.265172573 0.0 0
1581935922 4.432399335 0.0 0
1581936093 4.346213439 0.0 0
1581936264 4.428385591 0.0 0
1581936427 4.25035994 0.0 0
1581936586 4.313845909 0.0 0
1581936761 4.399344549 0.0 0
1582026943 4.572094519 0.0 0
1582027105 4.247011149 0.0 0
1582027271 4.947945238 0.0 0
1582027438 4.938435556 0.0 0
1582027850 4.425445833 0.0 0
1582028016 4.7436087 0.0 0
1582028183 4.368667453 0.0 0
1582028351 5.036982408 0.0 0
1582028521 4.914975071 0.0 0
1582028689 4.980759811 0.0 0
1582113159 5.259505456 0.0 0
1582113326 4.375985435 0.0 0
1582113490 4.652832649 0.0 0
1582113657 4.203989168 0.0 0
1582113824 5.028470399 0.0 0
1582113999 4.951757679 0.0 0
1582114161 4.536701391 0.0 0
1582114324 4.910852129 0.0 0
1582114490 4.217099248 0.0 0
1582114655 4.968022586 0.0 0
1582114816 4.21190005 0.0 0
1582114984 5.266820274 0.0 0
1582115145 4.729852646 0.0 0
1582115312 5.043467739 0.0 0
1582115476 4.944306177 0.0 0
1582115639 4.861172355 0.0 0
1582115802 4.173402152 0.0 0
1582115966 5.143649403 0.0 0
1582116146 5.067591141 0.0 0
1582116361 4.091184311 0.0 0
1582116539 4.541407613 0.0 0
1582116703 4.64295383 0.0 0
1582119023 4.882867671 0.0 0
1582119185 3.996039422 0.0 0
1582119356 5.07920109 0.0 0
1582119531 5.073092239 0.0 0
1582119707 4.966342371 0.0 0
1582119869 4.246819816 0.0 0
1582120043 5.074989601 0.0 0
1582120218 4.250220217 0.0 0
1582120939 4.058266206 0.0 0
1582121105 4.347349282 0.25 1
1582121348 4.824954312 0.0 0
1582121511 4.441262264 0.0 0
1582125254 4.731408105 0.0 0
1582125695 3.676173001 0.0 0
1582125897 4.513149682 0.0 0
1582126063 4.300732452 0.0 0
1582126232 4.382031686 0.0 0
1582126393 4.448687483 0.0 0
1582126561 4.945411843 0.0 0
1582126724 4.985057872 0.0 0
1582126888 4.554987977 0.0 0
1582127050 4.043857814 0.0 0
1582127213 5.023636992 0.0 0
1582127382 5.119005109 0.0 0
1582127548 4.661382319 0.0 0
1582127711 5.210350848 0.0 0
1582127875 4.903264621 0.0 0
1582128036 4.944516231 0.0 0
1582128202 4.618187079 0.0 0
1582128380 4.899784612 0.0 0
1582128543 4.988876163 0.0 0
1582128706 4.610428156 0.0 0
1582128871 4.595484388 0.0 0
1582129038 4.401184258 0.0 0
1582129206 4.755318454 0.0 0
1582129365 4.610834776 0.0 0
1582129526 5.038141329 0.0 0
1582129690 3.968875923 0.0 0
1582185113 4.939349345 0.0 0
1582185294 4.830177718 0.0 0
1582186027 4.146640893 0.0 0
1582186186 4.391242803 0.0 0
1582186922 4.518948179 0.0 0
1582187883 4.404020747 0.0 0
1582188044 3.940033781 0.0 0
1582188201 4.372658397 0.0 0
1582188361 4.289798067 0.0 0
1582193813 4.34056684 0.0 0
1582193976 4.559721874 0.0 0
1582194140 4.313002872 0.0 0
1582194296 4.255938461 0.0 0
1582194458 4.230428662 0.0 0
1582194622 4.318060316 0.0 0
1582194784 4.241211847 0.0 0
1582194951 4.494780279 0.0 0
1582195112 4.354185461 0.0 0
1582195276 4.14281317 0.0 0
1582195769 4.2691487 0.0 0
1582195928 4.16780325 0.0 0
1582196086 4.402760189 0.0 0
1582196246 4.261082793 0.0 0
1582196405 4.257121513 0.0 0
1582196564 4.419530049 0.0 0
1582196722 4.310240572 0.0 0
1582196882 4.522278419 0.0 0
1582197044 4.276348315 0.0 0
1582197211 4.271314146 0.0 0
1582197367 4.451533236 0.0 0
1582197533 4.21807683 0.0 0
1582197704 4.399487636 0.0 0
1582197862 4.289587206 0.0 0
1582198020 4.261334016 0.0 0
1582198177 4.310493001 0.0 0
1582198338 4.274298887 0.0 0
1582198497 4.175629025 0.0 0
1582198776 4.536712315 0.0 0
1582199128 4.466261392 0.0 0
1582631433 4.290530887 0.0 0
1582631594 4.21538035 0.0 0
1582631749 4.255554095 0.0 0
1582631906 4.751998861 0.0 0
1582632064 4.322897181 0.0 0
1582632220 4.301192987 0.0 0
1582632380 4.350649284 0.0 0
1582632543 4.406313716 0.0 0
1582632704 4.427900908 0.0 0
1582632863 4.336204035 0.0 0
1582884564 4.297956119 0.0 0
1582884741 4.171644425 0.0 0
1582884909 4.478923976 0.0 0
1582885074 4.341899667 0.0 0
1582885237 4.31599552 0.0 0
1582885400 4.486759165 0.0 0
1582885559 4.344289133 0.0 0
1582885721 4.448956462 0.0 0
1582885887 4.233798856 0.0 0
1582886044 4.338566751 0.0 0
1574707124 4.348079298 0.0 0
