1569850040 3.414799173 0.25 1
1569850244 3.177375997 0.5 1
1569850040 3.414799173 0.25 1
1569850244 3.177375997 0.5 1
1569850801 3.675295652 1.5 2
1569851058 3.502892314 0.3333333333333333 1
1569851264 3.326552796 0.0 0
1569851613 3.337930738 0.25 1
1569851826 3.349845524 0.0 0
1569852055 3.661706422 0.0 0
1569852279 3.67123908 0.0 0
1569852517 3.256761335 0.0 0
1569853135 4.017044058 0.25 1
1569853444 3.323414772 0.0 0
1570543164 3.277080363 0.0 0
1570543526 3.287555211 0.0 0
1570543736 3.409372954 0.0 0
1570544653 3.252932703 0.25 1
1570544912 3.34447279 0.0 0
1570545113 3.317347348 0.0 0
1570545330 3.256116306 0.0 0
1571323036 3.367033794 0.0 0
1571325155 3.370438483 0.0 0
1571325351 3.399500721 0.0 0
1571325556 3.340968452 0.0 0
1571325756 3.338207782 0.0 0
1571325953 3.335610567 0.0 0
1571326161 4.741795619 2.0 4
1571326845 3.361158404 0.0 0
1571327060 3.41564753 0.0 0
1571327269 3.436728076 0.0 0
1571395946 3.238696989 0.25 1
1571396143 3.413625763 0.0 0
1571396339 3.305978505 0.0 0
1571396539 3.235161684 0.0 0
1571396739 3.287334898 0.3333333333333333 1
1571396964 3.384269793 0.25 1
1571397169 3.440730861 0.0 0
1571397370 3.288079704 0.0 0
1571397567 3.192996169 0.0 0
1571397764 3.356476762 0.5 2
1571405013 3.275483643 0.0 0
1571405211 3.343920256 0.0 0
1571405408 3.319951502 0.0 0
1571405637 3.24242085 0.25 1
1571405841 3.292798302 0.0 0
1571409059 3.334832034 0.0 0
1571409261 3.334610978 0.0 0
1571409463 3.127625136 0.25 1
1571409679 3.319976553 0.0 0
1571409878 3.374051205 0.0 0
1571664469 17.589292744 -1 -1
1571664992 3.423420442 0.0 0
1571665190 3.233027223 0.0 0
1571665401 3.386359133 0.0 0
1571665595 3.280650643 0.0 0
1571665791 3.31662996 0.0 0
1571668208 3.182206933 0.0 0
1571668406 3.372253728 0.25 1
1571668610 3.247169544 0.25 1
1571668805 3.411270286 0.0 0
1571669006 3.367819909 0.0 0
1571752078 3.448779256 0.25 1
1571752274 3.445931342 0.0 0
1571752473 3.300011222 0.0 0
1571752678 3.33543215 0.0 0
1571752873 3.290444171 0.25 1
1571753069 3.273085784 0.0 0
1571753266 3.316629195 0.0 0
1571753463 3.308010436 0.25 1
1571753660 3.327583786 0.0 0
1571753858 3.274687493 0.0 0
1571760216 3.408064979 0.0 0
1571760413 3.24116344 0.0 0
1571760615 3.332073061 0.0 0
1571760811 3.267373332 0.0 0
1571761013 3.334150566 0.0 0
1571761221 3.28784352 0.0 0
1571761420 3.322988609 0.0 0
1571761615 3.190891526 1.0 1
1571761811 3.288158718 0.0 0
1571762019 3.235041583 0.0 0
1572003322 3.446065313 0.0 0
1572003518 3.353937465 0.0 0
1572003713 3.296095628 0.25 1
1572003911 3.33636306 0.0 0
1572004108 3.153193465 0.0 0
1572004304 3.247883926 0.0 0
1572004498 3.386432507 0.0 0
1572004697 3.292167099 0.0 0
1572004899 3.327823575 0.0 0
1572005097 3.345030613 0.0 0
1572011299 3.340277867 0.0 0
1572011496 3.414115725 0.0 0
1572011691 3.313488793 0.0 0
1572011889 3.399159614 0.25 1
1572012085 3.409300775 0.0 0
1572012283 3.231997223 0.0 0
1572012477 3.241908563 0.0 0
1572012671 3.401241326 0.0 0
1572012866 3.296340117 0.5 1
1572013061 3.336205283 0.0 0
1572265120 3.224996248 0.0 0
1572265317 3.338711557 0.0 0
1572265516 3.295526089 0.0 0
1572265714 3.328057037 0.0 0
1572265919 3.306445036 0.25 1
1572266121 3.324484324 0.0 0
1572266318 3.292759855 0.25 1
1572266519 3.293184084 0.0 0
1572266717 3.208355718 0.0 0
1572266920 3.496011963 0.5 2
1572274176 3.000525239 0.3333333333333333 1
1572274349 2.596883177 0.3333333333333333 1
1572274517 2.770022628 0.0 0
1572274690 2.734637698 0.3333333333333333 1
1572274858 2.981204545 0.3333333333333333 1
1572275027 2.821547768 0.0 0
1572275199 2.634444084 0.0 0
1572275377 2.644622256 0.0 0
1572275545 2.685001078 0.0 0
1572275718 2.897225719 0.0 0
1572361336 3.34819367 0.0 0
1572361531 3.406391904 0.25 1
1572361726 3.187148397 0.0 0
1572361920 3.553983669 0.0 0
1572362119 3.335393008 0.0 0
1572362313 3.445273356 0.0 0
1572362509 3.321215841 0.0 0
1572362709 3.334572819 0.0 0
1572362904 3.634223101 0.0 0
1572363100 3.272560448 0.0 0
1572366967 2.593889265 0.3333333333333333 1
1572367135 2.731487074 0.0 0
1572367307 2.673529555 0.0 0
1572367473 2.821566398 0.0 0
1572367656 2.987767039 0.0 0
1572367833 2.679621356 0.3333333333333333 1
1572368002 2.728671663 0.3333333333333333 1
1572368171 2.703704479 0.3333333333333333 1
1572368338 2.764135293 0.0 0
1572368503 2.786922794 0.0 0
1572532451 3.328352476 0.0 0
1572532652 3.337537653 0.0 0
1572532857 3.315613183 0.0 0
1572544555 2.821970693 0.0 0
1572544723 2.799463018 0.0 0
1572544894 2.700963732 0.0 0
1572545067 2.757083843 0.3333333333333333 1
1572545240 2.687860709 0.0 0
1574707128 2.573799365 0.0 0
