1570545126 2.488913726 2.3333333333333335 3
1570545343 2.469149482 2.0 2
1571396552 2.594865987 0.6666666666666666 1
1571397778 2.004160471 1.3333333333333333 2
1571405026 2.33763668 0.5 1
1571409692 2.651508997 0.0 0
1571664494 3.375052409 -1 -1
1571761824 2.562825561 0.6666666666666666 1
1571762032 2.634589502 1.0 1
1572003531 2.634366707 0.0 0
1572004121 2.410796736 0.0 0
1572004317 2.337746462 0.6666666666666666 1
1572011902 2.324988781 0.6666666666666666 1
1572012295 2.553246985 2.0 2
1572012490 2.549888736 1.6666666666666667 2
1572013074 2.658588291 1.0 2
1572266331 2.812167671 1.0 2
1572275730 1.966550422 0.0 0
1572361349 2.731676685 0.0 0
1572362722 2.63831098 0.0 0
1572362917 2.18289828 0.0 0
1572367319 2.258968152 1.0 1
1572965795 2.113121566 1.6666666666666667 2
1573207108 2.05116157 0.0 0
1573221689 2.046235423 0.5 1
1573302776 1.742570695 0.5 1
1573754881 1.932505946 1.0 2
1573756155 2.335857548 2.0 2
1573833571 1.618684212 0.5 1
1574686026 3.28526637 1.75 2
1574707140 2.294717808 0.0 0
1575027706 2.031037373 1.0 1
1575113533 1.480612482 1.0 1
1575289820 1.988801937 1.0 1
1575385023 2.46069203 0.6666666666666666 1
1575556603 2.200367111 0.5 1
1575557291 1.66852596 0.5 1
1575558282 2.003363161 0.5 1
1575558468 1.618906284 1.0 1
1579522919 2.220713498 1.0 1
1579523652 1.850602508 0.5 1
1580215568 2.00425028 0.5 1
1580216213 2.046996762 1.0 2
1580305611 1.660479783 0.5 1
1582028538 2.274246886 1.0 1
1582115162 2.136117704 1.5 2
1582125914 2.388695421 0.6666666666666666 1
1582126578 2.42122399 0.5 1
1582126904 1.955717968 0.0 0
1582128397 2.272240697 1.5 2
1582193829 1.885513389 1.0 1
1574707140 2.294717808 0.0 0
