1569854941 3.899081413 1.2 4
1570447338 3.830526163 2.4 3
1570449092 4.247058108 1.2 2
1570449547 4.101191267 1.6 4
1570449995 40.884725653 0.19047619047619047 2
1571323534 4.154040051 1.4 3
1571323937 4.264689958 1.2 3
1571324334 4.575184591 1.3333333333333333 2
1571324727 4.250361039 1.0 3
1571327657 4.38074783 1.2 2
1571328048 4.222697941 1.0 3
1571329222 4.257134319 1.2 2
1571329611 4.358789708 1.0 3
1571398161 4.480327653 1.8 3
1571398949 4.50326975 0.8333333333333334 2
1571400129 4.30944875 1.6 3
1571401343 4.324304161 1.4 2
1571401732 4.315476919 1.0 3
1571407113 4.284347507 1.0 3
1571407896 4.397565899 1.0 2
1571408286 4.137716429 0.6 1
1571408678 4.317890768 1.8333333333333333 3
1571666170 4.394445837 1.1666666666666667 3
1571666562 4.184068394 1.6 4
1571667790 4.095322957 0.4 1
1571669441 4.137017877 1.4 3
1571669834 4.298455415 1.2 3
1571754743 4.446707792 0.8 2
1571755545 4.406100285 0.8333333333333334 2
1571756775 4.227515876 1.2 3
1571757212 4.141339387 1.2 2
1571757630 4.398591611 3.2 4
1571758418 4.565708235 0.8333333333333334 2
1571762423 4.429444541 0.6 1
1571762821 4.355485111 1.2 3
1571763212 4.178591965 1.4 2
1571763603 4.382218772 0.8 2
1571763996 4.359658388 0.0 0
1571764812 4.469862765 1.6 3
1571765201 4.658779738 1.6666666666666667 3
1572006689 3.887154507 1.0 3
1572009010 4.486375991 0.8333333333333334 2
1572009400 4.480932367 0.16666666666666666 1
1572009791 4.397295504 0.8 2
1572010181 4.147093294 2.0 3
1572010577 4.284868332 1.3333333333333333 4
1572010968 4.462425342 1.1666666666666667 2
1572013531 4.31084643 1.3333333333333333 3
1572013924 4.229506416 1.0 3
1572014316 4.286603385 1.0 2
1572014705 4.345403092 1.0 3
1572268242 4.187052088 -1 -1
1572269152 4.202502313 1.2 2
1572269568 4.279115606 0.8 2
1572269982 4.476199002 1.1666666666666667 2
1572270388 4.488535658 2.0 4
1572270783 4.573299605 1.6 3
1572271294 3.89303817 1.25 3
1572272822 5.06915844 1.6666666666666667 2
1572273156 3.579862605 1.2 3
1572276260 3.523691822 1.6 2
1572277263 3.664267522 0.75 1
1572277597 3.516304438 0.8 2
1572278288 3.461549752 1.0 3
1572278620 3.545288288 0.75 1
1572363679 3.588775472 0.5 1
1572364339 3.796554536 1.6 2
1572365722 3.876140453 0.8 3
1572366094 8.488945942 1.2 2
1572366768 4.104797543 1.0 2
1572370127 3.598133439 1.0 2
1572370458 3.62883733 0.8 3
1572371119 3.800787585 0.75 2
1572371450 3.796688622 1.4 2
1572371780 3.491885192 1.0 3
1572372111 3.576448477 1.5 2
1572372773 3.680255148 1.25 3
1572533784 3.498709201 0.8 2
1572534486 3.665737631 0.75 1
1572534814 3.655452254 1.0 3
1572535826 3.513695934 1.25 2
1572536161 3.537872512 1.2 3
1572536524 3.517203769 1.6 2
1572537776 3.419909192 1.25 3
1572539091 3.491953269 0.75 2
1572541949 3.655710203 1.0 2
1572543245 3.599798962 0.5 1
1572873645 3.395203813 1.25 2
1572875369 3.769309793 1.0 3
1572876227 3.53465355 1.4 3
1572878104 3.574409831 1.0 3
1572880409 3.66084114 1.0 1
1572881094 3.353411319 1.0 1
1572881425 3.680315965 1.6 3
1572882090 3.67000234 0.8 2
1572882476 3.444324787 1.5 2
1572882811 3.579153071 0.75 2
1572968718 4.325954168 1.0 3
1572969690 3.460977605 1.0 3
1572972325 3.495981759 1.2 3
1572973690 3.619192767 1.4 3
1572974339 3.624865022 1.2 3
1572975729 3.652761968 1.0 3
1572976100 3.509681875 1.0 2
1572976479 3.758267721 1.2 3
1572976810 3.447702592 1.0 2
1572977140 3.64725191 0.4 2
1572977504 3.406979755 1.0 1
1572977832 3.628464247 1.6 4
1573209274 3.376083196 1.2 3
1573211933 3.710863659 1.0 2
1573213235 3.414970807 0.5 1
1573213899 3.561187882 0.0 0
1573215215 3.832453148 2.4 3
1573218426 3.540057696 1.0 2
1573218759 2.997295173 1.25 2
1573308606 3.194404085 0.75 1
1573309575 3.419406352 1.0 1
1573310719 3.361167123 1.0 3
1573829791 3.345126543 1.0 3
1573831200 3.270879406 1.25 2
1574688155 3.326839328 2.0 4
1574694046 3.375850916 2.25 4
1574694793 3.499703823 1.4 3
1574695347 2.983089792 1.5 3
1574695998 3.318316415 1.25 2
1574696727 108.552037683 0.4727272727272727 4
1574697900 3.001703703 0.0 0
1574698469 2.865703389 0.0 0
1574699056 3.915400741 0.2 1
1574708279 3.030507372 1.5 3
1574708935 3.281540755 0.0 0
1574709152 2.789641811 1.0 3
1574710494 4.238970128 1.4 4
1574950944 3.195973116 1.25 2
1574952316 3.21655653 1.0 2
1574953411 3.331308477 1.5 3
1574954063 3.411000593 1.0 2
1574957742 3.124405911 0.25 1
1574958324 3.300899033 1.25 3
1574960106 2.843786671 0.0 0
1574960692 3.324713113 0.0 0
1574961359 112.551573359 0.4336283185840708 3
1574961928 3.424828911 1.0 3
1575028346 3.289408917 1.25 2
1575029306 3.247206382 1.0 2
1575029614 3.380309876 2.25 4
1575030236 3.384919509 1.2 3
1575030553 2.979589202 1.5 4
1575030885 3.537865445 1.2 3
1575031197 3.457116096 1.0 3
1575033408 3.330601808 2.0 6
1575034566 3.277500647 1.25 2
1575035138 3.36841774 1.4 3
1575035702 2.834132347 1.0 2
1575038867 3.371396189 1.4 4
1575039434 3.300271139 1.0 4
1575114627 3.429811595 1.0 2
1575115554 3.632179454 1.2 3
1575115869 3.360738992 0.5 2
1575116799 3.365896935 1.25 2
1575117108 3.294143746 2.0 4
1575121257 3.417108932 1.4 3
1575123435 2.912197769 1.25 3
1575293822 3.011521046 0.75 1
1575299146 2.986943942 1.25 3
1575299723 3.317932143 1.25 4
1575300335 3.115026685 1.2 3
1575300910 2.976851162 1.25 2
1575301697 11.546441276 1.9230769230769231 3
1575386038 3.320366915 1.0 2
1575387066 3.150051709 1.75 2
1575387993 3.063129229 1.5 3
1575388914 2.930501004 0.25 1
1575390481 2.98872643 1.5 3
1575391051 3.58511019 1.2 2
1575392426 3.030351106 1.0 3
1575393018 26.043730188 0.0 0
1575393625 3.071721007 1.25 2
1575394189 3.178080127 1.0 2
1575561322 3.580263693 2.0 3
1575561661 2.841136108 1.5 4
1579186545 3.330763409 1.0 3
1579191334 3.714798634 0.75 1
1579191947 3.31994636 1.2 2
1579193095 2.995510189 1.25 2
1579195381 3.535863565 0.75 1
1579355229 3.757610345 1.25 2
1579356155 3.504584283 1.75 2
1579357250 3.164222873 1.25 3
1579359737 3.445365116 1.75 2
1579360316 2.948191793 2.3333333333333335 3
1579362540 3.345937901 0.75 1
1579363664 3.040623594 1.75 2
1579364789 3.171123373 1.25 2
1579525643 3.101181125 0.75 1
1579528599 3.179058041 0.75 1
1579531373 2.984533861 1.25 2
1579533103 3.282346107 0.75 1
1579535080 3.189966033 1.0 1
1579535668 3.33220823 1.75 3
1580218371 3.118719287 2.25 3
1580219742 3.593220712 1.25 2
1580223080 3.214867198 1.0 1
1580224040 3.085895389 1.6 3
1580226299 3.333138917 1.0 2
1580226866 3.537274688 1.25 2
1580306673 3.236852611 1.0 1
1580308168 3.4442935 1.2 3
1581937382 3.211869693 1.2 2
1581937725 3.066941598 1.0 1
1581942739 2.987534582 1.0 1
1581946213 3.401269011 0.5 1
1582030481 3.430198439 1.2 3
1582035093 3.294121305 0.4 2
1582036571 3.199001528 0.5 1
1582038960 3.148786697 0.0 0
1582042626 3.515439157 1.0 1
1582044981 3.192109361 1.75 3
1582188947 52.581972572 1.150943396226415 3
1582636511 105.887935606 0.5514018691588785 4
1582643945 3.659461423 1.2 3
1582644614 3.041520148 0.25 1
1582886336 3.218978737 1.75 3
1582887209 105.503425291 0.6355140186915887 3
1582887498 103.187596339 0.5480769230769231 3
1582900245 3.171213421 1.0 2
1574708935 3.281540755 0.0 0
