1569854592 25.232309518 0.0 0
1571330269 11.195867949 0.0 0
1571766625 11.498028964 0.0 0
1571767408 11.569893682 0.0 0
1572537509 12.65871387 0.0 0
1572538166 10.483816923 0.0 0
1572538826 10.698317353 0.0 0
1572539479 10.491910131 0.5 1
1572540126 10.982556815 0.9090909090909091 1
1572541031 10.749661505 0.0 0
1572541685 10.776254057 0.0 0
1572542333 10.588004535 0.0 0
1572542981 11.053205937 0.0 0
1572543645 10.831315547 0.0 0
1572871400 10.484996039 0.0 0
1572872050 11.683842417 0.0 0
1572872727 12.586447466 0.0 0
1572873380 10.924734446 0.0 0
1572874033 10.524372706 0.0 0
1572875095 11.317880185 0.0 0
1572875956 10.316776296 0.0 0
1572877182 10.791878869 0.0 0
1572877831 12.756273158 0.0 0
1572879076 10.86018919 0.0 0
1572967467 11.569939121 0.0 0
1572968123 12.223123558 0.0 0
1572969425 10.986424365 0.0 0
1572970086 11.506289012 0.0 0
1572970736 11.243971082 0.0 0
1572971390 17.876764676 0.0 0
1572972051 12.150481374 0.08333333333333333 1
1572972709 10.70881658 0.0 0
1572973425 10.407350132 0.0 0
1572974075 10.390353939 0.0 0
1572974726 11.111509604 0.0 0
1573209010 10.706091933 0.0 0
1573209665 10.57308906 0.0 0
1573210339 11.736449208 0.0 0
1573211008 10.854097217 0.0 0
1573211666 10.945131675 0.0 0
1573212315 10.614802229 0.0 0
1573212966 13.107557712 0.0 0
1573213616 11.12818117 0.0 0
1573214289 10.262366459 0.0 0
1573214947 11.272849622 0.0 0
1573310460 12.647713729 0.0 0
1573311080 10.480470194 0.0 0
1573311695 10.717746875 0.0 0
1573312401 11.167126164 0.0 0
1573313012 12.492602279 0.0 0
1573313638 12.547961134 0.0 0
1573314270 10.147730932 0.0 0
1573314883 11.82467353 0.0 0
1574696492 10.398790668 0.0 0
1574697072 11.1309958 0.0 0
1574697663 11.368315653 0.0 0
1574698237 10.25235207 0.5 1
1574698821 14.100513811 0.0 0
1574709608 10.573537755 1.1 3
1574710895 11.254274258 0.0 0
1574956245 10.25344119 0.0 0
1574956907 10.419454542 0.0 0
1574957508 10.019645858 0.0 0
1574958088 12.884474344 0.0 0
1574958683 10.078532759 0.0 0
1574959268 10.779677989 0.09090909090909091 1
1574959871 10.801369113 0.0 0
1574960450 10.094065604 0.0 0
1574961060 10.118493926 0.0 0
1574961696 9.943358615 0.0 0
1575033171 10.203811294 0.0 0
1575033739 10.096435833 0.0 0
1575034329 10.504765159 0.0 0
1575034901 10.158106323 0.0 0
1575035467 10.225950211 0.0 0
1575036505 10.535427601 0.0 0
1575037067 9.928890055 0.0 0
1575037625 10.148428401 0.0 0
1575038627 11.325991885 0.0 0
1575039197 11.219465809 0.0 0
1575120460 9.93190971 0.0 0
1575121023 12.033071759 0.0 0
1575122002 27.418644058 0.0 0
1575122646 10.05539388 0.0 0
1575123203 10.067904913 0.0 0
1575123762 10.092588506 0.1 1
1575124319 9.915316585 0.0 0
1575124886 9.79073644 0.0 0
1575125444 13.460765751 0.0 0
1575126013 10.358058984 0.0 0
1575297762 10.999170776 0.0 0
1575298339 10.188573179 0.0 0
1575298907 9.954517619 0.0 0
1575299486 10.763733128 0.5 1
1575300058 12.538203415 0.0 0
1575300676 12.285497523 0.08333333333333333 1
1575302059 10.03079585 0.5 1
1575390247 10.081369543 0.0 0
1575390814 12.566223469 0.0 0
1575391380 9.89033959 0.0 0
1575391945 10.5636145 0.0 0
1575392754 10.93709392 0.0 0
1575393391 11.796062802 0.0 0
1575393950 10.243656513 0.0 0
1575394517 9.947556343 0.0 0
1575395081 10.510241827 0.5 1
1575395644 10.925797399 0.0 0
1575562478 11.053500925 0.0 0
1575563176 10.208674182 0.0 0
1575563825 10.518341727 0.0 0
1575564421 11.925976845 0.0 0
1575565004 10.164379962 0.0 0
1575565568 10.4210352 0.0 0
1575566142 11.789656006 1.1818181818181819 2
1575566724 11.049711885 0.0 0
1575568044 10.231499902 0.0 0
1575568650 11.568071653 0.0 0
1579191099 9.951509672 0.0 0
1579191711 9.959059597 0.5 1
1579192276 10.492110845 0.36363636363636365 1
1579192857 9.851459623 0.0 0
1579193425 9.903096638 0.4444444444444444 1
1579194012 10.865376535 0.45454545454545453 1
1579194581 10.35536356 0.0 0
1579195146 9.903586235 0.0 0
1579195736 10.518354707 0.0 0
1579196299 10.027227206 0.0 0
1579359504 11.065365598 0.09090909090909091 1
1579360082 10.03938125 0.0 0
1579360642 10.53968117 0.0 0
1579361198 10.048669669 0.0 0
1579361753 10.293276961 0.0 0
1579362308 10.045827143 0.0 0
1579362863 10.775430892 0.0 0
1579363430 10.372331723 0.0 0
1579363998 10.232856873 0.0 0
1579364556 11.246048254 0.0 0
1579530546 12.36859063 0.0 0
1579531121 10.232964497 0.0 0
1579532162 10.12681959 0.0 0
1579532867 9.883712233 0.0 0
1579533531 9.996703361 0.0 0
1579534132 10.030607054 0.0 0
1579534817 10.420634555 0.0 0
1579535430 11.488669067 0.0 0
1579536503 13.044311741 0.0 0
1579537081 9.962418182 0.0 0
1580223808 10.220208279 0.0 0
1580224366 10.863170783 0.0 0
1580224921 11.991083702 0.0 0
1580225487 10.490989077 0.0 0
1580226045 11.150188363 0.0 0
1580226631 9.698998829 0.0 0
1580227198 9.989935345 0.0 0
1580227796 10.230736412 0.0 0
1580228377 10.764864391 0.0 0
1580228936 11.508483914 0.0 0
1580312365 10.16779146 0.0 0
1580312945 10.818378064 0.0 0
1580313501 9.968375624 0.0 0
1580314464 9.869753053 0.0 0
1580315022 10.110665596 0.0 0
1580315581 11.019512516 0.0 0
1580316142 9.889907301 0.0 0
1580316843 12.250255328 0.0 0
1580317438 11.428108485 0.0 0
1581942503 11.615431958 0.0 0
1581943705 221.732078076 0.0 0
1581944996 27.370749147 0.0 0
1581945975 12.316345292 0.0 0
1581946546 10.049367849 0.0 0
1581947113 12.453921419 0.0 0
1581948035 10.433320067 0.0 0
1581949135 12.075777564 0.0 0
1582034823 25.055197053 0.0 0
1582035714 10.117263048 0.0 0
1582036322 12.356268072 0.0 0
1582036926 9.688609116 0.0 0
1582037533 10.186328304 0.0 0
1582038122 12.809574318 0.0 0
1582038719 11.865641693 0.0 0
1582041620 9.999906634 0.0 0
1582042224 167.166328183 0.0 0
1582043819 12.710204255 0.0 0
1582044423 10.634843518 0.0 0
1582638028 10.213301674 0.0 0
1582638590 10.658608285 0.0 0
1582639662 370.716407045 0.0 0
1582640842 11.231670386 0.0 0
1582641400 10.578784836 0.0 0
1582641972 12.468350173 0.08333333333333333 1
1582642539 12.531903791 0.0 0
1582643113 10.877593562 0.0 0
1582643714 10.393619904 0.0 0
1582644270 11.201219787 0.25 1
1582898877 12.979151928 0.0 0
1582899442 12.00514739 0.0 0
1582900011 12.340903686 0.0 0
1582900571 10.778286306 0.0 0
1582902231 96.427624116 0.010416666666666666 1
1582902877 10.786821058 0.0 0
1582903481 10.768171008 0.0 0
1574710895 11.254274258 0.0 0
