1569854723 5.2757859 1.6 2
1569856333 4.963909899 1.4 2
1571330385 5.193469721 1.4 2
1571766742 5.2967055 1.4 2
1571767525 5.211215821 2.0 3
1572537609 4.206272633 1.8 3
1572538263 4.197784726 1.25 2
1572538922 4.357090833 1.6 3
1572539575 4.168031331 1.75 3
1572540224 4.189200619 1.25 2
1572541127 4.149420711 2.0 3
1572541781 4.313024525 1.75 3
1572542430 4.180057884 1.5 2
1572543077 4.257140775 1.25 2
1572543741 10.118972981 1.4545454545454546 3
1572871496 4.093146203 1.5 2
1572872147 4.207627567 1.5 2
1572872826 4.495860628 1.25 2
1572873476 4.208551597 2.25 3
1572874134 4.067878159 2.0 3
1572875199 4.223565386 2.0 3
1572876053 4.175546126 1.5 2
1572877279 4.019722777 1.75 3
1572877934 4.193040288 1.75 3
1572879174 4.212785776 1.25 2
1572967564 4.24942926 1.75 3
1572968222 4.200486775 2.25 3
1572969522 4.113897704 1.25 2
1572970183 4.042512136 1.5 2
1572970833 4.192360784 2.0 3
1572971496 4.088977203 1.25 2
1572972156 4.268197912 1.6 3
1572972806 4.106884932 1.25 2
1572973522 4.167665545 1.75 3
1572974171 4.229921966 1.75 3
1572974829 4.122003965 1.5 2
1573209106 4.150786 2.0 4
1573209776 4.222211362 2.0 3
1573210437 4.131785209 1.5 2
1573211105 4.135500937 2.0 3
1573211764 4.22256299 1.6 3
1573212411 4.108640583 1.75 3
1573213065 4.188481683 1.5 2
1573213714 4.106684062 1.5 2
1573214387 4.099222045 1.25 2
1573215044 4.229138279 1.5 2
1573310554 4.00903127 1.25 2
1573311172 3.92815376 2.0 3
1573311784 3.956717568 1.75 2
1573312490 3.895359371 2.0 3
1573313106 3.923935667 1.75 3
1573313732 3.999732784 2.0 3
1573314361 3.899448392 1.5 2
1573314974 4.046685712 1.5 2
1574696582 4.052812447 1.5 2
1574697162 4.212548921 1.25 2
1574697753 4.073509295 2.0 2
1574698326 4.10960724 1.5 2
1574698914 3.918908629 1.25 2
1574709725 4.091001647 1.75 2
1574710984 4.015788363 0.0 0
1574956333 3.994722455 1.5 2
1574956996 4.120825793 1.5 2
1574957597 4.12184795 2.25 3
1574958179 4.297870004 1.75 2
1574958773 3.912429654 1.25 2
1574959360 4.217887857 1.4 2
1574959961 4.23727292 1.5 2
1574960538 4.074292478 1.5 2
1574961149 4.040503363 1.75 2
1574961784 4.124465966 1.4 2
1575033261 4.096585793 1.75 2
1575033829 4.139950361 2.0 3
1575034419 4.046391332 1.25 2
1575034995 4.186343923 2.0 2
1575035556 3.976428665 1.75 2
1575036594 3.904043236 1.5 3
1575037156 4.156888823 1.25 2
1575037715 4.068895681 1.5 2
1575038718 4.002720985 1.4 2
1575039288 3.965051695 1.0 2
1575120549 4.126718577 1.5 2
1575121114 4.348663538 1.25 2
1575122108 4.284168962 1.5 2
1575122735 4.115004969 1.5 2
1575123292 4.298704073 1.6 2
1575123850 4.063619218 1.4 2
1575124407 3.944289042 2.5 3
1575124973 4.291384503 1.4 2
1575125537 4.143504942 2.0 2
1575126103 4.305287485 1.4 2
1575297855 4.085292425 2.0 2
1575298428 4.218858127 1.4 2
1575298998 4.012370383 1.5 2
1575299578 3.920050262 1.6666666666666667 2
1575300149 4.1414509 1.0 2
1575300767 4.109074837 1.5 3
1575301539 4.226092864 1.75 2
1575302148 4.172569658 1.5 2
1575390336 4.237447347 1.4 2
1575390906 4.160316494 1.4 2
1575391469 4.170475353 1.5 2
1575392034 3.846477667 1.75 2
1575392845 4.017722423 1.25 2
1575393481 3.994418759 1.25 2
1575394040 4.145395391 1.5 2
1575394606 4.103591671 1.75 2
1575395170 4.10420091 1.5 2
1575395733 4.266745243 1.25 2
1575562580 4.196795055 1.75 2
1575563265 4.1962255 1.75 2
1575563914 4.15452836 2.25 3
1575564511 4.038356666 1.5 2
1575565093 3.96482376 1.5 2
1575565658 4.108153607 1.5 2
1575566232 3.946907234 1.0 2
1575568159 4.274028908 1.25 2
1575568743 4.104299592 1.5 2
1579191188 4.63840287 2.25 3
1579191800 4.159903777 1.4 2
1579192367 4.292777836 1.6 2
1579192952 4.09726387 1.75 2
1579193538 4.302176158 1.75 3
1579194102 4.095988933 1.25 2
1579194670 4.000730828 1.5 2
1579195235 4.336809437 1.5 2
1579195825 4.13861421 1.4 2
1579196388 4.204957012 1.25 2
1579359593 4.041191005 0.25 1
1579360171 4.148180864 1.25 2
1579360731 3.999982517 1.5 2
1579361287 3.930272901 1.5 2
1579361843 4.074607587 0.0 0
1579362397 4.185644647 1.5 2
1579362953 4.279040875 1.4 2
1579363519 4.317589643 1.6 2
1579364086 4.06148637 0.0 0
1579364646 4.038467312 1.25 2
1579530638 4.220556168 1.25 2
1579531210 4.036028539 1.75 2
1579532266 3.891832264 1.75 2
1579532958 4.180283034 1.4 2
1579533619 4.104659452 1.75 2
1579534220 4.134199595 1.75 2
1579534907 4.05300114 1.5 2
1579535522 4.282519119 1.5 2
1579536594 4.226452815 1.2 2
1579537170 3.998341386 1.25 2
1580223897 4.245531744 2.0 2
1580224455 4.215707269 0.0 0
1580225012 4.186705347 1.25 2
1580225576 4.130799291 2.25 3
1580226134 4.097480175 0.0 0
1580226720 4.099822578 1.75 2
1580227287 4.001361715 2.0 2
1580227885 4.296470428 1.75 2
1580228466 4.18291382 0.0 0
1580229026 4.064191511 1.5 2
1580312453 4.095628247 1.75 2
1580313034 4.114902361 1.25 2
1580313913 4.100062099 2.0 2
1580314553 4.113204352 1.75 2
1580315110 4.097381368 0.0 0
1580315671 4.280442277 1.5 2
1580316232 4.352598581 1.2 2
1580316942 4.035018283 1.5 2
1580317527 4.012112955 1.75 2
1581942593 4.10558009 1.75 2
1581944171 3.959396421 1.5 2
1581945118 3.921497252 2.0 3
1581946067 3.670647376 2.0 2
1581946635 4.00823548 2.75 3
1581947491 43.5580244 0.023255813953488372 1
1581948124 4.232433704 1.75 2
1581949230 4.443118925 1.8 2
1582035809 5.805862854 2.0 3
1582036414 4.140738284 2.0 2
1582037024 4.228304293 2.0 2
1582037625 4.099751691 3.5 4
1582038216 4.382285371 2.6 4
1582038809 3.890286085 1.5 2
1582041717 4.313704203 1.8 2
1582042472 3.939682026 1.5 2
1582043921 4.133583189 1.5 2
1582044512 4.089103045 0.25 1
1582638116 3.85356557 1.75 2
1582638679 3.836582934 1.25 2
1582640114 3.97055631 1.5 2
1582640932 3.889204221 1.75 2
1582641492 3.925461552 1.75 2
1582642063 3.928109868 1.5 2
1582642630 4.071689142 2.0 2
1582643204 4.006043969 1.25 2
1582643802 4.032606858 2.5 3
1582644361 4.30548048 1.5 2
1582898971 3.839004816 1.5 2
1582899534 4.033451487 1.5 2
1582900101 4.069708781 1.75 2
1582900661 3.916408445 1.5 2
1582902405 4.066532047 1.5 2
1582902965 4.266505728 1.4 2
1582903571 3.940883406 1.6666666666666667 2
1574710984 4.015788363 0.0 0
