1569853912 320.959872856 0.03115264797507788 1
1569854941 264.20669261 0.045454545454545456 1
1569855487 151.058950952 0.13815789473684212 1
1569856515 8.313455929 0.375 1
1570447338 716.969466719 0.19047619047619047 2
1570449092 161.786673285 0.3333333333333333 3
1570449547 169.264155906 0.10588235294117647 1
1571323534 130.219173665 0.2153846153846154 1
1571323937 129.12500263 0.17829457364341086 2
1571324334 131.353302822 0.18181818181818182 2
1571324727 344.615457816 0.17391304347826086 2
1571327657 129.686493769 0.2153846153846154 2
1571328048 129.314574025 0.16279069767441862 1
1571328439 129.195553259 0.25384615384615383 2
1571328830 130.541812158 0.1076923076923077 2
1571329222 129.400785443 0.19230769230769232 1
1571329611 332.757990603 0.07207207207207207 2
1571330587 9.611147587 0.3 2
1571398161 132.076899788 0.13636363636363635 1
1571398557 130.468902425 0.21374045801526717 2
1571398949 129.405877944 0.2 2
1571399340 129.672325127 0.17692307692307693 1
1571399733 133.827955034 0.3533834586466165 3
1571400129 130.468207767 0.24427480916030533 2
1571400550 131.07004221 0.17557251908396945 2
1571400948 132.079878854 0.16666666666666666 1
1571401343 129.567815644 0.24806201550387597 2
1571401732 3196.854254283 0.052083333333333336 3
1571407113 129.623769099 0.23255813953488372 2
1571407506 130.677963667 0.2923076923076923 2
1571407896 128.708619617 0.32558139534883723 3
1571408286 131.869752401 0.20454545454545456 2
1571408678 268.954250611 0.654275092936803 3
1571666170 129.353329207 0.13846153846153847 1
1571666562 128.980940378 0.12403100775193798 1
1571666954 130.414121735 0.183206106870229 1
1571667345 176.208272854 0.10795454545454546 2
1571667790 337.046073724 0.6706231454005934 1
1571669441 132.02864235 0.1984732824427481 1
1571754351 130.311561695 0.27692307692307694 2
1571754743 131.395703675 0.1984732824427481 2
1571755143 133.513328217 0.22388059701492538 2
1571755545 295.754930566 0.1447811447811448 2
1571756775 146.668329074 0.19727891156462585 2
1571757212 158.897527737 0.31446540880503143 2
1571757630 129.955893035 0.3769230769230769 3
1571758027 132.376169032 0.12878787878787878 2
1571758418 131.03970809 0.2748091603053435 2
1571758811 1323.362861117 0.0694006309148265 1
1571762423 141.136391245 0.14184397163120568 2
1571762821 131.961425481 0.25 2
1571763212 129.209857548 0.3643410852713178 2
1571763603 130.189817226 0.18461538461538463 2
1571763996 144.811789328 0.2013888888888889 2
1571764421 129.448963505 0.23076923076923078 2
1571764812 130.416235347 0.38461538461538464 3
1571765201 128.920468311 0.4806201550387597 4
1571765592 129.743612836 0.2923076923076923 3
1571765982 316.715322175 0.0694006309148265 2
1571766947 9.508303713 0.8 2
1572006689 356.597947334 0.09803921568627451 1
1572007310 130.186474038 0.13076923076923078 1
1572007705 228.542575502 0.5614035087719298 2
1572008213 129.918817672 0.3230769230769231 3
1572008615 130.747754814 0.2595419847328244 2
1572009010 130.349475302 0.2 2
1572009400 129.550110437 0.2 1
1572009791 130.650451927 0.08461538461538462 1
1572010181 136.16780786 0.4117647058823529 4
1572010577 130.522096631 0.24427480916030533 2
1572010968 250.428561863 0.6334661354581673 3
1572013531 130.961855049 0.2824427480916031 3
1572013924 130.359116901 0.2824427480916031 2
1572014316 129.18560403 0.3 2
1572014705 131.068903684 0.21374045801526717 2
1572268242 645.230832281 0.1282051282051282 2
1572269152 150.515817849 0.2980132450331126 3
1572269568 151.649823275 0.11842105263157894 1
1572269982 141.882456445 0.24647887323943662 3
1572270388 132.657877195 0.2781954887218045 3
1572270783 131.560680714 0.183206106870229 1
1572271294 976.165753415 1.6277372262773722 3
1572272491 109.474902107 0.1743119266055046 1
1572272822 113.227258102 0.21929824561403508 1
1572273156 113.53675294 0.12280701754385964 1
1572273503 111.222836883 0.14285714285714285 2
1572273841 265.729889954 0.6240601503759399 2
1572276260 113.32542092 0.38596491228070173 4
1572276599 111.209290168 0.18018018018018017 1
1572276932 108.904384636 0.08256880733944955 1
1572277263 108.217083838 0.1574074074074074 1
1572277597 119.822953085 0.11666666666666667 1
1572277956 108.895009645 0.1651376146788991 1
1572278288 110.240839317 0.11818181818181818 1
1572363679 108.873932845 0.26605504587155965 2
1572364008 109.121287687 0.24770642201834864 2
1572364339 108.12654313 0.20909090909090908 1
1572364668 112.518978389 0.3392857142857143 2
1572365007 115.008807063 0.1565217391304348 2
1572365344 156.419558534 0.1987179487179487 2
1572365722 150.277478292 0.44 3
1572366094 120.851638124 0.19834710743801653 2
1572366435 111.719177021 0.4732142857142857 3
1572366768 130.274521032 0.44274809160305345 3
1572369796 110.204671526 0.2882882882882883 3
1572370127 109.99493403 0.2727272727272727 2
1572370458 111.167088139 0.23423423423423423 2
1572370789 108.800846953 0.29357798165137616 2
1572371119 111.285202726 0.16964285714285715 2
1572371450 110.07814198 0.2636363636363636 2
1572371780 110.770635008 0.17117117117117117 2
1572372111 108.626397884 0.4074074074074074 3
1572372440 108.335515561 0.32407407407407407 3
1572533784 108.286728516 0.21296296296296297 1
1572534138 108.412550829 0.14678899082568808 1
1572534486 108.195415642 0.1574074074074074 1
1572534814 111.623955346 0.14285714285714285 2
1572535165 108.438768823 0.2018348623853211 2
1572535497 108.113682446 0.11009174311926606 1
1572535826 114.435069318 0.23684210526315788 2
1572536161 138.216721048 0.07246376811594203 2
1572536524 112.343761442 0.30973451327433627 2
1572536862 375.975028429 0.7925531914893617 2
1572537776 8.026166998 0.0 0
1572538433 8.350595084 0.125 1
1572539091 8.062466915 0.125 1
1572539743 7.926081441 0.2222222222222222 1
1572540392 8.101267253 0.0 0
1572541303 8.105540839 0.1111111111111111 1
1572541949 8.102520011 0.625 2
1572542600 7.760594915 0.125 1
1572543245 7.938702344 0.0 0
1572543918 8.093645145 0.375 1
1572871666 8.267650025 0.0 0
1572872315 8.113826486 0.0 0
1572872997 8.187832326 0.625 1
1572873645 8.234071772 0.0 0
1572874303 8.112285805 0.0 0
1572875369 8.164029024 0.0 0
1572876227 15.278700004 0.125 1
1572877449 7.95038327 0.25 2
1572878104 8.089061438 0.5 1
1572879346 8.105214663 0.0 0
1572880409 108.028258591 0.28703703703703703 2
1572880743 115.407241951 0.3620689655172414 3
1572881094 107.730440768 0.1588785046728972 1
1572881425 110.653045141 0.2882882882882883 3
1572881760 108.15437732 0.1651376146788991 1
1572882090 109.273053153 0.14545454545454545 2
1572882476 113.484672757 0.24778761061946902 3
1572882811 128.845708119 0.3203125 2
1572883163 117.337353347 0.16101694915254236 2
1572967734 8.159463329 0.25 1
1572968718 9.822770353 0.1 1
1572969690 8.06492567 0.625 2
1572970351 8.118768055 0.375 1
1572971002 8.040284611 0.0 0
1572971665 8.201164886 0.125 1
1572972325 8.143948492 0.6666666666666666 2
1572973038 8.25530094 0.0 0
1572973690 8.629794059 0.2222222222222222 1
1572974339 11.595769887 0.16666666666666666 1
1572974997 7.934431872 0.625 1
1572975398 110.192596752 0.34545454545454546 3
1572975729 133.747265865 0.2462686567164179 3
1572976100 158.478111244 0.22641509433962265 4
1572976479 110.853228725 0.25225225225225223 2
1572976810 109.055689915 0.3119266055045872 2
1572977140 109.803649537 0.2636363636363636 2
1572977504 109.146818253 0.29357798165137616 2
1572977832 127.841271667 0.5625 2
1573209274 8.183863216 0.0 0
1573209944 8.064465172 0.0 0
1573210608 7.805371149 0.375 1
1573211277 7.979256144 0.5 2
1573211933 8.118521915 0.0 0
1573212581 8.240624043 0.0 0
1573213235 7.926680679 0.2857142857142857 1
1573213899 8.079791469 0.0 0
1573214558 8.024319213 0.0 0
1573215215 9.005830304 1.2222222222222223 2
1573218426 108.151585721 0.4444444444444444 2
1573218759 166.183422329 0.22289156626506024 3
1573306663 102.308006262 0.21359223300970873 2
1573306985 110.45283568 0.08108108108108109 1
1573307321 103.328688162 0.20388349514563106 2
1573307638 102.898741591 0.18446601941747573 1
1573307954 108.423036506 0.10185185185185185 1
1573308274 102.148346461 0.09803921568627451 1
1573308606 101.943344906 0.13861386138613863 1
1573308925 102.246664446 0.11764705882352941 1
1573309247 111.343539078 0.18018018018018017 1
1573309575 623.55857081 0.03365384615384615 2
1573310719 7.92796027 0.125 1
1573311335 7.986806835 0.0 0
1573311953 7.921863186 0.0 0
1573312652 8.086005698 0.125 1
1573313271 8.186670273 0.25 1
1573313894 8.124275249 0.0 0
1573314522 8.153266021 0.0 0
1573315138 9.688909958 0.3333333333333333 1
1573828187 100.302942042 0.33 2
1573828495 102.655397367 0.47572815533980584 2
1573828802 100.850497636 0.26732673267326734 2
1573829107 100.972931567 0.31683168316831684 4
1573829411 103.152761107 0.21359223300970873 2
1573829791 103.665240949 0.21153846153846154 2
1573830279 101.698284815 0.3333333333333333 3
1573830587 101.265899237 0.21568627450980393 2
1573830895 102.12870281 0.23529411764705882 2
1573831200 188.421953046 0.6223404255319149 3
1573902833 105.22744049 0.19047619047619047 2
1573903146 103.246394807 0.6019417475728155 3
1573903458 102.939937975 0.2912621359223301 3
1573903769 102.125930183 0.29411764705882354 2
1573904079 100.849652463 0.33663366336633666 2
1573904387 124.685247484 0.25 3
1574688155 112.599781084 0.36607142857142855 4
1574688473 776.454014247 0.02702702702702703 2
1574689299 322.041949924 0.07763975155279502 2
1574692167 103.639116466 0.125 2
1574692480 112.19781571 0.3274336283185841 2
1574693399 101.006474268 0.1782178217821782 2
1574693717 111.687900568 0.19642857142857142 1
1574694046 210.253696461 0.6476190476190476 3
1574694469 116.797814103 0.2222222222222222 3
1574694793 348.729054735 0.07449856733524356 2
1574695347 131.583558132 0.29545454545454547 1
1574695690 101.647074714 0.22772277227722773 2
1574699056 7628.006991417 0.034778349253000246 2
1574707318 713.024495358 0.14332784184514002 2
1574708578 149.287433676 0.436241610738255 1
1574708935 174.378801013 0.05172413793103448 1
1574709152 190.566008149 0.06315789473684211 2
1574709885 7.740082368 0.0 0
1574710494 148.661645535 0.0945945945945946 1
1574711142 7.873304357 0.0 0
1574950944 112.172992185 0.23214285714285715 2
1574951319 125.441575937 0.152 1
1574951674 113.780197568 0.1504424778761062 1
1574952001 105.402123639 0.12380952380952381 2
1574952316 102.868613474 0.30097087378640774 2
1574952712 121.78296933 0.14754098360655737 1
1574953039 164.035799675 0.10975609756097561 1
1574953411 101.829264682 0.3564356435643564 2
1574953736 101.119273023 0.2376237623762376 2
1574954063 103.861035653 0.27884615384615385 3
1575028346 99.831715147 0.3 3
1575028655 103.218207249 0.21359223300970873 2
1575028989 102.040797723 0.14705882352941177 1
1575029306 101.138902349 0.24752475247524752 2
1575029614 101.331709183 0.26732673267326734 2
1575029926 104.404568269 0.21904761904761905 2
1575030236 105.240974206 0.2571428571428571 2
1575030553 104.772301741 0.24761904761904763 2
1575030885 103.914663716 0.3942307692307692 2
1575114627 100.827067609 0.27 4
1575114935 103.25573974 0.23300970873786409 3
1575115245 102.171660115 0.30097087378640774 3
1575115554 101.879466325 0.13725490196078433 1
1575115869 101.889275284 0.24509803921568626 2
1575116180 102.020598097 0.28431372549019607 2
1575116490 103.722718127 0.16346153846153846 2
1575116799 101.876012825 0.3235294117647059 2
1575117108 101.015839591 0.1782178217821782 3
1575293147 122.110611356 0.1721311475409836 2
1575293480 126.047010629 0.11811023622047244 2
1575293822 120.898505463 0.2644628099173554 3
1575294159 132.120807017 0.09848484848484848 2
1575294504 123.607307049 0.13821138211382114 1
1575294848 149.852404406 0.11333333333333333 2
1575295250 141.476839792 0.21830985915492956 2
1575295620 123.171063566 0.21138211382113822 2
1575296831 119.383464429 0.175 3
1575386038 103.446255389 0.2621359223300971 3
1575386351 101.773032671 0.35294117647058826 2
1575386662 196.681542319 0.10204081632653061 2
1575387066 100.336432903 0.31683168316831684 2
1575387374 103.371951451 0.09615384615384616 2
1575387686 101.004547334 0.19801980198019803 2
1575387993 101.894054528 0.16666666666666666 2
1575388301 102.15673659 0.22549019607843138 2
1575388610 99.014722126 0.12121212121212122 2
1575391611 7.31889482 0.25 2
1575395879 1246.278338966 0.48936170212765956 5
1575473774 626.639783004 0.3169877408056042 2
1575558800 102.051607595 0.20588235294117646 2
1575559110 120.237055292 0.38333333333333336 3
1575559437 103.552884595 0.1553398058252427 2
1575559756 159.213805024 0.3125 3
1575560124 119.04070752 0.2184873949579832 2
1575560454 119.585557857 0.15 3
1575560791 313.925071437 0.07961783439490445 2
1575561322 130.69616678 0.29770992366412213 2
1575561661 148.841126264 0.1476510067114094 3
1579186545 133.128891094 0.13533834586466165 2
1579186894 801.752291355 0.48813982521847693 3
1579187903 119.563121441 0.15 1
1579188235 237.572329471 0.31092436974789917 2
1579188686 318.101661757 0.3114754098360656 2
1579189216 119.533629776 0.15126050420168066 2
1579189553 113.02020976 0.13274336283185842 1
1579189878 123.754828133 0.23387096774193547 4
1579190217 119.568794229 0.175 1
1579354301 100.53633614 0.2079207920792079 2
1579354612 100.706668301 0.1188118811881188 1
1579354921 103.378872004 0.1650485436893204 2
1579355229 102.744043083 0.22549019607843138 2
1579355540 100.685885888 0.18811881188118812 2
1579355849 102.226479336 0.1568627450980392 2
1579356155 100.460861506 0.2 2
1579356461 101.510592454 0.1782178217821782 2
1579356767 101.719017071 0.13725490196078433 2
1579524915 122.991583891 0.17886178861788618 2
1579525257 110.635177337 0.36036036036036034 2
1579525643 115.736055601 0.23275862068965517 3
1579525969 115.727518353 0.21739130434782608 2
1579526292 2087.90363602 0.014846743295019157 2
1579528599 140.986705655 0.11347517730496454 2
1579529022 162.231128668 0.2037037037037037 3
1579529399 129.453836855 0.1937984496124031 2
1579529738 101.915555842 0.11764705882352941 2
1579536747 96.922341936 0.13541666666666666 1
1579537315 118.256447993 0.15254237288135594 2
1580218043 114.903248783 0.28695652173913044 2
1580218371 101.589597619 0.39215686274509803 3
1580218706 101.289980706 0.19801980198019803 2
1580219055 103.777206337 0.17307692307692307 2
1580219416 102.598480732 0.3786407766990291 3
1580219742 2505.62441161 0.16759776536312848 2
1580222455 106.695752934 0.205607476635514 3
1580222769 107.098417088 0.16822429906542055 2
1580223080 100.273618216 0.2 2
1580229170 8.19881879 0.25 1
1580306673 100.801585772 0.16831683168316833 1
1580306986 186.01100629 0.12365591397849462 2
1580307378 272.316349322 0.08088235294117647 2
1580307858 101.775420217 0.20588235294117646 1
1580308168 103.093909249 0.1553398058252427 2
1580308485 1989.983492146 0.7197452229299363 3
1580310687 101.635140231 0.2079207920792079 2
1580311001 101.727224529 0.18627450980392157 1
1580311307 103.977471075 0.4519230769230769 2
1580311619 165.283646157 0.13253012048192772 2
1582033677 8.04868156 1.0 2
1582120756 117.850214462 0.2184873949579832 1
1582193315 436.799291512 0.04128440366972477 3
1574711142 7.873304357 0.0 0
