1569853592 14.825627413 0.5333333333333333 2
1569854233 14.187078915 0.0 0
1569855205 15.04507343 0.0 0
1569855639 14.945975539 0.7142857142857143 1
1570446963 15.548925998 1.5 3
1570448782 14.859308586 0.8125 1
1570449254 14.518834847 1.5 2
1570449717 15.815966939 1.0 2
1571323271 14.544791283 0.0 0
1571323664 14.757397167 0.06666666666666667 1
1571324066 14.410510313 0.0 0
1571324466 14.57958395 0.07142857142857142 1
1571327397 14.884795608 0.0 0
1571327787 14.675303286 0.7857142857142857 2
1571328177 14.63375616 0.8 1
1571328569 14.860941246 0.9285714285714286 2
1571328960 14.770524002 0.8 1
1571329352 14.617916592 1.2142857142857142 2
1571329944 14.778957022 0.4666666666666667 1
1571397900 15.006802427 1.25 2
1571398293 14.652267775 0.7857142857142857 1
1571398688 14.634245452 0.14285714285714285 1
1571399079 14.626466324 0.0 0
1571399470 15.011726669 0.0 0
1571399866 16.578745916 0.058823529411764705 1
1571400260 14.970194577 0.0 0
1571400682 14.755219741 0.0 0
1571401080 14.676658188 0.0 0
1571401473 14.716188301 0.7333333333333333 2
1571406853 14.626009864 0.0 0
1571407249 7.522742262 0.1111111111111111 1
1571407636 14.770684126 0.06666666666666667 1
1571408025 14.730251139 0.07142857142857142 1
1571408418 14.568379252 0.14285714285714285 1
1571665909 15.288311129 0.0 0
1571666300 14.690334632 0.07142857142857142 1
1571666691 14.535758047 0.0 0
1571667085 14.657876046 0.0 0
1571667521 14.799547529 0.0 0
1571669173 14.919342381 0.125 1
1571669573 14.49053855 0.0 0
1571754084 14.603347771 0.875 2
1571754481 14.930688742 1.2 2
1571754874 14.599992734 0.8666666666666667 1
1571755277 17.092666031 1.2352941176470589 2
1571756510 14.675590601 0.5 1
1571756922 14.276658518 1.0714285714285714 2
1571757371 14.636164513 0.9285714285714286 2
1571757760 14.787624336 1.2142857142857142 3
1571758159 14.916969545 0.8 1
1571758549 14.680384822 0.8 1
1571762164 14.662393533 0.875 1
1571762564 10.838710874 0.8 1
1571762953 14.697334814 0.8 1
1571763341 14.847107797 0.6666666666666666 1
1571763733 14.589517854 0.5 1
1571764140 14.752766338 1.1333333333333333 2
1571764550 14.862442925 0.9333333333333333 2
1571764942 14.727747827 0.8666666666666667 1
1571765330 14.54737748 0.8666666666666667 2
1571765722 14.86039679 0.8666666666666667 1
1571766299 14.632642897 0.9333333333333333 2
1571767081 14.616787548 0.75 1
1572006308 14.568971863 0.9333333333333333 2
1572007046 15.535681285 0.8666666666666667 1
1572007440 14.485066232 0.8571428571428571 1
1572007933 22.328372128 2.9545454545454546 6
1572008343 14.596567308 0.8571428571428571 1
1572008746 14.432853604 0.2857142857142857 1
1572009140 14.46635066 0.0 0
1572009530 14.467154077 0.42857142857142855 1
1572009921 14.644252325 0.8 1
1572010317 14.381343632 0.8 1
1572010708 14.203109785 0.7142857142857143 1
1572013270 14.698451592 0.8666666666666667 1
1572013662 14.872431644 0.8 2
1572014055 14.700188506 0.8571428571428571 1
1572014446 14.681430012 0.7142857142857143 1
1572014836 14.211835976 0.7142857142857143 1
1572268116 14.504897957 0.6875 1
1572268887 14.187762726 1.2857142857142858 3
1572269303 14.270763299 0.7142857142857143 1
1572269719 14.129586698 0.21428571428571427 1
1572270124 14.442095894 0.8666666666666667 2
1572270521 14.495538056 1.3571428571428572 2
1572270914 16.346502478 1.6875 3
1572272270 13.036887157 0.6923076923076923 2
1572272600 13.083776525 0.6153846153846154 2
1572272936 13.146848129 0.8461538461538461 1
1572273270 17.150268436 0.23529411764705882 2
1572273615 13.263366019 1.3076923076923077 2
1572276039 13.291334074 1.0 2
1572276374 12.970807548 1.4166666666666667 2
1572276710 13.354436247 1.0 2
1572277041 13.39521953 0.6923076923076923 1
1572277371 15.638787265 1.4 3
1572277717 30.609924281 1.096774193548387 2
1572278065 13.58738034 1.0 2
1572278398 13.201782035 0.7857142857142857 1
1572363458 13.143325523 0.7857142857142857 1
1572363788 13.681799569 1.0 2
1572364117 13.414704582 1.8461538461538463 3
1572364448 12.75162296 0.0 0
1572364780 16.362648385 1.4705882352941178 4
1572365122 13.160930551 0.7692307692307693 1
1572365500 13.034473865 0.9230769230769231 2
1572365872 13.579586013 0.7857142857142857 2
1572366215 12.943891515 0.7692307692307693 1
1572366546 13.367782612 0.9285714285714286 1
1572369576 13.294221433 0.0 0
1572369907 13.171556884 0.07692307692307693 1
1572370237 13.291887521 0.07692307692307693 1
1572370569 13.321829662 0.0 0
1572370898 13.05249112 0.07692307692307693 1
1572371230 13.243560051 0.07692307692307693 1
1572371560 13.272903039 0.21428571428571427 1
1572371891 13.224839733 0.0 0
1572372219 12.787282985 0.0 0
1572372548 13.059909098 0.0 0
1572533555 13.343293198 0.7142857142857143 2
1572533892 13.223688861 1.0 2
1572534247 13.126369566 1.0769230769230769 2
1572534594 12.801981602 0.15384615384615385 1
1572534926 13.002198972 0.15384615384615385 1
1572535274 14.506446656 0.9285714285714286 2
1572535605 13.162153842 0.7692307692307693 1
1572535940 13.076070092 0.8461538461538461 1
1572536299 13.116838509 1.0714285714285714 2
1572536637 13.207199201 1.3846153846153846 2
1572537238 13.054539162 0.6923076923076923 1
1572537892 12.963785614 1.2142857142857142 2
1572538549 16.875551829 0.0 0
1572539201 12.943280294 1.0714285714285714 2
1572539854 13.581228025 0.9285714285714286 2
1572540760 13.469789732 1.1333333333333333 2
1572541414 13.38796694 0.0 0
1572542063 13.18987536 0.8571428571428571 2
1572542710 13.127637493 0.7857142857142857 2
1572543355 9.583658061 1.0 2
1572871127 13.216150886 1.2142857142857142 2
1572871778 13.063802343 0.07142857142857142 1
1572872426 13.276869284 0.0 0
1572873108 13.335074427 1.2 2
1572873758 13.278371932 1.5 2
1572874820 13.341252659 0.0 0
1572875679 14.034227241 0.13333333333333333 1
1572876905 18.115613007 0.3684210526315789 2
1572877559 13.948055995 1.2666666666666666 3
1572878786 13.290485859 0.7142857142857143 2
1572880182 13.475508825 0.9285714285714286 2
1572880517 14.283963782 1.2142857142857142 2
1572880859 13.681794124 0.9230769230769231 1
1572881201 14.411610479 1.1333333333333333 2
1572881536 13.299790798 0.38461538461538464 2
1572881869 13.545066235 1.5384615384615385 3
1572882200 13.287821345 1.1538461538461537 2
1572882589 13.073633699 0.7692307692307693 1
1572882939 13.144062145 0.0 0
1572883280 13.223039564 0.07692307692307693 1
1572967191 12.951655695 1.2142857142857142 2
1572967854 11.733641611 0.08333333333333333 1
1572969150 13.601480072 0.13333333333333333 1
1572969813 13.255431932 1.0714285714285714 2
1572970464 12.933084085 0.07142857142857142 1
1572971115 13.011536717 0.0 0
1572971778 13.164688798 0.0 0
1572972437 14.105755952 0.13333333333333333 1
1572973150 13.227699859 0.07142857142857142 1
1572973803 13.488070189 0.0 0
1572974452 13.339004124 0.0 0
1572975182 9.917131205 0.0 0
1572975508 14.199710955 0.06666666666666667 1
1572975863 25.940930359 0.2692307692307692 2
1572976259 13.26780283 0.5384615384615384 1
1572976590 13.854633082 0.7142857142857143 2
1572976919 13.188311634 0.0 0
1572977250 13.182807178 0.0 0
1572977613 13.26357297 0.0 0
1572977960 12.982410603 0.0 0
1573208738 13.347903219 0.9285714285714286 1
1573209389 12.869812552 1.0 2
1573210055 13.403039061 1.4666666666666666 2
1573210721 13.258195141 0.21428571428571427 1
1573211387 13.250765402 0.7142857142857143 1
1573212042 12.909764112 1.5 2
1573212692 12.634958615 0.07692307692307693 1
1573213345 12.919101854 1.4285714285714286 3
1573214013 13.463201263 0.2 1
1573214670 13.277839656 0.9333333333333333 1
1573218206 13.20791331 0.35714285714285715 1
1573218534 13.2919274 0.6923076923076923 2
1573306449 13.492166249 0.6 1
1573306765 13.827547936 1.2857142857142858 2
1573307096 14.34581028 1.5 3
1573307424 12.968241648 1.2307692307692308 2
1573307741 13.241535045 1.0769230769230769 2
1573308062 13.128215384 1.2307692307692308 2
1573308376 12.565988019 0.5384615384615384 1
1573308708 13.118393137 0.8571428571428571 1
1573309027 13.185319217 1.3571428571428572 2
1573309358 13.057407417 1.4615384615384615 3
1573310199 13.009085804 0.7692307692307693 1
1573310825 12.908812738 1.2307692307692308 2
1573311440 13.780556505 0.9285714285714286 1
1573312057 12.96427439 0.7857142857142857 1
1573312756 13.259666996 0.7142857142857143 1
1573313378 13.58788894 0.8571428571428571 1
1573313999 13.275865803 0.8571428571428571 2
1573314628 12.951150815 0.8571428571428571 1
1573827975 12.831261 0.7857142857142857 1
1573828287 13.40073555 0.5384615384615384 1
1573828598 12.416672873 0.0 0
1573828903 12.917351787 0.07692307692307693 1
1573829208 12.782477112 0.75 1
1573829514 12.535433082 1.0 2
1573829895 13.436687041 0.8461538461538461 1
1573830381 12.164362133 0.0 0
1573830689 12.722655091 0.9166666666666666 1
1573830997 12.934963229 0.07692307692307693 1
1573902631 12.867655421 0.9230769230769231 1
1573902938 12.669663761 0.7692307692307693 1
1573903249 12.960564411 0.7692307692307693 1
1573903561 12.18914544 0.9166666666666666 1
1573903871 12.650326687 0.0 0
1573904180 12.698759087 0.15384615384615385 1
1574687948 12.855244213 0.0 0
1574688267 12.914192928 0.07692307692307693 1
1574689250 13.104461008 0.8461538461538461 1
1574691952 13.706656381 0.6 1
1574692271 16.170980807 0.4375 1
1574692593 609.85946863 1.1067323481116584 3
1574693500 12.595426368 0.07692307692307693 1
1574693829 13.018901388 0.0 0
1574694256 12.994177072 0.7692307692307693 1
1574694586 12.482517502 0.3333333333333333 1
1574695142 12.550401516 0.0 0
1574695479 12.995017976 0.5384615384615384 2
1574695791 13.319856066 0.0 0
1574707243 13.007339129 0.8571428571428571 1
1574708031 13.55478815 0.8461538461538461 1
1574708727 12.727609056 0.0 0
1574709109 12.927594264 0.0 0
1574709342 12.86168689 0.0 0
1574710453 12.653085786 0.8461538461538461 1
1574710642 12.723860414 0.0 0
1574950735 13.617108479 0.42857142857142855 1
1574951056 12.979265306 1.3076923076923077 2
1574951444 12.669326094 1.1538461538461537 3
1574951787 13.195566285 0.0 0
1574952106 12.781583304 0.46153846153846156 2
1574952419 13.317740799 1.3846153846153846 3
1574952834 12.937043469 0.9230769230769231 2
1574953203 13.01175623 0.8461538461538461 2
1574953512 12.552063938 0.07692307692307693 1
1574953837 13.159546788 0.42857142857142855 1
1574955750 264.539107986 1.0113207547169811 8
1575028138 12.637663277 0.3076923076923077 1
1575028446 12.484057421 1.0 2
1575028758 13.670300423 0.0 0
1575029091 12.914702477 0.07692307692307693 1
1575029408 13.08194329 0.0 0
1575029715 13.84504534 1.7142857142857142 4
1575030031 12.56081961 1.1666666666666667 2
1575030341 13.445215352 0.07142857142857142 1
1575030658 12.566405251 0.8461538461538461 2
1575030989 12.838708173 0.9230769230769231 2
1575114424 12.643430199 0.0 0
1575114727 12.220716954 0.7692307692307693 2
1575115038 13.154509333 0.8461538461538461 1
1575115348 12.515493895 0.0 0
1575115656 12.587429593 0.8461538461538461 1
1575115971 12.984945649 0.8461538461538461 2
1575116282 12.625046689 0.08333333333333333 1
1575116594 12.807416799 0.7692307692307693 1
1575116901 12.797622394 0.7692307692307693 1
1575117209 14.338554041 0.13333333333333333 1
1575292935 15.014775934 0.625 2
1575293269 12.710795131 1.2307692307692308 2
1575293606 12.902341239 0.7692307692307693 3
1575293942 12.299553126 0.3076923076923077 2
1575294291 12.899742269 0.23076923076923078 1
1575294628 13.184522001 1.7142857142857142 3
1575294998 12.81912683 1.2307692307692308 2
1575295392 9.42823289 0.4444444444444444 1
1575295743 13.05461957 0.5384615384615384 1
1575296951 12.429728129 0.75 1
1575385831 13.05229893 0.07142857142857142 1
1575386141 13.216652662 0.7142857142857143 1
1575386453 13.003111397 0.0 0
1575386858 12.428126063 0.0 0
1575387167 12.891677068 0.9166666666666666 2
1575387477 12.756524898 0.0 0
1575387787 12.686830393 0.0 0
1575388095 12.498604934 0.8461538461538461 2
1575388403 12.71412821 0.8461538461538461 2
1575388709 13.003398679 0.6923076923076923 1
1575391619 99.301004679 0.35353535353535354 2
1575474401 12.860460733 0.3076923076923077 1
1575558590 13.824805566 1.6666666666666667 2
1575558909 5.609425986 0.0 0
1575559230 12.695709456 0.3076923076923077 1
1575559540 12.675773893 1.0769230769230769 2
1575559916 12.502853235 0.0 0
1575560243 12.771336203 0.23076923076923078 1
1575560574 12.825532469 1.5384615384615385 2
1575561105 14.390200461 0.6666666666666666 2
1575561453 12.990332976 0.6153846153846154 1
1575561810 13.582028994 1.2857142857142858 2
1579186334 13.797891048 1.6 3
1579186678 13.594758804 0.0 0
1579187695 13.195851011 0.23076923076923078 1
1579188022 13.007106052 1.3846153846153846 3
1579188473 13.760488244 0.07142857142857142 1
1579189004 13.055146796 0.7692307692307693 1
1579189335 12.716896901 0.0 0
1579189666 13.960950133 0.2857142857142857 1
1579190002 14.345233091 1.2142857142857142 2
1579190337 12.688888483 0.0 0
1579354096 14.043417156 0.9333333333333333 2
1579354402 12.662792425 0.8461538461538461 2
1579354713 12.811594656 0.0 0
1579355024 12.427633713 0.7692307692307693 1
1579355331 12.527134364 0.7692307692307693 1
1579355641 12.890281614 0.0 0
1579355951 12.477627479 0.7692307692307693 1
1579356255 12.761691979 0.7692307692307693 1
1579356562 12.71352317 0.0 0
1579356868 12.931392048 0.9230769230769231 2
1579524693 13.403346619 1.2 2
1579525038 12.774712521 0.07692307692307693 1
1579525368 13.200663812 0.38461538461538464 1
1579525759 12.544954835 0.7692307692307693 1
1579526085 12.764338975 0.3076923076923077 1
1579528380 12.614155124 0.07692307692307693 1
1579528740 13.852915377 0.9285714285714286 2
1579529184 12.836942739 0.07692307692307693 1
1579529528 13.094442573 0.6153846153846154 2
1579529840 12.811406846 0.5384615384615384 1
1579536843 6.208248859 0.0 0
1580217830 12.915859725 0.0 0
1580218158 14.137499053 1.7142857142857142 3
1580218473 12.525167741 0.0 0
1580218807 12.917065359 1.0 2
1580219159 12.637759219 0.9230769230769231 2
1580219519 13.039600656 0.23076923076923078 2
1580222247 12.618919272 0.8461538461538461 1
1580222562 13.052910508 0.5384615384615384 2
1580222876 12.523579984 0.0 0
1580223180 13.152989859 0.7857142857142857 1
1580306472 12.396022097 0.7142857142857143 1
1580306774 12.403884622 0.0 0
1580307172 13.466507188 0.6153846153846154 1
1580307650 12.624118892 0.8333333333333334 1
1580307960 12.90834333 0.07692307692307693 1
1580308272 13.421496918 0.0 0
1580310475 13.485365821 0.8461538461538461 1
1580310789 13.01074097 0.9285714285714286 2
1580311103 12.486182089 0.0 0
1580311411 12.736735413 1.1666666666666667 2
1580311785 12.511083848 0.8333333333333334 2
1581936701 182.295785916 0.9890710382513661 10
1582028624 1658.892018655 0.1680722891566265 8
1582033685 120.760388135 0.7851239669421488 3
1582120151 187.339334193 1.5159574468085106 9
1582188301 459.250372439 0.3926247288503254 9
1582632803 2100.510278287 1.1960038058991436 10
1582885982 174.962836421 1.3579545454545454 7
1574710642 12.723860414 0.0 0
1574708727 12.727609056 0.0 0
