1569854502 4.980391746 0.0 0
1569855928 4.10024627 0.0 0
1571330199 4.743784478 0.0 0
1571766555 4.890982605 0.0 0
1571767338 4.776594509 0.0 0
1572537453 3.929012914 0.0 0
1572538109 3.830312317 0.0 0
1572538769 3.96527042 0.0 0
1572539422 3.971070444 0.0 0
1572540069 3.807221339 0.0 0
1572540974 3.775186195 0.0 0
1572541628 3.837058237 0.0 0
1572542277 3.913750294 0.0 0
1572542924 3.825901223 0.0 0
1572543589 3.931586161 0.0 0
1572871343 3.888284433 0.0 0
1572871993 3.881762592 0.0 0
1572872670 3.848255602 0.0 0
1572873323 3.952561599 0.0 0
1572873977 3.847565472 0.0 0
1572875038 3.902273252 0.0 0
1572875900 3.779328273 0.0 0
1572877125 3.851397195 0.25 1
1572877775 3.895444535 0.0 0
1572879003 5.13953686 0.2 1
1572967410 3.845359346 0.0 0
1572968066 3.81439175 0.0 0
1572969369 3.970777094 0.0 0
1572970029 3.784068582 0.0 0
1572970680 3.814393945 0.0 0
1572971332 3.978179541 0.0 0
1572971995 3.87909007 0.0 0
1572972653 3.926574224 0.0 0
1572973369 3.942877507 0.0 0
1572974018 3.877451674 0.0 0
1572974670 4.01657095 0.0 0
1573208953 3.899432921 0.25 1
1573209608 3.984162442 0.0 0
1573210283 3.874494788 0.0 0
1573210951 3.855195902 0.0 0
1573211610 4.005698973 0.0 0
1573212258 3.794055977 0.75 1
1573212909 4.155686165 0.0 0
1573213560 3.977190123 0.0 0
1573214232 3.971750497 0.25 1
1573214887 3.939597475 0.25 1
1573310407 3.754842778 1.0 1
1573311028 3.652674957 0.0 0
1573311643 3.638823436 0.0 0
1573312347 3.770595086 0.75 1
1573312957 3.656762512 0.0 0
1573313585 3.694318078 0.3333333333333333 1
1573314217 3.759814226 0.75 1
1573314831 3.711277736 0.0 0
1574696440 3.64086769 0.0 0
1574697021 3.301000665 0.0 0
1574697611 3.832466153 0.0 0
1574698185 3.420708616 0.0 0
1574698770 3.362462752 0.0 0
1574709555 3.493349076 0.0 0
1574710842 3.527889717 0.0 0
1574956193 3.891969319 0.75 1
1574956854 3.788575732 1.0 1
1574957457 3.400299187 1.3333333333333333 2
1574958035 3.541354629 1.3333333333333333 2
1574958627 3.522403558 1.0 1
1574959216 3.896527843 0.75 1
1574959820 3.297527423 0.6666666666666666 1
1574960398 3.621650921 1.0 1
1574961008 3.694931434 1.25 2
1574961645 3.47621418 1.0 1
1575033119 3.950039775 0.0 0
1575033687 3.801049351 1.0 1
1575034278 3.611104106 1.0 1
1575034843 3.735945236 0.0 0
1575035415 3.544302293 0.0 0
1575036438 3.659712074 0.0 0
1575037015 3.587606618 0.75 1
1575037574 3.854957583 1.75 3
1575038575 3.7318252 0.5 1
1575039145 3.788030785 0.0 0
1575120409 3.554834915 0.6666666666666666 1
1575120972 3.417969945 0.0 0
1575121532 3.46500917 0.0 0
1575122595 3.740482028 0.0 0
1575123152 3.62377654 0.3333333333333333 1
1575123711 3.724840013 1.25 2
1575124267 3.340629168 0.75 1
1575124835 3.442104753 0.0 0
1575125392 3.499381255 0.0 0
1575125961 3.407507286 1.25 2
1575297710 3.947521428 0.5 2
1575298287 3.618351023 0.3333333333333333 1
1575298855 3.558332169 1.25 2
1575299434 3.938494452 0.25 1
1575300005 3.549553832 0.0 0
1575300625 3.198935759 0.0 0
1575301195 3.532503342 1.0 1
1575302007 3.571507953 0.0 0
1575390195 3.675923952 0.5 1
1575390761 3.8883759 0.0 0
1575391329 3.495816618 0.0 0
1575391893 3.745384602 0.0 0
1575392703 3.345359665 1.0 1
1575393339 3.433452128 0.75 1
1575393899 3.810518785 0.0 0
1575394465 3.878814505 0.25 1
1575395028 3.648846919 0.25 1
1575395591 3.547378488 0.75 1
1575562426 3.367325416 1.0 1
1575563124 3.729441943 1.25 2
1575563773 3.583683238 1.0 1
1575564368 3.812524507 1.0 2
1575564952 3.281699634 0.0 0
1575565517 3.539885676 1.0 1
1575566087 3.603190781 1.0 1
1575566672 3.431438798 0.75 1
1575567992 3.512349114 0.0 0
1575568598 3.784029986 0.5 1
1579191046 3.501652049 0.5 1
1579191659 3.703354971 1.25 2
1579192224 3.704825913 0.3333333333333333 1
1579192805 3.634765183 0.0 0
1579193368 4.521088538 0.25 1
1579193960 3.726349217 0.3333333333333333 1
1579194528 4.174539457 0.0 0
1579195093 3.655830495 0.0 0
1579195684 3.343723709 0.25 1
1579196246 3.852128527 0.0 0
1579359453 3.720180922 1.0 1
1579360029 3.7005957 0.0 0
1579360590 3.890725846 0.0 0
1579361147 3.294652895 0.0 0
1579361702 3.649346493 0.3333333333333333 1
1579362256 3.461447801 0.25 1
1579362812 3.374578648 0.3333333333333333 1
1579363378 3.539291337 0.25 1
1579363945 4.163397139 0.0 0
1579364504 3.881982479 0.0 0
1579530423 4.072934146 1.0 1
1579531069 3.528278657 1.0 1
1579532110 3.777012206 1.0 1
1579532811 3.587430183 1.0 1
1579533479 3.594173401 0.75 1
1579534080 3.52786173 1.25 2
1579534766 3.362931802 1.0 1
1579535378 3.540790824 1.0 1
1579535973 3.510310716 0.5 1
1579537029 3.813068818 1.25 2
1580223755 3.754525373 1.25 2
1580224314 3.905491661 0.0 0
1580224869 4.073588077 0.0 0
1580225434 3.442464458 1.0 1
1580225993 3.461410057 0.0 0
1580226578 3.6560087 0.0 0
1580227146 3.786286911 0.25 1
1580227744 3.878806547 1.25 2
1580228325 3.621511423 0.0 0
1580228884 3.588879785 0.0 0
1580312314 3.508572911 0.0 0
1580312894 3.365690535 0.3333333333333333 1
1580313450 3.443796832 0.0 0
1580314412 3.635059748 1.25 2
1580314970 3.448277063 0.0 0
1580315528 3.80313282 0.0 0
1580316090 3.681025281 0.75 1
1580316792 3.871661005 0.75 1
1580317385 3.632119472 0.25 1
1581942451 3.637101559 0.3333333333333333 1
1581943653 3.491312722 0.25 1
1581944943 3.579775429 0.75 1
1581945924 3.570282815 1.3333333333333333 2
1581946494 3.704902628 0.25 1
1581947061 3.561225669 0.0 0
1581947984 3.421834556 0.0 0
1581949080 4.218265354 0.6 1
1582034038 3.822050106 0.0 0
1582035657 4.046987163 0.0 0
1582036265 3.564693452 0.0 0
1582036870 4.138458033 0.0 0
1582037475 4.053584317 0.25 1
1582038065 3.955955058 0.0 0
1582038665 3.706450504 0.0 0
1582041562 4.023334807 0.0 0
1582042167 3.917140276 1.0 1
1582043759 4.084589724 0.75 1
1582044368 3.51268072 0.6666666666666666 1
1582637976 3.421361003 0.0 0
1582638536 3.757418915 0.0 0
1582639610 3.589843797 0.0 0
1582640790 3.645695471 0.0 0
1582641348 3.408305384 1.0 1
1582641920 3.592312259 0.0 0
1582642487 3.229690408 0.0 0
1582643061 3.77194892 0.0 0
1582643663 3.377172328 0.0 0
1582644219 3.554523557 2.0 3
1582898819 3.698536587 0.0 0
1582899390 3.876138368 0.6666666666666666 1
1582899959 3.492879231 0.0 0
1582900520 3.707292281 0.25 1
1582902179 3.8026519 1.3333333333333333 2
1582902825 3.643826242 0.0 0
1582903430 3.703461382 0.0 0
1574710842 3.527889717 0.0 0
