1569854646 3.221451248 0.25 1
1569856221 9.471355313 0.0 0
1571330308 2.94238695 0.3333333333333333 1
1571766664 2.988933762 0.0 0
1571767447 3.030218288 0.3333333333333333 1
1572537545 2.509475136 0.0 0
1572538199 2.431737877 0.3333333333333333 1
1572538858 2.427411901 0.0 0
1572539511 2.456517018 0.0 0
1572540159 2.347945154 0.0 0
1572541064 2.517501234 0.0 0
1572541718 2.543942436 0.0 0
1572542366 2.527291276 0.0 0
1572543014 2.481387455 0.0 0
1572543678 2.5204798 0.0 0
1572871432 2.607319135 0.3333333333333333 1
1572872083 2.506140889 0.3333333333333333 1
1572872761 2.572038611 1.0 1
1572873413 2.56266641 0.0 0
1572874071 2.476408062 0.0 0
1572875135 2.483948435 0.0 0
1572875989 2.524408188 0.0 0
1572877215 2.511894283 0.0 0
1572877866 2.463977092 0.0 0
1572879110 2.525219824 0.0 0
1572967500 2.541835523 0.0 0
1572968158 2.50852356 0.0 0
1572969458 2.438868333 0.0 0
1572970120 2.441810395 0.0 0
1572970770 2.471793437 0.0 0
1572971431 2.428965258 0.0 0
1572972093 2.429053136 0.0 0
1572972742 2.481670984 0.0 0
1572973458 2.470404416 0.0 0
1572974108 2.582690577 0.0 0
1572974760 2.431545791 0.0 0
1573209042 2.514376235 0.3333333333333333 1
1573209698 2.517234649 0.0 0
1573210373 2.45904514 0.0 0
1573211041 2.474409419 0.0 0
1573211699 2.294870628 0.3333333333333333 1
1573212348 2.562818325 0.0 0
1573213001 2.478452363 0.0 0
1573213650 2.607267085 0.0 0
1573214322 2.540971316 0.0 0
1573214980 2.493406974 0.0 0
1573310495 2.466655508 0.0 0
1573311111 2.300601358 0.3333333333333333 1
1573311726 2.360074123 0.0 0
1573312432 2.434179741 0.0 0
1573313045 2.299484558 0.0 0
1573313671 2.42923055 0.0 0
1573314301 2.093327239 0.0 0
1573314916 2.32650217 0.0 0
1574696523 2.273115092 0.3333333333333333 1
1574697104 2.511211413 0.0 0
1574697695 2.587642056 0.25 1
1574698267 2.221335223 0.3333333333333333 1
1574698856 2.198037044 0.3333333333333333 1
1574709667 2.398725465 0.0 0
1574710926 2.509726404 0.0 0
1574956275 2.389158407 0.0 0
1574956938 2.300476918 0.3333333333333333 1
1574957538 2.351239616 0.3333333333333333 1
1574958120 2.408854174 0.3333333333333333 1
1574958713 2.412756392 0.3333333333333333 1
1574959302 2.203147018 0.0 0
1574959903 2.51885877 0.0 0
1574960480 2.388868917 0.0 0
1574961090 2.442802089 0.0 0
1574961726 2.341599363 0.0 0
1575033202 2.426182269 0.0 0
1575033770 2.237556704 0.25 1
1575034360 2.524086723 0.3333333333333333 1
1575034934 2.515763269 0.0 0
1575035497 2.342121956 0.0 0
1575036535 2.420390249 0.3333333333333333 1
1575037097 2.350691127 0.3333333333333333 1
1575037656 2.344252941 0.0 0
1575038658 2.3528369 0.3333333333333333 1
1575039229 2.436819606 0.0 0
1575120490 2.397156942 0.3333333333333333 1
1575121056 2.277539205 0.3333333333333333 1
1575121776 3.210661441 -1 -1
1575122050 2.442311562 0.0 0
1575122676 2.302085984 0.3333333333333333 1
1575123234 2.394088706 0.3333333333333333 1
1575123793 2.485006193 0.3333333333333333 1
1575124349 2.301853758 0.3333333333333333 1
1575124916 2.525007984 0.0 0
1575125478 2.399810403 0.0 0
1575126044 2.475998413 0.3333333333333333 1
1575297795 2.215919992 0.5 1
1575298370 2.355199208 0.3333333333333333 1
1575298937 2.260474232 0.3333333333333333 1
1575299519 2.459143341 0.25 1
1575300091 2.235612792 0.0 0
1575300709 2.405241806 0.0 0
1575301480 2.436458825 0.3333333333333333 1
1575302089 2.273748689 0.0 0
1575390277 2.567099726 0.0 0
1575390847 2.105831227 0.3333333333333333 1
1575391410 2.303453916 0.3333333333333333 1
1575391976 2.428356122 0.0 0
1575392785 2.400598008 0.0 0
1575393423 2.257843482 0.3333333333333333 1
1575393981 2.405114123 0.3333333333333333 1
1575394548 2.335795606 0.0 0
1575395111 2.293178355 0.25 1
1575395675 2.223312496 0.3333333333333333 1
1575562509 2.3702178 0.25 1
1575563207 1.975608849 0.3333333333333333 1
1575563856 2.428688693 0.3333333333333333 1
1575564453 2.172532583 0.3333333333333333 1
1575565034 2.304761911 0.25 1
1575565600 2.400086728 0.0 0
1575566174 2.18113654 0.3333333333333333 1
1575566755 2.34461109 0.0 0
1575568100 2.33870773 0.0 0
1575568685 2.33861889 0.0 0
1579191129 2.353968234 0.3333333333333333 1
1579191741 2.369244197 0.6666666666666666 2
1579192307 3.423173098 0.75 2
1579192887 2.34452187 1.0 1
1579193455 2.338612556 0.3333333333333333 1
1579194044 2.219737095 0.3333333333333333 1
1579194612 2.49748194 0.0 0
1579195176 2.30159694 0.6666666666666666 1
1579195767 2.417770145 0.0 0
1579196330 2.172488318 0.3333333333333333 1
1579359535 2.183779506 0.25 1
1579360112 2.260001609 1.3333333333333333 2
1579360673 2.433071446 0.0 0
1579361228 2.315396103 0.0 0
1579361784 2.440492723 1.0 1
1579362338 2.343768548 0.3333333333333333 1
1579362895 2.36034975 1.3333333333333333 2
1579363461 2.212438162 0.3333333333333333 1
1579364028 2.43581411 0.0 0
1579364588 2.405954709 1.3333333333333333 2
1579530579 2.353326049 0.0 0
1579531152 2.308051914 0.0 0
1579532192 2.356326446 0.3333333333333333 1
1579532900 2.388809217 0.0 0
1579533561 2.256738103 0.0 0
1579534162 2.346939651 0.3333333333333333 1
1579534848 2.465452493 0.0 0
1579535464 2.260447698 1.3333333333333333 2
1579536536 2.442083061 1.3333333333333333 2
1579537112 2.171760967 0.3333333333333333 1
1580223838 2.475340314 0.25 1
1580224397 2.256029665 0.3333333333333333 1
1580224954 2.272954519 0.3333333333333333 1
1580225517 2.352816143 0.3333333333333333 1
1580226076 2.268177298 0.25 1
1580226661 2.238887824 0.3333333333333333 1
1580227229 2.371896632 0.0 0
1580227826 2.281053593 0.3333333333333333 1
1580228408 2.440644442 0.0 0
1580228968 2.436287075 0.3333333333333333 1
1580312395 2.395587139 0.3333333333333333 1
1580312976 2.395773836 0.0 0
1580313531 2.208635491 0.3333333333333333 1
1580314494 2.365820861 0.0 0
1580315052 2.473720122 0.0 0
1580315612 2.429495663 0.25 1
1580316172 3.844716537 0.25 1
1580316878 2.317471471 0.0 0
1580317469 2.304013767 0.3333333333333333 1
1581942535 2.355667256 0.0 0
1581943948 166.415370132 0.9577464788732394 1
1581945057 2.119792622 0.3333333333333333 1
1581946008 2.436089453 0.0 0
1581946577 2.337557395 0.0 0
1581947146 2.332066971 0.0 0
1581948066 2.356185945 0.0 0
1581949167 2.648848576 0.5 1
1582034869 2.376681868 0.0 0
1582035747 2.604501063 0.0 0
1582036356 2.273738482 0.0 0
1582036958 2.492578347 0.0 0
1582037564 2.400523521 0.0 0
1582038156 2.267505721 0.0 0
1582038752 2.337870452 0.6666666666666666 1
1582041653 2.641591716 0.3333333333333333 1
1582042412 2.689950448 0.0 0
1582043853 2.646602349 0.0 0
1582044454 2.302008094 1.0 1
1582638058 2.099697949 0.3333333333333333 1
1582638621 2.353337718 0.0 0
1582640052 2.227391595 0.25 1
1582640873 2.050745562 0.0 0
1582641430 2.260110299 0.0 0
1582642005 2.285825098 0.0 0
1582642572 2.299665542 0.0 0
1582643144 2.381063556 0.3333333333333333 1
1582643745 2.259715812 0.0 0
1582644302 2.312941844 0.0 0
1582898912 2.225152584 0.0 0
1582899475 2.175454211 0.0 0
1582900043 2.259065128 0.3333333333333333 1
1582900602 2.346015248 0.3333333333333333 1
1582902347 2.351324516 0.3333333333333333 1
1582902908 2.220975871 0.3333333333333333 1
1582903512 2.343451008 0.0 0
1574710926 2.509726404 0.0 0
