1569849999 9.542723973 0.0 0
1569850203 9.419323491 0.0 0
1569849999 9.542723973 0.0 0
1569850203 9.419323491 0.0 0
1569850734 10.287482277 0.4 1
1569851016 9.81800141 0.1 1
1569851222 9.516515374 0.2 1
1569851572 9.413326262 0.3333333333333333 1
1569851779 14.480715318 0.07142857142857142 1
1569852008 9.180185374 0.5555555555555556 1
1569852238 9.625141505 0.5555555555555556 1
1569852475 9.650834696 0.0 0
1569853083 10.365726502 0.9090909090909091 2
1569853397 10.081536189 1.1 2
1570543123 9.533874379 1.5 2
1570543485 9.406891907 1.1 2
1570543696 8.939099247 2.0 2
1570544612 9.131065965 1.2222222222222223 2
1570544871 9.130967682 0.1 1
1570545072 9.639468698 1.0 2
1570545289 9.723972145 0.4444444444444444 1
1571322996 9.366916998 0.7777777777777778 2
1571325114 9.191396097 0.7777777777777778 2
1571325310 9.410603815 0.5555555555555556 1
1571325515 9.388718059 0.1111111111111111 1
1571325716 9.477373325 0.3333333333333333 2
1571325912 9.551572972 1.5555555555555556 3
1571326113 9.380794027 0.6 1
1571326804 9.510804598 1.0 2
1571327020 9.497471018 1.4444444444444444 2
1571327228 10.211881062 0.3 1
1571395905 9.591288318 0.8 2
1571396101 10.461275511 1.3636363636363635 2
1571396298 9.440528819 0.6 2
1571396498 9.741787806 0.5555555555555556 2
1571396696 10.143199297 0.3 1
1571396924 9.241496612 0.4444444444444444 2
1571397128 9.5949096 0.7 1
1571397330 9.166144714 0.5555555555555556 1
1571397526 9.232830988 0.5 1
1571397723 9.207254482 0.2222222222222222 1
1571404972 9.575405935 0.2 1
1571405170 9.133344455 0.5 1
1571405368 9.366420724 0.1111111111111111 1
1571405596 9.392924771 0.0 0
1571405800 9.560202585 0.0 0
1571409018 9.36599347 0.3333333333333333 1
1571409220 9.307762689 0.2 1
1571409421 9.554974243 0.1 1
1571409638 9.419278073 0.4 1
1571409836 9.324140206 0.0 0
1571664404 9.506471539 0.3333333333333333 1
1571664945 9.784501195 0.5 1
1571665149 9.553324638 0.4 2
1571665360 9.579582956 0.1111111111111111 1
1571665554 9.31235595 0.3333333333333333 1
1571665749 9.806852944 0.3 1
1571668167 9.674781621 0.3333333333333333 1
1571668366 9.469076441 0.2 1
1571668570 9.077034013 0.2222222222222222 1
1571668764 9.606943791 0.3333333333333333 1
1571668964 9.855978209 1.6 3
1571752038 9.399769778 1.0 1
1571752233 9.578380879 0.1111111111111111 1
1571752433 9.165767434 0.0 0
1571752637 9.696234385 0.0 0
1571752832 9.767009382 0.2222222222222222 1
1571753028 9.690745356 0.4444444444444444 1
1571753225 9.430682531 1.3333333333333333 3
1571753422 9.277885318 0.3333333333333333 1
1571753620 9.330489951 0.7777777777777778 2
1571753817 9.388087103 0.4444444444444444 2
1571760175 9.545790098 0.0 0
1571760370 8.987607954 0.1111111111111111 1
1571760574 9.591655925 0.2 1
1571760770 9.629719773 1.5 3
1571760972 9.164795917 0.5555555555555556 1
1571761180 9.646881736 0.3 2
1571761379 9.408308394 0.1 1
1571761574 9.449611351 1.2 2
1571761770 9.748460003 1.1111111111111112 3
1571761978 9.463688851 0.8888888888888888 2
1572003281 8.839755893 0.375 1
1572003477 9.351800085 0.5555555555555556 1
1572003673 9.417456119 0.3333333333333333 1
1572003871 8.971892963 0.8888888888888888 2
1572004067 9.351676944 1.0 2
1572004263 9.504053374 0.6666666666666666 2
1572004457 9.113187852 1.2222222222222223 2
1572004656 9.235527025 1.1111111111111112 2
1572004858 9.539492183 1.2222222222222223 2
1572005057 9.136859947 1.3333333333333333 2
1572011258 9.820279757 0.0 0
1572011455 9.088064484 0.0 0
1572011651 9.171549757 1.5555555555555556 3
1572011848 9.343906846 1.2 2
1572012044 9.111908911 0.1111111111111111 1
1572012242 9.081592177 0.0 0
1572012436 9.739675518 0.6 1
1572012631 9.381860887 0.2222222222222222 1
1572012826 9.367617516 0.5555555555555556 2
1572013020 9.685305449 1.4444444444444444 2
1572265079 9.184028019 0.3 2
1572265276 9.709878138 0.7777777777777778 2
1572265474 9.139164115 0.6 2
1572265673 9.211585943 0.5555555555555556 1
1572265878 9.478709813 0.2 1
1572266080 9.238229552 0.3333333333333333 2
1572266277 8.868756931 0.2222222222222222 1
1572266477 9.504507748 0.5555555555555556 1
1572266677 9.077772007 0.7777777777777778 2
1572266879 9.383362846 0.0 0
1572274142 8.596971187 0.75 2
1572274314 9.002421077 0.4444444444444444 1
1572274483 8.72847014 1.0 2
1572274656 8.784490172 0.5 1
1572274823 8.903949066 0.6666666666666666 2
1572274993 8.730709382 1.6666666666666667 2
1572275165 8.609447223 0.6666666666666666 1
1572275341 8.831675453 0.2222222222222222 2
1572275511 8.700475281 0.75 1
1572275684 8.597842584 0.5555555555555556 1
1572361293 9.047057821 2.3333333333333335 3
1572361489 9.643844916 1.1 2
1572361685 9.127063445 2.0 3
1572361880 9.342917223 1.1111111111111112 2
1572362079 9.000934748 1.6666666666666667 2
1572362273 9.194048311 0.2222222222222222 1
1572362469 9.115933442 2.4444444444444446 3
1572362668 9.256994994 0.4 1
1572362863 9.239275098 0.7777777777777778 1
1572363059 9.063810016 0.7777777777777778 1
1572366933 8.916526112 0.3333333333333333 1
1572367101 8.796214984 0.3333333333333333 1
1572367271 10.607958959 1.6363636363636365 3
1572367439 8.570618292 1.5555555555555556 3
1572367621 9.913449242 0.6 1
1572367799 8.642928693 0.7777777777777778 1
1572367968 8.638309028 0.3333333333333333 1
1572368137 8.305372532 0.75 1
1572368303 9.228299646 1.2222222222222223 2
1572368468 8.76033601 1.5555555555555556 3
1572532410 9.255445288 1.0 3
1572532610 9.578559474 0.6 2
1572532816 9.119219144 0.3333333333333333 1
1572544521 8.516354897 0.125 1
1572544689 8.80795365 0.7777777777777778 1
1572544860 8.94608899 0.3333333333333333 1
1572545032 9.032810433 0.2222222222222222 1
1572545206 8.858825069 0.0 0
1572870033 10.684465063 0.0 0
1572870252 8.723947468 0.3333333333333333 1
1572870433 10.481184315 0.1 1
1572870655 8.834177181 0.2222222222222222 2
1572870825 8.554376624 0.875 2
1572965414 8.789215143 2.3333333333333335 3
1572965581 8.994201371 0.3333333333333333 2
1572965748 9.548284 1.8 3
1572965918 8.886872842 0.3333333333333333 2
1572966090 8.650283155 0.125 1
1572966256 8.783932809 1.1111111111111112 2
1572966427 9.049058469 1.8888888888888888 3
1572966611 8.666991808 1.1111111111111112 2
1572966790 8.9242669 0.2222222222222222 2
1572966954 8.687707281 0.7777777777777778 2
1573207062 9.090127557 1.3333333333333333 3
1573207230 8.523214816 0.75 2
1573207399 8.71848972 0.7777777777777778 2
1573207564 8.47178603 0.4444444444444444 1
1573207734 8.725982778 0.1111111111111111 1
1573207902 8.904069545 1.6666666666666667 2
1573208069 8.635391438 1.25 2
1573208234 8.723927437 0.1111111111111111 1
1573208402 8.61376217 0.7777777777777778 1
1573208568 8.694796937 0.5 1
1573220303 8.874613162 3.111111111111111 4
1573220470 8.870028865 0.0 0
1573220638 8.706678918 0.0 0
1573220807 8.802562754 0.0 0
1573220975 8.669638395 0.0 0
1573221142 8.790216336 0.0 0
1573221306 8.901149722 0.0 0
1573221476 8.645257596 0.0 0
1573221643 8.412573116 0.0 0
1573221812 8.819195965 0.0 0
1573222000 8.563462517 0.1111111111111111 1
1573222171 8.632521204 0.1111111111111111 1
1573222338 8.57433869 0.5555555555555556 1
1573222504 8.727271868 0.4444444444444444 1
1573222674 8.506155307 0.25 1
1573301152 8.695049539 0.0 0
1573301321 8.564390218 0.25 1
1573301502 8.91241776 0.0 0
1573301670 8.879008695 0.5555555555555556 1
1573301857 8.643938772 1.0 2
1573302035 9.891039883 1.5 3
1573302203 9.045158079 0.3333333333333333 1
1573302378 8.862436379 0.1111111111111111 1
1573302547 8.910391424 0.1111111111111111 1
1573302728 10.286122753 0.7272727272727273 1
1573303866 8.667508056 0.3333333333333333 1
1573304030 8.580479864 0.3333333333333333 1
1573304190 8.911690752 0.0 0
1573304357 8.663480843 0.7777777777777778 1
1573304516 8.871740516 0.3333333333333333 1
1573304682 8.951008084 0.1111111111111111 1
1573304841 8.622133449 0.1111111111111111 1
1573305001 8.715569944 0.6666666666666666 2
1573305163 8.751899559 0.5555555555555556 1
1573305323 8.866106832 0.2222222222222222 2
1573752495 8.6308009 1.0 2
1573752753 9.151523492 0.3333333333333333 1
1573752913 8.769066528 0.1111111111111111 1
1573753071 8.688647213 0.8888888888888888 1
1573753229 8.664666025 0.2222222222222222 1
1573753383 9.039852764 0.5555555555555556 2
1573753542 8.897828242 0.6666666666666666 1
1573753695 8.759646693 0.4444444444444444 1
1573753857 9.055624643 0.2222222222222222 1
1573754677 9.085956657 0.2222222222222222 1
1573754837 8.470504255 0.625 2
1573754998 8.666872264 0.2222222222222222 1
1573755164 9.16171037 0.6 2
1573755327 8.974773369 0.3333333333333333 1
1573755485 8.615269753 0.375 2
1573755639 9.087732686 0.1111111111111111 1
1573755797 8.92565008 0.5555555555555556 1
1573755956 8.4618 0.375 1
1573756113 8.396514578 0.6666666666666666 2
1573831421 8.53653395 0.125 1
1573831579 8.596406519 0.0 0
1573831737 8.639283015 0.0 0
1573831909 8.812626425 0.1111111111111111 1
1573832061 8.658559259 0.0 0
1573832223 8.613591535 0.0 0
1573832377 11.652370318 0.0 0
1573832544 8.847122965 0.0 0
1573832699 8.809343969 0.0 0
1573832855 8.694851108 0.0 0
1573833050 8.935719725 0.0 0
1573833206 8.750619226 0.1111111111111111 1
1573833370 8.975785678 0.0 0
1573833527 8.760718131 0.1111111111111111 1
1573833685 9.021654015 0.0 0
1573901059 9.539509034 0.9 2
1573901217 8.690125629 0.0 0
1573901374 8.01579844 0.0 0
1573901529 8.568504653 0.0 0
1573901690 8.937356956 0.0 0
1573901844 8.467089756 0.3333333333333333 2
1573901999 8.42474795 0.4444444444444444 1
1573902157 8.827134568 0.3333333333333333 2
1573902315 8.744584209 0.25 1
1573902470 8.892140997 0.5555555555555556 1
1574685788 10.334340866 0.0 0
1574685978 9.908476418 0.1 1
1574686150 8.684274443 0.5555555555555556 1
1574686310 11.13974794 0.0 0
1574686469 8.74096178 0.1111111111111111 1
1574686635 8.952191175 0.4444444444444444 1
1574686799 8.822781477 0.5555555555555556 1
1574686985 8.904810119 0.0 0
1574687161 8.886115122 0.625 1
1574687324 8.832708655 0.0 0
1574689653 9.366656531 0.0 0
1574689869 9.356391838 0.0 0
1574690039 8.400161193 0.5 1
1574690208 9.35564611 0.0 0
1574690378 9.039555891 0.0 0
1574690537 8.899834356 0.1111111111111111 1
1574690709 9.354988643 0.0 0
1574690868 8.724187258 0.0 0
1574691053 8.664464327 0.0 0
1574691232 8.902467575 0.0 0
1574706854 8.716179156 0.6666666666666666 2
1574707096 8.843314568 0.0 0
1574954199 8.581394202 0.125 1
1574954363 8.630770329 0.1111111111111111 1
1574954540 8.873268244 1.0 2
1574954704 8.979800279 0.1111111111111111 1
1574954886 9.226663461 0.2 1
1574955045 9.254791773 0.1111111111111111 1
1574955303 8.492508287 0.0 0
1574955463 8.707370384 0.0 0
1574955621 9.325230518 0.1111111111111111 1
1574955783 8.563743573 0.0 0
1575026530 10.363023514 0.0 0
1575026692 8.671172936 0.0 0
1575026853 8.491528838 0.1111111111111111 1
1575027013 9.652222601 0.3333333333333333 1
1575027177 8.472029487 0.0 0
1575027338 8.755685193 0.4444444444444444 1
1575027504 8.942879079 0.0 0
1575027661 8.590879943 0.0 0
1575027826 9.064038608 0.2222222222222222 1
1575027990 8.560476387 0.0 0
1575112846 9.113564539 0.0 0
1575113007 8.989572936 0.4444444444444444 1
1575113169 8.926251617 0.0 0
1575113330 10.103772602 0.0 0
1575113490 8.584590937 0.0 0
1575113647 10.113870173 0.5 1
1575113805 8.503766757 0.0 0
1575113963 8.895474874 0.0 0
1575114127 8.594193379 0.25 1
1575114287 8.831134452 0.0 0
1575289776 9.121162243 0.0 0
1575289943 8.70363322 0.0 0
1575290110 9.087125432 0.0 0
1575290291 8.733341127 0.0 0
1575290463 12.616448064 0.07692307692307693 1
1575290639 12.255117731 0.15384615384615385 1
1575290808 8.792820314 0.0 0
1575290965 9.291560448 0.0 0
1575291127 9.207058975 0.3 2
1575291289 9.00693952 0.0 0
1575384177 8.984942779 0.1111111111111111 1
1575384337 8.584343371 0.0 0
1575384498 8.945562586 0.6666666666666666 2
1575384657 9.361024642 0.0 0
1575384820 8.922850515 0.0 0
1575384977 10.879249225 0.18181818181818182 1
1575385139 8.224829576 0.0 0
1575385298 9.115031119 0.0 0
1575385458 12.990060073 0.0 0
1575385622 9.029945649 0.0 0
1575556559 9.192991488 0.0 0
1575556720 9.037303205 0.0 0
1575556892 8.773826395 0.2222222222222222 1
1575557077 9.281322037 0.0 0
1575557247 8.986824785 0.0 0
1575557431 8.486913542 0.125 1
1575557604 10.391458212 0.0 0
1575557779 8.908938785 1.0 1
1575558236 10.83710656 0.2727272727272727 1
1575558425 8.65075057 0.125 1
1579184056 10.150302802 0.1 1
1579184772 8.826719894 0.1111111111111111 1
1579184933 8.879391626 0.0 0
1579185095 11.085757593 0.18181818181818182 1
1579185271 8.283195449 0.625 2
1579185447 10.793811643 0.0 0
1579185631 8.873959584 0.4444444444444444 1
1579185810 8.482104866 0.0 0
1579185997 8.771498587 0.5 2
1579186170 9.009185269 0.1111111111111111 1
1579351786 10.217878278 1.0 2
1579351954 8.527281816 0.0 0
1579352114 9.247433496 0.1111111111111111 1
1579352275 8.672165949 0.0 0
1579352438 8.800010474 0.0 0
1579352602 9.118172497 0.1111111111111111 1
1579352759 8.969223853 0.0 0
1579352921 8.711897642 0.0 0
1579353084 9.051524741 0.0 0
1579522875 8.817009678 0.0 0
1579523079 8.907516635 0.25 2
1579523269 9.83955954 0.4 2
1579523434 8.656971646 0.1111111111111111 1
1579523608 9.128806088 0.1111111111111111 1
1579523788 9.620702343 0.8 2
1579523971 9.485048955 0.0 0
1579524159 8.822054818 0.0 0
1579524324 10.915941483 0.0 0
1579524494 8.994153985 0.1111111111111111 1
1579537480 8.94249027 0.6666666666666666 2
1580215328 9.116486385 0.0 0
1580215523 8.705030568 0.0 0
1580215687 8.450369521 0.625 2
1580215845 9.128393827 0.0 0
1580216006 8.863058029 0.6666666666666666 2
1580216169 9.223189064 0.0 0
1580216329 8.506762938 0.1111111111111111 1
1580216490 10.569178228 0.2727272727272727 2
1580216649 8.522929559 0.0 0
1580216832 8.738994039 0.2222222222222222 2
1580304742 8.399308963 0.0 0
1580304898 8.658861025 0.2222222222222222 1
1580305060 8.919451291 0.4444444444444444 1
1580305221 9.01515254 0.0 0
1580305404 9.017687201 0.5555555555555556 2
1580305564 11.622513288 0.3333333333333333 3
1580305729 8.468656922 0.0 0
1580305886 8.706655473 0.375 1
1580306041 8.808193529 0.0 0
1580306201 9.01106872 0.5555555555555556 1
1581935241 9.114579316 0.1111111111111111 1
1581935399 8.969550771 0.2222222222222222 1
1581935560 9.23549262 0.1 1
1581935726 9.362988793 0.0 0
1581935894 9.182815088 0.0 0
1581936065 9.005083229 0.4444444444444444 1
1581936236 9.138318577 0.0 0
1581936399 9.217260896 0.1111111111111111 1
1581936558 8.996702918 0.0 0
1581936733 9.060191573 0.3333333333333333 1
1582026915 8.872540613 1.1111111111111112 2
1582027077 9.081437033 0.0 0
1582027241 9.762806104 0.0 0
1582027410 8.819871154 0.0 0
1582027823 8.866920757 0.0 0
1582027987 8.570051094 0.0 0
1582028155 8.480298189 0.6666666666666666 2
1582028322 8.650833117 0.1111111111111111 1
1582028491 8.44931293 0.0 0
1582028660 8.541385069 0.1111111111111111 1
1582113131 8.845164822 2.2222222222222223 3
1582113298 8.493572814 0.1111111111111111 1
1582113461 10.32041566 0.2 1
1582113630 8.71958643 0.0 0
1582113795 9.016359526 1.2222222222222223 2
1582113970 8.566359935 0.25 1
1582114132 8.794887144 0.6666666666666666 1
1582114295 8.606697113 2.4444444444444446 4
1582114462 8.519402488 0.3333333333333333 1
1582114626 8.433949108 0.125 1
1582114789 8.480936443 0.75 2
1582114955 8.727928456 0.5 2
1582115116 8.790868766 0.0 0
1582115284 8.719565691 0.3333333333333333 2
1582115447 8.573669309 0.25 1
1582115611 8.926933095 0.1111111111111111 1
1582115773 9.059338983 0.0 0
1582115937 9.129692993 0.0 0
1582116119 9.052072666 0.0 0
1582116334 8.60813912 0.3333333333333333 1
1582116510 8.542863096 0.8888888888888888 1
1582116676 8.745173949 0.0 0
1582118994 8.964204301 0.0 0
1582119157 8.823846207 1.7777777777777777 3
1582119327 9.004142852 0.0 0
1582119503 8.777484371 0.1111111111111111 1
1582119679 8.849800166 0.1111111111111111 1
1582119842 8.8263354 0.5 2
1582120013 8.447671763 0.3333333333333333 1
1582120185 13.07490706 0.38461538461538464 1
1582120909 9.30394029 0.1111111111111111 1
1582121076 8.710898459 0.1111111111111111 1
1582121320 9.16896043 0.3333333333333333 1
1582121483 8.656111349 0.3333333333333333 1
1582125225 8.854704513 0.1111111111111111 1
1582125385 9.174930836 0.0 0
1582125869 8.559944219 0.625 1
1582126036 8.653043086 0.375 2
1582126204 8.493210294 0.0 0
1582126366 8.454755237 0.5 1
1582126532 9.432482182 0.4444444444444444 1
1582126694 8.35456315 1.2222222222222223 2
1582126860 8.545647148 0.1111111111111111 1
1582127023 8.353773824 0.75 2
1582127184 8.613167975 0.6666666666666666 1
1582127352 8.747327919 0.0 0
1582127519 8.61977372 0.3333333333333333 2
1582127683 8.952521422 0.4444444444444444 1
1582127846 8.653163354 0.5555555555555556 1
1582128007 8.877847398 0.125 1
1582128173 8.68934698 0.2222222222222222 1
1582128353 8.636566341 0.25 1
1582128513 8.684499906 0.8888888888888888 2
1582128677 8.570572546 0.0 0
1582128843 8.728212159 0.0 0
1582129005 13.780180651 0.21428571428571427 2
1582129178 8.989194828 0.1111111111111111 1
1582129336 8.830735668 0.1111111111111111 1
1582129497 8.716888859 0.0 0
1582129661 8.796552049 0.0 0
1582185084 8.964630967 0.0 0
1582185265 8.92889759 0.0 0
1582185999 9.066820126 0.1111111111111111 1
1582186158 9.163229933 0.2 2
1582186892 8.962940766 1.6666666666666667 2
1582187855 9.099328946 0.8888888888888888 1
1582188014 8.704159806 0.5555555555555556 2
1582188173 9.388123959 0.8888888888888888 1
1582188333 9.503699617 0.4 2
1582193785 9.000118572 0.0 0
1582193949 8.586418017 0.125 1
1582194113 8.503532167 0.0 0
1582194269 8.989379886 0.0 0
1582194430 9.041503353 0.0 0
1582194594 9.022261629 0.0 0
1582194754 11.14805193 0.0 0
1582194924 8.91608815 0.0 0
1582195084 8.966982392 0.0 0
1582195248 8.395301158 0.0 0
1582195739 11.099153163 0.08333333333333333 1
1582195900 9.465099611 0.0 0
1582196057 10.212290087 0.0 0
1582196218 8.464507688 0.0 0
1582196377 8.785881675 0.1111111111111111 1
1582196536 8.771903844 0.0 0
1582196694 8.553687426 0.0 0
1582196855 8.522295369 0.125 1
1582197017 8.994256334 0.0 0
1582197182 10.581591338 0.0 0
1582197340 8.387773713 0.0 0
1582197505 9.000730951 0.0 0
1582197676 8.985532692 0.0 0
1582197834 9.21045897 0.1111111111111111 1
1582197992 9.580187565 0.0 0
1582198148 10.107114988 0.0 0
1582198310 9.304790526 0.1111111111111111 1
1582198467 10.533416541 0.0 0
1582198748 9.149432649 0.0 0
1582199097 11.512271571 0.08333333333333333 1
1582631405 9.120202604 0.1111111111111111 1
1582631566 8.701398121 1.6666666666666667 3
1582631721 9.964555921 1.1 3
1582631878 9.05913219 0.8888888888888888 1
1582632035 9.893852601 0.7 2
1582632193 8.7523863 1.5555555555555556 2
1582632353 8.984393378 1.625 2
1582632515 8.765875809 0.0 0
1582632675 10.09998083 2.0 3
1582632836 8.592402446 0.1111111111111111 1
1582884535 9.160801698 0.0 0
1582884713 8.897979501 0.0 0
1582884882 8.86835273 0.6666666666666666 1
1582885046 8.48413103 1.2222222222222223 3
1582885210 8.804357805 0.0 0
1582885371 10.262218484 0.1 1
1582885532 8.524155143 0.75 1
1582885693 8.325981533 0.5555555555555556 1
1582885858 9.67910531 0.1 1
1582886015 9.798399099 0.0 0
1574707096 8.843314568 0.0 0
