1569854763 5.272341053 1.4 2
1569856371 5.078048163 1.0 1
1571330423 5.296788935 1.8 2
1571766780 5.129896388 1.8 2
1571767564 5.216152805 3.0 3
1572537640 4.154992677 1.6 2
1572538294 4.096650583 1.5 2
1572538953 4.222960707 1.6 2
1572539606 4.174427295 1.75 2
1572540255 4.188068899 1.5 2
1572541159 4.08002411 1.5 2
1572541812 4.132559607 1.75 2
1572542461 5.03106882 1.6 2
1572543108 4.177952331 1.75 2
1572543779 4.321504624 1.8 2
1572871527 4.304922781 1.75 2
1572872178 4.074440703 2.0 2
1572872859 4.271580226 2.0 3
1572873507 4.218291245 1.75 2
1572874165 4.108947119 1.75 2
1572875230 4.170099346 1.5 2
1572876084 4.17895768 1.5 2
1572877310 4.082927308 1.75 2
1572877965 4.262551883 1.75 2
1572879205 4.132181572 1.75 2
1572967595 4.185567247 1.5 2
1572968253 4.186289304 1.6 2
1572969553 4.099167788 1.75 2
1572970214 4.22356222 1.75 2
1572970864 4.096509994 1.75 2
1572971527 4.19487514 1.5 2
1572972188 4.110604537 1.5 2
1572972837 4.126581937 1.5 2
1572973553 4.107262471 1.5 2
1572974202 4.181591289 1.5 2
1572974860 4.191666068 1.5 2
1573209137 4.197082867 1.25 2
1573209807 4.234054964 1.75 2
1573210468 4.236450684 1.5 2
1573211136 4.17247795 1.75 2
1573211795 4.12054349 2.0 2
1573212442 4.200056186 1.75 2
1573213096 4.189670411 1.4 2
1573213745 4.174559256 1.25 2
1573214418 4.203515352 1.5 2
1573215075 4.173040627 1.5 2
1573310584 3.993323029 1.75 2
1573311202 4.328305039 1.4 2
1573311814 3.842043398 1.6666666666666667 2
1573312520 3.881314209 2.0 2
1573313137 4.359175702 1.75 2
1573313761 3.774256467 1.75 2
1573314390 3.762927797 2.0 2
1573315003 4.134371909 1.5 2
1574696611 3.901669253 1.75 2
1574697190 3.893431318 1.5 2
1574697782 3.92189584 1.5 2
1574698354 3.852152731 1.75 2
1574698942 3.839550723 1.0 2
1574709754 3.8726578 1.25 2
1574711012 3.893675028 0.0 0
1574956362 3.773054895 1.75 2
1574957025 3.882883757 1.6666666666666667 2
1574957626 3.953545281 0.0 0
1574958208 4.032090195 0.0 0
1574958801 3.951978324 1.5 2
1574959389 25.973268151 1.9615384615384615 2
1574959990 4.01197001 1.5 3
1574960567 4.22067002 0.0 0
1574961177 3.918706175 0.25 1
1574961813 3.814905478 1.75 2
1575033290 3.829220088 1.75 2
1575033858 3.915775019 1.75 3
1575034447 3.836470316 0.0 0
1575035024 3.796162475 1.6666666666666667 2
1575035585 3.948640587 1.5 2
1575036622 3.912187698 3.0 4
1575037184 3.885885356 1.5 3
1575037743 3.880114785 1.5 2
1575038746 3.843338589 0.0 0
1575039317 4.028580066 0.75 2
1575120577 3.884230994 0.0 0
1575121142 3.84782785 1.75 3
1575122136 3.798764043 1.75 2
1575122763 3.896741816 1.5 2
1575123321 3.818814034 1.5 2
1575123879 3.973406669 1.75 2
1575124435 3.919723367 0.25 1
1575125002 3.910030542 1.0 2
1575125566 3.901153397 2.0 2
1575126132 3.799211154 1.75 3
1575297884 3.785448496 1.5 2
1575298457 3.960033907 1.5 2
1575299026 3.79269727 1.75 2
1575299606 3.897180656 1.5 2
1575300177 3.926457947 1.5 2
1575300795 3.853916484 1.5 2
1575301568 3.884641744 1.75 2
1575302177 3.888102285 1.75 2
1575390364 3.800716289 0.0 0
1575390934 3.746445759 1.5 2
1575391497 3.871666727 1.5 2
1575392063 3.859153871 1.5 2
1575392873 3.862599903 1.75 2
1575393509 3.916053846 0.75 2
1575394068 4.217931923 1.75 2
1575394635 4.01965932 1.75 2
1575395199 3.759646762 1.6666666666666667 2
1575395762 4.016603919 1.0 2
1575562609 3.854379463 1.6666666666666667 2
1575563293 3.861157113 1.75 2
1575563942 4.028730765 0.0 0
1575564539 3.915934918 0.0 0
1575565122 3.846060055 1.75 2
1575565687 3.856381054 1.75 2
1575566260 3.871904405 1.5 2
1575566860 4.000452621 0.25 1
1575568187 3.85245937 1.5 2
1575568771 3.930481626 1.5 2
1579191217 3.864706786 1.75 2
1579191829 3.943332021 2.0 2
1579192396 3.922886698 1.5 2
1579192981 3.946195572 1.25 2
1579193567 3.812495336 1.6666666666666667 2
1579194131 3.937909941 1.25 2
1579194699 3.846119672 1.6666666666666667 2
1579195265 4.051005068 1.5 2
1579195854 3.995230559 1.5 2
1579196416 3.88890676 1.5 2
1579359622 3.894559246 1.75 2
1579360199 3.93310336 2.0 2
1579360759 3.967597051 2.0 2
1579361315 3.98028031 1.75 2
1579361871 3.9042043 1.5 2
1579362425 4.313814152 1.5 2
1579362982 3.837060963 1.75 2
1579363549 3.942323436 1.6666666666666667 2
1579364115 3.878076704 1.25 2
1579364674 3.871417903 1.25 2
1579530666 3.95394745 1.75 2
1579531239 3.883156261 0.0 0
1579532295 3.846157987 0.5 1
1579532987 3.961105961 1.75 2
1579533648 3.919132215 1.6666666666666667 2
1579534249 3.995663294 0.25 1
1579534935 4.014869277 0.5 1
1579535551 3.959455138 1.75 2
1579536623 4.037039001 0.0 0
1579537198 3.864073044 0.0 0
1580223925 3.938389341 1.5 2
1580224483 3.924017128 1.5 2
1580225040 3.915340004 1.5 2
1580225604 3.869265563 1.75 2
1580226163 3.846579439 2.0 2
1580226749 3.911837117 1.75 2
1580227316 3.875875489 1.5 2
1580227914 3.970662062 1.5 2
1580228495 3.876568209 1.25 2
1580229054 3.90435755 1.5 2
1580312482 3.864836543 1.25 2
1580313062 3.834128399 1.25 2
1580313942 3.824627769 1.5 2
1580314581 3.92868093 1.5 2
1580315138 3.975417405 1.25 2
1580315699 3.94899502 1.5 2
1580316261 3.966390516 1.25 2
1580316971 3.888527005 1.5 2
1580317559 3.912771334 1.75 2
1581942622 3.820356161 1.5 2
1581944199 3.767112647 1.75 2
1581945146 3.892742465 0.0 0
1581946096 3.784401088 1.3333333333333333 2
1581946664 3.810937252 1.75 2
1581947559 3.792998527 1.75 2
1581948152 3.804169629 1.5 2
1581949262 4.317775293 1.4 2
1582034967 4.3375694 2.0 3
1582035839 3.867898474 1.75 2
1582036444 3.748838856 1.5 2
1582037055 3.911138937 1.5 2
1582037655 3.716823358 1.25 2
1582038249 3.765905153 1.5 2
1582038837 3.802695219 2.0 3
1582041750 4.305028315 1.75 2
1582042502 4.223529861 3.25 4
1582043951 4.269264147 3.0 4
1582044543 3.975910666 1.75 3
1582638144 3.864667191 1.5 2
1582638707 3.824731067 1.5 2
1582640142 3.979170996 1.75 2
1582640960 3.807423474 0.0 0
1582641520 3.635245547 0.0 0
1582642091 3.90499433 1.5 2
1582642658 3.851278876 1.75 2
1582643233 3.842264285 1.25 2
1582643831 3.853470823 1.25 2
1582644390 3.829996544 1.5 2
1582899000 3.798448863 1.5 2
1582899562 3.832821791 2.0 2
1582900130 3.72559612 1.6666666666666667 2
1582900689 3.802316 2.0 2
1582902434 3.837288363 1.75 2
1582902994 3.904007867 1.25 2
1582903599 3.915539614 1.75 2
1574711012 3.893675028 0.0 0
