1569854463 3.765669799 1.0 1
1569855872 3.804457128 1.0 1
1571330160 3.632002417 1.25 2
1571766516 3.525162014 1.75 2
1571767299 3.710376351 1.5 2
1572537419 2.992298695 1.3333333333333333 2
1572538077 3.001718613 1.3333333333333333 2
1572538737 2.960829924 1.3333333333333333 2
1572539390 3.007079664 1.3333333333333333 2
1572540036 3.000869834 1.0 1
1572540942 2.934353901 1.0 1
1572541596 3.019475872 1.0 1
1572542244 2.97498 1.3333333333333333 2
1572542891 2.862242676 1.3333333333333333 2
1572543556 3.017649869 1.3333333333333333 2
1572871310 3.010154534 1.3333333333333333 2
1572871961 2.898561855 1.5 2
1572872638 3.00294549 1.3333333333333333 2
1572873291 3.017870576 1.3333333333333333 2
1572873944 2.90118705 1.0 1
1572875005 3.021277772 1.3333333333333333 2
1572875867 2.844802896 1.0 1
1572877092 3.022819676 1.3333333333333333 2
1572877742 2.927790024 1.0 1
1572878970 2.93177934 1.0 1
1572967377 2.935891333 1.3333333333333333 2
1572968034 2.983549556 1.0 1
1572969336 2.972099153 1.3333333333333333 2
1572969997 3.062565795 1.3333333333333333 2
1572970647 2.968310565 1.3333333333333333 2
1572971299 3.075731385 3.0 4
1572971960 2.950033529 0.6666666666666666 1
1572972619 2.990799132 1.0 2
1572973986 2.956418648 1.0 1
1572974637 2.864584362 1.0 1
1573208919 2.911957739 1.6666666666666667 2
1573209574 2.999008637 2.3333333333333335 3
1573210249 3.040128341 1.3333333333333333 2
1573210918 2.963444846 1.3333333333333333 2
1573211575 2.946119048 1.3333333333333333 2
1573212224 2.979284415 1.3333333333333333 2
1573212876 2.829203383 1.0 1
1573213527 2.978837322 1.6666666666666667 2
1573214198 3.127809824 2.3333333333333335 3
1573214853 2.851640696 2.3333333333333335 3
1573310376 2.968473476 1.0 1
1573310997 2.972018968 1.0 1
1573311613 3.182586678 1.6666666666666667 2
1573312317 3.07530545 1.3333333333333333 2
1573312926 3.147127079 1.0 2
1573313554 3.072839313 1.3333333333333333 2
1573314186 3.138398302 1.25 3
1573314801 2.952891401 1.0 1
1574696410 2.850867957 1.0 1
1574696990 2.857896223 1.0 1
1574697581 2.771289602 1.0 1
1574698155 2.903299026 1.0 1
1574698740 2.767145073 1.0 1
1574709525 2.993027048 1.0 1
1574710812 2.769052897 0.0 0
1574956164 2.975699074 1.0 1
1574956824 3.074337182 1.0 1
1574957427 2.779571481 0.0 0
1574958005 2.617120491 1.0 1
1574958597 2.854360435 1.0 1
1574959186 2.720300323 1.3333333333333333 2
1574959789 3.001895752 1.0 1
1574960368 2.69218921 0.0 0
1574960979 2.557337426 0.0 0
1574961615 2.69495614 1.0 1
1575033088 2.867734866 1.6666666666666667 2
1575033656 2.730207364 1.0 1
1575034247 2.813444778 1.0 1
1575034814 2.785431888 1.0 1
1575035385 2.812526531 1.0 1
1575036407 2.836278155 1.0 1
1575036984 3.073031177 1.3333333333333333 2
1575037543 2.731849095 1.0 1
1575038546 2.735153058 1.0 1
1575039115 2.763570613 1.0 1
1575120378 2.662631566 1.3333333333333333 2
1575120941 2.732006339 1.0 1
1575121502 2.731576399 1.0 1
1575122565 2.727170826 1.0 1
1575123122 2.779481389 1.0 1
1575123681 2.777313126 1.0 1
1575124237 2.783368751 1.0 1
1575124805 2.726717598 1.0 1
1575125362 2.810563471 1.0 1
1575125931 2.692660418 1.0 1
1575297678 2.770477173 0.6666666666666666 1
1575298257 2.760937331 1.0 1
1575298826 2.843109218 1.0 1
1575299403 2.700914525 1.0 1
1575299975 2.9346375 1.0 1
1575300594 2.824231269 0.6666666666666666 1
1575301165 2.599239651 0.6666666666666666 1
1575301976 2.803549801 1.0 1
1575390163 3.087352171 1.0 1
1575390730 2.778055354 0.6666666666666666 1
1575391299 2.793617782 1.0 1
1575391864 2.749597262 1.0 1
1575392672 2.985464195 1.0 1
1575393309 2.519470843 1.0 1
1575393869 2.690376983 0.6666666666666666 1
1575394435 2.867818669 1.0 1
1575394999 2.525770187 1.0 1
1575395561 2.847178185 1.0 1
1575562397 2.871070936 1.0 1
1575563095 2.896021608 1.0 1
1575563743 2.724742167 1.0 1
1575564339 2.743946511 1.0 1
1575564922 2.721764819 1.0 1
1575565488 2.810976543 1.0 1
1575566056 2.723957077 1.3333333333333333 2
1575566642 2.751908782 1.3333333333333333 2
1575567962 2.764963119 1.0 1
1575568568 2.722982088 1.0 1
1579191015 2.823749671 1.0 1
1579191629 2.847571684 1.0 1
1579192194 2.686200725 1.0 1
1579192775 2.906149744 1.0 1
1579193338 2.91165978 1.0 1
1579193929 2.902298443 0.6666666666666666 1
1579194497 2.946899118 1.0 1
1579195063 2.926346946 1.0 1
1579195654 2.877369391 1.0 1
1579196217 2.732214628 1.0 1
1579359423 2.861077485 1.0 1
1579359997 2.840035232 1.0 1
1579360560 2.729019652 1.0 1
1579361117 2.762710788 1.0 1
1579361673 2.702452392 1.0 1
1579362227 2.778467429 1.0 1
1579362782 2.992069622 1.0 1
1579363348 2.815087292 1.0 1
1579363915 2.846340053 1.0 1
1579364474 2.64836551 1.0 1
1579530393 2.888889844 1.0 1
1579531039 2.854794639 0.0 0
1579532080 2.82358268 0.0 0
1579532781 2.759479211 1.3333333333333333 2
1579533450 2.871605712 0.3333333333333333 1
1579534050 2.680437944 0.0 0
1579534736 2.725476705 1.0 1
1579535347 2.856907782 1.0 1
1579535942 2.894140252 0.0 0
1579536999 2.736851528 0.0 0
1580223725 2.771309642 1.0 1
1580224284 2.85878252 1.0 1
1580224840 2.695865777 1.0 1
1580225404 2.762715276 1.0 1
1580225964 2.745429198 0.6666666666666666 1
1580226548 2.779396795 1.0 1
1580227116 3.079118298 1.0 1
1580227714 2.688083769 0.3333333333333333 1
1580228294 2.865801003 1.0 1
1580228854 2.760232493 1.0 1
1580312284 2.852016438 1.0 1
1580312864 2.621673253 1.0 1
1580313419 2.666983259 1.0 1
1580314383 2.793772029 1.0 1
1580314941 2.608339883 1.0 1
1580315498 2.825052697 1.0 1
1580316060 2.860218765 1.0 1
1580316762 2.843327507 1.0 1
1580317355 2.651071514 1.0 1
1581942420 2.555971812 1.0 1
1581943624 2.639053169 1.0 1
1581944913 2.920642112 1.0 1
1581945892 2.599946171 2.0 2
1581946464 3.024821377 1.0 1
1581947031 2.718693789 1.0 1
1581947346 129.691026046 -1 -1
1581947952 2.987284095 1.0 1
1581949047 3.12897972 0.3333333333333333 1
1582034006 3.39890224 1.0 1
1582035624 2.972321776 1.3333333333333333 2
1582036232 3.032391743 1.75 2
1582036837 3.051354262 1.0 1
1582037442 3.037177183 1.0 1
1582038035 3.079915561 1.0 1
1582038633 2.647139375 1.5 2
1582041528 3.077336256 1.0 1
1582042135 2.982039586 1.6666666666666667 2
1582043726 3.051332746 0.0 0
1582044338 2.603927993 0.0 0
1582637946 3.021949542 1.0 1
1582638506 3.018551838 1.0 1
1582639580 2.885805324 1.0 1
1582640758 2.905677306 1.0 1
1582641318 2.728127352 1.0 1
1582641888 2.62330239 1.0 1
1582642456 2.944908545 1.0 1
1582643031 3.198983759 1.0 1
1582643633 2.947472636 1.0 1
1582644189 2.939821901 1.0 1
1582898789 3.157761069 1.0 1
1582899360 3.023266605 1.3333333333333333 2
1582899928 3.073875225 1.0 1
1582900491 2.743238482 1.0 1
1582902149 2.995322134 1.0 1
1582902795 3.162185889 1.0 1
1582903392 2.587077358 1.0 1
1574710812 2.769052897 0.0 0
