1569854541 4.029602887 0.0 0
1571330237 4.026248139 0.0 0
1571766594 3.972216235 0.0 0
1571767376 3.907761623 0.0 0
1572537484 3.097632945 0.0 0
1572538140 3.256894377 0.0 0
1572538800 3.1765975 0.0 0
1572539453 3.290255128 0.0 0
1572540100 3.199025608 0.0 0
1572541005 3.249323006 0.0 0
1572541659 3.178643927 0.0 0
1572542308 3.239736011 0.0 0
1572542955 3.213443823 0.0 0
1572543620 3.233984629 0.0 0
1572871374 3.200367663 0.0 0
1572872024 3.177225399 0.0 0
1572872701 3.233342857 0.0 0
1572873354 3.222920729 0.0 0
1572874008 3.210359973 0.0 0
1572875069 3.407291782 1.0 2
1572875930 3.249341454 0.0 0
1572877156 3.322919582 0.0 0
1572877805 3.22737357 0.0 0
1572879050 3.164013429 0.0 0
1572967441 3.256898499 0.0 0
1572968097 3.282408488 0.0 0
1572969400 3.299272751 0.0 0
1572970060 3.291824321 0.0 0
1572970710 3.304941301 0.0 0
1572971363 3.19578869 0.0 0
1572972026 3.235223299 0.0 0
1572972683 3.240949089 0.0 0
1572973400 3.214391976 0.0 0
1572974049 3.279532286 0.0 0
1572974701 3.282288746 0.0 0
1573208984 3.174238285 0.0 0
1573209639 3.253739424 0.5 1
1573210313 3.343411655 0.5 1
1573210982 3.265593796 0.0 0
1573211640 3.268252116 0.0 0
1573212289 3.249929636 0.0 0
1573212940 3.252862576 0.0 0
1573213591 3.273341162 0.0 0
1573214263 3.197764773 0.0 0
1573214921 3.235825011 0.0 0
1573310436 2.895323281 0.0 0
1573311057 2.848247405 0.0 0
1573311671 2.912377572 0.3333333333333333 1
1573312376 2.990332959 0.0 0
1573312987 2.856750191 0.0 0
1573313613 2.956546251 0.3333333333333333 1
1573314246 3.044719035 0.0 0
1573314860 2.900529497 0.0 0
1574696469 3.020566212 0.0 0
1574697049 2.842135716 0.0 0
1574697639 2.851539408 0.0 0
1574698213 3.001697792 0.0 0
1574698798 2.89417054 0.0 0
1574709584 3.294881009 0.0 0
1574710871 3.326234646 0.0 0
1574956221 2.873587066 0.3333333333333333 1
1574956883 2.815174496 0.0 0
1574957484 3.14010195 0.0 0
1574958064 3.030689557 0.0 0
1574958659 2.981221167 0.0 0
1574959245 3.448674581 0.0 0
1574959848 2.740077571 0.0 0
1574960426 3.117455925 0.3333333333333333 1
1574961036 3.196216178 0.0 0
1574961672 2.910719221 0.0 0
1575033147 3.038403765 0.0 0
1575033715 2.80894825 0.0 0
1575034306 2.870116692 0.0 0
1575034872 2.927877056 0.0 0
1575035443 2.961068539 0.0 0
1575036481 2.835990964 0.0 0
1575037043 2.851474952 0.0 0
1575037602 3.116790657 0.0 0
1575038603 3.240722464 0.0 0
1575039173 3.127087753 0.0 0
1575120436 3.211421042 0.25 1
1575120999 2.851043773 0.0 0
1575121559 2.813229619 0.0 0
1575121975 2.669688568 0.0 0
1575122623 2.982126755 0.0 0
1575123180 2.773024773 0.0 0
1575123739 3.106401875 0.0 0
1575124295 3.222812747 0.3333333333333333 1
1575124862 2.787601523 0.0 0
1575125421 2.827978359 0.0 0
1575125989 3.170719238 0.0 0
1575297738 3.120198628 0.0 0
1575298315 2.951171015 0.0 0
1575298883 2.903777779 0.3333333333333333 1
1575299462 3.406953362 0.0 0
1575300034 3.288978621 0.3333333333333333 1
1575300653 2.913186339 0.0 0
1575301223 2.864381032 0.0 0
1575302035 2.785063767 0.0 0
1575390223 3.134129733 0.3333333333333333 1
1575390789 3.295834133 0.0 0
1575391356 2.79478911 0.0 0
1575391921 3.370001388 0.0 0
1575392730 2.908444604 0.3333333333333333 1
1575393367 2.869558214 0.0 0
1575393927 3.19240565 0.0 0
1575394493 2.861419418 0.0 0
1575395057 3.247713485 0.0 0
1575395620 3.155707108 0.0 0
1575562454 3.446934632 0.0 0
1575563152 2.952328238 0.0 0
1575563801 3.160229792 0.0 0
1575564397 3.219175925 0.0 0
1575564980 3.001353078 0.0 0
1575565545 2.815589971 0.0 0
1575566115 3.408888283 0.0 0
1575566700 2.786377878 0.0 0
1575568021 2.917512864 0.0 0
1575568627 2.863956971 0.0 0
1579191075 2.924491024 0.3333333333333333 1
1579191687 3.341936969 0.75 1
1579192252 3.168520248 0.3333333333333333 1
1579192833 3.099686124 0.0 0
1579193401 3.198800808 0.0 0
1579193988 3.334976738 0.0 0
1579194557 3.372045882 0.25 1
1579195121 3.431148768 0.5 1
1579195712 3.124928735 0.3333333333333333 1
1579196275 3.125328071 0.0 0
1579359481 3.390159232 0.0 0
1579360058 2.935720427 0.0 0
1579360618 3.372357743 0.0 0
1579361175 2.772404939 0.5 1
1579361730 3.212833838 0.0 0
1579362284 3.255241932 0.0 0
1579362839 3.341881809 0.0 0
1579363407 2.949641304 0.0 0
1579363974 2.906510182 0.0 0
1579364532 2.872143887 0.0 0
1579531098 3.053211705 0.0 0
1579532138 3.359549517 0.0 0
1579532843 3.376735171 0.0 0
1579533507 3.440994985 0.0 0
1579534108 3.044502721 0.0 0
1579534794 3.154133367 0.0 0
1579535406 3.405700641 0.3333333333333333 1
1579536479 2.731506428 0.0 0
1579537057 2.88914719 0.3333333333333333 1
1580223784 2.854674347 0.0 0
1580224342 2.791853835 0.0 0
1580224898 2.849381973 0.0 0
1580225463 3.158989556 0.0 0
1580226021 3.350789592 0.0 0
1580226606 3.478817289 0.0 0
1580227174 3.371373732 0.0 0
1580227772 3.089373456 0.0 0
1580228353 2.910876749 0.0 0
1580228912 2.905055533 0.0 0
1580312342 2.850299117 0.0 0
1580312921 3.128288192 0.0 0
1580313477 2.768417913 0.0 0
1580314440 3.088328054 0.0 0
1580314998 3.204283853 0.0 0
1580315557 2.8814268 0.0 0
1580316119 2.885068691 0.0 0
1580316820 2.873165309 0.0 0
1580317414 3.173596696 0.0 0
1581942479 3.097511617 0.0 0
1581943681 2.78097721 0.0 0
1581944972 2.736592019 0.0 0
1581945952 2.902843263 0.0 0
1581946523 2.860629714 0.0 0
1581947089 2.878811112 0.0 0
1581948011 2.836046003 0.0 0
1581949110 2.831578209 0.0 0
1582034087 3.075085512 0.0 0
1582035689 3.081773035 0.0 0
1582036296 3.14868458 0.3333333333333333 1
1582036902 3.206149304 0.0 0
1582037507 2.868942708 0.0 0
1582038097 3.228314904 0.0 0
1582038694 2.988805386 0.0 0
1582041594 3.157044549 0.0 0
1582042197 3.241638179 0.0 0
1582043791 3.194849276 0.0 0
1582044396 3.211781392 0.25 1
1582638004 2.967828034 0.0 0
1582638565 3.700950493 0.0 0
1582639638 2.859674358 0.3333333333333333 1
1582640818 2.790668873 0.0 0
1582641376 2.822461028 0.0 0
1582641949 2.84122198 0.0 0
1582642515 2.919036195 0.0 0
1582643089 2.784388013 0.0 0
1582643690 2.852494194 0.0 0
1582644247 2.831824305 0.0 0
1582899418 3.278657149 0.0 0
1582899988 2.8359085 0.0 0
1582900548 2.769743277 0.0 0
1582902207 3.233264278 0.0 0
1582902853 3.038564331 0.3333333333333333 1
1582903458 2.876834049 0.0 0
1574710871 3.326234646 0.0 0
