1570545118 7.915652525 1.75 3
1570545335 7.562637388 1.375 2
1571326185 6.200880562 0.0 0
1571326288 4.052536674 0.0 0
1571396545 7.630804422 1.0 1
1571397770 7.77324756 2.0 3
1571405018 7.848467759 0.625 1
1571409685 7.495780304 1.1428571428571428 2
1571664492 2.388448702 -1 -1
1571761817 7.559699258 0.14285714285714285 1
1571762024 7.55402392 0.25 1
1572003523 7.605796251 0.625 1
1572004113 7.565205976 0.625 1
1572004309 7.52099234 1.1428571428571428 2
1572011895 7.572026445 0.8571428571428571 1
1572012288 7.121813161 1.1428571428571428 2
1572012483 7.530172863 1.5714285714285714 2
1572013066 7.401362292 1.25 2
1572266324 7.311862344 1.5714285714285714 2
1572275723 7.334183305 1.0 2
1572361341 7.20271835 0.0 0
1572362714 7.555326643 0.5 2
1572362910 7.796431315 0.0 0
1572367312 7.383275172 0.42857142857142855 1
1574707133 7.632986868 0.2857142857142857 1
