1569850080 9.485147255 0.0 0
1569850080 9.485147255 0.0 0
1569850842 7.729887622 0.0 0
1569851099 7.802550752 0.0 0
1569851303 8.07749857 0.0 0
1569851653 6.63529888 0.0 0
1569851865 6.226535837 0.0 0
1569852094 6.187393931 0.0 0
1569852319 9.551480359 0.0 0
1569852555 6.174168863 0.0 0
1569853196 10.449075283 0.0 0
1569853491 9.209722787 0.0 0
1570543207 6.715544291 0.0 0
1570543564 5.961308907 0.0 0
1570543777 8.480859015 0.0 0
1570544693 6.15389226 0.0 0
1570544951 8.687522778 0.0 0
1570545152 7.330522005 0.0 0
1570545372 7.377663268 0.0 0
1571323076 6.0847779 0.0 0
1571325194 5.971774416 2.5 5
1571325390 8.407714084 4.3 7
1571325595 6.891113927 1.875 6
1571325795 7.574524732 3.111111111111111 6
1571325992 7.199602193 4.125 6
1571326886 16.041775977 3.764705882352941 5
1571327101 9.835663056 4.2727272727272725 7
1571327308 6.232127506 3.625 7
1571395985 6.494897442 0.0 0
1571396182 6.36071232 0.0 0
1571396381 6.049369675 0.0 0
1571396578 6.052052508 0.0 0
1571396778 6.216264637 0.0 0
1571397004 9.502707112 0.0 0
1571397209 6.879636115 0.0 0
1571397409 6.083128205 0.0 0
1571397606 5.932232983 0.0 0
1571397804 6.556747199 0.0 0
1571405051 5.889882282 0.0 0
1571405251 6.259575704 0.0 0
1571405449 7.466894301 0.375 2
1571405681 6.704802786 0.0 0
1571405880 6.731819818 0.0 0
1571409098 9.980574178 2.090909090909091 4
1571409302 7.164006299 4.25 8
1571409502 6.695892299 3.142857142857143 4
1571409718 6.288255233 1.2857142857142858 3
1571409916 6.068759701 2.0 5
1571664522 5.666356837 -1 -1
1571665031 9.751060932 0.18181818181818182 1
1571665245 6.074385999 0.0 0
1571665439 6.350534374 0.0 0
1571665634 6.097042544 0.0 0
1571665829 5.875578265 0.0 0
1571668247 10.418620657 2.3333333333333335 5
1571668445 6.108924181 3.857142857142857 7
1571668649 6.599542171 2.5 5
1571668844 6.27927418 2.0 4
1571669044 6.09817086 2.142857142857143 4
1571752117 6.798346299 0.0 0
1571752318 3.796035976 0.0 0
1571752514 12.114381549 0.0 0
1571752717 6.163079455 0.0 0
1571752913 6.336852431 0.0 0
1571753109 6.904906393 0.0 0
1571753305 7.007334216 0.0 0
1571753503 7.409809843 0.0 0
1571753700 6.181665865 0.0 0
1571753896 6.292551029 1.375 3
1571760255 6.368392928 0.0 0
1571760452 6.943321822 0.0 0
1571760653 6.235906242 0.0 0
1571760854 5.98670849 0.0 0
1571761055 3.673855546 0.0 0
1571761260 10.984378913 0.0 0
1571761458 6.279864062 0.125 1
1571761653 6.423953658 0.0 0
1571761850 6.221550805 0.0 0
1571762058 6.224878029 0.0 0
1572003360 6.05099184 0.0 0
1572003557 7.963785396 0.0 0
1572003753 8.27374497 0.0 0
1572003950 6.722629639 0.0 0
1572004146 6.102894023 0.0 0
1572004344 3.856308182 0.0 0
1572004541 3.717652952 0.0 0
1572004736 11.730206929 0.0 0
1572004939 7.409104637 0.0 0
1572005136 6.12934307 0.0 0
1572011338 7.791422974 1.4444444444444444 3
1572011537 3.674795311 1.8 3
1572011736 3.653321036 1.2 3
1572011928 6.440802992 2.7142857142857144 7
1572012124 7.113875814 2.0 6
1572012516 6.552553049 1.25 3
1572012710 6.000403482 2.857142857142857 6
1572012905 6.167346377 2.857142857142857 5
1572013099 6.282199825 2.625 6
1572265159 5.919568838 0.0 0
1572265359 5.93839346 0.0 0
1572265555 6.818370185 0.0 0
1572265753 8.025047109 0.0 0
1572265958 6.092541291 0.0 0
1572266159 6.125819181 0.0 0
1572266359 6.055389789 0.0 0
1572266557 6.382522408 0.0 0
1572266756 7.000652693 0.0 0
1572266962 8.114417315 0.0 0
1572274210 6.860055854 1.375 3
1572274383 9.426973265 2.4 3
1572274724 6.45119756 2.625 4
1572274893 7.009316471 3.25 7
1572275062 7.310034337 2.625 5
1572275241 3.100153059 2.0 3
1572275410 5.45702388 2.8333333333333335 5
1572275578 5.504730974 3.4285714285714284 5
1572275752 5.420843368 3.0 7
1572361374 6.272506857 0.0 0
1572361570 6.156879667 0.0 0
1572361765 7.167838642 0.0 0
1572361960 9.233951413 0.0 0
1572362158 6.193162959 0.0 0
1572362353 6.839525368 0.0 0
1572362549 6.609758164 0.0 0
1572362749 6.348838293 0.0 0
1572362943 6.764573617 0.0 0
1572363139 8.614067958 0.0 0
1572367001 7.378257478 0.0 0
1572367170 7.28767537 0.0 0
1572367341 5.212240827 0.0 0
1572367507 5.212476502 0.0 0
1572367690 9.19835083 0.0 0
1572367868 8.231852988 0.0 0
1572368036 7.297700191 0.0 0
1572368205 5.417796834 0.0 0
1572368371 4.928014348 0.0 0
1572368537 12.454261004 0.0 0
1572532490 10.29371311 0.0 0
1572532697 10.158131421 0.0 0
1572532911 66.607059743 0.0 0
1572544589 6.691264558 4.375 6
1572544757 6.687967355 5.0 9
1572544929 9.032596068 3.5 7
1572545101 12.278314195 3.2857142857142856 8
1572545274 9.764357647 3.090909090909091 5
1572870103 5.267979658 0.0 0
1572870321 6.73293266 0.0 0
1572870724 6.466921269 0.0 0
1572870893 6.662677556 0.0 0
1572965484 5.047283751 0.0 0
1572965650 5.995534655 0.0 0
1572965819 6.928523843 0.0 0
1572965985 5.051408564 0.0 0
1572966157 4.963837541 0.0 0
1572966326 7.955125844 0.0 0
1572966495 5.04898652 0.0 0
1572966679 12.435582861 0.0 0
1572966857 4.89195719 0.0 0
1572967021 5.191544164 0.0 0
1573207130 6.562497704 0.0 0
1573207299 6.259687877 0.0 0
1573207467 4.954711929 0.0 0
1573207632 6.910469246 0.0 0
1573207803 6.748597097 0.0 0
1573207970 6.49403632 0.0 0
1573208136 5.527600944 0.0 0
1573208302 5.741971467 0.0 0
1573208470 4.961811903 0.0 0
1573208636 8.12280117 0.0 0
1573220371 4.85954884 0.16666666666666666 1
1573220539 6.14368411 0.0 0
1573220707 6.898494817 0.0 0
1573220876 6.645969309 0.0 0
1573221043 5.696230285 0.0 0
1573221209 5.317059215 0.0 0
1573221374 6.911525098 0.0 0
1573221543 6.536252877 0.0 0
1573221712 6.020061843 0.16666666666666666 1
1573221879 4.90856734 0.0 0
1573222069 9.738192139 0.0 0
1573222239 6.393917739 0.0 0
1573222405 4.947434595 0.0 0
1573222571 5.943938184 0.0 0
1573222741 5.047777686 0.0 0
1573301225 3.135123018 0.0 0
1573301389 9.103043589 0.0 0
1573301571 7.202802768 0.0 0
1573301756 6.549525172 0.0 0
1573301927 7.894574515 0.0 0
1573302104 4.979531844 0.16666666666666666 1
1573302273 12.644970811 0.0 0
1573302446 6.485910049 0.25 1
1573302615 5.123470919 1.1666666666666667 3
1573302799 8.242185557 0.4444444444444444 2
1573303931 6.495613854 0.2857142857142857 1
1573304094 6.186055533 0.0 0
1573304255 5.002917342 0.0 0
1573304422 4.939947412 0.0 0
1573304581 9.624081338 0.0 0
1573304747 6.94022708 1.2857142857142858 3
1573304909 3.048948584 0.0 0
1573305067 5.536759929 1.2857142857142858 4
1573305227 7.95885471 2.2222222222222223 4
1573305388 7.318534874 1.25 3
1573753136 4.64458238 0.0 0
1573753449 5.92630561 1.4285714285714286 3
1573753605 4.890158137 2.8333333333333335 6
1573753921 4.819634648 3.5 7
1573754741 6.580850683 3.0 5
1573754903 5.111015705 1.6666666666666667 5
1573755067 8.885371805 0.9 2
1573755390 6.578066626 0.0 0
1573755703 9.032513051 0.0 0
1573755862 7.887166229 0.0 0
1573756019 6.199411908 0.2857142857142857 1
1573756184 4.509704356 0.0 0
1573831644 6.768267995 3.375 6
1573831815 8.950609742 5.0 7
1573832286 4.790090498 3.0 7
1573832606 5.015797389 2.5 5
1573832762 4.557430429 3.3333333333333335 6
1573833114 6.209961809 2.857142857142857 7
1573833748 12.331833578 5.071428571428571 8
1573901435 4.773105901 0.8333333333333334 3
1573901752 5.208588669 0.0 0
1573901907 4.522619621 0.16666666666666666 1
1573902221 4.633651555 0.0 0
1573902377 4.386884719 0.0 0
1574686534 5.389230802 2.8333333333333335 5
1574687050 7.6891831 2.5555555555555554 4
1574687227 5.098734716 0.0 0
1574690273 4.858904548 3.3333333333333335 6
1574690443 5.295265289 3.142857142857143 5
1574690938 9.98102136 3.8181818181818183 6
1574691297 4.90475112 2.1666666666666665 5
1574706948 7.287657425 2.6666666666666665 4
1574707159 5.306311513 0.0 0
1574954434 6.377178661 0.0 0
1574954953 4.742710813 0.2 1
1574955368 4.89724699 3.0 7
1574955529 4.60952532 0.16666666666666666 1
1574955687 7.591543623 0.0 0
1574955849 7.427183777 3.125 7
1575026757 8.575298105 1.5 2
1575027407 8.724062573 0.0 0
1575112913 4.639799143 3.1666666666666665 7
1575113078 4.797168829 3.5 7
1575113556 5.987887513 3.7142857142857144 8
1575113713 4.948216674 0.0 0
1575113870 4.740965907 2.8 6
1575114191 9.177256753 4.6 7
1575290009 7.32805268 2.625 5
1575290176 25.044215487 0.0 0
1575290709 6.93680026 0.0 0
1575384405 5.303378554 3.3333333333333335 6
1575384884 4.822082407 3.3333333333333335 8
1575385044 5.033341999 0.0 0
1575385686 5.688830702 3.8333333333333335 8
1575557496 5.512085309 3.142857142857143 7
1575558489 6.201837584 3.857142857142857 8
1579184123 7.131824497 3.125 8
1579185340 5.728403141 2.857142857142857 8
1579185696 4.779162276 3.8333333333333335 8
1579185881 3.08583317 1.0 3
1579186064 6.357912238 0.0 0
1579352668 5.004204294 3.6666666666666665 9
1579352824 8.742274746 2.5 6
1579353150 9.484298594 3.3 6
1579354017 7.625623287 3.2222222222222223 6
1579523336 8.150558679 0.0 0
1579523855 7.004098773 3.5 7
1579524045 3.329610063 1.25 2
1579524395 6.098134861 3.0 8
1580215418 13.602656405 3.0 6
1580215752 6.999989406 3.25 7
1580216557 5.254110893 0.0 0
1580304806 5.50950962 1.7142857142857142 4
1580304969 3.055991302 0.0 0
1580306106 6.495718874 1.875 3
1581935465 5.628061232 0.0 0
1581935629 7.668927669 0.75 3
1581936131 6.25318877 0.0 0
1581936301 4.658699756 1.5 6
1581936467 2.864518902 0.0 0
1581936623 6.56268676 4.0 8
1582026983 7.469497784 0.0 0
1582027143 4.822552373 2.1666666666666665 5
1582027309 7.683778072 1.8888888888888888 4
1582027478 28.383521955 0.0 0
1582027888 5.242612182 0.0 0
1582028056 9.796603399 2.1818181818181817 5
1582028222 9.963610564 2.090909090909091 4
1582028392 6.018535449 0.0 0
1582028560 7.956437194 0.0 0
1582028729 4.797395987 3.0 6
1582113203 4.968606133 0.0 0
1582113365 6.497992098 2.375 3
1582113531 7.423385578 2.7777777777777777 6
1582113698 3.306574639 0.0 0
1582114037 5.798041514 3.4285714285714284 6
1582114201 4.935263651 1.5 3
1582114364 8.299200484 0.0 0
1582114529 4.829979593 0.0 0
1582114693 5.302342759 2.142857142857143 5
1582114857 4.913845237 2.2 5
1582115024 4.766318296 0.0 0
1582115188 3.293687405 0.0 0
1582115352 5.519136889 2.2857142857142856 4
1582115515 5.070728371 1.6666666666666667 5
1582115677 6.699593326 3.25 6
1582115841 4.923069727 0.0 0
1582116398 9.289376255 2.6 4
1582116577 5.977217843 0.0 0
1582116741 5.070231787 0.3333333333333333 2
1582119061 6.002943244 2.5714285714285716 5
1582119225 9.847740657 2.5454545454545454 5
1582119397 7.155696422 0.0 0
1582119748 3.187563413 1.0 3
1582119908 11.706002965 2.3076923076923075 4
1582120086 6.509761117 0.0 0
1582120257 6.860469526 0.0 0
1582121143 8.050989701 0.0 0
1582121387 5.577514328 0.0 0
1582125076 4.801213375 0.0 0
1582125292 4.793766989 0.16666666666666666 1
1582125942 2.989209731 0.0 0
1582126102 12.59937002 0.0 0
1582126269 4.810147389 2.3333333333333335 4
1582126434 5.70690714 3.6666666666666665 7
1582126600 5.889527083 0.0 0
1582126765 6.019391644 0.0 0
1582126926 7.425000787 2.625 5
1582127087 4.852363364 4.666666666666667 7
1582127253 6.431834071 0.0 0
1582127421 4.866538392 0.0 0
1582127587 4.84747172 0.0 0
1582127751 6.524397654 2.7142857142857144 6
1582127913 4.89826385 0.0 0
1582128078 6.442850177 0.0 0
1582128240 4.769573546 0.16666666666666666 1
1582128419 6.736704162 3.375 5
1582128581 4.934967345 0.0 0
1582128746 6.046613932 0.0 0
1582128911 7.00012267 0.0 0
1582129243 4.562749307 0.6 3
1582129403 5.546832049 0.16666666666666666 1
1582129565 6.467942327 0.0 0
1582129727 5.322218049 2.3333333333333335 4
1582185370 8.276455598 3.0 5
1582186960 6.056264868 2.2857142857142856 6
1582188399 4.44461837 3.2 7
1582194176 4.825664881 3.6666666666666665 8
1582194334 8.252379077 3.3333333333333335 6
1582194496 8.994183049 3.4 8
1582194990 6.11121605 2.7142857142857144 8
1582195149 6.897996599 4.75 8
1582195312 4.86687084 1.0 2
1582196602 6.401138102 3.4285714285714284 7
1582196920 6.099821496 5.0 8
1582197247 4.662504281 3.0 6
1582197404 8.100620376 2.4444444444444446 6
1582197581 6.770600965 3.875 8
1582197741 4.871918809 1.8333333333333333 4
1582197899 6.372120795 4.285714285714286 8
1582198058 4.809298722 2.1666666666666665 4
1582198215 8.487764566 4.1 7
1582198374 4.707858197 3.5 8
1582199004 7.127641041 3.0 4
1582199167 6.894575534 4.375 7
1582631472 6.994475583 0.0 0
1582631786 5.558714687 3.142857142857143 7
1582631944 4.943406945 0.0 0
1582632101 4.859371204 2.5 5
1582632581 4.865942046 0.0 0
1582632742 8.13007555 3.4444444444444446 5
1582632902 6.921567105 3.25 5
1582885111 10.028734097 0.0 0
1582885437 5.469264279 2.3333333333333335 4
1582885597 7.986132338 2.4444444444444446 6
1582885759 8.308530362 0.0 0
1582886081 9.612465631 2.272727272727273 4
1574707159 5.306311513 0.0 0
