1569854646 3.043351055 0.25 1
1569856221 9.383152944 0.0 0
1571330308 2.94238695 0.3333333333333333 1
1571766664 3.157435968 0.0 0
1571767447 3.292733115 0.25 1
1572537545 2.509475136 0.0 0
1572538199 2.431737877 0.3333333333333333 1
1572538858 2.603386074 0.0 0
1572539511 2.380223188 0.0 0
1572540159 2.392108804 0.0 0
1572541064 2.517501234 0.0 0
1572541718 2.581276543 0.0 0
1572542366 2.439522935 0.0 0
1572543014 2.571392015 0.0 0
1572543678 2.5204798 0.0 0
1572871432 2.439978554 0.3333333333333333 1
1572872083 2.506140889 0.3333333333333333 1
1572872761 2.572038611 1.0 1
1572873413 2.56266641 0.0 0
1572874071 2.686207434 0.0 0
1572875135 2.483948435 0.0 0
1572875989 2.541045932 0.0 0
1572877215 2.511894283 0.0 0
1572877866 2.507080187 0.0 0
1572879110 2.40554365 0.0 0
1572967500 2.541835523 0.0 0
1572968158 2.447996765 0.0 0
1572969458 2.502246587 0.0 0
1572970120 2.441810395 0.0 0
1572970770 2.518022579 0.0 0
1572971431 2.428965258 0.0 0
1572972093 2.51729394 0.0 0
1572972742 2.481670984 0.0 0
1572973458 2.470404416 0.0 0
1572974108 2.511015813 0.0 0
1572974760 2.431545791 0.0 0
1573209042 2.514376235 0.3333333333333333 1
1573209698 2.557736226 0.0 0
1573210373 2.417449976 0.0 0
1573211041 2.474409419 0.0 0
1573211699 2.515264195 0.3333333333333333 1
1573212348 2.440231435 0.0 0
1573213001 2.532490349 0.0 0
1573213650 2.476665731 0.0 0
1573214322 2.495034788 0.0 0
1573214980 2.493406974 0.0 0
1573310495 2.466655508 0.0 0
1573311111 2.262528681 0.3333333333333333 1
1573311726 2.019081113 0.0 0
1573312432 2.125404788 0.0 0
1573313045 2.346298449 0.0 0
1573313671 2.371999335 0.0 0
1573314301 2.2151313 0.0 0
1573314916 2.32650217 0.0 0
1574696523 2.052769213 0.0 0
1574697104 2.167096183 0.0 0
1574697695 2.151171087 0.0 0
1574698267 2.221335223 0.0 0
1574698856 2.288989132 0.0 0
1574709667 2.118571557 0.0 0
1574710926 2.082312815 0.0 0
1574956275 2.433523074 0.0 0
1574956938 2.094917214 0.0 0
1574957538 2.093660606 0.0 0
1574958120 2.2358585 0.3333333333333333 1
1574958713 2.074020658 0.3333333333333333 1
1574959302 2.455039408 0.0 0
1574959903 2.26684583 0.0 0
1574960480 2.214283452 0.0 0
1574961090 2.234283899 0.0 0
1574961726 2.172594622 0.0 0
1575033202 2.082407289 0.0 0
1575033770 2.270025201 0.3333333333333333 1
1575034360 2.133228987 0.5 1
1575034934 2.132336042 0.0 0
1575035497 2.044157192 0.0 0
1575036535 2.032796231 0.5 1
1575037097 2.103722947 0.5 1
1575037656 2.180309678 0.0 0
1575038658 2.10044131 0.5 1
1575039229 2.111444344 0.0 0
1575120490 2.093393996 0.3333333333333333 1
1575121056 2.09769969 0.0 0
1575121776 2.681332491 -1 -1
1575122050 2.149619197 0.0 0
1575122676 2.09425355 0.5 1
1575123234 2.134733527 0.3333333333333333 1
1575123793 2.158501338 0.3333333333333333 1
1575124349 2.301853758 0.0 0
1575124916 2.096086015 0.0 0
1575125478 2.092019806 0.0 0
1575126044 2.131761374 0.5 1
1575297795 2.215919992 0.5 1
1575298370 2.152721268 0.3333333333333333 1
1575298937 2.348593234 0.0 0
1575299519 2.085939472 0.0 0
1575300091 2.176318859 0.0 0
1575300709 2.059512787 0.0 0
1575301480 2.621177397 0.0 0
1575302089 2.151834708 0.0 0
1575390277 2.00492685 0.0 0
1575390847 2.105831227 0.0 0
1575391410 2.127660676 0.0 0
1575391976 2.130773888 0.0 0
1575392785 2.109586061 0.0 0
1575393423 2.091762684 0.0 0
1575393981 2.124205746 0.0 0
1575394548 2.085761981 0.0 0
1575395111 2.338175402 0.3333333333333333 1
1575395675 2.004648511 0.0 0
1575562509 2.191186434 0.3333333333333333 1
1575563207 1.975608849 0.0 0
1575563856 2.209147092 0.3333333333333333 1
1575564453 2.172532583 0.0 0
1575565034 2.177617814 0.5 1
1575565600 2.08445391 0.0 0
1575566174 2.096124668 0.0 0
1575566755 2.181243346 0.0 0
1575568100 2.103783515 0.0 0
1575568685 2.055125895 0.0 0
1579191129 2.353968234 0.0 0
1579191741 2.18275692 0.6666666666666666 2
1579192307 2.64559054 1.0 2
1579192887 2.125560505 1.0 1
1579193455 2.176447982 0.0 0
1579194044 2.12611968 0.0 0
1579194612 2.244327864 0.0 0
1579195176 2.10362666 0.5 1
1579195767 2.036409274 0.0 0
1579196330 2.084796888 0.0 0
1579359535 2.106986638 0.5 1
1579360112 2.168516942 1.0 1
1579360673 2.084922652 0.0 0
1579361228 2.046525826 0.0 0
1579361784 2.141128503 1.0 1
1579362338 2.093047952 0.0 0
1579362895 2.224183196 1.0 1
1579363461 2.123368712 0.0 0
1579364028 2.097045148 0.0 0
1579364588 2.151181005 1.0 1
1579530579 2.147993401 0.0 0
1579531152 2.177985194 0.0 0
1579532192 2.059595714 0.0 0
1579532900 2.096688535 0.0 0
1579533561 2.094063245 0.0 0
1579534162 2.093335265 0.0 0
1579534848 2.129088375 0.0 0
1579535464 2.217311925 1.0 1
1579536536 2.139782131 1.0 1
1579537112 2.31865158 0.3333333333333333 1
1580223838 2.475340314 0.0 0
1580224397 2.132343769 0.0 0
1580224954 2.109448155 0.0 0
1580225517 2.352816143 0.3333333333333333 1
1580226076 2.268177298 0.3333333333333333 1
1580226661 2.303844604 0.0 0
1580227229 2.118434565 0.0 0
1580227826 2.052005938 0.3333333333333333 1
1580228408 2.055097974 0.0 0
1580228968 2.142066135 0.3333333333333333 1
1580312395 2.13295929 0.5 1
1580312976 2.141161246 0.0 0
1580313531 2.208635491 0.0 0
1580314494 2.103764193 0.0 0
1580315052 2.133822375 0.0 0
1580315612 2.101135474 0.5 1
1580316172 3.844716537 0.25 1
1580316878 2.067024056 0.0 0
1580317469 2.080371689 0.0 0
1581942535 2.101392804 0.0 0
1581943948 166.452727365 0.9577464788732394 1
1581945057 2.076082189 0.0 0
1581946008 2.257071803 0.0 0
1581946577 2.307833695 0.0 0
1581947146 2.077853362 0.0 0
1581948066 2.345621203 0.0 0
1581949167 2.522831411 0.3333333333333333 1
1582034869 2.045472163 0.0 0
1582035747 2.484544579 0.0 0
1582036356 1.955169635 0.0 0
1582036958 2.492578347 0.0 0
1582037564 2.400523521 0.0 0
1582038156 2.056166274 0.0 0
1582038752 2.220080679 0.6666666666666666 1
1582041653 2.521385097 0.3333333333333333 1
1582042412 2.641720471 0.0 0
1582043853 2.496538022 0.0 0
1582044454 2.346148381 1.0 1
1582638058 2.192197236 0.0 0
1582638621 2.13332626 0.0 0
1582640052 2.116321536 0.5 1
1582640873 2.217547581 0.0 0
1582641430 2.260110299 0.0 0
1582642005 2.033392766 0.0 0
1582642572 2.128727215 0.0 0
1582643144 2.106260085 0.5 1
1582643745 2.130276625 0.0 0
1582644302 2.138195678 0.0 0
1582898912 2.432349793 0.0 0
1582899475 2.128611719 0.0 0
1582900043 2.259065128 0.3333333333333333 1
1582900602 2.125858009 0.3333333333333333 1
1582902347 2.144092364 0.5 1
1582902908 2.220975871 0.0 0
1582903512 2.299240288 0.0 0
1574710926 2.082312815 0.0 0
