1569850046 6.620497496 0.3333333333333333 1
1569850046 6.620497496 0.3333333333333333 1
1569850807 6.3673731 0.8571428571428571 1
1569850814 0.055986516 1.0 1
1569851064 6.648422415 0.5 1
1569851269 6.426544257 1.0 2
1569851276 0.01283814 0.0 0
1569851276 0.048459785 0.0 0
1569851619 6.684509927 1.0 1
1569851832 6.747594056 1.0 1
1569852061 6.352014606 1.3333333333333333 2
1569852067 0.043633738 2.0 2
1569852067 0.034665478 2.0 2
1569852067 0.05091626 2.0 2
1569852285 6.569003098 1.2857142857142858 2
1569852291 0.121285421 1.5 2
1569852522 6.423504318 1.1666666666666667 2
1569853141 26.055806858 1.7692307692307692 2
1569853450 6.634705436 1.3333333333333333 2
1574707133 7.2372643 0.0 0
