1569850058 21.438688606 2.4347826086956523 7
1569850058 21.438688606 2.4347826086956523 7
1569850820 22.164435494 3.5 8
1569851077 22.545146131 3.5416666666666665 8
1569851282 21.550966652 3.782608695652174 8
1569851632 21.098835839 3.5652173913043477 8
1569851845 20.932248424 4.045454545454546 8
1569852073 20.923131909 3.272727272727273 8
1569852298 21.424407698 3.782608695652174 7
1569852535 20.88608343 3.909090909090909 8
1569853174 22.925412588 4.166666666666667 8
1569853463 28.059136532 4.620689655172414 9
1570543182 24.686470965 3.4615384615384617 8
1570543544 20.41640751 3.409090909090909 9
1570543755 22.277850762 4.125 9
1570544674 19.016054443 4.0476190476190474 7
1570544930 21.165436099 3.0434782608695654 8
1570545131 20.882555044 2.090909090909091 7
1570545348 23.965933303 5.04 8
1571323055 20.659017722 5.636363636363637 11
1571325173 20.780383777 3.9545454545454546 8
1571325369 21.348464567 4.260869565217392 9
1571325575 20.777095234 4.5 11
1571325775 20.676361346 4.090909090909091 10
1571325971 21.342854049 4.6521739130434785 10
1571326863 23.499112719 4.16 11
1571327079 22.211917908 4.375 9
1571327288 20.456898229 4.190476190476191 8
1571395964 20.637191622 3.9545454545454546 11
1571396162 20.410808202 3.1818181818181817 7
1571396359 21.951044837 2.9130434782608696 7
1571396558 20.847743195 4.181818181818182 10
1571396757 20.54656587 3.909090909090909 9
1571396982 21.39855355 3.0434782608695654 8
1571397188 21.206054809 2.8260869565217392 6
1571397389 20.469586752 2.4545454545454546 7
1571397585 20.687584938 2.6363636363636362 6
1571397783 21.078127828 3.5217391304347827 9
1571405031 20.239168355 5.2272727272727275 10
1571405229 21.44981832 4.217391304347826 10
1571405427 22.064030018 5.75 8
1571405660 20.664908419 5.5 12
1571405859 20.703285344 4.681818181818182 10
1571409077 21.22090754 2.1739130434782608 5
1571409279 23.151450721 4.04 9
1571409480 21.185583135 3.3043478260869565 9
1571409697 20.479358465 3.3636363636363638 8
1571409896 20.483859 3.380952380952381 7
1571664502 20.297426834 -1 -1
1571665010 21.238653618 5.130434782608695 10
1571665225 20.667103105 4.5 8
1571665419 20.0920709 4.0 9
1571665613 20.637460716 4.5 8
1571665809 20.613348154 5.681818181818182 11
1571668226 21.702252555 4.304347826086956 7
1571668425 20.540703323 3.5454545454545454 8
1571668629 20.625325631 3.909090909090909 9
1571668823 20.495347822 4.590909090909091 10
1571669024 20.417289946 4.0 11
1571752096 20.862210112 4.681818181818182 10
1571752292 21.196686633 5.304347826086956 11
1571752492 22.208452324 3.625 7
1571752696 20.288604711 4.363636363636363 10
1571752893 20.512499595 4.0 9
1571753087 21.680643183 3.5652173913043477 7
1571753284 21.168595665 3.260869565217391 11
1571753481 21.347153723 1.6956521739130435 9
1571753679 20.448104865 0.5 4
1571753876 20.248319022 0.2727272727272727 3
1571760234 20.798967631 4.181818181818182 8
1571760432 20.962915188 3.6818181818181817 7
1571760633 20.363291079 4.090909090909091 8
1571760829 24.204710826 3.769230769230769 9
1571761031 21.065748746 5.217391304347826 9
1571761239 21.203323465 4.3478260869565215 11
1571761438 20.153201065 6.181818181818182 12
1571761633 20.327740239 4.136363636363637 9
1571761830 20.684522546 4.090909090909091 10
1571762037 20.992477971 5.0 8
1572003339 20.65247299 3.8636363636363638 7
1572003536 20.937423971 2.909090909090909 6
1572003731 21.558462461 3.4782608695652173 8
1572003929 21.19838276 4.695652173913044 11
1572004126 20.555680454 5.0 9
1572004322 20.588627101 5.7272727272727275 10
1572004516 20.858186966 3.909090909090909 8
1572004715 21.518783033 2.8260869565217392 6
1572004917 22.039803713 3.5 8
1572005115 20.618355271 3.590909090909091 7
1572011317 21.192202457 0.0 0
1572011514 20.829441436 0.5454545454545454 3
1572011709 24.80171553 0.0 0
1572011907 20.667803744 0.18181818181818182 2
1572012103 21.092644437 0.4782608695652174 5
1572012301 20.81306133 1.0 4
1572012495 20.911113877 0.8636363636363636 6
1572012689 20.450679451 2.272727272727273 8
1572012884 20.429335942 3.8636363636363638 9
1572013079 20.672898994 4.428571428571429 8
1572265138 20.846565552 5.045454545454546 10
1572265336 22.892382632 4.333333333333333 10
1572265534 21.268116773 4.3478260869565215 8
1572265732 21.487640888 4.6521739130434785 8
1572265937 21.023826197 4.956521739130435 12
1572266139 20.525070513 5.454545454545454 10
1572266337 22.152359065 4.958333333333333 11
1572266537 20.206064585 5.363636363636363 12
1572266735 20.912017621 4.545454545454546 9
1572266938 23.465460477 4.6 11
1572274192 18.15924062 5.3 11
1572274365 17.881148204 4.473684210526316 9
1572274534 17.939896442 4.7894736842105265 10
1572274706 18.284330719 4.3 8
1572274874 18.724974797 4.25 8
1572275043 18.238616377 5.55 10
1572275216 18.226205299 4.5 9
1572275393 17.13961403 4.684210526315789 9
1572275561 17.712266677 5.315789473684211 10
1572275734 17.920253583 5.157894736842105 11
1572361354 20.605244389 4.090909090909091 11
1572361549 20.878841827 4.954545454545454 9
1572361743 21.19774227 4.304347826086956 8
1572361938 21.276550692 3.9130434782608696 8
1572362137 20.513329488 3.4545454545454546 7
1572362332 21.514819996 4.304347826086956 8
1572362528 20.901414376 4.136363636363637 8
1572362727 21.717475062 4.0 10
1572362922 20.782472636 3.772727272727273 9
1572363118 21.600297263 3.5217391304347827 8
1572366983 18.260674933 3.2 7
1572367151 18.280977825 5.9 10
1572367323 17.615204983 5.631578947368421 10
1572367489 17.901251865 4.052631578947368 7
1572367672 18.234936727 3.85 7
1572367849 18.496439517 3.4 7
1572368018 18.19557058 3.7 7
1572368187 18.027130889 3.3 8
1572368354 17.155205745 4.578947368421052 10
1572368519 18.199926376 4.368421052631579 8
1572532469 20.937725472 4.7272727272727275 10
1572532669 22.517501429 3.9583333333333335 8
1572532875 21.357432013 4.217391304347826 7
1572544571 18.475481527 5.7 10
1572544739 18.094773995 5.2 10
1572544911 18.380086833 5.95 11
1572545083 18.199855867 5.2 10
1572545256 17.954264191 5.526315789473684 13
1572870085 17.323882609 4.684210526315789 10
1572870303 18.343865408 4.3 10
1572870485 18.189813227 3.75 8
1572870706 18.315246973 4.0 9
1572870875 18.497285206 4.2631578947368425 9
1572965465 18.540154583 3.6 9
1572965633 17.733645854 4.315789473684211 9
1572965800 19.242811698 5.0476190476190474 11
1572965968 16.320035686 5.277777777777778 9
1572966140 16.333228193 5.555555555555555 12
1572966307 18.848086121 5.2 10
1572966478 17.142481841 3.789473684210526 9
1572966661 17.680839631 4.526315789473684 10
1572966841 16.604633339 3.7222222222222223 9
1572967005 16.407686517 4.882352941176471 8
1573207112 18.048191682 3.05 6
1573207280 18.518973216 3.9 8
1573207450 17.451442308 3.6315789473684212 7
1573207614 17.470965718 4.052631578947368 8
1573207785 18.564565777 4.05 9
1573207952 18.375880197 3.8 8
1573208119 17.346190296 3.263157894736842 9
1573208284 18.120149967 4.1 7
1573208453 17.474664926 4.842105263157895 9
1573208618 18.329833773 4.8 9
1573220354 17.059031851 0.21052631578947367 2
1573220521 17.999490753 0.5789473684210527 5
1573220689 18.631697636 1.0 5
1573220858 17.806551209 1.5263157894736843 5
1573221025 17.446799737 3.263157894736842 9
1573221192 17.435499147 3.0526315789473686 8
1573221356 18.130178224 2.95 7
1573221526 17.187802107 3.5789473684210527 8
1573221693 18.226689029 4.75 8
1573221863 16.501309111 4.111111111111111 11
1573222051 18.365257019 3.85 9
1573222221 17.902721778 3.6842105263157894 8
1573222388 17.399895757 3.5789473684210527 8
1573222554 17.446235301 2.5789473684210527 8
1573222724 17.118419126 2.6666666666666665 6
1573301202 18.316549562 4.5 8
1573301371 18.494811839 5.95 11
1573301553 18.797380875 5.4 11
1573301721 35.742084183 5.297297297297297 8
1573301907 19.380378923 5.333333333333333 10
1573302087 17.369205519 5.7368421052631575 10
1573302254 18.23990505 3.8 8
1573302428 18.082944659 3.25 11
1573302598 17.036998507 2.5789473684210527 10
1573302780 18.54643753 0.15 2
1573303914 17.019977778 6.473684210526316 11
1573304078 16.299937806 5.5 10
1573304239 16.314932891 4.166666666666667 10
1573304405 16.898008317 4.722222222222222 10
1573304564 17.17505173 4.631578947368421 7
1573304730 16.346823082 4.222222222222222 9
1573304889 16.739438722 5.111111111111111 10
1573305050 17.755583959 5.947368421052632 10
1573305210 16.911302862 4.444444444444445 9
1573305370 17.143029081 3.473684210526316 10
1573752543 17.675549949 5.526315789473684 10
1573752802 18.287180638 4.0 11
1573752960 18.07217269 3.35 6
1573753120 16.540225604 5.777777777777778 11
1573753276 14.807674325 4.9375 9
1573753431 17.253491494 4.2631578947368425 9
1573753590 14.848428558 4.75 9
1573753742 16.494654751 5.888888888888889 12
1573753905 16.614660603 5.055555555555555 10
1573754724 16.673803445 3.7777777777777777 8
1573754885 17.893047399 4.2105263157894735 7
1573755046 20.966383674 5.045454545454546 11
1573755212 20.17959015 3.909090909090909 8
1573755374 15.600283008 4.882352941176471 11
1573755532 14.792540091 5.625 10
1573755686 16.768796595 5.277777777777778 10
1573755845 16.837683908 3.8333333333333335 7
1573756003 16.634837452 5.055555555555555 7
1573756159 24.446748749 3.5 11
1573831468 18.661310344 0.0 0
1573831626 18.219566579 0.2 3
1573831785 18.352213809 0.65 4
1573831956 14.80042209 0.3125 4
1573832108 17.76842319 0.0 0
1573832271 15.858453648 0.6470588235294118 4
1573832428 18.130950561 0.15 2
1573832591 14.95879521 0.125 2
1573832746 15.645043774 0.058823529411764705 1
1573832902 14.934674603 0.4375 3
1573833098 15.905558552 0.5294117647058824 3
1573833253 23.197648603 0.0 0
1573833417 15.556797924 0.29411764705882354 3
1573833575 17.689947624 0.05263157894736842 1
1573833732 15.836678559 0.47058823529411764 3
1573901107 17.413439474 4.157894736842105 9
1573901264 16.520773705 4.055555555555555 8
1573901420 15.095805476 5.9411764705882355 10
1573901578 20.143188906 4.545454545454546 10
1573901737 15.310445689 4.176470588235294 8
1573901892 15.800544178 3.588235294117647 8
1573902047 16.463275902 1.4444444444444444 6
1573902204 16.297464296 0.16666666666666666 1
1573902362 15.456974321 0.6470588235294118 3
1573902518 17.816783658 0.2777777777777778 2
1574685837 18.561870556 0.3 3
1574686036 19.297892413 0.14285714285714285 2
1574686197 16.44285455 5.833333333333333 9
1574686361 16.547712272 0.2222222222222222 2
1574686517 16.178276171 0.3888888888888889 3
1574686683 15.747619037 5.176470588235294 9
1574686848 14.950600251 0.0 0
1574687034 15.767322498 0.0 0
1574687209 17.501596975 4.631578947368421 10
1574687373 17.215663215 0.2631578947368421 2
1574689701 17.812196212 0.10526315789473684 1
1574689919 16.167224916 0.2222222222222222 4
1574690088 17.139328773 5.0 10
1574690257 16.779340293 0.0 0
1574690427 16.429175902 0.16666666666666666 1
1574690587 24.185007682 0.3076923076923077 3
1574690758 15.804136624 0.11764705882352941 2
1574690916 21.777153714 0.2608695652173913 3
1574691101 19.627966143 4.904761904761905 11
1574691281 16.278692454 0.5 3
1574706903 18.900379276 3.95 8
1574707144 14.86784426 0.0 0
1574954247 22.301939004 0.20833333333333334 2
1574954412 22.374518326 4.208333333333333 9
1574954589 17.327532694 3.4210526315789473 6
1574954752 40.867321547 0.07142857142857142 3
1574954937 15.447535852 5.411764705882353 9
1574955094 17.700024779 2.0 5
1574955351 16.713911666 0.6666666666666666 3
1574955512 17.405552985 5.105263157894737 9
1574955670 17.713818643 3.4210526315789473 7
1574955831 18.267062134 0.5263157894736842 2
1575026579 17.416942116 0.05263157894736842 1
1575026740 17.163374863 0.10526315789473684 1
1575026900 17.522756818 3.526315789473684 10
1575027061 18.408574116 0.0 0
1575027225 18.534034569 0.1 1
1575027389 17.527880242 2.6842105263157894 11
1575027552 17.580923335 0.0 0
1575027710 19.105846605 0.2857142857142857 3
1575027875 18.971273278 0.05 1
1575028038 15.716149527 0.5882352941176471 3
1575112894 18.597128823 0.0 0
1575113059 18.80972533 0.1 2
1575113217 17.246569212 4.052631578947368 7
1575113380 15.967039649 0.0 0
1575113538 17.926912683 0.3684210526315789 4
1575113696 16.905215443 4.111111111111111 8
1575113853 16.18762267 0.3888888888888889 2
1575114012 15.642707822 4.823529411764706 9
1575114175 16.564829426 0.16666666666666666 2
1575114335 16.320589912 0.5555555555555556 3
1575289825 18.380048794 0.3 3
1575289991 17.615530107 0.0 0
1575290159 17.335272733 4.947368421052632 10
1575290347 17.937023955 0.3684210526315789 3
1575290515 17.86708328 2.6842105263157894 8
1575290691 17.960124965 1.105263157894737 5
1575290858 16.147777267 0.3333333333333333 3
1575291014 17.062432067 3.1578947368421053 6
1575291176 17.350964292 0.2631578947368421 2
1575291337 17.951944581 0.0 0
1575384225 17.3329703 0.15789473684210525 2
1575384386 19.345286511 0.0 0
1575384546 17.306370339 4.842105263157895 9
1575384707 18.624572733 0.1 1
1575384868 15.647894376 0.6470588235294118 4
1575385028 16.115257156 0.5 4
1575385187 17.525708243 0.15789473684210525 1
1575385346 17.543683446 0.10526315789473684 2
1575385510 17.045842394 0.21052631578947367 2
1575385670 15.611912199 0.35294117647058826 2
1575556607 17.206152526 0.10526315789473684 1
1575556768 20.484454027 3.0454545454545454 8
1575556941 19.581291836 0.14285714285714285 1
1575557125 16.927908925 0.0 0
1575557296 18.532757246 2.5 7
1575557479 17.232770418 0.2631578947368421 2
1575557655 17.037546625 0.0 0
1575557827 17.225071015 5.105263157894737 10
1575558287 17.566431364 0.21052631578947367 2
1575558472 16.734241602 0.5 3
1579184105 17.344523254 4.578947368421052 8
1579184820 17.721876792 0.5789473684210527 4
1579184983 17.696812971 4.7368421052631575 12
1579185146 17.121210334 4.0 9
1579185319 20.854511061 0.2727272727272727 3
1579185497 17.550437593 4.684210526315789 8
1579185679 17.000111553 0.10526315789473684 2
1579185859 20.758862921 0.18181818181818182 2
1579186047 17.301487139 4.473684210526316 9
1579186218 17.708252778 0.2777777777777778 2
1579351842 18.246835067 0.25 4
1579352002 17.006484243 0.631578947368421 3
1579352162 18.013293513 1.25 7
1579352323 18.829271349 0.35 3
1579352486 17.125492055 5.421052631578948 10
1579352650 17.362931126 0.15789473684210525 1
1579352807 16.831511348 0.3333333333333333 2
1579352970 19.337633631 4.285714285714286 9
1579353132 17.686504287 0.3684210526315789 3
1579353999 18.403153658 0.3157894736842105 2
1579522924 16.589717794 0.2777777777777778 2
1579523127 17.292655189 0.3684210526315789 5
1579523318 18.012946458 1.2 7
1579523482 17.769025207 0.3684210526315789 4
1579523656 17.304426912 3.210526315789474 8
1579523838 17.007427388 0.47368421052631576 4
1579524019 17.025268612 0.3157894736842105 3
1579524207 19.035977738 3.380952380952381 7
1579524375 20.27925062 0.13636363636363635 1
1579524543 17.198013322 0.3157894736842105 2
1579537528 45.977693095 0.10638297872340426 2
1580215402 16.376076265 0.05555555555555555 1
1580215572 17.248412756 2.3157894736842106 7
1580215735 16.996356362 0.2222222222222222 2
1580215894 17.509999363 0.0 0
1580216055 16.801753577 3.7222222222222223 7
1580216217 17.591433391 0.2631578947368421 2
1580216377 17.989037416 5.315789473684211 10
1580216541 16.103475921 4.555555555555555 8
1580216700 20.468111188 0.5454545454545454 6
1580216881 18.329935509 2.9 7
1580304790 16.721170598 0.2777777777777778 3
1580304947 18.15936672 4.2 10
1580305108 17.871952625 0.8947368421052632 4
1580305269 17.379953415 1.263157894736842 5
1580305453 17.086591891 3.6842105263157894 9
1580305615 18.052451853 0.2 2
1580305777 16.737622255 5.222222222222222 9
1580305933 16.415521175 2.2222222222222223 6
1580306089 17.369763386 0.05263157894736842 1
1580306250 18.055523904 4.0 9
1581935290 16.953928053 0.5 3
1581935448 17.388186415 1.0 4
1581935610 18.965478055 4.85 9
1581935775 17.896354791 4.842105263157895 11
1581935942 16.487306678 0.3888888888888889 2
1581936114 17.309060106 1.4736842105263157 5
1581936285 16.677633198 6.722222222222222 12
1581936447 17.441177287 5.2105263157894735 12
1581936606 17.037131244 0.631578947368421 4
1581936782 16.189786349 1.8823529411764706 7
1582026964 18.9464121 2.7 7
1582027126 17.269544232 0.0 0
1582027293 16.757008166 0.16666666666666666 3
1582027460 18.749908181 3.4 9
1582027871 17.673613357 2.6842105263157894 8
1582028037 19.000001639 0.0 0
1582028203 18.291623476 0.0 0
1582028373 19.725358459 1.9047619047619047 8
1582028542 18.259758677 3.85 9
1582028711 17.699203257 0.05263157894736842 1
1582113186 17.584458415 4.578947368421052 9
1582113346 19.407539854 0.3333333333333333 2
1582113512 19.232173908 0.23809523809523808 3
1582113681 15.008097405 5.117647058823529 10
1582113845 18.67378903 4.15 8
1582114021 16.77452809 0.2222222222222222 3
1582114182 19.183696737 0.14285714285714285 3
1582114345 18.695218795 3.95 9
1582114510 19.041551958 3.4285714285714284 9
1582114676 17.363691932 0.0 0
1582114837 19.836005945 0.047619047619047616 1
1582115006 18.339790763 1.9 8
1582115167 18.477016361 5.8 11
1582115334 18.154105701 1.1 6
1582115497 17.827124247 0.15789473684210525 2
1582115660 17.498117471 0.2631578947368421 3
1582115823 18.162098132 4.6 9
1582115987 17.954053961 4.2631578947368425 9
1582116167 18.781763617 0.35 5
1582116381 17.05949704 0.3684210526315789 2
1582116559 17.584699623 5.894736842105263 13
1582116724 16.97676391 5.388888888888889 10
1582119044 17.109076971 0.42105263157894735 3
1582119205 20.141083302 0.18181818181818182 2
1582119378 19.37069363 5.190476190476191 10
1582119553 19.821142718 3.3333333333333335 7
1582119729 16.800214741 0.16666666666666666 3
1582119889 18.392388207 0.0 0
1582120064 21.600031564 3.1739130434782608 7
1582120238 19.487289096 3.1904761904761907 8
1582120959 17.246267729 4.894736842105263 12
1582121125 17.800680368 0.0 0
1582121370 17.454118175 1.1578947368421053 6
1582125059 17.160194885 4.894736842105263 10
1582125275 17.555410757 3.263157894736842 8
1582125724 18.674108775 0.1 2
1582125920 17.585243007 3.263157894736842 8
1582126084 18.183109239 3.05 7
1582126252 17.146654764 0.6842105263157895 3
1582126414 19.341539155 0.3333333333333333 4
1582126583 17.382454347 4.947368421052632 12
1582126746 19.898621162 2.4285714285714284 7
1582126909 17.200003616 0.8421052631578947 5
1582127070 17.589145859 0.5263157894736842 5
1582127234 18.268526244 5.2 10
1582127404 17.603788727 3.3684210526315788 7
1582127569 17.965680122 2.1052631578947367 7
1582127733 17.799663956 0.0 0
1582127896 17.055590177 4.157894736842105 7
1582128057 21.469572936 3.7142857142857144 8
1582128223 17.109222487 2.789473684210526 7
1582128401 18.16374809 0.3 3
1582128564 17.09708679 3.8947368421052633 10
1582128727 18.625072297 4.1 10
1582128892 19.176616126 3.9047619047619047 9
1582129059 18.520881678 0.15 2
1582129227 15.902615556 6.823529411764706 11
1582129385 17.45882943 4.578947368421052 11
1582129547 18.533884158 4.35 8
1582129709 17.368745137 0.21052631578947367 3
1582185135 17.622079977 3.210526315789474 9
1582185315 20.97297225 0.18181818181818182 2
1582186047 19.40892121 4.333333333333333 9
1582186207 15.066044626 6.529411764705882 11
1582186943 17.151561326 6.315789473684211 12
1582187903 16.879220635 6.444444444444445 12
1582188064 17.465265649 5.2631578947368425 10
1582188222 18.735335406 5.25 12
1582188382 16.522356479 4.333333333333333 9
1582193833 17.672782882 0.5263157894736842 4
1582193997 16.945369604 3.1666666666666665 10
1582194161 15.191756635 5.0 11
1582194317 17.280853382 0.05263157894736842 1
1582194478 17.632277869 0.5789473684210527 4
1582194642 17.313550605 3.6842105263157894 8
1582194808 17.13615163 5.0 11
1582194971 18.124964707 0.35 5
1582195132 17.228022643 0.7368421052631579 4
1582195296 16.240397972 2.5 6
1582195790 17.112602583 1.4736842105263157 5
1582195948 17.332404283 0.47368421052631576 5
1582196107 17.646568007 0.8947368421052632 5
1582196266 17.621537751 4.526315789473684 11
1582196425 17.440216317 0.15789473684210525 2
1582196585 17.479149865 0.21052631578947367 2
1582196742 17.114674947 2.526315789473684 9
1582196902 17.568603321 4.2105263157894735 8
1582197064 17.468942857 0.47368421052631576 3
1582197232 15.166375689 0.7058823529411765 4
1582197387 17.609286858 5.105263157894737 10
1582197564 17.196107151 4.421052631578948 8
1582197724 16.532316595 0.3333333333333333 3
1582197882 17.227652309 0.3157894736842105 2
1582198041 17.180048691 4.052631578947368 10
1582198197 17.943257414 1.5263157894736843 6
1582198359 15.733806911 0.7058823529411765 6
1582198517 121.955957999 0.10569105691056911 6
1582198796 18.356738819 5.4 11
1582199149 18.361578742 2.6842105263157894 9
1582631453 18.965421671 4.65 11
1582631614 16.430847798 0.2777777777777778 2
1582631770 16.279976131 0.0 0
1582631926 17.246034577 5.0 12
1582632085 16.439533097 0.7777777777777778 4
1582632241 16.720215613 0.1111111111111111 1
1582632401 17.296430412 0.10526315789473684 2
1582632564 17.008965721 3.526315789473684 10
1582632725 17.300223945 0.2631578947368421 3
1582632884 17.580741229 0.42105263157894735 3
1582884584 35.175403082 3.5675675675675675 10
1582884761 17.861531488 1.2105263157894737 6
1582884930 17.492691535 0.15789473684210525 2
1582885094 17.047265764 3.736842105263158 6
1582885257 18.547077842 3.0 10
1582885421 16.519648828 1.1666666666666667 5
1582885579 17.946688997 0.10526315789473684 2
1582885741 17.386741103 2.8947368421052633 7
1582885907 16.309058479 2.2777777777777777 6
1582886064 17.356442461 0.0 0
1574707144 14.86784426 0.0 0
