1569854763 5.439290437 1.4 2
1569856371 5.29687557 0.8333333333333334 1
1571330423 5.551756755 1.5 2
1571766780 5.335017097 1.6666666666666667 2
1571767564 5.456731192 3.0 3
1572537640 4.267195945 1.6 2
1572538294 4.326370941 1.5 2
1572538953 4.265082628 1.6 2
1572539606 4.467793038 1.4 2
1572540255 4.349389361 1.5 2
1572541159 4.295371105 1.5 2
1572541812 4.396803436 1.6 2
1572542461 4.984488184 1.6 2
1572543108 4.345102682 1.75 2
1572543779 4.576634318 1.8 2
1572871527 4.344065335 1.75 2
1572872178 4.372836008 2.0 2
1572872859 4.583881385 2.0 3
1572873507 4.508741204 1.4 2
1572874165 4.327376161 1.4 2
1572875230 4.396092629 1.5 2
1572876084 4.355969216 1.5 2
1572877310 4.372867195 1.4 2
1572877965 4.435405829 1.4 2
1572879205 4.301350769 1.75 2
1572967595 4.242343952 1.5 2
1572968253 4.388881649 1.6 2
1572969553 4.443911936 1.75 2
1572970214 4.282910961 1.75 2
1572970864 4.263559755 1.6 2
1572971527 4.314684191 1.5 2
1572972188 4.308534458 1.5 2
1572972837 4.348192611 1.5 2
1572973553 4.35504222 1.5 2
1572974202 4.403320677 1.2 2
1572974860 4.315941881 1.5 2
1573209137 4.30360456 1.25 2
1573209807 4.309003917 1.4 2
1573210468 4.280516641 1.5 2
1573211136 4.243818296 1.75 2
1573211795 4.333025671 1.6 2
1573212442 4.239894479 1.75 2
1573213096 4.267259728 1.4 2
1573213745 4.36439129 1.25 2
1573214418 4.485369795 1.5 2
1573215075 4.467457674 1.5 2
1573310584 3.864061651 2.0 2
1573311202 4.375608909 1.4 2
1573311814 3.888547956 1.25 2
1573312520 4.087155605 1.8 2
1573313137 4.528830353 1.75 2
1573313761 3.921406622 1.75 2
1573314390 3.933289242 1.5 2
1573315003 4.134371909 1.5 2
1574696611 3.773684888 1.75 2
1574697190 3.801962371 1.5 2
1574697782 3.832505826 1.5 2
1574698354 3.810583989 1.75 2
1574698942 3.794989657 1.0 2
1574709754 3.8726578 1.25 2
1574711012 3.848267167 0.0 0
1574956362 3.773054895 1.75 2
1574957025 3.791618884 1.6666666666666667 2
1574957626 3.777040231 0.0 0
1574958208 3.903167987 0.0 0
1574958801 3.787741984 1.5 2
1574959389 26.184768877 1.9615384615384615 2
1574959990 3.879562732 1.5 3
1574960567 3.920489022 0.0 0
1574961177 3.743051431 0.25 1
1574961813 3.814905478 1.75 2
1575033290 3.785117062 1.75 2
1575033858 3.784739863 1.75 3
1575034447 3.717208733 0.0 0
1575035024 3.751204806 1.6666666666666667 2
1575035585 3.861207622 1.5 2
1575036622 3.821384456 3.0 4
1575037184 3.74858922 1.5 3
1575037743 3.837607173 1.5 2
1575038746 3.843338589 0.0 0
1575039317 3.912877674 1.0 2
1575120577 3.839672433 0.0 0
1575121142 3.84782785 1.75 3
1575122136 3.731818585 1.75 2
1575122763 3.67203643 1.5 2
1575123321 3.65188422 1.5 2
1575123879 3.728268712 1.75 2
1575124435 3.792671912 0.25 1
1575125002 3.810505262 1.0 2
1575125566 3.860260179 2.0 2
1575126132 3.620509202 1.75 3
1575297884 3.666075425 1.6666666666666667 2
1575298457 3.960033907 1.5 2
1575299026 3.760838799 1.75 2
1575299606 3.717503594 1.5 2
1575300177 3.73958057 1.5 2
1575300795 3.811101064 1.5 2
1575301568 3.836239852 1.75 2
1575302177 3.842968518 1.75 2
1575390364 3.763290621 0.0 0
1575390934 3.746445759 1.5 2
1575391497 3.654822957 1.5 2
1575392063 3.859153871 1.5 2
1575392873 3.774205674 1.75 2
1575393509 3.693133781 0.75 2
1575394068 3.963915429 1.75 2
1575394635 3.900206057 1.75 2
1575395199 3.746369303 1.6666666666666667 2
1575395762 3.896789513 1.3333333333333333 2
1575562609 3.854379463 1.6666666666666667 2
1575563293 3.702607307 1.75 2
1575563942 3.863586904 0.0 0
1575564539 3.828645929 0.0 0
1575565122 3.709704781 2.0 2
1575565687 3.768817183 1.75 2
1575566260 3.751639378 1.5 2
1575566860 3.951934127 0.25 1
1575568187 3.85245937 1.5 2
1575568771 3.8013103 1.5 2
1579191217 3.746791987 2.0 2
1579191829 3.744761653 2.0 2
1579192396 3.79099779 1.5 2
1579192981 3.757596668 1.6666666666666667 2
1579193567 3.812495336 1.6666666666666667 2
1579194131 3.774028161 1.6666666666666667 2
1579194699 3.799020964 1.6666666666666667 2
1579195265 3.884026239 1.5 2
1579195854 3.866862706 1.5 2
1579196416 3.836275594 1.5 2
1579359622 3.763440956 1.75 2
1579360199 3.907985556 2.0 2
1579360759 3.883309265 2.0 2
1579361315 3.729208793 1.75 2
1579361871 3.771695743 1.5 2
1579362425 3.926446152 1.5 2
1579362982 3.687767329 1.75 2
1579363549 3.794394857 1.6666666666666667 2
1579364115 3.817750994 1.6666666666666667 2
1579364674 3.814984168 1.25 2
1579530666 3.776184583 1.75 2
1579531239 3.841223973 0.0 0
1579532295 3.8012696 0.5 1
1579532987 3.774718612 1.75 2
1579533648 3.753934561 1.6666666666666667 2
1579534249 3.863437387 0.3333333333333333 1
1579534935 3.926672819 0.5 1
1579535551 3.831137882 1.75 2
1579536623 3.876376764 0.0 0
1579537198 3.717685039 0.0 0
1580223925 3.805233681 1.5 2
1580224483 3.799480338 1.5 2
1580225040 3.750824837 1.5 2
1580225604 3.827597546 1.75 2
1580226163 3.807215831 2.0 2
1580226749 3.779446073 1.75 2
1580227316 3.754549679 1.5 2
1580227914 3.887369275 1.5 2
1580228495 3.746045026 1.25 2
1580229054 3.771851907 1.5 2
1580312482 3.864836543 1.25 2
1580313062 3.728852186 1.25 2
1580313942 3.784495465 1.5 2
1580314581 3.763221336 1.5 2
1580315138 3.844260424 1.25 2
1580315699 3.829438414 1.5 2
1580316261 3.833847995 1.25 2
1580316971 3.704543408 1.5 2
1580317559 3.772457491 1.6 2
1581942622 3.776893238 1.5 2
1581944199 3.767112647 1.75 2
1581945146 3.818996098 0.0 0
1581946096 3.708737758 1.3333333333333333 2
1581946664 3.769030717 1.75 2
1581947559 3.755676143 1.75 2
1581948152 3.817437138 1.5 2
1581949262 4.436215596 1.4 2
1582034967 4.469202723 2.0 3
1582035839 3.82516377 1.75 2
1582036444 3.748838856 1.5 2
1582037055 3.911138937 1.5 2
1582037655 3.670747954 1.25 2
1582038249 3.718083873 1.5 2
1582038837 3.802695219 2.0 3
1582041750 4.305028315 1.75 2
1582042502 4.138889082 3.25 4
1582043951 4.269264147 3.0 4
1582044543 3.888469205 1.75 3
1582638144 3.759120297 1.5 2
1582638707 3.824731067 1.5 2
1582640142 3.792735461 1.75 2
1582640960 3.807423474 0.0 0
1582641520 3.635245547 0.0 0
1582642091 3.859873932 1.5 2
1582642658 3.763531549 1.75 2
1582643233 3.799883509 1.25 2
1582643831 3.808302611 1.6666666666666667 2
1582644390 3.829996544 1.5 2
1582899000 3.852426415 1.5 2
1582899562 3.712395966 2.0 2
1582900130 3.691802472 1.6666666666666667 2
1582900689 3.714856569 2.0 2
1582902434 3.782414471 1.75 2
1582902994 3.904007867 1.25 2
1582903599 3.750678873 1.75 2
1574711012 3.848267167 0.0 0
