1569850080 9.485147255 -1 -1
1569850080 9.485147255 -1 -1
1569850842 7.550894421 -1 -1
1569851099 7.802550752 -1 -1
1569851303 7.813087395 -1 -1
1569851653 6.468744342 -1 -1
1569851865 6.005902986 -1 -1
1569852094 5.971162669 -1 -1
1569852319 9.443673484 -1 -1
1569852555 5.93745288 -1 -1
1569853196 10.34957008 -1 -1
1569853491 9.088959971 -1 -1
1570543207 6.377069376 -1 -1
1570543564 5.809444791 -1 -1
1570543777 8.177194293 -1 -1
1570544693 5.772336005 -1 -1
1570544951 8.561737969 -1 -1
1570545152 6.778532472 -1 -1
1570545372 7.065534192 -1 -1
1571323076 5.781251515 -1 -1
1571325194 5.750788291 -1 -1
1571325390 8.576091167 -1 -1
1571325595 5.73489133 -1 -1
1571325795 7.026983809 -1 -1
1571325992 6.779290021 -1 -1
1571326886 15.784557167 -1 -1
1571327101 9.585304709 -1 -1
1571327308 6.139434332 -1 -1
1571395985 5.938459624 -1 -1
1571396182 5.900484182 -1 -1
1571396381 5.720003401 -1 -1
1571396578 5.636451024 -1 -1
1571396778 5.667604663 -1 -1
1571397004 9.29060775 -1 -1
1571397209 6.581791266 -1 -1
1571397409 5.790789141 -1 -1
1571397606 6.068823172 -1 -1
1571397804 5.722512635 -1 -1
1571405051 6.18724514 -1 -1
1571405251 5.758040814 -1 -1
1571405449 7.168495158 -1 -1
1571405681 5.549793376 -1 -1
1571405880 5.543856801 -1 -1
1571409098 9.2833498 -1 -1
1571409302 6.999410746 -1 -1
1571409502 6.263873273 -1 -1
1571409718 5.812942431 -1 -1
1571409916 5.5905444 -1 -1
1571664522 5.455848 -1 -1
1571665031 9.412594256 -1 -1
1571665245 5.981790405 -1 -1
1571665439 5.905112982 -1 -1
1571665634 5.786182093 -1 -1
1571665829 5.79935391 -1 -1
1571668247 10.194831775 -1 -1
1571668445 5.816215779 -1 -1
1571668649 6.084888429 -1 -1
1571668844 5.937067333 -1 -1
1571669044 5.474197263 -1 -1
1571752117 6.286005786 -1 -1
1571752318 3.57682193 -1 -1
1571752717 5.877365205 -1 -1
1571752913 6.028768935 -1 -1
1571753109 6.980131682 -1 -1
1571753305 6.756770776 -1 -1
1571753503 7.330858408 -1 -1
1571753700 5.568841938 -1 -1
1571753896 5.824035436 -1 -1
1571760255 6.068010572 -1 -1
1571760452 6.519021801 -1 -1
1571760653 5.904150956 -1 -1
1571760854 6.013159004 -1 -1
1571761055 3.458586935 -1 -1
1571761260 10.820480616 -1 -1
1571761458 5.721874763 -1 -1
1571761653 6.071254946 -1 -1
1571761850 5.867478168 -1 -1
1571762058 5.677668662 -1 -1
1572003360 5.217893417 -1 -1
1572003557 7.506288405 -1 -1
1572003753 7.650300485 -1 -1
1572003950 6.459421291 -1 -1
1572004146 5.760273632 -1 -1
1572004344 3.309134301 -1 -1
1572004541 3.454568304 -1 -1
1572004736 11.551163628 -1 -1
1572004939 6.892249098 -1 -1
1572005136 5.787882667 -1 -1
1572011338 7.320579156 -1 -1
1572011537 3.213991686 -1 -1
1572011736 3.419568627 -1 -1
1572011928 5.598045164 -1 -1
1572012124 6.766117063 -1 -1
1572012321 5.664908816 -1 -1
1572012516 6.135111213 -1 -1
1572012710 5.749714454 -1 -1
1572012905 5.747279734 -1 -1
1572013099 5.722122016 -1 -1
1572265159 5.802887951 -1 -1
1572265359 5.93839346 -1 -1
1572265555 6.732051249 -1 -1
1572265753 7.77602141 -1 -1
1572265958 5.804953113 -1 -1
1572266159 5.685648271 -1 -1
1572266359 5.759098887 -1 -1
1572266557 5.694671508 -1 -1
1572266756 6.73616324 -1 -1
1572266962 7.860821349 -1 -1
1572274210 6.517099847 -1 -1
1572274383 9.291724753 -1 -1
1572274551 5.699864737 -1 -1
1572274724 6.108513449 -1 -1
1572274893 6.407412298 -1 -1
1572275062 6.920774806 -1 -1
1572275241 2.765759143 -1 -1
1572275410 5.081679164 -1 -1
1572275578 5.208403016 -1 -1
1572275752 4.740058555 -1 -1
1572361374 5.724087589 -1 -1
1572361570 5.604190712 -1 -1
1572361765 6.867156335 -1 -1
1572361960 8.889869633 -1 -1
1572362158 5.774976918 -1 -1
1572362353 6.459479612 -1 -1
1572362549 6.561750296 -1 -1
1572362749 6.079656609 -1 -1
1572362943 5.685373774 -1 -1
1572363139 8.007914205 -1 -1
1572367001 6.874319974 -1 -1
1572367170 6.904902301 -1 -1
1572367341 4.826261168 -1 -1
1572367507 5.212476502 -1 -1
1572367690 8.522645577 -1 -1
1572367868 7.979289379 -1 -1
1572368036 6.78678023 -1 -1
1572368205 5.462838416 -1 -1
1572368371 4.584051438 -1 -1
1572368537 12.062641253 -1 -1
1572532911 67.242811886 -1 -1
1572544589 6.264578463 -1 -1
1572544757 6.777032416 -1 -1
1572544929 8.66096813 -1 -1
1572545101 11.807769253 -1 -1
1572545274 9.084497221 -1 -1
1572870103 5.011878013 -1 -1
1572870321 6.348885739 -1 -1
1572870503 7.838764149 -1 -1
1572870724 5.990868461 -1 -1
1572870893 6.281606504 -1 -1
1572965484 4.744054559 -1 -1
1572965650 5.634871796 -1 -1
1572965819 6.597871662 -1 -1
1572965985 4.577246497 -1 -1
1572966157 4.83855192 -1 -1
1572966326 7.483568935 -1 -1
1572966495 4.661567355 -1 -1
1572966679 11.838023838 -1 -1
1572966857 4.639500429 -1 -1
1572967021 5.343450312 -1 -1
1573207130 6.262800339 -1 -1
1573207299 6.047790873 -1 -1
1573207467 4.477090593 -1 -1
1573207632 6.910469246 -1 -1
1573207803 6.20488035 -1 -1
1573207970 6.192331709 -1 -1
1573208136 5.124452491 -1 -1
1573208302 5.292617726 -1 -1
1573208470 4.711668028 -1 -1
1573208636 7.750243871 -1 -1
1573220371 4.815105244 -1 -1
1573220539 5.755994295 -1 -1
1573220707 6.556588378 -1 -1
1573220876 5.958036963 -1 -1
1573221043 5.445093111 -1 -1
1573221209 4.70946606 -1 -1
1573221374 6.403873752 -1 -1
1573221543 6.206366178 -1 -1
1573221712 5.643849551 -1 -1
1573221879 4.570106317 -1 -1
1573222069 9.520092585 -1 -1
1573222239 6.011070582 -1 -1
1573222405 4.604864594 -1 -1
1573222571 5.695721503 -1 -1
1573222741 4.657865667 -1 -1
1573301225 2.835110899 -1 -1
1573301389 8.643968073 -1 -1
1573301571 6.77271702 -1 -1
1573301756 6.169201401 -1 -1
1573301927 7.686829939 -1 -1
1573302104 4.763733786 -1 -1
1573302273 12.467001264 -1 -1
1573302446 6.093719512 -1 -1
1573302615 4.655193367 -1 -1
1573302799 7.950488411 -1 -1
1573303931 6.328364834 -1 -1
1573304094 6.022307594 -1 -1
1573304255 4.821392337 -1 -1
1573304422 4.555274556 -1 -1
1573304581 8.821438522 -1 -1
1573304747 6.632125129 -1 -1
1573304909 2.711956829 -1 -1
1573305067 4.688757788 -1 -1
1573305227 7.618916947 -1 -1
1573305388 6.864636108 -1 -1
1573752603 5.797767279 -1 -1
1573752820 5.590190966 -1 -1
1573752978 4.944010496 -1 -1
1573753136 4.303942406 -1 -1
1573753291 4.187273435 -1 -1
1573753449 5.41118753 -1 -1
1573753605 4.239851823 -1 -1
1573753759 11.455013688 -1 -1
1573753921 4.900165602 -1 -1
1573754741 6.284023689 -1 -1
1573754903 4.35977083 -1 -1
1573755067 8.953793387 -1 -1
1573755232 6.284638971 -1 -1
1573755390 6.441819893 -1 -1
1573755547 4.144134808 -1 -1
1573756184 4.414332416 -1 -1
1573831489 2.141386835 -1 -1
1573831644 6.28288855 -1 -1
1573831815 7.849449837 -1 -1
1573831971 4.099066737 -1 -1
1573832126 5.932299556 -1 -1
1573832286 4.744546178 -1 -1
1573832446 11.556640455 -1 -1
1573832606 4.712086129 -1 -1
1573832762 4.557430429 -1 -1
1573832917 4.243082988 -1 -1
1573833114 5.784424187 -1 -1
1573833277 6.003027212 -1 -1
1573833433 5.305296015 -1 -1
1573833593 5.422236441 -1 -1
1573833748 11.851470661 -1 -1
1573901124 5.650662335 -1 -1
1573901281 4.139719535 -1 -1
1573901435 4.553097873 -1 -1
1573901598 5.987863005 -1 -1
1573901752 4.996143206 -1 -1
1573901907 4.610663811 -1 -1
1573902063 5.076915999 -1 -1
1573902221 4.267397467 -1 -1
1573902377 4.269929043 -1 -1
1573902535 4.082764297 -1 -1
1574685869 6.848759205 -1 -1
1574686056 5.816919531 -1 -1
1574686214 4.113633264 -1 -1
1574686377 4.529511851 -1 -1
1574686534 4.56689491 -1 -1
1574686699 4.194716336 -1 -1
1574686863 4.845649052 -1 -1
1574687050 7.093804153 -1 -1
1574687227 4.411243215 -1 -1
1574687390 5.81878074 -1 -1
1574689751 2.450441148 -1 -1
1574689935 4.359257434 -1 -1
1574690105 7.486071827 -1 -1
1574690273 4.263955244 -1 -1
1574690443 4.978790166 -1 -1
1574690611 6.814241332 -1 -1
1574690774 4.453491147 -1 -1
1574690938 9.68739879 -1 -1
1574691121 6.098357002 -1 -1
1574691297 4.95064874 -1 -1
1574706948 6.809766872 -1 -1
1574954269 4.322689274 -1 -1
1574954434 6.081482142 -1 -1
1574954606 6.404651625 -1 -1
1574954792 5.689939627 -1 -1
1574954953 4.191701642 -1 -1
1574955111 4.052635015 -1 -1
1574955368 4.443970013 -1 -1
1574955529 4.270339556 -1 -1
1574955687 6.940969055 -1 -1
1574955849 6.404934353 -1 -1
1575026597 6.494502618 -1 -1
1575026757 8.319052382 -1 -1
1575026918 6.937048887 -1 -1
1575027080 8.39733018 -1 -1
1575027244 6.65044498 -1 -1
1575027407 8.077782693 -1 -1
1575027570 7.165317368 -1 -1
1575027729 6.502168193 -1 -1
1575027899 2.672599346 -1 -1
1575028054 4.055539299 -1 -1
1575112913 4.50043976 -1 -1
1575113078 4.442608905 -1 -1
1575113234 6.725215988 -1 -1
1575113396 4.200616487 -1 -1
1575113556 5.173114751 -1 -1
1575113713 4.905044209 -1 -1
1575113870 4.37835251 -1 -1
1575114027 4.606726908 -1 -1
1575114191 8.779254702 -1 -1
1575114352 3.955278873 -1 -1
1575289844 4.519739641 -1 -1
1575290009 6.404374166 -1 -1
1575290176 24.666289651 -1 -1
1575290365 6.206783702 -1 -1
1575290536 2.853507697 -1 -1
1575290709 6.463253488 -1 -1
1575290874 4.191156875 -1 -1
1575291031 5.569926665 -1 -1
1575291193 5.987153306 -1 -1
1575291355 6.951806241 -1 -1
1575384242 8.173354226 -1 -1
1575384405 4.962298452 -1 -1
1575384563 4.940351614 -1 -1
1575384726 7.356461234 -1 -1
1575384884 4.642008385 -1 -1
1575385044 4.601303803 -1 -1
1575385205 5.803971124 -1 -1
1575385364 6.244450803 -1 -1
1575385527 6.657313502 -1 -1
1575385686 5.124828861 -1 -1
1575556628 2.420165784 -1 -1
1575556788 6.918081287 -1 -1
1575556960 5.443475387 -1 -1
1575557142 6.118196835 -1 -1
1575557314 6.272282665 -1 -1
1575557496 5.287149513 -1 -1
1575557672 9.354847423 -1 -1
1575557844 6.624058698 -1 -1
1575558305 6.241887445 -1 -1
1575558489 5.508814241 -1 -1
1579184123 6.913713249 -1 -1
1579184842 2.52711485 -1 -1
1579185004 2.3449423 -1 -1
1579185163 6.64255671 -1 -1
1579185340 5.170032816 -1 -1
1579185515 8.079105455 -1 -1
1579185696 4.478959473 -1 -1
1579185881 2.608995868 -1 -1
1579186064 5.790977572 -1 -1
1579186235 5.927209436 -1 -1
1579351860 4.814084843 -1 -1
1579352019 6.502383855 -1 -1
1579352184 2.179198676 -1 -1
1579352342 6.157317192 -1 -1
1579352503 9.88209313 -1 -1
1579352668 4.370213051 -1 -1
1579352824 8.408751256 -1 -1
1579352993 2.507147181 -1 -1
1579353150 9.136295413 -1 -1
1579354017 6.932265645 -1 -1
1579522944 2.648675456 -1 -1
1579523144 5.81493021 -1 -1
1579523336 7.60006107 -1 -1
1579523500 6.472425114 -1 -1
1579523673 9.668776535 -1 -1
1579523855 6.600187708 -1 -1
1579524045 2.732087149 -1 -1
1579524226 6.275419893 -1 -1
1579524395 5.905405841 -1 -1
1579524560 6.657603125 -1 -1
1579537574 5.86960333 -1 -1
1580215590 7.45248825 -1 -1
1580215752 6.535083273 -1 -1
1580215912 5.837634548 -1 -1
1580216071 4.948153833 -1 -1
1580216235 6.144283797 -1 -1
1580216395 6.013614676 -1 -1
1580216557 4.653918387 -1 -1
1580216723 2.389699535 -1 -1
1580216900 6.912998331 -1 -1
1580304806 5.080256746 -1 -1
1580304969 2.70087317 -1 -1
1580305126 6.204430857 -1 -1
1580305286 7.71260539 -1 -1
1580305470 5.281303114 -1 -1
1580305633 5.397752025 -1 -1
1580305793 5.444066899 -1 -1
1580305950 4.57838132 -1 -1
1580306106 5.6044243 -1 -1
1580306268 6.30766134 -1 -1
1581935307 4.057371646 -1 -1
1581935465 5.547100005 -1 -1
1581935629 6.777449626 -1 -1
1581935793 6.404396722 -1 -1
1581935959 4.188203736 -1 -1
1581936131 5.522070097 -1 -1
1581936301 4.545074457 -1 -1
1581936467 2.815824801 -1 -1
1581936623 6.131663899 -1 -1
1581936798 4.018008634 -1 -1
1582026983 6.920123613 -1 -1
1582027143 4.544610135 -1 -1
1582027309 7.683778072 -1 -1
1582027478 28.139978666 -1 -1
1582027888 4.469262917 -1 -1
1582028056 8.927696004 -1 -1
1582028222 9.257975049 -1 -1
1582028392 5.768350206 -1 -1
1582028560 7.60755627 -1 -1
1582028729 4.410026991 -1 -1
1582113203 4.455687697 -1 -1
1582113365 6.361545992 -1 -1
1582113531 7.247394214 -1 -1
1582113698 3.0484236 -1 -1
1582113864 14.169362188 -1 -1
1582114037 5.328335129 -1 -1
1582114201 4.592090094 -1 -1
1582114364 7.978614743 -1 -1
1582114529 4.352412862 -1 -1
1582114693 4.71435326 -1 -1
1582114857 4.529688817 -1 -1
1582115024 4.420362928 -1 -1
1582115188 2.932702772 -1 -1
1582115352 5.129933308 -1 -1
1582115515 4.587957621 -1 -1
1582115677 6.395726711 -1 -1
1582115841 4.494406878 -1 -1
1582116005 4.351973548 -1 -1
1582116186 5.493868422 -1 -1
1582116398 9.193254211 -1 -1
1582116577 5.715877106 -1 -1
1582116741 4.771319319 -1 -1
1582119061 5.757190866 -1 -1
1582119225 9.847740657 -1 -1
1582119397 6.864846706 -1 -1
1582119573 9.967139352 -1 -1
1582119748 2.895326416 -1 -1
1582119908 11.358333559 -1 -1
1582120086 6.256193852 -1 -1
1582120257 5.760229248 -1 -1
1582120976 4.928025204 -1 -1
1582121143 7.832083498 -1 -1
1582121387 5.654695235 -1 -1
1582125076 4.504464529 -1 -1
1582125292 4.146996849 -1 -1
1582125743 8.579770229 -1 -1
1582125942 2.786284874 -1 -1
1582126102 12.269550684 -1 -1
1582126269 4.421122285 -1 -1
1582126434 5.198575064 -1 -1
1582126600 5.354573439 -1 -1
1582126765 5.636902853 -1 -1
1582126926 7.127932938 -1 -1
1582127087 4.550503165 -1 -1
1582127253 6.176547501 -1 -1
1582127421 4.402853312 -1 -1
1582127587 4.593120119 -1 -1
1582127751 5.890609063 -1 -1
1582127913 4.426980914 -1 -1
1582128078 5.799326203 -1 -1
1582128240 4.391284498 -1 -1
1582128419 6.260492075 -1 -1
1582128581 4.521433505 -1 -1
1582128746 5.787376165 -1 -1
1582128911 6.787850606 -1 -1
1582129077 9.962595924 -1 -1
1582129243 4.477822269 -1 -1
1582129403 5.091813642 -1 -1
1582129565 6.092830654 -1 -1
1582129727 4.97908975 -1 -1
1582185167 5.762030922 -1 -1
1582185370 8.092556205 -1 -1
1582186067 5.168517168 -1 -1
1582186222 4.018577928 -1 -1
1582186960 5.747990985 -1 -1
1582187920 4.90568732 -1 -1
1582188082 4.220896126 -1 -1
1582188241 5.52244291 -1 -1
1582193851 7.000870986 -1 -1
1582194014 6.063996183 -1 -1
1582194176 4.354399337 -1 -1
1582194334 8.156729368 -1 -1
1582194496 8.787799152 -1 -1
1582194664 2.223885927 -1 -1
1582194825 7.617103674 -1 -1
1582194990 5.93536543 -1 -1
1582195149 6.467924063 -1 -1
1582195312 4.38922343 -1 -1
1582195808 4.980156029 -1 -1
1582195968 2.085704372 -1 -1
1582196129 2.453497742 -1 -1
1582196284 5.888490969 -1 -1
1582196443 6.53900424 -1 -1
1582196602 6.15079138 -1 -1
1582196759 5.929007091 -1 -1
1582196920 5.842130076 -1 -1
1582197092 2.429940701 -1 -1
1582197404 7.715467694 -1 -1
1582197581 6.565667425 -1 -1
1582197741 4.225932617 -1 -1
1582197899 6.192507651 -1 -1
1582198058 4.576564513 -1 -1
1582198215 8.234329109 -1 -1
1582198374 4.326399907 -1 -1
1582198639 22.52913128 -1 -1
1582199004 6.636313493 -1 -1
1582199167 6.599531011 -1 -1
1582631472 6.339305337 -1 -1
1582631630 4.314925341 -1 -1
1582631944 4.47851629 -1 -1
1582632101 4.352818419 -1 -1
1582632258 4.157270441 -1 -1
1582632418 7.898375781 -1 -1
1582632581 4.301739918 -1 -1
1582632742 7.310742777 -1 -1
1582632902 6.280526921 -1 -1
1582884619 6.495511111 -1 -1
1582884779 10.419797878 -1 -1
1582884952 2.639483669 -1 -1
1582885111 10.280848881 -1 -1
1582885276 7.599814496 -1 -1
1582885437 5.376445761 -1 -1
1582885597 7.30022695 -1 -1
1582885759 8.171612256 -1 -1
1582885923 5.021021276 -1 -1
1582886081 9.315201872 -1 -1
