1569854419 3.833763878 0.0 0
1569855832 4.050728177 0.0 0
1571330122 3.82240998 0.0 0
1571766478 3.811381398 0.0 0
1571767260 3.825198372 0.0 0
1572537388 3.018246963 0.0 0
1572538046 3.17586887 0.3333333333333333 1
1572538705 3.118590472 0.25 1
1572539359 2.943055946 0.0 0
1572540005 3.165199449 0.0 0
1572540911 3.106509787 0.0 0
1572541565 3.078108242 0.0 0
1572542213 3.172875991 0.0 0
1572542860 3.026220936 0.0 0
1572543525 3.181317297 0.25 1
1572871279 3.109458139 0.0 0
1572871929 3.199574374 0.0 0
1572872607 3.059103167 0.0 0
1572873260 3.023609406 1.0 1
1572873912 3.073440052 0.25 1
1572874974 3.201624504 0.0 0
1572875836 3.056555105 0.0 0
1572877061 3.1962331 0.0 0
1572877711 3.029106866 0.0 0
1572878939 3.072762911 0.0 0
1572967345 3.879184437 0.25 1
1572968003 3.111435416 0.0 0
1572969305 3.182988874 2.0 2
1572969966 3.158951048 0.0 0
1572970616 3.046904704 0.0 0
1572971265 3.246512714 0.0 0
1572971928 3.18836183 0.0 0
1572972588 3.209324842 0.25 1
1572973302 3.069057479 0.3333333333333333 1
1572973955 3.123862093 0.0 0
1572974606 3.060679459 0.0 0
1573208888 3.147465314 0.0 0
1573209543 3.05806871 0.0 0
1573210218 3.096967968 0.0 0
1573210887 3.176629879 0.0 0
1573211544 3.073913986 0.0 0
1573212193 3.065143318 0.0 0
1573212844 3.188444502 0.25 1
1573213496 3.122673081 0.0 0
1573214167 3.200689097 1.6666666666666667 2
1573214822 3.07481165 0.0 0
1573310347 2.80777493 0.0 0
1573310969 3.095057163 0.3333333333333333 1
1573311583 3.163151209 0.0 0
1573312288 3.113570787 0.0 0
1573312898 2.847617134 0.3333333333333333 1
1573313525 3.501065784 0.0 0
1573314157 3.117812736 0.0 0
1573314772 3.181118712 0.0 0
1574696381 2.909353963 0.0 0
1574696962 2.899804005 0.0 0
1574697552 2.815034972 0.0 0
1574698127 2.851863306 0.0 0
1574698712 2.981355061 0.0 0
1574709497 2.584296035 0.0 0
1574710783 2.81010154 0.0 0
1574956135 2.960534657 0.0 0
1574956708 2.982275467 0.0 0
1574957399 2.898839328 0.3333333333333333 1
1574957976 2.947265122 0.3333333333333333 1
1574958569 2.813714088 0.0 0
1574959158 3.236197462 0.3333333333333333 1
1574959760 3.026078433 0.0 0
1574960339 2.877705113 0.0 0
1574960951 2.788608953 0.0 0
1574961587 3.083135821 0.0 0
1575033059 2.927072136 0.0 0
1575033628 2.810473739 0.0 0
1575034219 2.846922793 0.0 0
1575034785 3.039583158 0.0 0
1575035357 2.777245494 0.0 0
1575036379 2.90585534 0.5 1
1575036956 2.950453878 0.3333333333333333 1
1575037515 2.890801284 0.0 0
1575038518 2.729578745 0.6666666666666666 1
1575039086 3.034767354 0.3333333333333333 1
1575120350 2.927677494 0.6666666666666666 2
1575120913 2.904067235 0.0 0
1575121474 2.931829855 0.3333333333333333 1
1575122537 2.897353966 0.0 0
1575123093 3.092368434 0.0 0
1575123653 2.89554704 0.0 0
1575124209 2.803882686 0.0 0
1575124777 2.933568293 0.0 0
1575125333 3.014454287 0.0 0
1575125902 2.923405573 0.0 0
1575297649 2.912631063 0.0 0
1575298228 3.073271003 0.0 0
1575298797 2.728339758 0.0 0
1575299374 2.850797927 0.0 0
1575299947 2.891489564 0.0 0
1575300566 3.15890911 0.0 0
1575301138 2.911912369 0.0 0
1575301948 3.125592052 0.0 0
1575390134 3.305387653 0.0 0
1575390702 2.956406945 0.6666666666666666 2
1575391270 3.143709862 0.0 0
1575391835 2.795462039 0.0 0
1575392644 2.76789576 0.0 0
1575393280 2.894214487 0.0 0
1575393841 2.790272695 0.0 0
1575394407 2.979068097 0.0 0
1575394970 3.207183278 0.0 0
1575395533 2.637349418 0.0 0
1575562369 2.880427942 0.0 0
1575563066 2.915469792 0.0 0
1575563714 2.911641948 0.0 0
1575564310 2.807476251 0.0 0
1575564894 2.832226169 0.0 0
1575565460 2.907274735 0.0 0
1575566028 2.947155198 0.0 0
1575566614 2.942058862 0.0 0
1575567933 3.075227016 0.0 0
1575568539 2.731354668 0.0 0
1579190987 3.013627878 0.0 0
1579191600 2.913942268 0.0 0
1579192165 2.881267478 0.0 0
1579192746 2.816749853 0.0 0
1579193310 2.964258088 0.0 0
1579193901 3.053378838 0.0 0
1579194468 2.988498707 0.0 0
1579195035 3.031881841 0.0 0
1579195625 2.984891172 0.0 0
1579196188 3.102190122 0.0 0
1579359395 2.89847327 0.0 0
1579359968 2.946927333 0.0 0
1579360532 2.818612135 0.0 0
1579361089 2.869852046 0.0 0
1579361644 2.899300674 0.0 0
1579362199 2.900247925 0.0 0
1579362754 2.804608162 0.0 0
1579363319 2.864662275 0.0 0
1579363886 2.977149666 0.0 0
1579364446 2.809258805 0.0 0
1579530363 2.847387245 0.0 0
1579531010 2.98004021 0.0 0
1579532051 2.733688499 0.0 0
1579532753 2.717618843 0.0 0
1579533422 3.082260839 0.0 0
1579534022 3.116797044 0.3333333333333333 1
1579534681 29.759002257 0.0 0
1579535319 2.942159224 0.0 0
1579535914 2.774938436 0.0 0
1579536971 2.8586675 0.0 0
1580223696 3.028336603 0.3333333333333333 1
1580224256 2.810399948 0.0 0
1580224811 2.929604741 0.0 0
1580225375 3.099843875 0.0 0
1580225936 2.786190508 0.0 0
1580226519 2.854951935 0.3333333333333333 1
1580227087 3.158706874 0.0 0
1580227685 3.209191161 0.0 0
1580228266 2.906870113 0.0 0
1580228825 3.042034112 0.0 0
1580312256 2.849828788 0.0 0
1580312836 2.728675587 0.0 0
1580313391 2.804054931 0.3333333333333333 1
1580314355 2.899668954 0.0 0
1580314912 2.835930896 0.0 0
1580315470 2.955872884 0.3333333333333333 1
1580316032 2.972746568 0.0 0
1580316734 2.697688844 0.6666666666666666 1
1580317321 2.855842535 0.0 0
1581942391 3.295190688 0.0 0
1581943596 3.027080184 0.3333333333333333 1
1581944884 3.145966124 0.0 0
1581945861 3.121399864 0.0 0
1581946435 3.018158359 0.0 0
1581947003 3.138843238 0.0 0
1581947924 2.895685803 0.0 0
1581949016 3.373239058 0.0 0
1582033976 2.958745096 0.0 0
1582035594 3.331494507 0.0 0
1582036200 3.509274593 0.0 0
1582036805 3.323802893 0.6666666666666666 1
1582037409 3.239842032 1.0 2
1582038005 3.086508088 1.0 1
1582038603 2.984268794 0.0 0
1582041497 3.211357358 1.0 1
1582042105 3.070687826 0.3333333333333333 1
1582043695 3.152657192 0.0 0
1582044307 3.216395872 0.0 0
1582637918 2.990190387 0.0 0
1582638478 3.000068347 0.0 0
1582639552 3.109678806 0.0 0
1582640730 2.944535215 0.0 0
1582641289 2.988771608 0.0 0
1582641860 2.938951083 0.0 0
1582642428 3.228976165 0.3333333333333333 1
1582643002 2.987999232 0.0 0
1582643605 2.805276217 0.0 0
1582644161 3.165428627 0.0 0
1582898760 3.014051482 0.0 0
1582899331 3.137918225 0.0 0
1582899900 2.952259919 0.0 0
1582900463 2.977622086 0.3333333333333333 1
1582902121 2.98637184 0.0 0
1582902767 3.014318176 0.0 0
1582903364 3.01013329 0.0 0
1574710783 2.81010154 0.0 0
