1569853592 338.821423609 0.4911242603550296 4
1569855205 300.855434626 0.34551495016611294 4
1569856524 4.426936673 0.4 1
1570446963 389.000315181 1.1053984575835476 5
1570448055 126.762835361 0.125 1
1570448782 327.876264399 0.649390243902439 5
1570449254 310.865573434 0.40192926045016075 4
1571323271 280.587187964 0.1387900355871886 3
1571323664 290.748432452 0.4054982817869416 4
1571324066 286.055220196 0.2517482517482518 4
1571324466 279.38585252 0.34050179211469533 4
1571327397 278.47878899 0.09352517985611511 2
1571327787 279.319803166 0.12589928057553956 2
1571328177 279.828854431 0.14642857142857144 3
1571328569 279.648567927 0.20577617328519857 3
1571328960 280.379220284 0.10714285714285714 3
1571329352 277.480983214 0.1371841155234657 3
1571330596 11.196104912 0.0 0
1571397900 278.755697045 0.3835125448028674 4
1571398293 282.533644956 0.5673758865248227 5
1571398688 279.183486617 0.3776978417266187 3
1571399079 279.919589894 0.3118279569892473 5
1571399470 280.427715201 0.35231316725978645 3
1571399866 281.024872004 0.501779359430605 3
1571400260 308.665483601 0.3116883116883117 4
1571400682 284.929821201 0.25263157894736843 3
1571401080 280.580327061 0.501779359430605 5
1571401473 277.284622443 0.381294964028777 3
1571406853 277.918205109 0.34296028880866425 3
1571407249 274.463942521 0.4746376811594203 4
1571407636 277.500018657 0.4352517985611511 4
1571408025 278.737009286 0.44964028776978415 3
1571408418 278.483865117 0.38489208633093525 3
1571665909 279.381795089 0.2867383512544803 3
1571666300 280.40277057 0.275 4
1571666691 281.163833673 0.35587188612099646 4
1571667085 278.130334387 0.2743682310469314 4
1571667521 286.701109244 0.4878048780487805 4
1571669173 284.986694549 0.20350877192982456 3
1571669573 279.295056263 0.15412186379928317 3
1571754084 284.594187253 0.27017543859649124 4
1571754481 279.311230614 0.3821428571428571 4
1571754874 287.071705099 0.445993031358885 3
1571755277 286.511643758 0.2736842105263158 4
1571756510 282.772267138 0.45936395759717313 4
1571756922 307.762613183 0.5551948051948052 4
1571757371 277.061296542 0.5054151624548736 4
1571757760 284.837754301 0.6280701754385964 5
1571758159 277.063485778 0.3862815884476534 3
1571758549 280.499350558 0.608540925266904 4
1571762164 276.184868929 0.5253623188405797 4
1571762564 275.346129517 0.4218181818181818 3
1571762953 276.297971977 0.5507246376811594 4
1571763341 279.356259882 0.45878136200716846 4
1571763733 280.478874299 0.5428571428571428 4
1571764140 298.152418679 0.6755852842809364 4
1571764550 279.891508298 0.7642857142857142 4
1571764942 276.788932998 0.5270758122743683 4
1571765330 280.188437936 0.5535714285714286 4
1571765722 277.883004467 0.7653429602888087 6
1571766957 12.011615749 1.6153846153846154 2
1572006308 394.66650862 0.22588832487309646 5
1572007046 281.872883419 0.24822695035460993 3
1572007440 282.802400629 0.6028368794326241 5
1572007933 297.967867771 0.7583892617449665 5
1572008343 290.703769696 0.44673539518900346 4
1572008746 281.949151124 0.3971631205673759 4
1572009140 277.359552568 0.29856115107913667 3
1572009530 278.792103238 0.31654676258992803 3
1572009921 277.797576648 0.46402877697841727 4
1572010317 278.413168921 0.4444444444444444 4
1572010708 278.546888685 0.31654676258992803 3
1572013270 279.753374275 0.3333333333333333 3
1572013662 279.90389778 0.42142857142857143 3
1572014055 279.470066031 0.5555555555555556 4
1572014446 277.514354201 0.555956678700361 4
1572014836 277.448698234 0.5126353790613718 4
1572268116 140.770654347 0.6071428571428571 4
1572268887 283.336752075 0.4381625441696113 4
1572269303 282.663664349 0.4645390070921986 4
1572269719 281.146654269 0.47686832740213525 3
1572270124 282.335613777 0.5425531914893617 4
1572270521 279.645982078 0.5178571428571429 4
1572270914 392.797240668 0.5114503816793893 4
1572272270 237.432178433 0.7510548523206751 4
1572272600 241.00580747 0.9585062240663901 4
1572272936 237.235894894 0.4936708860759494 5
1572273270 251.395604935 0.5258964143426295 4
1572273615 242.534013531 0.6983471074380165 5
1572276039 239.060703528 0.15481171548117154 3
1572276374 241.211005067 0.17842323651452283 3
1572276710 238.030070305 0.2857142857142857 2
1572277041 238.248955679 0.08823529411764706 3
1572277371 242.789887294 0.2839506172839506 4
1572277717 255.16914725 0.18823529411764706 4
1572278065 239.038136168 0.06694560669456066 2
1572278398 237.704306033 0.0546218487394958 2
1572363458 237.075712712 0.6244725738396625 4
1572363788 236.460783458 0.7033898305084746 4
1572364117 238.743376797 0.6820083682008368 5
1572364448 240.238990978 0.7208333333333333 6
1572364780 242.768349705 0.7160493827160493 5
1572365122 237.446288758 0.37130801687763715 5
1572365500 237.975419686 0.4369747899159664 4
1572365872 246.615855241 0.7044534412955465 5
1572366215 236.056288674 0.5720338983050848 4
1572366546 238.132360034 0.6108786610878661 5
1572369576 236.252816099 0.5780590717299579 4
1572369907 236.19623871 0.6991525423728814 4
1572370237 237.496619957 0.45569620253164556 4
1572370569 236.162471722 0.5169491525423728 4
1572370898 236.864325263 0.48945147679324896 3
1572371230 236.688069554 0.5508474576271186 5
1572371560 236.061035914 0.3898305084745763 4
1572371891 236.127211478 0.5932203389830508 3
1572372219 236.701223057 0.6666666666666666 4
1572372548 241.068465814 0.5767634854771784 4
1572533555 245.687775572 0.8040816326530612 7
1572533892 262.451507556 0.7642585551330798 4
1572534247 255.060341336 0.4392156862745098 4
1572534594 238.356394939 0.7478991596638656 4
1572534926 255.779606709 0.9529411764705882 4
1572535274 238.901454466 0.6470588235294118 5
1572535605 237.230483047 0.43037974683544306 4
1572535940 237.236954937 0.6919831223628692 6
1572536299 241.779574733 0.7231404958677686 4
1572536637 241.433357718 0.5518672199170125 4
1572537784 15.838767056 1.1176470588235294 2
1572538441 11.236221458 0.0 0
1572539099 10.425019134 0.09090909090909091 1
1572539751 10.145438287 0.0 0
1572540400 10.343255393 2.0 2
1572541311 10.185336644 0.0 0
1572541957 12.214225869 0.0 0
1572542607 10.563170912 0.0 0
1572543253 10.633341443 2.0 2
1572543926 10.315083387 0.0 0
1574711150 9.944208149 0.0 0
1574708727 223.945855123 0.004464285714285714 1
