1569853606 3.54288455 0.0 0
1569854247 3.589082527 0.25 1
1569855220 3.566608303 0.0 0
1569855653 3.847037584 0.0 0
1570448797 3.593297365 0.0 0
1570449268 3.855121924 0.25 1
1571323286 3.648850133 0.0 0
1571323679 3.590100972 0.3333333333333333 1
1571324080 3.82128255 0.0 0
1571324480 3.505690951 0.0 0
1571327411 3.900088252 0.0 0
1571327801 3.625983812 0.0 0
1571328192 3.794351306 0.25 1
1571328583 3.626854316 0.0 0
1571328975 3.747197409 0.25 1
1571329366 3.593018801 0.25 1
1571329959 3.628713497 0.0 0
1571397915 3.581971917 0.0 0
1571398307 3.982232035 0.25 1
1571398702 3.556777315 0.0 0
1571399093 3.712600116 0.0 0
1571399485 3.620901456 0.25 1
1571399883 3.662213426 0.25 1
1571400275 3.632126995 0.0 0
1571400696 3.545022 0.0 0
1571401095 3.599521234 0.25 1
1571401487 3.721052654 0.25 1
1571406867 3.539419368 0.0 0
1571407257 3.717241024 1.25 2
1571407651 3.699253385 0.0 0
1571408039 3.684342472 0.25 1
1571408432 3.636818643 0.0 0
1571665924 3.633377703 0.0 0
1571666314 3.735856885 0.0 0
1571666706 3.794938832 0.0 0
1571667099 3.641804383 0.0 0
1571667536 3.854257152 0.25 1
1571669188 3.441668094 0.5 1
1571669587 3.680669065 0.0 0
1571754099 3.770441102 0.25 1
1571754496 3.879398611 0.0 0
1571754889 3.88863881 0.0 0
1571755294 3.841336733 0.0 0
1571756525 3.617658445 0.3333333333333333 1
1571756936 3.858186917 0.0 0
1571757385 3.518038893 0.25 1
1571757775 3.823088068 0.0 0
1571758174 3.615230152 0.25 1
1571758564 3.52996961 0.3333333333333333 1
1571762179 3.594650509 0.0 0
1571762575 3.624943851 0.0 0
1571762968 3.630470323 0.0 0
1571763356 3.631831164 0.0 0
1571763747 3.704605209 0.0 0
1571764155 3.7430725 0.0 0
1571764565 3.375949142 0.3333333333333333 1
1571764957 3.808738275 0.25 1
1571765345 3.850088677 0.5 1
1571765737 3.63344384 0.25 1
1571766314 3.843566394 0.0 0
1571767096 3.744780079 0.25 1
1572006322 3.629964449 0.0 0
1572007061 3.836312715 1.75 2
1572007454 3.5022335 0.0 0
1572007955 3.322326955 0.0 0
1572008357 3.843252219 0.0 0
1572008760 3.856202644 0.0 0
1572009155 3.557059268 0.6666666666666666 1
1572009544 3.519725305 0.0 0
1572009936 3.583647744 0.6666666666666666 1
1572010332 3.821397382 0.0 0
1572010722 3.709141158 0.25 1
1572013284 3.399714136 0.0 0
1572013677 4.276996702 1.0 2
1572014069 3.5990401 0.0 0
1572014460 3.768462398 0.5 1
1572014850 3.700394314 0.25 1
1572268131 3.699674416 0.3333333333333333 1
1572268901 3.685341516 0.25 1
1572269317 3.596231204 0.25 1
1572269733 3.549995115 0.0 0
1572270139 3.478867002 0.3333333333333333 1
1572270535 4.015231123 0.0 0
1572270930 3.954205021 1.5 2
1572272283 2.967320909 0.3333333333333333 1
1572272613 2.940835258 0.3333333333333333 1
1572272949 2.944924316 0.0 0
1572273287 2.94923717 0.3333333333333333 1
1572273628 2.922576026 0.0 0
1572276052 2.811533452 0.0 0
1572276387 3.623577792 0.5 1
1572276723 2.548831115 0.6666666666666666 1
1572277054 2.865244447 0.0 0
1572277386 2.890774109 0.0 0
1572277748 3.003680735 0.0 0
1572278079 2.865917968 0.0 0
1572278412 2.873611433 0.0 0
1572363471 2.863664888 0.0 0
1572363801 2.769524947 0.0 0
1572364130 3.164463524 0.0 0
1572364460 3.052306916 0.3333333333333333 1
1572364797 2.918937274 1.6666666666666667 3
1572365135 3.013667979 0.0 0
1572365513 2.991190845 0.0 0
1572365886 4.38148889 0.25 1
1572366228 2.986461386 0.0 0
1572366560 3.129337103 0.0 0
1572369590 2.695549066 0.0 0
1572369920 3.104832648 0.3333333333333333 1
1572370250 2.936779324 0.0 0
1572370582 2.987725371 0.3333333333333333 1
1572370911 3.001365456 0.3333333333333333 1
1572371243 3.029137521 0.3333333333333333 1
1572371574 2.925760647 0.3333333333333333 1
1572371904 3.081113779 0.0 0
1572372232 2.998847348 0.0 0
1572372561 2.987768336 0.0 0
1572533568 2.865111728 0.0 0
1572533906 2.948919461 0.0 0
1572534260 2.896077089 0.0 0
1572534607 2.915074792 0.0 0
1572534939 2.928542441 0.3333333333333333 1
1572535288 2.944365117 0.3333333333333333 1
1572535618 2.943545408 0.0 0
1572535953 2.854839132 0.3333333333333333 1
1572536313 2.974528875 0.0 0
1572536650 2.945669616 0.0 0
1572537251 3.158102512 0.3333333333333333 1
1572537905 2.99711827 0.0 0
1572538566 2.96433399 0.0 0
1572539214 2.949702584 0.0 0
1572539867 3.120075349 0.0 0
1572540774 3.130583442 1.0 1
1572541427 3.087340053 0.0 0
1572542076 2.882172212 0.0 0
1572542723 3.008693259 0.0 0
1572543365 3.080520021 0.0 0
1572871140 3.184630169 0.25 1
1572871791 3.1890909 0.3333333333333333 1
1572872467 3.131279318 1.4 3
1572873122 2.81514431 0.0 0
1572873771 2.808938097 0.0 0
1572874833 2.924914125 0.3333333333333333 1
1572875693 2.949575251 0.3333333333333333 1
1572876923 2.913350518 0.3333333333333333 1
1572877573 2.951749133 0.3333333333333333 1
1572878799 3.0173867 0.0 0
1572880195 3.42760158 2.0 3
1572880531 5.124629722 0.8 2
1572880872 2.942108293 0.0 0
1572881216 3.029830512 0.0 0
1572881549 3.196039295 0.3333333333333333 1
1572881882 4.52802334 0.4 1
1572882213 2.928592927 0.0 0
1572882603 3.032256577 0.0 0
1572883293 2.943995261 0.0 0
1572967204 2.988251148 0.0 0
1572967865 3.07638797 0.0 0
1572969164 3.314235196 0.6666666666666666 1
1572969826 3.248094657 0.5 1
1572970477 3.029886624 0.0 0
1572971128 3.111925932 0.0 0
1572971791 3.038629594 0.0 0
1572972451 3.032034495 0.0 0
1572973163 3.309167824 0.0 0
1572973816 3.016356188 1.0 1
1572974465 3.06006407 0.0 0
1572975192 2.943844107 0.0 0
1572975523 2.961561827 0.0 0
1572975889 3.152045471 0.0 0
1572976272 2.94234538 0.3333333333333333 1
1572976604 2.883198945 0.0 0
1572976933 3.060093627 0.0 0
1572977263 3.059127511 0.3333333333333333 1
1572977626 3.153619061 0.0 0
1572977973 3.060667929 0.0 0
1573208751 2.980522679 0.0 0
1573209402 3.258548574 0.0 0
1573210069 3.004068675 1.0 2
1573210734 2.834269552 0.0 0
1573211401 2.956931614 0.6666666666666666 1
1573212055 3.245999176 0.25 1
1573212704 3.061305611 0.0 0
1573213358 3.16348042 0.0 0
1573214027 3.425793782 0.3333333333333333 1
1573214684 3.030027099 0.0 0
1573218219 2.945037525 0.0 0
1573218547 3.31104283 0.3333333333333333 1
1573306463 2.57656328 0.5 1
1573306779 2.555393361 0.5 1
1573307437 2.542907749 0.3333333333333333 1
1573307754 2.609071392 0.3333333333333333 1
1573308075 2.577277441 0.0 0
1573308389 2.595378222 0.0 0
1573308721 2.572002796 0.0 0
1573309041 2.503942944 0.0 0
1573309371 2.557103382 0.0 0
1573310212 2.462227383 1.0 2
1573310837 2.856742375 0.0 0
1573311453 2.570449849 0.0 0
1573312070 2.679153864 0.5 1
1573312769 2.641158264 0.0 0
1573313392 2.703031468 0.3333333333333333 1
1573314012 2.744302148 0.0 0
1573314641 2.617282667 0.5 1
1573827988 2.576442323 0.0 0
1573828301 2.820707585 0.0 0
1573828610 2.684235028 0.0 0
1573828916 2.5652286 0.0 0
1573829220 2.561994458 0.3333333333333333 1
1573829526 2.667589028 0.0 0
1573829908 2.478705515 0.0 0
1573830393 2.588572405 0.0 0
1573830701 2.615088126 0.0 0
1573831010 2.559865192 0.0 0
1573902643 2.748960597 0.3333333333333333 1
1573902951 2.669398448 0.0 0
1573903262 2.544120842 0.0 0
1573903573 2.677142228 1.0 2
1573903884 2.686911108 0.0 0
1573904193 2.558506911 0.0 0
1574687961 3.070850681 0.0 0
1574688280 2.693947854 0.0 0
1574689263 4.79158467 0.6 1
1574691966 2.850490907 0.0 0
1574692287 2.655071945 0.0 0
1574693202 2.722847293 0.0 0
1574693513 2.611122001 0.0 0
1574694598 2.996309407 0.0 0
1574695154 2.729136154 0.0 0
1574695492 3.051746869 0.0 0
1574695805 2.938040119 0.0 0
1574696256 2.943462877 0.0 0
1574697436 2.856179777 0.25 1
1574698013 3.150691699 0.0 0
1574707256 2.82403724 0.0 0
1574708532 2.47531382 0.0 0
1574708740 2.915522803 0.0 0
1574709122 2.581722039 0.0 0
1574709355 3.079625869 0.0 0
1574710465 3.16706726 0.0 0
1574951069 2.899656358 0.3333333333333333 1
1574951801 2.873379409 0.3333333333333333 1
1574952119 3.04252747 0.0 0
1574952847 2.908407935 0.3333333333333333 1
1574953216 2.669830611 0.0 0
1574953525 3.160649281 0.0 0
1574956014 3.744494032 0.75 1
1574957284 3.082269121 0.4 1
1574959041 3.03145753 0.25 1
1574959645 3.120210179 0.0 0
1574960222 2.971078713 0.0 0
1574961474 2.729654132 0.3333333333333333 1
1575028458 2.825111148 0.0 0
1575030043 3.510634965 0.5 1
1575030355 2.609960994 0.5 1
1575031002 2.825276417 1.0 1
1575035241 2.979329123 0.0 0
1575037401 2.958841493 0.25 1
1575037958 2.91685411 0.0 0
1575114437 2.848070801 0.0 0
1575114740 2.827794264 0.0 0
1575115360 2.858954625 0.0 0
1575115669 3.098657687 0.0 0
1575115984 2.42055909 0.5 1
1575116294 2.961571356 0.3333333333333333 1
1575116914 2.678860081 0.0 0
1575121358 3.059705333 0.0 0
1575122420 2.840675716 0.25 1
1575122979 3.129094151 0.25 1
1575123536 4.051573211 0.4 1
1575124650 2.818113081 0.0 0
1575125215 2.856700337 0.0 0
1575292950 2.904517185 1.0 1
1575293282 2.9336901 0.3333333333333333 1
1575293619 2.478148601 0.0 0
1575293955 3.094597215 0.0 0
1575294641 2.732571143 0.0 0
1575296963 2.613719183 0.0 0
1575297523 2.944949922 0.0 0
1575299256 3.105340505 0.25 1
1575301826 3.035567127 0.0 0
1575385844 3.043582782 0.3333333333333333 1
1575386871 3.149504439 0.0 0
1575387490 3.419561986 1.0 1
1575387799 2.843737592 0.3333333333333333 1
1575388416 3.203271782 1.0 1
1575388722 2.97225939 0.3333333333333333 1
1575390017 3.005619682 0.0 0
1575391153 3.032633658 0.0 0
1575393163 2.984515874 0.25 1
1575394293 2.848946135 0.25 1
1575473378 2.928501268 0.0 0
1575558604 2.787457402 0.0 0
1575559553 2.756062809 0.3333333333333333 1
1575559928 2.914403637 0.3333333333333333 1
1575561120 3.688289092 0.3333333333333333 1
1575561466 2.93705334 0.0 0
1575562235 3.085800035 0.0 0
1575562943 2.545502326 0.0 0
1575564195 3.174139546 0.0 0
1575565344 3.161979311 0.25 1
1575567813 3.245688745 0.0 0
1575568424 2.990850932 0.0 0
1579186348 2.769327084 0.0 0
1579186691 3.211492205 0.75 2
1579187709 2.944242465 0.0 0
1579188035 2.855903385 0.0 0
1579188487 2.952546461 0.3333333333333333 1
1579189017 2.624829918 0.0 0
1579189348 2.740708416 0.0 0
1579189680 2.687592289 0.3333333333333333 1
1579190350 2.607469549 0.0 0
1579190868 3.111953079 0.0 0
1579192049 3.161106706 0.0 0
1579192627 3.118230486 0.0 0
1579193783 2.890020282 0.0 0
1579194349 2.770299647 0.0 0
1579196072 2.86302358 0.0 0
1579354110 2.912043872 0.0 0
1579354726 3.080271022 0.0 0
1579355037 2.645544575 0.0 0
1579355344 2.868330925 0.3333333333333333 1
1579355654 2.950443108 0.0 0
1579355964 2.585735109 0.0 0
1579356268 2.896732013 0.3333333333333333 1
1579356575 2.739661086 0.3333333333333333 1
1579356881 2.900323678 0.0 0
1579359853 3.150149197 0.0 0
1579360417 3.162042236 0.0 0
1579360974 2.980407392 0.25 1
1579361531 3.031915628 0.0 0
1579362084 2.988417176 0.0 0
1579363201 2.987650741 0.25 1
1579364330 2.955199441 0.0 0
1579524707 2.739888191 0.0 0
1579525381 4.225930272 0.0 0
1579525772 2.618391631 0.0 0
1579526097 2.607014494 0.0 0
1579528393 2.810360432 0.0 0
1579528754 3.102221233 0.0 0
1579529197 2.939873569 0.0 0
1579529541 2.958006846 0.6666666666666666 1
1579529853 2.875276834 0.0 0
1579530246 3.085224542 0.0 0
1579530894 2.952048276 0.0 0
1579533291 2.992691953 0.0 0
1579533904 2.818600661 0.25 1
1579534566 3.06142083 0.0 0
1579535201 2.96615868 0.3333333333333333 1
1579535797 2.9963581 0.25 1
1579536850 2.945027177 0.0 0
1580218485 2.915207136 0.0 0
1580219532 2.593386861 0.3333333333333333 1
1580222260 2.963952802 0.0 0
1580222575 3.062213983 0.6666666666666666 2
1580222889 2.871367576 0.0 0
1580223574 3.260064456 0.0 0
1580224698 2.992717848 0.0 0
1580225257 3.456982142 0.25 1
1580226400 3.303924425 0.25 1
1580226969 3.282614428 0.0 0
1580227566 2.867288753 0.0 0
1580228151 3.002099372 0.0 0
1580228711 3.020978581 0.0 0
1580306485 2.556100005 0.5 1
1580306786 2.8051367 0.0 0
1580307662 2.604683155 0.0 0
1580307973 2.864283473 0.0 0
1580308285 3.340143893 0.0 0
1580310488 3.028489964 0.0 0
1580310802 2.980611572 0.0 0
1580311115 2.874348521 0.3333333333333333 1
1580311424 3.003315041 0.0 0
1580311797 2.888509505 0.0 0
1580312134 2.991867595 0.0 0
1580312720 3.105918177 0.0 0
1580313277 3.079682229 0.0 0
1580314242 3.023216121 0.0 0
1580315353 3.06002062 0.0 0
1580315917 2.990702434 0.0 0
1580316620 2.698764788 1.0 2
1580317192 2.889082592 0.0 0
1581937198 2.559229163 0.75 2
1581937543 2.952924264 0.0 0
1581937852 6.738905711 0.625 1
1581938184 3.274053915 0.0 0
1581938505 3.031246432 0.0 0
1581938813 2.822745102 0.0 0
1581939130 25.115988965 0.0 0
1581939475 3.088762543 0.0 0
1581942860 3.046125135 0.0 0
1581944458 3.19491699 0.25 1
1581945745 2.562822528 0.6666666666666666 1
1581946317 3.049623308 0.0 0
1581946887 2.795998301 0.0 0
1581947806 3.291284963 0.0 0
1581948875 2.94931369 0.0 0
1582030283 2.735440383 0.6666666666666666 1
1582030588 2.743189428 0.0 0
1582031537 2.836107153 0.0 0
1582031836 2.630920452 0.0 0
1582032528 2.594914737 0.25 1
1582032828 3.369402025 0.5 1
1582033128 2.871958988 0.25 1
1582035466 2.782435632 0.0 0
1582036073 2.955558921 0.75 2
1582037285 2.815415201 0.25 1
1582041370 2.974985708 0.0 0
1582043567 2.837976335 0.0 0
1582044181 2.695676705 0.0 0
1582045086 2.89765929 0.0 0
1582045695 2.858871092 0.0 0
1582188761 3.115925033 0.0 0
1582190786 2.970815437 0.25 1
1582191368 3.270059238 0.0 0
1582192250 3.074848352 0.25 1
1582192548 2.867080525 0.0 0
1582192835 2.960448783 0.0 0
1582193124 2.95140509 0.0 0
1582634904 2.913093325 0.0 0
1582635470 3.37573765 0.0 0
1582635754 3.009011607 0.0 0
1582636040 3.016924494 0.25 1
1582636329 3.446433886 0.0 0
1582636620 2.82502115 1.0 2
1582637801 3.049529779 0.0 0
1582638360 3.110994995 0.0 0
1582639436 3.191902795 0.25 1
1582640616 3.037077931 0.0 0
1582641736 2.890643084 0.0 0
1582642310 3.063051271 0.0 0
1582643488 3.039016672 0.0 0
1582644046 2.982652404 0.0 0
1582886157 2.931006062 0.0 0
1582886736 3.069316965 0.0 0
1582887895 2.746667049 0.3333333333333333 1
1582888468 2.803434572 0.0 0
1582888755 3.222792221 0.0 0
1582898631 2.9233606 0.0 0
1582899216 2.849569892 0.0 0
1582899782 2.994809967 0.0 0
1582900344 2.979292419 0.0 0
1582900906 2.950009165 0.0 0
1582902650 2.98505927 0.0 0
1582903229 2.993901999 0.0 0
1574708740 2.915522803 0.0 0
