1569854419 3.865678189 0.0 0
1569855832 4.305425558 0.0 0
1571330122 3.915885405 0.0 0
1571766478 3.906825793 0.0 0
1571767260 3.825198372 0.0 0
1572537388 3.138511018 0.25 1
1572538046 3.22569289 0.3333333333333333 1
1572538705 3.266258645 0.25 1
1572539359 3.203520844 0.25 1
1572540005 3.308099373 0.0 0
1572540911 3.193135385 0.0 0
1572541565 3.370662434 0.0 0
1572542213 3.263532693 0.0 0
1572542860 3.326883671 0.0 0
1572543525 3.270951448 0.25 1
1572871279 3.109458139 0.0 0
1572871929 3.272753036 0.0 0
1572872607 3.323092669 0.0 0
1572873260 3.369961829 1.0 1
1572873912 3.455425616 0.25 1
1572874974 3.201624504 0.0 0
1572875836 3.270987695 0.0 0
1572877061 3.273804817 0.0 0
1572877711 3.205814244 0.0 0
1572878939 3.254145174 0.0 0
1572967345 3.830291448 0.25 1
1572968003 3.199652295 0.0 0
1572969305 3.326364829 2.0 2
1572969966 3.370965648 0.0 0
1572970616 3.343533199 0.0 0
1572971265 3.246512714 0.0 0
1572971928 3.325648271 0.0 0
1572972588 3.296422543 0.25 1
1572973302 3.370211008 0.3333333333333333 1
1572973955 3.375716145 0.0 0
1572974606 3.288706009 0.0 0
1573208888 3.373325387 0.0 0
1573209543 3.361856567 0.0 0
1573210218 3.36163932 0.0 0
1573210887 3.224081825 0.0 0
1573211544 3.247334763 0.0 0
1573212193 3.156995247 0.0 0
1573212844 3.305994461 0.25 1
1573213496 3.287332182 0.0 0
1573214167 3.307531055 1.6666666666666667 2
1573214822 3.164285758 0.0 0
1573310347 2.762461444 0.0 0
1573310969 3.13830975 0.3333333333333333 1
1573311583 3.163151209 0.0 0
1573312288 3.113570787 0.0 0
1573312898 2.847617134 0.3333333333333333 1
1573313525 3.280625659 0.0 0
1573314157 3.211189291 0.0 0
1573314772 3.226220769 0.0 0
1574696381 2.909353963 0.0 0
1574696962 3.202228698 0.0 0
1574697552 2.955790611 0.0 0
1574698127 2.851863306 0.0 0
1574698712 3.082374938 0.0 0
1574709497 3.325870884 0.0 0
1574710783 2.906806337 0.0 0
1574956135 2.841372969 0.0 0
1574956708 3.200636041 0.0 0
1574957399 2.898839328 0.3333333333333333 1
1574957976 3.113836101 0.3333333333333333 1
1574958569 2.769245218 0.0 0
1574959158 3.103535898 0.3333333333333333 1
1574959760 3.159341102 0.0 0
1574960339 2.877705113 0.0 0
1574960951 2.788608953 0.0 0
1574961587 3.178154631 0.0 0
1575033059 2.973202739 0.0 0
1575033628 2.810473739 0.0 0
1575034219 2.803106859 0.0 0
1575034785 3.128880789 0.0 0
1575035357 2.860957905 0.0 0
1575036379 3.025612241 0.3333333333333333 1
1575036956 3.114925253 0.3333333333333333 1
1575037515 2.890801284 0.0 0
1575038518 2.817602525 0.6666666666666666 1
1575039086 3.136748963 0.3333333333333333 1
1575120350 2.79190015 0.0 0
1575120913 2.904067235 0.0 0
1575121474 3.020125263 0.3333333333333333 1
1575122537 2.986468245 0.0 0
1575123093 3.335388769 0.0 0
1575123653 3.041590522 0.0 0
1575124209 3.233410082 0.0 0
1575124777 2.800895455 0.0 0
1575125333 3.076746394 0.0 0
1575125902 3.027728762 0.0 0
1575297649 3.070728529 0.0 0
1575298228 3.016695348 0.0 0
1575299374 3.063703711 0.0 0
1575299947 3.10017341 0.0 0
1575300566 3.279459312 0.0 0
1575301138 2.911912369 0.0 0
1575301948 3.205562029 0.0 0
1575390134 3.305387653 0.0 0
1575390702 3.044669811 0.6666666666666666 2
1575391270 3.143709862 0.0 0
1575391835 2.795462039 0.0 0
1575392644 2.98849159 0.0 0
1575393280 2.894214487 0.0 0
1575393841 3.021193554 0.0 0
1575394407 3.545941368 0.0 0
1575394970 3.166102505 0.0 0
1575395533 3.216242728 0.0 0
1575562369 2.940194768 0.0 0
1575563066 2.915469792 0.0 0
1575563714 2.975453521 0.0 0
1575564310 2.852797848 0.0 0
1575564894 2.832226169 0.0 0
1575565460 2.907274735 0.0 0
1575566028 2.976417923 0.0 0
1575566614 3.138153454 0.0 0
1575567933 3.156479411 0.0 0
1575568539 3.284551635 0.25 1
1579190987 3.232429976 0.0 0
1579191600 2.857460476 0.0 0
1579192165 2.881267478 0.0 0
1579192746 3.420807557 0.0 0
1579193310 3.086552388 0.0 0
1579193901 3.190912772 0.0 0
1579194468 3.081659584 0.0 0
1579195035 3.153441691 0.0 0
1579195625 2.984891172 0.0 0
1579196188 3.268309567 0.0 0
1579359395 3.120873784 0.0 0
1579359968 3.287772228 0.0 0
1579360532 2.866040337 0.0 0
1579361089 2.869852046 0.0 0
1579361644 2.775511177 0.0 0
1579362199 3.033665936 0.0 0
1579362754 2.804608162 0.0 0
1579363319 3.624879229 0.0 0
1579363886 3.149026188 0.0 0
1579364446 3.236275336 0.0 0
1579530363 3.36287397 0.0 0
1579531010 3.239860068 0.0 0
1579532051 3.461531685 0.0 0
1579532753 2.937493321 0.0 0
1579533422 2.995741813 0.0 0
1579534022 3.116797044 0.3333333333333333 1
1579534681 29.832520927 0.0 0
1579535319 3.150203916 0.0 0
1579535914 3.195809876 0.25 1
1579536971 2.952026564 0.0 0
1580223696 2.939414923 0.3333333333333333 1
1580224256 3.410671858 0.0 0
1580224811 3.317873446 0.0 0
1580225375 3.099843875 0.0 0
1580225936 2.86027073 0.0 0
1580226519 2.9014496 0.25 1
1580227087 3.249961273 0.0 0
1580227685 3.287102857 0.0 0
1580228266 2.906870113 0.0 0
1580228825 3.042034112 0.0 0
1580312256 2.936239981 0.0 0
1580312836 2.980926045 0.0 0
1580313391 2.950637733 0.3333333333333333 1
1580314355 2.767050374 0.0 0
1580314912 2.902672412 0.0 0
1580315470 3.123066461 0.3333333333333333 1
1580316032 3.325605493 0.0 0
1580316734 3.248251575 0.6666666666666666 1
1580317321 2.855842535 0.0 0
1581942391 3.071146956 0.0 0
1581943596 3.027080184 0.3333333333333333 1
1581944884 3.100083506 0.0 0
1581945861 3.243160319 0.0 0
1581946435 3.106114464 0.0 0
1581947003 2.974212271 0.0 0
1581947924 2.807670134 0.0 0
1581949016 3.373239058 0.0 0
1582033976 3.215453329 0.0 0
1582035594 3.416864414 0.0 0
1582036200 3.37593768 0.0 0
1582036805 3.161473911 0.6666666666666666 1
1582037409 3.253060315 1.0 2
1582038005 3.132129831 1.0 1
1582038603 3.028361454 0.0 0
1582041497 3.293194627 1.0 1
1582042105 3.070687826 0.3333333333333333 1
1582043695 3.404049147 0.0 0
1582044307 3.136863966 0.0 0
1582637918 2.901970348 0.0 0
1582638478 3.000068347 0.0 0
1582639552 3.141372607 0.0 0
1582640730 2.851927516 0.0 0
1582641289 2.776935099 0.0 0
1582641860 3.071633896 0.0 0
1582642428 3.173139864 0.3333333333333333 1
1582643002 3.114150653 0.0 0
1582643605 2.805276217 0.0 0
1582644161 2.996069225 0.0 0
1582898760 2.97018501 0.0 0
1582899331 3.054281001 0.0 0
1582899900 2.952259919 0.0 0
1582900463 3.01980784 0.3333333333333333 1
1582902121 2.951889657 0.0 0
1582902767 2.806072348 0.0 0
1582903364 2.859170273 0.0 0
1574710783 2.906806337 0.0 0
