1569849956 9.771797629 1.2222222222222223 2
1569850160 9.927932408 0.1 1
1569849956 9.771797629 1.2222222222222223 2
1569850160 9.927932408 0.1 1
1569850692 7.942166638 0.0 0
1569850973 9.762499429 0.0 0
1569851179 9.704073709 0.0 0
1569851528 10.029529677 0.0 0
1569851735 9.956340939 0.1 1
1569851965 9.521816339 0.0 0
1569852195 9.599602423 0.2222222222222222 1
1569852432 9.973007662 0.5 1
1569852649 9.6155472 0.1111111111111111 1
1569853040 9.78042844 0.0 0
1569853351 9.998133215 0.1 1
1570543078 12.299015161 1.4166666666666667 3
1570543439 9.839711375 0.6 1
1570543641 9.952582891 0.0 0
1570544570 9.860391661 0.0 0
1570544774 10.454132319 1.5 3
1570545031 9.389234619 1.1111111111111112 2
1570545240 10.086148491 1.1 2
1571322949 9.579703423 0.0 0
1571325072 10.073297095 0.0 0
1571325269 9.789245192 0.0 0
1571325468 9.684150402 0.0 0
1571325672 9.459712196 0.0 0
1571325871 10.025200106 0.3 1
1571326072 9.843685766 0.0 0
1571326763 9.72415087 0.1111111111111111 1
1571326975 9.535531168 0.0 0
1571327182 9.756152616 0.0 0
1571395864 9.595703038 0.9 2
1571396060 9.272391746 0.3333333333333333 1
1571396257 9.832083423 0.4 1
1571396456 9.850242955 0.0 0
1571396654 9.820109773 0.4 1
1571396853 9.553661129 0.3 1
1571397082 9.806858538 0.0 0
1571397287 9.582102177 0.3333333333333333 1
1571397485 9.824940881 1.1 2
1571397682 9.474098962 0.2 1
1571404929 9.627563973 0.3 1
1571405129 9.793216916 0.9 2
1571405326 9.6989309 0.8 1
1571405526 9.538805976 0.9 1
1571405758 9.816611158 1.3 2
1571408947 9.607341962 1.2 2
1571409178 9.285220353 1.3 2
1571409380 10.179391865 1.0 1
1571409579 9.738200425 0.7 1
1571409795 9.733281432 0.4444444444444444 1
1571664906 9.541762164 0.0 0
1571665109 9.486130792 0.0 0
1571665320 9.674638194 0.0 0
1571665514 9.978600591 0.0 0
1571665709 9.864365108 0.0 0
1571668127 9.661820188 0.2222222222222222 1
1571668326 9.339392445 0.6666666666666666 1
1571668530 9.342697514 0.8 1
1571668724 9.859056056 0.0 0
1571668927 7.542293534 1.625 3
1571751998 9.588828695 1.2222222222222223 2
1571752192 9.966212288 1.3 2
1571752392 9.507758187 1.0 1
1571752597 9.642324243 2.1 3
1571752792 9.792763755 1.3333333333333333 2
1571752988 9.843619791 1.0 1
1571753185 9.526119674 1.3 2
1571753382 9.743089124 1.4 2
1571753580 9.532766493 1.1111111111111112 2
1571753776 10.947075215 0.0 0
1571760135 9.916092855 1.7 3
1571760330 9.797422406 1.3333333333333333 2
1571760535 9.344868439 1.3333333333333333 2
1571760730 9.869419532 1.8 2
1571760931 10.704151018 1.2727272727272727 2
1571761140 9.570952579 1.1 2
1571761340 9.601652683 1.0 2
1571761535 9.392308054 0.7777777777777778 1
1571761730 9.902465646 0.3 1
1571761942 6.358003176 0.3333333333333333 1
1571922231 9.311340124 0.2222222222222222 1
1572003241 9.104633951 0.3333333333333333 1
1572003435 9.292517604 0.8888888888888888 1
1572003633 9.338564596 0.0 0
1572003831 9.340887966 0.0 0
1572004027 9.643183543 0.1 1
1572004223 9.820599934 0.0 0
1572004417 9.450186902 0.0 0
1572004617 9.246381814 0.0 0
1572004818 9.294419803 0.3333333333333333 2
1572005017 9.423446697 0.7 3
1572011219 9.428728668 1.3333333333333333 2
1572011415 9.304954836 1.2222222222222223 2
1572011609 11.231702025 1.0 1
1572011808 9.300569742 1.9 2
1572012005 9.286101089 1.1111111111111112 2
1572012202 9.876489915 1.0 1
1572012397 9.364400064 1.4444444444444444 3
1572012591 9.596432023 1.1 2
1572012786 9.613028936 1.8 3
1572012979 9.489380822 1.8 3
1572265039 9.525188309 0.7777777777777778 1
1572265236 9.41799546 0.6666666666666666 2
1572265434 9.612365187 0.3 1
1572265632 10.618542013 0.8181818181818182 3
1572265834 14.10961252 0.42857142857142855 2
1572266040 9.629172076 0.1 1
1572266233 9.697593556 0.5 1
1572266437 9.616352254 0.2222222222222222 1
1572266637 9.294164769 0.1111111111111111 1
1572266835 9.336989091 0.4444444444444444 2
1572274106 9.4496265 0.0 0
1572274279 9.34337725 0.0 0
1572274452 5.677058324 1.0 1
1572274616 10.311457062 0.2 1
1572274788 9.387099532 0.0 0
1572274958 8.83942417 0.0 0
1572275127 8.896288216 0.0 0
1572275306 9.055342473 0.4444444444444444 1
1572275474 9.057609553 0.0 0
1572275649 9.060356253 0.0 0
1572361252 9.38138967 0.0 0
1572361450 9.231776684 0.6666666666666666 1
1572361645 9.329074408 0.8 1
1572361840 9.099333735 0.0 0
1572362040 9.261272754 0.1111111111111111 1
1572362233 9.509337259 0.1 1
1572362429 9.690604407 0.8 1
1572362625 9.323501344 0.0 0
1572362824 9.131807996 0.3333333333333333 1
1572363019 9.481638914 0.5 2
1572366899 9.09491991 0.3333333333333333 1
1572367066 9.044553919 0.0 0
1572367235 10.780923586 0.0 0
1572367404 9.336565273 0.3333333333333333 1
1572367587 8.950330813 0.25 1
1572367763 11.016163808 0.2727272727272727 1
1572367934 9.051074462 0.2222222222222222 1
1572368102 9.623105775 0.1111111111111111 1
1572368268 9.32926582 0.0 0
1572368434 9.181272962 0.4444444444444444 1
1572532369 10.24036659 0.09090909090909091 1
1572532571 9.472286918 0.1111111111111111 1
1572532776 9.359907031 0.0 0
1572544486 9.377639567 0.0 0
1572544654 9.252639937 0.0 0
1572544824 10.749681995 0.3 1
1572544998 9.231993863 0.2222222222222222 1
1572545172 9.056763987 0.4444444444444444 2
1572869998 9.175720051 0.5555555555555556 1
1572870166 10.721106393 0.8 3
1572870387 8.882182979 0.25 1
1572870572 9.231483078 0.0 0
1572870788 9.251642685 0.4444444444444444 1
1572879899 9.203496084 0.1111111111111111 1
1572965380 8.844267163 0.3333333333333333 1
1572965547 9.032795859 0.1111111111111111 1
1572965714 8.798224717 0.0 0
1572965884 8.966247049 0.5555555555555556 1
1572966055 9.312854475 0.7777777777777778 1
1572966221 9.452041813 0.3333333333333333 1
1572966392 9.037713059 0.0 0
1572966577 9.027400929 1.0 2
1572966756 8.90996417 0.7777777777777778 1
1572966920 9.027695369 0.7777777777777778 1
1573207026 9.061479062 1.1111111111111112 2
1573207195 9.454807143 0.5555555555555556 1
1573207364 9.403685929 0.0 0
1573207530 9.036175337 0.3333333333333333 1
1573207700 8.843601225 0.0 0
1573207868 8.83155532 0.0 0
1573208034 9.292974146 0.5 2
1573208199 9.160770673 0.2222222222222222 1
1573208367 9.150534199 0.1111111111111111 1
1573208533 8.961105191 0.3333333333333333 1
1573220269 9.045120339 0.7777777777777778 2
1573220436 9.297371287 1.7777777777777777 2
1573220604 8.782017354 1.4444444444444444 3
1573220772 9.16570326 1.3 2
1573220940 9.948951843 1.4 3
1573221108 8.928352679 1.0 1
1573221272 9.180595074 1.7777777777777777 3
1573221441 9.340216133 1.6 3
1573221607 9.353720988 1.0 1
1573221777 9.279679975 1.3333333333333333 2
1573221966 8.883144112 1.2222222222222223 2
1573222137 8.795190003 1.0 1
1573222304 9.173386673 2.0 4
1573222468 8.828186931 1.2222222222222223 2
1573222637 10.501040546 1.6363636363636365 2
1573301117 8.776363396 1.0 1
1573301287 8.808724518 1.0 1
1573301468 8.816309774 0.4444444444444444 2
1573301640 4.096365106 2.0 2
1573301822 9.220067575 1.0 1
1573302000 8.695714741 1.0 1
1573302169 8.90888402 1.625 2
1573302343 9.639927617 1.0 2
1573302512 10.219852048 0.09090909090909091 1
1573302678 10.466132229 0.09090909090909091 1
1573303833 8.945145025 0.0 0
1573303993 8.698278201 0.1111111111111111 1
1573304157 9.368144621 0.0 0
1573304323 9.11182231 0.0 0
1573304482 9.323674156 0.2 1
1573304650 8.993900545 0.0 0
1573304809 9.140731759 1.0 1
1573304968 9.356471517 1.0 1
1573305131 8.296109169 1.0 1
1573305291 8.992573181 0.7777777777777778 1
1573752463 8.550699613 0.1111111111111111 1
1573752721 9.459238596 0.0 0
1573752880 9.115761466 0.1111111111111111 1
1573753038 9.300316352 0.0 0
1573753196 8.985433402 0.1111111111111111 1
1573753350 10.208872374 0.2 1
1573753509 9.383370195 0.9 1
1573753663 8.876989097 1.0 1
1573753825 9.112108422 1.0 1
1573754645 8.852619698 0.0 0
1573754804 9.424203756 0.1111111111111111 1
1573754965 8.845545903 0.2222222222222222 1
1573755133 8.794824967 1.0 1
1573755293 11.071865865 0.2727272727272727 1
1573755451 9.33243677 0.0 0
1573755607 8.626399811 0.0 0
1573755766 8.868131008 0.0 0
1573755923 9.318085223 0.0 0
1573756080 9.14821175 0.2 1
1573831388 9.396251307 1.6 3
1573831546 9.21204525 1.0 1
1573831704 9.189036694 1.0 1
1573831878 8.642678012 1.0 1
1573832030 8.824383947 1.0 1
1573832189 10.392091553 1.0 1
1573832345 8.639274287 1.2222222222222223 3
1573832512 9.096473747 1.3333333333333333 2
1573832667 9.178718765 1.1111111111111112 2
1573832822 9.248962456 1.1111111111111112 2
1573833017 8.873572225 1.0 1
1573833175 8.906245732 1.3333333333333333 2
1573833338 9.720415224 1.3 2
1573833495 8.988016915 1.0 1
1573833653 9.017319083 1.0 1
1573901027 8.931359449 1.1111111111111112 2
1573901185 9.050032685 1.2222222222222223 2
1573901341 8.642300401 1.3333333333333333 2
1573901496 9.565651979 1.0 1
1573901658 8.952111949 1.2222222222222223 2
1573901812 9.047809685 1.1111111111111112 2
1573901966 9.20855847 1.1111111111111112 2
1573902125 8.766643962 1.0 1
1573902282 9.779690625 1.6 2
1573902438 9.381017544 0.1111111111111111 1
1574685754 9.852125721 1.0 1
1574685943 10.546269964 1.0909090909090908 2
1574686117 9.475840626 1.5555555555555556 2
1574686274 8.94382958 1.6666666666666667 2
1574686436 9.063931314 1.1 2
1574686602 10.813605725 1.0 1
1574686758 9.54324882 1.0 1
1574686950 10.488412783 0.8 1
1574687291 9.440215651 1.5 3
1574689621 9.109993943 1.8888888888888888 2
1574689835 9.845164413 1.4 2
1574690006 8.897054399 1.0 1
1574690172 7.451691412 1.0 2
1574690345 8.881746216 1.0 1
1574690505 9.074811803 1.1111111111111112 2
1574690674 10.11548697 1.0 1
1574690835 8.496236699 1.2222222222222223 2
1574691019 10.15647044 1.7 2
1574691199 9.417830292 2.0 3
1574706820 10.69314219 1.0 1
1574707064 9.312527297 0.0 0
1574954167 9.272151669 1.4444444444444444 2
1574954330 9.413622282 0.6666666666666666 1
1574954505 10.892659953 0.0 0
1574954670 11.34168634 1.6363636363636365 2
1574954854 9.628945209 1.0 1
1574955011 9.330029718 0.7 1
1574955271 8.838560439 1.3333333333333333 2
1574955429 9.539805636 2.3333333333333335 3
1574955589 8.986548091 0.3333333333333333 1
1574955750 9.255887465 1.3333333333333333 2
1575026497 9.219134093 0.9 1
1575026659 8.611268479 1.25 2
1575026820 10.625347767 1.7 2
1575026980 9.138001484 1.3333333333333333 2
1575027144 9.000750636 1.2222222222222223 2
1575027305 9.259717329 1.7 3
1575027471 9.208515833 1.1111111111111112 2
1575027627 11.015315465 0.9090909090909091 1
1575027792 10.438885282 1.2 2
1575027957 9.198226608 1.3333333333333333 2
1575112813 8.766319754 1.0 1
1575112975 8.882868482 2.111111111111111 3
1575113137 9.145787191 0.2222222222222222 1
1575113297 9.084442336 1.0 1
1575113455 10.060384497 1.0 1
1575113615 9.172274677 0.0 0
1575113772 8.883345987 1.0 1
1575113930 10.460494112 1.0 1
1575114091 8.528414502 0.2222222222222222 1
1575114255 9.223389204 1.0 1
1575289742 9.365211366 1.3 2
1575289910 9.2617701 2.3333333333333335 3
1575290075 9.188576751 0.7 1
1575290258 9.291522928 1.2222222222222223 2
1575290430 9.726101521 0.5454545454545454 2
1575290607 8.759832547 0.4444444444444444 1
1575290775 8.921859656 1.0 1
1575290937 5.278517087 2.2 3
1575291094 9.245956517 0.1 1
1575291256 9.815250135 1.7777777777777777 2
1575384145 9.393132329 1.1111111111111112 2
1575384305 9.135522235 0.6666666666666666 1
1575384465 9.377026669 0.6666666666666666 1
1575384623 9.21637033 1.0 1
1575384788 8.586204213 1.0 1
1575384943 10.455718173 1.2727272727272727 2
1575385104 10.503641162 1.0 1
1575385266 9.140424939 1.0 1
1575385425 8.46393126 1.3333333333333333 2
1575385589 9.116891784 1.0 1
1575556525 9.266898825 1.8888888888888888 2
1575556687 9.634976152 2.0 3
1575556851 10.794670353 0.4 1
1575557031 15.448512358 1.9333333333333333 2
1575557213 9.24075488 1.6 2
1575557398 9.135270436 2.111111111111111 3
1575557571 8.812427695 1.5555555555555556 2
1575557745 9.553312342 1.7 2
1575558203 8.649309447 1.4444444444444444 2
1575558393 8.732996158 2.25 3
1579184024 8.824725119 0.0 0
1579184739 9.407100174 1.0 1
1579184901 8.982448184 1.1111111111111112 2
1579185062 9.717810844 0.8888888888888888 2
1579185237 9.263679717 0.9 1
1579185413 10.041074143 1.1 2
1579185596 9.718074385 0.4444444444444444 1
1579185770 10.305858798 1.0909090909090908 2
1579185964 8.805481355 1.5555555555555556 3
1579186136 9.87810613 0.5 2
1579351754 8.820851932 1.0 1
1579351921 8.962581566 1.0 1
1579352081 9.330349137 0.0 0
1579352243 8.870017702 1.0 1
1579352405 9.496651335 1.4 3
1579352570 8.527115739 0.75 2
1579352726 9.711293492 1.0 1
1579352888 8.990267571 1.0 1
1579353051 9.889415425 1.0 1
1579353214 9.0099445 1.0 1
1579522836 14.769524775 1.4285714285714286 2
1579523046 9.285655051 1.3333333333333333 2
1579523236 9.325626764 0.4444444444444444 1
1579523401 9.556360991 1.3333333333333333 2
1579523573 9.198319024 0.8 1
1579523755 9.416576112 0.3 1
1579523936 10.254524912 1.7 4
1579524126 8.845788984 1.0 1
1579524293 9.341227536 1.5555555555555556 2
1579524461 8.684088395 1.0 1
1579537433 9.141633431 1.4 2
1580215294 9.67643437 1.3 2
1580215486 10.577054048 1.7 3
1580215654 9.585407245 0.7777777777777778 1
1580215812 8.999492655 1.7777777777777777 3
1580215973 9.406962456 0.0 0
1580216136 9.316013404 1.2222222222222223 2
1580216296 8.714571877 1.2222222222222223 2
1580216457 10.089249777 0.5 1
1580216798 9.264426051 1.0 1
1580304709 9.215422684 1.2222222222222223 2
1580304866 8.721597633 1.2222222222222223 2
1580305027 9.386544956 0.3333333333333333 1
1580305187 9.675186396 1.4 2
1580305372 9.091056036 0.4444444444444444 2
1580305531 9.396377848 0.0 0
1580305853 9.028757969 0.0 0
1580306009 8.623762237 1.1111111111111112 2
1580306168 9.581564063 1.0 1
1581935208 9.135247212 1.3 2
1581935367 9.1659045 1.0 1
1581935528 9.135815646 1.4 2
1581935693 9.240029221 1.0 1
1581935861 8.655535487 1.4444444444444444 2
1581936033 9.121258213 1.7777777777777777 2
1581936204 9.256282745 1.1111111111111112 2
1581936364 11.854782093 1.25 2
1581936525 10.028619167 1.4 2
1581936701 9.850095954 1.0 1
1582026882 9.098815412 1.2222222222222223 2
1582027044 9.376691497 1.5 3
1582027207 9.39606566 1.3 2
1582027377 8.859061926 1.3333333333333333 2
1582027788 8.94651193 1.0 1
1582027952 10.515012887 1.0 1
1582028121 9.181560877 1.3333333333333333 2
1582028288 8.931071805 2.0 2
1582028456 8.636073859 1.8888888888888888 2
1582028624 10.657499638 1.8181818181818181 2
1582113097 9.33838357 1.7777777777777777 3
1582113264 9.269920721 1.3 2
1582113427 9.010983402 0.7777777777777778 2
1582113596 9.238533799 1.1111111111111112 2
1582113758 9.38713406 1.2 2
1582113935 9.24378418 1.4 3
1582114098 9.137320344 0.3333333333333333 1
1582114261 8.848953842 1.7777777777777777 2
1582114428 9.10725401 1.2222222222222223 2
1582114592 9.109874533 1.4444444444444444 3
1582114755 9.343858627 0.1111111111111111 1
1582114917 8.779039856 1.2222222222222223 2
1582115083 9.381033608 1.7777777777777777 3
1582115250 8.948328434 1.1111111111111112 2
1582115413 8.980165445 0.4444444444444444 2
1582115576 9.234905844 1.1 2
1582115740 9.139837093 1.4444444444444444 3
1582115902 10.590907729 1.5454545454545454 3
1582116085 9.331649514 1.3333333333333333 2
1582116301 9.378526066 0.4444444444444444 2
1582116473 9.980742248 2.0 3
1582116642 9.430454328 1.3 2
1582118961 9.451936647 0.5555555555555556 2
1582119122 11.185526425 0.2727272727272727 1
1582119293 9.045165002 1.1111111111111112 2
1582119458 9.143169813 1.0 1
1582119645 9.81390622 1.7777777777777777 2
1582119808 8.949126139 0.3333333333333333 1
1582119977 10.113412612 2.1 3
1582120151 8.884489114 1.0 1
1582120874 11.088094028 1.4545454545454546 4
1582121042 9.424732247 1.1 2
1582121286 9.35953345 1.3 2
1582121449 9.962566557 0.9 1
1582125191 9.253514988 1.1111111111111112 2
1582125352 8.64964535 1.125 2
1582125835 9.312430996 1.3333333333333333 2
1582126001 9.213029688 1.0 1
1582126170 8.883243407 1.0 1
1582126331 9.304360677 0.2222222222222222 1
1582126498 8.890474268 1.4444444444444444 2
1582126660 9.18335686 1.0 1
1582126827 9.091232763 1.0 1
1582126989 8.821686752 0.25 1
1582127149 9.020970643 1.0 1
1582127319 8.785550754 1.0 1
1582127485 9.304065738 1.5555555555555556 2
1582127649 8.952566815 0.0 0
1582127814 8.813582886 1.1111111111111112 2
1582127973 9.331355846 1.3 2
1582128140 9.037462152 1.6666666666666667 2
1582128298 25.90919162 0.8076923076923077 2
1582128480 9.013281453 1.3333333333333333 3
1582128643 9.152097227 1.7777777777777777 3
1582128809 9.209502919 1.4444444444444444 3
1582128972 9.029031844 0.3333333333333333 1
1582129144 8.940236027 0.4444444444444444 1
1582129303 9.345120167 2.6666666666666665 4
1582129464 8.957263947 1.3333333333333333 2
1582129628 9.133371487 0.6666666666666666 2
1582185050 9.179849058 1.4 3
1582185231 9.478775638 1.0 1
1582185966 8.48395362 0.0 0
1582186127 8.94548644 0.3333333333333333 1
1582186286 9.191455648 1.0 1
1582186859 9.139862293 0.0 0
1582187823 9.203205545 0.2222222222222222 1
1582187981 9.140501807 0.6 1
1582188140 8.742775558 0.1111111111111111 1
1582188301 9.15465941 0.6 1
1582193751 9.342302514 0.5 1
1582193915 9.23715023 1.3333333333333333 2
1582194079 9.07934419 1.0 1
1582194235 9.378420336 1.0 1
1582194397 9.603208491 0.0 0
1582194561 9.315823017 1.0 1
1582194721 10.384211874 1.1 2
1582194891 9.058665716 1.0 1
1582195052 9.416763488 1.1111111111111112 2
1582195213 8.827172454 1.1111111111111112 2
1582195707 9.204984556 1.1111111111111112 2
1582195868 9.087681337 0.1111111111111111 1
1582196025 9.178221899 1.1111111111111112 2
1582196186 8.935811752 1.1111111111111112 2
1582196345 9.034260633 1.3333333333333333 2
1582196504 8.752260178 0.0 0
1582196662 8.857695041 1.0 1
1582196820 9.897987555 1.3 2
1582196982 10.112282947 1.0 1
1582197149 9.269485306 0.0 0
1582197306 9.214267164 1.0 1
1582197472 8.913171718 1.0 1
1582197642 10.575756142 1.0 1
1582197801 9.303569168 1.1111111111111112 2
1582197960 8.400190842 1.1111111111111112 2
1582198116 8.992181008 1.2222222222222223 2
1582198279 8.630809034 0.125 1
1582198435 8.974157882 1.2222222222222223 2
1582198716 9.157499707 1.1 2
1582199065 9.219244082 1.3333333333333333 3
1582631373 8.660937853 2.0 2
1582631533 9.360784682 1.8888888888888888 3
1582631689 9.230294313 2.0 3
1582631846 9.100807759 1.2222222222222223 2
1582632003 8.693838098 1.1111111111111112 2
1582632160 8.897428943 1.2222222222222223 2
1582632321 8.827254165 1.1111111111111112 2
1582632483 8.952302542 1.2222222222222223 2
1582632641 9.972627223 1.3 2
1582632803 8.750844219 1.0 1
1582884500 10.560049647 1.3 2
1582884680 8.796433691 0.0 0
1582884849 8.887084899 0.125 1
1582885009 12.403387007 1.75 2
1582885175 10.52112125 1.5454545454545454 3
1582885338 9.231339011 2.5555555555555554 3
1582885497 10.230375982 0.2 1
1582885660 9.137611953 1.2222222222222223 2
1582885825 8.696296523 1.0 1
1582885982 9.026318606 0.8888888888888888 1
1574707064 9.312527297 0.0 0
