1569856441 7.960696309 0.125 1
1570447190 7.395548172 0.75 2
1570448957 7.975878988 1.25 2
1570449458 7.965535276 0.75 2
1570449896 7.553589306 0.125 1
1571323444 8.162944142 0.25 1
1571323837 8.268379174 1.125 2
1571324240 7.723735987 0.125 1
1571324639 7.891109204 0.375 1
1571327569 8.203061755 0.25 1
1571327960 8.072737816 0.625 1
1571328351 7.810796625 0.25 1
1571328742 7.982081799 0.375 1
1571329133 8.072779306 0.25 1
1571329524 8.063787639 0.25 1
1571330498 7.876807719 0.375 1
1571398072 8.017376712 0.25 1
1571398468 7.761815223 0.25 1
1571398861 7.98159235 0.125 1
1571399252 8.099568842 0.375 1
1571399644 8.200989623 0.875 2
1571400041 8.177858977 0.375 1
1571400433 7.971227889 0.125 1
1571400861 7.780039836 0.42857142857142855 1
1571401253 8.757177119 1.2222222222222223 2
1571401645 8.255920283 0.5 1
1571407026 7.991062179 0.375 1
1571407417 8.012394996 0.25 1
1571407808 7.93480654 0.25 1
1571408197 7.878543581 0.375 1
1571408591 8.272956879 1.0 2
1571666083 8.085742817 1.125 2
1571666864 7.742199804 1.125 2
1571667257 7.927860964 1.375 2
1571667701 8.151171665 0.2222222222222222 1
1571669351 8.19181323 0.2222222222222222 1
1571669747 7.84856865 0.2857142857142857 1
1571754263 8.419394206 0.125 1
1571754654 8.256114756 1.375 2
1571755055 8.383479225 1.25 2
1571755451 7.999758725 0.25 1
1571756682 7.85431077 0.25 1
1571757113 8.139929198 0.125 1
1571757543 7.849798411 0.25 1
1571757938 8.004047055 0.375 1
1571758331 7.932005041 0.25 1
1571758723 7.916952153 0.375 1
1571762336 7.909327179 0.125 1
1571762733 7.950719222 0.375 1
1571763125 8.220808099 0.3333333333333333 1
1571763514 8.028288058 0.375 1
1571763908 7.776666458 1.0 2
1571764333 8.027050318 1.3333333333333333 2
1571764723 8.131387559 0.625 2
1571765114 8.167970214 0.875 2
1571765503 8.472970485 2.25 4
1571765894 7.998584686 0.25 1
1571766858 7.986845971 1.375 2
1571767640 8.421372077 1.25 2
1572006613 7.902042761 0.5 1
1572007222 8.659546961 0.25 1
1572008115 8.000482976 0.125 1
1572008526 8.043990602 1.125 2
1572008919 7.909668704 0.25 1
1572009312 7.967957143 0.5 1
1572009702 7.974865521 0.375 1
1572010093 8.221829742 0.25 1
1572010490 8.633292994 1.25 2
1572010880 7.926438905 0.14285714285714285 1
1572013443 8.358799434 1.25 2
1572013837 7.985110997 1.5 2
1572014227 8.308137141 1.375 2
1572015007 8.184923013 0.625 2
1572269479 8.092429989 0.875 2
1572269893 8.099410484 0.3333333333333333 1
1572270695 7.937925132 1.125 2
1572271180 8.589277944 1.3333333333333333 2
1572272418 6.816987561 1.1666666666666667 2
1572272748 6.516691914 1.4285714285714286 3
1572273083 6.79609737 0.5714285714285714 1
1572273429 6.665540675 1.1428571428571428 2
1572273762 6.486763483 1.2857142857142858 2
1572276524 6.201274005 1.0 2
1572276857 6.811659145 1.1428571428571428 2
1572277188 6.939584219 0.42857142857142855 2
1572277524 7.010834514 0.5714285714285714 1
1572277882 6.902500763 0.42857142857142855 1
1572278214 6.747881826 0.42857142857142855 1
1572278545 7.026234269 0.2857142857142857 1
1572363604 6.739734123 0.2857142857142857 1
1572363933 6.680766916 0.2857142857142857 1
1572364594 6.326690186 0.14285714285714285 1
1572364932 6.49537858 0.8571428571428571 2
1572365268 6.534068465 0.14285714285714285 1
1572365645 6.488011028 1.7142857142857142 2
1572366019 6.466593807 0.14285714285714285 1
1572366360 6.420084772 0.2857142857142857 1
1572366695 6.608860715 0.16666666666666666 1
1572370053 6.415874494 0.16666666666666666 1
1572370383 6.388206435 0.2857142857142857 1
1572370715 6.545835456 0.14285714285714285 1
1572371044 6.578253096 0.2857142857142857 1
1572371377 6.371580017 0.16666666666666666 1
1572371705 6.339227117 0.2857142857142857 1
1572372037 6.6021435 0.14285714285714285 1
1572372366 6.73659816 0.3333333333333333 1
1572533707 6.430448871 0.0 0
1572534053 6.643711368 0.14285714285714285 1
1572534411 6.450485384 0.0 0
1572534740 6.52946161 0.0 0
1572535074 6.460817075 0.5714285714285714 1
1572535422 6.358901048 0.16666666666666666 1
1572535752 6.635988545 0.0 0
1572536087 6.590482479 0.0 0
1572536450 6.424127366 0.0 0
1572536786 6.619846234 1.0 3
1572538356 6.780014663 0.0 0
1572539016 6.606278995 0.0 0
1572539669 6.479684907 0.16666666666666666 1
1572540317 6.459246942 0.0 0
1572541227 6.559680015 0.3333333333333333 1
1572541875 6.592058177 0.3333333333333333 1
1572542524 6.495450029 0.0 0
1572543170 6.592305274 0.0 0
1572543843 6.531931631 0.0 0
1572871589 7.114023476 0.8571428571428571 1
1572872241 7.099540823 0.2857142857142857 1
1572872922 6.859776887 0.14285714285714285 1
1572873571 7.040923924 0.5714285714285714 1
1572874228 6.605984878 0.0 0
1572875294 6.757253727 0.0 0
1572876148 6.994329169 0.42857142857142855 1
1572877374 6.677349062 0.6666666666666666 2
1572880335 6.624363421 1.1666666666666667 2
1572880668 7.003001756 0.2857142857142857 2
1572881015 6.814959712 3.4285714285714284 5
1572881351 6.765699404 2.0 3
1572881684 6.567826894 1.6666666666666667 2
1572882017 6.515567631 2.6666666666666665 4
1572882346 6.794734621 2.0 3
1572882737 6.401674485 2.3333333333333335 3
1572883089 6.630429334 2.6666666666666665 4
1572883428 6.594968617 2.5 3
1572967657 6.635435006 0.42857142857142855 1
1572968316 6.494241043 0.3333333333333333 1
1572969616 6.517303983 0.14285714285714285 1
1572970276 6.506912555 0.14285714285714285 1
1572970927 6.5067175 0.2857142857142857 1
1572971589 6.500182788 0.3333333333333333 1
1572972251 6.536699712 0.3333333333333333 1
1572972900 7.068929067 1.2857142857142858 2
1572973616 6.566132808 0.42857142857142855 1
1572974265 6.463095345 1.3333333333333333 2
1572974923 6.663205944 1.3333333333333333 2
1572975324 6.531598437 0.14285714285714285 1
1572975655 6.470256339 0.42857142857142855 1
1572976027 6.466959365 0.16666666666666666 1
1572976405 6.573991052 0.3333333333333333 1
1572976736 6.423158683 0.14285714285714285 1
1572977065 6.524589025 0.2857142857142857 1
1572977430 6.548782284 0.16666666666666666 1
1572977758 6.623595217 0.2857142857142857 1
1572978107 6.575465869 0.16666666666666666 1
1573209199 6.61610997 0.14285714285714285 1
1573209870 6.365721745 0.5 1
1573210530 6.735712269 0.16666666666666666 1
1573211200 6.624557872 0.42857142857142855 1
1573211858 6.445844289 0.16666666666666666 1
1573212506 6.670803158 0.2857142857142857 1
1573213158 6.565611973 0.5 1
1573213808 6.338000689 0.3333333333333333 1
1573214481 6.482159404 0.3333333333333333 1
1573215138 6.506307943 0.42857142857142855 1
1573218352 6.377690432 0.3333333333333333 1
1573218684 6.393896904 0.14285714285714285 1
1573306592 6.573071397 0.2857142857142857 1
1573307249 6.952726656 0.14285714285714285 1
1573307883 6.616071528 1.0 2
1573308204 6.310618087 0.3333333333333333 1
1573308532 9.950294323 1.6 3
1573308854 6.27091728 1.3333333333333333 2
1573309174 6.735685117 0.16666666666666666 1
1573309504 6.780724462 0.16666666666666666 1
1573310645 6.214539059 1.3333333333333333 2
1573311263 5.980825497 0.3333333333333333 1
1573311874 6.347754711 0.16666666666666666 1
1573312580 6.93709339 0.14285714285714285 1
1573313821 7.081256085 0.14285714285714285 1
1573314450 6.776608465 0.16666666666666666 1
1573828116 6.669710914 0.0 0
1573828734 5.732870665 0.5 1
1573829343 5.678194022 0.0 0
1573829653 6.178161158 0.0 0
1573830210 6.475927741 0.0 0
1573830519 6.061890998 0.6666666666666666 2
1573830825 5.495255062 0.0 0
1573831133 5.795858177 0.0 0
1573902766 5.367866845 0.0 0
1573903076 5.970255652 0.0 0
1573903387 6.087885117 0.0 0
1573903700 6.182414284 0.0 0
1573904009 6.268304905 0.0 0
1573904318 5.667104437 0.0 0
1574688084 6.620224303 1.0 2
1574688404 6.597553456 0.3333333333333333 1
1574692096 6.755265838 0.42857142857142855 2
1574693326 6.131548915 1.1666666666666667 2
1574693974 6.523521742 0.14285714285714285 1
1574694722 6.473811922 0.16666666666666666 1
1574695276 6.512592424 0.2857142857142857 1
1574695618 6.49197164 0.16666666666666666 1
1574696664 6.332259527 0.3333333333333333 1
1574697242 6.670604886 0.2857142857142857 1
1574698994 6.410544534 0.3333333333333333 1
1574708865 6.913608772 0.0 0
1574709813 6.783412677 0.42857142857142855 1
1574711070 6.717193877 0.0 0
1574950875 5.215773021 0.16666666666666666 1
1574951249 5.630571505 0.8333333333333334 1
1574951930 6.055142593 0.16666666666666666 1
1574952246 6.788692445 0.14285714285714285 1
1574952643 5.644862076 0.16666666666666666 1
1574952971 5.374585762 0.2 1
1574953338 6.389412199 0.3333333333333333 1
1574953648 5.292402413 0.0 0
1574953985 5.452387079 0.16666666666666666 1
1574956413 5.374323195 0.16666666666666666 1
1574957077 5.220235063 0.0 0
1574957678 5.599787449 0.0 0
1574958261 5.63029923 0.5 1
1574958855 5.783607538 0.0 0
1574959464 5.984033344 0.16666666666666666 1
1574960042 5.343149522 1.0 2
1574960619 5.442093429 0.16666666666666666 1
1574961229 5.389315685 0.3333333333333333 1
1574961865 5.561511606 0.0 0
1575028276 5.257922919 0.2 1
1575028585 5.774571777 0.16666666666666666 1
1575028896 5.096879094 0.2 1
1575029233 5.642307695 0.2 1
1575029544 5.084044894 0.0 0
1575029853 5.420416779 0.0 0
1575030167 5.274372199 0.0 0
1575030481 6.085665558 0.3333333333333333 1
1575030800 5.304561128 1.2 2
1575031127 5.535475141 0.0 0
1575033343 6.373466131 0.3333333333333333 1
1575033911 5.839382172 1.5 2
1575034501 5.39886349 0.4 1
1575035075 5.350310177 0.8333333333333334 2
1575035638 5.710416492 0.2 1
1575036675 5.607399421 0.2 1
1575037236 5.675011518 1.3333333333333333 2
1575037795 5.212258318 0.2 1
1575038798 5.476153239 0.2 1
1575039370 5.798640369 2.6 3
1575114559 5.409738454 0.6 1
1575114866 5.426360589 0.16666666666666666 1
1575115176 5.358170763 0.6 1
1575115485 5.417670736 0.8333333333333334 2
1575115793 5.417232589 0.2 1
1575116111 4.99045108 0.16666666666666666 1
1575116421 5.549213975 0.0 0
1575116731 5.365901613 0.3333333333333333 1
1575117039 5.952148808 0.16666666666666666 1
1575117348 5.560039804 0.4 1
1575120629 6.181859189 0.2857142857142857 1
1575121194 5.337233547 0.16666666666666666 1
1575122188 5.260737459 0.16666666666666666 1
1575122815 5.333264206 0.16666666666666666 1
1575123373 5.289212797 0.2 1
1575123931 5.521386168 0.16666666666666666 1
1575124487 5.386166488 0.4 1
1575125054 5.428323912 0.4 1
1575125619 5.379240357 1.0 2
1575126185 5.225241955 0.2 1
1575293411 5.896142441 0.2 1
1575293750 5.675743126 0.4 1
1575294088 5.938053156 0.16666666666666666 1
1575294431 5.784332115 0.5 1
1575294777 5.538788775 0.0 0
1575295145 5.373350708 0.4 1
1575295535 5.892671997 0.2 1
1575296761 5.619308864 0.16666666666666666 1
1575297097 6.523962403 0.16666666666666666 1
1575297936 5.340415444 0.0 0
1575298509 6.604736066 0.0 0
1575299079 5.556614832 0.16666666666666666 1
1575299660 5.469447281 0.0 0
1575300230 5.454225244 0.4 1
1575300847 5.200524616 1.0 2
1575301621 5.314944925 0.2 1
1575302229 5.340382953 0.2 1
1575385968 6.641595185 0.7142857142857143 2
1575386592 6.382509858 0.3333333333333333 1
1575387923 6.671723443 0.42857142857142855 1
1575388230 8.058427308 0.875 2
1575388541 5.938343665 0.3333333333333333 1
1575388843 6.584198099 0.42857142857142855 1
1575390418 6.42116193 0.3333333333333333 1
1575391549 6.399431856 0.2857142857142857 1
1575392926 6.604464524 1.6666666666666667 2
1575393561 6.312147227 1.8571428571428572 3
1575394688 6.092925431 1.8571428571428572 4
1575395251 6.668251451 0.5714285714285714 1
1575558728 5.411645921 0.6 2
1575559041 5.312792994 0.0 0
1575559366 5.391055837 0.16666666666666666 1
1575559687 5.303498843 0.0 0
1575560054 6.712344297 0.0 0
1575560384 5.684613898 0.0 0
1575560715 8.907580861 0.0 0
1575561592 5.456591339 0.2 1
1575561950 5.315349914 0.0 0
1575562737 5.12684647 0.0 0
1575563346 5.299090676 0.0 0
1575563995 5.195243393 0.0 0
1575564591 5.441106757 0.0 0
1575565174 5.418202234 0.0 0
1575565739 5.741012391 0.0 0
1575566312 5.404317252 0.0 0
1575566912 5.367064844 0.0 0
1575568240 5.377076116 0.0 0
1575568824 5.23358097 0.0 0
1579186475 6.260268291 0.2857142857142857 1
1579186821 6.600385932 0.42857142857142855 1
1579190481 7.026709647 0.14285714285714285 1
1579191269 6.699548969 0.14285714285714285 1
1579191883 6.683960303 0.16666666666666666 1
1579193033 5.223631938 1.1666666666666667 2
1579193619 5.367982681 0.2 1
1579194184 5.508892523 0.3333333333333333 1
1579194752 5.87000699 0.2 1
1579195317 5.286243088 0.6 1
1579195908 5.420164583 0.0 0
1579196469 5.452931616 0.16666666666666666 1
1579354234 5.085566915 0.16666666666666666 1
1579354543 5.365562754 0.2 1
1579354851 5.372932049 0.4 1
1579355159 5.137800528 0.16666666666666666 1
1579355467 5.560037105 0.16666666666666666 1
1579355777 5.319957809 0.6 1
1579356085 5.255927855 0.0 0
1579356393 5.530204086 0.2 1
1579356698 5.428463019 0.2 1
1579357004 5.11853341 0.0 0
1579359674 5.389805826 0.2 1
1579360252 5.878538152 1.6666666666666667 2
1579360812 5.348357406 0.0 0
1579361367 5.588554986 0.0 0
1579361923 5.287819729 0.2 1
1579362478 5.159774196 1.0 2
1579363035 5.23174429 0.16666666666666666 1
1579363601 5.191691869 0.0 0
1579364167 5.301012696 0.2 1
1579364727 5.28498426 1.4 2
1579524845 6.447360967 0.5 1
1579525186 6.751879866 1.1428571428571428 2
1579526223 5.929240913 0.3333333333333333 1
1579529669 5.895964677 0.8333333333333334 2
1579530719 6.439568295 0.3333333333333333 1
1579532347 6.631390349 0.2857142857142857 1
1579533040 6.0175478 0.8571428571428571 2
1579534343 6.316039362 0.5 1
1579537250 6.447459161 0.2857142857142857 1
1580217970 5.980219486 1.0 1
1580218299 5.572953086 1.4 2
1580218625 5.417731219 0.2 1
1580218950 5.281968515 0.0 0
1580219325 5.375382066 0.4 1
1580219670 5.165839751 1.0 1
1580222386 5.321441784 0.14285714285714285 1
1580222700 5.536147531 1.0 2
1580223011 5.324752301 0.4 1
1580223978 5.248055023 0.3333333333333333 2
1580224536 5.412219102 0.16666666666666666 1
1580225092 5.48013898 1.1666666666666667 2
1580225657 5.382257026 0.8 2
1580226215 5.842840229 0.0 0
1580226803 6.223053853 1.1666666666666667 2
1580227369 5.253029328 0.16666666666666666 1
1580227968 5.165993251 0.4 1
1580228547 6.319524555 0.6666666666666666 1
1580229107 5.547564301 0.2 1
1580306606 5.199449381 0.0 0
1580307309 5.452065812 0.2 1
1580307788 5.211955131 0.2 1
1580308100 5.784781786 1.5 3
1580308415 7.066025028 0.125 1
1580310616 6.189909798 1.5 2
1580310931 5.116002695 1.1428571428571428 2
1580311241 6.046783295 0.0 0
1580311551 5.342534 0.4 1
1580311925 5.330909647 3.1666666666666665 5
1580312534 5.261387628 0.16666666666666666 1
1580313114 5.3602447 0.16666666666666666 1
1580313994 5.344612967 1.1666666666666667 2
1580314634 5.474945934 0.16666666666666666 1
1580315190 5.396756119 0.16666666666666666 1
1580315752 5.401339618 1.3333333333333333 2
1580316314 5.592161924 0.3333333333333333 1
1580317023 6.007356634 0.16666666666666666 1
1580317611 5.806846648 0.16666666666666666 1
1581937663 5.785835743 0.3333333333333333 1
1581938629 5.336149204 1.0 1
1581939272 6.910940852 0.42857142857142855 1
1581939598 6.551922201 0.3333333333333333 1
1581944253 5.870549647 0.2 1
1581945199 5.335573822 0.2 1
1581946149 5.413599482 1.2 2
1581947612 6.313519045 0.14285714285714285 1
1581948205 5.727805524 0.2 1
1581949322 7.047372034 0.2857142857142857 1
1582030413 7.083918475 0.2857142857142857 1
1582030721 7.049535905 1.2857142857142858 2
1582031367 6.136789705 2.1666666666666665 3
1582031666 6.861253762 2.0 3
1582032350 7.159308596 0.2857142857142857 1
1582032660 6.914594658 1.7142857142857142 3
1582032958 6.704445145 3.5 5
1582033253 6.606539297 3.4285714285714284 4
1582033609 7.253245176 0.75 2
1582035024 6.631771025 1.5714285714285714 2
1582035896 6.201895433 1.3333333333333333 2
1582036501 6.877118291 1.1428571428571428 2
1582037111 6.818584697 1.1428571428571428 2
1582037710 6.777202267 1.0 1
1582038305 6.398215214 1.6666666666666667 3
1582038892 7.056422813 1.2857142857142858 2
1582041808 6.917405214 1.2857142857142858 2
1582042558 6.451438166 0.5714285714285714 1
1582044008 6.287688191 2.2857142857142856 4
1582044599 6.749667162 1.3333333333333333 2
1582044911 5.857877264 1.1666666666666667 2
1582045214 7.299318406 0.2857142857142857 1
1582045512 6.68169947 1.3333333333333333 2
1582045824 6.903769641 0.14285714285714285 1
1582046120 6.533646349 1.4285714285714286 2
1582120468 6.312067274 3.857142857142857 6
1582191790 9.745479094 5.444444444444445 8
1582192080 6.768461074 4.857142857142857 7
1582192671 5.592239478 4.0 7
1582635022 5.385344656 0.5 1
1582635307 5.675928672 0.2 1
1582635591 5.656549975 0.2 1
1582635874 5.388640877 0.3333333333333333 1
1582636161 5.515894609 0.3333333333333333 1
1582636447 6.0550015 0.8333333333333334 2
1582636740 5.450221016 0.16666666666666666 1
1582637333 6.007428904 0.3333333333333333 1
1582637628 5.817485533 0.3333333333333333 1
1582638197 6.299502657 0.0 0
1582638759 5.511646054 0.4 1
1582641012 5.48836785 0.0 0
1582641572 5.454966084 1.8 3
1582642145 5.547645651 0.0 0
1582642712 5.209193927 0.2 1
1582643286 5.788121491 1.3333333333333333 2
1582643883 5.455026093 0.0 0
1582644442 5.551267276 0.3333333333333333 1
1582886274 5.372119767 0.2 1
1582886562 5.405920587 0.2 1
1582886858 5.408146022 0.0 0
1582887147 6.013261986 1.1666666666666667 2
1582887436 5.462507864 0.16666666666666666 1
1582887728 6.397078528 0.5714285714285714 2
1582888013 5.461531609 0.8 2
1582888299 5.401732184 0.2 1
1582888588 6.079009608 0.16666666666666666 1
1582888949 5.628413796 0.2 1
1582899052 5.757911747 0.3333333333333333 1
1582900182 5.328940608 0.2 1
1582900742 5.545090594 0.4 1
1582903047 5.424598334 0.2 1
1582903651 5.341573808 0.4 1
1574711070 6.717193877 0.0 0
1574708865 6.913608772 0.0 0
