1569853592 339.11432696 0.4749262536873156 4
1569854233 721.700659446 0.18421052631578946 3
1569855205 301.109943939 0.3222591362126246 4
1569856524 4.555552136 0.2 1
1570446963 388.534712233 1.1056701030927836 5
1570448055 126.971588267 0.125 1
1570448782 328.393795949 0.649390243902439 5
1570449254 311.625734969 0.3993610223642173 4
1571323271 280.750393484 0.08185053380782918 3
1571323664 290.748432452 0.2852233676975945 4
1571324066 286.146692033 0.23426573426573427 4
1571324466 279.635133699 0.2867383512544803 4
1571327397 278.940639155 0.09352517985611511 2
1571327787 279.868928182 0.12589928057553956 2
1571328177 280.174571231 0.10320284697508897 2
1571328569 279.809486822 0.20577617328519857 3
1571328960 280.674486062 0.10676156583629894 3
1571329352 277.819556719 0.1371841155234657 3
1571330596 10.973842267 0.0 0
1571397900 278.755697045 0.3835125448028674 4
1571398293 282.830306876 0.5300353356890459 4
1571398688 279.595767372 0.34532374100719426 3
1571399079 280.263157313 0.3107142857142857 5
1571399470 280.859416608 0.35231316725978645 3
1571399866 281.151647317 0.5 3
1571400260 309.048830008 0.3074433656957929 4
1571400682 285.106887482 0.24475524475524477 3
1571401080 280.878846423 0.302491103202847 5
1571406853 278.259805163 0.296028880866426 3
1571407249 274.585762891 0.3333333333333333 4
1571407636 277.79827125 0.3057553956834532 4
1571408025 279.037496441 0.35842293906810035 3
1571408418 278.67292293 0.34172661870503596 3
1571665909 279.899483871 0.12857142857142856 3
1571666300 280.359860245 0.19285714285714287 4
1571666691 281.163833673 0.30604982206405695 4
1571667085 278.380883795 0.2490974729241877 4
1571667521 286.957268462 0.3588850174216028 3
1571669173 284.986694549 0.20350877192982456 3
1571669573 279.475217779 0.15412186379928317 3
1571754084 284.810824514 0.27017543859649124 4
1571754481 279.495665375 0.3821428571428571 4
1571754874 287.328169798 0.445993031358885 3
1571755277 286.809870333 0.2762237762237762 4
1571755966 13.831930681 0.4666666666666667 2
1571756510 283.024670897 0.45936395759717313 4
1571756922 308.152180252 0.5551948051948052 4
1571757371 277.586944797 0.5054151624548736 4
1571757760 285.810977254 0.6280701754385964 5
1571758159 277.359588706 0.3920863309352518 3
1571762164 276.599417108 0.5234657039711191 4
1571762564 275.419932993 0.4218181818181818 3
1571762953 276.773967843 0.5487364620938628 4
1571763341 279.698334155 0.45714285714285713 4
1571763733 280.915240279 0.5409252669039146 4
1571764140 298.368085312 0.6755852842809364 4
1571764550 280.43996599 0.7642857142857142 4
1571764942 277.172248437 0.5270758122743683 4
1571765330 280.660074755 0.5551601423487544 4
1571765722 278.273099117 0.7653429602888087 6
1571766957 11.923878128 1.6666666666666667 2
1572006308 394.854617917 0.22588832487309646 5
1572007046 282.162724964 0.24822695035460993 3
1572007440 283.224283696 0.6028368794326241 5
1572007933 298.361639586 0.7583892617449665 5
1572008343 290.789187833 0.44673539518900346 4
1572008746 282.286715027 0.3971631205673759 4
1572009140 277.919751644 0.29856115107913667 3
1572009530 279.092512972 0.3154121863799283 3
1572009921 278.232852759 0.46402877697841727 4
1572010317 278.708231617 0.4444444444444444 4
1572010708 278.886156637 0.31899641577060933 3
1572013270 279.891693419 0.3333333333333333 3
1572013662 280.225002414 0.4199288256227758 3
1572014055 280.109952892 0.5535714285714286 4
1572014446 277.985349076 0.5539568345323741 4
1572268116 140.770654347 0.6071428571428571 4
1572268887 283.680776512 0.43661971830985913 4
1572269303 282.663664349 0.4645390070921986 4
1572269719 281.815666867 0.475177304964539 3
1572270124 282.730326091 0.5477031802120141 4
1572270521 279.94565944 0.5178571428571429 4
1572270914 392.933473367 0.5114503816793893 4
1572272270 237.93618766 0.7478991596638656 4
1572272600 241.257996086 0.9628099173553719 4
1572272936 237.235894894 0.48945147679324896 5
1572273270 251.637358019 0.5317460317460317 4
1572273615 242.850302038 0.6983471074380165 5
1572276039 239.705739301 0.15416666666666667 3
1572276374 241.692623458 0.14522821576763487 2
1572276710 238.588402054 0.2857142857142857 2
1572277041 239.048614802 0.08786610878661087 3
1572277371 243.192270567 0.2839506172839506 4
1572277717 255.721384991 0.1875 4
1572278065 239.678626405 0.06666666666666667 2
1572278398 238.105665936 0.05439330543933055 2
1572363458 237.632753655 0.6244725738396625 4
1572363788 237.184284359 0.70042194092827 4
1572364117 239.299506441 0.5857740585774058 5
1572364448 240.622438427 0.7208333333333333 6
1572364780 242.970868039 0.720164609053498 5
1572365122 238.215240396 0.3697478991596639 5
1572365500 238.874693609 0.4351464435146444 4
1572365872 247.211685371 0.7044534412955465 5
1572366215 236.828877924 0.5738396624472574 4
1572366546 238.689123293 0.6108786610878661 5
1574711150 9.991136322 0.0 0
1574708727 224.383700303 0.004464285714285714 1
