1569849999 9.720388104 0.09090909090909091 1
1569850203 9.883787278 0.0 0
1569849999 9.720388104 0.09090909090909091 1
1569850203 9.883787278 0.0 0
1569850734 10.715245328 0.45454545454545453 1
1569851016 10.117847936 0.09090909090909091 1
1569851222 9.818679834 0.2727272727272727 1
1569851572 9.886180896 0.45454545454545453 1
1569851779 15.415242836 0.125 1
1569852008 9.982064056 0.5454545454545454 1
1569852238 9.877901551 0.6 1
1569852475 9.828713603 0.18181818181818182 2
1569853083 10.836292611 0.8333333333333334 2
1569853397 10.380779537 1.1 2
1570543123 9.940479233 1.4545454545454546 2
1570543485 9.909854563 1.0909090909090908 2
1570543696 9.117072067 1.9 2
1570544612 9.857511417 1.0909090909090908 2
1570544871 9.484821901 0.09090909090909091 1
1570545072 9.936327907 1.0 2
1570545289 10.147243702 1.2727272727272727 2
1571322996 9.620058314 0.7 2
1571325114 9.830810521 0.8 2
1571325310 9.895188871 0.6363636363636364 1
1571325515 9.907201165 0.09090909090909091 1
1571325716 9.941310674 0.36363636363636365 2
1571325912 9.976236436 1.3636363636363635 3
1571326113 9.719549391 0.6363636363636364 1
1571326804 9.854289404 1.0 2
1571327020 9.831808323 1.4545454545454546 2
1571327228 10.301353625 0.2727272727272727 1
1571395905 9.992291365 0.8181818181818182 2
1571396101 11.232589586 1.3333333333333333 2
1571396298 10.007716165 0.5454545454545454 2
1571396498 10.535809576 0.45454545454545453 2
1571396696 10.738571465 0.3333333333333333 1
1571396924 9.625093875 0.5 2
1571397128 10.02804249 0.8181818181818182 2
1571397330 9.653197615 0.5 1
1571397526 9.725194215 0.5454545454545454 1
1571397723 9.891655564 0.18181818181818182 1
1571404972 9.875018506 0.2727272727272727 1
1571405170 9.5650835 0.5454545454545454 1
1571405368 9.838461848 0.6363636363636364 2
1571405596 10.035975351 0.6363636363636364 1
1571405800 10.07530204 0.09090909090909091 1
1571409018 9.827747516 0.5454545454545454 2
1571409220 9.692658929 0.18181818181818182 1
1571409421 9.939392511 0.18181818181818182 1
1571409638 9.891025756 0.36363636363636365 1
1571409836 10.096450719 0.0 0
1571664404 9.843602538 0.36363636363636365 1
1571664945 11.741849286 0.46153846153846156 1
1571665149 9.980662888 0.4 2
1571665360 10.073080968 0.18181818181818182 1
1571665554 9.632855327 0.36363636363636365 1
1571665749 10.282357287 0.2727272727272727 1
1571668167 10.103750089 0.36363636363636365 1
1571668366 9.81066615 0.2 1
1571668570 9.541450929 0.3 1
1571668764 9.857969911 0.36363636363636365 1
1571668964 10.451064088 1.5 3
1571752038 9.724990448 1.9 2
1571752233 10.001315753 0.9090909090909091 2
1571752433 9.209696807 0.3 1
1571752637 9.696234385 0.36363636363636365 1
1571752832 10.06742564 0.2727272727272727 1
1571753028 9.979291535 0.5454545454545454 1
1571753225 10.149565938 1.1818181818181819 3
1571753422 9.908578683 0.2727272727272727 1
1571753620 9.758076293 0.7272727272727273 2
1571753817 9.421346465 0.5 2
1571760175 9.653887954 0.3 1
1571760370 9.578290999 1.0 2
1571760574 9.767543521 0.2727272727272727 1
1571760770 9.379699424 1.5 3
1571760972 9.658601623 0.5454545454545454 1
1571761180 10.032167322 0.2727272727272727 2
1571761379 9.751204507 0.18181818181818182 1
1571761574 9.921883412 1.0909090909090908 2
1571761770 9.748460003 1.1 3
1571761978 9.896121378 0.9090909090909091 2
1572003281 9.659270285 0.3 1
1572003477 10.288703776 0.45454545454545453 1
1572003673 9.604945382 0.3 1
1572003871 9.57205082 0.8 2
1572004067 9.915516427 1.0 2
1572004263 9.926987378 0.6363636363636364 2
1572004457 9.845417742 1.0 2
1572004656 9.539221583 1.0 2
1572004858 10.101636704 1.1818181818181819 2
1572005057 9.538728413 1.2 2
1572011258 9.951360687 0.8181818181818182 2
1572011455 9.52050375 0.2727272727272727 1
1572011651 9.556952297 2.3 4
1572011848 9.784351959 2.0 3
1572012044 9.750964139 0.6363636363636364 2
1572012242 9.677979169 0.2727272727272727 1
1572012436 10.032812434 1.5454545454545454 3
1572012631 9.722894971 1.0 2
1572012826 9.536158091 1.3 3
1572013020 9.986797041 2.090909090909091 3
1572265079 9.68882779 0.36363636363636365 2
1572265276 10.052361845 0.8181818181818182 2
1572265474 9.480471046 0.6363636363636364 2
1572265673 9.891005104 0.45454545454545453 1
1572265878 10.211322291 0.25 1
1572266080 9.540624359 0.2727272727272727 2
1572266277 9.206457721 0.2 1
1572266477 9.670287026 0.5454545454545454 1
1572266677 9.931822756 0.8 2
1572266879 9.721571849 0.0 0
1572274142 9.077332011 0.7 2
1572274483 9.36029731 1.0 2
1572274656 9.317660419 0.5 1
1572274823 9.249758726 0.6363636363636364 2
1572274993 9.157748517 1.7 2
1572275165 9.362111691 0.6363636363636364 1
1572275341 9.309278673 0.4 2
1572275511 9.042027821 0.6 1
1572275684 9.158598904 0.6 1
1572361293 9.875628969 2.2 3
1572361489 10.543395994 1.0 2
1572361685 9.480438699 1.9 3
1572361880 9.735108265 1.0909090909090908 2
1572362079 9.340752078 1.7272727272727273 2
1572362273 9.528828905 0.3 1
1572362469 9.536423077 2.272727272727273 3
1572362668 9.720361206 0.45454545454545453 1
1572362863 9.580002113 0.7272727272727273 1
1572363059 9.745495679 1.6363636363636365 2
1572366933 9.449372482 0.3 1
1572367101 9.476411071 0.3 1
1572367271 10.311712841 1.5 3
1572367439 9.120917331 1.4 3
1572367621 10.258541458 0.6363636363636364 1
1572367799 9.07689977 0.8 1
1572367968 8.947155524 0.3 1
1572368137 8.956483845 0.7 1
1572368303 9.655098548 1.0909090909090908 2
1572368468 9.190526839 1.4 3
1572532410 9.594763387 1.0 3
1572532610 10.379005617 0.5833333333333334 2
1572532816 9.598666524 0.2727272727272727 1
1572544521 9.027815278 0.2 1
1572544689 9.071377994 0.8 1
1572544860 9.537967415 0.36363636363636365 1
1572545032 9.623401122 0.18181818181818182 1
1572545206 9.463888544 0.1 1
1572870033 11.160501427 0.08333333333333333 1
1572870252 9.541870739 0.36363636363636365 1
1572870433 10.71801234 0.09090909090909091 1
1572870655 9.478793868 0.2727272727272727 2
1572870825 9.212901214 0.9 2
1572965414 9.397335975 2.1 3
1572965581 9.679433342 0.2727272727272727 2
1572965748 10.019868358 1.8181818181818181 3
1572965918 9.433999271 0.3 2
1572966256 9.379839986 1.0 2
1572966427 9.653442008 1.7272727272727273 3
1572966611 9.186004581 1.1 2
1572966790 9.439045797 0.36363636363636365 2
1572966954 9.072329792 0.7 2
1573207062 9.38210605 1.2 3
1573207230 9.121765325 0.6 2
1573207399 9.237192166 0.8 2
1573207564 9.157206753 0.45454545454545453 1
1573207734 9.48817814 0.18181818181818182 1
1573207902 9.56036551 1.7 2
1573208069 9.189096109 1.2 2
1573208234 9.435834334 0.2 1
1573208402 9.386805157 0.7272727272727273 1
1573208568 9.376372941 0.4 1
1573220303 9.378929304 4.0 5
1573220470 9.376672776 0.9090909090909091 2
1573220638 9.165963326 0.2 1
1573220807 9.20723674 0.7 1
1573220975 9.358690634 0.2 1
1573221142 9.25898656 0.2 1
1573221306 9.289258476 0.3 2
1573221476 9.348869604 0.5 1
1573221643 8.965754464 0.4 1
1573221812 9.295252435 0.5 1
1573222000 9.422897739 0.2727272727272727 2
1573222171 9.225052492 1.1 2
1573222338 9.183239976 0.6 1
1573222504 9.187456511 0.5 1
1573222674 9.281926146 0.2 1
1573301152 9.139160526 0.7 1
1573301321 9.02356883 1.0 2
1573301502 9.167764895 0.6 1
1573301670 9.568975299 0.5454545454545454 1
1573301857 8.988624552 1.0 2
1573302035 10.566823132 1.4166666666666667 3
1573302203 9.437409055 0.4 1
1573302378 9.500106686 0.3 2
1573302547 9.604628725 0.2 1
1573302728 10.2247188 0.75 1
1573304030 9.047032798 0.4 1
1573304190 9.434653306 0.09090909090909091 1
1573304357 9.100193698 0.8 1
1573304682 9.472645226 0.18181818181818182 1
1573304841 9.091695344 0.1111111111111111 1
1573305001 9.191514171 0.5454545454545454 2
1573305163 9.280062924 0.5454545454545454 1
1573305323 9.411213518 0.3 2
1573752495 9.390881604 0.9 2
1573752753 9.701210086 0.4 1
1573753542 9.414939918 0.6 1
1573753695 9.277984658 0.4 1
1573753857 9.619235167 0.2 1
1573754677 9.686479209 0.2222222222222222 1
1573754837 9.075016163 0.7 2
1573755164 9.542375461 0.6 2
1573755639 9.485774667 0.1 1
1573755797 9.385779095 0.5454545454545454 1
1573755956 9.055191506 0.4 1
1573831421 9.133983389 1.1 2
1573831579 9.145328792 0.4 1
1573831909 9.570477474 0.3 2
1573832061 9.300378473 0.3 1
1573832544 9.547658377 0.4444444444444444 1
1573832699 9.499883626 0.4 1
1573833050 9.647018148 0.2727272727272727 1
1573833206 9.47274155 0.2 2
1573833685 9.459934093 0.5 1
1573901059 9.995918148 1.9 3
1573901374 8.638400125 0.5555555555555556 1
1573901529 9.164151092 0.3 1
1573901690 9.365088205 0.2 1
1573901844 9.091948574 0.3 2
1573902315 9.21530205 0.2222222222222222 1
1574685788 10.677073696 0.5 1
1574685978 10.802935849 0.5 2
1574686150 9.32497093 0.5555555555555556 1
1574686310 11.771614228 0.25 1
1574686469 9.487931391 0.6363636363636364 2
1574686635 9.468016304 0.4 1
1574686799 9.423736613 1.3333333333333333 2
1574686985 9.468663291 0.1111111111111111 1
1574687324 9.435228897 0.2 1
1574689653 10.096346963 0.1 1
1574689869 9.95582314 0.1 1
1574690039 9.093525235 1.1 2
1574690208 9.747530662 0.1111111111111111 1
1574690537 9.59148213 0.7 2
1574690709 10.472808261 0.6 1
1574690868 9.364463551 0.18181818181818182 1
1574691053 9.394380854 0.7272727272727273 1
1574691232 9.442036563 0.1111111111111111 1
1574706854 9.104182999 0.7 2
1574707096 9.394101532 0.0 0
1574954199 8.743244233 0.5555555555555556 2
1574954363 9.102650188 0.8 2
1574954540 9.50465293 1.1 2
1574954704 9.491454317 0.6363636363636364 2
1574954886 9.477747376 0.5 2
1574955303 9.045969526 0.2222222222222222 1
1574955463 9.053837279 0.6 1
1574955621 9.789510348 0.1 1
1574955783 9.100999961 0.2222222222222222 1
1575026530 10.455735322 0.5 1
1575026692 9.230302197 0.2222222222222222 1
1575026853 8.969253606 1.0 2
1575027013 9.94947314 1.0 2
1575027177 8.989792019 0.4444444444444444 1
1575027338 9.423530092 0.5 1
1575027504 9.437611898 0.09090909090909091 1
1575027661 9.321729664 0.4 1
1575027826 9.574500957 0.2222222222222222 1
1575027990 8.933111432 0.2222222222222222 1
1575112846 9.872522232 0.1 1
1575113007 9.242382441 1.4444444444444444 2
1575113169 9.568709449 0.0 0
1575113330 10.61730108 0.2 1
1575113490 8.83608626 0.4444444444444444 1
1575113647 10.714644037 0.45454545454545453 1
1575113805 9.023361231 0.1 1
1575113963 9.382385081 0.1 1
1575114287 9.301980468 0.1 1
1575289776 9.719867205 0.8 2
1575289943 8.999590301 0.3 1
1575290110 9.647158139 0.0 0
1575290291 9.163978301 0.2 1
1575290463 12.873092943 0.23076923076923078 2
1575290639 12.759231969 0.15384615384615385 1
1575290965 9.772474847 0.2 1
1575291127 10.153491911 0.2727272727272727 2
1575291289 9.561243784 0.1 1
1575384177 9.315445671 0.6 2
1575384337 9.07678614 0.3333333333333333 1
1575384498 9.417413519 0.6666666666666666 2
1575384657 9.828077134 0.09090909090909091 1
1575384820 9.214685839 0.5555555555555556 1
1575384977 11.086257302 0.18181818181818182 1
1575385139 8.936438265 0.3 1
1575385298 9.547477963 0.5 1
1575385458 13.632757617 0.07692307692307693 1
1575385622 9.675213379 0.1111111111111111 1
1575556559 9.585873341 0.1111111111111111 1
1575556892 9.147075089 0.2222222222222222 1
1575557077 9.617429858 0.5454545454545454 1
1575557247 9.625315877 0.5555555555555556 1
1575557604 10.82470606 0.09090909090909091 1
1575558236 11.001432983 0.7272727272727273 2
1575558425 8.903236215 0.5 2
1579184056 10.777933188 0.09090909090909091 1
1579184772 9.328189385 0.5555555555555556 2
1579184933 9.180884063 0.6666666666666666 1
1579185095 11.818171282 0.23076923076923078 1
1579185271 8.956476534 1.1 3
1579185447 11.392049414 0.09090909090909091 1
1579185631 9.49698568 0.4444444444444444 1
1579185810 9.240547168 0.36363636363636365 1
1579185997 9.411824616 0.4 2
1579186170 9.392562 0.3333333333333333 2
1579351786 10.653098031 2.0 3
1579351954 8.614591644 0.625 1
1579352114 9.722892296 0.1111111111111111 1
1579352275 9.019821937 0.8 1
1579352438 9.232176665 0.0 0
1579352602 9.706886553 0.8 2
1579352759 9.439364801 0.1 1
1579352921 9.102065135 0.5555555555555556 1
1579353084 9.618720638 0.5555555555555556 1
1579522875 9.323919528 0.3333333333333333 1
1579523079 9.161569332 0.8888888888888888 3
1579523269 10.266242642 0.4 2
1579523608 9.720019423 0.6666666666666666 2
1579523788 9.891103187 0.9 2
1579523971 10.001033814 0.2 1
1579524159 9.369100583 0.3333333333333333 1
1579524494 9.291225755 0.3 2
1579537480 9.619135929 1.6666666666666667 3
1580215328 10.019128449 0.2727272727272727 1
1580215523 9.080763366 0.2 1
1580215845 9.552687254 0.3 1
1580216006 9.648104115 0.6 2
1580216169 10.033349839 0.0 0
1580216329 9.058720437 0.8 2
1580216490 11.054356344 0.2727272727272727 2
1580216649 9.082035295 0.2222222222222222 1
1580216832 9.548763273 1.1818181818181819 3
1580304742 9.041155304 0.7 2
1580304898 9.135727778 0.2222222222222222 1
1580305060 9.980147283 0.4 1
1580305221 9.529916738 0.1111111111111111 1
1580305564 12.080735277 0.9166666666666666 4
1580305729 8.718819915 0.2222222222222222 1
1580305886 9.610665189 0.3333333333333333 1
1580306041 9.105903384 0.2 1
1580306201 9.509000075 0.6 1
1581935560 9.739148678 0.4 2
1581935726 10.217544823 0.2 1
1581935894 9.9914926 0.2 1
1581936065 9.651050817 0.4 1
1581936399 9.810453184 0.3 2
1581936558 9.586809482 0.0 0
1582026915 9.472230757 2.111111111111111 3
1582027077 9.599115207 0.2 1
1582027241 10.571667775 0.0 0
1582113131 9.524061844 3.2222222222222223 4
1582113298 9.17859021 0.3333333333333333 2
1582113461 10.576257487 0.2 1
1582115116 9.291507489 0.5 1
1582116119 9.63696021 0.5 1
1582116334 9.401237034 0.3 1
1582116676 9.473423468 0.3333333333333333 1
1582119157 9.643117965 1.8 3
1582119503 9.324036069 0.8 2
1582120185 13.629739811 1.1428571428571428 2
1582121076 9.470176111 0.6666666666666666 2
1582125225 9.407690221 0.2 1
1582125385 289.607976296 0.029411764705882353 1
1582126036 9.286982323 0.8 3
1582128007 9.529574149 0.5 2
1582129005 13.995291655 0.21428571428571427 2
1582185084 9.601077385 0.0 0
1582185265 9.606636585 0.1 1
1582185999 10.054308971 0.1 1
1582186158 10.022011819 0.2 2
1582186892 9.646512567 1.6666666666666667 2
1582187855 9.826070813 0.9 1
1582188173 9.929232663 0.9 1
1582188333 10.131337673 0.4 2
1582194113 9.046793398 0.4 1
1582194269 9.449704993 0.2 1
1582194594 9.565229793 0.5 1
1582194754 11.588799106 0.25 1
1582194924 9.677590768 0.1111111111111111 1
1582195084 9.5999747 0.1 1
1582195739 11.656111907 0.25 2
1582195900 9.994993077 0.2727272727272727 1
1582196057 11.27990869 0.36363636363636365 1
1582196218 9.011184466 0.5555555555555556 1
1582196855 9.02653885 0.9 2
1582197017 9.634815864 0.2 1
1582197182 11.058664687 0.16666666666666666 1
1582197340 8.978999016 0.2 1
1582197676 9.837113221 0.1 1
1582197834 9.938454298 0.4 2
1582197992 10.215345685 0.6 1
1582198148 10.792181153 0.5454545454545454 1
1582198310 10.200533287 0.4 2
1582198467 11.511805762 0.16666666666666666 1
1582198748 9.659193974 0.18181818181818182 1
1582631405 9.808986011 1.1 2
1582631566 9.294305868 2.272727272727273 4
1582631721 10.596234256 1.1 3
1582631878 9.628097525 1.9 2
1582632035 10.575802913 1.6363636363636365 3
1582632515 9.357986949 0.2 1
1582884535 10.144224037 0.18181818181818182 1
1582885210 9.443496325 0.4 1
1582885858 10.101887032 0.8181818181818182 2
1582886015 10.743387951 0.4166666666666667 1
1574707096 9.394101532 0.0 0
