1569854684 2.899174816 -1 -1
1569856295 2.951454667 -1 -1
1571330346 2.900893006 -1 -1
1571766703 2.82520173 -1 -1
1571767486 2.897863572 -1 -1
1572537576 2.243597235 -1 -1
1572538229 2.266779156 -1 -1
1572538889 2.303910055 -1 -1
1572539543 2.420653102 -1 -1
1572540190 2.295155654 -1 -1
1572541095 2.300798279 -1 -1
1572541749 2.331634944 -1 -1
1572542397 2.351778246 -1 -1
1572543044 2.353874346 -1 -1
1572543709 2.344989647 -1 -1
1572871463 2.233007994 -1 -1
1572872114 2.291636815 -1 -1
1572872792 2.353465408 -1 -1
1572873444 2.347241631 -1 -1
1572874102 2.269491358 -1 -1
1572875166 2.374895283 -1 -1
1572876020 2.287765076 -1 -1
1572877245 2.31625538 -1 -1
1572877900 2.465040905 -1 -1
1572879141 2.489855278 -1 -1
1572967531 2.33923347 -1 -1
1572968188 2.338003376 -1 -1
1572969489 2.296828278 -1 -1
1572970151 2.387952937 -1 -1
1572970801 2.341973176 -1 -1
1572971461 2.261318351 -1 -1
1572972124 2.291648267 -1 -1
1572972773 2.281783324 -1 -1
1572973489 2.229140275 -1 -1
1572974139 2.367884307 -1 -1
1572974790 2.297601908 -1 -1
1573209073 2.35856944 -1 -1
1573209729 2.3877932 -1 -1
1573210404 2.347711219 -1 -1
1573211072 2.478686048 -1 -1
1573211730 2.32063709 -1 -1
1573212379 2.371293843 -1 -1
1573213032 2.299551123 -1 -1
1573213680 2.555851109 -1 -1
1573214353 2.342066323 -1 -1
1573215011 2.3946143 -1 -1
1573310524 2.319286251 -1 -1
1573311141 2.215245358 -1 -1
1573311754 2.430116691 -1 -1
1573312460 2.224518883 -1 -1
1573313074 2.492566805 -1 -1
1573313701 2.387424979 -1 -1
1573314330 2.380905552 -1 -1
1573314944 2.172358827 -1 -1
1574696551 2.265291924 -1 -1
1574698295 2.406394464 -1 -1
1574698884 2.607380272 -1 -1
1574709695 2.639894054 -1 -1
1574957566 2.991242359 -1 -1
1574958149 2.605774466 -1 -1
1574958742 2.808083804 -1 -1
1574959330 2.686727828 -1 -1
1574961118 2.346007098 -1 -1
1574961754 2.353369184 -1 -1
1575033798 2.252191046 -1 -1
1575034962 2.513398136 -1 -1
1575037684 2.430323023 -1 -1
1575038686 2.251597351 -1 -1
1575039257 2.60492685 -1 -1
1575121084 2.266153527 -1 -1
1575122078 2.586324611 -1 -1
1575123262 2.390515108 -1 -1
1575123821 2.39749689 -1 -1
1575124944 2.466606541 -1 -1
1575298398 2.400468031 -1 -1
1575298968 2.344085582 -1 -1
1575299548 2.516853918 -1 -1
1575300119 2.319774832 -1 -1
1575301508 2.47426934 -1 -1
1575302117 2.386304247 -1 -1
1575390875 2.422879623 -1 -1
1575392004 2.388253382 -1 -1
1575392813 2.481679773 -1 -1
1575393451 2.545378783 -1 -1
1575394009 2.524250595 -1 -1
1575394576 2.56001134 -1 -1
1575395140 2.496637802 -1 -1
1575395703 2.349760415 -1 -1
1575563235 2.360301925 -1 -1
1575564481 2.507088562 -1 -1
1575565063 2.352415001 -1 -1
1575565628 2.765051889 -1 -1
1575566202 2.501027724 -1 -1
1575566783 2.679371745 -1 -1
1575568128 2.466761633 -1 -1
1575568713 2.563585962 -1 -1
1579191157 2.38432755 -1 -1
1579191770 2.317620092 -1 -1
1579192337 2.55603089 -1 -1
1579195204 2.425397303 -1 -1
1579196358 2.505271088 -1 -1
1579359563 2.399816291 -1 -1
1579360140 2.736242361 -1 -1
1579360701 2.430936919 -1 -1
1579361256 2.389208957 -1 -1
1579361812 2.349880554 -1 -1
1579362923 2.419150517 -1 -1
1579364056 2.741471474 -1 -1
1579530607 2.718094719 -1 -1
1579531180 2.51257359 -1 -1
1579532220 2.555788866 -1 -1
1579532929 2.401633041 -1 -1
1579533589 2.460600633 -1 -1
1579534876 2.225086752 -1 -1
1579535492 2.647545237 -1 -1
1579536564 2.299313837 -1 -1
1579537140 2.254607943 -1 -1
1580223867 2.436798638 -1 -1
1580224425 2.735982687 -1 -1
1580225546 2.296126325 -1 -1
1580226105 2.370486711 -1 -1
1580226689 2.72676316 -1 -1
1580227257 2.520506822 -1 -1
1580228436 2.65596907 -1 -1
1580313004 2.634919424 -1 -1
1580313883 2.254983565 -1 -1
1580314522 2.661498114 -1 -1
1580315080 2.167788362 -1 -1
1580315641 2.573101391 -1 -1
1580316202 2.297161952 -1 -1
1580316906 2.228689093 -1 -1
1580317497 2.524337912 -1 -1
1581942563 2.312989831 -1 -1
1581944141 2.588360271 -1 -1
1581945085 2.306793087 -1 -1
1581946036 2.477080497 -1 -1
1581946605 2.560689045 -1 -1
1581947175 2.380684647 -1 -1
1581948094 2.294819969 -1 -1
1581949197 2.504946257 -1 -1
1582034899 2.385229537 -1 -1
1582035778 2.435513955 -1 -1
1582036384 2.607025741 -1 -1
1582036990 2.486940415 -1 -1
1582037594 2.478670249 -1 -1
1582038779 2.305259041 -1 -1
1582041686 2.517105244 -1 -1
1582042441 2.320965653 -1 -1
1582043884 2.551875773 -1 -1
1582044483 2.473959658 -1 -1
1582638086 2.378558816 -1 -1
1582638649 2.51719253 -1 -1
1582640080 2.193014296 -1 -1
1582640901 2.225121892 -1 -1
1582641458 2.385258859 -1 -1
1582642033 2.428938042 -1 -1
1582642600 2.319636354 -1 -1
1582643174 2.165739026 -1 -1
1582643772 2.263039874 -1 -1
1582644330 2.466411589 -1 -1
1582898940 2.415892913 -1 -1
1582899503 2.569432974 -1 -1
1582900071 2.292385103 -1 -1
1582900630 2.423519787 -1 -1
1582902375 2.413766373 -1 -1
1582902936 2.36466374 -1 -1
1582903540 2.377762981 -1 -1
