1569854541 4.088213139 0.0 0
1571330237 4.162824421 0.0 0
1571766594 4.272242196 0.0 0
1571767376 4.131894047 0.0 0
1572537484 3.385619332 0.0 0
1572538140 3.344433848 0.0 0
1572538800 3.397745002 0.0 0
1572539453 3.33169231 0.0 0
1572540100 3.287558487 0.0 0
1572541005 3.160306693 0.0 0
1572541659 3.240290223 0.0 0
1572542308 3.327472865 0.0 0
1572542955 3.302383986 0.0 0
1572543620 3.233984629 0.0 0
1572871374 3.280565292 0.0 0
1572872024 3.177225399 0.0 0
1572872701 3.233342857 0.0 0
1572873354 3.222920729 0.0 0
1572874008 3.373651866 0.0 0
1572875069 4.003477917 0.75 2
1572875930 3.382915088 0.0 0
1572877156 3.322919582 0.0 0
1572877805 3.313840938 0.0 0
1572879050 3.552255194 0.0 0
1572967441 3.419471384 0.0 0
1572968097 3.282408488 0.0 0
1572969400 3.43359817 0.0 0
1572970060 3.291824321 0.0 0
1572970710 3.304941301 0.0 0
1572971363 3.282408275 0.0 0
1572972026 3.235223299 0.0 0
1572972683 3.240949089 0.0 0
1572973400 3.247049459 0.0 0
1572974049 3.365235523 0.0 0
1572974701 3.314956027 0.0 0
1573208984 3.174238285 0.0 0
1573209639 3.388152392 0.5 1
1573210313 3.300280113 0.5 1
1573210982 3.265593796 0.0 0
1573211640 3.268252116 0.0 0
1573212289 3.249929636 0.0 0
1573212940 3.252862576 0.0 0
1573213591 3.273341162 0.0 0
1573214263 3.338059006 0.0 0
1573214921 3.235825011 0.0 0
1573310436 3.363046822 0.0 0
1573311057 2.977850751 0.0 0
1573311671 2.912377572 0.3333333333333333 1
1573312376 3.106240688 0.0 0
1573312987 3.246498831 0.0 0
1573313613 3.168276425 0.3333333333333333 1
1573314246 3.230907254 0.0 0
1573314860 3.021916826 0.0 0
1574696469 2.910740169 0.0 0
1574697049 3.063274067 0.0 0
1574697639 3.125834251 0.0 0
1574698213 3.090992493 0.0 0
1574698798 2.983121483 0.0 0
1574709584 2.912307687 0.0 0
1574710871 2.986785306 0.0 0
1574956221 2.982943753 0.3333333333333333 1
1574956883 3.079052994 0.0 0
1574957484 2.799012212 0.0 0
1574958064 2.809167931 0.0 0
1574958659 3.042309016 0.0 0
1574959245 3.017534188 0.0 0
1574959848 2.962774022 0.0 0
1574960426 2.948900012 0.3333333333333333 1
1574961036 3.065708871 0.0 0
1574961672 2.95219515 0.0 0
1575033147 2.945220834 0.0 0
1575033715 3.028838723 0.0 0
1575034306 3.12788227 0.0 0
1575034872 2.927877056 0.0 0
1575035443 3.169611024 0.0 0
1575036481 3.220555352 0.0 0
1575037043 3.071735785 0.0 0
1575037602 2.907259315 0.0 0
1575038603 2.976303419 0.0 0
1575039173 3.039485001 0.0 0
1575120436 2.982415759 0.3333333333333333 1
1575120999 3.104267115 0.0 0
1575121559 2.813229619 0.0 0
1575121975 2.744123904 0.0 0
1575122623 2.905624837 0.0 0
1575123180 3.073207427 0.0 0
1575123739 2.856254287 0.0 0
1575124295 2.928676637 0.3333333333333333 1
1575124862 2.96418531 0.0 0
1575125421 3.12395542 0.0 0
1575125989 2.909002959 0.0 0
1575297738 2.994224711 0.0 0
1575298315 2.951171015 0.0 0
1575298883 2.903777779 0.3333333333333333 1
1575299462 3.064345717 0.0 0
1575300034 2.901114026 0.3333333333333333 1
1575300653 2.986308648 0.0 0
1575301223 3.074102168 0.0 0
1575302035 3.035241542 0.0 0
1575390223 2.904103497 0.3333333333333333 1
1575390789 2.919114478 0.0 0
1575391356 2.79478911 0.0 0
1575391921 2.944945384 0.0 0
1575392730 2.908444604 0.3333333333333333 1
1575393367 3.045664377 0.0 0
1575393927 2.972642919 0.0 0
1575394493 3.036793087 0.0 0
1575395057 3.127165605 0.0 0
1575395620 2.992758763 0.0 0
1575562454 3.05473635 0.0 0
1575563152 3.190519008 0.0 0
1575563801 2.952305355 0.0 0
1575564397 3.039108275 0.0 0
1575564980 3.001353078 0.0 0
1575565545 2.903899828 0.0 0
1575566115 2.943269877 0.0 0
1575566700 3.021480271 0.0 0
1575568021 2.960218357 0.0 0
1575568627 2.946725647 0.0 0
1579191075 2.924491024 0.3333333333333333 1
1579191687 2.99563122 0.6666666666666666 1
1579192252 2.956251289 0.3333333333333333 1
1579192833 2.932314926 0.0 0
1579193401 2.899509514 0.0 0
1579193988 2.973387935 0.0 0
1579194557 2.926519723 0.3333333333333333 1
1579195121 3.122461397 0.5 1
1579195712 2.953840585 0.3333333333333333 1
1579196275 2.908328662 0.0 0
1579359481 3.094331541 0.0 0
1579360058 3.179459494 0.0 0
1579360618 2.995997464 0.0 0
1579361175 3.115761637 0.3333333333333333 1
1579361730 2.910749036 0.0 0
1579362284 2.911591687 0.0 0
1579362839 2.888572176 0.0 0
1579363407 2.949641304 0.0 0
1579363974 3.187411406 0.0 0
1579364532 3.043748721 0.0 0
1579530523 3.077155631 0.0 0
1579531098 2.713837267 0.0 0
1579532138 3.062659473 0.0 0
1579532843 2.965606919 0.0 0
1579533507 2.966936113 0.0 0
1579534108 2.873085544 0.0 0
1579534794 2.990514251 0.0 0
1579535406 3.180089316 0.3333333333333333 1
1579536479 2.881540976 0.0 0
1579537057 3.110402955 0.3333333333333333 1
1580223784 3.243203495 0.0 0
1580224342 3.133614983 0.0 0
1580224898 2.849381973 0.0 0
1580225463 2.976749291 0.0 0
1580226021 3.010640949 0.0 0
1580226606 2.959878568 0.0 0
1580227174 2.82059064 0.0 0
1580227772 2.953426808 0.0 0
1580228353 3.250699977 0.0 0
1580228912 2.947442942 0.0 0
1580312342 2.981795707 0.0 0
1580312921 2.863460419 0.0 0
1580313477 2.900025168 0.0 0
1580314440 2.99127317 0.0 0
1580314998 2.992031897 0.0 0
1580315557 3.076131833 0.0 0
1580316119 2.885068691 0.0 0
1580316820 3.09347896 0.0 0
1580317414 2.940625023 0.0 0
1581942479 2.978286651 0.0 0
1581943681 2.996379251 0.0 0
1581944972 3.116470018 0.0 0
1581945952 3.228407984 0.0 0
1581946523 3.066869549 0.0 0
1581947089 3.338444516 0.0 0
1581948011 3.19865205 0.0 0
1581949110 3.173055382 0.0 0
1582034087 3.27937863 0.0 0
1582035689 2.819039646 0.0 0
1582036296 3.14868458 0.3333333333333333 1
1582036902 2.867122034 0.0 0
1582037507 3.092057853 0.0 0
1582038097 3.119530295 0.0 0
1582038694 3.05000459 0.0 0
1582041594 2.90075619 0.0 0
1582042197 3.241638179 0.0 0
1582043791 2.896495755 0.0 0
1582044396 3.211781392 0.25 1
1582638004 3.308464819 0.0 0
1582638565 3.47973424 0.0 0
1582639638 3.191585941 0.3333333333333333 1
1582640818 3.129322369 0.0 0
1582641376 3.19752272 0.0 0
1582641949 3.134719169 0.0 0
1582642515 3.127816826 0.0 0
1582643089 3.212015719 0.0 0
1582643690 3.154217629 0.0 0
1582644247 3.292332489 0.0 0
1582898848 3.280014276 0.0 0
1582899418 2.980512045 0.0 0
1582899988 3.172833307 0.0 0
1582900548 3.11324567 0.0 0
1582902207 2.921984615 0.0 0
1582902853 2.951368158 0.3333333333333333 1
1582903458 3.27947977 0.0 0
1574710871 2.986785306 0.0 0
