1569854502 4.980391746 0.0 0
1569855928 3.934021584 0.0 0
1571330199 4.743784478 0.0 0
1571766555 4.545454494 0.0 0
1571767338 4.688084876 0.0 0
1572537453 3.889247182 0.0 0
1572538109 3.662131663 0.0 0
1572538769 3.807662378 0.0 0
1572539422 3.971070444 0.0 0
1572540069 3.807221339 0.0 0
1572540974 3.687319239 0.0 0
1572541628 3.837058237 0.0 0
1572542277 3.86938058 0.0 0
1572542924 3.825901223 0.0 0
1572543589 3.888643929 0.0 0
1572871343 3.803308388 0.0 0
1572871993 3.746326774 0.0 0
1572872670 3.848255602 0.0 0
1572873323 3.86565654 0.0 0
1572873977 3.89310441 0.0 0
1572875038 3.735507047 0.0 0
1572875900 3.831212104 0.0 0
1572877125 3.851397195 0.25 1
1572877775 3.729767182 0.0 0
1572879003 5.408021432 0.16666666666666666 1
1572967410 3.845359346 0.0 0
1572968066 3.81439175 0.0 0
1572969369 3.880970023 0.0 0
1572970029 3.784068582 0.0 0
1572970680 3.814393945 0.0 0
1572971332 3.855523249 0.0 0
1572971995 3.756761053 0.0 0
1572972653 3.677855545 0.0 0
1572973369 3.838096046 0.0 0
1572974018 3.877451674 0.0 0
1572974670 3.928118284 0.0 0
1573208953 3.899432921 0.25 1
1573209608 4.027495339 0.0 0
1573210283 3.797868689 0.0 0
1573210951 3.855195902 0.0 0
1573211610 4.005698973 0.0 0
1573212258 3.794055977 0.75 1
1573212909 4.084877896 0.0 0
1573213560 4.013156587 0.0 0
1573214232 4.032572007 0.25 1
1573214887 3.822649896 0.25 1
1573310407 4.004919245 0.75 1
1573311028 3.8782712 0.0 0
1573311643 3.759262729 0.0 0
1573312347 3.770595086 0.75 1
1573312957 3.918612004 0.0 0
1573313585 3.907194408 0.25 1
1573314217 3.991026278 0.75 1
1573314831 3.582227363 0.0 0
1574696440 3.761284068 0.0 0
1574697021 3.507951373 0.0 0
1574697611 3.492858693 0.0 0
1574698185 3.546236535 0.0 0
1574698770 3.405929541 0.0 0
1574709555 3.579754731 0.0 0
1574710842 3.700757128 0.0 0
1574956193 3.289894822 0.75 1
1574956854 3.832738405 1.0 1
1574957457 3.44395651 1.3333333333333333 2
1574958035 3.672008593 1.3333333333333333 2
1574958627 3.643208167 1.0 1
1574959216 3.468622334 0.75 1
1574959820 3.592739942 0.6666666666666666 1
1574960398 3.697288835 1.0 1
1574961008 3.482387469 1.25 2
1574961645 3.508803136 1.0 1
1575033119 3.606158471 0.0 0
1575033687 3.956682944 0.75 1
1575034278 3.611104106 1.0 1
1575034843 3.402336041 0.0 0
1575035415 3.544302293 0.0 0
1575036438 3.408613978 0.0 0
1575037015 3.792363021 0.75 1
1575037574 3.504722103 1.3333333333333333 2
1575038575 3.55743277 0.5 1
1575039145 3.405531043 0.0 0
1575120409 3.595328499 0.6666666666666666 1
1575120972 3.579886674 0.0 0
1575121532 3.597330638 0.0 0
1575122595 3.337186473 0.0 0
1575123152 3.791653122 0.3333333333333333 1
1575123711 3.432007575 1.3333333333333333 2
1575124267 3.547880366 0.75 1
1575124835 3.619858052 0.0 0
1575125392 3.534538058 0.0 0
1575125961 3.59976031 1.25 2
1575297710 3.563974242 0.5 2
1575298287 3.457474047 0.3333333333333333 1
1575298855 3.671626705 1.25 2
1575299434 3.311371995 0.3333333333333333 1
1575300005 3.57463566 0.0 0
1575300625 3.328029364 0.0 0
1575301195 3.399449936 1.0 1
1575302007 3.571507953 0.0 0
1575390195 3.675923952 0.5 1
1575390761 3.335367271 0.0 0
1575391329 3.538414054 0.0 0
1575391893 3.219462235 0.0 0
1575392703 3.508044822 1.0 1
1575393339 3.529267371 0.75 1
1575393899 3.531762203 0.0 0
1575394465 3.404147333 0.25 1
1575395028 3.747557202 0.25 1
1575395591 3.666678446 0.75 1
1575562426 3.532099362 1.0 1
1575563124 3.377739128 1.25 2
1575563773 3.658698285 1.0 1
1575564368 3.397084831 1.0 2
1575564952 3.281699634 0.0 0
1575565517 3.579728315 1.0 1
1575566087 3.643187375 1.0 1
1575566672 3.550821076 0.75 1
1575567992 3.512349114 0.0 0
1575568598 3.784029986 0.5 1
1579191046 3.501652049 0.5 1
1579191659 3.703354971 1.25 2
1579192224 3.704825913 0.3333333333333333 1
1579192805 3.796434479 0.0 0
1579193368 4.521088538 0.25 1
1579193960 3.797592568 0.25 1
1579194528 3.494122103 0.0 0
1579195093 3.909765553 0.0 0
1579195684 3.625055456 0.25 1
1579196246 3.939637841 0.0 0
1579359453 3.496673933 1.0 1
1579360029 3.7005957 0.0 0
1579360590 3.635719493 0.0 0
1579361147 3.509270574 0.0 0
1579361702 3.439348613 0.3333333333333333 1
1579362256 3.461447801 0.25 1
1579362812 3.629905184 0.25 1
1579363378 3.736645695 0.25 1
1579363945 3.659571557 0.0 0
1579364504 3.497301296 0.0 0
1579530423 3.567969924 1.0 1
1579531069 3.691128749 1.0 1
1579532110 3.777012206 1.0 1
1579532811 3.587430183 1.0 1
1579533479 3.461418444 0.75 1
1579534080 3.52786173 1.25 2
1579534766 3.362931802 1.0 1
1579535378 3.587475466 1.0 1
1579535973 3.553953251 0.5 1
1579537029 3.813068818 1.25 2
1580223755 3.890916658 1.25 2
1580224314 3.474264713 0.0 0
1580224869 3.643852105 0.0 0
1580225434 3.55000662 1.0 1
1580225993 3.512905163 0.0 0
1580226578 3.447763694 0.0 0
1580227146 3.582718037 0.25 1
1580227744 3.401619322 1.0 1
1580228325 3.669407371 0.0 0
1580228884 3.679617123 0.0 0
1580312314 3.556964636 0.25 1
1580312894 3.544726088 0.3333333333333333 1
1580313450 3.443796832 0.0 0
1580314412 3.635059748 1.25 2
1580314970 3.521677215 0.0 0
1580315528 3.841382963 0.0 0
1580316090 3.681025281 0.75 1
1580316792 3.484952016 1.0 1
1580317385 3.934710532 0.25 1
1581942451 3.67647395 0.3333333333333333 1
1581943653 3.581737466 0.25 1
1581944943 3.754175991 0.75 1
1581945924 3.675442791 1.3333333333333333 2
1581946494 3.929497897 0.25 1
1581947061 3.852920186 0.0 0
1581947984 3.716618166 0.0 0
1581949080 4.08503849 0.75 1
1582034038 3.822050106 0.0 0
1582035657 4.090891358 0.0 0
1582036265 3.786029274 0.0 0
1582036870 4.138458033 0.0 0
1582037475 4.146489782 0.25 1
1582038065 3.955955058 0.0 0
1582038665 3.837548156 0.0 0
1582041562 3.88070161 0.0 0
1582042167 3.840769736 1.0 1
1582043759 4.172673256 0.75 1
1582044368 3.305526831 0.6666666666666666 1
1582637976 3.495683183 0.0 0
1582638536 3.711109142 0.0 0
1582639610 3.662892204 0.0 0
1582640790 3.616082979 0.0 0
1582641348 3.708643031 1.0 1
1582641920 3.672823612 0.0 0
1582642487 3.66306604 0.0 0
1582643061 3.77194892 0.0 0
1582643663 3.586375561 0.0 0
1582644219 3.617904587 2.25 3
1582898819 3.939276815 0.0 0
1582899390 3.994654717 0.5 1
1582899959 3.658042241 0.0 0
1582900520 3.280534661 0.0 0
1582902179 3.843927817 1.3333333333333333 2
1582902825 3.813654323 0.0 0
1582903430 3.409084873 0.0 0
1574710842 3.700757128 0.0 0
