1570448821 11.817991759 0.6153846153846154 3
1570449292 11.72268328 0.0 0
1570449756 13.689044255 0.0 0
1571323309 11.869912046 0.0 0
1571323703 11.805442595 0.0 0
1571324104 12.483211114 0.07142857142857142 1
1571324504 11.962331147 0.0 0
1571327435 12.061622734 0.0 0
1571327825 11.936305164 0.07692307692307693 1
1571328216 11.949911586 0.0 0
1571328607 12.16870318 0.0 0
1571328999 11.847810879 0.0 0
1571329389 11.826107981 0.0 0
1571397938 12.27097346 0.07692307692307693 1
1571398331 14.408526762 0.1875 1
1571398726 11.768905956 0.0 0
1571399508 11.935252192 0.0 0
1571399907 11.589195553 0.0 0
1571400298 12.028233589 0.0 0
1571400720 192.790651803 0.15979381443298968 3
1571401118 11.944089459 0.0 0
1571401511 12.077190842 0.0 0
1571406891 12.068627047 0.0 0
1571407281 12.250271992 0.23076923076923078 1
1571407675 11.900454218 0.0 0
1571408063 12.259427933 0.0 0
1571408456 12.909811138 0.0 0
1571665948 13.064698349 0.0 0
1571666338 11.78308956 0.07692307692307693 1
1571666729 11.690252627 0.0 0
1571667123 11.943682563 0.0 0
1571667560 11.700297988 0.5384615384615384 1
1571669212 12.430966693 0.0 0
1571669611 11.924864781 0.0 0
1571754122 11.850950272 0.0 0
1571754520 12.014674562 0.0 0
1571755317 12.039233743 0.0 0
1571756548 11.863097838 0.0 0
1571756974 11.849402726 0.0 0
1571757408 11.651158034 0.0 0
1571757804 11.60897942 0.0 0
1571758198 11.990994806 0.0 0
1571758587 12.092700821 0.0 0
1571762202 11.883500987 0.0 0
1571762598 12.024745679 0.0 0
1571762991 11.801512744 0.0 0
1571763379 11.725346817 0.0 0
1571764179 11.957476688 0.0 0
1571764589 12.092236006 0.3076923076923077 1
1571764980 12.313160084 0.0 0
1571765369 12.230291295 0.0 0
1571765761 11.648259584 0.0 0
1572006345 12.046075291 0.14285714285714285 1
1572007085 12.429095871 0.07692307692307693 1
1572009179 12.132358274 0.0 0
1572009568 12.317526405 0.0 0
1572009960 12.050709797 0.0 0
1572010356 11.828242924 0.0 0
1572010746 11.783513762 0.0 0
1572013308 12.109033697 0.0 0
1572013702 11.885903589 0.0 0
1572014093 12.022565466 0.0 0
1572014484 11.608636544 0.07692307692307693 1
1572014874 11.965840392 0.0 0
1572268925 11.799279571 0.0 0
1572269343 11.47725314 0.0 0
1572269758 12.043023111 0.0 0
1572270164 11.947315861 0.07692307692307693 1
1572270560 12.193121549 0.0 0
1572270956 12.15348087 0.46153846153846156 2
1572272303 10.998683342 0.0 0
1572272634 11.210281639 0.0 0
1572272969 10.992846937 0.0 0
1572273307 13.764664734 0.0 0
1572273648 11.13703985 0.0 0
1572276072 11.073138213 0.0 0
1572276408 10.951760968 0.0 0
1572276743 11.47252258 0.0 0
1572277074 10.917742768 0.0 0
1572277406 11.07621664 0.0 0
1572277769 10.831147405 0.0 0
1572278100 11.092629129 0.0 0
1572278432 10.956229778 0.0 0
1572363491 11.042825828 0.0 0
1572363821 11.235854151 0.0 0
1572364151 11.30111208 0.08333333333333333 1
1572364481 10.973423723 0.0 0
1572364819 11.801692208 0.0 0
1572365156 11.024597146 0.0 0
1572365534 10.831653771 0.0 0
1572365907 11.345018071 0.0 0
1572366248 11.062723061 0.0 0
1572366581 11.265093508 0.0 0
1572369610 10.917007681 0.0 0
1572369940 11.415305964 0.0 0
1572370270 11.275711199 0.0 0
1572370603 11.185949495 0.0 0
1572370931 10.679940109 0.0 0
1572371263 10.888627876 0.0 0
1572371593 10.943640977 0.0 0
1572371925 11.063982212 0.0 0
1572372252 12.120268839 0.0 0
1572372582 12.554960226 0.07692307692307693 1
1572533588 11.247728589 0.0 0
1572533926 10.872646828 0.0 0
1572534280 10.881910984 0.0 0
1572534627 11.057568148 0.0 0
1572534959 13.03401265 0.0 0
1572535308 11.081287526 0.0 0
1572535638 11.229426991 0.08333333333333333 1
1572535974 11.240663784 0.16666666666666666 1
1572536335 13.332069203 0.0 0
1572536670 11.379497017 0.0 0
1572880217 12.696381078 0.07692307692307693 1
1572880553 10.902959618 0.08333333333333333 1
1572880893 10.834010519 0.25 1
1572881236 10.896253692 0.0 0
1572881570 11.257354044 0.16666666666666666 1
1572881904 10.975817416 0.0 0
1572882234 11.029052442 0.6666666666666666 2
1572882624 11.003624733 0.0 0
1572882976 10.828007696 0.0 0
1572883313 12.194655886 0.0 0
1572975212 10.875003521 0.0 0
1572975543 10.940598022 0.5833333333333334 1
1572975909 11.4379882 0.46153846153846156 2
1572976292 10.986511102 0.0 0
1572976624 10.84755078 0.0 0
1572976953 10.821640485 0.4166666666666667 1
1572977283 11.746705108 0.23076923076923078 1
1572977646 10.903630407 0.0 0
1572977993 11.228034835 0.0 0
1573218238 11.175723994 0.0 0
1573218568 10.500491268 0.0 0
1573306483 11.746994799 0.0 0
1573306798 11.426173728 0.0 0
1573307136 10.820920692 0.0 0
1573307457 12.240734308 0.0 0
1573307774 11.072100297 0.0 0
1573308095 11.034003817 0.0 0
1573308424 10.47657376 0.7272727272727273 2
1573308741 10.738632363 0.0 0
1573309061 11.175848996 0.0 0
1573309392 10.843677595 0.18181818181818182 1
1573828008 10.706625968 0.0 0
1573828319 10.750132019 0.0 0
1573828629 10.794825312 0.0 0
1573828935 10.575225345 0.0 0
1573829238 11.071412851 0.0 0
1573829545 12.884441958 0.0 0
1573829931 182.598853403 0.0 0
1573830414 10.508812505 0.0 0
1573830720 12.054716873 0.0 0
1573831029 10.772824894 0.0 0
1573902662 10.893951176 0.0 0
1573902970 11.058264596 0.16666666666666666 2
1573903281 10.885296793 0.0 0
1573903592 10.596045878 0.0 0
1573903903 10.584821998 0.0 0
1573904212 10.791092291 0.0 0
1574687981 10.833033046 0.0 0
1574688298 10.849747374 0.6666666666666666 2
1574692305 11.84136045 0.23076923076923078 1
1574693221 11.127632856 0.6363636363636364 2
1574693531 10.85143728 0.45454545454545453 2
1574693861 11.375291853 0.23076923076923078 1
1574694288 10.955398963 0.9166666666666666 2
1574694618 10.732344651 1.0 3
1574695172 10.761126916 0.5 2
1574695511 13.447297022 1.1666666666666667 5
1574695823 10.4697998 0.08333333333333333 1
1574698617 5.021979917 0.5 1
1574707275 10.853147513 0.0 0
1574708063 11.366489851 0.0 0
1574708758 10.931608749 0.0 0
1574950769 11.475544913 0.5384615384615384 1
1574951089 65.952472465 0.015151515151515152 1
1574951475 14.993765068 0.0 0
1574951819 11.745295826 0.0 0
1574952139 10.797247314 0.0 0
1574952470 77.456617823 0.0 0
1574952866 10.463941125 0.0 0
1574953235 10.801474536 0.0 0
1574953544 10.624565792 0.0 0
1574953873 11.066862664 0.0 0
1575028170 10.488467289 0.09090909090909091 1
1575028479 11.031262559 2.5 4
1575028791 10.904861289 1.0 2
1575029123 10.672514803 0.25 1
1575029438 10.454190242 0.5833333333333334 1
1575029748 12.288535854 0.15384615384615385 1
1575030061 10.555895884 0.25 1
1575030373 10.704972458 0.6666666666666666 1
1575030689 12.017436501 0.15384615384615385 1
1575031021 11.03074733 1.0 3
1575114455 12.056485797 0.0 0
1575114759 10.695566787 0.2727272727272727 1
1575115070 10.871888107 0.0 0
1575115379 11.002167831 0.0 0
1575115688 11.447924996 0.46153846153846156 2
1575116314 10.874702496 0.0 0
1575116625 10.633722024 0.7272727272727273 1
1575116932 10.733180606 0.0 0
1575117243 11.642207452 0.0 0
1575292969 10.912919039 0.0 0
1575293302 11.448676728 0.6153846153846154 2
1575293638 15.483484104 0.4117647058823529 2
1575293981 10.244752989 0.0 0
1575294324 10.910894311 0.0 0
1575294663 10.910594539 0.0 0
1575295029 10.716274047 0.08333333333333333 1
1575295420 11.160445961 0.0 0
1575295774 10.827720576 0.0 0
1575296981 10.297676286 0.0 0
1575385862 10.550048338 0.0 0
1575386174 10.847149639 1.0909090909090908 2
1575386485 11.177389068 0.0 0
1575386890 10.744692792 0.0 0
1575387198 10.582467587 0.4166666666666667 2
1575387508 10.986350979 0.16666666666666666 1
1575387819 10.498885784 0.0 0
1575388126 11.051997058 0.1 1
1575388435 10.649155664 0.0 0
1575388740 10.775653893 0.4166666666666667 2
1575474435 10.973419775 0.0 0
1575558623 10.378455095 0.25 1
1575558934 10.551975843 0.0 0
1575559261 11.26760802 0.0 0
1575559580 10.915757683 0.0 0
1575559948 10.617918832 0.0 0
1575560606 15.81041017 0.0 0
1575561143 10.387822484 0.0 0
1575561486 11.330544811 0.0 0
1575561844 11.059939801 0.0 0
1579186367 11.034063729 0.0 0
1579186710 11.436495803 1.0 4
1579187728 10.939064112 0.08333333333333333 1
1579188055 12.527448044 0.0 0
1579188506 10.286318358 0.0 0
1579189039 11.668417288 0.0 0
1579189368 10.885540263 0.0 0
1579189699 10.740645211 0.4166666666666667 2
1579190036 10.601098679 0.0 0
1579190369 12.305394335 0.07692307692307693 1
1579195526 4.636551907 0.0 0
1579354129 10.68797746 0.0 0
1579354434 11.154604204 0.0 0
1579354746 11.201841991 0.0 0
1579355055 10.645435707 0.0 0
1579355363 10.685086222 0.0 0
1579355672 10.927011726 0.0 0
1579355981 10.602107522 0.0 0
1579356287 10.639917125 0.0 0
1579356593 10.667716357 0.0 0
1579356899 10.760889684 0.0 0
1579524726 10.889566595 0.0 0
1579525071 10.68158827 0.0 0
1579525401 10.871016316 0.0 0
1579525789 10.453377097 0.0 0
1579526116 10.616477193 0.0 0
1579528413 10.526343687 0.18181818181818182 1
1579528772 11.406959933 0.0 0
1579529216 11.12803174 0.0 0
1579529560 12.483698197 0.0 0
1579529872 11.435531406 0.0 0
1580217861 150.900346049 0.23684210526315788 4
1580218192 10.803256726 0.0 0
1580218505 10.980108374 0.0 0
1580218841 11.804625474 1.6153846153846154 3
1580219196 17.316878022 1.4444444444444444 2
1580219565 10.679947591 1.6666666666666667 3
1580222279 11.196922623 0.0 0
1580222595 10.578470721 0.0 0
1580222908 10.548168012 0.0 0
1580223213 10.404985087 0.0 0
1580225841 4.925106228 0.3333333333333333 1
1580306504 10.424593523 0.0 0
1580306805 10.407723494 0.0 0
1580307204 10.769159717 0.25 1
1580307681 11.033407848 0.08333333333333333 1
1580307992 10.644202958 0.0 0
1580308305 12.163187752 0.0 0
1580310508 11.318038713 0.0 0
1580310821 10.866035483 0.0 0
1580311134 11.071463975 0.0 0
1580311445 12.061958714 0.0 0
1580311816 10.811882327 0.0 0
1574708758 10.931608749 0.0 0
