1569854801 2.51310969 0.0 0
1569856407 2.135900551 0.3333333333333333 1
1571330460 2.527262711 0.6666666666666666 1
1571766819 2.56305512 0.0 0
1571767601 2.589280749 0.6666666666666666 1
1572537670 2.346164683 0.3333333333333333 1
1572538323 2.398848027 0.0 0
1572538983 2.399856549 0.0 0
1572539636 2.392999459 0.0 0
1572540284 2.343119238 0.3333333333333333 1
1572541190 2.330074804 0.6666666666666666 1
1572541842 2.344495278 0.3333333333333333 1
1572542491 2.400784848 0.5 1
1572543137 2.295211282 0.5 1
1572543810 2.356440041 0.5 1
1572871556 2.43717117 1.5 2
1572872207 2.477540827 0.25 1
1572872889 2.315072549 0.3333333333333333 1
1572873537 2.263817401 1.6666666666666667 2
1572874195 2.521150804 1.75 2
1572875260 2.463853018 0.0 0
1572876115 2.31314674 0.0 0
1572877340 2.580936041 0.0 0
1572877995 2.388558977 0.0 0
1572879235 2.057030556 1.6666666666666667 2
1572967624 2.425846921 0.25 1
1572968283 2.436774607 0.3333333333333333 1
1572969582 2.331332467 0.6666666666666666 1
1572970243 2.380091327 0.25 1
1572970894 2.421414225 0.6666666666666666 1
1572971556 2.295049004 0.6666666666666666 1
1572972217 2.474991063 0.25 1
1572972866 2.343048702 0.75 1
1572973583 2.485256752 0.3333333333333333 1
1572974232 2.449433908 0.0 0
1572974889 2.301780932 0.0 0
1573209166 2.256109692 0.0 0
1573209837 2.403391926 0.0 0
1573210497 2.343708287 0.3333333333333333 1
1573211165 2.443738388 1.0 2
1573211825 2.432011957 0.6666666666666666 1
1573212472 2.362222576 0.3333333333333333 1
1573213125 2.46047937 0.3333333333333333 1
1573213774 2.30660459 0.25 1
1573214447 2.299603686 0.0 0
1573215105 2.42906872 0.0 0
1573310611 2.254837133 0.6666666666666666 1
1573311231 2.17204383 1.0 1
1573311841 2.260048154 0.0 0
1573312547 2.342995472 0.6666666666666666 1
1573313166 2.154264894 0.6666666666666666 1
1573313789 2.160691171 0.0 0
1573314417 2.29576813 0.3333333333333333 1
1573315031 2.224244417 0.0 0
1574696638 1.828008936 0.0 0
1574697217 1.791066361 0.3333333333333333 1
1574697809 1.802273477 0.0 0
1574698381 1.619205873 0.0 0
1574698969 1.798269749 0.0 0
1574709781 2.433196436 0.3333333333333333 1
1574711039 2.133440854 0.0 0
1574956389 1.656410694 0.5 1
1574957051 1.882949025 1.6666666666666667 2
1574957653 1.89004919 1.6666666666666667 2
1574958235 1.705270266 1.6666666666666667 2
1574958828 1.790822387 2.3333333333333335 3
1574959438 1.92253246 0.3333333333333333 1
1574960017 1.77233842 0.0 0
1574960594 1.922377028 1.6666666666666667 2
1574961204 1.767156509 2.3333333333333335 3
1574961840 1.829899269 1.5 2
1575033317 1.618712064 0.0 0
1575033885 1.616178631 0.3333333333333333 1
1575034475 1.830624257 2.0 3
1575035050 1.767354781 0.0 0
1575035612 1.911752019 0.0 0
1575036649 1.741491295 0.3333333333333333 1
1575037211 1.82912467 0.0 0
1575037770 1.876296694 1.6666666666666667 2
1575038773 1.702068229 1.5 2
1575039344 1.751447486 0.0 0
1575120604 1.655861018 0.3333333333333333 1
1575121169 1.750821273 0.0 0
1575122163 1.687481445 0.0 0
1575122790 1.82985306 0.0 0
1575123348 1.659534033 0.0 0
1575123906 1.69166021 0.0 0
1575124462 1.734742576 2.3333333333333335 3
1575125029 1.82165464 0.5 1
1575125593 1.948785098 0.0 0
1575126159 1.758116871 0.0 0
1575297911 1.806144073 0.0 0
1575298484 1.805936983 0.5 1
1575299053 1.924780991 0.0 0
1575299633 1.711814703 1.0 1
1575300204 1.823918058 0.0 0
1575300822 1.616550839 0.0 0
1575301595 2.003718925 0.0 0
1575302203 1.663119682 0.0 0
1575390391 1.873053793 2.0 2
1575390961 1.875840695 0.0 0
1575391524 1.901597061 0.3333333333333333 1
1575392090 1.570575934 0.0 0
1575392900 1.622348212 0.3333333333333333 1
1575393536 1.663001404 2.0 3
1575394096 2.009816832 0.3333333333333333 1
1575394662 2.009740886 0.0 0
1575395225 1.530911023 0.0 0
1575395789 1.828278236 0.5 1
1575473594 9.554349136 0.0 0
1575562711 2.164750174 0.0 0
1575563320 1.914791039 0.0 0
1575563969 1.82371509 0.0 0
1575564566 1.792948563 0.0 0
1575565148 1.660712993 0.0 0
1575565714 1.707460139 0.0 0
1575566287 1.788455717 2.3333333333333335 3
1575566887 1.83667287 0.0 0
1575568214 1.72164865 0.0 0
1575568798 1.948866781 0.0 0
1579191244 1.719538211 0.0 0
1579191857 1.78250331 0.0 0
1579192423 1.82502259 0.0 0
1579193008 1.955740996 0.0 0
1579193594 1.757376934 0.0 0
1579194158 1.662707559 0.0 0
1579194726 1.707313587 0.0 0
1579195292 1.704694664 0.0 0
1579195882 1.883848894 0.0 0
1579196444 1.750425133 0.5 1
1579359649 1.796836834 1.5 2
1579360226 1.754360936 0.6666666666666666 1
1579360786 1.765771491 0.0 0
1579361342 1.782458458 0.0 0
1579361898 1.896257009 1.6666666666666667 2
1579362453 1.969045647 0.6666666666666666 1
1579363009 1.962190005 0.0 0
1579363576 1.963622086 0.0 0
1579364142 1.981369974 0.5 1
1579364701 1.873146095 0.0 0
1579530693 1.707418934 0.0 0
1579531267 1.844800604 0.0 0
1579532322 1.817981013 1.0 1
1579533014 1.80299955 0.6666666666666666 2
1579533675 1.82552169 0.0 0
1579534276 2.111434597 1.6666666666666667 3
1579534962 1.88175624 1.6666666666666667 2
1579535577 2.029773487 0.0 0
1579536650 1.886429474 0.6666666666666666 1
1579537225 1.704663725 1.3333333333333333 2
1580223953 1.82443542 0.6666666666666666 1
1580224510 1.82092845 2.0 2
1580225067 1.813642325 0.3333333333333333 1
1580225631 1.754622722 0.0 0
1580226190 1.786575357 0.5 1
1580226776 1.954103239 1.0 1
1580227343 2.008056685 0.0 0
1580227942 1.830660082 2.3333333333333335 3
1580228522 1.795609395 0.0 0
1580229081 1.941147008 0.6666666666666666 1
1580312509 1.873092939 0.0 0
1580313089 1.739488874 0.0 0
1580313969 1.834962577 0.0 0
1580314608 1.965846408 1.6666666666666667 2
1580315165 1.735525548 1.0 2
1580315727 1.761345652 0.0 0
1580316288 1.792624768 0.3333333333333333 1
1580316998 1.900278607 0.0 0
1580317586 1.698723798 1.6666666666666667 2
1581942649 1.896581551 0.0 0
1581943097 76.026820628 -1 -1
1581944226 1.743623577 0.0 0
1581945173 1.700621328 2.0 2
1581946123 1.716394536 0.0 0
1581946691 1.783931655 0.0 0
1581947586 1.817571146 0.0 0
1581948179 1.84460832 0.0 0
1581949294 1.827813602 1.0 1
1582034996 1.8503008 0.3333333333333333 1
1582035868 1.846076669 0.0 0
1582036473 1.67979011 0.0 0
1582037083 1.818013794 0.0 0
1582037682 1.657497742 0.0 0
1582038276 1.848205359 0.0 0
1582038864 1.831340281 0.0 0
1582041779 1.696846596 0.0 0
1582042531 1.781980988 0.0 0
1582043981 1.794477442 2.3333333333333335 3
1582044571 1.708461413 2.3333333333333335 3
1582638171 1.826567217 0.0 0
1582638734 1.921958455 0.0 0
1582640169 1.881589586 0.3333333333333333 1
1582640987 1.704301498 0.3333333333333333 1
1582641547 1.84718752 0.0 0
1582642118 1.840767204 0.0 0
1582642685 1.725466451 0.0 0
1582643260 1.749602932 0.0 0
1582643858 1.699861182 0.5 1
1582644417 1.935746105 0.0 0
1582899027 1.632044857 0.0 0
1582899590 1.858917207 0.0 0
1582900157 1.715549262 0.0 0
1582900716 2.016229844 0.0 0
1582902461 1.996227652 0.0 0
1582903021 1.626778048 0.0 0
1582903626 1.664321787 0.0 0
1574711039 2.133440854 0.0 0
