1569853659 12.57927714 0.0 0
1569854299 14.666451698 0.13333333333333333 2
1569855273 14.346861735 0.0 0
1569855709 16.348952208 0.0 0
1570448847 12.907128537 0.0 0
1570449318 44.879341898 0.06666666666666667 1
1570449784 11.704477937 0.0 0
1571323335 11.655163997 0.0 0
1571323727 11.75549519 0.0 0
1571324130 11.820303666 0.0 0
1571324530 10.632292098 0.0 0
1571327460 11.256134246 0.36363636363636365 1
1571327851 11.00196777 0.36363636363636365 1
1571328241 11.969760484 0.4166666666666667 1
1571328633 11.470261538 0.8333333333333334 2
1571329024 11.443340825 0.09090909090909091 1
1571329414 11.816547309 0.0 0
1571330008 10.931569227 0.0 0
1571397966 8.18680369 0.0 0
1571398359 10.400211758 0.0 0
1571398751 11.700049641 0.0 0
1571399144 10.284053711 0.0 0
1571399534 10.367530515 0.0 0
1571399933 8.387253748 0.0 0
1571400323 12.49913021 0.0 0
1571400752 10.485030822 0.1 1
1571401144 10.574347268 0.0 0
1571401536 10.524306108 0.1 1
1571406918 10.156279324 0.0 0
1571407308 8.876645692 0.0 0
1571407700 10.256337624 0.0 0
1571408088 10.570473928 0.0 0
1571408482 10.395909271 0.0 0
1571665975 10.492841926 0.18181818181818182 1
1571666363 10.723974305 0.2727272727272727 1
1571666754 11.64480487 0.0 0
1571667148 10.55568621 0.0 0
1571667585 16.386946466 0.0 0
1571669237 16.484520867 0.0 0
1571669636 10.580763929 0.0 0
1571754151 10.847435973 0.0 0
1571754547 8.916797615 0.0 0
1571754946 10.714115105 0.0 0
1571755342 10.534582718 0.0 0
1571756574 10.581327626 0.0 0
1571757000 17.691880214 0.1111111111111111 1
1571757433 10.753539645 0.0 0
1571757829 10.713252955 0.0 0
1571758223 10.68186879 0.0 0
1571758612 11.33631902 2.0 3
1571762227 10.353315236 2.0 3
1571762624 10.382521315 1.6 3
1571763016 10.50408888 2.0 3
1571763404 10.52785825 1.4545454545454546 4
1571763798 10.62475639 1.0909090909090908 3
1571764204 10.433448083 1.9090909090909092 4
1571764614 10.511377919 1.8181818181818181 3
1571765005 10.613489234 1.3636363636363635 3
1571765394 10.665581263 1.6363636363636365 3
1571765786 10.323486343 1.9 3
1571766363 10.5088074 1.9090909090909092 3
1571767145 11.349749437 1.2727272727272727 3
1572007112 10.869540828 0.0 0
1572007504 10.823679199 0.0 0
1572008006 10.907741107 0.09090909090909091 1
1572008407 10.766377168 0.0 0
1572008810 10.739430319 0.0 0
1572009204 10.818842661 0.0 0
1572009593 10.827931267 0.0 0
1572009985 10.813448776 0.0 0
1572010381 10.708884769 0.0 0
1572010771 10.766943392 0.0 0
1572013333 11.045193557 0.0 0
1572013727 11.17586304 0.0 0
1572014119 10.632319724 1.5454545454545454 3
1572014509 10.55202216 1.9 4
1572014899 10.599108352 1.6363636363636365 3
1572268950 10.564015873 0.0 0
1572269368 10.975991291 0.18181818181818182 2
1572269783 13.775958024 0.21428571428571427 1
1572270585 13.042947673 0.0 0
1572271006 79.202034112 0.025 1
1572272326 8.42249876 0.0 0
1572272656 8.54758189 0.0 0
1572272991 8.378150107 0.0 0
1572273334 12.231860748 0.0 0
1572273670 8.460241205 0.0 0
1572276094 8.623118839 0.0 0
1572276431 8.512283562 0.0 0
1572276766 8.467712157 0.0 0
1572277097 8.538620523 0.0 0
1572277430 10.118659178 0.0 0
1572277791 8.538737458 0.0 0
1572278122 9.310570415 0.0 0
1572278454 8.61983966 0.0 0
1572363513 9.113067939 0.0 0
1572363843 8.832292065 0.1111111111111111 1
1572364173 8.736561615 0.0 0
1572364503 8.750136334 0.0 0
1572364842 8.91837394 0.0 0
1572365178 8.780827646 0.0 0
1572365555 8.832832071 0.0 0
1572365930 8.536667162 0.0 0
1572366270 8.681682031 0.375 1
1572366603 9.252611669 0.2 1
1572369632 8.602531532 0.125 1
1572369962 8.799326156 0.0 0
1572370292 8.693493562 0.1111111111111111 1
1572370625 8.941715903 0.8888888888888888 2
1572370953 8.612893374 0.4444444444444444 2
1572371285 8.951692674 0.3333333333333333 1
1572371615 8.598741293 0.3333333333333333 2
1572371947 8.64119578 0.625 1
1572372275 8.590423604 0.2222222222222222 1
1572372605 8.895236852 0.1111111111111111 1
1572533948 15.569233059 0.0 0
1572534302 8.595669851 0.0 0
1572534649 8.691452985 0.0 0
1572534983 8.555629607 0.1111111111111111 1
1572535330 8.651127006 0.1111111111111111 1
1572535661 8.829863181 0.0 0
1572535996 8.911111582 0.0 0
1572536359 8.687247479 0.0 0
1572536694 9.088281285 0.0 0
1572537294 8.943951599 0.1111111111111111 1
1572537950 9.120651478 0.1 1
1572538609 8.766441923 0.8888888888888888 2
1572539256 8.665130513 1.2222222222222223 3
1572539910 9.037629408 1.3333333333333333 3
1572540816 8.678677469 1.2222222222222223 2
1572541470 8.853385951 1.0 2
1572542119 8.54942996 1.3333333333333333 3
1572542765 9.237432837 1.7 4
1572543407 31.841561251 0.34375 3
1572871183 9.245492507 0.0 0
1572871834 9.114819466 0.0 0
1572872511 9.397620789 0.0 0
1572873164 8.538536207 0.375 1
1572873816 8.653725052 0.25 1
1572874876 8.746553213 0.0 0
1572875737 12.566181193 0.08333333333333333 1
1572876966 8.395154548 0.25 1
1572877616 8.522272562 0.0 0
1572878843 8.449578395 0.0 0
1572880241 8.38614542 0.0 0
1572880576 9.641180674 0.0 0
1572880915 15.890544593 0.125 1
1572881258 10.72294483 0.0 0
1572881593 8.805392834 0.0 0
1572881926 8.472894352 0.0 0
1572882256 8.548941643 0.125 1
1572882646 8.650137428 0.1111111111111111 1
1572882998 8.44286372 0.0 0
1572883336 8.413664809 0.0 0
1572967910 7.128712365 0.125 1
1572969209 8.571340034 0.0 0
1572969871 8.479327654 0.25 2
1572970520 8.534738775 0.0 0
1572971171 8.774872039 1.2222222222222223 3
1572971833 8.703122606 1.3333333333333333 3
1572972494 8.672588297 0.5 1
1572973207 8.619070417 0.875 2
1572973859 8.817863866 1.7777777777777777 3
1572974511 8.585500262 0.5 1
1572975234 8.741222746 1.75 3
1572975565 8.749787467 0.7777777777777778 2
1572975932 8.787062471 0.6666666666666666 2
1572976314 8.704175779 0.6666666666666666 2
1572976646 8.658024724 1.0 2
1572976975 8.748059873 0.2222222222222222 1
1572977306 8.597838067 1.4444444444444444 3
1572977668 8.676559321 0.7777777777777778 2
1572978016 8.673107994 1.375 3
1573208793 8.677921137 0.0 0
1573210113 18.142649063 0.0 0
1573210784 16.335468615 0.0 0
1573211449 8.811358147 0.0 0
1573212098 8.577308834 0.0 0
1573212750 8.730938554 0.0 0
1573213401 8.785022184 0.0 0
1573214070 9.268848579 0.0 0
1573214726 8.665040221 0.0 0
1573218261 8.488629256 0.0 0
1573218591 10.274796074 0.1 1
1573306820 7.855422914 0.0 0
1573307158 8.241141872 0.0 0
1573307480 7.726664172 0.0 0
1573307796 8.078015186 0.0 0
1573308116 8.048199656 0.0 0
1573308444 7.997373516 0.0 0
1573308763 7.833851692 0.0 0
1573309083 8.401249734 0.0 0
1573309413 7.959238304 0.0 0
1573310254 8.190346442 0.5 1
1573310879 7.976067958 0.0 0
1573311493 8.12470812 0.0 0
1573312112 92.907649369 0.0 0
1573312808 7.928403213 0.0 0
1573313434 8.020137044 0.0 0
1573314066 8.321833694 0.0 0
1573314682 7.881232826 0.0 0
1573828029 7.576768002 0.0 0
1573828340 7.677317633 0.0 0
1573828650 7.75824002 0.0 0
1573828956 7.491012677 0.125 1
1573829259 7.579327397 0.0 0
1573829568 7.833726385 0.0 0
1573830124 7.700486504 0.125 1
1573830435 7.72529567 0.0 0
1573830742 7.934498037 0.0 0
1573831050 7.534561992 0.0 0
1573902683 7.703908221 0.25 1
1573902992 7.494889897 0.0 0
1573903302 7.671789451 0.125 1
1573903613 7.803330451 0.375 1
1573903924 7.673252533 0.0 0
1573904233 7.688765142 0.0 0
1574688002 7.81374515 0.0 0
1574688320 7.907496166 0.125 1
1574692009 7.958152875 0.0 0
1574692327 8.216363527 0.375 1
1574693242 8.572783111 0.1111111111111111 1
1574693552 8.08879676 0.375 1
1574693883 12.182640046 0.25 2
1574694310 8.802578725 0.0 0
1574695193 7.908391604 0.25 1
1574695534 7.963633494 0.125 1
1574695843 7.896395139 0.0 0
1574696299 8.141320387 0.5 2
1574696871 7.865607014 0.0 0
1574697470 7.939441408 0.0 0
1574698047 7.947612176 0.25 1
1574698632 7.991848076 0.0 0
1574708085 8.072155077 0.7777777777777778 2
1574708780 7.725850076 0.0 0
1574709408 8.011285262 1.875 3
1574710695 8.106460851 0.0 0
1574950791 7.77130148 0.0 0
1574951165 8.220629512 0.0 0
1574951509 16.497341057 0.0 0
1574951842 7.849010937 0.0 0
1574952161 7.777973302 0.0 0
1574952558 7.678701809 0.0 0
1574952887 7.908075571 0.0 0
1574953255 7.659549058 0.0 0
1574953565 7.905637443 0.0 0
1574953900 11.324094525 0.0 0
1574956054 8.714608432 0.0 0
1574956627 7.980951585 0.0 0
1574957318 7.898336225 0.0 0
1574957894 7.959256334 0.0 0
1574958487 8.04813717 0.0 0
1574959076 7.876807724 0.0 0
1574959679 7.750971994 0.0 0
1574960255 7.874721203 0.0 0
1574960868 7.938856801 0.0 0
1574961507 7.63484804 0.5714285714285714 2
1575028191 7.804519548 0.0 0
1575028501 7.71668719 0.5 1
1575028812 7.660207088 0.0 0
1575029144 12.359321632 0.0 0
1575029459 7.779018257 0.125 1
1575029770 7.692678737 0.0 0
1575030082 7.779815649 0.0 0
1575030395 7.516057724 0.0 0
1575030711 10.988382224 0.0 0
1575031042 7.669694325 0.125 1
1575032977 8.216382781 0.125 1
1575033544 8.099832233 0.0 0
1575034135 8.3574189 0.1111111111111111 1
1575034704 7.857655345 0.0 0
1575035276 7.589164559 0.0 0
1575036297 7.7748376 0.0 0
1575036875 8.898418432 0.0 0
1575037434 7.855813097 0.0 0
1575038435 10.188174941 0.0 0
1575039004 7.995612969 0.0 0
1575114477 7.754549184 0.42857142857142855 1
1575114780 11.130585213 0.0 0
1575115091 7.706621266 0.375 1
1575115400 7.773683437 1.0 2
1575115709 7.909049489 0.375 1
1575116027 7.944886206 0.125 1
1575116336 7.890913012 0.25 1
1575116646 7.760929387 1.1428571428571428 2
1575116953 10.508455144 0.9090909090909091 3
1575117264 7.759076918 0.0 0
1575120269 7.738897554 0.125 1
1575120833 7.593109839 0.0 0
1575121392 7.658160238 0.0 0
1575122455 7.799388202 0.0 0
1575123013 7.821719903 0.0 0
1575123571 7.865345943 0.125 1
1575124129 7.695061502 0.14285714285714285 1
1575124697 7.764387917 0.125 1
1575125251 7.796050258 0.0 0
1575125820 7.680004205 0.0 0
1575292991 8.115681245 0.0 0
1575293324 7.685182897 0.0 0
1575293664 8.18119477 0.0 0
1575294002 7.869693533 0.0 0
1575294345 7.974707997 0.0 0
1575294684 9.596789196 0.0 0
1575295443 8.801392163 0.0 0
1575295799 8.049692222 0.0 0
1575297002 7.756316433 0.0 0
1575297558 7.692024616 0.14285714285714285 1
1575298145 7.615349504 0.5 1
1575298710 8.069095203 0.0 0
1575299290 7.854812225 0.2857142857142857 1
1575299863 8.67871795 0.0 0
1575300486 7.595690984 0.0 0
1575301056 8.060573385 0.125 1
1575301862 9.433870305 0.2 1
1575385883 7.736380693 0.125 1
1575386195 7.759939061 0.0 0
1575386506 7.943656282 0.125 1
1575386912 7.639429569 0.0 0
1575387219 7.551641871 0.0 0
1575387530 7.761777103 0.0 0
1575387839 7.615901362 0.0 0
1575388147 7.791493296 0.125 1
1575388455 7.687985585 0.0 0
1575388761 7.677105125 0.0 0
1575390052 7.823110367 0.2857142857142857 1
1575390620 7.725599759 0.0 0
1575391188 7.60484526 0.0 0
1575391751 7.788054803 0.0 0
1575392563 7.730518242 0.0 0
1575393200 7.727831298 1.0 3
1575393760 7.910737061 0.0 0
1575394326 7.794621016 0.0 0
1575394888 7.938305774 0.0 0
1575395450 7.647728713 0.0 0
1575473413 7.892480153 0.0 0
1575474455 8.870634483 0.0 0
1575558644 7.901414311 0.5 2
1575558955 7.797522116 0.0 0
1575559283 7.687804656 0.0 0
1575559601 8.250712257 0.0 0
1575559969 7.958603111 0.125 1
1575560298 8.13015455 0.0 0
1575560632 7.78060112 0.0 0
1575561165 7.4218669 0.0 0
1575561507 7.950023391 0.0 0
1575561865 7.873575111 0.125 1
1575562271 7.698103808 0.0 0
1575562981 7.972889366 0.0 0
1575563632 8.324022018 0.1111111111111111 1
1575564230 7.926053527 0.0 0
1575564813 7.978295829 0.0 0
1575565379 7.949720141 0.0 0
1575565947 7.793840086 0.125 1
1575566533 7.749922493 0.125 1
1575567848 7.749779378 0.0 0
1575568459 7.495650229 0.0 0
1579186389 8.161873253 0.0 0
1579186732 10.775055356 0.4 2
1579187749 7.830747682 0.0 0
1579188077 7.86088692 0.0 0
1579188526 7.635750513 0.0 0
1579189061 7.899537363 0.0 0
1579189389 7.619257511 0.5 2
1579189720 7.704149861 0.0 0
1579190056 7.566080571 0.0 0
1579190392 7.488217666 0.7142857142857143 1
1579190902 7.885188238 0.625 2
1579191518 7.860306968 0.625 2
1579192083 7.887086295 0.625 2
1579192662 7.982773716 0.5 2
1579193229 7.933349836 0.0 0
1579193818 7.937202975 0.125 1
1579194384 8.000775419 0.125 1
1579194952 7.901127486 0.0 0
1579195541 8.020953338 0.375 1
1579196106 7.942117515 0.25 1
1579354150 7.743379663 0.0 0
1579354455 7.870023937 0.125 1
1579354767 7.593164969 0.0 0
1579355075 7.643952251 0.125 1
1579355384 7.657073256 0.125 1
1579355693 7.792732654 0.125 1
1579356002 7.707869453 0.0 0
1579356308 7.866054406 0.0 0
1579356614 7.793507772 0.0 0
1579359314 7.795612338 0.125 1
1579359887 7.869472288 0.0 0
1579360451 7.890755802 0.0 0
1579361008 7.996154746 0.0 0
1579361565 7.732921333 0.125 1
1579362118 7.743949697 0.0 0
1579362674 7.685758221 0.0 0
1579363236 7.760361647 0.0 0
1579363804 7.750345006 0.0 0
1579364365 7.76019529 0.0 0
1579524755 8.196833255 0.0 0
1579525093 7.543808248 0.0 0
1579525422 8.053013794 0.0 0
1579525810 7.921173409 0.0 0
1579526137 7.614386757 0.0 0
1579528433 8.10373152 0.0 0
1579528793 73.482295774 0.0 0
1579529237 9.774639243 0.1 1
1579529583 7.979747436 0.0 0
1579529893 7.758227639 0.0 0
1579530280 7.934826644 0.0 0
1579530928 7.816258631 0.0 0
1579531970 7.97840715 0.0 0
1579532671 7.659487162 0.0 0
1579533939 8.261442388 0.125 1
1579534600 7.917778465 0.125 1
1579535235 7.570203593 0.0 0
1579535832 7.844277908 0.0 0
1579536884 7.566127502 0.0 0
1580217885 8.039132863 0.0 0
1580218213 8.528835263 0.0 0
1580218539 7.898191211 0.0 0
1580219224 24.924061476 0.0 0
1580219586 7.710575879 0.0 0
1580222300 7.857827874 0.0 0
1580222616 7.801024255 0.0 0
1580222928 7.515723139 0.0 0
1580223233 7.63601139 0.0 0
1580223610 10.65706395 0.09090909090909091 1
1580224174 8.295414947 0.0 0
1580224732 7.462332365 0.0 0
1580225293 8.089625885 0.0 0
1580225856 7.671292478 0.0 0
1580226437 7.864641484 0.0 0
1580227004 7.759564309 0.0 0
1580227601 7.682595327 0.0 0
1580228185 7.759881529 0.0 0
1580228745 7.606712716 0.0 0
1580306524 8.014950465 0.0 0
1580306825 7.72405958 0.0 0
1580307225 7.72061804 0.125 1
1580307702 7.822276785 0.0 0
1580308013 7.906671396 0.0 0
1580308327 8.182945094 0.0 0
1580310530 8.049085964 0.125 1
1580310842 7.762386252 0.0 0
1580311156 7.795903372 0.0 0
1580311468 7.875527979 0.0 0
1580311838 7.769980713 0.0 0
1580312174 7.63025491 0.0 0
1580312755 7.842540824 0.0 0
1580313311 7.548525792 0.125 1
1580314275 7.793306219 0.0 0
1580314832 7.871426854 0.0 0
1580315387 8.540100729 0.0 0
1580315951 7.6794455 0.0 0
1580316653 7.65746136 0.25 1
1580317239 7.447633523 0.25 1
1581936919 7.692512091 0.125 1
1581937233 7.664636061 0.14285714285714285 1
1581937578 7.886145487 0.25 1
1581937894 7.833076797 0.125 1
1581938219 7.836940085 0.25 1
1581938540 7.592345377 0.0 0
1581938847 7.473214066 0.14285714285714285 1
1581939186 7.592786455 0.125 1
1581939511 7.597294426 0.0 0
1581939811 7.657828394 0.0 0
1581942305 7.649211649 0.0 0
1581942895 7.86551207 0.14285714285714285 1
1581943477 45.33356063 0.021739130434782608 1
1581944493 7.819766965 0.0 0
1581945777 7.771058034 0.0 0
1581946352 7.581444988 0.0 0
1581946920 7.620136455 0.2857142857142857 2
1581947840 8.059647894 0.125 1
1581948924 8.696566448 0.0 0
1582030320 7.962711527 0.0 0
1582030627 7.786162819 0.0 0
1582031278 8.09056146 0.375 2
1582031575 8.003738071 0.0 0
1582031872 7.819196378 0.2857142857142857 1
1582032258 8.308605002 0.25 1
1582032565 8.348604129 0.0 0
1582032865 7.436593432 0.0 0
1582033164 7.582291862 0.125 1
1582033515 8.158606683 0.0 0
1582033842 7.751638852 0.0 0
1582035502 8.421243019 0.0 0
1582036109 8.410934318 0.375 2
1582036714 8.44521496 0.6666666666666666 1
1582037320 8.204086957 0.8888888888888888 2
1582037918 8.162290448 0.4444444444444444 2
1582038516 7.44253511 0.375 2
1582041407 8.51146469 0.3333333333333333 2
1582042018 8.311123309 0.25 1
1582043603 8.148020386 0.0 0
1582044217 8.383890691 0.0 0
1582044818 8.067124739 0.0 0
1582045122 7.574236553 0.0 0
1582045422 8.09519874 0.0 0
1582045732 7.595051379 0.0 0
1582046029 7.937281318 0.0 0
1582120375 8.459291869 0.0 0
1582120684 8.200106369 0.0 0
1582188794 7.672172038 0.0 0
1582190820 7.689639747 0.0 0
1582191111 7.825321599 0.0 0
1582191402 7.907960992 0.0 0
1582191700 7.542361383 0.0 0
1582191994 7.647364391 0.0 0
1582192285 7.636320805 0.0 0
1582192582 7.867139732 0.0 0
1582192870 7.82905839 0.0 0
1582193159 7.735736389 0.0 0
1582634938 7.634934662 0.0 0
1582635220 7.452284192 0.125 1
1582635505 7.631895214 0.0 0
1582635788 7.612261553 0.125 1
1582636075 7.647740602 0.14285714285714285 1
1582636363 7.994932195 0.0 0
1582636656 7.885250061 0.0 0
1582636943 7.583511328 0.0 0
1582637245 7.642195487 0.0 0
1582637540 7.701370758 0.0 0
1582637835 7.572992701 0.0 0
1582638395 7.657079324 0.0 0
1582639470 7.989468801 0.125 1
1582640650 7.670784711 0.0 0
1582641209 7.528512902 0.0 0
1582641775 7.70812305 0.25 1
1582642345 7.744147662 0.375 1
1582642920 7.585192113 0.25 1
1582643523 7.76755216 0.375 1
1582644080 7.638721368 0.0 0
1582886191 7.573484761 0.25 1
1582886478 7.436143397 0.0 0
1582886773 7.600016773 0.0 0
1582887061 7.567849414 0.2857142857142857 2
1582887354 7.669072486 0.25 1
1582887644 7.839696774 0.0 0
1582887928 7.762056189 0.625 2
1582888215 7.560999417 0.0 0
1582888502 7.306017407 0.125 1
1582888863 7.423778705 0.125 1
1582898666 7.946591622 0.25 2
1582899250 7.457232531 1.125 2
1582899817 7.643075832 1.75 4
1582900382 7.48155611 0.14285714285714285 1
1582902040 7.558922798 0.0 0
1582902684 7.625277961 0.0 0
1582903264 7.427777595 0.25 1
1574710695 8.106460851 0.0 0
1574708780 7.725850076 0.0 0
