1569853755 13.238311286 1.0 2
1569855372 13.284964496 1.0 2
1569856424 13.078891725 1.0 2
1570448940 13.390037009 2.1538461538461537 4
1570449441 13.549362539 2.230769230769231 5
1570449878 14.045887913 2.8 5
1571323427 13.304073942 1.0769230769230769 3
1571323820 13.323371916 1.4615384615384615 4
1571324222 13.535115964 1.8571428571428572 4
1571324622 13.37926252 2.076923076923077 5
1571327552 13.362073202 1.1538461538461537 3
1571327943 13.336005016 1.3846153846153846 3
1571328333 13.44331337 1.1428571428571428 3
1571328724 13.341003723 1.5714285714285714 3
1571329116 13.328936037 1.4615384615384615 3
1571329506 13.334195141 1.2857142857142858 3
1571330481 13.321980927 1.8461538461538463 4
1571398054 13.393071749 1.3571428571428572 3
1571398451 13.416908293 2.5384615384615383 5
1571398843 13.312594494 1.7142857142857142 4
1571399235 13.359442631 1.7692307692307692 4
1571399626 13.759055141 2.2142857142857144 4
1571400024 13.401839135 1.3076923076923077 3
1571400416 13.304424682 1.7692307692307692 4
1571400843 13.672003696 2.7142857142857144 6
1571401236 13.682438127 2.230769230769231 4
1571401627 13.351730013 1.7857142857142858 4
1571407009 13.332041247 1.4615384615384615 3
1571407398 15.148995798 2.0 4
1571407791 13.328288226 1.3846153846153846 3
1571408180 13.400009515 1.8461538461538463 3
1571408574 13.363427954 1.1538461538461537 3
1571666066 13.33622471 1.3846153846153846 4
1571666455 13.260077234 1.2307692307692308 2
1571666847 13.408902971 1.9230769230769231 4
1571667239 13.416440799 1.6428571428571428 4
1571667683 13.363911513 1.5714285714285714 3
1571669334 13.338453544 1.6923076923076923 3
1571669729 13.372324476 1.7857142857142858 4
1571754245 13.359851466 1.0714285714285714 2
1571754637 13.33450788 1.5384615384615385 3
1571755038 13.540168173 2.5384615384615383 4
1571755433 13.295922358 1.5714285714285714 3
1571756665 13.322328288 2.7142857142857144 5
1571757096 13.275265024 1.2307692307692308 3
1571757526 13.340491419 1.3846153846153846 3
1571757921 13.476284957 1.4615384615384615 3
1571758314 13.327751853 2.076923076923077 3
1571758705 14.311412241 2.642857142857143 5
1571762318 13.381595051 1.5 3
1571762716 13.539208996 2.3846153846153846 5
1571763107 13.286519735 1.9285714285714286 4
1571763497 13.452991101 1.6923076923076923 4
1571763890 13.660382857 3.357142857142857 6
1571764315 13.284603819 2.6153846153846154 4
1571764706 13.295606904 1.3846153846153846 3
1571765097 13.27737642 1.2307692307692308 3
1571765486 13.214061691 1.1538461538461537 3
1571765876 13.292610479 1.5 3
1571766840 13.804975928 2.357142857142857 5
1571767622 13.503412613 3.3846153846153846 6
1572006591 17.948460236 1.6111111111111112 4
1572007204 13.290116549 1.2857142857142858 2
1572008097 13.397207445 1.8571428571428572 3
1572008508 13.365383627 1.0714285714285714 2
1572008902 13.474510524 1.2307692307692308 2
1572009295 13.383920389 1.0769230769230769 2
1572009685 13.379357721 2.0 3
1572010076 13.352138182 1.1538461538461537 2
1572010472 13.366901708 1.2857142857142858 3
1572010862 13.31912568 1.3571428571428572 2
1572013426 13.288985623 0.0 0
1572013819 13.408398884 0.07142857142857142 1
1572014209 13.37955475 2.9285714285714284 5
1572014600 13.447401053 1.7692307692307692 4
1572014990 13.332582992 1.3846153846153846 2
1572269041 13.549386795 2.0714285714285716 4
1572269461 13.44927978 1.2857142857142858 3
1572269875 13.283836283 1.4285714285714286 2
1572270282 13.225227859 1.1538461538461537 2
1572270677 13.353512021 1.2857142857142858 2
1572271162 13.361344511 1.0 2
1572272403 10.78447965 1.0909090909090908 2
1572272733 10.915021295 2.272727272727273 4
1572273068 10.799574633 1.1818181818181819 2
1572273415 10.903327095 1.3636363636363635 2
1572273747 10.926819203 1.1818181818181819 2
1572276172 10.933267024 1.0 2
1572276508 10.907023312 1.3636363636363635 2
1572276842 10.904631816 1.2727272727272727 2
1572277174 10.911629665 1.3636363636363635 2
1572277509 10.85466261 1.6363636363636365 3
1572277868 10.848884062 1.4545454545454546 2
1572278200 10.796840249 1.4545454545454546 3
1572278531 10.94716761 1.3636363636363635 2
1572363590 10.920217773 1.2727272727272727 2
1572363919 10.816088797 1.1818181818181819 2
1572364250 10.851608079 2.090909090909091 3
1572364580 10.956432368 1.3636363636363635 3
1572364918 10.863729226 1.6363636363636365 3
1572365254 10.833946846 2.0 3
1572365631 11.087113699 2.4545454545454546 5
1572366005 10.918401124 2.090909090909091 3
1572366346 10.91277778 1.3636363636363635 3
1572366681 10.796925092 1.3 2
1572369708 10.948929408 2.090909090909091 4
1572370039 10.82667712 2.090909090909091 3
1572370368 10.904530719 1.1818181818181819 2
1572370701 10.779691791 1.9090909090909092 4
1572371030 10.840024149 1.2727272727272727 3
1572371363 10.910784718 1.4545454545454546 3
1572371691 10.98771049 0.0 0
1572372023 10.809121161 0.0 0
1572372352 10.79552384 1.2 2
1572372682 10.938601193 1.2727272727272727 3
1572533693 10.995176034 1.2727272727272727 2
1572534038 12.422268753 1.8333333333333333 3
1572534394 13.240153043 2.0 4
1572534726 10.933353713 1.1818181818181819 2
1572535060 10.835582332 1.3636363636363635 2
1572535408 11.005674706 1.4545454545454546 4
1572535737 10.8063816 1.3636363636363635 2
1572536073 10.849553866 1.1818181818181819 2
1572536436 10.824257079 2.090909090909091 3
1572536772 10.832115081 1.1 2
1572537689 10.925103157 2.0 3
1572538342 10.786461336 1.4545454545454546 3
1572539002 10.888936156 1.4545454545454546 3
1572539655 10.922491383 1.1818181818181819 2
1572540303 10.876162951 1.1818181818181819 2
1572541213 10.826280237 2.0 3
1572541861 10.821382913 2.6 4
1572542510 10.887417046 1.0909090909090908 2
1572543156 10.817689956 1.0909090909090908 2
1572543829 10.753592429 1.2727272727272727 2
1572871575 10.794607669 1.2727272727272727 2
1572872226 11.035644488 1.1818181818181819 2
1572872908 10.921476581 1.6363636363636365 3
1572873556 10.895302725 1.2727272727272727 2
1572874214 10.684921471 1.5454545454545454 2
1572875280 10.778896906 1.4 3
1572876134 10.833564119 1.2727272727272727 3
1572877359 10.976092695 1.7272727272727273 3
1572878014 10.882758367 1.4545454545454546 3
1572879253 11.118441266 1.2727272727272727 2
1572880319 12.286067 3.0833333333333335 6
1572880653 10.826874109 3.4545454545454546 5
1572881001 10.724051946 4.636363636363637 6
1572881337 10.829309672 3.5454545454545454 6
1572881670 10.94684725 3.909090909090909 6
1572882002 10.926789976 3.727272727272727 6
1572882332 11.033965266 3.5454545454545454 5
1572882722 11.371003285 4.5 7
1572883075 11.040675645 3.25 5
1572883414 11.055041914 4.090909090909091 6
1572967643 10.848914741 2.1818181818181817 4
1572968302 10.841563963 1.4545454545454546 3
1572969601 10.849972312 1.3636363636363635 2
1572970262 10.857825421 1.1818181818181819 2
1572970913 10.879151218 1.5454545454545454 2
1572971575 10.835545128 1.2727272727272727 3
1572972237 10.851786762 1.4 2
1572972885 10.992145686 2.090909090909091 4
1572973602 11.095668867 1.7272727272727273 3
1572974251 10.865301054 2.272727272727273 4
1572974908 11.028287584 2.090909090909091 3
1572975310 10.840078584 1.0 2
1572975641 10.844194144 1.1818181818181819 3
1572976391 10.87058807 1.5454545454545454 2
1572976722 10.91144773 1.7272727272727273 3
1572977051 10.904129335 1.0909090909090908 2
1572977416 10.852298389 1.0909090909090908 2
1572977744 10.791730527 1.0 2
1572978093 10.816129348 1.2 2
1573209185 10.896009294 1.0909090909090908 2
1573209856 11.037516775 1.0909090909090908 2
1573210516 10.760657979 1.1818181818181819 2
1573211186 10.732576509 1.5454545454545454 3
1573211844 10.858336444 1.1 2
1573212492 10.869482017 1.2727272727272727 2
1573213144 10.854663149 1.3 2
1573213794 10.960136888 1.4545454545454546 3
1573214466 10.906527044 1.5454545454545454 2
1573215124 10.95165528 1.0909090909090908 2
1573218338 10.753688972 1.1818181818181819 2
1573218669 10.858949298 1.4545454545454546 3
1573306578 10.371452702 1.0 2
1573306896 13.730416059 2.4285714285714284 4
1573307234 11.159427589 1.1818181818181819 2
1573307555 11.020331579 1.2727272727272727 3
1573307869 10.936226012 1.2727272727272727 3
1573308191 10.377709171 1.1 2
1573308518 10.551078864 1.4545454545454546 3
1573308839 11.04248201 3.090909090909091 5
1573309159 11.41795749 1.25 3
1573309490 10.850061273 1.2 2
1573310630 11.495061816 1.9166666666666667 3
1573311249 11.540478557 1.0909090909090908 2
1573311860 10.964086184 1.1818181818181819 2
1573312565 11.080665756 1.3636363636363635 3
1573313185 11.285956026 1.1818181818181819 2
1573313807 11.002146409 1.1818181818181819 2
1573314435 10.977030551 0.8181818181818182 2
1573315052 10.723387573 1.1818181818181819 3
1573828102 10.899815725 1.9090909090909092 3
1573828411 11.193749364 2.8181818181818183 6
1573828721 10.389153606 2.1 4
1573829025 10.084675649 1.8 4
1573829330 9.901576081 2.5 5
1573829640 10.109994927 2.1 4
1573830196 10.819207946 1.7272727272727273 3
1573830506 9.942657607 2.3 5
1573830812 10.145249038 2.1 4
1573831119 10.471218757 1.8181818181818181 4
1573902753 9.749054814 2.1 4
1573903062 10.506139531 1.9090909090909092 4
1573903374 10.492289836 2.3 5
1573903687 9.972492819 2.2 4
1573903995 10.735582864 2.090909090909091 4
1573904305 9.957009036 2.0 5
1574688072 9.775670605 2.4 4
1574688391 9.984948414 2.1 4
1574692081 12.103642395 3.1666666666666665 6
1574692398 10.089219273 2.4 5
1574693313 9.865155364 3.6 6
1574693628 16.476860617 2.588235294117647 5
1574693960 10.784597336 2.5454545454545454 4
1574694709 9.755781398 2.8 6
1574695264 9.948784377 2.6666666666666665 5
1574695605 9.712742355 2.1 4
1574696651 10.547181669 2.9 4
1574697230 9.96079283 2.5 4
1574698394 9.770649645 0.7777777777777778 2
1574698981 10.024645112 1.0 3
1574708155 46.926063417 0.7446808510638298 5
1574708851 10.579793691 0.0 0
1574709799 10.723308521 0.9090909090909091 2
1574711057 10.382335815 0.0 0
1574950862 10.366875328 2.5 5
1574951236 10.307564424 2.5 5
1574951591 10.516927533 2.1818181818181817 4
1574951916 10.745186629 2.1818181818181817 4
1574952233 10.459387534 2.4 5
1574952630 9.978377258 2.3 4
1574952958 9.766523627 2.4 4
1574953325 9.973142136 2.2 4
1574953635 10.014243032 2.1 4
1574953973 9.980004389 2.5 5
1574956401 9.934963087 1.0 2
1574957064 9.973165874 0.9 3
1574957665 9.967635168 0.9 3
1574958247 10.53838843 0.18181818181818182 1
1574958841 11.100273801 2.272727272727273 4
1574959451 10.167219123 0.7 2
1574960030 9.692459228 0.8888888888888888 3
1574961217 9.783257421 0.4 1
1574961852 9.877741976 2.8 4
1575028263 9.865910591 1.8 4
1575028572 9.870058298 3.2 5
1575028883 10.019542421 2.3 5
1575029220 9.782994555 0.9 2
1575029531 10.582230314 2.3 4
1575029841 9.856293005 1.3 3
1575030154 9.959954143 0.3 1
1575030467 10.586525487 2.5454545454545454 5
1575030786 10.600638307 1.0909090909090908 2
1575031113 10.328821197 2.3636363636363638 4
1575033330 9.784798131 2.4 4
1575033898 10.331865528 1.1 3
1575034488 10.496004788 2.5 5
1575035063 9.9712397 2.7 4
1575035624 10.510833836 2.5454545454545454 4
1575036662 10.108417127 2.3 4
1575037223 9.709318972 1.4 3
1575037782 10.000780845 1.0 3
1575038785 9.621381512 1.9 4
1575039357 10.027894016 3.7 6
1575114546 9.890540167 1.1 2
1575114854 9.629413247 0.0 0
1575115162 11.06823488 2.5454545454545454 4
1575115472 10.054504135 0.9 3
1575115780 9.916461364 2.6 4
1575116408 9.744909394 0.8 2
1575116717 10.892078628 2.5454545454545454 4
1575117027 9.717744757 0.8 2
1575117335 9.992009276 1.0 2
1575120617 10.170385016 0.2 1
1575121182 9.966739845 3.6666666666666665 6
1575122176 9.815187774 2.4 5
1575123360 9.799686883 2.3 4
1575123919 9.83535934 0.7777777777777778 2
1575124474 9.814496374 0.4 1
1575125041 9.85144571 2.6 4
1575125606 10.30000961 3.4 6
1575126172 9.908588863 2.3 5
1575293064 9.700410143 2.0 3
1575293398 9.673107282 2.6 4
1575293737 9.768680703 2.1 3
1575294075 10.191560537 1.6363636363636365 2
1575294418 10.519100463 1.5 2
1575294764 9.614984228 1.3 2
1575295127 14.344495404 1.6 2
1575295517 13.96538389 1.5 2
1575295878 121.427056962 3.3114754098360657 5
1575298497 9.597715977 2.3333333333333335 4
1575299066 9.953515184 2.0 3
1575299646 10.293056707 2.1818181818181817 3
1575300217 9.915432789 1.6 2
1575301609 9.8384896 1.6666666666666667 3
1575302216 9.774750478 1.5 2
1575385955 10.562870827 0.1 1
1575386267 10.170399849 0.1 1
1575386578 10.339855681 0.8181818181818182 2
1575386984 10.157739786 0.0 0
1575387291 10.349428735 0.7272727272727273 1
1575387601 9.673876772 1.3 2
1575387910 10.28495754 0.0 0
1575388217 10.198615244 0.9 2
1575388528 9.932033948 0.0 0
1575388831 9.860207531 0.0 0
1575390404 10.631077364 0.0 0
1575390974 10.418836799 0.5 1
1575391537 10.090756434 0.8 2
1575392161 16.710962273 3.1176470588235294 6
1575392913 9.926201781 0.0 0
1575393549 9.982178032 0.0 0
1575394109 10.064595222 1.8 3
1575395238 10.232592227 0.7 1
1575395801 9.954190039 0.0 0
1575558715 9.928970799 0.4 1
1575559028 10.004569685 0.0 0
1575559354 9.797101149 1.8 3
1575559674 9.993403574 0.0 0
1575560041 9.626332461 0.0 0
1575560371 10.143614217 2.5 3
1575560703 9.882236112 1.7 2
1575561236 12.343874426 0.0 0
1575561579 9.782653796 2.0 3
1575561937 10.343709731 1.6 2
1575563333 9.867139937 0.3 1
1575564579 9.644536548 0.0 0
1575565161 10.05141159 1.4 2
1575565726 9.936992916 1.7 2
1575566300 9.851288342 0.0 0
1575566899 10.090013455 0.0 0
1575568227 9.974668685 1.7 3
1575568811 10.210049333 1.8 3
1579186462 10.269947365 2.5454545454545454 4
1579186808 10.66379794 3.2 5
1579188152 10.057351303 2.5 4
1579188599 9.600558193 0.7 2
1579189132 10.1822258 2.8 5
1579189465 9.958469338 3.3 6
1579189791 10.28979365 2.8 5
1579190132 10.423799221 3.0 6
1579190468 10.217113264 2.2 3
1579191256 9.858462859 2.6 4
1579191869 10.541156635 0.0 0
1579193606 10.204090555 2.5 4
1579194170 10.254466139 2.8181818181818183 4
1579194738 10.194749362 2.6363636363636362 4
1579195305 9.704837797 2.7777777777777777 5
1579195894 10.647623974 2.727272727272727 5
1579196456 10.176559595 2.7 5
1579354530 9.726451629 2.4 3
1579354838 10.469077385 2.6 4
1579355454 10.133351678 2.6 4
1579355764 10.227420737 3.4 5
1579356380 9.878258172 2.5 4
1579356685 10.136108962 2.8 5
1579359661 9.812570186 3.9 7
1579360239 10.153142282 3.9 6
1579360799 9.997547937 2.5 4
1579361355 9.898142869 2.4 4
1579361910 10.040004906 2.6 5
1579364154 9.881973261 2.5 5
1579364714 10.168732756 3.8 6
1579524828 13.811953065 0.35714285714285715 1
1579525173 10.183057804 0.9090909090909091 3
1579525559 9.715523127 4.2 6
1579525884 10.505711531 0.5 2
1579526211 9.743164867 0.7 2
1579528506 9.915438705 3.3 4
1579528938 10.673204227 3.6363636363636362 6
1579529656 10.567370393 0.7 2
1579529965 11.064115409 2.909090909090909 5
1579530706 10.46375809 0.0 0
1579531279 10.020786005 1.2 2
1579532335 9.828186803 0.2222222222222222 1
1579533687 10.132437165 0.7 2
1579534289 51.023617865 1.9607843137254901 4
1579535591 10.589956055 2.6363636363636362 5
1579536663 9.854513807 1.0 3
1579537238 10.04760088 0.2 1
1580217957 10.332599442 3.6 7
1580218286 10.092631407 2.7 5
1580218612 10.033242862 2.4 5
1580218937 9.738711301 2.6 4
1580219312 9.84546402 2.5 5
1580222686 10.345813692 2.4545454545454546 4
1580222998 10.175151738 3.1 6
1580223305 9.797462825 2.4444444444444446 4
1580224523 9.796524749 2.7 5
1580225080 9.849312859 3.8 5
1580225644 10.045293782 3.9 5
1580226202 9.712621331 2.2 4
1580226789 10.283246264 2.7 4
1580227955 10.513656338 2.1 5
1580228534 9.683165946 2.9 5
1580229094 10.449376838 3.0 5
1580306897 9.691507497 0.4 2
1580307296 9.990203673 0.2 1
1580307774 10.859717405 3.090909090909091 6
1580308088 9.893340289 0.0 0
1580308399 12.331856324 0.46153846153846156 2
1580310603 10.198040174 3.4 6
1580311228 10.919874961 3.727272727272727 6
1580311538 10.237192764 4.4 7
1580312522 10.039560066 4.5 6
1580313102 9.95861966 3.2 6
1580315178 9.77521986 2.7777777777777777 5
1580315739 10.417432054 4.636363636363637 6
1580316301 10.218340594 3.5 4
1580317010 10.212533912 2.4 4
1580317599 9.872866972 2.3333333333333335 4
1581936991 9.719527982 3.2 5
1581937304 10.400729745 2.6363636363636362 5
1581937650 9.735963618 2.3 5
1581937971 9.900095833 2.8 5
1581938291 9.684675627 2.888888888888889 4
1581938617 10.075870736 3.3 4
1581938917 10.27439713 2.4545454545454546 3
1581939259 9.958202022 2.8 4
1581939583 11.946758657 3.4166666666666665 4
1581939884 11.160898176 2.6363636363636362 3
1581944239 10.449032746 1.6363636363636365 3
1581945186 10.137695412 0.0 0
1581946135 10.642998203 0.09090909090909091 1
1581946704 10.920903347 2.090909090909091 3
1581947599 10.591134341 1.9 3
1581948192 10.00366387 1.4 2
1581949307 11.595556792 1.2727272727272727 2
1582030398 11.505322453 2.272727272727273 4
1582030706 11.640167424 2.0 3
1582031354 10.022658306 3.4 5
1582031651 10.951420331 4.545454545454546 7
1582031993 11.338956203 3.3636363636363638 7
1582032335 11.514739578 2.0 3
1582032645 11.336299283 2.8181818181818183 5
1582032943 11.004817807 3.5454545454545454 7
1582033239 10.999996433 2.909090909090909 5
1582033595 11.520396159 3.5454545454545454 5
1582035010 11.420368554 3.6363636363636362 5
1582035881 11.931868291 2.9166666666666665 4
1582036486 11.679052522 2.75 4
1582037096 11.652999835 2.8333333333333335 4
1582037695 11.528916413 2.8181818181818183 4
1582038289 11.812494797 3.0833333333333335 4
1582038877 11.404919641 3.4166666666666665 5
1582041793 11.407258336 3.5833333333333335 5
1582042544 11.236532564 3.3636363636363638 4
1582043994 10.841175593 2.727272727272727 4
1582044584 10.90814223 2.090909090909091 4
1582044897 10.804101178 0.8181818181818182 2
1582045199 11.600419644 0.0 0
1582045497 11.297316363 1.0833333333333333 2
1582045809 11.323802642 0.0 0
1582046106 11.296780185 0.45454545454545453 2
1582120454 10.959331988 7.090909090909091 10
1582188866 9.936745968 6.1 8
1582190894 12.371891546 3.1666666666666665 6
1582191185 11.41814777 6.25 9
1582191479 14.651711994 3.5 7
1582191774 12.590499519 7.166666666666667 11
1582192067 10.330666495 4.3 7
1582192357 14.563725375 6.333333333333333 9
1582192658 10.27702033 6.4 9
1582192943 10.660647579 6.363636363636363 8
1582193235 9.573057975 6.9 10
1582635009 9.917331475 0.6 2
1582635293 10.374967725 1.4545454545454546 2
1582635577 10.338117164 1.6363636363636365 2
1582635861 10.293564783 1.5 2
1582636149 9.637063264 1.5 3
1582636434 10.018322955 1.3 2
1582636728 9.671599398 2.2 3
1582637013 9.729074166 0.0 0
1582637319 11.154993981 1.5454545454545454 3
1582637614 10.8002488 0.0 0
1582638184 10.433689047 1.5 2
1582638746 9.881999651 1.4 2
1582640182 238.392941128 0.8260869565217391 2
1582641000 9.881027724 0.0 0
1582641559 9.931771084 0.5 2
1582642131 10.832449702 0.0 0
1582642698 10.446995209 0.1 1
1582643273 10.037955971 2.5 4
1582643870 10.184756894 1.4 2
1582644429 9.919062039 1.8 2
1582886261 9.800883814 1.4 3
1582886550 9.795252587 1.4444444444444444 2
1582886845 9.756370803 1.4 2
1582887133 10.754793094 2.7 3
1582887424 9.822934067 1.5555555555555556 2
1582887715 10.185421171 1.7 2
1582888000 10.078972632 0.0 0
1582888286 9.93974233 1.5 3
1582888573 11.036332402 1.3636363636363635 2
1582888934 11.188679017 1.6666666666666667 2
1582899040 9.967180239 2.1 6
1582899602 11.045456586 1.5454545454545454 2
1582900169 9.856272482 1.4 2
1582900729 10.180342481 2.2 3
1582902473 10.472415243 0.0 0
1582903033 10.513241096 0.09090909090909091 1
1582903638 9.85403673 1.5 3
1574711057 10.382335815 0.0 0
1574708851 10.579793691 0.0 0
