1569853624 8.631278096 0.0 0
1569855238 8.311276715 0.125 1
1570446996 7.02052353 0.0 0
1570448814 7.166337086 0.0 0
1570449286 6.758982443 0.0 0
1570449750 6.522030626 0.0 0
1571323303 6.501422175 0.0 0
1571323696 6.711975745 0.0 0
1571324098 6.795889767 0.0 0
1571324498 6.329726762 0.0 0
1571327429 6.329438289 0.0 0
1571327818 6.443969105 0.0 0
1571328209 6.391812557 0.0 0
1571328600 6.725065937 0.0 0
1571328992 6.775027362 0.0 0
1571329383 6.19614588 0.0 0
1571329976 6.876126256 0.0 0
1571397932 6.075512948 0.0 0
1571398325 6.569011302 0.0 0
1571398720 6.254680716 0.0 0
1571399111 6.491476477 0.3333333333333333 1
1571399502 6.302955747 0.0 0
1571399900 6.618836092 0.0 0
1571400292 6.266560432 0.0 0
1571400713 6.824313032 0.0 0
1571401112 6.375794308 0.0 0
1571401504 6.496041952 0.0 0
1571406884 6.197840511 0.0 0
1571407275 6.721050767 0.0 0
1571407668 6.444725574 0.14285714285714285 1
1571408057 6.457578441 0.0 0
1571408449 6.574525611 0.0 0
1571665941 6.574016764 0.0 0
1571666332 6.704629473 0.0 0
1571666723 6.598708679 0.3333333333333333 1
1571667116 6.659966999 0.0 0
1571667553 6.629038444 1.1428571428571428 2
1571669205 6.39076327 0.14285714285714285 1
1571669605 6.624832634 0.0 0
1571754116 6.513471408 0.0 0
1571754513 6.338884399 0.0 0
1571754910 6.321424762 0.0 0
1571755311 6.073288918 0.0 0
1571756542 6.501888617 0.0 0
1571756967 6.792974988 0.25 1
1571757402 6.255890484 0.0 0
1571758191 6.427254145 0.14285714285714285 1
1571758581 6.222622275 0.0 0
1571762196 6.392473093 0.0 0
1571762592 6.467121418 0.0 0
1571762985 6.741572888 0.0 0
1571763373 6.471928764 0.0 0
1571763764 6.532007008 0.0 0
1571764172 6.68551013 0.2857142857142857 1
1571764582 6.791938752 0.14285714285714285 1
1571764974 5.904736692 0.0 0
1571765362 6.696353649 0.0 0
1571765754 6.575521636 0.0 0
1571766331 6.406194368 0.0 0
1572006339 6.374448547 0.0 0
1572007078 6.558959021 0.0 0
1572007471 6.563630369 0.14285714285714285 1
1572007973 6.654106149 0.16666666666666666 1
1572008374 6.012542581 0.0 0
1572009172 6.620940816 0.0 0
1572009561 6.574219396 0.0 0
1572009953 6.521365424 1.0 2
1572010349 6.654330178 0.0 0
1572010739 6.954926669 0.0 0
1572013302 6.454672017 0.0 0
1572013695 6.398834232 0.0 0
1572014087 6.54892853 0.0 0
1572014477 6.700631938 0.0 0
1572014867 6.676893368 0.0 0
1572268918 6.443662798 0.0 0
1572269336 6.788107898 0.5714285714285714 1
1572269750 7.033173402 0.42857142857142855 2
1572270158 6.546682881 0.3333333333333333 1
1572270555 5.463641938 1.0 2
1572272297 6.334386623 0.0 0
1572272628 6.092910457 0.0 0
1572272963 5.891859488 0.0 0
1572273301 6.399598169 0.8333333333333334 2
1572273642 5.878583683 0.5 2
1572276066 5.655198523 0.16666666666666666 1
1572276402 6.216485443 0.0 0
1572276737 5.917181534 0.0 0
1572277068 6.348597724 0.0 0
1572277400 5.924197252 0.0 0
1572277762 6.472828937 0.0 0
1572278093 6.254444561 0.0 0
1572278426 6.272302451 0.5 1
1572363485 6.401156469 0.0 0
1572363815 5.859456743 0.0 0
1572364144 6.183118268 0.0 0
1572364475 6.278304064 0.3333333333333333 1
1572364813 6.276563192 0.0 0
1572365149 6.519619357 0.42857142857142855 1
1572365527 6.292142012 0.0 0
1572365901 6.004275286 0.0 0
1572366242 5.760440766 0.0 0
1572366575 5.955853437 0.16666666666666666 1
1572369604 6.032213856 0.0 0
1572369934 5.863138458 0.0 0
1572370264 5.668549413 0.0 0
1572370596 5.960885537 0.0 0
1572370925 6.323650938 0.0 0
1572371257 6.267669379 0.0 0
1572371588 5.743739846 0.0 0
1572371918 6.304122919 0.0 0
1572372246 6.104692531 0.16666666666666666 1
1572372575 6.347788549 0.0 0
1572533582 6.107438445 0.0 0
1572533920 5.936348586 0.0 0
1572534274 6.339152544 0.0 0
1572534621 6.426227939 0.0 0
1572534953 6.215829202 0.0 0
1572535302 5.932128074 0.0 0
1572535632 6.371506816 0.0 0
1572535968 6.050075967 0.0 0
1572536328 6.349670561 0.0 0
1572536664 5.484451308 0.0 0
1574708753 5.87232382 0.0 0
