1569854382 2.202790897 0.0 0
1569855794 2.088142542 1.3333333333333333 2
1571330085 2.049601943 0.6666666666666666 1
1571766441 2.185069403 2.3333333333333335 3
1571767223 2.39076324 2.25 3
1572537359 1.794377335 3.0 3
1572538016 1.792159477 1.0 1
1572538676 1.788019012 1.3333333333333333 2
1572539328 1.743393654 2.0 2
1572539975 1.799418788 0.0 0
1572540881 1.636597468 2.3333333333333335 3
1572541535 1.801172302 2.0 2
1572542183 1.736549997 1.0 1
1572542830 1.760647993 0.6666666666666666 1
1572543496 1.62442806 1.0 1
1572871249 1.735954246 1.0 1
1572871900 1.751525014 2.0 3
1572872577 1.54421263 2.0 2
1572873230 1.800958045 4.0 4
1572873882 1.793021974 0.0 0
1572874944 1.754820637 3.3333333333333335 5
1572875806 1.669443094 3.3333333333333335 4
1572877031 1.836548424 2.3333333333333335 3
1572877681 1.742843559 1.3333333333333333 2
1572878909 1.816123171 0.0 0
1572967315 1.69777178 3.0 3
1572967973 1.64829754 1.3333333333333333 2
1572969275 1.767595201 2.3333333333333335 3
1572969936 1.721558377 2.0 3
1572970586 1.659935122 2.6666666666666665 3
1572971236 1.672221559 1.5 2
1572971898 1.623577036 3.5 4
1572972559 1.934560649 1.0 1
1572973272 1.752140961 1.3333333333333333 2
1572973925 1.660026736 2.5 3
1572974576 1.687744663 3.3333333333333335 4
1573208858 1.645502827 0.0 0
1573209513 1.804140562 2.3333333333333335 3
1573210188 1.703764666 4.0 4
1573210857 1.841517213 3.0 3
1573211514 2.224256841 2.0 3
1573212163 1.735658151 1.6666666666666667 3
1573212815 1.715237455 2.5 3
1573213466 1.704137311 2.3333333333333335 3
1573214137 1.848712978 1.0 1
1573214791 1.702194142 3.6666666666666665 4
1573310318 1.469603659 4.0 4
1573310941 1.456654396 2.3333333333333335 3
1573311556 1.465915936 2.0 2
1573312260 1.608720504 2.6666666666666665 3
1573312869 1.629146754 2.6666666666666665 3
1573313497 1.528850241 2.6666666666666665 3
1573314129 1.646373011 2.0 2
1573314744 1.567982658 2.3333333333333335 3
1574696354 1.451472213 2.0 2
1574696931 1.500445368 1.0 1
1574697523 2.108160256 2.3333333333333335 3
1574698100 1.789008192 1.3333333333333333 2
1574698686 1.580333732 1.0 1
1574709469 1.534466401 1.5 2
1574710756 1.42706934 0.0 0
1574956108 1.778989682 2.6666666666666665 4
1574956681 1.57277511 3.5 4
1574957372 1.546079068 2.6666666666666665 3
1574957949 1.614972252 2.5 3
1574958541 1.638004581 2.0 2
1574959130 1.856333305 2.0 2
1574959733 1.488362071 2.0 3
1574960312 1.635773823 2.6666666666666665 3
1574960922 1.439758289 2.5 3
1574961560 1.535259912 2.6666666666666665 3
1575033032 1.595493285 2.0 2
1575033600 1.544986607 2.6666666666666665 4
1575034191 1.613054167 3.3333333333333335 4
1575034758 1.532531558 2.6666666666666665 3
1575035329 1.71182025 2.6666666666666665 3
1575036351 1.673880046 2.6666666666666665 4
1575036929 1.565533646 2.3333333333333335 3
1575037488 1.542701836 2.5 3
1575038491 1.57460645 2.0 2
1575039058 1.570232709 2.6666666666666665 4
1575120323 1.670231236 2.6666666666666665 3
1575120886 1.489506019 4.0 5
1575121447 1.540863502 3.5 4
1575122510 1.811619051 2.5 3
1575123066 1.573529408 2.6666666666666665 3
1575123626 1.584543913 2.6666666666666665 4
1575124182 1.711749705 2.0 2
1575124750 1.633828323 3.0 3
1575125306 1.523892206 3.0 4
1575125875 1.491136257 2.5 3
1575297619 1.708523952 3.0 5
1575298200 1.619846947 2.0 3
1575298766 1.616759153 2.3333333333333335 4
1575299347 1.512551442 1.0 1
1575299919 1.663095942 2.3333333333333335 3
1575300540 1.467785126 1.5 2
1575301111 1.65041324 3.0 3
1575301920 1.579605088 1.3333333333333333 3
1575390107 1.651983762 3.0 3
1575390675 1.584723443 3.0 3
1575391242 1.56449722 2.3333333333333335 3
1575391809 1.553952134 2.0 2
1575392617 1.712704075 1.3333333333333333 2
1575393253 1.694230512 2.6666666666666665 3
1575393814 1.491808549 3.0 4
1575394380 1.505641532 2.0 2
1575394943 1.656074643 2.0 2
1575395505 1.659733429 1.3333333333333333 2
1575473472 1.835562211 0.0 0
1575562326 3.33184647 1.0 2
1575563036 2.894428073 2.0 4
1575563686 1.753794624 2.0 2
1575564284 1.490996944 2.5 3
1575564867 1.574497004 1.3333333333333333 2
1575565433 1.624751462 2.0 2
1575566001 1.801399554 1.6666666666666667 2
1575566587 1.621000272 2.3333333333333335 3
1575567905 1.918981719 3.5 4
1575568513 1.528378852 2.0 2
1579190958 2.388980169 0.6666666666666666 2
1579191573 1.487942045 0.0 0
1579192138 1.456987114 0.0 0
1579192719 1.416408817 2.0 2
1579193283 1.479663737 1.3333333333333333 2
1579193874 1.571347571 1.5 2
1579194439 2.814827576 0.25 1
1579195008 1.499397389 2.0 2
1579195598 1.545275345 1.5 2
1579196162 1.500927487 1.5 2
1579359368 1.743174726 2.0 3
1579359941 1.62503171 0.0 0
1579360505 1.619769135 1.0 1
1579361062 1.617444112 0.0 0
1579361618 1.623361799 0.5 1
1579362172 1.532523466 0.5 1
1579362727 1.528131764 2.6666666666666665 4
1579363292 1.453721695 0.0 0
1579363860 1.494461481 1.0 1
1579364419 1.525032394 1.0 2
1579530336 1.573068435 2.0 2
1579530983 1.660755173 1.0 1
1579532024 1.634235378 1.0 1
1579532726 1.412276899 1.5 2
1579533391 1.449766121 1.5 2
1579533995 1.577382907 2.0 3
1579534655 1.633839202 1.6666666666666667 2
1579535292 1.577123743 1.5 2
1579535887 1.798989877 1.5 2
1579536944 1.52326082 1.0 1
1580223668 1.756210273 3.0 4
1580224229 1.729885986 1.3333333333333333 3
1580224784 1.566728348 0.0 0
1580225348 1.619604309 0.0 0
1580225909 1.404281172 1.0 1
1580226491 1.495045649 0.0 0
1580227060 1.399707938 0.0 0
1580227657 1.499888879 2.3333333333333335 3
1580228240 1.507071106 0.5 1
1580228799 1.50762003 2.5 3
1580312228 1.404435697 0.6666666666666666 1
1580312809 1.407226167 2.0 3
1580313364 1.544457621 1.6666666666666667 3
1580314328 1.491048568 1.0 2
1580314886 1.588843462 1.5 2
1580315442 2.528685592 0.0 0
1580316005 1.631301041 0.5 1
1580316707 1.480814466 2.3333333333333335 3
1580317294 1.751899047 1.6666666666666667 2
1581942364 1.497849749 2.0 2
1581942951 1.413699874 0.3333333333333333 1
1581943569 1.624545874 3.3333333333333335 4
1581944857 1.57079067 1.5 2
1581945835 0.261027725 0.0 0
1581946408 1.512544078 1.3333333333333333 2
1581946976 1.692445948 0.0 0
1581947897 1.501532671 2.0 2
1581948985 1.7646341 1.0 2
1582033902 1.817915762 0.3333333333333333 1
1582035564 1.583702359 0.5 1
1582036170 1.695953615 1.3333333333333333 3
1582036773 1.497781443 1.0 2
1582037380 1.756692459 1.0 1
1582037978 1.534559274 1.5 3
1582038575 1.525068562 0.3333333333333333 1
1582041467 1.602665606 2.0 2
1582042077 1.579647332 1.0 1
1582043664 1.756174279 1.3333333333333333 2
1582044278 1.709254948 1.0 2
1582637892 1.407823775 2.5 3
1582638450 1.623081875 1.6666666666666667 3
1582639525 1.521463215 2.0 3
1582640703 1.454839303 2.0 3
1582641263 1.483440103 2.0 2
1582641833 1.446510204 2.5 3
1582642401 1.631497628 2.0 2
1582642975 1.49756004 1.6666666666666667 3
1582643578 1.582794465 1.6666666666666667 2
1582644134 1.517950062 3.0 3
1582898732 1.500353323 2.0 3
1582899304 1.496533202 0.6666666666666666 2
1582899872 1.583334106 0.6666666666666666 2
1582900436 1.444996999 1.5 2
1582902094 1.624743347 0.5 1
1582902740 1.481114109 0.6666666666666666 2
1582903337 1.543063845 1.6666666666666667 3
1574710756 1.42706934 0.0 0
