1569854361 8.190010752 1.0 2
1569855336 8.493728923 1.375 2
1569855773 8.07024399 1.125 2
1570447101 8.841008047 3.7777777777777777 6
1570448905 8.385296456 2.0 3
1570449406 8.350528719 1.875 3
1570449842 8.563704438 0.4444444444444444 1
1571323392 8.334011965 0.375 1
1571323784 8.34587046 0.3333333333333333 1
1571324188 8.173738022 0.375 1
1571324586 8.373304784 0.375 1
1571327517 8.355789561 0.5 1
1571327907 8.361125972 0.3333333333333333 1
1571328298 8.346083051 0.25 1
1571328689 8.357503611 0.3333333333333333 1
1571329080 8.401906023 0.3333333333333333 1
1571329471 8.27690281 0.5555555555555556 1
1571330064 8.2472083 0.375 1
1571398020 8.22892554 0.375 1
1571398415 8.401703489 0.0 0
1571398808 8.258127796 0.3333333333333333 1
1571399200 8.354864168 0.3333333333333333 1
1571399590 8.342738283 0.375 1
1571399987 8.24890328 0.3333333333333333 1
1571400381 8.278944415 1.25 2
1571400808 8.451236781 0.375 1
1571401200 8.274287971 0.625 2
1571401592 8.418418445 0.375 1
1571406973 8.265771464 0.0 0
1571407363 8.268085641 0.0 0
1571407756 8.501045758 0.0 0
1571408144 8.309005209 2.7777777777777777 4
1571408538 8.290917911 0.5555555555555556 1
1571666031 8.233160989 0.375 1
1571666419 8.389828704 0.3333333333333333 1
1571666812 8.518426174 0.375 1
1571667204 8.320625654 0.3333333333333333 1
1571667648 8.397536821 0.5 1
1571669300 8.256117029 1.0 1
1571669693 8.399158417 0.375 1
1571754210 8.360810463 0.0 0
1571754601 8.385895982 0.5555555555555556 1
1571755002 8.268069186 0.375 1
1571755398 8.2671446 0.6666666666666666 1
1571756630 8.24942653 1.0 1
1571757061 8.376272016 0.0 0
1571757490 8.287321439 0.0 0
1571757886 8.888755532 0.0 0
1571758279 8.353133747 0.375 1
1571758669 8.521168647 0.75 2
1571762283 8.333058845 0.375 1
1571762679 8.449541216 0.3333333333333333 1
1571763072 8.357841343 0.5555555555555556 1
1571763460 8.438860364 0.3333333333333333 1
1571763854 8.312145853 0.4444444444444444 1
1571764260 8.348899572 0.0 0
1571764670 8.396123917 0.0 0
1571765061 8.46925217 0.0 0
1571765451 8.286323314 0.0 0
1571765842 8.280669629 0.3333333333333333 1
1571766420 8.30360533 0.3333333333333333 1
1571767202 8.321316864 0.375 1
1572006462 6.938501067 0.0 0
1572007168 8.280253639 0.0 0
1572007560 8.466904663 1.2222222222222223 3
1572008062 8.403517617 2.4444444444444446 4
1572008463 10.874138049 3.090909090909091 4
1572008866 8.436360443 0.875 2
1572009260 8.305016957 0.0 0
1572009649 8.405505464 0.0 0
1572010041 8.307764945 0.0 0
1572010437 8.449339018 0.0 0
1572010828 8.359412886 0.0 0
1572013391 8.327341985 1.125 2
1572013783 8.436959547 1.4444444444444444 3
1572014175 8.27891452 1.25 2
1572014565 8.356937851 0.0 0
1572014955 8.320024922 0.0 0
1572269007 8.262346351 1.25 2
1572269426 8.225466202 1.0 2
1572269840 8.403827043 0.0 0
1572270248 8.393766795 1.125 2
1572270642 8.196069204 1.125 2
1572271128 8.331183141 1.125 2
1572272372 7.479394807 2.857142857142857 4
1572272703 6.739936889 1.0 2
1572273037 6.733480543 1.1428571428571428 2
1572273384 6.734813297 1.0 2
1572273716 6.712320539 0.0 0
1572276141 6.7367231 1.0 2
1572276477 6.747490135 1.0 2
1572276812 6.792034263 1.1428571428571428 2
1572277143 6.819234978 1.0 2
1572277478 6.701435235 1.1428571428571428 2
1572277837 6.73630582 1.1428571428571428 2
1572278169 6.742541017 1.1428571428571428 2
1572278501 6.758547496 1.7142857142857142 3
1572363560 6.944137988 1.1666666666666667 2
1572363889 6.76546567 1.1428571428571428 2
1572364219 6.819974979 1.1428571428571428 2
1572364549 6.810116711 1.6666666666666667 3
1572364888 6.772651774 0.0 0
1572365224 6.947037617 0.0 0
1572365601 6.799508809 0.0 0
1572365975 6.696961134 1.0 2
1572366316 6.805202315 1.1428571428571428 2
1572366650 6.74837853 1.2857142857142858 2
1572369678 6.862319899 0.0 0
1572370008 6.720322848 0.0 0
1572370338 6.790673801 0.0 0
1572370671 6.710994373 0.0 0
1572370999 6.657147517 0.0 0
1572371332 6.797182411 0.0 0
1572371661 6.777428256 0.0 0
1572371993 6.763704052 0.0 0
1572372321 6.657260163 0.0 0
1572372651 6.828809064 0.0 0
1572533662 6.767465388 1.1428571428571428 2
1572534007 6.785086884 1.1666666666666667 2
1572534355 6.764966726 1.2857142857142858 2
1572534695 6.725479505 1.1428571428571428 2
1572535029 6.819370231 1.1428571428571428 2
1572535377 6.805171643 0.14285714285714285 1
1572535707 6.725496797 0.0 0
1572536042 6.678445543 0.0 0
1572536405 6.868760774 1.0 2
1572536741 6.704322639 1.2857142857142858 2
1572537340 6.672172723 1.6666666666666667 2
1572537997 6.830463793 1.0 2
1572538657 6.840445796 1.0 2
1572539309 6.824993874 1.4285714285714286 2
1572539956 6.881443582 1.1428571428571428 2
1572540862 6.83329994 1.4285714285714286 2
1572541516 6.74747744 1.1428571428571428 2
1572542164 6.860616516 1.0 2
1572542811 6.72953281 1.0 2
1572543476 7.121642825 2.4285714285714284 3
1572871230 6.881889701 0.14285714285714285 1
1572871881 6.831940178 1.0 2
1572872558 6.742778831 1.1428571428571428 2
1572873211 6.77838207 0.0 0
1572873863 6.916496335 0.0 0
1572874925 6.872369663 0.2857142857142857 1
1572875787 6.692327241 1.1428571428571428 2
1572877012 6.890975552 2.142857142857143 3
1572877662 6.694502768 0.0 0
1572878890 6.79600216 0.2857142857142857 1
1572880287 6.721817168 1.2857142857142858 2
1572880623 6.779033853 1.8571428571428572 2
1572880968 6.654986056 1.2857142857142858 3
1572881306 6.697329529 1.2857142857142858 3
1572881639 6.730891913 1.4285714285714286 3
1572881971 6.761910077 1.1428571428571428 3
1572882301 6.689029796 0.0 0
1572882692 6.9084137 0.14285714285714285 1
1572883044 6.671499998 1.0 2
1572883383 6.806051965 1.0 2
1572967296 6.864616433 0.42857142857142855 1
1572967954 6.696526857 0.5714285714285714 1
1572969255 6.919535831 0.2857142857142857 1
1572969917 6.786453207 0.3333333333333333 1
1572970566 7.293022489 0.8571428571428571 2
1572971217 6.771391329 0.42857142857142855 1
1572971879 6.83557633 2.857142857142857 4
1572972540 6.875191174 0.42857142857142855 1
1572973253 6.668704542 0.5 1
1572973905 6.848568399 0.5714285714285714 2
1572974557 7.158839904 1.0 3
1572975280 6.699388293 0.3333333333333333 1
1572975611 6.720812943 0.42857142857142855 1
1572975978 6.861927382 0.14285714285714285 1
1572976360 6.77718229 0.0 0
1572976692 6.877919473 0.0 0
1572977021 6.667988974 0.42857142857142855 1
1572977384 7.589822379 0.42857142857142855 1
1572977714 6.802834144 0.42857142857142855 1
1572978062 6.759926795 0.3333333333333333 1
1573208839 6.666622213 0.2857142857142857 1
1573209494 6.736219965 0.42857142857142855 1
1573210169 6.793016292 0.42857142857142855 1
1573210838 6.786107196 0.0 0
1573211495 6.772229032 0.3333333333333333 1
1573212144 6.688768326 0.42857142857142855 1
1573212796 6.74912911 0.0 0
1573213447 6.729914687 0.2857142857142857 1
1573214118 6.857602422 1.4285714285714286 3
1573214772 6.762649453 0.42857142857142855 1
1573218307 6.782113727 0.0 0
1573218639 6.777155925 0.3333333333333333 1
1573306549 6.481048584 0.0 0
1573306865 6.775114363 0.0 0
1573307203 7.067502685 0.42857142857142855 1
1573307525 6.614550751 0.3333333333333333 1
1573307840 6.924188172 0.0 0
1573308160 6.606583357 0.2857142857142857 1
1573308488 6.725147522 0.0 0
1573308807 6.852382018 0.0 0
1573309129 6.610606258 0.5 1
1573309460 7.073035115 0.42857142857142855 1
1573310298 7.290571323 0.0 0
1573310923 6.827242966 0.3333333333333333 1
1573311537 7.121762983 0.42857142857142855 1
1573312241 7.195153493 0.0 0
1573312851 6.37994068 1.6666666666666667 2
1573313478 6.951286463 0.42857142857142855 1
1573314110 6.704468651 0.0 0
1573314726 6.590110993 0.3333333333333333 1
1573828073 7.090557871 0.0 0
1573828382 6.808744546 0.42857142857142855 1
1573828692 6.513274878 0.42857142857142855 1
1573828997 5.948703738 0.3333333333333333 1
1573829301 6.869993831 0.42857142857142855 1
1573829610 6.123597564 0.0 0
1573830167 6.668266525 0.0 0
1573830477 6.331571631 0.42857142857142855 1
1573830784 6.119126198 1.1666666666666667 2
1573831091 6.23326764 0.5 1
1573902724 6.160946822 0.5 1
1573903034 6.665815634 0.3333333333333333 1
1573903345 6.469745067 0.3333333333333333 1
1573903657 6.570724057 0.5 1
1573903967 6.390475366 0.0 0
1573904275 6.793073419 0.2857142857142857 1
1574688044 6.078292729 0.6666666666666666 1
1574688362 6.401812406 0.16666666666666666 1
1574692053 6.01972309 0.16666666666666666 1
1574692369 6.024297072 0.16666666666666666 1
1574693285 6.127770549 0.16666666666666666 1
1574693600 6.483445532 0.0 0
1574693932 5.985452557 0.0 0
1574694355 6.262742975 0.0 0
1574694681 5.996837951 0.16666666666666666 1
1574695235 5.928540777 0.16666666666666666 1
1574695576 6.019491176 0.0 0
1574695885 6.219264429 0.0 0
1574696342 5.948168934 0.16666666666666666 1
1574696919 6.020360999 0.5 2
1574697511 6.123097269 0.16666666666666666 1
1574698089 6.026625176 0.0 0
1574698673 6.11847199 0.0 0
1574708127 5.852528464 0.6666666666666666 2
1574708823 6.297861458 0.0 0
1574709451 6.111429445 0.0 0
1574710738 6.542553847 0.0 0
1574950833 6.157944286 1.4285714285714286 3
1574951208 5.821071761 0.0 0
1574951562 6.583956791 1.3333333333333333 2
1574951888 6.205710331 1.1428571428571428 2
1574952203 6.193993703 0.16666666666666666 1
1574952600 6.035398135 1.5 3
1574952929 6.168576658 0.16666666666666666 1
1574953297 5.92623702 1.3333333333333333 2
1574953607 5.814999367 1.3333333333333333 2
1574953945 5.842679511 0.0 0
1574956097 6.000504186 0.5 1
1574956669 6.31764413 0.5 2
1574957361 6.101422796 0.5 1
1574957937 6.115885696 0.3333333333333333 1
1574958529 6.360255484 0.3333333333333333 1
1574959118 6.015736826 0.5 1
1574959721 6.164356279 1.1666666666666667 2
1574960297 6.208910482 1.5 3
1574960910 6.144111704 0.8333333333333334 3
1574961549 6.068371771 0.6666666666666666 2
1575028234 6.232245876 1.1666666666666667 2
1575028543 6.017445458 0.0 0
1575028854 5.934620028 0.5 1
1575029192 6.084352868 0.5 2
1575029501 5.968701566 0.16666666666666666 1
1575029812 5.939277455 0.3333333333333333 1
1575030125 6.398172175 0.5714285714285714 2
1575030439 6.346377917 0.14285714285714285 1
1575030757 6.214283213 0.5 2
1575031085 6.199513476 0.5 1
1575033020 5.670138296 0.5 1
1575033587 6.676652985 0.8571428571428571 2
1575034179 6.292174383 1.0 1
1575034746 6.121616431 1.5 5
1575035317 6.198435409 1.1666666666666667 2
1575036340 5.845353927 0.5 1
1575036917 6.325687625 1.6666666666666667 4
1575037476 5.929741445 1.6666666666666667 2
1575038479 6.170614685 0.5 2
1575039046 6.561200115 0.42857142857142855 1
1575114518 5.799900907 1.8333333333333333 3
1575114825 6.399453173 1.0 2
1575115134 5.957055812 1.8333333333333333 3
1575115443 6.13688569 1.8333333333333333 3
1575115752 6.111292464 1.8333333333333333 3
1575116069 6.18141233 1.5 3
1575116380 6.705844774 1.5 3
1575116688 6.095252739 1.8333333333333333 3
1575116998 6.111302753 1.8333333333333333 4
1575117307 5.905115568 2.0 3
1575120311 6.227490107 1.8333333333333333 4
1575120874 6.181303532 1.5714285714285714 3
1575121435 6.229662508 0.5 2
1575122497 6.685113556 1.0 2
1575123055 6.059074791 1.5 3
1575123614 6.159528773 0.3333333333333333 1
1575124170 5.960660602 1.8333333333333333 3
1575124738 6.016396939 1.5 3
1575125294 6.583714736 0.6666666666666666 3
1575125863 5.909758641 1.8333333333333333 3
1575293032 7.747266938 2.625 3
1575293367 6.620440433 1.2857142857142858 2
1575293708 6.646468044 2.8333333333333335 4
1575294044 9.121400837 3.4444444444444446 5
1575294388 7.324462919 0.625 1
1575294734 6.853685049 3.0 4
1575295094 7.435254753 2.5 3
1575295486 7.493653659 2.0 3
1575295845 8.267286907 3.0 4
1575297044 11.1112981 1.2727272727272727 3
1575297606 6.905666828 3.0 4
1575298186 6.93245492 2.2857142857142856 3
1575298753 7.636345094 2.7142857142857144 3
1575299331 9.679696922 2.9 4
1575299906 6.803432527 2.7142857142857144 3
1575300527 6.460631589 2.4285714285714284 3
1575301098 6.74127964 2.5 3
1575301908 6.835275422 3.6666666666666665 4
1575385925 7.000473283 2.7142857142857144 3
1575386237 6.520159795 3.0 4
1575386548 6.740581785 2.7142857142857144 4
1575386954 6.235606813 2.0 3
1575387262 6.008079597 2.1666666666666665 4
1575387571 6.57238416 2.0 3
1575387881 5.967939313 2.1666666666666665 4
1575388189 5.840003738 2.1666666666666665 3
1575388497 8.589968644 3.0 4
1575388803 5.914488427 2.3333333333333335 3
1575390094 6.653326717 2.142857142857143 3
1575390662 6.340741232 2.0 3
1575391231 6.09663289 2.3333333333333335 3
1575391793 9.771035823 2.5 4
1575392605 6.45419728 1.2857142857142858 3
1575393241 5.997000885 2.1666666666666665 4
1575393803 5.863519995 2.2 3
1575394368 6.018057007 2.6666666666666665 5
1575394931 5.971856054 2.3333333333333335 3
1575395493 6.022975047 1.6666666666666667 3
1575473459 7.029608619 6.285714285714286 8
1575558686 6.248194479 0.14285714285714285 1
1575558999 6.36728318 2.2857142857142856 3
1575559325 6.055055766 2.0 3
1575559644 6.520969496 0.14285714285714285 1
1575560012 6.384589161 2.4285714285714284 3
1575560341 6.444580769 2.1666666666666665 3
1575560673 6.482294036 0.3333333333333333 1
1575561207 6.735915643 2.2857142857142856 3
1575561550 6.540885273 2.1666666666666665 3
1575561907 6.785494053 0.3333333333333333 1
1575562313 6.388194629 2.4285714285714284 3
1575563023 6.470613301 3.0 3
1575563675 6.221355217 3.0 4
1575564272 6.168258541 2.1666666666666665 3
1575564856 6.098770713 2.1666666666666665 3
1575565420 6.45537701 1.8571428571428572 2
1575565989 6.08740557 2.0 3
1575566575 6.200345378 2.0 3
1575567890 6.299920772 3.857142857142857 5
1575568501 5.921638673 2.1666666666666665 3
1579186432 6.403131622 1.3333333333333333 2
1579186777 6.777387202 1.8333333333333333 3
1579187791 6.319192724 2.3333333333333335 4
1579188123 6.374868769 1.4285714285714286 2
1579188568 6.494910523 2.2857142857142856 3
1579189103 6.461858829 2.4285714285714284 3
1579189434 7.294901297 2.0 3
1579189762 6.089610263 2.6666666666666665 3
1579190103 6.217857617 2.5 3
1579190439 6.096490762 1.6666666666666667 2
1579190946 6.368502118 2.5 3
1579191561 6.221932111 1.6666666666666667 2
1579192126 6.14108913 1.6666666666666667 2
1579192706 6.119452554 2.7142857142857144 3
1579193271 6.05176577 1.3333333333333333 2
1579193862 6.315965068 2.142857142857143 3
1579194427 6.528598137 1.5 2
1579194996 6.03619064 1.6666666666666667 2
1579195585 6.197402474 1.5714285714285714 2
1579196149 6.542648962 1.4285714285714286 2
1579354192 6.113166955 2.5 3
1579354497 6.45667184 1.4285714285714286 2
1579354809 6.113926974 2.4285714285714284 3
1579355117 6.06983379 2.3333333333333335 3
1579355426 5.933365256 1.5 2
1579355735 6.114336081 2.5 3
1579356044 6.167464211 2.3333333333333335 3
1579356350 6.483140927 1.0 2
1579356656 6.067149464 2.5 3
1579356962 6.050780569 2.6666666666666665 3
1579359356 5.86371255 3.5 4
1579359929 5.969471958 2.8333333333333335 3
1579360493 6.060384966 2.6666666666666665 3
1579361050 5.987674255 2.6666666666666665 3
1579361606 6.006454361 2.6666666666666665 3
1579362160 5.997124975 2.5 3
1579362716 6.055042031 2.6666666666666665 3
1579363279 6.290006861 2.4285714285714284 3
1579363847 6.527698528 2.3333333333333335 3
1579364407 5.941264187 2.6666666666666665 3
1579524798 6.790041955 0.42857142857142855 1
1579525144 6.955380507 2.142857142857143 3
1579525529 6.472280027 3.0 4
1579525854 6.457571399 0.8571428571428571 2
1579526181 6.573108656 3.857142857142857 4
1579528475 7.299607103 2.5 3
1579528901 6.403375403 1.0 2
1579529286 5.274306962 2.8333333333333335 3
1579529626 7.268207323 3.142857142857143 4
1579529935 6.667668054 1.0 2
1579530323 6.551261801 3.1666666666666665 4
1579530970 7.08225583 3.0 4
1579532011 6.526118728 3.0 4
1579532712 6.874174002 3.142857142857143 4
1579533378 6.434090473 3.142857142857143 4
1579533982 6.92177254 3.2857142857142856 4
1579534642 6.523596303 3.142857142857143 4
1579535278 7.206697368 3.5714285714285716 5
1579535874 6.822310766 1.3333333333333333 2
1579536932 6.377198576 3.1666666666666665 4
1580217929 5.949540778 2.4 3
1580218256 6.732990361 0.42857142857142855 1
1580218582 6.438149403 0.5 1
1580218907 5.976634929 2.8333333333333335 4
1580219284 5.928367705 0.5 1
1580219628 5.982393365 0.5 1
1580222344 6.545347801 2.3333333333333335 3
1580222658 6.124753656 2.1666666666666665 3
1580222970 6.049886305 0.2857142857142857 1
1580223274 6.326310661 2.2857142857142856 3
1580223656 6.040309509 2.5 3
1580224217 5.976007258 0.3333333333333333 1
1580224773 5.995214699 0.5 1
1580225336 6.083203457 0.8333333333333334 1
1580225897 6.012043977 2.3333333333333335 3
1580226480 6.131012016 0.5 1
1580227048 6.019761277 0.8333333333333334 1
1580227645 6.078384353 2.6666666666666665 3
1580228228 6.006164412 1.3333333333333333 2
1580228786 6.189592988 0.2857142857142857 1
1580306565 6.264607641 0.2857142857142857 1
1580306866 6.384460064 0.42857142857142855 1
1580307268 6.06237639 0.8333333333333334 1
1580307744 6.145314699 2.1666666666666665 4
1580308056 7.713944647 1.0 3
1580308371 6.176546842 0.5 1
1580310573 5.887773304 2.5 3
1580310890 6.325314553 2.0 3
1580311198 6.646419294 3.0 4
1580311509 6.060951371 2.1666666666666665 3
1580311883 6.493328273 1.3333333333333333 2
1580312216 6.162789258 4.833333333333333 6
1580312797 6.13728563 3.1666666666666665 4
1580313352 6.159535919 1.0 3
1580314317 6.017440086 2.3333333333333335 3
1580314874 6.038836833 2.3333333333333335 3
1580315430 6.15515472 0.6666666666666666 1
1580315993 6.161100981 2.0 3
1580316695 6.079849233 0.3333333333333333 1
1580317282 6.269479159 2.5 3
1581936962 6.527514007 2.5714285714285716 4
1581937275 6.231702118 2.857142857142857 4
1581937621 6.504318689 2.1666666666666665 3
1581937942 6.320360657 0.3333333333333333 1
1581938261 6.377603221 1.5714285714285714 3
1581938583 6.409413505 1.1666666666666667 2
1581938888 6.220180701 2.1666666666666665 4
1581939231 6.621044565 0.0 0
1581939553 6.850323556 1.1428571428571428 2
1581939853 6.760426488 0.2857142857142857 1
1581942351 6.482362911 1.7142857142857142 3
1581942938 6.533189754 2.0 4
1581943555 6.831932107 2.857142857142857 4
1581944844 6.66145812 2.8333333333333335 4
1581945821 6.88672954 1.8571428571428572 3
1581946395 6.57995323 1.7142857142857142 3
1581946963 6.663517191 1.8333333333333333 3
1581947882 6.27688742 2.6666666666666665 4
1581948972 6.832815567 1.1428571428571428 2
1582030367 7.00291766 2.7142857142857144 5
1582030674 7.050093353 1.7142857142857142 3
1582031325 7.27924166 0.8571428571428571 3
1582031622 6.897507291 1.8333333333333333 3
1582031918 7.340810861 0.375 1
1582032304 7.271846023 2.2857142857142856 3
1582032613 7.102584534 2.125 4
1582032913 6.876115985 4.714285714285714 6
1582033208 7.332655776 0.5 1
1582033563 7.366910533 2.142857142857143 3
1582033889 7.350335592 0.14285714285714285 1
1582035550 7.278789789 2.2857142857142856 3
1582036156 7.174832989 1.25 2
1582036759 7.314256203 1.0 2
1582037366 7.336578976 2.0 3
1582037964 7.292342458 2.2857142857142856 5
1582038562 7.36169938 1.2857142857142858 2
1582041453 7.066141322 1.0 2
1582042064 6.781986851 3.0 5
1582043650 7.242868162 0.375 1
1582044264 7.260160867 0.5714285714285714 1
1582044866 7.22199365 0.2857142857142857 1
1582045167 7.168779074 1.1428571428571428 2
1582045467 7.109910949 0.2857142857142857 1
1582045778 7.230338056 0.2857142857142857 1
1582046075 7.165946019 0.2857142857142857 1
1582120422 6.127558032 7.333333333333333 9
1582188836 6.364878159 6.166666666666667 7
1582190864 6.726856989 5.285714285714286 6
1582191155 7.94495755 6.0 7
1582191445 10.35894642 4.454545454545454 6
1582191744 6.512210307 4.142857142857143 5
1582192037 6.402858998 6.0 7
1582192328 6.363244037 3.6666666666666665 4
1582192625 9.948990183 6.6 8
1582192914 6.724713324 5.166666666666667 6
1582193202 9.79952622 6.7 8
1582634981 6.42119972 1.1666666666666667 2
1582635263 6.436421898 0.0 0
1582635548 6.377504545 1.3333333333333333 2
1582635831 6.847219699 0.14285714285714285 1
1582636119 7.063943743 2.857142857142857 4
1582636406 5.941770164 0.5 1
1582636698 6.070473959 2.0 3
1582636984 6.065697842 0.0 0
1582637290 6.951738266 1.3333333333333333 2
1582637585 6.184797904 0.5 1
1582637878 6.975639592 1.1428571428571428 2
1582638438 6.531574948 2.0 3
1582639513 6.116964808 1.3333333333333333 2
1582640691 6.095500604 1.0 2
1582641250 6.322397135 1.5 2
1582641819 6.868966723 1.4285714285714286 2
1582642388 6.425875953 2.0 3
1582642963 6.514495854 1.8333333333333333 3
1582643565 6.523179201 0.2857142857142857 1
1582644121 6.240923323 0.2857142857142857 1
1582886233 6.049145512 0.42857142857142855 1
1582886520 6.14844881 2.3333333333333335 3
1582886816 6.172325392 1.1666666666666667 2
1582887104 6.70305625 2.3333333333333335 3
1582887395 6.176879776 0.3333333333333333 1
1582887687 5.971413618 2.1666666666666665 3
1582887970 6.432466292 0.5 1
1582888257 6.538099544 1.8571428571428572 3
1582888545 6.073497117 0.5 1
1582888906 6.123400858 0.5 1
1582898719 6.705786791 1.0 2
1582899292 6.396746349 1.5 3
1582899860 6.427693745 1.1666666666666667 2
1582900424 5.949922227 1.8333333333333333 3
1582902081 6.376941977 1.1428571428571428 2
1582902727 6.664688326 1.1666666666666667 2
1582903305 6.176695081 1.0 2
1574710738 6.542553847 0.0 0
1574708823 6.297861458 0.0 0
