1569854347 14.212477765 0.42857142857142855 1
1569855321 14.308013726 1.1333333333333333 2
1569855759 14.276323148 0.5 1
1570447087 13.804396243 0.8571428571428571 2
1570448892 13.339838433 0.7692307692307693 2
1570449393 13.290161824 0.7857142857142857 2
1570449829 13.773900973 1.2307692307692308 2
1571323379 13.253904919 1.2307692307692308 3
1571323771 13.175426388 0.9230769230769231 2
1571324174 13.338654516 0.8571428571428571 2
1571324572 13.241695558 0.5714285714285714 2
1571327503 13.331361158 0.9285714285714286 2
1571327894 13.266768535 0.8461538461538461 2
1571328285 13.181885459 0.9230769230769231 2
1571328676 13.207794722 0.8461538461538461 2
1571329067 13.175705432 0.9230769230769231 2
1571329458 13.341260958 0.8461538461538461 2
1571330051 13.34980405 0.6923076923076923 2
1571398006 13.444134258 0.5 2
1571398402 13.191631946 0.9230769230769231 2
1571398795 13.378879922 0.8461538461538461 2
1571399186 13.222458616 0.6923076923076923 2
1571399577 13.281004695 0.9230769230769231 2
1571399974 13.418599318 0.6923076923076923 2
1571400367 13.46324967 0.42857142857142855 1
1571400794 13.199625449 0.5714285714285714 2
1571401187 13.260679799 1.2307692307692308 3
1571401579 13.218204761 0.9230769230769231 2
1571406960 13.280950159 1.6923076923076923 4
1571407350 13.246617739 1.6153846153846154 3
1571407742 13.355208339 1.6428571428571428 3
1571408131 13.304091388 0.6923076923076923 2
1571408525 13.290451288 0.9230769230769231 2
1571666018 13.411520479 1.1538461538461537 3
1571666406 13.230644895 0.6923076923076923 2
1571666799 13.173521488 1.3846153846153846 3
1571667191 13.326293492 0.6923076923076923 2
1571667634 13.259587648 1.0 2
1571669286 13.303088993 1.2857142857142858 3
1571669679 13.380923352 0.5 1
1571754197 13.207514775 0.46153846153846156 1
1571754588 13.416234292 0.6923076923076923 2
1571754988 13.403586042 0.6428571428571429 2
1571755385 13.329570858 1.0 2
1571756616 13.380655334 0.5714285714285714 2
1571757047 13.373604104 0.9285714285714286 2
1571757476 13.377697711 0.5 2
1571757872 13.379700469 0.5 2
1571758266 13.354664001 0.5384615384615384 1
1571758656 13.270058378 1.0 3
1571762270 13.242647527 0.6153846153846154 2
1571762666 13.204313088 0.6923076923076923 2
1571763059 13.306241124 1.3846153846153846 3
1571763447 13.191601279 1.1538461538461537 3
1571763841 13.343195932 0.7692307692307693 2
1571764247 13.350978916 0.46153846153846156 2
1571764657 13.211299295 0.7692307692307693 2
1571765048 13.429524908 0.6153846153846154 2
1571765437 13.38189129 0.42857142857142855 1
1571765828 13.361797503 0.5384615384615384 2
1571766406 13.509194938 0.7692307692307693 2
1571767188 13.304606686 1.2142857142857142 3
1572006447 15.312888707 0.4 2
1572007155 13.301571336 0.46153846153846156 1
1572007547 13.254586595 0.38461538461538464 1
1572008049 13.306736256 0.46153846153846156 1
1572008450 13.347051056 0.6153846153846154 2
1572008853 13.159796523 0.9230769230769231 2
1572009247 13.406937952 0.5384615384615384 1
1572009636 13.268348504 0.46153846153846156 1
1572010028 13.207370621 0.6153846153846154 2
1572010424 13.103278005 0.5384615384615384 2
1572010814 13.339661881 0.5714285714285714 2
1572013377 13.25776026 0.42857142857142855 1
1572013770 13.335563887 1.3846153846153846 3
1572014161 13.276810225 0.5 2
1572014552 13.258852176 0.5384615384615384 2
1572014942 13.352550503 0.5384615384615384 1
1572268993 13.450841434 0.7142857142857143 2
1572269413 13.258995605 1.0769230769230769 3
1572269827 13.138785531 0.8461538461538461 2
1572270234 13.2082774 0.5 2
1572270629 13.323273804 0.6923076923076923 1
1572271115 13.267156318 0.6923076923076923 2
1572272361 10.684130725 1.8181818181818181 3
1572272692 10.565558487 0.8181818181818182 2
1572273026 10.842076436 0.6363636363636364 1
1572273373 10.904788192 0.7272727272727273 2
1572273705 10.708476651 1.4545454545454546 3
1572276130 10.842581327 0.8181818181818182 2
1572276467 10.649715399 1.0 2
1572276801 10.705966716 0.7272727272727273 2
1572277132 10.803879536 0.6363636363636364 2
1572277467 10.641292432 0.7272727272727273 2
1572277826 10.836794046 0.6363636363636364 1
1572278158 10.867884261 0.36363636363636365 1
1572278490 10.904197331 0.9090909090909091 1
1572363549 10.697010784 0.8181818181818182 2
1572363878 10.791102783 0.5454545454545454 1
1572364208 10.788408515 0.5454545454545454 2
1572364538 10.692322338 0.5454545454545454 1
1572364877 10.789702477 0.2727272727272727 1
1572365213 10.658868547 0.5454545454545454 1
1572365591 10.76352422 0.7 2
1572365964 10.863491174 0.45454545454545453 1
1572366305 10.811723917 0.36363636363636365 1
1572366639 10.79320639 0.5454545454545454 2
1572369667 10.881303749 0.5454545454545454 1
1572369998 10.864834187 0.5 1
1572370327 10.932341794 0.2727272727272727 1
1572370660 10.844072276 0.5454545454545454 2
1572370988 10.899070722 1.0 3
1572371321 10.926810867 0.36363636363636365 1
1572371650 10.957721297 0.36363636363636365 1
1572371982 10.785001401 0.45454545454545453 1
1572372311 10.750039228 0.4 1
1572372640 10.774432498 0.45454545454545453 2
1572533652 10.813394765 0.5 1
1572533996 10.974911435 0.45454545454545453 1
1572534345 10.30525244 0.9090909090909091 2
1572534684 10.731688751 0.7272727272727273 2
1572535018 10.761357297 0.7272727272727273 2
1572535366 11.179843987 1.4545454545454546 3
1572535696 10.823160901 0.6363636363636364 2
1572536032 10.794321647 0.2727272727272727 1
1572536394 10.754887094 0.45454545454545453 1
1572536730 10.888981336 0.36363636363636365 1
1572537329 10.77719764 1.1818181818181819 2
1572537986 10.724581342 0.45454545454545453 1
1572538646 10.803885937 0.45454545454545453 1
1572539299 10.811983704 0.6 2
1572539945 10.660333695 0.5454545454545454 1
1572540851 10.799383131 1.0909090909090908 2
1572541505 10.795079133 0.8181818181818182 2
1572542154 10.776479602 0.5 1
1572542800 10.902718367 0.36363636363636365 1
1572543465 11.246444798 1.5454545454545454 2
1572871219 10.814509736 0.5454545454545454 1
1572871870 10.761636191 0.45454545454545453 1
1572872547 10.926702376 0.7272727272727273 2
1572873200 10.856281704 0.8181818181818182 2
1572873851 11.754438464 1.5833333333333333 3
1572874912 13.555665187 1.6923076923076923 3
1572875776 10.842819305 0.6363636363636364 1
1572877001 10.974699911 1.8181818181818181 3
1572877651 10.862100412 0.8181818181818182 2
1572878880 10.805451061 1.0 2
1572880276 10.939352725 0.8181818181818182 2
1572880612 10.717366099 2.090909090909091 4
1572880957 10.840656945 3.4545454545454546 5
1572881296 10.790042343 3.2 5
1572881628 10.937941758 3.3636363636363638 5
1572881961 10.755233332 3.2 4
1572882291 10.767000577 3.5 5
1572882681 10.864396056 3.090909090909091 5
1572883033 10.837484366 3.1818181818181817 5
1572883372 10.766936758 3.272727272727273 6
1572967286 10.661737733 1.2 2
1572967943 10.952185486 1.0 2
1572969245 10.814912147 0.36363636363636365 1
1572969906 10.782303401 0.45454545454545453 1
1572970555 10.799655773 0.45454545454545453 1
1572971206 10.881280634 0.8181818181818182 2
1572971868 10.763769475 0.5454545454545454 1
1572972529 10.753046973 0.5454545454545454 1
1572973242 10.853054793 0.45454545454545453 1
1572973894 10.868043732 1.6363636363636365 3
1572974546 10.726701253 0.7272727272727273 2
1572975269 10.829677327 0.45454545454545453 1
1572975600 10.787463619 0.5454545454545454 1
1572975967 10.723664095 0.5454545454545454 2
1572976350 10.819898415 1.3 2
1572976681 10.870910429 0.5454545454545454 2
1572977010 10.982122789 0.5454545454545454 1
1572977341 42.349334255 0.16279069767441862 3
1572977703 10.77524306 0.36363636363636365 1
1572978051 10.675430649 0.45454545454545453 1
1573208829 10.819002308 0.3 1
1573209483 10.912373792 0.36363636363636365 1
1573210158 10.772497763 0.7272727272727273 2
1573210828 10.791241336 0.5 1
1573211484 10.954632101 0.5454545454545454 1
1573212133 11.00798441 0.6363636363636364 1
1573212785 10.999256599 0.6363636363636364 1
1573213436 10.936141707 0.5454545454545454 1
1573214107 10.6490849 0.6363636363636364 2
1573214761 10.879920846 0.36363636363636365 1
1573218296 10.919173881 0.36363636363636365 1
1573218628 10.875874288 0.45454545454545453 1
1573306538 11.05695117 0.45454545454545453 1
1573306854 11.240165285 0.36363636363636365 1
1573307192 11.076932263 0.45454545454545453 1
1573307514 10.949868983 0.6363636363636364 2
1573307829 10.875412032 0.36363636363636365 1
1573308150 10.609438945 0.4 1
1573308477 10.63155745 0.45454545454545453 1
1573308796 10.876841093 0.36363636363636365 1
1573309117 11.282296327 0.4166666666666667 1
1573309449 10.733062635 0.45454545454545453 1
1573310287 11.557231145 0.8181818181818182 2
1573310912 10.944594807 0.6363636363636364 2
1573311526 10.728687915 0.45454545454545453 1
1573312230 10.937366361 0.36363636363636365 1
1573312841 10.288603505 1.0 2
1573313467 11.353931679 0.45454545454545453 1
1573314099 10.90038997 0.45454545454545453 2
1573314715 10.831262435 0.45454545454545453 1
1573828062 10.471815007 2.090909090909091 4
1573828372 9.544463169 1.4 3
1573828682 9.671570809 1.2 3
1573828988 9.583215411 1.3333333333333333 3
1573829291 9.700341403 1.3 3
1573829601 9.95836393 2.3 5
1573830157 10.331764539 2.6 5
1573830467 10.22308771 1.4 3
1573830774 9.680860104 1.3 4
1573831082 9.648406366 1.6 4
1573902715 9.499750899 1.3333333333333333 3
1573903023 10.131004123 1.1818181818181819 3
1573903334 10.549846503 1.3636363636363635 3
1573903646 10.558757865 1.1818181818181819 3
1573903956 10.385782814 1.1818181818181819 3
1573904266 9.856444561 1.3333333333333333 3
1574688034 9.913963064 0.5 2
1574688352 10.07382161 1.7 3
1574692043 10.337916543 1.7 3
1574692359 10.463162453 1.9 3
1574693275 9.58041601 0.5 1
1574693590 9.92913128 1.6 3
1574693921 10.518271982 1.0909090909090908 2
1574694345 9.622876621 1.6 2
1574694671 9.636093433 1.9 3
1574695225 9.666427248 1.2 2
1574695567 9.822279029 1.5 3
1574695876 9.751740659 1.5555555555555556 3
1574696332 10.605427018 1.0909090909090908 2
1574696909 9.837861532 2.1 3
1574697501 9.791697991 1.5 2
1574698079 9.895766136 1.1 2
1574698664 9.691369215 2.5555555555555554 4
1574708118 9.806389874 0.3333333333333333 1
1574708812 10.219757841 0.0 0
1574709441 9.935582571 1.3 2
1574710728 9.803161284 0.0 0
1574950824 9.609077358 0.3333333333333333 2
1574951198 10.155659244 0.8 2
1574951551 10.9959661 2.3636363636363638 5
1574951878 10.487343818 0.7 2
1574952193 9.860371275 0.8 2
1574952590 10.065131065 0.8 2
1574952919 9.831227164 0.7 2
1574953287 9.840465916 0.5 2
1574953597 10.10298545 0.7 2
1574953935 9.812355763 0.5 2
1574956087 9.671564763 0.3 2
1574956659 10.13773468 0.7 2
1574957351 9.889294253 0.7 2
1574957927 10.2330238 0.6 2
1574958519 9.995247004 0.5 1
1574959108 9.896145286 0.6 2
1574959711 10.387814286 2.0 4
1574960287 10.062562913 0.7 2
1574960900 9.856647277 1.0 2
1574961539 10.005114328 0.7 2
1575028224 9.880868637 1.4 3
1575028533 9.777051026 2.1 3
1575028844 9.881231062 0.6 2
1575029182 10.637749905 1.2 2
1575029492 9.884792452 1.4444444444444444 3
1575029802 9.980083065 1.7 3
1575030115 10.382742527 0.4 2
1575030428 10.509046523 0.7 2
1575030747 10.040023401 0.3 2
1575031074 10.339465534 0.18181818181818182 1
1575033010 9.908341912 0.4 2
1575033577 10.691388292 0.6 1
1575034169 10.761845901 2.1 4
1575034736 10.400821624 0.8 2
1575035307 9.909554097 1.3 3
1575036330 10.150707653 1.0 3
1575036907 9.93509265 1.6 3
1575037466 9.900912563 1.2 2
1575038470 9.622917325 0.5555555555555556 2
1575039037 9.884323133 0.5555555555555556 2
1575114508 9.869179856 0.3 2
1575114815 9.805917337 1.6 3
1575115124 9.943144557 0.4 2
1575115433 10.212794245 0.7272727272727273 2
1575115742 10.295767459 0.6 2
1575116059 10.016590102 0.6 2
1575116369 10.742872732 1.1818181818181819 3
1575116678 9.700648931 0.3 2
1575116988 9.835309626 0.8 2
1575117297 9.869142741 0.5 2
1575120301 10.017364369 1.4 3
1575120864 10.176043396 0.7 2
1575121425 9.675685691 0.6 2
1575122486 10.107766715 1.2727272727272727 3
1575123045 9.910149177 0.6 2
1575123604 9.714735848 1.1 3
1575124160 9.728066203 0.4 2
1575124728 9.911988998 0.6 2
1575125284 9.657465654 0.6 2
1575125853 10.287523498 0.7 2
1575293023 9.793542537 0.3333333333333333 1
1575293356 10.635056155 1.2727272727272727 2
1575293697 10.183595949 1.4545454545454546 2
1575294034 9.776706764 0.4 1
1575294378 9.823489023 0.3333333333333333 1
1575294722 10.33196683 0.5 1
1575295084 9.690802159 0.2 1
1575295476 9.777530282 0.5 1
1575295835 9.697440151 0.3 1
1575297034 9.97340071 0.6 2
1575297596 10.195672704 1.5 2
1575298177 9.698557362 0.4444444444444444 1
1575298743 9.766239987 0.6 2
1575299322 9.738737646 0.3333333333333333 1
1575299896 10.53044928 0.3 1
1575300517 10.346456544 0.5 1
1575301088 9.856096374 0.9 2
1575301897 10.516687514 0.36363636363636365 1
1575385915 9.965831736 0.3 1
1575386227 10.096682131 0.5 2
1575386538 9.839442035 0.3 1
1575386943 11.500923082 0.36363636363636365 2
1575387252 10.31129322 0.8 2
1575387562 9.827793837 0.3333333333333333 2
1575387871 9.910361637 0.7 2
1575388179 10.012018681 0.3 1
1575388487 9.894557885 0.5 2
1575388793 10.015344745 0.3 1
1575390084 10.065233614 0.6 2
1575390652 10.255994529 0.5 2
1575391220 10.592408239 0.5454545454545454 1
1575391783 9.950161594 0.4 1
1575392595 9.914444308 1.3 2
1575393230 11.407837514 0.45454545454545453 2
1575393792 10.418990877 0.6363636363636364 3
1575394358 10.377058953 0.7 1
1575394921 10.411464707 0.36363636363636365 1
1575395483 9.695284179 1.8 3
1575473445 13.688076041 6.857142857142857 9
1575558676 9.824567113 0.6 2
1575558990 9.677782064 0.5555555555555556 1
1575559315 10.230862368 0.4 1
1575559635 9.645043651 0.3333333333333333 1
1575560002 10.043382344 0.6 1
1575560331 9.629259569 0.3 1
1575560663 9.766401859 0.6 2
1575561196 10.371898889 0.7272727272727273 2
1575561540 9.736522218 0.3 1
1575561897 9.69792554 0.2 1
1575562303 9.853748597 0.8 2
1575563013 9.706856747 1.6 2
1575563665 10.161200487 0.6 1
1575564262 9.665118342 0.4 1
1575564846 9.68272893 0.3 1
1575565411 9.753103973 0.4444444444444444 1
1575565979 10.101459665 0.6 2
1575566565 10.120348636 0.5 2
1575567880 10.367243712 1.1 3
1575568491 9.730852736 0.6 1
1579186422 10.070293352 0.9 3
1579186767 9.48330185 1.4 2
1579187781 10.159842495 1.1 3
1579188113 10.479186463 1.4 2
1579188558 9.74931993 1.0 2
1579189094 9.63845944 0.7777777777777778 2
1579189424 9.988925442 1.9 3
1579189752 9.653276937 0.5 2
1579190093 9.387226615 0.6 1
1579190428 10.720100974 2.090909090909091 3
1579190936 9.41799551 0.5 1
1579191551 9.73558434 1.3 2
1579192116 9.769086758 0.7 2
1579192696 10.309434585 0.8 2
1579193262 9.565820281 1.0 2
1579193851 10.291476384 2.8 4
1579194416 10.410822081 0.8181818181818182 2
1579194986 9.905075219 0.5 2
1579195575 10.145464703 1.5 3
1579196139 10.332337881 1.8 3
1579354182 10.015571094 1.2 3
1579354487 10.011371467 2.3 4
1579354800 9.755681876 0.6666666666666666 2
1579355106 10.428146729 1.3636363636363635 3
1579355416 9.955607395 1.7 3
1579355726 9.81183782 0.6666666666666666 2
1579356034 9.96026273 1.4 3
1579356340 10.292778702 2.2 4
1579356647 9.740449687 0.6 2
1579356952 10.436691575 1.3 3
1579359346 9.882789932 1.0 2
1579359919 9.831227419 0.4 2
1579360483 9.744402368 0.7 2
1579361040 9.777264371 0.5 2
1579361596 9.743724043 1.8 3
1579362150 9.806564818 0.7 2
1579362706 9.656904976 0.9 2
1579363269 10.578805336 0.9 2
1579363836 10.650887899 1.1818181818181819 2
1579364397 10.089940397 1.1 2
1579524788 10.014899248 0.8 2
1579525134 9.718896475 0.9 2
1579525520 9.73516354 1.2222222222222223 2
1579525844 9.783225496 0.5 2
1579526172 9.851620047 1.1111111111111112 2
1579528466 9.7449547 0.7777777777777778 2
1579528891 9.714928993 0.6 2
1579529275 9.341489085 1.1111111111111112 3
1579529616 9.93250301 0.8 2
1579529925 10.046662296 1.3 3
1579530313 9.773193449 1.1 3
1579530960 9.717854955 1.4 3
1579532001 9.688955943 0.4 1
1579532703 9.435978734 0.4444444444444444 1
1579533368 9.86509523 0.6 2
1579533972 9.766656851 0.9 2
1579534633 9.680032191 0.7 2
1579535268 10.21551171 0.9 2
1579535864 9.703322283 1.4 3
1579536922 9.672245383 1.1 3
1580217918 10.33740973 2.090909090909091 4
1580218246 10.55522716 0.5 1
1580218572 10.27344734 2.4 5
1580218897 9.959801967 0.7 2
1580219274 9.784613851 0.5 1
1580219618 9.740000576 1.2 3
1580222333 10.351013571 1.4545454545454546 3
1580222648 10.028294553 0.8 2
1580222960 9.871605322 0.6666666666666666 2
1580223265 9.713337272 1.0 2
1580223646 10.400609165 0.9 2
1580224207 10.193610651 0.9 2
1580224763 9.794100499 1.2 2
1580225326 10.298525183 0.8 2
1580225888 9.760121431 1.0 2
1580226470 9.851553509 0.6 2
1580227038 10.000353531 1.2 3
1580227634 10.964840581 2.1818181818181817 4
1580228218 9.970246431 1.7 3
1580228776 10.057898882 1.9 4
1580306556 9.671193253 1.6666666666666667 3
1580306857 9.38542294 1.2222222222222223 3
1580307257 10.435196591 0.6363636363636364 2
1580307734 10.308652946 1.6 3
1580308047 9.253236628 1.3333333333333333 2
1580308361 10.085981908 1.3 3
1580310563 9.758358785 1.0 3
1580310875 14.6130432 2.2666666666666666 4
1580311188 9.935217753 1.0 2
1580311499 9.590501495 0.7 2
1580311872 10.455876754 2.272727272727273 4
1580312206 10.235076189 0.9 2
1580312787 10.019814387 1.9 3
1580313343 9.687351748 1.0 2
1580314307 9.864748851 0.9 2
1580314864 9.840833122 0.9 2
1580315420 10.108519002 2.5 4
1580315983 10.25388383 1.9 4
1580316685 9.741607597 0.8 2
1580317272 10.224405606 0.6 2
1581936952 10.13178231 0.8 3
1581937265 10.315905418 1.1 3
1581937611 10.214842346 1.2 2
1581937931 10.734901465 0.9090909090909091 2
1581938252 9.787908606 0.7777777777777778 2
1581938573 9.849296885 1.0 2
1581938878 9.614850413 2.2 4
1581939220 10.506027634 1.0 3
1581939543 9.891800836 2.1 4
1581939844 9.465360945 1.0 3
1581942341 9.481170778 1.6666666666666667 3
1581942928 10.257424969 1.4 2
1581943546 9.735743476 0.4444444444444444 1
1581944781 62.278220138 0.8412698412698413 1
1581945810 10.134165428 1.5 2
1581946384 10.931741346 1.2727272727272727 2
1581946952 10.524021264 1.4545454545454546 3
1581947872 10.279258692 0.6 1
1581948961 11.369131982 0.5454545454545454 1
1582030356 11.374993163 0.8181818181818182 2
1582030663 11.396335776 1.7272727272727273 3
1582031313 11.410558523 1.25 4
1582031610 11.330942065 0.8333333333333334 2
1582031907 11.451621703 0.8181818181818182 2
1582032292 11.428793939 0.5833333333333334 2
1582032602 11.45141085 1.0 2
1582032901 11.538260836 0.9166666666666666 2
1582033197 11.085617829 1.0 2
1582033551 11.4436705 0.3333333333333333 1
1582033877 11.48011562 0.6666666666666666 2
1582035538 11.756412734 2.1666666666666665 4
1582036145 11.663472694 2.090909090909091 4
1582036748 11.602960161 2.1818181818181817 4
1582037355 10.804014425 3.5454545454545454 6
1582037953 11.031313961 1.9090909090909092 4
1582038550 11.690302464 1.5833333333333333 3
1582041442 11.114945728 2.727272727272727 6
1582042053 11.06422358 3.0 6
1582043639 11.801275498 1.1818181818181819 2
1582044252 11.705939311 2.0 5
1582044854 11.647592667 0.5 2
1582045156 11.684242612 1.0 2
1582045455 11.562043015 1.25 3
1582045767 11.72284909 1.0909090909090908 3
1582046064 11.511429233 0.7272727272727273 1
1582120411 11.412481846 5.916666666666667 9
1582188826 9.890738218 6.1 8
1582190853 10.78965435 6.181818181818182 8
1582191144 10.748362893 5.818181818181818 7
1582191435 10.397442638 5.9 8
1582191733 11.508328684 7.363636363636363 9
1582192026 10.633546424 6.818181818181818 9
1582192317 10.188925014 5.909090909090909 8
1582192615 10.185357987 6.5 9
1582192903 10.410979674 6.0 7
1582193192 9.765316769 6.9 9
1582634970 10.476193063 0.36363636363636365 1
1582635253 10.386618416 0.4 1
1582635537 10.730274834 0.5454545454545454 2
1582635821 10.000147589 0.6 2
1582636108 10.916389229 1.2727272727272727 2
1582636396 9.799703975 0.4 1
1582636688 9.662798208 0.3 1
1582636975 9.587256341 0.5555555555555556 1
1582637278 11.274780874 0.5833333333333334 1
1582637574 11.055536854 0.45454545454545453 1
1582637867 10.920671362 0.45454545454545453 1
1582638427 10.566066346 0.8181818181818182 2
1582639502 10.392593817 0.45454545454545453 1
1582640681 9.722215017 0.5 1
1582641240 9.621790179 0.5 2
1582641808 10.583839687 0.36363636363636365 1
1582642378 10.081864443 1.5 2
1582642953 9.946328147 1.9 4
1582643555 10.065848897 1.3 2
1582644112 9.7797703 2.2222222222222223 4
1582886223 9.786589413 0.3333333333333333 1
1582886510 9.687959643 0.7 2
1582886806 10.334978612 1.4 3
1582887094 10.241379495 0.45454545454545453 1
1582887385 9.799752617 0.5 2
1582887677 9.728093557 0.2 1
1582887960 9.90766623 0.5 1
1582888247 10.506501573 0.7 2
1582888535 9.781142244 0.2 1
1582888896 10.175344474 0.3 1
1582898709 10.51565027 1.8 2
1582899282 9.784139835 1.6 3
1582899849 10.361268919 1.5454545454545454 3
1582900414 9.662773439 1.1 2
1582902071 9.894525872 0.7 2
1582902716 10.785617329 0.45454545454545453 1
1582903296 9.814990216 1.3 2
1574710728 9.803161284 0.0 0
1574708812 10.219757841 0.0 0
