1569853798 4.50130714 1.8 2
1569854870 4.091825978 0.8 2
1569855415 4.392476924 0.0 0
1570447222 6.104229651 1.5714285714285714 3
1570447239 13.792163321 0.5 1
1570448989 8.158128168 1.5555555555555556 3
1570449483 4.011275944 0.0 0
1570449922 5.132054989 0.0 0
1571323469 4.263118922 0.0 0
1571323861 4.091604129 2.6 4
1571324264 4.444908967 0.16666666666666666 1
1571324664 4.179373394 1.8 2
1571327594 4.279605939 0.4 1
1571327984 4.143090812 0.3333333333333333 1
1571328375 4.411489683 1.0 1
1571328766 4.16309002 1.4 2
1571329158 4.254955729 0.0 0
1571329548 3.960462024 0.6 1
1571330522 4.167463872 0.5 1
1571398096 4.091551521 1.2 2
1571398492 4.208455637 1.4 2
1571398885 4.247313313 0.4 1
1571399277 4.243559261 0.0 0
1571399669 4.01324526 1.6 3
1571400065 4.118242578 0.4 1
1571400457 3.969383877 0.6 2
1571400885 4.04518089 0.8 2
1571401279 4.16502159 0.3333333333333333 1
1571401669 4.061859183 0.8 2
1571407050 4.170408834 1.1666666666666667 2
1571407442 3.866572766 0.4 1
1571407833 4.349824664 0.8 1
1571408222 4.124678019 1.4 2
1571408616 4.144292701 0.4 1
1571666108 3.888063161 0.5 2
1571666496 4.008034541 0.8 2
1571666889 4.130526848 1.4 2
1571667281 4.135023863 1.2 3
1571667725 4.565012862 0.8 1
1571669376 3.930637542 1.2 2
1571669771 3.98320452 2.0 2
1571754287 4.024633836 0.6 2
1571754679 4.139595041 2.2 4
1571755080 3.984836175 1.6 3
1571755475 4.003743753 0.8 2
1571756707 4.084755499 0.6 1
1571757567 3.909518101 2.4 4
1571757963 4.140919223 2.0 2
1571758356 4.1819858 1.0 2
1571758748 4.004613864 0.6 2
1571762360 4.017236542 1.0 2
1571762757 4.074767988 0.6 2
1571763149 4.158466167 1.2 3
1571763539 3.917545899 0.6 2
1571763932 4.216848546 1.0 2
1571764357 3.955093517 1.8 3
1571764748 4.02542683 1.0 2
1571765139 4.03562299 1.4 3
1571765528 3.890599716 1.8 3
1571765919 4.144868428 1.8 3
1571766883 3.919523166 1.6 4
1571767665 4.257223304 1.2 2
1572007246 4.141500439 0.0 0
1572007639 4.178250776 3.6666666666666665 5
1572008139 4.05994846 1.0 2
1572008550 3.877659772 1.4 3
1572008943 4.127546296 1.3333333333333333 2
1572009337 3.975184913 1.4 3
1572009726 4.211281293 1.2 3
1572010118 3.951164559 1.2 3
1572010514 3.873026112 0.0 0
1572010904 3.864084864 1.4 3
1572013468 4.133292566 0.2 1
1572013861 3.812427133 0.0 0
1572014251 4.134065296 0.16666666666666666 1
1572014642 4.065354054 0.0 0
1572015032 4.130570745 0.2 1
1572269089 4.218331224 0.2 1
1572269504 4.038772479 0.0 0
1572269918 4.188587675 0.4 1
1572270324 3.917156768 1.0 3
1572270719 4.041391144 1.0 2
1572272438 3.661660754 1.0 2
1572272768 3.473939032 0.4 1
1572273103 3.505785513 1.5 3
1572273450 3.347814597 0.5 1
1572273782 3.440907002 0.75 1
1572276207 3.469092018 1.0 2
1572276543 3.330806716 0.6 1
1572276877 3.489998334 0.6 1
1572277208 3.527697207 0.4 1
1572277902 3.251955556 0.4 1
1572278234 3.330259572 0.8 2
1572278566 3.600873906 0.75 1
1572363624 3.471300854 1.0 2
1572363954 3.387018671 0.5 1
1572364284 3.669097983 1.4 3
1572364614 3.322918588 0.5 1
1572364952 3.676625398 1.0 2
1572365288 3.591283816 1.8 2
1572365665 3.534430305 1.0 2
1572366039 3.512775466 0.4 1
1572366380 3.612347195 1.0 2
1572366714 3.537510414 0.6 2
1572369742 3.453713488 1.25 2
1572370073 3.632751841 0.0 0
1572370403 3.605780107 0.0 0
1572370735 3.355152172 0.2 1
1572371064 3.31633047 0.25 1
1572371397 3.463349698 1.75 4
1572371725 3.455480852 1.0 2
1572372057 3.360455815 1.0 2
1572372385 3.46603049 1.4 3
1572372719 3.497044178 0.0 0
1572533730 3.743116261 1.0 2
1572534075 3.553418267 1.5 2
1572534431 3.755815387 0.8 2
1572534760 3.582581563 1.0 1
1572535442 3.736104187 0.6 2
1572535771 3.762770039 0.2 1
1572536107 3.816753353 2.2 4
1572536470 3.757853963 1.8 2
1572536806 3.636021873 1.25 2
1572537723 3.562143434 1.4 3
1572538376 3.820784276 1.8 4
1572539036 3.631491414 1.25 3
1572539689 3.69584309 1.5 4
1572540337 3.708536061 1.8 4
1572541247 3.694586692 1.75 2
1572541894 3.694638472 1.4 3
1572542544 3.903697818 1.8 4
1572543190 3.576546434 1.2 3
1572543863 3.632951122 1.4 3
1574711089 3.416738733 0.0 0
1574708884 3.336897361 0.0 0
