1569853651 8.145318635 0.5 2
1569854291 8.262433984 0.5 2
1569855265 8.506002167 0.75 2
1569855700 9.451460724 2.1 3
1570447027 8.521906734 2.125 3
1570448838 8.001467118 1.5 2
1570449310 8.008687254 0.75 2
1570449775 8.874672127 0.8888888888888888 2
1571323326 8.687729962 0.6666666666666666 2
1571323720 7.416328235 0.5714285714285714 2
1571324122 8.163888056 1.5 2
1571324522 8.248680942 1.0 2
1571327453 7.548518834 0.0 0
1571327844 6.627802368 0.0 0
1571328233 7.600669086 0.0 0
1571328624 8.168933221 0.0 0
1571329016 7.65171511 0.0 0
1571329406 8.220151459 0.0 0
1571330000 7.669824579 0.0 0
1571397958 6.11134464 0.7142857142857143 2
1571398352 7.792489582 1.0 2
1571398743 7.857094509 1.5 3
1571399136 7.668403967 0.625 2
1571399526 8.021729825 0.75 2
1571399924 7.562623591 0.5714285714285714 2
1571400315 7.923616598 0.75 2
1571400743 8.235074734 0.9 2
1571401136 7.427534369 0.75 2
1571401530 6.199482934 0.8571428571428571 2
1571406910 7.75280822 1.0 2
1571407299 9.521711069 1.1111111111111112 2
1571407695 4.531808197 0.8333333333333334 2
1571408080 7.924531515 0.75 2
1571408474 7.90028845 0.625 2
1571665966 8.78758551 0.7777777777777778 3
1571666355 7.996074409 1.0 2
1571666748 6.099776061 0.8571428571428571 2
1571667140 8.040583867 0.75 2
1571667577 7.781315415 1.25 3
1571669229 7.965139325 0.875 2
1571669628 7.777376447 0.0 0
1571754145 5.612801492 1.5714285714285714 3
1571754540 4.984832105 1.1666666666666667 2
1571755334 7.956590386 0.75 2
1571756566 8.212455378 1.125 2
1571756991 9.514275654 1.0 2
1571757427 6.303911841 0.8571428571428571 2
1571757821 8.02596839 0.75 2
1571758215 8.230327001 0.75 2
1571758604 7.653657431 1.125 3
1571762219 8.564433021 0.875 3
1571762616 7.992049191 0.875 2
1571763008 7.90824481 2.5 5
1571763396 8.228665528 0.875 2
1571763790 8.207149715 0.875 2
1571764196 7.84696542 0.875 3
1571764606 7.982077488 1.875 4
1571764997 8.001470219 0.875 3
1571765386 8.113615768 2.0 3
1571765777 8.699528777 0.6666666666666666 2
1571766355 8.365489758 1.75 3
1571767137 7.604527277 0.75 2
1572006363 7.334144488 2.25 3
1572007102 9.732634437 0.6 2
1572007496 8.252679584 0.875 2
1572007998 7.938161201 0.875 2
1572008399 7.429505172 0.875 2
1572008804 5.766314133 1.2857142857142858 2
1572009196 8.159894492 0.75 2
1572009587 5.868886666 0.5714285714285714 2
1572009977 7.831970115 0.625 2
1572010373 8.190928436 0.8888888888888888 3
1572010763 8.044244224 1.375 3
1572013325 8.18154936 0.625 2
1572013719 7.547954597 1.375 2
1572014111 7.673003473 0.7142857142857143 2
1572014501 7.726213048 0.875 2
1572014891 8.276236601 0.875 3
1572268942 7.643715889 0.625 2
1572269360 7.385713685 0.625 2
1572269775 8.006170112 0.75 2
1572270185 6.4322742 1.1428571428571428 3
1572270578 7.83836614 0.7142857142857143 2
1572270973 16.907117097 1.8235294117647058 4
1572272319 6.660791736 2.142857142857143 4
1572272650 6.681107857 0.8571428571428571 2
1572272984 6.494637385 1.1428571428571428 2
1572273326 7.955480453 1.5 3
1572273663 6.354952677 0.5714285714285714 1
1572276088 5.983484599 0.0 0
1572276424 6.544353544 0.0 0
1572276761 4.741451871 0.0 0
1572277090 6.757589507 0.0 0
1572277785 5.843664917 0.0 0
1572278117 4.920982365 0.3333333333333333 1
1572278448 6.369938635 0.0 0
1572363507 6.210207598 0.6666666666666666 2
1572363837 6.303808516 1.0 2
1572364167 6.206198032 0.8333333333333334 2
1572364496 6.462415918 0.8571428571428571 2
1572364835 6.214558986 0.42857142857142855 1
1572365171 6.319470554 0.5714285714285714 2
1572365550 4.825156954 0.8333333333333334 2
1572365923 6.707835097 0.8571428571428571 2
1572366264 6.188511821 1.0 3
1572366597 6.346695796 0.6666666666666666 2
1572369625 6.405610327 1.0 2
1572369956 6.642341215 1.1666666666666667 4
1572370286 6.619080086 1.1666666666666667 4
1572370619 6.254883821 0.8571428571428571 3
1572370946 6.789514161 0.7142857142857143 2
1572371279 6.311512002 0.6666666666666666 2
1572371609 6.740977011 0.6666666666666666 2
1572371940 6.330815202 0.8571428571428571 2
1572372269 6.700979985 0.6666666666666666 2
1572372599 6.44163404 1.2857142857142858 2
1572533604 6.598803086 1.5 3
1572533941 6.163457871 0.6666666666666666 2
1572534296 6.479788081 1.5 2
1572534643 6.167956917 0.6666666666666666 2
1572534976 6.772883279 0.8571428571428571 2
1572535324 6.038534565 1.5 3
1572535655 6.6174883 1.3333333333333333 2
1572535989 6.917886395 1.0 2
1572536353 6.525068707 0.8333333333333334 2
1572536688 6.337111087 1.5 3
1572537288 6.071668959 0.8333333333333334 2
1572537944 6.277350305 0.6666666666666666 1
1572538603 6.300535468 0.8333333333333334 2
1572539250 6.376311193 0.6666666666666666 2
1572539904 6.018144821 2.1666666666666665 3
1572540810 6.569753385 0.8333333333333334 2
1572541463 6.738776039 1.8571428571428572 4
1572542112 6.428386217 0.3333333333333333 1
1572542759 6.558267625 0.6666666666666666 2
1572543400 6.359430332 0.7142857142857143 2
1572871176 6.626766921 0.7142857142857143 2
1572871830 4.222827275 0.8 1
1572872504 6.875087109 1.5714285714285714 2
1572873157 6.645483992 1.5714285714285714 3
1572873810 6.099311926 0.8333333333333334 2
1572874870 5.915645363 0.8333333333333334 2
1572875731 6.059291733 1.6666666666666667 3
1572876959 6.92011927 0.7142857142857143 2
1572877609 6.519791412 0.5714285714285714 1
1572878837 6.544005416 0.8333333333333334 2
1572880234 6.205698651 1.5714285714285714 3
1572880569 6.290806545 0.7142857142857143 2
1572880910 4.595664546 1.0 2
1572881252 6.40047331 0.8333333333333334 2
1572881587 6.306245132 1.2857142857142858 2
1572881919 6.367820909 1.0 2
1572882249 6.358382278 1.2857142857142858 3
1572882640 6.416696421 1.3333333333333333 2
1572882991 6.540572484 1.5714285714285714 3
1572883330 6.426158214 0.6666666666666666 2
1572967240 6.664683293 1.3333333333333333 3
1572967901 6.538129208 0.7142857142857143 2
1572969203 6.427792588 0.8333333333333334 2
1572969864 6.410724668 0.42857142857142855 1
1572970513 6.500595911 0.5714285714285714 2
1572971165 6.372626442 0.8333333333333334 2
1572971826 6.58498526 0.8571428571428571 3
1572972487 6.794802299 0.42857142857142855 1
1572973200 6.570845672 0.7142857142857143 2
1572973853 6.471455707 1.7142857142857142 4
1572974506 5.087967437 1.8333333333333333 3
1572975229 4.800291644 0.6666666666666666 2
1572975559 6.356204229 1.0 2
1572975925 6.558586072 1.8571428571428572 3
1572976308 6.460969978 1.3333333333333333 3
1572976639 6.330478735 0.7142857142857143 2
1572976969 6.445925671 1.5 2
1572977300 6.455414863 1.5 3
1572977661 6.513327598 0.7142857142857143 2
1572978009 6.291970761 0.42857142857142855 1
1573208787 6.661615952 1.0 2
1573209438 6.296340122 2.0 3
1573210107 6.740460334 2.6666666666666665 3
1573210773 11.325953572 2.6363636363636362 4
1573211442 6.369259479 1.4285714285714286 2
1573212092 6.414688297 0.8333333333333334 2
1573212743 6.635409949 0.5714285714285714 1
1573213395 6.396815465 0.5714285714285714 2
1573214064 6.474778174 1.5 3
1573214720 6.408932628 0.8333333333333334 2
1573218255 6.137889201 0.6666666666666666 1
1573218584 6.92795724 1.8571428571428572 3
1573306499 5.669893338 0.6666666666666666 2
1573306814 5.606235935 0.6666666666666666 2
1573307151 6.588913019 1.4285714285714286 3
1573307474 5.729997989 0.5 1
1573307790 5.547064069 0.6666666666666666 2
1573308110 5.705027861 1.0 2
1573308438 5.528834116 0.6666666666666666 2
1573308756 6.597102793 0.7142857142857143 2
1573309077 6.637831695 0.6666666666666666 2
1573309407 6.021217316 1.1666666666666667 2
1573310248 5.851538382 1.8333333333333333 3
1573310873 5.840528055 0.5 1
1573311488 5.578021115 0.6 2
1573312106 5.753092999 0.5 1
1573312803 5.703471242 0.4 1
1573313428 5.701649312 0.6 2
1573314060 6.165672258 1.1666666666666667 2
1573314676 5.559491945 0.6666666666666666 2
1573828023 6.044055041 1.5 3
1573828334 5.759505742 1.0 2
1573828644 5.738381252 1.3333333333333333 3
1573828950 5.892128707 1.8333333333333333 4
1573829253 6.009195949 1.6666666666666667 3
1573829563 5.695783984 1.8 3
1573830119 5.483953478 3.0 4
1573830429 5.847424525 1.3333333333333333 3
1573830737 5.547338394 1.4 3
1573831044 5.86906519 1.3333333333333333 3
1573902678 5.707943377 1.1666666666666667 3
1573902986 5.756685863 1.6666666666666667 3
1573903296 5.528764219 1.3333333333333333 3
1573903607 6.453585102 1.6666666666666667 4
1573903918 5.908748752 1.0 2
1573904227 5.808805289 1.0 3
1574687996 6.458182532 1.1666666666666667 2
1574688314 6.104810285 0.5 1
1574692005 4.648083308 0.8 2
1574692322 4.706912473 0.5 1
1574693237 5.896622124 1.6 3
1574693546 5.733456698 0.0 0
1574693877 6.157744237 1.0 2
1574694304 6.004472637 1.5 2
1574694633 6.207628597 0.16666666666666666 1
1574695187 5.932429991 1.3333333333333333 2
1574695528 6.102384198 0.16666666666666666 1
1574695838 5.678755477 1.4 2
1574696293 5.741475915 0.6666666666666666 2
1574696865 5.797709385 0.5 1
1574697464 5.918982001 0.16666666666666666 1
1574698042 5.750973781 0.4 2
1574698626 6.064234968 0.3333333333333333 1
1574708079 5.886413239 0.6 2
1574708774 5.987762581 0.0 0
1574709402 5.90338513 0.14285714285714285 1
1574710690 4.713240544 0.0 0
1574950785 6.135720236 1.1666666666666667 2
1574951159 5.919278138 0.5 2
1574951495 14.06406664 0.8571428571428571 2
1574951836 6.028014888 0.6666666666666666 1
1574952155 6.16724738 0.8333333333333334 2
1574952551 6.553323103 0.5714285714285714 1
1574952881 5.91271976 0.0 0
1574953249 6.210300489 0.8333333333333334 2
1574953559 6.126584762 0.8333333333333334 2
1574953888 6.980064012 2.142857142857143 3
1574956044 10.043091513 2.6 5
1574956621 5.926425076 1.3333333333333333 2
1574957312 6.252360445 0.3333333333333333 1
1574957888 5.917091168 1.1666666666666667 2
1574958481 6.081945738 1.0 2
1574959070 5.99603512 1.1666666666666667 2
1574959673 5.915760285 1.1666666666666667 2
1574960249 5.937116494 0.3333333333333333 1
1574960862 5.985195212 0.6666666666666666 2
1574961501 5.635670694 1.1666666666666667 2
1575028185 6.240485232 0.8333333333333334 2
1575028495 6.072077203 0.6666666666666666 2
1575028806 5.972403225 1.0 3
1575029138 5.982769493 0.0 0
1575029453 6.017205778 0.6666666666666666 2
1575029764 5.753402788 0.6666666666666666 2
1575030076 5.903213882 1.0 3
1575030389 6.044122767 0.6666666666666666 1
1575030706 5.759793987 1.2 3
1575031038 4.656889402 1.8 3
1575032971 5.794955109 0.5 1
1575033538 5.920406708 1.8333333333333333 4
1575034131 4.575154424 1.6 3
1575034697 6.142694218 2.0 4
1575035270 5.921195462 1.0 3
1575036291 6.015962401 1.1666666666666667 3
1575036869 5.9105515 1.6 4
1575037428 6.11009616 1.3333333333333333 4
1575038429 5.933492164 1.5 3
1575038998 5.632794333 1.0 3
1575114471 5.704028753 0.8333333333333334 2
1575114774 5.906090886 0.16666666666666666 1
1575115085 6.117174847 1.0 3
1575115394 6.103494412 0.8333333333333334 2
1575115703 6.174922507 0.0 0
1575116021 6.067469351 0.6666666666666666 1
1575116330 5.999783579 1.1666666666666667 2
1575116640 6.186116989 1.0 2
1575116948 5.811498787 1.4 3
1575117259 5.88823592 0.8 2
1575120264 4.794445819 1.0 2
1575120827 6.105213392 0.6666666666666666 1
1575121386 6.051712788 1.0 3
1575122450 4.740815452 0.8 2
1575123007 5.924392503 0.6666666666666666 2
1575123565 5.864464193 0.8333333333333334 2
1575124123 5.908828745 1.1666666666666667 2
1575124691 6.312566592 0.8333333333333334 2
1575125245 6.071195116 1.8333333333333333 4
1575125814 5.960802585 1.0 3
1575292985 6.314446289 1.0 3
1575293318 5.930762212 0.0 0
1575293658 5.828406252 0.8 1
1575293996 6.021109199 0.8333333333333334 2
1575294339 6.015482831 0.6666666666666666 1
1575294678 6.087108354 0.6666666666666666 2
1575295044 5.538948862 0.0 0
1575295436 6.887152422 0.7142857142857143 2
1575295793 6.024624415 1.0 2
1575296996 5.928199614 0.16666666666666666 1
1575297552 5.812050473 0.6666666666666666 2
1575298139 6.038535234 1.0 3
1575298705 5.61629326 0.8 2
1575299284 5.714506949 0.8333333333333334 2
1575299856 6.5250148 1.0 4
1575300480 6.088817155 0.8333333333333334 2
1575301050 6.0368016 1.0 2
1575301856 5.817414899 0.6666666666666666 2
1575385877 5.935277858 1.3333333333333333 3
1575386189 5.958143058 0.0 0
1575386500 5.828664254 1.1666666666666667 2
1575386905 6.271794445 0.7142857142857143 2
1575387213 6.318697352 0.3333333333333333 1
1575387524 5.947168804 1.0 2
1575387833 5.895332906 0.6666666666666666 2
1575388142 4.727543356 0.3333333333333333 1
1575388450 5.879493408 1.3333333333333333 3
1575388755 5.769212021 0.5 1
1575390045 6.460557533 0.14285714285714285 1
1575390614 5.924014616 1.2 2
1575391182 6.06826831 1.3333333333333333 2
1575391745 5.920023152 0.8333333333333334 2
1575392557 6.109222588 0.6666666666666666 2
1575393194 5.857037395 0.0 0
1575393754 5.827109323 0.0 0
1575394320 5.672484103 1.1666666666666667 3
1575394882 5.80164964 0.6666666666666666 1
1575395444 5.844989661 1.1666666666666667 3
1575473407 6.064040829 1.0 2
1575474449 5.754935699 1.3333333333333333 2
1575558638 5.974369999 2.5 5
1575558950 5.306205007 2.8333333333333335 4
1575559277 6.264779554 1.8333333333333333 3
1575559595 5.810833322 1.8333333333333333 3
1575559963 6.172113125 2.3333333333333335 4
1575560292 6.281633619 2.1666666666666665 3
1575560626 6.058121192 2.1666666666666665 3
1575561159 5.936232913 2.5 4
1575561501 6.088817797 2.5 3
1575561859 5.843531972 2.5 3
1575562265 6.113536946 3.0 5
1575562975 5.764715561 2.6666666666666665 4
1575563626 5.770608906 2.4 3
1575564224 5.748816898 1.6666666666666667 2
1575564808 5.766987769 3.2 4
1575565373 6.010925911 2.5 3
1575565934 13.273174276 2.4615384615384617 4
1575566527 6.034578367 3.3333333333333335 6
1575567842 5.756696325 3.1666666666666665 5
1575568453 5.988323459 3.0 5
1579186383 5.848510062 1.3333333333333333 3
1579186725 6.302567181 0.8571428571428571 2
1579187743 5.977241541 1.3333333333333333 3
1579188071 6.025172981 1.8333333333333333 4
1579188520 5.84328038 1.0 3
1579189055 6.113120219 1.5 3
1579189383 5.987006019 1.1666666666666667 3
1579189714 5.893454533 1.0 3
1579190051 5.684907257 1.3333333333333333 3
1579190386 5.957516456 1.5 3
1579190898 4.661476022 2.4 4
1579191512 5.852777522 2.3333333333333335 4
1579192077 5.916179951 2.1666666666666665 4
1579192656 5.669729941 2.0 4
1579193224 4.771987112 2.8 3
1579193811 6.967166142 2.857142857142857 4
1579194378 5.943233834 2.0 3
1579194946 5.930343441 2.1666666666666665 4
1579195535 5.919369131 2.3333333333333335 4
1579196100 5.945686972 2.1666666666666665 4
1579354144 6.043991158 1.3333333333333333 3
1579354449 6.121216502 1.1666666666666667 3
1579354761 5.986630185 2.3333333333333335 4
1579355069 6.020597654 1.1666666666666667 3
1579355378 5.794052279 1.0 2
1579355687 5.556059583 1.3333333333333333 3
1579355996 5.908428048 1.3333333333333333 3
1579356302 5.915564269 1.1666666666666667 2
1579356608 6.157082547 2.6666666666666665 4
1579356914 6.234183811 1.8333333333333333 4
1579359309 4.613463021 2.3333333333333335 4
1579359881 5.525267564 2.0 3
1579360444 6.120429043 0.16666666666666666 1
1579361002 5.787057658 0.16666666666666666 1
1579361559 5.954532773 1.0 2
1579362114 4.443424831 0.4 1
1579362670 4.231842765 0.2 1
1579363230 6.181818896 0.16666666666666666 1
1579363798 5.855750344 1.1666666666666667 3
1579364359 5.90190886 0.0 0
1579524745 9.753862114 2.5 4
1579525087 6.105360615 1.1666666666666667 2
1579525416 6.307637076 1.6666666666666667 3
1579525804 6.087970861 1.1666666666666667 3
1579526131 6.012730578 1.3333333333333333 3
1579528427 6.144099322 1.5 4
1579528787 5.775733256 1.0 3
1579529231 6.109843633 0.8333333333333334 2
1579529577 6.638518606 1.5 3
1579529887 5.772635268 1.0 2
1579530275 5.74945308 1.0 3
1579530922 6.065109044 1.3333333333333333 3
1579531963 6.201488809 0.0 0
1579532665 6.02037483 1.0 2
1579533319 7.213269859 1.7142857142857142 4
1579533932 6.372041801 1.4285714285714286 3
1579534594 6.170763197 1.0 3
1579535229 6.333568719 1.1666666666666667 2
1579535826 6.031351991 1.1666666666666667 2
1579536880 4.910189082 1.2 3
1580217879 5.896916189 1.0 2
1580218207 6.232196435 0.3333333333333333 2
1580218520 18.692573565 2.526315789473684 4
1580218858 6.302722215 2.8333333333333335 4
1580219218 5.923389612 0.3333333333333333 1
1580219580 5.944579164 1.0 2
1580222296 4.783408369 1.2 2
1580222610 6.05688024 1.1666666666666667 2
1580222923 5.877654996 1.8 3
1580223227 5.91805789 1.8333333333333333 3
1580223603 7.071516487 0.625 3
1580224169 5.953584997 2.2 3
1580224726 5.957802192 0.0 0
1580225286 7.037251346 0.5714285714285714 2
1580225850 5.8693063 1.3333333333333333 3
1580226430 6.931630181 2.7142857142857144 4
1580226998 6.087110837 0.0 0
1580227595 5.991800274 0.3333333333333333 1
1580228180 4.799141263 1.8333333333333333 2
1580228739 5.846077629 0.8333333333333334 1
1580306518 5.81684517 1.3333333333333333 2
1580306819 5.971079876 1.3333333333333333 3
1580307219 5.987285036 1.3333333333333333 3
1580307697 4.854730508 1.3333333333333333 2
1580308007 6.012141421 1.1666666666666667 3
1580308321 5.643753881 1.1666666666666667 3
1580310524 6.021041934 1.6666666666666667 2
1580310836 5.74556525 1.3333333333333333 3
1580311150 5.933297587 1.3333333333333333 2
1580311462 5.877818756 1.4 3
1580311832 5.983264856 1.0 2
1580312167 6.82060537 2.142857142857143 4
1580312749 6.039691957 1.8333333333333333 2
1580313305 6.484461926 1.8333333333333333 2
1580314269 5.848014174 0.16666666666666666 1
1580314826 6.056909645 1.5 3
1580315381 5.928200828 0.8333333333333334 2
1580315945 6.066839295 0.0 0
1580316648 5.752756802 1.4 3
1580317221 18.488351155 3.4444444444444446 5
1581936914 4.783218986 1.5 3
1581937227 5.597737501 1.1666666666666667 2
1581937572 5.735138324 1.3333333333333333 2
1581937888 6.083866928 1.5 3
1581938213 5.913633358 1.6666666666666667 3
1581938533 6.223959869 1.7142857142857142 3
1581938841 5.91881716 1.5 2
1581939180 5.863820389 1.5 3
1581939505 5.829138326 1.6 3
1581939805 5.729331264 2.1666666666666665 4
1581942299 6.225091731 1.3333333333333333 2
1581942889 5.746734792 1.3333333333333333 2
1581944487 5.570065839 1.4 3
1581945772 5.677302634 1.4 2
1581946346 5.795953752 1.6666666666666667 4
1581946914 5.816355703 0.3333333333333333 1
1581947834 5.653254385 1.5 3
1581948917 6.686441983 1.8571428571428572 3
1582030314 6.495841979 1.3333333333333333 2
1582030621 6.014241179 1.6666666666666667 3
1582031272 6.010811852 2.5 4
1582031568 6.70396622 1.2857142857142858 3
1582031865 6.221264682 1.5714285714285714 2
1582032252 5.192716931 2.2857142857142856 5
1582032559 6.70640266 1.3333333333333333 2
1582032859 6.005896933 1.5 3
1582033158 6.337425123 2.0 3
1582033509 6.077062386 1.8333333333333333 3
1582033836 5.839883185 1.0 2
1582035496 6.383624383 1.6666666666666667 3
1582036103 6.090006231 4.5 5
1582036708 6.74128774 2.5 4
1582037314 5.996679169 1.6666666666666667 2
1582037913 5.974362909 0.6666666666666666 2
1582038510 6.265690869 1.3333333333333333 2
1582041401 6.764288885 0.6666666666666666 2
1582042012 6.388541913 0.5 1
1582043597 5.97537092 2.5 4
1582044211 5.945644092 0.8333333333333334 2
1582044813 5.72810238 1.0 2
1582045116 5.811403459 0.0 0
1582045415 6.697374281 0.42857142857142855 1
1582045726 5.873814862 0.0 0
1582046023 5.925833946 0.0 0
1582120368 6.807944163 0.5714285714285714 1
1582120677 6.839615949 0.14285714285714285 1
1582188788 5.630200201 0.16666666666666666 1
1582190815 5.881142457 0.8 2
1582191105 5.811212902 0.16666666666666666 1
1582191396 5.862633258 1.0 2
1582191694 5.971656886 0.0 0
1582191988 5.969800662 0.16666666666666666 1
1582192279 5.854855506 0.16666666666666666 1
1582192577 4.72110801 0.3333333333333333 1
1582192864 5.936639509 0.3333333333333333 1
1582193153 5.929937118 0.0 0
1582634932 5.898682008 1.6666666666666667 2
1582635215 5.741179878 1.8 3
1582635499 5.872465933 2.0 4
1582635783 5.74266339 1.8 3
1582636069 6.01173387 2.3333333333333335 3
1582636357 5.777994396 1.8333333333333333 3
1582636649 6.993617302 2.0 3
1582636937 5.928285566 1.8333333333333333 3
1582637240 5.739525809 1.8 3
1582637536 4.460685859 1.8 3
1582637829 5.766549963 1.6666666666666667 2
1582638389 5.908997993 2.3333333333333335 3
1582639464 5.846336551 1.6666666666666667 2
1582640644 5.833232602 1.8333333333333333 3
1582641203 5.912577364 2.0 2
1582641769 5.96239985 1.0 3
1582642340 5.850636162 0.8 2
1582642914 5.790317266 0.8333333333333334 2
1582643518 5.768022164 1.5 3
1582644074 5.807916374 1.8333333333333333 3
1582886185 5.855671053 1.8333333333333333 3
1582886472 5.91444142 2.1666666666666665 3
1582886768 5.746634379 2.4 4
1582887055 5.761092992 2.0 4
1582887348 5.99842899 2.8 4
1582887636 8.713250779 2.0 3
1582887922 5.663559516 3.0 5
1582888209 5.893009901 4.666666666666667 6
1582888497 5.968917777 3.0 4
1582888857 6.069286385 2.1666666666666665 4
1582898660 5.836162369 1.8333333333333333 2
1582899244 5.921238075 2.1666666666666665 4
1582899811 6.123914396 0.8333333333333334 1
1582900376 5.875673287 1.6666666666666667 2
1582902034 5.871711351 2.6666666666666665 4
1582902678 5.98383106 2.1666666666666665 3
1582903258 5.924964527 1.1666666666666667 3
1574710690 4.713240544 0.0 0
1574708774 5.987762581 0.0 0
