1569853676 7.888235669 2.3333333333333335 3
1569854318 8.002829432 3.5555555555555554 6
1569855292 8.175320458 3.0 4
1569855730 7.951320223 2.888888888888889 4
1570447059 6.256299072 5.125 7
1570448864 7.784474746 2.75 4
1570449366 5.491092496 2.5714285714285716 4
1571323351 7.481480088 2.875 4
1571323743 7.615729705 2.888888888888889 5
1571324146 7.677553937 4.111111111111111 6
1571324544 7.5513678 3.0 4
1571327475 7.355930919 3.3333333333333335 4
1571327866 7.716382865 2.7777777777777777 4
1571328257 7.246650361 2.625 5
1571328648 7.600254904 2.625 4
1571329039 7.210862512 2.6666666666666665 4
1571329430 7.783055839 2.5555555555555554 4
1571330023 7.10579879 2.75 5
1571397978 7.6885516 2.4444444444444446 4
1571398374 7.39498494 2.4444444444444446 4
1571398767 7.827433853 3.3333333333333335 4
1571399158 7.33644593 2.4444444444444446 3
1571399548 7.57823114 3.2222222222222223 4
1571399946 7.536524483 2.6666666666666665 3
1571400339 7.543360632 2.7777777777777777 4
1571400766 7.40252903 2.5555555555555554 4
1571401159 7.578862053 3.0 4
1571401550 7.635281856 2.7777777777777777 4
1571406932 7.648972969 2.6666666666666665 4
1571407322 7.487891103 3.625 6
1571407714 7.751984907 2.888888888888889 4
1571408497 7.65477036 3.6666666666666665 4
1571665990 7.548697579 3.5 5
1571666378 7.64476874 2.888888888888889 5
1571666770 7.551013167 3.5555555555555554 6
1571667163 7.663902065 2.5 3
1571667606 7.851599036 3.0 4
1571669258 7.498166617 3.875 5
1571669651 7.483154815 2.4444444444444446 4
1571754166 10.756243229 2.9166666666666665 5
1571754560 7.476708526 2.75 4
1571754961 7.101651035 2.75 5
1571755357 7.569014107 2.6666666666666665 4
1571756589 7.422390913 2.625 5
1571757448 7.572920693 2.5555555555555554 4
1571757844 7.728786779 3.4444444444444446 5
1571758238 7.65170293 2.875 4
1571758628 7.365322769 2.75 5
1571762242 7.607281896 3.125 4
1571762638 7.449344063 2.6666666666666665 4
1571763031 7.550825767 3.6666666666666665 6
1571763419 7.611840616 2.6666666666666665 3
1571763813 7.848438342 3.111111111111111 4
1571764219 7.685348338 2.4444444444444446 3
1571764629 7.552752008 3.0 5
1571765020 7.717477856 3.0 4
1571765409 7.545134607 3.111111111111111 5
1571765800 7.669994063 3.0 4
1571766378 7.451314656 4.125 5
1571767161 7.085434787 2.875 4
1572006413 8.300048007 4.0 6
1572007127 7.402361565 3.125 5
1572007519 7.668642999 3.2222222222222223 5
1572008021 7.248855005 3.25 5
1572008422 7.613149227 2.625 4
1572008825 7.594382977 2.5 4
1572009219 7.736592467 3.0 4
1572009608 7.346215287 2.5555555555555554 4
1572010000 7.572438068 2.888888888888889 4
1572010396 7.620482096 2.5 5
1572010786 7.602629154 3.2222222222222223 5
1572013349 7.495280219 3.25 5
1572013742 7.4653329 2.875 5
1572014133 7.632238324 2.7777777777777777 4
1572014524 7.567061787 2.5 4
1572014914 7.739613426 3.3333333333333335 6
1572268965 7.683158566 4.25 6
1572269385 6.922846589 2.75 4
1572269801 5.878557828 3.5714285714285716 5
1572270206 7.85269256 3.875 6
1572270602 5.637788073 4.285714285714286 6
1572271089 8.203595219 2.4 6
1572272338 6.363472095 2.7142857142857144 4
1572272668 6.161006047 2.375 3
1572273002 6.469620713 3.625 5
1572273350 6.262149724 2.5714285714285716 3
1572273681 6.653841768 2.75 4
1572276106 6.554691114 4.142857142857143 6
1572276443 6.134408316 2.5714285714285716 3
1572276777 6.552047577 2.75 4
1572277109 6.325608326 2.7142857142857144 4
1572277443 6.57433294 2.625 4
1572277803 6.340517687 2.5714285714285716 4
1572278135 6.324737735 3.2857142857142856 5
1572278466 6.344947622 3.125 5
1572363526 6.35554289 2.7142857142857144 4
1572363855 5.956513262 2.5714285714285716 3
1572364185 6.444955503 2.7142857142857144 4
1572364515 5.966840075 3.4285714285714284 4
1572364854 6.573180979 2.7142857142857144 4
1572365190 6.403354128 3.0 5
1572365567 6.422697904 2.875 4
1572365942 6.324075002 3.0 4
1572366282 6.224084589 2.5714285714285716 4
1572366616 6.356908588 2.875 4
1572369644 6.464768208 2.4285714285714284 4
1572369974 6.542089561 2.875 4
1572370304 6.395463815 2.25 3
1572370637 6.306526686 2.857142857142857 4
1572370965 6.236134531 2.5714285714285716 3
1572371298 6.825385666 3.625 6
1572371627 6.430286912 2.625 3
1572371959 6.420069558 2.857142857142857 4
1572372287 6.419613709 2.625 4
1572372617 6.681300679 2.875 5
1572533627 6.64004103 4.625 8
1572533966 6.621513456 3.25 4
1572534314 6.337036197 3.4285714285714284 4
1572534662 6.021650341 2.5714285714285716 3
1572534995 6.360076335 3.5 6
1572535343 6.450261289 3.0 5
1572536008 6.577579068 3.375 6
1572536372 6.115691013 3.0 4
1572536707 6.210667143 2.7142857142857144 4
1572540829 5.878784312 2.6666666666666665 4
1574708791 5.619676404 0.0 0
