1569853909 2.972052817 0.3333333333333333 1
1569854939 2.25416114 1.6666666666666667 2
1569855484 3.123740756 0.3333333333333333 1
1569856513 2.291103451 0.0 0
1570447335 3.113892809 0.0 0
1570449089 3.049497183 0.0 0
1570449545 2.803886043 0.5 1
1570449991 3.486758145 0.0 0
1571323531 2.779458831 0.3333333333333333 1
1571323934 3.075198063 0.3333333333333333 1
1571324332 2.595938949 0.0 0
1571324724 2.921820681 0.3333333333333333 1
1571327654 2.878524611 0.0 0
1571328045 2.939581301 0.3333333333333333 1
1571328436 2.991925411 0.6666666666666666 1
1571328827 2.643789083 1.3333333333333333 2
1571329219 3.075910838 0.0 0
1571329608 3.064281887 0.6666666666666666 1
1571398158 3.121535868 1.3333333333333333 2
1571398554 2.967835849 1.0 2
1571398946 2.876558804 0.0 0
1571399338 2.824182171 0.5 1
1571399730 2.944735512 1.0 2
1571400126 2.902014428 0.3333333333333333 1
1571400547 3.081403707 0.0 0
1571400946 2.645796534 0.5 1
1571401340 2.855666447 0.3333333333333333 1
1571401729 2.985262846 0.3333333333333333 1
1571407110 2.890581061 0.3333333333333333 1
1571407503 2.770936415 0.3333333333333333 1
1571407893 2.863371492 0.0 0
1571408283 3.067110655 0.0 0
1571408675 2.887210091 0.0 0
1571666168 2.860925544 1.0 1
1571666559 2.811533385 1.3333333333333333 2
1571666952 2.845336122 0.0 0
1571667342 2.891085375 0.3333333333333333 1
1571667787 3.156401998 0.0 0
1571669438 2.927625301 0.3333333333333333 1
1571669831 2.858884813 0.3333333333333333 1
1571754348 2.895399284 0.0 0
1571754740 2.982254048 1.0 2
1571755141 2.636603675 0.0 0
1571756772 2.942289685 0.3333333333333333 1
1571757209 3.052486027 0.0 0
1571757627 2.946746517 1.6666666666666667 2
1571758024 2.907288102 0.3333333333333333 1
1571758415 2.856874197 0.0 0
1571758809 2.769805885 0.5 1
1571762420 2.894817265 0.0 0
1571762818 2.832995351 0.3333333333333333 1
1571763209 2.863665236 0.0 0
1571763600 2.991180735 0.3333333333333333 1
1571763993 3.07621654 0.0 0
1571764418 2.737341954 1.5 2
1571764809 2.858374244 1.0 1
1571765198 2.904036113 0.3333333333333333 1
1571765589 3.111520234 0.0 0
1571765979 2.900126135 0.0 0
1571766944 3.095315535 0.0 0
1572006686 2.89917088 0.5 1
1572007307 2.771965889 0.0 0
1572007702 2.833758491 0.6666666666666666 1
1572008210 2.854164468 0.0 0
1572008612 2.959740988 0.0 0
1572009007 2.883183559 0.0 0
1572009397 3.145773135 0.0 0
1572009787 3.084292901 0.75 2
1572010178 2.980409089 0.3333333333333333 1
1572010574 2.962269406 0.6666666666666666 2
1572010965 2.762860011 0.0 0
1572013528 2.921848624 0.0 0
1572013921 3.081715872 0.0 0
1572014313 2.899948393 0.0 0
1572014702 2.932928989 0.0 0
1572015093 2.776372969 0.0 0
1572269150 2.704861849 0.0 0
1572269565 2.945918196 0.0 0
1572269979 2.780665875 0.0 0
1572270385 2.856946294 0.3333333333333333 1
1572270780 2.763394549 0.0 0
1572271291 3.001365122 0.0 0
1572272488 2.455490043 0.0 0
1572272820 2.637142292 0.0 0
1572273154 2.296078127 0.5 1
1572273501 2.181192109 0.0 0
1572276258 2.397712603 0.0 0
1572276596 2.357484663 0.3333333333333333 1
1572276929 2.409592066 0.3333333333333333 1
1572277260 2.4284845 0.0 0
1572277595 2.343357948 0.0 0
1572277954 2.294858333 0.0 0
1572278286 2.342986216 1.0 1
1572278617 2.357404019 0.3333333333333333 1
1572363676 2.399434601 0.6666666666666666 1
1572364006 2.303267988 1.5 2
1572364665 2.39273639 2.0 2
1572365005 2.226363632 0.0 0
1572365341 2.305623577 0.3333333333333333 1
1572365719 2.323443878 0.3333333333333333 1
1572366092 2.351950881 0.0 0
1572366766 2.370304347 0.0 0
1572369794 2.479764155 0.0 0
1572370124 2.33565876 0.3333333333333333 1
1572370456 2.11324568 1.0 1
1572370787 2.388209254 0.5 1
1572371116 2.341090678 1.0 1
1572371448 2.349000613 0.0 0
1572371778 2.311047099 0.5 1
1572372108 2.480980894 0.0 0
1572372437 2.275005145 0.3333333333333333 1
1572372771 2.260024001 0.5 1
1572533782 2.354000458 0.0 0
1572534136 2.220983031 0.5 1
1572534483 2.301111011 0.0 0
1572534812 2.311629308 0.5 1
1572535163 2.120429266 0.5 1
1572535823 2.492120557 0.0 0
1572536159 2.440341956 0.5 1
1572536522 2.474773735 0.0 0
1572536860 2.207461411 0.5 1
1572537774 2.380088654 0.5 1
1572538431 2.171939825 0.5 1
1572539088 2.312785295 0.0 0
1572540389 2.434420613 1.6666666666666667 2
1572541947 2.192537657 0.0 0
1572543242 2.207168965 0.0 0
1572543916 2.502319996 1.5 2
1574711139 2.477964134 0.0 0
1574708933 2.342402405 0.0 0
