1569855444 6.152284015 1.3333333333333333 2
1570447296 5.050792169 2.3333333333333335 3
1570449052 5.172378472 1.3333333333333333 2
1570449505 5.601943928 0.16666666666666666 1
1571323493 5.168304728 0.8 1
1571323884 7.861198226 1.0 2
1571324294 5.367096882 0.0 0
1571324686 5.786690383 0.3333333333333333 1
1571327617 5.412182306 0.0 0
1571328007 5.76229077 0.3333333333333333 1
1571328399 5.000830977 0.0 0
1571328789 5.731739418 0.3333333333333333 1
1571329181 5.419641103 0.0 0
1571329571 5.597658468 0.2 1
1571330545 5.731456675 0.6666666666666666 1
1571398118 5.500401639 0.3333333333333333 1
1571398516 5.035010741 0.0 0
1571398908 5.326674661 0.4 1
1571399299 5.732652885 0.0 0
1571399691 5.408127466 0.3333333333333333 2
1571400088 6.474177151 1.6666666666666667 2
1571400907 5.792937064 0.3333333333333333 1
1571401302 5.300896207 0.0 0
1571401691 5.887054358 0.16666666666666666 1
1571407072 5.764329585 0.3333333333333333 1
1571407464 5.656807529 0.0 0
1571407856 5.521310031 1.2 2
1571408244 5.533476191 0.0 0
1571408638 5.123429692 0.0 0
1571666130 5.609334098 0.0 0
1571666521 5.558340876 1.5 2
1571666911 5.803100568 0.5 1
1571667303 5.747763762 0.3333333333333333 1
1571667748 6.731762517 2.2857142857142856 3
1571669400 5.855017916 1.2857142857142858 2
1571669793 5.911527639 0.16666666666666666 1
1571754309 5.765106911 0.0 0
1571754702 5.912914426 0.3333333333333333 1
1571755102 5.731590471 0.0 0
1571755506 5.077514709 1.6666666666666667 2
1571756734 5.944958777 1.1666666666666667 2
1571757171 5.586475732 0.0 0
1571757590 5.837500602 0.2 1
1571757985 5.831606872 0.3333333333333333 1
1571758378 5.662631802 0.0 0
1571758770 5.498298727 0.0 0
1571762383 5.296028694 0.0 0
1571762779 5.934638738 0.6666666666666666 2
1571763171 5.768981036 0.0 0
1571763560 5.862484526 0.16666666666666666 1
1571763955 5.50159929 0.0 0
1571764379 5.845806394 0.16666666666666666 1
1571764770 5.59863829 0.0 0
1571765163 4.189795768 0.2 1
1571765550 5.754786319 0.4 1
1571765941 5.813939677 0.3333333333333333 1
1571766905 5.846679572 0.8333333333333334 1
1572007268 5.914248571 0.5 1
1572007662 5.755986294 1.8333333333333333 2
1572008162 5.604023115 0.0 0
1572008573 5.482057769 0.4 1
1572008967 5.831870208 0.0 0
1572009359 5.707235662 0.5 1
1572009749 5.508515258 0.0 0
1572010140 5.807254611 0.0 0
1572010536 5.75344993 0.16666666666666666 1
1572010926 5.507074985 0.0 0
1572013491 5.638932526 0.0 0
1572013883 5.705345226 0.16666666666666666 1
1572014274 6.605147472 1.125 2
1572014664 5.504526026 0.16666666666666666 1
1572015054 5.578531997 0.0 0
1572269111 5.664376052 1.0 2
1572269526 5.737829502 0.3333333333333333 1
1572269941 5.403601907 1.6 2
1572270346 5.785347078 0.3333333333333333 1
1572270742 5.972916309 2.0 3
1572272456 4.756021989 1.8 2
1572272787 4.437444139 0.0 0
1572273121 4.735496083 0.4 2
1572273468 4.640462623 1.0 1
1572273801 4.576999835 1.25 2
1572276225 4.649718222 1.4 3
1572276562 4.519784126 1.4 2
1572276896 5.047646403 0.8 1
1572277227 4.542619416 0.4 1
1572277562 4.576119124 0.6 1
1572277921 4.577015167 0.25 1
1572278253 4.666228252 0.5 1
1572278584 4.5389443 0.0 0
1572363644 4.657347439 0.0 0
1572363972 4.551009086 0.0 0
1572364302 4.737046183 0.2 1
1572364632 4.758885462 0.0 0
1572364971 4.60417542 0.4 2
1572365307 4.567974575 0.0 0
1572365686 4.867872982 0.25 1
1572366059 4.479752962 0.0 0
1572366399 4.680489785 0.25 1
1572366733 4.45374169 1.2 2
1572369761 4.700120928 0.25 1
1572370091 4.525950416 0.0 0
1572370421 4.653153687 0.2 1
1572370754 4.636278132 0.0 0
1572371082 4.772480294 0.0 0
1572371415 4.491741566 0.0 0
1572371744 4.905958771 0.0 0
1572372075 4.65866656 0.8 1
1572372404 4.884776236 0.0 0
1572372738 4.649657369 0.0 0
1572533748 4.731786576 0.8 1
1572534101 6.273342258 1.6666666666666667 2
1572534450 4.435069982 0.0 0
1572534778 4.767322663 0.4 2
1572535117 4.351978818 0.0 0
1572535461 4.443051922 0.25 1
1572535790 4.720434723 0.8 1
1572536126 4.828728245 0.75 1
1572536488 4.758724015 1.8 2
1572537742 4.751500393 1.2 2
1572538396 4.632736562 0.25 1
1572539055 4.71392434 0.25 1
1572539708 4.649849887 1.25 2
1572540356 4.639458569 0.25 1
1572541266 4.487038295 1.0 1
1572541913 4.585165218 0.2 1
1572542563 4.617839884 0.2 1
1572543209 4.711282958 0.6 2
1572543882 4.697346359 0.2 1
1572871628 4.618857643 0.6 2
1572872280 4.816939718 0.25 1
1572872961 4.79884466 0.6 1
1572873610 4.637600951 1.0 1
1572874267 4.943034277 1.0 1
1572875333 4.571252528 2.25 3
1572876190 6.096810778 2.0 3
1572877412 4.789988206 0.4 1
1572878068 4.571312256 0.6 1
1572879311 4.557265217 0.5 1
1572880373 4.55932289 0.4 2
1572880707 4.884766096 0.2 1
1572881057 4.775158208 1.75 2
1572881390 4.699976217 1.5 2
1572881724 4.85332357 0.8 1
1572882055 4.713966416 0.4 1
1572882440 4.557269979 1.0 1
1572882775 4.831616383 1.6 2
1572883127 4.654837959 0.8 2
1572883467 4.454582414 1.4 2
1572967696 7.105351009 1.1428571428571428 2
1572968355 4.528407866 0.25 1
1572969654 4.825884241 0.2 1
1572970315 4.484542226 0.2 1
1572970966 4.729075288 0.25 1
1572971627 4.636291012 0.4 1
1572972289 4.351293241 0.2 1
1572973002 4.613438103 0.2 1
1572973654 4.817905451 0.2 1
1572974303 4.53529168 0.0 0
1572974962 4.472700627 0.0 0
1572975363 4.609678953 0.0 0
1572975693 4.84645841 1.2 2
1572976065 4.864611809 0.2 1
1572976443 4.498901996 0.0 0
1572976775 4.632059684 0.2 1
1572977104 4.784926864 0.0 0
1572977468 4.542377515 0.0 0
1572977797 4.732106236 0.8 2
1572978186 4.54981618 1.0 1
1573209237 4.724059614 0.0 0
1573209908 4.725973645 0.8 1
1573210568 4.680599251 1.6 2
1573211239 4.775804574 0.0 0
1573211896 4.649583953 2.2 3
1573212544 4.918324102 1.4 2
1573213197 4.979957796 1.0 2
1573213858 4.725968888 0.2 1
1573214519 6.007711916 1.0 1
1573215179 4.676764166 0.0 0
1573218390 4.569707225 1.4 2
1573218722 5.115464788 2.8 4
1573306628 4.395752516 0.0 0
1573306950 4.392624954 0.25 1
1573307286 4.411454092 0.0 0
1573307604 4.730403902 0.4 1
1573307919 4.434977609 0.0 0
1573308240 4.410049103 0.4 1
1573308572 4.196838627 0.0 0
1573308890 4.378865765 0.2 1
1573309212 5.063869371 0.8 1
1573309541 4.439406189 0.0 0
1573310684 4.491747115 1.2 2
1573311300 4.488179007 0.0 0
1573311919 4.57231902 0.0 0
1573312617 4.572759647 0.2 1
1573313236 4.284592831 0.0 0
1573313858 4.596662075 1.0 1
1573314487 4.259803837 0.25 1
1573315102 4.606235186 0.2 1
1573828153 4.590959253 0.0 0
1573828461 4.326207203 0.0 0
1573828769 4.236044311 0.0 0
1573829074 4.134180369 0.0 0
1573829377 4.314334936 0.75 2
1573829688 4.200441068 0.4 2
1573830245 4.64078025 0.2 1
1573830553 4.256608844 1.6 2
1573830860 4.302260115 0.5 1
1573831167 4.223986514 0.0 0
1573902800 4.369682087 0.0 0
1573903111 4.477414314 0.0 0
1573903423 4.515458371 0.25 1
1573903736 4.309885914 0.0 0
1573904045 4.724400214 0.0 0
1573904353 4.320798656 0.5 1
1574688120 4.349260721 1.4 2
1574688441 3.128659959 1.0 2
1574692133 2.933246531 0.0 0
1574692447 4.050908793 0.25 1
1574693683 4.568634363 0.8 2
1574694011 4.221385978 0.75 1
1574694435 4.256154772 0.25 1
1574694759 4.008749709 0.0 0
1574695314 4.433325176 1.0 1
1574695656 4.05404305 0.25 1
1574695962 4.184785385 1.25 2
1574697278 4.166369555 1.0 2
1574697871 4.242389664 0.25 1
1574698441 4.00077426 0.0 0
1574699029 3.979696259 0.0 0
1574708901 4.505080108 0.0 0
1574709850 4.491932041 0.25 1
1574711106 4.436494967 0.0 0
1574950910 4.364274838 0.2 1
1574951285 4.101384206 0.0 0
1574951640 4.450826152 0.25 1
1574951966 4.528887719 0.0 0
1574952282 4.528154364 0.25 1
1574952678 3.939549337 1.0 1
1574953005 4.502354253 0.2 1
1574953373 4.004293979 0.0 0
1574953682 4.351915405 0.4 2
1574954028 3.987616091 1.0 1
1574956449 4.025146574 1.0 2
1574957116 4.473940226 0.8 1
1574957713 4.078574703 2.25 3
1574958296 4.386344767 1.25 2
1574958890 4.455766586 0.8 1
1574959500 4.252206159 0.75 1
1574960078 4.375728866 0.75 1
1574960664 4.426815086 1.2 2
1574961331 4.536717223 1.2 2
1574961900 4.272369241 2.5 3
1575028310 4.856635225 2.0 3
1575028620 3.818422417 1.5 3
1575028930 4.082899887 1.0 1
1575029268 3.901062455 0.0 0
1575029580 4.497521768 1.0 2
1575029891 4.295665443 0.75 1
1575030202 4.253159473 0.25 1
1575030516 4.59787537 0.0 0
1575030835 4.200368747 0.0 0
1575031162 4.006974748 1.5 3
1575033379 4.644204439 0.0 0
1575033946 4.497311476 0.4 1
1575034538 4.462876803 0.6 1
1575035110 4.321613345 0.4 1
1575035672 4.167224535 0.8 2
1575036710 4.289206998 0.5 1
1575037271 4.415476077 0.25 1
1575037829 4.309995974 0.5 1
1575039405 4.186170774 0.75 1
1575114593 4.023443389 0.25 1
1575114901 4.387750828 0.25 1
1575115211 4.42043901 0.0 0
1575115520 4.256630296 0.4 1
1575115834 4.649361545 1.0 1
1575116146 4.460429519 0.25 1
1575116456 4.335314626 0.25 1
1575116765 4.349840246 0.0 0
1575117075 4.137520472 0.25 1
1575117383 4.306735906 0.0 0
1575120665 4.258262995 0.25 1
1575121229 4.224313125 0.25 1
1575122223 4.439567757 0.25 1
1575122850 4.501167654 0.25 1
1575123408 3.99534273 0.0 0
1575123966 4.139264027 0.0 0
1575124522 4.083073478 0.25 1
1575125088 4.045950626 0.25 1
1575125654 4.231362233 0.25 1
1575126220 4.185807804 0.25 1
1575293112 4.145137931 0.25 1
1575293446 4.21513172 0.0 0
1575293785 4.406099864 0.0 0
1575294125 4.218417911 0.5 1
1575294468 5.289457669 3.4 4
1575294813 4.185032732 1.25 2
1575295215 4.393408489 1.4 2
1575296796 4.487688983 0.2 1
1575297132 4.529115599 0.25 1
1575297970 6.19975304 1.7142857142857142 3
1575298545 4.188263678 0.0 0
1575299116 4.083066361 1.0 1
1575299694 4.31385023 0.0 0
1575300264 4.323216809 0.0 0
1575300882 4.312900325 0.25 1
1575301667 4.317012504 1.0 2
1575302264 4.249082011 0.25 1
1575386004 4.181721984 0.25 1
1575386317 4.25302713 0.5 1
1575386627 4.433083832 0.5 1
1575387033 4.030657162 0.25 1
1575387340 4.223013959 0.0 0
1575387650 6.310635173 1.5 3
1575387959 4.231611297 1.25 2
1575388267 4.08159369 0.25 1
1575388576 4.356723475 0.6 1
1575388878 4.238833961 0.2 1
1575390453 4.013140737 0.25 1
1575391023 4.425296344 0.2 1
1575391584 4.193955561 0.5 1
1575392398 4.122215531 0.0 0
1575392976 4.358781638 0.6 1
1575393597 4.576611354 0.25 1
1575394156 4.440572662 0.4 1
1575394723 4.254590243 0.25 1
1575395287 3.953917933 0.0 0
1575395850 4.266846352 0.0 0
1575558765 4.21008595 3.0 4
1575559076 4.020894304 2.25 3
1575559401 4.277127646 1.2 3
1575559723 4.169904024 2.5 4
1575560090 4.256063881 2.25 3
1575560420 4.174280922 1.25 3
1575560754 4.223283018 3.0 4
1575561286 4.952574201 2.8 4
1575561626 4.755789157 2.4 5
1575561985 4.552367836 2.75 5
1575562771 5.024877719 2.0 3
1575563380 6.497299399 4.0 5
1575564628 4.645147225 3.75 6
1575565208 4.387030555 2.4 4
1575565774 4.426326904 2.6 5
1575566347 4.367256112 3.5 6
1575566947 11.431523397 3.1818181818181817 4
1575568275 6.043223109 1.8333333333333333 3
1575568858 4.048797981 2.0 3
1579186511 4.171348458 1.25 2
1579186859 4.581534942 1.0 2
1579187868 4.590472533 1.0 1
1579188201 4.267001835 0.5 1
1579188646 4.496323446 0.6 1
1579189182 4.111425241 0.75 2
1579189517 4.108232092 0.5 1
1579189843 4.104455825 0.25 1
1579190183 4.565061751 0.4 1
1579190518 3.790141177 0.75 2
1579191305 4.228857626 1.5 2
1579191919 3.909183045 2.0 3
1579192485 4.384205802 1.5 2
1579193068 4.051207141 2.75 4
1579193654 4.480615745 1.75 2
1579194219 4.384511052 1.0 2
1579194787 4.472014624 1.25 2
1579195352 4.146281798 1.5 2
1579195943 4.388816587 1.4 2
1579196504 4.185751985 1.5 2
1579354268 4.108039675 0.5 1
1579354578 4.13237651 0.5 1
1579354886 4.108932522 0.5 2
1579355194 4.417484278 0.5 1
1579355502 4.012105526 0.5 1
1579355812 4.444254355 0.0 0
1579356120 6.181066805 1.1666666666666667 2
1579356427 4.289507176 0.4 1
1579356732 4.23388382 0.2 1
1579357222 4.09227869 0.5 1
1579359709 3.955550526 0.5 1
1579360288 3.893752698 1.0 2
1579360846 4.099810069 0.5 1
1579361402 3.902497852 0.75 2
1579361957 4.231393205 0.5 1
1579362512 4.097594021 0.75 2
1579363069 4.56763729 1.6 3
1579363636 4.461329011 0.4 1
1579364202 4.406466039 0.25 1
1579364761 4.142004503 0.8 2
1579524881 5.075435708 1.6 3
1579525222 5.043051716 2.8 3
1579525607 4.680121178 1.4 2
1579525932 4.577439307 0.4 1
1579526259 4.176828702 1.5 3
1579528564 4.471678812 2.25 3
1579528988 4.299757212 0.4 2
1579529364 4.740983483 1.8 3
1579529703 5.23786158 1.1666666666666667 2
1579530015 4.230884859 0.25 1
1579530755 4.210880178 0.25 1
1579531328 4.142268947 0.4 1
1579532383 4.061255151 0.5 1
1579533075 4.178872564 0.75 1
1579533736 4.041534509 0.5 1
1579534380 4.424057165 0.75 2
1579535051 4.085507525 1.0 2
1579535640 4.025876138 0.5 2
1579536718 4.391990035 0.2 1
1579537287 4.002878493 0.25 1
1580218008 4.292691285 1.0 1
1580218337 4.232696896 0.5 1
1580218672 5.290984504 2.6 3
1580219011 4.567842163 1.25 2
1580219705 4.262169013 0.6 1
1580222421 4.249676038 1.0 1
1580222734 3.975102437 0.5 1
1580223047 3.847168199 0.5 1
1580223384 4.220011815 0.75 1
1580224013 4.141462758 0.75 2
1580224570 4.249247193 0.5 1
1580225127 3.978503589 0.5 1
1580225692 4.143312102 0.25 1
1580226253 4.22748963 0.75 1
1580226839 4.000496799 1.0 2
1580227403 4.381434915 0.6 1
1580228003 4.27908238 0.4 1
1580228582 4.054686 0.5 1
1580229142 4.231591779 0.5 1
1580306641 3.944689188 0.75 1
1580306944 4.620029814 2.8 3
1580307343 4.582466358 0.6 1
1580307823 4.215881134 0.5 1
1580308135 4.312559623 0.75 1
1580308451 4.136303146 0.4 1
1580310652 4.199214238 0.25 1
1580310966 4.306196929 1.0 2
1580311276 4.059426735 1.0 2
1580311586 4.132688875 0.5 2
1580311960 4.262435905 1.25 2
1580312569 4.400929015 0.75 2
1580313149 3.973124764 1.25 2
1580314029 4.160441074 0.6 1
1580314668 4.254945073 0.5 1
1580315225 4.262122266 0.25 1
1580315787 4.319760441 0.4 1
1580316349 4.136931439 0.75 2
1580317058 4.281412101 1.5 2
1580317646 4.399521489 0.4 1
1581937040 4.22890364 1.4 3
1581937353 4.200683489 1.0 1
1581937697 4.367151544 1.0 1
1581938020 4.506547522 0.4 1
1581938339 4.678994934 1.75 3
1581938664 4.009862965 0.5 1
1581938965 4.356422038 1.2 2
1581939309 4.185204318 0.5 1
1581939635 4.363607486 0.75 1
1581939935 4.3400127 0.75 1
1581942711 4.120544639 0.75 1
1581944288 4.39725926 1.0 1
1581945234 4.369588739 0.5 1
1581946184 4.447412833 0.5 1
1581946754 4.336095497 1.0 1
1581947648 5.371271899 1.8 2
1581948240 4.562903391 0.75 1
1581949360 4.923541413 0.8 1
1582030451 4.921741152 0.4 1
1582030759 4.85558894 2.0 3
1582031404 4.748113617 0.4 1
1582031704 4.715583898 0.25 1
1582032075 4.736535476 0.6 2
1582032393 5.754213802 1.3333333333333333 2
1582032697 4.75960209 0.4 1
1582032996 4.56927667 0.25 1
1582033290 4.798327991 0.4 1
1582033647 4.828220516 0.6 1
1582035064 4.89981569 0.4 1
1582035934 4.863139258 0.6 1
1582036540 4.654318543 0.8 1
1582037149 4.748702012 0.4 1
1582037748 4.625631253 0.25 1
1582038342 4.465487128 0.6 1
1582038929 4.730146604 0.8 2
1582041846 4.46922863 1.6 2
1582042595 4.998675827 0.8 1
1582044044 4.693229124 0.25 1
1582044636 4.29360684 0.75 2
1582044949 4.74000912 1.8 2
1582045253 4.550947543 0.75 1
1582045549 4.663984219 3.2 4
1582045861 4.632770182 0.6 1
1582046157 4.236218736 0.75 1
1582120505 4.574815146 2.0 3
1582120731 5.277675586 0.0 0
1582188916 4.225926986 0.5 1
1582190946 4.469551559 0.0 0
1582191236 7.912241157 1.75 3
1582191533 4.653469171 0.0 0
1582191829 4.303017706 0.0 0
1582192118 4.361035607 0.0 0
1582192410 4.104785129 0.0 0
1582192706 4.200127471 0.75 1
1582192994 4.637792843 0.0 0
1582193284 4.270052964 0.25 1
1582635057 4.305890236 0.5 1
1582635342 4.324904428 0.75 1
1582635626 4.284776363 1.0 2
1582635909 4.622603085 2.0 3
1582636196 4.206808098 1.75 3
1582636483 4.079724024 0.5 1
1582636775 4.227771713 0.5 1
1582637369 4.462938546 1.5 2
1582637663 4.311867527 1.0 2
1582638232 4.171646081 1.0 3
1582638793 4.253884768 1.25 2
1582640458 4.180980572 1.0 2
1582641047 4.156775896 1.5 2
1582641606 4.627986164 0.6 1
1582642180 4.191857827 1.0 2
1582642746 4.608416012 1.2 2
1582643321 3.96522315 1.5 2
1582643918 4.209060226 0.5 1
1582644477 113.508955416 1.543859649122807 4
1582886308 4.339615454 0.5 1
1582886597 4.492293403 0.75 1
1582886892 4.252890515 1.5 3
1582887182 4.600068614 1.25 3
1582887471 4.343412422 1.0 2
1582887764 4.223846692 1.0 2
1582888047 4.302740034 1.5 2
1582888333 4.476604931 0.8 2
1582888625 4.301054309 1.75 3
1582888984 4.367925493 0.5 1
1582899088 4.176275733 0.8 2
1582899652 4.185469007 1.6 3
1582900217 3.894815319 0.5 1
1582900776 4.283080586 1.4 2
1582902522 4.071239777 1.25 2
1582903081 4.232779406 1.2 3
1582903685 4.487210671 1.0 3
1574711106 4.436494967 0.0 0
1574708901 4.505080108 0.0 0
