1569854382 2.306600811 0.0 0
1569855794 2.088142542 1.3333333333333333 2
1571330085 1.883258685 0.6666666666666666 1
1571766441 2.052831442 2.3333333333333335 3
1571767223 1.918050359 2.3333333333333335 3
1572537359 1.616786446 3.0 3
1572538016 1.705257797 1.0 1
1572538676 1.487448371 1.5 2
1572539328 1.637841775 2.0 2
1572539975 1.931313211 0.0 0
1572540881 1.636597468 2.3333333333333335 3
1572541535 1.711288159 2.0 2
1572542183 1.736549997 1.0 1
1572542830 2.051873248 0.6666666666666666 1
1572543496 1.670866547 1.0 1
1572871249 1.898596957 1.0 1
1572871900 2.007081337 1.6666666666666667 3
1572872577 1.54421263 2.0 2
1572873230 1.800958045 4.0 4
1572873882 1.98153769 0.0 0
1572874944 2.136175065 3.3333333333333335 5
1572875806 1.829374286 3.3333333333333335 4
1572877031 1.836548424 2.3333333333333335 3
1572877681 1.60802537 1.3333333333333333 2
1572878909 1.652856195 0.0 0
1572967315 2.038854054 3.0 3
1572967973 1.735611264 1.3333333333333333 2
1572969275 1.470703109 2.3333333333333335 3
1572969936 1.721558377 2.0 3
1572970586 2.002970779 2.6666666666666665 3
1572971236 1.672221559 1.5 2
1572971898 1.507836176 3.5 4
1572972559 1.786540202 1.0 1
1572973272 2.008215876 1.3333333333333333 2
1572973925 2.131814705 2.3333333333333335 3
1572974576 1.98554249 3.3333333333333335 4
1573208858 1.787079001 0.0 0
1573209513 1.804140562 2.3333333333333335 3
1573210188 2.045621229 4.0 4
1573210857 1.797304168 3.0 3
1573211514 1.96801891 2.0 3
1573212163 1.735658151 1.6666666666666667 3
1573212815 1.715237455 2.5 3
1573213466 1.704137311 2.3333333333333335 3
1573214137 2.059762491 1.3333333333333333 2
1573214791 2.1625825 3.6666666666666665 4
1573310318 1.469603659 4.0 4
1573310941 1.619725641 2.3333333333333335 3
1573311556 1.796114997 2.0 2
1573312260 1.745535563 2.6666666666666665 3
1573312869 1.722596623 2.6666666666666665 3
1573313497 1.705943613 2.6666666666666665 3
1573314129 1.646373011 2.0 2
1573314744 1.524980756 2.3333333333333335 3
1574696354 1.49804479 2.0 2
1574696931 1.459872819 1.0 1
1574697523 1.811214258 2.3333333333333335 3
1574698100 1.789008192 1.3333333333333333 2
1574698686 1.44959801 1.0 1
1574709469 1.658164009 1.5 2
1574710756 1.42706934 0.0 0
1574956108 1.691909621 2.6666666666666665 4
1574956681 1.440266245 3.5 4
1574957372 1.546079068 2.6666666666666665 3
1574957949 1.658942612 2.3333333333333335 3
1574958541 1.638004581 2.0 2
1574959130 1.803136234 2.0 2
1574959733 1.400186672 2.0 3
1574960312 1.41476696 3.0 3
1574960922 1.439758289 2.5 3
1574961560 1.535259912 2.6666666666666665 3
1575033032 1.595493285 2.0 2
1575033600 1.399320314 2.6666666666666665 4
1575034191 1.243223167 3.3333333333333335 4
1575034758 1.532531558 2.6666666666666665 3
1575035329 1.755301409 2.6666666666666665 3
1575036351 1.673880046 2.6666666666666665 4
1575036929 1.40397463 2.5 3
1575037488 1.702995709 2.5 3
1575038491 1.57460645 2.0 2
1575039058 1.570232709 2.6666666666666665 4
1575120323 1.37025982 3.0 3
1575120886 1.100598236 4.0 5
1575121447 1.453273807 3.5 4
1575122510 1.627709783 2.5 3
1575123066 1.573529408 2.6666666666666665 3
1575123626 1.707890994 2.6666666666666665 4
1575124182 1.59181698 2.0 2
1575124750 1.158378666 3.0 3
1575125306 1.31027334 3.0 4
1575125875 1.599124719 2.3333333333333335 3
1575297619 1.960327918 3.0 5
1575298200 1.234524897 2.0 3
1575298766 1.541997873 2.3333333333333335 4
1575299347 1.178030808 1.0 1
1575299919 1.542177188 2.5 3
1575300540 1.127529845 1.5 2
1575301111 1.308257915 3.0 3
1575301920 1.579605088 1.3333333333333333 3
1575390107 1.476191178 3.0 3
1575390675 1.584723443 3.0 3
1575391242 1.60809449 2.3333333333333335 3
1575391809 1.684742944 2.0 2
1575392617 1.579637729 1.3333333333333333 2
1575393253 1.62172143 2.6666666666666665 3
1575393814 1.531315696 3.0 4
1575394380 1.462831934 2.0 2
1575394943 1.824088259 2.0 2
1575395505 1.447689149 1.3333333333333333 2
1575473472 1.967382071 0.0 0
1575562326 3.847594684 0.8 2
1575563036 2.894428073 2.0 4
1575563686 1.753794624 2.0 2
1575564284 1.706887076 2.5 3
1575564867 1.574497004 1.3333333333333333 2
1575565433 1.624751462 2.0 2
1575566001 1.669256811 1.5 2
1575566587 1.281680624 2.5 3
1575568513 1.273489706 2.0 2
1579190958 2.388980169 0.6666666666666666 2
1579191573 1.446217733 0.0 0
1579192138 1.456987114 0.0 0
1579192719 1.494322796 2.0 2
1579193283 1.21368917 1.5 2
1579193874 1.407087019 1.5 2
1579194439 2.605896057 0.25 1
1579195008 1.232342241 2.0 2
1579195598 1.587464039 1.5 2
1579196162 1.116820535 1.5 2
1579359368 1.743174726 2.0 3
1579359941 1.492461012 0.0 0
1579360505 1.53209456 1.0 1
1579361062 1.617444112 0.0 0
1579361618 1.700300317 0.5 1
1579362172 1.532523466 0.5 1
1579362727 1.528131764 2.6666666666666665 4
1579363292 1.542224822 0.0 0
1579363860 1.235278131 1.0 1
1579364419 1.249421097 1.0 2
1579530336 1.318801814 2.0 2
1579530983 1.660755173 1.0 1
1579532024 1.415646876 1.0 1
1579532726 1.455171722 1.5 2
1579533391 1.748398604 1.0 2
1579533995 1.742214625 2.0 3
1579534655 1.280809151 2.0 2
1579535292 1.323741981 1.5 2
1579535887 1.334143338 1.5 2
1579536944 1.180282675 1.0 1
1580223668 1.408239999 3.0 4
1580224229 1.380388701 1.3333333333333333 3
1580224784 1.445298244 0.0 0
1580225348 1.32014982 0.0 0
1580225909 1.192288736 1.0 1
1580226491 1.406769082 0.0 0
1580227060 1.444186135 0.0 0
1580227657 1.455315 2.3333333333333335 3
1580228240 1.606534625 0.5 1
1580228799 1.50762003 2.5 3
1580312228 1.239591976 0.6666666666666666 1
1580312809 1.329809744 2.0 3
1580313364 1.464566978 1.6666666666666667 3
1580314328 1.491048568 1.0 2
1580314886 1.535300057 1.5 2
1580315442 1.952136035 0.0 0
1580316005 1.297285105 0.5 1
1580316707 1.820616169 2.3333333333333335 3
1580317294 1.751899047 1.6666666666666667 2
1581942364 1.452121046 2.0 2
1581942951 1.279285306 0.5 1
1581943569 1.787761709 3.3333333333333335 4
1581944857 1.364122268 1.5 2
1581945835 0.038054057 0.0 0
1581946408 1.589632836 1.3333333333333333 2
1581946976 1.540652769 0.0 0
1581947897 1.246309727 2.0 2
1581948985 1.629190916 1.0 2
1582033902 1.907295808 0.3333333333333333 1
1582035564 1.491360487 0.5 1
1582036170 1.695953615 1.3333333333333333 3
1582036773 1.628112273 1.0 2
1582037380 1.456220185 1.0 1
1582037978 1.710377958 1.5 3
1582038575 1.655513921 0.3333333333333333 1
1582041467 1.554426434 2.0 2
1582042077 1.625621786 1.0 1
1582043664 1.668210604 1.3333333333333333 2
1582044278 1.667967854 1.0 2
1582637892 1.364690766 2.5 3
1582638450 1.743985306 1.6666666666666667 3
1582639525 1.483117657 2.0 3
1582640703 1.364575772 2.0 3
1582641263 1.439954872 2.0 2
1582641833 1.446510204 2.5 3
1582642401 1.494897793 2.0 2
1582642975 1.755661566 1.6666666666666667 3
1582643578 1.461273609 1.6666666666666667 2
1582644134 1.368691158 3.0 3
1582898732 1.456899285 2.0 3
1582899304 1.581582336 0.6666666666666666 2
1582899872 1.460525219 0.6666666666666666 2
1582900436 1.653874581 1.0 2
1582902094 1.728859809 0.5 1
1582902740 1.320166438 1.0 2
1582903337 1.287823338 2.0 3
1574710756 1.42706934 0.0 0
