1569854538 2.770111327 1.0 2
1569856002 2.815827615 0.0 0
1571330235 2.821325219 1.0 2
1571766591 2.732338522 0.3333333333333333 1
1571767374 2.770540867 0.0 0
1572537481 2.307005674 0.0 0
1572538138 2.158056378 0.0 0
1572538798 2.264772064 0.0 0
1572539451 2.140905299 0.0 0
1572540098 2.220152064 0.0 0
1572541003 2.385577193 0.5 1
1572541657 2.323115396 0.5 1
1572542305 2.179069073 0.6666666666666666 1
1572542953 2.309911676 0.0 0
1572543618 2.177096166 0.5 1
1572871372 2.278029399 1.0 1
1572872022 2.395636303 0.0 0
1572872698 2.215637592 0.6666666666666666 1
1572873352 2.228530468 0.0 0
1572874005 2.170243 0.6666666666666666 1
1572875067 2.222729454 0.5 1
1572875928 2.179618971 0.0 0
1572877154 2.173095321 0.0 0
1572877803 2.230390736 0.5 1
1572879048 2.215008579 0.5 1
1572967439 2.233555087 0.0 0
1572968095 2.182668626 0.0 0
1572969397 2.163298686 0.3333333333333333 1
1572970058 2.209009527 0.5 1
1572970708 2.19234615 0.0 0
1572971361 2.299255826 0.0 0
1572972023 2.263387474 0.6666666666666666 1
1572972681 2.182066861 1.0 1
1572973397 2.210080221 0.0 0
1572974047 2.227133626 1.0 1
1572974698 2.219687063 0.5 1
1573208982 2.26783313 0.0 0
1573209637 2.305847413 0.0 0
1573210311 2.260393839 0.5 1
1573210980 2.169509997 0.0 0
1573211638 2.190192439 0.0 0
1573212287 2.186655637 0.0 0
1573212938 2.273331285 0.0 0
1573213588 2.255490953 0.6666666666666666 1
1573214261 2.295706404 0.0 0
1573214918 2.482637704 0.3333333333333333 1
1573310434 2.04255729 0.0 0
1573311055 2.131333697 0.5 1
1573311669 1.993715388 0.0 0
1573312374 2.008216661 0.5 1
1573312985 2.182352879 0.5 1
1573313611 2.133906755 0.0 0
1573314244 2.09953433 0.0 0
1573314857 2.089779954 0.6666666666666666 1
1574696466 2.183587643 0.6666666666666666 1
1574697047 1.968952838 1.0 2
1574697637 2.125970847 0.0 0
1574698211 2.115837484 0.0 0
1574698796 2.094453593 0.0 0
1574709582 2.05070253 0.5 1
1574710869 1.965925205 0.0 0
1574956219 2.006468757 0.0 0
1574956881 2.120001167 0.0 0
1574957482 2.047791061 0.0 0
1574958062 2.145618537 0.0 0
1574958657 1.91242823 0.0 0
1574959243 2.000935426 0.5 1
1574959846 2.136259915 0.0 0
1574960424 2.085272929 0.0 0
1574961034 2.009054546 0.0 0
1574961670 2.133541246 0.0 0
1575033145 2.089688665 0.0 0
1575033713 2.124635776 0.0 0
1575034304 2.129270961 0.0 0
1575034870 1.8382697 0.0 0
1575035441 2.086923308 0.5 1
1575036479 2.042157621 0.0 0
1575037041 2.154764326 0.0 0
1575037600 2.007393293 0.0 0
1575038601 2.101921553 0.0 0
1575039171 2.014581721 0.0 0
1575120434 1.993872652 0.0 0
1575120997 2.044093429 0.0 0
1575121557 2.149628601 0.0 0
1575121968 7.065730743 0.0 0
1575122621 2.047928231 0.6666666666666666 1
1575123178 2.047507067 0.0 0
1575123737 1.949034184 0.5 1
1575124293 2.029775013 0.0 0
1575124860 2.08020595 0.0 0
1575125418 2.13284059 0.0 0
1575125987 2.120690218 0.0 0
1575297736 2.083870342 0.5 1
1575298314 1.763205627 0.0 0
1575298881 1.868113645 0.0 0
1575299460 1.933969669 0.5 1
1575300032 2.066795677 0.5 1
1575300651 2.088861849 0.6666666666666666 1
1575301221 2.093751324 0.0 0
1575302033 2.164726906 0.0 0
1575390221 1.872090823 0.0 0
1575390788 1.974477214 0.0 0
1575391354 2.093595575 0.0 0
1575391919 2.050594116 0.0 0
1575392728 2.139669581 0.0 0
1575393365 2.096941086 0.0 0
1575393924 2.171797595 0.0 0
1575394491 2.179061132 0.0 0
1575395055 2.001245437 0.0 0
1575395618 1.968672905 0.5 1
1575562452 2.028456488 0.0 0
1575563150 2.131283866 0.0 0
1575563799 2.041727345 0.0 0
1575564395 2.071826233 0.0 0
1575564978 2.057129229 0.0 0
1575565543 2.077035954 0.0 0
1575566113 2.036615076 0.5 1
1575566698 2.121983962 0.0 0
1575568019 2.042316427 0.0 0
1575568625 2.055407168 0.5 1
1579191073 1.787598063 0.0 0
1579191685 1.947865699 0.0 0
1579192250 1.878292249 0.0 0
1579192831 1.960172988 0.5 1
1579193399 2.120410203 0.0 0
1579193986 2.012406783 0.5 1
1579194555 2.048006143 0.5 1
1579195120 1.969760384 0.5 1
1579195710 2.012882424 0.0 0
1579196273 2.091284598 0.5 1
1579359479 2.017181816 1.0 1
1579360056 2.050267883 0.0 0
1579360616 2.079924515 1.0 1
1579361172 2.143820603 0.3333333333333333 1
1579361728 2.001357 1.0 1
1579362282 2.044984487 0.5 1
1579362837 2.120413592 0.5 1
1579363405 2.123736053 0.5 1
1579363972 2.12985071 0.5 1
1579364530 1.903919134 1.0 1
1579530516 6.154222317 0.0 0
1579531096 2.019242409 0.5 1
1579532136 1.961314371 0.0 0
1579532841 1.95171018 0.0 0
1579533505 1.922470718 0.0 0
1579534106 1.990815859 0.0 0
1579534792 2.131721683 0.0 0
1579535404 2.062736946 0.0 0
1579536477 2.143731863 0.0 0
1579537055 2.095948387 0.0 0
1580223782 1.976247705 1.5 2
1580224340 2.046626113 0.5 1
1580224896 2.157932556 0.0 0
1580225461 2.097462989 0.0 0
1580226019 2.036607349 0.5 1
1580226604 2.097955571 0.5 1
1580227172 2.041977415 0.0 0
1580227770 2.063984132 0.0 0
1580228351 2.060741583 0.5 1
1580228910 2.100544237 0.5 1
1580312340 2.1004085 0.0 0
1580312919 1.996248911 0.5 1
1580313475 2.072774941 0.5 1
1580314439 1.952205345 0.0 0
1580314996 2.093457495 0.5 1
1580315555 2.083631714 0.5 1
1580316117 1.875472824 0.0 0
1580316818 2.047551499 0.0 0
1580317412 2.050007068 0.0 0
1581942477 2.063855432 0.0 0
1581943679 2.198204225 0.5 1
1581944970 2.123487583 0.0 0
1581945949 2.136212122 0.0 0
1581946520 2.19249108 0.3333333333333333 1
1581947087 2.126268884 0.5 1
1581948009 2.13475487 0.5 1
1581949108 1.927715781 1.0 1
1582035687 1.895353396 0.5 1
1582036293 2.286079452 1.0 2
1582036900 1.976957112 1.0 2
1582037505 2.334819798 1.0 2
1582038095 2.267581785 0.5 1
1582038692 2.405914043 0.5 1
1582041592 1.897344914 0.0 0
1582042195 2.38252637 0.0 0
1582043789 2.003637984 0.5 1
1582044394 2.299972991 0.0 0
1582638002 2.18835486 0.0 0
1582638563 2.250820703 0.0 0
1582639636 2.154791565 0.5 1
1582640816 2.084821269 0.0 0
1582641374 2.107340794 0.0 0
1582641946 2.162678835 0.0 0
1582642513 2.132869079 0.0 0
1582643087 2.085098965 0.5 1
1582643688 2.104984725 0.5 1
1582644245 2.126118154 0.0 0
1582898846 2.017951902 0.0 0
1582899416 2.114271447 0.0 0
1582899985 2.144167171 1.0 1
1582900546 2.144295896 0.5 1
1582902205 1.993876491 0.0 0
1582902851 1.996783636 0.0 0
1582903456 2.032463579 0.0 0
1574710869 1.965925205 0.0 0
