1569854499 2.957174286 0.0 0
1569855925 2.750201839 0.0 0
1571330196 2.770235807 0.0 0
1571766553 2.793269839 0.0 0
1571767335 2.808591911 0.0 0
1572537451 2.238675372 0.5 1
1572538107 2.264752853 0.0 0
1572538767 2.2557 0.0 0
1572539420 2.20806097 0.0 0
1572540067 2.209553819 0.0 0
1572540972 2.28119516 0.0 0
1572541626 2.156398451 0.0 0
1572542274 2.302770518 0.0 0
1572542922 2.268039432 0.0 0
1572543587 2.299601194 0.0 0
1572871341 2.260492524 0.0 0
1572871991 2.226666664 0.0 0
1572872668 2.221766663 0.0 0
1572873321 2.18772813 0.0 0
1572873974 2.296720649 0.3333333333333333 1
1572875036 2.225807477 0.5 1
1572875897 2.272176763 0.0 0
1572877123 2.226949223 0.0 0
1572877772 2.269668015 0.0 0
1572879001 2.265004976 1.0 1
1572967408 2.228534202 0.0 0
1572968064 2.205528047 0.0 0
1572969366 2.226176785 0.0 0
1572970027 2.309722529 0.0 0
1572970677 2.234012145 0.0 0
1572971329 2.180864436 0.0 0
1572971993 2.215415601 0.0 0
1572972650 2.252489511 0.0 0
1572973367 2.170250407 0.5 1
1572974016 2.27178226 0.0 0
1572974667 2.211791938 0.0 0
1573208951 2.214040796 0.0 0
1573209606 2.431700619 0.0 0
1573210280 2.293938429 0.0 0
1573210949 2.199496824 0.0 0
1573211607 2.21810921 0.0 0
1573212256 2.301360144 0.0 0
1573212906 2.374523475 0.0 0
1573213557 2.215184152 0.0 0
1573214230 2.518281735 0.0 0
1573214885 2.272921117 0.0 0
1573310405 2.125286815 0.5 1
1573311026 1.864341593 0.0 0
1573311641 2.103125239 0.0 0
1573312345 2.258104657 0.5 1
1573312955 1.924140385 0.0 0
1573313583 1.942174887 0.0 0
1573314215 2.175335811 0.5 1
1573314829 2.04293327 0.0 0
1574696438 1.924368001 0.0 0
1574697019 2.047332329 0.0 0
1574697609 2.045845487 0.0 0
1574698183 1.935570893 0.0 0
1574698768 1.97279816 0.0 0
1574709553 2.006995436 0.0 0
1574710840 2.011758681 0.0 0
1574956191 2.052177818 0.0 0
1574956852 2.048292904 0.5 1
1574957455 1.95811284 0.5 1
1574958033 1.918992248 0.5 1
1574958625 1.852528636 0.5 1
1574959214 1.955366387 0.5 1
1574959818 1.875161466 0.5 1
1574960396 1.970792052 0.5 1
1574961006 1.971885934 0.0 0
1574961643 1.843345317 0.5 1
1575033117 1.99849051 0.0 0
1575033685 2.007464588 0.5 1
1575034276 1.962395918 0.5 1
1575034841 1.967107918 0.0 0
1575035413 2.041458638 0.0 0
1575036436 1.955301699 0.0 0
1575037013 1.93483945 0.0 0
1575037572 1.978492333 0.5 1
1575038573 2.073212315 0.0 0
1575039143 1.971405552 0.0 0
1575120407 1.939362379 0.0 0
1575120970 1.884280866 0.0 0
1575121530 1.996410721 0.0 0
1575122593 2.055341845 0.0 0
1575123150 1.975555547 0.0 0
1575123709 2.000636476 0.5 1
1575124265 1.923899136 0.0 0
1575124833 1.920220115 0.0 0
1575125391 1.878819168 0.0 0
1575125959 1.981187538 0.5 1
1575297708 2.144661909 0.0 0
1575298285 1.99679916 0.0 0
1575298853 2.005208711 0.0 0
1575299432 2.088822911 0.3333333333333333 1
1575300003 2.036632606 0.0 0
1575300623 2.035345452 0.0 0
1575301193 1.910436871 0.0 0
1575302005 2.008160546 0.0 0
1575390193 1.997750278 0.0 0
1575390759 2.004258299 0.0 0
1575391327 1.881231165 0.0 0
1575391892 1.958813876 0.0 0
1575392701 1.919602063 0.5 1
1575393337 1.968375127 0.5 1
1575393897 2.088277632 0.0 0
1575394463 2.047058836 0.0 0
1575395026 1.954382936 0.0 0
1575395589 2.000848858 0.5 1
1575562424 1.924900471 0.0 0
1575563122 2.018463886 0.0 0
1575563771 1.915334765 0.5 1
1575564366 1.968822156 0.0 0
1575564950 1.915146283 0.0 0
1575565515 1.965324642 0.5 1
1575566085 2.045127696 1.0 2
1575566670 1.836831299 0.0 0
1575567990 1.875599305 0.5 1
1575568596 2.14067031 0.0 0
1579191044 2.172219417 0.0 0
1579191657 1.87524613 1.0 2
1579192222 1.999049194 0.5 1
1579192803 2.020080233 0.5 1
1579193366 1.96683473 0.0 0
1579193958 2.043645954 0.5 1
1579194526 1.947694865 0.5 1
1579195091 1.880695907 0.0 0
1579195682 2.000275433 0.0 0
1579196244 2.015733329 0.0 0
1579359451 2.020073758 0.5 1
1579360027 1.87872938 0.0 0
1579360588 2.094753513 0.0 0
1579361145 1.946981371 0.5 1
1579361700 1.970761031 0.5 1
1579362254 1.927145875 0.0 0
1579362810 2.047965108 0.0 0
1579363376 1.791487048 0.0 0
1579363943 2.004149442 0.0 0
1579364502 2.006512704 0.0 0
1579530421 1.969236773 0.5 1
1579531067 2.106839369 0.5 1
1579532108 1.966959561 0.0 0
1579532809 1.86624665 1.0 2
1579533477 1.999409023 0.0 0
1579534078 2.055962264 0.0 0
1579534764 2.003250195 1.0 2
1579535376 1.932855092 0.0 0
1579535971 1.926268029 0.0 0
1579537027 2.005169059 0.5 1
1580223753 1.885175588 0.0 0
1580224312 1.908856605 0.5 1
1580224868 1.988925694 0.0 0
1580225432 2.036742789 0.5 1
1580225991 1.958470417 0.0 0
1580226576 2.009704241 0.0 0
1580227143 2.013229363 0.0 0
1580227742 2.050602109 0.5 1
1580228323 1.89312153 0.5 1
1580228882 1.867579543 0.5 1
1580312312 1.917261366 0.0 0
1580312892 1.985449905 0.0 0
1580313448 1.948326031 0.5 1
1580314410 2.078537705 0.5 1
1580314968 1.883517506 0.0 0
1580315526 2.051431508 0.0 0
1580316088 2.147671592 0.5 1
1580316790 1.996786652 1.0 2
1580317383 1.990400623 0.0 0
1581942449 1.965988727 0.5 1
1581943651 2.006119852 0.0 0
1581944941 2.006569173 0.5 1
1581945921 2.129472626 0.0 0
1581946492 1.826130997 0.0 0
1581947059 2.123495136 0.0 0
1581947982 1.875821411 0.0 0
1581949078 2.395107892 1.5 2
1582034036 1.997395599 0.0 0
1582035655 2.418067485 0.0 0
1582036263 2.309752876 0.0 0
1582036868 2.384759034 0.5 1
1582037472 2.433244331 0.0 0
1582038063 1.909775465 0.0 0
1582038662 2.096738399 0.0 0
1582041559 2.399794142 0.0 0
1582042165 1.960497111 0.0 0
1582043757 1.999506554 1.0 2
1582044366 1.78897129 1.0 2
1582637974 2.03974231 0.0 0
1582638534 2.042173619 0.0 0
1582639608 1.918684889 0.0 0
1582640788 2.364853276 0.5 1
1582641346 1.981286075 0.5 1
1582641918 1.94138794 0.0 0
1582642485 1.948279462 0.0 0
1582643059 2.137576918 0.0 0
1582643661 1.961647992 0.5 1
1582644217 1.978208621 0.5 1
1582898817 2.016836593 0.0 0
1582899388 2.008255771 0.5 1
1582899957 1.906831003 0.0 0
1582900518 2.01525572 0.0 0
1582902177 2.007803604 1.0 2
1582902823 2.051894535 0.0 0
1582903428 2.016832232 0.5 1
1574710840 2.011758681 0.0 0
