1569854385 3.272570978 0.3333333333333333 1
1569855796 3.670456725 0.0 0
1571330087 3.540679933 1.0 1
1571766443 3.497525757 0.6666666666666666 1
1571767225 3.676198188 0.25 1
1572537360 3.035618537 1.0 1
1572538017 2.980416115 0.0 0
1572538677 3.130345862 0.0 0
1572539330 3.109253065 0.3333333333333333 1
1572539977 2.922497911 0.3333333333333333 1
1572540883 2.941028014 1.0 2
1572541537 2.885728109 0.0 0
1572542185 2.951755618 0.3333333333333333 1
1572542832 2.82209844 0.0 0
1572543497 2.898266345 0.0 0
1572871251 2.804775035 0.3333333333333333 1
1572871902 2.726404975 1.0 1
1572872578 3.020660144 0.0 0
1572873231 3.055726973 0.6666666666666666 1
1572873884 2.964229637 0.3333333333333333 1
1572874946 2.681434228 0.0 0
1572875808 2.704121467 0.6666666666666666 1
1572877033 2.803326954 0.3333333333333333 1
1572877683 3.026226345 0.3333333333333333 1
1572878911 2.844920089 0.3333333333333333 1
1572967317 2.653621013 1.6666666666666667 3
1572967975 2.944954468 0.0 0
1572969277 3.210885331 0.3333333333333333 1
1572969938 2.927623011 1.0 1
1572970588 2.659744611 1.3333333333333333 2
1572971237 2.953964334 0.0 0
1572971899 3.265864497 0.5 1
1572972560 2.960085524 0.0 0
1572973274 2.740076978 0.0 0
1572973927 2.617182922 1.0 1
1572974578 2.732042626 0.6666666666666666 1
1573208860 2.897392554 0.3333333333333333 1
1573209515 2.912216161 1.0 2
1573210190 2.797052861 0.5 1
1573210859 2.893519675 1.0 2
1573211516 2.959537665 0.0 0
1573212165 2.838544058 0.0 0
1573212816 3.105262346 1.3333333333333333 2
1573213468 2.952107718 0.3333333333333333 1
1573214139 2.705291876 1.0 1
1573214793 2.707272264 1.0 2
1573310319 3.073055392 1.0 1
1573310943 2.52349303 0.5 1
1573311558 2.565213902 0.5 1
1573312262 2.42067458 0.0 0
1573312871 2.557444576 0.0 0
1573313499 2.651203812 0.5 1
1573314131 2.603436516 0.5 1
1573314746 2.700542142 0.3333333333333333 1
1574696355 2.674842435 1.3333333333333333 2
1574696932 2.951242144 0.0 0
1574697525 3.198250888 0.0 0
1574698102 2.72543895 0.3333333333333333 1
1574698687 2.755887306 0.6666666666666666 1
1574709470 2.524037563 0.0 0
1574710757 2.737732382 0.0 0
1574956110 2.730781809 0.3333333333333333 1
1574956682 2.698695177 0.0 0
1574957374 2.716021827 0.0 0
1574957951 2.6026306 0.0 0
1574958543 2.673598047 0.5 1
1574959132 2.612259773 0.0 0
1574959734 2.612796926 0.3333333333333333 1
1574960313 2.826405261 0.0 0
1574960923 2.73512576 0.0 0
1574961562 2.637964 1.5 2
1575033033 2.606523745 0.3333333333333333 1
1575033602 2.696384573 0.0 0
1575034193 2.717764228 1.0 1
1575034760 2.641556829 0.0 0
1575035331 2.511990477 0.0 0
1575036353 2.594292383 0.3333333333333333 1
1575036930 2.691234041 0.0 0
1575037489 2.550590937 0.3333333333333333 1
1575038492 2.673656127 0.0 0
1575039060 2.725544455 0.3333333333333333 1
1575120325 2.734427402 0.0 0
1575120888 2.903442008 0.0 0
1575121448 2.911407589 1.0 1
1575122511 2.786851736 0.0 0
1575123068 2.64754907 0.3333333333333333 1
1575123628 2.54451711 0.6666666666666666 1
1575124183 2.679618744 0.0 0
1575124751 2.836691309 0.3333333333333333 1
1575125308 2.903703897 0.0 0
1575125877 2.69582391 0.5 1
1575298201 2.860817019 0.0 0
1575298768 2.911067777 0.0 0
1575299348 2.77061433 0.0 0
1575299920 2.807800676 0.0 0
1575300541 2.945601052 0.0 0
1575301112 2.829689048 0.0 0
1575301922 2.596820198 0.0 0
1575390108 2.795716273 1.0 1
1575390676 2.644915395 0.0 0
1575391244 2.598967115 0.0 0
1575391810 2.587190816 0.0 0
1575392619 2.738832336 0.3333333333333333 1
1575393255 2.630120156 0.0 0
1575393816 2.691065574 0.0 0
1575394381 2.729365479 0.3333333333333333 1
1575394944 2.60544903 0.3333333333333333 1
1575395507 2.668489122 0.0 0
1575562330 16.045121506 0.0 0
1575563039 4.390571741 0.25 1
1575563688 2.517656799 0.3333333333333333 1
1575564285 2.509042157 0.3333333333333333 1
1575564869 2.746207314 0.5 1
1575565434 2.556168709 1.0 1
1575566002 2.649998697 0.0 0
1575566588 2.799487851 0.0 0
1575568514 3.028992661 0.3333333333333333 1
1579190960 3.182429833 0.0 0
1579191574 2.807387686 0.0 0
1579192140 2.862898965 0.0 0
1579192720 2.849985629 0.6666666666666666 1
1579193284 2.80848407 0.0 0
1579193875 2.761731668 0.0 0
1579194442 3.108170757 0.3333333333333333 1
1579195009 2.846118401 0.3333333333333333 1
1579195599 2.603647678 0.3333333333333333 1
1579196163 2.951962846 0.0 0
1579359369 2.672350347 0.3333333333333333 1
1579359942 2.815164382 0.3333333333333333 1
1579360506 2.597044694 0.3333333333333333 1
1579361063 2.62207296 0.3333333333333333 1
1579361619 2.608042902 0.3333333333333333 1
1579362173 2.639349236 0.0 0
1579362729 2.828767092 0.6666666666666666 2
1579363293 2.72762814 0.0 0
1579363861 2.818974022 1.0 2
1579364420 2.824259957 0.3333333333333333 1
1579530337 2.732007886 0.0 0
1579530985 2.619065651 0.5 1
1579532025 2.864256309 0.0 0
1579532727 2.73984032 0.0 0
1579533393 2.537748901 0.0 0
1579533996 2.488114661 0.0 0
1579534656 2.818227822 0.3333333333333333 1
1579535293 2.866310124 0.0 0
1579535888 2.859739627 0.0 0
1579536945 2.877577685 0.0 0
1580223669 3.602313143 1.5 2
1580224231 2.878711496 0.0 0
1580224786 2.870279876 0.0 0
1580225349 2.762604926 0.0 0
1580225910 2.768884115 0.0 0
1580226493 2.823922922 0.0 0
1580227061 2.908681533 0.0 0
1580227659 2.739706865 1.0 2
1580228241 2.590852855 0.3333333333333333 1
1580228800 2.69315567 0.3333333333333333 1
1580312230 2.904867773 0.3333333333333333 1
1580312810 2.806182287 0.0 0
1580313366 2.851725152 0.0 0
1580314330 2.695902612 0.3333333333333333 1
1580314887 2.792024717 0.3333333333333333 1
1580315444 3.199146863 0.0 0
1580316006 2.793320461 0.0 0
1580316709 2.486720673 1.0 1
1580317296 2.81300106 0.3333333333333333 1
1581942365 2.923088153 1.3333333333333333 2
1581942953 2.920309202 0.0 0
1581943571 2.529402873 0.5 1
1581944858 2.932077923 0.0 0
1581945835 2.906185506 0.0 0
1581946410 2.938509285 0.0 0
1581946977 3.024000761 0.0 0
1581947898 2.894241873 0.0 0
1581948987 3.023584505 0.0 0
1582033904 8.877849171 0.0 0
1582035565 3.054130994 0.0 0
1582036172 2.96532791 0.0 0
1582036774 2.990678139 0.0 0
1582037381 3.155745163 0.0 0
1582037979 2.756736258 0.3333333333333333 1
1582038577 2.895954552 0.0 0
1582041468 2.89468784 0.0 0
1582042079 2.905958221 0.0 0
1582043666 2.903327585 0.3333333333333333 1
1582044280 2.911812445 0.3333333333333333 1
1582637893 2.931787439 0.0 0
1582638452 2.815902278 0.3333333333333333 1
1582639527 2.777388324 0.6666666666666666 1
1582640704 2.861338007 0.0 0
1582641264 2.869606706 0.3333333333333333 1
1582641834 2.822034403 0.3333333333333333 1
1582642402 2.865121713 1.0 2
1582642977 2.63877688 0.5 1
1582643580 2.73118541 0.0 0
1582644135 2.846620982 1.6666666666666667 2
1582898734 2.778067299 0.3333333333333333 1
1582899306 2.768266089 0.0 0
1582899874 2.755431949 0.0 0
1582900438 2.658013267 0.0 0
1582902095 2.8203246 0.0 0
1582902741 2.98514583 0.0 0
1582903339 2.91056107 0.0 0
1574710757 2.737732382 0.0 0
