1569854441 2.222263604 0.0 0
1569855851 2.171861433 0.0 0
1571330140 2.067832224 0.0 0
1571766495 2.098064751 0.0 0
1571767278 2.130704618 0.0 0
1572537403 1.747561507 0.0 0
1572538060 1.813989104 0.0 0
1572538720 1.708663851 0.0 0
1572539373 1.772838678 0.0 0
1572540019 1.730180595 0.0 0
1572540925 1.701602221 0.0 0
1572541579 1.663717298 0.0 0
1572542228 1.70866048 0.0 0
1572542875 1.752720522 0.0 0
1572543540 1.782572248 0.0 0
1572871294 1.86997801 0.0 0
1572871944 1.789435698 0.0 0
1572872621 1.716925388 0.0 0
1572873274 1.740337744 0.0 0
1572873927 1.755021298 0.0 0
1572874989 1.814500848 0.0 0
1572875850 1.746224243 0.0 0
1572877076 1.671891918 0.0 0
1572877725 1.799755985 0.0 0
1572878953 1.82440234 0.0 0
1572967360 1.716887596 0.0 0
1572968017 1.72065236 0.0 0
1572969319 1.76251313 0.0 0
1572969980 1.692912483 0.0 0
1572970630 1.772425182 0.0 0
1572971280 1.795198067 0.0 0
1572971943 1.705212853 0.0 0
1572972603 1.71037058 0.0 0
1572973316 1.712859896 0.0 0
1572973969 1.736332625 0.0 0
1572974620 1.756244441 0.0 0
1573208902 1.788376574 0.0 0
1573209557 1.741861139 0.0 0
1573210232 1.832638953 0.0 0
1573210902 1.671460868 0.0 0
1573211558 1.780182744 0.0 0
1573212207 1.713894549 0.0 0
1573212859 1.828028431 0.0 0
1573213510 1.76516513 0.0 0
1573214181 1.665785901 0.0 0
1573214836 1.749773379 0.0 0
1573310360 1.621939844 0.0 0
1573310982 1.524212212 0.0 0
1573311597 1.795854292 0.0 0
1573312301 1.537481445 0.0 0
1573312911 1.619014181 0.0 0
1573313539 1.571825121 0.0 0
1573314171 1.528304946 0.0 0
1573314785 1.502245158 0.0 0
1574696975 1.504676172 0.0 0
1574697566 1.790735389 0.0 0
1574698140 1.649846219 0.0 0
1574698725 1.526608324 0.0 0
1574709509 1.559525355 0.0 0
1574710796 1.523473295 0.0 0
1574956149 1.456678049 0.0 0
1574956809 1.663188417 0.0 0
1574957412 1.604116942 0.0 0
1574957989 1.562732368 0.0 0
1574958582 1.779744923 0.0 0
1574959171 1.43777124 0.0 0
1574959773 1.567725317 0.0 0
1574960352 1.76025999 0.0 0
1574960964 1.57940799 0.0 0
1574961600 1.65081866 0.0 0
1575033072 1.632446334 0.0 0
1575033641 1.659310502 0.0 0
1575034798 1.693583934 0.0 0
1575035369 1.70140324 0.0 0
1575036392 1.624462016 0.0 0
1575036969 1.664605033 0.0 0
1575037528 1.57633729 0.0 0
1575039099 1.618176009 0.0 0
1575120926 1.547070264 0.0 0
1575121487 1.78390916 0.0 0
1575122550 1.461333199 0.0 0
1575123107 1.628364503 0.0 0
1575123666 1.708765951 0.0 0
1575124789 1.489617194 0.0 0
1575125346 1.712025593 0.0 0
1575125916 1.619966108 0.0 0
1575297662 1.540217433 0.0 0
1575298242 1.715802907 0.0 0
1575298810 1.619965705 0.0 0
1575299387 1.703854029 0.0 0
1575299960 1.472251923 0.0 0
1575300579 1.531518883 0.0 0
1575301150 1.448273348 0.0 0
1575301961 1.789441633 0.0 0
1575390147 1.44666173 0.0 0
1575390715 1.743598525 0.0 0
1575391283 1.628456394 0.0 0
1575391849 1.465098488 0.0 0
1575392657 1.413288685 0.0 0
1575393854 1.579283346 0.0 0
1575394420 1.545405281 0.0 0
1575394983 1.619116965 0.0 0
1575395546 1.526074616 0.0 0
1575562382 1.550731197 0.0 0
1575563079 1.553737008 0.0 0
1575563727 1.686764582 0.0 0
1575564323 1.740204293 0.0 0
1575564907 1.69658827 0.0 0
1575565473 1.589147623 0.0 0
1575566041 1.498709258 0.0 0
1575566627 1.442147261 0.0 0
1575567946 1.521432195 0.0 0
1575568552 1.410678788 0.0 0
1579191000 1.624562591 0.0 0
1579191613 1.761723572 0.0 0
1579192759 1.864824614 0.0 0
1579193323 1.49634574 0.0 0
1579194482 1.620187551 0.0 0
1579195048 1.92261831 0.0 0
1579195638 1.623736613 0.0 0
1579196201 1.6210164 0.0 0
1579359982 1.784445809 0.0 0
1579360545 1.638774747 0.0 0
1579361102 1.581831417 0.0 0
1579361658 1.743176803 0.0 0
1579362212 1.461161681 0.0 0
1579362767 1.578911455 0.0 0
1579363333 1.753804926 0.0 0
1579363900 1.564630174 0.0 0
1579364459 1.57906932 0.0 0
1579530378 1.883547696 0.0 0
1579531024 1.656138759 0.0 0
1579532064 1.887271236 0.0 0
1579533435 1.457522662 0.0 0
1579534035 1.411675365 0.0 0
1579534721 1.457906444 0.0 0
1579535332 1.572000711 0.0 0
1579535927 1.499755169 0.0 0
1579536984 1.531393262 0.0 0
1580223709 1.759781835 0.0 0
1580224269 1.533903071 0.0 0
1580224824 1.535770098 0.0 0
1580225388 1.415234246 0.0 0
1580225949 1.456122931 0.0 0
1580226532 1.753995738 0.0 0
1580227100 1.667822186 0.0 0
1580227698 1.673474063 0.0 0
1580228279 1.564668993 0.0 0
1580228839 1.672667692 0.0 0
1580312269 1.426134267 0.0 0
1580312849 1.527369396 0.0 0
1580313404 1.874081157 0.0 0
1580314368 1.547801707 0.0 0
1580314925 1.703095081 0.0 0
1580315483 1.491678757 0.0 0
1580316045 1.364406016 0.0 0
1580316747 1.528346427 0.0 0
1581942404 1.708868885 0.0 0
1581943609 1.49368073 0.0 0
1581944897 1.738926448 0.0 0
1581945875 1.655864669 0.0 0
1581947937 1.570561774 0.0 0
1581949030 1.843699773 0.0 0
1582033989 1.930805219 0.0 0
1582035607 1.608153178 0.0 0
1582036215 1.967500741 0.0 0
1582036819 1.657098931 0.0 0
1582037424 1.747901474 0.0 0
1582038019 1.757668896 0.0 0
1582038616 1.67437404 0.0 0
1582041511 1.72170458 0.0 0
1582042119 1.623629551 0.0 0
1582043709 1.480805488 0.0 0
1582044321 1.583716679 0.0 0
1582637931 1.532827101 0.0 0
1582638491 1.637487204 0.0 0
1582639565 1.634824609 0.0 0
1582640743 1.526934965 0.0 0
1582641302 1.541051955 0.0 0
1582641873 1.622819133 0.0 0
1582642441 1.528568333 0.0 0
1582643016 1.490965977 0.0 0
1582643618 1.569141622 0.0 0
1582644174 1.682655267 0.0 0
1582898773 1.707047181 0.0 0
1582899345 1.458793497 0.0 0
1582899912 1.620280822 0.0 0
1582900476 1.508356049 0.0 0
1582902134 1.552672043 0.0 0
1582902780 1.666090399 0.0 0
1582903377 1.454960521 0.0 0
1574710796 1.523473295 0.0 0
