1569854799 1.753312754 0.0 0
1569856405 1.626031009 0.5 1
1571330458 1.72697214 0.0 0
1571766817 1.775753984 0.0 0
1571767599 1.645965398 0.5 1
1572537669 1.382709425 0.0 0
1572538322 1.442574404 0.0 0
1572538982 1.427730371 0.0 0
1572539634 1.409825076 0.0 0
1572540283 1.387918512 0.0 0
1572541188 1.411699457 0.0 0
1572541840 1.368442104 0.0 0
1572542490 1.365994248 0.0 0
1572543136 1.453285091 0.0 0
1572543809 1.491434312 0.0 0
1572871555 1.437311627 0.0 0
1572872206 1.531880122 0.0 0
1572872888 1.49590298 0.0 0
1572873535 1.382286335 0.0 0
1572874194 1.241509354 0.0 0
1572875258 1.326711789 0.0 0
1572876113 1.528349863 0.0 0
1572877338 1.387210497 0.0 0
1572877993 1.484001445 0.0 0
1572879233 1.529387325 0.0 0
1572967623 1.357797316 0.0 0
1572968281 1.516703679 0.0 0
1572969581 1.493623854 0.0 0
1572970242 1.365807078 0.0 0
1572970892 1.44685595 0.0 0
1572971555 1.501336338 0.0 0
1572972216 1.445646814 0.0 0
1572972865 1.4358747 1.0 1
1572973581 1.417518615 0.0 0
1572974230 1.193228762 0.0 0
1572974888 1.273574445 0.0 0
1573209165 1.198792965 0.0 0
1573209835 1.276847148 0.0 0
1573210496 1.357371238 0.0 0
1573211164 1.367454106 1.0 1
1573211824 1.360491898 0.0 0
1573212470 1.504450302 0.0 0
1573213124 1.424549474 0.0 0
1573213773 1.453462074 0.0 0
1573214446 1.498558562 0.0 0
1573215104 1.304824823 0.0 0
1573310610 1.332813555 0.0 0
1573311229 1.151012367 0.5 1
1573311840 1.280212876 0.0 0
1573312546 1.371515413 0.0 0
1573313164 1.327869867 0.0 0
1573313788 1.459149318 0.0 0
1573314416 1.252090222 0.0 0
1573315030 1.292347891 0.0 0
1574696636 1.362878734 0.0 0
1574697216 1.611479734 0.0 0
1574697808 1.465985047 0.0 0
1574698380 1.511408278 0.0 0
1574698967 1.572963558 0.0 0
1574709779 1.528374187 0.0 0
1574711038 1.569574421 0.0 0
1574956387 1.5520376 0.0 0
1574957050 1.475752897 0.0 0
1574957651 1.489392427 0.0 0
1574958233 1.548766246 0.0 0
1574958827 1.57716529 1.0 1
1574959437 1.525509546 0.0 0
1574960016 1.468714607 0.0 0
1574960592 1.504654479 0.0 0
1574961203 1.551309764 1.0 1
1574961838 1.402531191 0.0 0
1575033316 1.575142048 0.0 0
1575033884 1.500422066 0.0 0
1575034473 1.456705271 0.0 0
1575035049 1.433489377 0.0 0
1575035610 1.48044453 0.0 0
1575036648 1.524877712 0.0 0
1575037209 1.46332271 0.0 0
1575037768 1.493383231 0.0 0
1575038771 1.541839038 0.0 0
1575039342 1.482672933 0.0 0
1575120603 1.634293568 0.0 0
1575121167 1.595200488 0.0 0
1575122162 1.496688029 0.0 0
1575122788 1.492733214 0.0 0
1575123346 1.490929609 0.0 0
1575123904 1.445826696 0.0 0
1575124460 1.547981207 0.0 0
1575125027 1.487516572 0.0 0
1575125591 1.654886718 0.5 1
1575126158 1.458391854 0.0 0
1575297909 1.478816775 0.0 0
1575298482 1.524566479 0.5 1
1575299052 1.395676224 0.0 0
1575299632 1.45296379 0.0 0
1575300203 1.544855791 0.0 0
1575300821 1.443167978 0.0 0
1575301594 1.4527579 0.0 0
1575302202 1.456941496 0.0 0
1575390390 1.627209426 0.0 0
1575390960 1.491530384 0.0 0
1575391522 1.482231776 0.0 0
1575392088 1.475650361 0.0 0
1575392899 1.616855336 0.0 0
1575393535 1.415672609 0.0 0
1575394094 1.453272053 0.0 0
1575394661 1.407950116 0.0 0
1575395224 1.554029995 0.0 0
1575395787 1.371907668 0.0 0
1575473474 120.031703053 0.31666666666666665 1
1575562704 7.479856359 0.0 0
1575563319 1.54208119 0.0 0
1575563968 1.575090006 0.0 0
1575564564 1.580028601 0.0 0
1575565147 1.404189777 0.0 0
1575565712 1.497972669 0.0 0
1575566286 1.560200211 0.0 0
1575566885 1.538175885 0.0 0
1575568213 1.498517287 0.0 0
1575568797 1.442369605 0.0 0
1579191242 1.492847684 0.0 0
1579191855 1.510121141 0.0 0
1579192422 1.449789041 0.0 0
1579193006 1.414797843 1.0 1
1579193592 1.547721179 0.0 0
1579194156 1.528098541 0.0 0
1579194724 1.660770718 0.0 0
1579195291 1.491621919 0.0 0
1579195880 1.493685363 0.0 0
1579196442 1.647835525 0.0 0
1579359647 1.407652062 0.0 0
1579360225 1.504762202 0.0 0
1579360785 1.465273583 0.0 0
1579361341 1.619650351 0.0 0
1579361896 1.54281916 0.0 0
1579362451 1.584493129 0.0 0
1579363008 1.459571148 0.0 0
1579363574 1.425029271 0.0 0
1579364140 1.405074731 0.0 0
1579364700 1.46221356 0.0 0
1579530692 1.559200706 0.0 0
1579531265 1.984566818 0.0 0
1579532321 1.415802995 0.0 0
1579533013 1.526224323 0.0 0
1579533673 1.387169717 0.0 0
1579534274 1.488304324 0.5 1
1579534961 1.408594854 0.0 0
1579535576 1.326161202 0.0 0
1579536648 1.52812383 0.5 1
1579537224 1.407177626 0.0 0
1580223951 1.584500666 0.0 0
1580224509 1.433541164 0.0 0
1580225066 1.468453366 0.0 0
1580225630 1.45005437 0.0 0
1580226188 1.542502402 0.0 0
1580226775 1.501713638 0.0 0
1580227342 1.472219932 0.0 0
1580227940 1.412256786 0.5 1
1580228520 1.414781743 0.0 0
1580229080 1.405798852 0.0 0
1580312508 1.487146599 0.0 0
1580313087 1.604366073 0.0 0
1580313967 1.450296672 0.0 0
1580314607 1.530234794 0.0 0
1580315164 1.450118907 0.0 0
1580315725 1.534202331 0.0 0
1580316287 1.40775198 0.0 0
1580316996 1.310830263 0.0 0
1580317585 1.369220513 0.0 0
1581942648 1.419198113 0.0 0
1581943013 1.772114673 -1 -1
1581944225 1.486480091 0.0 0
1581945172 1.499759267 0.0 0
1581946121 1.374268596 0.0 0
1581946690 1.499793135 0.0 0
1581947584 1.546245047 0.0 0
1581948178 1.453789502 0.0 0
1581949292 1.248464487 0.0 0
1582034995 1.274179688 0.0 0
1582035867 1.413912336 0.0 0
1582036472 1.349548206 0.0 0
1582037081 1.550831296 0.0 0
1582037680 1.54173594 0.0 0
1582038275 1.371490447 0.0 0
1582038863 1.432185916 0.0 0
1582041778 1.364257509 0.0 0
1582042529 1.629564096 0.0 0
1582043980 1.23848328 0.0 0
1582044570 1.275641799 0.0 0
1582638170 1.370111828 0.0 0
1582638732 1.485545822 0.0 0
1582640168 1.447252683 0.0 0
1582640986 1.454778639 0.0 0
1582641545 1.308247828 0.0 0
1582642117 1.409125011 0.0 0
1582642684 1.475487794 0.0 0
1582643259 1.538075447 0.0 0
1582643856 1.543504136 0.0 0
1582644415 1.488366125 0.0 0
1582899025 1.472990028 0.0 0
1582899588 1.49057015 0.0 0
1582900155 1.408238102 0.0 0
1582900715 1.457729545 0.0 0
1582902459 1.394038455 0.0 0
1582903019 1.564605525 0.0 0
1582903624 1.504190604 0.0 0
1574711038 1.569574421 0.0 0
