1569854759 3.751185907 0.75 3
1569856368 3.707530222 0.3333333333333333 1
1571330419 3.712146438 0.25 1
1571766777 3.750047337 0.3333333333333333 1
1571767560 3.695490581 1.0 2
1572537637 3.034200922 0.3333333333333333 1
1572538291 2.896331766 0.6666666666666666 2
1572538950 3.016310455 0.3333333333333333 1
1572539603 3.019314458 0.3333333333333333 1
1572540252 2.937748543 1.0 2
1572541156 3.063166914 1.0 2
1572541809 3.068831301 0.3333333333333333 1
1572542458 2.995702333 1.0 3
1572543105 3.179501639 1.3333333333333333 4
1572543776 3.335231964 0.3333333333333333 1
1572871524 3.066586877 1.0 3
1572872175 3.028095149 1.0 3
1572872856 3.130634036 1.3333333333333333 4
1572873504 2.993063417 0.3333333333333333 1
1572874162 3.019496664 0.6666666666666666 1
1572875227 2.979314237 0.6666666666666666 2
1572876081 2.987849428 0.6666666666666666 2
1572877307 3.117723396 0.3333333333333333 1
1572877962 2.968244053 0.3333333333333333 1
1572879202 3.013104883 1.0 3
1572967592 3.043540082 1.0 3
1572968250 3.026290006 0.3333333333333333 1
1572969550 3.01487657 0.6666666666666666 2
1572970211 2.98840594 0.6666666666666666 1
1572970861 3.031780664 1.0 2
1572971524 2.95476948 0.6666666666666666 2
1572972185 3.02448272 1.0 3
1572972834 2.987968695 0.6666666666666666 2
1572973550 3.02469791 0.6666666666666666 2
1572974199 3.014377319 0.3333333333333333 1
1572974857 3.042795253 1.0 3
1573209134 3.004312397 1.0 2
1573209804 3.016782488 0.3333333333333333 1
1573210465 2.947827358 0.6666666666666666 2
1573211133 3.027269353 1.0 3
1573211792 3.01140297 0.3333333333333333 1
1573212439 3.048026679 0.3333333333333333 1
1573213093 2.990969972 0.5 1
1573213742 3.037237419 1.0 3
1573214415 2.978454116 1.0 3
1573215072 3.071393614 1.0 3
1573310581 2.70041676 1.0 3
1573311199 2.87912667 0.3333333333333333 1
1573311811 2.894225831 0.6666666666666666 2
1573312517 2.864288346 0.5 1
1573313134 2.948677061 1.0 3
1573313759 2.722418045 0.5 1
1573314387 2.64288208 1.0 3
1573315000 2.857844981 1.0 3
1574696608 2.472751887 0.0 0
1574697188 2.594500668 0.5 1
1574697780 2.467856742 1.3333333333333333 2
1574698352 2.332374188 0.0 0
1574698939 2.569572292 1.0 3
1574709751 2.740538624 0.6666666666666666 2
1574711010 2.603110802 0.0 0
1574956359 2.756411748 1.3333333333333333 3
1574957022 2.581560268 1.0 2
1574957623 2.610119821 1.3333333333333333 3
1574958205 2.33486723 1.0 3
1574958799 2.631266055 1.0 2
1574959387 2.556309409 1.5 3
1574959988 2.519374933 1.0 2
1574960564 2.734943962 1.6666666666666667 3
1574961175 2.597218699 1.0 2
1574961810 2.593700231 1.3333333333333333 3
1575033288 2.519783906 1.0 2
1575033856 2.548659412 1.0 2
1575034445 2.600638469 1.0 2
1575035021 2.555977624 1.0 2
1575035582 2.467469476 1.6666666666666667 4
1575036620 2.606870874 1.0 2
1575037181 2.631346683 1.6666666666666667 4
1575037740 2.639702515 1.6666666666666667 3
1575038743 2.515644549 1.25 4
1575039314 2.559136108 1.0 3
1575120575 2.608282081 1.0 2
1575121139 2.672346882 0.6666666666666666 2
1575122134 2.595668559 0.5 1
1575122760 2.633779134 0.6666666666666666 2
1575123318 2.549374372 1.3333333333333333 4
1575123877 2.51870768 0.6666666666666666 2
1575124432 2.645974389 0.6666666666666666 2
1575124999 2.638465649 1.3333333333333333 4
1575125563 2.667694973 1.3333333333333333 3
1575126130 2.563562648 1.0 2
1575297881 2.600015396 0.75 3
1575298454 2.547680625 1.0 3
1575299024 2.691257515 0.5 1
1575299603 2.562575023 0.6666666666666666 2
1575300175 2.598497133 0.0 0
1575300793 2.566632539 1.0 2
1575301566 2.5488683 0.6666666666666666 2
1575302174 2.564136615 1.0 3
1575390361 2.639164859 0.6666666666666666 2
1575390931 2.711017266 0.6666666666666666 2
1575391494 2.653929839 0.6666666666666666 2
1575392060 2.463860706 1.0 4
1575392871 2.515738923 0.0 0
1575393507 2.623192554 1.0 2
1575394066 2.612338314 1.0 2
1575394632 2.504250283 1.0 3
1575395196 2.575786616 0.5 2
1575395759 2.847061074 0.6666666666666666 2
1575562606 2.636744911 1.0 3
1575563291 2.687013469 0.5 1
1575563939 2.639012137 0.6666666666666666 2
1575564537 2.509225027 1.0 2
1575565119 2.56709672 1.0 3
1575565684 2.583673657 0.0 0
1575566258 2.678211689 1.0 2
1575566857 2.611227014 1.0 3
1575568184 2.683954261 0.6666666666666666 2
1575568769 2.648221674 0.0 0
1579191214 2.487961719 1.0 3
1579191827 2.595409181 0.0 0
1579192394 2.544391071 0.5 1
1579192978 2.642505208 1.0 3
1579193564 2.476851599 1.0 3
1579194128 2.578695189 1.3333333333333333 3
1579194696 2.411044831 1.0 3
1579195262 2.90877237 0.3333333333333333 1
1579195851 2.593031879 0.6666666666666666 2
1579196414 2.654241081 0.5 1
1579359619 2.431504241 0.6666666666666666 2
1579360197 2.445128809 0.0 0
1579360757 2.609914631 0.0 0
1579361312 2.667484829 1.0 2
1579361868 2.636741455 1.0 3
1579362422 2.611712313 1.0 2
1579362980 2.739225668 0.5 1
1579363546 2.565044536 0.6666666666666666 2
1579364112 2.525432911 1.0 3
1579364672 2.587151292 0.5 1
1579530664 2.606962756 0.3333333333333333 1
1579531237 2.569864442 0.3333333333333333 1
1579532292 2.510104759 1.25 4
1579532984 2.525027694 0.6666666666666666 2
1579533645 2.543987294 0.6666666666666666 2
1579534246 2.594770136 0.6666666666666666 2
1579534932 2.558668235 0.3333333333333333 1
1579535548 2.579624525 0.0 0
1579536620 2.640843761 1.0 3
1579537196 2.560585976 0.3333333333333333 1
1580223923 2.564119662 0.5 1
1580224481 2.56348176 0.0 0
1580225038 2.641119177 0.5 1
1580225602 2.467391235 0.3333333333333333 1
1580226160 2.470695491 0.75 3
1580226747 2.53368567 0.5 1
1580227314 2.464571253 0.5 1
1580227911 2.675703395 0.6666666666666666 2
1580228492 2.580586538 1.0 3
1580229052 2.634249799 0.0 0
1580312479 2.562507865 1.0 3
1580313059 2.678828665 0.3333333333333333 1
1580313939 2.619572159 0.6666666666666666 2
1580314579 2.476442554 0.0 0
1580315136 2.565518733 0.5 1
1580315697 2.510377979 0.5 1
1580316258 2.510849919 0.75 2
1580316968 2.564248843 1.3333333333333333 4
1580317556 3.46804119 0.3333333333333333 1
1581942619 2.610674144 0.6666666666666666 2
1581944197 2.627993809 0.5 1
1581945143 2.567716905 0.3333333333333333 1
1581946093 2.648700922 0.6666666666666666 2
1581946662 2.504619021 0.5 1
1581947557 2.506475902 0.3333333333333333 1
1581948149 2.647996371 0.3333333333333333 1
1581949259 3.079904626 0.3333333333333333 1
1582034964 3.176871594 1.0 3
1582035837 2.411997897 0.0 0
1582036441 2.671501309 0.6666666666666666 1
1582037052 2.961159844 1.0 3
1582037652 2.615156196 0.0 0
1582038247 2.905994308 0.0 0
1582038835 2.295054565 0.3333333333333333 1
1582041747 3.096703236 0.6666666666666666 2
1582042499 2.944635497 1.0 3
1582043948 3.066254514 0.3333333333333333 1
1582044540 2.954726147 0.3333333333333333 1
1582638142 2.608688466 0.5 1
1582638704 2.477664268 1.0 3
1582640140 2.538606602 0.5 1
1582640958 2.484559658 0.0 0
1582641517 2.657449102 0.3333333333333333 1
1582642089 2.543122177 0.5 1
1582642656 2.684221021 0.5 1
1582643230 2.479312677 1.0 3
1582643828 2.560015702 0.6666666666666666 2
1582644387 2.597339792 1.0 3
1582898997 3.192630848 0.6666666666666666 2
1582899560 2.589037656 0.5 1
1582900127 2.600508701 1.0 3
1582900687 2.635011723 0.0 0
1582902431 2.517264552 0.75 3
1582902991 2.678489075 1.0 3
1582903596 2.59747251 0.0 0
1574711010 2.603110802 0.0 0
