1569854745 4.888292437 0.0 0
1569856354 4.868612325 0.2 1
1571330406 4.811698616 0.0 0
1571766763 4.752730759 0.0 0
1571767546 4.647507511 0.0 0
1572537626 3.799804505 0.25 1
1572538280 3.835387256 0.0 0
1572538939 3.948969541 0.0 0
1572539592 3.742681067 0.0 0
1572540240 3.821133004 0.0 0
1572541144 4.005533698 0.0 0
1572541798 3.815780009 0.0 0
1572542447 3.847143245 0.0 0
1572543094 3.757300116 0.0 0
1572543765 3.711331248 0.0 0
1572871513 3.791178943 0.0 0
1572872164 3.763582061 0.0 0
1572872844 3.958571732 0.0 0
1572873493 3.7610026 0.0 0
1572874151 3.710574604 0.0 0
1572875216 3.750973125 0.0 0
1572876070 3.787721814 0.0 0
1572877296 3.757033779 0.0 0
1572877951 3.537783789 0.0 0
1572879191 3.735011807 0.0 0
1572967581 3.766290718 0.0 0
1572968239 3.707314334 0.25 1
1572969539 3.837295215 0.0 0
1572970200 3.829325939 0.0 0
1572970850 3.842295894 0.0 0
1572971513 3.739551012 0.0 0
1572972174 3.878392149 0.0 0
1572972823 3.827935717 0.0 0
1572973539 3.799671331 0.0 0
1572974188 3.710042002 0.0 0
1572974846 3.795641869 0.0 0
1573209122 3.930885702 0.0 0
1573209793 3.678166425 0.0 0
1573210453 3.676310803 0.0 0
1573211122 3.913007505 0.0 0
1573211781 3.753146034 0.0 0
1573212428 3.856432814 0.0 0
1573213082 3.640443285 0.0 0
1573213731 3.712946528 0.0 0
1573214404 3.763032775 0.0 0
1573215061 3.800023854 0.0 0
1573310570 3.688219701 0.0 0
1573311189 3.626161058 0.0 0
1573311800 3.693698107 0.25 1
1573312506 3.58932612 0.5 1
1573313123 3.929278853 0.0 0
1573313748 3.91418657 0.0 0
1573314377 3.460088217 0.0 0
1573314990 3.467773326 0.0 0
1574696597 3.463155777 0.0 0
1574697177 3.548333461 0.0 0
1574697769 3.655657106 0.0 0
1574698341 3.507965135 0.0 0
1574698929 3.491603746 0.0 0
1574709741 3.764582399 0.0 0
1574710999 3.463953896 0.0 0
1574956349 3.451556751 0.0 0
1574957012 3.463816027 0.0 0
1574957613 3.525581582 0.0 0
1574958195 3.705347794 0.0 0
1574958788 3.502321256 0.0 0
1574959376 3.501482797 0.0 0
1574959977 3.663838052 0.0 0
1574960554 3.46090393 0.0 0
1574961164 3.660509572 0.0 0
1574961800 3.599411509 0.0 0
1575033277 3.465138234 0.0 0
1575033845 3.847342613 0.0 0
1575034434 3.507803943 0.75 1
1575035011 3.483331346 0.0 0
1575035572 3.741626233 0.0 0
1575036609 3.537143037 0.0 0
1575037171 3.586496409 0.0 0
1575037730 3.505896751 0.0 0
1575038733 3.499816379 0.0 0
1575039303 3.678588525 0.0 0
1575120564 3.655822155 0.0 0
1575121129 3.615625196 0.0 0
1575122123 3.39364433 0.0 0
1575122750 3.578587069 0.0 0
1575123308 3.49630357 0.0 0
1575123866 3.46201019 0.0 0
1575124422 3.501078346 0.0 0
1575124989 3.484309479 0.0 0
1575125553 3.533832041 0.0 0
1575126119 3.507827089 0.0 0
1575297871 3.792469968 0.0 0
1575298444 3.505070178 0.0 0
1575299013 3.480168552 0.0 0
1575299593 3.445104308 0.0 0
1575300164 3.547551042 0.0 0
1575300782 3.422604701 0.0 0
1575301555 3.457192166 0.0 0
1575302164 3.446947603 0.0 0
1575390351 3.510108756 0.0 0
1575390921 3.688886293 0.0 0
1575391484 3.374751464 0.0 0
1575392050 3.500651978 0.0 0
1575392860 3.488888789 0.0 0
1575393496 3.365064984 0.0 0
1575394055 3.417698269 0.0 0
1575394622 3.771570954 0.0 0
1575395186 3.488073936 0.0 0
1575395748 3.585481999 0.0 0
1575562595 3.544892186 0.0 0
1575563280 3.447459313 0.0 0
1575563929 3.540386663 0.0 0
1575564526 3.541175349 0.0 0
1575565109 3.599445676 0.0 0
1575565673 3.72228211 0.0 0
1575566247 3.581177404 0.0 0
1575566847 3.435490975 0.0 0
1575568174 3.643700441 0.0 0
1575568758 3.489077499 0.0 0
1579191204 3.45559649 0.0 0
1579191816 3.8312196 0.0 0
1579192383 3.548442592 0.0 0
1579192968 3.472724786 0.0 0
1579193553 3.672997522 0.0 0
1579194118 3.547542534 0.0 0
1579194686 3.417934884 0.0 0
1579195250 3.621888497 0.25 1
1579195841 3.544403597 0.0 0
1579196403 3.585748066 0.0 0
1579359609 3.659535334 0.0 0
1579360186 3.775159141 0.0 0
1579360746 3.799089429 0.0 0
1579361302 3.451442495 0.0 0
1579361858 3.530962574 0.0 0
1579362412 3.448341639 0.0 0
1579362969 3.68169741 0.0 0
1579363536 3.457396149 0.0 0
1579364102 3.49505392 0.0 0
1579364661 3.500858541 0.0 0
1579530653 3.449989093 0.0 0
1579531226 3.537006097 0.0 0
1579532282 3.548201916 0.0 0
1579532974 3.579808741 0.0 0
1579533635 3.621860114 0.0 0
1579534236 3.496108326 0.0 0
1579534922 3.516755998 0.0 0
1579535538 3.36337324 0.0 0
1579536610 3.464102987 0.0 0
1579537185 3.633295842 0.0 0
1580223912 3.468526898 0.0 0
1580224471 3.38629304 0.0 0
1580225027 3.373575131 0.0 0
1580225591 3.663168687 0.0 0
1580226150 3.36066258 0.0 0
1580226736 3.290039897 0.0 0
1580227303 3.669540789 0.0 0
1580227901 3.344288118 0.0 0
1580228482 3.449895088 0.0 0
1580229042 3.419527385 0.0 0
1580312469 3.443854336 0.0 0
1580313049 3.533219467 0.0 0
1580313929 3.619745965 0.0 0
1580314568 3.464561362 0.0 0
1580315125 3.499968831 0.0 0
1580315686 3.555706289 0.0 0
1580316248 3.523383282 0.0 0
1580316958 3.417250736 0.0 0
1580317542 3.587873945 0.0 0
1581942609 3.520469973 0.0 0
1581944186 3.582762236 0.0 0
1581945133 3.512916342 0.0 0
1581946083 3.504866343 0.0 0
1581946651 3.374490874 0.0 0
1581947546 3.389663762 0.0 0
1581948139 3.533692199 0.0 0
1581949248 4.085001366 0.0 0
1582034953 3.579307766 0.0 0
1582035826 3.814994371 0.0 0
1582036430 3.955596676 0.0 0
1582037041 4.057818951 0.0 0
1582037641 3.702821814 0.0 0
1582038233 5.676367877 0.0 0
1582038825 3.420063246 0.0 0
1582041735 4.048147165 0.0 0
1582042487 3.894740929 0.0 0
1582043936 4.120460212 0.0 0
1582044529 4.181475003 0.0 0
1582638132 3.452232749 0.0 0
1582638694 3.464271884 0.0 0
1582640129 3.594001099 0.0 0
1582640948 3.500152678 0.0 0
1582641507 3.537776001 0.0 0
1582642078 3.677992196 0.5 1
1582642645 3.453210364 0.5 1
1582643219 4.004358882 0.0 0
1582643818 3.547992687 0.0 0
1582644377 3.463145549 0.0 0
1582898987 3.464943462 0.0 0
1582899550 3.547992548 0.0 0
1582900117 3.550035453 0.0 0
1582900677 3.639486464 0.0 0
1582902421 3.69495941 0.0 0
1582902981 3.460880758 0.0 0
1582903586 3.458944102 0.0 0
1574710999 3.463953896 0.0 0
