1569854517 1.360794486 0.0 0
1569855948 1.3240223 0.5 1
1569855949 0.0 0.0 0
1569856259 0.0 -1 -1
1569856259 0.0 -1 -1
1569856259 0.0 -1 -1
1569856259 0.0 -1 -1
1569856259 0.0 -1 -1
1569856259 0.0 -1 -1
1569856259 0.0 -1 -1
1571330213 1.388079523 0.0 0
1571330215 0.011211856 0.0 0
1571330215 0.04785259 0.0 0
1571330215 0.043621507 0.0 0
1571330215 0.044776065 0.0 0
1571330215 0.001249437 0.0 0
1571330215 0.03538065 0.0 0
1571330215 0.000614647 0.0 0
1571330215 0.058075691 0.0 0
1571766570 1.321014317 0.0 0
1571766571 0.087350109 0.0 0
1571766571 0.001360801 0.0 0
1571766571 0.039437899 0.0 0
1571766571 0.001299275 0.0 0
1571766571 0.049059702 0.0 0
1571766571 0.001554889 0.0 0
1571766571 0.042444228 0.0 0
1571766688 0.05251919 -1 -1
1571766689 1.6354e-05 -1 -1
1571767352 1.49458018 0.0 0
1571767353 0.041465094 0.0 0
1571767353 0.036500899 0.0 0
1571767353 0.055736774 0.0 0
1571767353 0.043108995 0.0 0
1571767472 0.046561921 -1 -1
1571767472 0.001111276 -1 -1
1571767472 0.052127347 -1 -1
1571767472 0.031822797 -1 -1
1572537464 1.028370009 1.0 1
1572537465 0.02364955 1.0 1
1572537466 0.002899255 -1 -1
1572537466 0.021265776 -1 -1
1572537565 0.002041412 -1 -1
1572538121 1.103258719 0.0 0
1572538122 0.000784918 0.0 0
1572538122 0.035614691 0.0 0
1572538122 0.051011807 0.0 0
1572538122 0.001116056 0.0 0
1572538122 0.042686174 0.0 0
1572538781 1.138155431 0.0 0
1572538782 0.001382002 0.0 0
1572538782 0.042296676 0.0 0
1572539434 1.134434614 0.0 0
1572540081 1.097814995 0.0 0
1572540178 0.039435697 -1 -1
1572540986 1.018849435 0.0 0
1572540987 0.037291334 0.0 0
1572540987 0.052574711 0.0 0
1572541640 1.150110169 0.0 0
1572541641 0.0509265 0.0 0
1572541737 8.358e-06 -1 -1
1572541737 0.013946132 -1 -1
1572542288 1.156956952 0.0 0
1572542289 0.043364608 0.0 0
1572542289 0.043203189 0.0 0
1572542289 0.001158656 0.0 0
1572542289 0.048612785 0.0 0
1572542290 0.001552455 -1 -1
1572542290 0.042107473 -1 -1
1572542936 1.110762243 0.0 0
1572542937 1.4705e-05 0.0 0
1572542937 0.001275745 0.0 0
1572542937 0.028592003 0.0 0
1572543601 1.075166041 0.0 0
1572543602 0.044223868 0.0 0
1572543602 0.043080876 0.0 0
1572543698 0.044061684 -1 -1
1572543698 0.001522693 -1 -1
1572543698 0.003045734 -1 -1
1572871355 1.178564816 0.0 0
1572871356 0.0 0.0 0
1572871356 0.0 0.0 0
1572871356 0.0 0.0 0
1572872005 1.158047679 0.0 0
1572872006 0.0 0.0 0
1572872006 0.0 0.0 0
1572872103 0.0 -1 -1
1572872681 1.019681208 0.0 0
1572872781 0.0 -1 -1
1572872781 0.0 -1 -1
1572872781 0.0 -1 -1
1572872781 0.0 -1 -1
1572872781 0.0 -1 -1
1572873335 1.009180389 0.0 0
1572873988 0.984432524 0.0 0
1572875050 1.113702048 0.0 0
1572875911 1.143633292 0.0 0
1572875912 0.0 0.0 0
1572875912 0.0 0.0 0
1572875912 0.0 0.0 0
1572875912 0.0 0.0 0
1572877137 1.111967378 0.0 0
1572877786 1.242571997 1.0 1
1572879019 1.183370302 0.0 0
1572967421 1.062313757 0.0 0
1572967422 0.0 0.0 0
1572967520 0.0 -1 -1
1572967520 0.0 -1 -1
1572968078 1.10953536 0.0 0
1572968177 0.0 -1 -1
1572969380 1.121021194 0.0 0
1572969381 0.0 0.0 0
1572969381 0.0 0.0 0
1572969381 0.0 0.0 0
1572969381 0.0 0.0 0
1572969381 0.0 0.0 0
1572969478 0.0 -1 -1
1572970041 1.101275837 0.0 0
1572970042 0.041659998 0.0 0
1572970139 0.0 -1 -1
1572970691 1.114906138 0.0 0
1572970789 0.0 -1 -1
1572971343 1.195602144 1.0 1
1572971344 0.0 1.0 1
1572971344 0.0 1.0 1
1572971344 0.0 1.0 1
1572971450 0.0 -1 -1
1572971450 0.0 -1 -1
1572972006 1.154415549 0.0 0
1572972007 0.0 0.0 0
1572972664 1.113770635 0.0 0
1572973380 1.201121808 0.0 0
1572974030 1.227853881 0.0 0
1572974031 0.0 0.0 0
1572974031 0.0 0.0 0
1572974681 1.104105294 0.0 0
1573208965 1.137346879 0.0 0
1573208966 0.0 0.0 0
1573209620 1.111557633 0.0 0
1573210294 1.029380891 0.0 0
1573210963 1.111642576 0.0 0
1573211621 1.186576382 0.0 0
1573211622 0.0 0.0 0
1573211622 0.0 0.0 0
1573212270 1.197734855 0.0 0
1573212271 0.0 0.0 0
1573212271 0.0 0.0 0
1573212921 1.141390391 0.0 0
1573212922 0.0 0.0 0
1573213020 0.0 -1 -1
1573213021 0.0 -1 -1
1573213571 1.138390637 0.0 0
1573214244 1.068520376 0.0 0
1573214899 1.191912643 0.0 0
1573214900 0.0 0.0 0
1573310418 0.940468796 0.0 0
1573310419 0.0 0.0 0
1573311039 0.93294372 0.0 0
1573311654 0.865684564 0.0 0
1573312359 0.855197957 0.0 0
1573312969 0.978499487 0.0 0
1573313596 0.975328934 0.0 0
1573314229 1.014302653 0.0 0
1573314842 0.91434905 0.0 0
1573314933 0.0 -1 -1
1574696451 0.959432322 0.0 0
1574696452 0.0 0.0 0
1574696452 0.0 0.0 0
1574696452 0.0 0.0 0
1574697032 0.944736017 0.0 0
1574697622 1.110539405 0.0 0
1574697623 0.0 0.0 0
1574697623 0.0 0.0 0
1574697623 0.0 0.0 0
1574697623 0.0 0.0 0
1574698195 1.115231742 0.0 0
1574698197 0.0 0.0 0
1574698197 0.0 0.0 0
1574698197 0.0 0.0 0
1574698197 0.0 0.0 0
1574698781 0.934891398 0.0 0
1574709566 0.841291019 0.0 0
1574710853 0.983380223 0.0 0
1574956204 0.937519975 0.0 0
1574956865 1.152525544 0.0 0
1574956866 0.001533771 0.0 0
1574956866 0.006768158 0.0 0
1574956866 0.027488769 0.0 0
1574956866 0.032691582 0.0 0
1574956866 0.055439954 0.0 0
1574956866 0.044077874 0.0 0
1574957467 0.925174747 0.0 0
1574958046 0.941248826 0.0 0
1574958638 1.065824706 1.0 1
1574959227 1.021060307 0.0 0
1574959830 1.094973403 0.0 0
1574959831 0.001576841 0.0 0
1574959831 0.044660613 0.0 0
1574959831 0.039645002 0.0 0
1574959831 0.0443035 0.0 0
1574960409 0.934489288 0.0 0
1574961019 1.067842114 0.0 0
1574961655 1.021958436 0.0 0
1574961744 0.052701808 -1 -1
1574961744 0.035243631 -1 -1
1575033129 0.994892446 0.0 0
1575033698 0.934620078 0.0 0
1575034288 1.021504676 0.0 0
1575034854 0.993264998 0.0 0
1575034855 0.001196711 0.0 0
1575034855 0.041699746 0.0 0
1575034855 0.001742126 0.0 0
1575034855 0.012907586 0.0 0
1575034855 0.020049955 0.0 0
1575035425 1.00611916 0.0 0
1575036449 0.926439452 0.0 0
1575037026 1.157210276 0.0 0
1575037027 0.042663537 0.0 0
1575037027 0.001789987 0.0 0
1575037027 0.041428557 0.0 0
1575037027 0.001647125 0.0 0
1575037027 0.042514429 0.0 0
1575037027 0.000795985 0.0 0
1575037027 0.007443529 0.0 0
1575037027 0.020014263 0.0 0
1575037027 0.051215736 0.0 0
1575037585 1.020787197 0.0 0
1575038586 1.008665306 0.0 0
1575039156 1.014550677 0.0 0
1575039157 0.036367447 0.0 0
1575039157 0.00117524 0.0 0
1575039157 0.051532132 0.0 0
1575120419 1.026494616 0.0 0
1575120982 0.899167499 0.0 0
1575121542 0.87372786 0.0 0
1575121950 1.155196373 0.0 0
1575121951 0.002329888 0.0 0
1575121951 0.029879794 0.0 0
1575122605 0.902649925 0.0 0
1575123163 0.938660864 1.0 1
1575123722 0.859550834 0.0 0
1575124278 0.980306171 0.0 0
1575124367 0.042544501 -1 -1
1575124367 0.04237384 -1 -1
1575124367 0.001374893 -1 -1
1575124367 0.036254004 -1 -1
1575124845 0.896172795 0.0 0
1575125403 0.906771297 0.0 0
1575125972 0.90611013 0.0 0
1575297721 0.940622073 0.0 0
1575298297 0.978560412 0.0 0
1575298298 0.091112035 0.0 0
1575298298 0.039026826 0.0 0
1575298298 0.003153174 0.0 0
1575298298 0.04166678 0.0 0
1575298298 0.046537988 0.0 0
1575298298 0.045667615 0.0 0
1575298866 0.874484465 0.0 0
1575299444 0.944762667 1.0 1
1575300016 0.83523163 0.0 0
1575300636 0.898938689 -1 -1
1575301206 1.026657918 0.0 0
1575301207 0.045254372 0.0 0
1575301207 0.03497642 0.0 0
1575301207 0.001566887 0.0 0
1575301207 0.018435203 0.0 0
1575301207 0.013458891 0.0 0
1575301207 0.049287546 0.0 0
1575302017 1.066629251 0.0 0
1575390206 0.940684115 0.0 0
1575390772 0.888851692 0.0 0
1575391339 1.024155131 0.0 0
1575391904 0.894396578 0.0 0
1575392713 0.981667504 0.0 0
1575393350 0.995363848 0.0 0
1575393909 1.049564876 0.0 0
1575393910 0.035000082 0.0 0
1575393910 0.05244087 0.0 0
1575394476 1.068420629 0.0 0
1575395039 0.876738493 0.0 0
1575395602 0.949374885 0.0 0
1575562437 0.942272566 0.0 0
1575563135 1.012846568 0.0 0
1575563783 0.986405332 0.0 0
1575564379 0.961250383 1.0 1
1575564963 0.976516832 0.0 0
1575565528 0.983485004 0.0 0
1575566097 0.976727661 0.0 0
1575566683 1.08609605 0.0 0
1575568003 1.070534091 0.0 0
1575568610 1.136794796 0.0 0
1575568611 0.001154656 0.0 0
1575568611 0.043353378 0.0 0
1579191057 1.18626502 0.0 0
1579191058 0.043279426 0.0 0
1579191058 0.046366943 0.0 0
1579191058 0.04157744 0.0 0
1579191058 0.044099273 0.0 0
1579191670 1.028188423 0.0 0
1579192235 0.769533332 -1 -1
1579192816 0.991820122 0.0 0
1579193384 0.860233847 -1 -1
1579193971 1.020173557 0.0 0
1579194539 1.025803147 0.0 0
1579195104 1.089044597 1.0 1
1579195695 0.927763915 0.0 0
1579196257 1.066908011 0.0 0
1579196258 0.044370241 0.0 0
1579359463 0.947308734 1.0 1
1579360040 1.122419096 1.0 1
1579360041 0.041324959 1.0 1
1579360041 0.037100896 1.0 1
1579360041 0.001196687 1.0 1
1579360041 0.019823128 1.0 1
1579360041 0.012511367 1.0 1
1579360041 0.050750145 1.0 1
1579360601 0.937222033 0.0 0
1579361157 0.968354731 1.0 1
1579361712 0.984875428 0.0 0
1579361713 0.044134032 0.0 0
1579361713 0.045131022 0.0 0
1579361713 0.04483951 0.0 0
1579362267 0.854276765 0.0 0
1579362822 0.87335556 0.0 0
1579363389 0.931298732 0.0 0
1579363956 1.100703684 0.0 0
1579363957 0.043731648 0.0 0
1579363957 0.001824153 0.0 0
1579363957 0.044674215 0.0 0
1579363957 0.001113525 0.0 0
1579363957 0.045269823 0.0 0
1579364515 1.028523237 0.0 0
1579364516 0.046435685 0.0 0
1579364516 0.052130409 0.0 0
1579530434 1.055309584 0.0 0
1579530435 0.0 0.0 0
1579530435 0.0 0.0 0
1579530435 0.0 0.0 0
1579530435 0.0 0.0 0
1579531080 0.815014254 0.0 0
1579532121 1.06823669 0.0 0
1579532122 0.0 0.0 0
1579532122 0.0 0.0 0
1579532122 0.0 0.0 0
1579532825 1.135742274 0.0 0
1579532826 0.0 0.0 0
1579532826 0.0 0.0 0
1579532826 0.0 0.0 0
1579532826 0.0 0.0 0
1579533490 1.067965354 0.0 0
1579533491 0.0 0.0 0
1579533491 0.0 0.0 0
1579533491 0.0 0.0 0
1579533491 0.0 0.0 0
1579533491 0.0 0.0 0
1579533491 0.0 0.0 0
1579534091 0.924458129 0.0 0
1579534776 0.946356823 0.0 0
1579535388 0.917934294 0.0 0
1579535983 0.843977446 0.0 0
1579535984 0.0 0.0 0
1579535984 0.0 0.0 0
1579535984 0.0 0.0 0
1579537040 1.051528916 0.0 0
1580223766 0.861548581 0.0 0
1580224325 0.974731897 0.0 0
1580224881 0.938428172 0.0 0
1580225445 1.150775212 0.0 0
1580225446 0.0 0.0 0
1580225446 0.0 0.0 0
1580225446 0.0 0.0 0
1580225446 0.0 0.0 0
1580225446 0.0 0.0 0
1580225446 0.0 0.0 0
1580225446 0.0 0.0 0
1580226004 0.981139055 0.0 0
1580226589 1.096601616 0.0 0
1580226590 0.0 0.0 0
1580226590 0.0 0.0 0
1580226590 0.0 0.0 0
1580226590 0.0 0.0 0
1580226590 0.0 0.0 0
1580227156 1.027548376 0.0 0
1580227157 0.0 0.0 0
1580227157 0.0 0.0 0
1580227157 0.0 0.0 0
1580227157 0.0 0.0 0
1580227158 0.0 -1 -1
1580227755 0.856552872 0.0 0
1580228335 1.137555843 0.0 0
1580228337 0.0 0.0 0
1580228337 0.0 0.0 0
1580228337 0.0 0.0 0
1580228337 0.0 0.0 0
1580228337 0.0 0.0 0
1580228337 0.0 0.0 0
1580228894 1.118286921 0.0 0
1580228895 0.0 0.0 0
1580228895 0.0 0.0 0
1580228896 0.0 -1 -1
1580228896 0.0 -1 -1
1580228896 0.0 -1 -1
1580228896 0.0 -1 -1
1580312325 0.975922899 0.0 0
1580312904 0.892050749 0.0 0
1580313460 0.959395958 0.0 0
1580314423 1.096060907 0.0 0
1580314424 0.0 0.0 0
1580314424 0.0 0.0 0
1580314424 0.0 0.0 0
1580314981 0.94903172 0.0 0
1580315540 0.967807649 -1 -1
1580316101 1.089546105 0.0 0
1580316803 0.896302911 -1 -1
1580317396 0.797832483 0.0 0
1581942462 0.963687287 0.0 0
1581943664 0.908058505 0.0 0
1581944954 1.080413472 0.0 0
1581945934 0.872605447 1.0 1
1581946505 0.9756941 0.0 0
1581947072 0.899695788 0.0 0
1581947994 1.026731676 0.0 0
1581949092 1.02880201 0.0 0
1582034049 1.123892282 0.0 0
1582035669 1.111693808 0.0 0
1582036277 0.9737873 0.0 0
1582036882 1.151699703 0.0 0
1582037487 1.16095209 0.0 0
1582038077 1.135261851 0.0 0
1582038079 0.0 0.0 0
1582038079 0.0 0.0 0
1582038676 0.918431732 0.0 0
1582038677 0.0 0.0 0
1582038677 0.0 0.0 0
1582038677 0.0 0.0 0
1582041574 1.158393192 0.0 0
1582042178 1.071531039 0.0 0
1582042180 0.0 -1 -1
1582043771 1.197116178 0.0 0
1582044378 1.022351932 0.0 0
1582044379 0.0 0.0 0
1582044379 0.0 0.0 0
1582637987 0.893274172 0.0 0
1582638547 0.911120505 0.0 0
1582639621 0.858590411 0.0 0
1582640801 0.884510491 0.0 0
1582641359 1.019042497 0.0 0
1582641931 0.765739597 0.0 0
1582642498 0.89583256 0.0 0
1582643072 0.979165425 0.0 0
1582643673 0.866361875 0.0 0
1582644230 0.859749536 0.0 0
1582898830 0.967394393 1.0 1
1582899401 0.773065081 0.0 0
1582899970 0.903255981 0.0 0
1582900531 0.916749867 0.0 0
1582902189 1.048082423 0.0 0
1582902836 0.922238585 0.0 0
1582903440 0.857648808 0.0 0
1574710853 0.983380223 0.0 0
