1569854482 3.792263934 0.3333333333333333 1
1569855897 13.501192555 0.21428571428571427 2
1571330179 3.852204621 0.5 2
1571766535 3.60702795 0.6666666666666666 2
1571767317 3.746256739 0.25 1
1572537434 2.976777324 0.6666666666666666 2
1572538092 3.126691438 0.3333333333333333 1
1572538751 3.075723774 0.25 1
1572539404 3.071620797 0.25 1
1572540051 3.027675127 0.3333333333333333 1
1572540957 3.070041646 0.3333333333333333 1
1572541611 3.07158082 0.6666666666666666 1
1572542259 3.147692988 0.6666666666666666 2
1572542906 2.981867172 0.3333333333333333 1
1572543571 3.19679662 0.25 1
1572871325 3.076692023 0.3333333333333333 1
1572871976 3.027087007 0.3333333333333333 1
1572872653 2.999613219 0.3333333333333333 1
1572873306 2.990105882 0.3333333333333333 1
1572873959 3.078612931 0.25 1
1572875020 3.076319186 0.25 1
1572875882 2.996874096 0.3333333333333333 1
1572877107 2.970890004 0.3333333333333333 1
1572877757 2.975297145 0.6666666666666666 1
1572878985 3.115866027 0.3333333333333333 1
1572967392 3.055789636 0.6666666666666666 2
1572968049 2.969823242 0.6666666666666666 1
1572969351 3.079921926 0.6666666666666666 2
1572970012 3.041088128 0.3333333333333333 1
1572970662 2.969550232 0.3333333333333333 1
1572971314 3.061421496 0.6666666666666666 2
1572971975 3.0025363 0.6666666666666666 2
1572972634 3.118041071 0.25 1
1572973351 3.070086622 0.6666666666666666 1
1572974001 3.031950901 0.3333333333333333 1
1572974652 2.945149763 0.3333333333333333 1
1573208934 2.947383683 0.3333333333333333 1
1573209590 3.023128491 0.3333333333333333 1
1573210265 2.975552396 0.6666666666666666 1
1573210933 3.07022989 0.6666666666666666 2
1573211590 3.0320051 0.6666666666666666 1
1573212239 3.12716989 0.6666666666666666 2
1573212891 3.064123059 0.3333333333333333 1
1573213542 3.084114499 0.3333333333333333 1
1573214214 2.995986616 0.3333333333333333 1
1573214868 3.201785827 0.6666666666666666 2
1573310390 2.858605972 0.3333333333333333 1
1573311011 2.99637573 0.6666666666666666 2
1573311627 2.804109028 0.3333333333333333 1
1573312331 3.027479922 0.6666666666666666 2
1573312941 3.007453423 0.3333333333333333 1
1573313569 2.723765635 0.5 1
1573314200 3.071393936 0.3333333333333333 1
1573314815 2.94873559 0.3333333333333333 1
1574696424 2.900751611 0.3333333333333333 1
1574697004 2.588949607 0.5 1
1574697595 3.06542637 0.3333333333333333 1
1574698169 2.811506223 0.3333333333333333 1
1574698754 2.753907597 0.6666666666666666 1
1574709539 3.023797286 0.3333333333333333 1
1574710825 3.232238031 0.0 0
1574956177 2.989611517 0.6666666666666666 2
1574956838 2.962699646 0.3333333333333333 1
1574957441 2.813661202 0.5 1
1574958019 2.984645801 0.0 0
1574958611 2.80728225 0.0 0
1574959200 3.078055051 0.0 0
1574959803 2.731851671 0.0 0
1574960381 2.79599561 0.3333333333333333 1
1574960992 2.935247353 0.3333333333333333 1
1574961629 2.836382808 0.5 1
1575033102 2.911458303 0.3333333333333333 1
1575034261 3.066406458 0.3333333333333333 1
1575034828 2.77728163 1.0 2
1575035398 2.595509099 0.6666666666666666 1
1575036421 3.144474459 0.3333333333333333 1
1575036998 2.849497468 0.6666666666666666 2
1575037558 2.735908638 0.5 1
1575038559 2.781362141 0.6666666666666666 2
1575039129 2.587555651 0.3333333333333333 1
1575120392 2.822908179 0.0 0
1575120955 2.893001232 0.3333333333333333 1
1575121516 2.798969903 0.5 1
1575122579 2.933548964 0.3333333333333333 1
1575123135 2.86748913 0.6666666666666666 2
1575123695 2.813814093 0.3333333333333333 1
1575124251 3.192524263 0.25 1
1575124818 2.704352197 0.6666666666666666 2
1575125376 2.942464646 1.0 2
1575125945 2.897456732 0.3333333333333333 1
1575297692 2.728838433 2.0 3
1575298271 3.029509565 0.6666666666666666 1
1575298839 2.863857942 1.0 1
1575299417 2.776706127 1.5 2
1575299989 2.885532693 1.0 2
1575300608 2.743203287 1.6666666666666667 3
1575301179 2.849766054 1.0 2
1575301991 2.834057556 1.3333333333333333 2
1575390178 2.961279232 1.0 2
1575390744 2.932662526 0.6666666666666666 2
1575391313 3.06582494 0.3333333333333333 1
1575391877 2.872502174 0.6666666666666666 2
1575392686 2.826179483 0.6666666666666666 2
1575393322 2.835511053 0.6666666666666666 2
1575393883 2.98122719 0.3333333333333333 1
1575394449 2.874843171 0.6666666666666666 2
1575395012 2.91994867 0.6666666666666666 2
1575562410 2.862361387 0.3333333333333333 1
1575563108 2.853339675 0.3333333333333333 1
1575563756 2.979875795 0.3333333333333333 1
1575564352 2.859402267 0.0 0
1575564936 2.733439016 0.3333333333333333 1
1575565501 2.944571998 0.6666666666666666 2
1575566070 2.687325805 0.0 0
1575566655 2.885241122 0.3333333333333333 1
1575567975 2.939999128 0.3333333333333333 1
1575568581 2.883663637 0.0 0
1579191029 2.901253789 0.3333333333333333 1
1579191643 2.947257565 0.3333333333333333 1
1579192208 2.977128104 0.6666666666666666 2
1579192789 2.900406544 0.5 1
1579193351 2.728606477 0.3333333333333333 1
1579193944 2.847971677 0.5 1
1579194511 2.890876078 0.3333333333333333 1
1579195077 2.753189464 0.6666666666666666 2
1579195668 3.127000604 0.3333333333333333 1
1579196230 3.006665242 0.0 0
1579359436 2.955339105 0.6666666666666666 2
1579360011 2.854838847 0.6666666666666666 2
1579360574 2.821543446 0.3333333333333333 1
1579361130 2.892941924 0.6666666666666666 2
1579361686 2.821973579 0.3333333333333333 1
1579362240 2.934386506 0.0 0
1579362796 2.565156035 0.5 1
1579363362 2.773922348 0.3333333333333333 1
1579363929 2.974679083 0.3333333333333333 1
1579364488 2.851081084 0.3333333333333333 1
1579530407 3.0293729 0.3333333333333333 1
1579531053 2.786550529 0.3333333333333333 1
1579532094 2.955749946 0.0 0
1579532794 2.723231353 1.3333333333333333 2
1579533464 2.864514461 0.0 0
1579534064 2.902072325 0.0 0
1579535361 2.781669853 0.0 0
1579535956 2.72829042 0.0 0
1579537013 2.794061046 0.0 0
1580223739 2.819502974 0.0 0
1580224298 2.769887738 0.3333333333333333 1
1580224853 2.807169852 0.6666666666666666 2
1580225418 3.016454912 0.3333333333333333 1
1580225977 2.777306596 0.6666666666666666 2
1580226562 2.984128313 0.3333333333333333 1
1580227130 2.648143021 0.5 1
1580227728 2.8183878 0.0 0
1580228309 2.48063246 0.5 1
1580228867 2.97890072 0.6666666666666666 2
1580312298 2.799628302 0.3333333333333333 1
1580312878 2.952970574 0.3333333333333333 1
1580313433 2.829820272 0.3333333333333333 1
1580314396 2.660661824 0.3333333333333333 1
1580314954 2.812578368 0.3333333333333333 1
1580315512 2.759565496 0.3333333333333333 1
1580316074 2.688240269 0.6666666666666666 1
1581943637 2.935643085 0.3333333333333333 1
1581946478 2.960124251 0.3333333333333333 1
1581947045 2.929253327 0.3333333333333333 1
1581947967 3.065248062 0.3333333333333333 1
1581949063 3.133868565 0.0 0
1582034021 3.15453024 0.6666666666666666 2
1582035639 2.977697488 0.3333333333333333 1
1582036247 3.325257904 0.3333333333333333 1
1582036853 2.990061989 0.3333333333333333 1
1582037456 3.281583241 0.25 1
1582038647 3.303043659 1.0 2
1582041544 3.279635879 0.6666666666666666 1
1582042150 2.992881458 0.6666666666666666 2
1582043741 3.115807109 0.0 0
1582044352 2.712826772 0.0 0
1582639594 2.963095955 0.6666666666666666 1
1582641331 2.995888654 0.6666666666666666 2
1582643045 2.94363601 0.3333333333333333 1
1582643647 2.8744941 0.3333333333333333 1
1582900504 2.865086984 0.6666666666666666 2
1582902163 2.897007301 0.3333333333333333 1
1582902809 2.564984334 0.3333333333333333 1
1574710825 3.232238031 0.0 0
