1569854736 8.291604714 0.0 0
1569856346 7.110067669 0.0 0
1571330397 7.897770839 0.0 0
1571766754 8.191755151 0.125 1
1571767537 8.020064303 0.125 1
1572537620 5.509644726 0.14285714285714285 1
1572538272 6.559719682 0.14285714285714285 1
1572538932 6.509260307 0.14285714285714285 1
1572539585 6.32879302 0.0 0
1572540233 6.469762529 0.14285714285714285 1
1572541137 6.504495268 0.0 0
1572541791 6.398744149 0.0 0
1572542440 6.394395337 0.16666666666666666 1
1572543087 6.414124394 0.16666666666666666 1
1572543757 6.484303773 0.14285714285714285 1
1572871505 6.610724486 0.14285714285714285 1
1572872157 6.423945454 0.16666666666666666 1
1572872836 6.796227 0.14285714285714285 1
1572873486 6.454995428 0.0 0
1572874144 6.447372489 0.0 0
1572875209 6.524277469 0.16666666666666666 1
1572876063 6.440588962 0.16666666666666666 1
1572877289 6.399982929 0.0 0
1572877944 6.436151014 0.0 0
1572879183 6.416659777 0.14285714285714285 1
1572967573 6.478731917 0.42857142857142855 1
1572968232 6.444664839 0.16666666666666666 1
1572969531 6.426780941 0.14285714285714285 1
1572970193 6.349781871 0.16666666666666666 1
1572970844 5.417560349 0.0 0
1572971505 6.443751137 0.14285714285714285 1
1572972166 6.529055667 0.0 0
1572972815 6.531106733 0.14285714285714285 1
1572973533 5.438784674 0.16666666666666666 1
1572974181 6.469014077 0.0 0
1572974838 6.331622367 0.14285714285714285 1
1573209115 6.610124407 0.0 0
1573209786 6.506922388 0.0 0
1573210446 6.392089765 0.14285714285714285 1
1573211116 5.387353848 0.16666666666666666 1
1573211774 6.395337241 0.0 0
1573212421 6.354914094 0.0 0
1573213074 6.563165627 0.14285714285714285 1
1573213723 6.596760547 0.14285714285714285 1
1573214397 6.473792065 0.16666666666666666 1
1573215054 6.323851703 0.16666666666666666 1
1573310563 6.277304663 0.16666666666666666 1
1573311182 5.976787153 0.0 0
1573311793 6.253448197 0.0 0
1573312501 5.171888586 0.16666666666666666 1
1573313115 6.360530085 0.14285714285714285 1
1573313741 5.913022121 0.0 0
1573314370 6.306791678 0.16666666666666666 1
1573314983 6.124330227 0.16666666666666666 1
1574696591 5.670148267 0.16666666666666666 1
1574710993 5.892919171 0.0 0
1574956342 5.760700984 0.0 0
1574959370 5.786434653 0.0 0
1574959970 5.569000473 0.16666666666666666 1
1574960547 5.792704986 0.16666666666666666 1
1574961158 6.005375678 0.16666666666666666 1
1574961794 5.658051175 0.0 0
1575033270 6.05477552 0.14285714285714285 1
1575034428 6.107107948 0.6666666666666666 2
1575035565 5.841850449 0.16666666666666666 1
1575036603 6.161309906 0.3333333333333333 1
1575037723 6.019200123 0.0 0
1575038726 6.01175105 0.0 0
1575039297 5.963100785 0.16666666666666666 1
1575120558 5.936447522 0.16666666666666666 1
1575121123 5.926629075 0.16666666666666666 1
1575122117 5.790926158 0.16666666666666666 1
1575122743 5.907634219 0.0 0
1575123301 6.180744667 0.14285714285714285 1
1575123860 5.96819737 0.0 0
1575124416 6.060198613 0.16666666666666666 1
1575124983 5.636491538 0.0 0
1575297864 5.531070399 0.16666666666666666 1
1575299587 5.655229336 0.0 0
1575391478 5.830733078 0.16666666666666666 1
1575394615 5.702368446 0.16666666666666666 1
1575563274 5.889739119 0.16666666666666666 1
1575563923 5.623487859 0.0 0
1575564520 5.851659076 0.16666666666666666 1
1575566840 6.366963882 0.14285714285714285 1
1575568168 5.791063059 0.16666666666666666 1
1575568752 5.947327311 0.16666666666666666 1
1579191197 5.749659479 0.16666666666666666 1
1579191810 5.799972481 0.16666666666666666 1
1579192377 5.756321699 0.16666666666666666 1
1579192962 5.596070919 0.2 1
1579193547 5.864815197 0.16666666666666666 1
1579194111 5.922213358 0.16666666666666666 1
1579195835 5.91226404 0.0 0
1579359603 5.762181794 0.0 0
1579360740 5.779001688 0.16666666666666666 1
1579361296 5.735634017 0.16666666666666666 1
1579361852 5.544251347 0.0 0
1579362406 5.598812408 0.0 0
1579530647 5.775845449 0.0 0
1579531220 5.875701607 0.16666666666666666 1
1579532968 5.84207489 0.16666666666666666 1
1579534229 5.795743235 0.16666666666666666 1
1579536604 5.852202124 0.16666666666666666 1
1579537179 5.699378827 0.0 0
1580223906 6.192435654 0.16666666666666666 1
1580225021 5.891948535 0.16666666666666666 1
1580226143 5.670950827 0.0 0
1580227895 5.799175735 0.0 0
1580314562 5.690207021 0.16666666666666666 1
1580316951 5.908739985 0.16666666666666666 1
1580317536 5.675699305 0.16666666666666666 1
1581942603 5.799464858 0.0 0
1581944180 5.673979142 0.16666666666666666 1
1581945127 5.867900913 0.16666666666666666 1
1581946076 5.963014582 0.16666666666666666 1
1581946645 5.750117203 0.0 0
1581947540 6.114534601 0.16666666666666666 1
1581948133 5.839042047 0.16666666666666666 1
1581949242 5.744298522 0.6666666666666666 1
1582034945 6.948690907 0.14285714285714285 1
1582035820 5.512762745 0.2 1
1582036424 5.969961161 0.0 0
1582037035 5.319664866 0.16666666666666666 1
1582037636 4.947743266 0.16666666666666666 1
1582038226 6.278665282 0.0 0
1582038818 6.069185961 0.16666666666666666 1
1582041728 6.708059339 0.16666666666666666 1
1582042481 5.93148127 0.0 0
1582044522 6.259480951 0.0 0
1582638125 5.908847804 0.16666666666666666 1
1582638688 5.774072717 0.16666666666666666 1
1582640123 6.005627548 0.16666666666666666 1
1582640941 5.751846223 0.16666666666666666 1
1582641501 6.192740773 0.0 0
1582642072 5.875190259 0.16666666666666666 1
1582642639 5.859875668 0.16666666666666666 1
1582643213 5.685084116 0.16666666666666666 1
1582643811 5.627102823 0.16666666666666666 1
1582644370 6.287148298 0.14285714285714285 1
1582898980 5.414592547 0.16666666666666666 1
1582899543 5.764875182 0.16666666666666666 1
1582900110 5.87645302 0.16666666666666666 1
1582902415 5.508633288 0.0 0
1582902975 5.65641875 0.0 0
1582903579 5.875653947 0.0 0
1574710993 5.892919171 0.0 0
