1569854533 4.651703297 0.0 0
1569855977 24.902916911 0.19230769230769232 2
1571330230 4.65228283 0.0 0
1571766586 4.751855139 0.0 0
1571767369 4.775051796 0.0 0
1572537477 3.80970964 0.0 0
1572538134 3.700451287 0.25 1
1572538794 3.797025018 0.25 1
1572539447 3.740791474 0.0 0
1572540094 3.754615157 0.0 0
1572540999 3.749586669 0.0 0
1572541653 3.702364793 0.0 0
1572542301 3.751353232 0.0 0
1572542949 3.6670663 0.0 0
1572543614 3.762308811 0.0 0
1572871368 3.796346904 0.0 0
1572872018 3.719237128 0.0 0
1572872694 3.808346063 0.0 0
1572873348 3.83318289 0.0 0
1572874002 3.762098417 0.0 0
1572875063 3.754287276 0.0 0
1572875924 3.803926254 0.0 0
1572877150 3.795616876 0.25 1
1572877799 3.795693739 0.0 0
1572879044 3.746528207 0.0 0
1572967435 3.630695207 0.0 0
1572968091 3.790900062 0.0 0
1572969393 3.799881281 0.0 0
1572970054 3.682359164 0.0 0
1572970704 3.770916218 0.0 0
1572971357 3.729282796 0.0 0
1572972019 3.787476637 0.0 0
1572972677 3.804149037 0.0 0
1572973394 3.769905727 0.0 0
1572974043 3.71831679 0.0 0
1572974694 3.668285623 0.0 0
1573208978 3.806776498 0.0 0
1573209633 3.733517868 0.0 0
1573210307 3.783716838 0.0 0
1573210976 3.836229733 0.0 0
1573211634 3.805546203 0.0 0
1573212283 3.826256625 0.25 1
1573212934 3.869124621 0.25 1
1573213584 3.748363872 0.0 0
1573214257 3.773591701 0.0 0
1573214914 3.903976683 0.0 0
1573310430 3.711436702 0.0 0
1573311051 3.534624602 0.25 1
1573311666 3.541192841 0.0 0
1573312371 3.599734261 0.0 0
1573312981 3.81110521 0.0 0
1573313608 3.621750649 0.0 0
1573314241 3.461120329 0.0 0
1573314854 3.499598517 0.0 0
1574696463 3.62268095 0.0 0
1574697043 3.523848057 0.25 1
1574697634 3.545975978 0.0 0
1574698207 3.409577131 0.0 0
1574698792 3.41604317 0.0 0
1574709578 3.573538345 0.0 0
1574710865 3.624094908 0.0 0
1574956216 3.447959197 0.0 0
1574956877 3.443739966 0.0 0
1574957479 3.32367281 0.0 0
1574958058 3.713446214 0.0 0
1574958653 3.293934972 0.0 0
1574959239 3.560177617 0.0 0
1574959842 3.565179549 0.0 0
1574960420 3.585104375 0.0 0
1574961031 3.49511834 0.0 0
1574961667 3.503830304 0.0 0
1575033141 3.480443226 0.0 0
1575033710 3.382393346 0.0 0
1575034300 3.48337503 0.0 0
1575034866 3.468916366 0.0 0
1575035437 3.504767166 0.0 0
1575036475 3.590195962 0.0 0
1575037038 3.39102954 0.0 0
1575037596 3.33297803 0.0 0
1575038598 3.405435894 0.0 0
1575039168 3.362830674 0.0 0
1575120431 3.580701528 0.0 0
1575120994 3.363701359 0.0 0
1575121554 3.366712034 0.0 0
1575121964 4.044157536 0.0 0
1575122617 3.439415046 0.0 0
1575123174 3.401756182 0.0 0
1575123733 3.432729394 0.0 0
1575124290 3.454788121 0.0 0
1575124857 3.406929978 0.0 0
1575125415 3.460872104 0.0 0
1575125984 3.580185783 0.0 0
1575297733 3.494961644 0.0 0
1575298310 3.386322779 0.0 0
1575298878 3.502855456 0.0 0
1575299456 3.442678368 0.0 0
1575300028 3.648425494 0.0 0
1575300647 3.435180651 0.25 1
1575301218 3.375029485 0.0 0
1575302029 3.505500665 0.0 0
1575390218 3.405954666 0.0 0
1575390784 3.547012309 0.0 0
1575391351 3.248676949 0.0 0
1575391916 3.3357617 0.0 0
1575392725 3.424297236 0.0 0
1575393362 3.436479104 0.0 0
1575393921 3.411556454 0.0 0
1575394488 3.416448165 0.0 0
1575395051 3.587038589 0.0 0
1575395614 3.384730799 0.0 0
1575562448 3.486572133 0.0 0
1575563147 3.41352732 0.0 0
1575563795 3.427578584 0.0 0
1575564391 3.448166211 0.0 0
1575564974 3.427967475 0.0 0
1575565539 3.330700574 0.0 0
1575566109 3.422748326 0.0 0
1575566695 3.41791424 0.0 0
1575568015 3.582546933 0.0 0
1575568621 3.42679508 0.25 1
1579191069 3.448267952 0.0 0
1579191682 3.580747233 0.0 0
1579192246 3.527238464 0.0 0
1579192828 3.578003797 0.0 0
1579193395 3.502912553 0.0 0
1579193983 3.512373509 0.0 0
1579194552 3.617286895 0.0 0
1579195116 3.424890717 0.0 0
1579195707 3.372780565 0.0 0
1579196269 3.572491778 0.25 1
1579359475 3.370166285 0.25 1
1579360052 3.319609139 0.25 1
1579360613 3.571664908 0.0 0
1579361169 3.532238544 0.0 0
1579361724 3.484754257 0.25 1
1579362278 3.408192271 0.0 0
1579362834 3.403961416 0.0 0
1579363401 3.540397686 0.25 1
1579363969 3.332461959 0.0 0
1579364527 3.408712109 0.0 0
1579530446 15.143566698 0.0 0
1579531092 3.408079887 0.0 0
1579532133 3.411856503 0.0 0
1579532837 3.460299311 0.0 0
1579533502 3.362109647 0.0 0
1579534103 3.402459513 0.0 0
1579534788 3.341811251 0.0 0
1579535400 3.784858202 0.0 0
1579536473 3.424743643 0.0 0
1579537052 3.459669393 0.0 0
1580223778 3.54456936 0.25 1
1580224336 3.406168339 0.25 1
1580224892 3.498766125 0.25 1
1580225457 3.297677266 0.0 0
1580226016 3.462745661 0.0 0
1580226601 3.461712935 0.0 0
1580227168 3.439290202 0.0 0
1580227767 3.494718073 0.0 0
1580228348 3.412544013 0.0 0
1580228906 3.443725937 0.25 1
1580312336 3.336228315 0.0 0
1580312916 3.424486062 0.0 0
1580313472 3.339461264 0.0 0
1580314435 3.507799623 0.0 0
1580314992 3.50116892 0.25 1
1580315552 3.528828075 0.0 0
1580316113 3.36561598 0.0 0
1580316814 3.400479856 0.0 0
1580317408 3.523510481 0.0 0
1581942474 3.40749921 0.0 0
1581943676 3.420366047 0.0 0
1581944966 3.626603095 0.0 0
1581945946 3.448072552 0.0 0
1581946517 3.575858594 0.25 1
1581947084 3.399161266 0.0 0
1581948006 3.538945733 0.0 0
1581949105 3.580114713 0.0 0
1582034079 5.420628774 0.0 0
1582035683 3.860749658 0.25 1
1582036290 3.723781188 0.0 0
1582036896 3.883037318 0.25 1
1582037500 3.973503642 0.0 0
1582038091 4.004059605 0.0 0
1582038688 3.795940492 0.0 0
1582041588 3.965364324 0.25 1
1582042191 3.874534543 0.0 0
1582043784 4.456375199 0.0 0
1582044390 3.798464725 0.0 0
1582637998 3.525424249 0.25 1
1582638559 3.499550523 0.25 1
1582639633 3.411323735 0.0 0
1582640813 3.511099052 0.0 0
1582641370 3.435771972 0.0 0
1582641943 3.531579923 0.0 0
1582642510 3.505978862 0.0 0
1582643084 3.411175529 0.0 0
1582643685 3.358278094 0.0 0
1582644241 3.456127549 0.0 0
1582898842 3.536758599 0.0 0
1582899412 3.66327666 0.0 0
1582899982 3.476770181 0.0 0
1582900542 3.453964962 0.25 1
1582902201 3.461684398 0.0 0
1582902848 3.60829042 0.0 0
1582903452 3.505783518 0.25 1
1574710865 3.624094908 0.0 0
