1569854732 3.748151683 0.0 0
1569856341 3.938368872 0.0 0
1571330393 3.553393129 0.0 0
1571766750 3.453391012 0.0 0
1571767533 3.830023289 0.0 0
1572537616 2.832613157 0.0 0
1572538269 3.111309026 0.3333333333333333 1
1572538929 2.759158511 0.0 0
1572539582 2.855573783 0.3333333333333333 1
1572540230 3.008321249 0.0 0
1572541134 3.031842938 0.0 0
1572541788 2.923323801 0.0 0
1572542437 2.980347167 0.0 0
1572543084 2.944396768 0.0 0
1572543754 3.220324162 0.0 0
1572871503 2.948856234 0.0 0
1572872154 2.973595954 0.0 0
1572872833 3.2742162 0.0 0
1572873483 2.885837754 0.0 0
1572874141 2.899433591 0.3333333333333333 1
1572875206 3.15267186 0.0 0
1572876060 2.950250353 0.0 0
1572877286 2.853668802 0.0 0
1572877941 2.899144063 0.0 0
1572879181 2.903412876 0.3333333333333333 1
1572967571 2.820155166 0.5 1
1572968229 2.774593289 0.0 0
1572969528 2.907000175 0.0 0
1572970190 2.94799471 0.0 0
1572970840 2.772767808 0.0 0
1572971502 3.041250113 0.3333333333333333 1
1572972163 2.872118629 0.0 0
1572972812 2.7713549 0.0 0
1572973529 3.116199117 0.0 0
1572974178 3.104528208 0.0 0
1572974835 2.94886532 0.0 0
1573209112 2.76451411 0.0 0
1573209783 2.837117475 0.0 0
1573210443 2.846122976 0.0 0
1573211111 2.581923388 0.0 0
1573211771 2.856669029 0.0 0
1573212418 2.95457187 0.0 0
1573213071 2.801414463 0.0 0
1573213720 3.200280181 0.0 0
1573214394 2.856607726 0.0 0
1573215051 2.983773653 0.0 0
1573310560 2.66110996 0.0 0
1573311179 3.060530953 0.0 0
1573311790 2.716755396 0.0 0
1573312497 2.536201343 0.0 0
1573313112 2.732208285 0.0 0
1573313739 2.705951412 0.0 0
1573314367 2.767917454 0.0 0
1573314980 2.680953273 0.0 0
1574696588 2.52093262 0.0 0
1574697168 2.568708362 0.0 0
1574697759 2.691901476 0.0 0
1574698332 2.547177425 0.0 0
1574698920 2.731969012 0.0 0
1574709732 2.615521696 0.0 0
1574710990 2.038536159 0.0 0
1574956339 2.642320878 0.0 0
1574957002 2.611382884 0.0 0
1574957603 2.731203964 0.0 0
1574958187 1.106685805 0.0 0
1574958779 2.910525875 0.0 0
1574959367 2.794100898 0.0 0
1574959967 2.505515039 0.0 0
1574960544 2.6008421 0.0 0
1574961155 2.716489931 0.0 0
1574961791 2.696398702 0.0 0
1575033268 2.688773524 0.0 0
1575033836 2.632718178 0.0 0
1575034425 2.311783436 0.0 0
1575035001 2.587450167 0.0 0
1575035562 2.543094221 0.0 0
1575036600 2.526158193 0.5 1
1575037162 2.722637025 0.0 0
1575037721 2.644386227 0.0 0
1575038724 2.587149881 0.0 0
1575039294 2.673610853 0.0 0
1575120555 2.65664991 0.0 0
1575121120 2.565956754 0.0 0
1575122114 2.588310191 0.0 0
1575122741 2.432002493 0.0 0
1575123299 2.563196889 0.0 0
1575123857 2.650784869 0.0 0
1575124413 2.396554062 0.0 0
1575124980 2.336686744 0.0 0
1575125543 2.51221221 0.0 0
1575126110 2.518719921 0.0 0
1575297861 2.675457105 0.0 0
1575298434 2.815996348 0.0 0
1575299004 2.647826205 0.0 0
1575299584 2.625824747 0.0 0
1575300155 2.697894896 0.0 0
1575300773 2.573718187 0.0 0
1575301546 2.727407008 0.0 0
1575302154 2.638885895 0.3333333333333333 1
1575390342 2.564675528 0.0 0
1575390912 2.591712703 0.0 0
1575391475 2.656989891 0.0 0
1575392040 2.652220285 0.0 0
1575392851 2.724184831 0.0 0
1575393487 2.517034594 0.0 0
1575394046 2.587058828 0.0 0
1575394612 2.510285575 0.0 0
1575395176 2.695630369 0.0 0
1575395739 2.610197422 0.0 0
1575562586 2.648420501 0.0 0
1575563271 2.562241548 0.0 0
1575563920 2.607231787 0.0 0
1575564517 2.65999245 0.0 0
1575565099 2.607065948 0.0 0
1575565664 2.652053803 0.0 0
1575566238 2.643279438 0.0 0
1575566838 2.691664648 0.0 0
1575568165 2.701001136 0.0 0
1575568749 2.611802868 0.0 0
1579191194 2.7999666 0.3333333333333333 1
1579191807 2.814779028 0.0 0
1579192374 2.700498047 0.0 0
1579192958 2.684157867 0.0 0
1579193544 2.699088521 0.0 0
1579194108 2.630757932 0.3333333333333333 1
1579194676 2.721996416 0.0 0
1579195241 2.800083581 0.0 0
1579195832 2.693409691 0.0 0
1579196394 2.592134249 0.3333333333333333 1
1579359600 2.720881656 0.0 0
1579360177 2.603853509 0.0 0
1579360737 2.810487267 0.0 0
1579361293 2.625770896 0.5 1
1579361849 2.732369478 0.0 0
1579362403 2.51394251 0.0 0
1579362960 2.694142174 0.0 0
1579363526 2.431734183 0.0 0
1579364092 2.604192077 0.0 0
1579364652 2.701369127 0.0 0
1579530644 2.54936559 0.0 0
1579531217 2.583982396 0.5 1
1579532272 2.74488552 0.0 0
1579532965 2.690197469 0.0 0
1579533625 2.7212597 0.0 0
1579534226 2.538066241 0.0 0
1579534913 2.649925338 0.0 0
1579535528 2.692159253 0.0 0
1579536600 2.638903396 0.0 0
1579537176 2.826901983 0.0 0
1580223903 2.752894627 0.0 0
1580224461 2.572003851 0.0 0
1580225018 2.668567547 0.0 0
1580225582 2.654417249 0.0 0
1580226140 2.828466715 0.0 0
1580226726 2.677886087 0.0 0
1580227293 2.640296826 0.0 0
1580227891 2.819272843 0.0 0
1580228473 2.618231306 0.0 0
1580229032 2.514630925 0.0 0
1580312459 2.550670882 0.0 0
1580313040 2.630714321 0.0 0
1580313919 2.671213314 0.0 0
1580314559 2.520033859 0.0 0
1580315116 2.596937292 0.0 0
1580315677 2.510591157 0.0 0
1580316238 2.701322174 0.0 0
1580316948 2.596355638 0.0 0
1580317533 2.546588287 0.0 0
1581942600 2.654131034 0.0 0
1581944177 2.606213324 0.0 0
1581945124 2.640946824 0.0 0
1581946074 2.486543285 0.0 0
1581946642 2.607759343 0.0 0
1581947537 2.569109435 0.3333333333333333 1
1581948130 2.56380032 0.0 0
1581949237 2.847254666 1.0 1
1582034944 1.735865484 0.0 0
1582035817 2.490580152 0.0 0
1582036421 2.928846163 0.0 0
1582037031 2.852942605 0.0 0
1582037633 1.874184466 0.0 0
1582038223 2.915731276 0.0 0
1582038815 2.682818626 0.3333333333333333 1
1582041724 2.949909183 0.3333333333333333 1
1582042478 2.774595928 0.0 0
1582043927 2.534954294 0.0 0
1582044519 3.151621409 0.0 0
1582638122 2.624286572 0.3333333333333333 1
1582638685 2.681357617 0.0 0
1582640120 2.866974444 0.0 0
1582640938 2.770098202 0.0 0
1582641498 2.601907701 0.0 0
1582642069 2.580399206 0.0 0
1582642636 2.601263577 0.0 0
1582643210 2.616715834 0.0 0
1582643808 2.834142415 0.0 0
1582644368 2.621259512 0.0 0
1582898977 2.530517656 0.0 0
1582899540 2.699170638 0.0 0
1582900107 2.717102826 0.0 0
1582900667 2.560679313 0.0 0
1582902411 2.517351034 0.0 0
1582902972 2.770017208 0.0 0
1582903577 2.644049967 0.0 0
1574710990 2.038536159 0.0 0
