1569854454 3.488624377 0.0 0
1569855863 3.540414283 0.0 0
1571330152 3.324824113 0.0 0
1571766508 3.412008444 0.0 0
1571767290 3.447507911 0.0 0
1572537413 2.700635996 0.0 0
1572538070 2.818903228 0.0 0
1572538730 2.746060007 0.0 0
1572539383 2.643759465 0.0 0
1572540029 2.622925904 0.0 0
1572540935 2.747833639 0.0 0
1572541589 2.760168946 0.0 0
1572542237 2.778068448 0.0 0
1572542885 2.761804104 0.0 0
1572543550 2.808794059 0.0 0
1572871304 2.697039679 0.0 0
1572871954 2.701132423 0.0 0
1572872631 2.725877291 0.0 0
1572873284 2.681832718 0.0 0
1572873938 1.494023195 0.0 0
1572874999 2.687660012 0.5 1
1572875860 2.78482501 0.0 0
1572877086 2.812316602 0.0 0
1572877735 2.82028103 0.0 0
1572878963 2.810956122 0.0 0
1572967370 2.855635752 0.3333333333333333 1
1572968027 2.852747302 0.0 0
1572969329 2.796494158 0.0 0
1572969990 2.75954167 0.0 0
1572970640 2.612354233 0.0 0
1572971292 2.773154786 0.0 0
1572971953 2.80329214 0.0 0
1572972613 2.672452741 0.0 0
1572973326 2.721529559 0.0 0
1572973979 2.717965953 1.0 1
1572974630 2.773726723 0.0 0
1573208912 2.741329542 0.0 0
1573209567 2.732136926 0.0 0
1573210242 2.756201348 0.0 0
1573210912 2.695133411 0.0 0
1573211568 2.641781109 0.0 0
1573212217 2.782032844 0.0 0
1573212869 2.687382017 0.0 0
1573213520 2.72050323 0.0 0
1573214191 2.701751968 0.0 0
1573214846 2.747967845 0.0 0
1573310370 2.675220301 0.0 0
1573310991 2.436432219 0.0 0
1573311606 2.551062182 0.0 0
1573312311 2.653115966 0.0 0
1573312920 2.659271675 0.0 0
1573313548 2.432580124 0.0 0
1573314180 2.642814422 0.0 0
1573314795 2.471350807 0.0 0
1574696404 2.674981425 0.0 0
1574696984 2.387258832 0.0 0
1574697575 2.606958495 0.0 0
1574698149 2.426462486 0.0 0
1574698734 2.394531066 0.0 0
1574709519 2.378883344 0.0 0
1574710805 2.624012998 0.0 0
1574956158 2.43462201 0.0 0
1574956818 2.422770946 0.0 0
1574957421 2.466712193 0.0 0
1574957999 2.65922519 0.0 0
1574958591 2.5090635 0.0 0
1574959180 2.424171191 0.0 0
1574959783 2.419708502 0.0 0
1574960361 2.605287481 0.0 0
1574960973 2.550991738 0.0 0
1574961609 2.411000619 0.0 0
1575033082 2.472074506 0.0 0
1575033650 2.350499501 0.0 0
1575034241 2.471910463 0.0 0
1575034808 2.428044728 0.0 0
1575035379 2.395274388 0.0 0
1575036401 2.328281744 0.0 0
1575036979 2.38096649 0.0 0
1575037537 2.329189607 0.0 0
1575038540 2.349226006 0.0 0
1575039109 2.557981576 0.0 0
1575120372 2.521799237 0.0 0
1575120935 2.380286803 0.0 0
1575121496 2.301277257 0.0 0
1575122559 2.675787713 0.0 0
1575123116 2.448841346 0.0 0
1575123675 2.43646321 0.0 0
1575124231 2.488997545 0.0 0
1575124799 2.516868086 0.0 0
1575125356 2.604214343 0.0 0
1575125925 2.339109401 0.0 0
1575297672 2.335489444 0.0 0
1575298251 2.290384979 0.0 0
1575298820 2.348110389 0.0 0
1575299397 2.297177143 0.3333333333333333 1
1575299969 2.503687212 0.0 0
1575300588 2.520838096 0.0 0
1575301159 2.40992531 0.0 0
1575301970 2.348029793 0.0 0
1575390157 2.776039454 0.0 0
1575390724 2.520009353 0.0 0
1575391293 2.528496144 0.0 0
1575391858 2.626577374 0.0 0
1575392666 2.451260862 0.0 0
1575393303 2.595170156 0.0 0
1575393863 2.425509448 0.0 0
1575394430 2.420805095 0.0 0
1575394993 2.453003545 0.0 0
1575395555 2.471754349 0.0 0
1575562391 2.357060152 0.0 0
1575563088 2.609429536 0.0 0
1575563737 2.502563408 0.0 0
1575564332 2.512576359 0.0 0
1575564916 2.557055123 0.0 0
1575565482 2.389449759 0.0 0
1575566050 2.429657977 0.0 0
1575566636 2.560387013 0.0 0
1575567955 2.487513225 0.0 0
1575568561 2.650746535 0.0 0
1579191009 2.477490148 0.0 0
1579191623 2.676788029 0.0 0
1579192188 2.64036087 0.0 0
1579192769 2.353566658 0.0 0
1579193332 2.566337366 0.0 0
1579193923 2.561805616 0.0 0
1579194491 2.369251363 0.0 0
1579195057 2.528112778 0.0 0
1579195647 2.606608754 0.0 0
1579196211 2.381706551 0.0 0
1579359417 2.388368188 0.0 0
1579359992 2.312110846 0.0 0
1579360554 2.362993358 0.0 0
1579361111 2.473162709 0.0 0
1579361666 2.552722481 0.0 0
1579362221 2.381712161 0.0 0
1579362776 2.399125732 0.0 0
1579363342 2.424539731 0.0 0
1579363909 2.526540369 0.0 0
1579364468 2.492167298 0.0 0
1579530387 2.344358039 0.0 0
1579531033 2.561387673 0.0 0
1579532074 2.396051369 0.0 0
1579532775 2.424202998 0.0 0
1579533444 2.424519207 0.0 0
1579534044 2.478500982 0.0 0
1579534730 2.549314682 0.0 0
1579535341 2.329353212 0.0 0
1579535937 2.4724947 0.0 0
1579536993 2.462009919 0.0 0
1580223719 2.824879975 0.0 0
1580224278 2.430952526 0.0 0
1580224834 2.36903799 0.0 0
1580225397 2.472281921 0.0 0
1580225957 2.482226444 0.0 0
1580226542 2.648059508 0.0 0
1580227109 2.594421337 0.0 0
1580227708 2.704346493 0.0 0
1580228288 2.410501545 0.0 0
1580228848 2.374426008 0.0 0
1580312278 2.356497968 0.0 0
1580312858 2.652437289 0.0 0
1580313413 2.481221826 0.0 0
1580314377 2.512501852 0.0 0
1580314935 2.43126922 0.0 0
1580315492 2.602838974 0.0 0
1580316054 2.539087815 0.0 0
1580316756 2.444166783 0.0 0
1580317349 2.518733645 0.0 0
1581942414 2.512849681 0.0 0
1581943618 2.457435241 0.0 0
1581944907 2.541555575 0.0 0
1581945885 1.577102509 0.0 0
1581946458 2.381217073 0.0 0
1581947025 2.576747013 0.0 0
1581947946 2.441620561 0.0 0
1581949040 2.89511463 0.0 0
1582033999 2.861182697 0.0 0
1582035617 2.800924622 0.0 0
1582036225 2.619833333 0.0 0
1582036829 4.183039373 0.5 1
1582037435 3.500208566 0.6666666666666666 1
1582038029 2.252485929 0.0 0
1582038626 2.750041875 0.0 0
1582041521 2.820879783 0.0 0
1582042129 2.868153673 0.0 0
1582043720 2.892134777 0.0 0
1582044331 2.686510223 0.0 0
1582637940 2.572849735 0.0 0
1582638500 2.609943216 0.0 0
1582639574 2.607265072 0.0 0
1582640752 2.468824187 0.0 0
1582641312 2.387662899 0.0 0
1582641882 2.350204093 0.0 0
1582642450 2.467316961 0.0 0
1582643025 2.358082202 0.0 0
1582643627 2.519386591 0.0 0
1582644183 2.509254033 0.0 0
1582898783 2.531351067 0.0 0
1582899354 2.480537476 0.0 0
1582899922 2.596872724 0.0 0
1582900485 2.391783203 0.0 0
1582902143 2.481437915 0.0 0
1582902789 2.461989705 0.0 0
1582903386 2.382145887 0.0 0
1574710805 2.624012998 0.0 0
