1569854653 5.391028781 0.16666666666666666 1
1569856241 6.827579196 0.0 0
1571330315 5.608108088 0.0 0
1571766672 5.36834277 0.0 0
1571767455 5.560284614 0.0 0
1572537551 4.435986264 0.2 1
1572538205 4.582338187 0.0 0
1572538865 4.366533354 0.25 1
1572539517 4.308467504 0.0 0
1572540165 4.383086792 0.0 0
1572541070 4.477489218 0.0 0
1572541724 4.288053705 0.0 0
1572542372 4.503776221 0.0 0
1572543020 4.350731644 0.0 0
1572543684 4.30736697 0.0 0
1572871439 4.518721037 0.25 1
1572872090 4.414654962 0.0 0
1572872768 4.414902798 0.0 0
1572873419 4.361798323 0.0 0
1572874077 4.491012373 0.0 0
1572875141 4.440907127 0.2 1
1572875995 4.444494634 0.0 0
1572877221 4.404553375 0.0 0
1572877872 7.865187327 0.0 0
1572879116 4.310481145 0.0 0
1572967506 4.49130517 0.0 0
1572968164 4.349397185 0.0 0
1572969464 4.397638453 0.0 0
1572970126 4.4015342 0.0 0
1572970776 4.358190499 0.0 0
1572971437 4.403151378 0.25 1
1572972099 4.289179769 0.0 0
1572972748 4.403868157 0.0 0
1572973464 4.427704019 0.0 0
1572974114 4.486378166 0.0 0
1572974766 4.303415698 0.25 1
1573209049 4.495627465 0.0 0
1573209704 4.364546608 0.0 0
1573210379 4.406362171 0.0 0
1573211047 4.371805392 0.0 0
1573211706 4.435851276 0.0 0
1573212354 4.364516847 0.0 0
1573213007 4.366634923 0.0 0
1573213656 4.332157126 0.0 0
1573214328 4.474917001 0.0 0
1573214986 4.392966936 0.0 0
1573310501 4.018992864 0.0 0
1573311117 4.307530347 0.0 0
1573311731 4.090882597 0.0 0
1573312438 3.924278674 0.0 0
1573313051 4.375056013 0.0 0
1573313677 4.316710982 0.0 0
1573314306 4.051989025 0.0 0
1573314921 3.931031895 0.0 0
1574696529 4.037212404 0.0 0
1574697109 3.995531712 0.25 1
1574697701 4.149109473 0.25 1
1574698273 3.994578667 0.0 0
1574698861 4.103429539 0.0 0
1574709672 3.974318263 0.25 1
1574710932 3.976281053 0.0 0
1574956281 4.214231644 0.0 0
1574956943 3.935367678 0.0 0
1574957544 4.093441452 0.0 0
1574958126 4.051481765 0.0 0
1574958719 4.02922521 0.0 0
1574959308 4.218386074 0.0 0
1574959908 3.99768589 0.0 0
1574960486 4.035547852 0.25 1
1574961096 3.941316185 0.0 0
1574961732 4.050032679 0.0 0
1575033208 4.057326195 0.0 0
1575033776 4.064245954 0.0 0
1575034366 3.941715717 0.0 0
1575034940 4.14034846 0.0 0
1575035503 4.0457671 0.25 1
1575036541 4.177330477 0.0 0
1575037103 4.122735975 0.0 0
1575037662 4.15503706 0.0 0
1575038664 4.051448033 0.0 0
1575039234 4.184915427 0.0 0
1575120496 4.013670615 0.25 1
1575121061 4.070083918 0.0 0
1575121783 5.768077294 -1 -1
1575122056 3.964388856 0.0 0
1575122682 4.160386485 0.0 0
1575123239 4.054506376 0.0 0
1575123798 4.007374287 0.0 0
1575124354 4.065478074 0.0 0
1575124921 4.111676675 0.0 0
1575125484 4.030459145 0.0 0
1575126050 4.042199937 0.0 0
1575297801 4.127164883 0.0 0
1575298375 4.09441984 0.0 0
1575298945 3.961529696 0.0 0
1575299525 4.04324171 0.0 0
1575300096 4.163107405 0.25 1
1575300714 4.062587171 0.0 0
1575301486 4.190911568 0.0 0
1575302094 4.053190859 0.0 0
1575390283 4.046328144 0.0 0
1575390852 4.122946759 0.25 1
1575391416 3.989184721 0.0 0
1575391982 4.058910542 0.0 0
1575392791 4.070261812 0.0 0
1575393428 4.02075599 0.0 0
1575393986 4.141571812 0.0 0
1575394553 3.969712641 0.0 0
1575395117 3.932012278 0.0 0
1575395681 4.002746512 0.0 0
1575562515 4.070309062 0.0 0
1575563212 4.01567187 0.0 0
1575563861 4.092373432 0.0 0
1575564459 4.191560518 0.0 0
1575565040 3.988259902 0.0 0
1575565605 4.008487833 0.0 0
1575566180 4.061603542 0.0 0
1575566761 3.983546789 0.0 0
1575568106 4.123271812 0.0 0
1575568691 3.972357428 0.0 0
1579191135 4.112523722 0.0 0
1579191747 4.172722831 0.0 0
1579192314 4.138694096 0.0 0
1579192893 4.08989266 0.0 0
1579193461 4.103421009 0.25 1
1579194049 3.883329534 0.0 0
1579194618 4.006520311 0.0 0
1579195182 3.958239043 0.0 0
1579195772 4.087382992 0.0 0
1579196335 4.056883864 0.0 0
1579359541 4.05964133 0.0 0
1579360118 4.132379158 0.0 0
1579360678 4.066432865 0.0 0
1579361234 4.006864117 0.0 0
1579361789 3.924479441 0.0 0
1579362343 4.043629581 0.0 0
1579362901 2.811394499 0.25 1
1579363467 4.079913571 0.25 1
1579364034 4.023177632 0.0 0
1579364593 4.044778521 0.0 0
1579530585 3.96798356 0.0 0
1579531158 3.903656699 0.0 0
1579532198 4.109582583 0.0 0
1579532906 4.148110528 0.0 0
1579533567 3.928155583 0.0 0
1579534168 4.059297471 0.0 0
1579534853 4.107844648 0.0 0
1579535469 4.063472207 0.0 0
1579536542 4.109184972 0.0 0
1579537117 3.967955223 0.0 0
1580223844 4.136129716 0.25 1
1580224402 4.238001559 0.0 0
1580224959 4.032207959 0.0 0
1580225523 4.000026626 0.0 0
1580226082 3.968101918 0.0 0
1580226666 4.074062124 0.0 0
1580227234 4.123906656 0.25 1
1580227832 3.96823692 0.25 1
1580228414 3.989467308 0.25 1
1580228973 3.950685211 0.0 0
1580312401 3.994743703 0.25 1
1580312982 4.006275971 0.0 0
1580313536 3.967615142 0.0 0
1580314500 4.004081366 0.0 0
1580315058 4.009336775 0.0 0
1580315618 4.22887524 0.0 0
1580316180 4.055413433 0.25 1
1580316884 4.047407544 0.0 0
1580317475 3.977901536 0.0 0
1581942540 4.00004739 0.0 0
1581944118 4.151554153 0.0 0
1581945062 4.115537316 0.0 0
1581946014 4.054296964 0.0 0
1581946582 4.084164548 0.0 0
1581948071 4.075399883 0.25 1
1581949174 3.962536677 0.0 0
1582034875 3.854096984 0.0 0
1582035753 4.707264086 0.2 1
1582036361 3.748908289 0.0 0
1582036964 4.708921712 0.2 1
1582037570 3.985778739 0.0 0
1582038161 4.616792377 0.0 0
1582038757 4.039832468 0.0 0
1582041660 4.682446543 0.0 0
1582042418 4.184305116 0.0 0
1582043859 4.728193712 0.2 1
1582044460 4.172360598 0.25 1
1582638064 4.136250022 0.0 0
1582638626 4.019929253 0.0 0
1582640058 4.04302976 0.0 0
1582640879 3.931176577 0.25 1
1582641436 3.963842221 0.0 0
1582642011 4.022963949 0.25 1
1582642578 3.987717732 0.0 0
1582643150 4.238473224 0.0 0
1582643750 3.991243478 0.0 0
1582644307 3.949213614 0.0 0
1582898918 4.111405947 0.0 0
1582899480 4.095009346 0.0 0
1582900049 4.020181247 0.0 0
1582900608 4.041939772 0.0 0
1582902353 3.919619377 0.0 0
1582902913 4.070429514 0.0 0
1582903518 4.043848843 0.0 0
1574710932 3.976281053 0.0 0
