1569854450 3.910634737 0.0 0
1569855860 3.766937302 0.0 0
1571330148 3.539872599 0.0 0
1571766504 3.927122798 0.0 0
1571767287 3.753764829 0.0 0
1572537410 2.957025151 0.0 0
1572538067 2.904009589 0.0 0
1572538727 2.940153231 0.0 0
1572539380 2.926784427 0.0 0
1572540026 2.924944735 0.0 0
1572540932 2.89649731 0.0 0
1572541586 2.725312931 0.0 0
1572542235 2.810253823 0.0 0
1572542882 3.028118004 0.0 0
1572543547 3.02364125 0.0 0
1572871301 2.948705909 0.0 0
1572871951 2.854790703 0.0 0
1572872628 2.899832696 0.0 0
1572873281 2.741831461 0.0 0
1572873934 2.936095636 0.0 0
1572874996 2.72973546 0.0 0
1572875858 2.864661729 0.0 0
1572877083 2.954636342 0.0 0
1572877732 2.808660384 0.0 0
1572878960 2.99233285 0.0 0
1572967368 2.914238381 0.0 0
1572968024 2.931020325 0.0 0
1572969326 3.121277104 0.0 0
1572969987 3.103875042 0.0 0
1572970638 2.773158036 0.0 0
1572971289 2.868251641 0.0 0
1572971950 2.997540858 0.0 0
1572972610 3.004186184 0.0 0
1572973323 2.986029587 0.0 0
1572973976 2.822259853 1.0 1
1572974627 2.918196455 0.0 0
1573208909 3.035384502 0.0 0
1573209565 2.906644786 0.0 0
1573210240 2.859911128 0.0 0
1573210909 2.98051218 0.0 0
1573211565 2.986888974 0.0 0
1573212215 2.793018259 0.0 0
1573212866 3.139144723 0.0 0
1573213517 2.903919867 0.0 0
1573214188 3.161473539 0.0 0
1573214844 2.924724768 0.0 0
1573310367 2.688513343 0.0 0
1573310989 2.661457205 0.0 0
1573311604 2.732397156 0.0 0
1573312308 2.977805589 0.0 0
1573312918 2.783286324 0.0 0
1573313546 2.518503594 0.0 0
1573314178 2.564392441 0.0 0
1573314792 2.663175833 0.0 0
1574696401 2.731908426 0.3333333333333333 1
1574696982 2.582765879 0.0 0
1574697572 2.689337036 0.0 0
1574698147 2.47114551 0.0 0
1574698732 2.596528924 0.0 0
1574709516 2.595500749 0.0 0
1574710803 2.688568827 0.0 0
1574956155 2.586116325 0.0 0
1574956815 2.7722255 0.3333333333333333 1
1574957418 2.551283111 0.3333333333333333 1
1574957996 2.691867664 0.0 0
1574958589 2.55115331 0.0 0
1574959177 2.756573085 0.0 0
1574959780 2.705531732 0.0 0
1574960359 2.481625767 0.0 0
1574960970 2.5378021 0.0 0
1574961607 2.548582496 0.0 0
1575033079 2.816187173 0.0 0
1575033647 2.694836548 0.3333333333333333 1
1575034238 2.771517133 0.0 0
1575034805 2.692125102 0.0 0
1575035376 2.584994224 0.0 0
1575036398 2.593734251 0.3333333333333333 1
1575036976 2.683589811 0.0 0
1575037535 2.652210153 0.0 0
1575038537 2.70912722 0.3333333333333333 1
1575039106 2.698611624 0.0 0
1575120369 2.648484545 0.0 0
1575120933 2.59317799 0.0 0
1575121494 2.518369276 0.0 0
1575122556 2.6045691 0.0 0
1575123113 2.565419944 0.0 0
1575123673 2.825295194 0.0 0
1575124228 2.627566205 0.0 0
1575124796 2.622274817 0.0 0
1575125353 2.664396974 0.0 0
1575125922 2.661576265 0.0 0
1575297669 2.72888916 0.0 0
1575298248 2.591231629 0.0 0
1575298817 2.73708752 0.0 0
1575299394 2.855147373 0.0 0
1575299966 2.617265416 0.0 0
1575300586 2.645740874 0.0 0
1575301157 2.637730109 0.0 0
1575301968 2.704474887 0.0 0
1575390154 2.719657858 0.0 0
1575390722 2.568605086 0.0 0
1575391290 2.560775 0.0 0
1575391855 2.35622507 0.0 0
1575392664 2.555966184 0.0 0
1575393300 2.593152908 0.0 0
1575393860 2.675951629 0.0 0
1575394427 2.783902871 0.0 0
1575394990 2.634719838 0.0 0
1575395553 2.769084989 0.0 0
1575562388 2.72853749 0.0 0
1575563086 2.466865899 0.0 0
1575563734 2.695676371 0.0 0
1575564330 2.654203389 0.0 0
1575564913 2.706385316 0.0 0
1575565479 2.786667162 0.0 0
1575566048 2.608893566 0.0 0
1575566633 2.566217238 0.0 0
1575567953 2.731761814 0.0 0
1575568559 2.392830443 0.0 0
1579191007 2.632659141 0.0 0
1579191620 2.704140387 0.0 0
1579192185 2.663466878 0.0 0
1579192766 3.037624244 0.0 0
1579193329 2.600629025 0.0 0
1579193921 2.472374571 0.0 0
1579194488 2.66074899 0.3333333333333333 1
1579195055 2.68278432 0.0 0
1579195645 2.661119748 0.0 0
1579196208 2.68839856 0.0 0
1579359414 2.683000745 0.3333333333333333 1
1579359989 2.801348755 0.0 0
1579360551 2.649454335 0.6666666666666666 1
1579361108 2.652362391 0.3333333333333333 1
1579361664 2.698365069 0.0 0
1579362218 2.378487754 0.0 0
1579362774 2.359369902 0.0 0
1579363339 2.675160101 0.0 0
1579363907 2.70405914 0.0 0
1579364466 2.640759575 0.0 0
1579530384 2.772088923 0.0 0
1579531030 2.656085218 0.0 0
1579532071 2.702835951 0.0 0
1579532772 2.621390944 0.0 0
1579533441 2.763439434 0.0 0
1579534042 2.479242278 0.0 0
1579534728 2.479413943 0.0 0
1579535338 2.684300946 0.0 0
1579535934 2.674566157 0.0 0
1579536991 2.612135924 0.0 0
1580223716 2.478345237 0.0 0
1580224276 2.57972855 0.0 0
1580224831 2.565751875 0.0 0
1580225395 2.465511731 0.0 0
1580225955 2.58541831 0.0 0
1580226539 2.500435372 0.3333333333333333 1
1580227107 2.6028892 0.0 0
1580227705 2.545634654 0.0 0
1580228286 2.596704219 0.0 0
1580228845 2.632507386 0.0 0
1580312276 2.596221022 0.0 0
1580312855 2.38948758 0.0 0
1580313411 2.864751648 0.0 0
1580314374 2.312938947 0.0 0
1580314932 2.600568658 0.0 0
1580315490 2.677082983 0.0 0
1580316052 2.562535068 0.0 0
1580316754 2.698753394 0.0 0
1580317347 2.394593978 0.0 0
1581942411 2.653348472 0.0 0
1581943615 2.600963078 0.0 0
1581944904 2.716920616 0.3333333333333333 1
1581945881 2.726992171 0.0 0
1581946455 2.830051001 0.0 0
1581947023 2.658071101 0.0 0
1581947944 2.41396269 0.0 0
1581949037 3.123553654 0.3333333333333333 1
1582033996 2.906680958 0.0 0
1582035615 2.939048723 0.0 0
1582036222 3.336629999 0.0 0
1582036827 2.060836514 0.0 0
1582037431 3.757627922 0.0 0
1582038027 2.446764963 0.0 0
1582038623 2.726520717 0.0 0
1582041518 3.084382027 0.0 0
1582042126 2.921213885 0.0 0
1582043717 2.986990022 0.0 0
1582044328 3.1922323 0.0 0
1582637938 2.618107952 0.0 0
1582638498 2.632530185 0.0 0
1582639572 2.571010397 0.0 0
1582640750 2.548302898 0.0 0
1582641309 2.817127411 0.0 0
1582641879 2.740408614 0.0 0
1582642448 2.425973742 0.5 1
1582643022 2.734200141 0.0 0
1582643625 2.61612913 0.0 0
1582644180 2.855620286 0.0 0
1582898780 2.584119365 0.0 0
1582899351 2.523023117 0.0 0
1582899919 2.630841503 0.0 0
1582900482 2.55979508 0.0 0
1582902140 2.614091594 0.0 0
1582902787 2.343642626 0.0 0
1582903383 2.589955273 0.0 0
1574710803 2.688568827 0.0 0
