1569854704 4.245878939 0.4 1
1569856315 4.008364685 0.5 1
1571330366 4.060639872 0.0 0
1571766723 4.009844585 0.25 1
1571767507 3.968095399 0.0 0
1572537595 3.154962662 0.0 0
1572538248 3.167357392 0.0 0
1572538908 3.383365234 0.0 0
1572539560 3.392162622 0.0 0
1572540208 3.300979199 0.0 0
1572541113 3.178978125 0.3333333333333333 1
1572541766 3.247769796 0.0 0
1572542415 3.246278229 0.0 0
1572543062 3.205079713 0.0 0
1572543727 3.144046358 0.3333333333333333 1
1572871481 3.199943551 0.0 0
1572872132 3.119658954 0.0 0
1572872810 3.279560977 0.0 0
1572873462 3.209575209 0.3333333333333333 1
1572874119 3.246422304 0.25 1
1572875184 3.231424404 0.0 0
1572876038 3.258240809 0.0 0
1572877264 3.45985811 0.0 0
1572877919 3.382157967 0.0 0
1572879159 3.666976483 0.0 0
1572967549 3.181869645 0.0 0
1572968208 3.230469493 0.0 0
1572969507 3.231979797 0.0 0
1572970168 3.284852916 0.0 0
1572970818 3.229182562 0.0 0
1572971481 3.295589085 0.3333333333333333 1
1572972142 3.241558768 0.0 0
1572972791 3.263058852 0.3333333333333333 1
1572973507 3.351465418 0.0 0
1572974156 3.248413224 0.5 1
1572974814 3.150399496 0.0 0
1573209091 3.343898101 0.6666666666666666 1
1573209762 3.395103698 0.5 1
1573210422 3.29217422 0.3333333333333333 1
1573211090 3.275251435 0.3333333333333333 1
1573211750 3.239537384 0.3333333333333333 1
1573212397 3.20708874 0.0 0
1573213050 3.260572898 0.0 0
1573213699 3.372730893 0.0 0
1573214372 3.292784742 0.3333333333333333 1
1573215029 3.21129048 0.6666666666666666 1
1573310540 3.161855198 0.0 0
1573311158 3.027147878 0.0 0
1573311771 2.919292486 0.3333333333333333 1
1573312477 2.930059561 0.3333333333333333 1
1573313092 3.102057241 0.0 0
1573313718 3.114913264 0.6666666666666666 1
1573314347 2.854262479 0.3333333333333333 1
1573314960 2.836039352 0.0 0
1574696569 2.775479268 0.0 0
1574698313 2.990278391 0.0 0
1574698900 2.899732971 0.3333333333333333 1
1574710971 2.834647713 0.0 0
1574957584 3.109255852 0.0 0
1574958166 3.057932509 0.0 0
1574959347 2.727555379 0.5 1
1574959948 3.214039927 0.3333333333333333 1
1574960525 2.941821505 0.0 0
1574961136 2.991140244 0.0 0
1574961771 2.879081829 0.3333333333333333 1
1575033248 2.978810845 0.0 0
1575033815 3.048127091 0.0 0
1575034406 2.944106984 0.25 1
1575034982 3.043889976 0.0 0
1575035542 2.977838391 0.0 0
1575036580 2.899941965 0.0 0
1575037142 2.860163002 0.0 0
1575037702 2.598461862 0.0 0
1575038704 3.179687926 0.25 1
1575039274 2.999876612 0.0 0
1575120535 2.995911188 0.5 1
1575121100 2.813239965 0.25 1
1575122095 3.072656017 0.0 0
1575123279 3.183440131 0.3333333333333333 1
1575123837 2.933793885 0.3333333333333333 1
1575124394 3.022924321 0.25 1
1575124960 2.856688866 0.3333333333333333 1
1575125524 2.551981881 0.0 0
1575126090 2.814035767 0.0 0
1575297842 2.859223059 0.3333333333333333 1
1575298415 3.097925554 0.3333333333333333 1
1575298985 3.012259208 0.0 0
1575299564 2.992478911 0.25 1
1575300135 2.978431632 0.5 1
1575300753 2.952249145 0.0 0
1575302134 3.182117789 0.0 0
1575391455 3.008715112 0.0 0
1575392021 2.812275382 0.25 1
1575392832 2.987590736 0.5 1
1575393468 2.858783715 0.0 0
1575394027 2.653797899 0.0 0
1575394593 2.974739931 0.0 0
1575395157 3.024248473 0.25 1
1575395720 2.64104127 1.0 1
1575562567 2.982015944 0.0 0
1575563252 2.736180994 0.0 0
1575563900 2.827148257 0.0 0
1575564498 2.833710247 0.0 0
1575565080 3.102437283 0.3333333333333333 1
1575565645 2.701435742 0.3333333333333333 1
1575566218 3.071665134 0.6666666666666666 1
1575566800 2.751849579 0.3333333333333333 1
1579191174 3.034364689 0.25 1
1579191787 3.089352845 0.3333333333333333 1
1579192354 2.774109286 0.3333333333333333 1
1579192939 2.838838854 0.0 0
1579193524 3.112620009 0.0 0
1579194657 3.099572155 0.3333333333333333 1
1579195221 2.85410433 0.25 1
1579195812 2.94350778 0.0 0
1579196374 2.930699912 0.0 0
1579359580 3.056573179 0.0 0
1579360157 3.156138488 0.0 0
1579360718 3.012004439 0.0 0
1579361274 2.780327571 0.0 0
1579361829 2.808395771 0.0 0
1579362940 3.067974007 0.0 0
1579363506 2.842125975 0.0 0
1579364073 2.803086271 0.0 0
1579364632 3.046155817 0.0 0
1579531197 2.782317972 0.3333333333333333 1
1579532253 3.183892076 0.3333333333333333 1
1579532945 2.879429195 0.3333333333333333 1
1579534893 2.996813975 0.0 0
1579535509 3.042869626 0.0 0
1579536581 3.015415507 0.25 1
1580223883 3.078800492 0.0 0
1580224442 2.850820598 0.0 0
1580224999 2.737315233 0.6666666666666666 1
1580225562 3.012885042 0.5 1
1580226707 3.174893099 0.0 0
1580227274 2.732045241 0.0 0
1580227872 2.642433965 0.0 0
1580228453 3.106022033 0.0 0
1580229012 3.117040527 0.0 0
1580312440 2.95069678 0.0 0
1580313020 2.98289546 0.0 0
1580314540 3.25267493 0.0 0
1580315097 2.833600237 0.0 0
1580315658 2.858159053 0.0 0
1580316925 4.278252183 0.2 1
1580317514 2.616816771 0.3333333333333333 1
1581942580 2.854680423 0.0 0
1581944157 2.922391658 0.3333333333333333 1
1581945104 3.003120667 0.3333333333333333 1
1581946054 3.211910506 0.0 0
1581946622 2.808026206 0.6666666666666666 1
1581947192 2.840371695 0.0 0
1581948110 3.242444464 0.0 0
1581949216 3.073320879 0.0 0
1582034916 3.342133306 0.0 0
1582035795 2.994905524 0.0 0
1582036402 2.731968408 0.0 0
1582037009 3.205801368 0.3333333333333333 1
1582037611 3.067631433 0.25 1
1582038796 3.203898708 0.0 0
1582041704 3.139891141 0.0 0
1582042458 2.877186024 0.3333333333333333 1
1582043906 3.548322069 0.3333333333333333 1
1582044500 2.551405297 0.0 0
1582638103 3.103763215 0.6666666666666666 1
1582638666 2.81504635 0.0 0
1582640101 3.006733526 0.3333333333333333 1
1582640919 3.102635092 0.0 0
1582641477 3.376153202 0.0 0
1582642050 2.846636737 0.5 1
1582642617 3.083510597 0.0 0
1582643191 2.875485538 0.0 0
1582643789 2.879064257 0.25 1
1582644347 3.137458447 0.0 0
1582898957 3.256418272 0.3333333333333333 1
1582899521 2.699338273 0.5 1
1582900088 2.961811342 0.3333333333333333 1
1582900648 2.786666532 0.3333333333333333 1
1582902392 2.748531517 0.0 0
1582902952 2.805827066 0.3333333333333333 1
1582903557 2.940088263 0.0 0
1574710971 2.834647713 0.0 0
