1569854500 2.795859338 0.0 0
1569855926 2.542427295 0.0 0
1571330197 2.597763116 0.0 0
1571766553 2.793269839 0.0 0
1571767335 2.675769494 0.0 0
1572537451 2.238675372 0.5 1
1572538107 2.264752853 0.0 0
1572538767 2.2557 0.0 0
1572539420 2.134930075 0.0 0
1572540067 2.168968044 0.0 0
1572540972 2.28119516 0.0 0
1572541626 2.156398451 0.0 0
1572542275 2.143522049 0.0 0
1572542922 2.268039432 0.0 0
1572543587 2.162778763 0.0 0
1572871341 2.128461109 0.0 0
1572871991 2.142806833 0.0 0
1572872668 2.221766663 0.0 0
1572873321 2.147791037 0.0 0
1572873975 2.157250204 0.5 1
1572875036 2.225807477 0.5 1
1572875897 2.228985794 0.0 0
1572877123 2.226949223 0.0 0
1572877772 2.17836516 0.0 0
1572879001 2.056272565 1.0 1
1572967408 2.228534202 0.0 0
1572968064 2.121022452 0.0 0
1572969366 2.226176785 0.0 0
1572970027 2.221010784 0.0 0
1572970677 2.191929555 0.0 0
1572971329 2.136839686 0.0 0
1572971993 2.215415601 0.0 0
1572972650 2.206531843 0.0 0
1572973367 2.080165117 0.5 1
1572974016 2.131093011 0.0 0
1572974668 2.088164435 0.0 0
1573208951 2.031719028 0.0 0
1573209606 2.272211236 0.0 0
1573210280 2.179014548 0.0 0
1573210949 2.124803228 0.0 0
1573211607 2.185404698 0.0 0
1573212256 2.301360144 0.0 0
1573212906 2.412605036 0.0 0
1573213557 2.094964933 0.0 0
1573214230 2.286159236 0.0 0
1573214885 2.140698595 0.0 0
1573310405 1.987233814 0.5 1
1573311026 1.864341593 0.0 0
1573311641 1.897096837 0.0 0
1573312345 2.047455566 0.5 1
1573312955 2.049286987 0.0 0
1573313583 1.942174887 0.0 0
1573314215 2.080265349 0.5 1
1573314829 2.04293327 0.0 0
1574696438 2.098858233 0.0 0
1574697019 1.839980419 0.0 0
1574697609 2.223331941 0.0 0
1574698183 1.883296146 0.0 0
1574698768 2.2206485 0.0 0
1574709553 1.876299889 0.0 0
1574710840 2.217744632 0.0 0
1574956191 2.052177818 0.0 0
1574956853 1.750493791 0.0 0
1574957455 2.171534121 0.5 1
1574958033 2.179205745 0.5 1
1574958625 2.188286098 0.5 1
1574959214 2.206528764 0.5 1
1574959818 2.175698814 0.5 1
1574960396 1.842739554 0.5 1
1574961006 2.009420854 0.0 0
1574961642 2.138198776 0.3333333333333333 1
1575033117 2.018878628 0.0 0
1575033685 1.797951007 0.5 1
1575034276 2.226428071 0.5 1
1575034841 2.01121012 0.0 0
1575035413 2.086313891 0.0 0
1575036436 2.263287232 0.0 0
1575037013 2.230632001 0.0 0
1575037572 2.139198685 0.5 1
1575038573 2.087180203 0.0 0
1575039143 2.216611755 0.0 0
1575120406 2.204388965 0.0 0
1575120970 2.007819726 0.0 0
1575121530 2.193652265 0.0 0
1575122593 1.975830792 0.0 0
1575123150 2.096127154 0.0 0
1575123709 2.000636476 0.5 1
1575124265 2.175463463 0.0 0
1575124833 1.920220115 0.0 0
1575125390 2.131903039 0.0 0
1575125959 1.93660456 0.5 1
1575297709 1.640913567 0.0 0
1575298285 2.180877734 0.0 0
1575298853 2.211708397 0.0 0
1575299432 1.787456584 0.5 1
1575300003 2.30348931 0.0 0
1575300623 2.035345452 0.0 0
1575301193 2.080454982 0.0 0
1575302004 2.180007088 0.0 0
1575390192 2.173903777 0.0 0
1575390759 2.048056617 0.0 0
1575391327 2.091223124 0.0 0
1575391891 2.172481625 0.0 0
1575392701 2.082868084 0.5 1
1575393337 1.968375127 0.5 1
1575393896 2.180478848 0.0 0
1575394463 2.125218854 0.0 0
1575395027 1.879840855 0.0 0
1575395589 1.82371705 0.5 1
1575562424 2.264791113 0.0 0
1575563122 2.067665895 0.0 0
1575563771 2.092414531 0.5 1
1575564366 2.139769977 0.0 0
1575564950 2.221406555 0.0 0
1575565516 1.790612054 0.5 1
1575566085 1.824915798 1.0 2
1575566670 2.135596216 0.0 0
1575567990 2.254248932 0.5 1
1575568596 2.14067031 0.0 0
1579191044 2.261681024 0.0 0
1579191657 2.167021834 1.0 2
1579192222 1.822593863 0.5 1
1579192803 2.12650043 0.5 1
1579193366 1.80735162 0.0 0
1579193958 2.043645954 0.5 1
1579194526 2.125271546 0.5 1
1579195091 2.090156962 0.0 0
1579195683 1.911081431 0.0 0
1579196245 1.823168346 0.0 0
1579359451 2.149841195 0.3333333333333333 1
1579360027 2.089808856 0.0 0
1579360588 2.094753513 0.0 0
1579361145 1.916856484 0.5 1
1579361700 1.915618368 0.5 1
1579362254 2.107328346 0.0 0
1579362810 1.750138131 0.0 0
1579363376 2.096043301 0.0 0
1579363943 1.961741338 0.0 0
1579364502 2.174744316 0.0 0
1579530421 1.969236773 0.5 1
1579531067 1.856660961 0.5 1
1579532108 1.794650199 0.0 0
1579532809 2.12516214 1.0 2
1579533477 2.129345671 0.0 0
1579534078 2.145771057 0.0 0
1579534764 2.227860085 1.0 2
1579535375 2.263721671 0.0 0
1579535970 2.173136172 0.0 0
1579537027 1.791993726 0.5 1
1580223753 2.13555347 0.0 0
1580224312 2.149332268 0.5 1
1580224868 1.988925694 0.0 0
1580225433 1.687258356 0.0 0
1580225991 2.151479963 0.0 0
1580226576 2.009704241 0.0 0
1580227144 1.849213732 0.0 0
1580227742 2.050602109 0.5 1
1580228323 2.05864366 0.5 1
1580228882 2.195909823 0.5 1
1580312312 2.090085374 0.0 0
1580312892 1.947763074 0.0 0
1580313448 1.986937084 0.5 1
1580314411 1.772944874 0.0 0
1580314968 2.177648358 0.0 0
1580315527 1.841930791 0.0 0
1580316088 1.859716694 0.5 1
1580316790 1.996786652 1.0 2
1580317383 1.827888271 0.0 0
1581942449 2.13091868 0.5 1
1581943651 2.076213005 0.0 0
1581944941 1.786138202 0.5 1
1581945922 1.960607776 0.0 0
1581946492 2.002460945 0.0 0
1581947059 1.912358067 0.0 0
1581947982 1.875821411 0.0 0
1581949078 2.18078903 1.5 2
1582034036 2.165928164 0.0 0
1582035655 2.118170937 0.0 0
1582036263 2.025625385 0.0 0
1582036868 2.117505601 0.5 1
1582037472 2.273141566 0.0 0
1582038063 2.048603582 0.0 0
1582038663 1.904689657 0.0 0
1582041560 2.219707389 0.0 0
1582042165 2.131024371 0.0 0
1582043756 2.127047771 0.6666666666666666 2
1582044366 2.000243795 1.0 2
1582637974 2.082643843 0.0 0
1582638534 2.093667301 0.0 0
1582639608 2.097402605 0.0 0
1582640788 2.395074072 0.5 1
1582641346 1.935530236 0.5 1
1582641919 1.905763857 0.0 0
1582642485 1.992527429 0.0 0
1582643059 1.92616382 0.0 0
1582643661 1.961647992 0.5 1
1582644217 1.934669854 0.5 1
1582898817 1.8089577 0.0 0
1582899388 1.664267337 0.5 1
1582899957 2.072054046 0.0 0
1582900518 2.102941109 0.0 0
1582902177 1.795407842 1.0 2
1582902823 1.803559299 0.0 0
1582903428 1.924148611 0.5 1
1574710840 2.217744632 0.0 0
