1569854466 4.0058287 0.0 0
1569855876 5.216446543 0.0 0
1571330164 3.915898511 0.5 1
1571766520 4.019220425 0.75 2
1571767302 3.845524616 1.0 2
1572537422 3.086340419 0.0 0
1572538080 3.09559461 0.0 0
1572538740 3.094340254 0.0 0
1572539393 3.10229794 0.0 0
1572540039 3.123927961 0.0 0
1572540945 3.133009463 0.0 0
1572541599 2.979998891 0.0 0
1572542247 3.020078672 0.0 0
1572542894 3.204439329 0.0 0
1572543560 3.118355698 0.0 0
1572871313 3.114982191 0.0 0
1572871964 3.241942994 0.25 1
1572872641 3.099389603 0.0 0
1572873294 3.092477806 0.0 0
1572873946 3.296972122 0.25 1
1572875008 3.059732372 0.0 0
1572875870 3.163092118 0.0 0
1572877095 3.031943161 0.0 0
1572877745 3.046815671 0.0 0
1572878973 3.064746664 0.0 0
1572967380 3.060703703 0.0 0
1572968037 3.081549473 0.0 0
1572969339 3.092493308 0.0 0
1572970000 3.053389966 0.0 0
1572970650 3.15871585 0.0 0
1572971302 3.240301276 0.3333333333333333 1
1572971963 3.329344123 0.0 0
1572972622 3.115759397 0.0 0
1572973989 3.122427407 0.0 0
1572974640 3.199173425 0.0 0
1573208922 3.148113123 0.0 0
1573209577 3.300816524 0.6666666666666666 2
1573210252 3.351434404 0.0 0
1573210921 3.159963843 0.0 0
1573211578 3.055722525 0.3333333333333333 1
1573212227 3.101033275 0.0 0
1573212879 3.159662493 0.0 0
1573213530 3.165939229 0.0 0
1573214201 3.446595523 0.0 0
1573214856 3.253462416 0.0 0
1573310379 2.864800499 0.0 0
1573311000 3.171120679 0.0 0
1573311616 2.77308032 0.0 0
1573312320 2.954261387 0.0 0
1573312930 3.013377508 0.0 0
1573313557 3.247591163 0.0 0
1573314190 2.864487895 0.0 0
1573314804 2.96434202 0.0 0
1574696413 2.945703324 0.0 0
1574696993 2.774852549 0.0 0
1574697584 2.914607426 0.0 0
1574698158 2.782315252 0.0 0
1574698743 2.732133204 0.0 0
1574709528 2.723861116 0.0 0
1574710814 2.752126661 0.0 0
1574956167 2.784265141 0.3333333333333333 1
1574956827 2.691262078 0.0 0
1574957430 2.905218401 0.0 0
1574958007 2.913921269 0.0 0
1574958600 2.820892249 0.3333333333333333 1
1574959189 2.863783407 0.0 0
1574959792 2.864262156 0.0 0
1574960370 2.807965849 0.0 0
1574960981 2.947679614 0.0 0
1574961618 2.740381064 0.0 0
1575033091 2.707981342 1.0 2
1575033659 2.679287818 0.0 0
1575034250 2.709091818 0.0 0
1575034817 2.774706117 0.0 0
1575035388 2.942157233 0.0 0
1575036410 3.015040922 0.0 0
1575036987 2.814712791 0.3333333333333333 1
1575037548 1.579303413 0.0 0
1575038548 2.920129319 0.0 0
1575039118 2.892647668 0.5 1
1575120381 3.009293034 0.0 0
1575120944 2.773009458 0.0 0
1575121505 2.825506523 0.0 0
1575122568 2.824600614 0.0 0
1575123125 2.80615411 0.0 0
1575123684 2.840731008 0.3333333333333333 1
1575124240 2.821528142 0.0 0
1575124808 2.821574254 0.0 0
1575125365 2.759286129 0.0 0
1575125934 2.978470256 0.0 0
1575297681 2.942042197 0.0 0
1575298260 2.86313342 0.0 0
1575298828 2.905769361 0.3333333333333333 1
1575299406 2.719351949 0.5 1
1575299978 2.721977833 0.0 0
1575300597 2.770927415 0.0 0
1575301168 2.773145308 0.0 0
1575301979 2.933002039 0.0 0
1575390166 3.033860646 0.0 0
1575390733 2.866080212 0.0 0
1575391302 2.854065829 0.0 0
1575391867 3.043488175 0.0 0
1575392675 2.602645536 0.0 0
1575393311 3.077273546 0.0 0
1575393872 3.042956969 0.0 0
1575394438 2.95367647 0.0 0
1575395001 2.891763182 0.0 0
1575395564 2.723014144 0.0 0
1575562399 2.681702598 0.0 0
1575563097 2.896190091 0.0 0
1575563745 2.811972621 0.0 0
1575564341 3.002538126 0.0 0
1575564925 3.003679921 0.0 0
1575565491 2.639477085 0.3333333333333333 1
1575566059 2.820034321 0.0 0
1575566645 2.825085527 0.0 0
1575567964 2.892882915 0.0 0
1575568570 2.910116149 0.0 0
1579191018 2.686055629 0.3333333333333333 1
1579191632 3.040263826 0.3333333333333333 1
1579192196 2.847641013 0.0 0
1579192778 2.769214043 0.0 0
1579193341 2.721307324 0.0 0
1579193932 2.905341114 0.0 0
1579194500 2.852042174 0.3333333333333333 1
1579195066 2.65367021 0.3333333333333333 1
1579195657 2.979540278 0.0 0
1579196219 2.733451154 0.0 0
1579359426 2.902853739 0.3333333333333333 1
1579360000 2.986811729 0.3333333333333333 1
1579360563 2.949612241 0.3333333333333333 1
1579361119 2.853401029 0.0 0
1579361675 2.913278629 0.0 0
1579362229 2.7308875 0.0 0
1579362785 2.888647297 0.0 0
1579363351 2.677709177 0.0 0
1579363918 2.679715134 0.0 0
1579364477 2.991826378 0.0 0
1579530396 3.135924034 0.0 0
1579531042 2.741417991 1.0 3
1579532082 2.598585054 0.3333333333333333 1
1579532784 2.869458873 0.5 1
1579533453 2.882992494 0.0 0
1579534053 2.911992191 0.6666666666666666 1
1579534739 2.992427043 0.0 0
1579535350 2.942410441 0.0 0
1579535945 2.971638788 0.6666666666666666 2
1579537002 2.940361222 0.6666666666666666 2
1580223728 3.136434222 0.0 0
1580224287 2.827821185 0.0 0
1580224842 2.859036059 0.0 0
1580225406 2.740386254 0.0 0
1580225966 2.845862949 0.3333333333333333 1
1580226551 2.852695178 0.0 0
1580227119 2.971816485 0.0 0
1580227717 3.028133462 0.0 0
1580228297 2.91451216 0.0 0
1580228857 2.856942134 0.0 0
1580312287 2.76910907 0.0 0
1580312867 2.872300787 0.0 0
1580313422 2.977948474 0.0 0
1580314386 2.749540775 0.0 0
1580314943 2.971817576 0.0 0
1580315501 2.954437184 0.0 0
1580316063 2.889437178 0.0 0
1580316765 2.871772815 0.0 0
1580317358 3.09029059 0.0 0
1581942423 3.012582123 0.0 0
1581943626 2.940347711 0.3333333333333333 1
1581944916 3.059258135 0.0 0
1581945895 3.128520363 0.0 0
1581946467 2.98464054 0.0 0
1581947034 3.043282544 0.0 0
1581947955 2.891887739 0.0 0
1581949050 3.071332305 1.3333333333333333 2
1582034011 1.326177864 0.0 0
1582035627 3.289560475 0.0 0
1582036235 3.375601094 0.0 0
1582036840 3.235924124 0.0 0
1582037445 3.410708596 0.3333333333333333 1
1582038038 2.868220819 0.3333333333333333 1
1582038635 2.932254284 0.0 0
1582041531 3.422543607 0.0 0
1582042138 3.408594366 0.3333333333333333 1
1582043729 3.08566606 0.6666666666666666 1
1582044340 3.063033713 1.0 1
1582637949 2.868841891 0.3333333333333333 1
1582638509 3.196339261 0.0 0
1582639583 2.94021134 0.0 0
1582640761 3.024060114 0.0 0
1582641320 2.95515811 0.3333333333333333 1
1582641891 3.121554119 0.3333333333333333 1
1582642459 2.907097743 0.0 0
1582643034 3.088897959 0.0 0
1582643636 2.811432503 0.0 0
1582644192 2.812715494 0.0 0
1582898792 3.073477031 0.0 0
1582899363 2.928220613 0.0 0
1582899931 2.984216226 0.0 0
1582900493 2.865653773 0.3333333333333333 1
1582902152 2.997992849 0.0 0
1582902798 2.821415101 0.0 0
1582903394 2.866784014 0.0 0
1574710814 2.752126661 0.0 0
