1569854687 3.500153688 0.0 0
1569856300 1.797342722 0.0 0
1571330349 3.496762344 0.0 0
1571766706 3.456565048 0.0 0
1571767489 3.456753929 0.0 0
1572537578 2.799870377 0.3333333333333333 1
1572538232 2.822785496 0.0 0
1572538891 2.81349477 0.3333333333333333 1
1572539545 2.9064946 0.0 0
1572540192 2.738501804 0.0 0
1572541097 2.696655443 0.0 0
1572541751 2.848635754 0.0 0
1572542399 2.802933465 0.0 0
1572543047 2.822481677 0.0 0
1572543711 2.784980192 0.3333333333333333 1
1572871466 2.790710212 0.0 0
1572872117 2.848339163 0.0 0
1572872794 2.982540719 0.3333333333333333 1
1572873446 2.853195396 0.0 0
1572874104 2.955983584 0.3333333333333333 1
1572875168 2.779713935 0.3333333333333333 1
1572876022 2.856662263 0.0 0
1572877248 2.900684263 0.0 0
1572877902 2.767833207 0.3333333333333333 1
1572879143 2.877046479 0.3333333333333333 1
1572967533 2.936667054 0.3333333333333333 1
1572968191 2.884639598 0.0 0
1572969491 2.825401814 0.3333333333333333 1
1572970153 2.81431897 0.0 0
1572970803 2.747758386 0.0 0
1572971464 2.956296156 0.0 0
1572972126 2.800157019 0.3333333333333333 1
1572972775 2.719054273 0.6666666666666666 1
1572973491 2.8613919 0.0 0
1572974141 2.822082599 0.0 0
1572974793 2.822623952 0.3333333333333333 1
1573209075 2.846954208 0.3333333333333333 1
1573209731 2.809882734 0.3333333333333333 1
1573210406 2.942585826 0.3333333333333333 1
1573211074 2.822343229 0.0 0
1573211733 2.815868784 0.3333333333333333 1
1573212381 2.826769877 0.0 0
1573213034 2.89829062 0.0 0
1573213683 2.73724242 0.0 0
1573214355 2.859806061 0.0 0
1573215013 2.908866387 0.6666666666666666 1
1573310526 2.757323355 0.0 0
1573311144 2.639947715 0.0 0
1573311756 2.519940939 0.0 0
1573312462 2.689771547 0.3333333333333333 1
1573313077 2.774110456 0.0 0
1573313703 2.614325482 0.3333333333333333 1
1573314332 2.427030884 0.5 1
1573314946 2.515447752 0.0 0
1574696553 2.605502349 0.3333333333333333 1
1574697134 2.671018899 0.0 0
1574697725 2.69198848 0.3333333333333333 1
1574698297 2.576897137 0.6666666666666666 2
1574698886 2.473682539 0.5 1
1574709697 2.643893581 0.0 0
1574710956 2.660053763 0.0 0
1574956306 2.681393823 1.0 2
1574956968 2.694698869 1.0 1
1574957569 2.637230484 1.0 1
1574958151 2.617546944 1.5 2
1574958744 2.642960766 0.6666666666666666 2
1574959332 2.601879277 0.3333333333333333 1
1574959933 2.606824365 2.0 2
1574960510 2.754873102 1.3333333333333333 2
1574961120 2.613252224 1.0 2
1574961756 2.542141392 0.3333333333333333 1
1575033232 2.651499848 0.3333333333333333 1
1575033800 2.680152441 1.0 2
1575034391 2.739384178 0.6666666666666666 1
1575034964 3.671027563 0.25 1
1575035528 2.652333159 0.3333333333333333 1
1575036565 2.653092098 0.0 0
1575037127 2.505084308 1.6666666666666667 2
1575037686 2.681658778 2.3333333333333335 3
1575038688 2.519796333 1.3333333333333333 3
1575039259 2.603999675 0.3333333333333333 1
1575120521 2.73923979 1.0 2
1575121086 2.4634581 0.0 0
1575122080 2.50619271 0.3333333333333333 1
1575122706 2.633879883 0.3333333333333333 1
1575123264 2.5518561 0.0 0
1575123823 2.532772886 0.5 1
1575124379 2.571402958 0.3333333333333333 1
1575124946 2.679707114 0.0 0
1575125508 2.5335241 0.3333333333333333 1
1575126075 2.644260559 1.0 2
1575297825 2.658441375 0.3333333333333333 1
1575298400 2.561221523 0.0 0
1575298969 2.644785142 1.0 2
1575299549 2.734437252 0.6666666666666666 2
1575300121 2.62533084 0.5 1
1575300739 2.601031098 0.0 0
1575301510 2.597147427 0.6666666666666666 1
1575302119 2.472682404 0.3333333333333333 1
1575390307 2.575309258 0.6666666666666666 1
1575390877 2.558170145 0.3333333333333333 1
1575391440 2.552399552 0.3333333333333333 1
1575392006 2.676139807 0.3333333333333333 1
1575392815 2.594343202 0.6666666666666666 2
1575393453 2.697321127 0.6666666666666666 1
1575394011 2.493662227 0.3333333333333333 1
1575394578 2.594929473 0.0 0
1575395142 2.595495847 0.0 0
1575395705 2.560031391 0.6666666666666666 1
1575562552 2.690975339 0.5 1
1575563237 2.576179142 0.5 1
1575563886 2.680243657 1.0 1
1575564483 2.567323601 1.0 1
1575565065 2.640522272 0.0 0
1575565630 2.648320501 0.3333333333333333 1
1575566204 2.514471661 0.3333333333333333 1
1575566786 2.68870826 0.5 1
1575568131 2.570547044 0.0 0
1575568715 2.62610559 0.0 0
1579191159 2.517534713 0.3333333333333333 1
1579191773 0.845815993 0.5 1
1579192339 2.526699385 0.0 0
1579192923 2.616175185 0.3333333333333333 1
1579193509 2.52090054 1.3333333333333333 2
1579194074 2.68766616 0.5 1
1579194642 2.648512755 0.0 0
1579195206 2.687855065 0.3333333333333333 1
1579195797 2.48761959 1.5 2
1579196360 2.547713926 0.0 0
1579359565 2.556489781 0.3333333333333333 1
1579360143 2.502861593 0.3333333333333333 1
1579360703 2.569220599 0.0 0
1579361258 2.533300826 0.3333333333333333 1
1579361814 2.618917376 0.0 0
1579362368 2.617200756 0.5 1
1579362925 2.567575627 0.3333333333333333 1
1579363491 2.655600631 0.6666666666666666 1
1579364058 2.713135706 0.6666666666666666 1
1579364618 2.520084467 0.0 0
1579530610 2.692134613 0.5 1
1579531182 2.643306464 0.6666666666666666 2
1579532222 2.488095945 0.6666666666666666 2
1579532930 2.723289906 1.0 2
1579533591 2.517761134 0.6666666666666666 1
1579534192 2.64980362 1.0 2
1579534878 2.557066325 1.0 1
1579535494 2.590525822 1.0 2
1579536567 2.698683313 1.0 2
1579537142 2.780585983 0.0 0
1580223869 2.672447936 1.5 2
1580224427 2.553522582 0.0 0
1580224984 2.625301481 0.0 0
1580225548 2.576886806 0.5 1
1580226106 2.46836674 0.3333333333333333 1
1580226692 2.535114918 0.0 0
1580227259 2.604805552 0.0 0
1580227857 2.736471484 1.0 2
1580228438 2.560832541 0.3333333333333333 1
1580228998 2.568701906 0.0 0
1580312425 2.775390913 1.3333333333333333 2
1580313006 2.550751162 0.5 1
1580313885 2.530815662 0.3333333333333333 1
1580314524 2.65132236 1.0 2
1580315082 2.783190203 0.3333333333333333 1
1580315643 2.519003454 0.0 0
1580316204 2.51169882 0.6666666666666666 1
1580316908 2.512546451 0.0 0
1580317499 2.439175901 1.0 2
1581942566 1.122261437 0.5 1
1581944143 2.480996298 0.5 1
1581945087 2.521325602 0.0 0
1581946038 2.640860685 0.6666666666666666 2
1581946607 2.415913094 0.0 0
1581947177 2.588038942 0.0 0
1581948096 2.514745503 0.0 0
1581949200 2.90307751 0.3333333333333333 1
1582034901 2.605242669 0.0 0
1582035780 2.504162475 0.0 0
1582036386 2.869006169 0.3333333333333333 1
1582036993 2.840043427 1.0 2
1582037597 2.701566316 1.0 2
1582038188 2.690952618 0.0 0
1582038781 2.523887415 0.0 0
1582041688 2.868063654 0.3333333333333333 1
1582042443 2.590186811 0.6666666666666666 1
1582043886 2.639758067 0.3333333333333333 1
1582044485 2.738161661 0.3333333333333333 1
1582638088 2.516104964 0.0 0
1582638651 2.565030355 0.0 0
1582640082 2.399457449 0.0 0
1582640903 2.528787475 0.3333333333333333 1
1582641460 2.676387158 0.6666666666666666 1
1582642035 2.602303156 0.6666666666666666 1
1582642602 2.642224076 0.0 0
1582643176 2.523140789 0.0 0
1582643774 2.65994223 0.3333333333333333 1
1582644332 2.594239739 1.0 2
1582898943 2.574611504 0.3333333333333333 1
1582899507 1.496287519 0.5 1
1582900073 2.660468289 0.3333333333333333 1
1582900632 2.477925188 0.6666666666666666 1
1582902377 2.582446687 1.0 2
1582902938 2.597197647 0.5 1
1582903542 2.525905816 0.0 0
1574710956 2.660053763 0.0 0
