1569854799 1.620553756 -1 -1
1569856405 1.465881091 -1 -1
1571330458 1.617263735 -1 -1
1571766817 1.629151293 -1 -1
1571767599 1.692772084 -1 -1
1572537669 1.382709425 -1 -1
1572538322 1.311605451 -1 -1
1572538982 1.399180522 -1 -1
1572539634 1.409825076 -1 -1
1572540283 1.311763804 -1 -1
1572541188 1.411699457 -1 -1
1572541840 1.427937305 -1 -1
1572542490 1.228955803 -1 -1
1572543136 1.453285091 -1 -1
1572543809 1.536472796 -1 -1
1572871555 1.437311627 -1 -1
1572872206 1.312131914 -1 -1
1572872888 1.536067889 -1 -1
1572873535 1.575573476 -1 -1
1572874194 1.437673725 -1 -1
1572875258 1.458247153 -1 -1
1572876113 1.528349863 -1 -1
1572877338 1.308830762 -1 -1
1572877993 1.362869247 -1 -1
1572879233 1.572079293 -1 -1
1572967623 1.397255416 -1 -1
1572968281 1.389451744 -1 -1
1572969581 1.493623854 -1 -1
1572970242 1.365807078 -1 -1
1572970892 1.4820301 -1 -1
1572971555 1.501336338 -1 -1
1572972216 1.325197964 -1 -1
1572972865 1.478384265 -1 -1
1572973581 1.462597574 -1 -1
1572974230 1.445351325 -1 -1
1572974888 1.33271288 -1 -1
1573209165 1.409258055 -1 -1
1573209835 1.55525374 -1 -1
1573210496 1.532543754 -1 -1
1573211164 1.367454106 -1 -1
1573211823 1.435062083 -1 -1
1573212470 1.457141559 -1 -1
1573213124 1.468329009 -1 -1
1573213773 1.483828969 -1 -1
1573214446 1.380261106 -1 -1
1573215104 1.46791842 -1 -1
1573310610 1.200243055 -1 -1
1573311229 1.193850133 -1 -1
1573311840 1.280212876 -1 -1
1573312546 1.147506112 -1 -1
1573313164 1.284347543 -1 -1
1573313788 1.249550282 -1 -1
1573314415 1.340135936 -1 -1
1573315030 1.160949073 -1 -1
1574696637 0.975028616 -1 -1
1574697808 0.680629044 -1 -1
1574698380 0.837266302 -1 -1
1574957051 0.892017089 -1 -1
1574961839 0.94225513 -1 -1
1575034474 1.028476361 -1 -1
1575035611 0.945866345 -1 -1
1575037210 1.123806997 -1 -1
1575039343 0.644232268 -1 -1
1575121168 0.77701782 -1 -1
1575122162 1.052058798 -1 -1
1575123905 0.935972634 -1 -1
1575125028 0.934529093 -1 -1
1575299052 0.6801158 -1 -1
1575300203 0.862231844 -1 -1
1575300821 1.105433989 -1 -1
1575302202 1.10932064 -1 -1
1575392089 1.065253852 -1 -1
1575393535 0.9039317 -1 -1
1575394661 1.158507247 -1 -1
1575473474 119.899883193 -1 -1
1575562705 5.567017537 -1 -1
1575565148 0.922787746 -1 -1
1575566287 0.798016025 -1 -1
1575568213 0.984609199 -1 -1
1575568797 0.866476131 -1 -1
1579192422 0.901080268 -1 -1
1579193593 1.069721968 -1 -1
1579195881 1.023879058 -1 -1
1579359648 0.760786088 -1 -1
1579360225 1.163004218 -1 -1
1579360785 0.956735008 -1 -1
1579361897 1.02718968 -1 -1
1579362451 1.281427067 -1 -1
1579363575 1.058707296 -1 -1
1579364141 0.890132761 -1 -1
1579364700 0.88959024 -1 -1
1579531265 1.472350177 -1 -1
1579532321 0.853515203 -1 -1
1579533013 1.229276017 -1 -1
1579533674 1.069560954 -1 -1
1579534961 0.984954709 -1 -1
1579535577 0.949947332 -1 -1
1579537224 0.897212658 -1 -1
1580223952 1.15289379 -1 -1
1580224509 0.922793738 -1 -1
1580226775 1.037314194 -1 -1
1580227342 0.860799795 -1 -1
1580227941 1.024434095 -1 -1
1580228521 0.909854837 -1 -1
1580312508 0.988623499 -1 -1
1580313088 1.083873196 -1 -1
1580313968 1.06799826 -1 -1
1580314607 1.111511701 -1 -1
1580315164 1.094856387 -1 -1
1580315726 0.983958452 -1 -1
1580316997 0.968833995 -1 -1
1580317585 0.895635175 -1 -1
1581942648 1.118154828 -1 -1
1581943013 1.463423541 -1 -1
1581944225 1.117835899 -1 -1
1581945172 0.946709492 -1 -1
1581946122 0.812606745 -1 -1
1581946690 1.064663519 -1 -1
1581947585 1.205989108 -1 -1
1581948178 0.983629303 -1 -1
1581949292 1.292582631 -1 -1
1582034995 1.112088932 -1 -1
1582035867 1.144548021 -1 -1
1582036472 0.972679423 -1 -1
1582037082 0.702150575 -1 -1
1582038275 1.074258351 -1 -1
1582038863 1.343172159 -1 -1
1582041778 0.958916218 -1 -1
1582042529 1.331053223 -1 -1
1582043980 1.360677436 -1 -1
1582044570 1.108648386 -1 -1
1582638170 1.033446171 -1 -1
1582638733 0.94327111 -1 -1
1582640986 0.947334955 -1 -1
1582641545 1.102299562 -1 -1
1582642117 1.070678455 -1 -1
1582642684 1.006238514 -1 -1
1582643259 1.329345414 -1 -1
1582643857 0.992106436 -1 -1
1582644415 1.277143315 -1 -1
1582899026 0.936642303 -1 -1
1582899588 1.201460194 -1 -1
1582900156 0.8005335 -1 -1
1582900715 1.073962715 -1 -1
1582902460 1.086496342 -1 -1
1582903020 1.088954419 -1 -1
