1569854670 4.106429511 -1 -1
1569856259 4.09812806 -1 -1
1571330332 3.634829164 -1 -1
1571766689 3.852286633 -1 -1
1571767472 3.891811189 -1 -1
1572537565 3.117519142 -1 -1
1572538218 3.161022799 -1 -1
1572538878 3.195334652 -1 -1
1572539531 3.219347797 -1 -1
1572540178 3.219189854 -1 -1
1572541083 3.16545736 -1 -1
1572541737 3.084820148 -1 -1
1572542385 3.096174989 -1 -1
1572543033 3.278508237 -1 -1
1572543698 3.064187774 -1 -1
1572871452 3.211061545 -1 -1
1572872103 3.16268846 -1 -1
1572872781 3.111309814 -1 -1
1572873433 3.107361569 -1 -1
1572874090 3.156146185 -1 -1
1572875155 3.117997363 -1 -1
1572876008 3.061365677 -1 -1
1572877234 3.104865863 -1 -1
1572877889 3.071071682 -1 -1
1572879129 3.190027853 -1 -1
1572967520 3.167503608 -1 -1
1572968177 3.154995921 -1 -1
1572969478 3.162591156 -1 -1
1572970139 3.123485761 -1 -1
1572970789 3.024112999 -1 -1
1572971450 3.023406984 -1 -1
1572972113 3.236992754 -1 -1
1572972762 3.200366764 -1 -1
1572973478 3.00553562 -1 -1
1572974127 3.116467925 -1 -1
1572974779 3.062420432 -1 -1
1573209062 3.151341128 -1 -1
1573209717 3.108759548 -1 -1
1573210393 3.11289051 -1 -1
1573211061 3.158969393 -1 -1
1573211719 3.028715899 -1 -1
1573212367 3.198862862 -1 -1
1573213021 3.028465579 -1 -1
1573213669 3.171000235 -1 -1
1573214341 3.207168542 -1 -1
1573215000 3.236597806 -1 -1
1573310513 2.920246559 -1 -1
1573311130 3.072715338 -1 -1
1573311744 2.825309184 -1 -1
1573312450 2.813660789 -1 -1
1573313064 3.099096408 -1 -1
1573313690 3.182546233 -1 -1
1573314319 3.024240581 -1 -1
1573314933 2.91217399 -1 -1
1574697713 2.996511858 -1 -1
1574698874 2.815911495 -1 -1
1574709685 3.040263744 -1 -1
1574956293 2.930952513 -1 -1
1574956956 2.81174943 -1 -1
1574958731 3.180269973 -1 -1
1574961744 2.764342814 -1 -1
1575033789 2.757395507 -1 -1
1575034379 2.720639911 -1 -1
1575035515 2.929773185 -1 -1
1575036553 3.040378108 -1 -1
1575037674 2.952070775 -1 -1
1575038677 2.800099547 -1 -1
1575120509 2.942884576 -1 -1
1575121800 4.09765909 -1 -1
1575122068 2.720594547 -1 -1
1575122694 2.895983581 -1 -1
1575124367 2.621145903 -1 -1
1575126062 2.799180625 -1 -1
1575299537 2.984152716 -1 -1
1575300109 2.819067362 -1 -1
1575391994 3.04208343 -1 -1
1575392803 2.752714928 -1 -1
1575393999 2.979964082 -1 -1
1575395130 2.923330316 -1 -1
1575395693 2.900495254 -1 -1
1575565052 3.151675007 -1 -1
1575566192 2.863446681 -1 -1
1575568703 2.974849001 -1 -1
1579192905 2.768496978 -1 -1
1579193473 2.83759431 -1 -1
1579194062 3.016611006 -1 -1
1579359553 2.866731335 -1 -1
1579361246 3.147444413 -1 -1
1579362356 3.02736888 -1 -1
1579530597 2.953207062 -1 -1
1579531170 3.29788535 -1 -1
1579532210 2.914708462 -1 -1
1579533579 2.856378289 -1 -1
1579534180 2.948034982 -1 -1
1579536554 2.616287959 -1 -1
1579537130 2.862659995 -1 -1
1580223856 3.120283519 -1 -1
1580225535 2.850684727 -1 -1
1580226094 3.021105555 -1 -1
1580227247 3.113008238 -1 -1
1580228426 2.771265478 -1 -1
1580312994 2.818750473 -1 -1
1580313873 2.835002881 -1 -1
1580315070 2.741495021 -1 -1
1580316192 2.912702893 -1 -1
1580316896 2.696140215 -1 -1
1580317487 2.935237798 -1 -1
1581942553 2.856434104 -1 -1
1581944130 2.993705634 -1 -1
1581945075 2.846380331 -1 -1
1581946026 2.987561698 -1 -1
1581946595 2.814661222 -1 -1
1581947165 2.956446811 -1 -1
1581948084 2.974736525 -1 -1
1581949186 3.218093457 -1 -1
1582034887 3.199387636 -1 -1
1582035767 3.116327426 -1 -1
1582036373 3.010244979 -1 -1
1582036978 3.339797867 -1 -1
1582037584 3.02473109 -1 -1
1582038175 3.422504172 -1 -1
1582038770 2.776214249 -1 -1
1582041674 3.376268433 -1 -1
1582043873 2.858710624 -1 -1
1582044472 3.102577741 -1 -1
1582638076 2.89774843 -1 -1
1582638639 3.004204198 -1 -1
1582640070 2.908208858 -1 -1
1582640891 3.15262933 -1 -1
1582641448 2.900825174 -1 -1
1582642023 2.999847957 -1 -1
1582642590 3.037474579 -1 -1
1582643163 3.190741119 -1 -1
1582643762 2.719339952 -1 -1
1582644320 3.158743963 -1 -1
1582898930 2.837153096 -1 -1
1582899493 2.863818002 -1 -1
1582900061 2.878134981 -1 -1
1582900620 2.851186316 -1 -1
1582902365 2.818397196 -1 -1
1582902925 2.892330459 -1 -1
1582903530 2.883876538 -1 -1
