1569854384 2.436427597 0.3333333333333333 1
1569855796 2.39177112 0.0 0
1571330087 2.398034812 0.0 0
1571766443 2.450375261 1.0 1
1572537360 1.824769659 1.0 1
1572538018 1.831350593 0.0 0
1572538678 1.876956847 0.0 0
1572539330 2.0598763 0.5 1
1572539977 1.970694857 0.5 1
1572540883 1.931838974 1.5 2
1572541537 1.812381042 0.0 0
1572542185 1.972446146 0.5 1
1572542832 1.958244022 0.0 0
1572543497 2.006414264 0.0 0
1572871251 1.897771467 0.5 1
1572871901 1.87582316 1.0 1
1572872578 2.172037421 0.0 0
1572873231 1.861794628 1.0 1
1572873884 1.962471427 0.5 1
1572874946 2.004859627 0.0 0
1572875808 1.96821787 0.5 1
1572877033 1.867965379 0.5 1
1572877683 1.912461223 0.5 1
1572878911 1.957691014 0.5 1
1572967317 2.014312606 2.5 3
1572967975 1.941650488 0.0 0
1572969277 1.943426481 0.5 1
1572969938 1.994567668 1.0 1
1572970588 2.011698963 2.0 2
1572971237 1.920128045 0.0 0
1572971899 2.169649415 0.6666666666666666 1
1572972561 1.78220944 0.0 0
1572973274 1.963508899 0.0 0
1572973926 2.050485318 1.0 1
1572974578 1.874589982 1.0 1
1573208860 1.887295139 0.5 1
1573209515 1.884407587 1.5 2
1573210189 1.964241975 1.5 2
1573210859 1.825349197 1.5 2
1573211516 2.311468073 0.0 0
1573212165 1.923277043 0.0 0
1573212816 1.948414215 2.0 2
1573213468 1.966507764 0.5 1
1573214138 1.883871917 1.5 2
1573214793 2.011987784 1.5 2
1573310319 1.922188293 1.0 1
1573310943 1.698485804 0.0 0
1573311558 1.691288845 0.0 0
1573312262 1.645277336 0.0 0
1573312871 1.662440743 0.0 0
1573313499 1.835625349 0.0 0
1573314131 1.581573733 1.0 1
1573314746 1.669518899 0.5 1
1574696355 1.616244694 1.5 2
1574696932 1.884932162 0.0 0
1574697525 1.744016033 0.0 0
1574698102 1.663750978 0.0 0
1574698687 1.674243963 0.5 1
1574709470 1.668545356 0.0 0
1574710757 1.690110516 0.0 0
1574956110 1.613163604 0.5 1
1574956682 1.621786252 0.0 0
1574957374 1.689822112 0.0 0
1574957951 1.580898019 0.0 0
1574958543 1.626010105 0.0 0
1574959132 1.596113212 0.0 0
1574959734 1.674339484 0.5 1
1574960314 1.488260707 0.0 0
1574960923 1.716622915 0.0 0
1574961562 1.628611517 1.0 1
1575033033 1.581894705 0.5 1
1575033602 1.560229807 0.0 0
1575034193 1.575107965 1.0 1
1575034760 1.566627234 0.0 0
1575035331 1.533741311 0.0 0
1575036353 1.527594517 0.5 1
1575036931 1.585473108 0.0 0
1575037489 1.696106068 0.5 1
1575038492 1.630284931 0.0 0
1575039060 1.617056882 0.5 1
1575120325 1.542805862 0.0 0
1575120888 1.527707675 0.0 0
1575121448 1.701117161 1.0 1
1575122511 1.52560346 0.0 0
1575123068 1.625749102 0.5 1
1575123628 1.66867181 1.0 1
1575124183 1.575335663 0.0 0
1575124752 1.453376391 0.0 0
1575125308 1.611793985 0.0 0
1575125876 1.645561961 0.5 1
1575297621 1.965627294 0.0 0
1575298201 1.670933186 0.0 0
1575298768 1.970172633 0.0 0
1575299348 1.56716818 0.0 0
1575299921 1.674929942 0.0 0
1575300541 1.585075884 0.0 0
1575301113 1.547069482 0.0 0
1575301922 1.52733739 0.0 0
1575390108 1.76416587 1.0 1
1575390676 1.625462581 0.0 0
1575391244 1.673041432 0.0 0
1575391810 1.771385356 0.0 0
1575392619 1.583028956 0.5 1
1575393255 1.63550265 0.0 0
1575393816 1.585843443 0.0 0
1575394381 1.571541704 0.5 1
1575394944 1.700570912 0.0 0
1575395507 1.644818875 0.0 0
1575563688 1.620367231 0.5 1
1575564285 1.705786241 0.5 1
1575564869 1.719990816 0.0 0
1575565434 1.540298541 1.0 1
1575566003 1.552832433 0.0 0
1575566589 1.479689284 0.0 0
1575567906 1.913992545 1.5 2
1575568514 1.535771071 0.5 1
1579190960 2.039595757 0.0 0
1579191574 1.748689193 0.0 0
1579192140 1.711047731 0.0 0
1579192720 1.764046417 0.5 1
1579193285 1.602343373 0.0 0
1579193875 1.665717894 0.0 0
1579194442 1.86654815 0.5 1
1579195009 1.536303933 0.5 1
1579195599 1.618672592 0.5 1
1579196163 1.491170802 0.0 0
1579359369 1.627646455 0.0 0
1579359942 1.591718603 0.5 1
1579360506 1.572169349 0.5 1
1579361063 1.571732786 0.5 1
1579361619 1.656287857 0.5 1
1579362173 1.65727658 0.0 0
1579362729 1.627705203 1.0 2
1579363293 1.581057328 0.0 0
1579363861 1.528871467 1.5 2
1579364421 1.467081494 0.5 1
1579530337 1.511833304 0.0 0
1579530985 1.564435339 0.0 0
1579532025 1.617269954 0.0 0
1579532727 1.804489055 0.0 0
1579533392 1.719438203 0.0 0
1579533996 1.668263448 0.0 0
1579534657 1.437988713 0.0 0
1579535293 1.498892499 0.0 0
1579535888 1.530675287 0.0 0
1579536946 1.533598146 0.0 0
1580223670 2.131649525 1.5 2
1580224231 1.55332252 0.0 0
1580224786 1.54466106 0.0 0
1580225350 1.510173496 0.0 0
1580225910 1.720654188 0.0 0
1580226493 1.671807693 0.0 0
1580227061 1.760191948 0.0 0
1580227659 1.67060318 0.0 0
1580228241 1.577305417 0.5 1
1580228800 1.591782972 0.5 1
1580312230 1.636455277 0.0 0
1580312810 1.654294889 0.0 0
1580313366 1.631669796 0.0 0
1580314330 1.621159066 0.0 0
1580314888 1.572479356 0.5 1
1580315445 1.616445448 0.0 0
1580316007 1.48174651 0.0 0
1580316709 1.75208577 1.0 1
1580317296 1.66425207 0.5 1
1581942365 1.707396804 2.0 2
1581942953 1.573382426 0.0 0
1581943571 1.531194584 1.0 1
1581944859 1.620309951 0.0 0
1581945836 1.648005132 0.0 0
1581946410 1.774628173 0.0 0
1581946977 1.755082575 0.0 0
1581947898 1.61963117 0.0 0
1581948987 1.599313719 0.0 0
1582033904 7.903615549 0.0 0
1582035565 1.66717656 0.0 0
1582036172 1.634140868 0.0 0
1582036774 1.829113878 0.0 0
1582037979 1.603840211 0.0 0
1582038577 1.966228029 0.0 0
1582041468 1.55921877 0.0 0
1582042079 1.585656004 0.0 0
1582043666 1.575673189 1.0 1
1582044280 1.593803719 0.0 0
1582637893 1.655476335 0.0 0
1582638452 1.780132972 0.5 1
1582639527 1.673274301 1.0 1
1582640705 1.702812266 0.0 0
1582641264 1.707997158 0.5 1
1582641834 1.673194781 0.5 1
1582642402 1.573752223 1.5 2
1582642977 1.701057464 0.0 0
1582643580 1.621984722 0.0 0
1582644136 1.626404677 1.0 1
1582898734 1.672599328 0.5 1
1582899306 1.759029278 0.0 0
1582899874 1.61540583 0.0 0
1582900437 1.756561687 0.0 0
1582902095 1.595258058 0.0 0
1582902742 1.616662813 0.0 0
1582903339 1.584527308 0.0 0
1574710757 1.690110516 0.0 0
