1569854649 2.008378024 0.0 0
1569856231 3.937863735 0.0 0
1571330310 1.996265227 0.0 0
1571766667 1.999961104 0.0 0
1571767451 1.855066072 0.0 0
1572537548 1.574666688 0.0 0
1572538201 1.741162982 0.0 0
1572538861 1.529306718 0.0 0
1572539514 1.665748591 0.0 0
1572540161 1.661566582 0.0 0
1572541066 1.582814662 0.0 0
1572541720 1.623903134 0.0 0
1572542369 1.571810813 0.0 0
1572543016 1.618478229 0.0 0
1572543681 1.562528513 0.0 0
1572871435 1.623045167 0.0 0
1572872086 1.624363559 0.0 0
1572872764 1.53779939 1.0 1
1572873416 1.595871519 0.0 0
1572874073 1.540885382 0.0 0
1572875138 1.63036504 0.0 0
1572875991 1.519890908 0.5 1
1572877217 1.590643987 0.0 0
1572877869 1.616287454 0.0 0
1572879112 1.615485844 0.0 0
1572967503 1.629492623 0.0 0
1572968160 1.596298094 0.0 0
1572969461 1.602510523 0.0 0
1572970122 1.607272675 0.0 0
1572970772 1.57780557 0.0 0
1572971433 1.701210335 0.0 0
1572972096 1.491196949 0.0 0
1572972745 1.583607282 0.0 0
1572973461 1.661810839 0.0 0
1572974110 1.616661434 0.5 1
1572974762 1.666448523 0.0 0
1573209045 1.588049626 0.0 0
1573209700 1.633700699 0.0 0
1573210376 1.625038245 0.0 0
1573211044 1.627323267 0.0 0
1573211702 1.585738472 0.0 0
1573212350 1.581142946 0.0 0
1573213004 1.582824357 0.0 0
1573213652 1.618362154 0.5 1
1573214324 1.583039858 0.5 1
1573214983 1.61595325 0.0 0
1573310497 1.381345832 0.0 0
1573311114 1.484923165 0.0 0
1573311728 1.538423547 0.0 0
1573312434 1.542628415 0.0 0
1573313047 1.363411438 0.0 0
1573313673 1.468233818 0.0 0
1573314303 1.345458716 0.0 0
1573314918 1.408973011 0.0 0
1574696525 1.539556765 0.0 0
1574697106 1.503013776 0.0 0
1574697697 1.531325217 0.0 0
1574698269 1.437944153 0.0 0
1574698858 1.437436981 0.0 0
1574709669 1.554356649 0.0 0
1574710928 1.588709427 0.0 0
1574956277 1.461960184 0.0 0
1574956940 1.437356902 0.0 0
1574957540 1.487138663 0.0 0
1574958123 1.396970976 0.0 0
1574958716 1.53294642 0.0 0
1574959304 1.371744911 0.0 0
1574959905 1.443481057 0.0 0
1574960482 1.402580212 0.0 0
1574961092 1.495411913 0.0 0
1574961728 1.389318557 0.0 0
1575033204 1.543157812 0.0 0
1575033773 1.583167585 0.0 0
1575034362 1.535569713 0.0 0
1575034936 1.543315743 0.0 0
1575035499 1.508360501 0.0 0
1575036537 1.55608908 0.0 0
1575037099 1.476980213 0.0 0
1575037658 1.452565897 0.0 0
1575038660 1.4540017 0.0 0
1575039231 1.513593751 0.0 0
1575120493 1.458243127 0.0 0
1575121058 1.49167029 0.0 0
1575121778 2.064903928 -1 -1
1575122052 1.601960173 0.0 0
1575122678 1.484323995 0.0 0
1575123236 1.487260185 0.0 0
1575123795 1.450792845 0.0 0
1575124351 1.482725235 0.0 0
1575124918 1.500267196 0.0 0
1575125480 1.528391858 0.0 0
1575126046 1.495790715 0.0 0
1575297797 1.375814687 1.0 1
1575298372 1.463722305 0.0 0
1575298939 2.858441989 0.0 0
1575299521 1.48299189 0.0 0
1575300093 1.36787975 0.0 0
1575300711 1.489002632 0.0 0
1575301483 1.358385768 0.0 0
1575302091 1.45712093 0.0 0
1575390279 1.709128655 0.0 0
1575390849 1.482029997 0.0 0
1575391412 1.445465806 0.0 0
1575391978 1.502489253 0.0 0
1575392787 1.516065982 0.0 0
1575393425 1.404675463 0.0 0
1575393983 1.500439122 0.0 0
1575394550 1.486044355 0.0 0
1575395114 1.463650241 0.0 0
1575395677 1.54751954 0.0 0
1575562512 1.462697932 0.0 0
1575563209 1.509230186 0.0 0
1575563858 1.489304456 0.0 0
1575564455 1.456406372 0.0 0
1575565037 1.406372298 0.0 0
1575565602 1.510898425 0.0 0
1575566176 1.410299994 0.0 0
1575566757 1.445317184 0.0 0
1575568102 1.475428034 0.0 0
1575568687 1.529387455 0.0 0
1579191131 1.53067989 0.0 0
1579191744 1.452675426 0.0 0
1579192310 1.911263072 0.0 0
1579192889 1.50839085 0.5 1
1579193457 1.496535837 0.0 0
1579194046 1.443209906 0.0 0
1579194614 1.457504989 0.0 0
1579195178 1.439989347 0.0 0
1579195769 1.534225245 0.0 0
1579196332 1.526070462 0.0 0
1579359538 1.45188197 0.0 0
1579360114 1.419474981 0.5 1
1579360675 1.519624675 0.0 0
1579361230 1.512597632 0.0 0
1579361786 1.533518991 1.0 1
1579362340 1.446946212 0.0 0
1579362897 1.423466342 0.0 0
1579363463 1.457404146 0.0 0
1579364030 1.495682257 0.0 0
1579364590 1.451655043 1.0 1
1579530581 1.44011426 0.0 0
1579531154 1.53824423 0.0 0
1579532194 1.420814194 0.0 0
1579532902 1.53853146 0.0 0
1579533563 1.471592438 0.0 0
1579534164 1.448438281 0.0 0
1579534850 1.446103679 0.0 0
1579535466 1.36542281 1.0 1
1579536538 1.414829984 1.0 1
1579537114 1.482054796 0.0 0
1580223841 1.579054652 0.0 0
1580224399 1.528052746 0.0 0
1580224956 1.481554227 0.0 0
1580225520 1.359472745 0.0 0
1580226079 1.371680942 0.0 0
1580226663 1.493491973 0.0 0
1580227231 1.412921911 0.0 0
1580227829 1.561373142 0.0 0
1580228410 1.562474974 0.0 0
1580228970 1.531923011 0.0 0
1580312397 1.533117439 0.0 0
1580312978 1.49761233 0.0 0
1580313533 1.57671349 0.5 1
1580314496 1.507278346 0.0 0
1580315054 1.494951472 0.0 0
1580315614 1.476344467 0.0 0
1580316176 1.490221314 0.0 0
1580316880 1.550632589 0.0 0
1580317471 1.495066783 0.0 0
1581942537 1.527648513 0.0 0
1581944114 1.419916939 0.0 0
1581945059 1.496806207 0.0 0
1581946010 1.463114579 0.0 0
1581946579 1.396767056 0.0 0
1581947148 1.507974269 0.0 0
1581948068 1.340036317 0.0 0
1581949170 1.792807782 0.0 0
1582034871 1.471094912 0.0 0
1582035749 1.670969196 0.0 0
1582036358 1.46786777 0.0 0
1582036961 1.485640962 0.0 0
1582037567 1.592106731 0.0 0
1582038158 1.439845023 0.0 0
1582038754 1.618213715 0.0 0
1582041656 1.737821665 0.0 0
1582042414 1.629297699 0.0 0
1582043855 1.751042555 0.0 0
1582044456 1.499862079 0.0 0
1582638060 1.39833661 0.0 0
1582638623 1.499004554 0.0 0
1582640054 1.496534963 0.0 0
1582640875 1.538568017 0.0 0
1582641433 1.325036615 0.0 0
1582642007 1.449363528 0.0 0
1582642574 1.454981854 0.0 0
1582643146 1.534411745 0.0 0
1582643747 1.410186559 0.0 0
1582644304 1.453983661 0.0 0
1582898915 1.277319356 0.0 0
1582899477 1.462923825 0.0 0
1582900046 1.448274254 0.0 0
1582900605 1.540949742 0.0 0
1582902349 1.485495199 0.0 0
1582902910 1.402003971 0.0 0
1582903514 1.364871371 0.0 0
1574710928 1.588709427 0.0 0
