1569849926 4.440554563 0.0 0
1569850130 4.699113134 0.0 0
1569849926 4.440554563 0.0 0
1569850130 4.699113134 0.0 0
1569850942 3.122723755 0.0 0
1569851150 3.329514795 0.0 0
1569851495 7.73157778 0.375 1
1569851705 4.345912984 0.0 0
1569851934 4.901916389 0.0 0
1569852164 4.812507274 0.0 0
1569852402 4.726082449 0.0 0
1569852619 4.567953066 0.0 0
1569853009 4.980182345 0.0 0
1569853321 4.773875863 0.0 0
1569853562 4.476740043 0.0 0
1569854202 4.607628976 0.0 0
1569855161 4.593290513 0.0 0
1569855608 4.462658602 0.0 0
1570446933 4.50974232 0.0 0
1570448025 4.812157979 0.0 0
1570448752 4.684036479 0.0 0
1570449221 4.555312789 0.0 0
1570449649 5.154556987 0.0 0
1570543047 4.637347686 0.0 0
1570543407 4.487354596 0.0 0
1570543611 4.47559452 0.0 0
1570544540 4.547022814 0.0 0
1570544740 5.010233715 0.0 0
1570545001 4.704880427 0.0 0
1570545207 4.74727444 0.0 0
1571322919 4.691796083 0.0 0
1571323241 4.532004074 0.0 0
1571323634 4.561666418 0.0 0
1571324036 4.543818357 0.0 0
1571324436 4.581670144 0.0 0
1571325042 4.540902132 0.0 0
1571325239 4.598322973 0.0 0
1571325438 4.415735423 0.0 0
1571325643 4.443180862 0.0 0
1571325841 4.403226186 0.0 0
1571326041 4.642098263 0.0 0
1571326733 4.614388392 0.0 0
1571326945 4.592215253 0.0 0
1571327152 4.680572138 0.0 0
1571327366 4.637882935 0.0 0
1571327757 4.5390823 0.0 0
1571328148 4.580925929 0.0 0
1571328539 4.565950458 0.0 0
1571328929 4.830575781 0.0 0
1571329322 4.646675754 0.0 0
1571329914 4.44896891 0.0 0
1571395834 4.564549249 0.0 0
1571396030 4.603653854 0.0 0
1571396227 4.512269873 0.0 0
1571396426 4.539125858 0.0 0
1571396624 4.650795992 0.0 0
1571396823 4.59101061 0.0 0
1571397053 4.5118476 0.0 0
1571397257 4.605170237 0.0 0
1571397455 4.480335122 0.0 0
1571397652 4.695719016 0.0 0
1571397872 2.901303521 0.0 0
1571398263 4.711178871 0.0 0
1571398658 4.501851347 0.0 0
1571399049 4.52497478 0.0 0
1571399441 4.351590177 0.0 0
1571399837 4.643347537 0.0 0
1571400230 4.611565918 0.0 0
1571400652 4.567624362 0.0 0
1571401050 4.499842565 0.0 0
1571401443 4.516788138 0.0 0
1571404900 4.706314974 0.0 0
1571405099 4.604907454 0.0 0
1571405296 4.717798566 0.0 0
1571405496 4.478786587 0.0 0
1571405728 4.667754345 0.0 0
1571406823 4.524601704 0.0 0
1571407213 4.588477899 0.0 0
1571407607 4.376195494 0.0 0
1571407995 4.532206991 0.0 0
1571408387 4.502359575 0.0 0
1571408918 4.523932571 0.0 0
1571409149 4.657740128 0.0 0
1571409350 4.701978261 0.0 0
1571409549 4.674183685 0.0 0
1571409765 4.637827956 0.0 0
1571664332 4.723538791 0.0 0
1571664876 4.3744758 0.0 0
1571665079 4.480295879 0.0 0
1571665290 4.511967613 0.0 0
1571665484 4.808407197 0.0 0
1571665679 4.527862033 0.0 0
1571665879 4.696358989 0.0 0
1571666270 4.671476113 0.0 0
1571666661 4.732062373 0.0 0
1571667055 4.611923632 0.0 0
1571667491 4.547645651 0.0 0
1571668099 2.820276178 0.0 0
1571668298 2.954204769 0.0 0
1571668493 10.930161729 0.0 0
1571668694 4.469658996 0.0 0
1571668891 4.537206589 0.0 0
1571669143 4.403178082 0.0 0
1571669543 4.652692977 0.0 0
1571751968 4.543819117 0.0 0
1571752163 4.519245721 0.0 0
1571752362 4.572666391 0.0 0
1571752566 4.693142474 0.0 0
1571752762 4.528277126 0.0 0
1571752958 4.484941367 0.0 0
1571753155 4.619232808 0.0 0
1571753354 2.894291627 0.0 0
1571753552 2.878437108 0.0 0
1571753746 4.63236137 0.0 0
1571754054 4.408868026 0.0 0
1571754451 4.807591994 0.0 0
1571754844 4.618475584 0.0 0
1571755247 4.62375692 0.0 0
1571755811 4.525170901 0.0 0
1571756480 4.664755318 0.0 0
1571756892 4.565934336 0.0 0
1571757341 4.661658981 0.0 0
1571757730 4.693635113 0.0 0
1571758131 2.887873783 0.0 0
1571758519 4.595126188 0.0 0
1571760103 4.482658182 0.0 0
1571760300 4.519613301 0.0 0
1571760501 4.513667442 0.0 0
1571760700 4.677391432 0.0 0
1571760899 4.705645159 0.0 0
1571761111 4.414805328 0.0 0
1571761310 4.532419668 0.0 0
1571761505 4.635623178 0.0 0
1571761700 4.547583988 0.0 0
1571761900 5.58949725 0.0 0
1571762134 4.426761985 0.0 0
1571762923 4.607192974 0.0 0
1571763311 4.569110745 0.0 0
1571763703 4.561003643 0.0 0
1571764107 5.176165225 0.0 0
1571764520 4.594315124 0.0 0
1571764913 4.622835442 0.0 0
1571765301 4.470626435 0.0 0
1571765692 4.434753992 0.0 0
1571766269 4.611016368 0.0 0
1571767052 4.573560755 0.0 0
1571922200 4.557319936 0.0 0
1572003211 5.015662275 0.0 0
1572003405 4.396854965 0.0 0
1572003605 2.867317212 0.0 0
1572003801 4.429516298 0.0 0
1572003997 4.545991932 0.0 0
1572004192 4.455220377 0.0 0
1572004387 4.519347058 0.0 0
1572004587 4.546250491 0.0 0
1572004789 4.661831487 0.0 0
1572004987 4.656201126 0.0 0
1572006278 4.622576529 0.0 0
1572007016 4.641921387 0.0 0
1572007410 4.683260598 0.0 0
1572007903 4.865932805 0.0 0
1572008313 4.492468844 0.0 0
1572008716 4.548618646 0.0 0
1572009111 4.692059282 0.0 0
1572009500 4.515561633 0.0 0
1572009892 4.518634176 0.0 0
1572010287 4.493124778 0.0 0
1572010678 4.355442494 0.0 0
1572011189 4.575601067 0.0 0
1572011385 4.494392881 0.0 0
1572011579 4.499781377 0.0 0
1572011779 4.487433419 0.0 0
1572011975 4.582441769 0.0 0
1572012174 2.76857162 0.0 0
1572012367 4.310980963 0.0 0
1572012561 4.556575775 0.0 0
1572012756 4.736437932 0.0 0
1572012949 4.754129479 0.0 0
1572013239 4.566914906 0.0 0
1572013632 4.519032497 0.0 0
1572014025 4.603545316 0.0 0
1572014416 4.420106719 0.0 0
1572014805 4.604656441 0.0 0
1572265009 4.727349904 0.0 0
1572265206 4.509769235 0.0 0
1572265404 4.475335351 0.0 0
1572265602 4.914969121 0.0 0
1572265800 4.700487047 0.0 0
1572266010 4.649638647 0.0 0
1572266203 4.376079822 0.0 0
1572266404 4.538882943 0.0 0
1572266607 4.545999876 0.0 0
1572268086 4.772431879 0.0 0
1572268857 4.644007133 0.0 0
1572269271 4.678309605 0.0 0
1572269677 4.690602808 0.0 0
1572270094 4.694500741 0.0 0
1572270490 4.474143655 0.0 0
1572270884 4.523684311 0.0 0
1572272245 3.828982547 0.0 0
1572272576 3.70723804 0.0 0
1572272911 3.67620634 0.0 0
1572273244 3.720408253 0.0 0
1572273590 3.62439674 0.0 0
1572274082 3.707256601 0.0 0
1572274250 3.752804399 0.0 0
1572274426 3.737018083 0.0 0
1572274592 3.647148657 0.0 0
1572274764 3.816737543 0.0 0
1572274934 3.647468623 0.0 0
1572275103 3.762754564 0.0 0
1572275281 3.76513149 0.0 0
1572275450 3.659924775 0.0 0
1572275625 3.575842819 0.0 0
1572276012 4.66537119 0.0 0
1572276348 3.539540827 0.0 0
1572276685 3.662001827 0.0 0
1572277016 3.85256239 0.0 0
1572277347 3.675982578 0.0 0
1572277693 3.704263119 0.0 0
1572278041 3.733629497 0.0 0
1572278374 3.540714617 0.0 0
1572361222 4.633636011 0.0 0
1572361420 4.62780789 0.0 0
1572361615 4.752689863 0.0 0
1572361810 4.649581943 0.0 0
1572362008 4.415827985 0.0 0
1572362203 4.524550991 0.0 0
1572362399 4.489392718 0.0 0
1572362595 4.402477415 0.0 0
1572362794 4.532708102 0.0 0
1572362990 4.491314739 0.0 0
1572363434 3.58132486 0.0 0
1572363763 3.716395968 0.0 0
1572364093 3.716551335 0.0 0
1572364423 3.711822647 0.0 0
1572364756 3.706987224 0.0 0
1572365098 3.631649449 0.0 0
1572365476 3.777462606 0.0 0
1572365848 3.672656797 0.0 0
1572366188 2.226477377 0.0 0
1572366522 3.804086898 0.0 0
1572366874 3.671827143 0.0 0
1572367042 3.547152898 0.0 0
1572367211 3.499132624 0.0 0
1572367380 3.659577347 0.0 0
1572367562 3.793844703 0.0 0
1572367733 3.62793839 0.0 0
1572367909 3.791817098 0.0 0
1572368077 3.573524682 0.0 0
1572368244 3.676828055 0.0 0
1572368409 3.659473045 0.0 0
1572369552 3.674777294 0.0 0
1572369882 3.671490861 0.0 0
1572370213 3.660211625 0.0 0
1572370545 3.763546825 0.0 0
1572370873 3.58627361 0.0 0
1572371536 3.849991772 0.0 0
1572371865 3.657416633 0.0 0
1572372195 3.627202557 0.0 0
1572372523 3.702551984 0.0 0
1572532340 4.526876134 0.0 0
1572532541 4.473912223 0.0 0
1572532747 4.595773666 0.0 0
1572533530 3.751118287 0.0 0
1572533868 3.72962028 0.0 0
1572534222 3.615118227 0.0 0
1572534569 3.647657622 0.0 0
1572534901 3.952588304 0.0 0
1572535249 3.580763021 0.0 0
1572535580 3.651755899 0.0 0
1572535916 3.662567697 0.0 0
1572536248 2.282038713 0.0 0
1572536613 3.543883612 0.0 0
1572537213 3.728324864 0.0 0
1572537868 3.83767682 0.0 0
1572538520 3.808555697 0.0 0
1572539177 3.804242231 0.0 0
1572539829 3.586413054 0.0 0
1572540736 3.656307452 0.0 0
1572541389 3.866129019 0.0 0
1572542038 3.709102235 0.0 0
1572542685 3.627214995 0.0 0
1572543331 3.701724356 0.0 0
1572544462 3.792307481 0.0 0
1572544629 3.736574003 0.0 0
1572544799 3.672026995 0.0 0
1572544974 3.620161281 0.0 0
1572545148 3.639154138 0.0 0
1572869973 3.682212257 0.0 0
1572870141 3.673455379 0.0 0
1572870362 3.750742418 0.0 0
1572870549 2.360449079 0.0 0
1572870764 3.707631233 0.0 0
1572871103 3.711832908 0.0 0
1572871754 3.689699862 0.0 0
1572872402 3.7481959 0.0 0
1572873084 3.682905688 0.0 0
1572873733 3.82319484 0.0 0
1572874796 3.805799244 0.0 0
1572875647 3.506400505 0.0 0
1572876881 3.759455487 0.0 0
1572877535 3.68116578 0.0 0
1572878746 18.870566785 0.05263157894736842 1
1572879875 3.671087908 0.0 0
1572880157 3.759639003 0.0 0
1572880493 3.739605493 0.0 0
1572880833 2.208074226 0.0 0
1572881177 3.580692431 0.0 0
1572881513 2.300068201 0.0 0
1572881844 3.600310282 0.0 0
1572882175 3.702120909 0.0 0
1572882566 2.419221563 0.0 0
1572882914 4.006578596 0.0 0
1572883255 3.756180779 0.0 0
1572965355 3.912324116 0.0 0
1572965524 2.225613394 0.0 0
1572965690 3.699681514 0.0 0
1572965860 2.248410215 0.0 0
1572966031 3.540562689 0.0 0
1572966196 3.711174952 0.0 0
1572966368 3.714114596 0.0 0
1572966552 3.54287815 0.0 0
1572966725 5.860675411 0.0 0
1572966896 3.763560724 0.0 0
1572967166 3.749261687 0.0 0
1572967822 3.617780602 0.0 0
1572969126 3.687459555 0.0 0
1572969780 3.456510935 0.0 0
1572970439 3.704157616 0.0 0
1572971091 3.627433177 0.0 0
1572971753 3.668463373 0.0 0
1572972412 3.804347066 0.0 0
1572973125 3.776164367 0.0 0
1572973779 3.716129239 0.0 0
1572974428 3.711930087 0.0 0
1572975157 3.67922257 0.0 0
1572975484 3.66404711 0.0 0
1572975835 3.200871379 0.0 0
1572976227 3.632987457 0.0 0
1572976566 3.672717058 0.0 0
1572976895 3.668839843 0.0 0
1572977225 3.67489033 0.0 0
1572977589 3.668275737 0.0 0
1572977936 3.688009872 0.0 0
1573207002 3.541476612 0.0 0
1573207170 3.639765389 0.0 0
1573207339 3.655235728 0.0 0
1573207506 3.797648916 0.0 0
1573207676 3.650873237 0.0 0
1573207844 3.626737116 0.0 0
1573208010 3.769075722 0.0 0
1573208175 3.668747355 0.0 0
1573208342 3.804022237 0.0 0
1573208509 3.708686736 0.0 0
1573208714 3.633002519 0.0 0
1573209365 3.61135394 0.0 0
1573210031 3.638105656 0.0 0
1573210697 3.703083026 0.0 0
1573211363 3.768520698 0.0 0
1573212018 3.475399741 0.0 0
1573212667 3.659759133 0.0 0
1573213321 3.62510569 0.0 0
1573213989 3.637756539 0.0 0
1573214646 3.707873327 0.0 0
1573218181 3.756862175 0.0 0
1573218510 3.592751176 0.0 0
1573218901 3.631133977 0.0 0
1573220244 3.733100757 0.0 0
1573220412 3.711290398 0.0 0
1573220579 3.771227234 0.0 0
1573220748 3.784940979 0.0 0
1573220915 3.745622196 0.0 0
1573221083 3.632500561 0.0 0
1573221248 3.809355061 0.0 0
1573221416 3.71363551 0.0 0
1573221583 3.900386929 0.0 0
1573221752 3.664686109 0.0 0
1573221942 3.588129749 0.0 0
1573222113 3.741461267 0.0 0
1573222279 3.714028442 0.0 0
1573222444 3.628913951 0.0 0
1573222613 3.537403413 0.0 0
1573301093 3.641164919 0.25 1
1573301262 3.632322623 0.25 1
1573301432 3.592628018 0.0 0
1573301612 3.592311185 0.0 0
1573301797 3.684311331 0.0 0
1573301970 2.088663006 0.0 0
1573302144 3.676284363 0.0 0
1573302319 3.635275337 0.0 0
1573302487 3.639318114 0.0 0
1573302654 3.799011206 0.0 0
1573303802 3.410752362 0.0 0
1573303970 3.429224507 0.0 0
1573304135 3.627281052 0.0 0
1573304297 3.427644097 0.0 0
1573304459 3.691358959 0.0 0
1573304627 3.445158873 0.0 0
1573304785 3.918582996 0.0 0
1573304944 3.702127457 0.0 0
1573305109 3.493634555 0.0 0
1573305268 3.34633246 0.0 0
1573306405 3.544876195 0.0 0
1573306742 3.208147926 0.0 0
1573307066 3.543823795 0.0 0
1573307401 3.580693265 0.0 0
1573307718 3.846058753 0.0 0
1573308040 3.49578938 0.0 0
1573308353 3.635444885 0.0 0
1573308684 3.403764125 0.0 0
1573309005 3.445471703 0.0 0
1573309335 3.465187444 0.0 0
1573310176 3.37765805 0.0 0
1573310802 3.53579775 0.0 0
1573311417 3.352637623 0.0 0
1573312034 3.45079775 0.0 0
1573312734 3.25574529 0.0 0
1573313355 3.469057799 0.0 0
1573313975 3.469401875 0.0 0
1573314604 3.80824839 0.0 0
1573741838 3.727832265 0.0 0
1573741955 3.422532285 0.0 0
1573743587 3.506071042 0.0 0
1573743689 3.112385081 0.0 0
1573743788 3.480158881 0.0 0
1573743886 3.258661961 0.0 0
1573743985 3.628768931 0.0 0
1573744082 3.363602187 0.0 0
1573744179 3.33943085 0.0 0
1573744278 3.290235159 0.0 0
1573744373 3.415368093 0.0 0
1573744465 3.47774433 0.0 0
1573744576 3.360503785 0.0 0
1573744670 3.597873038 0.0 0
1573744784 3.189720972 0.0 0
1573744881 3.510084282 0.0 0
1573745018 3.241660715 0.0 0
1573745116 3.0671641 0.0 0
1573745299 3.533478667 0.0 0
1573745396 9.197123883 0.0 0
1573745499 3.377533057 0.0 0
1573745599 3.364409825 0.0 0
1573745697 3.318892702 0.0 0
1573745800 3.322770095 0.0 0
1573745899 3.499790923 0.0 0
1573745994 3.460729745 0.0 0
1573746095 3.436681828 0.0 0
1573746193 3.517673613 0.0 0
1573746295 3.458077475 0.0 0
1573746395 3.503434828 0.0 0
1573746493 3.46152843 0.0 0
1573746588 3.40222138 0.0 0
1573748908 3.663753391 0.0 0
1573749005 3.464161944 0.0 0
1573749106 3.476218826 0.0 0
1573749218 3.28745159 0.0 0
1573749311 3.528685849 0.0 0
1573749444 3.571953293 0.0 0
1573749551 2.773333431 0.0 0
1573749649 3.579650222 0.0 0
1573749747 4.221117338 0.0 0
1573749844 3.319155504 0.0 0
1573752441 3.556101552 0.0 0
1573752699 3.415470791 0.0 0
1573752858 3.587833947 0.0 0
1573753016 3.508477378 0.0 0
1573753173 3.839386298 0.0 0
1573753328 3.856323891 0.0 0
1573753487 3.48810163 0.0 0
1573753641 3.343374059 0.0 0
1573753803 3.288613312 0.0 0
1573754623 3.428040947 0.0 0
1573754782 3.244694187 0.0 0
1573755111 3.500154994 0.0 0
1573755270 3.539437617 0.0 0
1573755429 3.367799127 0.0 0
1573755587 1.934558774 0.0 0
1573755743 3.383508716 0.0 0
1573755901 3.301041335 0.0 0
1573756059 3.385315569 0.0 0
1573827953 3.467071563 0.0 0
1573828265 3.585188958 0.0 0
1573828576 3.420138114 0.0 0
1573829186 3.492218356 0.0 0
1573829492 3.456527936 0.0 0
1573829873 3.500244611 0.0 0
1573830359 3.341553907 0.0 0
1573830666 3.512403899 0.0 0
1573830975 3.456414861 0.0 0
1573831367 3.271643222 0.0 0
1573831524 3.510632634 0.0 0
1573831682 3.226925316 0.0 0
1573831855 3.304280801 0.0 0
1573832007 3.327631291 0.0 0
1573832166 3.926456227 0.0 0
1573832323 3.52181592 0.0 0
1573832489 3.459436771 0.0 0
1573832645 3.348862342 0.0 0
1573832799 3.361002199 0.0 0
1573832983 3.447582677 0.0 0
1573833153 3.197944638 0.0 0
1573833316 3.353515993 0.0 0
1573833473 3.289336619 0.0 0
1573833631 3.195164513 0.0 0
1573901005 3.556493805 0.0 0
1573901163 3.495296367 0.0 0
1573901319 3.349991206 0.0 0
1573901475 3.289782635 0.0 0
1573901636 3.664221927 0.0 0
1573901789 3.67225513 0.0 0
1573901944 3.587127892 0.0 0
1573902103 3.247993606 0.0 0
1573902259 3.591942699 0.0 0
1573902416 3.255969701 0.0 0
1573902608 3.413383304 0.0 0
1573902916 3.157569681 0.0 0
1573903227 3.566254504 0.0 0
1573903538 3.031395024 0.0 0
1573903849 3.543759989 0.0 0
1573904158 3.55143682 0.0 0
1573904474 4.813738546 0.0 0
1574685731 3.291441955 0.0 0
1574685921 3.245060809 0.0 0
1574686095 3.329573587 0.0 0
1574686252 3.344641733 0.0 0
1574686414 3.405409999 0.0 0
1574686570 3.287633149 0.0 0
1574686735 3.405905516 0.0 0
1574686901 3.302392456 0.0 0
1574687091 3.391164991 0.0 0
1574687925 3.520692868 0.0 0
1574688238 3.450543808 0.0 0
1574689227 3.519946869 0.0 0
1574689598 3.531059157 0.0 0
1574689813 3.367285439 0.0 0
1574689983 3.879491203 0.0 0
1574690145 3.32853412 0.0 0
1574690322 3.25956708 0.0 0
1574690482 3.4681601 0.0 0
1574690652 3.321809191 0.0 0
1574690813 3.222115871 0.0 0
1574690997 3.323491591 0.0 0
1574691176 3.155296648 0.0 0
1574691929 3.343953424 0.0 0
1574692248 3.401484445 0.0 0
1574692566 3.46802652 0.0 0
1574693478 3.368493868 0.0 0
1574693802 3.366929818 0.0 0
1574694233 3.344969946 0.0 0
1574694563 3.285187309 0.0 0
1574694874 3.312858004 0.0 0
1574695120 3.491672441 0.0 0
1574695448 3.299156699 0.0 0
1574695769 3.316791475 0.0 0
1574696229 3.360717685 0.0 0
1574696804 3.379060919 0.0 0
1574697379 3.460703316 0.0 0
1574697972 3.588273545 0.0 0
1574698542 3.330013921 0.0 0
1574706662 3.465173465 0.0 0
1574706798 3.37800439 0.0 0
1574707041 3.335182981 0.0 0
1574707221 3.267432384 0.0 0
1574708009 3.340211328 0.0 0
1574708704 3.297556177 0.0 0
1574709087 3.376852222 0.0 0
1574709320 3.330337052 0.0 0
1574710430 3.371230511 0.0 0
1574710620 3.279871203 0.0 0
1574950712 3.553170602 0.0 0
1574951024 3.265961854 0.0 0
1574951399 1.953300974 0.0 0
1574951753 3.23887457 0.0 0
1574952079 3.554801314 0.0 0
1574952396 3.445524367 0.0 0
1574952799 3.40063975 0.0 0
1574953161 3.423578823 0.0 0
1574953490 3.361284888 0.0 0
1574953815 3.394767652 0.0 0
1574954144 3.311829333 0.0 0
1574954307 3.275332038 0.0 0
1574954483 3.32833016 0.0 0
1574954647 3.324811897 0.0 0
1574954832 3.357488613 0.0 0
1574954989 3.335158602 0.0 0
1574955149 3.286572231 0.0 0
1574955406 3.198824964 0.0 0
1574955567 3.283855236 0.0 0
1574955727 3.371476106 0.0 0
1574955984 3.303750465 0.0 0
1574956552 3.413046188 0.0 0
1574957221 3.276209526 0.0 0
1574957832 3.62359118 0.0 0
1574958399 3.382072734 0.0 0
1574958993 3.252723279 0.0 0
1574959617 3.197641579 0.0 0
1574960181 16.469890406 0.0 0
1574960765 44.597337655 0.0 0
1574961445 3.337057725 0.0 0
1575026475 3.503582102 0.0 0
1575026636 3.35085803 0.0 0
1575026798 3.288736471 0.0 0
1575026957 3.236478962 0.0 0
1575027121 3.243766343 0.0 0
1575027283 3.391670726 0.0 0
1575027449 3.370297023 0.0 0
1575027605 3.275679569 0.0 0
1575027769 3.399975741 0.0 0
1575027935 3.281883288 0.0 0
1575028115 3.248045861 0.0 0
1575028423 3.453520602 0.0 0
1575028735 3.419328086 0.0 0
1575029068 3.418906325 0.0 0
1575029385 3.263635748 0.0 0
1575029693 3.406577768 0.0 0
1575030008 3.53920736 0.0 0
1575030319 3.271628025 0.0 0
1575030635 3.470478483 0.0 0
1575030967 3.192105863 0.0 0
1575032915 3.321567486 0.0 0
1575033482 3.587512374 0.0 0
1575034074 3.283842855 0.0 0
1575034641 3.491292253 0.0 0
1575035213 3.480110383 0.0 0
1575036236 3.009561976 0.0 0
1575036811 3.576940589 0.0 0
1575037372 3.421465436 0.0 0
1575037930 3.366881609 0.0 0
1575038941 3.248253674 0.0 0
1575112792 3.333275379 0.0 0
1575112953 3.365605187 0.0 0
1575113114 3.468335674 0.0 0
1575113275 3.249059615 0.0 0
1575113433 3.319967598 0.0 0
1575113593 3.287525389 0.0 0
1575113750 3.179938078 0.0 0
1575113907 3.532414273 0.0 0
1575114066 2.141087513 0.0 0
1575114233 3.324186548 0.0 0
1575114402 3.242892202 0.0 0
1575114705 3.512670606 0.0 0
1575115016 3.308309472 0.0 0
1575115325 3.319254223 0.0 0
1575115634 3.346559913 0.0 0
1575115948 3.221886368 0.0 0
1575116259 3.404708041 0.0 0
1575116571 3.405508475 0.0 0
1575116878 3.286561308 0.0 0
1575117187 3.243185234 0.0 0
1575120208 3.461772584 0.0 0
1575120771 3.414706819 0.0 0
1575121330 3.206798044 0.0 0
1575122394 2.00481662 0.0 0
1575122951 3.419924916 0.0 0
1575123507 3.323068941 0.0 0
1575124067 3.192135198 0.0 0
1575124622 3.28297938 0.0 0
1575125187 3.386449046 0.0 0
1575125757 3.503461603 0.0 0
1575289720 3.385627841 0.0 0
1575289883 3.699307054 0.0 0
1575290053 3.422349672 0.0 0
1575290235 3.207181268 0.0 0
1575290404 3.18802854 0.0 0
1575290753 3.35041145 0.0 0
1575290912 3.467640769 0.0 0
1575291072 3.238607426 0.0 0
1575291233 3.381786778 0.0 0
1575292909 3.567443425 0.0 0
1575293228 3.470273058 0.0 0
1575293564 3.235356166 0.0 0
1575293901 3.167830257 0.0 0
1575294239 3.307288816 0.0 0
1575294928 3.106212674 0.0 0
1575295702 22.475446485 0.0 0
1575296910 3.387886566 0.0 0
1575297495 3.599661788 0.0 0
1575298079 3.378237013 0.0 0
1575298649 3.30963437 0.0 0
1575299223 3.230889945 0.0 0
1575299800 3.198547203 0.0 0
1575300425 3.285200972 0.0 0
1575300982 3.331643373 0.0 0
1575301780 3.548738307 0.0 0
1575384122 3.367450681 0.0 0
1575384282 3.24956309 0.0 0
1575384443 3.228502216 0.0 0
1575384601 3.237724876 0.0 0
1575384766 3.494111972 0.0 0
1575384920 3.33699831 0.0 0
1575385082 3.454098495 0.0 0
1575385243 3.710874878 0.0 0
1575385403 3.329314181 0.0 0
1575385566 3.20485164 0.0 0
1575385808 3.328426201 0.0 0
1575386119 3.527145178 0.0 0
1575386431 3.255494271 0.0 0
1575386836 3.283864991 0.3333333333333333 1
1575387144 3.28691698 0.0 0
1575387454 3.23477837 0.0 0
1575387764 3.579257542 0.0 0
1575388072 3.420383486 0.0 0
1575388381 3.406920197 0.0 0
1575388687 3.378729162 0.0 0
1575389989 3.228385769 0.0 0
1575390557 3.375432219 0.0 0
1575391124 3.747921413 0.0 0
1575391688 3.240742294 0.0 0
1575392501 3.359794238 0.0 0
1575393135 3.372128089 0.0 0
1575393699 3.281073763 0.0 0
1575394263 3.423591261 0.0 0
1575394826 3.413305181 0.0 0
1575395389 3.41931178 0.0 0
1575397061 5.550168317 0.0 0
1575397350 11.064918949 0.0 0
1575397590 8.504166024 0.0 0
1575397948 9.445002559 0.0 0
1575398195 11.230996332 0.0 0
1575398418 15.880959078 0.0 0
1575473350 3.229211873 0.0 0
1575474287 3.126120079 0.0 0
1575474378 3.473030106 0.0 0
1575556503 3.240342579 0.0 0
1575556664 3.62428753 0.0 0
1575556829 3.324317468 0.0 0
1575557008 3.346618237 0.0 0
1575557191 3.391325105 0.0 0
1575557375 3.36821606 0.0 0
1575557549 3.494233617 0.0 0
1575557723 3.414995124 0.0 0
1575558181 3.396918673 0.0 0
1575558370 3.27312237 0.0 0
1575558568 3.225037793 0.0 0
1575558880 3.263809206 0.0 0
1575559208 3.244438067 0.0 0
1575559518 3.37301054 0.0 0
1575559893 3.318191955 0.0 0
1575560221 3.212385167 0.0 0
1575560550 4.823992246 0.0 0
1575561083 3.264296913 0.0 0
1575561430 3.599056267 0.0 0
1575561787 3.588473516 0.0 0
1575562207 3.50151129 0.0 0
1575562915 3.435878312 0.0 0
1575563552 3.332588802 0.0 0
1575564167 3.505925689 0.0 0
1575564749 3.325736507 0.0 0
1575565317 3.281625859 0.0 0
1575565878 3.159969604 0.0 0
1575566449 3.328356074 0.0 0
1575567785 3.238860632 0.0 0
1575568396 3.452926169 0.0 0
1579184001 3.332426427 0.0 0
1579184716 3.472119399 0.0 0
1579184878 3.46493015 0.0 0
1579185040 3.324108017 0.0 0
1579185215 3.43897643 0.0 0
1579185390 3.3649962 0.0 0
1579185573 3.526322188 0.0 0
1579185747 3.320523009 0.0 0
1579185925 10.644631344 0.0 0
1579186114 3.368657143 0.0 0
1579186311 3.541319504 0.0 0
1579186625 3.284459064 0.0 0
1579187673 3.41759748 0.0 0
1579187981 3.299772018 0.0 0
1579188314 3.413093982 0.0 0
1579188450 3.26861693 0.0 0
1579188970 14.878850695 0.0 0
1579189295 3.470164007 0.0 0
1579189644 3.456819692 0.0 0
1579189979 3.69518658 0.0 0
1579190297 3.252539466 0.0 0
1579190839 3.237781146 0.0 0
1579191455 3.374740585 0.0 0
1579192020 3.541142903 0.0 0
1579192585 3.327052772 0.0 0
1579193167 3.410850422 0.0 0
1579193755 3.439756316 0.0 0
1579194321 3.38408452 0.0 0
1579194890 3.456474379 0.0 0
1579195454 3.335869858 0.0 0
1579196044 3.33042454 0.0 0
1579351731 3.276072231 0.0 0
1579351898 3.46528907 0.0 0
1579352059 3.281870556 0.0 0
1579352220 3.24363942 0.0 0
1579352382 3.336306174 0.0 0
1579352547 3.319842402 0.0 0
1579352704 3.286522215 0.0 0
1579352866 3.263095489 0.0 0
1579353029 3.3764149 0.0 0
1579353191 3.351139942 0.0 0
1579354073 3.319434548 0.0 0
1579354380 3.25253076 0.0 0
1579354691 3.459464166 0.0 0
1579355002 3.338595775 0.0 0
1579355309 3.420606516 0.0 0
1579355619 3.554646838 0.0 0
1579355928 3.847618403 0.25 1
1579356233 3.316900195 0.0 0
1579356540 3.588674692 0.0 0
1579356845 3.750171625 0.0 0
1579359253 3.29293385 0.0 0
1579359825 3.263635046 0.0 0
1579360389 3.114739334 0.0 0
1579360947 3.322078901 0.0 0
1579361503 3.374304998 0.0 0
1579362057 3.208300444 0.0 0
1579362612 3.375751353 0.0 0
1579363173 3.385289743 0.0 0
1579363742 3.174464357 0.0 0
1579364302 3.407445004 0.0 0
1579522813 3.511625202 0.0 0
1579523023 3.385310637 0.0 0
1579523213 3.413850624 0.0 0
1579523378 3.245572414 0.0 0
1579523551 3.298601122 0.0 0
1579523732 3.416027947 0.0 0
1579523913 3.326559369 0.0 0
1579524101 3.421250658 0.0 0
1579524271 3.198602231 0.0 0
1579524438 3.359807436 0.0 0
1579524671 3.258933437 0.0 0
1579524994 3.299053833 0.0 0
1579525345 3.380872932 0.0 0
1579525722 3.366466169 0.0 0
1579526047 3.52936016 0.0 0
1579528358 3.466930716 0.0 0
1579528679 3.297983355 0.0 0
1579529101 3.380476489 0.0 0
1579529480 3.432502839 0.0 0
1579529818 3.344129567 0.0 0
1579530218 3.399599207 0.0 0
1579530856 3.159096884 0.0 0
1579531907 3.40857748 0.0 0
1579532610 3.359168873 0.0 0
1579533244 3.473514426 0.0 0
1579533837 3.661739181 0.0 0
1579534482 1.95559106 0.0 0
1579535154 2.978474966 0.0 0
1579535740 3.251937347 0.0 0
1579536820 3.330493649 0.0 0
1579537405 3.315341274 0.0 0
1580215272 3.500456894 0.0 0
1580215464 3.371502664 0.0 0
1580215631 3.328978694 0.0 0
1580215790 3.370846127 0.0 0
1580215950 3.384530641 0.0 0
1580216113 3.201710095 0.0 0
1580216273 3.243933833 0.0 0
1580216434 3.241811904 0.0 0
1580216594 3.360055313 0.0 0
1580216775 3.417412209 0.0 0
1580217807 3.31940568 0.0 0
1580218135 3.290651382 0.0 0
1580218450 3.319656921 0.0 0
1580218784 3.321681606 0.0 0
1580219137 3.236774141 0.0 0
1580219497 3.313119545 0.0 0
1580222224 3.358986422 0.0 0
1580222540 3.246534529 0.0 0
1580222854 3.196152501 0.0 0
1580223158 3.137971551 0.0 0
1580223546 3.281728994 0.0 0
1580224113 3.281171734 0.0 0
1580224670 3.507377428 0.0 0
1580225229 3.419878208 0.0 0
1580225794 3.165493951 0.0 0
1580226372 3.426752174 0.0 0
1580226941 3.433742188 0.0 0
1580227538 3.151908682 0.0 0
1580228124 1.977938223 0.0 0
1580228683 3.280324261 0.0 0
1580304686 3.619672079 0.0 0
1580304843 3.41546261 0.0 0
1580305005 3.370049577 0.0 0
1580305165 3.276104863 0.0 0
1580305327 25.869063897 0.0 0
1580305509 3.285334189 0.0 0
1580305672 3.430891328 0.0 0
1580305831 3.272366101 0.0 0
1580305987 3.594261791 0.0 0
1580306145 3.292716062 0.0 0
1580306450 3.373438117 0.0 0
1580306751 3.216316748 0.0 0
1580307066 3.287366012 0.0 0
1580307627 3.389186043 0.0 0
1580307937 3.410228407 0.0 0
1580308249 3.630054123 0.0 0
1580310452 3.356066235 0.0 0
1580310766 3.483051079 0.0 0
1580311080 3.122949512 0.0 0
1580311389 3.099335378 0.0 0
1580311762 3.789136233 0.0 0
1580312106 3.41579913 0.0 0
1580312692 3.363314643 0.0 0
1580313249 3.288790084 0.0 0
1580314213 3.577681311 0.0 0
1580314770 3.193331945 0.0 0
1580315325 3.275778408 0.0 0
1580315889 3.374748166 0.0 0
1580316592 3.229614259 0.0 0
1580317165 3.506810476 0.0 0
1581935185 3.856350743 0.0 0
1581935345 3.386761917 0.0 0
1581935505 3.463482517 0.0 0
1581935670 3.669207668 0.0 0
1581935839 3.26812536 0.0 0
1581936010 3.421027466 0.0 0
1581936182 3.436264247 0.0 0
1581936341 3.334396844 0.0 0
1581936502 3.561871634 0.0 0
1581936678 3.277196399 0.0 0
1581936855 3.265935503 0.0 0
1581937170 3.296326146 0.0 0
1581937515 3.599882125 0.0 0
1581937821 3.547933245 0.0 0
1581938154 3.463539749 0.0 0
1581938478 3.465023737 0.0 0
1581938786 3.324254781 0.0 0
1581939102 3.327656397 0.0 0
1581939447 3.490527346 0.0 0
1581939748 3.495457827 0.0 0
1581942155 3.76964807 0.0 0
1581942832 3.698988617 0.0 0
1581944430 3.379895919 0.0 0
1581945716 3.579852163 0.0 0
1581946287 3.190119539 0.0 0
1581946858 3.318063587 0.0 0
1581947779 3.391387493 0.0 0
1581948846 3.090027041 0.0 0
1582026859 3.743620278 0.0 0
1582027022 3.542110884 0.0 0
1582027182 3.726456262 0.0 0
1582027352 3.898029481 0.0 0
1582027539 3.837226255 0.0 0
1582027764 3.232526848 0.0 0
1582027928 3.699336513 0.0 0
1582028098 3.680153588 0.0 0
1582028264 3.293022881 0.0 0
1582028431 3.835476511 0.0 0
1582028600 3.835416547 0.0 0
1582030255 3.386692239 0.0 0
1582031215 3.538838946 0.0 0
1582031509 3.706767493 0.0 0
1582031808 3.303411258 0.0 0
1582032179 3.856268026 0.0 0
1582032499 3.774978371 0.0 0
1582032799 3.832496397 0.0 0
1582033100 3.401132619 0.0 0
1582033449 3.704759871 0.0 0
1582033777 3.807321632 0.0 0
1582035438 3.602407508 0.0 0
1582036042 3.749615551 0.0 0
1582036647 3.810590615 0.0 0
1582037254 3.889116823 0.0 0
1582037855 3.224370753 0.0 0
1582038448 3.718920247 0.0 0
1582041342 3.662806421 0.0 0
1582041951 3.65350809 0.0 0
1582043536 3.924724459 0.0 0
1582044151 3.173018328 0.0 0
1582044753 3.797887174 0.0 0
1582045057 3.654932056 0.0 0
1582045358 2.365613587 0.0 0
1582045664 3.804709869 0.0 0
1582045965 3.637010364 0.0 0
1582113072 3.734943862 0.0 0
1582113241 3.360275635 0.0 0
1582113404 3.547425894 0.0 0
1582113572 3.783726928 0.0 0
1582113733 3.817301168 0.0 0
1582113912 3.473431321 0.0 0
1582114075 3.675934033 0.0 0
1582114237 3.627175334 0.0 0
1582114405 3.693708481 0.0 0
1582114567 3.756355135 0.0 0
1582114733 3.813669509 0.0 0
1582114893 4.076610814 0.0 0
1582115061 3.191766507 0.0 0
1582115226 3.090592574 0.0 0
1582115389 3.827009111 0.0 0
1582115552 3.808210708 0.0 0
1582115716 3.78518032 0.0 0
1582115879 3.683290041 0.0 0
1582116061 3.190868099 0.0 0
1582116278 3.207996213 0.0 0
1582116449 3.86673553 0.0 0
1582116616 3.311773933 0.0 0
1582118937 3.938248797 0.0 0
1582119099 3.230897639 0.0 0
1582119268 3.776963397 0.0 0
1582119436 3.455019325 0.0 0
1582119619 3.797403371 0.0 0
1582119783 3.547294204 0.0 0
1582119952 3.953442335 0.0 0
1582120126 3.786174405 0.0 0
1582120309 3.873221295 0.0 0
1582120612 3.763833749 0.0 0
1582120850 3.692779428 0.0 0
1582121017 3.844724298 0.0 0
1582121185 3.793673777 0.0 0
1582121424 3.373375919 0.0 0
1582125168 3.70807651 0.0 0
1582125329 3.253906274 0.0 0
1582125813 3.02099574 0.0 0
1582125979 1.996743493 0.0 0
1582126147 3.191268928 0.0 0
1582126307 3.922224817 0.0 0
1582126472 4.067544956 0.0 0
1582126637 3.630584416 0.0 0
1582126803 3.305957108 0.0 0
1582126965 3.641807173 0.0 0
1582127124 3.887645053 0.0 0
1582127291 3.875292577 0.0 0
1582127461 3.468014436 0.0 0
1582127624 3.72671189 0.0 0
1582127789 4.070905165 0.0 0
1582127949 3.807713296 0.0 0
1582128116 3.368923892 0.0 0
1582128276 3.113187938 0.0 0
1582128458 3.792307499 0.0 0
1582128619 3.659333765 0.0 0
1582128786 3.975250527 0.0 0
1582128949 3.656188881 0.0 0
1582129121 3.802665842 0.0 0
1582129280 3.448076429 0.0 0
1582129440 3.550616993 0.0 0
1582129605 3.709191093 0.0 0
1582185027 3.973405905 0.0 0
1582185207 3.723327623 0.0 0
1582185944 3.562547039 0.0 0
1582186104 3.323391393 0.0 0
1582186264 3.617181289 0.0 0
1582186837 3.405219519 0.0 0
1582187801 3.206147987 0.0 0
1582187958 3.303895436 0.0 0
1582188118 3.390860172 0.0 0
1582188279 3.448072274 0.0 0
1582188734 3.371435881 0.0 0
1582189451 3.319150239 0.0 0
1582190758 3.437723254 0.0 0
1582191049 3.543994812 0.0 0
1582191340 3.531993949 0.0 0
1582191636 3.617153325 0.0 0
1582191931 3.500150936 0.0 0
1582192222 3.292645863 0.0 0
1582192519 3.456585399 0.0 0
1582192808 3.553584032 0.0 0
1582193096 3.743167468 0.0 0
1582193729 3.33738238 0.0 0
1582193892 3.292014881 0.0 0
1582194057 3.563770182 0.0 0
1582194212 3.385876023 0.0 0
1582194374 3.455627268 0.0 0
1582194539 3.301465096 0.0 0
1582194696 3.600289474 0.0 0
1582194870 3.420950147 0.0 0
1582195029 3.457855777 0.0 0
1582195189 5.033202168 0.0 0
1582195685 3.386041608 0.0 0
1582195845 3.586589005 0.0 0
1582196003 3.313375597 0.0 0
1582196163 3.167153654 0.0 0
1582196322 3.355560692 0.0 0
1582196482 3.547446169 0.0 0
1582196640 3.500226573 0.0 0
1582196798 3.24769508 0.0 0
1582196960 3.467964705 0.0 0
1582197127 3.293114724 0.0 0
1582197284 3.453204881 0.0 0
1582197444 9.255858959 0.0 0
1582197620 3.28982148 0.0 0
1582197779 3.42870376 0.0 0
1582197937 3.480960932 0.0 0
1582198094 3.341146783 0.0 0
1582198256 3.513823216 0.0 0
1582198413 3.4631959 0.0 0
1582198694 3.333715615 0.0 0
1582199043 3.355502864 0.0 0
1582631350 3.167265294 0.0 0
1582631510 3.364176335 0.0 0
1582631666 3.237951946 0.0 0
1582631824 3.501012513 0.0 0
1582631980 3.915854535 0.0 0
1582632138 3.469855753 0.0 0
1582632297 5.632142246 0.0 0
1582632460 3.469838493 0.0 0
1582632618 3.384110342 0.0 0
1582632781 3.466121032 0.0 0
1582634876 3.422772274 0.0 0
1582635159 3.383896923 0.0 0
1582635443 3.454401205 0.0 0
1582635727 3.548298919 0.0 0
1582636012 3.438379422 0.0 0
1582636299 3.802721136 0.0 0
1582636589 3.833297426 0.0 0
1582636881 3.329046394 0.0 0
1582637181 3.801503073 0.0 0
1582637477 3.465752404 0.0 0
1582637773 3.526091338 0.0 0
1582638333 3.420266669 0.0 0
1582638910 3.29467397 0.0 0
1582640588 3.566786548 0.0 0
1582641147 3.282517359 0.0 0
1582641709 3.55319598 0.0 0
1582642283 3.383065603 0.0 0
1582642858 3.401939905 0.0 0
1582643461 3.293926469 0.0 0
1582644018 3.312115236 0.0 0
1582884477 3.429610872 0.0 0
1582884658 3.300806672 0.0 0
1582884825 3.395737407 0.0 0
1582884987 3.460012711 0.0 0
1582885153 3.306539382 0.0 0
1582885316 3.508091541 0.0 0
1582885475 3.547024817 0.0 0
1582885637 3.45567613 0.0 0
1582885798 3.5184044 0.0 0
1582885960 3.513557724 0.0 0
1582886128 3.195895655 0.0 0
1582886409 3.354679219 0.0 0
1582886704 3.50496284 0.0 0
1582886996 3.288615493 0.0 0
1582887285 3.497990901 0.0 0
1582887571 3.161592902 0.0 0
1582887865 3.312173752 0.0 0
1582888152 3.329372511 0.0 0
1582888439 3.418646703 0.0 0
1582888727 3.402966903 0.0 0
1582898603 3.337149784 0.0 0
1582899189 3.181598948 0.0 0
1582899754 3.415764785 0.0 0
1582900317 3.254850073 0.0 0
1582900878 3.631463585 0.0 0
1582902622 3.28632041 0.0 0
1582903201 3.436948334 0.0 0
1574710620 3.279871203 0.0 0
1574707041 3.335182981 0.0 0
1574708704 3.297556177 0.0 0
