1569853962 6.260396564 0.0 0
1569855537 6.090823386 0.0 0
1570448214 5.770942133 -1 -1
1570449170 5.960638528 0.16666666666666666 1
1570449596 5.922964057 0.16666666666666666 1
1571323582 6.074303478 0.0 0
1571323985 6.074312441 0.16666666666666666 1
1571324383 5.908679731 0.0 0
1571324775 5.896034119 0.0 0
1571327706 6.056934661 0.0 0
1571328097 6.140751327 0.0 0
1571328488 5.946250477 0.0 0
1571328878 5.973954538 0.0 0
1571329271 6.144623848 0.0 0
1571329659 5.836836271 0.0 0
1571330637 5.76762672 0.0 0
1571398210 5.977762423 0.0 0
1571398606 6.055073388 0.0 0
1571398997 6.094581446 0.0 0
1571399389 6.044628837 0.0 0
1571399781 6.224024045 0.0 0
1571400178 5.98905164 0.0 0
1571400599 5.839173081 0.0 0
1571400999 6.017408372 0.0 0
1571401392 5.95780593 0.0 0
1571401781 5.957876036 0.0 0
1571407161 6.027699367 0.0 0
1571407554 6.023672056 0.0 0
1571407944 6.094010012 0.0 0
1571408336 4.692647345 0.0 0
1571408727 5.964119083 0.0 0
1571666219 5.944878224 0.0 0
1571666611 5.970588123 0.0 0
1571667002 5.928962218 0.0 0
1571667393 5.942197904 0.0 0
1571667839 6.047563016 0.0 0
1571669489 5.796305861 0.0 0
1571669883 5.884323573 0.0 0
1571754400 6.291595608 0.0 0
1571754791 5.914855809 0.0 0
1571755192 6.303979954 0.0 0
1571755594 5.947806065 0.0 0
1571756013 10.682316945 0.09090909090909091 1
1571756823 6.049132148 0.0 0
1571757260 6.093484794 0.0 0
1571757678 5.875320326 0.0 0
1571758076 6.04541386 0.0 0
1571758467 6.170708528 0.0 0
1571758863 5.886326949 0.0 0
1571762471 6.000831354 0.0 0
1571762869 5.947053753 0.0 0
1571763260 5.947960365 0.0 0
1571763650 5.998599494 0.0 0
1571764044 6.041522013 0.0 0
1571764469 6.02944153 0.0 0
1571764861 6.095435706 0.0 0
1571765250 6.072361685 0.0 0
1571765641 6.196316214 0.0 0
1571766030 6.150420536 0.0 0
1571766999 5.988541052 0.0 0
1572007358 6.075755936 0.0 0
1572007753 5.93543472 0.0 0
1572008262 5.974223122 0.0 0
1572008664 5.888755417 0.0 0
1572009060 6.143407659 0.0 0
1572009448 5.987823615 0.0 0
1572009839 6.076498163 0.0 0
1572010230 5.910706402 0.0 0
1572010626 5.657080791 0.0 0
1572011017 5.991166382 0.0 0
1572013580 5.908223709 0.0 0
1572013973 6.054813011 0.0 0
1572014365 6.149292629 0.0 0
1572014754 5.714435104 0.0 0
1572015143 6.002878507 0.0 0
1572268309 5.483257501 -1 -1
1572269219 6.632402163 0.16666666666666666 1
1572269627 5.970863691 0.0 0
1572270043 5.917087974 0.0 0
1572270440 6.064303487 0.16666666666666666 1
1572270831 6.037992527 0.16666666666666666 1
1572271357 6.105224046 0.0 0
1572272532 4.860063832 0.0 0
1572272868 4.838703743 0.0 0
1572273200 5.85137279 0.0 0
1572273546 4.740735812 0.0 0
1572273881 4.932208321 0.0 0
1572276303 4.816280069 0.0 0
1572276642 4.93225681 0.0 0
1572276972 4.719353599 0.0 0
1572277303 4.829916053 0.0 0
1572277638 4.80373694 0.0 0
1572277997 4.930816414 0.0 0
1572278329 4.699515831 0.0 0
1572278661 4.77594722 0.0 0
1572363719 4.599126791 0.0 0
1572364049 4.755972236 0.0 0
1572364380 4.792062832 0.0 0
1572364713 4.891806088 0.0 0
1572365054 5.168908011 0.0 0
1572365384 4.733401159 0.0 0
1572365763 4.749566989 0.0 0
1572366143 4.874601389 0.0 0
1572366476 4.700154343 0.0 0
1572366809 4.793781096 0.0 0
1572369838 4.652286081 0.0 0
1572370168 4.75059947 0.0 0
1572370499 4.84285928 0.0 0
1572370830 4.709389274 0.0 0
1572371159 4.848583906 0.0 0
1572371491 4.473855945 0.0 0
1572371822 4.79437178 0.0 0
1572372151 4.773571335 0.0 0
1572372480 4.86465525 0.0 0
1572372814 4.733958197 0.0 0
1572533825 4.842806754 0.0 0
1572534179 4.858804359 0.0 0
1572534526 5.010140229 0.0 0
1572534857 5.169607867 0.0 0
1572535206 4.805062429 0.0 0
1572535537 4.743722993 0.0 0
1572535870 6.388169983 0.0 0
1572536203 4.919451587 0.0 0
1572536566 4.907536482 0.0 0
1572536903 4.772445238 0.0 0
1572537824 4.817409889 0.0 0
1572538477 4.728370889 0.0 0
1572539134 4.78294971 0.0 0
1572539787 3.814227638 0.0 0
1572540441 4.899508123 0.0 0
1572541345 4.79976575 0.0 0
1572541994 4.898482801 0.0 0
1572542642 4.804033447 0.0 0
1572543288 4.784207348 0.0 0
1572543961 4.745728821 0.0 0
1574711182 4.447819401 0.0 0
1574708973 4.426573997 0.0 0
