1569849943 2.388816461 0.0 0
1569850147 2.516607018 0.0 0
1569849943 2.388816461 0.0 0
1569850147 2.516607018 0.0 0
1569850960 2.516092908 0.0 0
1569851167 2.431688284 0.0 0
1569851516 2.378742304 0.0 0
1569851723 2.34996377 0.0 0
1569851953 2.608121239 0.0 0
1569852182 2.573706022 0.0 0
1569852420 2.552133574 0.0 0
1569852637 2.433502543 0.0 0
1569853028 2.526306909 0.0 0
1569853339 2.427161434 0.0 0
1569853579 2.477864317 0.0 0
1569854220 2.763658436 0.0 0
1569855192 2.648790017 0.0 0
1569855626 2.586471314 0.0 0
1574710633 1.554565381 0.0 0
1574707054 2.016735818 0.0 0
1574708718 1.765649193 0.0 0
