1569854945 260.307611197 -1 -1
1570447342 713.138940556 -1 -1
1570449096 157.539615177 -1 -1
1570449551 165.162964639 -1 -1
1571323538 126.065133614 -1 -1
1571323941 124.860312672 -1 -1
1571324339 126.778118231 -1 -1
1571324732 340.365096777 -1 -1
1571327661 125.305745939 -1 -1
1571328052 125.091876084 -1 -1
1571329226 125.143651124 -1 -1
1571329615 328.399200895 -1 -1
1571398165 127.596572135 -1 -1
1571398954 124.902608194 -1 -1
1571400133 126.158759017 -1 -1
1571401347 125.243511483 -1 -1
1571401737 3192.538777364 -1 -1
1571407117 125.339421592 -1 -1
1571407900 124.311053718 -1 -1
1571408290 127.732035972 -1 -1
1571408683 264.636359843 -1 -1
1571666175 124.95888337 -1 -1
1571666566 124.796871984 -1 -1
1571667794 332.950750767 -1 -1
1571669445 127.891624473 -1 -1
1571754747 126.948995883 -1 -1
1571755550 291.348830281 -1 -1
1571756779 142.440813198 -1 -1
1571757216 154.75618835 -1 -1
1571757634 125.557301424 -1 -1
1571758423 126.473999855 -1 -1
1571762427 136.706946704 -1 -1
1571762825 127.60594037 -1 -1
1571763216 125.031265583 -1 -1
1571763607 125.807598454 -1 -1
1571764000 140.45213094 -1 -1
1571764816 125.946372582 -1 -1
1571765206 124.261688573 -1 -1
1572006693 352.710792827 -1 -1
1572009015 125.863099311 -1 -1
1572009405 125.06917807 -1 -1
1572009795 126.253156423 -1 -1
1572010185 132.020714566 -1 -1
1572010582 126.237228299 -1 -1
1572010973 245.966136521 -1 -1
1572013536 126.651008619 -1 -1
1572013929 126.129610485 -1 -1
1572014321 124.899000645 -1 -1
1572014709 126.723500592 -1 -1
1572268246 641.043780193 -1 -1
1572269156 146.313315536 -1 -1
1572269572 147.370707669 -1 -1
1572269987 137.406257443 -1 -1
1572270393 128.169341537 -1 -1
1572270787 126.987381109 -1 -1
1572271297 972.272715245 -1 -1
1572272827 108.158099662 -1 -1
1572273160 109.956890335 -1 -1
1572276264 109.801729098 -1 -1
1572277266 104.552816316 -1 -1
1572277601 116.306648647 -1 -1
1572278292 106.779289565 -1 -1
1572363682 105.285157373 -1 -1
1572364343 104.329988594 -1 -1
1572365726 146.401337839 -1 -1
1572366103 112.362692182 -1 -1
1572366772 126.169723489 -1 -1
1572370130 106.396800591 -1 -1
1572370462 107.538250809 -1 -1
1572371122 107.484415141 -1 -1
1572371454 106.281453358 -1 -1
1572371784 107.278749816 -1 -1
1572372114 105.049949407 -1 -1
1572533788 104.788019315 -1 -1
1572534489 104.529678011 -1 -1
1572534818 107.968503092 -1 -1
1572535829 110.921373384 -1 -1
1572536165 134.678848536 -1 -1
1572536528 108.826557673 -1 -1
1572537779 4.606257806 -1 -1
1572539094 4.570513646 -1 -1
1572541953 4.446809808 -1 -1
1572543248 4.338903382 -1 -1
1572873648 4.838867959 -1 -1
1572875373 4.394719231 -1 -1
1572876231 11.744046454 -1 -1
1572878108 4.514651607 -1 -1
1572880412 104.367417451 -1 -1
1572881097 104.377029449 -1 -1
1572881429 106.972729176 -1 -1
1572882094 105.603050813 -1 -1
1572882479 110.04034797 -1 -1
1572882814 125.266555048 -1 -1
1572968723 5.496816185 -1 -1
1572969694 4.603948065 -1 -1
1572972329 4.647966733 -1 -1
1572973694 5.010601292 -1 -1
1572974343 7.970904865 -1 -1
1572975733 130.094503897 -1 -1
1572976104 154.968429369 -1 -1
1572976483 107.094961004 -1 -1
1572976814 105.607987323 -1 -1
1572977144 106.156397627 -1 -1
1572977507 105.739838498 -1 -1
1572977836 124.21280742 -1 -1
1573209278 4.80778002 -1 -1
1573211936 4.407658256 -1 -1
1573213238 4.511709872 -1 -1
1573213902 4.518603587 -1 -1
1573215219 5.173377156 -1 -1
1573218429 104.611528025 -1 -1
1573218762 162.735327655 -1 -1
1573308609 98.748940821 -1 -1
1573309579 620.139164458 -1 -1
1573310723 4.566793147 -1 -1
1573829794 100.320114406 -1 -1
1573831203 185.15107364 -1 -1
1574688158 109.272941756 -1 -1
1574694049 206.877845545 -1 -1
1574694797 345.229350912 -1 -1
1574695350 128.60046834 -1 -1
1574699060 7624.091590676 -1 -1
1574708938 171.097260258 -1 -1
1574709155 187.776366338 -1 -1
1574710498 144.422675407 -1 -1
1574950947 108.977019069 -1 -1
1574952319 99.652056944 -1 -1
1574953414 98.497956205 -1 -1
1574954066 100.45003506 -1 -1
1575028349 96.54230623 -1 -1
1575029310 97.891695967 -1 -1
1575029617 97.951399307 -1 -1
1575030240 101.856054697 -1 -1
1575030556 101.792712539 -1 -1
1575030889 100.376798271 -1 -1
1575114630 97.397256014 -1 -1
1575115558 98.247286871 -1 -1
1575115872 98.528536292 -1 -1
1575116803 98.51011589 -1 -1
1575117112 97.721695845 -1 -1
1575293825 117.886984417 -1 -1
1575386041 100.125888474 -1 -1
1575387069 97.186381194 -1 -1
1575387996 98.830925299 -1 -1
1575561326 127.115903087 -1 -1
1575561664 145.999990156 -1 -1
1579186548 129.798127685 -1 -1
1579355232 98.986432738 -1 -1
1579356158 96.956277223 -1 -1
1579525646 112.634874476 -1 -1
1579528602 137.807647614 -1 -1
1580218374 98.470878332 -1 -1
1580219745 2502.031190898 -1 -1
1580223083 97.058751018 -1 -1
1580306676 97.564733161 -1 -1
1580308172 99.649615749 -1 -1
