1569850009 5.410926551 0.2 1
1569850213 5.755306578 0.2 1
1569850009 5.410926551 0.2 1
1569850213 5.755306578 0.2 1
1569850744 4.665196688 0.0 0
1569851026 5.974194356 0.3333333333333333 1
1569851232 5.902887485 0.16666666666666666 1
1569851582 5.80921916 0.8 2
1569851794 5.566871768 0.0 0
1569852018 5.776761075 0.0 0
1569852247 5.997785266 0.6666666666666666 2
1569852485 5.680565929 0.16666666666666666 1
1569853094 6.085103887 0.3333333333333333 2
1569853407 7.021695402 0.14285714285714285 1
1570543133 5.534025065 0.6666666666666666 2
1570543495 5.38474996 0.5 2
1570543705 6.162449294 0.6666666666666666 1
1570544622 5.734877284 0.3333333333333333 1
1570544881 5.630604809 0.2 1
1570545082 6.010045788 0.5 2
1570545299 5.92124611 0.6666666666666666 3
1571323005 5.718808315 1.0 2
1571325123 5.91293741 0.0 0
1571325320 5.886065727 0.3333333333333333 1
1571325525 5.719918432 0.2 1
1571325726 6.019221254 0.16666666666666666 1
1571325922 5.928735942 0.5 2
1571326123 5.687043833 0.0 0
1571326814 5.65519982 1.0 2
1571327030 5.548072894 0.8 2
1571327238 5.658666945 0.3333333333333333 1
1571395915 5.747572403 0.6666666666666666 2
1571396113 5.628587392 0.6 2
1571396308 5.621230051 0.8333333333333334 2
1571396509 4.502054066 0.0 0
1571396707 6.026208899 0.0 0
1571396933 5.71917435 0.6666666666666666 2
1571397138 5.553742651 0.6666666666666666 2
1571397339 5.849483126 0.3333333333333333 1
1571397536 5.84890393 0.0 0
1571397733 5.726006695 0.16666666666666666 1
1571404982 5.679672478 0.16666666666666666 1
1571405180 5.62990217 0.16666666666666666 1
1571405378 5.2797779 0.0 0
1571405606 5.652455626 0.0 0
1571405810 5.574556819 0.0 0
1571409028 5.554788067 0.5 2
1571409230 5.759687986 0.16666666666666666 1
1571409431 5.724639046 0.16666666666666666 1
1571409648 5.59190277 0.0 0
1571409846 5.531853409 0.16666666666666666 1
1571664414 6.302226566 0.0 0
1571664957 9.358195827 0.1 1
1571665160 4.183510564 0.2 1
1571665370 5.40726498 0.2 1
1571665564 5.79500014 0.2 1
1571665759 5.699245468 0.0 0
1571668177 5.775926653 0.2 1
1571668375 5.801895891 0.16666666666666666 1
1571668579 5.92274462 0.3333333333333333 1
1571668774 5.720445956 0.0 0
1571668975 5.635916654 0.4 1
1571752047 5.915132709 0.3333333333333333 1
1571752243 5.682716547 0.2 1
1571752442 5.89029473 0.16666666666666666 1
1571752647 5.723695632 0.3333333333333333 2
1571752842 6.157762269 0.16666666666666666 1
1571753038 5.59975546 0.0 0
1571753235 5.671175988 0.16666666666666666 1
1571753432 5.839851003 0.3333333333333333 1
1571753630 5.527013751 0.2 1
1571753826 6.265239122 0.2857142857142857 1
1571760185 5.709992835 0.16666666666666666 1
1571760379 5.695151718 0.8333333333333334 2
1571760584 5.68344821 0.16666666666666666 1
1571760779 6.309171355 0.42857142857142855 2
1571760982 5.901068223 0.0 0
1571761190 5.801771668 0.3333333333333333 1
1571761389 5.631629132 0.16666666666666666 1
1571761584 5.719525114 0.5 2
1571761780 6.172291398 0.14285714285714285 1
1571761988 5.685251663 1.2 2
1572003290 5.801577647 0.0 0
1572003487 5.607594117 0.2 1
1572003682 5.811106336 0.16666666666666666 1
1572003880 5.625189545 0.8333333333333334 2
1572004077 5.559297337 0.0 0
1572004273 5.784639306 0.0 0
1572004467 5.683537605 0.2 1
1572004666 5.805029774 0.4 2
1572004868 5.763370943 0.6666666666666666 2
1572005067 5.602142568 0.8333333333333334 2
1572011268 5.687451533 0.8333333333333334 2
1572011465 5.667955199 0.2 1
1572011660 5.768033356 1.3333333333333333 4
1572011858 5.792111822 0.6666666666666666 2
1572012054 5.658452484 0.16666666666666666 1
1572012252 5.802728375 0.16666666666666666 1
1572012446 5.667654486 1.1666666666666667 3
1572012640 5.706253116 0.16666666666666666 1
1572012835 5.759466858 0.5 2
1572013030 5.819686578 0.2 1
1572265089 5.725822172 0.16666666666666666 1
1572265286 5.857561044 0.3333333333333333 1
1572265484 6.342935631 0.0 0
1572265683 5.76812661 0.0 0
1572265889 5.652120163 0.0 0
1572266090 6.023853439 0.16666666666666666 1
1572266288 4.996092831 0.0 0
1572266487 5.631598393 0.0 0
1572266686 5.687069799 0.0 0
1572266889 6.240526438 0.16666666666666666 1
1572274151 4.639312273 0.0 0
1572274492 4.744510248 0.2 1
1572274665 4.651108818 0.2 1
1572274833 4.519185371 0.0 0
1572275002 4.698375688 0.4 1
1572275175 4.564088106 0.0 0
1572275350 4.57782085 0.2 1
1572275520 4.775769589 0.0 0
1572275693 4.56217773 0.0 0
1572361302 5.328620256 0.6666666666666666 2
1572361500 5.667867136 0.5 1
1572361694 5.847912645 1.0 3
1572361890 5.639407379 0.6 2
1572362089 5.735130673 1.0 3
1572362282 5.721210536 0.16666666666666666 1
1572362479 5.621375609 0.6 2
1572362678 5.714416339 0.0 0
1572362873 5.639445772 0.0 0
1572363069 5.670040979 0.5 2
1572366942 4.539779137 0.8 2
1572367110 4.217153991 0.2 1
1572367282 4.859873464 0.6 2
1572367448 4.530983706 0.2 1
1572367631 4.411683785 0.0 0
1572367808 4.56139328 0.6 2
1572367977 4.554894018 0.25 1
1572368146 4.322045785 0.25 1
1572368313 4.521509983 0.0 0
1572368477 4.718669547 0.4 2
1572532419 5.70365064 0.0 0
1572532621 5.520456163 0.4 1
1572532826 5.841324646 0.2 1
1572544530 4.44045815 0.25 1
1572544698 4.515959958 0.0 0
1572544870 4.429775495 0.0 0
1572545042 4.358757782 0.25 1
1572545215 4.357078557 0.2 1
1572870044 4.482113011 0.0 0
1572870262 4.357854138 0.0 0
1572870443 4.949747124 0.2 1
1572870665 4.522014904 0.25 1
1572870834 4.466826807 0.75 2
1572965424 4.423235026 0.6 2
1572965591 4.390959863 0.0 0
1572965758 4.4403166 1.0 3
1572965927 4.316212054 0.2 1
1572966265 4.367022022 0.4 1
1572966437 4.443556468 1.0 2
1572966620 4.469639824 0.25 1
1572966800 4.609618631 0.0 0
1572966963 4.783750797 0.2 1
1573207071 4.697153107 0.8 2
1573207239 4.54276823 0.0 0
1573207408 4.581839622 0.0 0
1573207574 4.40187823 0.25 1
1573207744 4.451359867 0.0 0
1573207911 4.379943614 1.0 3
1573208078 4.697053652 0.6 2
1573208243 4.217576997 0.0 0
1573208412 4.343905042 0.0 0
1573208577 4.47829776 0.0 0
1573220312 4.43641178 0.8 3
1573220480 4.419102304 0.75 2
1573220647 4.529388778 0.4 1
1573220816 4.555888222 0.0 0
1573220985 4.351463981 0.0 0
1573221151 4.436046843 0.25 1
1573221315 4.472369749 0.2 1
1573221485 4.196526525 0.2 1
1573221652 4.620653559 0.0 0
1573221821 4.455133373 0.25 1
1573222010 4.328230728 0.25 1
1573222180 4.510856672 1.0 3
1573222347 4.450503284 0.2 1
1573222513 4.483708321 0.0 0
1573222683 4.389126114 0.25 1
1573301161 4.523714142 0.0 0
1573301330 4.376116486 0.0 0
1573301511 4.577760707 0.4 2
1573301680 3.916021465 0.0 0
1573301865 4.524211811 0.0 0
1573302046 4.351666182 0.0 0
1573302213 4.481611207 0.2 1
1573302387 4.324290084 0.2 1
1573302556 4.326066996 0.2 1
1573302739 4.932907144 0.0 0
1573304039 3.926387088 0.75 2
1573304200 4.167036925 0.0 0
1573304366 4.076954849 0.5 1
1573304692 3.920829875 0.0 0
1573304850 4.03894444 0.25 1
1573305011 4.027666246 0.0 0
1573305173 3.660505535 0.0 0
1573305332 3.825094163 0.0 0
1573752505 3.624030772 0.3333333333333333 1
1573752763 4.025476734 0.5 1
1573753551 4.148214889 0.2 1
1573753704 3.880435532 0.25 1
1573753866 3.920527748 0.25 1
1573754686 3.872447967 0.5 2
1573754846 3.789146555 0.0 0
1573755174 3.892189486 1.0 3
1573755649 3.944359094 0.0 0
1573755807 4.161231029 0.0 0
1573755965 3.977515235 0.0 0
1573831430 4.057115368 0.75 2
1573831588 3.800059422 0.0 0
1573831919 3.803804671 0.0 0
1573832071 3.810808068 0.0 0
1573832553 3.808067393 0.25 1
1573832708 3.833329186 0.25 1
1573833060 3.717522427 0.0 0
1573833216 3.859095881 0.0 0
1573833695 3.915556136 0.3333333333333333 1
1573901069 4.068778694 1.4 3
1573901382 4.09762153 0.25 1
1573901539 3.857454309 0.25 1
1573901699 4.076807337 0.25 1
1573901853 3.962283892 0.0 0
1573902324 3.796071695 0.0 0
1574685798 4.083071243 0.5 2
1574685989 6.154499286 0.0 0
1574686159 3.845146186 0.75 1
1574686322 3.838193459 0.0 0
1574686479 3.840643358 0.0 0
1574686645 3.837124119 0.0 0
1574686808 3.758096156 0.75 2
1574686994 6.616060137 0.14285714285714285 1
1574687334 4.034036113 0.0 0
1574689663 3.863803175 0.25 1
1574689879 3.95707578 0.25 1
1574690048 3.923777973 0.0 0
1574690218 4.390392515 0.2 1
1574690547 3.970297086 0.0 0
1574690719 3.620920445 0.0 0
1574690878 3.958848976 0.0 0
1574691063 3.909793992 0.3333333333333333 1
1574691241 4.042413836 0.25 1
1574706863 3.93612957 0.0 0
1574707106 3.772542803 0.0 0
1574954209 3.033609431 0.0 0
1574954373 4.122894909 0.25 1
1574954550 3.793779154 1.3333333333333333 2
1574954714 3.923194411 0.0 0
1574954896 4.282902447 0.0 0
1574955312 3.999819656 0.0 0
1574955472 4.139989621 0.25 1
1574955631 3.872013086 0.0 0
1574955792 3.9279576 0.0 0
1575026541 4.140751307 0.2 1
1575026701 3.973386892 0.0 0
1575026862 4.004244137 0.0 0
1575027023 4.147685446 1.0 3
1575027186 4.138069877 0.0 0
1575027348 3.783033227 0.5 1
1575027514 4.063326944 0.0 0
1575027671 3.940177052 0.25 1
1575027835 3.995640721 0.25 1
1575027999 4.273780362 0.0 0
1575112856 3.711787173 0.0 0
1575113016 7.599792901 0.25 1
1575113178 3.639500351 0.0 0
1575113341 3.910057069 0.25 1
1575113498 4.135803259 0.0 0
1575113658 3.744553138 0.0 0
1575113814 3.941105799 0.25 1
1575113973 3.950015436 0.0 0
1575114297 3.935006366 0.0 0
1575289786 3.902476102 0.3333333333333333 1
1575289952 4.047825537 0.0 0
1575290120 3.900535978 0.25 1
1575290300 3.869675167 0.25 1
1575290476 4.158395552 0.0 0
1575290652 4.073499113 0.25 1
1575290975 3.873136991 0.0 0
1575291138 3.712328856 0.3333333333333333 1
1575291299 3.989829051 0.0 0
1575384187 4.064206762 0.75 2
1575384346 4.06690407 0.75 1
1575384507 3.877150727 0.25 1
1575384667 4.028604593 0.0 0
1575384829 4.121771752 0.0 0
1575384988 4.186237895 0.25 1
1575385148 4.147350971 0.0 0
1575385308 4.072424109 0.25 1
1575385471 4.103012161 0.25 1
1575385631 3.695241095 0.0 0
1575556568 3.928428188 0.25 1
1575556901 4.148584112 0.25 1
1575557087 3.999197985 0.0 0
1575557256 3.893650679 1.0 2
1575557615 4.325392761 0.2 1
1575558247 4.317436651 0.8 3
1575558434 4.196589291 0.0 0
1579184067 3.806284979 0.0 0
1579184781 3.943691543 0.75 1
1579184942 4.102362374 0.25 1
1579185107 3.831680009 0.0 0
1579185280 3.937162019 0.0 0
1579185458 4.050109941 0.25 1
1579185640 3.802992439 0.0 0
1579185820 3.752654915 0.0 0
1579186179 4.098578564 0.0 0
1579351797 3.975240913 0.25 1
1579351962 4.439604927 0.0 0
1579352123 3.93710785 0.25 1
1579352284 4.087217254 0.0 0
1579352447 4.054176939 0.25 1
1579352612 3.811927034 0.0 0
1579352769 3.980698194 0.25 1
1579352930 4.946895777 0.0 0
1579353093 3.935847492 0.25 1
1579353966 3.894286395 0.2 1
1579522884 4.052299715 0.25 1
1579523088 4.236291744 0.0 0
1579523279 4.007317183 0.75 2
1579523617 3.888216491 0.5 2
1579523798 4.336493237 0.0 0
1579523981 3.84059145 0.0 0
1579524169 3.370400871 0.0 0
1579524504 3.946620354 0.0 0
1579537489 3.891323294 1.25 3
1580215338 9.09602681 0.0 0
1580215532 4.452940525 0.2 1
1580215856 2.851292095 0.0 0
1580216016 3.960817628 0.0 0
1580216179 3.697885298 0.0 0
1580216338 4.01587592 0.25 1
1580216501 3.873033666 0.25 1
1580216658 3.789948779 0.0 0
1580216842 3.847123585 0.25 1
1580304751 3.800103634 0.0 0
1580304907 3.974527535 0.25 1
1580305070 3.515869839 0.0 0
1580305230 4.136862189 0.25 1
1580305576 4.188710131 0.25 1
1580305738 4.410389299 0.0 0
1580305895 3.863973572 0.25 1
1580306050 4.166605882 0.0 0
1580306212 3.038044592 0.0 0
1581935570 3.803386712 0.25 1
1581935736 3.72763476 0.25 1
1581935904 3.505794918 0.0 0
1581936075 3.832163892 0.0 0
1581936410 2.822840953 0.0 0
1581936567 3.792620192 0.25 1
1582026924 3.852000513 1.0 3
1582027087 3.822559371 0.0 0
1582027252 3.586188203 0.0 0
1582113140 3.703048069 1.0 3
1582113307 3.929461555 0.25 1
1582113471 4.064188822 0.25 1
1582115125 4.064622178 0.4 1
1582116128 3.644101801 1.0 2
1582116344 3.577684302 0.0 0
1582116685 3.674615903 0.0 0
1582119167 3.431276722 1.0 2
1582119512 4.498298476 0.2 1
1582120198 3.840113298 0.0 0
1582121085 3.924520101 0.25 1
1582125235 3.823570814 0.0 0
1582125674 4.412906363 0.0 0
1582126045 4.09632322 0.0 0
1582128016 3.751853088 0.25 1
1582129018 4.582728328 0.2 1
1582185094 3.624660435 0.0 0
1582185275 3.640786461 0.0 0
1582186009 3.716552841 0.3333333333333333 1
1582186169 3.596574558 0.25 1
1582186901 3.840753686 1.0 3
1582187865 3.648045729 0.6666666666666666 1
1582188183 3.882241058 0.25 1
1582188343 3.759703797 0.25 1
1582194122 3.835568154 0.25 1
1582194278 3.969330651 0.0 0
1582194604 3.970639065 0.5 1
1582194766 3.975960426 0.25 1
1582194933 3.682084634 0.25 1
1582195094 3.839255008 0.0 0
1582195751 3.799082714 0.25 1
1582195910 3.662097218 0.0 0
1582196068 3.443931768 0.25 1
1582196227 3.965862536 0.0 0
1582196864 4.061611777 0.5 1
1582197026 3.76006821 0.25 1
1582197193 3.937361367 0.0 0
1582197349 4.148680194 0.0 0
1582197686 3.717431978 0.0 0
1582197844 3.643340699 0.0 0
1582198002 3.753036593 0.5 2
1582198159 3.708169042 0.3333333333333333 1
1582198320 3.531016922 0.0 0
1582198479 3.708913739 0.0 0
1582198758 3.831525782 0.0 0
1582631415 3.701355851 0.0 0
1582631576 3.750230282 0.0 0
1582631731 3.712271031 1.0 2
1582631888 3.763189596 0.75 2
1582632046 3.850184453 0.0 0
1582632524 4.064346676 0.0 0
1582884545 4.664346517 0.0 0
1582885219 3.812646763 0.25 1
1582885868 4.173180451 0.5 1
1582886026 3.667847064 0.0 0
1574707106 3.772542803 0.0 0
