1569853948 2.777640644 -1 -1
1569854977 1.225945201 -1 -1
1569855524 2.632176175 -1 -1
1569856544 2.260256945 -1 -1
1570447370 2.899499777 -1 -1
1570448202 2.716740751 -1 -1
1570449157 2.65805149 -1 -1
1570449583 2.816309786 -1 -1
1571323569 2.691750416 -1 -1
1571323972 2.587457363 -1 -1
1571324370 2.822856991 -1 -1
1571324762 2.737436422 -1 -1
1571327693 2.796793896 -1 -1
1571328083 2.879043263 -1 -1
1571328475 3.087993995 -1 -1
1571328866 2.676140802 -1 -1
1571329258 2.624630838 -1 -1
1571329646 2.707673502 -1 -1
1571330624 2.678550421 -1 -1
1571398197 2.824617182 -1 -1
1571398593 2.719807515 -1 -1
1571398984 2.711625089 -1 -1
1571399376 2.852703218 -1 -1
1571399768 2.856303706 -1 -1
1571400165 2.688417266 -1 -1
1571400586 2.812162558 -1 -1
1571400984 2.478872681 -1 -1
1571401378 2.749231798 -1 -1
1571407148 2.728101162 -1 -1
1571407541 2.991846738 -1 -1
1571407931 2.72304075 -1 -1
1571408322 2.703298391 -1 -1
1571408713 3.787106735 -1 -1
1571666206 2.839296933 -1 -1
1571666598 2.657902843 -1 -1
1571666990 2.764384109 -1 -1
1571667380 2.803871015 -1 -1
1571667825 2.690743165 -1 -1
1571669476 2.936173142 -1 -1
1571669870 2.658974733 -1 -1
1571754386 2.731194887 -1 -1
1571754778 2.773383554 -1 -1
1571755178 2.787450041 -1 -1
1571755581 2.868240873 -1 -1
1571756001 2.81884062 -1 -1
1571756810 2.774723806 -1 -1
1571757247 2.726236937 -1 -1
1571757665 2.652532698 -1 -1
1571758063 2.695158567 -1 -1
1571758454 3.19781453 -1 -1
1571762458 2.549387744 -1 -1
1571762856 2.681843621 -1 -1
1571763247 2.698593883 -1 -1
1571763638 2.6968788 -1 -1
1571764031 2.77045861 -1 -1
1571764456 2.897644964 -1 -1
1571764847 2.678138324 -1 -1
1571765237 2.979623168 -1 -1
1571765628 2.724661551 -1 -1
1571766017 2.7475249 -1 -1
1571766986 2.69336573 -1 -1
1572007345 2.714251413 -1 -1
1572007740 3.035161902 -1 -1
1572008249 2.731267691 -1 -1
1572008651 2.805914464 -1 -1
1572009046 2.736151247 -1 -1
1572009436 2.631227717 -1 -1
1572009826 2.785121785 -1 -1
1572010217 2.743730227 -1 -1
1572010613 2.925895973 -1 -1
1572011004 2.554193751 -1 -1
1572013567 2.776711554 -1 -1
1572013960 2.699663015 -1 -1
1572014352 2.801323582 -1 -1
1572014741 2.653027568 -1 -1
1572268295 2.686963339 -1 -1
1572269188 2.989225431 -1 -1
1572269603 2.727767766 -1 -1
1572270018 3.060956656 -1 -1
1572270424 2.748786292 -1 -1
1572270818 2.774010494 -1 -1
1572271344 2.487012166 -1 -1
1572272521 2.046388678 -1 -1
1572272857 2.306466972 -1 -1
1572273189 2.127993038 -1 -1
1572273536 2.202726393 -1 -1
1572273871 2.346198521 -1 -1
1572276292 2.132367047 -1 -1
1572276629 2.406268934 -1 -1
1572276962 2.166683704 -1 -1
1572277293 2.128709045 -1 -1
1572277628 2.447967837 -1 -1
1572277987 2.311625909 -1 -1
1572278319 2.139174226 -1 -1
1572278650 2.256307603 -1 -1
1572363709 2.189067119 -1 -1
1572364038 2.042810234 -1 -1
1572364370 2.435002682 -1 -1
1572364702 2.387101014 -1 -1
1572365037 2.348568263 -1 -1
1572365374 2.139639056 -1 -1
1572365752 2.322795978 -1 -1
1572366133 2.081099599 -1 -1
1572366466 2.088056879 -1 -1
1572366799 2.118606796 -1 -1
