1569849985 6.214410987 0.3333333333333333 1
1569850188 6.159828063 0.0 0
1569849985 6.214410987 0.3333333333333333 1
1569850188 6.159828063 0.0 0
1569850719 5.976481084 0.16666666666666666 1
1569851001 6.253553064 0.14285714285714285 1
1569851208 6.014843857 0.16666666666666666 1
1569851557 6.177733106 0.8333333333333334 2
1569851764 6.251008586 0.16666666666666666 1
1569851994 6.172969577 0.5 2
1569852223 5.852323864 0.3333333333333333 2
1569852461 6.104079885 0.3333333333333333 1
1569853069 5.999248565 0.8333333333333334 3
1569853381 6.098543877 0.16666666666666666 1
1570543109 5.604851525 0.5 2
1570543472 5.732736278 0.0 0
1570543669 11.773279638 0.25 2
1570544598 6.002118201 0.0 0
1570544824 35.604013475 0.17142857142857143 2
1570545058 5.943425598 0.5 1
1570545275 5.791338844 0.0 0
1571322982 5.845454676 0.14285714285714285 1
1571325100 5.710868936 0.0 0
1571325296 5.920593683 0.0 0
1571325501 6.111108992 0.5714285714285714 3
1571325702 5.404992695 0.0 0
1571325898 5.708269016 0.0 0
1571326099 6.069818776 0.3333333333333333 2
1571326790 5.839214413 0.16666666666666666 1
1571327006 5.883698608 0.16666666666666666 1
1571327214 5.835554768 0.42857142857142855 1
1571395891 5.957737416 0.0 0
1571396087 5.893915201 0.16666666666666666 1
1571396285 5.41981108 0.0 0
1571396484 5.836375857 0.0 0
1571396682 5.987830052 0.0 0
1571396910 5.929266355 0.0 0
1571397114 5.610585117 0.3333333333333333 1
1571397316 5.748807523 0.5714285714285714 2
1571397512 5.933933673 0.16666666666666666 1
1571397709 5.930312945 0.16666666666666666 1
1571404959 5.43571316 0.0 0
1571405156 5.983916495 0.0 0
1571405354 5.729022566 0.0 0
1571405582 5.84093496 0.16666666666666666 1
1571405785 5.889171952 0.2857142857142857 1
1571409004 5.848949712 0.3333333333333333 1
1571409207 5.477183882 0.0 0
1571409407 5.58733037 0.0 0
1571409624 5.995181554 0.16666666666666666 1
1571409822 5.982476668 0.0 0
1571664390 5.446368348 0.0 0
1571664932 5.682938883 0.2 1
1571665135 5.6141507 0.2 1
1571665346 5.725548731 0.6666666666666666 2
1571665540 5.962303991 0.3333333333333333 1
1571665735 5.966385814 0.3333333333333333 1
1571668153 5.762069659 0.2 1
1571668352 5.641110843 0.16666666666666666 1
1571668556 5.696507773 0.0 0
1571668750 5.639358517 0.16666666666666666 1
1571668950 6.025412144 0.0 0
1571752024 5.634023503 0.0 0
1571752219 5.67705866 0.16666666666666666 1
1571752419 5.555976161 0.16666666666666666 1
1571752623 5.670485555 0.6666666666666666 2
1571752818 5.669619685 0.2 1
1571753014 5.764853665 0.16666666666666666 1
1571753211 5.588906753 0.0 0
1571753409 5.560372009 0.3333333333333333 1
1571753606 5.452476619 0.4 2
1571753803 5.615532286 0.16666666666666666 1
1571760161 5.68318752 0.5 2
1571760356 5.674189149 0.16666666666666666 1
1571760561 5.702676776 0.8 2
1571760756 5.462140145 0.0 0
1571760958 5.584295227 0.16666666666666666 1
1571761166 5.58977577 0.16666666666666666 1
1571761366 5.548603736 0.2 1
1571761561 5.590221407 0.0 0
1571761756 5.688680079 0.0 0
1571761964 5.671730161 0.16666666666666666 1
1572003267 5.606965658 0.0 0
1572003463 5.966961446 0.0 0
1572003659 5.582035938 0.0 0
1572003857 5.650312313 0.0 0
1572004053 5.48190096 0.0 0
1572004249 5.582025021 0.0 0
1572004443 5.80285326 0.3333333333333333 1
1572004642 5.630028322 0.0 0
1572004844 5.65086268 0.6666666666666666 2
1572005043 5.945733129 0.16666666666666666 1
1572011245 5.502070433 1.4 3
1572011441 5.763057863 0.0 0
1572011637 5.853482332 0.16666666666666666 1
1572011834 6.006987459 0.0 0
1572012030 5.615491379 0.16666666666666666 1
1572012228 5.647596449 0.0 0
1572012423 5.554605482 0.0 0
1572012617 5.526097925 0.0 0
1572012812 5.684471578 0.16666666666666666 1
1572013006 5.886427953 0.0 0
1572265065 5.768339528 0.16666666666666666 1
1572265262 5.61795694 0.0 0
1572265461 5.561727627 0.0 0
1572265659 5.450268556 0.0 0
1572265865 5.53291279 0.0 0
1572266066 5.667968739 0.5 2
1572266263 5.922030986 0.6666666666666666 2
1572266463 5.591693179 0.0 0
1572266663 5.805751759 0.3333333333333333 2
1572266866 5.468472085 0.3333333333333333 1
1572274130 5.012362487 0.2 1
1572274303 4.652228086 0.2 1
1572274471 4.663438458 0.4 1
1572274644 4.519829517 0.16666666666666666 1
1572274811 4.745506524 0.0 0
1572274981 4.943301483 0.2 1
1572275153 4.747022387 0.0 0
1572275329 4.783340054 0.6 2
1572275499 4.88873004 0.6 1
1572275672 4.94873984 0.2 1
1572361279 5.826638819 0.0 0
1572361476 5.711556611 0.0 0
1572361671 5.606387989 0.0 0
1572361866 5.614763801 0.0 0
1572362065 5.644865366 0.5 2
1572362259 5.995865529 0.16666666666666666 1
1572362455 5.862900593 0.16666666666666666 1
1572362651 9.52025238 0.0 0
1572362849 5.758691556 0.16666666666666666 1
1572363045 5.594240434 0.16666666666666666 1
1572366921 4.702089216 1.2 3
1572367089 4.933786305 0.0 0
1572367260 4.827289153 0.0 0
1572367427 4.648592115 0.2 1
1572367609 4.759359353 0.2 1
1572367787 4.731246474 0.0 0
1572367956 4.724192872 0.2 1
1572368125 4.760094329 0.2 1
1572368291 4.739359941 0.0 0
1572368457 4.725404721 0.25 1
1572532396 5.617175591 0.16666666666666666 1
1572532597 5.472211845 0.0 0
1572532802 5.491469357 0.0 0
1572544509 4.844058193 0.8 2
1572544677 5.056538211 0.0 0
1572544848 4.730901413 0.4 1
1572545021 4.742483847 0.4 1
1572545194 4.59412349 0.0 0
1572870021 4.602261682 0.5 2
1572870241 4.623893418 0.0 0
1572870421 4.648220588 0.6 1
1572870644 4.480163516 0.4 2
1572870813 4.750921157 0.0 0
1572965402 4.736139265 0.0 0
1572965570 4.718871989 0.5 1
1572965737 4.560620884 0.8 1
1572965906 4.562303114 0.0 0
1572966078 4.945710626 0.8 3
1572966244 4.898110291 0.0 0
1572966415 4.636275133 0.0 0
1572966599 4.539129757 0.0 0
1572966779 4.718996954 0.0 0
1572966943 4.757475878 0.25 1
1573207050 4.919424925 0.6 1
1573207218 4.9938243 0.4 1
1573207387 4.746714667 0.0 0
1573207553 4.732687773 0.2 1
1573207723 4.563780483 0.0 0
1573207890 4.536797304 0.4 2
1573208057 4.728136007 0.6 2
1573208222 4.693458323 0.0 0
1573208390 4.818386188 0.0 0
1573208556 4.611320999 0.8 2
1573220291 4.456791369 0.0 0
1573220459 4.682911545 0.8 2
1573220626 4.811470142 0.0 0
1573220795 4.926619177 0.0 0
1573220963 4.528422229 0.0 0
1573221130 4.60443036 0.0 0
1573221295 4.560612972 0.0 0
1573221464 4.696839918 0.0 0
1573221631 5.01423234 0.2 1
1573221800 4.787182727 0.0 0
1573221989 4.510622434 0.6 1
1573222160 4.705107325 0.25 1
1573222326 4.672611819 0.6 1
1573222492 4.823338254 0.4 2
1573222662 4.567543908 0.25 1
1573301140 4.682447713 0.4 2
1573301309 4.531954876 0.5 1
1573301491 4.451140351 0.0 0
1573301658 4.965810287 0.0 0
1573301845 4.930910705 0.0 0
1573302023 4.799178353 0.25 1
1573302192 4.537113064 0.25 1
1573302366 4.568840535 0.2 1
1573302535 4.640866544 0.6 2
1573302717 4.773580104 0.0 0
1573303855 4.298693449 0.25 1
1573304020 3.988929661 0.0 0
1573304179 4.61208606 0.6 2
1573304345 4.611939647 0.4 1
1573304504 4.280470385 0.2 1
1573304671 4.360410432 0.6 1
1573304830 4.695392739 0.25 1
1573304990 4.517315493 0.0 0
1573305153 4.420878221 0.4 1
1573305312 4.491127087 0.0 0
1573752484 4.215972938 0.2 1
1573752742 4.333790506 0.2 1
1573752901 4.657274851 0.2 1
1573753060 4.533248014 0.0 0
1573753218 4.234707645 0.25 1
1573753373 4.346408493 0.5 1
1573753531 4.353585419 0.0 0
1573753684 4.266070445 0.0 0
1573753846 4.352636426 0.25 1
1573754665 4.582879855 0.8 2
1573754826 4.399820653 0.0 0
1573754987 4.306560672 0.0 0
1573755154 4.149009663 0.0 0
1573755317 4.307590562 0.25 1
1573755473 4.413542126 0.2 1
1573755629 4.314145454 0.0 0
1573755787 4.259361473 0.25 1
1573755945 4.35109317 0.0 0
1573756102 4.27113123 0.2 1
1573831410 4.457566771 0.5 2
1573831568 4.513668809 0.0 0
1573831726 4.405598917 0.0 0
1573831898 4.271315813 0.0 0
1573832051 4.443534402 0.5 1
1573832211 4.438656894 0.0 0
1573832366 4.385250893 0.0 0
1573832533 4.273735712 0.25 1
1573832688 4.320472382 0.0 0
1573832843 4.32320947 0.0 0
1573833039 4.258413796 0.0 0
1573833196 4.231254188 0.0 0
1573833360 4.348731049 0.25 1
1573833517 4.279101313 0.0 0
1573833674 4.36803294 0.0 0
1573901048 4.229990473 0.0 0
1573901206 4.40285492 0.0 0
1573901362 4.245018718 0.0 0
1573901518 4.259508301 0.2 1
1573901679 4.38688052 0.0 0
1573901833 4.299746678 0.0 0
1573901988 4.474514573 0.0 0
1573902146 4.305616043 0.0 0
1573902304 4.509636339 0.25 1
1573902459 4.341313247 0.2 1
1574685776 4.702752103 0.0 0
1574685966 4.405505279 0.0 0
1574686139 4.2674091 0.0 0
1574686299 4.23551693 0.0 0
1574686458 4.224621889 0.0 0
1574686625 4.294958994 0.0 0
1574686788 4.565501512 0.0 0
1574686974 4.407282428 0.0 0
1574687313 4.407887228 0.25 1
1574689642 4.270812867 0.2 1
1574689858 4.356801285 0.2 1
1574690197 4.330117153 0.0 0
1574690367 4.218372634 0.0 0
1574690526 4.221751261 0.0 0
1574690697 4.483863529 0.0 0
1574690857 4.527287519 0.0 0
1574691042 4.307782288 0.25 1
1574691221 4.467772941 0.0 0
1574706843 4.262921407 0.0 0
1574707086 4.397777612 0.0 0
1574954188 4.081272225 0.0 0
1574954353 4.286236979 0.75 2
1574954529 4.395983884 0.8 2
1574954693 4.173091362 0.0 0
1574954876 4.358813999 0.75 2
1574955033 4.223126937 0.2 1
1574955292 4.146223873 0.0 0
1574955452 4.578594774 0.5 1
1574955610 4.403911867 0.4 2
1574955771 4.43088077 0.2 1
1575026519 4.352030912 0.0 0
1575026680 4.612302327 0.0 0
1575026842 4.407638539 0.4 1
1575027002 4.391774149 0.0 0
1575027166 4.435865849 0.0 0
1575027327 4.456119343 0.2 1
1575027493 4.368329379 0.0 0
1575027651 4.117757164 0.0 0
1575027815 4.475658525 0.25 1
1575027979 4.099246683 0.0 0
1575112835 4.292522364 0.0 0
1575112996 4.351835443 0.0 0
1575113158 4.269879666 0.75 2
1575113319 4.301537743 0.0 0
1575113478 4.293038802 0.0 0
1575113637 4.178316219 1.0 3
1575113794 4.442671944 0.0 0
1575113952 4.353420018 0.2 1
1575114113 7.348568955 0.2857142857142857 1
1575114277 4.271478666 0.2 1
1575289765 4.418190909 0.0 0
1575289932 4.275354059 0.0 0
1575290097 4.260811813 0.5 1
1575290280 4.472083741 0.25 1
1575290452 4.211040324 0.0 0
1575290628 4.263301991 0.4 1
1575290797 4.369503203 0.0 0
1575290954 4.405995343 0.2 1
1575291117 4.325314004 0.2 1
1575291278 4.201734343 0.0 0
1575384166 4.437598606 0.2 1
1575384326 4.371470229 0.0 0
1575384487 4.146632485 0.25 1
1575384646 4.698777879 0.0 0
1575384809 4.185622117 0.0 0
1575384966 4.272676327 0.25 1
1575385128 4.592221617 0.0 0
1575385287 4.186963347 0.2 1
1575385446 4.446629916 0.4 1
1575385610 4.341999017 0.4 1
1575556548 4.53267006 0.0 0
1575556708 4.206788426 0.2 1
1575556874 4.646986077 0.4 1
1575557059 11.462952954 0.0 0
1575557235 4.60112332 0.2 1
1575557420 4.345369633 1.25 2
1575557593 4.484210609 0.0 0
1575557767 4.316306085 0.8 2
1575558225 4.673120901 0.0 0
1575558414 4.251253455 0.0 0
1579184045 4.202500851 0.25 1
1579184761 4.453238255 0.0 0
1579184922 4.168528141 0.0 0
1579185084 4.577279429 0.4 1
1579185259 4.266475576 0.0 0
1579185436 4.377021375 0.25 1
1579185619 4.3937966 0.4 2
1579185793 10.6191248 0.0 0
1579185986 4.200367908 0.0 0
1579186159 4.189590157 0.6 2
1579351775 4.293546597 0.0 0
1579351942 4.254207726 0.0 0
1579352103 4.259666505 0.25 1
1579352264 4.414588052 0.0 0
1579352427 4.569455897 0.0 0
1579352591 4.168986609 0.5 1
1579352749 4.473129566 0.0 0
1579352910 4.256842242 0.25 1
1579353073 4.240428077 0.0 0
1579353368 7.51178783 -1 -1
1579353951 4.533733624 0.0 0
1579522864 4.350396565 0.0 0
1579523067 4.237165784 0.2 1
1579523258 4.608909282 0.25 1
1579523423 4.185171601 0.0 0
1579523597 4.252615149 0.5 1
1579523777 4.202966595 0.4 2
1579523960 4.34695595 0.0 0
1579524147 4.618199128 0.2 1
1579524314 4.332080989 0.0 0
1579524483 4.320989983 0.0 0
1579537460 13.528855932 0.0 0
1580215317 4.35307261 0.0 0
1580215511 4.522026438 0.8 2
1580215676 4.267457804 0.5 1
1580215834 4.536907821 0.2 1
1580215995 4.163022145 0.25 1
1580216158 4.434901014 0.0 0
1580216317 4.178464919 0.0 0
1580216480 4.228502968 0.75 2
1580216638 4.311381571 0.0 0
1580216820 5.102246427 0.8 3
1580304730 4.392938653 0.0 0
1580304887 4.173989616 0.25 1
1580305049 4.240534784 0.0 0
1580305210 4.225176131 0.0 0
1580305393 4.184640025 0.25 1
1580305553 4.714557975 0.8 2
1580305718 4.18059372 0.0 0
1580305875 4.320082693 0.25 1
1580306030 4.167771784 0.0 0
1580306190 4.440078405 0.75 2
1581935230 4.568588267 0.4 2
1581935388 4.366259949 0.6 1
1581935549 4.823732066 1.0 3
1581935715 4.286042419 0.0 0
1581935882 4.656005387 0.2 1
1581936054 4.566812078 0.5 1
1581936225 4.498732551 0.8 2
1581936388 4.357258033 0.0 0
1581936547 4.407218844 0.0 0
1581936722 4.492675967 0.8 2
1582026904 4.23000711 0.5 1
1582027066 4.488752624 0.4 2
1582027230 4.71868173 0.5 1
1582027398 4.61893184 0.4 1
1582027811 4.866678666 0.2 1
1582027975 4.788798183 0.0 0
1582028144 4.633412607 0.25 1
1582028310 4.8117897 0.2 1
1582028478 4.844647773 0.0 0
1582028649 4.362939092 0.0 0
1582113119 4.885188144 0.0 0
1582113286 4.681077087 0.4 1
1582113449 4.87629663 0.2 1
1582113618 4.375684551 0.6 2
1582113783 5.035847735 0.2 1
1582113958 4.828688876 0.2 1
1582114120 4.58415694 0.2 1
1582114284 4.343808802 0.25 1
1582114450 4.786895264 0.2 1
1582114614 4.177731826 0.0 0
1582114777 4.175376599 0.2 1
1582114943 4.67149016 0.6 1
1582115105 4.352119041 0.0 0
1582115272 4.788723541 0.0 0
1582115435 4.708061316 0.0 0
1582115599 4.806254536 0.6 2
1582115762 4.436041401 0.75 2
1582115926 4.608326829 0.0 0
1582116107 4.939020154 0.6 2
1582116323 4.911921389 0.8 2
1582116498 4.727488603 0.4 1
1582116664 4.784269661 0.4 1
1582118983 4.719614964 1.5 3
1582119146 4.389113632 0.8 2
1582119316 4.913583512 0.6 2
1582119481 15.192370544 0.26666666666666666 1
1582119667 4.730888039 0.2 1
1582119830 4.439576723 0.6 2
1582120001 4.774566119 0.0 0
1582120173 4.579737911 0.0 0
1582120897 4.561510024 0.2 1
1582121064 4.95029949 0.0 0
1582121308 4.906327019 0.2 1
1582121471 4.993939772 0.6 2
1582125214 4.852125052 0.5 1
1582125373 4.549820479 0.4 1
1582125857 4.480111263 0.6 2
1582126024 4.509409036 0.25 1
1582126193 4.506408605 0.25 1
1582126353 4.776789601 0.0 0
1582126520 4.628107589 0.2 1
1582126682 4.665752417 0.2 1
1582126849 4.182678399 0.75 3
1582127011 4.565582543 0.25 1
1582127172 4.802508762 0.0 0
1582127340 4.530213481 0.2 1
1582127507 4.752100301 0.0 0
1582127671 4.185115438 0.6 2
1582127835 4.166971541 0.0 0
1582127995 4.325425057 0.6 2
1582128162 4.697988663 0.0 0
1582128341 4.446196136 0.4 2
1582128502 4.771128264 1.0 2
1582128665 4.822317832 0.4 1
1582128831 4.595823084 0.6 2
1582128993 4.402627354 0.4 1
1582129166 4.599662415 1.0 2
1582129325 4.8602085 1.4 2
1582129486 4.189030558 1.0 2
1582129650 4.422685581 0.25 1
1582185073 4.652638841 0.75 2
1582185254 4.696635027 0.5 1
1582185988 4.31193212 0.25 1
1582186148 4.272213431 0.75 1
1582186881 4.279610978 1.0 2
1582187844 4.478784645 0.8 2
1582188003 4.338336102 0.5 1
1582188162 4.627788103 1.0 2
1582188322 4.307200116 0.8 2
1582193774 4.284440968 0.5 2
1582193937 4.357508387 0.25 1
1582194101 4.644418231 0.2 1
1582194257 4.394938752 0.2 1
1582194419 4.280176803 0.25 1
1582194584 4.276796918 0.6 2
1582194744 4.381018549 0.25 1
1582194913 4.387985221 0.5 1
1582195073 4.314872716 0.5 1
1582195234 7.263429574 1.7142857142857142 3
1582195729 4.364805058 0.25 1
1582195889 4.265323618 0.5 1
1582196046 4.243890423 0.25 1
1582196207 4.266709038 0.5 2
1582196366 4.333106296 0.25 1
1582196525 4.227427353 0.0 0
1582196683 4.258811705 0.25 1
1582196843 4.271775672 0.4 1
1582197005 4.494460559 0.4 1
1582197171 4.332914766 0.25 1
1582197328 4.517665642 0.8 2
1582197494 4.597773026 0.4 1
1582197666 4.307615207 0.2 1
1582197823 4.237169596 0.5 1
1582197981 4.372158858 0.25 1
1582198137 4.39577085 0.2 1
1582198299 4.251930484 0.4 2
1582198456 4.234612976 1.2 2
1582198738 4.259169008 0.5 2
1582199086 4.277061737 0.6 2
1582631394 4.401695743 0.0 0
1582631554 4.360220704 1.0 2
1582631710 4.180910842 0.5 1
1582631868 4.298507544 0.5 1
1582632024 4.239043909 0.0 0
1582632182 4.458802122 0.25 1
1582632342 4.330376674 1.0 2
1582632504 4.384874423 0.0 0
1582632664 4.263912804 0.25 1
1582632824 4.323625755 0.4 2
1582884523 4.476504305 0.4 1
1582884702 4.66771143 0.25 1
1582884871 4.313087583 0.25 1
1582885035 4.381723783 0.0 0
1582885199 4.474338229 1.25 2
1582885360 4.375149295 0.25 1
1582885520 4.441138521 0.0 0
1582885682 4.396004428 0.4 1
1582885847 4.665183571 0.25 1
1582886004 4.476073457 0.25 1
1574707086 4.397777612 0.0 0
