1569850095 1.961324787 0.0 0
1569850095 1.961324787 0.0 0
1569850855 1.661471951 0.0 0
1569851113 1.619892997 1.0 1
1569851322 5.152774664 0.0 0
1569851665 1.656606136 0.0 0
1569851877 1.795260117 1.0 1
1569852105 1.368423971 0.0 0
1569852334 1.725425812 1.0 1
1569852567 2.31617259 0.0 0
1569853212 1.544598449 1.0 1
1569853506 1.863676782 0.0 0
1569853980 1.319504048 0.0 0
1570446898 1.43578607 0.0 0
1570446900 0.168339684 0.0 0
1570448231 1.626717855 -1 -1
1570542979 7.008506922 0.0 0
1570543219 1.159038755 0.0 0
1570543791 1.694629352 0.0 0
1570544704 1.372898768 0.0 0
1570544965 1.353103291 0.0 0
1570545164 1.537972541 0.0 0
1570545387 5.316155969 0.0 0
1571322886 1.903650277 0.0 0
1571324793 0.940334599 0.0 0
1571325205 1.033327723 0.0 0
1571325404 1.021585246 0.0 0
1571325607 0.847656681 0.0 0
1571325808 1.456355144 0.0 0
1571326005 1.404732828 0.0 0
1571326488 37.268626213 0.0 0
1571326908 1.489816758 0.0 0
1571327116 1.778329376 0.0 0
1571327324 1.320849441 0.0 0
1571328114 1.369108335 0.0 0
1571328505 1.407683943 0.0 0
1571328896 1.374812694 0.0 0
1571395698 1.757042039 0.0 0
1571395703 4.603654824 0.0 0
1571395729 35.774401724 0.0 0
1571395777 29.805180916 0.0 0
1571395997 1.094870458 0.0 0
1571396194 1.165618471 0.0 0
1571396393 1.046090631 0.0 0
1571396789 1.400554436 0.0 0
1571397018 1.831384635 0.0 0
1571397221 1.799949301 0.0 0
1571397421 1.496459833 0.0 0
1571397617 1.111145194 0.0 0
1571397815 1.1703977 0.0 0
1571399015 0.964017818 0.0 0
1571404867 0.206709951 0.0 0
1571405062 2.173394581 0.0 0
1571405263 1.198377853 0.0 0
1571405461 1.936111656 0.0 0
1571405692 1.312770658 0.0 0
1571405891 1.031838961 0.0 0
1571406695 10.075621094 0.0 0
1571407572 1.071017332 0.0 0
1571409113 1.179348534 0.0 0
1571409315 1.025860289 0.0 0
1571409514 0.89740641 0.0 0
1571409927 1.286082531 0.0 0
1571665046 1.416321539 0.0 0
1571665257 1.840576866 0.0 0
1571665451 1.43911408 0.0 0
1571665645 1.459053543 0.0 0
1571665840 1.474072907 0.0 0
1571666628 1.205276657 0.0 0
1571667411 1.18725724 0.0 0
1571668263 1.581870612 0.0 0
1571668661 1.368873916 0.0 0
1571668855 1.44895387 0.0 0
1571669056 1.310127698 0.0 0
1571752129 1.110573929 0.0 0
1571752327 1.490087664 0.0 0
1571752532 1.104822015 0.0 0
1571752728 1.241332651 0.0 0
1571752925 1.280784023 0.0 0
1571753121 1.024731343 0.0 0
1571753317 1.109066786 0.0 0
1571753515 1.44197604 1.0 1
1571753908 0.910175041 0.0 0
1571754417 1.199473557 0.0 0
1571754809 0.552788432 -1 -1
1571757696 1.025168403 0.0 0
1571760266 1.151378786 0.0 0
1571760465 1.581763608 0.0 0
1571760665 1.302985706 0.0 0
1571760865 1.054657295 0.0 0
1571761277 1.199504722 0.0 0
1571761470 1.029009822 0.0 0
1571761665 1.027534242 0.0 0
1571762069 1.062765227 0.0 0
1571762490 1.918078404 0.0 0
1571763278 0.849414396 -1 -1
1571763668 1.22968221 0.0 0
1571764487 0.944784588 0.0 0
1571765659 1.158025115 0.0 0
1571766048 1.14581749 0.0 0
1572003371 1.108633644 0.0 0
1572003570 1.361220134 0.0 0
1572003766 1.408626249 0.0 0
1572003962 1.146964245 0.0 0
1572004157 1.376432259 0.0 0
1572004354 1.197502988 0.0 0
1572004550 1.469456241 0.0 0
1572004753 1.087379558 0.0 0
1572004951 1.587479493 0.0 0
1572007376 1.31901794 0.0 0
1572007771 0.810848558 0.0 0
1572007869 1.909708226 0.0 0
1572010644 1.001123003 0.0 0
1572011034 0.887424775 0.0 0
1572011351 1.750273097 0.0 0
1572011546 1.574814906 0.0 0
1572011745 1.33120394 0.0 0
1572011940 1.234257362 0.0 0
1572012137 1.26346823 0.0 0
1572012528 1.273874159 0.0 0
1572012721 1.098510743 0.0 0
1572012916 1.33184205 0.0 0
1572013111 1.312566852 0.0 0
1572265370 1.584092695 0.0 0
1572265567 1.37080389 0.0 0
1572265767 1.403359387 0.0 0
1572265970 1.235799865 0.0 0
1572266171 1.245365066 0.0 0
1572266370 1.494176778 0.0 0
1572266769 1.255384949 0.0 0
1572266975 1.154070968 0.0 0
1572270848 1.235894848 0.0 0
1572272176 17.504857826 0.0 0
1572274221 1.705848312 0.0 0
1572274397 1.78992054 0.0 0
1572274735 1.357165439 0.0 0
1572274904 1.576805402 0.0 0
1572275073 1.926203679 0.0 0
1572275249 1.965543742 0.0 0
1572275420 1.829987306 0.0 0
1572275762 1.565285209 0.0 0
1572361386 1.295667102 0.0 0
1572361581 1.56841908 0.0 0
1572361777 1.736467819 0.0 0
1572361974 1.534886808 0.0 0
1572362365 1.324720459 0.0 0
1572362561 1.283564007 0.0 0
1572362760 1.577206809 0.0 0
1572362954 1.154903521 0.0 0
1572363734 1.372137798 0.0 0
1572366824 1.367231035 0.0 0
1572367013 1.913861387 0.0 0
1572367181 2.110888854 0.0 0
1572367351 1.827591658 0.0 0
1572367705 0.389604666 0.0 0
1572367880 0.980439063 0.0 0
1572368048 1.541875911 0.0 0
1572368380 1.480670872 0.0 0
1572368553 1.958444767 0.0 0
1574707168 1.750135403 0.0 0
