1569850056 2.389196703 1.5 2
1569850056 2.389196703 1.5 2
1569850817 2.321611967 0.3333333333333333 1
1569851074 2.647519448 0.6666666666666666 1
1569851279 2.428454011 1.0 1
1569851629 2.431932514 1.0 2
1569851842 2.646863358 0.6666666666666666 2
1569852071 2.385024382 0.0 0
1569852296 2.313364879 1.0 1
1569852532 2.388070308 2.0 2
1569853171 2.650737495 0.6666666666666666 1
1569853460 2.380542779 1.6666666666666667 3
1570543179 2.479551213 1.3333333333333333 2
1570543542 2.28005815 1.0 1
1570543752 2.468837374 1.0 2
1570544669 2.526460932 0.3333333333333333 1
1570544928 2.342515155 1.0 1
1570545129 2.22435133 1.5 2
1570545346 1.992072793 1.0 1
1571323053 2.405321834 1.0 2
1571325170 2.473662652 0.0 0
1571325367 2.351904351 0.0 0
1571325572 2.355095914 0.0 0
1571325772 2.395506474 0.0 0
1571325969 2.374096003 0.0 0
1571326268 3.878313525 0.0 0
1571326860 2.47159882 0.0 0
1571327076 2.386619444 0.0 0
1571327285 2.492053755 0.0 0
1571395962 2.335218637 1.0 1
1571396356 3.444244044 0.6666666666666666 1
1571396755 2.354145346 0.5 1
1571396980 2.05170276 1.0 1
1571397583 2.612955387 0.5 1
1571405028 2.326778367 1.0 1
1571405424 2.387035874 0.6666666666666666 2
1571405657 2.767123039 0.3333333333333333 1
1571405857 2.214094679 1.0 1
1571409074 2.595468572 0.0 0
1571409276 2.720503404 0.0 0
1571409478 2.303892935 0.0 0
1571409695 2.164739549 0.0 0
1571409893 2.550973783 0.0 0
1571664498 4.043540924 -1 -1
1571665007 2.570189927 1.0 1
1571665222 2.358933779 1.6666666666666667 3
1571665416 2.604669371 1.3333333333333333 3
1571665611 2.526996836 1.0 2
1571665806 2.495537675 1.3333333333333333 3
1571668223 2.171857199 0.0 0
1571668422 2.692618082 0.0 0
1571668626 2.53506395 0.0 0
1571668821 2.633973183 0.0 0
1571669021 2.483795242 0.0 0
1571752094 2.491020194 0.5 1
1571752290 2.315704117 1.0 1
1571752489 2.597291946 1.3333333333333333 2
1571752694 2.559258431 1.0 1
1571752890 2.461557748 0.6666666666666666 2
1571753084 2.527956564 2.0 4
1571753282 2.343910566 0.0 0
1571753479 2.366305117 0.5 1
1571753677 2.487661837 1.0 1
1571753874 2.42399143 0.5 1
1571760231 2.552577728 0.6666666666666666 1
1571760429 2.685872543 1.0 2
1571760631 2.273109963 0.5 1
1571760827 2.628828297 0.5 1
1571761029 2.487002457 1.0 2
1571761237 2.427610091 1.0 1
1571761436 2.41932992 1.5 2
1571761631 2.316847548 1.0 1
1571761827 2.330891398 1.5 2
1571762035 2.256346182 0.0 0
1572003337 2.555747363 0.5 1
1572003533 2.348227893 0.6666666666666666 1
1572003729 2.486906062 1.0 1
1572003926 2.56925246 1.0 2
1572004123 2.484028276 1.0 2
1572004319 2.442979746 0.3333333333333333 1
1572004513 2.449878694 0.3333333333333333 1
1572004712 2.569862084 1.3333333333333333 2
1572004914 2.640070264 1.0 1
1572005113 2.44852722 1.0 2
1572011314 2.659777338 1.3333333333333333 2
1572011511 2.552803359 1.0 2
1572011707 2.693999388 0.5 1
1572011905 2.300377352 0.0 0
1572012101 2.596924049 0.5 1
1572012493 2.566443105 1.5 2
1572012687 2.264917595 1.0 2
1572012882 2.167552977 1.0 1
1572013076 2.456587733 0.6666666666666666 2
1572265135 2.738234031 1.0 2
1572265332 3.871530978 1.5 3
1572265531 2.596933099 0.3333333333333333 1
1572265729 2.664379159 0.6666666666666666 1
1572265935 2.529288809 1.5 2
1572266136 2.668875895 0.6666666666666666 1
1572266334 2.483259082 0.5 1
1572266534 2.677610598 0.6666666666666666 2
1572266733 2.556500291 0.5 1
1572266936 2.783042094 1.0 1
1572274190 1.972046699 0.0 0
1572274363 2.083521277 0.0 0
1572274532 1.916486528 0.0 0
1572274704 2.062820877 0.0 0
1572274872 2.303560086 0.0 0
1572275041 1.960710825 0.0 0
1572275214 1.919016528 0.0 0
1572275390 2.229787377 0.0 0
1572275559 2.203963508 0.0 0
1572275732 1.87919648 0.0 0
1572361351 2.495568914 1.0 2
1572361546 2.617239187 0.6666666666666666 2
1572361741 2.492333156 1.0 1
1572361936 2.486679463 1.5 2
1572362135 2.647278173 1.0 1
1572362329 2.464000747 1.0 2
1572362525 2.610834227 1.3333333333333333 2
1572362725 2.427837074 0.5 1
1572362920 2.449304968 0.0 0
1572363116 2.109559721 1.0 1
1572366981 2.092701173 1.0 1
1572367149 2.102583718 1.0 2
1572367321 2.01645293 1.0 2
1572367487 2.074078181 0.5 1
1572367670 2.12711438 0.5 1
1572367847 2.041525851 1.5 2
1572368016 2.256329647 0.5 1
1572368185 2.172921491 0.5 1
1572368352 2.073150935 0.0 0
1572368517 2.051604791 1.0 1
1572532466 2.567696179 0.3333333333333333 1
1572532667 2.547225838 1.0 1
1572532872 2.385985866 1.0 1
1572544569 2.040794801 0.0 0
1572544737 2.129387908 0.0 0
1572544909 1.999843925 0.0 0
1572545081 1.985749275 0.0 0
1572545254 2.085956575 0.0 0
1572870083 2.08861492 0.5 1
1572870301 2.132462457 0.5 1
1572870483 2.009621669 1.5 2
1572870704 1.987335094 1.0 1
1572870873 1.969018125 0.5 1
1572965462 3.038013264 0.6666666666666666 1
1572965631 1.871346047 0.5 1
1572965798 1.801027883 1.0 1
1572965966 2.035046297 1.5 2
1572966138 2.276002987 1.0 2
1572966304 2.045760587 0.6666666666666666 2
1572966476 2.012233412 1.0 2
1572966659 2.051305773 1.0 1
1572966838 2.265475978 1.3333333333333333 2
1572967003 2.093924538 0.5 1
1573207110 2.176337438 0.5 1
1573207278 2.084555419 1.0 2
1573207447 2.142496862 1.0 3
1573207612 2.219702794 0.5 1
1573207782 2.395875103 1.0 1
1573207950 2.185830634 1.0 1
1573208117 2.003651364 0.5 1
1573208282 2.177091643 0.5 1
1573208451 1.97014584 1.0 1
1573208616 1.91603038 0.5 1
1573220351 2.426506485 2.3333333333333335 3
1573220519 2.103535298 0.5 1
1573220686 2.040346559 1.5 2
1573220856 1.997009829 0.0 0
1573221023 2.007491868 0.5 1
1573221190 1.787651924 1.0 1
1573221354 2.246061221 1.5 2
1573221524 1.903194848 1.0 2
1573221691 2.095280737 1.0 2
1573221860 2.815492282 0.3333333333333333 1
1573222049 2.139794387 1.0 1
1573222219 2.04979537 1.0 1
1573222386 1.999834504 1.0 2
1573222552 2.125454573 0.5 1
1573222722 1.942249617 0.5 1
1573301200 2.044094422 0.5 1
1573301368 2.128911861 1.3333333333333333 2
1573301550 2.07825216 1.0 1
1573301719 2.11949586 0.0 0
1573301905 2.545070168 0.5 1
1573302085 2.081851611 0.0 0
1573302253 1.844286848 1.0 1
1573302426 2.148546297 1.0 1
1573302595 2.178984231 1.5 2
1573302778 2.048560217 1.5 2
1573303912 1.917212948 0.5 1
1573304076 1.920041832 1.0 1
1573304237 2.075727124 1.0 2
1573304403 2.050831596 0.5 1
1573304562 2.016979945 0.5 1
1573304728 1.918158052 1.5 2
1573304887 1.995574433 1.0 2
1573305048 2.01996816 0.0 0
1573305209 1.811681656 1.0 1
1573305369 1.837404792 1.0 1
1573752541 1.965720795 0.5 1
1573752799 2.44357315 1.0 1
1573752958 1.964525727 1.0 2
1573753117 2.914975995 0.0 0
1573753274 2.00596463 1.0 1
1573753429 2.023872385 1.0 1
1573753588 1.80733998 1.0 2
1573753740 1.87800517 0.5 1
1573753903 1.872005058 0.5 1
1573754722 2.011569525 0.5 1
1573754883 1.996056099 0.0 0
1573755044 2.002994412 0.0 0
1573755210 2.005346362 1.0 1
1573755372 1.848754046 1.0 2
1573755530 1.82367321 0.0 0
1573755684 2.113963029 1.5 2
1573755843 1.821541429 1.0 1
1573756001 1.884116274 0.5 1
1573756157 1.879090583 2.3333333333333335 5
1573831466 2.040939607 1.0 1
1573831624 2.084850721 1.0 2
1573831783 1.882447174 0.5 1
1573831954 2.102499545 1.0 1
1573832106 1.976341707 0.5 1
1573832269 2.049048506 0.6666666666666666 2
1573832426 2.182350522 0.5 1
1573832589 1.758544394 1.0 1
1573832745 1.69924107 1.0 1
1573832900 1.96534734 0.5 1
1573833096 1.916468425 1.0 1
1573833251 1.972914801 1.5 2
1573833415 2.007359484 1.0 2
1573833573 1.78718979 1.0 1
1573833730 2.039289665 1.0 1
1573901105 1.827748687 0.5 1
1573901262 2.000012185 1.0 2
1573901418 1.905195347 1.0 2
1573901575 3.079891573 2.6666666666666665 4
1573901735 2.000857434 1.0 1
1573901890 2.119341107 1.3333333333333333 3
1573902045 2.139448128 0.0 0
1573902202 1.970489044 1.5 2
1573902360 1.933668468 0.5 1
1573902516 1.752949339 0.0 0
1574685834 2.464554911 1.3333333333333333 2
1574686034 1.747406347 1.0 2
1574686195 1.953044617 1.5 2
1574686358 2.721325681 1.0 2
1574686515 2.328258411 0.5 1
1574686681 2.032735137 1.0 1
1574686845 3.14069156 0.6666666666666666 2
1574687032 2.437627603 0.5 1
1574687206 2.735512376 1.0 1
1574687370 2.033582637 1.5 2
1574689699 1.777196094 1.0 1
1574689916 2.816691024 0.0 0
1574690085 2.894727479 0.3333333333333333 1
1574690254 2.725072053 0.3333333333333333 1
1574690424 2.707377033 0.3333333333333333 1
1574690585 2.091131645 1.0 2
1574690756 2.392744272 0.5 1
1574690914 2.000517683 0.5 1
1574691099 2.439410798 1.5 2
1574691278 2.888950441 0.6666666666666666 2
1574706900 2.743132263 0.3333333333333333 1
1574707142 1.849637463 0.0 0
1574954244 2.428332102 0.6666666666666666 1
1574954409 2.744588849 1.0 2
1574954586 2.824106384 0.3333333333333333 1
1574954750 2.104420008 0.6666666666666666 1
1574954934 2.640169724 1.3333333333333333 3
1574955091 2.448664828 1.0 3
1574955349 2.389948945 1.0 1
1574955509 2.696798152 0.3333333333333333 1
1574955667 2.683489248 0.3333333333333333 1
1574955828 2.511963179 1.0 1
1575026577 2.31905431 1.0 1
1575026737 2.689204396 0.3333333333333333 1
1575026898 2.001179198 1.5 2
1575027059 2.387049808 0.5 1
1575027223 2.608084373 0.5 1
1575027387 2.499300867 1.0 1
1575027550 2.353828258 0.0 0
1575027708 2.044072885 1.5 2
1575027871 3.109723441 1.0 2
1575028036 2.367757319 0.5 1
1575112892 2.471675078 0.5 1
1575113057 2.371690027 0.5 1
1575113214 2.347969276 1.0 1
1575113377 2.397925928 1.0 3
1575113535 2.569089336 0.6666666666666666 1
1575113694 2.252173467 0.5 1
1575113851 2.518670211 0.5 1
1575114009 2.642139695 1.3333333333333333 2
1575114172 2.468135202 0.6666666666666666 2
1575114333 2.357480723 1.0 1
1575289989 2.413554216 1.5 2
1575290156 2.389563522 0.6666666666666666 2
1575290344 3.123758289 0.0 0
1575290513 2.612538816 1.0 1
1575290689 2.820069465 1.3333333333333333 2
1575290856 2.233668467 1.0 1
1575291011 2.721794802 0.3333333333333333 1
1575291173 2.458250585 0.6666666666666666 2
1575291335 2.468232916 1.5 2
1575384223 1.799293102 1.0 2
1575384383 2.885395377 0.3333333333333333 1
1575384543 2.517155752 1.0 1
1575384704 2.681144026 0.6666666666666666 2
1575384866 2.594060828 1.0 1
1575385185 2.361953699 0.5 1
1575385344 2.457611084 1.0 1
1575385508 2.507469919 0.0 0
1575385667 2.604386436 1.6666666666666667 3
1575556605 2.341480428 0.0 0
1575556765 2.327750257 1.3333333333333333 2
1575556938 2.874523406 0.0 0
1575557123 2.521190802 1.0 1
1575557293 2.81581625 0.0 0
1575557476 2.910483662 1.0 1
1575557652 2.544145546 0.6666666666666666 2
1575557825 2.535489091 2.0 3
1575558285 2.424071701 0.0 0
1575558470 1.955724609 1.0 1
1579184103 2.467572523 0.0 0
1579184818 2.572598857 0.0 0
1579184980 2.99906736 1.0 1
1579185143 2.361176427 1.0 2
1579185316 2.584811337 1.3333333333333333 2
1579185495 2.327454203 0.0 0
1579185676 2.474201287 0.6666666666666666 1
1579185856 2.830240209 0.5 1
1579186044 2.407404398 0.3333333333333333 1
1579186215 2.44492009 0.6666666666666666 1
1579351839 2.652764087 0.6666666666666666 2
1579351999 2.746653214 1.3333333333333333 2
1579352160 2.254683492 0.5 1
1579352321 2.57554032 0.5 1
1579352484 2.353427677 1.0 2
1579352648 2.56131114 1.0 1
1579352805 2.471208907 1.0 2
1579352967 2.985212059 0.6666666666666666 1
1579353130 2.557403614 0.5 1
1579353996 2.785292956 0.3333333333333333 1
1579522922 1.867149971 0.0 0
1579523124 2.523011051 1.3333333333333333 2
1579523315 2.516100696 1.0 2
1579523479 2.576574683 1.3333333333333333 2
1579523654 2.222485395 0.5 1
1579523835 2.641921224 1.3333333333333333 2
1579524017 2.352088667 1.0 2
1579524205 2.211469084 1.0 1
1579524372 2.816759507 0.6666666666666666 1
1579524541 2.177645122 0.0 0
1579537525 2.872621985 0.6666666666666666 2
1580215399 2.479405542 0.6666666666666666 1
1580215570 2.21615587 0.5 1
1580215733 2.126797631 1.0 1
1580215892 2.552746116 0.5 1
1580216052 2.525924552 1.0 1
1580216215 2.351735439 0.0 0
1580216374 2.255264011 1.5 2
1580216538 2.826135716 0.0 0
1580216697 2.636299232 1.3333333333333333 2
1580216878 2.908493907 0.6666666666666666 2
1580304787 2.363801623 1.5 2
1580304944 2.947115521 0.3333333333333333 1
1580305106 2.343702136 3.0 4
1580305267 2.423177129 0.6666666666666666 2
1580305450 2.710179799 1.0 1
1580305613 2.633747563 0.5 1
1580305774 2.361484951 1.3333333333333333 2
1580305931 2.090053834 1.0 2
1580306087 2.457112923 1.5 2
1580306248 2.541126554 0.6666666666666666 2
1581935287 2.558512071 0.6666666666666666 1
1581935445 2.427753662 1.5 2
1581935607 2.817999086 0.6666666666666666 1
1581935772 2.635131498 0.6666666666666666 1
1581935940 2.547789776 0.5 1
1581936111 2.764155868 0.6666666666666666 1
1581936282 2.133160599 0.6666666666666666 1
1581936445 2.515892819 0.5 1
1581936604 2.295118931 0.5 1
1581936779 2.616567171 0.6666666666666666 1
1582026962 2.523098574 0.5 1
1582027124 2.397718376 0.5 1
1582027290 2.512129945 1.0 1
1582027457 2.594482411 1.0 2
1582027868 2.383603874 1.3333333333333333 2
1582028035 2.270281426 1.0 1
1582028201 2.688331116 1.0 1
1582028370 2.675045261 1.0 1
1582028540 1.803546469 1.0 2
1582028708 2.472832685 1.0 2
1582113183 2.88745991 1.0 2
1582113343 2.695424039 1.3333333333333333 2
1582113509 2.844707461 1.3333333333333333 2
1582113843 2.663699633 1.0 1
1582114018 2.262532393 1.0 2
1582114179 2.510676955 1.3333333333333333 3
1582114342 2.549383188 1.0 2
1582114507 2.313112457 1.0 2
1582114674 2.101897623 1.0 2
1582114834 2.611666027 0.6666666666666666 2
1582115003 2.662869847 0.6666666666666666 2
1582115164 2.383338157 1.0 3
1582115332 2.333291533 0.0 0
1582115495 2.178171189 0.0 0
1582115658 2.20797932 0.5 1
1582115820 2.515916393 0.3333333333333333 1
1582115984 2.659211759 0.6666666666666666 1
1582116165 2.358193915 1.0 1
1582116379 2.386259483 1.0 1
1582116558 1.763458751 2.0 2
1582116722 2.475557263 1.0 1
1582119042 2.678466829 1.0 1
1582119203 2.618866139 1.3333333333333333 2
1582119375 2.901234009 1.0 1
1582119551 2.767790152 1.0 1
1582119726 2.433574205 1.3333333333333333 2
1582119887 2.533856351 1.5 2
1582120062 2.423388664 1.5 2
1582120236 2.346109015 0.5 1
1582120956 2.374329503 1.0 1
1582121123 2.109777827 1.0 1
1582121367 2.428365279 1.3333333333333333 2
1582121529 3530.701580637 0.0 0
1582125272 2.380684582 0.3333333333333333 1
1582125721 2.442747854 1.3333333333333333 3
1582126082 2.433787404 0.5 1
1582126250 1.992020068 1.0 1
1582126412 2.523682021 0.5 1
1582126581 2.129365363 0.0 0
1582126743 2.729065565 0.6666666666666666 2
1582126907 1.698225356 1.5 2
1582127067 2.442515561 0.6666666666666666 2
1582127232 2.163616977 1.0 2
1582127401 2.677037907 0.6666666666666666 2
1582127567 2.522639232 0.5 1
1582127731 2.057582391 0.5 1
1582127894 2.007841546 1.0 2
1582128055 2.153960715 0.5 1
1582128221 2.103656186 0.5 1
1582128399 2.047435543 1.5 3
1582128562 2.150390918 0.0 0
1582128724 2.775719411 0.6666666666666666 2
1582128890 2.247651372 0.0 0
1582129056 2.287381116 0.6666666666666666 2
1582129225 1.926928271 0.0 0
1582129383 1.913885598 0.5 1
1582129545 2.008579217 0.5 1
1582129707 2.001358515 0.5 1
1582185132 2.695479126 0.3333333333333333 1
1582185312 2.485651754 0.6666666666666666 1
1582186045 2.68059208 0.0 0
1582186204 2.427381213 0.0 0
1582186940 2.516673905 0.0 0
1582187901 2.534744652 0.0 0
1582188062 2.351925944 0.5 1
1582188219 2.514735267 0.6666666666666666 1
1582188379 2.729376043 0.0 0
1582193831 2.052321336 2.5 3
1582193994 2.459173448 0.6666666666666666 1
1582194158 2.472548952 1.0 1
1582194315 2.298813435 1.0 1
1582194475 2.773151514 1.3333333333333333 2
1582194640 2.317958845 1.0 1
1582194806 2.430209415 1.0 1
1582194969 2.2647035 0.5 1
1582195130 2.343365731 0.5 1
1582195294 2.310392196 0.0 0
1582195788 2.560388614 0.5 1
1582195946 2.272384354 0.0 0
1582196104 2.268718695 0.6666666666666666 2
1582196264 2.230949081 0.5 1
1582196423 2.41473143 1.0 2
1582196582 2.706467466 0.3333333333333333 1
1582196739 2.652225323 0.6666666666666666 2
1582196900 2.341047518 0.5 1
1582197062 2.25692844 1.0 1
1582197229 2.770004067 1.3333333333333333 3
1582197385 1.87123158 1.5 2
1582197561 2.559905104 2.3333333333333335 3
1582197722 2.379503026 1.0 1
1582197880 2.22797647 0.5 1
1582198038 2.468903717 0.3333333333333333 1
1582198195 2.403895416 0.0 0
1582198356 2.537508791 0.3333333333333333 1
1582198515 2.427757819 0.0 0
1582198794 2.09042955 0.0 0
1582199146 2.44165437 0.6666666666666666 2
1582631451 2.13095406 0.5 1
1582631612 2.351594622 0.6666666666666666 2
1582631767 2.590642045 1.0 3
1582631924 2.345500338 0.5 1
1582632082 2.46810557 0.6666666666666666 2
1582632238 2.594837309 0.6666666666666666 2
1582632398 2.648846751 1.0 3
1582632561 2.592996575 0.5 1
1582632722 2.244788156 1.0 2
1582632881 2.626574864 1.0 2
1582884582 1.967331491 1.0 1
1582884759 2.29331488 1.0 1
1582884928 2.423458796 0.5 1
1582885092 2.092585829 1.0 1
1582885255 2.428418711 1.0 1
1582885418 2.335864372 1.0 1
1582885577 2.605544585 1.3333333333333333 3
1582885739 2.561813753 0.5 1
1582885904 2.214662888 1.3333333333333333 3
1582886062 2.404067174 1.0 1
1574707142 1.849637463 0.0 0
