1569850034 6.037177415 0.0 0
1569850238 6.187698102 0.0 0
1569850034 6.037177415 0.0 0
1569850238 6.187698102 0.0 0
1569850790 10.894534054 0.0 0
1569851052 6.23683912 0.0 0
1569851257 6.18163874 0.0 0
1569851607 5.976267791 0.0 0
1569851820 6.29933017 0.0 0
1569852049 6.139061631 0.0 0
1569852273 6.231188046 0.0 0
1569852511 6.008731494 0.0 0
1569853123 12.148828683 0.0 0
1569853438 6.291777314 0.0 0
1570543158 6.108065118 0.0 0
1570543520 5.8499578 0.0 0
1570543730 5.88604784 0.0 0
1570544647 6.208787452 0.0 0
1570544906 6.067798516 0.0 0
1570545107 6.071223558 0.0 0
1570545324 5.974937395 0.0 0
1571323030 5.772023389 0.16666666666666666 1
1571325149 5.954521579 0.0 0
1571325345 5.927649141 0.0 0
1571325551 5.879202525 0.0 0
1571325751 5.913463773 0.0 0
1571325947 5.968433689 0.16666666666666666 1
1571326155 5.815320517 2.0 3
1571326839 6.088253444 0.0 0
1571327054 5.984294301 0.0 0
1571327263 5.964418907 0.0 0
1571395940 6.001095415 0.0 0
1571396137 5.982981112 0.0 0
1571396333 5.988836014 0.0 0
1571396532 6.807430283 0.0 0
1571396733 5.144783212 0.0 0
1571396958 5.961048511 0.0 0
1571397163 5.95405714 0.0 0
1571397364 6.013975599 0.0 0
1571397561 6.106824579 0.0 0
1571397758 6.121862625 0.0 0
1571405007 6.016552573 0.0 0
1571405205 6.083087278 0.0 0
1571405402 6.124609566 0.0 0
1571405631 6.226797529 0.0 0
1571405835 5.929335754 0.0 0
1571409053 6.019181551 0.0 0
1571409255 6.028537704 0.0 0
1571409456 6.191680229 0.0 0
1571409673 5.963998569 0.0 0
1571409872 6.013788232 0.0 0
1571664439 29.911690828 0.0 0
1571664986 5.891735442 0.0 0
1571665183 6.244816671 0.0 0
1571665395 6.066532967 0.0 0
1571665589 6.106247952 0.0 0
1571665784 6.113382932 0.0 0
1571668202 6.107098578 0.0 0
1571668400 5.894496751 0.0 0
1571668604 6.015438884 0.0 0
1571668799 5.882553064 0.0 0
1571669000 6.172262721 0.0 0
1571752072 5.996641631 0.0 0
1571752268 6.000070867 0.0 0
1571752467 6.104230498 0.0 0
1571752672 5.997370299 0.0 0
1571752867 6.079792577 0.0 0
1571753062 6.119602327 0.0 0
1571753260 6.032192911 0.0 0
1571753459 4.512796832 0.0 0
1571753655 5.943625356 0.0 0
1571753852 6.058308814 0.0 0
1571760210 6.014109865 0.0 0
1571760407 6.132671932 0.0 0
1571760609 5.925927902 0.0 0
1571760805 5.866602203 0.0 0
1571761007 5.975925243 0.0 0
1571761215 6.073058593 0.0 0
1571761414 6.143268414 0.0 0
1571761609 6.149716742 0.0 0
1571761805 5.968530081 0.0 0
1571762013 6.176181145 0.0 0
1572003315 6.064629144 0.0 0
1572003512 6.027239433 0.0 0
1572003707 6.100947536 0.0 0
1572003905 6.056789729 0.0 0
1572004102 6.201398982 0.0 0
1572004298 5.959123503 0.0 0
1572004492 6.111442372 0.0 0
1572004691 6.023926923 0.0 0
1572004893 6.09785166 0.0 0
1572005091 5.92724171 0.0 0
1572011293 5.950148658 0.0 0
1572011490 6.022151801 0.0 0
1572011686 4.734525672 0.0 0
1572011883 6.040023053 0.0 0
1572012079 6.065953464 0.0 0
1572012277 6.140197809 0.0 0
1572012471 6.075140508 0.0 0
1572012666 5.940886526 0.0 0
1572012862 4.35079713 0.0 0
1572013055 6.037026972 0.0 0
1572265114 5.981016522 0.0 0
1572265311 6.035004604 0.0 0
1572265510 6.043143953 0.0 0
1572265708 5.972065841 0.0 0
1572265913 5.911685944 0.0 0
1572266115 6.014013085 0.0 0
1572266312 6.044423343 0.0 0
1572266513 6.227032786 0.0 0
1572266711 6.032242327 0.0 0
1572266914 5.984005505 0.0 0
1572274171 4.780689834 0.0 0
1572274344 4.999641815 0.0 0
1572274513 4.770246099 0.0 0
1572274685 4.962965343 0.0 0
1572274853 4.955167404 0.0 0
1572275022 4.953178052 0.0 0
1572275194 4.939211273 0.0 0
1572275370 6.568117515 0.0 0
1572275540 4.895926699 0.0 0
1572275713 4.85717595 0.0 0
1572361330 6.030785352 0.0 0
1572361525 5.974380701 0.0 0
1572361719 6.239994028 0.0 0
1572361914 5.914457626 0.0 0
1572362114 5.833424537 0.0 0
1572362307 5.918680171 0.0 0
1572362503 6.147173455 0.0 0
1572362703 6.016180053 0.0 0
1572362898 5.914638165 0.0 0
1572363094 6.043776137 0.0 0
1572366962 4.928697229 0.0 0
1572367130 4.953737341 0.0 0
1572367302 4.960129765 0.0 0
1572367468 4.881768982 0.0 0
1572367651 4.774954767 0.0 0
1572367828 4.792428331 0.0 0
1572367997 4.661800643 0.0 0
1572368166 4.824484105 0.0 0
1572368333 4.835957388 0.0 0
1572368498 4.802311108 0.0 0
1572532445 6.10803692 0.16666666666666666 1
1572532646 6.206951271 0.0 0
1572532851 6.053075508 0.0 0
1572544550 4.86114562 0.0 0
1572544718 4.905214239 0.0 0
1572544889 4.912516958 0.0 0
1572545062 4.867054655 0.0 0
1572545235 4.843576637 0.0 0
1572870064 4.816049837 0.2 1
1572870281 4.929863694 0.0 0
1572870464 4.80604089 0.5 1
1572870685 4.964641239 0.4 1
1572870854 4.731137789 0.16666666666666666 1
1572965443 4.944491585 1.0 1
1572965611 4.851991201 0.6 1
1572965778 4.960342606 0.6 1
1572965947 4.956883834 0.6 1
1572966119 4.885490414 0.6 1
1572966285 4.722793798 0.8 1
1572966457 4.96410568 0.8 1
1572966640 4.876755003 0.6 1
1572966820 4.773956138 0.4 1
1572966984 4.67393936 0.0 0
1573207091 4.74890193 0.0 0
1573207259 4.826437899 0.0 0
1573207429 4.770403505 0.0 0
1573207593 5.00560814 0.0 0
1573207764 4.869431886 0.0 0
1573207931 4.951473133 0.0 0
1573208098 4.856155787 0.0 0
1573208263 4.849927506 0.0 0
1573208432 4.993780338 0.4 1
1573208597 4.762421595 0.0 0
1573220332 4.862648536 0.0 0
1573220500 4.818305983 0.0 0
1573220667 4.844194293 0.0 0
1573220836 4.90925684 0.2 1
1573221004 4.860802086 0.2 1
1573221171 4.864183434 0.0 0
1573221335 4.849763494 0.0 0
1573221505 4.974907022 0.0 0
1573221672 4.937430637 0.0 0
1573221841 4.847946309 0.0 0
1573222030 4.691734268 0.0 0
1573222200 4.795654684 0.0 0
1573222367 4.783816373 0.0 0
1573222533 4.77810785 0.0 0
1573222703 4.824384775 0.0 0
1573301181 4.803918194 0.2 1
1573301350 4.771510251 0.0 0
1573301532 4.748681627 0.0 0
1573301699 4.787330519 0.0 0
1573301885 4.781945352 0.0 0
1573302065 5.059706335 0.2 1
1573302233 4.77175728 0.2 1
1573302407 4.829195424 0.2 1
1573302576 4.789339307 0.8 1
1573302759 5.003842551 0.2 1
1573303894 4.357368889 0.75 1
1573304058 4.218108892 0.0 0
1573304219 4.058386552 0.0 0
1573304385 4.111284718 1.25 2
1573304544 4.509972142 0.0 0
1573304710 4.25300641 0.2 1
1573304869 4.49959024 1.4 2
1573305029 4.343762225 0.8 1
1573305191 4.17785765 1.0 1
1573305351 4.100904606 0.0 0
1573752523 4.331145268 0.0 0
1573752781 4.30202948 0.0 0
1573752940 4.193360054 0.0 0
1573753099 4.312199218 0.0 0
1573753256 4.266692265 0.0 0
1573753411 4.332713742 0.0 0
1573753570 4.615597756 0.0 0
1573753722 4.566160598 0.0 0
1573753884 4.444428992 0.0 0
1573754704 4.558743784 0.0 0
1573754864 4.167298688 0.0 0
1573755025 4.5630376 0.0 0
1573755192 4.410927892 0.0 0
1573755355 4.301981947 0.0 0
1573755512 4.400414075 0.0 0
1573755667 4.306786974 0.0 0
1573755825 4.412313376 0.0 0
1573755983 4.389532023 0.0 0
1573756141 4.520832811 0.0 0
1573831448 4.416394599 0.0 0
1573831606 4.563997806 0.0 0
1573831764 4.33398494 0.0 0
1573831936 4.375754598 0.0 0
1573832088 4.306385997 0.0 0
1573832251 4.498516873 0.0 0
1573832408 4.401046417 0.0 0
1573832571 4.427888735 0.0 0
1573832727 4.388092968 0.0 0
1573832882 4.616915206 0.0 0
1573833078 4.560574108 0.0 0
1573833233 4.355268806 0.0 0
1573833398 4.37560034 0.0 0
1573833555 4.353282317 0.0 0
1573833713 4.281605207 0.0 0
1573901087 4.266143042 0.0 0
1573901244 4.159940876 0.0 0
1573901401 4.30781257 0.0 0
1573901557 4.311448198 0.0 0
1573901718 3.823806262 0.0 0
1573901872 4.231319155 0.0 0
1573902027 4.243710804 0.0 0
1573902184 4.316316187 0.0 0
1573902342 4.351713324 0.0 0
1573902498 4.373251435 0.0 0
1574685816 4.343270264 0.0 0
1574686009 4.417722901 0.0 0
1574686177 4.348441037 0.0 0
1574686339 4.421045279 0.0 0
1574686497 4.397571574 0.0 0
1574686663 4.427233995 0.0 0
1574686827 4.822687553 0.0 0
1574687013 4.314309102 0.0 0
1574687188 4.484978485 0.0 0
1574687352 4.611674633 0.0 0
1574689681 4.482715123 0.0 0
1574689897 4.395579535 0.0 0
1574690066 4.4362853 0.0 0
1574690236 4.432549861 0.0 0
1574690406 4.309128528 0.0 0
1574690566 4.321956581 0.0 0
1574690737 4.27917272 0.0 0
1574690896 4.328946753 0.0 0
1574691081 4.378806375 0.0 0
1574691259 4.612211843 0.0 0
1574706881 4.462497287 0.0 0
1574707124 4.339989085 0.0 0
1574954226 4.443956268 0.0 0
1574954391 4.456806822 0.0 0
1574954567 4.485869604 0.0 0
1574954731 5.016460563 0.0 0
1574954915 5.060880313 0.0 0
1574955073 4.305216883 0.0 0
1574955331 4.343470449 0.0 0
1574955490 4.407815278 0.0 0
1574955649 4.351621793 0.0 0
1574955810 4.375465884 0.0 0
1575026559 4.3020823 0.0 0
1575026719 4.419583858 0.0 0
1575026880 4.319616462 0.0 0
1575027041 4.352827789 0.0 0
1575027204 4.498914401 0.0 0
1575027366 4.406983189 0.0 0
1575027532 4.331217685 0.0 0
1575027689 4.399573114 0.0 0
1575027853 4.477201404 0.0 0
1575028018 4.442837384 0.0 0
1575112873 4.373936129 0.0 0
1575113038 4.400427974 0.0 0
1575113196 4.246942545 0.0 0
1575113359 4.478277283 0.0 0
1575113517 4.522940184 0.0 0
1575113676 4.315203976 0.0 0
1575113833 4.326051084 0.0 0
1575113991 4.106761586 0.0 0
1575114154 4.516583565 0.0 0
1575114315 4.479651923 0.0 0
1575289803 4.69354457 0.0 0
1575289970 4.499524278 0.0 0
1575290138 4.379455473 0.0 0
1575290325 4.398083042 0.0 0
1575290495 4.273326569 0.0 0
1575290670 4.364221348 0.0 0
1575290835 4.816433137 0.0 0
1575290993 4.329172575 0.0 0
1575291155 4.338826105 0.0 0
1575291317 4.51286502 0.0 0
1575384205 4.35178127 0.0 0
1575384365 4.383993999 0.0 0
1575384525 4.444787717 0.0 0
1575384685 4.219266139 0.0 0
1575384847 4.546546689 0.0 0
1575385007 4.583412249 0.0 0
1575385166 4.58426283 0.0 0
1575385326 4.278471093 0.0 0
1575385489 4.440937517 0.0 0
1575385649 4.257088125 0.0 0
1575556586 4.416125093 0.0 0
1575556747 4.489232314 0.0 0
1575556919 4.445643396 0.0 0
1575557105 4.385272777 0.0 0
1575557274 4.351541478 0.0 0
1575557458 4.348727635 0.0 0
1575557634 4.286399014 0.0 0
1575557806 4.417726765 0.0 0
1575558266 4.391999284 0.0 0
1575558452 4.494231032 0.0 0
1579184085 4.355761689 1.25 2
1579184799 4.500890017 0.0 0
1579184961 4.355126037 0.0 0
1579185125 4.393550452 0.0 0
1579185298 4.401671464 0.0 0
1579185477 4.447583376 0.0 0
1579185658 4.526717509 0.0 0
1579185837 4.362119372 0.0 0
1579186026 4.368509301 0.0 0
1579186197 4.265301657 0.0 0
1579351815 10.170571248 0.0 0
1579351981 4.444360523 0.0 0
1579352141 4.314396661 0.0 0
1579352302 4.578583578 0.0 0
1579352465 4.486074985 0.0 0
1579352630 4.320850174 0.0 0
1579352787 4.531680709 0.0 0
1579352948 4.559662476 0.0 0
1579353111 4.369597275 0.0 0
1579353984 4.73891272 0.0 0
1579522902 4.389612325 0.0 0
1579523106 4.47364488 0.0 0
1579523297 4.423594362 0.0 0
1579523461 4.407755429 0.0 0
1579523635 4.449000014 0.0 0
1579523816 4.54139653 0.0 0
1579523999 4.465445955 0.0 0
1579524186 4.266577113 0.0 0
1579524354 4.368069849 0.0 0
1579524522 4.382666323 0.0 0
1579537507 4.398713896 0.0 0
1580215364 4.407154891 0.0 0
1580215551 4.399232254 0.0 0
1580215714 4.43870681 0.0 0
1580215873 4.499783272 0.0 0
1580216034 4.450866132 0.0 0
1580216196 4.298338828 0.0 0
1580216356 4.353986615 0.0 0
1580216519 4.355243859 0.0 0
1580216679 4.3729346 0.0 0
1580216860 4.50935401 0.0 0
1580304769 4.295025347 0.0 0
1580304925 4.320609397 0.0 0
1580305088 4.551558251 0.0 0
1580305248 4.395722821 0.0 0
1580305432 4.480484582 0.0 0
1580305594 4.451560546 0.0 0
1580305756 4.429331195 0.0 0
1580305913 4.429697662 0.0 0
1580306068 4.361619495 0.0 0
1580306229 4.429467584 0.0 0
1581935269 4.367446502 0.0 0
1581935427 4.328833041 0.0 0
1581935588 4.518901998 0.0 0
1581935754 4.295934183 0.0 0
1581935921 4.479082483 0.0 0
1581936093 4.425863595 0.0 0
1581936264 4.275540738 0.0 0
1581936427 4.287792921 0.0 0
1581936585 4.229487359 0.0 0
1581936761 4.476642556 0.0 0
1582026943 4.61804847 0.0 0
1582027106 4.395820603 0.0 0
1582027271 5.202452821 0.0 0
1582027438 5.104534658 0.0 0
1582027850 4.33109054 0.0 0
1582028016 4.49167944 0.0 0
1582028183 4.328840227 0.0 0
1582028351 5.172071403 0.0 0
1582028520 5.312211949 0.0 0
1582028689 5.153610338 0.0 0
1582113159 4.950611679 0.0 0
1582113325 4.505818295 0.0 0
1582113490 4.649151362 0.0 0
1582113657 4.105414637 0.0 0
1582113824 4.899004134 0.0 0
1582113999 5.155547577 0.0 0
1582114161 4.660241921 0.0 0
1582114324 4.910852129 0.0 0
1582114489 4.296015415 0.0 0
1582114654 5.258639055 0.0 0
1582114816 4.297511431 0.0 0
1582114984 5.255865155 0.0 0
1582115145 4.678262436 0.0 0
1582115313 4.833796698 0.0 0
1582115476 5.109816961 0.0 0
1582115639 4.728104424 0.0 0
1582115802 4.440124542 0.0 0
1582115966 5.143649403 0.0 0
1582116146 5.243124921 0.0 0
1582116361 4.183500895 0.0 0
1582116538 4.544279292 0.0 0
1582116702 4.824663205 0.0 0
1582119023 4.701182523 0.0 0
1582119184 4.24432059 0.0 0
1582119356 5.018374595 0.0 0
1582119532 4.980470918 0.0 0
1582119707 5.1489206 0.0 0
1582119869 4.229263991 0.0 0
1582120043 5.13596419 0.0 0
1582120218 4.341193204 0.0 0
1582120938 4.186290843 0.0 0
1582121105 4.34372927 0.25 1
1582121348 5.277320961 0.0 0
1582121510 4.531155406 0.0 0
1582125253 4.968260978 0.0 0
1582125695 3.463336081 0.0 0
1582125897 4.681075778 0.0 0
1582126063 4.298228441 0.0 0
1582126232 4.604607124 0.0 0
1582126393 4.461125024 0.0 0
1582126561 4.945411843 0.0 0
1582126724 5.101437182 0.0 0
1582126888 4.934357212 0.0 0
1582127049 4.088534614 0.0 0
1582127213 5.04880435 0.0 0
1582127382 5.011329547 0.0 0
1582127548 5.044060383 0.0 0
1582127711 5.11189145 0.0 0
1582127875 5.032704845 0.0 0
1582128035 5.064006925 0.0 0
1582128202 4.409844581 0.0 0
1582128381 3.625984891 0.0 0
1582128543 5.032117733 0.0 0
1582128706 4.464873994 0.0 0
1582129038 4.283774057 0.0 0
1582129206 4.443666777 0.0 0
1582129364 4.820088068 0.0 0
1582129526 5.038141329 0.0 0
1582129689 4.322924645 0.0 0
1582185113 5.115387917 0.0 0
1582185294 5.021481897 0.0 0
1582186027 4.360303325 0.0 0
1582186186 4.436316434 0.0 0
1582186922 4.222401204 0.0 0
1582187883 4.232196697 0.0 0
1582188043 5.118494667 0.0 0
1582188201 4.459274395 0.0 0
1582188361 4.514548494 0.0 0
1582193813 4.224273232 0.0 0
1582193976 4.383952037 0.0 0
1582194140 4.445846865 0.0 0
1582194296 4.465006147 0.0 0
1582194457 4.307064663 0.0 0
1582194622 4.389599675 0.0 0
1582194784 4.360427865 0.0 0
1582194951 4.452556231 0.0 0
1582195112 4.362477253 0.0 0
1582195275 4.568972789 0.0 0
1582195769 4.406008146 0.0 0
1582195928 4.467700436 0.0 0
1582196086 4.402636518 0.0 0
1582196245 4.472330093 0.0 0
1582196404 4.421908276 0.0 0
1582196564 4.404019279 0.0 0
1582196721 4.3520995 0.0 0
1582196882 4.347431887 0.0 0
1582197044 4.365643829 0.0 0
1582197211 4.396379111 0.0 0
1582197366 4.541509722 0.0 0
1582197533 4.354854576 0.0 0
1582197704 4.48339784 0.0 0
1582197861 4.420422529 0.0 0
1582198020 4.450225382 0.0 0
1582198176 4.398450009 0.0 0
1582198338 4.342643052 0.0 0
1582198496 4.437251957 0.0 0
1582198776 4.175532031 0.0 0
1582199128 4.378248704 0.0 0
1582631432 4.368390066 0.0 0
1582631593 4.296731321 0.0 0
1582631749 4.284372845 0.0 0
1582631906 4.191987595 0.0 0
1582632064 4.416536555 0.0 0
1582632220 4.355526715 0.0 0
1582632380 4.4455558 0.0 0
1582632542 4.249230796 0.0 0
1582632704 4.719562572 0.0 0
1582632863 4.371660764 0.0 0
1582884563 4.471235335 0.0 0
1582884741 4.467251922 0.0 0
1582884909 4.302092821 0.0 0
1582885073 4.39973179 0.0 0
1582885237 4.47467905 0.0 0
1582885400 4.400491024 0.0 0
1582885559 4.396053783 0.0 0
1582885721 4.335041542 0.0 0
1582885886 4.3633355 0.0 0
1582886044 4.255814054 0.0 0
1574707124 4.339989085 0.0 0
