1569850044 2.092898959 0.0 0
1569850248 2.270651874 0.0 0
1569850044 2.092898959 0.0 0
1569850248 2.270651874 0.0 0
1569850805 2.280923826 1.0 1
1569851061 2.290536851 0.3333333333333333 1
1569851267 2.198055064 0.0 0
1569851617 2.201323753 0.3333333333333333 1
1569851829 2.230520278 0.3333333333333333 1
1569852058 2.432392803 0.6666666666666666 1
1569852283 2.138439347 0.0 0
1569852520 2.30306229 0.0 0
1569853139 2.344159182 0.5 1
1569853448 2.173798215 0.0 0
1570543167 2.258523947 0.0 0
1570543529 2.310307339 0.6666666666666666 2
1570543739 2.283601633 0.0 0
1570544657 2.305270181 0.3333333333333333 1
1570544915 2.383033896 0.3333333333333333 1
1570545116 2.187785848 0.0 0
1570545333 2.371922908 0.0 0
1571323040 2.329525899 0.0 0
1571325158 2.252684124 0.0 0
1571325354 2.354734141 0.5 1
1571325560 2.085091487 0.5 1
1571325760 2.125755497 0.0 0
1571325956 2.269821881 0.0 0
1571326181 4.000809449 0.0 0
1571326848 2.203304964 0.5 1
1571327064 2.215883165 0.0 0
1571327273 2.390287296 0.0 0
1571395949 2.217980113 0.0 0
1571396147 2.201449658 0.5 1
1571396343 2.303163955 0.0 0
1571396542 2.256208049 1.0 2
1571396742 2.477444869 0.0 0
1571396968 2.168078168 0.5 1
1571397172 2.152388588 0.0 0
1571397374 2.183839118 0.0 0
1571397570 2.272895342 0.5 1
1571397767 2.315502358 0.3333333333333333 1
1571405016 2.402403103 0.0 0
1571405214 2.181881356 0.0 0
1571405412 2.309458806 0.0 0
1571405640 2.507028046 0.3333333333333333 1
1571405844 2.298182756 0.5 1
1571409062 2.221158724 0.0 0
1571409264 2.275749651 0.0 0
1571409466 2.182802867 0.0 0
1571409682 2.307970184 0.6666666666666666 1
1571409881 2.271627025 0.5 1
1571664486 5.099384869 -1 -1
1571664995 2.298633108 0.0 0
1571665193 2.321156478 0.5 1
1571665404 2.267562445 0.0 0
1571665598 2.296081185 0.0 0
1571665794 2.323955422 0.0 0
1571668211 2.290287049 0.0 0
1571668410 2.255170505 0.0 0
1571668614 2.278992719 0.0 0
1571668808 2.181087704 0.0 0
1571669009 2.163113423 0.5 1
1571752082 2.331795353 0.0 0
1571752277 2.50100664 0.3333333333333333 1
1571752477 2.288387305 1.0 1
1571752681 2.243673407 0.0 0
1571752877 2.194069681 0.0 0
1571753072 2.144046387 0.0 0
1571753269 2.308362593 0.6666666666666666 2
1571753466 2.275226216 0.3333333333333333 1
1571753664 2.226835586 0.0 0
1571753861 2.301998496 0.0 0
1571760219 2.209805945 0.0 0
1571760416 2.30882176 0.6666666666666666 1
1571760618 2.203753418 0.0 0
1571760814 2.244577187 0.0 0
1571761016 2.219565168 1.0 2
1571761224 2.348836019 0.3333333333333333 1
1571761423 2.292552179 0.0 0
1571761618 2.269023606 0.0 0
1571761815 2.338810412 0.0 0
1571762022 2.351596385 0.5 1
1572003325 2.356651269 0.5 1
1572003521 2.238363117 0.0 0
1572003717 2.275605768 0.0 0
1572003914 2.260392011 0.6666666666666666 1
1572004111 2.260839424 0.0 0
1572004307 2.245400958 0.5 1
1572004501 2.249962468 0.5 1
1572004700 2.455542809 0.5 1
1572004902 2.187715884 0.0 0
1572005101 2.280822223 0.0 0
1572011302 2.399758672 0.0 0
1572011499 2.292502956 0.0 0
1572011694 2.267833827 0.0 0
1572011893 2.339576207 0.0 0
1572012089 2.308749781 0.0 0
1572012286 2.09396566 0.0 0
1572012481 2.229633386 0.0 0
1572012675 2.468990963 0.0 0
1572012870 2.36836936 0.5 1
1572013064 2.261061199 0.0 0
1572265123 2.322950105 0.0 0
1572265320 2.272036062 0.0 0
1572265519 2.248433242 0.0 0
1572265717 2.185594252 0.5 1
1572265922 2.3845202 0.0 0
1572266124 2.210657444 0.0 0
1572266321 2.22349137 0.0 0
1572266522 2.475821387 1.0 2
1572266721 2.375687373 0.5 1
1572266923 2.181939535 0.6666666666666666 1
1572274179 2.020664559 0.3333333333333333 1
1572274352 2.082390297 1.5 2
1572274520 2.138441982 0.0 0
1572274692 2.044754923 0.3333333333333333 1
1572274860 2.164039706 0.0 0
1572275030 1.994822725 0.5 1
1572275202 2.098628074 0.0 0
1572275379 2.074700085 0.0 0
1572275547 2.043020056 0.0 0
1572275721 2.101239146 0.0 0
1572361339 2.309165096 0.0 0
1572361534 2.425647263 0.6666666666666666 1
1572361729 2.207581758 0.5 1
1572361924 2.223928351 1.0 1
1572362123 2.167606857 0.0 0
1572362316 2.243933113 0.3333333333333333 1
1572362513 2.300666296 0.0 0
1572362712 2.252340015 0.0 0
1572362907 2.359392005 0.6666666666666666 1
1572363103 2.378944571 1.3333333333333333 2
1572366970 2.050803059 0.5 1
1572367138 2.050809432 0.0 0
1572367310 2.088456287 0.5 1
1572367476 2.109278553 0.5 1
1572367659 2.089766296 0.0 0
1572367836 2.09692048 1.0 2
1572368005 2.041962354 0.6666666666666666 2
1572368173 1.952988159 0.0 0
1572368340 2.038841592 0.5 1
1572368505 2.149162036 0.0 0
1572532454 2.390652937 0.5 1
1572532655 2.268393512 1.0 1
1572532860 2.132158087 0.0 0
1572544557 2.061121469 0.0 0
1572544726 2.086250827 0.5 1
1572544897 2.049060639 1.0 1
1572545069 2.097233727 1.0 2
1572545243 1.973636074 0.5 1
1572870072 1.919759317 1.0 1
1572870289 2.047447424 0.0 0
1572870471 2.034989595 0.5 1
1572870693 2.00717018 0.6666666666666666 2
1572870861 1.977141299 0.0 0
1572965451 2.254698942 1.0 1
1572965618 2.31192839 0.3333333333333333 1
1572965786 2.086366889 0.0 0
1572965955 2.027017315 0.0 0
1572966126 2.130270826 1.0 2
1572966293 2.002877411 0.0 0
1572966464 2.121172144 0.5 1
1572966648 1.94544394 0.5 1
1572966827 2.086205597 0.0 0
1572966991 2.176568454 0.0 0
1573207099 1.910904389 0.5 1
1573207267 2.074988819 1.0 1
1573207436 1.940592155 0.5 1
1573207601 2.081822798 1.0 1
1573207771 2.007946598 0.5 1
1573207938 1.997856354 0.0 0
1573208105 2.119956765 0.0 0
1573208271 2.134270318 1.0 1
1573208439 2.225286551 0.5 1
1573208604 1.924586147 0.5 1
1573220340 2.095446352 0.0 0
1573220507 2.084104445 0.0 0
1573220675 2.055576874 0.0 0
1573220844 2.030226127 0.5 1
1573221012 2.152951713 0.5 1
1573221178 2.103930194 0.5 1
1573221343 1.877165775 1.0 1
1573221513 2.003776002 0.5 1
1573221679 2.121675501 0.0 0
1573221849 1.998802178 1.5 2
1573222037 1.948073168 0.5 1
1573222208 1.972969197 0.0 0
1573222375 2.012276562 0.0 0
1573222541 2.130273429 1.0 1
1573222710 2.038446135 0.5 1
1573301188 2.074832329 1.3333333333333333 2
1573301357 2.051612114 0.0 0
1573301539 2.020864462 0.0 0
1573301707 2.007607753 0.0 0
1573301893 2.013056103 0.0 0
1573302073 2.136144607 0.0 0
1573302241 2.131962081 0.0 0
1573302415 2.121860555 0.0 0
1573302584 2.039713442 0.0 0
1573302767 2.094941185 0.0 0
1573303901 2.05552311 0.5 1
1573304065 1.952180371 1.0 1
1573304226 1.99932456 0.0 0
1573304392 1.97537582 0.0 0
1573304551 2.096022558 1.0 2
1573304717 1.876107489 0.5 1
1573304876 2.016769603 0.0 0
1573305037 2.003664804 0.0 0
1573305198 2.014973219 1.0 2
1573305358 1.892180282 1.0 1
1573752530 2.170388764 0.5 1
1573752788 1.914035638 0.0 0
1573752947 1.776966111 0.0 0
1573753106 2.129238374 0.5 1
1573753263 2.345160068 0.0 0
1573753418 2.048552561 0.0 0
1573753577 2.1708037 1.3333333333333333 2
1573753730 1.978792628 1.0 1
1573753891 2.04871354 0.5 1
1573754711 2.112250533 0.0 0
1573754871 1.92464261 0.5 1
1573755033 1.921384582 1.0 1
1573755199 2.0954513 0.0 0
1573755362 1.952466957 1.0 1
1573755519 1.963385685 0.0 0
1573755673 1.990921416 0.5 1
1573755832 2.007191198 0.0 0
1573755990 1.877189434 0.0 0
1573756149 1.961091545 0.3333333333333333 1
1573831455 2.00624212 0.0 0
1573831613 1.964176136 0.0 0
1573831772 2.039798908 0.0 0
1573831943 1.74645617 0.0 0
1573832095 2.069117131 0.0 0
1573832257 2.133989184 0.0 0
1573832415 2.048891693 0.0 0
1573832578 1.926374521 0.0 0
1573832733 2.068389309 0.0 0
1573832889 1.920270395 0.0 0
1573833085 2.026386436 0.0 0
1573833240 1.876894968 0.0 0
1573833404 1.922939818 0.0 0
1573833562 2.136351116 0.0 0
1573833719 1.942353125 0.0 0
1573901094 2.099600724 0.5 1
1573901251 1.964091934 0.0 0
1573901408 1.868593733 1.0 1
1573901563 2.040953872 0.5 1
1573901724 2.118151493 0.0 0
1573901879 1.914892055 0.5 1
1573902034 2.059922927 1.5 2
1573902191 1.903291992 0.0 0
1573902349 1.984966586 0.0 0
1573902505 2.134147587 0.0 0
1574685823 1.907518167 0.0 0
1574686016 2.020657554 0.0 0
1574686184 1.750877057 0.0 0
1574686347 1.918655434 0.0 0
1574686504 1.833436165 0.0 0
1574686670 1.834243915 0.0 0
1574686834 2.061328465 0.0 0
1574687020 2.015065637 0.0 0
1574687195 1.809035642 0.0 0
1574687359 1.926964299 0.0 0
1574689688 1.955136623 0.0 0
1574689905 1.972125543 0.0 0
1574690073 2.03140612 0.5 1
1574690243 2.009457962 0.0 0
1574690413 1.927880873 0.0 0
1574690573 1.764991058 0.0 0
1574690744 2.005706398 0.0 0
1574690903 1.956776349 0.0 0
1574691088 1.79121471 0.5 1
1574691267 1.961633825 0.0 0
1574706889 1.869300925 2.0 2
1574707131 1.862515447 0.0 0
1574954233 1.848533602 0.0 0
1574954398 1.822499979 0.5 1
1574954575 2.035682727 0.0 0
1574954738 2.217195289 0.0 0
1574954923 2.197285075 0.6666666666666666 2
1574955080 1.863285696 0.0 0
1574955338 1.84521424 0.0 0
1574955497 1.90530151 0.0 0
1574955656 1.929847816 0.5 1
1574955817 1.897523711 0.0 0
1575026566 1.783217112 0.0 0
1575026726 2.13723354 0.0 0
1575026887 1.776877605 0.0 0
1575027048 1.927075232 0.0 0
1575027212 1.86807027 0.0 0
1575027373 1.880640996 0.0 0
1575027539 1.863340314 0.0 0
1575027696 1.824131241 0.0 0
1575027860 1.843573382 0.0 0
1575028025 1.709917485 2.0 2
1575112881 1.836614018 0.0 0
1575113045 1.966704046 0.0 0
1575113204 1.677160088 0.0 0
1575113366 1.978594662 0.0 0
1575113524 2.045357474 0.0 0
1575113683 1.961534073 1.0 2
1575113840 1.86908408 0.5 1
1575113998 1.714775536 0.0 0
1575114161 2.066745206 0.5 1
1575114322 1.850434485 0.0 0
1575289811 1.958938264 0.0 0
1575289977 1.723384118 0.0 0
1575290145 1.990750547 0.0 0
1575290333 1.895285064 0.0 0
1575290502 1.792619161 2.0 2
1575290677 2.029505865 0.3333333333333333 1
1575290843 2.898639358 0.0 0
1575291000 2.06821827 1.0 2
1575291162 1.959670597 0.0 0
1575291324 1.559878357 0.0 0
1575384212 1.968413884 0.0 0
1575384372 1.70189451 2.0 2
1575384532 1.792609937 0.0 0
1575384692 2.572455769 0.0 0
1575384855 1.695751705 0.0 0
1575385014 2.003053596 0.0 0
1575385174 2.061913614 0.5 1
1575385333 1.96399813 0.5 1
1575385497 1.987478398 1.0 2
1575385656 1.791015829 0.0 0
1575556593 1.993347471 0.0 0
1575556754 1.997784528 0.0 0
1575556926 1.786527744 0.5 1
1575557112 1.921415512 0.0 0
1575557281 2.001776134 0.0 0
1575557465 1.752117916 0.0 0
1575557641 1.924426709 0.0 0
1575557813 1.92425709 0.5 1
1575558273 1.834363477 0.0 0
1575558459 1.878241996 0.0 0
1579184092 2.164290598 0.0 0
1579184806 2.050307149 0.0 0
1579184968 1.862679256 0.5 1
1579185132 2.093138101 0.0 0
1579185305 1.882964229 0.0 0
1579185484 2.059211418 0.5 1
1579185665 2.035575622 0.0 0
1579185845 1.747713076 0.0 0
1579186033 2.057751817 0.0 0
1579186204 2.050431049 0.0 0
1579351828 2.015707798 0.0 0
1579351988 1.796335058 0.0 0
1579352148 2.02532772 0.0 0
1579352310 1.9879053 0.5 1
1579352473 1.94893426 0.0 0
1579352637 1.887177567 1.5 2
1579352794 1.966472559 0.0 0
1579352956 2.018502931 0.0 0
1579353118 1.787443518 0.0 0
1579353991 1.488037233 0.5 1
1579522909 2.160353356 0.6666666666666666 2
1579523113 1.703690958 0.0 0
1579523304 2.093327028 0.0 0
1579523468 1.869932434 0.0 0
1579523643 2.004419078 0.0 0
1579523824 1.746047951 1.0 1
1579524006 1.943506544 0.0 0
1579524193 1.974199511 0.5 1
1579524361 2.007905601 0.0 0
1579524529 1.974920446 0.0 0
1579537515 1.921153913 0.0 0
1580215387 2.574571385 0.0 0
1580215558 1.742547563 0.0 0
1580215722 1.631782257 0.0 0
1580215880 2.112533812 0.0 0
1580216041 1.888607879 0.5 1
1580216204 1.9638748 0.0 0
1580216363 1.760247261 0.0 0
1580216527 1.991726138 0.5 1
1580216686 1.752937493 0.0 0
1580216867 1.887727371 0.0 0
1580304776 1.744794312 0.0 0
1580304933 1.963560465 1.5 2
1580305095 1.747469572 0.5 1
1580305255 2.014558565 0.5 1
1580305439 1.813706917 0.0 0
1580305601 2.054130824 0.0 0
1580305763 1.968023926 0.5 1
1580305920 1.839846241 0.0 0
1580306075 1.711165752 0.0 0
1580306237 1.872484774 0.0 0
1581935276 2.184286405 0.0 0
1581935434 2.205080592 0.5 1
1581935596 2.01193228 1.0 1
1581935761 1.907890438 0.5 1
1581935929 2.011988768 1.0 1
1581936100 2.039521609 1.0 2
1581936271 2.117494756 1.5 2
1581936434 2.091345089 0.0 0
1581936592 1.933247121 0.0 0
1581936768 2.070894519 0.5 1
1582026951 2.057398697 1.3333333333333333 3
1582027112 1.947417413 0.0 0
1582027279 1.959854561 0.0 0
1582027446 2.005775128 0.0 0
1582027857 2.014368789 0.0 0
1582028024 1.799785551 0.0 0
1582028190 1.999975723 0.0 0
1582028359 2.089397116 0.0 0
1582028528 2.052392406 0.0 0
1582028697 1.974328722 0.0 0
1582113167 2.056219198 1.5 2
1582113332 2.049244582 0.0 0
1582113497 2.118514718 0.0 0
1582113664 1.961114062 0.5 1
1582113832 2.198895338 0.6666666666666666 1
1582114007 1.932347685 0.0 0
1582114168 2.169325887 0.0 0
1582114332 2.075562194 1.5 2
1582114496 2.100247181 0.0 0
1582114663 2.095699162 0.5 1
1582114823 2.032181085 0.0 0
1582114992 2.289975502 0.0 0
1582115152 2.105291135 0.5 1
1582115320 2.177525745 0.0 0
1582115484 2.158070364 0.5 1
1582115647 2.049324673 1.0 1
1582115809 2.010570003 0.0 0
1582115973 2.164098188 0.0 0
1582116154 2.044308756 0.0 0
1582116368 1.871661795 0.0 0
1582116545 1.963530224 0.5 1
1582116710 1.834303432 0.0 0
1582119031 1.919534595 1.0 1
1582119191 1.975701171 0.0 0
1582119364 2.09245657 1.0 2
1582119539 2.161756616 0.0 0
1582119715 2.118556961 0.0 0
1582119876 1.839825039 0.0 0
1582120051 2.17431454 0.0 0
1582120225 2.215627315 0.3333333333333333 1
1582120945 1.784939553 0.5 1
1582121112 1.819202491 0.0 0
1582121356 2.310367819 0.0 0
1582121518 1.842051837 0.0 0
1582125261 2.054678542 0.5 1
1582125701 2.21319402 0.0 0
1582125904 2.185804735 0.0 0
1582126070 1.705352247 0.0 0
1582126239 2.021350208 0.0 0
1582126400 2.008154963 0.0 0
1582126568 2.04379836 0.5 1
1582126732 1.955272632 0.5 1
1582126895 2.088258811 0.5 1
1582127056 1.837943593 0.0 0
1582127221 1.919781715 0.0 0
1582127390 2.186845364 0.5 1
1582127555 2.209206178 0.0 0
1582127719 2.048457 0.0 0
1582127883 1.977939744 0.5 1
1582128043 1.943072474 0.0 0
1582128210 2.018196879 0.5 1
1582128388 1.947324621 0.5 1
1582128550 1.964164093 0.0 0
1582128713 1.95955865 0.0 0
1582128878 2.047828783 0.5 1
1582129045 2.144667239 0.5 1
1582129214 2.176851873 1.0 1
1582129372 2.170319874 0.0 0
1582129534 2.048798569 2.5 3
1582129696 2.086185666 0.5 1
1582185121 2.186396762 0.5 1
1582185301 2.107735709 0.0 0
1582186034 2.050358063 0.5 1
1582186193 2.055968138 0.0 0
1582186929 2.18313145 0.5 1
1582187890 1.89097855 0.5 1
1582188050 2.077719043 1.0 2
1582188208 1.775532319 0.5 1
1582188368 2.000242851 0.5 1
1582193819 2.092507974 0.0 0
1582193983 2.015229518 0.0 0
1582194147 1.955671042 0.0 0
1582194303 1.902523223 0.0 0
1582194464 1.929490257 0.0 0
1582194629 2.038429897 0.0 0
1582194795 2.109978478 1.0 2
1582194958 1.919296621 0.0 0
1582195119 1.984564274 1.5 2
1582195282 2.167995033 1.0 2
1582195776 2.005970312 0.0 0
1582195935 1.918161149 0.0 0
1582196093 1.958074126 0.0 0
1582196252 2.008346258 0.5 1
1582196412 2.09405469 0.0 0
1582196571 2.007203055 0.0 0
1582196728 1.932693291 0.0 0
1582196889 1.924953239 0.0 0
1582197051 2.132814804 0.0 0
1582197218 2.166030918 0.0 0
1582197374 1.921315104 1.0 1
1582197540 2.117166944 0.0 0
1582197711 1.939447764 0.5 1
1582197868 1.999165897 0.0 0
1582198027 2.079257066 0.5 1
1582198183 2.15139331 0.3333333333333333 1
1582198345 1.960959982 0.0 0
1582198504 1.966723577 1.0 1
1582198783 1.9495447 1.0 2
1582199135 1.971959769 0.0 0
1582631440 2.050143344 1.0 1
1582631600 1.94601086 0.0 0
1582631756 2.128438898 1.0 1
1582631913 2.021927397 0.5 1
1582632071 2.117579512 0.0 0
1582632227 2.113251684 0.0 0
1582632387 2.192720939 0.0 0
1582632550 1.996709496 1.0 2
1582632711 1.92083802 0.0 0
1582632870 2.12343265 0.0 0
1582884570 1.849432165 0.0 0
1582884748 1.844254059 0.0 0
1582884916 1.880812217 0.0 0
1582885080 2.05760898 0.0 0
1582885244 1.948185573 0.0 0
1582885407 2.248473322 0.0 0
1582885565 1.988852652 0.0 0
1582885728 1.983806207 0.0 0
1582885893 1.948701592 0.0 0
1582886051 2.037883736 1.5 2
1574707131 1.862515447 0.0 0
