1573746208 23.438648643 -1 -1
1573746310 21.847721345 -1 -1
1574688260 233.986205488 -1 -1
1574955999 492.945344598 -1 -1
1574959632 487.560869953 -1 -1
1575028751 259.320688385 -1 -1
1575030334 238.592323937 -1 -1
1575115031 233.822261373 -1 -1
1575295384 254.647772505 -1 -1
1575299815 534.046759771 -1 -1
1575386446 235.709737331 -1 -1
1575395404 489.919302939 -1 -1
1575559909 235.357780566 -1 -1
1575560236 240.41973554 -1 -1
1575560567 243.741406998 -1 -1
1575561803 236.029120622 -1 -1
1575565332 485.234411844 -1 -1
1579189659 239.061505646 -1 -1
1579192614 494.562564484 -1 -1
1579354395 236.73282623 -1 -1
1579362627 485.934103534 -1 -1
1579531922 503.508299192 -1 -1
1579534553 540.651582372 -1 -1
1580218465 259.567837824 -1 -1
1580222869 230.723324959 -1 -1
1580310781 237.883593934 -1 -1
