1569853392 4.492932374 1.2 4
1571396098 3.74385764 0.6666666666666666 2
1572274480 3.174353202 2.6666666666666665 4
1573304512 3.065874956 0.3333333333333333 1
1573304838 3.103991924 0.3333333333333333 1
1573752492 2.986816208 1.0 2
1573752750 3.132523485 0.6666666666666666 2
1573753225 3.160248857 0.3333333333333333 1
1573753380 3.114733936 0.3333333333333333 1
1573754673 3.245079607 0.5 1
1573755162 2.817699749 1.5 3
1573755324 2.938242706 0.6666666666666666 1
1573755636 2.863942117 0.3333333333333333 1
1573831906 2.983693367 0.0 0
1573832059 2.745626529 0.0 0
1573832541 3.050810727 0.3333333333333333 1
1573833203 3.002492211 0.0 0
1573833367 2.892726524 0.0 0
1573833682 3.093437448 0.0 0
1573901056 2.954901638 1.0 2
1573901214 2.979240128 0.3333333333333333 1
1573902154 3.160699538 1.6666666666666667 3
1573902312 3.051426566 0.6666666666666666 1
1574685784 3.316761051 0.0 0
1574686147 3.237310758 0.3333333333333333 1
1574686307 2.956188411 0.0 0
1574686632 3.138472497 0.3333333333333333 1
1574686796 3.324000909 0.0 0
1574686982 3.290380798 1.0 2
1574687321 2.960069602 0.0 0
1574689650 3.085714727 0.0 0
1574689866 3.05757905 0.0 0
1574690204 3.295206011 0.25 1
1574690375 3.328256804 0.0 0
1574690534 3.35194025 0.6666666666666666 2
1574690705 3.458648972 0.0 0
1574691229 3.261971305 0.0 0
1574707093 3.142602644 0.0 0
1574954360 3.112467707 0.3333333333333333 1
1574954537 3.124543273 0.3333333333333333 1
1574954883 3.117009999 0.6666666666666666 2
1574955041 3.160971211 0.5 1
1574955300 3.219351107 0.6666666666666666 2
1574955618 3.20038473 0.3333333333333333 1
1574955779 3.108004003 0.75 2
1575026527 3.037223023 0.3333333333333333 1
1575026688 3.315525568 0.0 0
1575026850 3.032373046 0.3333333333333333 1
1575027009 3.24782386 0.25 1
1575027174 2.983556131 0.6666666666666666 2
1575027335 3.548900698 0.3333333333333333 1
1575027658 3.117064062 0.6666666666666666 2
1575027823 2.968961626 1.0 2
1575027987 3.139534435 0.0 0
1575112843 3.111055785 1.0 1
1575113004 3.023416218 0.3333333333333333 1
1575113166 2.975786899 1.0 2
1575113327 3.028365106 1.0 1
1575113644 2.968037469 1.0 2
1575113960 3.080601478 0.3333333333333333 1
1575114124 3.243075789 0.6666666666666666 1
1575114284 3.192158414 0.3333333333333333 1
1575289773 3.13825196 0.3333333333333333 1
1575290107 3.151959654 1.0 3
1575290460 3.145923225 0.3333333333333333 1
1575290636 3.259480001 0.3333333333333333 1
1575290962 2.972186328 0.6666666666666666 1
1575291125 2.944510773 0.3333333333333333 1
1575291286 3.075863751 0.0 0
1575384174 2.951571394 0.0 0
1575384334 3.170663667 0.6666666666666666 2
1575384495 3.116141928 0.6666666666666666 1
1575384817 3.076657935 1.0 2
1575384974 3.369557733 1.3333333333333333 2
1575385295 3.076151858 0.3333333333333333 1
1575385455 3.120494498 1.0 1
1575385618 3.19007031 0.0 0
1575556556 3.194132911 0.0 0
1575556716 3.300493007 0.3333333333333333 1
1575556882 9.845899123 0.1 1
1575557243 3.25349283 0.75 2
1575557427 3.255450505 0.75 2
1575557601 3.286153178 0.0 0
1575558233 3.140032371 0.3333333333333333 1
1579184053 3.26209292 0.6666666666666666 2
1579184769 2.999519509 1.0 2
1579184930 3.205150259 0.6666666666666666 2
1579185444 3.248766536 1.3333333333333333 2
1579185627 3.404966783 1.0 2
1579186166 3.155116892 0.5 1
1579351783 3.215160193 0.6666666666666666 1
1579351950 3.441958503 1.0 2
1579352111 3.164458923 1.0 2
1579352435 3.254683529 1.3333333333333333 2
1579352599 3.165226659 1.0 2
1579352756 3.280383485 0.3333333333333333 1
1579352918 3.38395351 0.6666666666666666 2
1579353081 3.111044425 1.3333333333333333 2
1579522872 3.287323236 0.0 0
1579523075 3.2358968 0.75 2
1579523266 3.20158392 0.3333333333333333 1
1579523605 3.103817876 0.6666666666666666 1
1579523785 3.030259829 0.3333333333333333 1
1579523967 3.327508221 0.5 2
1579524156 3.173607894 0.6666666666666666 2
1579524322 2.877670016 0.5 1
1579524491 3.123010522 0.3333333333333333 1
1579537477 2.985083305 0.6666666666666666 1
1580215684 3.045943516 0.6666666666666666 1
1580215842 2.83487424 0.6666666666666666 1
1580216003 2.959222136 0.3333333333333333 1
1580216166 3.026751579 0.6666666666666666 1
1580216487 3.232915141 0.3333333333333333 1
1580216646 3.294378907 0.3333333333333333 1
1580304895 3.180372834 1.0 2
1580305057 3.504659332 0.6666666666666666 1
1580305217 3.260738362 0.5 1
1580305401 2.995813357 0.6666666666666666 2
1580305561 2.994652834 1.3333333333333333 2
1580305726 3.239247482 1.3333333333333333 3
1580305882 3.076859232 0.5 1
1580306198 3.427762802 0.6666666666666666 2
1581935238 2.996137837 0.3333333333333333 1
1581935396 3.204563659 0.6666666666666666 1
1581935557 3.31819251 0.3333333333333333 1
1581935723 3.362396203 1.0 2
1581935890 3.328219213 1.0 2
1581936062 3.287807381 1.0 2
1581936233 3.135567274 0.6666666666666666 1
1581936396 3.169037185 0.6666666666666666 1
1581936555 3.156720932 1.0 2
1581936730 3.027410485 0.6666666666666666 1
1582026911 3.531766149 1.25 3
1582027074 3.303510202 1.0 3
1582027238 3.227570421 0.6666666666666666 2
1582027819 3.449701213 0.75 1
1582028319 3.152989576 0.3333333333333333 1
1582113127 3.552699722 2.0 4
1582113295 3.291148024 0.3333333333333333 1
1582113457 3.331337143 0.75 2
1582115281 3.280958879 0.6666666666666666 1
1582115443 3.499477525 1.0 3
1582115607 3.227985694 1.25 3
1582115770 3.408895116 1.0 3
1582115934 3.291468034 0.6666666666666666 1
1582116331 3.256951183 1.0 2
1582116507 3.332596674 0.3333333333333333 1
1582116672 3.33814589 0.75 2
1582118991 3.627210467 0.6666666666666666 1
1582119154 3.363855765 0.6666666666666666 1
1582119839 3.05114435 1.0 2
1582120906 3.416409326 0.6666666666666666 1
1582121073 3.157568082 0.0 0
1582121317 3.364447559 0.6666666666666666 2
1582125222 3.200178896 1.0 2
1582125381 3.358123983 0.75 2
1582125865 3.343269899 0.75 2
1582127516 3.117231582 0.3333333333333333 1
1582128673 3.330359181 0.75 2
1582128840 3.043728737 0.6666666666666666 1
1582129001 3.210805847 0.3333333333333333 1
1582129174 3.515530445 0.75 2
1582129333 3.291206742 0.6666666666666666 2
1582129658 3.281313979 1.0 3
1582185081 3.041798571 1.0 3
1582185262 3.31810666 0.3333333333333333 1
1582185995 3.283757863 0.5 1
1582186155 3.044223135 0.3333333333333333 1
1582186888 3.19265894 0.75 2
1582187852 3.129658495 1.0 2
1582188011 3.199361624 1.0 2
1582188170 3.288323087 1.3333333333333333 2
1582188330 3.144303236 1.0 3
1582194427 3.083017037 0.6666666666666666 1
1582194591 2.720910244 0.3333333333333333 1
1582194751 3.027746437 1.3333333333333333 3
1582194921 3.048010216 1.0 2
1582195081 3.064967894 0.6666666666666666 2
1582195736 3.15302853 0.6666666666666666 2
1582196054 3.256387197 0.3333333333333333 1
1582196215 3.07442582 0.3333333333333333 1
1582197502 3.234948053 0.6666666666666666 1
1582197673 3.053578369 0.6666666666666666 1
1582197830 3.196934271 0.75 2
1582197989 3.032652335 1.3333333333333333 2
1582198145 2.900314702 1.3333333333333333 3
1582198307 3.095882057 0.6666666666666666 2
1582198464 3.075931851 0.6666666666666666 1
1582199094 3.076222893 0.3333333333333333 1
1582631402 3.175298523 1.3333333333333333 2
1582631718 3.124590159 1.3333333333333333 2
1582631875 3.029103424 0.6666666666666666 2
1582632032 3.168935343 0.6666666666666666 1
1582632350 3.036943229 0.5 1
1574707093 3.142602644 0.0 0
