1569849946 4.443527754 0.0 0
1569850150 4.477845833 0.0 0
1569849946 4.443527754 0.0 0
1569850150 4.477845833 0.0 0
1569850963 4.585085975 0.0 0
1569851169 4.454096574 0.0 0
1569851519 4.429186156 0.0 0
1569851726 4.48657696 0.0 0
1569851955 4.484444562 0.0 0
1569852185 4.568747083 0.0 0
1569852422 4.527740206 0.0 0
1569852639 4.55423386 0.0 0
1569853030 4.555267013 0.0 0
1569853342 4.458237374 0.0 0
1569853582 4.388899351 0.0 0
1569854223 4.682996758 0.0 0
1569855196 4.41447506 0.0 0
1569855629 4.477502847 0.0 0
1574710635 3.329665479 0.0 0
1574707056 3.287753915 0.0 0
1574708719 3.198699258 0.0 0
