1569853956 6.659990593 -1 -1
1569854982 6.367105967 -1 -1
1569855531 6.409802348 -1 -1
1569856550 5.076116398 -1 -1
1570448208 6.157482366 -1 -1
1570449164 6.119111716 -1 -1
1570449590 6.158593293 -1 -1
1571323576 6.223482638 -1 -1
1571323979 6.374768688 -1 -1
1571324377 6.093130307 -1 -1
1571324769 6.10753417 -1 -1
1571327700 6.005622034 -1 -1
1571328090 6.290768605 -1 -1
1571328482 6.032469328 -1 -1
1571328873 6.118609662 -1 -1
1571329265 6.06359332 -1 -1
1571329653 6.216438655 -1 -1
1571330632 6.164203922 -1 -1
1571398204 6.013423905 -1 -1
1571398600 5.928099086 -1 -1
1571398991 6.123491486 -1 -1
1571399383 6.091822149 -1 -1
1571399775 6.06946072 -1 -1
1571400172 6.193890863 -1 -1
1571400593 6.047255369 -1 -1
1571400991 8.852150564 -1 -1
1571401385 6.072174418 -1 -1
1571401775 5.889078542 -1 -1
1571407155 6.235879738 -1 -1
1571407548 6.17583741 -1 -1
1571407938 6.105038336 -1 -1
1571408329 6.148945151 -1 -1
1571408721 6.703418923 -1 -1
1571666213 6.011109007 -1 -1
1571666604 6.301292196 -1 -1
1571666997 6.411253713 -1 -1
1571667387 6.272896266 -1 -1
1571667833 6.123259194 -1 -1
1571669483 6.229907627 -1 -1
1571669877 6.315617581 -1 -1
1571754394 6.059531949 -1 -1
1571754785 6.161207203 -1 -1
1571755186 6.052907739 -1 -1
1571755588 6.249550557 -1 -1
1571756817 6.089359993 -1 -1
1571757254 6.031941865 -1 -1
1571757672 6.16737588 -1 -1
1571758070 6.255565275 -1 -1
1571758461 6.012336845 -1 -1
1571758857 6.216913046 -1 -1
1571762465 6.388072174 -1 -1
1571762863 6.10028768 -1 -1
1571763254 6.087289625 -1 -1
1571763645 6.155067788 -1 -1
1571764038 6.231900742 -1 -1
1571764463 6.203018209 -1 -1
1571764855 6.251086556 -1 -1
1571765244 6.180174057 -1 -1
1571765635 6.155705313 -1 -1
1571766024 6.191934915 -1 -1
1571766993 6.316626065 -1 -1
1572006726 32.192156472 -1 -1
1572007352 6.021319859 -1 -1
1572007747 6.098761535 -1 -1
1572008256 6.218823099 -1 -1
1572008658 6.089695443 -1 -1
1572009053 7.505527299 -1 -1
1572009443 6.096170537 -1 -1
1572009833 6.066175844 -1 -1
1572010224 6.361329348 -1 -1
1572010620 6.223888483 -1 -1
1572011011 6.082782855 -1 -1
1572013574 6.080993632 -1 -1
1572013967 6.146838462 -1 -1
1572014359 6.09972779 -1 -1
1572014748 6.108939096 -1 -1
1572015138 5.995231337 -1 -1
1572268304 4.178011455 -1 -1
1572269622 4.7220145 -1 -1
1572270025 18.296087886 -1 -1
1572270825 6.212968445 -1 -1
1572271352 6.01049792 -1 -1
1572272527 4.997250378 -1 -1
1572272863 4.821413191 -1 -1
1572273195 5.633809444 -1 -1
1572273541 4.992585867 -1 -1
1572273877 4.934936742 -1 -1
1572276298 5.009641096 -1 -1
1572276637 4.90587533 -1 -1
1572276968 4.872366056 -1 -1
1572277299 4.993366386 -1 -1
1572277633 4.803542536 -1 -1
1572277992 4.946957922 -1 -1
1572278324 4.820906604 -1 -1
1572278656 4.93923897 -1 -1
1572363715 4.965732695 -1 -1
1572364044 4.931024262 -1 -1
1572364376 4.993279357 -1 -1
1572364708 4.895189199 -1 -1
1572365043 11.173888526 -1 -1
1572365380 4.785057146 -1 -1
1572365758 4.939391318 -1 -1
1572366138 4.902901864 -1 -1
1572366471 5.084095981 -1 -1
1572366804 5.142381123 -1 -1
1572369833 5.145869729 -1 -1
1572370163 5.023405708 -1 -1
1572370494 4.980686653 -1 -1
1572370825 4.945566609 -1 -1
1572371486 4.940271222 -1 -1
1572371818 3.782272673 -1 -1
1572372147 5.016602173 -1 -1
1572372476 4.955338522 -1 -1
1572372809 4.997486196 -1 -1
1572533820 4.892239097 -1 -1
1572534175 4.908064419 -1 -1
1572534521 4.987071219 -1 -1
1572534852 4.872741649 -1 -1
1572535201 4.822086042 -1 -1
1572535533 4.887940972 -1 -1
1572536198 5.096318386 -1 -1
1572536561 5.110310652 -1 -1
1572536898 4.853113118 -1 -1
1572537819 4.893035326 -1 -1
1572538472 4.989368032 -1 -1
1572539129 4.894522078 -1 -1
1572539781 4.861597478 -1 -1
1572540437 4.910310255 -1 -1
1572541340 5.08795629 -1 -1
1572541989 4.885504297 -1 -1
1572542637 5.031018139 -1 -1
1572543283 4.963129296 -1 -1
1572543956 4.899794695 -1 -1
1572871705 4.945824417 -1 -1
1572872354 4.887878729 -1 -1
1572873035 4.999286036 -1 -1
1572873685 4.86609964 -1 -1
1572874355 4.968676646 -1 -1
1572875409 3.637574305 -1 -1
1572876313 5.078748299 -1 -1
1572877486 4.979289993 -1 -1
1572879384 4.908213839 -1 -1
1572880016 4.763477473 -1 -1
1572880445 5.006240517 -1 -1
1572880779 4.859652562 -1 -1
1572881130 4.883255791 -1 -1
1572881461 5.014555517 -1 -1
1572881796 5.072202063 -1 -1
1572882126 5.08615126 -1 -1
1572882517 5.236491487 -1 -1
1572882848 4.896694905 -1 -1
1572883199 13.143293119 -1 -1
1572968759 6.153423579 -1 -1
1572969732 5.217464695 -1 -1
1572970391 4.961040648 -1 -1
1572971043 5.141739883 -1 -1
1572971703 5.1828183 -1 -1
1572972364 4.869748156 -1 -1
1572973076 5.041891602 -1 -1
1572973730 4.922675932 -1 -1
1572974380 4.891441365 -1 -1
1572975035 4.914612016 -1 -1
1572975434 5.103139849 -1 -1
1572975765 4.773523352 -1 -1
1572976136 5.027558107 -1 -1
1572976515 4.947503525 -1 -1
1572976846 5.3492902 -1 -1
1572977177 4.962111805 -1 -1
1572977539 5.089947234 -1 -1
1572977868 5.068440051 -1 -1
1572978258 4.912979864 -1 -1
1573209316 4.695773587 -1 -1
1573209982 5.031210004 -1 -1
1573210646 5.025013359 -1 -1
1573211314 4.915553467 -1 -1
1573211971 5.029367162 -1 -1
1573212619 4.932718164 -1 -1
1573213273 5.013485526 -1 -1
1573213938 5.020767041 -1 -1
1573214596 5.044403437 -1 -1
1573215258 5.082915042 -1 -1
1573218462 5.096937849 -1 -1
1573218795 4.919443827 -1 -1
1573218974 5.067676409 -1 -1
1573306696 4.720874373 -1 -1
1573307020 4.602486714 -1 -1
1573307355 4.737293075 -1 -1
1573307673 4.404071345 -1 -1
1573308308 4.434996012 -1 -1
1573308639 4.432808317 -1 -1
1573308960 4.564027585 -1 -1
1573309610 4.5241685 -1 -1
1573310756 4.620589141 -1 -1
1573311371 4.610043314 -1 -1
1573311990 4.338979056 -1 -1
1573314558 4.353294982 -1 -1
1573315250 4.727108224 -1 -1
1573741889 4.863021835 -1 -1
1573742007 4.504639744 -1 -1
1573743640 4.449443443 -1 -1
1573744722 4.167618113 -1 -1
1573744973 4.48580996 -1 -1
1573745350 4.579534235 -1 -1
1573745653 4.61328303 -1 -1
1573745749 4.94742262 -1 -1
1573745853 4.398328413 -1 -1
1573745950 4.516242689 -1 -1
1573746346 4.695054266 -1 -1
1573746639 5.000005158 -1 -1
1573748960 4.514973308 -1 -1
1573749056 4.629802155 -1 -1
1573749701 4.55580874 -1 -1
1573749800 4.476049432 -1 -1
1573828529 4.378126315 -1 -1
1573829140 4.708258743 -1 -1
1573831233 4.539057193 -1 -1
1573902867 4.600764175 -1 -1
1573903179 4.821575846 -1 -1
1573903803 4.268103438 -1 -1
1573904113 4.767804816 -1 -1
1573904604 6.039019437 -1 -1
1574688509 4.55989041 -1 -1
1574692520 4.765615545 -1 -1
1574694510 5.242844758 -1 -1
1574707347 4.524295996 -1 -1
1574708314 4.21240351 -1 -1
1574709181 4.457059896 -1 -1
1574952350 4.400489675 -1 -1
1574957770 4.384161211 -1 -1
1575028688 4.480212358 -1 -1
1575030587 4.486416582 -1 -1
1575035730 4.935106608 -1 -1
1575122906 4.238093808 -1 -1
1575298033 4.488475817 -1 -1
1575302324 3.683204287 -1 -1
1575387100 4.435796458 -1 -1
1575394780 4.438325136 -1 -1
1575395908 6.272029845 -1 -1
1575397219 11.96555079 -1 -1
1575397501 19.751738424 -1 -1
1575398310 14.428697659 -1 -1
1575398539 11.882109096 -1 -1
1575473807 5.471644239 -1 -1
1575474311 6.07553722 -1 -1
1575562054 4.672938577 -1 -1
1579184467 18.395957201 -1 -1
1579188375 3.958905663 -1 -1
1579190631 6.316754969 -1 -1
1579196560 4.634280204 -1 -1
1579355263 4.600688039 -1 -1
1579526003 4.482454489 -1 -1
1579526326 4.936750467 -1 -1
1580218405 4.759751531 -1 -1
1580222490 6.133740147 -1 -1
1580222803 5.620584146 -1 -1
1580223451 4.591945385 -1 -1
1580227492 4.56776782 -1 -1
1580229201 4.732086094 -1 -1
1580312630 4.695192764 -1 -1
1580314724 4.728801325 -1 -1
1581937098 4.991873056 -1 -1
1581937411 4.639855337 -1 -1
1581939692 6.002221271 -1 -1
1581942767 5.230866457 -1 -1
1581944344 5.196791863 -1 -1
1581949422 5.037840935 -1 -1
1582027674 4.015709547 -1 -1
1582030512 5.048384522 -1 -1
1582030819 5.038365681 -1 -1
1582033348 4.708570926 -1 -1
1582035123 5.336121751 -1 -1
1582035996 5.282773969 -1 -1
1582036599 5.147292052 -1 -1
1582038401 5.164973642 -1 -1
1582038989 4.976603741 -1 -1
1582041905 4.831808944 -1 -1
1582042656 4.872056075 -1 -1
1582044104 4.660104847 -1 -1
1582045010 5.052471391 -1 -1
1582045607 4.938229235 -1 -1
1582045920 4.907505033 -1 -1
1582046215 4.831185012 -1 -1
1582120565 5.283388119 -1 -1
1582120790 4.496315618 -1 -1
1582186440 6.204066317 -1 -1
1582189530 4.348985589 -1 -1
1582636253 4.628022109 -1 -1
1582637131 3.877603165 -1 -1
1582641663 4.764128792 -1 -1
1582887527 4.403490011 -1 -1
1582888106 4.750729443 -1 -1
1582902577 4.382336925 -1 -1
