1569849966 4.835673249 0.8 2
1569850170 4.525118257 0.25 1
1569849966 4.835673249 0.8 2
1569850170 4.525118257 0.25 1
1569850700 4.672781466 0.25 1
1569850983 4.690087767 0.0 0
1569851189 4.763259552 0.2 1
1569851538 4.366936236 0.6 2
1569851745 4.597944854 0.4 1
1569851975 4.732547137 0.2 1
1569852204 4.818955194 0.2 1
1569852442 4.626552808 1.0 2
1569852658 4.653201947 0.4 1
1569853050 4.83199291 0.0 0
1569853361 4.673018138 0.2 1
1570543090 4.276632592 1.75 3
1570543449 4.55458071 0.6 1
1570543651 5.427776339 0.4 1
1570544580 4.864680656 0.4 1
1570544784 14.296408328 2.142857142857143 3
1570545040 4.569961408 0.2 1
1570545250 4.391741285 0.4 1
1571322959 4.68157539 0.6 1
1571325082 4.659149982 0.2 1
1571325278 4.558024056 0.2 1
1571325477 4.818571729 0.2 1
1571325682 4.807382284 0.2 1
1571325881 4.375918329 0.75 1
1571326081 4.527708709 0.4 1
1571326772 4.672362888 0.2 1
1571326984 4.690741339 0.0 0
1571327192 4.539010744 0.5 1
1571395874 4.500437025 0.75 1
1571396069 4.645984072 1.4 2
1571396267 4.648273469 1.2 2
1571396466 4.430273043 0.0 0
1571396664 4.512244904 0.6 2
1571396863 4.94062537 1.2 2
1571397092 4.498339174 0.4 1
1571397296 4.642789756 1.4 2
1571397495 4.662468283 0.5 2
1571397692 4.704625304 0.0 0
1571404939 4.635004836 1.0 2
1571405139 4.613399985 1.0 2
1571405336 4.801395187 0.8 2
1571405536 4.860202977 0.2 1
1571405768 4.61584785 0.5 1
1571408957 4.641164836 0.2 1
1571409188 4.731252172 1.25 2
1571409390 4.322410092 0.25 1
1571409589 4.562552061 0.75 2
1571409804 4.769511512 0.2 1
1571664915 4.60670084 0.0 0
1571665118 4.754598858 0.2 1
1571665330 4.599885885 0.25 1
1571665524 4.568045461 0.0 0
1571665719 4.57990157 0.25 1
1571668136 4.570426939 0.2 1
1571668335 4.683714223 0.6 2
1571668540 4.692507817 1.0 2
1571668734 4.356252279 0.5 1
1571668935 3.578769871 1.0 2
1571752007 4.676253373 0.8 2
1571752202 4.772037444 0.2 1
1571752402 5.558386857 0.0 0
1571752607 4.625459809 1.0 2
1571752801 4.571971151 1.4 2
1571752998 4.437716544 0.25 1
1571753195 4.806496195 0.75 2
1571753392 4.604337322 0.2 1
1571753589 4.560465404 0.8 2
1571753787 4.612401893 0.8 1
1571760145 4.677314183 0.75 1
1571760339 4.649056492 1.2 2
1571760544 4.821444998 0.4 1
1571760740 4.592069217 1.0 3
1571760942 4.636992535 0.0 0
1571761150 4.689424347 0.25 1
1571761349 4.596221782 0.6 2
1571761544 4.647354272 1.0 2
1571761740 4.442325055 1.0 2
1571761948 4.313850129 0.5 1
1571922240 4.510945348 0.25 1
1572003250 4.804912036 1.0 2
1572003444 4.587387944 0.6 2
1572003643 4.687422989 0.0 0
1572003840 4.703895115 0.4 1
1572004037 4.5729491 0.5 1
1572004232 4.597444493 0.4 1
1572004426 4.908459533 0.0 0
1572004626 4.852933081 1.0 2
1572004827 4.742546622 1.4 3
1572005027 4.825121473 0.5 1
1572011228 4.694360122 0.4 1
1572011424 4.684184212 1.0 2
1572011620 4.700473056 0.8 2
1572011818 4.832253767 0.6 2
1572012014 4.658750049 0.2 1
1572012212 4.60050926 0.0 0
1572012406 4.556032669 0.8 2
1572012601 4.486471259 0.5 1
1572012796 4.595936051 0.75 2
1572012989 4.839055572 0.8 2
1572265048 4.667931804 0.8 1
1572265245 4.816273716 1.0 2
1572265444 4.84901366 0.0 0
1572265643 4.444752132 0.0 0
1572265848 4.694798469 0.4 1
1572266050 4.744620887 0.0 0
1572266243 4.474642744 0.5 1
1572266446 4.774388582 0.4 1
1572266646 4.989848063 0.2 1
1572266844 8.724660128 0.1111111111111111 1
1572274116 4.144161127 0.25 1
1572274289 3.920357528 0.0 0
1572274458 3.871222525 0.25 1
1572274626 3.192717864 1.0 1
1572274798 3.930973119 0.25 1
1572274967 4.258034646 0.2 1
1572275136 3.800482212 0.0 0
1572275315 3.712063123 0.0 0
1572275483 5.775431721 1.8333333333333333 3
1572275658 4.176841796 0.8 3
1572361262 4.922883613 0.2 1
1572361459 4.785595915 0.6 2
1572361655 4.511492488 0.25 1
1572361849 4.994934407 0.4 1
1572362049 4.624468754 0.2 1
1572362243 4.602107718 0.5 1
1572362439 4.729189493 0.75 2
1572362634 4.729195036 0.4 1
1572362833 5.013528383 0.8 2
1572363029 4.727567469 0.4 1
1572366908 3.82466389 1.0 1
1572367075 4.004190118 0.75 1
1572367246 3.802905566 0.0 0
1572367413 4.234204379 1.0 2
1572367596 3.824384243 1.25 2
1572367774 3.84146198 0.5 1
1572367943 3.716138988 0.3333333333333333 1
1572368111 3.855367214 0.75 2
1572368277 4.042656574 0.0 0
1572368443 4.051456852 0.5 1
1572532380 4.736362597 0.25 1
1572532580 4.655666126 0.2 1
1572532786 4.611236935 0.0 0
1572544496 3.681226836 0.6666666666666666 1
1572544663 4.114257699 0.75 1
1572544834 4.152861597 0.2 1
1572545007 4.000831534 0.25 1
1572545181 3.771813146 0.75 1
1572870007 4.019277657 0.25 1
1572870176 5.875128565 1.5 3
1572870395 15.873392424 0.0625 1
1572870581 3.95066998 0.25 1
1572870797 3.776587137 0.5 1
1572879908 12.702971374 0.7692307692307693 2
1572965388 4.17978941 1.2 2
1572965556 4.045589522 0.0 0
1572965723 3.9286827 0.5 1
1572965893 3.799364517 1.6666666666666667 2
1572966064 3.712838536 1.0 2
1572966230 4.191607465 1.5 2
1572966401 4.253510213 0.4 1
1572966586 3.967730839 0.25 1
1572966765 3.705032667 1.0 2
1572966929 3.820350641 1.0 2
1573207035 3.766615405 1.5 2
1573207204 3.684010721 1.25 2
1573207373 4.381993298 0.6 2
1573207539 4.152005815 1.25 2
1573207709 3.956426335 0.0 0
1573207877 3.849234277 0.0 0
1573208044 3.715579284 1.6666666666666667 2
1573208208 3.99621544 1.25 2
1573208376 4.856417198 0.6 2
1573208542 4.315639532 1.0 2
1573220278 3.714297177 1.0 1
1573220445 3.89192357 1.25 2
1573220612 4.167369977 1.75 3
1573220782 4.219910533 0.75 2
1573220950 4.059228192 0.5 1
1573221117 3.965810821 0.0 0
1573221281 3.687268029 0.25 1
1573221451 3.8446137 1.25 2
1573221617 4.343350746 0.75 1
1573221786 3.998603262 1.0 2
1573221975 3.88369186 1.0 2
1573222146 3.76050758 0.0 0
1573222313 3.880242157 1.75 3
1573222477 4.260803392 1.25 2
1573222648 4.335162745 0.75 2
1573301126 4.338306443 0.0 0
1573301295 3.924011654 0.25 1
1573301477 3.721411571 0.5 1
1573301645 3.874178562 1.0 2
1573301831 3.999387322 0.25 1
1573302009 4.129911269 0.25 1
1573302178 4.412941219 0.2 1
1573302353 3.848824964 0.6666666666666666 1
1573302522 3.793416265 0.25 1
1573302689 3.841848977 0.75 1
1573303842 4.131542218 0.25 1
1573304002 3.804037435 0.3333333333333333 1
1573304167 3.692920351 0.3333333333333333 1
1573304332 4.147516636 0.4 1
1573304492 4.095455458 0.25 1
1573304659 3.914319399 0.0 0
1573304818 3.80003978 0.3333333333333333 1
1573304977 3.934705146 0.5 1
1573305140 4.130393619 0.25 1
1573305300 3.70841722 0.0 0
1573752472 3.99040386 0.0 0
1573752730 3.446413898 0.25 1
1573752889 3.596792599 0.5 1
1573753047 3.844000898 0.25 1
1573753205 3.579030555 0.25 1
1573753360 3.843945706 1.25 2
1573753519 3.556964904 0.6666666666666666 1
1573753672 4.042386659 0.5 1
1573753834 3.505083762 0.0 0
1573754653 3.663968912 0.5 1
1573754813 3.828566878 1.5 2
1573754974 4.333501329 0.25 1
1573755142 3.581875869 0.6666666666666666 1
1573755304 3.748869568 1.5 2
1573755461 4.099812287 0.25 1
1573755616 3.880931197 0.0 0
1573755775 3.767640532 0.0 0
1573755933 3.551514147 0.3333333333333333 1
1573756090 3.912999987 0.6666666666666666 1
1573831398 3.413310729 1.0 1
1573831555 4.060975484 0.5 1
1573831713 3.9717958 0.25 1
1573831886 3.760328148 0.25 1
1573832039 3.667928851 0.6666666666666666 1
1573832199 3.632588923 0.5 1
1573832354 3.839352797 0.25 1
1573832521 3.65851112 0.0 0
1573832676 3.517665704 0.5 1
1573832831 3.889892509 0.25 1
1573833026 4.191348025 0.25 1
1573833184 3.496708046 0.0 0
1573833348 3.063748724 1.0 2
1573833504 4.252453072 0.4 1
1573833662 3.585495366 0.0 0
1573901036 3.589314209 0.0 0
1573901194 3.798213407 0.5 1
1573901350 3.9267321 1.0 2
1573901506 3.597530579 0.0 0
1573901667 3.551958864 0.25 1
1573901821 3.607906009 0.6666666666666666 1
1573901975 3.924631196 1.25 2
1573902134 3.795370097 0.0 0
1573902292 3.844730993 1.0 2
1573902447 3.495926585 0.5 1
1574685763 4.009119366 0.25 1
1574685954 3.718753575 0.0 0
1574686127 3.630001573 1.5 2
1574686283 4.051208506 0.75 2
1574686446 3.585708494 0.6666666666666666 1
1574686612 3.445459755 0.5 1
1574686767 11.541459112 0.8333333333333334 1
1574686960 4.018625593 0.25 1
1574687300 4.231832786 1.0 2
1574689630 3.528685931 0.25 1
1574689845 4.153644078 0.0 0
1574690015 3.40136682 0.0 0
1574690180 7.971159493 0.375 2
1574690354 4.055147432 0.0 0
1574690514 3.413487333 0.6666666666666666 1
1574690684 4.026019183 0.5 2
1574690844 4.040487179 0.0 0
1574691029 3.59723991 1.0 2
1574691208 3.941446682 0.25 1
1574706831 3.622740442 0.5 1
1574707073 3.713107964 0.0 0
1574954176 3.247817438 1.0 2
1574954339 3.434735532 0.0 0
1574954516 4.121163467 0.5 1
1574954681 3.598122643 0.0 0
1574954864 3.335120303 0.6666666666666666 1
1574955021 3.924368457 0.0 0
1574955280 3.764796919 0.75 1
1574955438 3.574935093 1.25 3
1574955598 3.798317866 0.6666666666666666 1
1574955759 3.385458501 1.3333333333333333 2
1575026507 3.586370852 0.3333333333333333 1
1575026667 3.757452274 0.5 1
1575026831 3.319840405 1.25 2
1575026989 3.800148665 1.0 2
1575027153 3.892691557 0.5 1
1575027315 3.885698611 1.25 2
1575027480 4.036035777 0.5 1
1575027638 3.764629423 0.5 1
1575027802 4.058479164 1.0 2
1575027966 3.621797572 0.75 1
1575112822 3.810625529 0.25 1
1575112984 3.35911825 0.3333333333333333 1
1575113146 3.791695614 0.5 1
1575113306 4.005776588 0.25 1
1575113465 3.565057472 0.5 1
1575113624 3.6904373 0.25 1
1575113781 3.646575624 0.0 0
1575113940 3.344526376 0.6666666666666666 1
1575114100 3.970792578 0.75 1
1575114264 3.451847761 0.5 1
1575289752 3.795437995 0.0 0
1575289919 3.759525376 1.25 3
1575290085 3.887862004 0.3333333333333333 1
1575290267 4.043651962 0.75 1
1575290440 3.631358736 1.25 2
1575290616 3.888327795 0.25 1
1575290784 3.764079866 0.5 1
1575290942 3.580567407 0.75 2
1575291104 3.852197299 0.3333333333333333 1
1575291265 4.167698261 1.6 2
1575384154 3.739225575 1.0 2
1575384314 3.346106777 0.3333333333333333 1
1575384474 3.510510115 0.75 1
1575384632 3.992989675 0.25 1
1575384797 3.617393196 0.0 0
1575384954 3.587331471 1.3333333333333333 3
1575385115 4.088519786 0.25 1
1575385275 3.388371831 0.5 1
1575385434 3.871187803 0.25 1
1575385598 3.703570689 0.3333333333333333 1
1575556534 3.819680705 0.25 1
1575556696 3.377447791 0.75 1
1575556862 3.941386972 0.25 1
1575557046 3.587897566 1.25 2
1575557223 3.948576121 1.0 1
1575557407 3.621262108 0.6666666666666666 1
1575557580 4.304095185 0.2 1
1575557755 3.688900116 0.0 0
1575558212 4.143804095 0.25 1
1575558402 3.461790779 1.0 2
1579184032 3.939590233 0.5 1
1579184748 3.493209185 0.0 0
1579184910 3.835150188 0.6666666666666666 1
1579185071 3.966055047 0.75 2
1579185247 3.763372439 0.3333333333333333 1
1579185423 3.982181369 0.25 1
1579185605 4.478225504 0.8 2
1579185780 4.221243236 0.5 1
1579185973 3.677007322 0.5 1
1579186146 3.733980511 1.25 2
1579351762 3.924973864 0.5 1
1579351930 3.506058273 0.0 0
1579352091 3.720672311 0.3333333333333333 1
1579352251 3.465803742 0.25 1
1579352415 3.512075106 0.3333333333333333 1
1579352578 3.715701436 0.75 2
1579352736 3.844937597 0.5 1
1579352897 3.791183449 0.25 1
1579353061 3.514304575 0.6666666666666666 1
1579353223 3.749969399 0.0 0
1579522850 4.255362892 0.8 2
1579523055 3.630483703 1.0 2
1579523245 3.877932938 0.75 2
1579523410 4.103147378 0.75 2
1579523583 5.451691808 0.0 0
1579523765 3.865355522 0.75 1
1579523946 4.864147585 1.2 3
1579524135 3.88418975 0.0 0
1579524302 3.237370618 1.6666666666666667 2
1579524470 4.06885976 0.25 1
1579537443 4.013638137 0.75 2
1580215304 3.456375595 0.6666666666666666 1
1580215496 5.195677321 1.1666666666666667 3
1580215663 3.511529973 0.5 1
1580215821 4.259020514 0.5 2
1580215983 3.717535769 0.0 0
1580216145 3.802422829 0.25 1
1580216305 3.497483634 1.3333333333333333 2
1580216467 4.042195206 1.25 2
1580216807 3.843733093 0.75 1
1580304718 3.344657925 0.0 0
1580304874 4.017512891 0.75 2
1580305036 3.537748207 1.25 2
1580305197 4.104471295 1.0 2
1580305381 3.365155418 1.0 1
1580305540 3.804248437 0.5 1
1580305862 4.056870264 0.25 1
1580306018 3.392502136 0.3333333333333333 1
1580306177 4.011696726 0.25 1
1581935218 3.794051393 1.6666666666666667 2
1581935376 3.530091492 0.75 1
1581935537 3.820261511 1.6666666666666667 2
1581935703 3.738600325 0.6666666666666666 1
1581935870 3.536724559 0.6666666666666666 1
1581936042 3.292889753 0.3333333333333333 1
1581936213 3.224040486 0.6666666666666666 1
1581936376 3.917855087 0.5 1
1581936535 3.669029816 1.6666666666666667 2
1581936710 3.494020496 0.5 1
1582026891 3.882248873 1.25 2
1582027054 3.88485562 1.3333333333333333 2
1582027217 4.127724282 0.5 1
1582027386 4.050793161 1.0 2
1582027797 4.27204534 0.4 1
1582027962 3.910908626 0.25 1
1582028130 4.070953912 1.25 2
1582028297 4.245611444 0.75 2
1582028465 4.000062998 0.25 1
1582028635 4.285504331 0.75 2
1582113106 3.639141269 2.5 3
1582113274 3.958542137 1.5 2
1582113436 3.999755268 0.5 1
1582113605 4.193777546 0.6 1
1582113768 5.026543208 0.8 2
1582113945 4.016784428 1.75 3
1582114107 4.22866618 1.25 2
1582114270 4.189243489 0.75 2
1582114437 3.896944912 1.25 2
1582114601 4.115676444 1.0 2
1582114765 3.947693841 0.25 1
1582114926 7.47589268 1.75 2
1582115092 4.284912612 1.4 3
1582115259 4.012774361 0.0 0
1582115422 4.017114134 0.25 1
1582115586 4.000752129 0.5 1
1582115749 4.214364143 1.5 2
1582115913 4.002507603 1.25 2
1582116094 3.686884253 1.25 2
1582116310 3.977599682 1.25 2
1582116483 3.562272468 1.75 3
1582116652 4.010629269 1.0 2
1582118970 3.632973273 1.25 2
1582119133 4.247712578 1.2 2
1582119302 4.231100021 0.6 2
1582119468 4.343863857 0.75 1
1582119654 3.995123105 1.5 2
1582119817 4.052403491 0.25 1
1582119987 4.279127507 0.6 2
1582120160 4.259323528 0.25 1
1582120885 3.750243778 1.25 2
1582121052 3.768592116 0.6666666666666666 1
1582121296 3.739116615 1.3333333333333333 2
1582121459 3.829476338 0.3333333333333333 1
1582125200 4.138041471 0.4 1
1582125361 3.774932428 0.75 2
1582125844 4.004202924 1.0 2
1582126011 4.042919068 0.0 0
1582126179 3.861343112 0.5 1
1582126340 4.10523555 0.25 1
1582126507 4.079378449 0.75 2
1582126669 4.095067697 0.0 0
1582126836 4.10887604 0.0 0
1582126997 4.211227317 0.2 1
1582127158 4.183816099 0.4 1
1582127328 3.9853209 0.25 1
1582127494 3.9159882 0.75 1
1582127658 4.044426046 0.25 1
1582127823 4.163072873 0.0 0
1582127983 4.03628917 0.5 1
1582128149 3.916630665 0.5 1
1582128324 7.011979317 2.0 2
1582128489 3.846076573 0.0 0
1582128652 4.104055698 0.75 1
1582128818 3.935806622 2.25 3
1582128981 4.007678103 0.75 1
1582129153 4.185736946 0.0 0
1582129312 4.004527133 1.5 3
1582129473 3.906022054 1.25 2
1582129637 3.607591409 0.25 1
1582185060 3.887783888 1.3333333333333333 2
1582185241 4.127159407 0.5 1
1582185975 4.144351072 0.5 1
1582186136 3.658350236 0.0 0
1582186295 6.25204348 0.3333333333333333 1
1582186868 3.729860012 0.75 1
1582187832 3.503027125 0.5 1
1582187991 3.583419293 1.3333333333333333 2
1582188149 3.705854153 0.75 2
1582188311 3.429156601 1.0 2
1582193761 4.401892354 0.25 1
1582193924 4.088287691 0.0 0
1582194088 4.130975383 0.25 1
1582194244 4.033718817 1.0 2
1582194406 3.916946047 0.25 1
1582194571 3.970965019 0.25 1
1582194731 3.686464977 0.5 1
1582194900 3.797655361 0.75 1
1582195061 3.421395268 0.5 1
1582195222 3.718237449 0.25 1
1582195716 3.763154734 0.5 1
1582195877 3.5776074 0.0 0
1582196034 3.451187751 0.0 0
1582196195 3.454100683 0.0 0
1582196354 3.749843951 0.0 0
1582196513 3.49984025 0.0 0
1582196671 3.759909308 0.0 0
1582196830 4.373997072 1.0 2
1582196992 4.094274568 0.25 1
1582197158 3.994687859 0.25 1
1582197315 3.91219171 0.5 1
1582197481 4.026701396 0.5 1
1582197653 3.689064304 0.5 1
1582197810 3.721868381 0.5 1
1582197969 3.573562576 0.3333333333333333 1
1582198125 3.560111402 1.25 2
1582198287 3.382128811 0.25 1
1582198444 3.611674673 0.25 1
1582198726 3.508720758 0.0 0
1582199074 3.68382832 0.25 1
1582631381 3.727886903 1.25 2
1582631542 3.545217162 1.0 2
1582631698 3.400461169 0.75 2
1582631855 3.623305394 1.0 2
1582632012 3.630563902 0.0 0
1582632169 3.480221038 0.25 1
1582632330 3.648709935 0.0 0
1582632492 3.671076615 0.5 1
1582632651 4.025620968 0.0 0
1582632812 3.685236988 0.25 1
1582884510 4.044066567 1.0 2
1582884689 4.017396403 0.25 1
1582884857 4.300669537 0.2 1
1582885021 4.268668456 1.0 2
1582885186 4.205567288 0.25 1
1582885347 3.974971598 0.5 2
1582885507 4.086936812 0.75 2
1582885669 4.12949083 0.8 2
1582885834 4.001872753 0.5 1
1582885991 4.22057774 0.25 1
1574707073 3.713107964 0.0 0
