1569849995 4.295551542 0.5 2
1569850198 4.445252035 0.6 1
1569849995 4.295551542 0.5 2
1569850198 4.445252035 0.6 1
1569850729 4.380823759 0.6 2
1569851012 4.223729906 0.25 1
1569851218 4.267104382 0.5 2
1569851567 4.3509862 0.8 2
1569851774 4.389682173 0.4 2
1569852004 4.34578714 0.5 2
1569852233 4.226781595 0.8 2
1569852471 4.324052438 1.0 3
1569853079 4.079091265 0.25 1
1569853391 6.100564237 1.0 4
1570543119 4.194797836 0.75 2
1570543481 4.444224869 0.75 2
1570543686 9.486670659 1.6 2
1570544608 4.526863536 0.5 2
1570545067 4.322388372 0.8 2
1570545284 4.092125679 0.4 1
1571322992 4.355995126 0.4 1
1571325109 4.368281352 0.6 2
1571325306 4.279962702 0.5 2
1571325510 4.402214593 0.8 2
1571325711 4.365298437 0.8 2
1571325907 4.288220996 0.4 1
1571326109 4.348414365 0.5 2
1571326800 4.180899897 0.5 2
1571327015 4.266433926 1.0 3
1571327224 4.397999254 0.5 1
1571395901 4.152994094 0.5 2
1571396097 3.858619777 0.75 2
1571396294 4.228909309 0.25 1
1571396493 4.131505868 0.4 1
1571396692 4.409902059 0.5 2
1571396919 4.391478586 0.6 2
1571397124 4.287851629 0.75 3
1571397326 4.208294894 0.5 1
1571397522 4.352945743 0.5 2
1571397719 4.432076055 0.25 1
1571404968 4.150619682 0.75 2
1571405166 4.435828773 0.75 2
1571405363 4.317643183 0.6 2
1571405592 4.270887572 0.25 1
1571405795 4.36418416 0.8 2
1571409014 4.410909503 0.75 3
1571409216 4.315060691 0.5 1
1571409417 4.224355812 0.0 0
1571409634 4.216823527 0.0 0
1571409832 4.260386166 0.0 0
1571664399 4.369492499 0.6 2
1571664941 4.188161107 0.5 2
1571665144 4.331494526 0.25 1
1571665355 4.369464486 0.8 2
1571665550 4.263767977 0.5 2
1571665745 4.366609792 0.25 1
1571668162 4.272924212 0.6 2
1571668361 4.209232772 0.75 3
1571668565 4.313702602 0.8 2
1571668760 4.199960992 0.75 2
1571668960 4.392039955 1.25 3
1571752033 4.297102514 1.2 3
1571752228 4.367086714 0.6 2
1571752429 4.403509093 0.5 1
1571752633 4.180174093 0.5 2
1571752827 4.36875235 0.8 2
1571753023 4.217549984 0.6 2
1571753221 4.31967222 0.5 2
1571753418 4.2287757 0.25 1
1571753616 4.293703885 1.0 2
1571753812 4.354797972 0.8 2
1571760171 4.225910102 0.25 1
1571760365 4.293683297 0.8 2
1571760570 4.267350484 0.5 2
1571760766 4.232327978 0.75 2
1571760968 4.256376748 0.75 2
1571761176 4.209041598 0.25 1
1571761375 4.300800584 0.5 2
1571761570 4.240765188 0.5 1
1571761765 4.342424589 0.6 2
1571761974 4.244449576 0.5 2
1572003276 4.343836443 0.6 2
1572003473 4.038279488 0.5 1
1572003669 4.223352892 0.8 2
1572003866 4.279843882 0.6 1
1572004062 4.260867418 0.6 2
1572004258 4.31920923 0.6 2
1572004453 4.224205615 0.25 1
1572004652 4.365908796 0.25 1
1572004854 4.301160946 0.8 2
1572005053 4.389444924 0.25 1
1572011254 4.22503604 0.75 3
1572011451 4.079714086 1.0 2
1572011646 4.268282613 0.2 1
1572011844 4.258047429 0.75 1
1572012040 4.356520193 1.25 2
1572012238 4.290592033 0.75 2
1572012432 4.144604027 1.0 4
1572012626 4.229002777 0.8 2
1572012821 4.336965348 0.2 1
1572013015 4.373999856 1.4 2
1572265075 4.254645291 0.5 2
1572265272 4.24393019 0.5 2
1572265470 4.292640216 0.5 2
1572265669 4.179811242 0.25 1
1572265874 4.32002851 0.75 2
1572266076 4.251870323 0.25 1
1572266273 4.245007204 1.25 2
1572266473 4.382767582 0.5 2
1572266672 4.328304532 0.6 2
1572266875 4.265682176 0.5 1
1572274138 3.782177316 0.75 2
1572274311 3.789090264 0.5 2
1572274479 3.727428984 2.25 4
1572274652 3.527791384 0.25 1
1572274820 3.767107287 0.6666666666666666 2
1572274989 3.650733378 1.0 3
1572275161 3.791173899 0.75 2
1572275337 3.668588144 1.25 3
1572275507 3.71454936 0.25 1
1572275680 3.625954182 0.5 2
1572361288 4.267819174 0.8 2
1572361485 4.395051157 0.5 2
1572361680 4.288824589 0.6 2
1572361876 4.276247752 0.8 2
1572362075 4.239020726 1.0 3
1572362268 4.217188383 0.6 2
1572362465 4.419067798 0.5 2
1572362664 4.291612362 0.5 2
1572362859 4.35201975 0.5 2
1572363055 4.351139809 0.25 1
1572366929 3.627739553 0.75 2
1572367097 3.696221823 0.25 1
1572367268 3.836007827 0.3333333333333333 1
1572367435 3.725470196 0.25 1
1572367617 3.629020132 0.5 2
1572367795 3.779616292 0.75 2
1572367964 3.598877102 0.25 1
1572368133 3.921794663 0.25 1
1572368299 3.892055701 0.5 2
1572368465 3.598733535 0.3333333333333333 1
1574707093 3.314366568 0.0 0
