1569849919 6.442792877 0.0 0
1569850124 6.205835468 0.0 0
1569849919 6.442792877 0.0 0
1569850124 6.205835468 0.0 0
1569850934 6.48791646 0.0 0
1569851142 6.439680981 0.0 0
1569851489 6.403693131 0.0 0
1569851699 6.183094357 0.0 0
1569851929 6.148043313 0.0 0
1569852158 6.464063238 0.0 0
1569852396 6.308743076 0.0 0
1569852613 6.174674298 0.0 0
1569853003 5.937616294 0.0 0
1569853315 6.195844353 0.0 0
1569853554 8.395241027 0.0 0
1569854196 6.161851531 0.0 0
1569855155 6.007003577 0.0 0
1569855602 6.522115314 0.0 0
1570446927 6.023542991 0.0 0
1570448019 5.972125499 0.3333333333333333 1
1570448746 5.976156784 0.16666666666666666 1
1570449216 5.921950664 0.0 0
1570543401 5.923383342 0.0 0
1570543605 6.42749594 0.0 0
1570544534 6.042186361 0.0 0
1570544735 5.59689216 0.0 0
1570544995 6.021624092 0.0 0
1570545200 6.547754836 0.42857142857142855 3
1571322914 6.493552434 0.0 0
1571323235 6.359710698 0.0 0
1571323629 5.983972631 0.0 0
1571324030 6.275692464 0.0 0
1571324430 5.946113202 0.0 0
1571325233 6.157300445 0.0 0
1571325432 6.053696752 0.0 0
1571325637 6.032863198 0.0 0
1571325835 6.053659394 0.0 0
1571326727 6.312796886 0.0 0
1571326939 6.143958426 0.0 0
1571327146 6.061224957 0.0 0
1571327751 6.138457856 0.0 0
1571328142 6.028583168 0.0 0
1571328533 6.144206207 0.0 0
1571329316 6.057133937 0.0 0
1571329908 5.947899458 0.0 0
1571395828 5.890983749 0.0 0
1571396024 6.060291315 0.0 0
1571396221 6.214960502 0.0 0
1571396420 6.272386115 0.0 0
1571396817 6.594231217 0.0 0
1571397047 6.015457797 0.0 0
1571397251 6.24029984 0.0 0
1571397646 6.357409947 0.0 0
1571397865 6.059196347 0.0 0
1571398257 5.981152717 0.0 0
1571398652 5.970324435 0.0 0
1571399043 6.306703587 0.0 0
1571399435 5.88651368 0.16666666666666666 1
1571399831 5.804631915 0.0 0
1571400224 6.442563429 0.0 0
1571400646 6.100273854 0.0 0
1571401045 6.27571977 0.0 0
1571401437 6.183729971 0.0 0
1571404894 6.053407704 0.0 0
1571405093 6.200550403 0.0 0
1571405490 6.33230897 0.0 0
1571405722 6.119634253 0.0 0
1571406817 6.115657618 0.0 0
1571407207 6.018030999 0.0 0
1571407601 6.065969818 0.0 0
1571407989 6.00891865 0.0 0
1571408381 6.266936622 0.0 0
1571408912 6.223604384 0.0 0
1571409145 4.340437484 0.0 0
1571409344 5.940228903 0.0 0
1571409543 6.571317 0.0 0
1571409759 6.428458197 0.0 0
1571664326 6.406304306 0.0 0
1571664870 6.158292803 0.0 0
1571665073 5.968211996 0.0 0
1571665284 5.969887944 0.0 0
1571665673 6.359868473 0.0 0
1571665873 6.246060621 0.0 0
1571666264 6.096755379 0.0 0
1571666655 5.922640292 0.0 0
1571667049 6.098189726 0.0 0
1571667485 6.623369259 0.0 0
1571668091 6.148645034 0.0 0
1571668291 5.938659721 0.0 0
1571668486 8.034433221 0.0 0
1571668689 5.997686804 0.0 0
1571669138 6.162201583 0.0 0
1571669537 5.926747991 0.0 0
1571751962 6.18518147 0.0 0
1571752157 6.052180637 0.0 0
1571752356 6.110077559 0.0 0
1571752561 6.135788559 0.0 0
1571752756 6.176310793 0.0 0
1571752952 6.647904045 0.0 0
1571753150 6.339947145 0.0 0
1571753347 6.010765889 0.0 0
1571753544 6.192015877 0.0 0
1571753740 6.062554636 0.0 0
1571754048 6.027481003 0.0 0
1571755241 6.092402372 0.0 0
1571755805 6.088143299 0.0 0
1571756475 6.011616082 0.0 0
1571756886 7.11954553 0.0 0
1571757335 5.939732876 0.0 0
1571757724 6.356020633 0.0 0
1571758124 6.260501074 0.0 0
1571758514 5.95777625 0.0 0
1571760097 6.051470455 0.0 0
1571760294 6.024381565 0.0 0
1571760496 6.230727402 0.0 0
1571761105 6.203695318 0.0 0
1571761304 6.078774945 0.0 0
1571761499 6.191849877 0.0 0
1571761694 6.079405775 0.0 0
1571761894 7.090015172 0.0 0
1571762130 4.868820501 0.0 0
1571762518 5.861739739 0.0 0
1571762917 6.119938108 0.0 0
1571763307 4.424592843 0.0 0
1571764101 6.940404318 0.0 0
1571764514 6.61672227 0.0 0
1571764907 6.148539636 0.0 0
1571765295 5.986167652 0.0 0
1571765686 6.377009684 0.0 0
1571766263 6.533841757 0.0 0
1571767046 5.987527076 0.0 0
1572003205 6.181998574 0.0 0
1572003399 6.167578887 0.0 0
1572003598 6.118347586 0.0 0
1572003796 5.996558226 0.0 0
1572003991 6.402856609 0.0 0
1572004581 6.027111597 0.0 0
1572004783 6.067886871 0.0 0
1572004981 6.208041562 0.0 0
1572006272 6.167863894 0.0 0
1572007010 6.450087172 0.0 0
1572008307 6.147624855 0.0 0
1572008710 6.203236381 0.0 0
1572009105 6.165251396 0.0 0
1572009494 5.997609582 0.0 0
1572009886 6.05648139 0.0 0
1572010281 5.954237332 0.0 0
1572010672 6.23121388 0.0 0
1572011183 6.054466229 0.0 0
1572011379 6.047863084 0.0 0
1572011573 6.401304968 0.0 0
1572011773 6.501995929 0.0 0
1572011971 4.575890338 0.0 0
1572012167 6.135374679 0.0 0
1572012361 6.062811038 0.0 0
1572012555 6.207461688 0.0 0
1572012750 6.196267439 0.0 0
1572013233 5.867484091 0.0 0
1572013626 6.035748738 0.0 0
1572014019 6.266247794 0.0 0
1572014410 6.134545259 0.0 0
1572265398 5.963303353 0.0 0
1572265596 5.884801699 0.3333333333333333 1
1572265794 6.239660117 0.0 0
1572266004 6.010947981 0.0 0
1572266198 6.10596291 0.0 0
1572266601 6.205643616 0.0 0
1572266796 5.832460211 0.0 0
1572268081 6.082053717 0.3333333333333333 1
1572268851 6.052786565 0.5 1
1572269265 6.057350425 0.0 0
1572270088 5.962059055 0.0 0
1572270878 6.077006893 0.0 0
1572272241 5.247830758 0.0 0
1572272571 4.822926775 0.0 0
1572272906 4.946205589 0.0 0
1572273239 4.77924326 0.0 0
1572273586 4.850705867 0.0 0
1572274245 4.828685769 0.0 0
1572274421 5.221092099 0.0 0
1572274587 4.941966609 0.0 0
1572274929 5.274306431 0.0 0
1572275277 5.085751966 0.0 0
1572275445 5.229453087 0.0 0
1572276007 4.992281351 0.0 0
1572276343 4.836035773 0.0 0
1572276681 5.093396469 0.0 0
1572277012 5.308682676 0.0 0
1572277342 4.916028987 0.0 0
1572277685 7.93977493 0.0 0
1572278036 4.957590079 0.0 0
1572361414 6.243418483 0.0 0
1572361609 6.515095429 0.0 0
1572361804 6.206443933 0.0 0
1572362002 5.843814017 0.0 0
1572362197 6.140617575 0.0 0
1572362393 6.419864513 0.0 0
1572362788 6.245491328 0.0 0
1572362984 6.019311906 0.0 0
1572363429 4.861086538 0.0 0
1572363759 4.863158243 0.0 0
1572364088 4.809497276 0.0 0
1572364418 4.963313227 0.0 0
1572364751 4.729431049 0.0 0
1572365094 3.963869157 0.0 0
1572365471 4.901056714 0.0 0
1572366182 4.955753187 0.0 0
1572366517 4.919189338 0.0 0
1572366870 5.084200088 0.0 0
1572367037 4.885621015 0.0 0
1572367206 4.819614448 0.0 0
1572367375 4.899533251 0.0 0
1572367729 4.915141451 0.0 0
1572367905 4.841617811 0.0 0
1572368072 5.355272085 0.0 0
1572368239 5.119708277 0.0 0
1572368405 4.897426843 0.0 0
1574707037 4.355111284 0.0 0
