1569850044 2.014201302 0.0 0
1569850248 2.270651874 0.0 0
1569850044 2.014201302 0.0 0
1569850248 2.270651874 0.0 0
1569850805 2.161268899 1.0 1
1569851061 2.201762399 0.3333333333333333 1
1569851267 2.198055064 0.0 0
1569851617 2.090187182 0.5 1
1569851829 2.18480763 0.3333333333333333 1
1569852058 2.0950083 0.6666666666666666 1
1569852283 2.010425685 0.0 0
1569852520 2.30306229 0.0 0
1569853139 2.034170627 0.5 1
1569853448 2.092836537 0.0 0
1570543167 2.214301064 0.0 0
1570543529 2.216251925 0.6666666666666666 2
1570543739 2.196323661 0.0 0
1570544657 2.088826116 0.5 1
1570544915 2.170327138 0.3333333333333333 1
1570545116 2.143350311 0.0 0
1570545333 2.285107823 0.0 0
1571323040 2.329525899 0.0 0
1571325158 2.076939206 0.0 0
1571325354 2.22646622 0.5 1
1571325560 2.043606921 0.5 1
1571325760 2.125755497 0.0 0
1571325956 2.224596944 0.0 0
1571326166 19.193708495 0.0 0
1571326301 0.51107483 0.0 0
1571326848 2.12977931 0.5 1
1571327064 2.140615877 0.0 0
1571327273 2.243802614 0.0 0
1571395950 2.175656906 0.0 0
1571396147 2.159933947 0.5 1
1571396343 2.137307472 0.0 0
1571396542 2.124358195 1.0 2
1571396742 2.177772517 0.0 0
1571396968 2.256502616 0.5 1
1571397172 2.29865048 0.0 0
1571397374 2.140045626 0.0 0
1571397570 2.272895342 0.5 1
1571397768 2.093569365 0.5 1
1571405016 2.271222798 0.0 0
1571405214 2.181881356 0.0 0
1571405412 2.101165696 0.0 0
1571405641 2.297530791 0.5 1
1571405844 2.170451046 0.5 1
1571409062 2.177457674 0.0 0
1571409264 2.141036749 0.0 0
1571409466 2.046942246 0.0 0
1571409682 2.176215909 0.6666666666666666 1
1571409881 2.007272667 0.5 1
1571664486 5.099384869 -1 -1
1571664995 2.285643798 0.0 0
1571665193 2.234390573 0.5 1
1571665404 2.13130854 0.0 0
1571665598 2.263889529 0.0 0
1571665794 2.173551162 0.0 0
1571668211 2.205025411 0.0 0
1571668410 2.255170505 0.0 0
1571668614 2.236416452 0.0 0
1571668808 2.092307673 0.0 0
1571669009 2.042775541 0.5 1
1571752082 2.127119384 0.0 0
1571752277 2.414166544 0.3333333333333333 1
1571752477 2.244275884 1.0 1
1571752682 2.14109441 0.0 0
1571752877 2.194069681 0.0 0
1571753072 2.110562677 0.0 0
1571753269 2.052350959 0.6666666666666666 2
1571753467 2.149016211 0.5 1
1571753664 2.100032341 0.0 0
1571753861 2.179325722 0.0 0
1571760219 2.209805945 0.0 0
1571760416 2.22237385 0.6666666666666666 1
1571760618 2.086320188 0.0 0
1571760814 2.200756514 0.0 0
1571761016 2.098335708 1.0 2
1571761225 2.141913904 0.3333333333333333 1
1571761423 2.203074837 0.0 0
1571761618 2.269023606 0.0 0
1571761815 2.296299799 0.0 0
1571762022 2.132372262 0.5 1
1572003325 2.057598705 0.5 1
1572003521 2.033119015 0.0 0
1572003717 2.139126261 0.0 0
1572003914 2.164090611 0.6666666666666666 1
1572004111 2.174533905 0.0 0
1572004307 2.245400958 0.5 1
1572004501 2.033124657 0.5 1
1572004700 2.228930406 0.5 1
1572004902 2.100376549 0.0 0
1572005101 2.280822223 0.0 0
1572011302 2.22456298 0.0 0
1572011499 2.160589106 0.0 0
1572011694 2.246958409 0.0 0
1572011893 2.171130069 0.0 0
1572012089 2.09931841 0.0 0
1572012286 2.056758116 0.0 0
1572012481 2.229633386 0.0 0
1572012675 2.17313502 0.0 0
1572012870 2.272777689 0.5 1
1572013064 2.099673665 0.0 0
1572265123 2.322950105 0.0 0
1572265320 2.104447075 0.0 0
1572265519 2.124529827 0.0 0
1572265717 2.142196289 0.5 1
1572265923 2.245255628 0.0 0
1572266124 2.124247961 0.0 0
1572266322 2.091593971 0.0 0
1572266522 2.213160387 1.0 2
1572266721 2.335546857 0.5 1
1572266924 2.076800356 1.0 1
1572274179 1.97530592 0.5 1
1572274352 2.00012342 1.5 2
1572274520 2.095982732 0.0 0
1572274693 1.916916727 0.5 1
1572274861 1.950739895 0.0 0
1572275030 1.86185668 0.5 1
1572275202 1.9663814 0.0 0
1572275379 2.031492814 0.0 0
1572275547 1.954764826 0.0 0
1572275721 1.892434633 0.0 0
1572361339 2.188889568 0.0 0
1572361535 2.12770237 1.0 1
1572361729 2.176343124 0.5 1
1572361924 2.094292649 1.0 1
1572362123 2.167606857 0.0 0
1572362316 2.199655317 0.3333333333333333 1
1572362513 2.270249221 0.0 0
1572362712 2.087067528 0.0 0
1572362907 2.14345164 0.6666666666666666 1
1572363103 2.255091011 1.3333333333333333 2
1572366970 2.050803059 0.5 1
1572367138 1.929117193 0.0 0
1572367310 2.008328342 0.5 1
1572367476 1.932003637 0.5 1
1572367659 1.969888674 0.0 0
1572367836 2.09692048 1.0 2
1572368005 1.999751429 1.0 2
1572368174 1.864411164 0.0 0
1572368340 1.920909105 0.5 1
1572368505 1.92793767 0.0 0
1572532454 2.217345336 0.5 1
1572532655 2.059594062 1.0 1
1572532860 2.087921968 0.0 0
1572544558 1.932519633 0.0 0
1572544726 1.99818316 0.5 1
1572544897 2.049060639 1.0 1
1572545070 1.924913024 1.5 2
1572545243 1.973636074 0.5 1
1572870072 1.843623909 1.0 1
1572870289 1.955754015 0.0 0
1572870471 2.034989595 0.5 1
1572870693 2.00717018 0.6666666666666666 2
1572870861 1.977141299 0.0 0
1572965451 2.003161076 1.0 1
1572965618 2.179602925 0.3333333333333333 1
1572965786 1.96713042 0.0 0
1572965955 2.027017315 0.0 0
1572966127 1.952240081 1.5 2
1572966293 1.828595088 0.0 0
1572966465 1.957951266 0.5 1
1572966648 1.856377806 0.5 1
1572966827 2.039379935 0.0 0
1572966991 2.088900198 0.0 0
1573207099 1.910904389 0.5 1
1573207267 1.923463988 1.0 1
1573207436 1.868543271 0.5 1
1573207601 1.965795465 1.0 1
1573207771 1.964471936 0.5 1
1573207939 1.938948857 0.0 0
1573208105 1.908832215 0.0 0
1573208271 1.926674089 1.0 1
1573208439 1.931818705 0.5 1
1573208604 1.837039618 0.5 1
1573220340 2.005417698 0.0 0
1573220507 1.964723242 0.0 0
1573220675 2.010406594 0.0 0
1573220844 1.910843001 0.5 1
1573221012 1.972686269 0.5 1
1573221179 1.991505472 0.5 1
1573221343 1.798242727 1.0 1
1573221513 1.929723367 0.5 1
1573221679 2.033022806 0.0 0
1573221849 1.910492743 1.5 2
1573222037 1.960559719 0.5 1
1573222208 1.972969197 0.0 0
1573222375 1.969369373 0.0 0
1573222541 2.03906895 1.0 1
1573222711 1.919470507 0.5 1
1573301189 1.965065376 2.0 2
1573301357 2.051612114 0.0 0
1573301539 2.020864462 0.0 0
1573301707 2.007607753 0.0 0
1573301893 1.962199494 0.0 0
1573302073 1.96053138 0.0 0
1573302241 1.96125332 0.0 0
1573302415 2.080720281 0.0 0
1573302584 1.95013664 0.0 0
1573302767 2.008137039 0.0 0
1573303901 1.959985401 0.5 1
1573304064 2.060539183 0.6666666666666666 1
1573304226 2.043647569 0.0 0
1573304392 2.107785881 0.0 0
1573304551 2.014901238 1.0 2
1573304717 2.08813048 0.5 1
1573304876 2.016769603 0.0 0
1573305037 2.003664804 0.0 0
1573305198 2.014973219 1.0 2
1573305357 2.100379166 0.5 1
1573752530 2.170388764 0.5 1
1573752788 1.99991526 0.0 0
1573752947 1.955654025 0.0 0
1573753106 2.090471234 0.5 1
1573753263 2.462194281 0.0 0
1573753418 2.181916641 0.0 0
1573753577 1.744006927 2.0 2
1573753730 1.978792628 1.0 1
1573753891 2.092265966 0.5 1
1573754711 1.859493905 0.0 0
1573754871 1.92464261 0.5 1
1573755033 1.921384582 1.0 1
1573755199 2.0954513 0.0 0
1573755362 1.920851703 1.0 1
1573755519 1.963385685 0.0 0
1573755673 1.953047299 0.5 1
1573755832 2.083865818 0.0 0
1573755990 1.877189434 0.0 0
1573756149 2.301240965 0.5 1
1573831455 2.00624212 0.0 0
1573831613 1.953199211 0.0 0
1573831772 1.949667377 0.0 0
1573831943 1.997157227 0.0 0
1573832095 2.155474586 0.0 0
1573832258 2.004896438 0.0 0
1573832415 2.134274546 0.0 0
1573832578 1.968391326 0.0 0
1573832733 2.084383091 0.0 0
1573832889 1.985988277 0.0 0
1573833085 2.069222577 0.0 0
1573833240 1.999365354 0.0 0
1573833405 1.77087222 0.0 0
1573833562 2.060705495 0.0 0
1573833719 1.942353125 0.0 0
1573901094 1.832178764 0.5 1
1573901251 2.052069602 0.0 0
1573901407 1.997563394 0.5 1
1573901563 2.009076532 0.5 1
1573901724 1.92268428 0.0 0
1573901878 2.00147426 0.5 1
1573902034 2.059922927 1.5 2
1573902191 2.031272546 0.0 0
1573902349 2.039348475 0.0 0
1573902505 2.134147587 0.0 0
1574685823 2.209421369 0.0 0
1574686016 2.064974196 0.0 0
1574686184 2.093279579 0.0 0
1574686346 2.098159325 0.0 0
1574686504 2.004051254 0.0 0
1574686670 2.043181691 0.0 0
1574686834 1.89908835 0.0 0
1574687020 2.10184663 0.0 0
1574687195 2.149592006 0.0 0
1574687359 2.126008606 0.0 0
1574689688 2.039582838 0.0 0
1574689905 1.972125543 0.0 0
1574690073 2.03140612 0.5 1
1574690243 2.142161817 0.0 0
1574690413 2.049328091 0.0 0
1574690573 2.158764388 0.0 0
1574690744 2.051679638 0.0 0
1574690903 2.173888768 0.0 0
1574691088 2.002793067 0.3333333333333333 1
1574691267 1.961633825 0.0 0
1574706888 2.074983907 1.0 2
1574707131 1.95034324 0.0 0
1574954233 2.056978831 0.0 0
1574954398 2.041542576 0.5 1
1574954575 2.035682727 0.0 0
1574954739 1.917536681 0.0 0
1574954924 2.105940562 0.6666666666666666 2
1574955080 1.991068524 0.0 0
1574955338 2.140331576 0.0 0
1574955497 1.946428322 0.0 0
1574955656 2.0532794 0.5 1
1574955817 2.135958004 0.0 0
1575026565 2.155298501 0.0 0
1575026726 2.13723354 0.0 0
1575026887 1.966058295 0.0 0
1575027048 1.958007284 0.0 0
1575027211 2.04761448 0.0 0
1575027373 1.973508136 0.0 0
1575027539 2.070494394 0.0 0
1575027695 2.033996378 0.0 0
1575027860 2.095291629 0.0 0
1575028024 2.021491481 1.0 2
1575112881 2.049464634 0.0 0
1575113045 1.966704046 0.0 0
1575113203 2.021201824 0.0 0
1575113366 1.978594662 0.0 0
1575113524 2.246842308 0.0 0
1575113682 2.13987951 0.6666666666666666 2
1575113839 2.16868961 0.3333333333333333 1
1575113998 2.129447035 0.0 0
1575114161 2.167209525 0.5 1
1575114322 2.035888012 0.0 0
1575289811 2.092154297 0.0 0
1575289977 2.023794307 0.0 0
1575290145 2.084873012 0.0 0
1575290332 2.060654585 0.0 0
1575290501 2.031552214 1.0 2
1575290677 2.041092405 0.3333333333333333 1
1575290843 2.898639358 0.0 0
1575291000 2.152831372 0.6666666666666666 2
1575291162 2.121105682 0.0 0
1575291324 2.008553692 0.0 0
1575384212 1.968413884 0.0 0
1575384371 1.950308493 1.0 2
1575384532 2.044532635 0.0 0
1575384692 2.668287928 0.0 0
1575384854 1.982339647 0.0 0
1575385014 2.079012671 0.0 0
1575385174 2.152204437 0.5 1
1575385333 2.096966046 0.5 1
1575385496 2.164090651 0.6666666666666666 2
1575385656 2.130724446 0.0 0
1575556593 1.993347471 0.0 0
1575556754 2.171012123 0.0 0
1575556926 2.019767625 0.5 1
1575557112 2.121705439 0.0 0
1575557281 2.001776134 0.0 0
1575557465 2.003301054 0.0 0
1575557641 2.090781527 0.0 0
1575557813 2.096918688 0.5 1
1575558273 2.086488056 0.0 0
1575558459 2.051118036 0.0 0
1579184092 2.251189396 0.0 0
1579184806 2.178769941 0.0 0
1579184968 2.115165469 0.3333333333333333 1
1579185132 2.183706398 0.0 0
1579185305 1.971547869 0.0 0
1579185484 2.215861533 0.5 1
1579185665 2.035575622 0.0 0
1579185844 1.999365102 0.0 0
1579186033 2.175022749 0.0 0
1579186204 2.050431049 0.0 0
1579351828 1.880473375 0.0 0
1579351988 2.091554604 0.0 0
1579352148 2.163645194 0.0 0
1579352309 2.120701249 0.3333333333333333 1
1579352473 2.034933558 0.0 0
1579352636 2.185077459 1.0 2
1579352794 2.175973977 0.0 0
1579352956 2.196976646 0.0 0
1579353118 1.965745999 0.0 0
1579353991 1.705279814 0.5 1
1579522909 2.306049743 0.6666666666666666 2
1579523113 2.044244943 0.0 0
1579523304 2.093327028 0.0 0
1579523468 2.161204883 0.0 0
1579523643 2.044438432 0.0 0
1579523823 2.045411042 0.5 1
1579524006 2.235814132 0.0 0
1579524193 2.214802212 0.5 1
1579524361 1.964471586 0.0 0
1579524529 2.016311152 0.0 0
1579537514 2.128252829 0.0 0
1580215388 1.71417654 0.0 0
1580215558 1.994795237 0.0 0
1580215721 2.063025295 0.0 0
1580215880 2.164970584 0.0 0
1580216041 2.054663549 0.5 1
1580216204 1.9638748 0.0 0
1580216363 2.046318798 0.0 0
1580216527 1.991726138 0.5 1
1580216686 2.084427054 0.0 0
1580216867 1.931479684 0.0 0
1580304776 2.132568382 0.0 0
1580304933 2.024300496 1.5 2
1580305095 2.036369718 0.3333333333333333 1
1580305255 2.093599088 0.5 1
1580305439 2.0424255 0.0 0
1580305601 2.097036258 0.0 0
1580305763 2.093829436 0.5 1
1580305920 1.926727536 0.0 0
1580306075 1.945512613 0.0 0
1580306236 1.97217877 0.0 0
1581935276 2.231568603 0.0 0
1581935434 2.244799199 0.5 1
1581935596 2.059694134 1.0 1
1581935761 2.14710371 0.5 1
1581935929 2.054422523 0.6666666666666666 1
1581936100 2.171771868 1.0 2
1581936270 2.254666743 1.0 2
1581936434 2.140620757 0.0 0
1581936592 1.977782039 0.0 0
1581936768 2.290632907 0.5 1
1582026950 2.119235863 1.3333333333333333 3
1582027112 1.828419022 0.0 0
1582027279 1.927800767 0.0 0
1582027446 2.049743019 0.0 0
1582027857 1.891610996 0.0 0
1582028023 2.095939601 0.0 0
1582028190 2.085560202 0.0 0
1582028359 1.960861592 0.0 0
1582028528 1.920360516 0.0 0
1582028697 1.926509024 0.0 0
1582113166 2.188730438 1.0 2
1582113332 2.035768356 0.0 0
1582113497 2.073373565 0.0 0
1582113664 2.182384942 0.5 1
1582113832 2.198895338 0.6666666666666666 1
1582114007 1.932347685 0.0 0
1582114168 1.959467497 0.0 0
1582114332 2.075562194 1.5 2
1582114496 2.144125351 0.0 0
1582114663 2.017653519 0.5 1
1582114823 2.205207265 0.0 0
1582114992 2.181932961 0.0 0
1582115153 1.952973887 1.0 1
1582115320 2.177525745 0.0 0
1582115484 1.907676679 0.5 1
1582115647 2.092950663 1.0 1
1582115809 1.921538143 0.0 0
1582115973 2.092499375 0.0 0
1582116154 2.000988699 0.0 0
1582116367 2.07817449 0.0 0
1582116545 2.131494214 0.5 1
1582116710 2.048355712 0.0 0
1582119031 1.919534595 1.0 1
1582119191 1.909995213 0.0 0
1582119364 2.05798508 1.5 2
1582119539 2.161756616 0.0 0
1582119715 1.995149724 0.0 0
1582119876 2.046047492 0.0 0
1582120051 2.010170658 0.0 0
1582120225 1.992803446 0.5 1
1582120945 1.784939553 0.5 1
1582121112 2.009721294 0.0 0
1582121356 2.08185278 0.0 0
1582121517 2.14005637 0.0 0
1582125261 1.961326079 0.5 1
1582125701 2.168461368 0.0 0
1582125904 1.887792997 0.0 0
1582126070 2.000813312 0.0 0
1582126239 2.436734324 0.0 0
1582126400 2.008154963 0.0 0
1582126568 2.04379836 0.5 1
1582126732 1.849901577 0.5 1
1582126895 1.922579916 0.5 1
1582127056 1.932029542 0.0 0
1582127221 1.828058242 0.0 0
1582127390 2.00776061 0.5 1
1582127555 1.866584649 0.0 0
1582127720 1.881035019 0.0 0
1582127883 1.977939744 0.5 1
1582128043 1.90020015 0.0 0
1582128210 2.018196879 0.5 1
1582128388 1.926342788 0.5 1
1582128550 1.917020831 0.0 0
1582128713 1.95955865 0.0 0
1582128878 1.796407112 0.3333333333333333 1
1582129045 2.217407033 0.5 1
1582129214 2.134517777 1.0 1
1582129372 2.09444705 0.0 0
1582129534 1.964149933 2.5 3
1582129696 2.167753178 0.5 1
1582185121 2.023006203 0.5 1
1582185301 2.00440299 0.0 0
1582186033 2.182376349 0.3333333333333333 1
1582186193 2.162986847 0.0 0
1582186929 2.106093282 0.5 1
1582187890 1.992442254 0.5 1
1582188050 2.119481835 1.0 2
1582188208 1.963521306 0.5 1
1582188368 2.000242851 0.5 1
1582193819 2.092507974 0.0 0
1582193983 2.219381778 0.0 0
1582194147 2.147035117 0.0 0
1582194303 2.023823966 0.0 0
1582194464 2.140265094 0.0 0
1582194629 2.138562739 0.0 0
1582194795 2.003070416 1.0 2
1582194958 2.083456001 0.0 0
1582195118 2.093011804 1.0 2
1582195282 2.167995033 1.0 2
1582195776 1.916692017 0.0 0
1582195935 1.850143032 0.0 0
1582196093 2.006668191 0.0 0
1582196252 2.088274852 0.5 1
1582196412 2.182470632 0.0 0
1582196571 2.087529559 0.0 0
1582196728 2.018888524 0.0 0
1582196889 2.085547196 0.0 0
1582197051 2.180957121 0.0 0
1582197218 2.211752581 0.0 0
1582197373 2.08287687 0.6666666666666666 1
1582197540 2.204517663 0.0 0
1582197711 2.131448958 0.5 1
1582197868 2.130916435 0.0 0
1582198027 2.039498095 0.5 1
1582198183 2.19587425 0.3333333333333333 1
1582198345 2.045690934 0.0 0
1582198504 1.926897428 1.0 1
1582198783 1.9495447 1.0 2
1582199135 1.971959769 0.0 0
1582631440 2.050143344 1.0 1
1582631600 1.932493377 0.0 0
1582631756 2.26050546 1.0 1
1582631913 2.15315866 0.5 1
1582632071 2.117579512 0.0 0
1582632227 2.113251684 0.0 0
1582632387 2.221362389 0.0 0
1582632550 2.067381861 0.6666666666666666 2
1582632711 2.131165625 0.0 0
1582632870 2.19517912 0.0 0
1582884570 2.067647037 0.0 0
1582884747 2.054498725 0.0 0
1582884916 2.088959822 0.0 0
1582885080 2.17970361 0.0 0
1582885244 2.128606694 0.0 0
1582885407 2.248473322 0.0 0
1582885565 2.085739697 0.0 0
1582885728 2.134016093 0.0 0
1582885893 2.224086922 0.0 0
1582886050 2.114551386 1.0 2
1574707131 1.95034324 0.0 0
