1569850095 1.885140986 0.0 0
1569850095 1.885140986 0.0 0
1569850854 2.338223202 0.0 0
1569851112 2.209754282 1.0 1
1569851321 5.684722109 0.0 0
1569851419 31.040176201 0.0 0
1569851665 2.206994672 0.0 0
1569851877 1.866692237 1.0 1
1569852105 2.051202948 0.0 0
1569852334 1.961426378 1.0 1
1569852568 2.151688568 0.0 0
1569853212 1.797611434 1.0 1
1569853506 1.863676782 0.0 0
1569853979 2.087664803 0.0 0
1569855005 2.181162454 0.0 0
1569855562 2.210502319 0.0 0
1570446897 2.32360798 0.0 0
1570447400 59.152396746 0.0 0
1570447955 38.689804166 0.0 0
1570448698 6.605098488 0.0 0
1570449186 2.238311098 0.0 0
1570449613 1.875658491 0.0 0
1570542979 7.008506922 0.0 0
1570543218 1.800381138 0.0 0
1570543575 2.411319439 0.5 1
1570543792 1.366481784 0.0 0
1570544703 1.879262271 0.0 0
1570544965 1.904277024 0.0 0
1570545164 2.129987105 0.0 0
1570545389 3.491700865 0.0 0
1571322886 1.817770721 0.0 0
1571323086 2.157907078 0.0 0
1571323599 2.067013377 0.0 0
1571324002 2.226731308 0.0 0
1571324400 2.261359173 0.0 0
1571324792 2.123960502 0.0 0
1571325204 1.712591232 0.0 0
1571325403 1.770864863 0.0 0
1571325606 1.73600722 0.0 0
1571325807 2.140556173 0.0 0
1571326004 2.184836251 0.0 0
1571326523 2.387197281 0.0 0
1571326907 2.213212713 0.0 0
1571327115 2.481423622 0.0 0
1571327323 2.335045779 0.0 0
1571327723 1.991768686 0.0 0
1571328113 2.182325228 0.0 0
1571328504 2.207485113 0.0 0
1571328895 2.263700404 0.0 0
1571329288 2.653981133 0.0 0
1571329676 2.273136453 0.0 0
1571330654 2.097000531 0.0 0
1571395698 2.053356901 0.0 0
1571395703 4.561502152 0.0 0
1571395729 35.870431206 0.0 0
1571395777 29.744987715 0.0 0
1571395996 1.829223607 0.0 0
1571396193 1.809119344 0.0 0
1571396391 2.272810718 0.0 0
1571396589 2.2919468 0.0 0
1571396788 2.244870615 0.0 0
1571397018 2.333388855 0.0 0
1571397221 2.362837832 0.0 0
1571397420 2.094651925 0.0 0
1571397617 1.738603484 0.5 1
1571397815 1.748776124 0.0 0
1571398226 2.390727945 0.0 0
1571398622 2.380229808 0.3333333333333333 1
1571399014 2.077100681 0.0 0
1571399406 2.087787566 0.0 0
1571399798 2.310256083 0.0 0
1571400194 2.503941354 0.3333333333333333 1
1571400615 2.352938559 0.0 0
1571401016 2.177832841 0.0 0
1571401408 2.095476508 0.0 0
1571401798 2.22156195 0.0 0
1571404821 45.526882124 0.0 0
1571405064 0.756403169 0.0 0
1571405261 2.444133593 0.0 0
1571405461 2.236665998 0.0 0
1571405691 2.090979165 0.0 0
1571405890 1.96581529 0.5 1
1571406699 6.662567936 0.0 0
1571407178 2.392469102 0.0 0
1571407571 1.975881481 0.0 0
1571407961 2.00457464 0.0 0
1571408351 2.201897798 0.3333333333333333 1
1571408744 2.123480964 0.0 0
1571409112 2.127315982 0.0 0
1571409314 1.9723684 0.0 0
1571409513 1.750313045 0.0 0
1571409728 2.22391452 0.0 0
1571409927 1.820413294 0.0 0
1571664281 19.134464464 0.0 0
1571664535 2.168085559 -1 -1
1571665046 2.05574987 0.0 0
1571665256 2.301020153 0.0 0
1571665450 2.120607528 0.0 0
1571665644 2.187438466 0.0 0
1571665840 2.322873115 0.0 0
1571666235 2.656219201 0.0 0
1571666627 1.862082485 0.0 0
1571667019 2.155710702 0.0 0
1571667410 1.875973453 0.0 0
1571667855 2.29984531 0.0 0
1571668262 2.00971218 0.0 0
1571668456 2.313812649 0.0 0
1571668660 1.958970791 0.0 0
1571668855 2.181263922 0.0 0
1571669055 2.12016444 0.0 0
1571669506 1.958801993 0.0 0
1571669899 2.3059324 0.0 0
1571752128 1.887536386 0.0 0
1571752326 2.094309695 0.0 0
1571752531 1.793677673 0.0 0
1571752727 1.839890358 0.0 0
1571752924 1.87660256 0.0 0
1571753120 1.829306361 0.0 0
1571753317 1.751454341 0.0 0
1571753514 2.090645377 1.0 1
1571753710 2.096919878 0.0 0
1571753907 1.84940712 0.0 0
1571754417 1.900228513 0.0 0
1571754808 1.725376501 0.0 0
1571755210 2.267426852 0.0 0
1571755612 2.316745048 0.0 0
1571756048 2.56789748 0.0 0
1571756124 10.973318153 0.0 0
1571756840 2.26923955 0.0 0
1571757279 2.114344759 0.0 0
1571757695 1.967807342 0.0 0
1571758093 2.427767653 0.0 0
1571758483 1.97662384 0.0 0
1571758880 2.438704299 0.0 0
1571760266 1.748428886 0.0 0
1571760464 2.176706589 0.0 0
1571760664 1.879130861 0.0 0
1571760864 1.779708839 0.0 0
1571761063 2.239878164 0.5 1
1571761276 1.845637579 0.0 0
1571761469 1.753077913 0.0 0
1571761664 1.798241852 0.0 0
1571761863 2.059200099 0.0 0
1571762069 1.749700471 0.0 0
1571762098 2.437812259 1.0 1
1571762886 1.915891303 0.0 0
1571763277 1.924936434 0.0 0
1571763667 1.801738314 0.0 0
1571764072 2.514468908 0.0 0
1571764486 1.75611733 0.0 0
1571764877 2.231665065 0.0 0
1571765267 2.038819802 0.0 0
1571765658 1.84225553 0.0 0
1571766047 1.960491484 0.0 0
1571767015 2.730185244 0.0 0
1572003371 1.869555579 0.0 0
1572003569 2.04705811 0.0 0
1572003766 2.048454023 0.0 0
1572003962 1.954677652 0.0 0
1572004157 2.197417455 0.0 0
1572004353 2.146784722 0.0 0
1572004550 2.160676375 0.0 0
1572004752 1.984375767 0.0 0
1572004951 2.189021421 0.0 0
1572005147 2.069339428 0.0 0
1572006241 2.057507083 0.0 0
1572006776 2.127677714 0.0 0
1572006957 2.184879983 0.0 0
1572007375 1.956223767 0.0 0
1572007770 1.989408591 0.0 0
1572007869 1.953426168 0.0 0
1572008279 2.282039022 0.0 0
1572008680 2.305875153 0.0 0
1572009077 2.179304399 0.0 0
1572009465 1.876913761 0.0 0
1572009855 2.613606086 0.0 0
1572010246 2.290055665 0.0 0
1572010643 2.030721553 0.0 0
1572011033 1.879387726 0.0 0
1572011350 2.304650809 0.0 0
1572011545 2.471953858 0.0 0
1572011745 1.954283021 0.0 0
1572011939 2.094923863 0.0 0
1572012136 1.951901833 0.0 0
1572012332 2.431236127 0.5 1
1572012527 1.960071875 0.0 0
1572012720 1.997569144 0.0 0
1572012915 2.09900309 0.0 0
1572013110 2.253236342 0.0 0
1572013596 2.003216829 0.0 0
1572013989 2.354117729 0.0 0
1572014381 2.13905709 0.0 0
1572014771 2.248581534 0.0 0
1572015160 1.872718427 0.0 0
1572265169 2.445489029 0.0 0
1572265370 2.263539026 0.0 0
1572265567 1.933145421 0.0 0
1572265766 2.088536821 0.0 0
1572265969 2.087917274 0.5 1
1572266170 2.039447948 0.0 0
1572266369 2.390171669 0.0 0
1572266568 2.35009407 0.0 0
1572266768 2.279238299 0.0 0
1572266974 2.196540859 0.0 0
1572268325 1.75463087 -1 -1
1572269236 2.267798536 0.0 0
1572269643 2.232271975 0.0 0
1572270060 2.179743605 0.0 0
1572270456 2.273776256 0.0 0
1572270848 2.049000992 0.0 0
1572271374 1.99456661 0.0 0
1572272545 2.319745611 0.0 0
1572272881 2.223467026 0.0 0
1572273214 2.210110334 0.0 0
1572273560 2.222539448 0.0 0
1572273895 2.272850788 0.0 0
1572274221 2.296969969 0.0 0
1572274396 2.306069978 0.0 0
1572274562 2.052652583 1.5 2
1572274734 2.075300666 0.5 1
1572274904 2.221181746 0.0 0
1572275073 2.310547499 0.0 0
1572275248 2.433790041 0.3333333333333333 1
1572275595 2.332584318 0.0 0
1572275761 2.244720372 0.0 0
1572276316 1.966949481 0.0 0
1572276656 2.263514063 0.0 0
1572276986 2.036697612 0.0 0
1572277317 2.051820811 0.0 0
1572277652 2.110933566 0.0 0
1572278010 2.283839656 0.0 0
1572278343 2.089006745 0.0 0
1572278674 2.305078769 0.5 1
1572361385 2.064644372 0.0 0
1572361581 2.117805299 0.0 0
1572361776 2.411266051 0.0 0
1572361974 1.962782389 0.0 0
1572362168 2.353487036 0.0 0
1572362364 2.050243615 0.0 0
1572362560 2.043823421 0.0 0
1572362760 2.212652172 0.0 0
1572362954 1.895812922 0.0 0
1572363152 2.318388795 0.3333333333333333 1
1572363733 2.131850954 0.0 0
1572364062 2.04779699 0.0 0
1572364394 1.770047473 0.0 0
1572364726 2.17258734 0.0 0
1572365068 2.167687251 0.0 0
1572365398 2.215612457 0.0 0
1572365776 3.524614133 0.0 0
1572366156 2.319847951 0.0 0
1572366490 2.270812601 0.0 0
1572366823 2.138106766 0.0 0
1572367013 2.336413529 0.0 0
1572367181 2.376788288 0.0 0
1572367350 2.1720407 0.0 0
1572367518 2.321643448 0.0 0
1572367703 2.265384671 0.0 0
1572367880 1.53225494 0.0 0
1572368048 1.837347375 0.0 0
1572368216 3.255919936 0.6666666666666666 2
1572368380 1.980218822 0.0 0
1572368553 2.177828306 0.0 0
1572369851 2.226038065 0.0 0
1572370181 2.266984462 0.0 0
1572370513 2.220137977 0.0 0
1572370843 2.080159733 0.5 1
1572371173 2.179458126 0.0 0
1572371504 1.996870783 0.5 1
1572371835 2.257114465 0.0 0
1572372165 2.17503099 0.0 0
1572372494 2.002863489 0.0 0
1572372827 2.10155938 0.0 0
1572532105 2.327381078 0.0 0
1572532110 4.991918212 0.0 0
1572532122 10.75345562 0.0 0
1572532139 2.692537636 0.0 0
1572532146 3.948904831 0.0 0
1572532156 8.48617294 0.0 0
1572532173 3.642830056 0.0 0
1572532505 2.395810468 0.0 0
1572532712 2.18455152 0.0 0
1572532983 2.325499842 0.0 0
1572533838 2.184880922 0.0 0
1572534193 2.093223777 0.0 0
1572534540 2.076312424 0.0 0
1572534871 2.172927679 0.0 0
1572535220 2.063187974 0.0 0
1572535551 2.257731799 0.0 0
1572535885 2.098384545 0.0 0
1572536216 2.259891738 0.0 0
1572536579 2.106402514 0.0 0
1572536916 2.276164267 0.0 0
1572537838 2.091908533 0.0 0
1572538490 2.249503092 0.0 0
1572539147 2.175036717 0.0 0
1572539799 2.231226299 0.3333333333333333 1
1572540455 2.380655806 0.0 0
1572541359 1.828567827 0.0 0
1572542008 2.053190523 0.0 0
1572542656 2.3254121 0.0 0
1572543301 2.220486698 0.0 0
1572543974 1.787440596 0.0 0
1572544600 2.351632118 0.0 0
1572544768 2.361156722 0.0 0
1572544942 1.8964659 0.0 0
1572545118 2.022633507 0.0 0
1572545288 1.801064535 1.0 1
1572870112 2.143621941 0.0 0
1572870332 2.167842742 0.0 0
1572870516 1.887400378 0.0 0
1572870735 1.803360453 0.0 0
1572870904 2.007902542 0.0 0
1572871723 2.75578697 0.0 0
1572872372 2.515550411 0.0 0
1572873053 2.045638991 0.0 0
1572873703 2.153631091 0.0 0
1572874374 2.406862528 0.0 0
1572875426 2.171162905 0.0 0
1572876332 2.189449993 0.5 1
1572877505 2.264683755 0.0 0
1572878179 2.553507261 0.0 0
1572879403 2.122783581 0.0 0
1572880035 2.151372509 0.5 1
1572880463 2.070155063 0.0 0
1572880801 2.258240609 0.3333333333333333 1
1572881148 2.136445879 0.0 0
1572881480 2.139775935 0.0 0
1572881815 1.869262579 0.0 0
1572882145 2.218630013 0.0 0
1572882536 2.202612292 0.0 0
1572882866 2.16677528 0.0 0
1572883225 2.311324079 0.0 0
1572883561 1.996583395 0.0 0
1572965493 2.121978178 0.0 0
1572965660 2.095468401 0.0 0
1572965830 2.05464347 0.0 0
1572965994 2.00513608 0.0 0
1572966166 2.255745034 0.0 0
1572966337 2.167648793 0.0 0
1572966504 2.030620999 0.0 0
1572966695 2.303386672 0.0 0
1572966866 2.2609802 1.0 1
1572967031 2.135262542 1.0 1
1572967793 2.440390948 0.0 0
1572968781 318.40560695 0.018867924528301886 1
1572969750 2.130146375 0.0 0
1572970409 2.232573339 0.0 0
1572971061 2.085145942 0.0 0
1572971721 2.35941253 0.0 0
1572972382 2.222509523 0.3333333333333333 1
1572973094 2.058633372 0.0 0
1572973748 2.20623817 0.0 0
1572974398 2.103310496 0.0 0
1572975054 2.388543924 0.0 0
1572975453 2.225735748 0.0 0
1572976154 2.083746543 0.0 0
1572976536 1.865819288 0.0 0
1572976864 2.184211419 0.0 0
1572977195 2.349855134 0.3333333333333333 1
1572977558 1.971972738 0.0 0
1572977887 1.953861758 0.0 0
1572978276 2.139262051 0.0 0
1573207141 1.872929077 0.0 0
1573207309 2.096757109 0.0 0
1573207476 1.932959732 0.0 0
1573207643 1.911383093 0.0 0
1573207814 2.135947486 0.0 0
1573207981 2.203232874 0.0 0
1573208145 1.847670489 0.0 0
1573208312 2.08550107 0.0 0
1573208479 1.908311997 0.0 0
1573208648 1.952638009 0.0 0
1573209334 2.265965515 0.0 0
1573210000 1.974677588 0.5 1
1573210664 2.094448407 0.0 0
1573211333 2.388210722 0.0 0
1573211989 2.348265797 0.0 0
1573212637 2.058333431 0.0 0
1573213291 1.900714305 0.0 0
1573213957 1.804314121 0.0 0
1573214615 2.172626898 0.0 0
1573215276 2.524204159 0.0 0
1573218480 1.791341077 0.0 0
1573218814 2.097563446 0.0 0
1573218995 1222.835559794 0.9002452984464432 2
1573220380 2.161327318 0.0 0
1573220549 2.270544952 0.0 0
1573220718 1.928291607 0.0 0
1573220886 1.939495026 0.0 0
1573221052 1.869573947 0.0 0
1573221218 1.899026131 0.0 0
1573221385 2.09397972 0.0 0
1573221554 2.446356753 0.0 0
1573221723 0.996287633 0.0 0
1573221888 2.296245275 0.0 0
1573222083 2.250352734 0.0 0
1573222250 1.888085241 0.0 0
1573222414 2.088477871 0.5 1
1573222581 2.135836725 0.0 0
1573222750 1.793672281 0.0 0
1573301232 2.047493676 0.0 0
1573301402 2.174630158 0.0 0
1573301583 2.076848872 0.0 0
1573301767 2.320044801 0.0 0
1573301939 2.003361141 0.0 0
1573302113 1.929144497 0.0 0
1573302289 2.568454413 0.0 0
1573302458 2.475310075 0.0 0
1573302623 1.839705362 1.0 1
1573302811 2.053307017 0.0 0
1573303424 1.79508084 0.0 0
1573303941 1.800278581 0.0 0
1573304104 1.92852122 0.0 0
1573304264 2.3395176 0.0 0
1573304431 2.097940947 0.0 0
1573304594 2.096651588 0.0 0
1573304757 2.296308905 0.0 0
1573304916 2.157604957 0.0 0
1573305076 2.124122859 1.0 1
1573305239 1.671305739 0.0 0
1573305399 1.892372803 0.0 0
1573306713 1.923840769 0.0 0
1573307037 2.047003449 0.0 0
1573307372 2.019991243 0.0 0
1573307689 1.812319724 0.0 0
1573308011 2.17677262 0.0 0
1573308325 2.010230249 0.0 0
1573308656 2.220415795 0.0 0
1573308977 2.000042281 0.0 0
1573309299 2.245440407 0.0 0
1573309627 2.039071727 0.0 0
1573310773 2.091370068 0.0 0
1573311388 2.118915532 0.0 0
1573312007 2.149003985 0.0 0
1573312704 2.043214601 0.0 0
1573313325 2.268166516 0.3333333333333333 1
1573313948 2.016223373 0.0 0
1573314575 2.157035117 0.0 0
1573315267 2.125337631 0.0 0
1573741906 1.975278426 0.0 0
1573742024 1.827052395 0.0 0
1573743657 1.997296895 0.0 0
1573743757 2.092545027 0.0 0
1573743856 1.996000122 0.0 0
1573743956 2.007829286 0.0 0
1573744054 2.180049266 0.0 0
1573744150 2.095303557 0.0 0
1573744248 2.142730261 0.5 1
1573744346 2.010481633 0.0 0
1573744437 2.230588685 0.0 0
1573744533 1.856295891 0.0 0
1573744640 1.83889537 0.5 1
1573744738 1.907046493 0.0 0
1573744854 2.166300196 0.5 1
1573744990 1.923609039 0.5 1
1573745087 1.836757208 0.0 0
1573745271 1.987683905 0.5 1
1573745367 1.923315265 0.5 1
1573745469 2.337956971 0.0 0
1573745566 2.351749817 0.3333333333333333 1
1573745669 2.428805981 0.0 0
1573745766 1.873776055 0.5 1
1573745870 1.624797002 0.0 0
1573745967 1.809878762 1.0 2
1573746064 2.013002485 0.5 1
1573746164 2.000134912 0.0 0
1573746263 1.758336805 0.0 0
1573746362 2.129931546 0.0 0
1573746463 2.172435291 0.0 0
1573746560 1.799548891 0.0 0
1573746656 1.922248295 0.0 0
1573748976 1.693169486 0.0 0
1573749184 1.235286 0.0 0
1573749285 4.270665726 0.2 1
1573749384 2.052731606 0.0 0
1573749519 1.973647621 0.0 0
1573749618 2.883258577 0.0 0
1573749717 1.832367315 0.0 0
1573749817 2.003451478 0.0 0
1573749913 1.956728794 0.0 0
1573752613 2.085072248 0.5 1
1573752830 1.957344428 0.0 0
1573752987 2.023263114 0.0 0
1573753145 2.213817018 0.0 0
1573753300 2.044056944 0.0 0
1573753458 1.930371548 0.0 0
1573753613 1.968106841 0.0 0
1573753775 1.841037838 0.5 1
1573753930 2.135743495 0.0 0
1573754752 2.178904405 0.0 0
1573754912 1.84867594 0.0 0
1573755079 2.167061345 0.0 0
1573755242 2.075796344 0.0 0
1573755400 2.349213323 0.3333333333333333 1
1573755555 2.395791034 0.0 0
1573755716 2.12470363 0.0 0
1573755873 2.07850341 0.0 0
1573756029 2.128264656 0.0 0
1573756192 2.034143199 0.0 0
1573828237 2.163153343 0.0 0
1573828546 1.86356475 0.0 0
1573828852 2.154644221 0.0 0
1573829157 2.016107815 0.0 0
1573829462 1.964773974 0.0 0
1573829842 2.693967772 0.0 0
1573830330 2.186105324 0.5 1
1573830639 2.042432535 0.0 0
1573830945 1.879665507 0.0 0
1573831250 1.952870941 0.0 0
1573831495 1.793905617 0.0 0
1573831655 1.623308234 0.0 0
1573831828 1.593074808 0.0 0
1573831980 1.88337281 0.0 0
1573832136 1.883201847 0.0 0
1573832295 1.923951421 0.0 0
1573832462 2.121006689 0.0 0
1573832615 1.758050408 0.0 0
1573832770 1.991668992 0.0 0
1573832926 1.5811681 0.0 0
1573833124 2.350988039 0.0 0
1573833287 1.471528094 0.0 0
1573833443 1.774958363 0.0 0
1573833602 1.79091247 0.0 0
1573833765 1.705441214 0.0 0
1573900943 22.521955318 0.0 0
1573901134 1.838888811 0.0 0
1573901289 1.959217641 0.0 0
1573901444 2.047791212 0.0 0
1573901608 1.919434368 0.0 0
1573901762 2.044383787 0.0 0
1573901916 2.027662977 0.0 0
1573902073 1.660196322 0.0 0
1573902229 2.103186553 0.0 0
1573902385 2.1183331 0.0 0
1573902544 2.20008036 0.5 1
1573902886 1.582301302 0.0 0
1573903196 2.00404056 0.0 0
1573903511 2.339955876 0.0 0
1573903820 2.045679741 0.0 0
1573904130 2.209921025 0.0 0
1573904437 2.047563375 0.0 0
1573904627 70.830957285 0.0 0
1574685881 1.921315658 0.0 0
1574686066 2.012225077 0.0 0
1574686222 1.930935283 0.0 0
1574686386 2.208801005 0.0 0
1574686543 1.910695287 0.0 0
1574686707 1.806067574 0.0 0
1574686873 2.232566636 0.0 0
1574687062 3.656519352 0.0 0
1574687235 2.274810261 0.0 0
1574687400 1.796964218 0.0 0
1574688208 2.262462679 0.0 0
1574688526 1.811427816 0.0 0
1574689354 1.452816998 0.5 1
1574689758 2.00348061 0.0 0
1574689944 1.880920377 0.0 0
1574690117 1.844838902 0.0 0
1574690282 1.814054702 0.0 0
1574690453 1.702726807 0.0 0
1574690622 2.23914239 0.0 0
1574690783 2.037813869 0.0 0
1574690952 1.91712327 0.0 0
1574691132 1.982204537 0.5 1
1574691306 1.834560051 0.0 0
1574692220 2.080302299 0.0 0
1574692538 1.975240255 0.0 0
1574693450 1.930474057 0.5 1
1574693768 2.072128036 0.0 0
1574694098 2.006864228 0.0 0
1574694533 3.502351151 0.0 0
1574694844 2.212930545 0.0 0
1574694960 1.659317569 0.0 0
1574695397 1.831542172 0.0 0
1574695740 2.227412766 0.0 0
1574696048 2.017220985 0.0 0
1574696775 2.094627186 0.0 0
1574697351 1.551736524 0.0 0
1574697945 2.235363225 0.0 0
1574698514 2.010464781 0.0 0
1574699101 2.040198663 0.0 0
1574706730 1.900647171 0.5 1
1574706969 16.228993336 0.0 0
1574707168 2.089909584 0.0 0
1574707365 1.747864398 0.5 1
1574708330 1.592872298 0.5 1
1574708453 1.56342647 0.0 0
1574708628 2.06059419 0.0 0
1574708986 1.868512775 0.0 0
1574709199 1.90437722 1.0 1
1574709939 2.140722748 0.0 0
1574710542 1.494123237 0.0 0
1574711195 2.130538611 0.0 0
1574950995 1.987672166 0.0 0
1574951370 2.14342316 0.0 0
1574951725 2.087927779 0.0 0
1574952052 2.213673936 0.0 0
1574952366 2.13444099 0.0 0
1574952771 1.911270846 0.0 0
1574953132 2.089264544 0.0 0
1574953461 1.872455241 0.0 0
1574953787 2.041901246 0.0 0
1574954113 1.671305709 0.0 0
1574954278 2.045539941 0.0 0
1574954445 2.044433623 0.0 0
1574954617 2.092216854 0.0 0
1574954803 1.755559774 0.0 0
1574954961 1.846480736 0.0 0
1574955120 1.801463717 0.0 0
1574955377 2.107635247 0.0 0
1574955538 1.844387727 0.0 0
1574955699 1.985150455 0.0 0
1574955860 3.081266167 0.75 1
1574956523 1.921950653 0.0 0
1574957193 1.883560791 0.0 0
1574957787 2.127260823 0.0 0
1574958370 2.344174039 0.0 0
1574958964 2.211511703 0.5 1
1574959573 1.322852618 0.0 0
1574960151 1.850968046 0.0 0
1574960737 2.038746384 0.0 0
1574961404 2.129143057 0.0 0
1574961972 2.063147826 0.0 0
1575026608 2.180923629 0.0 0
1575026770 1.651772982 0.0 0
1575026929 2.398602976 0.0 0
1575027093 2.0401493 0.0 0
1575027255 1.675224048 0.0 0
1575027419 2.239271481 0.0 0
1575027581 3.702560019 0.0 0
1575027740 1.808812484 0.0 0
1575027907 1.400442422 1.0 1
1575028063 2.123515951 0.0 0
1575028396 1.916581041 0.0 0
1575028707 2.012116911 0.0 0
1575029041 1.916738531 0.0 0
1575029357 1.839145548 0.0 0
1575029664 1.962421845 0.5 1
1575029978 1.877177181 0.0 0
1575030288 1.665037985 0.0 0
1575030604 1.79230718 0.0 0
1575031248 1.788023718 0.0 0
1575033453 2.001332389 0.0 0
1575034020 1.830852266 0.0 0
1575034611 2.185230202 0.0 0
1575035183 1.948848022 0.0 0
1575035748 1.849035015 0.0 0
1575036783 2.078065968 0.0 0
1575037344 1.972756113 0.5 1
1575037902 2.192011779 0.0 0
1575038912 1.872724369 0.0 0
1575039479 1.970710996 0.0 0
1575112732 31.848648764 0.0 0
1575112921 1.920137989 0.0 0
1575113086 2.298935845 0.0 0
1575113245 1.910982653 0.0 0
1575113405 1.695699712 0.0 0
1575113565 1.785578359 0.0 0
1575113722 1.845743385 0.0 0
1575113878 2.122299912 0.0 0
1575114036 1.959412537 0.0 0
1575114204 2.043353781 0.0 0
1575114360 1.805398588 0.0 0
1575114677 2.097973375 0.0 0
1575114986 2.141065817 0.0 0
1575115296 1.615363546 0.0 0
1575115605 1.828826331 0.0 0
1575115920 1.862650859 0.0 0
1575116231 1.568481172 0.0 0
1575116541 1.78547229 0.0 0
1575116850 2.506971131 0.3333333333333333 1
1575117159 1.828200793 0.0 0
1575117467 2.033925058 0.0 0
1575120145 42.75856061 0.0 0
1575120742 2.227386641 0.0 0
1575121302 1.952382373 0.0 0
1575122303 2.804062112 0.0 0
1575122922 2.105890813 0.0 0
1575123480 1.875717321 0.0 0
1575124039 1.997848227 0.0 0
1575124594 2.167698569 0.0 0
1575125160 1.672391296 0.0 0
1575125728 2.006920767 0.0 0
1575126293 2.25025659 0.0 0
1575128439 356.006517673 0.0 0
1575289853 1.927869765 0.0 0
1575290376 2.239264611 0.0 0
1575290544 1.949720384 0.0 0
1575290720 1.707094388 0.0 0
1575290883 2.080120833 0.0 0
1575291204 1.795871765 0.0 0
1575291367 2.208694263 0.0 0
1575293200 2.006244092 0.0 0
1575293532 1.789832304 0.0 0
1575293872 1.77704095 0.0 0
1575294210 2.136013851 0.0 0
1575294552 2.345607609 0.0 0
1575294900 1.930189192 0.0 0
1575295302 1.785508601 0.0 0
1575295670 2.040544729 0.0 0
1575296882 1.916699962 0.5 1
1575297220 2.172102994 0.0 0
1575298050 2.218028295 0.0 0
1575298621 2.047701335 0.0 0
1575299194 2.12021788 0.0 0
1575299772 2.093420482 0.0 0
1575300380 2.103406053 0.0 0
1575300954 2.091439663 0.0 0
1575301751 2.153325532 0.0 0
1575302342 2.902238713 0.3333333333333333 1
1575384255 2.080131258 0.0 0
1575384414 2.088186921 0.0 0
1575384573 2.263247603 0.0 0
1575384738 2.015554202 0.0 0
1575384893 2.044120154 0.0 0
1575385053 1.917485525 0.0 0
1575385215 2.484679498 0.0 0
1575385375 2.140778816 0.0 0
1575385538 1.750945544 0.0 0
1575385695 1.793453795 1.0 1
1575386089 1.846809625 0.0 0
1575386402 2.123666183 0.0 0
1575386713 1.822452708 0.0 0
1575387116 2.35420135 0.0 0
1575387425 2.015136294 0.0 0
1575387736 1.62413115 0.0 0
1575388044 2.136687567 0.0 0
1575388351 2.022261573 0.0 0
1575388660 2.657381433 0.0 0
1575388981 2.01213961 0.0 0
1575389930 32.314793089 0.0 0
1575390526 1.810630278 0.0 0
1575391098 0.306307758 0.0 0
1575391658 2.236400237 0.0 0
1575392470 1.819603907 0.0 0
1575393086 2.052538124 0.3333333333333333 1
1575393669 2.199581634 0.0 0
1575394234 2.189738822 0.0 0
1575394797 2.214267832 0.0 0
1575395360 2.004263567 0.0 0
1575395928 0.89103945 0.0 0
1575398584 48.355497634 0.4375 2
1575472852 456.419959733 0.0 0
1575473831 2.229127232 0.0 0
1575473844 375.522907225 0.0 0
1575474612 9.349328467 0.0 0
1575554443 4.782334087 0.0 0
1575554454 0.13073854 -1 -1
1575556635 2.002643582 0.0 0
1575556800 1.923668529 0.0 0
1575556970 2.079945137 0.0 0
1575557153 2.043904829 0.0 0
1575557325 1.922865785 0.0 0
1575557506 1.923332952 0.0 0
1575557686 1.954912149 0.0 0
1575557855 2.075714608 0.0 0
1575558315 2.114741264 0.0 0
1575558499 2.011815876 0.0 0
1575558850 1.655464476 1.0 1
1575559160 2.133920028 0.0 0
1575559488 2.144327056 0.0 0
1575559806 2.100500304 0.5 1
1575560175 3.551763277 0.0 0
1575560508 2.174237331 0.0 0
1575560842 1.847624267 0.0 0
1575561373 2.10101957 0.0 0
1575561715 1.581356386 0.0 0
1575562134 2.426534386 0.0 0
1575562845 2.09486969 0.0 0
1575563454 2.180898442 0.0 0
1575564123 1.75517014 0.0 0
1575564125 0.162412084 -1 -1
1575564702 1.91644159 0.0 0
1575564704 0.35600631 0.0 0
1575565281 5.196966967 0.0 0
1575565848 2.010594523 0.0 0
1575566420 2.087741625 0.0 0
1575567027 2.00205268 0.0 0
1575568349 1.87864496 0.0 0
1575568930 2.184486082 0.0 0
1579184134 2.077810965 0.0 0
1579184504 183.544093578 0.0 0
1579184690 1.762729717 0.0 0
1579184849 1.805405918 0.0 0
1579185011 2.097067036 0.0 0
1579185174 1.748193812 0.0 0
1579185349 2.070885504 0.0 0
1579185527 1.999780647 0.0 0
1579185704 2.215713831 0.0 0
1579185888 2.043990236 0.0 0
1579186074 2.21868695 0.0 0
1579186246 2.006464728 0.0 0
1579186596 2.08096285 0.0 0
1579186944 2.04953953 0.0 0
1579187953 1.755288172 0.0 0
1579188286 1.809847981 0.0 0
1579188391 1.524179612 0.0 0
1579188937 0.343963801 0.0 0
1579188948 1.023095518 0.0 0
1579189267 1.93043068 0.0 0
1579189604 1.986835877 0.0 0
1579189931 2.109240753 0.0 0
1579190268 1.938548446 0.0 0
1579191379 2.217246634 0.0 0
1579191993 2.005363853 0.0 0
1579192557 2.057980791 0.0 0
1579193139 1.959026494 0.0 0
1579193727 1.845040348 0.0 0
1579194292 1.960458611 0.0 0
1579194860 2.075936443 0.0 0
1579195426 2.062413466 0.0 0
1579196016 1.79599675 0.0 0
1579196577 1.91228404 0.0 0
1579351685 18.494098674 0.0 0
1579351869 1.878028432 0.0 0
1579352030 2.089174045 0.0 0
1579352191 1.711085097 0.0 0
1579352353 1.848300025 0.0 0
1579352518 2.124290834 0.0 0
1579352676 2.027098799 0.0 0
1579352837 1.875109753 0.0 0
1579353000 2.128408722 0.0 0
1579353163 2.127065539 0.0 0
1579354029 18.813358152 0.0 0
1579354352 2.049585724 0.0 0
1579354663 1.83024365 0.0 0
1579354974 2.059104546 0.0 0
1579355279 1.995873843 0.0 0
1579355591 1.753549683 0.0 0
1579355899 1.748257516 0.0 0
1579356205 2.097665575 0.0 0
1579356512 2.112308712 0.0 0
1579356817 1.708417738 0.0 0
1579357295 36.292263789 0.0 0
1579359209 17.476255497 0.0 0
1579359782 2.033971527 0.0 0
1579360361 2.084848356 0.0 0
1579360919 2.004607844 0.0 0
1579361474 1.707972367 0.0 0
1579362029 1.827580192 0.0 0
1579362584 1.855525134 0.0 0
1579363144 1.874780794 0.0 0
1579363711 1.45488507 0.0 0
1579364275 1.835793857 0.0 0
1579364834 8.676314196 0.625 1
1579522951 1.963127882 0.0 0
1579523154 2.118065694 0.0 0
1579523348 1.656331361 0.0 0
1579523511 2.048129401 0.0 0
1579523687 1.923001838 0.0 0
1579523866 2.146502084 0.0 0
1579524052 1.972276495 0.0 0
1579524237 1.789759467 0.0 0
1579524405 1.87962764 0.0 0
1579524571 1.922666351 0.0 0
1579524966 1.778399582 0.0 0
1579525308 1.94296493 0.0 0
1579525694 2.012621078 0.0 0
1579526019 1.863555224 0.0 0
1579526343 2.164312461 0.0 0
1579528650 1.787284102 0.0 0
1579529073 1.988285084 0.0 0
1579529450 1.704780656 0.0 0
1579529790 2.21668194 0.0 0
1579530100 1.676724737 0.0 0
1579530828 1.923680975 0.0 0
1579531418 2.00165956 0.0 0
1579532456 1.877272311 0.0 0
1579533215 2.110431686 0.0 0
1579533808 2.186314356 0.0 0
1579534452 2.208727222 0.0 0
1579535125 2.088909828 0.0 0
1579535712 2.096344774 0.0 0
1579536792 2.271942965 0.0 0
1579537360 1.793807332 0.0 0
1579537585 1.83157671 0.0 0
1580215229 2.944504728 0.0 0
1580215436 1.960213268 0.0 0
1580215602 2.156319452 0.0 0
1580215763 2.18038245 0.0 0
1580215922 2.226524571 0.0 0
1580216081 1.656925859 0.0 0
1580216245 1.843093099 0.0 0
1580216405 1.834640259 0.0 0
1580216566 1.882723111 0.0 0
1580216730 2.181502903 1.0 1
1580216911 2.143066445 0.0 0
1580217743 35.576442285 0.0 0
1580218102 2.027183711 0.5 1
1580218422 1.953278612 0.0 0
1580218756 1.791355109 0.0 0
1580219106 1.872515551 0.0 0
1580219469 1.820709973 0.0 0
1580219793 2.050936567 0.0 0
1580222511 2.148677763 0.0 0
1580223130 2.000899691 0.0 0
1580223470 0.509374801 0.0 0
1580224085 2.041921226 0.0 0
1580224643 2.11674846 0.0 0
1580225199 1.994493657 0.0 0
1580225764 1.874747836 0.0 0
1580226344 2.018552746 0.0 0
1580226912 2.086315914 0.0 0
1580227509 1.710627869 0.0 0
1580228095 2.078742462 0.0 0
1580228655 1.917240441 0.0 0
1580229218 1.785000772 0.5 1
1580304626 31.553000184 0.03225806451612903 1
1580304816 1.932708467 0.0 0
1580304976 1.749429841 0.5 1
1580305137 2.007515748 0.0 0
1580305299 2.007487265 0.0 0
1580305480 1.568029375 0.0 0
1580305643 1.931252511 0.0 0
1580305803 1.963393502 0.0 0
1580305959 2.217364593 0.0 0
1580306116 2.266895182 0.0 0
1580306279 1.952265709 0.0 0
1580306724 1.88050846 0.0 0
1580307037 1.907062602 0.0 0
1580307591 0.044422056 -1 -1
1580307909 2.189118165 0.0 0
1580308220 1.888068049 0.0 0
1580308536 1.996182952 0.0 0
1580310301 124.501862149 0.0 0
1580310737 2.01652604 0.0 0
1580311050 1.991325287 0.0 0
1580311360 2.131945077 0.0 0
1580311670 1.795110527 0.0 0
1580312045 1.752109764 0.0 0
1580312651 0.89782639 0.0 0
1580313222 1.657036458 0.0 0
1580314101 2.091606666 0.0 0
1580314741 1.913313243 0.0 0
1580315297 2.338358118 0.0 0
1580315861 2.00754484 0.0 0
1580316434 1.739724601 0.0 0
1580317132 10.865512244 0.0 0
1580317719 2.12944194 0.0 0
1581935315 1.809853133 0.0 0
1581935474 2.225783185 0.0 0
1581935640 2.522329268 0.0 0
1581935804 2.189820095 0.0 0
1581935967 1.763616808 0.0 0
1581936141 1.906894155 0.0 0
1581936473 1.920900362 0.0 0
1581936633 2.064568894 0.0 0
1581936806 2.018198728 0.0 0
1581937138 2.136994903 0.3333333333333333 1
1581937443 2.295987643 0.0 0
1581937786 2.22665542 0.0 0
1581938110 2.304398393 0.3333333333333333 1
1581938443 2.098587397 0.0 0
1581938751 2.012698437 0.0 0
1581939070 2.010689991 0.0 0
1581939400 1.867636367 0.0 0
1581939715 2.274619412 0.0 0
1581940017 2.417054175 0.0 0
1581942799 1.961996641 0.0 0
1581944379 1.792497557 0.5 1
1581945313 1.709998065 0.0 0
1581946257 2.116286857 0.0 0
1581946827 1.950832677 0.0 0
1581947723 4.768408713 0.0 0
1581948313 2.095861708 0.0 0
1581949440 1.963189578 0.0 0
1582026812 21.56602832 0.0 0
1582026994 1.844423903 0.0 0
1582027152 1.82956326 0.0 0
1582027321 1.991456858 0.0 0
1582027510 2.224416768 0.0 0
1582027689 47.110037378 0.02127659574468085 1
1582027897 1.951114482 0.0 0
1582028070 1.071582548 0.0 0
1582028235 2.000441548 0.0 0
1582028402 2.123700542 0.0 0
1582028572 2.305372532 0.0 0
1582028737 2.132546182 0.0 0
1582030209 19.044212393 0.0 0
1582030530 1.843685475 0.0 0
1582030838 2.170620271 0.0 0
1582031480 2.253194261 0.0 0
1582031780 2.257762195 0.3333333333333333 1
1582032151 2.256645762 0.0 0
1582032469 2.264393514 0.0 0
1582032771 2.163578372 0.0 0
1582033071 2.206697896 0.0 0
1582033366 2.051701114 1.0 1
1582033724 2.185055345 0.0 0
1582035141 268.154391042 0.007462686567164179 1
1582036014 2.14037801 0.0 0
1582036618 2.139195128 0.0 0
1582037226 2.368373358 0.0 0
1582037824 2.242599902 0.0 0
1582038420 2.084987616 0.0 0
1582039007 2.282660317 0.0 0
1582041923 1.879386204 0.0 0
1582042675 4.468891697 0.0 0
1582044123 2.256233167 0.0 0
1582044710 2.395472381 0.0 0
1582045028 2.123536251 0.0 0
1582045329 2.265899952 0.0 0
1582045624 2.127936375 0.0 0
1582045938 2.224681652 0.0 0
1582046234 1.955842602 0.0 0
1582113212 1.784771372 0.0 0
1582113376 2.033320783 0.0 0
1582113543 2.046847672 0.0 0
1582113705 1.836815382 0.0 0
1582113882 1.791336238 0.0 0
1582114047 2.010478855 0.0 0
1582114210 2.268151638 0.0 0
1582114376 2.205130219 0.0 0
1582114537 2.03515066 0.0 0
1582114702 2.168251425 0.0 0
1582114865 2.181503499 0.0 0
1582115033 2.089010269 0.0 0
1582115195 2.135847768 0.0 0
1582115361 2.242095685 0.0 0
1582115523 1.74541958 0.0 0
1582115688 1.850923728 0.0 0
1582115850 2.044134316 0.0 0
1582116014 10.526305257 0.1 1
1582116238 2.28669083 0.0 0
1582116411 1.864321255 0.0 0
1582116587 1.931409164 0.0 0
1582116750 1.986465739 0.0 0
1582119071 1.733027235 0.0 0
1582119239 2.100229697 0.0 0
1582119408 2.217045789 0.0 0
1582119588 1.628847631 0.0 0
1582119757 0.9796609 0.0 0
1582119923 1.776645096 0.0 0
1582120096 2.348794218 0.0 0
1582120268 1.800452982 0.0 0
1582120584 2.185355435 0.0 0
1582120806 17.840289807 0.0 0
1582120985 2.394981849 0.0 0
1582121155 1.849234632 0.0 0
1582121397 2.039827098 0.0 0
1582125085 5.3624621 0.0 0
1582125302 0.768405294 0.0 0
1582125756 5.542368653 0.0 0
1582125949 2.185243054 0.0 0
1582126119 2.264799787 0.0 0
1582126278 1.727643185 0.0 0
1582126443 1.640508757 0.0 0
1582126610 2.179100836 0.0 0
1582126775 1.761980087 0.0 0
1582126937 1.829528339 0.0 0
1582127096 2.172985471 0.0 0
1582127263 2.217822447 0.0 0
1582127431 2.217241244 0.0 0
1582127596 2.279884753 0.0 0
1582127761 2.076116764 0.0 0
1582127922 2.174439472 0.0 0
1582128088 1.788378836 0.0 0
1582128248 2.017785947 0.5 1
1582128430 2.268055325 0.0 0
1582128589 2.252853589 0.0 0
1582128756 2.050727459 0.0 0
1582128922 2.234366034 0.0 0
1582129091 2.04188094 0.0 0
1582129251 3.11678061 0.0 0
1582129412 2.003815535 0.0 0
1582129575 2.45241518 0.0 0
1582129736 1.879778004 0.0 0
1582185177 2.236921638 0.0 0
1582185382 2.317768339 0.0 0
1582186076 2.343251442 0.0 0
1582186230 1.800220423 0.0 0
1582186462 2.09752332 -1 -1
1582186970 1.76162763 0.0 0
1582187929 2.095905954 0.0 0
1582188090 2.059846831 0.0 0
1582188250 1.886932281 0.0 0
1582188407 2.375289544 0.0 0
1582189192 138.136818046 0.0 0
1582189551 1.612023531 0.0 0
1582191020 2.29705156 0.0 0
1582191312 2.187768902 0.0 0
1582191607 1.989195027 0.0 0
1582191903 2.090435298 0.0 0
1582192191 1.661184546 0.0 0
1582192491 1.809851812 0.0 0
1582192779 2.263353117 0.3333333333333333 1
1582193068 2.047505553 0.0 0
1582193362 1.620293637 0.0 0
1582193862 1.870446897 0.0 0
1582194024 1.806597922 0.0 0
1582194185 2.124026306 0.0 0
1582194346 2.294439242 0.3333333333333333 1
1582194509 2.068754914 0.0 0
1582194671 2.184109925 0.0 0
1582194837 1.703302537 0.0 0
1582194999 1.835634217 0.0 0
1582195160 2.09785732 0.0 0
1582195321 2.031382845 0.0 0
1582195817 2.300315812 0.0 0
1582195975 1.833397506 0.0 0
1582196136 1.839790497 0.0 0
1582196454 1.627688769 0.0 0
1582196612 2.053475945 0.0 0
1582196770 1.965765678 0.0 0
1582196930 2.530421171 0.0 0
1582197099 1.921985502 0.0 0
1582197255 2.183516558 0.0 0
1582197416 2.235200772 0.0 0
1582197592 2.056820513 0.0 0
1582197749 2.06909023 0.0 0
1582197909 2.16980016 0.0 0
1582198066 2.367590736 0.0 0
1582198227 2.216248208 0.0 0
1582198383 1.666530763 0.0 0
1582198666 1.786651578 0.0 0
1582199015 2.171673914 0.0 0
1582199178 2.105327168 0.0 0
1582387436 8.679154993 0.0 0
1582387633 12.871476812 0.0 0
1582387805 4.123227659 0.0 0
1582631307 14.852179992 0.0 0
1582631482 1.70341566 0.0 0
1582631639 1.616086247 0.0 0
1582631796 1.656128883 0.0 0
1582631952 2.04230535 0.0 0
1582632110 1.422322618 0.0 0
1582632266 1.660732656 0.0 0
1582632430 1.974044027 0.5 1
1582632589 2.091411146 0.0 0
1582632754 1.413058566 0.0 0
1582632912 1.999823259 0.0 0
1582634838 12.582430154 0.0 0
1582635129 2.094026266 0.0 0
1582635415 2.184655352 0.5 1
1582635698 2.136651185 0.0 0
1582635984 1.908124791 0.0 0
1582636270 2.243727842 0.5 1
1582636556 2.299282366 0.0 0
1582637149 3.93277504 0.0 0
1582637442 6.397921398 0.0 0
1582637738 2.125206431 0.0 0
1582638305 2.071790918 0.5 1
1582638866 13.654115158 0.21428571428571427 1
1582640532 29.436570799 0.1 1
1582641119 2.102760237 0.0 0
1582641679 2.202946564 0.3333333333333333 1
1582642253 2.12558441 0.0 0
1582643394 1.916987703 0.0 0
1582643990 1.996849965 0.0 0
1582644659 2.045483077 0.0 0
1582884428 22.547679413 0.0 0
1582884630 1.795105353 0.0 0
1582884794 2.324630229 0.0 0
1582884959 1.739594862 0.0 0
1582885124 1.75319646 0.0 0
1582885288 2.334558971 0.0 0
1582885446 1.838174846 0.0 0
1582885609 1.999108414 0.0 0
1582885771 1.946671393 0.0 0
1582885932 1.924274301 0.0 0
1582886095 2.315268485 0.0 0
1582886381 2.434797042 0.0 0
1582886675 1.867270449 0.0 0
1582886968 2.048225925 0.0 0
1582887257 2.345064569 0.0 0
1582887543 2.216226893 0.0 0
1582887837 2.016502108 0.0 0
1582888123 2.236650349 0.0 0
1582888410 1.919774721 0.0 0
1582888698 2.046368881 0.0 0
1582889059 0.03408686 0.0 0
1582898533 43.328727644 0.0 0
1582899160 2.225600695 0.0 0
1582899726 2.300121351 0.0 0
1582900289 2.123910683 0.0 0
1582900850 2.150453542 0.0 0
1582902594 2.18326154 0.0 0
1582903171 1.977914802 0.0 0
1582903759 2.215699503 0.0 0
1574711195 2.130538611 0.0 0
1574707168 2.089909584 0.0 0
1574708986 1.868512775 0.0 0
