1569849933 5.040989404 0.0 0
1569850137 4.785112599 0.0 0
1569849933 5.040989404 0.0 0
1569850137 4.785112599 0.0 0
1569850949 3.683493929 0.0 0
1569851156 5.443979696 0.0 0
1569851506 4.639490673 0.0 0
1569851712 5.210035473 0.0 0
1569851942 5.036111103 0.0 0
1569852171 5.236387398 0.0 0
1569852409 5.013375589 0.0 0
1569852626 4.935323339 0.0 0
1569853017 4.961217277 0.0 0
1569853328 4.936446841 0.0 0
1569853569 4.943982892 0.0 0
1569854209 5.146838952 0.0 0
1569855168 5.085786035 0.0 0
1569855615 4.936214505 0.0 0
1570446940 4.946943298 0.0 0
1570448032 4.880645856 0.0 0
1570448759 4.824439265 0.0 0
1570449228 4.81393471 0.0 0
1570449657 5.673611944 0.0 0
1570543055 5.166876392 0.0 0
1570543414 5.170993906 0.0 0
1570543618 4.647888425 0.0 0
1570544547 4.9444976 0.0 0
1570545008 4.778478328 0.0 0
1570545216 5.134617576 0.0 0
1571322927 4.851842777 0.0 0
1571323248 4.871751599 0.0 0
1571323641 4.855810344 0.0 0
1571324043 4.988282859 0.0 0
1571324443 4.861883955 0.0 0
1571325049 4.950356433 0.0 0
1571325246 5.008879689 0.0 0
1571325445 4.869381036 0.0 0
1571325650 4.779193095 0.0 0
1571325848 5.017290229 0.0 0
1571326049 4.952659745 0.0 0
1571326740 4.824845723 0.0 0
1571326952 4.695664396 0.0 0
1571327159 4.92769101 0.0 0
1571327374 4.96230702 0.0 0
1571327764 4.819805989 0.0 0
1571328155 4.870519955 0.0 0
1571328546 4.983800273 0.0 0
1571328937 4.88790788 0.0 0
1571329329 4.931262203 0.0 0
1571329921 4.845737865 0.0 0
1571395841 4.993654071 0.0 0
1571396037 4.68099615 0.0 0
1571396234 4.903672889 0.0 0
1571396433 4.945529613 0.0 0
1571396631 4.932056308 0.0 0
1571396830 4.865511471 0.0 0
1571397060 4.941766303 0.0 0
1571397264 4.889638386 0.0 0
1571397462 4.922803943 0.0 0
1571397659 4.773380751 0.0 0
1571397878 4.933499933 0.0 0
1571398270 4.852241855 0.0 0
1571398665 4.878367889 0.0 0
1571399056 4.897580018 0.0 0
1571399449 3.48194327 0.0 0
1571399844 4.899435666 0.0 0
1571400237 4.999617188 0.0 0
1571400659 5.026836343 0.0 0
1571401058 4.825142865 0.0 0
1571401450 4.793300682 0.0 0
1571404907 4.946595708 0.0 0
1571405106 4.952610878 0.0 0
1571405303 5.097277873 0.0 0
1571405503 4.939735144 0.0 0
1571405735 4.889652384 0.0 0
1571406830 4.947727707 0.0 0
1571407220 4.889611231 0.0 0
1571407614 4.934418358 0.0 0
1571408002 4.901963891 0.0 0
1571408394 4.858549703 0.0 0
1571408925 4.856353222 0.0 0
1571409156 4.902077482 0.0 0
1571409357 4.834266765 0.0 0
1571409556 5.128402804 0.0 0
1571409772 4.894923812 0.0 0
1571664339 4.904090021 0.0 0
1571664883 5.018533747 0.0 0
1571665088 3.318531736 0.0 0
1571665297 4.88034321 0.0 0
1571665491 4.924449135 0.0 0
1571665686 4.956924383 0.0 0
1571665886 4.908917844 0.0 0
1571666277 4.864778434 0.0 0
1571666668 4.879043271 0.0 0
1571667062 4.980374108 0.0 0
1571667498 4.903640443 0.0 0
1571668104 4.779444909 0.0 0
1571668303 4.839891995 0.0 0
1571668507 5.010448831 0.2 1
1571668701 4.821119752 0.0 0
1571668898 4.687333044 0.0 0
1571669151 4.8858033 0.0 0
1571669550 4.822423086 0.0 0
1571751975 4.890750616 0.0 0
1571752170 4.962452916 0.0 0
1571752369 5.285321404 0.0 0
1571752574 5.663479709 0.0 0
1571752769 4.827744207 0.0 0
1571752965 4.921279033 0.0 0
1571753162 5.005968804 0.0 0
1571753360 4.89937556 0.0 0
1571753557 4.917301616 0.0 0
1571753753 4.996849606 0.0 0
1571754062 4.898098185 0.0 0
1571754458 5.067623847 0.0 0
1571754851 4.82525614 0.0 0
1571755254 4.776714689 0.0 0
1571755818 4.816213574 0.0 0
1571756487 4.939467739 0.0 0
1571756899 4.970499783 0.0 0
1571757349 3.828560013 0.0 0
1571757737 4.811403212 0.0 0
1571758136 4.965281062 0.0 0
1571758527 4.843443817 0.0 0
1571760113 3.615235302 0.0 0
1571760307 4.916539985 0.0 0
1571760509 4.848134889 0.0 0
1571760707 5.041482775 0.0 0
1571760906 5.079740624 0.0 0
1571761117 4.969653278 0.0 0
1571761317 4.894779611 0.0 0
1571761512 4.683131469 0.0 0
1571761707 4.776010945 0.0 0
1571762141 4.91976267 0.0 0
1571762930 4.9080157 0.0 0
1571763318 4.801208458 0.0 0
1571763710 4.829351289 0.0 0
1571764115 5.443103362 0.0 0
1571764527 4.839596811 0.0 0
1571764920 4.739012972 0.0 0
1571765308 4.833952875 0.0 0
1571765699 4.995379647 0.0 0
1571766276 4.82896252 0.0 0
1571767059 4.957072207 0.0 0
1571922207 4.875088073 0.0 0
1572003218 5.054045284 0.0 0
1572003412 4.827229505 0.0 0
1572003611 4.852927559 0.0 0
1572003808 4.953398007 0.0 0
1572004004 4.891889629 0.0 0
1572004200 4.84005573 0.0 0
1572004394 4.963189348 0.0 0
1572004594 4.98152136 0.0 0
1572004796 4.903873544 0.0 0
1572004994 4.780805821 0.0 0
1572006285 4.984626913 0.0 0
1572007023 4.916958069 0.0 0
1572007417 4.823302261 0.0 0
1572007910 4.738260181 0.0 0
1572008320 4.999271472 0.0 0
1572008723 4.871501645 0.0 0
1572009118 5.039935985 0.0 0
1572009507 4.832455715 0.0 0
1572009899 4.864949837 0.0 0
1572010293 5.17498515 0.0 0
1572010685 4.784574862 0.0 0
1572011196 4.837246809 0.0 0
1572011392 4.911212274 0.0 0
1572011586 4.903264304 0.0 0
1572011786 4.872407156 0.0 0
1572011982 4.902565375 0.0 0
1572012180 4.553716541 0.0 0
1572012376 3.139744615 0.0 0
1572012568 4.803553379 0.0 0
1572012763 4.989367996 0.0 0
1572012956 4.817181754 0.0 0
1572013246 5.264153756 0.0 0
1572013639 4.679384241 0.0 0
1572014032 4.958103401 0.0 0
1572014423 4.810056054 0.0 0
1572014812 4.884439242 0.0 0
1572265016 4.988015477 0.0 0
1572265213 5.063860026 0.0 0
1572265411 5.101831552 0.8 2
1572265609 4.924764293 0.2 1
1572265807 5.038093696 0.0 0
1572266019 3.244274206 0.0 0
1572266210 4.859933131 0.0 0
1572266411 4.957878366 0.0 0
1572266614 5.132346546 0.0 0
1572266809 4.941733731 0.0 0
1572268093 4.839352084 0.0 0
1572268864 4.788929675 0.0 0
1572269279 3.283713785 0.0 0
1572269684 4.813564295 0.0 0
1572270101 5.07138156 0.0 0
1572270497 5.451947578 0.0 0
1572270891 5.167242377 0.0 0
1572272251 4.011471905 0.0 0
1572272583 2.986482291 0.0 0
1572272917 4.328815388 0.0 0
1572273250 2.722658896 0.0 0
1572273596 3.902644981 0.0 0
1572274088 3.87443774 0.0 0
1572274256 4.043704935 0.0 0
1572274431 4.027891399 0.0 0
1572274597 3.972068364 0.0 0
1572274770 3.928413604 0.0 0
1572274940 3.874769097 0.0 0
1572275108 3.967650561 0.0 0
1572275287 3.974265024 0.0 0
1572275456 3.86396889 0.0 0
1572275631 3.90259693 0.0 0
1572276020 4.13802484 0.0 0
1572276353 4.048593591 0.0 0
1572276691 3.966922622 0.0 0
1572277022 3.969614587 0.0 0
1572277352 3.928434134 0.0 0
1572277699 4.023522346 0.0 0
1572278047 3.925108138 0.0 0
1572278380 3.990666665 0.0 0
1572361229 5.039710838 0.0 0
1572361427 4.806615798 0.0 0
1572361622 5.029264069 0.0 0
1572361817 4.954788571 0.0 0
1572362210 4.884517823 0.0 0
1572362406 4.940879709 0.0 0
1572362602 4.862856562 0.0 0
1572362801 4.944817475 0.0 0
1572362997 4.740804067 0.0 0
1572363439 3.923632714 0.0 0
1572363769 3.881302118 0.0 0
1572364098 4.063773337 0.0 0
1572364429 4.018197785 0.0 0
1572364761 3.972611373 0.0 0
1572365103 3.76579184 0.0 0
1572365481 4.091313252 0.0 0
1572365853 3.970878253 0.0 0
1572366192 3.996684503 0.0 0
1572366528 3.918714401 0.0 0
1572366880 4.035601151 0.0 0
1572367047 4.011515623 0.0 0
1572367216 4.031335482 0.0 0
1572367386 3.898942244 0.0 0
1572367568 3.947148562 0.0 0
1572367739 3.800216236 0.0 0
1572367915 3.995230677 0.0 0
1572368083 4.308663699 0.0 0
1572368249 4.059906404 0.0 0
1572368415 3.933210012 0.0 0
1572369558 3.91132542 0.0 0
1572369888 3.829590115 0.0 0
1572370218 3.9990656 0.0 0
1572370550 3.983146644 0.0 0
1572370879 3.871122242 0.0 0
1572371211 3.802442176 0.0 0
1572371542 3.885248143 0.0 0
1572371871 3.908296727 0.0 0
1572372200 3.966627607 0.0 0
1572372529 3.886184892 0.0 0
1572532347 4.820847263 0.0 0
1572532548 4.674683103 0.0 0
1572532754 4.904033541 0.0 0
1572533536 3.902634384 0.0 0
1572533874 3.939171395 0.0 0
1572534228 4.241089623 0.0 0
1572534575 3.624699273 0.0 0
1572534907 3.868591074 0.0 0
1572535255 4.220358293 0.0 0
1572535586 3.971692636 0.0 0
1572535921 4.039429399 0.0 0
1572536253 3.999473057 0.0 0
1572536618 3.966805033 0.0 0
1572537219 3.885251899 0.0 0
1572537874 3.674228844 0.0 0
1572538526 4.051403937 0.0 0
1572539183 3.917803683 0.0 0
1572539835 3.941242379 0.0 0
1572540742 3.970829284 0.0 0
1572541395 3.829013515 0.0 0
1572542044 3.89605288 0.0 0
1572542691 3.974778405 0.0 0
1572543336 3.963601482 0.0 0
1572544468 4.065949599 0.0 0
1572544635 3.902319481 0.0 0
1572544805 3.957366759 0.0 0
1572544979 3.960814964 0.0 0
1572545153 3.835691051 0.0 0
1574710625 3.753716959 0.0 0
1574707046 3.677409275 0.0 0
1574708710 3.376578207 0.0 0
