1569849930 2.695976542 0.0 0
1569850134 2.475442782 0.0 0
1569849930 2.695976542 0.0 0
1569850134 2.475442782 0.0 0
1569850945 2.54327271 0.0 0
1569851153 2.515570657 0.0 0
1569851503 2.426919813 0.0 0
1569851710 2.593075456 0.0 0
1569851939 2.783205329 0.0 0
1569852169 2.683831454 0.0 0
1569852407 2.674626697 0.0 0
1569852623 2.657182695 0.0 0
1569853014 2.502915107 0.0 0
1569853326 2.640307164 0.0 0
1569853566 2.736757902 0.0 0
1569854207 2.770845152 0.0 0
1569855165 2.6233919 0.0 0
1569855613 2.544212642 0.0 0
1570446937 3.159666061 0.0 0
1570448030 2.680850479 0.0 0
1570448757 2.603712029 0.0 0
1570449226 2.706557523 0.0 0
1570543052 2.722007651 0.0 0
1570543412 2.692221444 0.0 0
1570543616 2.758033965 0.0 0
1570544545 2.599070273 0.0 0
1570544744 2.691470653 0.0 0
1570545005 2.638141308 0.0 0
1570545211 2.531261639 0.0 0
1571322924 2.653053441 0.0 0
1571323246 2.665679616 0.0 0
1571323639 2.712521499 0.0 0
1571324041 2.648639636 0.0 0
1571324441 2.564171709 0.0 0
1571325047 2.62314047 0.0 0
1571325243 2.695663833 0.0 0
1571325443 2.712627785 0.0 0
1571325647 2.648217443 0.0 0
1571325846 2.647207964 0.0 0
1571326046 2.64536444 0.0 0
1571326737 2.916283297 0.0 0
1571326949 2.701097676 0.0 0
1571327157 2.611223153 0.0 0
1571327371 2.733921125 0.0 0
1571327761 2.704627179 0.0 0
1571328152 2.604379952 0.0 0
1571328543 2.633892842 0.0 0
1571328934 2.694453272 0.0 0
1571329326 2.51362831 0.0 0
1571329919 2.654585395 0.0 0
1571395838 2.649356729 0.0 0
1571396035 2.615571029 0.0 0
1571396232 2.816549678 0.0 0
1571396431 2.660328177 0.0 0
1571396629 2.926156843 0.0 0
1571396828 2.603464771 0.0 0
1571397057 2.602372416 0.0 0
1571397261 2.447502484 0.0 0
1571397460 2.859162662 0.0 0
1571397657 2.579220938 0.0 0
1571397875 2.64327609 0.0 0
1571398268 2.63415331 0.0 0
1571398663 2.518583442 0.0 0
1571399053 2.745855158 0.0 0
1571399445 2.637500775 0.0 0
1571399841 2.509283152 0.0 0
1571400234 2.805104232 0.0 0
1571400656 2.676886238 0.0 0
1571401055 2.60189452 0.0 0
1571401447 2.65787826 0.0 0
1571404904 2.485588111 0.0 0
1571405104 2.597817244 0.0 0
1571405300 2.653838801 0.0 0
1571405501 2.691193589 0.0 0
1571405733 2.473473377 0.0 0
1571406827 2.726339804 0.0 0
1571407217 2.59697526 0.0 0
1571407611 2.60001175 0.0 0
1571407999 2.610550902 0.0 0
1571408392 2.771595421 0.0 0
1571408922 2.646402913 0.0 0
1571409153 2.523280665 0.0 0
1571409355 2.681535842 0.0 0
1571409553 2.860349089 0.0 0
1571409769 2.637725925 0.0 0
1571664337 2.548321733 0.0 0
1571664880 2.767330192 0.0 0
1571665084 2.67986485 0.0 0
1571665294 2.683851885 0.0 0
1571665489 2.609984499 0.0 0
1571665684 2.704895236 0.0 0
1571665884 2.639113251 0.0 0
1571666275 2.642257242 0.0 0
1571666666 2.777078691 0.0 0
1571667059 2.652443515 0.0 0
1571667496 2.636969071 0.0 0
1571668102 2.684658187 0.0 0
1571668301 2.606731769 0.0 0
1571668505 2.978954466 0.0 0
1571668699 2.68532195 0.0 0
1571668896 2.908856556 0.0 0
1571669148 2.627821287 0.0 0
1571669548 2.623451131 0.0 0
1571751973 2.664794412 0.0 0
1571752167 2.661293438 0.0 0
1571752366 2.714667905 0.0 0
1571752571 2.829561972 0.0 0
1571752766 2.609943556 0.0 0
1571752963 2.698038716 0.0 0
1571753160 2.644344042 0.0 0
1571753357 2.588944216 0.0 0
1571753555 2.568358294 0.0 0
1571753750 2.567979709 0.0 0
1571754059 2.96473186 0.0 0
1571754456 2.724643249 0.0 0
1571754849 2.70650546 0.0 0
1571755252 2.660251584 0.0 0
1571755816 2.606682508 0.0 0
1571756485 2.498793422 0.0 0
1571756896 2.693218816 0.0 0
1571757345 2.639678269 0.0 0
1571757735 2.581171879 0.0 0
1571758134 2.662505167 0.0 0
1571758524 2.669198123 0.0 0
1571760108 2.780235062 0.0 0
1571760304 2.808120593 0.0 0
1571760506 2.696284496 0.0 0
1571760705 2.714612297 0.0 0
1571760903 2.684429546 0.0 0
1571761115 2.683931573 0.0 0
1571761314 2.641884857 0.0 0
1571761509 2.678736627 0.0 0
1571761704 2.702001065 0.0 0
1571761905 2.507880047 0.0 0
1571762139 2.807618798 0.0 0
1571762529 2.818849392 0.0 0
1571762928 2.606968259 0.0 0
1571763316 2.616610918 0.0 0
1571763707 2.635134342 0.0 0
1571764113 2.776888134 0.0 0
1571764525 2.795896444 0.0 0
1571764917 2.605370736 0.0 0
1571765305 2.562072259 0.0 0
1571765697 2.672729456 0.0 0
1571766274 2.727802425 0.0 0
1571767056 2.554857223 0.0 0
1571922205 2.534124618 0.0 0
1572003216 2.63929432 0.0 0
1572003410 2.655166815 0.0 0
1572003608 2.617611607 0.0 0
1572003806 2.614531144 0.0 0
1572004002 2.681725887 0.0 0
1572004197 2.898637554 0.0 0
1572004392 2.643545102 0.0 0
1572004591 2.819271359 0.0 0
1572004793 2.57497236 0.0 0
1572004992 2.720683704 0.0 0
1572006282 2.736623549 0.0 0
1572007020 2.644861609 0.0 0
1572007414 2.758111373 0.0 0
1572007908 2.679019305 0.0 0
1572008318 2.396444783 0.0 0
1572008721 2.713079703 0.0 0
1572009115 2.695648091 0.0 0
1572009504 2.586477035 0.0 0
1572009896 2.769271434 0.0 0
1572010291 2.386310363 0.0 0
1572010682 2.828350498 0.0 0
1572011193 2.620936147 0.0 0
1572011390 2.6825551 0.0 0
1572011584 2.756213104 0.0 0
1572011783 2.781052898 0.0 0
1572011979 2.652671399 0.0 0
1572012177 2.713064209 0.0 0
1572012372 2.441905833 0.0 0
1572012566 2.729381869 0.0 0
1572012761 2.559216737 0.0 0
1572012954 2.776461985 0.0 0
1572013243 2.769629606 0.0 0
1572013637 2.69988567 0.0 0
1572014030 2.650846016 0.0 0
1572014420 2.557685889 0.0 0
1572014810 2.807615221 0.0 0
1572265014 2.733421947 0.0 0
1572265211 2.583647151 0.0 0
1572265408 2.755713743 0.0 0
1572265608 1.011236222 0.0 0
1572265804 2.610771859 0.0 0
1572266015 2.658133909 0.0 0
1572266208 2.68720884 0.0 0
1572266409 2.671979432 0.0 0
1572266611 2.685437344 0.0 0
1572266807 2.883334218 0.0 0
1572268091 2.519085633 0.0 0
1572268862 2.606581556 0.0 0
1572269275 2.689258836 0.0 0
1572269682 2.731251285 0.0 0
1572270099 2.770867663 0.0 0
1572270495 2.976369623 0.0 0
1572270889 2.612930501 0.0 0
1572272249 2.079248313 0.0 0
1572272580 2.121042985 0.0 0
1572272915 2.143893966 0.0 0
1572273247 2.17477341 0.0 0
1572273594 2.078920859 0.0 0
1572274086 2.079092212 0.0 0
1572274254 2.264244948 0.0 0
1572274429 2.165123804 0.0 0
1572274595 2.214570412 0.0 0
1572274768 2.01516298 0.0 0
1572274938 2.001750816 0.0 0
1572275107 2.133018866 0.0 0
1572275285 2.181989955 0.0 0
1572275454 2.070878751 0.0 0
1572275629 2.050609278 0.0 0
1572276351 2.257756684 0.0 0
1572276689 2.220392299 0.0 0
1572277020 1.76852801 0.0 0
1572277350 2.092553566 0.0 0
1572277697 1.958979367 0.0 0
1572278045 2.260332545 0.0 0
1572278378 2.268315329 0.0 0
1572361227 2.769991998 0.0 0
1572361425 2.607705382 0.0 0
1572361620 2.81833992 0.0 0
1572361815 2.636905481 0.0 0
1572362012 2.51527452 0.0 0
1572362208 2.881738479 0.0 0
1572362404 2.750354094 0.0 0
1572362599 2.700831034 0.0 0
1572362798 2.870591837 0.0 0
1572362994 2.6196259 0.0 0
1572363437 2.214754175 0.0 0
1572363767 2.110154788 0.0 0
1572364096 2.198737062 0.0 0
1572364427 2.145008769 0.0 0
1572364760 2.040036099 0.0 0
1572365101 2.172073029 0.0 0
1572365479 2.2009934 0.0 0
1572365851 2.175119 0.0 0
1572366190 2.154751146 0.0 0
1572366526 2.123334465 0.0 0
1572366878 2.304039145 0.0 0
1572367045 2.183349286 0.0 0
1572367214 2.299520248 0.0 0
1572367384 2.228741741 0.0 0
1572367566 2.078957848 0.0 0
1572367737 2.096720238 0.0 0
1572367913 2.048049786 0.0 0
1572368081 2.210328624 0.0 0
1572368247 2.103226328 0.0 0
1572368413 2.212938249 0.0 0
1572369556 2.143475342 0.0 0
1572369886 2.222792258 0.0 0
1572370216 2.303629121 0.0 0
1572370549 2.179830488 0.0 0
1572370877 2.190788371 0.0 0
1572371209 2.257260106 0.0 0
1572371540 2.12918981 0.0 0
1572371869 2.216628013 0.0 0
1572372198 2.205429239 0.0 0
1572372528 2.189741089 0.0 0
1572532344 2.606876888 0.0 0
1572532546 2.728108464 0.0 0
1572532751 2.559404919 0.0 0
1572533534 2.062456831 0.0 0
1572533872 2.231509479 0.0 0
1572534226 2.187391445 0.0 0
1572534573 2.148038506 0.0 0
1572534905 2.12911454 0.0 0
1572535253 2.05693717 0.0 0
1572535584 2.179087963 0.0 0
1572535919 2.170864936 0.0 0
1572536251 2.203469323 0.0 0
1572536616 2.033728325 0.0 0
1572537217 2.136164417 0.0 0
1572537871 2.136194133 0.0 0
1572538524 2.032495954 0.0 0
1572539181 2.088965891 0.0 0
1572539833 2.143354879 0.0 0
1572540740 2.132849838 0.0 0
1572541393 2.095102715 0.0 0
1572542042 2.171445338 0.0 0
1572542689 2.175919644 0.0 0
1572543334 2.104269568 0.0 0
1572544466 2.119022823 0.0 0
1572544633 2.192244367 0.0 0
1572544803 2.053242358 0.0 0
1572544977 2.273866726 0.0 0
1572545151 2.07147955 0.0 0
1574710623 2.007164213 0.0 0
1574708708 1.701866347 0.0 0
