1569850056 2.217772257 2.6666666666666665 5
1569850056 2.217772257 2.6666666666666665 5
1569850817 2.124521225 1.0 3
1569851279 2.219277955 1.5 3
1569851629 2.311591834 1.5 3
1569851842 2.646863358 1.25 3
1569852071 2.249621543 0.6666666666666666 2
1569852296 2.033296296 1.3333333333333333 2
1569852532 2.091257394 2.75 5
1569853171 2.215689386 1.5 4
1569853461 1.784319753 1.6666666666666667 3
1570543179 2.479551213 1.75 3
1570543542 2.123351232 1.6666666666666667 3
1570543753 2.010414662 1.0 2
1570544669 2.526460932 1.0 3
1570544928 2.100164505 1.6666666666666667 3
1570545129 2.415100592 1.5 2
1570545345 2.683915317 1.6666666666666667 3
1571323053 2.361118654 1.6666666666666667 3
1571325170 2.265844115 1.0 3
1571325367 2.012249637 0.6666666666666666 1
1571325572 2.355095914 1.6666666666666667 3
1571325772 2.221287876 1.6666666666666667 3
1571325968 2.471897838 1.75 4
1571327076 2.179502289 2.0 4
1571327286 2.106274285 1.0 2
1571395962 2.49935076 1.3333333333333333 2
1571396159 2.996941451 2.25 5
1571396356 3.224033036 1.0 2
1571396555 2.870624893 0.3333333333333333 1
1571396754 2.628857626 1.75 4
1571396980 2.60549841 2.3333333333333335 5
1571397185 2.947494694 2.25 5
1571397386 2.865567202 1.5 3
1571397583 2.392518187 1.0 2
1571397780 2.988546266 0.6666666666666666 1
1571405028 2.281511158 1.0 1
1571405227 2.863823328 1.6666666666666667 3
1571405424 2.446864632 1.25 3
1571405856 2.722865944 1.75 4
1571409074 2.302800124 2.0 4
1571409277 2.326605552 1.0 2
1571409478 2.303892935 2.0 4
1571409695 2.548772515 0.5 1
1571664497 4.430335846 -1 -1
1571665222 2.505592286 2.25 4
1571665417 2.442706415 1.3333333333333333 3
1571665611 2.444580613 1.3333333333333333 2
1571665806 2.495537675 1.75 3
1571668223 2.258972715 2.0 5
1571668422 2.474054578 2.0 4
1571668626 2.35851628 1.25 3
1571668821 2.723501934 1.0 2
1571669021 2.483795242 1.5 4
1571752094 2.491020194 1.6666666666666667 4
1571752290 1.829543378 1.6666666666666667 3
1571752694 2.387470966 2.0 4
1571752890 2.327162469 1.25 3
1571753085 2.318160624 2.0 4
1571753282 2.300148742 0.6666666666666666 2
1571753479 2.068038647 1.3333333333333333 3
1571753677 2.321101909 1.3333333333333333 2
1571753874 2.297529117 1.0 2
1571760232 1.868469668 0.6666666666666666 1
1571760429 2.309702098 1.5 3
1571760631 2.401466045 1.0 2
1571761029 2.449924792 1.6666666666666667 3
1571761237 2.427610091 1.6666666666666667 3
1571761436 2.39265143 1.6666666666666667 2
1571761631 2.227648754 1.3333333333333333 2
1571761827 2.463822285 1.5 2
1571762034 2.432366795 1.0 3
1572003533 2.348227893 0.6666666666666666 1
1572003729 1.980221384 1.6666666666666667 3
1572003927 2.093998562 1.0 2
1572004123 2.484028276 1.0 2
1572004319 2.700067995 0.3333333333333333 1
1572004915 2.303836992 1.0 1
1572011314 2.234424665 2.0 4
1572011511 2.212848717 1.5 3
1572011905 2.519240147 0.0 0
1572012101 2.261258809 1.3333333333333333 3
1572012298 2.695606637 1.0 1
1572012493 2.566443105 1.5 2
1572012687 2.100684651 1.6666666666666667 3
1572012882 2.813461289 1.6666666666666667 3
1572013076 2.456587733 0.6666666666666666 2
1572265730 2.056302032 0.6666666666666666 1
1572265935 2.363686437 1.6666666666666667 2
1572266334 2.483259082 0.5 1
1572266535 2.336635449 0.6666666666666666 2
1572266733 2.082093103 1.3333333333333333 3
1572274190 1.708449155 1.0 3
1572274532 1.784574802 1.5 2
1572274704 1.852519208 1.6666666666666667 4
1572274872 2.099801386 1.3333333333333333 3
1572275042 1.576815043 0.5 1
1572275732 2.011215949 0.0 0
1572361351 2.411973106 1.0 2
1572361547 2.335260041 0.6666666666666666 2
1572361936 2.100086941 1.6666666666666667 2
1572362135 2.303245037 1.6666666666666667 3
1572362329 2.343553871 1.5 3
1572362725 2.458235914 0.5 1
1572362920 2.610540182 0.0 0
1572366981 1.881057212 1.6666666666666667 3
1572367321 1.973745812 1.0 2
1574707143 1.55188923 0.0 0
