1569850052 3.666722565 2.0 2
1569850052 3.666722565 2.0 2
1569850814 3.635377402 0.6666666666666666 1
1569851070 3.800421629 1.0 1
1569851276 3.551823922 0.0 0
1569851625 3.74574996 0.75 1
1569851838 3.549762155 0.5 1
1569852067 3.508672885 1.25 2
1569852292 4.114801194 0.0 0
1569852529 3.67199216 2.0 2
1569853167 3.873450822 1.0 1
1569853456 3.76539408 2.0 2
1570543176 3.416338112 0.0 0
1570543538 3.472413597 0.5 1
1570543749 3.289631123 2.0 2
1570544666 3.457802249 0.6666666666666666 1
1570544924 3.670000057 0.0 0
1570545125 3.489568116 2.5 3
1570545342 3.719258754 1.5 2
1571323050 3.239917723 0.0 0
1571325167 3.5751842 0.6666666666666666 1
1571325363 3.591951656 1.5 2
1571325569 3.494325395 0.3333333333333333 1
1571325769 3.436311277 0.6666666666666666 1
1571325965 3.743554095 1.25 2
1571326225 42.248295473 0.0 0
1571326857 3.744793368 1.0 1
1571327072 3.637390442 1.0 1
1571327282 3.72279627 0.6666666666666666 1
1571395958 3.647501219 0.0 0
1571396352 3.849833956 1.5 3
1571396751 4.160947238 1.25 2
1571396976 3.956290256 2.25 3
1571397579 3.401150137 1.25 2
1571405025 3.306965306 0.6666666666666666 1
1571405421 3.517060103 0.6666666666666666 1
1571405654 3.328187193 1.6666666666666667 2
1571405853 3.706316169 0.75 1
1571409071 3.460435854 1.0 1
1571409273 3.588554637 0.6666666666666666 1
1571409475 3.327925347 1.3333333333333333 2
1571409692 3.469830412 0.0 0
1571409889 3.591471462 0.75 1
1571665004 3.659577328 1.0 1
1571665202 20.773695466 1.0 1
1571665413 3.651673522 2.0 2
1571665607 3.911290699 0.0 0
1571665803 3.530476019 1.3333333333333333 2
1571668220 3.76811408 2.0 2
1571668418 3.647927859 1.5 2
1571668622 3.60626722 0.0 0
1571668817 3.624993782 0.5 1
1571669018 3.370805718 1.6666666666666667 2
1571752091 3.413263645 1.0 1
1571752286 3.576418928 0.0 0
1571752485 3.584462265 1.0 1
1571752690 3.637728354 0.25 1
1571752887 3.290638274 0.0 0
1571753081 3.375625038 2.0 2
1571753278 3.719267975 0.75 1
1571753475 3.630447971 0.75 1
1571753673 3.663101054 0.0 0
1571753870 3.851552002 0.0 0
1571760228 3.684375989 1.0 1
1571760425 3.651628407 0.5 1
1571760627 3.73525519 0.0 0
1571760823 3.30631798 0.0 0
1571761025 3.714906748 0.75 1
1571761233 3.677598631 0.0 0
1571761432 3.479991891 0.0 0
1571761627 3.716909331 0.0 0
1571761824 3.382434849 0.6666666666666666 1
1571762031 3.330923448 0.75 1
1572003334 3.255418391 1.3333333333333333 2
1572003530 3.321495277 0.0 0
1572003725 3.285733178 0.75 1
1572003923 3.353498292 1.0 1
1572004120 3.229670852 0.0 0
1572004316 3.497220362 0.6666666666666666 1
1572004510 3.420417296 0.6666666666666666 1
1572004709 3.360450797 1.6666666666666667 2
1572004911 3.290729356 1.0 1
1572005110 3.42471627 0.6666666666666666 1
1572011311 3.241544726 1.0 1
1572011508 3.242707643 0.6666666666666666 1
1572011703 3.359079349 0.5 1
1572011902 3.4682846 0.6666666666666666 1
1572012098 3.246296117 0.75 1
1572012490 3.186375245 1.6666666666666667 2
1572012684 3.456217025 0.0 0
1572012878 3.834572748 0.5 1
1572013073 3.191685544 1.3333333333333333 2
1572265132 3.185736841 1.6666666666666667 2
1572265329 3.380746288 1.3333333333333333 2
1572265528 3.257535446 2.0 2
1572265726 3.196481233 1.0 1
1572265931 3.35891674 1.5 2
1572266133 3.364300838 0.0 0
1572266331 3.244763702 1.0 2
1572266531 3.264725167 1.6666666666666667 2
1572266729 3.370406387 0.75 1
1572266932 3.421992492 0.75 1
1572274187 2.820468477 0.6666666666666666 1
1572274360 2.712274542 0.6666666666666666 1
1572274529 2.860217591 0.6666666666666666 1
1572274701 2.67814693 1.6666666666666667 2
1572274869 2.921053957 1.3333333333333333 2
1572275039 2.812755575 1.0 1
1572275211 2.947582571 1.3333333333333333 2
1572275388 2.729749268 0.5 1
1572275556 2.634546748 0.6666666666666666 1
1572275729 2.863619094 0.0 0
1572361348 3.267510185 0.0 0
1572361543 3.271127251 0.0 0
1572361738 3.303457044 0.0 0
1572361932 3.373773749 0.0 0
1572362132 3.240397905 0.0 0
1572362326 3.494044181 0.0 0
1572362522 3.323617636 0.0 0
1572362721 3.363624557 0.0 0
1572362916 3.413960255 0.0 0
1572363112 3.506294477 0.0 0
1572366978 2.86485372 0.0 0
1572367147 2.811649172 1.0 1
1572367319 2.688363656 1.0 1
1572367484 2.828497075 0.0 0
1572367667 2.733197123 0.0 0
1572367844 2.860896317 1.0 1
1572368013 2.604381333 0.0 0
1572368182 2.869367573 0.6666666666666666 1
1572368349 2.775177338 0.0 0
1572368514 2.773876394 0.0 0
1572532463 3.366084273 0.6666666666666666 1
1572532664 3.211927064 1.3333333333333333 2
1572532869 3.582672682 1.0 1
1572544566 2.775121229 0.6666666666666666 1
1572544734 2.692473851 0.6666666666666666 1
1572544906 2.939060183 0.6666666666666666 1
1572545078 2.854111081 1.0 1
1572545251 2.804852379 1.0 1
1572870080 2.726566503 2.0 2
1572870298 2.695308864 1.3333333333333333 2
1572870480 3.050822253 1.0 1
1572870701 2.898079373 0.6666666666666666 1
1572870870 2.90302584 0.0 0
1572965460 2.720940764 2.0 2
1572965628 3.036981288 1.3333333333333333 2
1572965795 2.689487879 1.6666666666666667 2
1572965963 2.886503258 2.0 2
1572966135 2.673598469 1.0 1
1572966302 2.848993144 0.5 1
1572966473 2.771462686 1.3333333333333333 2
1572966656 2.83132859 0.3333333333333333 1
1572966836 2.744213737 1.0 1
1572967000 2.79198196 0.6666666666666666 1
1573207107 2.856003488 0.0 0
1573207275 2.964123309 0.0 0
1573207445 2.737400645 0.0 0
1573207609 2.855825719 1.0 1
1573207780 2.686709214 1.0 1
1573207947 2.630613151 1.3333333333333333 2
1573208114 2.745314359 0.6666666666666666 1
1573208279 2.823492074 0.0 0
1573208448 2.863531469 0.0 0
1573208613 2.780206737 0.6666666666666666 1
1573220348 2.956092112 2.0 2
1573220516 2.914974841 0.6666666666666666 1
1573220684 2.75132281 0.5 1
1573220853 2.827127591 0.0 0
1573221021 2.788651732 1.0 1
1573221187 2.935240737 0.0 0
1573221351 2.696000165 2.0 2
1573221521 2.911967573 0.0 0
1573221688 2.783059607 0.6666666666666666 1
1573221857 2.707729183 0.6666666666666666 1
1573222046 2.978943387 0.0 0
1573222216 2.945237983 1.0 1
1573222383 2.809222874 1.6666666666666667 2
1573222549 2.696819487 0.6666666666666666 1
1573222719 2.879905174 1.3333333333333333 2
1573301197 2.860880629 1.3333333333333333 2
1573301366 2.757141618 1.0 1
1573301548 2.872295576 1.0 1
1573301716 2.881082994 0.0 0
1573301902 2.751133967 1.3333333333333333 2
1573302082 2.823723078 0.0 0
1573302249 2.952215868 1.0 1
1573302423 2.803553476 1.0 1
1573302593 2.688415538 1.0 1
1573302775 2.753154993 0.3333333333333333 1
1573303909 2.450829674 0.6666666666666666 1
1573304073 2.629178844 0.6666666666666666 1
1573304234 2.547832847 0.6666666666666666 1
1573304400 2.595308553 0.0 0
1573304559 2.463284127 1.3333333333333333 2
1573304726 2.554882857 1.0 1
1573304885 2.56748428 0.6666666666666666 1
1573305045 2.504691721 1.0 2
1573305206 2.607167011 1.3333333333333333 2
1573305366 2.548780563 0.6666666666666666 1
1573752538 2.517723781 1.0 1
1573752797 2.577876136 1.0 1
1573752955 2.780256933 0.6666666666666666 1
1573753114 2.517492972 0.6666666666666666 1
1573753272 2.547300198 2.0 2
1573753427 2.394702215 1.0 1
1573753586 2.493237238 1.0 1
1573753738 2.556181909 0.0 0
1573753900 2.658908071 1.6666666666666667 2
1573754719 2.518473023 0.6666666666666666 1
1573754881 2.282767437 1.0 2
1573755041 2.505988932 1.6666666666666667 2
1573755207 2.487197847 0.6666666666666666 1
1573755370 2.522996701 1.0 1
1573755527 2.576126836 1.3333333333333333 2
1573755682 2.473590219 2.0 2
1573755840 2.521795108 0.0 0
1573755998 2.516145737 1.3333333333333333 2
1573831463 2.520179991 0.6666666666666666 1
1573831621 2.502032265 0.0 0
1573831780 2.549368472 0.0 0
1573831952 2.5382715 0.0 0
1573832104 2.425821924 0.0 0
1573832266 2.436337824 0.0 0
1573832424 2.42647135 0.0 0
1573832586 2.569274402 0.0 0
1573832742 2.69311484 0.0 0
1573832898 2.483537414 0.0 0
1573833093 2.735337894 0.0 0
1573833249 2.562123216 1.0 1
1573833413 2.400315558 1.0 1
1573833570 2.764692473 0.6666666666666666 1
1573833728 2.480525776 0.0 0
1573901102 2.4333907 0.0 0
1573901260 2.429105645 0.0 0
1573901416 2.481129719 0.0 0
1573901572 2.896439768 1.0 1
1573901733 2.393323708 1.0 1
1573901887 2.4959957 0.0 0
1573902042 2.479982554 1.0 1
1573902200 2.608176372 2.0 2
1573902357 2.438291035 0.6666666666666666 1
1573902513 2.546659458 0.6666666666666666 1
1574685832 2.714202432 1.5 2
1574686024 10.033464859 1.7 2
1574686193 2.688530045 2.0 2
1574686355 2.760473952 1.3333333333333333 2
1574686512 2.68165576 1.6666666666666667 2
1574686678 2.531110356 1.0 1
1574686843 2.647133851 0.5 1
1574687029 2.576431399 0.6666666666666666 1
1574687204 2.656870037 0.0 0
1574687368 2.855080519 0.5 1
1574689697 2.56229059 0.0 0
1574689913 2.695416982 0.6666666666666666 1
1574690082 2.732365159 1.3333333333333333 2
1574690251 2.595976608 0.0 0
1574690422 2.509959055 1.5 2
1574690582 2.625157383 1.0 1
1574690753 2.647662488 0.3333333333333333 1
1574690911 2.508546844 1.0 1
1574691096 2.757276909 0.6666666666666666 1
1574691275 2.651308373 0.0 0
1574706897 2.65368402 1.6666666666666667 2
1574707140 2.392692143 0.0 0
1574954241 2.848180849 1.0 1
1574954407 2.641146152 2.0 2
1574954583 2.648520011 0.6666666666666666 1
1574954747 2.478842469 2.0 2
1574954932 2.550433981 2.0 2
1574955088 2.774713513 0.6666666666666666 1
1574955346 2.699455358 1.6666666666666667 2
1574955506 2.767718232 0.6666666666666666 1
1574955664 2.689155715 1.6666666666666667 2
1574955825 2.795875866 1.0 1
1575026575 2.352099537 0.5 1
1575026735 2.621530974 1.0 2
1575026896 2.650051204 1.5 2
1575027056 2.601078402 0.0 0
1575027220 2.683375138 1.3333333333333333 2
1575027381 5.273576449 2.0 3
1575027547 2.565660842 0.6666666666666666 1
1575027705 2.598596588 1.0 1
1575027869 2.444601801 0.5 1
1575028033 2.815261469 1.0 1
1575112889 2.738885772 1.3333333333333333 2
1575113054 2.735505017 1.6666666666666667 2
1575113212 2.5096394 1.0 1
1575113375 2.541668344 0.5 1
1575113532 2.763292172 1.0 1
1575113691 2.631075224 0.6666666666666666 1
1575113848 2.514265455 1.3333333333333333 2
1575114006 2.623013735 2.0 2
1575114169 2.655831569 0.6666666666666666 1
1575114330 2.57823817 1.0 1
1575289986 2.771511075 0.0 0
1575290154 2.687404496 0.0 0
1575290341 2.724164401 0.6666666666666666 1
1575290510 2.767528559 0.0 0
1575290686 2.565195832 1.0 1
1575290854 2.583511314 1.3333333333333333 2
1575291008 2.791325337 0.0 0
1575291171 2.656550344 1.5 2
1575291332 2.702623337 1.0 1
1575384220 2.438856756 1.6666666666666667 2
1575384380 2.467841861 1.3333333333333333 2
1575384541 2.604750173 0.0 0
1575384701 2.769421601 0.6666666666666666 1
1575384863 2.55240796 0.6666666666666666 1
1575385182 2.550468103 1.0 2
1575385341 2.543981963 0.6666666666666666 1
1575385505 2.712473351 1.3333333333333333 2
1575385665 2.567530235 2.0 2
1575556602 2.494034295 0.3333333333333333 1
1575556763 2.588489227 1.0 1
1575556935 2.556839354 0.0 0
1575557120 2.5990784 0.0 0
1575557290 2.658917355 0.6666666666666666 1
1575557474 2.519565662 2.0 2
1575557649 2.608766961 1.6666666666666667 2
1575557822 2.696615623 2.0 2
1575558282 2.611243793 0.3333333333333333 1
1575558467 2.976415564 1.0 1
1579184100 2.552562372 0.0 0
1579184815 2.606880803 0.0 0
1579184977 2.504462796 0.6666666666666666 1
1579185141 2.600097698 0.0 0
1579185314 2.884082561 0.0 0
1579185492 2.612375319 0.6666666666666666 1
1579185674 2.723245385 0.0 0
1579185853 2.567314747 0.0 0
1579186042 2.502567633 1.0 1
1579186213 2.564206106 0.0 0
1579351836 2.785209436 0.0 0
1579351997 2.578563609 0.0 0
1579352157 2.612031505 1.6666666666666667 2
1579352318 2.697281689 0.6666666666666666 1
1579352481 2.595625984 1.6666666666666667 2
1579352645 2.59917732 1.3333333333333333 2
1579352802 2.510121815 1.6666666666666667 2
1579352964 2.772917792 2.0 2
1579353127 2.848759824 0.0 0
1579353994 1.967332218 1.0 1
1579522919 3.095036177 0.6666666666666666 1
1579523122 2.555795989 1.0 1
1579523313 2.771389288 0.5 1
1579523477 2.772206948 0.0 0
1579523651 2.474388793 0.6666666666666666 1
1579523833 2.430357813 1.0 1
1579524014 2.644511755 1.6666666666666667 2
1579524202 2.619580879 1.3333333333333333 2
1579524369 2.703740027 1.0 1
1579524538 2.746756161 0.0 0
1579537523 2.476057528 0.0 0
1580215397 2.529888232 1.0 1
1580215567 2.779614519 0.6666666666666666 1
1580215730 2.925848839 1.3333333333333333 2
1580215889 2.773193265 1.3333333333333333 2
1580216049 2.608621924 1.0 1
1580216212 2.340138799 1.3333333333333333 2
1580216371 2.875421618 1.0 1
1580216535 2.659713249 0.6666666666666666 1
1580216695 2.696214951 1.0 1
1580216876 2.381302583 0.5 1
1580304784 2.779966008 0.0 0
1580304941 2.474823365 0.6666666666666666 1
1580305103 2.785086676 0.0 0
1580305264 2.591517611 0.5 1
1580305447 2.698143618 0.0 0
1580305610 2.630394929 0.6666666666666666 1
1580305772 2.518831466 0.0 0
1580305928 2.847667972 1.0 1
1580306084 2.821407263 1.3333333333333333 2
1580306245 2.524794953 1.0 1
1581935285 2.573530817 2.0 2
1581935442 2.584188389 1.0 1
1581935604 2.640132191 1.0 1
1581935770 2.46814113 2.0 2
1581935937 2.460829625 1.0 1
1581936108 2.681518459 0.3333333333333333 1
1581936280 2.769469488 1.0 1
1581936442 2.51796989 1.6666666666666667 2
1581936601 2.60885733 1.3333333333333333 2
1581936777 2.640315911 2.0 2
1582026959 2.48878253 1.3333333333333333 2
1582027121 2.617572095 1.3333333333333333 2
1582027287 2.65986696 1.0 1
1582027454 2.468391214 1.0 1
1582027866 2.462045423 1.0 1
1582028032 2.613102684 0.6666666666666666 1
1582028198 2.435790341 0.6666666666666666 1
1582028368 2.45126303 1.0 1
1582028537 2.913831676 0.6666666666666666 1
1582028706 2.44217378 0.0 0
1582113176 6.516121258 1.0 3
1582113341 2.47478273 2.0 2
1582113507 2.352090514 1.0 1
1582113840 2.497086037 0.6666666666666666 1
1582114016 2.632925808 2.0 2
1582114177 2.450041143 2.0 2
1582114340 2.35466903 1.0 1
1582114505 2.524809784 1.0 1
1582114671 2.428905824 1.6666666666666667 2
1582114832 2.419230647 0.5 1
1582115001 2.394695935 0.5 1
1582115161 2.77265152 1.6666666666666667 2
1582115329 2.653228662 0.6666666666666666 1
1582115492 2.579150384 0.6666666666666666 1
1582115655 2.542716097 0.6666666666666666 1
1582115818 2.511856757 2.0 2
1582115982 2.346212003 2.0 2
1582116163 2.534205286 2.0 2
1582116376 2.644995175 1.6666666666666667 2
1582116554 3.61911096 2.0 3
1582116719 2.720925911 1.3333333333333333 2
1582119039 2.517514376 0.6666666666666666 1
1582119200 2.433212179 1.0 1
1582119372 2.467186092 0.6666666666666666 1
1582119548 2.491266765 0.0 0
1582119724 2.435216487 1.0 1
1582119884 2.640436149 2.0 2
1582120060 2.446034952 2.0 2
1582120233 2.353563296 1.6666666666666667 2
1582120954 2.591751712 2.0 2
1582121120 2.717104432 0.0 0
1582121365 2.552970176 1.0 1
1582121526 2.486141758 2.0 2
1582125270 2.476069655 1.0 1
1582125717 4.467660562 2.0 2
1582126079 2.559381222 1.6666666666666667 2
1582126247 2.644446629 0.6666666666666666 1
1582126409 2.448656824 0.6666666666666666 1
1582126578 2.883368199 0.3333333333333333 1
1582126740 2.538386549 0.6666666666666666 1
1582126904 2.471851126 0.0 0
1582127065 2.672749671 0.5 1
1582127230 2.551609675 0.5 1
1582127398 2.481532681 1.6666666666666667 2
1582127564 2.516387118 1.3333333333333333 2
1582127728 2.598610126 0.6666666666666666 1
1582127892 2.504242722 1.6666666666666667 2
1582128052 2.477349957 1.3333333333333333 2
1582128218 2.396010479 0.6666666666666666 1
1582128397 2.722972328 1.6666666666666667 2
1582128559 2.429633754 1.3333333333333333 2
1582128722 2.447935422 0.5 1
1582128887 2.654780096 0.6666666666666666 1
1582129054 2.581276607 2.0 2
1582129222 2.522841034 0.6666666666666666 1
1582129381 2.490221463 2.0 2
1582129542 2.425664951 2.0 2
1582129705 2.538881128 1.0 1
1582185130 2.606751955 1.5 2
1582185310 2.438149265 1.0 1
1582186042 2.680806613 1.3333333333333333 2
1582186202 2.656993313 1.0 1
1582186937 2.700561987 2.0 2
1582187898 2.511047691 1.6666666666666667 2
1582188059 2.571501742 0.6666666666666666 1
1582188217 2.70794248 1.0 1
1582188377 2.604619747 0.5 1
1582193828 2.961753128 1.0 1
1582193992 2.574748539 0.5 1
1582194156 2.550053899 0.0 0
1582194312 3.03740683 0.6666666666666666 1
1582194473 2.620725473 1.0 1
1582194637 2.656462764 2.0 2
1582194803 2.647789689 1.0 2
1582194967 2.552371648 1.0 1
1582195127 2.687593311 0.6666666666666666 1
1582195291 2.504749895 1.3333333333333333 2
1582195785 2.551007627 1.3333333333333333 2
1582195943 2.661662656 1.3333333333333333 2
1582196102 2.7790513 1.0 1
1582196261 2.638099818 0.0 0
1582196420 2.641445517 1.6666666666666667 2
1582196579 2.533844395 1.6666666666666667 2
1582196737 2.625447932 0.5 1
1582196898 2.574438342 0.5 1
1582197059 2.557802312 1.0 1
1582197227 2.478678172 3.0 3
1582197382 2.604168551 0.6666666666666666 1
1582197549 12.687888292 2.9166666666666665 3
1582197719 2.664202748 2.0 2
1582197877 2.657782076 1.3333333333333333 2
1582198036 2.524098122 2.0 2
1582198192 2.654396297 0.6666666666666666 1
1582198353 2.551848442 0.0 0
1582198512 2.477652994 0.6666666666666666 1
1582198791 2.783787902 0.6666666666666666 1
1582199144 2.564728518 0.5 1
1582631448 2.652112365 1.3333333333333333 2
1582631609 2.503943647 2.0 2
1582631765 2.537329806 2.0 2
1582631921 2.560905961 0.6666666666666666 1
1582632080 2.551224107 0.5 1
1582632236 2.654066699 1.5 2
1582632396 2.561090489 0.5 1
1582632558 2.468100358 0.3333333333333333 1
1582632720 2.667502691 0.5 1
1582632879 2.486257407 1.0 1
1582884579 2.814006653 0.6666666666666666 1
1582884756 2.685608837 0.0 0
1582884925 2.836663023 1.3333333333333333 2
1582885089 2.431693047 0.0 0
1582885252 2.592841099 0.0 0
1582885416 2.592905169 1.0 1
1582885574 2.539743856 2.0 2
1582885736 2.672567468 0.6666666666666666 1
1582885902 2.638084945 2.0 2
1582886059 2.699182829 1.0 1
1574707140 2.392692143 0.0 0
