1569850814 0.0 -1 -1
1569851276 0.015035579 -1 -1
1569851276 0.0 -1 -1
1569852067 0.0 -1 -1
1569852067 0.045999424 -1 -1
1569852067 0.0 -1 -1
1569852291 0.0 -1 -1
1570543176 0.033329603 -1 -1
1571323049 0.042999917 -1 -1
1571325363 0.044163419 -1 -1
1571325769 0.076465862 -1 -1
1571326288 0.298778698 -1 -1
1571326289 0.092000957 -1 -1
1571397579 0.088709174 -1 -1
1571405654 0.060705017 -1 -1
1571409273 0.043315336 -1 -1
1571409475 0.00846114 -1 -1
1571409475 0.027175348 -1 -1
1571409475 0.04332229 -1 -1
1571665803 0.031217972 -1 -1
1571665803 0.001266416 -1 -1
1571665803 0.035218769 -1 -1
1571669018 0.038109398 -1 -1
1571752887 0.001547129 -1 -1
1571752887 0.04282682 -1 -1
1571760627 0.044349558 -1 -1
1571760823 0.044913896 -1 -1
1571761824 0.035404168 -1 -1
1571761824 0.001934811 -1 -1
1572003923 0.012155016 -1 -1
1572003923 0.051037161 -1 -1
1572003923 0.00156012 -1 -1
1572004911 0.040712823 -1 -1
1572004911 0.001293513 -1 -1
1572011508 0.001375354 -1 -1
1572011508 0.036481415 -1 -1
1572011508 0.054611581 -1 -1
1572011508 0.001833134 -1 -1
1572265132 0.00139143 -1 -1
1572265132 0.037585974 -1 -1
1572265528 0.132378157 -1 -1
1572265528 0.013461319 -1 -1
1572265528 1.5366e-05 -1 -1
1572265528 0.013342993 -1 -1
1572274360 0.043690862 -1 -1
1572274701 0.044301834 -1 -1
1572274701 0.095592979 -1 -1
1572275556 0.001218902 -1 -1
1572275556 0.039410524 -1 -1
1572275556 0.003222917 -1 -1
1572275556 0.025162473 -1 -1
1572275556 0.012612612 -1 -1
1572275729 0.085340291 -1 -1
1572275729 0.001621055 -1 -1
1572361543 0.035650648 -1 -1
1572361737 0.088148836 -1 -1
1572362721 0.01320217 -1 -1
1572362721 0.014657314 -1 -1
1572362916 0.002535924 -1 -1
1572362916 0.039142693 -1 -1
1572367318 0.089897985 -1 -1
1572368182 0.047683325 -1 -1
1572532463 0.035011889 -1 -1
1572532664 0.001558662 -1 -1
1572532664 0.017650347 -1 -1
1572545078 0.001825605 -1 -1
1572870298 0.087929811 -1 -1
1572870480 0.012834588 -1 -1
1572870480 0.050338719 -1 -1
1572870701 0.044334453 -1 -1
1572966135 0.047290545 -1 -1
1572966836 0.046842111 -1 -1
1572966836 1.9509e-05 -1 -1
1573207445 0.002106772 -1 -1
1573208114 0.045875745 -1 -1
1573208114 0.001376267 -1 -1
1573208114 0.100736901 -1 -1
1573220684 0.012073777 -1 -1
1573220684 0.046714501 -1 -1
1573221020 0.043891549 -1 -1
1573221020 0.035384129 -1 -1
1573221021 0.001272744 -1 -1
1573221021 0.020798194 -1 -1
1573221021 0.017089156 -1 -1
1573221351 0.043396577 -1 -1
1573221857 0.043143218 -1 -1
1573222046 0.045575773 -1 -1
1573222216 0.007118396 -1 -1
1573301366 0.043925771 -1 -1
1573301366 0.039810233 -1 -1
1573301548 0.001787948 -1 -1
1573301548 0.040955758 -1 -1
1573301548 0.002061542 -1 -1
1573301902 0.043066093 -1 -1
1573302082 0.042237453 -1 -1
1573302082 0.002258718 -1 -1
1573302249 0.044013801 -1 -1
1573302423 0.006895189 -1 -1
1573302423 0.020806664 -1 -1
1573302775 0.001208286 -1 -1
1573302775 0.043219794 -1 -1
1573302775 0.00150056 -1 -1
1573302775 0.004988757 -1 -1
1573303909 0.001423869 -1 -1
1573303909 0.044268657 -1 -1
1573303909 1.3949e-05 -1 -1
1573303909 0.035792777 -1 -1
1573304400 0.015540174 -1 -1
1573304559 0.043720714 -1 -1
1573304559 0.001193043 -1 -1
1573304559 0.044429096 -1 -1
1573304726 0.044842767 -1 -1
1573753427 0.001017964 -1 -1
1573753427 0.043392393 -1 -1
1573753427 5.5524e-05 -1 -1
1573753427 0.000282843 -1 -1
1573753427 0.018202086 -1 -1
1573754719 0.001440403 -1 -1
1573755041 0.039037662 -1 -1
1573755370 0.042527272 -1 -1
1573755370 0.001321849 -1 -1
1573755527 0.038957622 -1 -1
1573755527 0.001963523 -1 -1
1573755527 0.033381138 -1 -1
1573755840 0.046845892 -1 -1
1573831621 0.001281411 -1 -1
1573831621 0.004878146 -1 -1
1573831780 0.001150657 -1 -1
1573832104 0.05573874 -1 -1
1573832104 0.002218942 -1 -1
1573832104 0.028355622 -1 -1
1573832266 0.008928671 -1 -1
1573832266 0.029060398 -1 -1
1573832266 0.030582353 -1 -1
1573832266 0.050695995 -1 -1
1573832742 0.042558803 -1 -1
1573833413 0.050159419 -1 -1
1573833570 0.001141559 -1 -1
1573833570 0.036625981 -1 -1
1573833728 0.001612995 -1 -1
1573833728 0.003299238 -1 -1
1573833728 0.027892937 -1 -1
1573901102 0.034241511 -1 -1
1573901102 0.001512861 -1 -1
1573901260 0.047810328 -1 -1
1573901260 0.001823024 -1 -1
1573901416 0.045313586 -1 -1
1573901732 0.044916962 -1 -1
1573901887 0.042234812 -1 -1
1573902042 0.044091324 -1 -1
1574685832 0.01307196 -1 -1
1574690251 0.024936105 -1 -1
1574690753 0.042715875 -1 -1
1574954747 0.04269855 -1 -1
1574954747 0.000866955 -1 -1
1574954932 0.041804486 -1 -1
1574954932 0.001743267 -1 -1
1574954932 0.04820964 -1 -1
1575026574 0.001737626 -1 -1
1575026574 0.045105791 -1 -1
1575027056 0.041417334 -1 -1
1575027705 0.001314814 -1 -1
1575027705 0.036255947 -1 -1
1575113212 0.002397169 -1 -1
1575113375 0.005230706 -1 -1
1575113691 0.001475469 -1 -1
1575113848 0.006623173 -1 -1
1575113848 0.026038201 -1 -1
1575114169 0.003730473 -1 -1
1575114169 0.028713455 -1 -1
1575290510 0.043925633 -1 -1
1575290510 0.012799493 -1 -1
1575384220 0.043093175 -1 -1
1575384220 0.00148877 -1 -1
1575384380 0.035671093 -1 -1
1575384380 0.063502722 -1 -1
1575384863 0.019053594 -1 -1
1575385182 0.050504605 -1 -1
1575557474 0.002117159 -1 -1
1579184100 0.045003818 -1 -1
1579184100 0.001802479 -1 -1
1579184977 0.043843087 -1 -1
1579185853 0.001339549 -1 -1
1579185853 0.046642035 -1 -1
1579186042 0.084391076 -1 -1
1579186042 0.044207553 -1 -1
1579186042 0.001213956 -1 -1
1579352157 0.05703726 -1 -1
1579352481 0.04699415 -1 -1
1579352964 0.045591138 -1 -1
1579523122 0.0 -1 -1
1579523122 0.0 -1 -1
1579523122 0.0 -1 -1
1579523122 0.068738315 -1 -1
1579523651 0.0 -1 -1
1579523651 0.0 -1 -1
1579523651 0.0 -1 -1
1580215396 0.0 -1 -1
1580215396 0.0 -1 -1
1580215397 0.0 -1 -1
1580215397 0.0 -1 -1
1580216212 0.0 -1 -1
1580216212 0.0 -1 -1
1580216212 0.0 -1 -1
1580216876 0.0 -1 -1
1580216876 0.0 -1 -1
1580216876 0.049056713 -1 -1
1580305610 0.0 -1 -1
1580305772 0.0 -1 -1
1580305772 0.0 -1 -1
1580306245 0.0 -1 -1
1581935770 0.0 -1 -1
1581935770 0.0 -1 -1
1581936601 0.0 -1 -1
1582027121 0.0 -1 -1
1582027121 0.0 -1 -1
1582027454 0.0 -1 -1
1582027454 0.0 -1 -1
1582027866 0.04312132 -1 -1
1582028198 0.043812352 -1 -1
1582028368 0.0 -1 -1
1582113176 0.0 -1 -1
1582113341 0.0 -1 -1
1582113341 0.0 -1 -1
1582113507 0.0 -1 -1
1582113507 0.0 -1 -1
1582113840 0.041465135 -1 -1
1582114177 0.0 -1 -1
1582115001 0.047631025 -1 -1
1582115001 0.0 -1 -1
1582115001 0.0 -1 -1
1582115161 0.0 -1 -1
1582115161 0.0 -1 -1
1582115161 0.0 -1 -1
1582115161 0.0 -1 -1
1582115329 0.0 -1 -1
1582115818 0.0 -1 -1
1582115818 0.0 -1 -1
1582115982 0.0 -1 -1
1582115982 0.0 -1 -1
1582115982 0.0 -1 -1
1582115982 0.0 -1 -1
1582115982 0.0 -1 -1
1582115982 0.0 -1 -1
1582116376 0.0 -1 -1
1582116376 0.0 -1 -1
1582116719 0.0 -1 -1
1582119200 0.0 -1 -1
1582120233 0.044483725 -1 -1
1582120233 0.0 -1 -1
1582120233 0.0 -1 -1
1582120233 0.0 -1 -1
1582120953 0.0 -1 -1
1582121365 0.0 -1 -1
1582125914 0.0 -1 -1
1582126079 0.043530371 -1 -1
1582126079 0.0 -1 -1
1582126079 0.0 -1 -1
1582126079 0.0 -1 -1
1582126247 0.0 -1 -1
1582127728 0.0 -1 -1
1582127728 0.0 -1 -1
1582127891 0.0 -1 -1
1582128052 0.0 -1 -1
1582128052 0.0 -1 -1
1582128052 0.0 -1 -1
1582128052 0.0 -1 -1
1582128052 0.0 -1 -1
1582128218 0.0 -1 -1
1582128396 0.0 -1 -1
1582128559 0.0 -1 -1
1582128559 0.0 -1 -1
1582128559 0.0 -1 -1
1582129222 0.0 -1 -1
1582129705 0.0 -1 -1
1582129705 0.0 -1 -1
1582185129 0.0 -1 -1
1582185129 0.0 -1 -1
1582185130 0.0 -1 -1
1582185310 0.0 -1 -1
1582185310 0.0 -1 -1
1582185310 0.0 -1 -1
1582185310 0.0 -1 -1
1582188059 0.042537773 -1 -1
1582193828 0.0 -1 -1
1582193828 0.0 -1 -1
1582195291 0.0 -1 -1
1582195785 0.0 -1 -1
1582196261 0.0 -1 -1
1582196420 0.045351952 -1 -1
1582197226 0.0 -1 -1
1582197226 0.0 -1 -1
1582197226 0.0 -1 -1
1582197226 0.0 -1 -1
1582197227 0.0 -1 -1
1582197548 0.041505672 -1 -1
1582197877 0.0 -1 -1
1582198512 0.044053311 -1 -1
1582631448 0.0 -1 -1
1582631448 0.0 -1 -1
1582631609 0.043955041 -1 -1
1582631609 0.0 -1 -1
1582631765 0.0 -1 -1
1582631921 0.0 -1 -1
1582632079 0.0 -1 -1
1582632080 0.0 -1 -1
1582632080 0.0 -1 -1
1582632396 0.0 -1 -1
1582632558 0.0 -1 -1
1582632879 0.042296462 -1 -1
1582632879 0.0 -1 -1
1582884756 0.0 -1 -1
1582885089 0.083673867 -1 -1
1582885574 0.0 -1 -1
