1569853874 2.776855559 1.5 2
1569855450 3.269986527 2.25 3
1570449955 2.394508908 0.0 0
1571330551 3.155545001 0.0 0
1571766911 3.074117693 1.0 1
1572366063 2.535269832 0.75 1
1572366403 2.817229399 0.5 1
1572370096 2.687014841 0.75 1
1572370426 2.611702447 0.5 1
1572371087 2.55208465 0.5 1
1572371748 2.856972774 0.5 1
1572535122 2.809588313 0.75 1
1572537747 2.733043577 0.5 1
1572538400 2.681483178 0.0 0
1572539059 2.906074071 1.25 2
1572539712 2.770115089 1.0 1
1572540360 2.605931457 0.25 1
1572541270 3.713163994 2.0 3
1572541918 2.88846818 0.75 1
1572542568 2.696053425 0.0 0
1572543214 2.550474689 0.3333333333333333 1
1572543887 2.796705527 0.0 0
1572871633 2.861636515 0.25 1
1572872285 2.690766876 0.0 0
1572872966 2.740381428 1.0 1
1572873614 2.818489835 1.0 1
1572874272 2.696229 1.0 1
1572875337 2.689721326 0.0 0
1572876196 3.280066675 0.0 0
1572877417 2.805873335 0.25 1
1572878073 2.923644706 1.6666666666666667 2
1572879315 2.702221388 0.5 1
1572880712 3.072927824 0.5 1
1572967703 2.818691769 1.25 2
1572968359 2.860810076 0.0 0
1572969659 2.684967286 0.0 0
1572970320 2.733933212 0.0 0
1572970970 2.892043525 0.75 1
1572971632 2.688532222 0.0 0
1572972294 3.027263272 0.0 0
1572973007 2.475950079 0.0 0
1572973659 2.708887603 0.0 0
1572974308 2.980768887 0.0 0
1572974966 3.028234738 0.5 1
1573209242 2.696724707 0.0 0
1573209913 2.740992918 0.75 2
1573210573 2.660596699 3.0 4
1573211243 2.656025512 0.75 2
1573211901 2.659252353 0.0 0
1573212549 2.637445311 1.5 2
1573213202 2.403978345 0.6666666666666666 1
1573213863 2.783889883 0.0 0
1573214525 2.858628667 2.6666666666666665 4
1573215183 2.52783494 0.75 2
1573306954 2.650348765 0.5 1
1573307609 2.407853303 0.6666666666666666 1
1573307924 2.775804803 0.6666666666666666 1
1573308576 2.425964075 0.0 0
1573309545 2.091008298 0.3333333333333333 1
1573310689 2.643369396 0.0 0
1573311304 2.726957161 0.0 0
1573311923 2.437645173 0.5 1
1573312622 2.509013046 0.0 0
1573313240 2.648154141 0.0 0
1573313863 2.80573469 1.6666666666666667 2
1573314491 2.422230611 0.0 0
1573315107 2.652572867 0.0 0
1573828466 2.110024239 0.0 0
1573829381 2.001779423 0.0 0
1573829693 2.369024144 0.0 0
1573830558 2.047266391 0.0 0
1573902804 2.035598407 0.3333333333333333 1
1573903427 2.119163416 0.3333333333333333 1
1573903740 2.47248941 0.5 1
1573904357 2.209317346 1.3333333333333333 2
1574688125 2.106066056 0.0 0
1574688444 2.176054736 0.0 0
1574692136 2.08143976 0.0 0
1574692451 2.094363266 0.0 0
1574693688 1.887083932 0.0 0
1574694015 2.12059322 0.0 0
1574694439 2.213881819 0.0 0
1574694763 2.318248456 0.0 0
1574695318 2.153597532 1.3333333333333333 3
1574695966 2.126050959 0.0 0
1574696703 1.997947322 0.0 0
1574697282 2.196839976 0.0 0
1574697875 2.203407598 0.3333333333333333 1
1574698445 2.238312264 0.0 0
1574699033 2.575217807 0.3333333333333333 1
1574707290 9.723333306 0.0 0
1574708905 2.282690338 0.0 0
1574709854 2.636145413 0.0 0
1574711111 2.739892568 0.0 0
1574950915 2.059387775 0.0 0
1574951289 2.120314978 0.3333333333333333 1
1574951644 2.22094912 0.0 0
1574951970 2.25148605 0.0 0
1574952682 2.068841456 1.3333333333333333 2
1574953010 1.965206828 0.6666666666666666 2
1574953687 2.010735058 0.0 0
1574954032 2.002400598 1.3333333333333333 2
1575028934 2.551290888 0.0 0
1575029272 2.224877031 0.0 0
1575029584 2.179962338 0.0 0
1575029895 2.39088828 0.0 0
1575030206 2.097052468 0.0 0
1575030839 2.664019102 0.0 0
1575031166 1.939377895 0.0 0
1575033383 2.156042675 0.0 0
1575033951 2.001411977 0.0 0
1575034543 2.178093583 0.0 0
1575035115 2.041905017 0.3333333333333333 1
1575035677 2.084109026 0.6666666666666666 1
1575036714 2.03590478 0.0 0
1575037275 2.058740455 0.0 0
1575037834 2.138527211 0.0 0
1575039409 2.118267049 1.3333333333333333 2
1575114597 2.163586028 0.0 0
1575114905 2.129466744 0.0 0
1575115216 2.00273828 0.3333333333333333 1
1575116150 2.205175367 0.3333333333333333 1
1575116460 2.017477234 0.0 0
1575116769 2.26196332 0.0 0
1575117079 2.103770013 0.6666666666666666 2
1575117387 2.021363405 0.0 0
1575120669 2.016396778 0.3333333333333333 1
1575121234 2.086214875 0.3333333333333333 1
1575122227 2.179350116 0.3333333333333333 1
1575122854 1.96617158 0.0 0
1575123970 2.03913042 0.0 0
1575124526 2.143631425 0.3333333333333333 1
1575125092 2.167898721 0.3333333333333333 1
1575126224 1.956246682 0.0 0
1575293789 2.119132384 0.0 0
1575294817 1.886600842 0.0 0
1575295590 1.890604004 2.3333333333333335 3
1575296801 2.301433155 0.0 0
1575297136 1.967707171 0.0 0
1575298549 1.995564312 0.0 0
1575299120 2.086350909 0.0 0
1575299699 2.198754914 0.3333333333333333 1
1575300269 2.101378814 0.0 0
1575300886 2.221208441 0.0 0
1575301672 1.83100466 0.0 0
1575302268 1.940620331 0.0 0
1575386008 1.915714718 0.0 0
1575386321 2.179373628 0.0 0
1575386631 2.080588833 0.0 0
1575387037 2.300473665 0.0 0
1575387344 2.140022458 0.0 0
1575387963 2.046944329 0.0 0
1575388271 2.094080219 0.0 0
1575388581 1.876846464 0.0 0
1575388883 2.142992089 0.0 0
1575390457 2.211912899 0.0 0
1575391028 1.836052421 0.3333333333333333 1
1575391588 2.037707621 0.0 0
1575392402 2.264352824 0.0 0
1575393601 2.212260638 0.0 0
1575394161 2.002651844 0.3333333333333333 1
1575394727 1.895484116 0.0 0
1575395291 2.252948671 0.0 0
1575395854 2.087635968 0.3333333333333333 1
1575558770 2.170609544 0.3333333333333333 1
1575559080 2.119412438 0.0 0
1575559406 2.300229138 0.0 0
1575559727 2.122251815 0.6666666666666666 1
1575560094 2.178098216 0.0 0
1575560424 2.346952786 0.0 0
1575560759 2.181008908 1.3333333333333333 2
1575561989 2.734570105 2.25 4
1575568862 2.090670702 0.0 0
1579186515 2.238254502 0.0 0
1579186863 2.116713118 0.0 0
1579188205 1.948241591 0.0 0
1579188651 1.89702255 0.0 0
1579189186 2.41383112 0.0 0
1579189521 2.000062506 0.0 0
1579189847 2.086987036 0.3333333333333333 1
1579190188 2.086299731 0.0 0
1579190522 1.953164516 0.0 0
1579191309 2.098417854 0.0 0
1579191923 2.179537531 0.0 0
1579192489 2.049027918 1.0 1
1579193072 1.888096287 0.0 0
1579194223 1.924054357 0.0 0
1579194791 2.123772046 1.3333333333333333 2
1579195947 2.054374371 0.0 0
1579196508 2.133753305 0.6666666666666666 1
1579354272 2.367429449 0.0 0
1579354890 2.116735788 0.3333333333333333 1
1579355199 2.308998231 0.0 0
1579355816 2.04849451 0.3333333333333333 1
1579356432 2.141962881 0.0 0
1579356737 2.117844823 0.3333333333333333 1
1579357226 1.918702017 0.0 0
1579359713 2.015748221 0.0 0
1579360291 2.088848583 0.0 0
1579360850 2.13683611 0.0 0
1579361961 2.004647477 0.0 0
1579362516 2.137379287 0.0 0
1579363074 2.084791716 0.0 0
1579363641 2.086646926 0.6666666666666666 2
1579364206 1.961117362 0.0 0
1579364766 2.334430765 0.0 0
1579524886 2.066177189 1.0 1
1579525937 3.958562332 0.6 1
1579528568 1.965102497 0.0 0
1579528992 2.099765402 0.3333333333333333 1
1579530019 2.098699637 0.3333333333333333 1
1579530759 2.321778196 0.0 0
1579531332 2.001945202 0.0 0
1579533079 2.051103685 0.5 1
1579533740 2.101624496 0.0 0
1579534384 1.854211335 0.0 0
1579535056 2.098001424 0.3333333333333333 1
1579536723 1.974966931 0.0 0
1579537291 2.183811225 0.3333333333333333 1
1580218012 2.093800419 0.0 0
1580218341 2.181896079 0.0 0
1580219015 2.323637453 1.25 2
1580219709 2.316497931 1.0 3
1580222425 2.003470789 0.0 0
1580223050 2.141793384 0.6666666666666666 2
1580224017 2.480451642 0.3333333333333333 1
1580224574 2.210356719 0.0 0
1580225131 1.974256592 0.0 0
1580225696 2.066090735 0.3333333333333333 1
1580226843 2.087237653 0.3333333333333333 1
1580227408 2.005471342 0.0 0
1580228008 2.219673548 0.6666666666666666 1
1580228587 2.130928523 0.0 0
1580229146 2.16647651 0.0 0
1580306644 2.339427569 0.0 0
1580307348 1.935539591 0.3333333333333333 1
1580307827 2.180621065 0.0 0
1580308139 2.056801966 0.5 2
1580308455 2.17645614 0.3333333333333333 1
1580310656 2.213993973 0.25 1
1580310970 1.952467937 0.0 0
1580311280 2.218274336 0.5 1
1580311590 2.026874137 0.0 0
1580311964 1.877965321 0.0 0
1580312573 2.223561997 0.75 2
1580313153 2.135807838 0.0 0
1580314033 2.105047958 0.0 0
1580314673 2.160766397 0.6666666666666666 1
1580315229 2.080022113 0.0 0
1580315792 2.042772545 0.0 0
1580316353 2.180931913 0.0 0
1580317062 2.127433112 0.6666666666666666 1
1580317651 2.207894302 0.3333333333333333 1
1581937045 2.21326623 0.0 0
1581937357 2.27492916 1.0 1
1581937702 2.07238588 0.3333333333333333 1
1581938025 2.438142298 0.6666666666666666 1
1581938668 2.257277292 1.0 2
1581938970 2.16726131 0.0 0
1581939313 2.262892018 1.0 2
1581939639 2.148422582 0.0 0
1581939939 1.968847476 1.0 2
1581942715 2.188809285 0.0 0
1581944292 2.255626223 0.0 0
1581945238 2.087081808 0.3333333333333333 1
1581946188 2.273139852 0.0 0
1581946758 2.088914415 0.0 0
1581947653 1.958807519 1.6666666666666667 2
1581948244 2.315503491 0.0 0
1581949365 3.153948502 0.0 0
1582030455 2.675090527 0.75 2
1582031708 2.428780685 0.5 1
1582032702 2.281037993 0.6666666666666666 1
1582033000 2.660039437 1.0 2
1582037752 2.654245486 0.5 1
1582041851 2.131474952 2.0 3
1582044641 2.22751641 0.0 0
1582044954 3.00837761 0.0 0
1582045553 2.556756806 0.0 0
1582046161 2.740890737 0.0 0
1582120510 2.340013154 0.3333333333333333 1
1582191243 1.732831972 3.3333333333333335 4
1582191538 2.340557786 0.3333333333333333 1
1582191833 2.172365041 0.3333333333333333 1
1582192414 2.170031 0.5 1
1582192710 2.595785551 1.0 2
1582193288 2.218801407 0.3333333333333333 1
1582635061 2.099393334 0.3333333333333333 1
1582635346 2.396025909 0.5 1
1582635630 2.216272613 0.3333333333333333 1
1582636200 2.392436134 1.0 2
1582636487 2.124334176 0.3333333333333333 1
1582636779 2.177168323 0.3333333333333333 1
1582637373 2.104172846 0.6666666666666666 1
1582637668 2.252612857 0.6666666666666666 1
1582638237 2.104915497 0.0 0
1582638797 2.064974743 0.0 0
1582640462 4.506314679 0.0 0
1582641051 2.049910179 0.0 0
1582642184 2.229249889 0.0 0
1582642751 2.238706657 1.3333333333333333 3
1582643325 2.118534263 0.0 0
1582643922 2.31253656 0.0 0
1582644590 2.358415107 0.0 0
1582886312 2.22016572 1.0 2
1582886601 2.218820762 0.3333333333333333 1
1582886896 2.142194248 1.25 2
1582887186 2.190622725 0.3333333333333333 1
1582887475 2.008991413 1.0 2
1582887768 1.902014598 1.6666666666666667 3
1582888051 2.36237631 1.5 2
1582888338 2.59438127 0.6666666666666666 1
1582888629 2.229857909 3.3333333333333335 4
1582899092 2.193515541 0.0 0
1582899657 2.335055398 0.0 0
1582900221 2.418263582 0.0 0
1582900781 2.264208908 0.0 0
1582902526 2.064627979 0.0 0
1582903086 2.172185752 0.0 0
1582903690 2.305101399 0.0 0
1574711111 2.739892568 0.0 0
1574708905 2.282690338 0.0 0
