1569853645 5.861515822 0.14285714285714285 1
1569854285 5.488954164 0.0 0
1569855259 5.530831921 0.0 0
1569855691 8.135021363 2.0 4
1570447017 9.950520559 0.18181818181818182 2
1570448833 5.720573981 0.8333333333333334 3
1570449304 5.625130234 0.0 0
1570449770 4.705602522 0.0 0
1571323321 5.320177896 0.0 0
1571323714 5.742094037 0.0 0
1571324117 5.344433163 0.16666666666666666 1
1571324516 5.63798066 0.0 0
1571327447 5.714848614 1.2857142857142858 2
1571327837 6.109522616 1.0 3
1571328227 5.702494442 1.1428571428571428 2
1571328619 5.02819436 1.0 2
1571329011 5.489063981 1.5 2
1571329401 5.090814815 0.8333333333333334 2
1571329994 5.594681989 0.42857142857142855 1
1571397950 5.605482055 0.0 0
1571398346 5.826773368 0.42857142857142855 1
1571398738 5.495974981 0.0 0
1571399130 5.830576578 0.0 0
1571399520 5.513148626 0.0 0
1571399918 5.764649176 0.0 0
1571400310 4.77167781 0.0 0
1571401130 5.975573443 0.0 0
1571401523 5.801160698 0.0 0
1571406903 7.156776143 0.0 0
1571407294 5.45400721 0.5 1
1571407687 4.898876573 0.0 0
1571408075 5.04130032 0.0 0
1571408469 5.680908241 0.0 0
1571665961 5.202180678 0.0 0
1571666350 5.043974256 0.5 1
1571666741 5.728912206 0.0 0
1571667135 4.772319404 0.0 0
1571667572 5.56609536 0.0 0
1571669224 5.134503686 1.5 3
1571669623 5.351204197 1.5 2
1571754134 5.568193312 0.0 0
1571754532 5.870539952 0.0 0
1571755329 5.46352117 0.0 0
1571756560 5.25516858 0.0 0
1571756985 5.53550964 0.0 0
1571757420 4.70976726 0.0 0
1571757816 5.548089773 0.0 0
1571758210 5.185721851 0.0 0
1571758599 5.093820673 0.0 0
1571762214 4.556124841 0.0 0
1571762610 5.307872265 0.0 0
1571763003 5.339331985 0.0 0
1571763391 5.167725757 0.0 0
1571763785 5.140118206 0.0 0
1571764191 5.286375893 0.0 0
1571764601 5.40093707 0.0 0
1571764992 4.911962827 0.0 0
1571765381 4.996044246 0.0 0
1571765772 4.552759674 0.0 0
1571766350 5.131065935 0.0 0
1571767132 5.396388529 0.0 0
1572006358 5.928244082 0.16666666666666666 1
1572007097 4.785474865 0.5 1
1572007491 5.003896834 0.0 0
1572007993 5.491123446 0.0 0
1572008394 5.834997025 0.0 0
1572008797 5.140227709 0.16666666666666666 1
1572009191 4.703505096 0.0 0
1572009580 4.563775747 0.0 0
1572009972 5.331503365 0.0 0
1572010367 5.088804582 0.0 0
1572010758 5.266237946 0.0 0
1572013320 4.689501725 0.0 0
1572013714 5.21667954 0.0 0
1572014105 5.643006957 0.0 0
1572014496 5.388196501 0.16666666666666666 1
1572014886 4.854078632 0.0 0
1572268936 5.639206407 0.0 0
1572269354 6.301946031 0.0 0
1572269770 5.369074106 0.0 0
1572270176 6.452248677 0.125 1
1572270572 5.34388727 0.0 0
1572270968 5.228208634 0.3333333333333333 2
1572272314 4.590359168 0.0 0
1572272645 4.506569381 0.2 1
1572272980 4.566994685 0.0 0
1572273321 4.751894011 0.0 0
1572273659 4.529054153 0.0 0
1572276083 4.872850862 1.6666666666666667 2
1572276419 4.95606321 1.5 2
1572276755 4.138036683 1.0 2
1572277085 4.4998223 2.0 4
1572277779 5.069756797 2.1666666666666665 3
1572278111 4.647665173 0.8 2
1572278443 4.733152436 1.1666666666666667 2
1572363503 4.428582533 0.2 1
1572363832 4.632538607 0.3333333333333333 1
1572364164 3.170899677 0.5 1
1572364492 4.567184181 0.0 0
1572364831 4.595195349 0.0 0
1572365167 4.48818024 0.0 0
1572365544 4.570108739 0.0 0
1572365919 4.388134705 0.0 0
1572366259 4.641593676 0.0 0
1572366593 4.501397512 0.0 0
1574710685 4.093563501 0.0 0
1574708769 4.529257349 0.0 0
