1569853877 5.278741673 0.3333333333333333 1
1569855453 5.169784964 1.6666666666666667 3
1569856493 4.910700943 0.4 1
1570449957 5.475265595 0.0 0
1572366066 4.246512724 0.0 0
1572366406 3.879078629 0.0 0
1572370099 3.888431412 0.0 0
1572370429 4.023397621 0.0 0
1572371090 4.037407906 0.0 0
1572371751 3.866373754 0.0 0
1572535125 3.91756527 0.0 0
1572880715 3.192777094 0.0 0
1573306957 3.45546204 0.0 0
1573307611 3.806596798 0.0 0
1573307926 3.615642666 0.0 0
1573308578 4.194776691 0.0 0
1573309547 3.997186426 0.0 0
1573828468 4.005591025 0.0 0
1573829383 3.976376723 0.0 0
1573829695 3.830598983 0.0 0
1573830560 4.248597104 0.0 0
1573902806 4.176133022 0.0 0
1573903429 3.908366923 0.0 0
1573903743 3.653933058 0.0 0
1573904359 3.746087396 0.4 1
1574688127 4.53676869 0.0 0
1574688446 4.300395643 0.2 1
1574692138 4.052363933 0.0 0
1574692453 4.005269009 0.0 0
1574693690 4.563995124 0.0 0
1574694017 4.177118035 0.0 0
1574694441 3.972412475 0.0 0
1574694765 3.866227717 0.0 0
1574695320 3.666476 0.0 0
1574695968 3.933052439 0.0 0
1574708908 4.08626017 0.0 0
1574950917 3.971896047 0.0 0
1574951291 4.267480433 0.0 0
1574951647 4.135502457 0.0 0
1574951972 3.720693781 0.0 0
1574952684 4.170931779 0.0 0
1574953012 4.161160314 0.0 0
1574953689 25.230802755 0.11538461538461539 2
1574954034 4.198263108 0.0 0
1575028937 3.794541305 0.0 0
1575029274 3.842308593 0.0 0
1575029586 3.996613404 0.0 0
1575029898 3.885533885 0.0 0
1575030208 4.371205074 0.0 0
1575030841 22.848284075 0.08333333333333333 1
1575031168 4.156254137 0.0 0
1575114599 4.006106892 0.8 2
1575114908 4.348683148 0.0 0
1575115218 4.166993614 0.0 0
1575116152 3.80653271 0.0 0
1575116462 4.332219053 0.16666666666666666 1
1575116772 4.189063097 0.0 0
1575117081 4.131875894 0.2 1
1575117389 3.818510367 0.0 0
1575293791 4.213370445 0.0 0
1575294819 4.957916758 0.0 0
1575295592 4.446793232 0.4 1
1575296803 3.890517888 0.4 1
1575297138 3.935503246 0.0 0
1575386010 4.287392246 0.0 0
1575386324 4.139528221 0.0 0
1575386634 4.090203827 0.0 0
1575387039 4.003822243 0.0 0
1575387346 4.4897573 0.0 0
1575387965 4.274962956 0.3333333333333333 1
1575388273 4.2658211 0.0 0
1575388583 4.134158414 0.0 0
1575388885 4.304899042 0.0 0
1575558772 3.890888644 0.0 0
1575559082 4.094630988 0.0 0
1575559408 4.291125999 0.0 0
1575559729 4.065724447 0.0 0
1575560096 3.757861724 0.0 0
1575560427 4.371690953 0.0 0
1575560761 4.151108517 0.0 0
1575561992 3.370272695 0.75 2
1579186517 4.116758314 0.0 0
1579186866 4.32422436 0.0 0
1579188207 4.300172388 0.0 0
1579188653 4.406242185 0.25 1
1579189189 3.98856794 0.0 0
1579189523 4.620135029 0.0 0
1579189849 4.245254599 0.0 0
1579190190 4.041403246 0.0 0
1579190524 46.196095265 0.0 0
1579354275 3.537935667 0.0 0
1579354892 4.168212681 0.0 0
1579355201 3.669490946 0.0 0
1579355818 4.184526355 0.0 0
1579356434 4.21408271 0.0 0
1579356739 4.025586596 0.0 0
1579524888 4.206980188 0.0 0
1579525941 4.133285071 0.0 0
1579528570 4.28020872 0.0 0
1579528994 4.137606067 0.0 0
1579530021 4.274505736 0.0 0
1580218014 4.003895742 0.0 0
1580218344 4.183599026 0.4 2
1580219018 4.012596864 0.2 1
1580219378 11.640154862 2.3846153846153846 5
1580219711 3.971338173 2.0 3
1580222427 4.309025641 0.16666666666666666 1
1580223052 3.963229783 0.8 2
1580306647 3.71530397 0.0 0
1580307350 4.143409312 0.0 0
1580307830 3.982629097 0.4 1
1580308142 4.042684021 0.4 1
1580308457 4.009897806 0.4 1
1580310659 4.150793638 0.0 0
1580310972 4.047823632 0.0 0
1580311283 4.171636919 0.0 0
1580311592 4.054115355 0.0 0
1580311966 4.178765271 0.0 0
1582191245 3.873518544 1.4 3
1574708908 4.08626017 0.0 0
