1569853643 1.66361881 0.6666666666666666 1
1569854278 7.650112265 1.25 2
1569855257 2.576396635 2.6666666666666665 3
1569855684 7.580293467 3.0 6
1570447014 2.305381423 1.5 3
1571329987 7.62769921 0.75 1
1571399128 1.840436657 0.0 0
1571754927 2.28301426 1.25 2
1571763783 1.973268283 1.0 2
1571766342 7.484705618 0.0 0
1571767124 7.523751472 0.0 0
1572007489 2.262231262 1.0 1
1572007990 2.314060597 1.25 2
1572008392 1.922042073 0.0 0
1572008794 2.119482756 0.6666666666666666 1
1572537275 7.960725302 0.0 0
1572537932 7.612541818 0.2222222222222222 1
1572538591 7.780313338 0.0 0
1572539238 7.15731425 0.0 0
1572539892 7.980245272 0.25 1
1572540798 7.233968896 0.75 1
1572541451 7.583207464 1.0 2
1572542100 7.388253765 0.5555555555555556 2
1572542747 7.683524229 0.0 0
1572543388 7.627748795 1.3333333333333333 2
1572871165 7.102836626 0.25 1
1572871815 7.567281557 0.8888888888888888 2
1572872491 7.759381393 2.0 3
1572873146 7.57569613 0.625 1
1572873798 7.411594275 0.0 0
1572874858 7.672089192 0.75 2
1572875718 7.682657226 0.75 2
1572876947 7.447067196 0.1111111111111111 1
1572877597 7.619922638 0.4444444444444444 1
1572878824 7.597754039 0.5555555555555556 1
1572967228 7.679529821 0.0 0
1572967890 7.422906131 1.0 1
1572969191 7.576472963 0.0 0
1572969852 7.7148509 0.0 0
1572970501 7.89933591 0.0 0
1572971152 7.925105862 1.3333333333333333 2
1572971815 7.706109561 0.0 0
1572972475 7.787120686 0.0 0
1572973187 8.763450878 0.9 2
1572973841 7.564691965 0.0 0
1572974490 7.240678765 0.0 0
1573208775 7.368201138 2.111111111111111 4
1573209426 7.55055987 1.75 2
1573210095 7.278730187 2.75 4
1573210758 7.845542111 2.3333333333333335 3
1573211429 8.440266261 2.4 4
1573212080 7.47520686 2.25 3
1573212731 7.532263312 1.5555555555555556 2
1573213383 7.533374392 1.625 2
1573214052 7.149999534 3.25 5
1573214708 7.497578051 4.875 5
1573310236 7.717687794 0.0 0
1573310860 8.217289047 0.0 0
1573311476 7.619711888 0.0 0
1573312093 8.462360219 0.0 0
1573312791 7.548205361 0.1111111111111111 1
1573313415 8.121453033 1.0 2
1573314035 7.79836341 0.0 0
1573314663 8.329552937 0.0 0
1574691997 2.270709299 1.0 1
1574696859 1.186792784 0.0 0
1574710677 7.603370669 0.0 0
1574957307 1.488506418 0.0 0
1574961495 1.37753002 0.0 0
1575034692 0.896912202 0.5 1
1575035264 1.487319442 0.0 0
1575036863 1.407579231 2.0 2
1575116014 2.343844884 3.0 4
1575120821 1.231180256 0.0 0
1575122442 1.363433628 0.0 0
1575123559 1.319011216 0.0 0
1575124117 1.404629176 0.0 0
1575124672 1.275725742 0.0 0
1575125808 1.243659381 0.0 0
1575297546 1.532829262 0.0 0
1575301044 1.143313003 2.5 3
1575392552 1.438783711 0.0 0
1575473401 1.478178924 0.0 0
1575560286 1.579430956 1.6666666666666667 2
1575564799 1.503684423 0.0 0
1579190890 1.451720834 0.0 0
1579191506 1.409914766 0.6666666666666666 1
1579192650 1.528523602 0.0 0
1579532659 1.547017944 0.0 0
1580226423 2.271482643 3.3333333333333335 5
1580314820 1.386878181 0.0 0
1580315939 1.730152225 1.0 1
1580316642 1.418361994 0.0 0
1581936906 1.874713031 0.0 0
1581937221 1.421122888 0.0 0
1581937566 1.504249078 0.0 0
1581938527 1.667158064 0.6666666666666666 1
1581939799 1.941333123 0.0 0
1581942208 1.705036237 0.0 0
1581942883 1.79249815 0.0 0
1581944481 1.65955765 0.0 0
1581945766 1.271203325 0.0 0
1581946340 1.542736185 0.0 0
1581947828 1.369791561 0.0 0
1582033152 1.46146462 0.0 0
1582046017 1.563231562 1.5 2
1582188783 1.241427502 0.0 0
1582190809 1.484860108 0.0 0
1582191099 1.744309129 0.0 0
1582191390 1.624889665 0.6666666666666666 2
1582192570 1.62874904 0.0 0
1582192858 1.328293682 0.0 0
1582634926 1.58191812 0.0 0
1582635209 1.527426895 0.0 0
1582635493 1.528707106 0.0 0
1582635777 1.631152975 0.0 0
1582636063 1.567797265 0.0 0
1582636931 1.629082627 0.3333333333333333 1
1582637233 1.75579601 0.0 0
1582637529 1.354113196 0.0 0
1582637823 1.503723111 0.0 0
1582640638 1.408580095 0.0 0
1582641197 1.706146772 0.0 0
1582641764 1.485854657 0.0 0
1582642333 1.467811111 0.0 0
1582642908 1.488328483 0.0 0
1582643512 1.351741021 0.0 0
1582886762 1.832787433 1.5 2
1582887049 1.496026378 0.3333333333333333 1
1582887342 1.460124834 2.0 3
1582887917 1.282134034 1.5 2
1582888203 1.502134484 0.0 0
1582898654 1.570571589 0.0 0
1582899238 1.454090349 0.0 0
1582899805 1.802148102 0.0 0
1582900365 1.546383245 0.0 0
1582900929 1.716914615 0.0 0
1582902672 1.541643693 0.0 0
1574710677 7.603370669 0.0 0
