1569854375 6.954615943 0.14285714285714285 1
1569855787 7.175603433 0.0 0
1571330078 6.995333551 0.2857142857142857 1
1571766434 7.053373694 1.1428571428571428 2
1571767216 6.944926574 1.1428571428571428 3
1572537352 7.011411322 0.14285714285714285 1
1572538009 6.761790166 0.14285714285714285 1
1572538669 6.939495879 0.0 0
1572539321 6.903051044 0.14285714285714285 1
1572539968 7.055506086 0.14285714285714285 1
1572540874 7.110134133 1.0 2
1572541528 6.833742654 0.2857142857142857 1
1572542176 6.960202114 0.14285714285714285 1
1572542823 6.938952026 0.8571428571428571 3
1572543489 6.980442135 0.14285714285714285 1
1572871242 7.005640161 0.5714285714285714 1
1572871893 6.784688199 1.3333333333333333 2
1572872570 6.822913579 0.14285714285714285 1
1572873223 6.767119275 1.2857142857142858 3
1572873876 6.812628273 0.16666666666666666 1
1572874937 7.065094834 0.5714285714285714 1
1572875799 6.786763005 0.14285714285714285 1
1572877024 6.830511112 0.0 0
1572877674 6.731636504 1.0 2
1572878902 6.82304968 0.0 0
1572967308 6.832981271 1.7142857142857142 2
1572967966 6.904687367 0.14285714285714285 1
1572969268 7.636004116 0.2857142857142857 1
1572969929 6.988121443 1.2857142857142858 2
1572970579 7.072709639 1.4285714285714286 3
1572971229 6.724045378 0.5714285714285714 2
1572971891 6.717211016 1.2857142857142858 2
1572972552 6.68020982 0.14285714285714285 1
1572973265 7.163757801 0.42857142857142855 1
1572973917 7.1565485 0.375 2
1572974569 7.063670066 1.7142857142857142 3
1573208851 6.707179599 0.14285714285714285 1
1573209506 6.947129547 1.2857142857142858 2
1573210181 6.59691783 0.8571428571428571 1
1573210851 6.770384562 1.0 2
1573211507 6.74813112 1.0 2
1573212156 6.808324703 0.5714285714285714 1
1573212808 6.676311159 1.0 2
1573213459 6.809655642 1.0 1
1573214130 6.704018729 1.0 2
1573214784 6.886780698 0.8571428571428571 2
1573310311 6.800814602 0.8571428571428571 1
1573310935 6.747808923 0.16666666666666666 1
1573311549 7.031518227 0.14285714285714285 1
1573312253 6.854674555 0.0 0
1573312863 6.707468887 0.0 0
1573313490 7.523646684 0.2857142857142857 1
1573314122 6.829601663 0.2857142857142857 1
1573314738 6.699820652 0.16666666666666666 1
1574696352 1.647999594 0.5 1
1574696929 1.286381202 0.5 1
1574697522 1.516992064 0.5 1
1574698099 1.32535688 0.0 0
1574709462 6.785232806 0.42857142857142855 1
1574710749 6.775023926 0.0 0
1574956679 1.453494049 1.0 1
1574957371 1.459689508 0.0 0
1574957947 1.583156999 0.0 0
1574959129 1.320278915 0.0 0
1574959731 1.691132175 0.5 1
1574960308 4.516776037 0.0 0
1574960920 1.68182975 0.0 0
1574961559 1.500183495 0.0 0
1575033030 1.523350504 0.5 1
1575033599 1.375947971 1.0 1
1575034190 1.139485199 1.0 1
1575034757 1.465393364 0.0 0
1575035327 1.57678619 0.5 1
1575036350 1.487742398 1.0 1
1575036928 1.420560605 0.0 0
1575037486 1.606584208 0.5 1
1575038489 1.415092956 0.0 0
1575039057 1.118580138 1.0 1
1575120322 1.064374308 0.0 0
1575120885 1.279077112 2.0 2
1575121446 1.320706532 1.0 1
1575122508 1.667348167 1.0 2
1575123065 1.83417678 0.0 0
1575123625 1.623415098 1.0 1
1575124180 1.319930519 0.0 0
1575124749 1.024369734 0.0 0
1575125305 1.465714968 1.0 1
1575125873 1.58194738 0.0 0
1575297618 1.578548438 2.0 2
1575298198 1.872941307 0.0 0
1575298765 1.708916666 2.0 2
1575299346 1.318885341 0.0 0
1575299918 1.153675698 0.0 0
1575300539 1.127243891 0.0 0
1575301109 1.763479515 0.5 1
1575301919 1.574880519 1.0 1
1575390105 1.370800983 0.0 0
1575390673 1.491005878 0.5 1
1575391241 1.464206448 0.0 0
1575391807 1.936580242 0.5 1
1575392616 1.323196946 0.0 0
1575393252 1.50352411 0.0 0
1575393813 1.603242925 1.0 1
1575394378 1.310497948 1.0 1
1575394941 1.463131632 0.5 1
1575395504 1.532576777 0.0 0
1575473470 1.86924557 0.0 0
1575562324 1.686458785 0.0 0
1575563034 1.799307039 1.0 1
1575563685 1.741552712 0.0 0
1575564282 1.910436826 0.0 0
1575564866 1.370845302 0.0 0
1575565431 1.465938318 0.0 0
1575566000 1.066201333 0.0 0
1575566586 1.35541507 0.0 0
1575568511 1.462612442 0.5 1
1579190957 1.232577636 0.0 0
1579191571 1.499651116 0.0 0
1579192136 1.840741813 0.0 0
1579192717 1.87536325 0.5 1
1579193281 1.898488992 0.0 0
1579193872 1.451453942 0.0 0
1579194438 1.321026084 0.0 0
1579195006 1.683645249 0.0 0
1579195596 1.660401374 1.0 2
1579196160 1.70769212 1.0 2
1579359366 1.607845565 1.5 2
1579359939 1.240894942 0.0 0
1579360503 1.484895778 0.0 0
1579361060 1.485896569 0.5 1
1579361616 1.786797684 0.0 0
1579362170 1.695171466 0.0 0
1579362726 1.578932004 2.0 2
1579363290 1.573493109 1.0 2
1579363858 1.63408601 1.5 3
1579364417 1.583227706 0.5 1
1579530334 1.625676236 0.0 0
1579530982 1.583834192 0.0 0
1579532022 1.571038161 0.0 0
1579532724 1.742418812 0.0 0
1579533389 1.764331679 0.0 0
1579533993 1.715070314 0.0 0
1579534653 1.853731885 0.0 0
1579535290 1.653266423 0.5 1
1579535885 1.317995001 0.0 0
1579536943 1.582756375 0.0 0
1580223666 1.583656245 0.5 1
1580224228 1.446481303 1.0 1
1580224783 1.409371193 0.0 0
1580225346 1.421855293 0.5 1
1580225908 1.065935953 0.0 0
1580226490 1.329244364 0.0 0
1580227058 1.503713324 0.0 0
1580227655 1.709549764 0.0 0
1580228238 1.659296899 1.0 2
1580228797 1.51294403 1.5 2
1580312227 1.847897999 0.0 0
1580312807 1.744195131 0.0 0
1580313363 1.574440919 0.0 0
1580314327 1.840618168 0.0 0
1580314884 1.592235325 0.0 0
1580315440 1.560180781 0.0 0
1580316004 1.280166253 0.0 0
1580316705 1.799554528 0.0 0
1580317293 1.147633004 0.0 0
1581942362 1.736552792 0.5 1
1581942950 1.662607187 0.0 0
1581943567 1.705712806 0.5 1
1581944855 1.571742739 0.0 0
1581945832 1.578028667 0.0 0
1581946406 1.879335254 0.5 1
1581946974 1.444239022 0.0 0
1581947895 1.779077047 0.5 1
1581948984 1.706116203 0.0 0
1582033901 1.406002008 0.0 0
1582035562 1.737032304 1.0 2
1582036168 1.666030652 0.5 1
1582036771 1.57269186 0.0 0
1582037378 1.5717413 0.5 1
1582037976 1.793774528 1.0 1
1582038574 1.365662727 0.0 0
1582041465 1.578641972 1.0 2
1582042076 1.48767182 0.0 0
1582043663 1.589113789 0.0 0
1582044276 1.872205345 0.5 1
1582637890 1.788410916 1.0 2
1582638449 1.452697722 1.0 1
1582639524 1.623651134 2.0 2
1582640701 1.591560477 0.5 1
1582641261 1.716292422 0.5 1
1582641831 1.628690246 1.0 2
1582642399 1.614830652 1.0 2
1582642973 1.582328462 1.0 1
1582643577 1.623422806 0.0 0
1582644132 1.713386851 0.5 1
1582898731 1.583879219 1.0 1
1582899303 1.393929883 0.0 0
1582899871 1.187601175 0.0 0
1582900434 1.862523582 0.0 0
1582902092 1.573158788 0.0 0
1582902738 1.680524521 0.0 0
1582903335 2.265632051 0.5 1
1574710749 6.775023926 0.0 0
