1569854732 3.661268092
1569856341 3.736092048
1571330393 3.716472523
1571766750 3.629544765
1571767533 3.608276761
1572537616 2.992677882
1572538269 2.892483419
1572538929 2.803486408
1572539582 2.987456688
1572540230 2.983442228
1572541134 2.847117273
1572541788 3.144702623
1572542437 2.897989983
1572543084 2.944396768
1572543754 2.951283364
1572871503 2.816472921
1572872154 2.973595954
1572872833 3.229187498
1572873483 2.885837754
1572874141 2.842663253
1572875206 3.028147473
1572876060 2.960013928
1572877286 2.941716832
1572877941 2.899144063
1572879181 2.903412876
1572967571 2.820155166
1572968229 2.906384663
1572969528 3.037176451
1572970190 2.94799471
1572970840 2.855499506
1572971502 2.865231338
1572972163 2.996252398
1572972812 2.7713549
1572973529 3.074677819
1572974178 2.909690462
1572974835 3.070919243
1573209112 2.76451411
1573209783 2.8077511
1573210443 2.900634416
1573211111 2.581923388
1573211771 2.988494824
1573212418 3.048308572
1573213071 2.801414463
1573213720 3.099201762
1573214394 2.934561403
1573215051 2.983773653
1573310560 2.564536771
1573311179 3.136217621
1573311791 2.583816738
1573312497 2.604301788
1573313113 2.935022568
1573313739 2.951537313
1573314367 2.767917454
1573314980 2.680953273
1574696588 3.065843666
1574710990 2.979073891
1574956340 2.716905213
1574959367 2.760748751
1574959967 2.943939773
1574960544 2.847171009
1574961155 2.677387233
1574961791 2.855133479
1575033268 2.565378611
1575034425 2.567047392
1575035562 2.712833019
1575036600 2.514905107
1575037721 2.476673439
1575038724 2.47115433
1575039294 2.814612953
1575120555 2.57424287
1575121120 2.727011358
1575122115 2.773105823
1575122741 2.529655939
1575123299 2.412931815
1575123857 2.685196413
1575124413 2.645957656
1575124980 3.056671182
1575297861 2.974169088
1575299584 2.668422918
1575391475 2.775592085
1575394612 2.867281841
1575563271 2.560361441
1575563920 2.852760997
1575564517 2.858260395
1575566838 2.513181463
1575568165 2.936695172
1575568749 2.787498868
1579191195 2.847832472
1579191807 2.902020689
1579192374 2.848626651
1579192959 3.035065744
1579193544 2.736600488
1579194109 2.729376563
1579195241 2.675628046
1579195832 2.727992662
1579359600 2.848409884
1579360737 2.903249625
1579361293 2.780294822
1579361849 2.823535243
1579362403 2.739897514
1574710990 2.979073891
