1569854668 1.602276625
1569855949 0.035272305
1569856258 1.411809955
1569856259 0.014543669
1569856259 0.011829626
1569856259 0.052841152
1569856259 0.001160435
1569856259 0.043346906
1569856259 0.046312706
1569856259 0.042581129
1571330215 0.0
1571330215 0.0
1571330215 0.0
1571330215 0.0
1571330215 0.044362818
1571330215 0.0
1571330215 0.0
1571330215 0.0
1571330330 1.910854524
1571766571 0.0
1571766571 0.0
1571766571 0.0
1571766571 0.0
1571766571 0.0
1571766571 0.0
1571766571 0.0
1571766687 1.524389566
1571766689 0.123165855
1571766689 0.0
1571767353 0.0
1571767353 0.0
1571767353 0.0
1571767353 0.0
1571767470 1.481583265
1571767472 0.0
1571767472 0.0
1571767472 0.0
1571767472 0.0
1572537465 0.0
1572537466 0.0
1572537466 0.0
1572537563 1.271290902
1572537565 0.0
1572538122 0.0
1572538122 0.0
1572538122 0.0
1572538122 0.0
1572538122 0.0
1572538217 1.153845978
1572538782 0.0
1572538782 0.0
1572538877 1.304137359
1572539530 1.528267415
1572540177 1.218474393
1572540178 0.05699729
1572540987 0.0
1572540987 0.0
1572541082 1.330816197
1572541641 0.037647132
1572541736 1.291445099
1572541737 0.0
1572541737 0.0
1572542289 0.0
1572542289 0.0
1572542289 0.0
1572542289 0.0
1572542290 0.038698611
1572542290 0.0
1572542384 1.282692096
1572542937 0.0
1572542937 0.0
1572542937 0.0
1572543032 1.280225905
1572543602 0.0
1572543602 0.0
1572543696 1.365483028
1572543698 0.0
1572543698 0.0
1572543698 0.0
1574710943 1.418063994
