1569850049 51.946472869
1569850252 -357.586441962
1569850254 -359.087922736
1569850049 51.946472869
1569850811 48.286389113
1569851066 50.478021815
1569851271 58.729893081
1569851622 46.458222987
1569851834 47.718186724
1569852063 45.512336942
1569852287 52.260375729
1569852525 45.99243731
1569853143 72.889580135
1569853453 57.022735988
1570543172 51.704135065
1570543534 45.088079201
1570543744 51.903781796
1570544661 49.372814119
1570544920 50.404680352
1570545120 47.871286001
1571323045 46.664140527
1571325163 46.496268192
1571325359 48.763840618
1571325564 48.787368037
1571325764 48.249691822
1571325961 47.515063191
1571326187 340.325977072
1571326853 59.968899498
1571327068 53.979097222
1571327277 51.559760153
1571395954 46.044624242
1571396152 46.065269642
1571396348 48.490860954
1571396547 46.197772222
1571396746 45.755279102
1571396973 49.026507879
1571397177 48.436019056
1571397378 45.842507845
1571397575 48.042426872
1571397772 47.009907427
1571405021 46.558387674
1571405219 46.468204206
1571405416 49.601505683
1571405650 46.701854287
1571405849 46.869880091
1571409067 52.862220777
1571409269 51.61329045
1571409470 47.94227114
1571409687 45.864725262
1571409885 46.616390077
1571396152 46.065269642
1571397378 45.842507845
1571397575 243.834748681
1571409067 52.862220777
1571409687 45.864725262
1571665000 50.566824281
1571665197 62.352348281
1571665409 45.698661458
1571665602 46.519922236
1571665798 46.311854857
1571668216 51.055175702
1571668414 46.243755649
1571668618 46.198039431
1571668813 45.614513954
1571669014 45.423203556
1571668216 51.055175702
1571668414 46.243755649
1571752086 46.755907169
1571752283 47.461799743
1571752482 53.665839096
1571752686 45.794161955
1571752882 46.693866122
1571753076 48.10263867
1571753274 46.998587143
1571753471 47.997464893
1571753669 46.537385602
1571753866 45.411934153
1571760224 45.717113876
1571760421 47.479612915
1571760623 44.493421053
1571760819 49.972826937
1571761021 46.433008223
1571761229 51.019151482
1571761428 45.806493012
1571761623 44.705016661
1571761819 47.495484821
1571762027 46.15328828
1571752086 46.755907169
1571752283 47.461799743
1571752482 53.665839096
1571752686 242.747255437
1571753076 48.10263867
1571753274 46.998587143
1571753669 46.537385602
1571760421 47.479612915
1571760623 44.493421053
1571760819 49.972826937
1571761428 45.806493012
1571762027 46.15328828
