1569849895 61.005917635 0.3064516129032258 2
1569850097 62.699653674 0.5396825396825397 3
1569849895 60.708311067 0.3064516129032258 2
1569850097 62.699653674 0.5396825396825397 3
1569850857 116.39724665 0.5948275862068966 4
1569851114 65.006991239 0.47692307692307695 2
1569851450 77.911546074 0.4177215189873418 3
1569851667 68.405837131 0.4852941176470588 2
1569851879 86.14117106 1.0930232558139534 4
1569852107 87.867186805 0.6136363636363636 2
1569852336 95.669435709 1.1875 3
1569852570 79.196460371 0.7088607594936709 2
1569852961 79.37394805 0.3670886075949367 3
1569853214 137.535884138 1.0875912408759123 2
1569853507 84.230790218 0.6352941176470588 3
1569853981 251.902935605 0.06324110671936758 2
1569855125 80.615547206 0.2345679012345679 2
1569855564 74.503540396 0.5657894736842105 2
1574710596 46.847733796 0.0 0
1574707016 47.762312019 0.0 0
1574708658 69.237324102 0.0 0
