1569850046 51.20904008 0.7058823529411765 5
1569850250 -355.209681101 -1 -1
1569850254 -359.164094426 -1 -1
1569850046 51.20904008 0.7058823529411765 5
1569850807 49.377972268 1.02 5
1569851064 50.56850351 0.7 5
1569851269 57.946624288 0.3448275862068966 3
1569851619 48.198029459 0.0625 2
1569851832 47.617953028 0.0851063829787234 2
1569852061 46.143532268 0.021739130434782608 1
1569852285 51.263653669 0.1568627450980392 3
1569852522 47.57993178 0.4583333333333333 4
1569853141 72.861301081 0.0 0
1569853450 57.551028356 0.05263157894736842 1
1570543169 50.464442941 0.0392156862745098 1
1570543532 45.875842365 0.044444444444444446 2
1570543741 51.543136689 0.07692307692307693 2
1570544659 46.53804734 0.0 0
1570544918 48.998292282 0.40816326530612246 3
1570545118 47.703364095 0.5833333333333334 3
1570545335 57.35073204 0.05172413793103448 2
1571323042 46.580547622 1.0425531914893618 7
1571325160 45.693051998 1.6521739130434783 7
1571325356 48.632134652 2.183673469387755 8
1571325562 46.007375804 1.8695652173913044 10
1571325762 47.516186984 1.702127659574468 9
1571325958 47.934087869 2.1875 9
1571326302 223.732792581 0.5066666666666667 9
1571326850 58.966780947 1.7966101694915255 10
1571327066 51.719910982 1.9615384615384615 8
1571327275 50.709012258 1.6470588235294117 7
1571395952 45.948003184 0.4782608695652174 8
1571396149 45.989744273 0.32608695652173914 4
1571396345 48.841814335 0.20408163265306123 3
1571396545 46.864497584 0.43478260869565216 6
1571396744 46.385639635 0.21739130434782608 3
1571396970 50.489135 0.04 2
1571397174 48.521370418 0.0 0
1571397376 46.282507779 0.021739130434782608 1
1571397572 45.817944322 0.0 0
1571397770 46.541885214 0.30434782608695654 4
1571405018 46.096667391 0.06521739130434782 2
1571405216 47.374600042 0.1875 4
1571405414 49.490961077 0.22448979591836735 3
1571405643 50.55207594 0.2549019607843137 4
1571405846 46.273819616 0.2608695652173913 4
1571409064 50.035985986 1.2 5
1571409266 49.754738479 2.28 9
1571409468 46.951702948 1.9361702127659575 9
1571409685 46.171187571 1.7826086956521738 8
1571409883 45.695381798 1.5869565217391304 7
1571664492 45.942392723 -1 -1
1571664997 50.195906176 0.0784313725490196 2
1571665195 63.404935593 0.0 0
1571665406 45.861019297 0.043478260869565216 1
1571665600 46.469962541 0.1276595744680851 3
1571665796 45.946567671 0.391304347826087 5
1571668213 51.338273551 1.9019607843137254 6
1571668412 46.417326304 1.608695652173913 7
1571668616 46.419738618 1.6304347826086956 8
1571668810 46.483560251 2.0 9
1571669011 45.68243468 1.8043478260869565 10
1571752084 46.486239313 0.17391304347826086 4
1571752280 48.790592941 0.25 4
1571752479 53.761195842 0.0 0
1571752684 45.608523304 0.1111111111111111 3
1571752879 47.091838791 0.10638297872340426 2
1571753074 47.888715924 0.020833333333333332 1
1571753272 47.054681302 0.2127659574468085 4
1571753469 47.847921745 0.3958333333333333 5
1571753666 46.493997853 0.06521739130434782 3
1571753863 45.689225106 0.5652173913043478 6
1571760221 46.363462725 0.021739130434782608 1
1571760419 47.516835608 0.0 0
1571760620 45.705638336 0.06521739130434782 1
1571760816 49.742384609 0.06 2
1571761018 46.93548852 0.23404255319148937 3
1571761227 51.297832898 0.17647058823529413 4
1571761426 45.363727031 0.6222222222222222 6
1571761621 45.504115108 0.06666666666666667 2
1571761817 48.126943862 0.1875 3
1571762024 46.016102766 0.17391304347826086 2
1572003327 45.511998464 0.5111111111111111 4
1572003523 48.016739154 0.22916666666666666 2
1572003719 48.764394765 0.3469387755102041 5
1572003917 46.979012834 0.5434782608695652 6
1572004113 45.672909193 0.3695652173913043 4
1572004309 45.72910553 0.32608695652173914 3
1572004503 48.660418481 0.02040816326530612 1
1572004702 52.091685737 0.0 0
1572004904 48.74041997 0.04081632653061224 1
1572005103 45.874401008 0.06521739130434782 1
1572011304 48.100797133 1.0204081632653061 4
1572011501 46.43246325 2.0638297872340425 8
1572011697 49.891537602 1.14 5
1572011895 45.839352533 1.7173913043478262 7
1572012091 47.121770638 1.8297872340425532 7
1572012288 46.277356661 1.565217391304348 8
1572012483 46.642471719 1.2826086956521738 6
1572012677 45.098019045 1.3111111111111111 6
1572012872 45.574755463 1.4222222222222223 7
1572013066 45.980636349 1.565217391304348 6
1572265126 46.243859699 0.8085106382978723 6
1572265322 49.678889814 0.54 6
1572265521 47.244558857 0.3125 4
1572265719 48.817844387 0.1836734693877551 3
1572265925 46.136624933 0.2391304347826087 5
1572266126 45.708510872 0.2826086956521739 3
1572266324 47.904881458 0.375 5
1572266525 45.901737964 0.5111111111111111 6
1572266723 47.031853223 0.2553191489361702 3
1572266926 50.966293746 0.21568627450980393 4
1572274181 42.405583166 1.880952380952381 9
1572274354 44.709393462 1.4318181818181819 7
1572274522 41.368385245 1.8095238095238095 8
1572274695 41.935067135 1.6097560975609757 6
1572274863 43.202588783 1.5681818181818181 6
1572275032 43.177869222 2.13953488372093 8
1572275204 46.860408125 1.553191489361702 7
1572275381 40.991401223 1.5121951219512195 7
1572275549 47.596805015 1.6458333333333333 8
1572275723 40.449835518 1.85 9
1572361341 45.640418152 0.10869565217391304 5
1572361537 45.986932067 0.06521739130434782 2
1572361731 47.723196645 0.0 0
1572361926 49.591885695 0.0 0
1572362125 45.827131953 0.0 0
1572362319 47.78054645 0.3191489361702128 4
1572362515 46.791741728 0.46808510638297873 5
1572362714 47.572759854 0.6458333333333334 7
1572362910 46.072326287 0.5869565217391305 6
1572363106 49.038257864 0.3469387755102041 5
1572366972 43.387387462 0.023255813953488372 1
1572367140 43.613776416 0.37209302325581395 4
1572367312 40.747677104 0.3 4
1572367478 42.67072245 0.023809523809523808 1
1572367661 44.665060374 0.0 0
1572367838 43.62632597 0.0 0
1572368007 42.866372655 0.0 0
1572368175 43.995071196 0.0 0
1572368342 39.523716998 0.075 2
1572368507 48.217351262 0.0625 2
1572532456 51.047485436 0.6862745098039216 7
1572532657 56.91948566 0.42105263157894735 5
1572532862 122.873179281 0.21951219512195122 4
1572544559 42.408309166 2.1627906976744184 8
1572544728 42.519680642 2.1666666666666665 8
1572544899 44.647350056 2.311111111111111 9
1572545072 48.046878814 1.8541666666666667 8
1572545245 44.511357876 2.159090909090909 11
1572870074 40.290004722 0.8 7
1572870291 42.596822865 0.46511627906976744 7
1572870474 44.099451681 0.28888888888888886 5
1572870695 41.987333526 0.6341463414634146 6
1572870863 42.398208554 0.37209302325581395 5
1572965453 42.271987135 0.40476190476190477 4
1572965621 41.896593295 0.42857142857142855 6
1572965788 43.907085696 0.6363636363636364 7
1572965957 39.043385902 0.717948717948718 5
1572966129 39.303962966 0.6153846153846154 7
1572966295 44.747535646 0.22727272727272727 5
1572966466 39.928198558 0.05 2
1572966650 48.167268185 0.125 3
1572966829 39.31522824 0.1 2
1572966993 39.347781945 0.2 2
1573207101 42.101392817 0.14285714285714285 2
1573207269 42.30548545 0.30952380952380953 4
1573207438 39.740137941 0.0 0
1573207603 41.610517413 0.023809523809523808 1
1573207773 43.098659874 0.06976744186046512 2
1573207940 42.497443637 0.09302325581395349 1
1573208107 39.794723722 0.075 3
1573208273 40.96489835 0.0 0
1573208441 39.586942826 0.175 2
1573208606 43.724916739 0.06818181818181818 2
1573220342 40.02890975 0.3 3
1573220509 41.593111523 0.047619047619047616 2
1573220677 43.016925441 0.18604651162790697 4
1573220846 41.831376007 0.0 0
1573221014 39.953088943 0.15 2
1573221180 39.692392508 0.05 2
1573221344 42.392536597 0.023255813953488372 1
1573221515 41.488185447 0.024390243902439025 1
1573221681 42.278523306 0.13953488372093023 2
1573221851 39.738192159 0.358974358974359 6
1573222039 46.352619732 0.1956521739130435 4
1573222210 41.891329875 0.19047619047619047 3
1573222377 39.671425216 0.3076923076923077 3
1573222543 40.485933729 0.075 3
1573222712 39.464657906 0.05 1
1573301191 43.586818281 0.06976744186046512 2
1573301359 45.121249373 0.4 5
1573301541 43.93543601 0.29545454545454547 5
1573301709 60.215374639 0.08333333333333333 2
1573301895 45.326865714 0.34782608695652173 4
1573302075 39.792358201 0.275 4
1573302243 49.042059413 0.40816326530612246 3
1573302417 43.395647998 0.4883720930232558 4
1573302586 39.46408611 0.6153846153846154 4
1573302769 44.078554799 0.4318181818181818 4
1573303903 40.273316601 0.225 3
1573304067 39.444102328 0.10256410256410256 2
1573304228 38.697374367 0.1282051282051282 3
1573304394 38.801096407 0.20512820512820512 3
1573304553 43.287077947 0.23255813953488372 3
1573304719 40.416831488 0.5365853658536586 5
1573304878 40.00059282 0.625 5
1573305039 39.964081931 1.3333333333333333 7
1573305200 41.403561605 1.6585365853658536 6
1573305360 41.091839978 1.2857142857142858 7
1573752532 83.145134106 0.20481927710843373 4
1573752790 42.100214431 0.11904761904761904 3
1573752949 40.521330606 0.075 1
1573753108 38.979173634 0.6410256410256411 6
1573753265 36.64531924 0.6216216216216216 4
1573753420 40.180669372 0.875 6
1573753579 36.496323143 1.2777777777777777 6
1573753732 44.964517441 2.311111111111111 11
1573753893 38.691788223 2.5128205128205128 8
1573754713 41.039810188 1.5365853658536586 7
1573754873 40.135699191 2.025 6
1573755035 46.714926049 2.0434782608695654 10
1573755201 43.3934019 0.9767441860465116 5
1573755364 39.091700988 0.6666666666666666 8
1573755521 36.316781863 0.3888888888888889 2
1573755675 42.529696762 0.32558139534883723 4
1573755834 41.392516898 0.0 0
1573755992 39.296250059 0.1282051282051282 1
1573756151 42.719173337 0.32558139534883723 6
1573831457 40.392839786 1.35 5
1573831615 41.204192376 1.4146341463414633 8
1573831774 55.479434594 2.4363636363636365 9
1573831945 36.588991524 1.2432432432432432 9
1573832097 40.679639859 1.0975609756097562 5
1573832260 37.279197474 1.9189189189189189 9
1573832417 46.96761191 0.9148936170212766 7
1573832580 36.653601968 1.1666666666666667 7
1573832736 36.895470267 1.3333333333333333 6
1573832891 36.046767151 1.5555555555555556 8
1573833087 39.585090819 1.8205128205128205 8
1573833242 46.155598053 0.6956521739130435 4
1573833406 37.957911486 1.736842105263158 8
1573833564 40.32362881 1.125 6
1573833721 44.877291087 2.2666666666666666 8
1573901096 40.300140685 0.075 3
1573901253 37.991577701 0.05263157894736842 1
1573901409 37.010071828 0.5675675675675675 4
1573901565 44.907159539 0.4222222222222222 5
1573901726 37.645735863 0.39473684210526316 3
1573901880 37.230714923 0.5 3
1573902036 38.619897659 0.3157894736842105 3
1573902193 38.079076153 0.3157894736842105 3
1573902351 36.743576547 0.5555555555555556 3
1573902507 39.09641255 0.48717948717948717 4
1574685825 57.081844996 1.368421052631579 8
1574686018 50.080123478 1.26 7
1574686186 38.02349979 0.2631578947368421 2
1574686349 39.953864695 1.3 7
1574686506 38.791884423 1.9487179487179487 8
1574686672 37.409049625 0.13513513513513514 2
1574686836 38.875846979 1.3076923076923077 5
1574687022 43.095365236 1.1136363636363635 5
1574687197 40.486907305 0.275 4
1574687361 40.876469064 1.7560975609756098 7
1574689690 69.355825835 1.3571428571428572 6
1574689906 39.176636197 1.6 9
1574690075 42.939566907 0.27906976744186046 3
1574690245 39.167256206 1.2564102564102564 5
1574690415 39.490435231 1.4 6
1574690575 49.185106482 0.04081632653061224 1
1574690746 38.525441968 1.358974358974359 7
1574690905 49.195045302 1.4489795918367347 8
1574691090 43.991945738 0.46511627906976744 5
1574691269 39.364998208 1.6923076923076923 8
1574706890 94.608769146 1.5578947368421052 8
1574707133 37.453948811 0.0 0
1574954235 45.020171425 1.4222222222222223 7
1574954400 47.05024735 0.9148936170212766 8
1574954577 42.305710064 0.0 0
1574954741 63.815545745 1.4444444444444444 8
1574954926 37.363740719 0.7567567567567568 5
1574955082 39.987173861 0.0 0
1574955340 39.054792887 1.9230769230769231 8
1574955499 40.140439513 1.05 4
1574955658 43.198545254 0.11627906976744186 2
1574955819 43.688843111 2.1363636363636362 7
1575026568 42.15615662 1.5952380952380953 6
1575026728 43.390260117 1.069767441860465 6
1575026889 42.510999426 0.11627906976744186 3
1575027050 45.063378259 0.8444444444444444 5
1575027213 43.612063845 1.3863636363636365 6
1575027375 46.583840966 0.08695652173913043 4
1575027541 44.324268807 0.8181818181818182 3
1575027698 44.675779411 1.5333333333333334 8
1575027862 46.396644949 0.021739130434782608 1
1575028026 38.271342394 2.1025641025641026 8
1575112883 40.624477712 1.3 5
1575113047 41.371742586 1.6666666666666667 7
1575113205 41.921589503 0.07142857142857142 2
1575113368 38.189754252 1.5526315789473684 5
1575113526 41.27654168 2.073170731707317 9
1575113685 38.976081726 0.1794871794871795 2
1575113842 38.662071417 2.1578947368421053 7
1575114000 38.757766499 2.5 8
1575114163 43.304118522 1.4651162790697674 10
1575114324 38.279047031 1.736842105263158 8
1575289813 41.919649318 1.1666666666666667 8
1575289979 46.551260148 1.0851063829787233 5
1575290147 60.639510781 0.21311475409836064 4
1575290334 43.539416296 1.5227272727272727 8
1575290503 42.336960171 2.116279069767442 9
1575290680 42.439904162 0.047619047619047616 1
1575290846 39.080443571 1.5384615384615385 8
1575291002 41.746117775 1.3414634146341464 8
1575291164 41.295134839 0.7857142857142857 4
1575291326 43.307847326 1.1162790697674418 5
1575384214 42.750618484 1.6744186046511629 7
1575384373 43.099547806 1.255813953488372 4
1575384534 40.826807808 0.14634146341463414 2
1575384695 44.858816704 1.3111111111111111 6
1575384856 38.434501912 2.1538461538461537 9
1575385016 39.296599268 0.0 0
1575385176 41.736297357 1.5609756097560976 6
1575385335 42.027870027 1.5714285714285714 7
1575385499 41.34495131 1.4146341463414633 9
1575385658 38.63625006 1.9230769230769231 7
1575556595 41.702845099 1.4285714285714286 6
1575556756 45.284688667 1.8 8
1575556928 43.634099275 0.11363636363636363 2
1575557114 41.298159925 1.0975609756097562 5
1575557283 43.54139289 0.06818181818181818 2
1575557467 41.147731856 1.853658536585366 7
1575557643 44.659313913 1.0444444444444445 5
1575557815 42.224274586 0.23809523809523808 4
1575558275 42.727981258 1.5813953488372092 7
1575558461 40.430138827 2.175 8
1579184094 41.648399729 1.8333333333333333 7
1579184808 42.14831432 1.6744186046511629 9
1579184970 43.689926594 2.0232558139534884 11
1579185134 41.720062903 0.047619047619047616 2
1579185307 44.463865685 1.6590909090909092 8
1579185486 43.559741762 0.6511627906976745 4
1579185667 39.552763163 1.025 8
1579185846 43.53617055 1.3636363636363635 7
1579186035 41.229125218 0.30952380952380953 4
1579186206 41.735254821 1.5714285714285714 7
1579351830 41.529925318 1.5121951219512195 9
1579351990 42.340805065 2.142857142857143 8
1579352150 42.189167445 0.16279069767441862 2
1579352312 42.993091081 2.116279069767442 8
1579352475 45.176542654 2.888888888888889 8
1579352639 39.729972245 1.6153846153846154 6
1579352796 42.868732142 1.744186046511628 7
1579352958 44.317918796 0.06818181818181818 2
1579353120 45.01193539 1.6888888888888889 8
1579353993 54.621868071 1.3272727272727274 7
1579522912 41.272605413 1.5365853658536586 7
1579523115 41.548001866 1.853658536585366 10
1579523306 43.734497608 0.13636363636363635 2
1579523470 42.564407789 1.5813953488372092 9
1579523645 44.551855899 0.7954545454545454 5
1579523825 42.551257898 1.6511627906976745 9
1579524008 45.836681508 1.2391304347826086 8
1579524195 42.978672934 0.09302325581395349 1
1579524363 43.992908206 1.6136363636363635 6
1579524531 42.392708103 1.619047619047619 7
1579537516 69.970731807 1.7571428571428571 7
1580215390 47.786225892 1.0625 6
1580215560 43.919232022 0.09090909090909091 3
1580215723 41.688452305 1.3333333333333333 7
1580215882 42.080624765 1.1395348837209303 5
1580216043 39.708556749 0.025 1
1580216206 41.472750737 1.3658536585365855 7
1580216365 42.346718185 2.642857142857143 9
1580216529 39.035591644 0.1282051282051282 2
1580216688 44.746217339 2.272727272727273 11
1580216869 44.074966652 0.13636363636363635 3
1580304778 39.779135221 1.3076923076923077 8
1580304935 42.735535484 0.21428571428571427 4
1580305097 42.334941268 0.6666666666666666 5
1580305257 43.105682043 1.75 9
1580305441 40.389376297 0.05 2
1580305604 41.614264319 1.1951219512195121 7
1580305765 40.111786678 1.7 10
1580305922 39.218153813 0.0 0
1580306077 41.549267275 1.0 6
1580306238 42.459320071 0.09302325581395349 2
1581935278 38.821423636 2.128205128205128 8
1581935436 40.668876511 0.36585365853658536 4
1581935598 44.575399644 0.5 4
1581935763 43.170064572 0.3953488372093023 5
1581935931 38.534645834 3.736842105263158 10
1581936102 40.812738642 0.6829268292682927 4
1581936273 39.404361089 1.7179487179487178 9
1581936436 39.33414516 0.41025641025641024 6
1581936594 40.858855422 3.707317073170732 12
1581936770 38.179294727 1.0 4
1582026953 43.256117597 1.8837209302325582 8
1582027114 39.399754103 1.425 5
1582027281 41.819227179 1.2619047619047619 8
1582027448 64.735041766 0.03076923076923077 2
1582027859 39.787788016 1.25 9
1582028025 46.096858109 1.0425531914893618 5
1582028192 45.603091704 1.0666666666666667 5
1582028361 43.386224282 0.023255813953488372 1
1582028530 43.993030727 0.36363636363636365 4
1582028699 40.05205212 1.125 6
1582113169 45.072692858 1.5555555555555556 10
1582113334 43.494677479 1.5909090909090908 7
1582113499 45.657605172 1.4565217391304348 8
1582113666 41.269927015 0.24390243902439024 4
1582113834 50.526890672 0.78 5
1582114009 40.00820012 1.375 8
1582114170 41.717536017 1.4047619047619047 8
1582114334 44.456571127 0.3181818181818182 3
1582114498 41.095094223 0.17073170731707318 3
1582114665 39.616374499 1.4102564102564104 5
1582114825 42.345389138 1.1428571428571428 6
1582114994 40.377776969 0.0975609756097561 3
1582115155 42.742175364 0.4418604651162791 4
1582115322 41.343902033 1.4047619047619047 5
1582115486 39.329759395 1.4871794871794872 7
1582115649 40.901874363 1.0731707317073171 9
1582115811 40.519828991 0.21951219512195122 3
1582115975 48.710792176 1.0 10
1582116156 84.416114563 0.9882352941176471 10
1582116369 43.699408067 1.2272727272727273 10
1582116547 41.405186182 0.40476190476190477 7
1582116712 39.931906807 1.0 7
1582119033 40.312992587 1.9 8
1582119193 47.651777066 0.8125 7
1582119366 44.413374109 0.20454545454545456 3
1582119541 47.99396519 0.6666666666666666 5
1582119717 40.353164796 1.6 8
1582119878 47.525145556 1.0425531914893618 8
1582120053 45.782174773 0.0 0
1582120227 42.64670428 0.09523809523809523 2
1582120947 40.638873256 0.375 7
1582121114 43.186203544 0.8372093023255814 5
1582121358 40.229599084 0.5365853658536586 4
1582121519 3570.814851947 0.02925243770314193 3
1582125263 39.681921637 0.5 5
1582125703 58.543509235 0.7288135593220338 10
1582125906 45.066044692 0.1111111111111111 3
1582126072 48.883652929 0.12244897959183673 2
1582126241 38.479817188 1.794871794871795 7
1582126402 42.680844064 1.3488372093023255 12
1582126570 41.490077044 0.6428571428571429 7
1582126734 43.383475351 0.046511627906976744 2
1582126897 41.780263329 1.9523809523809523 5
1582127058 40.428621963 2.375 10
1582127223 42.200479564 0.16666666666666666 3
1582127392 41.069765584 0.04878048780487805 1
1582127557 40.816026434 1.829268292682927 8
1582127721 41.554579543 1.9047619047619047 5
1582127885 39.201983319 0.0 0
1582128045 44.857651002 0.09302325581395349 2
1582128212 38.914450522 1.3157894736842106 6
1582128390 42.612175004 2.4047619047619047 8
1582128552 39.292834366 0.1 3
1582128715 42.347413086 0.16279069767441862 4
1582128880 43.814345667 0.5227272727272727 3
1582129047 45.814920732 2.0434782608695654 7
1582129216 38.23918071 0.5526315789473685 4
1582129374 39.621872928 0.6 7
1582129536 42.292667304 0.8333333333333334 5
1582129698 39.22848149 1.5897435897435896 8
1582185123 56.330257816 1.25 10
1582185303 80.856570554 1.8024691358024691 7
1582186036 42.847923395 1.7142857142857142 7
1582186195 36.836197398 2.5135135135135136 9
1582186931 40.422977504 2.5 10
1582187892 39.979975634 2.525 10
1582188052 39.499324019 0.675 4
1582188210 42.433906304 0.30952380952380953 6
1582188370 38.965954992 1.7435897435897436 8
1582193822 42.691119885 1.6744186046511629 9
1582193985 40.728552215 1.7073170731707317 9
1582194149 37.55685454 2.026315789473684 10
1582194305 43.828246511 1.25 6
1582194466 44.531043827 1.9555555555555555 9
1582194631 42.069240964 1.6666666666666667 7
1582194797 42.365852678 2.2142857142857144 10
1582194960 41.096131319 2.097560975609756 10
1582195121 41.560068758 2.4634146341463414 9
1582195285 38.294634975 1.236842105263158 5
1582195778 40.507353437 1.951219512195122 8
1582195937 39.690274135 1.641025641025641 10
1582196095 42.214130013 1.5952380952380953 8
1582196254 41.515399307 2.0476190476190474 10
1582196414 41.881576417 1.7619047619047619 7
1582196573 41.427209812 1.6341463414634145 7
1582196730 41.275573399 1.6666666666666667 8
1582196891 41.748645202 1.9285714285714286 7
1582197053 47.881041863 1.6041666666666667 8
1582197220 37.315889716 2.108108108108108 9
1582197376 42.82687273 2.0952380952380953 9
1582197542 51.591798627 2.2115384615384617 7
1582197713 38.551014842 1.894736842105263 8
1582197870 40.717671209 2.268292682926829 7
1582198029 39.616052325 1.925 9
1582198186 43.908751806 2.0232558139534884 7
1582198347 37.408961055 2.2432432432432434 11
1582198506 162.280790247 2.478527607361963 11
1582198785 232.131097697 1.293103448275862 10
1582199137 43.156647843 2.186046511627907 9
1582631442 42.446002419 2.619047619047619 9
1582631602 38.163645443 1.9487179487179487 7
1582631758 38.812039914 0.9743589743589743 8
1582631915 39.321574138 0.28205128205128205 5
1582632073 38.077614184 1.3421052631578947 5
1582632229 38.289881406 1.4871794871794872 6
1582632389 43.209310406 0.16279069767441862 3
1582632552 39.72086817 0.07692307692307693 3
1582632713 42.069789079 1.5714285714285714 8
1582632872 41.824272467 1.7857142857142858 8
1582884572 59.253511362 0.23728813559322035 4
1582884749 46.445793788 1.3404255319148937 6
1582884918 42.626679959 1.558139534883721 9
1582885082 43.684484266 0.0 0
1582885246 44.332039804 0.22727272727272727 4
1582885409 38.873730153 1.3846153846153846 7
1582885567 43.506851256 0.9545454545454546 7
1582885730 43.265691243 0.023255813953488372 1
1582885895 39.055910891 0.02564102564102564 1
1582886053 44.650830633 1.0454545454545454 5
1574707133 37.453948811 0.0 0
