1569852649 311.824729458 0.0 0
1570448055 177.868884987 1.0 2
1571330596 60.09977353 0.0 0
1571755966 84.620813006 0.32941176470588235 3
1571766957 61.619886374 0.12903225806451613 1
1572268116 210.463480976 1.25 5
1572537784 55.725635912 0.0 0
1572538441 51.214294926 0.0 0
1572539099 50.49546856 0.0 0
1572539751 50.31762168 0.057692307692307696 1
1572540400 57.440444114 0.0 0
1572541311 49.848266285 0.0 0
1572541957 52.258401212 0.0 0
1572542607 50.64803156 0.21153846153846154 2
1572543253 50.637730021 0.0 0
1572543926 49.92622757 0.0 0
1572871675 51.595714006 0.21153846153846154 2
1572872323 50.777315334 0.019230769230769232 1
1572873005 50.008075677 0.0196078431372549 1
1572873653 52.33856516 0.05555555555555555 1
1572874311 65.463660829 0.15151515151515152 2
1572875377 50.611560832 0.21153846153846154 2
1572876243 91.183212129 0.010869565217391304 1
1572877456 50.528667699 0.0 0
1572878112 69.438117686 0.14285714285714285 1
1572879355 50.290848078 0.21568627450980393 2
1572879899 138.528670346 0.007246376811594203 1
1572967742 53.281326598 0.037037037037037035 1
1572968728 371.076101158 0.026881720430107527 2
1572969698 53.677332486 0.0 0
1572970359 52.6565827 0.0 0
1572971010 53.355697726 0.018518518518518517 1
1572971673 50.27134067 0.0196078431372549 1
1572972334 50.930407755 0.019230769230769232 1
1572973046 50.030029118 0.0392156862745098 1
1572973699 51.781863135 0.1346153846153846 1
1572974351 49.518347983 0.0 0
1572975005 50.645825571 0.1346153846153846 2
1573209282 53.549063213 0.03636363636363636 2
1573209952 50.162627176 0.0196078431372549 1
1573210615 50.920214336 0.0 0
1573211284 50.518312068 0.21153846153846154 2
1573211941 50.373034062 0.0196078431372549 1
1573212589 50.518545407 0.019230769230769232 1
1573213242 50.411481195 0.07692307692307693 1
1573213907 51.69268579 0.0 0
1573214566 50.634850917 0.038461538461538464 1
1573215224 54.023511732 0.16363636363636364 2
1573218925 1292.400104088 2.748646558391338 4
1573310727 47.867298562 0.20408163265306123 1
1573311343 47.671971495 0.46938775510204084 2
1573311961 47.36690881 0.46938775510204084 2
1573312660 46.077813891 0.0 0
1573313279 48.37548819 0.48 3
1573313902 47.71289331 0.42857142857142855 2
1573314530 47.383906151 0.22916666666666666 2
1573315147 121.869707761 0.21138211382113822 4
1573741860 47.544233827 0.3125 2
1573741978 48.303425025 0.2916666666666667 2
1573743609 49.140063614 0.40816326530612246 3
1573743711 47.834639102 0.5208333333333334 3
1573743810 47.988038813 0.5 4
1573743909 48.79219326 0.22448979591836735 1
1573744007 48.3046315 0.6326530612244898 3
1573744104 47.315703984 0.5416666666666666 2
1573744201 49.110905097 0.46938775510204084 3
1573744300 47.7372502 0.20833333333333334 2
1573744396 43.772446635 0.27906976744186046 2
1573744487 48.075120269 0.3333333333333333 2
1573744599 42.570177254 0.3488372093023256 3
1573744692 47.542900307 0.3333333333333333 3
1573744806 49.844021672 0.24 3
1573744904 87.773052695 0.13636363636363635 3
1573745040 49.078208785 0.1836734693877551 2
1573745224 48.975743143 0.5510204081632653 3
1573745321 47.422939714 0.6666666666666666 3
1573745424 47.744994358 0.7659574468085106 3
1573745521 47.695926759 0.4791666666666667 4
1573745621 50.74416451 0.27450980392156865 2
1573745721 47.287998778 0.3191489361702128 2
1573745822 49.15779082 0.2857142857142857 2
1573745921 47.603506941 0.5208333333333334 3
1573746017 48.688477879 0.3877551020408163 2
1573746117 49.041918929 0.3469387755102041 1
1573746215 49.337891571 0.3469387755102041 2
1573746317 47.617778653 0.3404255319148936 1
1573746417 47.894960461 0.3541666666666667 1
1573746515 47.171813804 0.40425531914893614 3
1573746610 47.806896631 0.20833333333333334 2
1573748931 47.06111896 0.23404255319148937 1
1573749027 53.416350366 0.2641509433962264 1
1573749128 56.670671773 0.2982456140350877 2
1573749240 49.803089992 0.26 1
1573749334 52.419114396 0.27450980392156865 1
1573749467 53.482549776 0.35185185185185186 2
1573749572 48.915211021 0.12244897959183673 1
1573749672 47.573976542 0.14893617021276595 1
1573749771 48.05233193 0.16666666666666666 2
1573749867 48.065183281 0.1875 2
1573904511 185.939729562 0.40860215053763443 2
1574689250 106.012758966 0.7735849056603774 3
1574706684 47.523739283 0.20833333333333334 3
1574709109 91.963723124 0.9456521739130435 4
1574709893 48.036288688 0.5918367346938775 2
1574710453 91.050762034 0.5054945054945055 3
1574711150 46.993504066 0.0 0
1575391619 42.089906633 0.023255813953488372 1
1575397422 1210.207125663 0.04789430222956235 2
1580229178 41.12852184 0.023809523809523808 1
1582033685 40.861545066 0.3333333333333333 2
1582186286 178.301362959 0.18181818181818182 2
1574711150 46.993504066 0.0 0
