1569849999 46.657406763 0.2765957446808511 1
1569850203 47.167171684 0.2765957446808511 1
1569849999 46.657406763 0.2765957446808511 1
1569850203 47.167171684 0.2765957446808511 1
1569850734 73.631112245 0.2054794520547945 2
1569851016 47.771981271 0.08333333333333333 2
1569851222 46.970112456 0.0851063829787234 1
1569851572 47.042269541 0.23404255319148937 3
1569851779 52.833126735 0.1320754716981132 3
1569852008 52.44413825 0.22641509433962265 3
1569852238 47.385294715 0.2127659574468085 2
1569852475 46.975741057 0.0851063829787234 2
1569853083 57.592795273 0.29310344827586204 3
1569853397 53.060416564 0.2830188679245283 2
1570543123 46.296101265 0.6956521739130435 3
1570543485 46.105858084 0.6595744680851063 4
1570543696 45.809857837 0.7555555555555555 3
1570544612 46.657702553 0.3617021276595745 3
1570544871 46.417739002 0.3829787234042553 3
1570545072 46.618155587 0.5869565217391305 3
1570545289 46.68449343 0.6956521739130435 3
1571322996 46.098030677 0.5869565217391305 3
1571325114 46.46400974 0.1956521739130435 2
1571325310 46.481421395 0.1956521739130435 2
1571325515 47.008108257 0.0851063829787234 2
1571325716 46.23100628 0.10869565217391304 2
1571325912 46.513518381 0.391304347826087 3
1571326113 71.683592477 0.2777777777777778 3
1571326804 46.284634465 0.30434782608695654 2
1571327020 46.188252197 0.391304347826087 2
1571327228 46.891964727 0.10638297872340426 1
1571395905 46.442679128 0.574468085106383 3
1571396101 47.632638795 0.4583333333333333 3
1571396298 46.504874361 0.23404255319148937 2
1571396498 46.955475749 0.2765957446808511 4
1571396696 47.914171413 0.1875 2
1571396924 46.147504645 0.32608695652173914 3
1571397128 46.410564711 0.5217391304347826 2
1571397330 46.042492917 0.43478260869565216 2
1571397526 46.127388119 0.41304347826086957 3
1571397723 46.52169572 0.425531914893617 3
1571404972 46.274193075 0.3695652173913043 2
1571405170 45.888781614 0.43478260869565216 2
1571405368 46.147777251 0.41304347826086957 3
1571405596 46.687588543 0.48936170212765956 3
1571405800 46.559797946 0.34782608695652173 3
1571409018 46.126526786 0.10869565217391304 1
1571409220 46.091977878 0.043478260869565216 1
1571409421 46.54966408 0.02127659574468085 1
1571409638 46.383141408 0.1276595744680851 1
1571409836 46.631273571 0.02127659574468085 1
1571664404 87.87779498 0.3157894736842105 2
1571664945 51.912524927 0.17307692307692307 2
1571665149 46.524845404 0.19148936170212766 3
1571665360 46.365634301 0.17391304347826086 2
1571665554 46.198556896 0.41304347826086957 2
1571665749 46.903981348 0.3617021276595745 2
1571668167 46.534968129 0.10869565217391304 1
1571668366 46.281079408 0.0851063829787234 1
1571668570 46.129151444 0.08695652173913043 1
1571668764 46.464385193 0.08695652173913043 1
1571668964 46.78938377 0.40425531914893614 3
1571752038 46.300430853 0.7391304347826086 3
1571752233 46.937286404 0.574468085106383 3
1571752433 45.960301673 0.41304347826086957 3
1571752637 46.627499384 0.40425531914893614 2
1571752832 47.196237554 0.3829787234042553 2
1571753028 46.283066561 0.41304347826086957 2
1571753225 46.631780663 0.6382978723404256 4
1571753422 46.536818362 0.44680851063829785 3
1571753620 46.034011977 0.4782608695652174 3
1571753817 46.607981264 0.41304347826086957 3
1571760175 46.374644314 0.3695652173913043 2
1571760370 49.017951361 0.6122448979591837 3
1571760574 46.045573615 0.34782608695652173 2
1571760770 46.460977405 0.6304347826086957 4
1571760972 46.260415687 0.41304347826086957 4
1571761180 46.688629157 0.44680851063829785 3
1571761379 46.156565224 0.3617021276595745 2
1571761574 46.287352207 0.723404255319149 3
1571761770 47.147138394 0.5106382978723404 4
1571761978 46.438942265 0.6521739130434783 3
1572003281 46.359878436 0.3695652173913043 3
1572003477 46.594324714 0.43478260869565216 2
1572003673 46.067486493 0.391304347826087 2
1572003871 45.979813587 0.391304347826087 3
1572004067 46.488638264 0.30434782608695654 2
1572004263 46.324612293 0.2391304347826087 3
1572004457 46.420835412 0.43478260869565216 3
1572004656 46.011039484 0.6086956521739131 3
1572004858 46.388505573 0.6521739130434783 3
1572005057 45.989596358 0.6521739130434783 3
1572011258 46.371699495 0.4782608695652174 2
1572011455 45.944463603 0.30434782608695654 2
1572011651 45.991695078 0.17391304347826086 2
1572011848 46.480117435 0.23404255319148937 3
1572012044 46.830168588 0.0851063829787234 2
1572012242 45.984257368 0.08695652173913043 2
1572012436 46.369556289 0.10638297872340426 2
1572012631 46.355264521 0.08695652173913043 2
1572012826 46.124498024 0.17391304347826086 3
1572013020 46.734925694 0.17391304347826086 2
1572265079 46.067050381 0.3695652173913043 3
1572265276 46.387141091 0.5217391304347826 3
1572265474 46.879958498 0.425531914893617 3
1572265673 46.353268118 0.43478260869565216 3
1572265878 46.447206957 0.3617021276595745 2
1572266080 46.01283706 0.391304347826087 3
1572266277 46.687443059 0.3617021276595745 2
1572266477 47.575201449 0.4791666666666667 4
1572266677 46.402122936 0.45652173913043476 3
1572266879 46.485754968 0.40425531914893614 3
1572274142 38.87319941 0.23076923076923078 2
1572274314 39.347192641 0.225 3
1572274483 39.19623619 0.28205128205128205 2
1572274656 38.823906256 0.20512820512820512 2
1572274823 39.216319255 0.1794871794871795 2
1572274993 38.984286025 0.46153846153846156 2
1572275165 38.800088183 0.20512820512820512 1
1572275341 40.571124275 0.075 2
1572275511 38.665064552 0.18421052631578946 1
1572275684 38.821216878 0.1794871794871795 1
1572361293 48.977236634 0.5208333333333334 3
1572361489 47.284790817 0.375 3
1572361685 46.126939599 0.5652173913043478 3
1572361880 46.067371862 0.391304347826087 3
1572362079 45.787107593 0.5217391304347826 2
1572362273 45.993277049 0.391304347826087 3
1572362469 45.927891617 0.8913043478260869 4
1572362668 46.100545416 0.3695652173913043 2
1572362863 46.327060931 0.48936170212765956 3
1572363059 46.367822615 0.851063829787234 4
1572366933 38.871547074 0.5641025641025641 3
1572367101 38.815603159 0.38461538461538464 2
1572367271 40.313353464 0.8536585365853658 4
1572367439 38.783821184 0.6923076923076923 4
1572367621 40.018584287 0.45 2
1572367799 38.696637817 0.5897435897435898 3
1572367968 38.587747722 0.3333333333333333 3
1572368137 38.321791458 0.21052631578947367 1
1572368303 39.152171868 0.358974358974359 2
1572368468 39.003973397 0.41025641025641024 3
1572532410 46.411919976 0.5217391304347826 4
1572532610 46.781064839 0.5531914893617021 3
1572532816 46.033888236 0.391304347826087 2
1572544521 38.562110775 0.05263157894736842 1
1572544689 38.757445528 0.2564102564102564 2
1572544860 39.037225441 0.1794871794871795 2
1572545032 39.163897562 0.175 3
1572545206 38.821562666 0.07692307692307693 2
1572870033 41.190421602 0.4146341463414634 3
1572870252 39.043012842 0.41025641025641024 2
1572870433 40.832019865 0.425 3
1572870655 39.038524885 0.275 4
1572870825 38.725554368 0.34210526315789475 2
1572965414 38.941938335 1.1282051282051282 4
1572965581 39.241710555 0.55 3
1572965748 39.611192295 1.0 4
1572965918 38.890583607 0.2564102564102564 2
1572966090 38.911309218 0.3076923076923077 4
1572966256 38.743763189 0.46153846153846156 2
1572966427 39.131384047 0.8205128205128205 3
1572966611 38.648694203 0.7435897435897436 3
1572966790 38.984885007 0.46153846153846156 3
1572966954 38.952589446 0.5384615384615384 3
1573207062 39.017518107 0.8461538461538461 4
1573207230 38.865695995 0.6410256410256411 3
1573207399 38.94579956 0.5897435897435898 3
1573207564 38.549549108 0.5897435897435898 3
1573207734 39.026232497 0.46153846153846156 3
1573207902 38.822954505 0.8421052631578947 3
1573208069 38.630525595 0.7894736842105263 3
1573208234 38.905889341 0.48717948717948717 3
1573208402 39.076151785 0.6410256410256411 3
1573208568 38.642856625 0.5263157894736842 3
1573220303 39.197521025 1.3846153846153846 6
1573220470 38.877098614 0.6410256410256411 3
1573220638 38.823314273 0.41025641025641024 2
1573220807 39.00750201 0.5641025641025641 3
1573220975 38.978326802 0.4358974358974359 3
1573221142 38.853806731 0.10526315789473684 3
1573221306 38.691165856 0.13157894736842105 3
1573221476 38.685373879 0.3076923076923077 3
1573221643 38.611975229 0.42105263157894735 2
1573221812 38.982042938 0.5128205128205128 4
1573222000 38.691452562 0.48717948717948717 3
1573222171 38.679917323 0.6923076923076923 3
1573222338 38.801034379 0.48717948717948717 2
1573222504 38.865282677 0.5128205128205128 3
1573222674 38.769876673 0.39473684210526316 3
1573301152 38.824494854 0.6410256410256411 4
1573301321 38.607395788 0.6052631578947368 3
1573301502 38.949789245 0.5128205128205128 2
1573301670 39.060313983 0.48717948717948717 2
1573301857 38.69715216 0.5384615384615384 3
1573302035 40.403012952 0.725 4
1573302203 39.74424746 0.425 2
1573302378 38.977583805 0.41025641025641024 2
1573302547 39.05999834 0.5128205128205128 2
1573302728 40.374941636 0.5853658536585366 2
1573303866 36.40281667 0.3783783783783784 3
1573304030 36.256993428 0.32432432432432434 3
1573304190 37.674933731 0.3684210526315789 2
1573304357 36.864016574 0.7297297297297297 2
1573304516 37.269591035 0.5263157894736842 4
1573304682 36.990184131 0.4594594594594595 3
1573304841 37.212670548 0.5945945945945946 2
1573305001 37.088965796 0.631578947368421 3
1573305163 36.151050293 0.6486486486486487 3
1573305323 36.779408222 0.3611111111111111 3
1573752495 36.566265099 0.3783783783783784 3
1573752753 36.660743331 0.21621621621621623 2
1573752913 36.004755927 0.19444444444444445 2
1573753071 36.540945137 0.6216216216216216 3
1573753229 36.852422687 0.4594594594594595 2
1573753383 36.699870134 0.5945945945945946 3
1573753542 36.625040693 0.6756756756756757 4
1573753695 36.429656851 0.4864864864864865 2
1573753857 36.464783342 0.4166666666666667 2
1573754677 36.32778244 0.4166666666666667 2
1573754837 36.207701759 0.2222222222222222 2
1573754998 36.466639594 0.16216216216216217 2
1573755164 36.347093155 0.2702702702702703 2
1573755327 36.179040868 0.21621621621621623 2
1573755485 36.235036067 0.19444444444444445 2
1573755639 36.199944603 0.16666666666666666 3
1573755797 36.42088044 0.2702702702702703 2
1573755956 35.93228964 0.4444444444444444 2
1573756113 37.874645284 0.5 3
1573831421 35.873488003 0.0 0
1573831579 35.913731018 0.0 0
1573831737 36.750162793 0.0 0
1573831909 36.065023967 0.0 0
1573832061 36.039362433 0.0 0
1573832223 36.693130108 0.0 0
1573832377 39.769215003 0.0 0
1573832544 36.126523226 0.0 0
1573832699 36.591784532 0.0 0
1573832855 36.372081284 0.0 0
1573833050 36.425167511 0.0 0
1573833206 36.187950683 0.0 0
1573833370 36.026854074 0.0 0
1573833527 36.483526525 0.0 0
1573833685 36.265564784 0.0 0
1573901059 37.307721749 0.18421052631578946 3
1573901217 35.942381914 0.1388888888888889 2
1573901374 35.738833132 0.5428571428571428 3
1573901529 35.952315079 0.4722222222222222 3
1573901690 36.412512082 0.4444444444444444 2
1573901844 36.085285636 0.4444444444444444 3
1573901999 36.233601104 0.5405405405405406 4
1573902157 36.198293595 0.4722222222222222 3
1573902315 35.867620685 0.4166666666666667 2
1573902470 36.467937023 0.4864864864864865 2
1574685788 37.82262204 0.0 0
1574685978 40.121395913 0.0 0
1574686150 36.250837594 0.5833333333333334 2
1574686310 38.658457867 0.0 0
1574686469 36.532069225 0.0 0
1574686635 36.350729701 0.4864864864864865 2
1574686799 37.131887754 0.0 0
1574686985 37.681660071 0.0 0
1574687161 36.405695083 0.6388888888888888 3
1574687324 36.936546748 0.0 0
1574689653 37.037545475 0.0 0
1574689869 37.085040092 0.0 0
1574690039 36.422567988 0.6111111111111112 3
1574690208 37.045958002 0.0 0
1574690378 36.91503027 0.0 0
1574690537 38.196521148 0.6052631578947368 3
1574690709 37.515000562 0.0 0
1574690868 36.56302895 0.0 0
1574691053 36.33888578 0.5945945945945946 3
1574691232 36.66822899 0.0 0
1574706854 36.19561873 0.5 3
1574707096 36.357392888 0.0 0
1574954199 36.329108393 0.0 0
1574954363 36.346743092 0.6486486486486487 3
1574954540 36.738420088 0.7837837837837838 3
1574954704 36.500100875 0.0 0
1574954886 39.249146916 0.575 4
1574955045 37.150859408 0.40540540540540543 2
1574955303 36.24865272 0.0 0
1574955463 36.279208402 0.5 2
1574955621 36.676024469 0.43243243243243246 3
1574955783 36.324292359 0.0 0
1575026530 37.706570778 0.0 0
1575026692 36.398090126 0.0 0
1575026853 35.81776069 0.6388888888888888 3
1575027013 37.120298278 0.0 0
1575027177 36.304279384 0.0 0
1575027338 36.338791206 0.5675675675675675 2
1575027504 36.588843741 0.0 0
1575027661 36.227469059 0.0 0
1575027826 36.35883215 0.4444444444444444 2
1575027990 36.189889983 0.05555555555555555 2
1575112846 36.873779058 0.0 0
1575113007 40.286919402 0.0 0
1575113169 36.394233634 0.3611111111111111 2
1575113330 38.097823944 0.0 0
1575113490 36.224726066 0.0 0
1575113647 37.553670277 0.5789473684210527 4
1575113805 36.155451961 0.02702702702702703 1
1575113963 36.513906269 0.10810810810810811 2
1575114127 36.195426959 0.4444444444444444 3
1575114287 36.297745242 0.0 0
1575289776 37.013848756 0.0 0
1575289943 36.066757795 0.0 0
1575290110 36.884485894 0.40540540540540543 2
1575290291 43.225286069 0.0 0
1575290463 40.072274215 0.125 4
1575290639 40.071175399 0.5365853658536586 3
1575290808 37.569350765 0.0 0
1575290965 36.828874853 0.2702702702702703 4
1575291127 36.864472241 0.5135135135135135 3
1575291289 36.484108579 0.0 0
1575384177 36.476547963 0.0 0
1575384337 36.11749229 0.05555555555555555 2
1575384498 36.388925079 0.5555555555555556 3
1575384657 37.798536392 0.0 0
1575384820 36.215997791 0.0 0
1575384977 38.831859167 0.46153846153846156 2
1575385139 36.424478524 0.02702702702702703 1
1575385298 36.63980519 0.13513513513513514 3
1575385458 40.931533585 0.5365853658536586 4
1575385622 36.589659867 0.0 0
1575556559 36.594712973 0.0 0
1575556720 36.653345442 0.10810810810810811 2
1575556892 36.113148719 0.4444444444444444 3
1575557077 36.677786854 0.0 0
1575557247 36.905069117 0.5833333333333334 2
1575557431 36.003092781 0.3611111111111111 3
1575557604 38.516857778 0.0 0
1575557779 36.622206118 0.6388888888888888 3
1575558236 38.53321299 0.0 0
1575558425 35.986920412 0.0 0
1579184056 38.109954855 0.10526315789473684 1
1579184772 36.654963069 0.0 0
1579184933 36.493771818 0.16216216216216217 3
1579185095 39.085773774 0.46153846153846156 2
1579185271 36.027381548 0.027777777777777776 1
1579185447 38.826724609 0.46153846153846156 3
1579185631 36.386592889 0.4722222222222222 2
1579185810 36.023095415 0.0 0
1579185997 38.793675018 0.4473684210526316 3
1579186170 36.551360149 0.3333333333333333 3
1579351786 43.820399452 0.06818181818181818 1
1579351954 36.299508203 0.0 0
1579352114 36.745468711 0.3888888888888889 2
1579352275 36.264030917 0.02702702702702703 1
1579352438 36.700703961 0.10810810810810811 2
1579352602 36.691259327 0.6486486486486487 4
1579352759 36.535164223 0.0 0
1579352921 36.6034168 0.4864864864864865 2
1579353084 36.269042618 0.4166666666666667 2
1579522875 36.706731177 0.05405405405405406 2
1579523079 36.339346459 0.1388888888888889 2
1579523269 37.393781102 0.5675675675675675 3
1579523434 36.319274156 0.0 0
1579523608 37.151876199 0.5945945945945946 3
1579523788 37.119614016 0.6216216216216216 3
1579523971 37.14870243 0.0 0
1579524159 36.651135432 0.4722222222222222 3
1579524324 38.439413509 0.48717948717948717 2
1579524494 36.573884167 0.0 0
1579537480 36.642935321 0.027777777777777776 1
1580215328 61.680380311 0.0 0
1580215523 36.62431674 0.2702702702702703 2
1580215687 36.353442633 0.4722222222222222 3
1580215845 37.411637986 0.0 0
1580216006 36.901338665 0.5405405405405406 3
1580216169 36.896048532 0.2702702702702703 1
1580216329 36.223807351 0.10810810810810811 2
1580216490 38.214881915 0.5128205128205128 3
1580216649 38.526438849 0.0 0
1580216832 36.652639444 0.7297297297297297 4
1580304742 35.949081113 0.0 0
1580304898 36.475602856 0.5405405405405406 4
1580305060 36.37277388 0.4864864864864865 3
1580305221 36.725761498 0.1111111111111111 3
1580305404 36.716401625 0.4864864864864865 3
1580305564 39.609611449 0.75 5
1580305729 36.258027568 0.4166666666666667 3
1580305886 36.294139219 0.4722222222222222 2
1580306041 36.194566068 0.0 0
1580306201 37.144343604 0.5135135135135135 2
1581935241 37.031116662 0.43243243243243246 3
1581935399 36.695272252 0.4864864864864865 3
1581935560 37.168240998 0.5789473684210527 3
1581935726 37.069418253 0.13513513513513514 3
1581935894 36.999366095 0.3783783783783784 2
1581936065 36.566805193 0.5675675675675675 4
1581936236 36.610619413 0.5945945945945946 4
1581936399 36.771033172 0.10810810810810811 2
1581936558 36.670225865 0.2777777777777778 1
1581936733 36.965520477 0.5135135135135135 3
1582026915 37.769198802 0.2631578947368421 5
1582027077 36.853911389 0.35135135135135137 2
1582027241 39.681342409 0.375 2
1582027410 38.195966691 0.47368421052631576 2
1582027823 36.655144146 0.08333333333333333 2
1582027987 38.001516359 0.0 0
1582028155 36.310084986 0.8648648648648649 4
1582028322 39.104408945 0.6410256410256411 3
1582028491 39.798874272 0.10256410256410256 2
1582028660 39.007236709 0.0 0
1582113131 37.908330236 0.5 4
1582113298 36.162374813 0.3611111111111111 3
1582113461 38.174766681 0.4473684210526316 2
1582113630 35.953147702 0.4722222222222222 3
1582113795 38.821722174 1.0256410256410255 4
1582113970 39.430175921 0.38461538461538464 3
1582114132 38.270437152 0.47368421052631576 2
1582114295 38.540630106 1.0512820512820513 5
1582114462 36.211473358 0.6944444444444444 3
1582114626 39.086968455 0.1794871794871795 3
1582114789 36.133087543 0.5 3
1582114955 39.544532973 0.4358974358974359 3
1582115116 38.323723621 0.5263157894736842 3
1582115284 38.348714247 0.13157894736842105 2
1582115447 38.949326678 0.4358974358974359 3
1582115611 38.076344643 0.4473684210526316 3
1582115773 37.980090527 0.42105263157894735 2
1582115937 38.43207535 0.10526315789473684 2
1582116119 37.577703737 0.4864864864864865 2
1582116334 35.146071741 0.45714285714285713 2
1582116510 37.250711867 0.972972972972973 3
1582116676 36.321612938 0.1388888888888889 2
1582118994 38.059470588 0.5897435897435898 3
1582119157 36.084625678 0.9444444444444444 4
1582119327 38.183449588 0.46153846153846156 4
1582119503 38.56116947 0.5526315789473685 3
1582119679 38.079248591 0.5526315789473685 3
1582119842 36.029554494 0.4722222222222222 3
1582120013 39.691427992 0.425 2
1582120185 42.048924495 0.8095238095238095 3
1582120909 37.875636892 0.13157894736842105 3
1582121076 37.690182334 0.4473684210526316 3
1582121320 38.216596511 0.4473684210526316 2
1582121483 36.309015885 0.5555555555555556 2
1582125225 37.852633962 0.4473684210526316 3
1582125385 318.285823555 0.2222222222222222 2
1582125869 37.472528719 0.43243243243243246 2
1582126036 36.43627735 0.5277777777777778 4
1582126204 36.841515116 0.4864864864864865 2
1582126366 36.738514562 0.4166666666666667 2
1582126532 38.474597586 0.47368421052631576 3
1582126694 39.091704891 0.875 4
1582126860 36.932796195 0.5945945945945946 3
1582127023 35.377606785 0.5142857142857142 3
1582127184 38.592851969 0.5128205128205128 2
1582127352 39.994777125 0.425 3
1582127519 38.236161082 0.5526315789473685 4
1582127683 38.71324931 0.42105263157894735 2
1582127846 38.212821745 0.48717948717948717 3
1582128007 38.66182375 0.4473684210526316 3
1582128173 38.106385069 0.6410256410256411 3
1582128353 36.891608454 0.43243243243243246 3
1582128513 39.048483813 0.5384615384615384 3
1582128677 38.740006972 0.3684210526315789 2
1582128843 37.247398921 0.3783783783783784 3
1582129005 42.976027609 0.4186046511627907 3
1582129178 38.202669823 0.4473684210526316 3
1582129336 38.080427664 0.4473684210526316 3
1582129497 38.947882079 0.48717948717948717 5
1582129661 37.0114319 0.40540540540540543 3
1582185084 38.659011669 0.1282051282051282 3
1582185265 38.077227507 0.2894736842105263 2
1582185999 36.938105558 0.10810810810810811 2
1582186158 36.670885759 0.40540540540540543 3
1582186892 39.285982741 0.5128205128205128 2
1582187855 36.51818102 0.6486486486486487 2
1582188014 38.496821918 0.5263157894736842 4
1582188173 36.803874731 0.3783783783783784 3
1582188333 37.084292774 0.1891891891891892 2
1582193785 36.435196674 0.4166666666666667 2
1582193949 36.142519285 0.4722222222222222 3
1582194113 35.806094249 0.1388888888888889 2
1582194269 36.328696465 0.0 0
1582194430 36.60175587 0.4444444444444444 2
1582194594 36.566643657 0.5675675675675675 2
1582194754 42.365778663 0.13953488372093023 4
1582194924 36.335376689 0.3055555555555556 2
1582195084 36.364141061 0.5135135135135135 4
1582195248 36.475445158 0.5135135135135135 4
1582195739 38.925225715 0.07692307692307693 2
1582195900 37.000373683 0.35135135135135137 2
1582196057 38.110239219 0.5263157894736842 2
1582196218 36.32093956 0.5 3
1582196377 36.82621347 0.0 0
1582196536 36.67521904 0.3783783783783784 2
1582196694 36.026014633 0.6111111111111112 2
1582196855 36.098774841 0.16666666666666666 2
1582197017 36.503143193 0.0 0
1582197182 38.039524909 0.42105263157894735 2
1582197340 35.824144495 0.4722222222222222 3
1582197505 36.737979032 0.10810810810810811 2
1582197676 36.466628129 0.32432432432432434 2
1582197834 36.869523396 0.4722222222222222 3
1582197992 37.343252677 0.6216216216216216 3
1582198148 37.639301207 0.21052631578947367 4
1582198310 36.864489156 0.3783783783783784 3
1582198467 38.447854488 0.47368421052631576 3
1582198748 36.406881024 0.4864864864864865 4
1582199097 39.268476514 0.1 2
1582631405 36.854981157 0.21621621621621623 3
1582631566 36.139878054 0.9722222222222222 5
1582631721 37.520408939 0.8378378378378378 4
1582631878 36.586869064 1.0 3
1582632035 38.102239854 0.13157894736842105 2
1582632193 36.397645251 1.1388888888888888 4
1582632353 36.591248761 0.7777777777777778 3
1582632515 36.458610116 0.4864864864864865 4
1582632675 38.13270214 0.2894736842105263 2
1582632836 36.265953396 0.3888888888888889 3
1582884535 37.599635095 0.3783783783783784 2
1582884713 36.153701964 0.4166666666666667 2
1582884882 36.244748608 0.5277777777777778 2
1582885046 36.20419561 0.6388888888888888 4
1582885210 36.139645235 0.4722222222222222 2
1582885371 37.963271441 0.5526315789473685 3
1582885532 35.809293432 0.4857142857142857 2
1582885693 36.412467585 0.4864864864864865 2
1582885858 37.142115785 0.6216216216216216 3
1582886015 37.450592205 0.6052631578947368 4
1574707096 36.357392888 0.0 0
