1569853643 90.072689846 0.32222222222222224 3
1569854278 97.745043218 0.1326530612244898 3
1569855257 93.160457061 0.17204301075268819 3
1569855684 103.252786848 0.3173076923076923 4
1570447014 101.19451696 0.9117647058823529 5
1571329987 91.357256258 0.03296703296703297 2
1571399128 85.486042977 0.10465116279069768 2
1571754927 88.762385774 0.29213483146067415 3
1571763783 86.021860639 0.3372093023255814 3
1571766342 91.584477653 0.5543478260869565 3
1571767124 91.733204068 0.3763440860215054 3
1572007489 86.054898736 0.32558139534883723 3
1572007990 86.206089625 0.42528735632183906 3
1572008392 96.497469632 0.3711340206185567 4
1572008794 86.155542769 0.20689655172413793 2
1572537275 76.308366357 1.5384615384615385 6
1572537932 76.780439813 0.24358974358974358 3
1572538591 78.289200909 0.25316455696202533 3
1572539238 82.949777482 0.5 3
1572539892 76.481245102 1.6753246753246753 5
1572540798 76.073564948 0.24675324675324675 2
1572541451 76.501867889 0.5128205128205128 3
1572542100 76.108299313 0.6493506493506493 3
1572542747 76.380368957 0.16883116883116883 3
1572543388 100.232951976 0.3431372549019608 4
1574710677 71.475799713 0.0 0
