1570543686 8.854151647
1571396097 5.47500574
1572011451 5.467803326
1572274479 5.283781279
1572545029 4.84715479
1572545202 4.979310371
1572965578 5.078866431
1572966086 4.730330301
1572966951 4.533063698
1573207058 4.77718029
1573301853 4.902046896
1573302199 4.959120082
1573302725 4.292460947
1573304186 4.838620093
1573304353 4.848691117
1573304512 5.263002015
1573304678 4.943560614
1573304837 5.135741704
1573304998 4.473036061
1573305160 4.746349057
1573305319 4.696695457
1573752491 4.901175405
1573752749 5.189254734
1573752909 4.531159994
1573753067 4.719668696
1573753225 4.73572695
1573753380 5.09606148
1573753538 4.808088284
1573753692 4.711940634
1573753853 4.745498155
1573754673 5.113975072
1573754833 4.506552276
1573754995 4.351268331
1573755161 4.956776671
1573755324 5.043537521
1573755636 4.891500911
1573755794 4.758820606
1573755952 4.333864395
1573831906 4.873204979
1573832058 4.782714683
1573832219 4.538252126
1573832540 5.147166856
1573832696 5.082471664
1573833047 4.489159999
1573833203 4.805777854
1573833367 5.115888241
1573833524 4.222704269
1573833681 5.060048923
1573901055 4.998363953
1573901213 4.903948174
1573901370 5.111670951
1573901526 4.917325995
1573901686 5.005169197
1573901840 4.889335933
1573901996 4.916138098
1573902153 5.155525746
1573902311 4.970485554
1574685784 6.553212136
1574685974 5.187628166
1574686146 5.289704534
1574686306 5.681382832
1574686466 5.067141057
1574686632 5.100516875
1574686795 5.932060962
1574686981 5.969841476
1574687320 6.067476992
1574689649 6.053107136
1574689866 5.532389861
1574690035 4.940020352
1574690204 5.505616853
1574690374 5.431380146
1574690533 5.467791946
1574690705 6.642930046
1574690864 4.795466072
1574691228 5.646014831
1574706851 4.930531363
1574707093 6.165127911
1574954195 4.563837516
1574954360 5.611934054
1574954536 5.607225228
1574954700 4.856183641
1574954883 4.946616741
1574955041 4.807880783
1574955299 5.302802762
1574955459 4.666654379
1574955617 5.58841244
1574955779 5.43097315
1575026526 5.60305505
1575026688 5.32485047
1575026850 4.609581172
1575027009 5.099450146
1575027173 4.999696826
1575027334 5.888328708
1575027501 4.722234835
1575027658 4.742470161
1575027822 5.273646818
1575027986 4.976683075
1575112842 5.207039316
1575113003 4.940405859
1575113165 4.803918813
1575113326 6.175490214
1575113485 5.374354273
1575113644 6.34727251
1575113802 4.689091292
1575113959 5.13402177
1575114123 5.07668382
1575114284 5.008236747
1575289772 5.231204171
1575289939 5.012568125
1575290106 5.391837337
1575290288 4.36609964
1575290460 5.627988827
1575290635 6.540008555
1575290805 4.660404376
1575290961 5.055862529
1575291124 4.611856518
1575291285 4.999899148
1575384174 5.236857285
1575384333 5.307845977
1575384494 5.263553835
1575384816 4.972806725
1575384973 5.836833691
1575385135 4.95804981
1575385294 5.781281996
1575385454 5.030319733
1575385618 5.119242507
1575556555 5.400755851
1575556716 5.344125993
1575556882 11.588847293
1575557073 5.081592062
1575557243 5.446336818
1575557427 4.819118047
1575557601 5.716090048
1575557775 5.123714061
1575558233 5.26966844
1575558421 4.787775143
1579184052 5.747022664
1579184768 5.620458047
1579184929 5.635505842
1579185092 4.677921654
1579185443 5.637766734
1579185627 5.493820866
1579185993 4.548875645
1579186166 5.001866011
1579351782 5.639902045
1579351950 5.05044863
1579352110 5.618477498
1579352272 5.023179417
1579352434 6.061251368
1579352598 5.421119112
1579352756 5.52364295
1579352917 4.789104748
1579353080 5.455796603
1579522871 5.614032972
1579523075 4.972011777
1579523265 5.396941134
1579523430 5.466941589
1579523604 5.665208385
1579523785 6.393405852
1579523967 6.225560439
1579524155 5.301549482
1579524321 5.435706872
1579524490 4.971535063
1579537476 5.476700523
1580215324 5.119456621
1580215683 5.058088434
1580215841 4.820906274
1580216002 4.715497367
1580216165 4.888838027
1580216325 5.199198808
1580216487 6.327349044
1580216645 5.502850219
1580304738 5.557988443
1580304894 6.063479413
1580305056 5.615312149
1580305217 4.816961097
1580305400 5.482525451
1580305560 5.419938517
1580305725 5.561555063
1580305882 5.622180447
1580306037 5.108326741
1580306197 5.716595792
1581935238 5.41791382
1581935395 5.959970452
1581935557 5.568340425
1581935722 5.852894929
1581935890 5.719597589
1581936061 5.505968048
1581936232 5.294121554
1581936395 5.575603091
1581936554 5.243861473
1581936730 5.16791959
1582026911 5.192339618
1582027073 5.60733523
1582027237 5.659476945
1582027406 5.408186865
1582027818 5.497452652
1582028151 5.432652019
1582028318 5.404992621
1582028486 4.735933289
1582113127 5.287638854
1582113294 5.601765161
1582113457 5.440937749
1582113626 4.775362331
1582113791 5.288220162
1582113966 5.190429977
1582114128 5.157158334
1582114459 5.022350369
1582114951 4.828845186
1582115113 4.654175822
1582115280 5.116052149
1582115443 5.291552026
1582115607 4.959076206
1582115769 5.520615578
1582115933 5.497801894
1582116115 5.150289341
1582116330 4.855970332
1582116506 5.265845412
1582116672 5.090207544
1582118990 5.062462969
1582119153 5.638713242
1582119324 5.234962619
1582119499 5.052057078
1582119675 4.868709698
1582119838 5.320295585
1582120181 7.867866068
1582120905 5.536274067
1582121072 5.469275745
1582121316 5.278018037
1582125221 5.372122289
1582125381 5.361253424
1582125865 5.858675086
1582126032 5.21420513
1582126201 4.744393159
1582126362 4.912697794
1582126528 5.00077167
1582126690 5.194480394
1582126856 5.068023109
1582127180 5.58770196
1582127348 5.207478739
1582127515 5.102992047
1582127679 4.900763005
1582127843 4.739624327
1582128003 4.943856388
1582128170 5.495511892
1582128349 4.628040258
1582128510 5.106749944
1582128672 5.820038028
1582128839 5.135773791
1582129001 5.149107565
1582129173 5.522285707
1582129332 5.341697207
1582129493 5.02157029
1582129657 5.391503325
1582185080 5.3028211
1582185261 5.120802212
1582185995 5.419098253
1582186155 5.216167066
1582186888 4.960942051
1582187851 5.246464085
1582188010 5.331409597
1582188169 5.45886321
1582188329 5.516322545
1582193781 5.232979261
1582193945 4.875237927
1582194109 5.035458839
1582194426 5.348695445
1582194591 5.195812481
1582194751 5.50090838
1582194920 5.297089937
1582195080 5.423778045
1582195736 5.173385149
1582195896 5.259613068
1582196053 5.404679554
1582196214 5.419198469
1582196373 4.354691603
1582196532 5.209393682
1582196690 5.201596915
1582197013 4.945769813
1582197178 4.737255252
1582197336 4.698450067
1582197501 5.634840837
1582197672 4.864702141
1582197830 5.637448465
1582197988 5.028317704
1582198144 5.928909608
1582198306 5.160742284
1582198463 4.948769578
1582198745 5.036974942
1582199094 6.493503102
1582631401 5.452820939
1582631717 5.97857437
1582631875 5.0233186
1582632031 5.628764632
1582632189 4.858843351
1582632349 4.731087081
1582632511 4.996231504
1582632832 4.668322208
1582884531 4.476742248
1582884878 5.209154691
1582885042 4.684420038
1582885206 4.867931896
1582885368 4.952772294
1582885528 5.375017682
1582885690 4.758277649
1582885854 4.688864429
1582886011 5.104318791
1574707093 6.165127911
