1569855208 23.755338203
1569855641 24.007668411
1570448784 23.455015803
1570449256 23.016096915
1571323667 23.104634365
1571324068 22.86969913
1571324469 22.690214147
1571327789 23.264721304
1571328180 23.082312253
1571328571 22.905958228
1571328963 22.993258103
1571329354 22.762277877
1571329946 23.147990993
1571397903 23.167884918
1571398296 23.159194598
1571398690 22.979777099
1571399473 23.474884463
1571399871 23.189514285
1571400262 23.368507894
1571400684 23.086712247
1571401083 22.642624255
1571401475 23.152762513
1571406855 23.379475841
1571407639 23.254002477
1571408027 23.200018735
1571408421 22.500370281
1571665912 23.704043534
1571666302 23.023401241
1571666694 23.021344014
1571667087 23.136758183
1571667523 23.569630575
1571669176 23.158924933
1571669575 22.883806572
1571754484 22.940837927
1571754877 27.156161347
1571756513 22.961320593
1571756924 22.561148282
1571757373 22.810750698
1571758162 23.198646151
1571758552 23.126372074
1571762167 22.931690042
1571762956 23.000100396
1571763343 23.057799883
1571763735 23.34689265
1571764553 22.775538147
1571764945 23.022455146
1571765333 23.177782944
1571765725 23.137695057
1571766302 23.10751301
1571767084 22.915659286
