1569849951 4.348999557
1569850155 4.455460121
1569849951 4.348999557
1569850155 4.455460121
1569850969 4.449587101
1569851175 4.356229254
1569851524 4.44342476
1569851731 4.478513954
1569851961 4.421274644
1569852190 4.379929556
1569852428 4.356278222
1569852645 4.385206936
1569853036 4.394543548
1569853347 4.474103336
1569853587 4.449618892
1569854229 4.43478834
1569855201 4.595499341
1569855634 4.450023567
1570446958 4.387904125
1570448051 4.550223262
1570448778 4.578177147
1570449250 4.033972225
1570543074 4.375798051
1570543435 4.343901166
1570543637 4.373990061
1570544566 4.389067594
1570544769 4.361206447
1570545026 4.326189891
1570545236 4.301484713
1571322945 4.319315616
1571323267 4.490329578
1571323660 4.454956129
1571324062 4.414090123
1571324461 4.54408654
1571325068 4.487119796
1571325264 4.558523001
1571325464 4.478535756
1571325668 4.384767694
1571325867 4.384022435
1571326067 4.335469904
1571326758 4.408595122
1571326970 4.332254933
1571327178 4.428649829
1571327392 4.304896746
1571327782 4.44601715
1571328173 4.407112744
1571328564 4.26836398
1571328956 4.696025771
1571329347 4.663411202
1571329939 4.450880941
1571395860 4.355957675
1571396056 4.247896132
1571396253 4.638441373
1571396452 4.432300539
1571396650 4.378332818
1571396849 4.354360543
1571397078 4.381419699
1571397282 4.411925605
1571397481 4.402942425
1571397678 4.39437685
1571397896 4.399944492
1571398289 4.185354078
1571398683 4.518914867
1571399074 4.444775727
1571399466 4.362060857
1571399862 4.446647575
1571400255 4.403996129
1571400677 4.440066184
1571401076 4.347647126
1571401468 4.337323133
1571404925 4.441711112
1571405125 4.386050284
1571405322 4.399917281
1571405522 4.531946943
1571405754 4.55419869
1571406848 4.443577263
1571407238 4.493266099
1571407632 4.3627407
1571408020 4.353134931
1571408413 4.918963813
1571408943 4.39033994
1571409174 4.47194038
1571409376 4.499197063
1571409575 4.433905125
1571409790 4.507003896
1571664358 4.341451807
1571664901 4.378019164
1571665105 4.471789097
1571665316 4.381476398
1571665510 4.292058219
1571665705 4.45170064
1571665905 4.453682929
1571666296 4.366826422
1571666687 4.554351047
1571667080 4.482780868
1571667517 4.354439679
1571668122 4.464447285
1571668322 4.480030789
1571668526 4.399069
1571668720 4.414682448
1571668917 11.467920491
1571669169 4.423600575
1571669569 4.383039917
1571751993 4.446894989
1571752188 4.375915265
1571752388 4.322501786
1571752593 4.355584252
1571752787 4.242127303
1571752984 4.323493188
1571753181 4.330823589
1571753378 4.345007227
1571753576 4.336772735
1571753771 4.488597966
1571754080 4.423592837
1571754477 4.269328553
1571754870 4.354173444
1571755273 4.480543238
1571755837 4.477842514
1571756506 4.478609851
1571756917 4.427274065
1571757366 4.446754602
1571757756 4.335071884
1571758155 4.391035649
1571758545 4.447312569
1571760131 4.436594178
1571760325 4.370334082
1571760530 4.937394267
1571760726 4.439308128
1571760924 6.839862198
1571761136 4.613366743
1571761335 4.294617405
1571761530 4.474413381
1571761725 4.311306823
1571761935 8.068884252
1571762160 4.403987196
1571762557 6.529610572
1571762949 4.447014638
1571763337 4.393885608
1571763729 4.355432085
1571764136 4.435319462
1571764546 4.431137017
1571764938 4.48382421
1571765326 4.349914217
1571765718 4.445184496
1571766295 4.339798781
1571767077 4.336217143
1571922226 5.180154825
1572003237 4.454051256
1572003431 4.367641754
1572003629 4.501501134
1572003827 4.401069439
1572004023 4.354362967
1572004218 4.27372114
1572004413 4.306543683
1572004612 4.46499948
1572004814 4.305187636
1572005013 4.399408708
1572006303 4.468200716
1572007042 4.300759159
1572007436 4.366300935
1572007929 4.400175865
1572008339 4.443437507
1572008742 4.31878205
1572009136 4.497403407
1572009525 4.499447706
1572009917 4.414053604
1572010313 4.654800844
1572010704 4.312145302
1572011214 4.361006337
1572011411 4.370885884
1572011605 4.511546132
1572011804 4.480593875
1572012000 4.487297211
1572012198 4.366831263
1572012393 4.39014503
1572012587 4.431583661
1572012782 4.449678298
1572012975 4.324777032
1572013265 4.387534278
1572013658 4.397301455
1572014051 4.339778465
1572014441 4.451384467
1572014832 4.292943519
1572265035 4.344974674
1572265232 4.385606084
1572265430 4.451646424
1572265628 4.512363548
1572265828 6.632516872
1572266036 4.623197327
1572266229 4.40663538
1572266433 4.022699545
1572266632 4.383508794
1572266830 4.860423839
1572268112 4.55991791
1572268882 4.702794052
1572269296 6.571181343
1572269715 4.239737642
1572270120 4.312182374
1572270517 4.27739362
1572270910 4.31273799
1572272266 3.830085633
1572272597 3.957514315
1572272932 3.753363558
1572273266 3.908342978
1572273611 3.844874296
1572274103 3.71618015
1572274276 4.137179631
1572274449 3.713396634
1572274612 3.916217324
1572274785 3.826109834
1572274955 3.790119272
1572275123 3.789312311
1572275302 3.933274083
1572275471 3.761015273
1572275646 3.738101983
1572276035 3.876342497
1572276368 5.465664255
1572276706 3.767701867
1572277037 3.838504527
1572277367 3.891473845
1572277714 3.920006086
1572278062 3.812245681
1572278395 3.955952435
1572361248 4.424065668
1572361446 4.257516113
1572361641 4.406002036
1572361836 4.317218351
1572362035 4.394845528
1572362229 4.299641375
1572362425 4.383603858
1572362621 4.421839521
1572362819 4.38969104
1572363015 4.569704289
1572363454 3.952503945
1572363784 3.845813633
1572364113 3.762203326
1572364444 3.847287506
1572364776 3.997780383
1572365118 3.891146079
1572365496 3.997040066
1572365868 3.794220039
1572366207 7.853572422
1572366543 3.839280898
1572366895 3.865423697
1572367062 3.875071043
1572367231 3.926438524
1572367400 3.748022526
1572367583 3.882050579
1572367759 3.65536123
1572367930 3.848716425
1572368098 3.72217578
1572368264 3.849051047
1572368430 3.993709418
1572369573 3.842322164
1572369903 3.836075086
1572370233 3.874763964
1572370565 3.873337679
1572370894 3.808197844
1572371226 3.91542577
1572371557 3.795119355
1572371887 3.83710158
1572372215 3.892035674
1572372544 3.874969551
1572532365 4.386098681
1572532567 4.542533497
1572532772 4.33639368
1572533551 3.882527526
1572533889 3.976328441
1572534243 3.765053199
1572534590 3.806661411
1572534922 3.806040391
1572535270 3.710733483
1572535601 3.916586627
1572535937 3.845688607
1572536296 3.821528348
1572536633 3.794734998
1572537234 3.79313587
1572537888 3.818630931
1572538544 5.06824269
1572539197 3.871167209
1572539850 3.81581214
1572540757 3.878529133
1572541410 3.854572012
1572542059 3.798686651
1572542706 3.829560544
1572543351 5.414123105
1572544483 3.835329146
1572544650 3.854995397
1572544820 4.007646816
1572544994 3.907967491
1572545168 3.870119979
1572869994 3.851339952
1572870162 3.851141454
1572870383 3.883778314
1572870568 3.904854658
1572870785 3.783023775
1572871123 3.876441886
1572871774 3.931591906
1572872423 3.928432054
1572873104 3.970462664
1572873754 3.955173131
1572874816 3.844935256
1572875676 3.867621378
1572876901 3.847823651
1572877556 3.951681897
1572878782 3.833414078
1572879895 3.874235704
1572880177 4.23526495
1572880513 3.791529682
1572880852 6.449645128
1572881198 3.878883526
1572881532 3.759651819
1572881865 3.884381046
1572882196 3.839920793
1572882586 3.864564915
1572882936 3.823007642
1572883276 3.937785013
1572965376 3.914832424
1572965543 3.950980636
1572965711 3.884166055
1572965880 4.123738428
1572966051 4.352874622
1572966217 3.836341124
1572966388 3.865013158
1572966573 3.863196827
1572966753 3.929555852
1572966916 3.90555037
1572967187 3.878804668
1572967843 11.082952475
1572969147 3.899204571
1572969809 3.943781413
1572970460 3.896084865
1572971111 3.976535497
1572971774 3.891315272
1572972433 3.874435976
1572973146 3.889721156
1572973799 3.863360729
1572974448 3.855941509
1572975178 3.948446949
1572975505 3.838490757
1572975858 5.411488532
1572976255 4.009444876
1572976586 3.802578889
1572976916 3.847085798
1572977246 3.783089729
1572977609 3.975294909
1572977957 3.807062535
1573207023 3.891120889
1573207191 3.892794931
1573207360 3.847899925
1573207526 3.78564262
1573207696 3.819287164
1573207864 3.744531732
1573208031 3.754969861
1573208196 3.788829005
1573208363 3.792651953
1573208529 3.726894608
1573208735 3.827309671
1573209385 3.889681507
1573210051 3.921638818
1573210717 3.800520331
1573211383 3.91940778
1573212039 3.826695769
1573212688 3.781635957
1573213341 3.715352514
1573214009 3.88813412
1573214666 4.011803895
1573218202 3.959186708
1573218530 3.886123627
1573218922 3.828227464
1573220265 4.014886368
1573220432 3.882631707
1573220600 3.921535801
1573220769 3.738631289
1573220936 3.824887009
1573221104 3.729576967
1573221268 3.848815946
1573221437 4.363907048
1573221604 3.800994086
1573221773 3.93237208
1573221963 3.841065451
1573222133 3.875697606
1573222300 3.903522014
1573222465 3.885725824
1573222633 3.874284848
1573301113 3.912880819
1573301283 3.853704128
1573301464 4.982349653
1573301634 7.175401845
1573301818 3.83969678
1573301996 3.900027874
1573302165 3.994957158
1573302339 3.794652304
1573302508 3.90725139
1573302675 3.824178635
1573303829 3.819264225
1573303989 4.026741871
1573304154 3.776242861
1573304320 3.735744265
1573304479 3.997359483
1573304646 3.686550295
1573304805 3.82387815
1573304964 3.912068085
1573305128 3.7546598
1573305287 3.643452203
1573306445 3.912989075
1573306761 3.860488638
1573307092 3.495535075
1573307421 3.64270596
1573307738 3.826992681
1573308058 3.931531318
1573308373 3.574151844
1573308704 3.59059938
1573309024 3.538246795
1573309355 3.665219913
1573310195 3.672633231
1573310821 3.893196256
1573311436 3.737413647
1573312053 3.758087487
1573312752 3.704009277
1573313375 3.685700133
1573313995 3.815009714
1573314624 3.99639748
1573741857 3.684188056
1573741974 3.677124458
1573743606 3.759477136
1573743708 4.316204997
1573743807 3.614327766
1573743904 4.468853786
1573744004 3.765619572
1573744101 3.482836303
1573744198 3.311542754
1573744297 3.947859991
1573744392 3.82226471
1573744484 3.618541843
1573744689 4.082424807
1573744802 3.83000307
1573744900 4.142860723
1573745037 3.285563822
1573745220 3.526978569
1573745318 3.692482941
1573745420 3.601282582
1573745518 3.524065425
1573745618 3.410353927
1573745717 3.311991948
1573745819 3.468225852
1573745918 3.454361897
1573746014 3.582387046
1573746114 3.543842393
1573746212 3.549344003
1573746313 3.629382639
1573746414 3.513856989
1573746512 3.526681256
1573746607 3.630179318
1573748928 3.38553815
1573749024 3.642898376
1573749125 3.605436865
1573749237 3.317573754
1573749330 3.583373827
1573749463 4.267416642
1573749569 3.651539644
1573749668 3.961381804
1573749767 3.702512367
1573749863 3.628891622
1573752459 3.669281619
1573752718 3.459955146
1573752877 3.372782572
1573753034 3.463633055
1573753193 3.515823039
1573753347 3.639842003
1573753506 3.488019873
1573753659 3.712132615
1573753821 3.48998039
1573754641 3.669831126
1573754801 3.463578258
1573754962 3.831376888
1573755130 3.495448924
1573755288 4.983888291
1573755448 3.755334191
1573755604 3.409388998
1573755762 3.376580595
1573755920 3.584497571
1573756077 3.43367902
1573827971 3.841491954
1573828284 3.460861685
1573828594 3.368314138
1573828899 3.900251974
1573829204 3.592007457
1573829511 3.582072141
1573829891 3.704897486
1573830377 3.564501111
1573830685 3.665274436
1573830993 3.755896663
1573831385 3.460778519
1573831543 3.488802217
1573831701 3.465045131
1573831874 3.709290661
1573832026 3.68502298
1573832185 3.598347777
1573832341 3.847010097
1573832508 3.540915341
1573832664 3.540994727
1573832818 3.456164415
1573833014 3.800958299
1573833171 3.746742781
1573833335 3.748517042
1573833491 3.832277623
1573833650 3.543997138
1573901024 3.545925921
1573901181 3.532648039
1573901337 3.832369432
1573901493 3.71008028
1573901655 3.57867516
1573901808 3.905421705
1573901963 3.408092921
1573902121 3.959257721
1573902278 3.561255711
1573902434 3.659401588
1573902627 3.718041351
1573902935 3.592026658
1573903246 3.481043766
1573903557 3.628956572
1573903868 3.51764941
1573904177 3.480081484
1574685750 3.375713367
1574685940 3.489328026
1574686113 3.745244645
1574686271 3.54980495
1574686433 3.369447977
1574686597 5.013490658
1574686754 3.40478073
1574686947 3.531769615
1574687111 3.496392762
1574687287 3.59278665
1574687945 3.626266524
1574688264 3.642675886
1574689246 3.50445669
1574689617 3.467142992
1574689832 3.775410646
1574690003 3.421893405
1574690164 8.504808525
1574690341 3.488052261
1574690501 4.140772189
1574690670 3.926327928
1574690832 3.78262059
1574691016 3.360472135
1574691196 3.5036899
1574691948 3.543144184
1574692267 3.660083255
1574692588 6.270212867
1574693497 3.748306782
1574693821 7.578959457
1574694253 3.669859637
1574694583 3.465391539
1574695138 3.555634828
1574695475 3.95221036
1574695788 3.485106747
1574706681 3.465267322
1574706816 3.618471059
1574707060 3.532244219
1574707239 3.801108938
1574708027 3.785670556
1574708724 3.372058384
1574709106 3.575385244
1574709339 3.930736473
1574710449 3.397158509
1574710639 3.840464126
1574950731 3.503607764
1574951053 3.773914141
1574951441 3.461872388
1574951784 3.464802802
1574952103 3.557329567
1574952415 3.795671326
1574952831 3.368980932
1574953200 3.362853902
1574953509 3.232124335
1574953834 3.550892843
1574954163 3.552252922
1574954326 3.923455329
1574954502 3.453115772
1574954666 3.485647897
1574954851 3.570780922
1574955008 3.359649234
1574955267 3.610334901
1574955425 3.435440785
1574955585 3.621046891
1574955746 3.64121727
1575026494 3.572865318
1575026655 3.711606614
1575026816 3.548446876
1575026976 3.740878761
1575027140 4.140992858
1575027302 3.501027632
1575027468 3.62922898
1575027624 3.628011511
1575027788 3.516507654
1575027954 3.614673277
1575028134 3.462428802
1575028442 3.549907658
1575028754 3.408503195
1575029087 3.509109826
1575029404 3.869703061
1575029711 3.79410385
1575030027 3.528476117
1575030338 3.571123005
1575030655 3.466826096
1575030986 3.480387944
1575112810 3.599934114
1575112972 3.587283303
1575113133 3.499607274
1575113294 3.480179629
1575113452 3.571680024
1575113611 3.760850712
1575113769 3.490014503
1575113926 3.654812673
1575114088 3.739816092
1575114252 3.576002
1575114421 3.77200969
1575114724 3.623568959
1575115035 3.539823156
1575115344 3.584350746
1575115653 3.403295337
1575115967 3.708994116
1575116278 3.596323881
1575116590 3.719049935
1575116898 3.399745342
1575117206 3.603073698
1575289739 3.465666181
1575289904 6.383727873
1575290072 3.917281703
1575290254 3.537753981
1575290427 3.247189939
1575290602 5.651489096
1575290772 3.497465822
1575290932 5.975348959
1575291091 3.419698864
1575291252 3.759539015
1575292932 3.337517159
1575293266 3.636249765
1575293602 3.688092079
1575293939 3.564382937
1575294287 3.748155173
1575294624 3.63214742
1575294994 3.845267783
1575295388 3.965241492
1575295739 3.606349718
1575296947 3.631773753
1575384141 3.551598816
1575384301 3.48533603
1575384462 3.577297467
1575384620 3.526137551
1575384785 3.565233702
1575384940 3.408493009
1575385101 3.491663738
1575385263 3.536186377
1575385422 3.791395392
1575385585 3.644960402
1575385827 3.724381678
1575386138 3.718416789
1575386450 3.300325288
1575386855 3.662450786
1575387163 3.614555637
1575387474 3.404831158
1575387783 3.696699542
1575388092 3.456368743
1575388400 3.445477349
1575388705 3.423940165
1575397117 8.370723705
1575474398 3.55531794
1575556522 3.367168293
1575556683 3.48691698
1575556847 3.542075941
1575557027 3.53863873
1575557210 3.614194151
1575557394 3.444663634
1575557568 3.76321752
1575557742 3.678659923
1575558200 3.670164541
1575558390 3.436371574
1575558587 3.497870306
1575558898 3.713168087
1575559227 3.492809749
1575559537 3.428548867
1575559912 3.487647772
1575560240 3.631119451
1575560571 3.636253414
1575561102 3.627494251
1575561449 3.74621441
1575561807 3.594785872
1579184020 3.888696767
1579184735 3.479309972
1579184897 3.419702757
1579185058 3.566213158
1579185234 3.447685869
1579185409 3.910605489
1579185592 3.549007207
1579185766 3.574267033
1579185960 3.887146839
1579186133 3.454259403
1579186331 3.549031648
1579186673 4.884399466
1579187692 3.516348505
1579188019 3.848307443
1579188469 3.536408685
1579189001 3.428959223
1579189332 3.454087383
1579189663 3.586992322
1579189998 3.825102434
1579190334 3.415164783
1579351750 3.471694006
1579351918 3.502587445
1579352078 3.49831797
1579352239 3.412239068
1579352402 3.660914738
1579352566 4.346649277
1579352723 3.66434591
1579352885 3.756239863
1579353047 3.630038565
1579353210 3.48726259
1579354092 3.738450681
1579354399 3.626486714
1579354710 3.617818346
1579355021 3.590922345
1579355328 3.496362419
1579355637 3.659775579
1579355948 3.316733256
1579356252 3.386982289
1579356559 3.507757296
1579356865 3.376805776
1579522832 3.513322493
1579523042 3.381024663
1579523232 4.063677296
1579523397 3.545106068
1579523570 3.579527685
1579523752 3.550367826
1579523933 3.747896784
1579524122 3.42302331
1579524289 3.727014131
1579524457 3.713055477
1579524690 3.570642812
1579525035 3.451121991
1579525364 3.668612102
1579525756 3.571764615
1579526081 3.587920203
1579528377 3.657720662
1579528727 12.553434779
1579529181 3.71450472
1579529525 3.591657289
1579529837 3.402671503
1579537430 3.604446585
1580215291 3.456892313
1580215482 3.851494416
1580215650 3.550712222
1580215809 3.411878089
1580215970 3.407899995
1580216132 3.500283104
1580216293 3.817635237
1580216453 4.02003395
1580216613 3.473351259
1580216795 3.51858878
1580217826 3.584195874
1580218154 4.467646891
1580218469 3.685906628
1580218803 3.591671331
1580219156 3.552407998
1580219515 3.70917808
1580222244 3.491427857
1580222559 3.497626556
1580222873 3.718964344
1580223177 3.477879746
1580304705 3.584633739
1580304862 3.426434817
1580305023 3.744130858
1580305184 3.418624254
1580305368 3.423851351
1580305528 3.292932628
1580305691 3.384701366
1580305850 3.543835832
1580306006 3.707220034
1580306164 3.342672073
1580306469 3.521292365
1580306770 3.66791132
1580307086 86.17207627
1580307646 3.553935699
1580307956 4.013355432
1580308268 3.946747131
1580310471 3.878021362
1580310785 3.53946986
1580311099 3.548704191
1580311407 3.872829529
1580311781 3.361426378
1581935205 3.732746021
1581935363 3.995915499
1581935524 4.099763561
1581935690 3.576240481
1581935857 3.939451738
1581936029 4.066632878
1581936200 3.799797549
1581936360 3.941061694
1581936521 3.994479781
1581936697 3.927943867
1582026879 3.506650725
1582027041 3.383236875
1582027203 4.179034019
1582027373 3.930187944
1582027785 4.026261002
1582027948 3.977090294
1582028118 4.020457399
1582028284 4.12516497
1582028452 4.313724279
1582028621 3.370875174
1582113093 4.042503658
1582113261 3.853031482
1582113424 3.703232531
1582113593 3.545938879
1582113755 3.543921854
1582113932 3.72083915
1582114094 3.671714988
1582114257 4.303422774
1582114424 4.036905167
1582114588 4.089597092
1582114752 3.570955883
1582114913 4.11606405
1582115079 3.758970882
1582115246 4.060364626
1582115409 4.053748991
1582115573 3.91877057
1582115736 3.89916198
1582115899 3.48960761
1582116081 3.420172612
1582116297 3.554863478
1582116470 3.470745144
1582116639 3.548855874
1582118957 3.619104207
1582119119 3.465581606
1582119289 4.224066009
1582119455 3.656177954
1582119641 4.018590111
1582119804 4.072539774
1582119974 3.479225193
1582120147 4.01511577
1582120870 3.423185705
1582121039 3.888646882
1582121283 3.560472303
1582121445 3.981134225
1582125188 3.511285675
1582125348 3.907437267
1582125831 3.561343597
1582125998 3.659532954
1582126166 3.97409206
1582126327 3.791418514
1582126495 4.172281743
1582126656 3.496699649
1582126823 4.047815401
1582126985 4.012192067
1582127146 3.926764691
1582127312 7.090907905
1582127482 3.417905302
1582127646 3.962944519
1582127810 4.006622901
1582127970 3.530644237
1582128136 3.984314927
1582128294 3.727083639
1582128477 3.501550289
1582128639 3.445222364
1582128806 3.424911663
1582128968 3.496753616
1582129141 3.466571161
1582129299 3.491346256
1582129460 3.914102133
1582129625 3.867798624
1582185047 3.436147158
1582185228 3.370303767
1582185963 3.856204596
1582186123 3.592901877
1582186282 3.833201531
1582186855 3.926591379
1582187819 3.830860349
1582187977 5.220596115
1582188137 4.003271674
1582188298 3.526666982
1582193748 3.746628913
1582193911 3.745367387
1582194076 3.92414558
1582194232 3.496492641
1582194393 3.747527888
1582194558 3.68394071
1582194717 3.720415241
1582194888 3.751027029
1582195048 4.059586895
1582195210 3.75090428
1582195704 3.670464812
1582195864 3.761858941
1582196022 3.511555031
1582196182 3.715417064
1582196341 3.541687612
1582196500 3.719018136
1582196658 3.672247657
1582196817 3.821279843
1582196979 3.772287275
1582197145 3.756704774
1582197303 3.49065999
1582197469 3.706579754
1582197639 3.485582688
1582197797 3.962657294
1582197956 3.939471355
1582198113 3.683618679
1582198275 3.852502188
1582198432 3.692554394
1582198713 3.500921002
1582199062 3.494462719
1582631369 4.003725957
1582631529 3.94111758
1582631686 3.564786746
1582631843 3.631917987
1582631999 3.900654596
1582632157 3.891874526
1582632317 3.96522797
1582632480 3.656541255
1582632637 3.941519033
1582632800 3.863739801
1582884496 3.67550614
1582884676 4.017556621
1582884844 4.950892834
1582885006 3.552172656
1582885171 3.704119933
1582885334 3.639900041
1582885493 3.773369249
1582885655 5.054574608
1582885817 8.14984145
1582885978 3.676473068
1574710639 3.840464126
1574707060 3.532244219
1574708724 3.372058384
