1569854551 6.676194159
1571330247 6.958910135
1571766604 6.824101124
1571767387 6.768851425
1572537492 5.581509803
1572538148 5.578106349
1572538808 5.692346706
1572539461 5.58679915
1572540108 5.592773661
1572541013 5.553684264
1572541667 5.498889991
1572542316 5.683124624
1572542963 5.602023558
1572543628 5.65781584
1572871382 5.635237868
1572872032 5.739570966
1572872709 5.507859823
1572873362 5.629603271
1572874016 5.535520845
1572875078 5.456183594
1572875939 5.636110957
1572877164 5.462568698
1572877813 5.570765583
1572879059 5.440560039
1572967449 5.57787374
1572968105 5.617601755
1572969408 5.668368873
1572970069 5.617846478
1572970719 5.623590701
1572971371 5.44073341
1572972034 5.527125592
1572972692 5.746420706
1572973408 5.622504561
1572974057 5.501426955
1572974709 5.48951387
1573208992 5.567347457
1573209647 5.710610722
1573210322 5.37946773
1573210990 5.681164262
1573211649 5.640718351
1573212297 5.480233675
1573212948 5.588199036
1573213599 5.755065558
1573214271 5.65646763
1573214929 5.50689011
1573310444 5.177048771
1573311064 4.999723895
1573311679 5.148360797
1573312384 5.147514347
1573312995 5.164294427
1573313621 5.184702425
1573314254 5.12199689
1573314867 5.091297157
1574697056 4.958165236
1574709591 5.281292939
1574710878 5.174951607
1574710878 5.174951607
