1569854660 5.578176701
1569856251 4.848335331
1571330322 5.812560465
1571766679 5.627461144
1571767462 5.675940915
1572537557 4.551305016
1572538210 4.628281318
1572538870 4.563680827
1572539523 4.500244227
1572540170 4.609211677
1572541076 4.523007308
1572541729 4.543152109
1572542378 4.561865996
1572543025 4.521032061
1572543690 4.616616219
1572871444 4.659560663
1572872095 4.664198436
1572872773 4.550566209
1572873425 4.491577909
1572874083 4.56567666
1572875147 4.538265527
1572876000 4.562951606
1572877226 4.412453796
1572877881 4.72722276
1572879121 4.619236872
1572967512 4.560022894
1572968169 4.555275853
1572969470 4.578832216
1572970131 4.527110445
1572970781 4.606782407
1572971442 4.50920852
1572972105 4.600967326
1572972754 4.594478449
1572973470 4.622635997
1572974119 4.593993636
1572974771 4.671698121
1573209054 4.512207481
1573209709 4.616150069
1573210385 4.457931712
1573211053 4.446537699
1573211711 4.544630272
1573212359 4.573963559
1573213013 4.665974261
1573213661 4.520397351
1573214333 4.527651795
1573214992 4.569891571
1573310506 4.099175057
1573311123 4.186230518
1573311736 4.104220258
1573312443 4.091107962
1573313056 4.19800287
1573313682 4.43543458
1573314311 4.382730925
1573314926 4.1066547
1574696533 4.227020627
1574697114 4.301815878
1574697706 4.211487289
1574698278 4.201196316
1574698866 4.231245496
1574709677 4.179518155
1574710936 4.185070614
1574710936 4.185070614
