1569849956 9.771797629
1569850160 9.927932408
1569849956 9.771797629
1569850160 9.927932408
1569850692 7.942166638
1569850973 9.762499429
1569851179 9.704073709
1569851528 10.029529677
1569851735 9.956340939
1569851965 9.521816339
1569852195 9.599602423
1569852432 9.973007662
1569852649 9.6155472
1569853040 9.78042844
1569853351 9.998133215
1570543078 12.299015161
1570543439 9.839711375
1570543641 9.952582891
1570544570 9.860391661
1570544774 10.454132319
1570545031 9.389234619
1570545240 10.086148491
1571322949 9.579703423
1571325072 10.073297095
1571325269 9.789245192
1571325468 9.684150402
1571325672 9.459712196
1571325871 10.025200106
1571326072 9.843685766
1571326763 9.72415087
1571326975 9.535531168
1571327182 9.756152616
1574707064 9.312527297
