1569854669 4.445145491
1569856261 2.213639537
1571330331 4.180209573
1571766688 4.450847292
1571767472 4.486343616
1572537565 3.46722668
1572538218 3.415111355
1572538878 3.495383854
1572539531 3.417814657
1572540178 3.504357213
1572541083 3.463842783
1572541737 3.431362811
1572542385 3.283720787
1572543033 3.41116926
1572543698 3.368574412
1572871452 3.244087652
1572872103 3.366238249
1572872781 3.576685727
1572873432 3.272203022
1572874090 3.316169069
1572875155 3.514277571
1572876008 3.282307912
1572877234 3.320111664
1572877889 3.316784516
1572879129 3.446784909
1572967520 3.388691741
1572968177 3.321884328
1572969478 3.4726175
1572970139 3.366511594
1572970789 3.50548911
1572971450 3.444899632
1572972112 3.405727863
1572972762 3.248333092
1572973477 3.376935534
1572974127 3.356279389
1572974779 3.196098922
1573209062 3.26804637
1573209717 3.498932851
1573210392 3.358949286
1573211060 3.471029865
1573211719 3.554870999
1573212367 3.508964522
1573213020 3.400478777
1573213669 3.349166949
1573214341 3.383434649
1573215000 3.500734568
1573310513 3.09429855
1573311130 3.249651437
1573311743 2.939201898
1573312450 3.200682418
1573313063 3.258621949
1573313690 3.14867506
1573314319 3.392404805
1573314933 3.283356572
1574696541 2.80986015
1574697121 2.731112075
1574697713 2.95783825
1574698285 2.877809666
1574698873 2.903343423
1574709684 2.899089847
1574710944 2.864643323
1574710944 2.864643323
