1569850010 6.71482445
1569850214 6.854116085
1569850010 6.71482445
1569850214 6.854116085
1569850744 6.967824957
1569851027 7.114190897
1569851233 6.611919276
1569851583 6.64840466
1569851795 6.87441665
1569852019 6.785558845
1569852249 6.653884465
1569852486 6.446785419
1569853095 6.703423692
1569853408 7.675635895
1570543134 6.250354585
1570543496 6.411383185
1570543706 6.419315756
1570544623 6.659810384
1570544882 6.319583144
1570545083 6.471823404
1570545300 6.585300639
1571323007 6.575993577
1571325125 6.678718077
1571325321 6.587571712
1571325727 6.549748536
1571325923 6.479395731
1571326124 12.649433931
1571326815 6.553376469
1571327031 6.49229787
1571327240 6.403956968
1571395916 6.801927792
1571396114 6.644012405
1571396310 6.661391072
1571396509 6.702923184
1571396708 7.086268994
1571396934 6.7408593
1571397139 6.618674635
1571397341 6.647258709
1571397537 6.851588063
1571397734 6.745392036
1571404983 6.601957111
1571405181 6.619564426
1571405379 6.702166389
1571405607 6.597085672
1571405811 6.86521085
1571409029 6.687521421
1571409231 6.722903817
1571409649 6.660940264
1571664417 4.763035879
1571664962 6.92821269
1571665160 6.191337993
1571665371 6.790678357
1571665565 6.613710628
1571665761 6.660121817
1571668178 6.810330718
1571668376 6.694782852
1571668581 6.168477757
1571668775 6.819062874
1571668976 6.628661886
1571752049 6.583732253
1571752244 6.746665235
1571752444 6.795611792
1571752648 6.676801917
1571752843 6.573755444
1571753039 6.803806317
1571753236 6.615414912
1571753433 6.774776293
1571753631 6.715650897
1571753828 7.130160638
1571760186 6.670021513
1571760380 6.803867114
1571760585 6.637105674
1571760781 6.253710214
1571760983 6.872366761
1571761191 7.143670568
1571761390 6.578706915
1571761585 6.672840394
1571761781 6.735428946
1571761989 6.485129988
1572003291 6.819412209
1572003488 6.732634151
1572003684 6.650590663
1572003881 6.738011463
1572004077 7.065020274
1572004274 6.682824678
1572004468 6.974120841
1572004667 6.665093362
1572004869 6.753871398
1572005068 6.582956186
1572011269 6.575887902
1572011466 6.692157722
1572011661 6.61649589
1572011859 6.819749514
1572012055 6.900529131
1572012253 6.781117825
1572012448 6.339311562
1572012642 6.642459517
1572012837 6.605738462
1572013031 6.674254131
1572265090 6.660523431
1572265287 6.624630385
1572265486 7.053139646
1572265684 6.961434169
1572265889 6.674706536
1572266091 6.7730685
1572266288 7.21041633
1572266488 6.793898793
1572266687 6.748197118
1572274152 5.283395856
1572274325 5.379994186
1572274493 5.636801216
1572274666 5.410122702
1572274833 5.315145003
1572275003 5.45125096
1572275175 5.600074829
1572275351 5.352166623
1572275521 5.386450533
1572275694 5.282651392
1572361303 6.5744398
1572361696 6.687731534
1572361891 6.633745686
1572362090 6.566046851
1572362283 6.707415013
1572362480 6.505212248
1572362679 6.68117921
1572362874 6.96210639
1572363070 6.839240253
1572366943 5.311625642
1572367111 5.489139528
1572367284 3.945141499
1572367449 5.327882575
1572367632 5.148900518
1572367809 5.321942117
1572367978 5.466106896
1572368147 5.319676076
1572368314 5.51296295
1572368478 5.508204999
1572532421 6.743733353
1572532622 6.926093821
1572532827 6.687271662
1572544531 5.299991479
1572544699 5.41927175
1572544870 5.406813587
1572545043 5.480137585
1572545216 5.309614496
1572870045 5.307642834
1572870262 5.299038011
1572870446 4.20008431
1572870666 5.267006681
1572870835 5.519341137
1572965424 5.486955325
1572965592 5.499393881
1572965759 5.335386771
1572965928 5.41226039
1572966100 5.380019389
1572966266 5.351909508
1572966438 5.688385827
1572966621 5.404833144
1572966801 5.315181905
1572966964 5.420859201
1573207072 5.404123932
1573207240 5.365764682
1573207409 5.673567798
1573207574 5.581460463
1573207744 5.376162039
1573207912 5.252758763
1573208079 5.417317607
1573208244 5.457007382
1573208412 5.748328444
1573208578 5.381081533
1573220313 5.417674996
1573220481 5.313857355
1573220648 5.249411124
1573220817 5.27483515
1573220985 5.341804193
1573221152 5.446995253
1573221316 5.327530444
1573221486 5.32463526
1573221653 5.401818945
1573221822 5.40873478
1573222011 5.372368107
1573222181 5.274922663
1573222348 5.379227101
1573222514 5.329077496
1573222684 5.598629514
1573301162 5.407792023
1573301330 5.436670424
1573301512 5.24626815
1573301680 5.59507331
1573301868 3.821940914
1573302046 5.505618139
1573302213 5.37233021
1573302388 5.060653521
1573302557 5.231812407
1573302740 5.493633672
1573303877 3.67294407
1573304040 4.727070992
1573304200 5.09115744
1573304367 4.769589658
1573304526 5.103717013
1573304692 4.822769983
1573304852 3.844771779
1573305011 5.029689595
1573305173 4.648038111
1573305333 4.930780521
1573752505 4.723893008
1573752923 4.918874026
1573753081 4.905694456
1573753238 4.571875484
1573753394 4.620647521
1573753552 4.862966279
1573753706 3.623669266
1573753867 4.62511982
1573754847 4.558360701
1573755008 4.725403318
1573755175 4.637546292
1573755338 4.76038654
1573755495 4.895816605
1573755649 4.658937746
1573756123 5.086408472
1573831589 4.619631909
1573831747 4.615638588
1573831919 4.485839867
1573832071 4.620979436
1573832390 4.990534762
1573832554 4.476046377
1573832709 5.035014982
1573832865 4.78748115
1573833060 4.611471809
1573833216 4.715345548
1573833381 4.687187777
1573833537 4.554104248
1573833695 4.645474261
1573901069 4.489528481
1573901227 4.776434953
1573901383 4.922130537
1573901539 4.538543881
1573901700 4.836603262
1573902009 4.95339088
1573902167 4.617043151
1573902325 4.629851301
1573902480 4.782785286
1574685799 4.716481335
1574685989 7.36041279
1574686160 4.737288168
1574686322 4.860815669
1574686479 4.770917323
1574686646 4.652589385
1574686809 4.647234617
1574686995 7.014632975
1574687171 4.678902311
1574687334 4.808156685
1574689664 4.867236982
1574689880 4.792738162
1574690049 4.696174523
1574690218 5.564318092
1574690388 5.063182653
1574690720 4.526941864
1574690878 4.683644028
1574691063 4.652285998
1574691242 4.738800262
1574706864 4.530816841
1574707106 4.751073504
1574954208 5.163808931
1574954373 4.665013995
1574954550 4.658221717
1574954714 4.697383263
1574954897 5.16257628
1574955055 4.780022124
1574955313 4.575326503
1574955473 4.791774814
1574955631 4.664033937
1574955794 3.532488354
1575026541 4.651824794
1575026701 4.751726728
1575026863 4.595784826
1575027023 4.504398654
1575027187 4.951868782
1575027349 4.641402443
1575027515 4.587373572
1575027671 4.607416154
1575027836 4.612211658
1575028000 4.955132459
1575112856 4.651733636
1575113017 8.033278217
1575113179 4.575809113
1575113341 4.629305647
1575113499 5.094973457
1575113658 4.597149897
1575113815 4.750543332
1575113973 4.663992873
1575114137 4.651536444
1575114297 4.573912555
1575289786 4.787823469
1575289953 4.465984661
1575290121 4.616188382
1575290301 4.727241665
1575290477 4.842839928
1575290653 4.913143694
1575290818 4.643486477
1575290975 4.770149257
1575291138 4.698651092
1575291299 4.642587073
1575384188 4.708875817
1575384347 4.708055264
1575384508 4.666488725
1575384667 4.694277859
1575384830 4.759401123
1575384989 4.805517255
1575385149 5.042927224
1575385308 4.699299317
1575385472 4.745792828
1575385632 4.463230057
1575556569 4.663017058
1575556730 4.397747202
1575556902 4.586514118
1575557087 4.603455751
1575557257 4.564423042
1575557441 4.566483249
1575557616 4.951663627
1575557789 4.609898493
1575558248 4.872229696
1575558435 3.82075719
1579184067 4.550830719
1579184782 4.7866798
1579184943 4.746570219
1579185107 4.695170888
1579185280 4.652898153
1579185459 4.79001764
1579185641 4.590163777
1579185820 4.481680663
1579186180 4.789930879
1579351797 4.587604499
1579351963 4.615501021
1579352124 4.613793762
1579352285 4.728270256
1579352448 4.743894947
1579352612 4.64708282
1579352770 4.67840223
1579352931 5.861904771
1579353094 4.610699789
1579353967 4.62723057
1579522885 4.682890242
1579523089 5.036729536
1579523280 4.634501715
1579523445 3.412702487
1579523618 4.448914342
1579523799 4.68675112
1579523981 4.664540872
1579524171 3.220191613
1579524337 4.52471528
1579524504 4.819930689
1579537490 4.735375157
1580215341 8.15960398
1580215533 4.779202505
1580215697 5.07288195
1580215855 5.298047519
1580216016 4.693061268
1580216179 4.97180843
1580216338 4.631151809
1580216502 4.747554206
1580216659 4.414911817
1580216843 4.601488038
1580304751 4.607569748
1580304908 4.692980695
1580305070 4.560076653
1580305231 4.537458845
1580305414 4.81978245
1580305577 4.389777054
1580305739 5.052020844
1580305896 4.654275639
1580306051 4.725352168
1580306211 4.776453364
1581935252 4.62458722
1581935410 4.604113493
1581935571 4.72810855
1581935737 4.774861855
1581935904 4.726384868
1581936075 4.704165393
1581936246 4.589474846
1581936410 4.664370565
1581936568 4.593780201
1581936744 4.50743856
1582026925 4.682503078
1582027087 4.716574489
1582027252 4.536372391
1582028165 4.659941741
1582028500 5.438872869
1582028670 5.125475621
1582113141 4.579390701
1582113308 4.902439679
1582113472 4.499957871
1582113640 4.549453774
1582113979 5.207569398
1582114142 5.4229615
1582114305 4.840562004
1582114472 5.35944145
1582114799 4.550932112
1582114965 5.103690141
1582115126 5.084538936
1582115294 4.512598921
1582115457 5.18009008
1582115621 4.523054122
1582115784 5.405179001
1582116129 4.475128495
1582116344 4.446261556
1582116686 4.644482586
1582119005 4.482032718
1582119167 4.495184061
1582119338 4.636207521
1582119513 5.301209949
1582119689 4.611696482
1582119852 5.01231244
1582120023 5.216575451
1582120199 5.219798562
1582120920 5.250036249
1582121086 5.206941965
1582121331 4.480192968
1582125235 4.531946945
1582125677 3.190994107
1582125879 5.214180046
1582126045 5.141719654
1582126543 4.649429168
1582126704 5.125292138
1582126870 4.568504778
1582127032 4.507951491
1582127194 5.182990424
1582127362 5.621110843
1582127530 3.601561651
1582127693 4.524377113
1582127856 4.526811417
1582128017 4.581406773
1582128183 4.599293282
1582128363 4.49653589
1582128523 5.479304807
1582128686 5.343994572
1582128853 4.636071171
1582129019 5.668336131
1582129188 4.661389985
1582129346 5.441992626
1582129507 5.203051973
1582129671 4.624200691
1582185095 4.402487032
1582185275 4.496192637
1582186009 4.724941414
1582186169 4.632781098
1582186902 4.660000356
1582187865 4.682580026
1582188024 4.608482472
1582188184 4.650068585
1582188344 4.572780731
1582193795 4.608331848
1582193959 4.654777376
1582194123 4.697925293
1582194280 3.284932978
1582194440 4.755430469
1582194604 4.70310362
1582194767 4.684724281
1582194934 4.627161421
1582195094 4.666683543
1582195753 3.50340702
1582195910 4.735704662
1582196069 4.648921283
1582196228 4.699356145
1582196387 4.594300806
1582196546 4.591866946
1582196704 4.57596256
1582196864 4.860572052
1582197027 4.534670397
1582197194 4.658215162
1582197516 4.561920675
1582197687 4.523137959
1582197844 4.708873675
1582198003 4.599394542
1582198159 4.522471026
1582198321 4.643096878
1582198479 4.682148714
1582198759 4.578994916
1582199110 4.629713405
1582631415 4.697656603
1582631576 4.337877391
1582631732 4.607931712
1582631889 4.639847967
1582632046 4.718269328
1582632203 4.566482518
1582632363 4.603692162
1582632525 4.554572172
1582632686 4.562825255
1582632846 4.659048607
1582884546 5.027435551
1582884723 4.588043824
1582884892 4.702953723
1582885057 3.5041083
1582885220 4.718735919
1582885383 4.580410873
1582885541 4.576784324
1582885703 4.65633838
1582885869 4.935685209
1582886026 4.597082657
1574707106 4.751073504
