1570448877 4.0749823
1570449378 3.579399609
1571323364 3.462750222
1571323756 3.686145169
1571324159 3.49654748
1571324558 3.566302175
1571327489 3.328277835
1571327879 3.361986585
1571328270 3.327369722
1571328661 3.588978959
1571329052 3.608852363
1571329443 3.488207183
1571330036 3.751345987
1571397991 3.684553668
1571398387 3.506418183
1571398780 3.497655921
1571399171 3.830877861
1571399562 3.612581366
1571399959 3.464129481
1571400780 3.56550903
1571401172 3.547676901
1571401564 3.589171438
1571406945 3.58600411
1571407335 3.49968463
1571407728 3.576476508
1571408116 3.40256722
1571408510 3.439260565
1571666003 3.406989248
1571666391 3.495466286
1571666784 3.315411125
1571667176 3.442514516
1571667620 3.552937418
1571669272 3.713775708
1571754182 3.761068879
1571754573 3.452742275
1571754974 3.619593229
1571755370 3.496151494
1571756602 3.751434261
1571757033 3.076853927
1571757461 3.564163959
1571757857 3.496052611
1571758641 3.717195778
1571762255 3.712564239
1571762651 3.768523763
1571763044 3.528551161
1571763432 3.375311509
1571763826 3.451551254
1571764232 3.448397201
1571764642 3.418681746
1571765033 3.822421236
1571765423 3.487947271
1571765813 3.809596488
1571766391 3.67858733
1571767173 3.458046783
1572006430 4.550675785
1572007140 3.783666564
1572007532 3.528546528
1572008034 3.473296753
1572008435 3.555954361
1572008838 3.497794948
1572009621 3.717185809
1572010013 3.527332367
1572010409 3.365284508
1572013755 3.596207054
1572014147 3.511033501
1572014537 3.444826793
1572014927 3.621308248
1572268978 3.559227366
1572269398 3.777309871
1572269812 3.459629188
1572270219 3.575986716
1572270614 3.543512426
1572272349 3.011339649
1572272679 2.701561226
1572273013 2.949975076
1572273360 2.953841245
1572273693 2.903124174
1572276117 2.860415282
1572276453 2.934102681
1572276788 2.682083555
1572277119 2.871081105
1572277454 2.928539854
1572277814 2.865452225
1572278146 2.989156654
1572278477 2.900531089
1572363536 3.231895555
1572363866 2.831682391
1572364196 2.795096625
1572364526 2.936508464
1572364865 2.730665078
1572365201 2.860532918
1572365578 2.854896761
1572365952 2.907618242
1572366293 2.843963223
1572366627 2.824289215
1572369655 2.869327309
1572369985 2.884504718
1572370315 2.8114038
1572370648 2.850344319
1572370976 2.906615322
1572371309 2.951934954
1572371638 2.794867977
1572371970 2.862122346
1572372298 2.7704294
1572372628 2.954814729
1572533639 3.153932856
1572533983 3.907663608
1572534329 3.067692314
1572534672 2.68889038
1572535006 2.956517381
1572535354 3.117779733
1572535684 2.85737016
1572536019 2.929449014
1572536382 2.820140871
1572536718 2.844689336
1572537317 2.814572853
1572537974 3.361342366
1572538633 3.027373699
1572539933 2.861514132
1572540839 2.977531046
1572541493 2.882330106
1572542142 2.870325024
1572542789 2.889445869
1572543453 3.08781167
1572871207 2.8625019
1572871857 3.001219927
1572872534 2.780495695
1572873187 2.938813134
1572873839 2.840565078
1572874899 2.756438841
1572875764 2.73075761
1572876989 2.939823201
1572877639 2.950775206
1572878866 3.081242461
1572880263 2.873061433
1572880599 2.913062964
1572880945 2.734425694
1572881283 2.809106633
1572881616 2.705237858
1572881949 2.752705963
1572882278 2.597438559
1572882669 2.644627864
1572883021 2.816064163
1572883359 2.820894257
1572967272 2.858708806
1572967931 2.77906887
1572969232 2.882931501
1572969894 2.936073971
1572970543 2.783274756
1572971194 2.934332791
1572971856 2.951923056
1572972517 2.811487991
1572973230 2.788257046
1572973882 3.021154044
1572974534 2.815276583
1572975257 3.292317976
1572975588 2.797932492
1572975955 2.88264634
1572976337 2.983537821
1572976669 2.928343803
1572976998 2.812184345
1572977329 2.927811317
1572977691 2.786292051
1572978039 2.971904688
1573208817 2.951011284
1573209471 2.935947594
1573210146 2.91058676
1573210815 2.731592752
1573211472 2.801242928
1573212121 2.971659149
1573212773 2.683080244
1573213424 2.992584473
1573214094 2.82661876
1573218284 2.825167754
1573218616 2.948039446
1573306526 2.591038554
1573306841 2.709227221
1573307179 2.518309673
1573307817 2.534962903
1573308138 2.552132492
1573308465 2.611798316
1573308783 2.526239073
1573309105 2.604198878
1573309436 2.854903128
1573310275 2.490467816
1573310900 2.80962265
1573311515 2.524741523
1573312218 2.527541639
1573312829 2.516119109
1573313455 2.62309004
1573314087 2.510977664
1573314703 2.769876156
1573828050 2.480743599
1573828360 2.457026341
1573828671 2.469259303
1573828976 2.508973761
1573829280 2.471330653
1573829589 2.476583361
1573830145 2.606175141
1573830456 2.456771988
1573830763 2.471898426
1573831070 2.522694682
1573902704 2.390936698
1573903012 2.387329304
1573903323 2.516324683
1573903634 2.508511002
1573903945 2.428090791
1573904254 2.514466852
1574688023 2.628583253
1574688340 2.553999305
1574692031 2.904745215
1574692348 2.530238763
1574693264 2.472996618
1574693910 2.510063029
1574694660 2.414365844
1574695214 2.523548117
1574695555 2.511077614
1574695864 2.427702799
1574696320 2.555362445
1574696891 2.443352999
1574697490 2.478800549
1574698068 2.472268278
1574698653 2.491491999
1574708801 2.432328425
1574709430 2.606028283
1574710716 2.713962359
1574710716 2.713962359
1574708801 2.432328425
