1569849956 43.367498116
1569850160 43.102993149
1569849956 43.367498116
1569850160 43.102993149
1569850692 41.8472481
1569850973 42.880895428
1569851179 42.980011584
1569851528 43.45756983
1569851735 43.461728046
1569851965 42.750760339
1569852195 42.961200668
1569852432 43.25778802
1569853040 43.327576445
1569853351 45.40701796
1570543078 45.213255608
1570543439 46.106162493
1570543641 54.694923644
1570544570 42.059121642
1570544774 97.518199941
1570545031 41.00111334
1570545240 48.390011502
1571322949 46.39321065
1571325072 41.67149299
1571325269 41.407666105
1571325468 47.053014863
1571325672 43.315860466
1571325871 40.755649751
1571326072 41.755095205
1571326763 41.270333897
1571326975 45.030830497
1571327182 46.028130398
1574707064 32.730453461
