1569849985 6.214410987
1569850188 6.159828063
1569849985 6.214410987
1569850188 6.159828063
1569850719 5.976481084
1569851001 6.253553064
1569851208 6.014843857
1569851557 6.177733106
1569851764 6.251008586
1569851994 6.172969577
1569852223 5.852323864
1569852461 6.104079885
1569853069 5.999248565
1569853381 6.098543877
1570543109 5.604851525
1570543472 5.732736278
1570543669 11.773279638
1570544598 6.002118201
1570544824 35.604013475
1570545058 5.943425598
1570545275 5.791338844
1571322982 5.845454676
1571325100 5.710868936
1571325296 5.920593683
1571325501 6.111108992
1571325702 5.404992695
1571325898 5.708269016
1571326099 6.069818776
1571326790 5.839214413
1571327006 5.883698608
1571327214 5.835554768
1574707086 4.397777612
