1569849916 2.513152784
1569850120 2.343404702
1569849916 2.513152784
1569850120 2.343404702
1569850930 2.351604054
1569851139 2.272393453
1569851474 13.219672098
1569851695 2.477922847
1569851925 2.400642251
1569852154 2.302074791
1569852392 2.243781745
1569852609 2.385664504
1569852999 2.446341651
1569853311 2.476166402
1569853550 2.135463419
1569854192 2.373790326
1569855151 2.488929988
1569855596 4.269792938
1570446923 2.283376223
1570448016 2.267828593
1570448743 2.203417125
1570449212 2.19364288
1570543038 2.244297575
1570543398 2.135102856
1570543601 2.325186985
1570544531 2.207934896
1570544730 2.30071992
1570544992 2.280102065
1570545197 2.44895576
1571322910 2.265364632
1571323232 2.213401614
1571323625 2.365274074
1571324027 2.223978896
1571324427 2.336303303
1571325033 2.232994522
1571325229 2.211808161
1571325429 2.314762062
1571325633 2.214707794
1571325832 2.208198437
1571326032 2.125968857
1571326723 2.187659164
1571326936 2.21916905
1571327143 2.188128626
1571327357 2.284717318
1571327747 2.254403874
1571328138 2.124101032
1571328529 2.181272797
1571328920 2.128518029
1571329312 2.25202151
1571329905 2.362318546
1574710613 1.674014385
1574707034 1.629647621
1574708698 1.539255306
