1569853705 49.92201842
1569854347 14.212477765
1569855321 14.308013726
1569855759 14.276323148
1570447087 13.804396243
1570448892 13.339838433
1570449393 13.290161824
1570449829 13.773900973
1571323379 13.253904919
1571323771 13.175426388
1571324174 13.338654516
1571324572 13.241695558
1571327503 13.331361158
1571327894 13.266768535
1571328285 13.181885459
1571328676 13.207794722
1571329067 13.175705432
1571329458 13.341260958
1571330051 13.34980405
1574710728 9.803161284
1574708812 10.219757841
