1569854709 7.04771568
1569856319 6.761019286
1571330370 7.143048269
1571766727 7.117445245
1571767511 6.902715177
1572537598 5.602493024
1572538251 5.64491605
1572538911 5.564389616
1572539564 5.554662316
1572540211 6.675192182
1572541116 5.695196343
1572541770 5.73279442
1572542418 5.741448483
1572543065 5.728187506
1572543730 5.708447221
1572871484 5.608926792
1572872135 5.661398018
1572872814 6.023333759
1572873465 5.711891303
1572874123 5.622102964
1572875187 5.893377644
1572876043 4.418193656
1572877268 5.665120172
1572877923 5.640162035
1572879162 5.600456071
1572967552 5.703614132
1572968211 5.682280356
1572969510 5.716618447
1572970172 5.695933893
1572970822 5.691824048
1572971484 5.670694044
1572972145 5.679033256
1572972794 5.762869222
1572973511 5.635664015
1572974160 5.787162897
1572974817 5.665221897
1573209094 5.558504298
1573209765 5.516299655
1573210425 5.598022815
1573211093 5.630046488
1573211753 5.571096204
1573212400 5.682981775
1573213053 5.707486901
1573213702 5.586964808
1573214375 5.72845062
1573215032 5.665140452
1573310543 5.16556366
1573311161 5.523063333
1573311774 5.168219438
1573312480 5.421484724
1573313095 5.722482346
1573313721 5.508767506
1573314350 5.047983444
1573314963 5.464257877
1574697152 5.26231091
1574698903 5.237162615
1574709715 5.287671318
1574956323 5.337177764
1574958763 5.325859731
1574959951 5.029585343
1574960528 5.18583567
1574961139 5.472129996
1574961774 5.322729324
1575037704 5.307971617
1575039277 5.419855436
1575120538 5.387350631
1575121103 5.467856956
1575122724 5.249092354
1575123282 5.294644001
1575123840 5.534396917
1575124397 5.158519914
1575298418 5.213990348
1575298988 5.284490268
1575300756 5.25054758
1575302138 5.40185507
1575390325 5.337735165
1575392024 5.303824682
1575392835 5.310096224
1575393470 5.543861677
1575562570 5.301251738
1575564501 5.258569321
1575565083 5.51509266
1575566221 5.368294045
1579191790 5.406770437
1579192357 5.361762218
1579192942 5.280264402
1579194092 5.252570903
1579194660 5.37662906
1579195815 5.107433923
1579360721 5.44947319
1579361276 5.430606939
1579361832 5.265827399
1579362386 5.561943259
1579363509 5.268706085
