1569849934 2.727337702
1569850138 2.604620488
1569849934 2.727337702
1569850138 2.604620488
1569850948 2.854984745
1569851157 2.729489715
1569851506 2.734889698
1569851713 2.991964103
1569851943 2.695109962
1569852172 2.91383883
1569852410 2.611372709
1569852627 2.691948172
1569853018 2.740718451
1569853329 2.699204902
1569853570 2.551802683
1569854210 2.708965285
1569855169 2.993648638
1569855616 2.66860931
1570446941 2.46969643
1570448033 2.869519742
1570448760 2.717265026
1570449229 2.708470454
1570543056 2.668019359
1570543415 3.020882785
1570543619 2.587455454
1570544548 2.418410158
1570544748 2.590055245
1570545009 2.68000469
1571322928 2.575473986
1571323250 2.5695339
1571323642 2.662113503
1571324044 2.646912736
1571324444 2.523560246
1571325050 2.803556697
1571325247 2.678165986
1571325446 2.738811073
1571325651 2.604209695
1571325849 2.673564558
1571326050 2.449390208
1571326741 2.476706369
1571326953 2.602096157
1571327160 2.762966941
1571327375 2.740628924
1571327765 2.783569289
1571328156 2.689175214
1571328547 2.68287479
1571328938 2.638085801
1571329330 2.769690863
1571329922 2.732894493
1574710626 2.1309083
1574708711 1.88673806
