1569854533 2.788893513
1569855977 3.756459891
1571330230 2.719627041
1571766586 2.782853977
1571767369 2.78237334
1572537478 2.188467597
1572538134 2.217593282
1572538794 2.270765466
1572539447 2.212107427
1572540094 2.174178361
1572540999 2.204495088
1572541653 2.269886844
1572542301 2.214628782
1572542949 2.268640106
1572543614 2.344250565
1572871368 2.207822197
1572872018 2.234315261
1572872695 2.305967364
1572873348 2.181934357
1572874001 2.257816355
1572875063 2.219180878
1572875924 2.256392526
1572877150 2.170473918
1572877799 2.171103602
1572879044 2.23266434
1572967435 2.315230028
1572968091 2.261106149
1572969393 2.258294361
1572970054 2.301444044
1572970704 2.269916617
1572971357 2.24848927
1572972019 2.175480919
1572972677 2.310762265
1572973393 2.368043193
1572974043 2.209798238
1572974694 2.1729636
1573208978 2.219747614
1573209633 2.167206834
1573210307 2.295742352
1573210976 2.383051364
1573211634 2.305846775
1573212283 2.250196574
1573212934 2.312251151
1573213584 2.180969331
1573214257 2.200021338
1573214914 2.247481794
1573310430 2.262977532
1573311051 2.142204077
1573311666 2.036639433
1573312371 2.303455818
1573312981 2.10176498
1573313607 2.0751546
1573314241 2.009251701
1573314854 2.221064647
1574696463 2.083227506
1574697043 2.131817834
1574697634 2.102290427
1574698207 2.095687285
1574698792 2.080280136
1574709578 2.126104761
1574710865 2.307724362
1574956216 2.005800027
1574956877 2.131030249
1574957479 1.983370809
1574958058 2.20683711
1574958653 2.383658575
1574959239 2.065091907
1574959842 2.099962824
1574960420 2.081137428
1574961031 2.06471009
1574961667 2.005723732
1575033141 2.176873164
1575033710 2.043803006
1575034300 1.960810966
1575034866 2.133087743
1575035437 1.917792962
1575036475 2.004674178
1575037038 2.04378399
1575037596 1.954131733
1575038598 2.08736672
1575039168 2.045399756
1575120431 2.121704501
1575120994 1.997931205
1575121554 2.104442268
1575121964 2.007782393
1575122617 2.144186665
1575123174 2.051437514
1575123733 1.92259303
1575124289 2.121090601
1575124857 1.969043102
1575125415 2.043616659
1575125983 2.176024888
1575297732 2.115313586
1575298310 2.185995576
1575298878 1.965371545
1575299456 2.153272031
1575300028 2.180063388
1575300647 1.952797283
1575301218 2.11740801
1575302029 1.991413025
1575390218 2.068860939
1575390784 2.226225224
1575391351 1.997849681
1575391916 2.009533567
1575392725 1.957448062
1575393361 1.931980761
1575393921 2.040401106
1575394488 2.058226174
1575395051 2.173790185
1575395614 2.054878163
1575562448 2.037855438
1575563147 2.003706969
1575563795 2.085815613
1575564391 2.054115219
1575564974 2.020125985
1575565539 2.001327997
1575566109 2.052507226
1575566695 1.946815243
1575568015 1.96265228
1575568621 1.929040151
1579191069 2.252826838
1579191682 1.933796281
1579192247 2.14736193
1579192827 2.129688537
1579193395 2.062940088
1579193982 2.176548219
1579194551 2.204793616
1579195116 2.142651504
1579195707 2.048267076
1579196269 2.087952441
1579359475 2.049882439
1579360052 2.011581886
1579360612 2.255715837
1579361169 1.790399841
1579361724 2.120067525
1579362278 2.048604859
1579362834 2.086575034
1579363401 1.84479927
1579363968 2.083652716
1579364527 1.951239664
1574710865 2.307724362
