1569853592 14.825627413
1569854233 14.187078915
1569855205 15.04507343
1569855639 14.945975539
1570446963 15.548925998
1570448782 14.859308586
1570449254 14.518834847
1570449717 15.815966939
1571323271 14.544791283
1571323664 14.757397167
1571324066 14.410510313
1571324466 14.57958395
1571327397 14.884795608
1571327787 14.675303286
1571328177 14.63375616
1571328569 14.860941246
1571328960 14.770524002
1571329352 14.617916592
1571329944 14.778957022
1571397900 15.006802427
1571398293 14.652267775
1571398688 14.634245452
1571399079 14.626466324
1571399470 15.011726669
1571399866 16.578745916
1571400260 14.970194577
1571400682 14.755219741
1571401080 14.676658188
1571401473 14.716188301
1571406853 14.626009864
1571407249 7.522742262
1571407636 14.770684126
1571408025 14.730251139
1571408418 14.568379252
1571665909 15.288311129
1571666300 14.690334632
1571666691 14.535758047
1571667085 14.657876046
1571667521 14.799547529
1571669173 14.919342381
1571669573 14.49053855
1571754084 14.603347771
1571754481 14.930688742
1571754874 14.599992734
1571755277 17.092666031
1571756510 14.675590601
1571756922 14.276658518
1571757371 14.636164513
1571757760 14.787624336
1571758159 14.916969545
1571758549 14.680384822
1571762164 14.662393533
1571762564 10.838710874
1571762953 14.697334814
1571763341 14.847107797
1571763733 14.589517854
1571764140 14.752766338
1571764550 14.862442925
1571764942 14.727747827
1571765330 14.54737748
1571765722 14.86039679
1571766299 14.632642897
1571767081 14.616787548
1572006308 14.568971863
1572007046 15.535681285
1572007440 14.485066232
1572007933 22.328372128
1572008343 14.596567308
1572008746 14.432853604
1572009140 14.46635066
1572009530 14.467154077
1572009921 14.644252325
1572010317 14.381343632
1572010708 14.203109785
1572013270 14.698451592
1572013662 14.872431644
1572014055 14.700188506
1572014446 14.681430012
1572014836 14.211835976
1572268116 14.504897957
1572268887 14.187762726
1572269303 14.270763299
1572269719 14.129586698
1572270124 14.442095894
1572270521 14.495538056
1572270914 16.346502478
1572272270 13.036887157
1572272600 13.083776525
1572272936 13.146848129
1572273270 17.150268436
1572273615 13.263366019
1572276039 13.291334074
1572276374 12.970807548
1572276710 13.354436247
1572277041 13.39521953
1572277371 15.638787265
1572277717 30.609924281
1572278065 13.58738034
1572278398 13.201782035
1572363458 13.143325523
1572363788 13.681799569
1572364117 13.414704582
1572364448 12.75162296
1572364780 16.362648385
1572365122 13.160930551
1572365500 13.034473865
1572365872 13.579586013
1572366215 12.943891515
1572366546 13.367782612
1572369576 13.294221433
1572369907 13.171556884
1572370237 13.291887521
1572370569 13.321829662
1572370898 13.05249112
1572371230 13.243560051
1572371560 13.272903039
1572371891 13.224839733
1572372219 12.787282985
1572372548 13.059909098
1572533555 13.343293198
1572533892 13.223688861
1572534247 13.126369566
1572534594 12.801981602
1572534926 13.002198972
1572535274 14.506446656
1572535605 13.162153842
1572535940 13.076070092
1572536299 13.116838509
1572536637 13.207199201
1572537238 13.054539162
1572537892 12.963785614
1572538549 16.875551829
1572539201 12.943280294
1572539854 13.581228025
1572540760 13.469789732
1572541414 13.38796694
1572542063 13.18987536
1572542710 13.127637493
1572543355 9.583658061
1572871127 13.216150886
1572871778 13.063802343
1572872426 13.276869284
1572873108 13.335074427
1572873758 13.278371932
1572874820 13.341252659
1572875679 14.034227241
1572876905 18.115613007
1572877559 13.948055995
1572878786 13.290485859
1572880182 13.475508825
1572880517 14.283963782
1572880859 13.681794124
1572881201 14.411610479
1572881536 13.299790798
1572881869 13.545066235
1572882200 13.287821345
1572882589 13.073633699
1572882939 13.144062145
1572883280 13.223039564
1572967191 12.951655695
1572967854 11.733641611
1572969150 13.601480072
1572969813 13.255431932
1572970464 12.933084085
1572971115 13.011536717
1572971778 13.164688798
1572972437 14.105755952
1572973150 13.227699859
1572973803 13.488070189
1572974452 13.339004124
1572975182 9.917131205
1572975508 14.199710955
1572975863 25.940930359
1572976259 13.26780283
1572976590 13.854633082
1572976919 13.188311634
1572977250 13.182807178
1572977613 13.26357297
1572977960 12.982410603
1573208738 13.347903219
1573209389 12.869812552
1573210055 13.403039061
1573210721 13.258195141
1573211387 13.250765402
1573212042 12.909764112
1573212692 12.634958615
1573213345 12.919101854
1573214013 13.463201263
1573214670 13.277839656
1573218206 13.20791331
1573218534 13.2919274
1573306449 13.492166249
1573306765 13.827547936
1573307096 14.34581028
1573307424 12.968241648
1573307741 13.241535045
1573308062 13.128215384
1573308376 12.565988019
1573308708 13.118393137
1573309027 13.185319217
1573309358 13.057407417
1573310199 13.009085804
1573310825 12.908812738
1573311440 13.780556505
1573312057 12.96427439
1573312756 13.259666996
1573313378 13.58788894
1573313999 13.275865803
1573314628 12.951150815
1573827975 12.831261
1573828287 13.40073555
1573828598 12.416672873
1573828903 12.917351787
1573829208 12.782477112
1573829514 12.535433082
1573829895 13.436687041
1573830381 12.164362133
1573830689 12.722655091
1573830997 12.934963229
1573902631 12.867655421
1573902938 12.669663761
1573903249 12.960564411
1573903561 12.18914544
1573903871 12.650326687
1573904180 12.698759087
1574687948 12.855244213
1574688267 12.914192928
1574689250 13.104461008
1574691952 13.706656381
1574692271 16.170980807
1574692593 609.85946863
1574693500 12.595426368
1574693829 13.018901388
1574694256 12.994177072
1574694586 12.482517502
1574695142 12.550401516
1574695479 12.995017976
1574695791 13.319856066
1574707243 13.007339129
1574708031 13.55478815
1574708727 12.727609056
1574709109 12.927594264
1574709342 12.86168689
1574710453 12.653085786
1574710642 12.723860414
1574950735 13.617108479
1574951056 12.979265306
1574951444 12.669326094
1574951787 13.195566285
1574952106 12.781583304
1574952419 13.317740799
1574952834 12.937043469
1574953203 13.01175623
1574953512 12.552063938
1574953837 13.159546788
1574955750 264.539107986
1575028138 12.637663277
1575028446 12.484057421
1575028758 13.670300423
1575029091 12.914702477
1575029408 13.08194329
1575029715 13.84504534
1575030031 12.56081961
1575030341 13.445215352
1575030658 12.566405251
1575030989 12.838708173
1575114424 12.643430199
1575114727 12.220716954
1575115038 13.154509333
1575115348 12.515493895
1575115656 12.587429593
1575115971 12.984945649
1575116282 12.625046689
1575116594 12.807416799
1575116901 12.797622394
1575117209 14.338554041
1575292935 15.014775934
1575293269 12.710795131
1575293606 12.902341239
1575293942 12.299553126
1575294291 12.899742269
1575294628 13.184522001
1575294998 12.81912683
1575295392 9.42823289
1575295743 13.05461957
1575296951 12.429728129
1575385831 13.05229893
1575386141 13.216652662
1575386453 13.003111397
1575386858 12.428126063
1575387167 12.891677068
1575387477 12.756524898
1575387787 12.686830393
1575388095 12.498604934
1575388403 12.71412821
1575388709 13.003398679
1575391619 99.301004679
1575474401 12.860460733
1575558590 13.824805566
1575558909 5.609425986
1575559230 12.695709456
1575559540 12.675773893
1575559916 12.502853235
1575560243 12.771336203
1575560574 12.825532469
1575561105 14.390200461
1575561453 12.990332976
1575561810 13.582028994
1579186334 13.797891048
1579186678 13.594758804
1579187695 13.195851011
1579188022 13.007106052
1579188473 13.760488244
1579189004 13.055146796
1579189335 12.716896901
1579189666 13.960950133
1579190002 14.345233091
1579190337 12.688888483
1579354096 14.043417156
1579354402 12.662792425
1579354713 12.811594656
1579355024 12.427633713
1579355331 12.527134364
1579355641 12.890281614
1579355951 12.477627479
1579356255 12.761691979
1579356562 12.71352317
1579356868 12.931392048
1579524693 13.403346619
1579525038 12.774712521
1579525368 13.200663812
1579525759 12.544954835
1579526085 12.764338975
1579528380 12.614155124
1579528740 13.852915377
1579529184 12.836942739
1579529528 13.094442573
1579529840 12.811406846
1579536843 6.208248859
1580217830 12.915859725
1580218158 14.137499053
1580218473 12.525167741
1580218807 12.917065359
1580219159 12.637759219
1580219519 13.039600656
1580222247 12.618919272
1580222562 13.052910508
1580222876 12.523579984
1580223180 13.152989859
1580306472 12.396022097
1580306774 12.403884622
1580307172 13.466507188
1580307650 12.624118892
1580307960 12.90834333
1580308272 13.421496918
1580310475 13.485365821
1580310789 13.01074097
1580311103 12.486182089
1580311411 12.736735413
1580311785 12.511083848
1581936701 182.295785916
1582028624 1658.892018655
1582033685 120.760388135
1582120151 187.339334193
1582188301 459.250372439
1582632803 2100.510278287
1582885982 174.962836421
1574710642 12.723860414
1574708727 12.727609056
