1569849933 5.040989404
1569850137 4.785112599
1569849933 5.040989404
1569850137 4.785112599
1569850949 3.683493929
1569851156 5.443979696
1569851506 4.639490673
1569851712 5.210035473
1569851942 5.036111103
1569852171 5.236387398
1569852409 5.013375589
1569852626 4.935323339
1569853017 4.961217277
1569853328 4.936446841
1569853569 4.943982892
1569854209 5.146838952
1569855168 5.085786035
1569855615 4.936214505
1570446940 4.946943298
1570448032 4.880645856
1570448759 4.824439265
1570449228 4.81393471
1570449657 5.673611944
1570543055 5.166876392
1570543414 5.170993906
1570543618 4.647888425
1570544547 4.9444976
1570545008 4.778478328
1570545216 5.134617576
1571322927 4.851842777
1571323248 4.871751599
1571323641 4.855810344
1571324043 4.988282859
1571324443 4.861883955
1571325049 4.950356433
1571325246 5.008879689
1571325445 4.869381036
1571325650 4.779193095
1571325848 5.017290229
1571326049 4.952659745
1571326740 4.824845723
1571326952 4.695664396
1571327159 4.92769101
1571327374 4.96230702
1571327764 4.819805989
1571328155 4.870519955
1571328546 4.983800273
1571328937 4.88790788
1571329329 4.931262203
1571329921 4.845737865
1571395841 4.993654071
1571396037 4.68099615
1571396234 4.903672889
1571396433 4.945529613
1571396631 4.932056308
1571396830 4.865511471
1571397060 4.941766303
1571397264 4.889638386
1571397462 4.922803943
1571397659 4.773380751
1571397878 4.933499933
1571398270 4.852241855
1571398665 4.878367889
1571399056 4.897580018
1571399449 3.48194327
1571399844 4.899435666
1571400237 4.999617188
1571400659 5.026836343
1571401058 4.825142865
1571401450 4.793300682
1571404907 4.946595708
1571405106 4.952610878
1571405303 5.097277873
1571405503 4.939735144
1571405735 4.889652384
1571406830 4.947727707
1571407220 4.889611231
1571407614 4.934418358
1571408002 4.901963891
1571408394 4.858549703
1571408925 4.856353222
1571409156 4.902077482
1571409357 4.834266765
1571409556 5.128402804
1571409772 4.894923812
1571664339 4.904090021
1571664883 5.018533747
1571665088 3.318531736
1571665297 4.88034321
1571665491 4.924449135
1571665686 4.956924383
1571665886 4.908917844
1571666277 4.864778434
1571666668 4.879043271
1571667062 4.980374108
1571667498 4.903640443
1571668104 4.779444909
1571668303 4.839891995
1571668507 5.010448831
1571668701 4.821119752
1571668898 4.687333044
1571669151 4.8858033
1571669550 4.822423086
1571751975 4.890750616
1571752170 4.962452916
1571752369 5.285321404
1571752574 5.663479709
1571752769 4.827744207
1571752965 4.921279033
1571753162 5.005968804
1571753360 4.89937556
1571753557 4.917301616
1571753753 4.996849606
1571754062 4.898098185
1571754458 5.067623847
1571754851 4.82525614
1571755254 4.776714689
1571755818 4.816213574
1571756487 4.939467739
1571756899 4.970499783
1571757349 3.828560013
1571757737 4.811403212
1571758136 4.965281062
1571758527 4.843443817
1571760113 3.615235302
1571760307 4.916539985
1571760509 4.848134889
1571760707 5.041482775
1571760906 5.079740624
1571761117 4.969653278
1571761317 4.894779611
1571761512 4.683131469
1571761707 4.776010945
1571762141 4.91976267
1571762930 4.9080157
1571763318 4.801208458
1571763710 4.829351289
1571764115 5.443103362
1571764527 4.839596811
1571764920 4.739012972
1571765308 4.833952875
1571765699 4.995379647
1571766276 4.82896252
1571767059 4.957072207
1571922207 4.875088073
1572003218 5.054045284
1572003412 4.827229505
1572003611 4.852927559
1572003808 4.953398007
1572004004 4.891889629
1572004200 4.84005573
1572004394 4.963189348
1572004594 4.98152136
1572004796 4.903873544
1572004994 4.780805821
1572006285 4.984626913
1572007023 4.916958069
1572007417 4.823302261
1572007910 4.738260181
1572008320 4.999271472
1572008723 4.871501645
1572009118 5.039935985
1572009507 4.832455715
1572009899 4.864949837
1572010293 5.17498515
1572010685 4.784574862
1572011196 4.837246809
1572011392 4.911212274
1572011586 4.903264304
1572011786 4.872407156
1572011982 4.902565375
1572012180 4.553716541
1572012376 3.139744615
1572012568 4.803553379
1572012763 4.989367996
1572012956 4.817181754
1572013246 5.264153756
1572013639 4.679384241
1572014032 4.958103401
1572014423 4.810056054
1572014812 4.884439242
1572265016 4.988015477
1572265213 5.063860026
1572265411 5.101831552
1572265609 4.924764293
1572265807 5.038093696
1572266019 3.244274206
1572266210 4.859933131
1572266411 4.957878366
1572266614 5.132346546
1572266809 4.941733731
1572268093 4.839352084
1572268864 4.788929675
1572269279 3.283713785
1572269684 4.813564295
1572270101 5.07138156
1572270497 5.451947578
1572270891 5.167242377
1572272251 4.011471905
1572272583 2.986482291
1572272917 4.328815388
1572273250 2.722658896
1572273596 3.902644981
1572274088 3.87443774
1572274256 4.043704935
1572274431 4.027891399
1572274597 3.972068364
1572274770 3.928413604
1572274940 3.874769097
1572275108 3.967650561
1572275287 3.974265024
1572275456 3.86396889
1572275631 3.90259693
1572276020 4.13802484
1572276353 4.048593591
1572276691 3.966922622
1572277022 3.969614587
1572277352 3.928434134
1572277699 4.023522346
1572278047 3.925108138
1572278380 3.990666665
1572361229 5.039710838
1572361427 4.806615798
1572361622 5.029264069
1572361817 4.954788571
1572362210 4.884517823
1572362406 4.940879709
1572362602 4.862856562
1572362801 4.944817475
1572362997 4.740804067
1572363439 3.923632714
1572363769 3.881302118
1572364098 4.063773337
1572364429 4.018197785
1572364761 3.972611373
1572365103 3.76579184
1572365481 4.091313252
1572365853 3.970878253
1572366192 3.996684503
1572366528 3.918714401
1572366880 4.035601151
1572367047 4.011515623
1572367216 4.031335482
1572367386 3.898942244
1572367568 3.947148562
1572367739 3.800216236
1572367915 3.995230677
1572368083 4.308663699
1572368249 4.059906404
1572368415 3.933210012
1572369558 3.91132542
1572369888 3.829590115
1572370218 3.9990656
1572370550 3.983146644
1572370879 3.871122242
1572371211 3.802442176
1572371542 3.885248143
1572371871 3.908296727
1572372200 3.966627607
1572372529 3.886184892
1572532347 4.820847263
1572532548 4.674683103
1572532754 4.904033541
1572533536 3.902634384
1572533874 3.939171395
1572534228 4.241089623
1572534575 3.624699273
1572534907 3.868591074
1572535255 4.220358293
1572535586 3.971692636
1572535921 4.039429399
1572536253 3.999473057
1572536618 3.966805033
1572537219 3.885251899
1572537874 3.674228844
1572538526 4.051403937
1572539183 3.917803683
1572539835 3.941242379
1572540742 3.970829284
1572541395 3.829013515
1572542044 3.89605288
1572542691 3.974778405
1572543336 3.963601482
1572544468 4.065949599
1572544635 3.902319481
1572544805 3.957366759
1572544979 3.960814964
1572545153 3.835691051
1572869979 3.917860426
1572870147 3.872882851
1572870368 3.87204911
1572870553 4.058176365
1572870770 3.881333149
1572871109 3.976023141
1572871759 4.023895582
1572872408 4.069163552
1572873091 2.447255294
1572873739 3.830913716
1572874801 3.949763925
1572875652 4.176136446
1572876270 6.09267688
1572876887 3.827318409
1572877541 3.931354524
1572878768 3.944268897
1572879880 4.07475584
1572880162 3.980097361
1572880498 3.873906188
1572880837 4.214719339
1572881183 4.026510186
1572881518 3.967183237
1572881850 3.885861773
1572882181 3.976069105
1572882571 3.929988676
1572882921 4.09728425
1572883261 3.957613297
1572965361 3.908796168
1572965528 4.039244862
1572965696 3.87911875
1572965865 4.097433419
1572966036 4.009209722
1572966202 4.051841158
1572966374 3.981740268
1572966558 4.025282422
1572966738 4.330074551
1572966901 3.925889197
1572967172 4.052585687
1572967828 4.004580564
1572969132 3.909274674
1572969786 2.857165041
1572970445 3.934642568
1572971097 3.95720311
1572971759 3.898739372
1572972418 3.878686266
1572973131 4.023221716
1572973784 4.004847351
1572974433 3.954368152
1572975163 3.965441789
1572975490 3.975621624
1572975841 5.590328649
1572976233 4.011365894
1572976571 3.97329454
1572976901 3.904286262
1572977231 3.996598662
1572977594 4.008605201
1572977942 3.900820485
1573207008 3.969675874
1573207176 3.92412689
1573207345 4.076688593
1573207511 4.137686153
1573207682 3.92374924
1573207849 3.80428393
1573208016 3.914371895
1573208181 3.924167341
1573208348 3.992115846
1573208514 4.03705312
1573208720 3.848734691
1573209370 3.931764511
1573210036 4.04843503
1573210702 4.048773457
1573211368 3.946105345
1573212024 3.971956689
1573212673 3.863876339
1573213326 4.045996224
1573213995 3.929578479
1573214652 3.938309387
1573218187 3.897766045
1573218515 3.962012048
1573218907 3.792776947
1573220250 3.893145834
1573220417 3.886081624
1573220585 3.898957273
1573220754 3.847185352
1573220921 3.763991457
1573221089 3.877182535
1573221253 3.966183822
1573221422 3.96903023
1573221589 3.956801438
1573221758 4.058291331
1573221947 3.977076499
1573222119 4.018932108
1573222285 4.015069967
1573222450 3.881295042
1573222619 3.957832681
1573301099 3.926330523
1573301268 4.025728251
1573301437 4.016965874
1573301618 4.285375115
1573301803 4.004365051
1573301976 2.355683964
1573302150 3.885077416
1573302324 3.982992229
1573302493 3.930199402
1573302660 3.852720583
1573303807 3.578655326
1573303975 3.588268706
1573304140 3.740959714
1573304303 3.539959199
1573304465 3.623857654
1573304632 3.897588877
1573304791 3.588064341
1573304950 3.91933888
1573305114 3.548895093
1573305273 3.798721854
1573306411 21.371301019
1573306747 3.688246472
1573307071 3.577730455
1573307407 3.846893869
1573307724 3.676354802
1573308045 3.615270323
1573308359 3.466321596
1573309010 3.589323529
1573309341 3.674483156
1573310182 3.719864029
1573310807 3.636019646
1573311423 3.536630481
1573312039 3.573568021
1573312739 3.543989098
1573313360 3.886895596
1573313981 3.375230714
1573314610 3.614767194
1573741843 3.760843923
1573741961 3.648665596
1573743592 3.759033701
1573743694 3.932306049
1573743793 3.670830391
1573743891 3.728423457
1573743990 3.582801702
1573744087 3.66448654
1573744184 3.767225352
1573744284 1.914072494
1573744378 3.59238118
1573744470 3.733933653
1573744581 3.665435402
1573744675 3.442562155
1573744789 3.879721186
1573744886 3.459985995
1573745023 3.712378442
1573745120 3.633634669
1573745304 3.523543011
1573745407 3.55018319
1573745504 3.798677352
1573745604 3.715923385
1573745702 3.605773523
1573745805 3.542358274
1573745904 3.455002079
1573746000 3.246819888
1573746100 3.470855235
1573746199 2.783067228
1573746300 3.586162841
1573746401 3.613178853
1573746498 3.542378981
1573746593 3.752233314
1573748914 3.623303327
1573749010 3.554118689
1573749111 3.582444095
1573749223 3.764979934
1573749316 3.691214794
1573749449 3.551527739
1573749555 3.572675192
1573749654 3.371407208
1573749753 3.540414563
1573749849 3.896704234
1573752446 3.61829197
1573752704 3.635562646
1573752863 3.670252284
1573753021 3.581042908
1573753179 3.760276769
1573753333 3.647189099
1573753492 3.785210999
1573753646 3.62095703
1573753808 3.634440152
1573754628 3.773402914
1573754787 3.630673554
1573754948 3.595907632
1573755116 3.663148081
1573755275 3.667941907
1573755434 3.622319495
1573755590 3.706033634
1573755749 3.535444559
1573755906 3.672805868
1573756064 3.563440599
1573827958 3.425920782
1573828270 3.621784544
1573828581 3.642532311
1573828886 3.272066787
1573829191 3.6382886
1573829497 3.764139662
1573829878 3.580128818
1573830364 3.740265933
1573830671 3.668847513
1573830980 3.288153159
1573831372 3.564888728
1573831529 3.656781046
1573831687 3.631566734
1573831860 3.530598223
1573832013 3.449855547
1573832172 3.697790045
1573832328 3.548737922
1573832495 3.784312947
1573832650 3.668755902
1573832804 3.672693355
1573832988 15.540064022
1573833158 3.589181007
1573833321 3.892209688
1573833478 3.636845798
1573833636 3.797261475
1573901010 3.744941884
1573901168 3.695417062
1573901324 3.580173067
1573901480 3.615567077
1573901641 3.658670425
1573901795 3.693303067
1573901949 3.543227427
1573902108 3.545992943
1573902265 3.710380851
1573902421 3.61786653
1573902614 3.503826944
1573902921 3.654536618
1573903232 3.694279127
1573903543 3.846000376
1573903854 3.805965646
1573904163 3.608998411
1573904482 4.915232022
1574685736 3.555041686
1574685926 3.583995369
1574686100 3.686021612
1574686257 3.623900708
1574686419 3.633590431
1574686576 3.675714512
1574686740 3.546572202
1574686907 3.680688061
1574687097 3.573421384
1574687271 5.003954211
1574687931 3.552838753
1574688243 3.592101034
1574689232 3.668231312
1574689603 3.856759506
1574689818 3.588417011
1574689989 3.741611299
1574690150 3.572386419
1574690327 3.64115574
1574690487 3.768264339
1574690657 3.67906451
1574690820 2.286754443
1574691002 3.706949396
1574691181 3.662020715
1574691934 3.631877635
1574692253 3.61664836
1574692571 3.58319009
1574693483 3.570708217
1574693808 3.431540667
1574694239 3.725190795
1574694568 3.540033236
1574694879 3.49876112
1574695125 3.511251265
1574695453 11.98819857
1574695774 3.606394417
1574696234 3.767966414
1574696809 3.812979479
1574697385 3.568722353
1574697978 3.715697175
1574698547 3.542604955
1574706668 3.59794244
1574706803 3.523524957
1574707046 3.677409275
1574707226 3.497377599
1574708014 3.772156818
1574708509 3.372596891
1574708710 3.376578207
1574709092 3.650726171
1574709325 3.545015018
1574710435 3.63113604
1574710625 3.753716959
1574950717 3.690887548
1574951029 13.365435302
1574951403 27.637235935
1574951758 3.704032439
1574952085 3.660276948
1574952401 3.572080457
1574952804 14.7140325
1574953166 23.834569514
1574953495 3.536327673
1574953820 3.603696418
1574954149 3.711199299
1574954312 3.6608594
1574954488 3.540034323
1574954652 3.584454525
1574954837 3.672638359
1574954994 3.593279079
1574955154 102.781071566
1574955411 3.690136122
1574955572 3.552518921
1574955732 3.638720228
1574955989 3.636390271
1574956557 3.654338575
1574957226 3.371764203
1574957838 3.662668287
1574958404 3.552591808
1574958998 3.680951963
1574959622 3.670039166
1574960199 3.550566424
1574960812 3.852702205
1574961451 3.707017001
1575026480 3.575927803
1575026641 3.640688347
1575026803 3.413098081
1575026962 3.655778651
1575027126 3.810831418
1575027288 3.54445514
1575027454 3.746715793
1575027610 3.773601026
1575027774 3.508357535
1575027940 3.713318014
1575028121 3.882719486
1575028428 3.595997818
1575028741 3.674038417
1575029074 3.58301521
1575029390 3.628554618
1575029698 3.769084528
1575030014 2.164030604
1575030324 3.619765039
1575030641 3.239870107
1575030972 3.631839758
1575032921 3.665565274
1575033487 3.593895601
1575034079 3.788419204
1575034646 3.236848743
1575035218 3.662047168
1575036241 3.576567231
1575036817 3.666732633
1575037377 3.580271237
1575037935 3.54729855
1575038946 3.670468515
1575112797 3.507102231
1575112958 3.625794688
1575113120 3.408741223
1575113280 3.583673818
1575113438 3.756187675
1575113598 3.564004483
1575113755 3.610258539
1575113912 3.654650869
1575114070 3.49140629
1575114238 3.52670775
1575114407 3.609326855
1575114710 3.629382063
1575115021 3.611703962
1575115330 3.74372919
1575115639 3.616089111
1575115954 3.888850742
1575116265 3.721750513
1575116576 3.580214269
1575116884 3.839901558
1575117192 3.546770762
1575120213 3.724389473
1575120776 3.636979297
1575121335 3.523698133
1575122398 3.68574016
1575122956 3.673663712
1575123513 3.586755738
1575124072 3.682098372
1575124627 3.544962716
1575125192 3.600059257
1575125762 3.45032934
1575289725 3.531784878
1575289888 4.059422166
1575290058 3.757741187
1575290240 3.790199931
1575290409 3.969233849
1575290758 3.378335791
1575290917 3.667334741
1575291077 3.426991329
1575291238 3.59695617
1575292915 3.598110075
1575293233 3.528548686
1575293569 22.770757108
1575293907 3.539146295
1575294244 3.65799152
1575294933 3.514047127
1575295726 3.575930807
1575296915 21.725001569
1575297501 3.582018759
1575298084 3.584645944
1575298654 3.621630734
1575299228 3.538558679
1575299805 3.678358002
1575300430 3.672856781
1575300988 3.475916524
1575301786 21.454311806
1575384128 3.647041691
1575384287 3.672352944
1575384448 3.623216422
1575384606 3.628425515
1575384771 3.790142273
1575384926 3.683199096
1575385087 3.706728629
1575385249 3.68840293
1575385408 3.700524755
1575385571 3.562327964
1575385813 3.494518928
1575386124 3.380808025
1575386436 3.74658428
1575386841 3.494531108
1575387150 3.513587669
1575387460 3.575252043
1575387769 3.641112945
1575388078 3.664387002
1575388386 3.588250344
1575388692 3.805474178
1575389994 3.627182461
1575390563 3.533956503
1575391130 3.375109716
1575391695 2.399861008
1575392506 5.713467794
1575393141 3.378339919
1575393704 3.524892461
1575394268 3.620086026
1575394831 3.681085092
1575395394 3.634700853
1575397071 14.224221183
1575397370 11.177353381
1575397604 10.98672859
1575397962 13.39657579
1575398212 11.558619616
1575398442 6.825641301
1575473355 3.656251715
1575474383 3.706829399
1575556508 3.549674187
1575556669 3.634256291
1575556834 3.484681695
1575557014 3.467766292
1575557196 3.589487163
1575557380 3.867458128
1575557554 3.628861483
1575557728 3.586541061
1575558187 3.544475707
1575558375 3.687083196
1575558573 3.521247437
1575558885 3.590031514
1575559213 3.577318382
1575559523 3.702761606
1575559898 3.4893955
1575560226 3.635051751
1575560557 3.692197745
1575561088 3.563142123
1575561436 3.359899822
1575561793 3.584344873
1575562212 3.622140823
1575562920 4.013377131
1575563557 3.491534002
1575564172 3.452734833
1575564755 3.377358869
1575565322 3.626005136
1575565883 3.652724928
1575566454 3.463834655
1575567790 3.505632934
1575568402 3.476906259
1579184006 3.413672852
1579184721 3.672800468
1579184883 3.805305136
1579185045 3.636355692
1579185220 3.569209308
1579185395 3.640286576
1579185578 3.689157518
1579185752 3.544013074
1579185938 3.777377359
1579186119 3.580181687
1579186317 3.824592951
1579186630 3.558578643
1579187678 3.574014417
1579187986 3.762959965
1579188319 3.505549411
1579188456 3.495414185
1579188987 3.627445264
1579189300 3.287972157
1579189649 3.634396391
1579189984 3.468464291
1579190302 3.704247128
1579190845 3.808016699
1579191461 3.623889702
1579192026 3.62155658
1579193172 3.485278859
1579193760 3.511107023
1579194326 3.747898476
1579194896 3.706175514
1579195459 3.370725207
1579196049 3.657817198
1579351736 3.494779645
1579351903 3.696193171
1579352064 3.608596035
1579352226 3.499749742
1579352388 3.550967125
1579352552 3.761403427
1579352709 3.715582357
1579352871 3.586657651
1579353034 3.588855245
1579353197 3.464070791
1579354079 3.497935932
1579354385 3.459691907
1579354696 3.799076131
1579355007 3.774785274
1579355314 3.698618406
1579355624 3.478409466
1579355934 3.476312296
1579356238 3.719491801
1579356545 3.520183856
1579356851 3.605446665
1579359258 3.583728876
1579359830 3.627817493
1579360394 3.57759719
1579360952 3.546985827
1579361508 3.72254907
1579362062 3.622999267
1579362617 3.551973522
1579363178 3.80510074
1579363747 3.675225251
1579364308 3.506052592
1579522818 3.59052617
1579523028 3.673514325
1579523218 3.596156824
1579523384 3.537203448
1579523556 3.632417059
1579523738 3.50892677
1579523919 3.510523583
1579524106 3.534660793
1579524276 3.661859034
1579524444 3.615796765
1579524676 3.548505867
1579524999 25.580499875
1579525351 3.504614808
1579525727 18.506764075
1579526052 3.610336087
1579528363 3.525009711
1579528685 2.359907703
1579529107 3.347933918
1579529486 3.634966053
1579529823 3.631623558
1579530223 3.626111452
1579530861 3.656294827
1579531912 3.500016358
1579532616 2.449819407
1579533249 3.580407337
1579533843 3.648878561
1579534485 3.752162991
1579535159 3.919567992
1579535745 3.62610081
1579536826 3.443095846
1579537411 8.601384032
1580215277 3.331621104
1580215469 3.428992916
1580215636 3.637763596
1580215795 3.616498041
1580215956 3.444400183
1580216118 3.572958636
1580216279 3.624378514
1580216439 3.654008812
1580216599 3.662928357
1580216781 3.523681662
1580217812 3.622739186
1580218140 3.685121763
1580218455 3.667299072
1580218790 3.45838803
1580219142 3.67304844
1580219502 3.574447096
1580222230 3.600465871
1580222545 3.517220086
1580222859 3.573699352
1580223163 3.805059218
1580223551 3.632028897
1580224118 3.461053337
1580224676 3.809299436
1580225234 3.494526268
1580225801 2.298002381
1580226377 3.487339798
1580226946 3.440885389
1580227543 3.613296264
1580228128 3.786534453
1580228688 3.599070228
1580304691 3.588544092
1580304848 3.50814305
1580305010 3.797954706
1580305170 3.527529338
1580305355 3.612616858
1580305514 3.62288513
1580305677 3.615354797
1580305836 3.681859818
1580305992 3.403499193
1580306150 3.673703398
1580306455 3.71319611
1580306757 3.566661588
1580307072 3.594473239
1580307632 3.632621064
1580307942 3.608716199
1580308254 3.681941309
1580310458 3.335794974
1580310771 3.629221303
1580311085 3.701648639
1580311394 3.757934288
1580311767 3.702413913
1580312111 3.674382535
1580312697 3.720625329
1580313255 3.305381743
1580314219 3.638517069
1580314776 3.483597119
1580315331 3.492050059
1580315894 3.629209916
1580316597 3.677261116
1580317170 3.578400558
1581935191 3.576348813
1581935350 3.562851526
1581935510 3.76171925
1581935676 3.776309921
1581935844 3.696077931
1581936015 3.726825824
1581936187 3.555761962
1581936346 3.724076286
1581936508 3.739961114
1581936683 3.804407373
1581936860 3.690975156
1581937176 3.551414439
1581937521 3.703474468
1581937826 3.719334344
1581938159 3.548439949
1581938483 3.578032996
1581938791 3.568927497
1581939107 3.532163098
1581939452 3.722566147
1581939754 3.824538243
1581942160 3.605970952
1581942838 3.8651513
1581944435 3.76364848
1581945722 3.636173121
1581946292 3.50445147
1581946863 3.676948903
1581947784 3.700034726
1581948851 3.39684716
1582026865 3.668974511
1582027027 3.540220737
1582027188 3.974254871
1582027358 4.057581582
1582027545 4.050046874
1582027769 3.834903898
1582027934 3.714673684
1582028103 3.462361562
1582028269 4.266588363
1582028437 4.015105003
1582028606 4.394367711
1582030261 3.401428731
1582030564 3.582369572
1582031220 3.458890222
1582031514 3.431473975
1582031813 3.407907857
1582032185 3.421433738
1582032505 3.923763085
1582032805 3.925464311
1582033106 3.376854981
1582033454 3.920225623
1582033782 3.726188544
1582035443 3.518054055
1582036048 4.021081765
1582036653 4.115697476
1582037260 4.088276008
1582037860 3.236162439
1582038454 4.209605291
1582041347 3.503419586
1582041957 3.730495617
1582043542 4.123066902
1582044156 3.992096381
1582044759 4.023937539
1582045063 3.775392888
1582045362 3.885372207
1582045670 4.012200719
1582045971 3.413571691
1582113078 3.966078426
1582113246 3.591045559
1582113410 3.852840514
1582113578 3.821864302
1582113739 4.004633305
1582113917 3.9229199
1582114080 3.660405268
1582114243 3.546165962
1582114410 3.547697758
1582114573 4.024554319
1582114738 3.504916412
1582114899 3.622682853
1582115066 3.379517301
1582115232 3.603925231
1582115395 3.659258
1582115558 3.310830647
1582115722 3.725956114
1582115885 3.864565918
1582116066 4.02332768
1582116283 3.632271266
1582116455 3.876559612
1582116621 3.459622255
1582118943 3.933586865
1582119105 3.593096505
1582119274 4.132938401
1582119441 3.501590076
1582119625 4.161570664
1582119789 3.975161539
1582119958 4.200092905
1582120132 4.024982395
1582120315 3.340505095
1582120618 3.962475768
1582120856 3.858938242
1582121023 4.055903754
1582121190 3.622470075
1582121430 4.17180631
1582125174 3.792467292
1582125334 3.332470763
1582125818 3.34318328
1582125983 3.824816495
1582126152 3.53254188
1582126313 3.834701022
1582126479 4.059421775
1582126642 3.518243396
1582126808 3.424219794
1582126970 3.845824964
1582127130 4.074590347
1582127297 4.107494732
1582127467 3.958059435
1582127630 4.014462047
1582127795 4.121691967
1582127955 3.978170306
1582128122 3.427027179
1582128281 3.327630837
1582128463 3.453135077
1582128625 4.235013756
1582128792 3.858359068
1582128955 3.674883806
1582129126 3.957397322
1582129286 3.494826704
1582129446 3.989112077
1582129610 3.612349049
1582185033 4.083543767
1582185213 4.221717268
1582185949 3.597593697
1582186109 3.629076018
1582186269 3.662734726
1582186842 3.699076436
1582187806 3.56661138
1582187963 3.535639909
1582188123 3.80805551
1582188285 3.71581108
1582188739 3.628975345
1582189456 3.541223244
1582190763 3.580221592
1582191054 3.714828598
1582191345 3.589487784
1582191641 3.585167365
1582191937 3.565591665
1582192227 3.570566639
1582192525 3.54348933
1582192813 3.862304433
1582193101 3.747366477
1582193734 3.606122037
1582193897 3.968105428
1582194062 3.606118323
1582194218 3.491912762
1582194379 3.807312782
1582194544 3.787799548
1582194701 6.62154082
1582194875 3.578253508
1582195034 3.264507303
1582195196 3.765334374
1582195690 3.547674466
1582195851 3.691586495
1582196008 3.624137405
1582196169 3.513449693
1582196327 3.596137727
1582196487 3.623490852
1582196645 3.598701051
1582196803 3.531075194
1582196965 3.655823465
1582197132 3.586815064
1582197289 3.574835194
1582197455 3.711882153
1582197625 3.451601038
1582197784 3.524158921
1582197943 3.497094319
1582198099 3.488087268
1582198261 3.922591473
1582198418 3.412682275
1582198699 3.512251632
1582199048 3.655116541
1582631356 3.612174129
1582631516 3.698135068
1582631672 3.552672132
1582631829 3.698878754
1582631986 3.286089475
1582632143 3.901968294
1582632304 3.829153275
1582632466 3.547031724
1582632623 3.547437517
1582632786 3.741309688
1582634881 3.574161323
1582635165 3.70592163
1582635448 3.737787943
1582635732 3.674959875
1582636017 3.511887025
1582636304 3.520518443
1582636595 4.114801675
1582636888 2.510705517
1582637186 3.488661119
1582637483 3.651015811
1582637779 3.66551211
1582638338 3.706059551
1582638915 3.540284878
1582640593 3.679650467
1582641152 3.55270235
1582641714 3.6796791
1582642288 3.62966102
1582642863 3.448259479
1582643466 3.40043835
1582644023 3.724522586
1582884483 3.495264094
1582884663 3.437299252
1582884830 3.629723619
1582884992 3.509615824
1582885158 3.536472132
1582885321 3.505321533
1582885480 3.596771579
1582885642 3.671621136
1582885803 3.640842428
1582885965 3.701251891
1582886133 3.440363855
1582886415 3.729713076
1582886709 3.576597683
1582887001 3.588183715
1582887290 3.623014605
1582887576 3.583463908
1582887871 3.638608718
1582888157 3.704625299
1582888445 3.875073219
1582888732 3.705645427
1582898610 2.332151251
1582899194 3.625392416
1582899759 3.533072057
1582900322 3.721376212
1582900883 3.595269749
1582902627 3.518107152
1582903206 3.700417382
1574710625 3.753716959
1574707046 3.677409275
1574708710 3.376578207
