1569853877 5.278741673
1569855453 5.169784964
1569856493 4.910700943
1570449957 5.475265595
1572366066 4.246512724
1572366406 3.879078629
1572370099 3.888431412
1572370429 4.023397621
1572371090 4.037407906
1572371751 3.866373754
1572535125 3.91756527
1572880715 3.192777094
1573306957 3.45546204
1573307611 3.806596798
1573307926 3.615642666
1573308578 4.194776691
1573309547 3.997186426
1573828468 4.005591025
1573829383 3.976376723
1573829695 3.830598983
1573830560 4.248597104
1573902806 4.176133022
1573903429 3.908366923
1573903743 3.653933058
1573904359 3.746087396
1574688127 4.53676869
1574688446 4.300395643
1574692138 4.052363933
1574692453 4.005269009
1574693690 4.563995124
1574694017 4.177118035
1574694441 3.972412475
1574694765 3.866227717
1574695320 3.666476
1574695968 3.933052439
1574708908 4.08626017
1574708908 4.08626017
