1569850080 7.272345591
1569850080 7.272345591
1569850842 5.464118933
1569851103 1.539728874
1569851303 5.952896125
1569851652 4.569261031
1569851865 3.953309925
1569852094 3.884151535
1569852319 7.140966588
1569852555 3.967458134
1569853196 8.131643387
1569853490 7.044829245
1570543206 4.539711061
1570543564 3.910060903
1570543776 6.71935177
1570544693 3.611681709
1570544951 6.65683877
1570545152 5.147221406
1570545371 5.79904015
1571323076 3.9500147
1571325193 3.554658861
1571325390 6.899514011
1571325595 4.059992426
1571325795 4.979793787
1571325992 4.772256413
1571326886 14.208682468
1571327101 7.79300138
1571327308 4.368275393
1571395985 3.748506671
1571396182 4.04217997
1571396381 3.587709473
1571396581 1.528090721
1571396777 3.799068887
1571397004 7.366314612
1571397209 4.647160189
1571397409 3.851220063
1571397606 3.84722061
1571397804 3.69663319
1571405053 1.747093877
1571405253 1.491908639
1571405448 5.55142115
1571405681 3.529820051
1571405880 3.790690074
1571409104 1.417162161
1571409302 5.038239571
1571409501 4.211153054
1571409718 4.007514852
1571409916 3.600020866
1571664522 3.503022023
1571665031 7.648698952
1571665245 4.092172286
1571665439 3.716541376
1571665634 3.671219902
1571665829 3.838096781
1571668247 9.008968977
1571668447 1.580352812
1571668649 4.428910828
1571668843 4.094744888
1571669044 3.611869503
1571752117 4.539378868
1571752313 6.310382703
1571752512 11.643482526
1571752717 3.96567916
1571752913 4.305536928
1571753108 5.351455804
1571753305 5.031006788
1571753502 5.579469821
1571753700 3.786255591
1571753896 3.894741223
1571760255 4.102791536
1571760452 4.995400067
1571760653 4.204098533
1571760854 3.796212109
1571761052 3.761749664
1571761260 8.768122337
1571761458 3.611575886
1571761653 4.096235022
1571761850 3.794221515
1571762058 3.91779565
1572003360 3.570437101
1572003557 5.670022839
1572003752 6.36174376
1572003950 4.696764299
1572004146 3.635237548
1572004342 3.589174473
1572004536 6.77883445
1572004735 10.099414675
1572004939 5.392025007
1572005136 3.911681523
1572011338 5.216654624
1572011534 4.405745341
1572011734 3.793310238
1572011928 3.753253384
1572012124 4.941099573
1572012321 4.100898492
1572012516 4.428623593
1572012712 1.701490177
1572012905 3.796739427
1572013099 3.707206097
1572265159 3.836263955
1572265361 1.631466292
1572265555 4.959179951
1572265753 6.375395586
1572265958 3.84387469
1572266159 3.733152185
1572266359 3.576049498
1572266557 3.666204788
1572266756 4.955431649
1572266962 6.115116099
1572274209 5.455641947
1572274389 1.45721584
1572274554 1.294333992
1572274724 4.89237839
1572274893 5.296106513
1572275061 5.722554562
1572275233 9.509448089
1572275410 3.64308303
1572275578 4.351146823
1572275752 3.388451885
1572361374 3.556714161
1572361570 3.640119164
1572361764 5.117997795
1572361959 7.405276334
1572362158 3.94251886
1572362356 1.704803672
1572362549 4.438367144
1572362748 4.682910138
1572362943 3.66861498
1572363139 6.274383612
1572367001 5.507323505
1572367170 5.069137241
1572367341 3.285634432
1572367509 1.32239014
1572367689 7.712840345
1572367867 7.048409446
1572368036 5.494084433
1572368205 3.923214586
1572368371 2.894614109
1572368536 11.048867531
1572544589 5.084485179
1572544757 5.421957462
1572544928 7.539531063
1572545101 10.600201681
1572545274 7.565000021
1572870102 3.542357866
1572870320 5.41193955
1572870503 6.635400593
1572870723 5.176377391
1572870892 5.223833805
1572965484 3.213295504
1572965650 4.329446355
1572965818 5.269336974
1572965985 2.951046112
1572966157 3.265488041
1572966325 5.858945574
1572966495 2.906527276
1572966678 10.982628584
1572966857 3.127179637
1572967021 3.727765599
1573207130 4.642781922
1573207298 4.91719294
1573207467 3.115937527
1573207636 1.499756806
1573207803 5.121584613
1573207970 4.831953952
1573208136 3.796442184
1573208302 4.044497918
1573208472 1.031779455
1573208635 6.899767354
1573220371 3.217227863
1573220538 4.568474735
1573220707 5.393220728
1573220875 4.392548552
1573221043 3.959515043
1573221209 3.246011907
1573221373 5.287564576
1573221543 4.772708583
1573221711 4.334780869
1573221879 2.931977925
1573222069 8.367787025
1573222239 4.727519293
1573222405 3.128478328
1573222574 1.279921278
1573222741 2.951874174
1573301220 6.070418038
1573301388 7.631123381
1573301571 5.674331385
1573301756 4.57679921
1573301926 6.252188298
1573302104 3.191164775
1573302272 11.498381772
1573302446 4.745421228
1573302614 3.118909538
1573302799 6.351964797
1573303934 1.31604412
1573304094 4.531490979
1573304255 3.126407336
1573304422 3.039484426
1573304580 8.101980648
1573304746 4.971614753
1573304905 4.717068184
1573305067 3.29741549
1573305232 1.269173169
1573305387 5.315730816
1573752606 1.012619999
1573752820 4.227113879
1573752978 3.501182604
1573753136 2.808185356
1573753291 2.847904379
1573753448 4.09675801
1573753605 2.858184897
1573753759 10.253334582
1573753921 3.016266
1573754740 5.664545626
1573754903 3.188807028
1573755066 8.074101287
1573755231 5.294174889
1573755390 4.922765929
1573755548 1.122261513
1573755703 7.769752329
1573755861 6.515704933
1573756019 4.804606659
1573756183 3.025781084
1573831486 2.962486058
1573831644 4.685956317
1573831815 6.779782846
1573831971 2.876417349
1573832125 4.815524285
1573832286 2.993392337
1573832446 10.222857708
1573832606 3.052677292
1573832762 3.105363619
1573832917 2.844216099
1573833114 4.275350541
1573833276 4.88747394
1573833433 3.962735196
1573833592 4.228363006
1573833748 10.703416547
1573901124 4.566357384
1573901281 2.721794854
1573901435 3.272211286
1573901597 5.391407037
1573901754 1.503511301
1573901907 3.159655085
1573902063 3.85241453
1573902221 2.837104644
1573902377 2.948366533
1573902535 2.901637932
1574685869 5.903798036
1574686055 4.552105153
1574686215 1.124421215
1574686377 3.169631775
1574686535 1.112596707
1574686698 3.039945141
1574686863 3.396830805
1574687050 5.933805309
1574687226 2.928703304
1574687389 5.111865729
1574689745 6.80675195
1574689935 3.079812656
1574690105 6.128142634
1574690273 2.860889758
1574690443 3.377605422
1574690610 5.747911052
1574690774 2.955368303
1574690938 7.987039625
1574691121 4.677408623
1574691297 3.237053087
1574706948 5.60639862
1574707159 3.890675437
1574954269 3.097283275
1574954434 4.594990728
1574954606 5.10849247
1574954792 4.548750993
1574954952 2.838701962
1574955111 2.724242122
1574955368 2.988452339
1574955529 2.918508643
1574955687 5.800056764
1574955849 5.090622077
1575026596 5.257144423
1575026757 7.156890896
1575026918 5.425880434
1575027080 6.908221768
1575027244 5.491733331
1575027407 6.577316813
1575027569 6.146254661
1575027729 5.52854055
1575027893 6.953526863
1575028054 2.631980559
1575112913 3.029173585
1575113078 3.222531343
1575113234 5.57141719
1575113396 2.774829771
1575113555 4.264612429
1575113713 3.18767808
1575113870 2.908511171
1575114027 3.398199783
1575114191 7.089201134
1575114351 2.84343873
1575289844 2.988391149
1575290008 5.292492425
1575290176 23.422921713
1575290365 5.231921579
1575290533 4.559251678
1575290709 4.870598919
1575290874 2.820351858
1575291031 4.274573872
1575291193 5.004622898
1575291355 5.12116746
1575384241 7.372208228
1575384405 3.874808929
1575384563 3.725385595
1575384725 6.14141064
1575384884 3.261478313
1575385044 2.795870152
1575385205 4.26210722
1575385363 5.333067138
1575385527 5.280199842
1575385686 3.257409249
1575556624 5.096435733
1575556788 5.859675582
1575556960 4.233011706
1575557142 4.714779082
1575557314 5.006371595
1575557496 3.925599265
1575557671 8.329907692
1575557844 5.226042459
1575558305 4.964505094
1575558489 3.897309752
1579184123 5.55829484
1579184838 5.17219062
1579185000 4.868275589
1579185163 5.345571178
1579185340 3.635590891
1579185514 6.749088505
1579185696 3.063569003
1579185879 2.88478702
1579186064 4.393581323
1579186235 4.563346788
1579351860 3.49885075
1579352018 5.732895728
1579352180 5.331254585
1579352342 4.791037817
1579352503 8.601958312
1579352667 2.931396423
1579352824 6.825789327
1579352990 4.798322061
1579353150 7.80235338
1579354017 5.67848258
1579522940 4.588303135
1579523144 4.876927538
1579523336 6.5925623
1579523500 5.070171338
1579523680 1.411996023
1579523855 5.238324123
1579524044 1.322737544
1579524225 5.237567359
1579524395 4.835496447
1579524560 5.247409569
1579537574 5.129467965
1580215590 6.299244317
1580215756 1.305955415
1580215912 4.831889534
1580216071 3.568548375
1580216234 4.951086618
1580216394 5.177833322
1580216557 2.991477536
1580216720 4.287530097
1580216899 5.592682814
1580304806 3.417011302
1580304965 5.107919359
1580305126 5.038581395
1580305286 6.503245699
1580305470 3.737814229
1580305633 4.230255867
1580305793 4.177365801
1580305950 3.086405372
1580306106 4.313824984
1580306268 4.906203813
1581935307 2.753915573
1581935465 4.051754095
1581935629 5.517427072
1581935793 4.858832507
1581935959 2.697267334
1581936131 4.241995037
1581936301 2.863630334
1581936465 3.132380643
1581936623 4.532925062
1581936798 2.675079086
1582026983 5.308853013
1582027143 2.767781486
1582027314 1.395497528
1582027478 27.031347271
1582027888 2.956565136
1582028055 8.603384526
1582028221 7.960302737
1582028392 4.148500645
1582028560 6.257105742
1582028729 2.707439495
1582113205 0.940377569
1582113365 4.906078219
1582113531 6.21803288
1582113696 2.923942798
1582113864 12.95037234
1582114037 3.578914809
1582114201 2.772580169
1582114363 6.822229506
1582114529 2.869507006
1582114693 3.187933765
1582114856 2.900971864
1582115024 2.730087866
1582115184 4.794965915
1582115352 3.683678239
1582115515 3.110683665
1582115677 4.994629009
1582115841 2.866858244
1582116005 2.772462967
1582116186 4.586614111
1582116398 7.922461242
1582116577 4.057448935
1582116741 3.239209851
1582119061 4.046493296
1582119225 8.434256991
1582119397 5.501051335
1582119573 9.07819959
1582119745 4.435489327
1582119916 1.500336557
1582120086 4.875100878
1582120257 4.541550978
1582120976 3.621368422
1582121143 6.705579172
1582121390 1.339576071
1582125076 2.782710647
1582125292 2.572976024
1582125742 7.927001174
1582125937 7.044597079
1582126102 10.368196698
1582126269 2.648295043
1582126436 1.317810314
1582126600 3.831888783
1582126765 4.326499497
1582126930 1.518832061
1582127087 2.898587529
1582127256 1.352701437
1582127421 2.827501499
1582127587 3.019404683
1582127750 4.49493168
1582127913 2.925080213
1582128078 4.119193588
1582128240 2.718578118
1582128419 4.535557168
1582128581 2.534575969
1582128745 4.549837902
1582128911 5.208141639
1582129077 4.472014846
1582129242 2.945182236
1582129403 3.404529108
1582129565 4.988608962
1582129727 3.316678644
1582185167 4.388304261
1582185370 6.086002428
1582186066 4.301360471
1582186222 2.793453553
1582186960 4.432010659
1582187920 3.67429809
1582188081 2.902738302
1582188240 4.847994238
1582188398 3.152710347
1582193850 5.88943531
1582194013 4.700482471
1582194176 2.858591667
1582194334 6.670646932
1582194496 7.382832067
1582194659 5.892566091
1582194825 6.501864772
1582194990 4.319100292
1582195149 4.944912469
1582195312 2.65912148
1582195807 3.976548633
1582195966 3.264052989
1582196124 5.720559053
1582196283 5.300030359
1582196443 5.233278202
1582196605 1.618509334
1582196759 4.978463918
1582196920 4.520960116
1582197081 12.005197102
1582197247 3.0816829
1582197404 6.239674361
1582197581 5.337398073
1582197741 2.932946019
1582197899 4.697969929
1582198058 3.06376241
1582198215 7.25707624
1582198374 2.761555411
1582198638 21.847758433
1582199004 5.068458924
1582199167 5.142818292
1582631472 4.94573858
1582631630 2.951022113
1582631786 4.110738485
1582631944 2.850210056
1582632101 2.908136324
1582632257 2.98583783
1582632418 6.531873567
1582632581 2.721928854
1582632741 6.076181738
1582632901 5.305116293
1582884618 5.40697084
1582884779 9.227520445
1582884947 5.558523931
1582885110 8.644796256
1582885276 6.485279996
1582885437 3.844658497
1582885597 6.091668426
1582885764 1.222912575
1582885923 3.55715228
1582886081 8.344605046
1574707159 3.890675437
