1570448881 6.795410983
1570449381 7.187738287
1571323367 7.391773372
1571323760 7.293188537
1571324163 7.430801753
1571324561 7.31920821
1571327492 7.473204683
1571327883 7.394151045
1571328273 7.463389594
1571328665 7.265304497
1571329056 7.184801133
1571329447 7.307592816
1571330040 7.048008609
1571397995 7.323451667
1571398391 7.536314536
1571398784 7.255454558
1571399175 7.074822957
1571399565 7.434321269
1571399963 7.373820845
1571400783 7.351929668
1571401175 7.409040904
1571401567 7.261785969
1571406949 7.208557289
1571407338 7.497207248
1571407731 7.187897436
1571408120 7.367191738
1571408514 7.508159577
1571666006 7.579996477
1571666395 7.407591258
1571666787 7.60906862
1571667180 7.440103132
1571667623 7.279080769
1571669275 7.136435703
1571754186 6.942035136
1571754577 7.479689708
1571754977 7.243239267
1571755374 7.469399534
1571756605 7.124584873
1571757036 7.316557328
1571757465 7.330941506
1571757861 7.294080514
1571758644 7.031451249
1571762259 7.099059342
1571762655 7.167772246
1571763048 7.421030768
1571763436 7.525545033
1571763830 7.369714116
1571764236 7.486152927
1571764646 7.320166213
1571765037 7.160524983
1571765426 7.203514708
1571765817 7.284627204
1571766395 7.056557984
1571767177 7.543549488
1572006435 7.987521492
1572007144 6.936690485
1572007536 7.271795741
1572008038 7.28378373
1572008439 7.258612381
1572008841 7.596120905
1572009625 7.100333851
1572010017 7.482881736
1572010412 7.635179062
1572013759 7.161428358
1572014150 7.475821876
1572014540 7.439414702
1572014931 7.253974369
1572268982 7.33711592
1572269402 7.229564791
1572269815 7.507245018
1572270223 7.323535442
1572270617 7.341510382
1572272352 5.951543845
1572272682 6.081283793
1572273016 6.264568666
1572273363 5.994247768
1572273696 6.138275498
1572276120 6.039387184
1572276456 6.128270623
1572276791 6.425753398
1572277122 6.075518319
1572277457 6.225684656
1572277816 6.050926573
1572278149 6.086240007
1572278480 6.098754842
1572363540 5.636292564
1572363869 6.107172234
1572364199 6.171233754
1572364529 6.024878028
1572364867 6.172376792
1572365204 6.086845414
1572365581 6.094664424
1572365955 6.029211034
1572366296 6.019565243
1572366630 6.047954221
1572369658 6.146000112
1572369988 6.035117806
1572370318 6.050523686
1572370651 6.097067517
1572370979 6.140897036
1572371312 5.92681579
1572371641 6.098553923
1572371972 6.155188338
1572372301 6.178533321
1572372631 6.081282601
1572533642 6.141651559
1572533986 6.092185159
1572534675 6.411583827
1572535009 6.028146282
1572535357 6.096263633
1572535687 6.090302658
1572536022 5.968573218
1572536385 6.057489743
1572536721 5.888273751
1572537320 6.144019881
1572537977 5.597928145
1572538636 6.242642829
1572539936 6.098755395
1572540842 5.992628726
1572541496 6.047924527
1572542144 5.9410529
1572542791 5.952455469
1572543456 5.870402053
1572871210 6.275546613
1572871860 5.91378882
1572872537 6.34900858
1572873190 6.003555812
1572873842 6.205548685
1572874902 6.313297439
1572875767 6.15947232
1572876992 6.266778013
1572877642 6.110164753
1572878869 6.034907298
1572880266 6.139973662
1572880602 6.333484672
1572880948 6.11540443
1572881286 6.050094477
1572881619 6.075380828
1572881951 6.011660791
1572882281 6.219644945
1572882672 6.17482638
1572883024 6.143955694
1572883362 6.520901567
1572967275 6.139099098
1572967934 6.06087649
1572969235 6.113548663
1572969897 6.007704924
1572970545 6.14467567
1572971197 5.976710191
1572971859 6.019523794
1572972520 5.918915683
1572973232 6.123972223
1572973885 5.884749662
1572974537 6.043000112
1572975260 5.523852837
1572975591 6.077599386
1572975958 6.079034565
1572976340 6.109292066
1572976672 5.797020269
1572977001 6.029411415
1572977332 6.053398087
1572977694 6.111246011
1572978042 5.72407618
1573208820 5.925806544
1573209474 6.060460385
1573210149 5.925676298
1573210818 6.147147859
1573211474 6.228031
1573212124 5.997148881
1573212776 6.107451212
1573213427 5.841414535
1573214097 7.123271253
1573218286 6.164913209
1573218618 5.997899786
1573306529 6.048238286
1573306844 6.523461784
1573307182 6.390181172
1573307819 6.352697036
1573308140 6.389644577
1573308467 6.415669629
1573308786 6.527884919
1573309108 6.426057937
1573309439 6.515619689
1573310277 6.261624886
1573310902 6.181708237
1573311517 5.771253641
1573312220 6.106564648
1573312832 5.76482075
1573313457 6.144898246
1573314090 6.391055022
1573314706 6.22156105
1573828053 6.337397033
1573828363 6.146068638
1573828673 5.75801191
1573828979 5.79869407
1573829282 5.703499981
1573829592 5.71159418
1573830148 5.872091615
1573830458 5.858761621
1573830766 5.712014128
1573831073 5.713920267
1573902706 5.723597354
1573903014 5.943376455
1573903325 6.04186784
1573903636 6.412373706
1573903947 6.005396004
1573904256 6.048335809
1574688025 5.719620114
1574688343 5.949195277
1574692034 5.995579624
1574692350 5.773622462
1574693267 5.795931308
1574693912 6.192424415
1574694662 5.936029143
1574695217 5.791611229
1574695558 5.726675626
1574695866 6.374186196
1574696323 5.969564901
1574696894 12.644734456
1574697493 5.808058174
1574698070 5.584349973
1574698655 5.672139627
1574708803 6.196615675
1574709432 5.809481795
1574710719 6.148224614
1574710719 6.148224614
1574708803 6.196615675
