1569854347 14.212477765
1569855321 14.308013726
1569855759 14.276323148
1570447087 13.804396243
1570448892 13.339838433
1570449393 13.290161824
1570449829 13.773900973
1571323379 13.253904919
1571323771 13.175426388
1571324174 13.338654516
1571324572 13.241695558
1571327503 13.331361158
1571327894 13.266768535
1571328285 13.181885459
1571328676 13.207794722
1571329067 13.175705432
1571329458 13.341260958
1571330051 13.34980405
1571398006 13.444134258
1571398402 13.191631946
1571398795 13.378879922
1571399186 13.222458616
1571399577 13.281004695
1571399974 13.418599318
1571400367 13.46324967
1571400794 13.199625449
1571401187 13.260679799
1571401579 13.218204761
1571406960 13.280950159
1571407350 13.246617739
1571407742 13.355208339
1571408131 13.304091388
1571408525 13.290451288
1571666018 13.411520479
1571666406 13.230644895
1571666799 13.173521488
1571667191 13.326293492
1571667634 13.259587648
1571669286 13.303088993
1571669679 13.380923352
1571754197 13.207514775
1571754588 13.416234292
1571754988 13.403586042
1571755385 13.329570858
1571756616 13.380655334
1571757047 13.373604104
1571757476 13.377697711
1571757872 13.379700469
1571758266 13.354664001
1571758656 13.270058378
1571762270 13.242647527
1571762666 13.204313088
1571763059 13.306241124
1571763447 13.191601279
1571763841 13.343195932
1571764247 13.350978916
1571764657 13.211299295
1571765048 13.429524908
1571765437 13.38189129
1571765828 13.361797503
1571766406 13.509194938
1571767188 13.304606686
1572006447 15.312888707
1572007155 13.301571336
1572007547 13.254586595
1572008049 13.306736256
1572008450 13.347051056
1572008853 13.159796523
1572009247 13.406937952
1572009636 13.268348504
1572010028 13.207370621
1572010424 13.103278005
1572010814 13.339661881
1572013377 13.25776026
1572013770 13.335563887
1572014161 13.276810225
1572014552 13.258852176
1572014942 13.352550503
1572268993 13.450841434
1572269413 13.258995605
1572269827 13.138785531
1572270234 13.2082774
1572270629 13.323273804
1572271115 13.267156318
1572272361 10.684130725
1572272692 10.565558487
1572273026 10.842076436
1572273373 10.904788192
1572273705 10.708476651
1572276130 10.842581327
1572276467 10.649715399
1572276801 10.705966716
1572277132 10.803879536
1572277467 10.641292432
1572277826 10.836794046
1572278158 10.867884261
1572278490 10.904197331
1572363549 10.697010784
1572363878 10.791102783
1572364208 10.788408515
1572364538 10.692322338
1572364877 10.789702477
1572365213 10.658868547
1572365591 10.76352422
1572365964 10.863491174
1572366305 10.811723917
1572366639 10.79320639
1572369667 10.881303749
1572369998 10.864834187
1572370327 10.932341794
1572370660 10.844072276
1572370988 10.899070722
1572371321 10.926810867
1572371650 10.957721297
1572371982 10.785001401
1572372311 10.750039228
1572372640 10.774432498
1572533652 10.813394765
1572533996 10.974911435
1572534345 10.30525244
1572534684 10.731688751
1572535018 10.761357297
1572535366 11.179843987
1572535696 10.823160901
1572536032 10.794321647
1572536394 10.754887094
1572536730 10.888981336
1572537329 10.77719764
1572537986 10.724581342
1572538646 10.803885937
1572539299 10.811983704
1572539945 10.660333695
1572540851 10.799383131
1572541505 10.795079133
1572542154 10.776479602
1572542800 10.902718367
1572543465 11.246444798
1574710728 9.803161284
1574708812 10.219757841
