1569849910 2.066649963
1569850115 2.048901363
1569849910 2.066649963
1569850115 2.048901363
1569850924 2.091243971
1569851133 2.05766164
1569851468 1.927777209
1569851690 2.141428989
1569851919 2.043128233
1569852148 2.183169987
1569852387 2.080232647
1569852603 1.921798676
1569852994 2.01849822
1569853306 2.128906206
1569853545 1.888292975
1569854186 2.147668827
1569855145 2.058471209
1569855589 2.692111578
1570446918 2.066770227
1570448010 2.063553647
1570448737 2.287816007
1570449207 2.008093456
1570449633 2.242626218
1570543032 2.205991902
1570543389 2.036828659
1570543596 2.266870242
1570544525 2.055198061
1570544725 2.040398275
1570544986 2.167980653
1570545190 3.439465668
1571322905 2.044376417
1571323226 2.117297146
1571323620 1.954862775
1571324021 2.379046609
1571324421 1.913236941
1571325027 2.221322588
1571325224 2.035856611
1571325423 2.097362507
1571325628 2.308751454
1571325826 1.92830373
1571326718 2.124106531
1571326930 2.148000946
1571327137 2.053471827
1571327352 2.046885098
1571327742 2.016841861
1571328133 2.231873007
1571328524 1.986927911
1571328915 1.971108323
1571329307 2.053785098
1571329899 2.100725038
