1569850080 7.747403098
1569850080 7.747403098
1569850842 5.464118933
1569851103 1.583001174
1569851303 6.1990689
1569851652 4.776297599
1569851865 4.118075109
1569852094 4.233737222
1569852319 7.483285891
1569852555 4.013690409
1569853196 8.503037822
1569853490 7.27619143
1570543206 4.700958613
1570543564 4.026741525
1570543776 6.901535055
1570544693 4.158906126
1570544951 6.83132151
1570545152 5.324884157
1570545371 6.051782911
1571323076 4.207607901
1571325193 4.133819118
1571325390 6.944681648
1571325595 4.488206053
1571325795 5.470994419
1571325992 5.500374345
1571326886 14.45876278
1571327101 7.973137655
1571327308 4.638509479
1571395985 4.049283283
1571396182 4.38606619
1571396381 4.136926836
1571396581 1.899561016
1571396777 4.305132449
1571397004 7.574831289
1571397209 4.944506301
1571397409 4.103004284
1571397606 3.894332224
1571397804 4.255697009
1571405053 1.922062037
1571405253 1.834361355
1571405448 4.953268052
1571405681 4.213635951
1571405880 4.318703652
1571409104 1.872285301
1571409302 5.038239571
1571409501 4.765878486
1571409718 4.303109912
1571409916 4.022149389
1571664522 3.595391169
1571665031 7.950412251
1571665245 4.134074202
1571665439 4.224704544
1571665634 4.17887434
1571665829 3.970999085
1571668247 9.127594241
1571668447 1.767927095
1571668649 4.933990927
1571668843 4.477021018
1571669044 4.206414528
1571752117 4.878414224
1571752313 6.489576084
1571752512 11.553731203
1571752717 4.125178216
1571752913 4.466032615
1571753108 5.483617313
1571753305 5.337648425
1571753502 5.746846489
1571753700 4.080401269
1571753896 4.061011585
1571760255 4.356331319
1571760452 5.423967459
1571760653 4.336184316
1571760854 3.928366775
1571761052 3.831795206
1571761260 9.068556486
1571761458 4.174840839
1571761653 4.262047369
1571761850 4.302726174
1571762058 4.258932769
1572003360 4.087768515
1572003557 5.919601426
1572003752 6.744955768
1572003950 4.910460323
1572004146 4.101899455
1572004342 4.143238971
1572004536 6.77883445
1572004735 10.308076873
1572004939 5.524954691
1572005136 4.120706204
1572011338 5.860606075
1572011534 4.707154496
1572011734 4.002155748
1572011928 4.303573466
1572012124 5.412411623
1572012321 4.187729974
1572012516 4.725042556
1572012712 1.77720587
1572012905 4.271394322
1572013099 4.299402511
1572265159 3.926556034
1572265361 1.718179302
1572265555 5.143495696
1572265753 6.502127625
1572265958 4.00929302
1572266159 4.032711832
1572266359 4.180947662
1572266557 3.964412896
1572266756 5.077140038
1572266962 6.233630979
1572274209 5.916776351
1572274389 1.57944385
1572274554 1.500683187
1572274724 5.041432788
1572275061 5.978587837
1572275233 9.849098816
1572275410 3.774838669
1572275578 4.436276085
1572275752 3.644484266
1572361374 4.107752531
1572361570 4.059948333
1572361764 5.338782931
1572361959 7.667558322
1572362158 4.184482072
1572362356 1.83640191
1572362549 4.68831514
1572362748 5.08169431
1572362943 4.31338412
1572363139 6.824791188
1572367001 6.069278621
1572367170 5.577129682
1572367341 3.754890161
1572367509 1.36473046
1572367689 8.30757409
1572367867 7.298309998
1572368036 5.916160288
1572368205 3.923214586
1572368371 3.271410409
1572368536 11.296965862
1572532490 7.216628842
1572532691 11.324288381
1572532895 76.802472844
1572544589 5.381394397
1572544757 5.674268283
1572544928 7.835144118
1572545101 11.111685207
1572545274 8.252657432
1572870102 3.768754418
1572870320 5.589546859
1572870503 7.50155292
1572870723 5.478793153
1572870892 5.487553423
1572965484 3.377289725
1572965650 4.46136514
1572965818 5.356316369
1572965985 3.247088082
1572966157 3.265488041
1572966325 6.478583534
1572966495 3.33019574
1572966678 11.647027809
1572966857 3.292221997
1572967021 3.552194348
1573207130 4.921368415
1573207298 5.136087254
1573207467 3.248728907
1573207636 1.451438936
1573207803 5.382978229
1573207970 4.996648332
1573208136 4.026994698
1573208302 4.350456985
1573208472 1.452626772
1573208635 7.243844289
1573220371 3.217227863
1573220538 4.883886934
1573220707 5.732611993
1573220875 4.986360442
1573221043 4.181230121
1573221209 3.497805215
1573221373 5.678728253
1573221543 4.940396265
1573221711 4.82488594
1573221879 3.323352655
1573222069 8.528424474
1573222239 5.239405892
1573222405 3.292708084
1573222574 1.409097025
1573222741 3.379732419
1573301220 6.23409117
1573301388 8.178509055
1573301571 5.86386687
1573301756 4.797077478
1573301926 6.411498942
1573302104 3.323199446
1573302272 11.588668161
1573302446 5.298586981
1573302614 3.239596897
1573302799 6.786859945
1573303934 1.449147577
1573304094 4.639319712
1573304255 3.203312125
1573304422 3.214663809
1573304746 5.229805736
1573304905 4.934374871
1573305067 3.836388111
1573305232 1.66702294
1573305387 5.996495491
1573752820 4.227113879
1573752978 3.964392426
1573753136 2.896403787
1573753291 2.936944463
1573753448 4.233480027
1573753605 3.148363588
1573753759 10.635773049
1573753921 3.016266
1573754740 5.968597328
1573754903 3.485160624
1573755066 8.074101287
1573755231 5.336075894
1573755390 5.24868771
1573755548 1.239344019
1573755703 7.769752329
1573755861 6.515704933
1573756019 4.970226603
1573756183 3.025781084
1573831644 5.192306969
1573831971 3.007793214
1573832286 3.288531614
1573832446 10.669755284
1573832606 3.340354262
1573832762 3.1968686
1573832917 3.141147619
1573833114 4.512135875
1573833276 4.9808513
1573833433 4.346285498
1573833592 4.444300752
1573833748 11.081644886
1573901281 2.985536351
1573901435 3.272211286
1573901597 5.991139429
1573901754 1.649734433
1573901907 2.986963324
1573902221 2.911854289
1573902377 2.992405667
1573902535 3.288185701
1574686055 4.817190781
1574686215 1.357069216
1574686377 3.645635962
1574686535 1.319225906
1574686698 3.259606851
1574686863 3.737497624
1574687050 6.126236599
1574687226 3.321827037
1574689935 3.421326501
1574690273 2.860889758
1574690443 3.557967824
1574690774 3.342739196
1574690938 8.366887051
1574691297 3.251834764
1574706948 5.735394107
1574707159 3.713600751
1574954269 3.766733509
1574954434 4.594990728
1574954606 5.230400365
1574954792 4.980549497
1574954952 3.056352673
1574955111 3.152132934
1574955368 2.988452339
1574955529 3.0483424
1574955687 5.948637774
1575026596 5.64796226
1575026757 7.200267845
1575026918 5.963317764
1575027080 7.380381606
1575027244 5.668336439
1575027407 6.747790818
1575027569 6.50786291
1575027729 5.912349329
1575027893 7.516437023
1575112913 3.163603141
1575113078 3.458047838
1575113234 5.676417845
1575113396 2.99157882
1575113555 4.562233893
1575113713 3.18767808
1575113870 2.989632011
1575114191 7.375874659
1575114351 3.051940258
1575289844 3.288046933
1575290008 5.50111078
1575290176 23.422921713
1575290533 5.025690094
1575290709 4.967447132
1575291193 5.180039887
1575291355 5.664504661
1575384241 7.744140456
1575384405 4.053834925
1575384725 6.441659172
1575384884 3.261478313
1575385044 2.795870152
1575385205 4.563080942
1575385363 5.791575136
1575385527 5.79671853
1575385686 3.516197943
1575556624 5.644081064
1575556960 4.710729842
1575557142 4.958186849
1575557314 5.451534575
1575557496 3.925599265
1575557671 8.57682629
1575558489 4.318260768
1579184123 5.807463396
1579184838 5.439155063
1579185340 3.800399621
1579185696 3.196051781
1579185879 3.004176773
1579186064 4.511538872
1579186235 4.980729834
1579351860 3.676883113
1579352018 6.072473632
1579352342 5.168804138
1579352667 2.990247988
1579352824 6.997353536
1579352990 5.093529802
1579353150 8.011590836
1579354017 6.019896914
1579523336 6.681235646
1579523680 1.753624769
1579523855 5.499007742
1579524044 1.493779324
1579524225 5.706111613
1579524395 4.879823691
1579524560 5.584263328
1579537574 5.686107356
1580215420 6.644224849
1580215756 1.305955415
1580215912 5.05201529
1580216394 5.726598209
1580216557 3.153803136
1580216720 4.670240378
1580304806 3.584324095
1580304965 5.364749192
1580305126 5.333701575
1580305286 6.695165584
1580305470 3.973011894
1580305633 4.647953713
1580305950 3.210271037
1580306106 4.59057177
1581935307 3.215017583
1581935465 4.095972156
1581935629 5.857917699
1581935793 5.306593261
1581935959 2.917502273
1581936131 4.330122232
1581936301 2.863630334
1581936465 3.132380643
1581936623 5.043941941
1581936798 3.01803157
1582026983 5.901780242
1582027143 3.153739016
1582027314 1.320200264
1582027478 27.156933936
1582027888 3.424582937
1582028055 9.029646205
1582028221 8.470371308
1582028392 4.274378483
1582028560 6.610541376
1582028729 3.000070591
1582113205 1.298613383
1582113365 4.906078219
1582113531 6.300622186
1582113696 3.105300518
1582114037 4.097944771
1582114201 3.154982535
1582114363 6.990883322
1582114529 3.029758134
1582114693 3.303614905
1582114856 2.976908001
1582115024 2.907401508
1582115184 5.184025445
1582115352 3.896258483
1582115515 3.452526086
1582115677 5.128786357
1582115841 3.162758315
1582116005 3.192655898
1582116398 8.069554044
1582116577 4.057448935
1582116741 3.412411932
1582119061 4.258287774
1582119225 8.475147123
1582119397 5.501051335
1582119745 4.601880843
1582119916 1.720134562
1582120086 5.026672419
1582120257 4.839230804
1582120976 3.830478948
1582121143 6.705579172
1582121390 1.339576071
1582125076 3.08321564
1582125292 2.911871247
1582125937 7.176858802
1582126102 10.927436069
1582126269 2.988869884
1582126436 1.614519791
1582126600 3.967642635
1582126765 4.622176829
1582126930 1.640425927
1582127087 3.106346087
1582127256 1.440536014
1582127421 2.946393144
1582127587 3.019404683
1582127750 4.870439259
1582127913 3.136273132
1582128078 4.622624732
1582128240 3.270234675
1582128419 4.925110849
1582128581 2.979862873
1582128745 4.72695083
1582128911 5.252050429
1582129077 4.72373485
1582129242 3.022829605
1582129403 3.671010781
1582129565 5.284516837
1582129727 3.34648277
1582185370 6.560181947
1582186222 2.926831515
1582186960 4.524705159
1582187920 3.839208364
1582188081 3.337342731
1582188240 5.139660128
1582188398 2.987463326
1582193850 6.369968741
1582194013 5.161290082
1582194176 2.909861073
1582194334 6.703721487
1582194496 7.382832067
1582194659 6.233641742
1582194825 6.808451404
1582194990 4.319100292
1582195149 5.483881584
1582195312 3.160392193
1582195807 4.412442749
1582195966 3.812347418
1582196124 5.977407651
1582196283 5.687340942
1582196605 1.66281952
1582196759 5.320800977
1582196920 4.520960116
1582197081 12.477880538
1582197247 3.033716484
1582197404 6.532980979
1582197581 5.45847468
1582197741 2.980737374
1582197899 4.740245561
1582198058 3.227785357
1582198215 7.25707624
1582198374 2.978348326
1582199004 5.503431652
1582199167 5.354674312
1582631472 5.337298678
1582631630 3.387788957
1582631786 4.110738485
1582631944 3.177745421
1582632101 3.328300485
1582632257 3.283900058
1582632418 6.697683007
1582632581 2.900159965
1582632741 6.518524835
1582632901 5.539870304
1582884779 9.819735854
1582884947 5.950250575
1582885110 8.706636852
1582885437 3.844658497
1582885597 6.432232597
1582885764 1.266269112
1582885923 3.784966958
1582886081 8.498123431
1574707159 3.713600751
