1569853689 83.0635398
1569854331 13.851850125
1569855305 13.486872715
1570447071 13.496542513
1570448876 12.822334305
1570449377 12.816115696
1570449812 13.0284175
1571323363 12.738221019
1571323755 12.791289765
1571324158 12.688678779
1571324557 12.775163353
1571327488 12.703379573
1571327878 12.619641382
1571328269 12.719167716
1571328660 12.719965705
1571329051 12.895465768
1571329442 12.838411964
1571330035 12.811482658
1571397991 12.878261955
1571398386 12.921593679
1571398779 12.725018966
1571399171 12.684629514
1571399561 12.780692968
1571399958 12.796558677
1571400352 12.83307561
1571400778 12.819691037
1571401171 12.883897281
1571401563 12.719872326
1571406944 12.728712523
1571407334 12.796595012
1571407727 12.852085566
1571408115 12.748270945
1571408509 12.82003004
1571666002 12.772224116
1571666390 12.667397555
1571666783 12.742721076
1571667175 12.803604172
1571667619 12.682860745
1571669270 12.893908115
1571669664 12.749624058
1571754181 12.620554644
1571754572 12.902213399
1571754973 12.75455765
1571755369 12.762729219
1571756601 12.745909743
1571757032 12.626928767
1571757460 12.89018574
1571757856 12.787963552
1571758250 12.836689249
1571758640 12.773407505
1571762254 12.757502463
1571762651 12.738690289
1571763043 12.748752885
1571763431 12.805564271
1571763825 12.897500479
1571764231 12.788302652
1571764641 12.805752127
1571765032 12.783567045
1571765421 12.800241754
1571765812 12.818614265
1571766390 12.783124705
1571767172 12.884995085
1572006430 14.232322936
1572007139 12.787162796
1572007531 12.765535489
1572008033 12.767462082
1572008434 12.77246982
1572008837 12.798149111
1572009231 12.807272392
1572009620 12.68740768
1572010012 12.802305888
1572010408 12.789250754
1572010799 12.73755767
1572013361 12.755330786
1572013754 12.800317382
1572014146 12.790423808
1572014536 12.800132566
1572014926 12.797227272
1572268977 13.542386484
1572269397 13.314005447
1572269811 13.318747638
1572270218 13.438733597
1572270613 13.09501499
1572271101 10.718861166
1572272348 10.886943643
1572272678 10.621358163
1572273013 10.829238027
1572273360 11.070895214
1572273692 10.821823065
1572276116 10.677441153
1572276453 10.743597183
1572276788 10.886636889
1572277118 10.786637715
1572277454 10.883664717
1572277813 10.760036318
1572278145 10.760516212
1572278476 10.744417288
1572363536 10.681010654
1572363865 10.474323118
1572364195 10.468153036
1572364525 10.440328442
1572364864 10.446207723
1572365200 10.449832667
1572365578 10.489215792
1572365952 10.338244449
1572366292 10.438115063
1572366626 10.354290867
1572369654 10.472563721
1572369985 10.414364464
1572370314 10.411692943
1572370647 10.388150346
1572370975 10.457634274
1572371309 10.386552733
1572371637 10.471287302
1572371969 10.422949319
1572372298 10.440570424
1572372627 10.422181842
1572533638 10.915884098
1572533981 12.432222936
1572534328 82.022848339
1572534671 10.513607688
1572535005 10.537160017
1572535353 10.640710828
1572535683 10.506625939
1572536019 10.456825897
1572536381 10.559109659
1572536717 10.255467521
1572537316 10.351968517
1572537973 10.524242226
1572538633 10.679956255
1572539279 17.394914759
1572539932 10.402576161
1572540838 10.405674416
1572541492 10.411648341
1572542141 10.419108435
1572542788 10.298642795
1572543452 10.451459372
1572871206 10.676529931
1572871856 10.507159292
1572872533 10.650927031
1572873187 10.564484373
1572873838 10.619537975
1572874899 10.528062391
1572875763 10.475331624
1572876988 10.796005994
1572877638 10.777637675
1572878865 10.948513013
1572880262 10.919941779
1572880599 10.978626366
1572880944 10.407182036
1572881283 10.397633463
1572881615 10.447465757
1572881948 10.329521889
1572882277 10.52343075
1572882668 10.318919251
1572883020 10.483874329
1572883358 10.800218335
1572967271 10.862907938
1572967930 10.500211456
1572969231 10.618575454
1572969893 10.504858089
1572970542 10.412232568
1572971193 10.318679171
1572971855 10.422148259
1572972516 10.311113597
1572973229 10.302521815
1572973881 10.452858019
1572974533 10.436729476
1572975256 10.454636523
1572975587 10.451156554
1572975954 10.386003518
1572976337 10.446196
1572976668 10.302054456
1572976997 10.38122213
1572977328 10.464107908
1572977690 10.470674729
1572978038 10.3500256
1573208816 10.343656143
1573209470 10.459000352
1573210145 10.306179129
1573210815 10.460591192
1573211471 10.652614802
1573212120 10.504114854
1573212772 10.500066691
1573213423 10.423522479
1573214093 11.366002885
1573214749 10.401061631
1573218283 10.430283427
1573218615 10.496562514
1573306525 10.094912133
1573306841 10.708907792
1573307179 10.418222138
1573307501 10.798714057
1573307816 10.161766131
1573308137 10.497362264
1573308464 10.440517567
1573308783 10.375064621
1573309104 10.476894762
1573309436 10.647997355
1573310274 10.103503608
1573310899 10.42396203
1573311514 9.728368755
1573312217 10.079016672
1573312828 9.646937871
1573313454 10.226787396
1573314087 10.239094748
1573314702 10.475430838
1573828049 10.145195125
1573828360 9.85512123
1573828670 9.514702519
1573828976 9.584736017
1573829279 9.460215568
1573829589 9.427208319
1573830144 9.729146013
1573830455 9.647378097
1573830763 9.357786616
1573831070 9.548540634
1573902703 9.348324288
1573903011 9.550311216
1573903322 9.711950748
1573903633 10.07629852
1573903944 9.884320141
1573904253 9.907993417
1574688022 9.62948406
1574688340 9.77794975
1574692030 10.38199811
1574692347 9.568127158
1574693263 9.603519088
1574693578 9.37943952
1574693909 10.235776127
1574694659 9.624792475
1574695213 9.647427202
1574695555 9.461681791
1574695863 10.465034149
1574696319 9.881895951
1574696891 16.305518634
1574697489 9.636777945
1574698067 9.332160917
1574698652 9.415639536
1574708106 9.895084288
1574708800 9.905715898
1574709429 9.70591172
1574710715 10.097947345
1574950812 9.920913663
1574951185 10.04047085
1574951538 10.004802141
1574951862 13.190306368
1574952181 10.108800109
1574952578 9.730808121
1574952907 10.759067967
1574953275 9.87264949
1574953585 9.610529232
1574953924 9.462955134
1574956075 9.651671722
1574956647 9.948882412
1574957339 9.686888719
1574957915 10.225128686
1574958507 10.000382559
1574959096 9.932310239
1574959699 9.651198724
1574960275 9.558001853
1574960888 9.390698544
1574961527 9.702795232
1575028211 10.68425774
1575028521 9.591334658
1575028833 9.137749821
1575029169 10.071617731
1575029480 9.852673823
1575029790 9.673892278
1575030102 10.098897527
1575030416 10.279854125
1575030735 10.029765229
1575031062 10.196834114
1575032998 9.847700443
1575033565 9.914414933
1575034156 10.146723162
1575034724 9.783642265
1575035295 9.889046881
1575036317 10.044685214
1575036895 9.702462217
1575037454 9.557784499
1575038458 9.795495698
1575039024 10.055999747
1575114497 9.470194985
1575114803 9.298620843
1575115111 10.174638691
1575115420 10.150499174
1575115730 9.780954738
1575116047 9.68208782
1575116356 10.146418036
1575116666 9.967913603
1575116976 9.976906955
1575117285 9.851349105
1575120289 9.624801462
1575120852 9.72460866
1575121412 11.529394684
1575122475 9.60860467
1575123033 9.616127691
1575123591 10.118509865
1575124149 9.398274463
1575124716 9.67444033
1575125272 10.364048747
1575125840 10.319678381
1575293011 9.546106721
1575293344 9.667209383
1575293685 10.298941228
1575294022 9.790063495
1575294366 9.69929957
1575294709 10.390700003
1575295073 9.828160444
1575295464 9.882032879
1575295819 13.926054522
1575297022 10.065807404
1575297583 10.330708819
1575298165 9.719515688
1575298731 9.754609082
1575299310 9.752163757
1575299884 9.698278356
1575300505 9.443327304
1575301076 9.482165022
1575301885 10.231500184
1575385902 9.979224973
1575386214 9.955159243
1575386526 10.004526228
1575386931 9.346807922
1575387240 10.093862813
1575387549 9.928207479
1575387859 9.836283488
1575388167 9.490911468
1575388476 9.530776151
1575388781 9.618017231
1575390072 9.969214735
1575390640 10.204107882
1575391208 10.093306692
1575391771 9.635470174
1575392583 9.884827339
1575393219 9.158016479
1575393780 9.959161966
1575394346 9.677435345
1575394908 10.073331382
1575395470 11.104996176
1575473433 10.109812835
1575558664 10.088244134
1575558978 9.592160002
1575559303 9.457574373
1575559622 10.359842205
1575559990 10.026085627
1575560319 9.975591514
1575560651 9.788319323
1575561184 9.51733622
1575561528 9.970474949
1575561885 9.846492043
1575562291 9.711546228
1575563002 9.36476146
1575563652 9.980621218
1575564250 9.426548054
1575564834 9.919418848
1575565399 9.525211116
1575565967 9.69659657
1575566553 9.402145274
1575567868 9.770104947
1575568479 9.845009254
1579186410 9.682273627
1579186755 9.858144948
1579187769 9.952364064
1579188101 9.75907691
1579188546 9.464277164
1579189082 9.60157502
1579189412 9.351763256
1579189740 9.767923198
1579190081 10.132696191
1579190416 10.242084596
1579190923 10.549348376
1579191539 10.232103312
1579192104 10.139548818
1579192684 9.631221015
1579193249 10.098579515
1579193839 9.967467278
1579194404 9.952239876
1579194973 10.40940768
1579195562 10.651419317
1579196127 9.669076258
1579354170 9.680711088
1579354475 9.57864231
1579354788 9.689065493
1579355095 9.484641388
1579355404 9.609380083
1579355713 10.028915024
1579356022 9.622250895
1579356328 9.337548686
1579356634 10.056545165
1579356940 9.639272052
1579359334 9.646835336
1579359907 10.080168097
1579360471 9.86364151
1579361028 9.731692236
1579361585 9.516139877
1579362138 9.549867131
1579362694 9.627433638
1579363257 10.0140977
1579363824 9.752160476
1579364384 10.066377602
1579524776 10.16115252
1579525122 9.812273722
1579525507 9.934932216
1579525833 9.548141408
1579526157 12.429744294
1579528454 9.563240939
1579528879 10.099580745
1579529264 9.323713116
1579529604 9.787065391
1579529913 9.719380906
1579530301 10.071331613
1579530948 9.866297246
1579531990 9.582491555
1579532691 9.842689999
1579533357 9.586668695
1579533960 10.017366897
1579534621 9.670199343
1579535255 10.373036255
1579535852 9.830809113
1579536910 9.447928005
1580217906 9.779931202
1580218234 9.635183902
1580218559 9.798788615
1580218886 9.300155763
1580219262 9.968136837
1580219605 10.217488891
1580222321 10.377137479
1580222636 9.57724756
1580222948 9.366256881
1580223253 9.452986888
1580223633 10.166525363
1580224195 10.136094017
1580224751 9.51460725
1580225313 9.897108054
1580225876 9.707893087
1580226457 10.375578285
1580227025 10.547808265
1580227622 10.028956958
1580228205 10.020297319
1580228764 9.875194825
1580306544 9.499177971
1580306845 9.668154218
1580307245 9.76929653
1580307722 9.807910545
1580308034 10.354715662
1580308349 9.979104282
1580310550 11.266720113
1580310862 10.185330363
1580311176 10.027589056
1580311488 9.331200951
1580311858 11.954409422
1580312194 9.513255134
1580312775 9.577465681
1580313331 9.223571682
1580314295 9.554899272
1580314852 9.758981395
1580315407 10.147275021
1580315971 9.625253725
1580316673 9.666267539
1580317260 9.827526256
1581936940 9.827804959
1581937253 9.36865368
1581937598 9.828815622
1581937919 10.047696925
1581938240 9.789425286
1581938562 9.184048207
1581938866 9.428051047
1581939207 10.157643098
1581939531 9.791517832
1581939831 10.045456559
1581942325 13.279008012
1581942915 10.11421393
1581943535 9.105093938
1581944513 266.241743041
1581945798 10.03688824
1581946371 10.102537636
1581946940 9.973104733
1581947860 9.275216304
1581948947 11.093636647
1582030342 10.842154574
1582030649 11.293667081
1582031300 10.831183189
1582031597 10.704700743
1582031893 11.211736325
1582032279 10.83750389
1582032588 11.273165361
1582033185 10.274828899
1582033537 11.135423582
1582033864 11.107851163
1582035524 10.951496889
1582036131 10.86167943
1582036735 9.933058835
1582037342 10.507081875
1582037940 10.586001932
1582038537 10.653686645
1582041428 11.146182949
1582042040 10.615961193
1582043625 11.293151152
1582044239 10.739446473
1582044840 11.148870159
1582045142 10.517071321
1582045443 10.205181595
1582045753 11.145504451
1582046050 11.040808395
1582120397 11.154726049
1582188814 9.615581444
1582190841 9.997786962
1582191131 10.305621172
1582191422 10.094077266
1582191720 11.027263384
1582192014 9.907708968
1582192305 9.9003489
1582192603 9.276372467
1582192891 9.927608222
1582193180 10.107428656
1582634958 9.826430635
1582635240 9.817480982
1582635525 9.851424129
1582635808 10.016150552
1582636095 10.032510621
1582636383 10.916115944
1582636677 9.383779739
1582636963 9.421413711
1582637266 9.981496901
1582637561 10.177685711
1582637855 10.078957797
1582638415 9.932306382
1582639490 9.782617869
1582640670 9.61913477
1582641229 9.420789689
1582641795 10.495667702
1582642366 9.790667952
1582642940 10.099683607
1582643544 9.407680669
1582644100 9.503164489
1582886211 9.667940319
1582886498 9.967727475
1582886793 9.883520355
1582887081 9.925903534
1582887373 9.638509475
1582887665 9.993700757
1582887948 9.769601789
1582888235 9.665553092
1582888522 10.060104093
1582888883 10.170420682
1582898686 19.810913376
1582899270 9.821224891
1582899837 9.70207732
1582900403 9.36863581
1582902060 9.465844602
1582902704 9.536993046
1582903284 9.502149911
1574710715 10.097947345
1574708800 9.905715898
