1569853610 7.557658266
1569854251 7.943194466
1569855224 7.924332874
1569855658 7.746137993
1570448801 7.914805055
1570449273 263.889256066
1571324484 8.058381259
1571398707 7.797422356
1571401099 7.335893081
1571407656 7.669986786
1571408437 7.309716903
1571665929 230.632750695
1571669192 7.809197094
1571669592 232.599411963
1571754893 11.912452209
1571756529 235.540017225
1571756941 17.186000901
1571762183 7.67654661
1571762579 7.608016679
1571764159 7.599227662
1571764569 7.848576174
1571764962 228.846599411
1572007459 7.414443537
1572009159 7.757941472
1572013682 231.623406153
1572268135 6.632758695
1572269321 9.57267775
1572269737 7.903746687
1572270143 9.346533832
1572272952 195.805690897
1572277390 199.10128168
1572363474 6.338018269
1572363804 194.552615895
1572364800 7.359970468
1572365517 6.380291847
1572366232 6.46604852
1572366563 6.810089345
1572369593 194.495983628
1572369923 194.663717042
1572370586 194.561296175
1572371577 194.012783467
1572372235 195.426468608
1572533572 5.807827666
1572533909 220.544920937
1572535957 195.269403897
1572536654 5.416781123
1572872471 6.737342538
1572873774 7.574250999
1572874837 6.445426407
1572880536 7.035953221
1572881219 6.364347984
1572882216 6.235943053
1572882606 195.844508381
1572969168 7.016630372
1573208755 6.11457261
1573209405 5.709485334
1573210072 5.713549641
1573210737 6.520459479
1573211404 6.514051487
1573212708 6.515658661
1573213361 6.452200115
1573214687 6.250706248
1573218222 194.977087357
1573306466 7.042418056
1573306782 6.97398853
1573308078 6.643693694
1573308392 205.760805377
1573308724 6.836381584
1573310215 6.573625786
1573312073 6.634191544
1573828919 5.335649842
1573829223 179.579333836
1573830396 8.635460476
1573903265 5.303931585
1573903576 185.572837255
1573904196 5.711124719
1574689268 5.775274164
1574693516 193.779689613
1574956018 7.205926055
1575115986 6.405606438
1575122983 5.38734822
1575296966 191.335200849
1575561123 188.945161012
1579525774 186.435421815
1579526100 5.849555381
1580222579 5.004516724
1580306487 5.684116866
1580307665 184.404144627
1581937201 6.095795639
1581938188 5.430023651
1582031540 7.599293759
1582190789 5.211073989
1582636623 5.456163316
1574710658 6.054391281
1574708742 6.056409339
