1569853956 5.98815656
1569855531 5.695216454
1570447377 5.433938268
1570448209 5.381406532
1570449164 5.544908789
1570449590 5.512412134
1571323577 5.366085977
1571323980 5.325984998
1571324377 5.54372916
1571324770 5.501102605
1571327700 5.504776687
1571328091 5.386240594
1571328482 5.60668492
1571328873 5.486457555
1571329654 5.579098599
1571330632 5.680634324
1571398204 5.623452421
1571398600 5.507963874
1571398992 5.333670163
1571399384 5.299987462
1571399775 5.343626972
1571400172 5.514629978
1571400593 5.543912038
1571400994 5.658007537
1571401386 5.664248954
1571401776 5.420167003
1571407156 5.41624223
1571407549 5.638948795
1571407939 5.409232755
1571408329 5.341470311
1571408721 5.852182724
1571666213 5.504130486
1571666605 5.908917934
1571666997 5.524458392
1571667388 5.543912465
1571667833 5.352569384
1571669484 5.699604679
1571754394 5.325640474
1571754785 5.51161277
1571755588 5.689822176
1571756008 5.559049879
1571756817 5.499941304
1571757673 5.502133482
1571758461 5.377629397
1571758858 5.535078944
1571762465 5.614660874
1571762864 5.550774527
1571763254 5.468609571
1571763645 5.336746685
1571764038 5.503705699
1571764463 5.435257501
1571765244 5.521571591
1571766025 5.465663568
1571766994 5.333406472
1572007748 5.590033603
1572008658 5.499174681
1572009053 6.870842135
1572009443 5.287182433
1572009833 5.259606034
1572010224 5.494038073
1572010621 5.740538668
1572011011 5.441242626
1572013574 5.647451323
1572013967 5.380859665
1572014359 5.368647299
1572014749 5.463829779
1572015138 5.48841058
1572269197 21.64890952
1572269622 4.544003307
1572270025 18.036833095
1572270432 7.176548279
1572270825 5.361280901
1572271351 5.916064211
1572272527 4.33922929
1572272863 4.314337698
1572273195 4.898002215
1572273542 4.339219005
1572273877 4.410857645
1572276298 4.481871948
1572276637 4.772304627
1572276968 4.444120596
1572277299 4.303304425
1572277634 4.55093932
1572277993 4.471366706
1572278325 4.525444751
1572278656 4.355523215
1572363715 4.483357505
1572364044 4.375494472
1572364376 4.608149529
1572364708 4.351315383
1572365047 6.432054967
1572365380 4.27465638
1572365758 4.438008734
1572366139 4.48315758
1572366472 4.443350745
1572366805 4.182019193
1572369833 4.591467496
1572370163 4.518861986
1572370494 4.431035115
1572370826 4.444258965
1572371155 4.506400684
1572371486 4.561411685
1572371818 4.343683247
1572372147 4.514634026
1572372476 4.281541139
1572372809 4.426389518
1572533820 4.345200907
1572534175 4.31209946
1572534522 4.273695104
1572534853 4.696614404
1572535202 4.404854458
1572535533 4.463412031
1572535862 8.192629012
1572536561 4.338716141
1572536898 4.549496972
1572537820 4.479007811
1572538473 4.398686389
1572539129 4.544710164
1572539781 4.51709983
1572540437 4.552049856
1572541341 4.3697449
1572541990 4.545881061
1572542638 4.634768741
1572543283 4.495733943
1572543957 4.34983619
1572871706 4.397086666
1572872354 4.618947405
1572873035 4.450013044
1572873686 4.39744939
1572875408 4.364612038
1572877487 4.428123874
1572878142 14.732282744
1572879385 4.426640597
1572880017 4.514476279
1572880445 4.537454513
1572880780 4.465033471
1572881130 4.409743556
1572881462 4.48082641
1572881797 4.385216701
1572882127 4.578771726
1572882848 4.552743112
1572883199 12.223095098
1572883542 4.662504607
1572967773 5.554784384
1572968759 5.472427574
1572969732 4.276332265
1572970391 4.824803738
1572971043 4.361821541
1572971703 4.235827496
1572972364 4.395473852
1572973076 4.270968369
1572973730 4.628223116
1572974380 4.394678026
1572975435 4.434400383
1572975766 4.306287948
1572976137 4.343764774
1572976516 4.425308954
1572976846 4.395789941
1572977178 4.436160743
1572977540 4.341157112
1572977869 4.552721071
1572978258 4.396619644
1573209316 4.277054606
1573209982 4.467543517
1573210646 4.560545865
1573211315 4.390870293
1573211971 4.267179467
1573212620 4.493132752
1573213273 4.347932251
1573213939 4.221651775
1573214596 4.536072848
1573215258 4.097397492
1573218462 4.503188076
1573218974 4.512977087
1573306697 3.911359366
1573307356 3.728361449
1573307673 3.723241393
1573307992 6.630381777
1573308640 4.167545164
1573309282 4.025339913
1573309611 3.84011782
1573311990 4.123447881
1573312688 4.249462689
1573313308 3.864963332
1573314559 3.836328449
1573315250 4.377197857
1573741889 4.059901426
1573743741 4.093784105
1573743839 4.111855831
1573743939 4.06253518
1573744037 4.249267047
1573744133 4.060423283
1573744232 3.69574826
1573744329 4.096453626
1573744421 4.111765674
1573744517 4.082105145
1573744623 4.161385331
1573744722 4.094015757
1573744837 4.027517681
1573744973 3.972655011
1573745071 3.941687977
1573745254 4.200267366
1573745453 3.687511286
1573745550 4.236392796
1573745750 3.880609898
1573745853 4.313015108
1573745950 4.357999589
1573746047 4.027748451
1573746246 4.075775065
1573746346 3.718198059
1573746447 4.138516239
1573746544 4.08293322
1573746640 3.940908212
1573748960 4.12829169
1573749056 4.326396331
1573749269 4.158353401
1573749367 4.249708873
1573749502 3.884631885
1573749601 4.261929306
1573749800 4.313724132
1573828221 3.80066149
1573828530 3.916724613
1573828836 4.104183899
1573829140 4.34306212
1573829445 3.86284585
1573829825 3.739266119
1573830314 3.631339086
1573830622 4.02595883
1573830929 3.812552984
1573903180 4.138356765
1573903494 3.663750663
1574688192 4.072877674
1574688509 4.268882079
1574689331 3.931538674
1574692203 4.169176395
1574693433 4.135891874
1574693751 4.140416003
1574694081 4.184334295
1574694827 4.173930176
1574694938 5.723121755
1574695381 3.778942256
1574695724 4.138496898
1574696032 4.174875935
1574696758 4.136337407
1574697334 4.033293142
1574697928 4.26723199
1574698497 4.096572673
1574699085 4.064485213
1574706714 4.148616078
1574707348 3.955624872
1574708314 4.214778691
1574708436 4.63722165
1574708611 4.121506249
1574708969 4.126745874
1574709922 4.19158826
1574710526 3.814332476
1574711178 4.253819597
1574711178 4.253819597
1574708969 4.126745874
