1569850044 2.014201302
1569850248 2.270651874
1569850044 2.014201302
1569850248 2.270651874
1569850805 2.161268899
1569851061 2.201762399
1569851267 2.198055064
1569851617 2.090187182
1569851829 2.18480763
1569852058 2.0950083
1569852283 2.010425685
1569852520 2.30306229
1569853139 2.034170627
1569853448 2.092836537
1570543167 2.214301064
1570543529 2.216251925
1570543739 2.196323661
1570544657 2.088826116
1570544915 2.170327138
1570545116 2.143350311
1570545333 2.285107823
1571323040 2.329525899
1571325158 2.076939206
1571325354 2.22646622
1571325560 2.043606921
1571325760 2.125755497
1571325956 2.224596944
1571326166 19.193708495
1571326301 0.51107483
1571326848 2.12977931
1571327064 2.140615877
1571327273 2.243802614
1571395950 2.175656906
1571396147 2.159933947
1571396343 2.137307472
1571396542 2.124358195
1571396742 2.177772517
1571396968 2.256502616
1571397172 2.29865048
1571397374 2.140045626
1571397570 2.272895342
1571397768 2.093569365
1571405016 2.271222798
1571405214 2.181881356
1571405412 2.101165696
1571405641 2.297530791
1571405844 2.170451046
1571409062 2.177457674
1571409264 2.141036749
1571409466 2.046942246
1571409682 2.176215909
1571409881 2.007272667
1571664486 5.099384869
1571664995 2.285643798
1571665193 2.234390573
1571665404 2.13130854
1571665598 2.263889529
1571665794 2.173551162
1571668211 2.205025411
1571668410 2.255170505
1571668614 2.236416452
1571668808 2.092307673
1571669009 2.042775541
1571752082 2.127119384
1571752277 2.414166544
1571752477 2.244275884
1571752682 2.14109441
1571752877 2.194069681
1571753072 2.110562677
1571753269 2.052350959
1571753467 2.149016211
1571753664 2.100032341
1571753861 2.179325722
1571760219 2.209805945
1571760416 2.22237385
1571760618 2.086320188
1571760814 2.200756514
1571761016 2.098335708
1571761225 2.141913904
1571761423 2.203074837
1571761618 2.269023606
1571761815 2.296299799
1571762022 2.132372262
1572003325 2.057598705
1572003521 2.033119015
1572003717 2.139126261
1572003914 2.164090611
1572004111 2.174533905
1572004307 2.245400958
1572004501 2.033124657
1572004700 2.228930406
1572004902 2.100376549
1572005101 2.280822223
1572011302 2.22456298
1572011499 2.160589106
1572011694 2.246958409
1572011893 2.171130069
1572012089 2.09931841
1572012286 2.056758116
1572012481 2.229633386
1572012675 2.17313502
1572012870 2.272777689
1572013064 2.099673665
1572265123 2.322950105
1572265320 2.104447075
1572265519 2.124529827
1572265717 2.142196289
1572265923 2.245255628
1572266124 2.124247961
1572266322 2.091593971
1572266522 2.213160387
1572266721 2.335546857
1572266924 2.076800356
1572274179 1.97530592
1572274352 2.00012342
1572274520 2.095982732
1572274693 1.916916727
1572274861 1.950739895
1572275030 1.86185668
1572275202 1.9663814
1572275379 2.031492814
1572275547 1.954764826
1572275721 1.892434633
1572361339 2.188889568
1572361535 2.12770237
1572361729 2.176343124
1572361924 2.094292649
1572362123 2.167606857
1572362316 2.199655317
1572362513 2.270249221
1572362712 2.087067528
1572362907 2.14345164
1572363103 2.255091011
1572366970 2.050803059
1572367138 1.929117193
1572367310 2.008328342
1572367476 1.932003637
1572367659 1.969888674
1572367836 2.09692048
1572368005 1.999751429
1572368174 1.864411164
1572368340 1.920909105
1572368505 1.92793767
1572532454 2.217345336
1572532655 2.059594062
1572532860 2.087921968
1572544558 1.932519633
1572544726 1.99818316
1572544897 2.049060639
1572545070 1.924913024
1572545243 1.973636074
1572870072 1.843623909
1572870289 1.955754015
1572870471 2.034989595
1572870693 2.00717018
1572870861 1.977141299
1572965451 2.003161076
1572965618 2.179602925
1572965786 1.96713042
1572965955 2.027017315
1572966127 1.952240081
1572966293 1.828595088
1572966465 1.957951266
1572966648 1.856377806
1572966827 2.039379935
1572966991 2.088900198
1573207099 1.910904389
1573207267 1.923463988
1573207436 1.868543271
1573207601 1.965795465
1573207771 1.964471936
1573207939 1.938948857
1573208105 1.908832215
1573208271 1.926674089
1573208439 1.931818705
1573208604 1.837039618
1573220340 2.005417698
1573220507 1.964723242
1573220675 2.010406594
1573220844 1.910843001
1573221012 1.972686269
1573221179 1.991505472
1573221343 1.798242727
1573221513 1.929723367
1573221679 2.033022806
1573221849 1.910492743
1573222037 1.960559719
1573222208 1.972969197
1573222375 1.969369373
1573222541 2.03906895
1573222711 1.919470507
1573301189 1.965065376
1573301357 2.051612114
1573301539 2.020864462
1573301707 2.007607753
1573301893 1.962199494
1573302073 1.96053138
1573302241 1.96125332
1573302415 2.080720281
1573302584 1.95013664
1573302767 2.008137039
1573303901 1.959985401
1573304064 2.060539183
1573304226 2.043647569
1573304392 2.107785881
1573304551 2.014901238
1573304717 2.08813048
1573304876 2.016769603
1573305037 2.003664804
1573305198 2.014973219
1573305357 2.100379166
1573752530 2.170388764
1573752788 1.99991526
1573752947 1.955654025
1573753106 2.090471234
1573753263 2.462194281
1573753418 2.181916641
1573753577 1.744006927
1573753730 1.978792628
1573753891 2.092265966
1573754711 1.859493905
1573754871 1.92464261
1573755033 1.921384582
1573755199 2.0954513
1573755362 1.920851703
1573755519 1.963385685
1573755673 1.953047299
1573755832 2.083865818
1573755990 1.877189434
1573756149 2.301240965
1573831455 2.00624212
1573831613 1.953199211
1573831772 1.949667377
1573831943 1.997157227
1573832095 2.155474586
1573832258 2.004896438
1573832415 2.134274546
1573832578 1.968391326
1573832733 2.084383091
1573832889 1.985988277
1573833085 2.069222577
1573833240 1.999365354
1573833405 1.77087222
1573833562 2.060705495
1573833719 1.942353125
1573901094 1.832178764
1573901251 2.052069602
1573901407 1.997563394
1573901563 2.009076532
1573901724 1.92268428
1573901878 2.00147426
1573902034 2.059922927
1573902191 2.031272546
1573902349 2.039348475
1573902505 2.134147587
1574685823 2.209421369
1574686016 2.064974196
1574686184 2.093279579
1574686346 2.098159325
1574686504 2.004051254
1574686670 2.043181691
1574686834 1.89908835
1574687020 2.10184663
1574687195 2.149592006
1574687359 2.126008606
1574689688 2.039582838
1574689905 1.972125543
1574690073 2.03140612
1574690243 2.142161817
1574690413 2.049328091
1574690573 2.158764388
1574690744 2.051679638
1574690903 2.173888768
1574691088 2.002793067
1574691267 1.961633825
1574706888 2.074983907
1574707131 1.95034324
1574707131 1.95034324
