1569849943 2.388816461
1569850147 2.516607018
1569849943 2.388816461
1569850147 2.516607018
1569850960 2.516092908
1569851167 2.431688284
1569851516 2.378742304
1569851723 2.34996377
1569851953 2.608121239
1569852182 2.573706022
1569852420 2.552133574
1569852637 2.433502543
1569853028 2.526306909
1569853339 2.427161434
1569853579 2.477864317
1569854220 2.763658436
1569855192 2.648790017
1569855626 2.586471314
1570446951 2.343239424
1570448043 2.513128048
1570448770 2.427227986
1570449239 2.312904233
1570543066 2.489716663
1570543428 2.137989486
1570543629 2.468932299
1570544558 2.567305746
1570544761 2.844030437
1570545019 2.397720642
1570545228 2.427462808
1571322937 2.278959396
1571323259 2.514579126
1571323652 2.266372449
1571324054 2.437864299
1571324454 2.387564232
1571325060 2.309969295
1571325256 2.294041262
1571325456 2.220848999
1571325660 2.346924093
1571325859 2.208606767
1571326059 2.482456048
1571326751 2.447245471
1571326963 2.428650783
1571327170 2.353166422
1571327384 2.542964059
1571327774 2.332493393
1571328166 2.18332417
1571328556 2.496401424
1571328948 2.305492032
1571329339 2.418928437
1571329932 2.175695581
1571395852 2.399123267
1571396048 2.341758905
1571396245 2.355492062
1571396444 2.401341744
1571396642 2.555379901
1571396841 2.420747577
1571397070 2.308046494
1571397274 2.393706419
1571397473 2.33002325
1571397670 2.388363
1571397888 2.371577017
1571398281 2.317144572
1571398676 2.473760237
1571399066 2.444679207
1571399458 2.369282182
1571399854 2.469293948
1571400247 2.481928872
1571400669 2.263175737
1571401068 2.438473672
1571401460 2.34093352
1571404917 2.498571224
1571405117 2.440732043
1571405314 2.552017497
1571405514 2.176031017
1571405746 2.453067925
1571406841 2.346457703
1571407230 2.297802367
1571407624 2.472230277
1571408012 2.504031522
1571408405 2.369374437
1571408935 2.541291277
1571409166 2.376983665
1571409368 2.369023351
1571409567 2.441723722
1571409782 2.392164234
1571664350 2.482457649
1571664894 2.463347856
1571665097 2.419064425
1571665308 2.442651083
1571665502 2.384381185
1571665697 2.408154026
1571665897 2.234779972
1571666288 2.508292714
1571666679 2.293763505
1571667073 2.3521113
1571667509 2.364303351
1571668115 2.303443179
1571668314 2.383069957
1571668518 2.601035217
1571668712 2.230240766
1571668909 2.539372576
1571669161 2.511761172
1571669561 2.395510117
1571751986 2.190161362
1571752180 2.462992823
1571752380 2.41752721
1571752585 2.295033921
1571752779 2.509036741
1571752976 2.48000357
1571753173 2.500498832
1571753370 2.432725994
1571753568 2.311856606
1571753763 2.360632467
1571754072 2.368330199
1571754469 2.398909717
1571754862 2.405495065
1571755265 2.384550279
1571755829 2.312937507
1571756498 2.60597289
1571756910 2.43692917
1571757359 2.393379698
1571757748 2.349935367
1571758147 2.450474128
1571758537 2.375639704
1571760123 2.613411642
1571760318 2.422805082
1571760718 2.340497624
1571760917 2.218267152
1571761128 2.242580254
1571761328 2.354966633
1571761522 2.307441108
1571761718 2.380129494
1571761921 3.150326093
1571762152 2.433243162
1571762548 2.660065818
1571762941 2.418565109
1571763329 2.316539662
1571763721 2.381499819
1571764127 2.608227479
1571764538 2.398218459
1571764930 2.428447404
1571765318 2.351939624
1571765710 2.435130012
1571766287 2.419154701
1571767069 2.255139122
1571922218 2.422879667
1572003229 2.518819948
1572003423 2.319039404
1572003621 2.371197848
1572003819 2.391774871
1572004015 2.358398374
1572004210 2.470825725
1572004405 2.561733983
1572004605 2.386840466
1572004806 2.399475776
1572005005 2.497920474
1572006296 2.275246657
1572007034 2.407641854
1572007428 2.373673837
1572007921 2.466915325
1572008331 2.281491228
1572008734 2.381587313
1572009128 2.423809163
1572009517 2.430864512
1572009909 2.482342525
1572010304 2.591209448
1572010696 2.400922125
1572011207 2.337836062
1572011403 2.360169327
1572011597 2.605898458
1572011796 2.432611681
1572011993 2.221811496
1572012190 2.620258625
1572012385 2.387137672
1572012579 2.303463729
1572012774 2.300057608
1572012967 2.528510138
1572013257 2.276566353
1572013650 3.101480863
1572014043 2.265369067
1572014433 2.32565835
1572014824 2.725273097
1572265027 2.314644132
1572265224 2.455446644
1572265422 2.397655621
1572265620 2.313458652
1572265817 2.672673958
1572266028 2.476777786
1572266221 2.312238693
1572266422 2.543911702
1572266624 2.508980192
1572266820 2.780159629
1572268104 2.36925305
1572268875 2.389292886
1572269288 2.260184405
1572269695 2.696620306
1572270112 2.466736196
1572270509 2.4236314
1572270902 2.40181186
1572272260 1.880572065
1572272590 1.909268012
1572272926 1.873882962
1572273260 2.088368713
1572273605 1.950280534
1572274096 2.060022594
1572274264 2.232703047
1572274440 1.997249856
1572274606 1.983385618
1572274778 1.96095761
1572274948 1.954277461
1572275117 1.911412765
1572275296 1.926030696
1572275464 1.83435905
1572275639 1.879502346
1572276029 1.852710767
1572276362 2.086291808
1572276700 2.092142554
1572277031 1.885388992
1572277361 1.855249808
1572277707 1.836821092
1572278055 1.96056317
1572278388 1.91598489
1572361240 2.300828312
1572361438 2.397082796
1572361633 2.480033361
1572361828 2.358103965
1572362028 2.43933361
1572362221 2.508187902
1572362417 2.558322192
1572362613 2.32604933
1572362811 2.432766073
1572363007 2.219054555
1572363448 1.912115212
1572363778 1.842695787
1572364107 1.828759799
1572364438 1.831419644
1572364770 1.928696934
1572365112 1.896975657
1572365490 2.096699622
1572365862 1.921742474
1572366201 1.974195948
1572366537 1.879514732
1572366889 1.976541916
1572367056 2.17919655
1572367225 1.950065187
1572367394 2.06839262
1572367577 2.047006162
1572367748 1.834545872
1572367924 1.828195087
1572368092 1.872903037
1572368258 1.821015176
1572368424 1.875637899
1572369567 1.922591569
1572369897 2.01380928
1572370227 1.925695743
1572370559 2.043599673
1572370888 1.929607826
1572371220 1.921672919
1572371550 2.010219337
1572371879 2.300115288
1572372209 1.926490159
1572372538 1.912192313
1572532357 2.178316693
1572532559 2.342887698
1572532764 2.331683958
1572533545 1.801109
1572533882 1.878132595
1572534237 1.839589258
1572534584 1.967974925
1572534916 1.938035772
1572535264 2.001283994
1572535595 1.911445283
1572535930 2.030718936
1572536262 29.784567276
1572536627 1.871940572
1572537228 2.045878129
1572537882 1.924052144
1572538535 2.607152045
1572539191 1.8736763
1572539844 1.919949566
1572540750 2.011920897
1572541404 1.923439217
1572542053 1.942494933
1572542700 1.917002305
1572543345 1.9446837
1572544476 1.87477656
1572544644 1.952245388
1572544814 2.036542527
1572544988 1.832988613
1572545162 1.95816039
1572869988 2.008397842
1572870155 2.052086309
1572870376 1.905548922
1572870562 1.965103577
1572870778 1.913449735
1572871117 1.923655504
1572871768 1.92592948
1572872416 1.916772567
1572873098 1.903933264
1572873748 1.87193965
1572874810 1.909481116
1572875662 9.034431186
1572876283 2.212359545
1572876895 1.779167185
1572877549 1.795615945
1572878776 2.013304575
1572879889 2.004489808
1572880171 1.91927983
1572880507 1.70546714
1572880846 2.171507877
1572881191 1.887491242
1572881526 1.928398478
1572881858 1.998024479
1572882190 1.978867394
1572882579 1.873106985
1572882929 1.876399456
1572883269 2.280848311
1572965369 1.95780826
1572965537 1.826051806
1572965704 1.985239131
1572965873 1.703427992
1572966045 1.907865224
1572966211 1.91909203
1572966382 1.955682301
1572966566 1.987612729
1572966746 1.957002746
1572966910 2.009160512
1572967180 1.972103835
1572967836 2.018713687
1572969140 1.937091688
1572969803 1.670265442
1572970454 1.970046841
1572971105 1.874834058
1572971768 1.840441404
1572972427 2.01812014
1572973140 1.904514029
1572973793 1.837271579
1572974442 1.896172467
1572975172 1.963754374
1572975498 2.006590414
1572975850 2.211889087
1572976242 1.871823033
1572976580 1.905676364
1572976909 1.914380357
1572977240 1.903786843
1572977603 1.954282747
1572977950 2.046232425
1573207016 2.031685363
1573207185 1.957352433
1573207354 2.041688207
1573207520 1.939784801
1573207690 2.011152607
1573207858 1.877793263
1573208024 1.824828754
1573208189 1.905036176
1573208357 1.886366653
1573208523 1.961788234
1573208728 1.983288411
1573209379 1.957781729
1573210045 1.91343574
1573210711 2.098802397
1573211377 1.972095301
1573212032 1.975213293
1573212682 1.835286638
1573213335 1.887453183
1573214003 1.872657446
1573214660 1.88929919
1573218196 1.886439386
1573218524 1.812757752
1573218915 2.012460406
1573220258 1.876953178
1573220426 2.006104684
1573220594 1.926796064
1573220762 1.976118149
1573220930 1.83558233
1573221098 1.963480772
1573221262 1.935424707
1573221431 1.912416892
1573221597 1.830646181
1573221767 1.924773708
1573221956 1.919251101
1573222127 1.827209053
1573222294 1.929366711
1573222458 1.898980811
1573222627 1.916608077
1573301107 1.788814705
1573301277 1.895139981
1573301446 1.916232388
1573301627 1.960826794
1573301812 1.875768996
1573301990 1.91579433
1573302159 1.98780954
1573302333 2.057152982
1573302501 1.830109778
1573302668 1.996741601
1573303815 1.80251266
1573303983 2.047633155
1573304148 1.956126915
1573304314 1.855742101
1573304473 1.991659067
1573304640 1.932960054
1573304799 2.04476872
1573304958 2.0387063
1573305122 2.008987832
1573305281 1.716881687
1573306440 1.783447318
1573306755 1.955208126
1573307079 2.229731709
1573307415 2.090119307
1573307731 2.000257557
1573308053 1.710015107
1573308367 1.920325072
1573308698 1.876481156
1573309018 1.738533745
1573309349 1.610640838
1573310190 1.827162552
1573310815 1.839722138
1573311430 1.698972336
1573312047 1.777154021
1573312747 1.626567761
1573313368 1.885350746
1573313989 1.779329488
1573314618 1.920318258
1573741851 1.73153981
1573741968 1.787972264
1573743600 1.70575344
1573743702 1.636969725
1573743801 1.781464163
1573743898 1.840894799
1573743998 1.851314483
1573744095 1.875735399
1573744192 1.750247749
1573744291 1.703012087
1573744386 1.532540272
1573744478 1.929961716
1573744590 1.714184293
1573744683 1.652398809
1573744797 1.804019092
1573744894 1.615638596
1573745031 1.913150999
1573745215 1.77971015
1573745312 1.909660602
1573745414 1.79604346
1573745512 1.867397501
1573745612 1.840178864
1573745710 1.879499201
1573745813 1.754005597
1573745912 1.873577507
1573746007 2.208578041
1573746108 1.657935353
1573746206 1.879406413
1573746308 1.823510259
1573746408 1.76008184
1573746506 1.846113485
1573746601 1.909765476
1573748922 1.848053341
1573749018 1.918176873
1573749119 1.780953133
1573749231 1.975072717
1573749324 1.87180658
1573749457 1.973115405
1573749563 1.991572957
1573749662 1.827609523
1573749761 1.669779193
1573749857 1.827106073
1573752454 1.732398558
1573752711 1.929375844
1573752871 2.015768659
1573753029 1.742240499
1573753187 1.839623484
1573753341 1.917224567
1573753500 1.658135676
1573753654 1.739625719
1573753815 1.878537118
1573754635 1.78720806
1573754794 2.097747539
1573754956 1.87790798
1573755124 1.707529757
1573755282 1.871147167
1573755442 1.667775898
1573755598 1.839260937
1573755757 1.668506756
1573755914 2.039133072
1573756071 1.707422609
1573827966 1.785034081
1573828278 2.025267501
1573828588 1.762768165
1573828893 1.689123004
1573829198 1.910643213
1573829505 1.749658119
1573829885 2.032226825
1573830371 1.87035623
1573830679 1.73202585
1573830987 1.746469315
1573831379 1.921256609
1573831536 1.892349955
1573831695 1.791320325
1573831868 1.883061949
1573832020 1.667454016
1573832179 1.84841241
1573832336 1.725256392
1573832502 1.871464593
1573832658 1.891786434
1573832812 2.010297161
1573833008 1.713352675
1573833166 1.628168873
1573833329 1.707198839
1573833485 1.705703812
1573833644 1.804449687
1573901018 1.750656943
1573901175 1.831346184
1573901332 1.668316136
1573901487 1.877845644
1573901649 1.958670218
1573901802 1.741936755
1573901957 1.79680349
1573902116 1.877193521
1573902272 1.947941352
1573902428 1.835591495
1573902621 1.763316838
1573902929 1.744896863
1573903240 2.05440798
1573903551 1.843292199
1573903862 1.870199049
1573904170 1.974417033
1574685744 1.782904601
1574685934 1.710702694
1574686108 1.720507021
1574686265 1.789063936
1574686427 1.671864828
1574686587 2.089873477
1574686749 1.873888696
1574686915 1.769342544
1574687105 1.751832179
1574687280 1.921292336
1574687939 2.168202673
1574689241 1.826646217
1574689612 1.799634281
1574689826 1.704785837
1574689997 1.963311891
1574690158 1.700929973
1574690335 1.92703027
1574690495 1.964095914
1574690665 1.842189998
1574690826 1.705671448
1574691010 1.834487526
1574691190 1.832922813
1574691943 1.862886033
1574692261 1.829955397
1574692580 2.329180639
1574693491 1.677977954
1574693816 1.663782704
1574694247 1.969227505
1574694576 2.04876466
1574695133 1.961565593
1574695469 1.656300408
1574695782 1.839222613
1574696241 1.798548556
1574696818 1.760034528
1574697393 1.585016895
1574697986 14.236697803
1574698555 19.999313754
1574706675 1.711352074
1574706811 1.703365571
1574707054 2.016735818
1574707234 1.788334518
1574708022 1.796761631
1574708516 1.803743108
1574708718 1.765649193
1574709100 1.915642306
1574709333 1.716248582
1574710443 1.74210859
1574710633 1.554565381
1574950725 2.03944558
1574951047 1.626975316
1574951435 1.934499557
1574951778 1.932328644
1574952093 5.9271227
1574952409 1.823349161
1574952825 1.964041768
1574953194 1.796727867
1574953503 1.75140012
1574953828 1.669839023
1574954157 1.74858541
1574954320 1.704095154
1574954496 1.7927294
1574954660 1.708551515
1574954845 1.665929998
1574955002 1.837820094
1574955261 1.833135721
1574955419 1.796154191
1574955580 1.707435614
1574955740 1.7038051
1574955997 1.923071357
1574956567 1.960360202
1574957234 1.663454851
1574957846 2.072564207
1574958438 1.658696392
1574959026 1.796179822
1574959630 1.959912911
1574960208 1.673297257
1574960820 1.703916772
1574961459 1.668106331
1575026488 1.93850278
1575026649 1.70821405
1575026811 1.737283491
1575026970 1.779852571
1575027134 1.881272644
1575027296 1.874224471
1575027462 1.75956199
1575027618 1.748260142
1575027782 1.938594745
1575027948 1.804992059
1575028128 1.78610668
1575028436 1.725294044
1575028749 1.893999413
1575029082 1.746089514
1575029398 1.752446205
1575029706 1.754188772
1575030021 1.932897096
1575030332 1.940740485
1575030649 1.619768682
1575030980 1.88531472
1575032929 1.988613952
1575033495 1.824260808
1575034087 1.781783839
1575034654 1.774685045
1575035226 1.828378394
1575036249 1.840530379
1575036825 1.655573938
1575037385 1.872820334
1575037943 1.751079885
1575038955 1.799380733
1575112804 1.958305567
1575112966 1.56809631
1575113128 1.618824883
1575113288 1.773374556
1575113446 1.803679968
1575113606 1.71066199
1575113763 1.710203229
1575113920 1.712368169
1575114246 1.923440579
1575114415 1.835487421
1575114718 1.624288342
1575115029 1.880057132
1575115338 1.800887368
1575115647 1.755695324
1575115962 1.681179834
1575116273 1.845038113
1575116584 1.792938392
1575116892 1.706536461
1575117200 1.778113759
1575120221 1.833157466
1575120784 1.664730437
1575121343 1.615065387
1575122405 1.816442214
1575122964 1.782232172
1575123521 1.799297258
1575124080 1.874721855
1575124635 1.827837173
1575125200 1.716387981
1575125770 2.016159678
1575289733 1.802878253
1575289897 2.176595233
1575290066 1.667069936
1575290249 1.639157697
1575290417 1.995736266
1575290595 1.860582741
1575290766 1.962757031
1575290926 1.965200462
1575291085 1.705890226
1575291246 1.665981297
1575292926 1.876120962
1575293241 19.55636659
1575293933 2.093404901
1575294281 2.001160624
1575294618 1.883152675
1575294989 1.615680847
1575295382 1.963863132
1575295734 1.916877359
1575296941 2.073320185
1575297508 2.011973101
1575298092 1.747284997
1575298662 1.670466116
1575299236 1.968270946
1575299813 1.874074066
1575300438 1.93969274
1575300995 1.788895644
1575301811 1.916191774
1575384135 1.991476633
1575384295 1.628462202
1575384456 1.957708674
1575384614 1.827899383
1575384779 1.744407041
1575384934 1.879095245
1575385095 1.840260342
1575385256 2.291603183
1575385416 1.749532755
1575385580 1.623333444
1575385821 1.923849728
1575386132 1.861960956
1575386444 1.806676374
1575386849 1.753238207
1575387158 1.713463971
1575387468 1.922200881
1575387777 1.646990358
1575388086 1.74055859
1575388394 1.829387429
1575388699 1.689749339
1575390002 1.796657803
1575390571 1.71870656
1575391138 1.750606246
1575391701 1.811041288
1575392517 1.778604717
1575393149 1.532172576
1575393712 1.669504832
1575394276 1.826116263
1575394839 1.831329571
1575395402 1.838483121
1575397391 5.027748168
1575397633 0.299089874
1575398462 4.582664131
1575473363 1.814561934
1575474391 1.924179445
1575556516 1.680168183
1575556677 1.992579558
1575556842 1.735730693
1575557022 1.793216846
1575557204 1.852936895
1575557388 1.988049489
1575557562 1.826028182
1575557736 1.761077769
1575558194 1.982312755
1575558384 1.870449372
1575558581 1.7879775
1575558893 1.714060715
1575559221 1.711932955
1575559531 1.839521909
1575559906 1.91236
1575560234 1.782232938
1575560565 1.87607385
1575561096 1.530878606
1575561444 1.694973098
1575561801 2.176165523
1575562220 1.814271921
1575562928 1.752308007
1575563565 1.752353645
1575564180 1.833866324
1575564763 1.716014338
1575565330 1.894737722
1575565891 1.787363855
1575566484 1.708789881
1575567798 1.702495401
1575568410 1.695266139
1579184014 1.668397076
1579184729 1.796238217
1579184891 2.103139039
1579185052 1.75476039
1579185228 1.892879269
1579185403 1.834392325
1579185586 1.825444995
1579185760 1.750384281
1579185954 1.973381289
1579186127 1.692617194
1579186325 1.742147359
1579186656 1.763987739
1579187686 2.002727479
1579188013 1.869683521
1579188464 1.777417689
1579188994 2.045714801
1579189326 1.697287872
1579189657 1.852025586
1579189992 1.704676904
1579190328 1.850470194
1579190853 1.789759872
1579191469 1.882564602
1579192034 1.85605167
1579192612 1.844230047
1579193180 1.877411093
1579193768 1.979601783
1579194334 1.736699015
1579194904 1.859373414
1579195467 1.919717031
1579196057 1.792353467
1579351744 1.760685581
1579351911 2.042043329
1579352072 1.880458998
1579352233 1.874725145
1579352396 1.839737977
1579352560 1.819554975
1579352717 1.830359511
1579352879 1.628240432
1579353042 1.703324543
1579353204 1.991512384
1579354087 1.680290831
1579354393 1.846930348
1579354704 1.827563572
1579355015 1.773943527
1579355322 1.708779139
1579355632 1.676599202
1579355942 1.92144509
1579356246 1.663636265
1579356553 1.995091924
1579356859 1.821506124
1579359266 1.875125635
1579359838 1.697821199
1579360402 1.752875217
1579360960 1.665741356
1579361516 1.754186909
1579362070 1.728165349
1579362625 1.919263403
1579363186 1.878567703
1579363755 1.869185903
1579364316 1.776713048
1574710633 1.554565381
1574707054 2.016735818
1574708718 1.765649193
