1569855261 34.947425706
1569855693 40.355396281
1570448834 33.236944059
1570449305 64.296544221
1571323716 31.151929651
1571324118 31.432630961
1571328229 31.435118323
1571328620 30.913501063
1571329402 31.371851045
1571397952 29.946291915
1571399522 30.122764574
1571401524 30.158291961
1571408470 30.454494597
1571665962 31.251865471
1571666742 31.627935282
1571754533 30.240224627
1571755330 30.337452999
1571756987 37.745368111
1571757421 30.363564805
1571757817 30.467518274
1571763004 30.249390533
1571763786 30.300792469
1571764602 30.772858285
1571764993 30.007153716
