1569850089 3.035005457
1569850089 3.035005457
1569850849 2.786356149
1569851107 2.863028721
1569851311 7.422733843
1569851659 2.981143532
1569851872 3.085811159
1569852100 2.680537232
1569852329 2.823423017
1569852562 3.036664591
1569853207 2.798153964
1569853500 2.900697351
1570543213 2.69605672
1570543570 3.074862348
1570543785 3.213389197
1570544699 2.814353266
1570544960 2.907755979
1570545159 2.6194394
1570545379 5.376379201
1571323082 2.735936005
1571325199 2.86008188
1571325399 3.163429761
1571325602 2.114846039
1571325803 2.651904834
1571325999 2.872251572
1571326902 2.848531993
1571327111 2.832592186
1571327315 5.367092159
1574707164 2.250950765
