1569854385 3.272570978
1569855796 3.670456725
1571330087 3.540679933
1571766443 3.497525757
1571767225 3.676198188
1572537360 3.035618537
1572538017 2.980416115
1572538677 3.130345862
1572539330 3.109253065
1572539977 2.922497911
1572540883 2.941028014
1572541537 2.885728109
1572542185 2.951755618
1572542832 2.82209844
1572543497 2.898266345
1572871251 2.804775035
1572871902 2.726404975
1572872578 3.020660144
1572873231 3.055726973
1572873884 2.964229637
1572874946 2.681434228
1572875808 2.704121467
1572877033 2.803326954
1572877683 3.026226345
1572878911 2.844920089
1572967317 2.653621013
1572967975 2.944954468
1572969277 3.210885331
1572969938 2.927623011
1572970588 2.659744611
1572971237 2.953964334
1572971899 3.265864497
1572972560 2.960085524
1572973274 2.740076978
1572973927 2.617182922
1572974578 2.732042626
1573208860 2.897392554
1573209515 2.912216161
1573210190 2.797052861
1573210859 2.893519675
1573211516 2.959537665
1573212165 2.838544058
1573212816 3.105262346
1573213468 2.952107718
1573214139 2.705291876
1573214793 2.707272264
1573310319 3.073055392
1573310943 2.52349303
1573311558 2.565213902
1573312262 2.42067458
1573312871 2.557444576
1573313499 2.651203812
1573314131 2.603436516
1573314746 2.700542142
1574696355 2.674842435
1574696932 2.951242144
1574697525 3.198250888
1574698102 2.72543895
1574698687 2.755887306
1574709470 2.524037563
1574710757 2.737732382
1574710757 2.737732382
