1569853606 3.54288455
1569854247 3.589082527
1569855220 3.566608303
1569855653 3.847037584
1570448797 3.593297365
1570449268 3.855121924
1571323286 3.648850133
1571323679 3.590100972
1571324080 3.82128255
1571324480 3.505690951
1571327411 3.900088252
1571327801 3.625983812
1571328192 3.794351306
1571328583 3.626854316
1571328975 3.747197409
1571329366 3.593018801
1571329959 3.628713497
1571397915 3.581971917
1571398307 3.982232035
1571398702 3.556777315
1571399093 3.712600116
1571399485 3.620901456
1571399883 3.662213426
1571400275 3.632126995
1571400696 3.545022
1571401095 3.599521234
1571401487 3.721052654
1571406867 3.539419368
1571407257 3.717241024
1571407651 3.699253385
1571408039 3.684342472
1571408432 3.636818643
1571665924 3.633377703
1571666314 3.735856885
1571666706 3.794938832
1571667099 3.641804383
1571667536 3.854257152
1571669188 3.441668094
1571669587 3.680669065
1571754099 3.770441102
1571754496 3.879398611
1571754889 3.88863881
1571755294 3.841336733
1571756525 3.617658445
1571756936 3.858186917
1571757385 3.518038893
1571757775 3.823088068
1571758174 3.615230152
1571758564 3.52996961
1571762179 3.594650509
1571762575 3.624943851
1571762968 3.630470323
1571763356 3.631831164
1571763747 3.704605209
1571764155 3.7430725
1571764565 3.375949142
1571764957 3.808738275
1571765345 3.850088677
1571765737 3.63344384
1571766314 3.843566394
1571767096 3.744780079
1572006322 3.629964449
1572007061 3.836312715
1572007454 3.5022335
1572007955 3.322326955
1572008357 3.843252219
1572008760 3.856202644
1572009155 3.557059268
1572009544 3.519725305
1572009936 3.583647744
1572010332 3.821397382
1572010722 3.709141158
1572013284 3.399714136
1572013677 4.276996702
1572014069 3.5990401
1572014460 3.768462398
1572014850 3.700394314
1572268131 3.699674416
1572268901 3.685341516
1572269317 3.596231204
1572269733 3.549995115
1572270139 3.478867002
1572270535 4.015231123
1572270930 3.954205021
1572272283 2.967320909
1572272613 2.940835258
1572272949 2.944924316
1572273287 2.94923717
1572273628 2.922576026
1572276052 2.811533452
1572276387 3.623577792
1572276723 2.548831115
1572277054 2.865244447
1572277386 2.890774109
1572277748 3.003680735
1572278079 2.865917968
1572278412 2.873611433
1572363471 2.863664888
1572363801 2.769524947
1572364130 3.164463524
1572364460 3.052306916
1572364797 2.918937274
1572365135 3.013667979
1572365513 2.991190845
1572365886 4.38148889
1572366228 2.986461386
1572366560 3.129337103
1572369590 2.695549066
1572369920 3.104832648
1572370250 2.936779324
1572370582 2.987725371
1572370911 3.001365456
1572371243 3.029137521
1572371574 2.925760647
1572371904 3.081113779
1572372232 2.998847348
1572372561 2.987768336
1572533568 2.865111728
1572533906 2.948919461
1572534260 2.896077089
1572534607 2.915074792
1572534939 2.928542441
1572535288 2.944365117
1572535618 2.943545408
1572535953 2.854839132
1572536313 2.974528875
1572536650 2.945669616
1572537251 3.158102512
1572537905 2.99711827
1572538566 2.96433399
1572539214 2.949702584
1572539867 3.120075349
1572540774 3.130583442
1572541427 3.087340053
1572542076 2.882172212
1572542723 3.008693259
1572543365 3.080520021
1572871140 3.184630169
1572871791 3.1890909
1572872467 3.131279318
1572873122 2.81514431
1572873771 2.808938097
1572874833 2.924914125
1572875693 2.949575251
1572876923 2.913350518
1572877573 2.951749133
1572878799 3.0173867
1572880195 3.42760158
1572880531 5.124629722
1572880872 2.942108293
1572881216 3.029830512
1572881549 3.196039295
1572881882 4.52802334
1572882213 2.928592927
1572882603 3.032256577
1572883293 2.943995261
1572967204 2.988251148
1572967865 3.07638797
1572969164 3.314235196
1572969826 3.248094657
1572970477 3.029886624
1572971128 3.111925932
1572971791 3.038629594
1572972451 3.032034495
1572973163 3.309167824
1572973816 3.016356188
1572974465 3.06006407
1572975192 2.943844107
1572975523 2.961561827
1572975889 3.152045471
1572976272 2.94234538
1572976604 2.883198945
1572976933 3.060093627
1572977263 3.059127511
1572977626 3.153619061
1572977973 3.060667929
1573208751 2.980522679
1573209402 3.258548574
1573210069 3.004068675
1573210734 2.834269552
1573211401 2.956931614
1573212055 3.245999176
1573212704 3.061305611
1573213358 3.16348042
1573214027 3.425793782
1573214684 3.030027099
1573218219 2.945037525
1573218547 3.31104283
1573306463 2.57656328
1573306779 2.555393361
1573307437 2.542907749
1573307754 2.609071392
1573308075 2.577277441
1573308389 2.595378222
1573308721 2.572002796
1573309041 2.503942944
1573309371 2.557103382
1573310212 2.462227383
1573310837 2.856742375
1573311453 2.570449849
1573312070 2.679153864
1573312769 2.641158264
1573313392 2.703031468
1573314012 2.744302148
1573314641 2.617282667
1573827988 2.576442323
1573828301 2.820707585
1573828610 2.684235028
1573828916 2.5652286
1573829220 2.561994458
1573829526 2.667589028
1573829908 2.478705515
1573830393 2.588572405
1573830701 2.615088126
1573831010 2.559865192
1573902643 2.748960597
1573902951 2.669398448
1573903262 2.544120842
1573903573 2.677142228
1573903884 2.686911108
1573904193 2.558506911
1574687961 3.070850681
1574688280 2.693947854
1574689263 4.79158467
1574691966 2.850490907
1574692287 2.655071945
1574693202 2.722847293
1574693513 2.611122001
1574694598 2.996309407
1574695154 2.729136154
1574695492 3.051746869
1574695805 2.938040119
1574696256 2.943462877
1574697436 2.856179777
1574698013 3.150691699
1574707256 2.82403724
1574708532 2.47531382
1574708740 2.915522803
1574709122 2.581722039
1574709355 3.079625869
1574710465 3.16706726
1574951069 2.899656358
1574951801 2.873379409
1574952119 3.04252747
1574952847 2.908407935
1574953216 2.669830611
1574953525 3.160649281
1574956014 3.744494032
1574957284 3.082269121
1574959041 3.03145753
1574959645 3.120210179
1574960222 2.971078713
1574961474 2.729654132
1575028458 2.825111148
1575030043 3.510634965
1575030355 2.609960994
1575031002 2.825276417
1575035241 2.979329123
1575037401 2.958841493
1575037958 2.91685411
1575114437 2.848070801
1575114740 2.827794264
1575115360 2.858954625
1575115669 3.098657687
1575115984 2.42055909
1575116294 2.961571356
1575116914 2.678860081
1575121358 3.059705333
1575122420 2.840675716
1575122979 3.129094151
1575123536 4.051573211
1575124650 2.818113081
1575125215 2.856700337
1575292950 2.904517185
1575293282 2.9336901
1575293619 2.478148601
1575293955 3.094597215
1575294641 2.732571143
1575296963 2.613719183
1575297523 2.944949922
1575299256 3.105340505
1575301826 3.035567127
1575385844 3.043582782
1575386871 3.149504439
1575387490 3.419561986
1575387799 2.843737592
1575388416 3.203271782
1575388722 2.97225939
1575390017 3.005619682
1575391153 3.032633658
1575393163 2.984515874
1575394293 2.848946135
1575473378 2.928501268
1575558604 2.787457402
1575559553 2.756062809
1575559928 2.914403637
1575561120 3.688289092
1575561466 2.93705334
1575562235 3.085800035
1575562943 2.545502326
1575564195 3.174139546
1575565344 3.161979311
1575567813 3.245688745
1575568424 2.990850932
1579186348 2.769327084
1579186691 3.211492205
1579187709 2.944242465
1579188035 2.855903385
1579188487 2.952546461
1579189017 2.624829918
1579189348 2.740708416
1579189680 2.687592289
1579190350 2.607469549
1579190868 3.111953079
1579192049 3.161106706
1579192627 3.118230486
1579193783 2.890020282
1579194349 2.770299647
1579196072 2.86302358
1579354110 2.912043872
1579354726 3.080271022
1579355037 2.645544575
1579355344 2.868330925
1579355654 2.950443108
1579355964 2.585735109
1579356268 2.896732013
1579356575 2.739661086
1579356881 2.900323678
1579359853 3.150149197
1579360417 3.162042236
1579360974 2.980407392
1579361531 3.031915628
1579362084 2.988417176
1579363201 2.987650741
1579364330 2.955199441
1574708740 2.915522803
