1569854527 6.564265188
1569855957 11.784802999
1571330223 6.576992708
1571766580 6.439577588
1571767362 6.786198565
1572537472 5.388013838
1572538128 5.451847554
1572538789 5.240379774
1572539441 5.457676496
1572540089 5.281499912
1572540994 5.426233046
1572541648 5.284890117
1572542296 5.253748443
1572542943 5.24988608
1572543608 5.257372177
1572871362 5.407461694
1572872012 5.364870216
1572872689 5.432236919
1572873343 5.369768026
1572873996 5.403554297
1572875057 5.435854297
1572875919 5.277176524
1572877145 5.33305409
1572877794 5.369596397
1572879039 5.329156956
1572967429 5.310179622
1572968086 5.360492417
1572969388 5.327570432
1572970049 5.210511176
1572970699 5.263748642
1572971351 5.278882228
1572972014 5.36462218
1572972672 5.386491783
1572973388 5.218265976
1572974038 5.344673828
1572974689 5.378736755
1573208972 5.534637367
1573209628 5.380378446
1573210302 5.330511505
1573210971 5.325018201
1573211629 5.249664671
1573212277 5.332901305
1573212928 5.320942435
1573213579 5.48814253
1573214252 5.355014932
1573214909 5.304623414
1573310426 4.706237078
1573311046 4.739844306
1573311661 4.766186358
1573312366 4.749173947
1573312976 5.27405056
1573313603 4.864286151
1573314236 5.041579294
1573314849 5.147363682
1574696458 4.657643553
1574697038 4.650674314
1574697629 4.673922112
1574698203 4.693545766
1574698788 4.642020967
1574709573 4.580439023
1574710860 4.745827907
1574710860 4.745827907
