1569849956 10.98273354
1569850160 11.075726735
1569849956 10.98273354
1569850160 11.075726735
1569850692 9.183496549
1569850973 10.859772737
1569851179 11.075991662
1569851528 10.868152361
1569851736 10.624616402
1569851966 11.222650759
1569852432 10.930277808
1569853352 10.919829525
1570543078 12.960544103
1570543439 11.00212637
1570544570 11.403102275
1570545240 11.217844224
1571325072 11.202797276
1571325269 10.880230001
1571325468 11.108149086
1571325871 10.893389409
1571326072 10.935626896
1571395864 10.912300459
1571396257 11.080301419
1571396456 10.774501595
1571396655 10.928730647
1571396853 11.301197807
1571397082 10.962190745
1571405326 10.9514948
1571405758 10.782404159
1571409380 10.911592356
1571409579 10.765645881
1571409795 11.046737396
1571664362 11.906153229
1571664906 11.18450096
1571668127 10.93502978
1571668724 10.797837506
1571668928 6.397215679
1571751998 10.920455441
1571752792 11.29489054
1571752988 10.781591124
1571753185 10.92565737
1571753382 11.002773183
1571760730 11.101758718
1571760931 12.24608347
1571761140 11.219702585
1571761730 10.885728411
1571761943 6.184532064
1571922231 10.596652656
1572003241 10.861332901
1572003435 10.730813398
1572004027 11.228133083
1572004818 11.257911789
1572012591 10.975732038
1572012786 11.013806928
1572012980 11.270080682
1572265236 11.092070161
1572265434 10.974045852
1572265632 11.508199195
1572266835 11.08634129
1572274107 10.616672532
1572274280 10.236272197
1572274452 6.771773349
1572274616 10.233324223
1572274789 10.654217141
1572361253 11.050206614
1572367066 10.563254685
1572367235 11.509165115
1572368102 10.714391597
1572368268 10.636946818
1572532571 10.868649926
1572544654 10.569490705
1572544824 11.715611957
1572869998 10.172797728
1572879899 10.769100896
1572966055 10.25212459
1572966221 10.985210327
1572966392 10.914023424
1573207195 10.272102602
1573207530 10.275195886
1573208199 10.359228885
1573220772 10.793139425
1573220940 11.246603864
1573221441 10.760224594
1573221608 10.722804475
1573221777 10.315736566
1573222469 10.574377673
1573301822 10.313122363
1573302000 10.217127119
1573302169 10.488711812
1573302678 11.613339577
1573304483 10.421243017
1573753038 10.439913392
1573753509 10.481617115
1573753663 10.074693874
1573754804 10.428950961
1573755452 10.403986958
1573755924 10.22135144
1573756081 10.030345848
1573831704 10.194858786
1573832189 11.243481617
1573832822 10.238094384
1573833017 10.586188138
1573833339 9.942341872
1573833495 10.634949862
1573901812 9.979208555
1573901966 10.466784368
1573902438 10.08800866
1574685754 10.924832924
1574686275 9.955659283
1574687114 11.532030577
1574687291 10.893855479
1574689621 10.165066822
1574689835 11.25212376
1574690173 8.689269243
1574690505 9.784183491
1574690674 11.405914961
1574707064 10.171056858
1574954167 10.073899323
1574954330 10.342314752
1574954505 12.405817677
1574954854 10.449239558
1574955429 10.329406825
1575026498 10.156829684
1575026980 10.461989593
1575027306 10.22346572
1575113137 10.29904141
1575113297 10.138697974
1575113615 10.105585599
1575113930 11.087752534
1575289743 10.259248021
1575290076 9.986307693
1575290431 10.791154328
1575290938 5.170991494
1575384145 10.320985382
1575384465 10.250671406
1575384623 10.283135237
1575384943 11.488048959
1575385266 9.815511651
1575556525 10.123528394
1575556687 10.107851313
1575556851 12.038435038
1575557213 10.155997632
1579184024 10.202290048
1579184739 10.154993143
1579185062 10.892350454
1579185413 11.796995567
1579185596 10.794535316
1579351754 10.430595199
1579352081 10.360128649
1579352405 10.374142699
1579352727 10.614431273
1579353051 10.956418397
1579523236 10.329198679
1579523573 10.003156682
1579524293 9.918918737
1579537433 10.278116946
1580216136 10.382222395
1580216616 8.317101062
1580216798 10.24779722
1580304866 10.054498286
1580305187 10.783929145
1580305531 10.515208765
1580305694 11.460798652
1580305853 9.928537049
1580306168 10.956442035
1581935693 10.568698377
1581936033 9.622775028
1581936204 9.880802236
1581936364 13.16274308
1581936701 10.581905732
1582027208 10.708361275
1582027377 10.363818969
1582027952 11.707538893
1582028122 10.402564341
1582113097 10.108993355
1582113427 10.077735354
1582113596 10.948422892
1582115083 10.203352591
1582115902 11.875306082
1582116301 10.593402035
1582116474 10.822635531
1582116642 10.354965781
1582118961 10.594341963
1582119293 10.660064091
1582119459 10.721915486
1582120874 12.239753133
1582121043 10.616421332
1582121449 10.776567898
1582125835 10.491650551
1582128298 28.088841326
1582186127 9.954235547
1582186286 9.83977786
1582187823 10.046737945
1582187982 10.04326038
1582193752 10.485224631
1582193915 10.605993066
1582194235 10.760011261
1582194562 10.39651179
1582194721 11.364800933
1582197149 10.367715357
1582197306 10.2845665
1582197473 10.171767674
1582197643 11.686450808
1582197801 10.244563079
1582884500 11.796134034
1582885009 13.796209951
1582885175 11.844859221
1582885338 10.615422967
1582885660 10.536093726
1582885982 10.25976236
1574707064 10.171056858
