1569853790 4.819515302
1569854862 4.798161262
1571323462 4.683763552
1571324257 4.864747444
1571327586 4.739744418
1571328368 4.881896918
1571328759 5.288370933
1571329151 4.965642924
1571330515 5.016618933
1571398485 4.888421788
1571398878 4.818618398
1571399270 4.825505119
1571399661 5.138877652
1571400058 4.773193117
1571400450 4.884037433
1571400878 4.891229944
1571401272 4.985477225
1571407043 5.082132886
1571407434 4.804831142
1571408214 5.055549313
1571408608 4.810974071
1571666100 4.870788583
1571666882 5.064717387
1571667274 4.867599316
1571667718 4.820692044
1571669369 4.769592556
1571669764 4.879573165
1571754280 4.720235895
1571754672 4.880387885
1571755073 4.840527152
1571757130 4.923089426
1571757560 4.952145857
1571757956 4.753520453
1571758349 4.894261949
1571758741 4.822704786
1571762353 4.770543278
1571762750 4.816171393
1571763142 4.905317329
1571763925 4.850378274
1571764741 4.794287367
1571765520 4.737591015
1571766876 5.181965598
1571767658 5.115954324
