1569854406 2.844234753
1569855818 2.952571238
1571330109 2.666994528
1571766464 2.848759821
1571767247 3.005282209
1572537378 2.384253396
1572538035 2.172938721
1572538695 2.334672803
1572539348 2.257044976
1572539994 2.339413306
1572540900 2.198667259
1572541554 2.29655061
1572542202 2.212893701
1572542850 2.257794805
1572543515 2.259609857
1572871269 2.341394749
1572871919 2.207307068
1572872596 2.340385801
1572873249 2.343007287
1572873902 2.372736176
1572874964 2.221961939
1572875825 2.22524618
1572877050 2.267918865
1572877700 2.298341008
1572878928 2.311927839
1572967335 2.425946338
1572967992 2.262272436
1572969294 2.359438346
1572969955 2.418966785
1572970605 2.387911472
1572971255 2.396429946
1572971918 2.260499839
1572972578 2.255474603
1572973291 2.255729187
1572973944 2.385209128
1572974595 2.443278563
1573208877 2.220237917
1573209532 2.216319252
1573210207 2.391043237
1573210877 2.436335135
1573211533 2.312417741
1573212182 2.275125513
1573212834 2.267802635
1573213485 2.255270805
1573214156 2.353297983
1573214811 2.305204009
1573310337 1.916427032
1573310959 2.084638665
1573311574 2.127868393
1573312278 2.158612561
1573312887 1.968339923
1573313515 2.12899448
1573314147 2.295496747
1573314762 2.045606087
1574696951 1.981614966
1574697542 2.491104231
1574698118 2.088091559
1574698703 2.012010088
1574709486 2.228757013
1574710773 2.108779144
1574710773 2.108779144
