1569854670 4.106429511
1569856259 4.09812806
1571330332 3.634829164
1571766689 3.852286633
1571767472 3.891811189
1572537565 3.117519142
1572538218 3.161022799
1572538878 3.195334652
1572539531 3.219347797
1572540178 3.219189854
1572541083 3.16545736
1572541737 3.084820148
1572542385 3.096174989
1572543033 3.278508237
1572543698 3.064187774
1572871452 3.211061545
1572872103 3.16268846
1572872781 3.111309814
1572873433 3.107361569
1572874090 3.156146185
1572875155 3.117997363
1572876008 3.061365677
1572877234 3.104865863
1572877889 3.071071682
1572879129 3.190027853
1572967520 3.167503608
1572968177 3.154995921
1572969478 3.162591156
1572970139 3.123485761
1572970789 3.024112999
1572971450 3.023406984
1572972113 3.236992754
1572972762 3.200366764
1572973478 3.00553562
1572974127 3.116467925
1572974779 3.062420432
1573209062 3.151341128
1573209717 3.108759548
1573210393 3.11289051
1573211061 3.158969393
1573211719 3.028715899
1573212367 3.198862862
1573213021 3.028465579
1573213669 3.171000235
1573214341 3.207168542
1573215000 3.236597806
1573310513 2.920246559
1573311130 3.072715338
1573311744 2.825309184
1573312450 2.813660789
1573313064 3.099096408
1573313690 3.182546233
1573314319 3.024240581
1573314933 2.91217399
1574697713 2.996511858
1574698874 2.815911495
1574709685 3.040263744
