1569851330 123.991352659
1569852109 25.440786307
1569852571 0.850606529
1569853983 32.051787594
1570447461 534.903573773
1570448720 6.696703268
1570543012 567.99333871
1571326527 29.613418383
1571326557 146.312441002
1571395628 1.154159802
1571395629 137.296586579
1571395766 8.56036727
1571405896 787.405459349
1571406684 0.68416327
1571406684 2.050726152
1571406686 2.135266297
1571406311 871.439708514
1571664301 5.52415646
1571664838 5.898853077
1571664301 5.52415646
1571762073 29.731905035
1571762073 29.731905035
