1569854750 6.965891669
1569856359 6.805838284
1571330410 6.896177205
1571766768 6.863843226
1571767551 6.880749565
1572537630 5.5606056
1572538283 5.492405702
1572538943 5.432285526
1572539596 5.531701908
1572540244 5.605495756
1572541148 5.584302511
1572541802 5.558172548
1572542451 5.516412981
1572543098 5.556455646
1572543768 5.849076432
1572871517 5.497178483
1572872168 5.367326735
1572872850 4.544419289
1572873497 5.500399683
1572874155 5.704591525
1572875221 4.085263693
1572876074 5.609967719
1572877300 5.517080803
1572877955 5.689579109
1572879194 5.707231956
1572967585 5.749863234
1572968243 5.624797448
1572969542 5.552580705
1572970204 5.518953009
1572970854 5.42724255
1572971516 5.273251839
1572972177 5.652771744
1572972826 5.592069769
1572973543 5.632423584
1572974192 5.561919547
1572974849 5.567591394
1573209126 5.403442329
1573209797 5.640283767
1573210457 5.633974306
1573211126 5.288114324
1573211785 5.340008477
1573212432 5.555735683
1573213085 5.577100915
1573213735 5.682384375
1573214408 5.569070085
1573215065 5.645024286
1573310574 5.33317133
1573311193 5.073806828
1573311804 5.456553778
1573312510 4.905731478
1573313126 5.798792946
1573313752 4.895152183
1573314380 5.124540403
1573314993 5.296571621
1574696601 5.040468182
1574697181 4.998564203
1574697773 4.913709586
1574698345 5.025256501
1574698932 4.959403513
1574709745 4.896940188
1574711003 4.98531186
1574711003 4.98531186
