1569850033 7.406612248
1569850033 7.406612248
1569851050 7.568625393
1569851818 7.682638293
1570544646 7.38325207
1570544904 7.409536584
1571395939 7.413451947
1571396332 7.392437228
1571396531 7.976823053
1571396730 7.825615146
1571397559 7.38164291
1571397756 7.509915945
1571405401 7.557105814
1571405630 7.369876982
1571405833 7.37197465
1571409454 7.494888629
1571409671 7.46718856
1571409870 7.4108837
1571664437 30.717597218
1571665182 7.303682225
1571668200 7.700188804
1571668998 7.371720844
1571753258 7.432161735
1571753456 7.377622862
1571761005 7.472480885
1571761213 7.44140597
1571761804 7.581546595
1571762011 7.528387327
