1569854941 4.363481775
1570447338 4.303616088
1570449092 4.408647977
1570449547 4.354653859
1570449995 41.435591162
1571323533 4.545532205
1571323936 4.692646034
1571324334 4.65546552
1571324727 4.600113654
1571327657 4.433333233
1571328048 4.551680428
1571328439 4.876628113
1571328829 4.904471111
1571329222 4.444976119
1571329611 4.698751526
1571398160 4.617037193
1571398557 4.60280058
1571398949 4.576468513
1571399340 4.980986591
1571399732 4.668496442
1571400129 4.622924066
1571400550 4.722301467
1571400948 4.733750337
1571401343 4.61693434
1571401732 4.53757729
1571407113 4.533548398
1571407896 4.695720762
1571408285 4.50021171
1571408678 4.522886101
1571666170 4.517602802
1571666562 4.521858853
1571666954 4.643727104
1571667345 4.924230048
1571667790 4.304147819
1571669441 4.51990403
1571669834 4.595106994
1571754351 4.910869201
1571754742 4.705876659
1571755143 4.7326742
1571755545 4.506948763
1571756775 4.52811446
1571757211 4.632731375
1571757630 4.419360385
1571758027 4.842792806
1571758418 4.571522622
1571758811 4.673817447
1571762422 4.628685461
1571762821 4.643624309
1571763211 4.524678714
1571763602 4.519983871
1571763995 4.62587905
1571764812 4.514791308
1571765201 4.493716205
1571765592 5.135844391
1571765982 4.655914593
1571766947 4.640471534
1572006689 4.18404199
1572007309 4.732094646
1572007704 4.579938236
1572008615 4.58829656
1572009010 4.601390516
1572009400 4.781785718
1572009790 4.649341489
1572010181 4.483923363
1572010577 4.625529064
1572010968 4.610043271
1572013531 4.611056736
1572013924 4.526023226
1572014316 4.630518324
1572014705 4.552687002
1572015095 4.67195356
1572268241 4.568121585
1572269152 4.502733034
1572269567 4.48963042
1572269982 4.599423551
1572270388 4.484590794
1572270782 4.639840933
1572271293 4.3192626
1572272491 3.974069695
1572272822 5.430887616
1572273156 3.747456088
1572273503 3.874675876
1572273840 4.049929385
1572276260 3.853656297
1572276598 3.84737476
1572276932 3.975621856
1572277262 3.708246638
1572277597 3.764073619
1572277956 3.766878625
1572278288 3.667462385
1572278619 3.771641619
1572363678 3.803791519
1572364339 3.72691073
1572364668 3.982692383
1572365007 3.752287932
1572365343 3.889606433
1572365721 3.782972951
1572366094 3.91551708
1572366435 3.884260541
1572366768 3.821010291
1572369796 3.715430466
1572370126 3.811479037
1572370458 3.703832375
1572370789 3.940953823
1572371118 3.73727773
1572371450 3.848177792
1572371780 3.62434526
1572372110 3.852973655
1572372439 3.742041937
1572372773 3.800705197
1572533784 3.685853735
1572534138 3.844416353
1572534485 3.743809494
1572534814 3.660854221
1572535165 3.772965467
1572535496 3.735589272
1572535826 3.58926193
1572536161 3.749383849
1572536524 3.696819563
1572537776 3.708834978
1572538433 3.895277659
1572539090 3.641392758
1572539743 3.837851084
1572540391 3.729503399
1572541302 3.861727222
1572541949 3.74627845
1572542599 3.924106957
1572543244 3.804954664
1572543918 3.752842229
1572871666 3.959240231
1572872315 3.68633721
1572872996 3.755669341
1572873645 3.53312216
1572874302 3.806800647
1572875369 3.686890494
1572876227 3.692873519
1572877448 3.809545695
1572878104 3.783521383
1572879346 3.878992698
1572880408 3.761301749
1572880743 3.758232147
1572881093 3.518675123
1572881425 3.597907121
1572881760 3.955463702
1572882090 3.750383802
1572882476 3.748215247
1572882810 3.744789466
1572883162 3.95510326
1572883505 3.862603615
1572967734 3.836915957
1572968718 4.581627148
1572969690 3.80487096
1572970351 4.185930461
1572971002 3.783678291
1572971664 3.828992473
1572972325 3.585703546
1572973038 3.899296802
1572973690 3.814613611
1572974339 3.707096614
1572974997 3.666272726
1572975398 3.846904697
1572975729 3.733276174
1572976100 3.633289168
1572976479 3.759860177
1572976810 3.803672257
1572977140 3.696865868
1572977503 3.711845636
1572977832 3.716278705
1572978221 3.879492032
1573209274 3.63283672
1573209944 3.994688144
1573210607 3.825689405
1573211276 3.796809029
1573211933 3.820744393
1573212581 4.320769675
1573213234 3.648987933
1573213898 3.780277208
1573214558 3.809783011
1573215215 4.13087552
1573218426 3.660056101
1573218759 3.210766386
1573306662 3.561796749
1573306985 3.96802886
1573307321 3.57142515
1573307638 3.784543576
1573308605 3.399324947
1573308925 4.012399365
1573309246 3.683477062
1573309575 3.507518053
1573310719 3.647097003
1573312652 3.72470295
1573313271 3.543624624
1573828187 3.557241078
1573829791 3.642497128
1573830587 4.048747436
1573831200 3.403009427
1574688154 3.485831578
1574688473 4.106082295
1574689299 3.330551694
1574692167 3.770127546
1574692480 3.769739981
1574693399 3.669727707
1574693717 3.868606986
1574694045 3.764763991
1574694469 3.421052262
1574694793 3.62572239
1574695347 3.306055855
1574695689 3.872304944
1574695998 3.496125163
1574697306 3.567588802
1574697900 3.299113601
1574698469 3.298008244
1574699056 4.124519594
1574708279 3.28014103
1574708577 3.816642996
1574708935 3.445893503
1574709151 3.201582864
1574709885 3.95432685
1574710494 4.512128256
1574711142 3.697798853
1574950944 3.394771473
1574951674 3.818731388
1574952001 3.818642471
1574952316 3.381104748
1574953039 3.772088517
1574953410 3.589436209
1574953736 3.586086472
1574954063 3.429176271
1574956478 3.751580636
1574957741 3.373528481
1574958324 3.590461328
1574960106 3.207763201
1574960692 3.500591704
1574961359 3.515071351
1574961927 3.556442496
1575028346 3.349138308
1575029306 3.281059159
1575029613 3.632411512
1575029926 3.679963627
1575030236 3.645713268
1575030553 3.255241101
1575030885 3.756992743
1575031196 3.489110143
1575033407 3.585008482
1575034566 3.536867363
1575035138 3.635348723
1575035702 3.260742247
1575036738 3.676474671
1575037299 3.569571868
1575037857 3.453701245
1575038867 3.529847521
1575039434 3.308624364
1575114626 3.707285829
1575114935 3.756543027
1575115245 3.615678182
1575115554 3.763480339
1575115869 3.609416073
1575116180 3.825533776
1575116490 3.98092071
1575116799 3.540530876
1575117108 3.413657223
1575117416 3.736896013
1575121257 3.54538902
1575122877 3.669694848
1575123435 3.247660703
1575123993 3.580904155
1575124549 3.646843822
1575125682 3.745724914
1575126247 4.090270129
1575293147 3.809694105
1575293480 3.508913159
1575293821 3.427582114
1575294158 3.899631769
1575294504 3.800827292
1575294848 3.663274532
1575295250 3.619905609
1575295619 3.714447024
1575296831 3.634703883
1575297165 3.806321521
1575298573 3.608704692
1575299146 3.283297163
1575299722 3.584544814
1575300335 3.267937115
1575300910 3.286150222
1575301697 12.211789768
1575302292 3.576668829
1575386038 3.429729453
1575386351 3.999748003
1575386661 4.267182011
1575387066 3.332375956
1575387373 4.176456735
1575387685 3.751635339
1575387993 3.415700368
1575388301 3.661610827
1575388610 3.788786821
1575388913 3.312146245
1575390481 3.190990124
1575391051 3.713195413
1575392425 3.282563972
1575393007 36.784275127
1575393625 3.406516971
1575394189 3.310021511
1575395315 3.503872314
1575558799 3.537643799
1575559436 3.766181727
1575559756 3.594225376
1575560124 3.673363694
1575560454 3.683339911
1575560791 3.705052572
1575561322 3.799863391
1575561661 3.153803218
1575562019 3.671712621
1575564656 3.677707893
1575565802 3.712108948
1575566982 3.752596341
1575568304 3.991291458
1575568886 3.725297635
1579186544 3.544875523
1579186893 3.584795811
1579188686 3.616543581
1579189553 3.864829376
1579190217 3.725334411
1579191333 3.624503904
1579191947 3.540279036
1579193095 3.160848171
1579193682 3.469355867
1579195381 3.495382072
1579195970 3.799904783
1579196532 3.691161822
1579354301 3.584336048
1579354612 3.534706344
1579354921 3.772224728
1579355228 3.681201263
1579355540 3.57397133
1579356155 3.464725252
1579356461 3.382404187
1579357250 3.341552991
1579359737 3.489287651
1579360315 3.262133387
1579360874 3.393507153
1579361429 3.406352716
1579361984 3.491359961
1579362539 3.461361326
1579363098 4.004371481
1579363664 3.368704221
1579364789 3.42236497
1579524915 3.58370428
1579525257 3.736446914
1579525643 3.463949871
1579526292 3.52528614
1579528599 3.350904837
1579529022 3.548022
1579530049 3.830742584
1579530783 3.67204447
1579531373 3.418076746
1579532411 3.880977944
1579533103 3.414609813
1579534407 3.49435878
1579535080 3.328113532
1579535668 3.424892791
1580218043 3.890040364
1580218371 3.381322634
1580219055 3.705712069
1580219416 3.618030774
1580219741 3.760528045
1580223080 3.43613373
1580223417 3.636686772
1580224040 3.285369799
1580224598 3.751142543
1580225719 3.302323579
1580226299 3.479846277
1580226866 3.535083073
1580227431 3.840246428
1580228050 3.571518387
1580229170 3.708332449
1580306673 3.46546203
1580306985 3.789680423
1580307377 3.791501281
1580308168 3.532016795
1580310687 3.797209328
1580311001 3.640167805
1580311307 3.550515279
1580311619 3.633037344
1580312596 3.715950423
1580314696 3.500613344
1580315815 4.005413061
1581937382 3.474726273
1581937725 3.249833574
1581938368 3.413612263
1581938691 3.636351357
1581942739 3.508403171
1581945262 3.754791318
1581946214 2.034264422
1581948268 3.809436932
1581949391 3.864917299
1582030481 3.582525743
1582030789 4.053150387
1582032104 3.981634227
1582032726 3.42071366
1582033677 3.972977504
1582035093 3.647389872
1582035966 3.90496839
1582036570 3.407659933
1582037179 3.865247326
1582038371 4.229286792
1582038960 3.519790018
1582041876 3.891832365
1582042626 3.662359189
1582044665 3.745904309
1582044981 3.501119684
1582045578 3.564825979
1582046187 3.360338074
1582120535 3.954386484
1582120756 3.124168134
1582188946 52.40827111
1582191562 3.802548093
1582191857 3.74257703
1582192437 3.790089108
1582636803 3.442844673
1582637692 3.716204458
1582640487 3.808474271
1582643348 3.710375315
1582643945 3.581606903
1582644614 3.29962972
1582886335 3.311146602
1582886625 3.738500174
1582889012 3.763279007
1582899115 3.514158174
1582900245 3.392148383
1582903109 3.651764307
1574711142 3.697798853
1574708935 3.445893503
