1569854361 8.190010752
1569855336 8.493728923
1569855773 8.07024399
1570447101 8.841008047
1570448905 8.385296456
1570449406 8.350528719
1570449842 8.563704438
1571323392 8.334011965
1571323784 8.34587046
1571324188 8.173738022
1571324586 8.373304784
1571327517 8.355789561
1571327907 8.361125972
1571328298 8.346083051
1571328689 8.357503611
1571329080 8.401906023
1571329471 8.27690281
1571330064 8.2472083
1571398020 8.22892554
1571398415 8.401703489
1571398808 8.258127796
1571399200 8.354864168
1571399590 8.342738283
1571399987 8.24890328
1571400381 8.278944415
1571400808 8.451236781
1571401200 8.274287971
1571401592 8.418418445
1571406973 8.265771464
1571407363 8.268085641
1571407756 8.501045758
1571408144 8.309005209
1571408538 8.290917911
1571666031 8.233160989
1571666419 8.389828704
1571666812 8.518426174
1571667204 8.320625654
1571667648 8.397536821
1571669300 8.256117029
1571669693 8.399158417
1571754210 8.360810463
1571754601 8.385895982
1571755002 8.268069186
1571755398 8.2671446
1571756630 8.24942653
1571757061 8.376272016
1571757490 8.287321439
1571757886 8.888755532
1571758279 8.353133747
1571758669 8.521168647
1571762283 8.333058845
1571762679 8.449541216
1571763072 8.357841343
1571763460 8.438860364
1571763854 8.312145853
1571764260 8.348899572
1571764670 8.396123917
1571765061 8.46925217
1571765451 8.286323314
1571765842 8.280669629
1571766420 8.30360533
1571767202 8.321316864
1572006462 6.938501067
1572007168 8.280253639
1572007560 8.466904663
1572008062 8.403517617
1572008463 10.874138049
1572008866 8.436360443
1572009260 8.305016957
1572009649 8.405505464
1572010041 8.307764945
1572010437 8.449339018
1572010828 8.359412886
1572013391 8.327341985
1572013783 8.436959547
1572014175 8.27891452
1572014565 8.356937851
1572014955 8.320024922
1572269007 8.262346351
1572269426 8.225466202
1572269840 8.403827043
1572270248 8.393766795
1572270642 8.196069204
1572271128 8.331183141
1572272372 7.479394807
1572272703 6.739936889
1572273037 6.733480543
1572273384 6.734813297
1572273716 6.712320539
1572276141 6.7367231
1572276477 6.747490135
1572276812 6.792034263
1572277143 6.819234978
1572277478 6.701435235
1572277837 6.73630582
1572278169 6.742541017
1572278501 6.758547496
1572363560 6.944137988
1572363889 6.76546567
1572364219 6.819974979
1572364549 6.810116711
1572364888 6.772651774
1572365224 6.947037617
1572365601 6.799508809
1572365975 6.696961134
1572366316 6.805202315
1572366650 6.74837853
1572369678 6.862319899
1572370008 6.720322848
1572370338 6.790673801
1572370671 6.710994373
1572370999 6.657147517
1572371332 6.797182411
1572371661 6.777428256
1572371993 6.763704052
1572372321 6.657260163
1572372651 6.828809064
1572533662 6.767465388
1572534007 6.785086884
1572534355 6.764966726
1572534695 6.725479505
1572535029 6.819370231
1572535377 6.805171643
1572535707 6.725496797
1572536042 6.678445543
1572536405 6.868760774
1572536741 6.704322639
1572537340 6.672172723
1572537997 6.830463793
1572538657 6.840445796
1572539309 6.824993874
1572539956 6.881443582
1572540862 6.83329994
1572541516 6.74747744
1572542164 6.860616516
1572542811 6.72953281
1572543476 7.121642825
1572871230 6.881889701
1572871881 6.831940178
1572872558 6.742778831
1572873211 6.77838207
1572873863 6.916496335
1572874925 6.872369663
1572875787 6.692327241
1572877012 6.890975552
1572877662 6.694502768
1572878890 6.79600216
1572880287 6.721817168
1572880623 6.779033853
1572880968 6.654986056
1572881306 6.697329529
1572881639 6.730891913
1572881971 6.761910077
1572882301 6.689029796
1572882692 6.9084137
1572883044 6.671499998
1572883383 6.806051965
1572967296 6.864616433
1572967954 6.696526857
1572969255 6.919535831
1572969917 6.786453207
1572970566 7.293022489
1572971217 6.771391329
1572971879 6.83557633
1572972540 6.875191174
1572973253 6.668704542
1572973905 6.848568399
1572974557 7.158839904
1572975280 6.699388293
1572975611 6.720812943
1572975978 6.861927382
1572976360 6.77718229
1572976692 6.877919473
1572977021 6.667988974
1572977384 7.589822379
1572977714 6.802834144
1572978062 6.759926795
1573208839 6.666622213
1573209494 6.736219965
1573210169 6.793016292
1573210838 6.786107196
1573211495 6.772229032
1573212144 6.688768326
1573212796 6.74912911
1573213447 6.729914687
1573214118 6.857602422
1573214772 6.762649453
1573218307 6.782113727
1573218639 6.777155925
1573306549 6.481048584
1573306865 6.775114363
1573307203 7.067502685
1573307525 6.614550751
1573307840 6.924188172
1573308160 6.606583357
1573308488 6.725147522
1573308807 6.852382018
1573309129 6.610606258
1573309460 7.073035115
1573310298 7.290571323
1573310923 6.827242966
1573311537 7.121762983
1573312241 7.195153493
1573312851 6.37994068
1573313478 6.951286463
1573314110 6.704468651
1573314726 6.590110993
1573828073 7.090557871
1573828382 6.808744546
1573828692 6.513274878
1573828997 5.948703738
1573829301 6.869993831
1573829610 6.123597564
1573830167 6.668266525
1573830477 6.331571631
1573830784 6.119126198
1573831091 6.23326764
1573902724 6.160946822
1573903034 6.665815634
1573903345 6.469745067
1573903657 6.570724057
1573903967 6.390475366
1573904275 6.793073419
1574688044 6.078292729
1574688362 6.401812406
1574692053 6.01972309
1574692369 6.024297072
1574693285 6.127770549
1574693600 6.483445532
1574693932 5.985452557
1574694355 6.262742975
1574694681 5.996837951
1574695235 5.928540777
1574695576 6.019491176
1574695885 6.219264429
1574696342 5.948168934
1574696919 6.020360999
1574697511 6.123097269
1574698089 6.026625176
1574698673 6.11847199
1574708127 5.852528464
1574708823 6.297861458
1574709451 6.111429445
1574710738 6.542553847
1574710738 6.542553847
1574708823 6.297861458
