1569854659 5.451044452
1569856250 3.887750483
1571330321 5.36928511
1571766677 5.500067298
1571767461 5.474143645
1572537556 4.333282704
1572538209 4.385009219
1572538869 4.393637218
1572539522 4.376239263
1572540169 4.442768426
1572541075 4.283421741
1572541728 4.528428851
1572542377 4.369222834
1572543024 4.345942854
1572543689 4.408977039
1572871443 4.33353758
1572872094 4.519037675
1572872772 4.448883204
1572873424 4.420650516
1572874082 4.448699332
1572875146 4.360360942
1572875999 4.43597061
1572877225 4.404473034
1572877880 4.056397227
1572879120 4.354217884
1572967511 4.448472375
1572968168 4.444661045
1572969469 4.496113144
1572970130 4.483478384
1572970780 4.446230149
1572971441 4.398872373
1572972104 4.606304324
1572972753 4.432086928
1572973469 4.36598964
1572974118 4.511516696
1572974770 4.41822095
1573209053 4.366360425
1573209708 4.407009767
1573210384 4.388242276
1573211052 4.441961966
1573211710 4.27370102
1573212358 4.351494332
1573213012 4.487810073
1573213660 4.354909864
1573214332 4.307401689
1573214991 4.349144457
1573310505 4.107709864
1573311122 4.180265483
1573311736 4.156550825
1573312442 4.197838197
1573313055 4.024573985
1573313681 4.237436197
1573314310 4.401544251
1573314925 4.09767554
1574696533 4.183687906
1574697113 4.135928633
1574697705 4.008153448
1574698277 4.115885509
1574698865 4.174616171
1574709676 4.07999096
1574710936 4.050872994
1574956285 3.995363246
1574956947 4.091828357
1574957548 4.052089915
1574958130 4.101288433
1574958723 4.223560799
1574959312 3.974494249
1574959912 4.184049705
1574960490 4.071145068
1574961100 4.199270067
1574961736 4.128832884
1575033212 4.120292528
1575033780 4.321206581
1575034370 4.080465969
1575034944 4.01855325
1575035507 4.130057755
1575036545 4.018478242
1575037107 4.048595725
1575037666 3.967633751
1575038668 4.088778356
1575039239 4.119204868
1575120500 4.097990491
1575121065 3.962994816
1575121789 5.45496448
1575122060 4.165660064
1575122686 4.07326455
1575123243 4.013111584
1575123802 4.066304121
1575124359 4.217981381
1575124926 3.962100716
1575125488 4.102797308
1575126054 4.163410438
1575297805 4.11556291
1575298379 3.872889869
1575298949 4.081409464
1575299529 4.137912762
1575300100 3.899757648
1575300718 4.016457931
1575301490 3.961442681
1575302098 4.136114216
1575390287 4.036309925
1575390856 4.269064222
1575391420 4.121072449
1575391986 4.112746015
1575392795 4.096624832
1575393432 4.128859136
1575393991 4.000875562
1575394557 4.124474489
1575395121 4.299392903
1575395685 4.210189983
1575562519 4.084398667
1575563216 4.015655176
1575563865 4.012423514
1575564463 3.959778148
1575565044 4.135038608
1575565609 4.187502455
1575566184 4.074826127
1575566765 4.182246742
1575568110 4.091519016
1575568695 4.022729726
1579191139 4.188000956
1579191751 4.032322462
1579192318 4.060527482
1579192897 4.128754895
1579193465 4.07587126
1579194053 4.088369984
1579194622 4.149699818
1579195186 4.132284839
1579195776 4.175976316
1579196340 4.08261482
1579359545 4.075982888
1579360122 3.972110611
1579360682 4.105000242
1579361238 3.872104927
1579361793 4.278409559
1579362347 4.10804653
1579362904 4.181196743
1579363471 4.071511276
1579364038 4.177556518
1579364598 4.136235526
1579530589 4.040001517
1579531162 4.312457812
1579532202 4.018167142
1579532910 4.062884863
1579533571 4.003804312
1579534172 4.04344621
1579534858 3.966666887
1579535473 4.122683939
1579536546 4.08723737
1579537121 4.245788073
1580223848 4.069854817
1580224407 3.971540879
1580224963 4.096393668
1580225527 4.158143059
1580226086 4.315731639
1580226671 4.297558601
1580227238 4.02055297
1580227836 4.232028952
1580228418 4.051475631
1580228977 4.127346155
1580312405 4.116695354
1580312986 4.066837716
1580313540 328.417552766
1580314504 4.192233183
1580315062 4.14769659
1580315622 4.032250791
1580316184 4.148554967
1580316888 3.928270091
1580317479 4.11182225
1581942544 4.087523228
1581944122 4.04697441
1581945066 4.110656611
1581946018 4.059644463
1581946586 4.095279322
1581948075 4.14196498
1581949178 4.148314885
1582034879 3.772858032
1582035758 4.478806958
1582036365 4.007971738
1582036969 4.561908289
1582037574 4.522748514
1582038166 4.50868536
1582038761 4.15033493
1582041665 4.561162455
1582042423 3.98495481
1582043864 4.723833526
1582044464 3.93584309
1582638068 3.973648903
1582638630 4.03822166
1582640062 3.954554766
1582640883 4.195883937
1582641440 3.9923964
1582642015 4.028836437
1582642582 4.143762623
1582643154 4.400320117
1582643754 4.007598867
1582644311 4.146718676
1582898922 4.054781686
1582899484 4.018246293
1582900053 3.808784184
1582900612 3.719540519
1582902357 4.067897715
1582902917 3.976166338
1582903522 4.071471847
1574710936 4.050872994
