1569849907 2.530819533
1569850112 2.492418111
1569849907 2.530819533
1569850112 2.492418111
1569850921 2.7360385
1569851131 2.561170523
1569851467 0.896977581
1569851687 2.554065037
1569851916 2.617092011
1569852146 2.500305908
1569852384 2.470241662
1569852601 2.394290819
1569852991 2.595650468
1569853303 2.55346581
1569853541 2.561185463
1569854184 2.767135516
1569855142 2.577750485
1569855586 3.084872497
1570446915 2.676905893
1570448007 2.278044206
1570448734 2.514720796
1570449203 2.431549754
1570449629 2.45775022
1570543029 2.480624343
1570543386 2.432706078
1570543592 2.59690767
1570544522 2.386379292
1570544722 2.362565208
1570544983 2.411826961
1570545186 5.6627921
1571322902 2.387879628
1571323223 2.461908567
1571323617 2.352241213
1571324018 2.38111559
1571324418 2.392252541
1571325024 2.454527431
1571325221 2.495983761
1571325420 3.036427825
1571325625 2.39442931
1571325824 2.519801322
1571326023 2.437239677
1571326715 2.472991894
1571326927 2.858625974
1571327134 2.487924809
1571327348 2.474537703
1571327739 2.467590826
1571328130 2.529504536
1571328521 2.400379733
1571328912 2.438159969
1571329304 2.433417994
1571329896 2.595928074
1574710607 1.655254063
1574707028 1.851532914
1574708691 1.668999565
