1569853907 1.948943402
1569854936 3.119840078
1569856510 2.854364039
1570449087 2.189416874
1570449542 2.143786498
1571323528 2.62035484
1571324329 2.551541236
1571324722 2.251201696
1571327652 1.831042911
1571328043 2.088342794
1571328434 2.477559268
1571328824 2.607579812
1571329217 1.909062884
1571329606 2.037165352
1571398944 2.230357997
1571399335 2.396030256
1571400124 2.155641838
1571400545 2.584032271
1571400943 2.638141075
1571401337 2.618830386
1571407108 1.954171153
1571407501 2.39661595
1571407891 2.188131179
1571408281 1.822448405
1571408673 2.303290429
1571666557 2.674834617
1571666949 2.39157271
1571667340 2.123469505
1571667785 1.836287937
1571669436 2.392887798
1571669829 2.309599357
1571754346 2.311039114
1571754738 2.136514884
1571755138 2.814254529
1571756770 2.133167844
1571757207 1.838898154
1571757625 2.178381755
1571758022 2.278470988
1571758413 2.180519788
1571758806 2.492996726
1571762417 2.250482583
1571762816 2.399760904
1571763207 2.189005193
1571763597 2.091485852
1571763990 2.390786758
1571764415 2.694540408
1571764807 1.939301752
1571765587 2.473987044
1571765977 2.342863808
1571766942 2.133763738
1572006684 2.623417262
1572007304 2.429475887
1572007699 2.728931645
1572008208 2.354828406
1572008610 2.288306526
1572009005 2.260004447
1572009395 2.025564371
1572010176 2.057708838
1572010572 1.927914836
1572010963 2.419928519
1572013526 2.099741064
1572014311 2.136539073
1572014700 1.919498025
1572269147 2.627265081
1572269563 1.826625096
1572269977 2.042053196
1572270384 1.762009525
1572270777 2.428389411
1572271288 2.140672606
1572272818 2.006694838
1572273152 1.672810343
1572273500 1.366219869
1572277259 1.183310863
1572277953 1.508264433
1572278284 1.528038542
1572364004 1.707146585
1572365003 1.799137959
1572365339 1.835957381
1572365718 1.715211413
1572366090 1.574616874
