1569849950 1.89004737
1569850154 1.871695581
1569849950 1.89004737
1569850154 1.871695581
1569850967 1.838082994
1569851173 1.962314989
1569851522 1.984278725
1569851729 1.904860821
1569851959 1.846108585
1569852188 1.919434519
1569852426 1.802049007
1569852643 1.866562494
1569853034 1.906450507
1569853345 1.896604542
1569853586 1.830951512
1569854227 1.977370616
1569855199 1.890154599
1569855632 1.872689959
1570446957 1.782973221
1570448049 1.753595511
1570448776 1.884988528
1570449245 4.804618232
1570543072 1.962396894
1570543433 1.921262724
1570543635 1.975926023
1570544564 1.830995963
1570544768 1.897293613
1570545024 1.911863138
1570545234 2.009065235
1571322943 1.969624556
1571323265 1.885740222
1571323658 1.804557259
1571324060 1.88200224
1571324352 0.296905414
1571324353 0.082819174
1571324460 1.812861281
1571325066 1.830622309
1571325263 1.768141088
1571325462 1.828939815
1571325666 1.898385653
1571325865 1.830785266
1571326066 1.946965475
1571326756 1.915572651
1571326969 1.968594135
1571327176 1.968664297
1571327390 1.885520029
1571327780 1.866409883
1571328171 1.878894968
1571328562 1.966325977
1571328954 1.956425909
1571329345 1.783552659
1571329938 1.839903005
1571395858 1.882334312
1571396054 2.001938016
1571396251 1.966281101
1571396450 1.934167761
1571396648 1.974249716
1571396847 1.847911328
1571397076 1.83467662
1571397280 1.959134447
1571397479 1.90756844
1571397676 1.881402124
1571397894 1.883583917
1571398287 1.914795273
1571398682 1.812093118
1571399072 1.88536492
1571399464 1.91289353
1571399860 1.844642323
1571400253 1.916761234
1571400675 1.92678253
1571401074 2.023850157
1571401466 1.967703018
1571401751 0.087102357
1571404923 1.87462396
1571405123 1.920390717
1571405320 1.955896969
1571405520 1.800457287
1571405752 1.813269437
1571406847 1.792599228
1571407236 1.748446068
1571407630 1.936504497
1571408018 1.878652485
1571408411 1.893517716
1571408941 1.859955993
1571409172 1.854147787
1571409374 1.746333778
1571409573 1.928344297
1571409789 1.813586228
1571664356 1.849931966
1571664900 1.886494416
1571665103 1.905273092
1571665314 2.028528878
1571665508 1.948393649
1571665703 1.909102678
1571665903 1.781640422
1571666294 1.847562935
1571666685 1.762180028
1571667079 1.824039855
1571667515 1.871643237
1571668121 1.823597625
1571668320 1.887513353
1571668524 2.016394652
1571668718 1.922261396
1571668915 2.007891747
1571669167 1.817449527
1571669567 1.930231277
1571751992 1.83191282
1571752186 1.780102224
1571752386 2.025989876
1571752591 1.901500535
1571752786 1.93329533
1571752982 1.95801055
1571753179 1.741848986
1571753376 1.836326535
1571753574 1.875425025
1571753769 1.854887948
1571754078 1.88054246
1571754475 2.007972777
1571754868 1.9599649
1571755271 1.789936109
1571755835 1.865151105
1571756504 1.870000681
1571756916 1.955028742
1571757365 1.827895671
1571757754 1.977536921
1571758153 1.907099808
1571758543 1.868645545
1571760129 1.881266011
1571760324 1.889552704
1571760528 1.841575376
1571760724 1.944177851
1571760923 1.840307564
1571761134 1.699393799
1571761334 1.871205351
1571761528 1.95650834
1571761724 1.900158538
1571761931 3.969048238
1571762158 1.863346501
1571762441 0.088241958
1571762555 2.108538065
1571762947 1.838602807
1571763335 1.790098621
1571763727 1.907350056
1571764134 2.352886311
1571764439 0.046891438
1571764544 1.87715443
1571764936 1.915446914
1571765324 1.889467363
1571765716 1.910670319
1571766293 1.958462026
1571767075 1.967964864
1571922224 1.782658596
1572003235 1.877434385
1572003429 1.94534924
1572003627 1.895781591
1572003825 1.890243619
1572004021 1.9237616
1572004216 1.966802815
1572004411 1.923681244
1572004610 1.894004895
1572004812 1.910959432
1572005011 2.008948979
1572006302 1.760218251
1572007040 1.931327031
1572007434 1.963343565
1572007927 1.929184793
1572008337 1.840590465
1572008740 1.92415645
1572009134 1.740142814
1572009523 1.93225083
1572009915 1.817259733
1572010311 2.041766302
1572010702 1.90053699
1572011212 1.931118243
1572011409 1.989115631
1572011603 1.991516067
1572011802 1.850863533
1572011999 1.886913464
1572012196 1.872815651
1572012391 1.814526606
1572012585 1.904732816
1572012780 1.950742901
1572012973 1.977124871
1572013264 1.759707979
1572013656 1.872002368
1572014049 1.880325188
1572014439 1.845770416
1572014830 2.039421016
1572265033 1.949864399
1572265230 1.956049478
1572265428 1.914868688
1572265626 1.799104937
1572265824 3.418767338
1572266034 1.88448835
1572266227 1.788962536
1572266430 3.041249146
1572266630 1.867848691
1572266828 2.097865753
1572268110 1.744257547
1572268881 1.743188177
1572269294 1.875620373
1572269701 14.110644616
1572270118 1.963723731
1572270515 1.943904245
1572270908 1.831968057
1572272264 1.48595694
1572272595 1.495845451
1572272930 1.528510858
1572273265 1.479799257
1572273609 1.588575361
1572274101 1.503535575
1572274273 2.772362464
1572274445 3.521838372
1572274611 1.507838901
1572274783 1.611233226
1572274953 1.440711888
1572275122 1.573205171
1572275300 1.493666544
1572275469 1.54014465
1572275644 1.530113438
1572276034 1.49561721
1572276367 1.4903713
1572276705 1.707807903
1572277035 1.541460085
1572277366 1.501178451
1572277712 1.460467788
1572278060 1.627874123
1572278393 1.542674623
1572361246 1.959650026
1572361444 1.963333932
1572361639 1.895700155
1572361834 1.957048253
1572362033 1.989468858
1572362227 1.917579029
1572362423 1.97779766
1572362619 1.875024826
1572362817 1.863870511
1572363013 1.803369281
1572363453 1.443782706
1572363782 1.5437713
1572364112 1.533474387
1572364442 1.554234749
1572364775 1.530596108
1572365117 1.518178347
1572365495 1.408296099
1572365867 1.585569857
1572366206 1.446484059
1572366541 1.443497124
1572366894 1.492270877
1572367061 1.486359347
1572367230 1.500313976
1572367399 1.50366423
1572367581 1.450760441
1572367757 1.826057114
1572367928 1.482809056
1572368097 1.48320228
1572368263 1.5001352
1572368428 1.475853408
1572369571 1.531167952
1572369901 1.578580332
1572370232 1.533437901
1572370564 1.535200352
1572370893 1.572171806
1572371225 1.369303418
1572371555 1.577651979
1572371886 1.454123471
1572372214 1.438316763
1572372543 1.498057527
1572532363 1.957144692
1572532565 1.790045783
1572532770 1.963486319
1572533549 1.450175583
1572533887 1.548547242
1572534241 1.531601929
1572534588 1.59204038
1572534920 1.541662366
1572535269 1.498014527
1572535599 1.501131985
1572535935 1.583629309
1572536294 1.553508913
1572536632 1.528711045
1572537233 1.568874246
1572537887 1.440127141
1572538543 1.483886532
1572539196 1.481956526
1572539849 1.496956823
1572540755 1.439647609
1572541408 1.561866124
1572542058 1.612579622
1572542705 1.491368902
1572543350 1.489168466
1572544481 1.545919073
1572544648 1.618277133
1572544818 1.540439834
1572544993 1.507126652
1572545167 1.481355936
1572869992 1.493190452
1572870160 1.612728103
1572870381 1.49499738
1572870567 1.492433919
1572870783 1.534622031
1572871122 1.419277011
1572871773 1.524297504
1572872421 1.47985264
1572873103 1.495735214
1572873752 1.454478915
1572874815 1.514740981
1572875674 1.567161699
1572876900 1.523281689
1572877554 1.539751933
1572878781 1.57309038
1572879894 1.49712499
1572880176 1.450973884
1572880512 1.528025841
1572880851 1.573171119
1572881196 1.452880425
1572881531 1.613083815
1572881776 0.088427878
1572881777 0.050516816
1572881863 1.531394778
1572882194 1.563158199
1572882584 1.498714081
1572882934 1.535568007
1572883275 1.577898337
1572965374 1.455295071
1572965542 1.45255084
1572965709 1.59251132
1572965878 1.443416223
1572966050 1.3982957
1572966215 1.627015353
1572966387 1.515337979
1572966571 1.65711671
1572966751 1.530733405
1572966915 1.502384914
1572967185 1.578598093
1572967841 1.447556928
1572969145 1.499181043
1572969808 1.426220754
1572970459 1.495645487
1572971110 1.48382694
1572971772 1.527281374
1572972432 1.582129489
1572973144 1.493306712
1572973798 1.447428762
1572974447 1.535195722
1572975177 1.43705251
1572975503 1.483835555
1572975856 1.794258088
1572976253 1.709837285
1572976585 1.496142472
1572976914 1.600832862
1572977245 1.630981138
1572977608 1.535735211
1572977955 1.531630372
1573207021 1.44913946
1573207190 1.500070289
1573207359 1.532402287
1573207525 1.461284936
1573207695 1.44763629
1573207863 1.628034485
1573208029 1.524514579
1573208194 1.531362966
1573208361 1.490420294
1573208528 1.53647292
1573208733 1.450172874
1573209384 1.492019583
1573210050 1.620726999
1573210716 1.407850674
1573211382 1.480280989
1573212037 1.555279147
1573212687 1.522949416
1573213340 1.525311305
1573214008 1.497998763
1573214665 1.494908975
1573218200 1.400929186
1573218529 1.525958243
1573218920 1.588904052
1573220263 1.416103464
1573220431 1.4960848
1573220598 1.532805835
1573220767 1.613691762
1573220935 1.478171347
1573221103 1.49032259
1573221267 1.49162542
1573221435 1.590920021
1573221602 1.583655332
1573221771 1.49797875
1573221961 1.533267739
1573222132 1.535077163
1573222298 1.49860197
1573222463 1.566645905
1573222632 1.541398789
1573301112 1.523592831
1573301281 1.592143727
1573301454 10.160178553
1573301632 1.372125235
1573301816 1.524257812
1573301995 1.55076035
1573302163 1.477278906
1573302338 1.459606547
1573302506 1.585725032
1573302673 1.498210433
1573303825 4.071710032
1573303988 1.327604286
1573304153 1.393148994
1573304318 1.463005698
1573304477 1.497672485
1573304645 1.396781013
1573304804 1.302192332
1573304963 1.242799634
1573305126 1.327999682
1573305286 1.527862541
1573306444 1.200182702
1573306760 1.230118358
1573307091 1.658272658
1573307420 1.405986255
1573307736 1.408547184
1573308057 1.240871142
1573308371 1.578854596
1573308703 1.475080846
1573309023 1.41106134
1573309353 1.445160635
1573310194 1.494038067
1573310820 1.324027913
1573311435 1.275449777
1573312052 1.309774346
1573312751 1.363564094
1573313373 1.442571424
1573313994 1.249439743
1573314623 1.541250577
1573741855 1.481213454
1573741872 0.043406832
1573741973 1.582643159
1573743604 1.482697023
1573743622 0.044189445
1573743706 1.408811404
1573743805 1.484607814
1573743903 1.630390382
1573743920 0.431085525
1573744003 1.203054861
1573744099 1.527912237
1573744197 1.411311868
1573744295 1.432699888
1573744391 1.274278648
1573744482 1.450985518
1573744594 1.614626058
1573744687 1.568983506
1573744801 1.157322226
1573744899 1.287355395
1573744916 0.131453333
1573745035 1.596560598
1573745219 1.200561402
1573745317 1.364586456
1573745419 1.416993519
1573745516 1.44402704
1573745616 1.655773661
1573745714 2.835930646
1573745817 1.496312058
1573745916 1.49512589
1573746012 1.442944242
1573746112 1.356227372
1573746210 1.490348937
1573746312 1.397274531
1573746413 1.520211209
1573746510 1.458422458
1573746605 1.460139998
1573748926 1.528589787
1573749022 1.453219586
1573749123 1.533120871
1573749235 1.535966155
1573749329 1.479471312
1573749462 1.541443994
1573749567 1.505605476
1573749666 1.447012464
1573749766 1.28815116
1573749862 1.451095252
1573752458 1.315695363
1573752716 1.530593149
1573752875 1.572053564
1573753033 1.482645727
1573753191 1.525422969
1573753345 1.284040169
1573753504 1.512218909
1573753658 1.280808215
1573753820 1.534720328
1573754640 1.327387871
1573754799 1.524169612
1573754960 1.272519559
1573755128 1.404280898
1573755287 1.453491509
1573755447 1.244119573
1573755603 1.628770712
1573755761 1.568397174
1573755918 1.503338544
1573756076 1.528064364
1573827970 1.235423609
1573828282 1.58041821
1573828593 1.530913707
1573828898 1.273092039
1573829203 1.445146436
1573829509 1.544590331
1573829890 1.45755835
1573830376 1.416323443
1573830684 1.537343852
1573830992 1.272092617
1573831384 1.443665844
1573831541 1.535065892
1573831699 1.519074235
1573831873 1.17489194
1573832025 1.27848839
1573832184 1.54100346
1573832340 1.196072382
1573832507 1.534553777
1573832662 1.532365304
1573832817 1.562221513
1573833012 1.237672179
1573833170 1.288942449
1573833334 1.239998543
1573833490 1.28741732
1573833648 1.561929841
1573901022 1.435587388
1573901180 1.600830223
1573901336 1.190383045
1573901492 1.450753218
1573901653 1.459938401
1573901807 1.185350145
1573901961 1.580361052
1573902120 1.201122436
1573902277 1.528904
1573902433 1.376047825
1573902626 1.275122648
1573902934 1.326070788
1573903244 1.543679103
1573903556 1.480011033
1573903866 1.562243784
1573904175 1.539125944
1574685749 1.606725559
1574685938 1.42419167
1574686112 1.274703678
1574686269 1.538833773
1574686432 1.667704111
1574686591 5.493470569
1574686753 1.494822798
1574686919 1.752285339
1574686926 20.923179529
1574687109 1.613008897
1574687286 1.313401484
1574687943 1.441045591
1574688262 1.335510304
1574689245 1.499332527
1574689616 1.627636998
1574689830 1.403299823
1574690001 1.515731396
1574690162 1.627422426
1574690340 1.585105666
1574690499 1.547088608
1574690669 1.272034909
1574690831 1.213744708
1574691014 1.578834293
1574691194 1.577617335
1574691947 1.536362803
1574692266 1.319978516
1574692586 2.009487855
1574693495 1.266067138
1574693820 1.409192327
1574694251 1.381855047
1574694581 1.62148399
1574695137 1.522891853
1574695474 1.363341939
1574695786 1.665309671
1574696246 1.308483205
1574696822 6.208757164
1574697397 1.687420923
1574698003 1.610697933
1574698577 8.234158078
1574706680 1.442774674
1574706815 1.500145631
1574707059 1.633185737
1574707238 1.232451964
1574708026 1.282268008
1574708520 1.372246131
1574708722 1.55579427
1574709104 1.552888496
1574709337 1.231891734
1574710448 1.524622111
1574710638 1.196005372
1574950730 1.5622429
1574951051 1.178613057
1574951439 1.630611896
1574951782 1.743638951
1574952101 1.613717987
1574952414 1.275845712
1574952829 1.626376595
1574953198 1.628556916
1574953508 1.666641022
1574953833 1.578723886
1574954162 1.325500523
1574954325 1.379233509
1574954500 1.620421724
1574954665 1.543651731
1574954849 1.274115825
1574955007 1.510246558
1574955266 1.324745782
1574955424 1.612524071
1574955584 1.290927372
1574955745 1.367558484
1574956002 1.408559272
1574956581 1.318536969
1574957274 1.483608908
1574957850 1.514894395
1574958442 1.29701998
1574959031 1.3249371
1574959634 1.538020202
1574960212 1.235725072
1574960824 1.230509025
1574961463 1.296773556
1575026492 1.540858429
1575026654 1.283893539
1575026815 1.365210761
1575026975 1.248850961
1575027139 1.53415683
1575027301 1.568417674
1575027466 1.451588569
1575027623 1.244656933
1575027787 1.455828622
1575027952 1.483243627
1575028133 1.713845157
1575028441 1.589823245
1575028753 1.500805027
1575029086 1.407261692
1575029403 1.290309347
1575029710 1.318414279
1575030026 1.578747242
1575030336 1.607471234
1575030653 1.483739247
1575030984 1.590199038
1575032933 1.365331192
1575033500 1.331910936
1575034091 1.627859249
1575034659 1.226845567
1575035231 1.274491091
1575036253 1.319607583
1575036829 1.584969251
1575037390 1.535024233
1575037947 1.553506023
1575038959 1.502716078
1575112809 1.44969063
1575112970 1.592991265
1575113132 1.617251447
1575113292 1.520631922
1575113451 1.50551553
1575113610 1.265854582
1575113767 1.533378375
1575113925 1.317675916
1575114087 1.351250082
1575114250 1.511381252
1575114419 1.471650839
1575114722 1.447840344
1575115033 1.492193147
1575115343 1.614783646
1575115651 1.578324315
1575115966 1.321909728
1575116277 1.446889162
1575116589 1.533224868
1575116896 1.66086089
1575117204 1.472699497
1575120226 1.547471407
1575120788 1.289065125
1575121348 1.632558296
1575122410 1.576070978
1575122968 1.403590255
1575123525 1.675340578
1575124085 1.45306199
1575124639 1.564137176
1575125205 1.273971804
1575125774 1.535365588
1575289738 1.575504248
1575289902 1.333325407
1575290071 1.187132689
1575290253 1.410349093
1575290423 4.032082606
1575290600 1.453554047
1575290770 1.527090052
1575290931 1.445561993
1575291089 1.611604225
1575291251 1.276641448
1575292931 1.579045723
1575293265 1.329559345
1575293601 1.43459335
1575293937 1.627582253
1575294286 1.440973358
1575294623 1.550448191
1575294993 1.217226959
1575295387 1.448268943
1575295738 1.456610377
1575296946 1.545854122
1575297513 1.568226813
1575298101 1.272489088
1575298667 1.487019653
1575299241 1.500488647
1575299817 1.619695255
1575300442 1.483731221
1575301000 1.343258361
1575301816 1.496155926
1575384140 1.432087597
1575384300 1.508192187
1575384460 1.624344575
1575384618 1.502372047
1575384783 1.57117459
1575384938 1.594344538
1575385099 1.632051564
1575385261 1.574109645
1575385420 1.368526659
1575385584 1.550592775
1575385826 1.228787501
1575386137 1.20975889
1575386448 1.578569255
1575386853 1.460129398
1575387162 1.444513537
1575387472 1.490238186
1575387782 1.351591811
1575388090 1.575400509
1575388398 1.540724594
1575388704 1.560531029
1575390006 1.236771907
1575390575 1.567726366
1575391142 1.657123049
1575391706 1.196077846
1575392521 1.491583212
1575393153 1.560267388
1575393716 1.53983154
1575394281 1.241373826
1575394844 1.445947127
1575395406 1.533213736
1575397112 4.284817034
1575397162 0.044585988
1575397403 4.26819423
1575473367 1.608070833
1575474396 1.624680708
1575556520 1.627078079
1575556682 1.633696119
1575556846 1.41344898
1575557026 1.31432411
1575557208 1.544074877
1575557393 1.618941849
1575557567 1.260151598
1575557740 1.35381304
1575558199 1.403237602
1575558388 1.630827918
1575558585 1.459169316
1575558897 1.248328879
1575559225 1.459022056
1575559535 1.630086914
1575559911 1.550947089
1575560239 1.486864648
1575560569 1.575880162
1575561101 1.261185298
1575561448 1.285251845
1575561805 1.446923264
1575562224 1.323904704
1575562933 1.304175533
1575563570 1.61361071
1575564184 1.53336488
1575564767 1.552300203
1575565334 1.411440236
1575565896 1.495580784
1575566489 1.191923599
1575567802 1.441135945
1575568414 1.413861645
1579184019 1.246407515
1579184734 1.668255103
1579184896 1.582257474
1579185057 1.574287962
1579185232 1.574440498
1579185408 1.329020923
1579185591 1.615965881
1579185765 1.507129996
1579185959 1.540419684
1579186131 1.628333909
1579186329 1.368343004
1579186672 1.403948913
1579187690 1.54835131
1579188017 1.261217402
1579188468 1.660406976
1579188999 1.616396233
1579189330 1.565606433
1579189661 1.581412192
1579189997 1.292025545
1579190332 1.694917426
1579190857 1.626003701
1579191473 1.492800065
1579192038 1.491249881
1579192616 1.421324596
1579193184 1.347039848
1579193773 1.496307444
1579194338 1.608388317
1579194909 1.569247296
1579195472 19.127667083
1579196062 1.231587076
1579351749 1.552758549
1579351916 1.625181793
1579352076 1.582220286
1579352238 1.587844785
1579352400 1.362819629
1579352564 1.412273411
1579352722 1.544406544
1579352883 1.367702186
1579353046 1.230976807
1579353209 1.532701515
1579354091 1.302590234
1579354397 1.480857042
1579354708 1.295214827
1579355019 1.358788769
1579355326 1.619143526
1579355636 1.335676303
1579355946 1.632377014
1579356250 1.586376378
1579356477 0.292481036
1579356558 1.444045174
1579356863 1.538306115
1579359270 1.492026044
1579359842 1.534146754
1579360406 1.627896883
1579360964 1.23391746
1579361520 1.242291638
1579362074 1.496797039
1579362630 1.504232783
1579363191 1.580637898
1579363759 1.57993759
1579364320 1.587428642
1579522830 1.722749837
1579523041 1.633665769
1579523230 1.38732194
1579523396 1.627363205
1579523568 1.619819797
1579523750 1.531740324
1579523931 1.616492853
1579524121 1.626246994
1579524288 1.231685344
1579524456 1.232495408
1579524689 1.455258074
1579525033 1.603894526
1579525363 1.455534256
1579525754 1.539493826
1579526080 1.52736145
1579528375 1.328547191
1579528697 30.636532567
1579529179 1.356625238
1579529524 1.231384405
1579529835 1.602457702
1579530235 1.710574095
1579530883 1.369940584
1579531924 1.491820966
1579532627 1.279336028
1579533280 1.508312641
1579533868 1.238319396
1579534556 1.491530066
1579535190 1.614456562
1579535786 1.61363135
1579536839 1.575792689
1579537428 1.448476305
1580215289 1.599960141
1580215481 1.288436432
1580215649 1.544730538
1580215807 1.535321811
1580215968 1.615433917
1580216131 1.500253463
1580216291 1.402529334
1580216452 1.405887014
1580216611 1.61615692
1580216793 1.493397134
1580217825 1.527188995
1580218152 1.510759523
1580218468 1.577953228
1580218721 0.047753042
1580218802 1.573462874
1580219154 1.459970026
1580219514 1.347444714
1580222242 1.668186242
1580222557 1.655291072
1580222871 1.483143136
1580223176 1.523070648
1580223563 1.619648945
1580224131 1.284375173
1580224688 1.586028583
1580225247 1.471859961
1580225812 1.405055903
1580226389 1.53140987
1580226958 1.286457185
1580227556 1.411386013
1580228141 1.547559184
1580228700 1.221635883
1580304704 1.538080426
1580304861 1.530951203
1580305022 1.23344757
1580305182 1.467160268
1580305367 1.485041785
1580305526 1.597296905
1580305689 1.623448702
1580305848 1.583524432
1580306004 1.308102254
1580306163 1.522775436
1580306467 1.320187268
1580306769 1.596518882
1580307084 1.709145294
1580307645 1.567706058
1580307955 1.231890223
1580308267 1.280518775
1580310470 1.276473905
1580310784 1.463100838
1580311098 1.486169438
1580311406 1.199433792
1580311780 1.61951217
1580312124 1.627734388
1580312709 1.647221508
1580313267 1.324459074
1580314231 1.524131742
1580314788 1.599149659
1580315343 1.29828598
1580315907 1.28372546
1580316609 1.243991194
1580317182 1.253273615
1581935203 1.48102991
1581935362 1.284937659
1581935523 1.244369967
1581935689 1.361000337
1581935856 1.233578519
1581936028 1.20125429
1581936199 1.234675718
1581936359 1.279925947
1581936520 1.191287994
1581936696 1.235971541
1581936872 1.245108926
1581937188 1.506001975
1581937533 1.249017955
1581937838 1.22968789
1581938171 1.527279423
1581938495 1.609187577
1581938803 1.439961623
1581939120 1.231436638
1581939464 1.360858914
1581939766 1.669733891
1581942173 1.47683959
1581942850 1.27873316
1581944448 1.291067959
1581945734 1.323419184
1581946304 1.446601157
1581946876 1.279958685
1581947796 1.281051276
1581948864 1.306611053
1582026877 1.434269397
1582027039 1.520727146
1582027202 1.65470751
1582027371 1.366007838
1582027783 1.600703035
1582027947 1.489833575
1582028116 1.52729633
1582028283 1.609249145
1582028451 1.540177499
1582028620 1.506228534
1582030273 1.466726192
1582030577 1.556472218
1582031233 1.529915321
1582031526 1.542062008
1582031826 1.575309446
1582032198 1.404575169
1582032518 1.444458731
1582032818 1.458206239
1582033118 1.499630899
1582033468 1.450519564
1582033795 1.48496197
1582035455 1.488025533
1582036062 1.503943852
1582036667 1.537295625
1582037274 1.57554059
1582037872 1.451791384
1582038468 1.62056723
1582041359 1.308706678
1582041970 1.50493012
1582043556 1.491268219
1582044170 1.55986204
1582044773 1.268972139
1582045075 1.494125975
1582045375 1.554303207
1582045684 1.450795637
1582045984 1.664308021
1582113091 1.669101009
1582113259 1.615561326
1582113422 1.486922438
1582113591 1.497693999
1582113753 1.609080061
1582113930 1.448745975
1582114093 1.451995939
1582114256 1.665427729
1582114423 1.446215511
1582114587 1.620346904
1582114750 1.404808948
1582114912 1.456238871
1582115078 1.299700187
1582115244 1.580593124
1582115408 1.609519551
1582115571 1.624514896
1582115735 1.533727801
1582115897 1.453216603
1582116080 1.464929038
1582116296 1.424051688
1582116468 1.53834693
1582116637 1.570016809
1582118956 1.453522588
1582119117 1.526034958
1582119288 1.588484718
1582119453 1.499168751
1582119639 1.584177449
1582119802 1.48975654
1582119972 1.592040186
1582120146 1.489006414
1582120328 1.490219846
1582120632 1.427710486
1582120869 1.43435502
1582121037 1.527005271
1582121282 1.447534982
1582121443 1.622527411
1582125186 1.540116729
1582125347 1.449001736
1582125830 1.518495039
1582125996 1.571683227
1582126165 1.490856191
1582126326 1.538686052
1582126493 1.704358726
1582126655 1.445268575
1582126821 1.459934612
1582126983 1.592544986
1582127144 1.584629154
1582127311 1.660376994
1582127480 1.540757585
1582127644 1.63253961
1582127808 1.52003905
1582127968 1.589507841
1582128134 1.528873145
1582128293 1.500437116
1582128475 1.514188554
1582128638 1.546366819
1582128804 1.45864294
1582128967 1.440822525
1582129139 1.56936606
1582129298 1.523658483
1582129459 1.364276271
1582129623 1.571126014
1582185046 1.501558047
1582185226 1.591796455
1582185961 1.245358889
1582186122 1.502609497
1582186281 1.367148342
1582186415 0.095677288
1582186854 1.245958058
1582187818 1.279228837
1582187975 1.190608385
1582188135 1.257271889
1582188296 1.576284454
1582188751 1.28888048
1582189469 1.485275112
1582190775 1.280999649
1582191066 1.546476695
1582191357 1.475893446
1582191653 1.556793236
1582191949 1.492591229
1582192240 1.449116005
1582192537 1.280610098
1582192825 1.283866609
1582193114 1.420424524
1582193747 1.234677087
1582193910 1.505995426
1582194075 1.195751495
1582194230 1.51511204
1582194392 1.448804749
1582194556 1.448326039
1582194716 1.283703882
1582194887 1.276545786
1582195047 1.238456177
1582195208 1.287456792
1582195702 1.451802077
1582195863 1.284916606
1582196020 1.532401162
1582196181 1.49965365
1582196340 1.543549174
1582196499 1.328163559
1582196657 1.496911482
1582196815 1.363284939
1582196977 1.403362718
1582197144 1.277320537
1582197301 1.557681465
1582197468 1.474733162
1582197637 1.585381928
1582197796 1.311323691
1582197955 1.195299757
1582198111 1.491876831
1582198274 1.323612607
1582198430 1.495993472
1582198712 1.413446675
1582199060 1.52272543
1582631368 1.152539633
1582631528 1.27639558
1582631684 1.585970522
1582631842 1.318163442
1582631998 1.299666251
1582632155 1.223874178
1582632316 1.254788771
1582632478 1.526242962
1582632636 1.31388995
1582632798 1.263592508
1582634894 1.278812372
1582635176 1.491568225
1582635460 1.324222348
1582635744 1.282215959
1582636030 1.376128451
1582636318 1.447857517
1582636609 1.292780661
1582636899 1.243820571
1582637199 1.563420298
1582637495 1.589380261
1582637791 1.250526489
1582638350 1.522909575
1582638927 1.305638769
1582640606 1.49205429
1582641164 1.494054056
1582641726 1.228304641
1582642300 1.288930336
1582642876 1.521507043
1582643478 1.455342113
1582644036 1.32208352
1582884495 1.370852679
1582884675 1.221149432
1582884843 1.204655863
1582885004 1.500580194
1582885170 1.3642115
1582885333 1.482585043
1582885492 1.371683887
1582885654 1.491858999
1582885815 1.442534196
1582885977 1.451896156
1582886145 1.379458423
1582886427 1.362034477
1582886721 1.275952135
1582887014 1.406956953
1582887302 1.281451061
1582887588 1.328397785
1582887883 1.373008994
1582888170 1.457024624
1582888457 1.451711443
1582888745 1.497610106
1582898621 1.488170654
1582899206 1.346003682
1582899771 1.495409061
1582900334 1.259579525
1582900896 1.535919312
1582902639 1.588994764
1582903219 1.331954226
1574710638 1.196005372
1574707059 1.633185737
1574708722 1.55579427
