1569849943 3.669755969
1569850147 3.633401216
1569849943 3.669755969
1569850147 3.633401216
1569850960 3.739168894
1569851167 3.764257165
1569851516 3.595123664
1569851723 3.587522227
1569851953 3.660752081
1569852182 3.704702752
1569852419 3.645781339
1569852636 3.61155976
1569853027 3.722544625
1569853339 3.639814548
1569853579 3.613832785
1569854220 4.063694556
1569855192 4.016999827
1569855626 3.828807264
1570446951 3.436149054
1570448042 3.58812698
1570448769 3.603869268
1570449239 3.407885663
1570543065 3.723144925
1570543427 3.259117363
1570543629 3.588192067
1570544558 3.660965942
1570544760 4.035172597
1570545018 3.524279312
1570545228 3.625994925
1571322937 3.64637899
1571323259 3.501678273
1571323652 3.499987385
1571324054 3.314752687
1571324453 3.485952334
1571325060 3.63405074
1571325256 3.496273961
1571325455 3.590115636
1571325660 3.622475491
1571325859 3.409400174
1571326059 3.749975215
1571326750 3.75603885
1571326962 3.484254946
1571327170 3.457176344
1571327384 3.574744921
1571327774 3.451196649
1571328165 3.413074433
1571328556 3.598768464
1571328947 3.623928029
1571329339 3.481757114
1571329931 3.586729282
1574710633 2.419087301
