1569855251 9.859271631
1570448826 8.287318462
1570449295 10.615067995
1571323311 10.995889189
1571323705 10.71506532
1571324107 10.698438609
1571324507 10.77987491
1571327438 10.654514316
1571328219 9.526422949
1571328609 11.366129861
1571329001 11.083715454
1571329395 7.530703735
1571397941 10.500416243
1571398334 12.791361269
1571399120 11.678904162
1571399512 10.203125874
1571399912 7.569438811
1571401121 10.139915053
1571401513 11.066645217
1571407284 10.61107496
1571408065 10.736325174
1571408459 10.956384057
1571665951 11.202716617
1571666340 11.164842187
1571666732 9.797719432
1571667125 10.829939778
1571754125 10.392006734
1571754523 10.191454248
1571755320 10.398561072
1571756551 10.448149494
1571756975 11.577620564
1571757411 10.273917745
1571757807 10.125417293
1571762993 10.926626344
1571763382 10.436228702
1571763777 9.13061504
1571764181 11.165575553
1571764592 10.345801769
1571764983 10.62287828
