1569854519 1.626614784
1569855949 1.377574143
1569856258 0.042418635
1571330215 1.439716471
1571330217 0.0
1571766571 1.446380564
1571766573 0.0
1571767353 1.477913106
1571767355 0.0
1571767355 0.0
1571767355 0.0
1571767355 0.0
1571767355 0.0
1571767470 0.0
1571767470 0.0
1571767470 0.0
1572537466 1.272509187
1572537563 0.0
1572538122 1.10398533
1572538123 0.04503538
1572538217 0.0
1572538217 0.0
1572538782 1.172244063
1572538783 0.0
1572539435 1.333517568
1572540082 1.32643689
1572540177 0.0
1572540987 1.284202314
1572541641 1.234637086
1572541736 0.0
1572541736 0.0
1572542290 1.108288597
1572542937 1.324550394
1572543602 1.264857487
1572871356 1.287751256
1572871357 0.004395488
1572871357 0.030465128
1572871357 0.001754958
1572871357 0.049230719
1572872006 1.208759303
1572872007 0.01842437
1572872007 0.055630114
1572872007 0.043022265
1572872682 1.32646674
1572872780 0.001223826
1572872780 0.005282749
1572873336 1.372418271
1572873989 1.327482882
1572874089 0.007678138
1572874089 0.024789634
1572875051 1.242987723
1572875052 0.036278247
1572875052 0.050926766
1572875912 1.248948642
1572876007 0.049154522
1572877138 1.345710098
1572877787 1.280724262
1572879020 14.400485306
1572967422 1.221095074
1572967518 0.000125759
1572967518 0.032525621
1572968079 1.406596101
1572968176 0.028137047
1572969381 1.253106014
1572969476 0.001667873
1572970042 1.194437734
1572970043 0.053218402
1572970043 0.034164856
1572970692 1.296595629
1572970694 0.013069286
1572970694 0.050753158
1572971344 1.276839852
1572971346 0.001328974
1572971346 0.04218791
1572972007 1.317972246
1572972009 0.043137413
1572972111 0.012896064
1572972111 0.012003868
1572972111 0.050585994
1572972665 1.280176436
1572973382 1.274715293
1572974031 1.330105732
1572974682 1.359845686
1573208966 1.24435012
1573209621 1.271610566
1573209716 0.000839321
1573209716 0.011220974
1573209716 0.01436092
1573209716 0.092591967
1573210295 1.312655038
1573210964 1.312745362
1573211622 1.29090756
1573212271 1.178452804
1573212272 0.046242931
1573212272 0.001813728
1573212272 0.049542355
1573212922 1.320782332
1573213019 0.001377414
1573213572 1.328523806
1573214245 1.316212005
1573214340 0.033455506
1573214900 1.383318653
1573310419 1.165445049
1573311040 1.236207609
1573311655 1.149021202
1573312360 1.298344324
1573312970 1.23325402
1573313597 1.206490955
1573314230 1.200841692
1573314843 1.185975278
1574696452 1.126532855
1574696453 0.036948562
1574696453 0.001402605
1574696453 0.050480587
1574697033 1.144584712
1574697623 1.107383122
1574697624 0.010862528
1574697624 0.02277454
1574697624 0.045051897
1574697624 0.033351833
1574697624 0.052259964
1574698197 1.119218777
1574698198 0.00091608
1574698198 0.024869476
1574698198 0.037242142
1574698198 0.053022528
1574698782 1.202595935
1574709567 1.16036624
1574709568 0.035636054
1574709568 0.002164537
1574709568 0.041343137
1574710854 1.191599775
1574956205 1.204842908
1574956866 1.100061706
1574956868 0.0
1574957468 1.159938501
1574958047 1.232876623
1574958639 1.211381117
1574959228 1.202424326
1574959831 1.064356424
1574959833 0.0
1574959833 0.0
1574959833 0.0
1574959833 0.0
1574959833 0.0
1574959833 0.0
1574960410 1.10785875
1574961020 1.149394107
1574961656 1.162241433
1575033130 1.146163662
1575033699 1.068180384
1575033700 0.0
1575034289 1.202772455
1575034855 1.077758221
1575035426 1.193137306
1575036450 1.189315069
1575037027 0.976073493
1575037028 0.0
1575037028 0.0
1575037028 0.0
1575037028 0.0
1575037586 1.196941361
1575038587 1.229206605
1575039157 1.059615906
1575039158 0.0
1575120420 1.188313124
1575120983 1.187829672
1575120984 0.0
1575121543 1.168249878
1575121951 1.127310621
1575121952 0.0
1575122606 1.238186934
1575123163 1.191110075
1575123722 1.143019885
1575124279 1.20076115
1575124846 1.166791603
1575125404 1.188678564
1575125973 1.206306123
1575297722 1.145533235
1575298298 1.058578175
1575298300 0.0
1575298300 0.0
1575298867 1.185287904
1575299445 1.199692181
1575300017 1.269482881
1575300636 1.170062373
1575301207 1.068382839
1575301208 0.0
1575301208 0.0
1575301208 0.0
1575302018 1.109708851
1575390206 1.242926784
1575390773 1.236007511
1575391340 1.197273064
1575391905 1.203244806
1575392714 1.106156645
1575393351 1.071413398
1575393352 0.0
1575393352 0.0
1575393352 0.0
1575393910 1.026933271
1575394477 1.143335936
1575395040 1.222772597
1575395603 1.124741269
1575562438 1.108942486
1575563136 1.099572223
1575563784 1.157001983
1575564380 1.222106446
1575564964 1.106831062
1575565529 1.150789109
1575566098 1.107635728
1575566684 1.06535313
1575568004 1.155644828
1575568611 1.115262287
1575568612 0.0
1575568612 0.0
1579191058 1.077865725
1579191059 0.0
1579191059 0.0
1579191059 0.0
1579191059 0.0
1579191671 1.248130695
1579192235 1.274929905
1579192817 1.103379804
1579193384 1.239553567
1579193972 1.235647753
1579194540 1.142402383
1579194542 0.0
1579194542 0.0
1579194542 0.0
1579194542 0.0
1579195105 1.152850069
1579195696 1.240427721
1579196258 1.156027429
1579359464 1.23917407
1579360041 1.114147357
1579360042 0.0
1579360602 1.149263882
1579361158 1.096287683
1579361245 0.0
1579361245 0.0
1579361245 0.0
1579361713 1.160588349
1579362268 1.192247583
1579362823 1.239245571
1579363390 1.198809323
1579363957 1.069726616
1579363959 0.0
1579364516 1.049072826
1579364517 0.0
1574710854 1.191599775
