1569850017 12.8835299
1569850221 12.842260221
1569850017 12.8835299
1569850221 12.842260221
1569850751 33.963199211
1569851034 12.597236415
1569851240 12.836427014
1569851589 12.756565139
1569851802 13.008821434
1569852026 17.804000237
1569852255 12.789041461
1569852493 12.704034949
1569853102 12.822910689
1569853416 15.008213751
1570543140 12.51885421
1570543503 12.468828634
1570543712 12.542841346
1570544629 12.887303677
1570544888 12.775555558
1570545089 12.618404047
1570545306 12.678919128
1571323013 12.589955071
1571325131 12.625312727
1571325327 12.763411745
1571325533 12.914489495
1571325733 12.575483296
1571325929 12.573947615
1571326137 12.528670713
1571326821 12.499599047
1571327037 12.531907401
1571327246 12.496499288
1571395923 12.67786029
1571396120 12.426563129
1571396316 12.704737351
1571396515 12.729310702
1571396714 12.909271171
1571396941 12.673492943
1571397145 12.366972217
1571397347 12.386328688
1571397544 12.538314198
1571397740 12.581095193
1571404989 12.500150349
1571405188 12.443548238
1571405385 12.586182285
1571405614 12.720973493
1571405817 12.651211889
1571409035 12.355176536
1571409237 12.483221972
1571409438 12.856583051
1571409655 12.483212604
1571409854 12.835957282
1571664421 12.921661987
1571664968 12.47462685
1571665166 12.599812459
1571665377 12.481806543
1571665571 12.587791778
1571665767 12.661494776
1571668184 12.591916299
1571668383 12.65663349
1571668587 12.643686588
1571668781 12.535076836
1571668982 12.532742926
1571752055 12.604736082
1571752250 12.502205905
1571752450 12.526154166
1571752655 12.448886083
1571752850 12.978897805
1571753045 12.624928577
1571753242 12.643628493
1571753439 12.653177604
1571753637 12.410120566
1571753834 12.507292048
1571760192 12.492868554
1571760387 15.615138525
1571760592 12.456215287
1571760788 12.553694905
1571760989 12.693535043
1571761198 12.669574514
1571761397 12.395449747
1571761592 12.281454717
1571761787 12.952381155
1571761995 12.607860848
1572003298 12.575634956
1572003494 12.598119834
1572003690 12.519863973
1572003888 12.545483855
1572004084 12.757750384
1572004280 12.593531591
1572004474 12.620046885
1572004673 12.47689696
1572004875 12.307343707
1572005074 12.611427545
1572011276 12.43468319
1572011472 12.267826368
1572011668 12.548072044
1572011866 12.648467827
1572012061 13.196880626
1572012259 12.664967386
1572012454 12.375807025
1572012648 12.411020687
1572012843 12.35337433
1572013037 12.742267709
1572265097 12.486738783
1572265293 12.548188328
1572265492 12.872874287
1572265690 12.648742579
1572265896 12.515931586
1572266097 12.446831003
1572266295 12.717001708
1572266494 13.288762417
1572266694 12.635126533
1572266896 12.859434292
1572274157 10.256201115
1572274330 10.073231724
1572274499 10.110853052
1572274671 10.186487936
1572274838 10.147581805
1572275008 10.126668815
1572275180 10.116549824
1572275356 10.141988033
1572275526 10.165182026
1572275699 10.235071594
1572361310 12.60026264
1572361507 12.754059955
1572361702 12.532417195
1572361897 12.339578763
1572362096 12.445128078
1572362290 12.48054993
1572362486 12.383713095
1572362686 12.410973316
1572362880 12.726897868
1572363076 12.754603749
1572366948 10.099579963
1572367116 10.220183311
1572367288 10.09712707
1572367454 10.131497122
1572367637 10.211168338
1572367814 10.053017964
1572367983 10.191654934
1572368152 10.121563144
1572368319 10.15229543
1572368484 10.016838496
1572532427 12.708667651
1572532628 12.668679336
1572532833 12.095825003
1572544536 10.130219343
1572544704 10.11812496
1572544875 10.194772785
1572545048 10.174199015
1572545221 10.101912543
1572870050 10.218959553
1572870267 10.210725689
1572870450 10.180791069
1572870671 10.1601187
1572870840 10.160476079
1572965429 10.208755507
1572965597 10.256825448
1572965764 10.25223969
1572965933 10.170198351
1572966105 10.124076318
1572966271 10.020266837
1572966443 10.104387042
1572966626 9.929086802
1572966806 10.24383117
1572966970 10.152412694
1573207077 9.942405789
1573207245 10.062264067
1573207414 10.14700782
1573207579 10.043688236
1573207749 10.129642725
1573207917 10.054128384
1573208084 9.872941605
1573208249 10.116385557
1573208417 10.150713512
1573208583 10.031574326
1573220318 10.117175754
1573220486 10.071360536
1573220653 9.830080869
1573220822 10.036531499
1573220990 10.014690446
1573221157 10.215626175
1573221321 10.140134939
1573221491 10.091142641
1573221658 10.056543075
1573221827 10.140616285
1573222016 10.160405933
1573222186 10.164645948
1573222353 10.052033453
1573222519 10.144599235
1573222689 10.207252893
1573301167 10.157777997
1573301335 10.17977065
1573301518 9.947652681
1573301685 10.01159783
1573301871 10.113932499
1573302051 10.065109741
1573302219 10.57538716
1573302393 10.054590969
1573302562 10.027159976
1573302745 9.981197277
1573303881 8.948152236
1573304045 9.33923866
1573304205 9.838446477
1573304371 9.878918787
1573304530 9.529531175
1573304697 9.519762619
1573304856 9.796403004
1573305016 9.414207013
1573305178 9.106854043
1573305337 9.193867462
1573752510 9.26110416
1573752768 9.22819022
1573752927 9.100489498
1573753086 9.346663753
1573753243 9.310592539
1573753398 9.357228192
1573753557 8.940997236
1573753710 9.250449698
1573753872 9.188395161
1573754691 9.338468245
1573754851 9.429884607
1573755013 9.250409812
1573755179 9.103148564
1573755342 9.111252137
1573755499 9.371314345
1573755654 9.156175392
1573755812 9.300652583
1573755970 9.23899144
1573756128 9.468230043
1573831435 9.308908949
1573831593 9.261809424
1573831752 9.336738995
1573831924 8.999468578
1573832076 9.210679647
1573832237 9.437648688
1573832395 9.320697376
1573832558 9.252043542
1573832714 9.326638551
1573832870 9.038883373
1573833065 9.138135221
1573833221 9.088956228
1573833385 9.064473871
1573833542 9.069248274
1573833700 9.087221515
1573901074 9.462814531
1573901232 9.242177748
1573901388 9.203142486
1573901544 9.184569411
1573901704 9.296054182
1573901859 9.38218237
1573902014 9.133015398
1573902171 9.207865941
1573902329 9.182841568
1573902485 9.154814719
1574685804 9.149218603
1574685996 9.383342124
1574686165 9.292017331
1574686327 9.24564832
1574686484 9.284481843
1574686650 8.978341159
1574686814 9.362680842
1574687003 6.807508199
1574687175 9.089762646
1574687339 9.264942062
1574689669 9.253058965
1574689885 9.019990948
1574690053 9.481111538
1574690223 9.39879305
1574690393 9.294522011
1574690553 9.922970502
1574690724 9.351137835
1574690883 9.340217678
1574691068 9.243007236
1574691247 9.149050983
1574706869 9.087894028
1574707111 9.252265678
1574954213 9.206505879
1574954378 9.348356282
1574954555 9.225844088
1574954719 9.095497649
1574954902 9.433505141
1574955060 9.718620788
1574955318 9.300486975
1574955478 9.364151463
1574955636 9.322955274
1574955797 9.39918158
1575026546 9.21457316
1575026706 9.267208944
1575026868 9.09576332
1575027028 9.224099525
1575027192 9.268149645
1575027353 9.35679348
1575027519 9.282665078
1575027676 8.919659919
1575027840 9.119669833
1575028005 9.355881444
1575112861 9.060907457
1575113025 9.216391959
1575113184 9.338798484
1575113346 9.18703878
1575113504 9.319697988
1575113663 9.260488209
1575113820 9.161488546
1575113978 9.247167221
1575114141 9.128321078
1575114302 9.181026337
1575289791 9.33974441
1575289958 9.314210433
1575290126 8.069676478
1575290306 15.740246312
1575290482 9.076715485
1575290658 9.260736023
1575290823 8.90429396
1575290980 9.05353261
1575291143 9.4510158
1575291304 9.172669203
1575384192 9.312601216
1575384352 9.098431495
1575384512 9.428664377
1575384672 9.028340269
1575384835 9.199459782
1575384994 9.525574472
1575385153 9.553573747
1575385313 9.430433857
1575385477 9.235041094
1575385636 9.185818427
1575556574 9.23564962
1575556734 9.387096887
1575556907 9.215878826
1575557092 9.365205057
1575557262 9.289517149
1575557445 9.245493846
1575557621 9.384449741
1575557794 9.281929134
1575558253 9.169835965
1575558439 9.248276694
1579184072 9.161705858
1579184787 9.151776952
1579184948 9.12006439
1579185112 9.149598498
1579185285 9.41968072
1579185464 9.135522598
1579185645 9.304774876
1579185825 9.103675147
1579186013 9.553478943
1579186185 9.138506668
1579351802 9.201302256
1579351968 9.46143211
1579352129 9.058277734
1579352290 9.146371817
1579352453 9.189167572
1579352617 9.267586059
1579352774 9.15818348
1579352938 7.335757454
1579353099 9.29493744
1579353971 9.373863452
1579522890 9.328623639
1579523093 9.631422803
1579523285 9.099455098
1579523448 9.589264173
1579523623 9.068916908
1579523804 9.37430772
1579523986 9.19237032
1579524174 8.857926022
1579524341 9.331952147
1579524509 9.400344602
1579537495 9.166706165
1580215349 11.051223593
1580215538 9.317467309
1580215701 9.517586938
1580215861 9.277931922
1580216021 9.865012447
1580216184 9.348736316
1580216343 9.243918677
1580216507 9.155724305
1580216663 11.851876454
1580216848 8.289106709
1580304756 9.0166411
1580304913 9.029651431
1580305075 9.515766671
1580305236 9.209081738
1580305419 9.323364532
1580305582 9.263640808
1580305743 9.655657227
1580305902 7.964440449
1580306056 9.1141302
1580306216 9.504205702
1581935256 9.321904186
1581935414 9.210549138
1581935576 9.098250355
1581935741 9.233199046
1581935909 9.166793331
1581936080 9.201417842
1581936251 9.285770802
1581936414 9.194258503
1581936573 9.24142932
1581936748 9.163828667
1582026930 9.790130954
1582027092 9.732947379
1582027257 10.007518174
1582027424 9.682155541
1582027837 9.39309661
1582028002 10.616222021
1582028170 9.400842503
1582028336 10.745276143
1582028505 10.875161049
1582028675 10.476514239
1582113145 9.27411667
1582113313 9.144607502
1582113477 9.001215218
1582113644 9.086938565
1582113810 10.21640281
1582113985 10.801385419
1582114147 9.603170715
1582114310 10.414953076
1582114476 9.73942098
1582114640 10.488155245
1582114803 9.480428524
1582114969 10.684458484
1582115131 10.187418105
1582115298 10.099677868
1582115461 10.582661829
1582115625 9.778641242
1582115788 10.227823076
1582115952 9.817058346
1582116133 9.074226421
1582116349 8.91559783
1582116525 9.713529957
1582116690 9.017550105
1582119009 9.732359667
1582119172 9.480206673
1582119342 9.721923002
1582119518 9.128129456
1582119694 9.191706653
1582119857 9.266881359
1582120028 10.593209001
1582120203 10.669023239
1582120925 9.866584931
1582121091 10.670812109
1582121335 9.136903764
1582121497 9.770600331
1582125240 9.538599687
1582125680 9.209051407
1582125884 9.837731711
1582126050 9.722521608
1582126218 9.815375907
1582126380 10.290392062
1582126548 9.349311575
1582126709 10.864785715
1582126874 9.451347788
1582127037 9.363959046
1582127199 10.373871634
1582127367 10.729410228
1582127534 10.10149718
1582127697 9.988824752
1582127861 9.863061321
1582128021 9.939707185
1582128188 10.126797505
1582128367 9.267668725
1582128529 10.267878246
1582128692 10.433958875
1582128858 9.245217246
1582129025 9.834276024
1582129192 9.682757735
1582129351 10.147656081
1582129512 10.345591282
1582129676 9.596637211
1582185099 9.947682893
1582185280 9.41409903
1582186014 9.315021806
1582186174 9.087873658
1582186907 11.716018937
1582187870 9.140895983
1582188029 9.002441724
1582188188 9.180641011
1582188348 9.20353773
1582193800 9.139307339
1582193963 9.298003181
1582194128 9.13895378
1582194283 9.301659392
1582194445 9.024846182
1582194609 9.263921151
1582194772 9.26365656
1582194939 9.146534179
1582195099 9.143669091
1582195262 9.360151756
1582195756 9.217448103
1582195915 9.2188763
1582196073 9.07053738
1582196233 9.134651877
1582196392 9.352739758
1582196551 9.278565216
1582196709 9.230949368
1582196869 9.139072721
1582197031 9.213542225
1582197198 9.178634458
1582197354 9.278453466
1582197520 9.203605714
1582197691 9.077249558
1582197849 9.210629736
1582198007 9.307903387
1582198164 9.14859626
1582198325 9.046620456
1582198484 9.135958327
1582198763 9.003082616
1582199115 9.045727675
1582631420 9.282451338
1582631580 9.39556776
1582631737 9.035196324
1582631893 8.950707655
1582632051 9.249206596
1582632208 9.168019043
1582632367 9.081307475
1582632530 9.049103114
1582632691 9.505531703
1582632850 9.311940959
1582884551 9.217745184
1582884728 8.973034572
1582884897 9.053085934
1582885061 9.305073092
1582885225 9.058533989
1582885388 9.176649015
1582885546 8.927489418
1582885708 9.344480399
1582885874 9.153211167
1582886031 9.171415486
1574707111 9.252265678
