1569850052 3.666722565
1569850052 3.666722565
1569850814 3.691363918
1569851070 3.800421629
1569851276 3.600283707
1569851625 3.74574996
1569851838 3.549762155
1569852067 3.559589145
1569852292 4.114801194
1569852529 3.67199216
1569853167 3.873450822
1569853456 3.76539408
1570543176 3.416338112
1570543538 3.472413597
1570543749 3.289631123
1570544666 3.457802249
1570544924 3.670000057
1570545125 3.489568116
1570545342 3.719258754
1571323050 3.239917723
1571325167 3.5751842
1571325363 3.591951656
1571325569 3.494325395
1571325769 3.436311277
1571325965 3.743554095
1571326225 42.248295473
1571326857 3.744793368
1571327072 3.637390442
1571327282 3.72279627
1571395958 3.647501219
1571396352 3.849833956
1571396751 4.160947238
1571396976 3.956290256
1571397579 3.401150137
1571405025 3.306965306
1571405421 3.517060103
1571405654 3.328187193
1571405853 3.706316169
1571409071 3.460435854
1571409273 3.588554637
1571409475 3.327925347
1571409692 3.469830412
1571409889 3.591471462
1571665004 3.659577328
1571665202 20.773695466
1571665413 3.651673522
1571665607 3.911290699
1571665803 3.530476019
1571668220 3.76811408
1571668418 3.647927859
1571668622 3.60626722
1571668817 3.624993782
1571669018 3.370805718
1571752091 3.413263645
1571752286 3.576418928
1571752485 3.584462265
1571752690 3.637728354
1571752887 3.290638274
1571753081 3.375625038
1571753278 3.719267975
1571753475 3.630447971
1571753673 3.663101054
1571753870 3.851552002
1571760228 3.684375989
1571760425 3.651628407
1571760627 3.73525519
1571760823 3.30631798
1571761025 3.714906748
1571761233 3.677598631
1571761432 3.479991891
1571761627 3.716909331
1571761824 3.382434849
1571762031 3.330923448
1572003334 3.255418391
1572003530 3.321495277
1572003725 3.285733178
1572003923 3.353498292
1572004120 3.229670852
1572004316 3.497220362
1572004510 3.420417296
1572004709 3.360450797
1572004911 3.290729356
1572011311 3.241544726
1572011508 3.242707643
1572011703 3.359079349
1572011902 3.4682846
1572012098 3.246296117
1572012490 3.186375245
1572012684 3.456217025
1572012878 3.834572748
1572013073 3.191685544
1572265132 3.185736841
1572265329 3.380746288
1572265528 3.257535446
1572265726 3.196481233
1572265931 3.35891674
1572266133 3.364300838
1572266331 3.244763702
1572266531 3.264725167
1572266729 3.370406387
1572266932 3.421992492
1572274187 2.820468477
1572274360 2.712274542
1572274529 2.860217591
1572274701 2.67814693
1572274869 2.921053957
1572275039 2.812755575
1572275211 2.947582571
1572275388 2.729749268
1572275556 2.634546748
1572275729 2.863619094
1572361348 3.267510185
1572361543 3.271127251
1572361738 3.303457044
1572361932 3.373773749
1572362132 3.240397905
1572362326 3.494044181
1572362522 3.323617636
1572362721 3.363624557
1572362916 3.413960255
1572366978 2.86485372
1572367147 2.811649172
1572367319 2.688363656
1572367484 2.828497075
1572367667 2.733197123
1572367844 2.860896317
1572368013 2.604381333
1572368182 2.869367573
1572368349 2.775177338
1572368514 2.773876394
1574707140 2.392692143
