1569850013 4.707347475
1569850217 4.373637509
1569850013 4.707347475
1569850217 4.373637509
1569850747 4.596859423
1569851030 4.817900187
1569851236 4.588598711
1569851586 4.686837037
1569851798 4.820326127
1569852022 4.44481318
1569852251 4.636263069
1569852491 2.860286333
1569853098 4.52804714
1569853411 5.693195618
1570543137 4.006211686
1570543501 2.3437545
1570543710 3.208184958
1570544886 2.551801649
1570545086 4.721217455
1571323010 4.471563361
1571325731 3.319950741
1571326819 2.784450956
1571327034 4.697080253
1571327246 1.622825118
1574707108 3.368612685
