1569854674 5.405383133
1569856265 6.791363816
1571330336 5.507377617
1571766693 5.380308418
1571767476 5.383625967
1572537568 4.388097194
1572538221 4.44173479
1572538881 4.375628977
1572539534 4.56816486
1572540182 4.348735199
1572541087 4.435392674
1572541740 4.485296808
1572542389 4.530971639
1572543036 4.436389373
1572543701 4.456708195
1572871455 4.528740412
1572872106 4.448592733
1572872784 4.192216238
1572873436 4.562911733
1572874094 4.399726573
1572875158 4.320622402
1572876011 4.525027629
1572877237 4.433731548
1572877892 4.544073269
1572879133 4.462925224
1572967523 4.432937088
1572968180 4.500279052
1572969481 4.374949163
1572970142 4.405075973
1572970793 4.334312549
1572971453 4.384186629
1572972116 4.380477974
1572972765 4.524543421
1572973481 4.499210725
1572974130 4.536126185
1572974782 4.618996483
1573209065 4.577033924
1573209721 4.344449186
1573210396 4.444739101
1573211064 4.399975978
1573211722 4.244700361
1573212371 4.436562131
1573213024 4.367977016
1573213672 4.399414135
1573214344 4.476571597
1573215003 4.305161776
1573310516 4.210805663
1573311133 4.605679518
1573311746 4.060443274
1573312453 4.119386752
1573313067 4.225554582
1573313693 4.291607318
1573314322 4.271000744
1573314937 3.880254537
1574696544 4.234837597
1574697124 4.265692155
1574697716 4.134826155
1574698288 4.20368098
1574698876 4.109067008
1574709687 4.226836914
1574710946 4.22626565
1574710946 4.22626565
