1569854801 2.51310969
1569856407 2.135900551
1571330460 2.527262711
1571766819 2.56305512
1571767601 2.589280749
1572537670 2.346164683
1572538323 2.398848027
1572538983 2.399856549
1572539636 2.392999459
1572540284 2.343119238
1572541190 2.330074804
1572541842 2.344495278
1572542491 2.400784848
1572543137 2.295211282
1572543810 2.356440041
1572871556 2.43717117
1572872207 2.477540827
1572872889 2.315072549
1572873537 2.263817401
1572874195 2.521150804
1572875260 2.463853018
1572876115 2.31314674
1572877340 2.580936041
1572877995 2.388558977
1572879235 2.057030556
1572967624 2.425846921
1572968283 2.436774607
1572969582 2.331332467
1572970243 2.380091327
1572970894 2.421414225
1572971556 2.295049004
1572972217 2.474991063
1572972866 2.343048702
1572973583 2.485256752
1572974232 2.449433908
1572974889 2.301780932
1573209166 2.256109692
1573209837 2.403391926
1573210497 2.343708287
1573211165 2.443738388
1573211825 2.432011957
1573212472 2.362222576
1573213125 2.46047937
1573213774 2.30660459
1573214447 2.299603686
1573215105 2.42906872
1573310611 2.254837133
1573311231 2.17204383
1573311841 2.260048154
1573312547 2.342995472
1573313166 2.154264894
1573313789 2.160691171
1573314417 2.29576813
1573315031 2.224244417
1574696638 1.828008936
1574697217 1.791066361
1574697809 1.802273477
1574698381 1.619205873
1574698969 1.798269749
1574709781 2.433196436
1574711039 2.133440854
1574956389 1.656410694
1574957051 1.882949025
1574957653 1.89004919
1574958235 1.705270266
1574958828 1.790822387
1574959438 1.92253246
1574960017 1.77233842
1574960594 1.922377028
1574961204 1.767156509
1574961840 1.829899269
1575033317 1.618712064
1575033885 1.616178631
1575034475 1.830624257
1575035050 1.767354781
1575035612 1.911752019
1575036649 1.741491295
1575037211 1.82912467
1575037770 1.876296694
1575038773 1.702068229
1575039344 1.751447486
1575120604 1.655861018
1575121169 1.750821273
1575122163 1.687481445
1575122790 1.82985306
1575123348 1.659534033
1575123906 1.69166021
1575124462 1.734742576
1575125029 1.82165464
1575125593 1.948785098
1575126159 1.758116871
1575297911 1.806144073
1575298484 1.805936983
1575299053 1.924780991
1575299633 1.711814703
1575300204 1.823918058
1575300822 1.616550839
1575301595 2.003718925
1575302203 1.663119682
1575390391 1.873053793
1575390961 1.875840695
1575391524 1.901597061
1575392090 1.570575934
1575392900 1.622348212
1575393536 1.663001404
1575394096 2.009816832
1575394662 2.009740886
1575395225 1.530911023
1575395789 1.828278236
1575473594 9.554349136
1575562711 2.164750174
1575563320 1.914791039
1575563969 1.82371509
1575564566 1.792948563
1575565148 1.660712993
1575565714 1.707460139
1575566287 1.788455717
1575566887 1.83667287
1575568214 1.72164865
1575568798 1.948866781
1579191244 1.719538211
1579191857 1.78250331
1579192423 1.82502259
1579193008 1.955740996
1579193594 1.757376934
1579194158 1.662707559
1579194726 1.707313587
1579195292 1.704694664
1579195882 1.883848894
1579196444 1.750425133
1579359649 1.796836834
1579360226 1.754360936
1579360786 1.765771491
1579361342 1.782458458
1579361898 1.896257009
1579362453 1.969045647
1579363009 1.962190005
1579363576 1.963622086
1579364142 1.981369974
1579364701 1.873146095
1574711039 2.133440854
