1569850009 4.23387002
1569850212 4.55385294
1569850009 4.23387002
1569850212 4.55385294
1569850744 3.427083871
1569851026 4.527255051
1569851232 4.498218277
1569851581 4.636519831
1569851793 4.481385098
1569852019 2.722720798
1569852247 4.375361238
1569852485 4.189847264
1569853094 4.502855914
1569853407 4.696330039
1570543133 4.196236735
1570543495 4.320279508
1570543705 4.149733768
1570544621 4.446208986
1570544880 4.276746183
1570545081 4.174324244
1570545298 4.207510109
1571323005 4.358546023
1571325123 4.537939001
1571325319 4.370264573
1571325524 4.631809587
1571325725 4.428715867
1571325921 4.249128784
1571326123 4.222902908
1571326813 4.363102
1571327029 4.306573095
1571327238 4.192145255
1574707105 3.42849535
