1569854426 5.547282708
1569855838 6.02092466
1571330128 5.425646036
1571766484 5.588698203
1571767266 5.679750091
1572537393 4.459575073
1572538050 4.49306369
1572538710 4.551194463
1572539363 4.5758305
1572540010 4.352477006
1572540916 4.490320904
1572541570 4.517859748
1572542218 4.464540832
1572542865 4.433369139
1572543530 4.527551841
1572871284 4.576766301
1572871934 4.624919719
1572872612 4.514657007
1572873264 4.622061722
1572873917 4.363182303
1572874979 4.496452476
1572875841 4.499835655
1572877066 4.522401699
1572877716 4.442101616
1572878944 4.446622112
1572967351 4.230592354
1572968008 4.561350407
1572969310 4.369342372
1572969971 4.428453395
1572970621 4.426516224
1572971270 4.536105682
1572971933 4.434424131
1572972593 4.561085921
1572973307 4.556715257
1572973959 4.565268962
1572974611 4.476872355
1573208893 4.442524042
1573209548 4.419822831
1573210223 4.592637466
1573210892 4.473208762
1573211549 4.479793381
1573212198 4.480084315
1573212849 4.761361048
1573213501 4.550180695
1573214172 4.492708873
1573214827 4.468673475
1573310352 4.143911593
1573310973 3.953941621
1573311588 4.266067185
1573312293 4.340154882
1573312902 4.252997757
1573313530 3.836201187
1573314162 4.362342782
1573314777 4.435361414
1574696386 4.140179554
1574696967 4.051212435
1574697557 4.034551914
1574698132 3.959550263
1574698717 4.173236179
1574709501 4.301580543
1574710788 3.951931811
1574710788 3.951931811
