1569850237 15.496817377
1569850237 15.496817377
1569850789 21.847342161
1569851256 15.321611805
1569851606 15.926022075
1569852047 16.529756549
1569852272 15.189254163
1569852509 15.573729627
1569853119 24.781200119
1569853436 16.432757808
1570543156 15.683244578
1570543519 15.876070138
1570543728 15.460192278
1570545322 16.082133858
1571323029 15.757003572
1571325147 15.676237923
1571325343 15.705277346
1571325549 15.451498542
1571325749 15.447041238
1571325945 15.692609077
1571326837 15.331625408
1571327053 15.196864555
1571327262 15.307859335
1571396136 15.804308138
1571396957 15.910595425
1571397161 15.547060139
1571397363 15.606277049
1571405005 15.541475808
1571405203 15.453108895
1571409051 15.393511794
1571409253 15.769533333
1571665393 15.877540028
1571665587 15.307987495
1571665783 15.411509169
1571668399 15.444941841
1571668603 15.550118244
1571668797 15.666865496
1571752466 16.040528789
1571752671 15.554537063
1571752866 16.294278129
1571753061 15.678645561
1571753653 15.77115704
1571753850 15.334411097
1571760406 15.315364479
1571760607 15.897357038
1571760803 15.456272114
1571761412 15.816927425
1571761607 15.440273156
