1569850029 9.473026441
1569850233 9.461910442
1569850029 9.473026441
1569850233 9.461910442
1569850785 14.664469316
1569851047 9.351614471
1569851253 9.331182399
1569851602 9.507838489
1569851815 9.855873262
1569852044 9.664863094
1569852268 9.81400661
1569852507 7.942965794
1569853115 19.103064917
1569853431 11.72390154
1570543153 9.407180501
1570543515 9.381863595
1570543725 9.491861884
1570544642 9.352702611
1570544901 9.492435243
1570545102 9.487294954
1570545319 9.410554969
1571323026 9.501826906
1571325144 9.514574658
1571325340 9.550633195
1571325545 9.471599258
1571325746 9.50189978
1571325942 9.379199618
1571326149 10.730588677
1571326834 9.44345183
1571327049 9.363603743
1571327259 9.59794514
1571395935 9.453627969
1571396133 9.471732879
1571396328 9.383534578
1571396528 9.557119831
1571396727 9.535923905
1571396953 9.140056387
1571397158 9.184706645
1571397359 9.512858275
1571397556 9.442097506
1571397753 9.383012737
1571405002 9.225214798
1571405200 9.199739898
1571405397 9.347849987
1571405626 9.402717755
1571405830 9.406864466
1571409048 9.453087369
1571409250 9.480382629
1571409451 9.320720125
1571409668 9.459560122
1571409866 9.384813176
1571664434 9.149397282
1571664981 9.344522654
1571665178 9.249656685
1571665390 9.396940514
1571665584 9.25382034
1571665780 9.268916383
1571668197 9.489945137
1571668395 9.143701331
1571668600 9.067942925
1571668794 9.25165189
1571668995 9.382461312
1571752068 9.30517177
1571752263 9.200051565
1571752462 9.154762149
1571752667 9.323059841
1571752863 9.157924589
1571753058 9.350345835
1571753255 9.3754673
1571753452 9.395457149
1571753650 9.384066194
1571753847 9.234563152
1571760205 9.516081784
1571760402 9.214627368
1571760604 9.350365974
1571760800 9.272184902
1571761002 9.422650646
1571761210 9.387793989
1571761409 9.422009602
1571761604 9.314544253
1571761800 9.288332603
1571762008 9.288918748
1572003310 9.480702098
1572003507 9.471434643
1572003702 9.320497599
1572003900 9.226790979
1572004097 9.430241393
1572004293 9.213557693
1572004487 9.623892968
1572004686 9.214478634
1572004888 9.352304421
1572005087 9.138215533
1572011288 9.250330442
1572011485 9.475868711
1572011680 9.197012401
1572011878 9.34886484
1572012074 9.367684147
1572012272 9.264256779
1572012466 9.291553364
1572012660 9.483255866
1572012855 9.393407823
1572013050 9.313282024
1572265109 9.389789305
1572265306 9.273567919
1572265505 9.562952699
1572265703 9.503727223
1572265908 9.365790842
1572266110 9.489641831
1572266307 9.348426555
1572266508 9.624098321
1572266706 9.463786424
1572266909 8.973840364
1572274167 7.339610697
1572274340 7.463319863
1572274509 7.538914121
1572274681 7.54579488
1572274849 7.648764398
1572275018 7.582170428
1572275191 7.596057195
1572275366 9.249272847
1572275536 7.509701996
1572275709 7.549227909
1572361322 12.119452172
1572361520 9.639910882
1572361715 9.201193675
1572361910 9.076486411
1572362109 9.317767814
1572362302 9.401112316
1572362499 9.265426246
1572362698 9.361804502
1572362893 9.424231922
1572363089 9.540595782
1572366958 7.504299775
1572367126 7.512797055
1572367298 7.500344394
1572367464 7.502170886
1572367647 7.496579219
1572367824 7.542585964
1572367993 7.375103874
1572368162 7.503921869
1572368329 7.370455353
1572368494 7.521163153
1572532440 9.440848624
1572532641 9.33727106
1572532845 9.985678728
1572544546 7.5906998
1572544714 7.555034658
1572544886 7.468736048
1572545058 7.507751847
1572545231 7.46464434
1572870060 7.686373514
1572870278 7.502719436
1572870460 7.49886719
1572870681 7.588545599
1572870850 7.603422503
1572965440 7.376460793
1572965607 7.495638208
1572965775 7.511415195
1572965943 7.557468992
1572966115 7.551338987
1572966281 7.666048496
1572966453 7.525437976
1572966636 7.529375949
1572966816 7.499359661
1572966980 7.599860826
1573207087 7.570704691
1573207255 7.568723963
1573207424 7.592212826
1573207589 7.661840999
1573207760 7.558514962
1573207927 7.516964528
1573208094 7.560661069
1573208259 7.673224683
1573208427 7.780967328
1573208593 7.515794551
1573220328 7.529646608
1573220496 7.408919528
1573220663 7.681183108
1573220832 7.670386708
1573221000 7.679743429
1573221167 7.485437894
1573221331 7.506432495
1573221501 7.721090878
1573221668 7.598560952
1573221837 7.63647277
1573222026 7.482522447
1573222197 7.336849951
1573222363 7.448407253
1573222529 7.551186948
1573222699 7.77933392
1573301177 7.549307382
1573301346 8.219396374
1573301527 7.914469856
1573301695 7.918965064
1573301881 7.865324905
1573302061 7.934313586
1573302229 7.736673832
1573302403 7.725298912
1573302572 8.459506254
1573302755 7.843818611
1573303890 7.251597047
1573304054 7.104086782
1573304215 7.338712531
1573304381 6.874865922
1573304540 7.720057348
1573304707 7.126188711
1573304865 7.12908515
1573305026 7.265753818
1573305187 6.876942075
1573305347 7.51429412
1573752519 6.86212752
1573752777 6.820211684
1573752936 6.92150043
1573753095 6.754684394
1573753252 6.64752949
1573753408 6.699478328
1573753566 6.889440448
1573753719 6.785542545
1573753881 6.769265969
1573754701 6.573186068
1573754861 6.826515978
1573755022 6.968981881
1573755188 6.780106946
1573755351 6.797550977
1573755508 6.692567033
1573755663 6.692369578
1573755821 6.74684775
1573755979 6.704957941
1573756138 7.119212329
1573831444 6.798617273
1573831603 6.688919559
1573831761 7.315881278
1573831933 6.852644004
1573832085 6.676993552
1573832247 6.619051956
1573832404 6.757665019
1573832568 6.803582546
1573832723 6.741111116
1573832879 6.968816775
1573833074 6.911819403
1573833230 6.766937304
1573833394 6.557551646
1573833551 6.726877991
1573833709 6.865581159
1573901083 6.81967231
1573901241 6.692054759
1573901397 6.767546994
1573901553 6.788548155
1573901714 6.761712399
1573901868 6.924086349
1573902023 6.876036558
1573902181 6.808247612
1573902338 6.769472656
1573902494 6.945661285
1574685813 6.835894892
1574686006 6.839089681
1574686174 6.710887452
1574686336 6.755542844
1574686494 6.737314119
1574686659 6.879029842
1574686823 6.829877044
1574687010 6.644445387
1574687184 6.898953581
1574687348 7.042324572
1574689678 6.683940076
1574689894 6.989335154
1574690063 6.676871854
1574690232 6.714532812
1574690403 6.782151795
1574690562 6.972690131
1574690734 6.911809833
1574690892 6.781570391
1574691077 6.867658034
1574691256 6.905747251
1574706878 6.990138419
1574707120 6.899889382
1574954223 7.001612345
1574954388 6.699758837
1574954564 6.81885905
1574954728 6.83430707
1574954911 7.539770201
1574955069 6.808883493
1574955327 6.74429177
1574955487 6.743775137
1574955645 6.788071462
1574955807 6.859832983
1575026555 6.816779975
1575026716 6.61802589
1575026877 7.002110828
1575027037 6.824191264
1575027201 6.884761988
1575027363 6.755650169
1575027529 6.673491764
1575027685 6.972337533
1575027850 6.814946109
1575028014 6.933996406
1575112870 6.844085193
1575113035 6.919730271
1575113193 6.751026426
1575113355 6.841839822
1575113513 7.016966875
1575113672 6.794984053
1575113829 6.854860687
1575113987 6.82760577
1575114151 6.791736062
1575114311 6.839747705
1575289800 6.887879591
1575289967 6.946247544
1575290135 6.843325368
1575290322 7.246526365
1575290491 6.841985904
1575290667 6.810416458
1575290832 7.172457701
1575290989 6.912133112
1575291152 6.792514939
1575291313 6.971252756
1575384201 6.860035472
1575384361 6.937883174
1575384522 6.678334315
1575384681 6.954667235
1575384844 6.915785569
1575385003 6.786040246
1575385163 6.741564605
1575385322 6.623396788
1575385486 6.746095268
1575385646 6.944434862
1575556583 6.797552471
1575556744 6.689238378
1575556916 6.745771129
1575557101 6.783684055
1575557271 6.899802312
1575557454 6.8258938
1575557630 6.927649557
1575557803 6.811503479
1575558262 6.832419379
1575558448 6.879529011
1579184081 6.95877846
1579184796 7.036527686
1579184957 6.894471687
1579185121 6.76531521
1579185294 6.959667084
1579185473 7.016351165
1579185655 6.788476053
1579185834 6.747550129
1579186023 6.841424839
1579186194 6.739299339
1579351811 6.915875642
1579351978 6.805882749
1579352138 6.758292914
1579352299 6.900118826
1579352462 6.931260295
1579352626 6.85554403
1579352783 6.905432436
1579352945 6.86819553
1579353108 6.77854357
1579353981 7.135648886
1579522899 6.853387751
1579523103 6.763867459
1579523294 6.866822552
1579523458 6.842937543
1579523632 6.928318042
1579523813 6.900541996
1579523995 6.81680689
1579524183 6.968072917
1579524350 6.821538435
1579524518 6.882381678
1579537504 6.80737153
1580215360 7.597066844
1580215547 6.66260853
1580215711 6.86361978
1580215870 6.80297356
1580216031 6.876467489
1580216193 6.781320215
1580216352 6.873391485
1580216516 6.887238933
1580216675 7.061734683
1580216857 6.887942115
1580304765 6.940757293
1580304922 6.73108127
1580305084 6.761945376
1580305245 6.96146593
1580305428 6.815847139
1580305591 6.839994884
1580305753 6.915558849
1580305910 6.799422191
1580306065 6.823836318
1580306226 7.089995907
1581935266 6.929126363
1581935423 6.737231759
1581935585 6.523401535
1581935751 6.723797384
1581935918 6.890765438
1581936089 6.746095844
1581936260 6.670507781
1581936423 6.716367213
1581936582 6.834913604
1581936758 6.828904197
1582026940 7.282829067
1582027102 6.598269847
1582027267 7.933817519
1582027434 7.887030882
1582027847 6.633896693
1582028012 7.590537546
1582028179 6.829825862
1582028347 7.890860826
1582028516 8.04088627
1582028685 8.106374913
1582113155 8.275136379
1582113322 6.562492167
1582113486 7.362102118
1582113653 6.797463779
1582113820 7.780295878
1582113995 7.765041904
1582114157 7.576597113
1582114320 7.787809982
1582114486 6.514606955
1582114650 7.869147225
1582114813 6.666878354
1582114980 7.890177951
1582115141 7.249341046
1582115309 7.752233377
1582115472 7.787504909
1582115635 7.577946999
1582115799 6.611430898
1582115961 7.857831274
1582116142 7.726990609
1582116358 6.532131683
1582116534 7.434985325
1582116699 6.891521653
1582119019 7.757445672
1582119181 6.467926057
1582119352 7.588206733
1582119527 8.035742719
1582119703 7.829436249
1582119866 6.31646746
1582120039 7.927953353
1582120214 6.783515783
1582120935 6.475488855
1582121101 6.894573396
1582121344 7.75863784
1582121507 6.900303488
1582125249 7.574417098
1582125689 7.697315946
1582125893 7.072434266
1582126060 6.493858769
1582126228 7.023265635
1582126390 6.547091284
1582126557 7.552024815
1582126720 7.801251652
1582126884 7.289167054
1582127046 6.479918171
1582127209 7.652088204
1582127378 7.851665787
1582127544 7.429539321
1582127707 7.855485958
1582127871 7.788815006
1582128031 8.013691044
1582128198 7.371822034
1582128376 7.619666006
1582128539 7.651125063
1582128702 7.335885296
1582128867 7.497430774
1582129035 7.075293118
1582129202 7.388270072
1582129361 6.963903846
1582129522 7.846795824
1582129686 6.975551172
1582185109 7.840377038
1582185290 7.79630749
1582186023 6.740483575
1582186183 6.887334509
1582186918 6.90293311
1582187879 6.818073974
1582188038 9.020278362
1582188198 6.878269186
1582188358 6.712017739
1582193809 6.859804004
1582193973 6.692205799
1582194137 6.703333885
1582194293 6.763826675
1582194454 6.855353843
1582194618 6.844533069
1582194781 6.787152247
1582194948 6.551568197
1582195108 6.700803318
1582195272 6.908023589
1582195766 6.794177234
1582195924 6.778807411
1582196082 6.873162334
1582196242 6.742400708
1582196401 6.763224352
1582196560 6.779413061
1582196718 6.839549389
1582196878 6.827362586
1582197041 6.852813255
1582197207 6.766599835
1582197363 6.84073912
1582197529 6.805063909
1582197700 6.832548346
1582197858 6.77409588
1582198017 6.715180127
1582198173 6.751393206
1582198335 6.827205195
1582198493 6.763068781
1582198772 6.575273937
1582199124 6.908085584
1582631429 6.809141763
1582631590 6.786794506
1582631746 6.852067248
1582631902 6.792749694
1582632060 6.731159039
1582632217 6.822566635
1582632376 6.819903219
1582632539 6.824066784
1582632700 7.070127499
1582632860 6.804380706
1582884560 6.824754392
1582884737 6.918125418
1582884906 6.775275334
1582885070 6.838314442
1582885234 6.728922084
1582885397 6.623122666
1582885555 6.96404505
1582885717 6.769950344
1582885883 6.745569456
1582886040 6.835245826
1574707120 6.899889382
