1569853951 4.399682627
1569854978 4.181016616
1569855527 4.451565527
1569856547 3.49618706
1570447372 4.10059428
1570448204 4.191992257
1570449159 4.278862368
1570449586 4.181351528
1571323572 4.344283656
1571323975 4.221708321
1571324373 4.380181216
1571324765 4.210173568
1571327695 4.402178465
1571328086 4.166924972
1571328478 4.100173363
1571328868 4.251285333
1571329260 4.527800263
1571329649 4.31259749
1571330627 4.366627727
1571398199 4.167619526
1571398595 4.276271442
1571398987 4.371462409
1571399379 4.276306019
1571399771 4.235788609
1571400167 4.320346742
1571400588 4.290198853
1571400986 4.269652878
1571401381 4.283403401
1571401771 4.360224606
1571407151 4.095326248
1571407544 4.341244428
1571407934 4.219322935
1571408324 4.424573125
1571408717 3.284646018
1571666209 4.244311895
1571666600 4.100296016
1571666993 4.105436347
1571667383 4.265806313
1571667828 4.447648099
1571669479 4.027491705
1571669872 4.446247116
1571754389 4.523990632
1571754781 4.307017296
1571755181 4.468693025
1571755583 4.13800239
1571756003 4.484463776
1571756813 4.157285239
1571757250 4.52223061
1571757668 4.284198766
1571758065 4.32881591
1571758457 4.21515039
1571758853 4.100647184
1571762460 4.260664732
1571762859 4.220596736
1571763250 4.395155655
1571763640 4.349174289
1571764033 4.272593019
1571764459 3.964923778
1571764850 4.35375235
1571765240 4.187567704
1571765631 4.441145652
1571766020 4.199608546
1571766989 4.183069997
1572007348 4.340005936
1572007743 4.05564677
1572008252 4.22486602
1572008654 4.23793453
1572009048 4.443142789
1572009438 4.315206559
1572009829 4.384647974
1572010220 4.25467974
1572010616 4.30001433
1572011006 4.317043269
1572013569 4.384621454
1572013962 4.352631647
1572014355 4.040783591
1572014744 4.325870305
1572015133 4.422008789
1572268298 4.187705683
1572269191 4.109240086
1572269606 15.502454006
1572270021 4.211493805
1572270821 4.00668229
1572271347 4.887448312
1572272523 3.483579894
1572272859 3.520357013
1572273191 3.452604514
1572273538 3.448641736
1572273873 3.433411704
1572276294 3.479627654
1572276631 5.934610205
1572276964 3.459405859
1572277295 3.41614632
1572277630 3.299155047
1572277989 3.454979139
1572278321 3.451963974
1572278652 3.418014859
1572363711 3.50190781
1572364041 3.458335668
1572364372 3.29160695
1572364704 3.416415729
1572365039 3.190905092
1572365376 2.831523529
1572365754 3.458329298
1572366135 3.544037694
1572366468 3.296552718
1572366801 3.40954835
1572369830 3.120772382
1572370159 3.403727143
1572370491 3.345143058
1572370822 3.492668137
1572371151 3.625141905
1572371483 3.372633111
1572371814 3.446996156
1572372143 3.401595332
1572372472 3.408761726
1572372805 3.423773664
1572533817 3.366282763
1572534171 3.486742326
1572534518 3.458892873
1572534849 3.409856517
1572535198 3.518354613
1572535529 3.454950349
1572535858 3.44669444
1572536194 3.423347848
1572536558 3.495331434
1572536894 3.654044413
1572537816 3.416509072
1572538469 3.317967418
1572539125 3.401340065
1572539778 3.329174683
1572540433 3.465995492
1572541337 3.288890983
1572541986 3.40812689
1572542634 3.406973066
1572543279 3.491697299
1572543953 3.324232718
1572871702 3.417291462
1572872350 3.338992307
1572873031 3.420391519
1572873681 3.601390576
1572874352 3.556085603
1572875404 3.453086172
1572876310 3.338256
1572877483 3.52011037
1572878139 3.413881218
1572879381 3.499231404
1572880013 3.435988307
1572880441 3.4528597
1572880776 3.544896309
1572881126 3.451093997
1572881458 3.415587287
1572881793 3.391697066
1572882123 3.383487175
1572882844 3.616977751
1572883196 3.356377485
1572968754 4.232684726
1572969728 3.239257987
1572971039 3.510044463
1572971699 3.389840587
1572972361 3.573897412
1572973072 3.322820083
1572974376 3.541431275
1572975032 3.551312024
1572975431 3.389427341
1572975762 3.655290667
1572976133 3.413917099
1572976512 3.381256075
1572976843 3.259517922
1572977174 3.487090829
1572977536 3.411639842
1572977865 3.369104163
1572978254 3.460055399
1573209312 3.71275996
1573209979 3.444531241
1573210642 3.414242384
1573211311 3.414928364
1573211967 3.505855814
1573212616 3.483977381
1573213269 3.453187157
1573213935 3.441283439
1573214593 3.491458827
1573215254 3.583472116
1573218458 3.419953159
1573218792 3.590772795
1573218970 3.283306398
1573306693 2.736172731
1573307016 3.319647429
1573307352 3.245747881
1573307669 3.203245507
1573307988 3.183260354
1573308305 3.09310606
1573308636 3.130121756
1573308956 3.374452085
1573309278 3.160152021
1573309607 3.278856483
1573310753 3.157526635
1573311368 3.334332252
1573311986 3.451080528
1573312685 3.071556378
1573313304 3.151313765
1573313927 3.258358689
1573314555 3.217721759
1573315247 3.280178863
1573741886 2.952917592
1573742004 3.222708691
1573743637 3.156918642
1573743738 2.979503913
1573743836 3.047911873
1573743936 2.99060408
1573744034 2.956118605
1573744228 3.303885173
1573744326 2.962580119
1573744513 3.03556601
1573744620 2.941561098
1573744833 3.263939606
1573744970 3.156638411
1573745067 3.290753832
1573745251 2.942960816
1573745347 2.992591715
1573745449 3.026963713
1573745547 2.631799899
1573745649 3.278742525
1573745746 3.034699367
1573745850 2.906501554
1573745947 2.652261317
1573746044 3.06412968
1573746144 3.199942413
1573746243 2.834758695
1573746342 3.248753868
1573746444 2.943057686
1573746541 2.917148754
1573746636 3.202494044
1573748957 2.988157241
1573749155 3.28667239
1573749266 2.876832783
1573749364 3.131708604
1573749499 3.03993739
1573749598 3.084773339
1573749697 3.159925771
1573749797 3.16562679
1573749893 3.287082459
1573828217 2.923758577
1573828526 3.293171072
1573829137 3.342662966
1573829441 3.164435471
1573829822 2.983771287
1573830310 3.200471008
1573830619 3.165132715
1573830925 3.149207039
1573831230 3.045702756
1573902864 3.14119668
1573903176 3.181599351
1573903491 3.11630966
1573903800 3.263251664
1573904109 3.247329183
1573904417 3.235668379
1573904600 4.339568182
1574688189 3.123465305
1574689328 3.192878735
1574692201 3.028221931
1574693430 3.044699996
1574693748 2.966814241
1574694078 2.828553728
1574694507 3.664419259
1574694824 2.910662669
1574694934 4.070943676
1574695377 3.07345728
1574697331 3.075400116
1574707344 3.105986235
1574708608 2.913846297
1574709178 3.175109806
1574710522 3.631037377
1574950975 3.377489364
1574952032 2.999614301
1574952346 3.159609434
1574957173 2.948263271
1574957767 3.159907281
1574958944 2.824094676
1574959553 3.144213201
1574961384 3.132720785
1575028376 3.144647984
1575028685 3.031151665
1575029021 3.123968773
1575029337 2.883319615
1575029957 3.212812738
1575036764 2.858779641
1575037324 3.678189243
1575115276 2.90513407
1575115900 3.451673527
1575116211 3.07105662
1575116831 2.910535918
1575120723 2.782169552
1575121283 2.699213115
1575122284 3.084909967
1575122902 3.462160978
1575125140 3.052576556
1575295282 2.979346237
1575296862 2.825511056
1575297201 3.232096025
1575298030 3.18631139
1575302319 3.384560542
1575386693 3.102951944
1575387097 3.301404609
1575387716 3.324429121
1575388024 3.233906225
1575392451 2.904878567
1575393067 3.165139977
1575394777 2.902282574
1575395340 2.719989265
1575395905 3.12142532
1575397209 10.055742313
1575397492 6.024769644
1575398053 11.065714261
1575398294 13.040384518
1575473803 3.583229322
1575474307 4.486512364
1575474591 3.203793272
1575558831 2.74612237
1575560488 2.906783058
1575560822 2.768812801
1575561695 3.293665347
1575562050 3.495283889
1575568329 2.858663413
1579186924 2.799473702
1579188371 3.453633288
1579189909 3.138327813
1579190627 4.067321099
1579193120 3.164898407
1579193707 2.947249785
1579354954 3.160004319
1579355880 2.957908437
1579356185 3.069804419
1579356797 2.966704191
1579360341 3.176037129
1579361454 3.336827136
1579363125 2.955230538
1579364255 2.889007668
1579524946 2.969922966
1579525288 3.126353453
1579526323 3.026181944
1579530808 2.918744295
1579532437 2.867021799
1579533195 3.17202226
1579535693 2.891079928
1579536772 2.847485164
1579537341 2.783882373
1580218074 3.044696451
1580218403 2.633605879
1580219086 2.808525838
1580219773 3.511549327
1580222487 3.245959613
1580222801 2.728351553
1580223111 3.113733471
1580225180 3.252846009
1580227489 2.549000265
1580228635 2.723963185
1580229197 3.343187769
1580307413 3.003702982
1580307889 3.033560921
1580308200 3.277006036
1580310718 2.902705318
1580311650 2.897766064
1580313202 3.291860809
1580314721 3.197913575
1580315278 2.931506477
1580316414 3.297074746
1580317111 2.948289654
1580317700 2.895270842
1581937095 2.995835413
1581937407 3.284307073
1581937750 2.997261881
1581938073 3.160200131
1581938393 3.044807383
1581938718 3.236375002
1581939020 2.782732897
1581939364 2.675571999
1581939690 2.893742278
1581939988 2.892086896
1581942764 2.691370775
1581944341 3.014232101
1581945288 2.899629233
1581946807 3.100874576
1581947703 3.27753365
1581949418 3.67253856
1582027671 3.048234232
1582030508 3.323508267
1582030815 3.615938251
1582031759 3.636682538
1582033345 3.076313553
1582035120 3.234146459
1582035993 3.478833739
1582036596 3.256351974
1582037803 3.183848748
1582038398 3.438413158
1582038986 3.111620029
1582041902 3.488922255
1582042652 3.285772964
1582044101 3.803738248
1582045006 3.204156083
1582045307 3.083955916
1582045603 3.161784107
1582046212 3.342164137
1582120561 3.444257581
1582120786 4.096305128
1582186435 4.192715366
1582189528 2.975768251
1582191000 3.097536992
1582191292 3.053666679
1582191588 3.065191153
1582191883 2.940984497
1582192171 2.943017308
1582192471 2.841312689
1582192760 3.000234568
1582193048 2.908232439
1582193343 2.740312332
1582635110 2.768296571
1582635678 3.032166722
1582635963 3.018450535
1582636250 2.943529708
1582636536 3.238738834
1582637127 3.846048912
1582637422 3.250143003
1582638285 2.815825645
1582638846 2.943406959
1582640513 2.900710632
1582641099 3.001485477
1582641660 2.639544712
1582642233 2.900317816
1582642799 3.024418469
1582643374 3.036526696
1582886361 3.252492026
1582887237 2.955986484
1582887523 3.327473636
1582887818 2.829305718
1582888102 3.232268807
1582888390 3.052539985
1582888679 2.858048426
1582889038 2.90735483
1582899141 2.956219991
1582899706 2.999799683
1582900830 3.01049762
1582903150 4.111120837
