1569854442 7.783499599
1569855852 7.669028112
1571330141 7.508503061
1571766497 7.454138705
1571767279 7.255560021
1572537404 6.110684073
1572538061 6.113366047
1572538721 6.10820562
1572539374 6.077236012
1572540020 6.00407564
1572540926 5.931227122
1572541580 6.262896073
1572542229 6.153216397
1572542876 6.016199685
1572543541 5.873246368
1572871295 6.022140678
1572871945 6.124485884
1572872622 6.051452502
1572873275 6.136751191
1572873928 5.96918127
1572874990 6.218360116
1572875851 6.111846664
1572877077 6.016251312
1572877726 6.126949735
1572878954 5.998727209
1572967362 5.921268171
1572968018 6.062010526
1572969321 5.800137974
1572969981 5.875701717
1572970631 6.16010243
1572971281 7.914493717
1572971944 6.136965126
1572972604 5.913858664
1572973317 5.697353326
1572973970 6.164183028
1572974621 6.087997301
1573208903 5.984544712
1573209558 6.121880875
1573210233 6.165712899
1573210903 6.079873678
1573211559 5.860131056
1573212208 6.223177413
1573212860 6.000148889
1573213511 6.073499268
1573214182 5.963437459
1573214838 6.026347541
1573310361 5.816994408
1573310983 5.630971062
1573311598 5.768284365
1573312303 5.692949012
1573312912 5.672151923
1573313540 5.784164642
1573314172 5.747047059
1573314787 5.744052377
1574696396 5.514815211
1574696976 5.586335667
1574697567 5.735648603
1574698141 5.603074589
1574698727 5.450991904
1574709511 5.662869253
1574710797 5.61463217
1574956150 5.629326468
1574956810 5.670777433
1574957413 5.431305728
1574957990 5.990432315
1574958583 5.804745109
1574959172 5.506261508
1574959774 5.564995972
1574960353 5.8364356
1574960965 5.594449112
1574961601 5.592177096
1575033074 5.352203948
1575033642 5.628245928
1575034233 5.57415454
1575034799 5.571747186
1575035371 5.541497204
1575036393 5.61353727
1575036970 5.462138831
1575037529 5.450035177
1575038532 5.38422298
1575039101 5.446134392
1575120364 5.600241316
1575120927 5.470030705
1575121488 5.470532318
1575122551 5.671795022
1575123108 5.709557198
1575123667 5.309787544
1575124223 5.369610216
1575124790 5.581539646
1575125347 5.818587746
1575125917 5.613805459
1575297663 5.468649828
1575298243 5.33908977
1575298811 5.430782362
1575299388 5.551774832
1575299961 5.587367959
1575300580 5.514580683
1575301151 5.472616868
1575301962 5.367479074
1575390148 5.904129592
1575390716 5.699639085
1575391285 5.76340324
1575391849 5.891114528
1575392658 5.690650558
1575393294 5.659705776
1575393855 5.62693006
1575394421 5.794522478
1575394984 5.659504142
1575395547 5.715793893
1575562383 5.284201178
1575563080 5.600817834
1575563728 5.27883824
1575564324 5.436346373
1575564908 5.315699732
1575565474 5.294105333
1575566042 5.647490038
1575566628 5.50831967
1575567947 5.451908485
1575568553 5.645854381
1579191001 5.685371661
1579191615 5.639883117
1579192180 5.485542499
1579192760 5.868916142
1579193324 5.544186301
1579193915 5.891700364
1579194483 5.457457184
1579195049 5.493039441
1579195640 5.419029659
1579196202 5.691919366
1579359409 5.459377022
1579359983 5.661344032
1579360546 5.519324117
1579361103 5.253905598
1579361659 5.329805667
1579362213 5.687396838
1579362768 5.690086077
1579363334 5.440039439
1579363901 5.634504713
1579364460 5.92359423
1579530379 5.450865459
1579531025 5.359516378
1579532065 5.632942331
1579532767 5.596889272
1579533436 5.507524237
1579534036 5.765723576
1579534722 5.603043779
1579535333 5.758674295
1579535928 5.621455401
1579536985 5.483753448
1580223710 5.722658854
1580224270 5.67306689
1580224825 5.821069077
1580225389 5.547470851
1580225950 5.55271884
1580226533 5.68654011
1580227101 5.755077013
1580227699 5.781031502
1580228280 5.684527568
1580228840 5.374139604
1580312270 5.574967265
1580312850 5.563746965
1580313405 5.600309361
1580314369 5.713884031
1580314927 5.536474083
1580315484 5.733418935
1580316046 5.429728806
1580316748 5.51381425
1580317336 10.713492689
1581942406 5.775183794
1581943610 5.556230386
1581944899 5.875001101
1581945876 5.645661867
1581946450 5.512062364
1581947017 5.56836647
1581947938 5.866445514
1581949032 5.650208649
1582033990 6.028350547
1582035608 6.471890102
1582036216 5.371425901
1582036820 7.271426486
1582037425 6.207245519
1582038021 5.922303426
1582038617 6.078023827
1582041512 6.066822723
1582042120 6.094318993
1582043711 6.349938723
1582044322 5.303700723
1582637932 5.672871603
1582638492 5.824226806
1582639566 5.640758186
1582640744 5.625801642
1582641303 5.748583906
1582641874 5.384602071
1582642442 5.837146179
1582643017 5.785529476
1582643619 5.747924444
1582644175 5.432052214
1582898774 5.742979502
1582899346 5.873584238
1582899914 5.848040016
1582900477 5.499889753
1582902135 5.671279238
1582902781 6.097201036
1582903378 5.586064314
1574710797 5.61463217
