1569854521 5.434995052
1569855952 5.166966189
1571330218 5.392136551
1571766574 5.578801049
1571767356 5.378397133
1572537468 4.332629533
1572538124 4.265034812
1572538784 4.507605035
1572539437 4.284348236
1572540084 4.432064634
1572540989 4.345119071
1572541643 4.351249265
1572542292 4.429573024
1572542939 4.39576468
1572543604 4.425700465
1572871358 4.239100162
1572872008 4.395699177
1572872685 4.479927828
1572873338 4.340291863
1572873992 4.176471809
1572875053 4.268667598
1572875915 4.418818501
1572877140 4.604406611
1572877789 4.38620878
1572879034 4.637234228
1572967425 4.471344347
1572968081 4.431848853
1572969384 4.357916544
1572970044 4.474691829
1572970695 4.417264989
1572971347 4.69036432
1572972010 4.337647743
1572972667 4.402159734
1572973384 4.515053388
1572974033 4.356879967
1572974685 4.431268865
1573208968 4.263091152
1573209624 4.407807167
1573210298 4.343915234
1573210966 4.480189299
1573211625 4.378930872
1573212273 4.460895065
1573212924 4.282300377
1573213574 4.563718821
1573214247 4.443369242
1573214903 5.839995012
1573310421 4.16172963
1573311042 4.149662518
1573311657 3.996296594
1573312362 4.14520335
1573312972 4.256739331
1573313599 3.963734346
1573314232 4.019716926
1573314845 3.965197905
1574696454 4.256995185
1574697034 4.011773234
1574697625 3.795172029
1574698199 3.89321014
1574698784 4.039396981
1574709570 3.924318988
1574710856 4.017208125
1574710856 4.017208125
