1569854690 5.728127243
1569856301 5.510059648
1571330352 6.314233731
1571766709 6.355348764
1571767492 6.366998809
1572537581 6.748083444
1572538235 6.842640994
1572538894 6.882349246
1572539548 5.885640454
1572540195 6.226817758
1572541100 6.387980929
1572541754 6.146116016
1572542402 6.768122984
1572543050 5.968513272
1572543714 6.116353244
1572871468 6.070972372
1572872120 5.874199193
1572872797 6.121087484
1572873449 6.065242955
1572874107 5.779053328
1572875171 6.108599805
1572967536 6.222175905
1572968194 7.391182877
1572969494 6.146682006
1572970156 6.034513362
1572970806 6.067144101
1572971467 7.512622333
1572972129 6.016496265
1572972778 6.022995834
1572973494 6.070654538
1572974144 5.878469932
1572974796 11.689893306
1573209078 5.915875921
1573209734 21.019396769
1573210409 5.90338263
1573211077 6.147365195
1573211735 7.682438974
1573212384 5.957892985
1573213037 6.144416217
1573213686 5.917353409
1573214358 7.556243273
1573215016 6.218855801
1573310529 5.850729109
1573311146 5.93184129
1573311759 6.051852142
1573312465 5.871206991
1573313080 6.156169073
1573313706 5.871706252
1573314334 6.800463639
1573314949 5.704219624
1574696556 6.500309601
1574697137 5.849008066
1574697728 5.77590692
1574698300 6.579758189
1574698888 6.02127058
1574709700 6.051417378
1574710959 5.247700767
1574710959 5.247700767
