1569849920 5.771397512
1569850124 5.435884923
1569849920 5.771397512
1569850124 5.435884923
1569850934 5.937157985
1569851143 5.755866748
1569851489 6.403693131
1569851700 5.564001322
1569851929 5.547408511
1569852158 5.912768788
1569852396 5.633740463
1569852613 5.942317173
1569853003 5.801541566
1569853316 5.46519107
1569853554 7.923065658
1569854196 5.98232714
1569855155 5.707880952
1570446927 5.639686543
1570448019 5.466898136
1570448747 5.337131631
1570449216 5.533722908
1570449642 6.637310376
1570543042 5.835980634
1570543401 5.628815601
1570543605 5.916809237
1570544534 5.681492432
1570544735 5.249439233
1570544995 5.463232501
1571322914 5.676777421
1571323235 5.795116301
1571323629 5.691498066
1571324031 5.499763157
1571324430 5.643216396
1571325036 5.820438597
1571325233 5.612567434
1571325433 5.617094231
1571325637 5.660723894
1571325836 5.673964839
1571326036 5.695787045
1571326727 5.58545545
1571326939 5.597162343
1571327146 5.649411144
1571327361 5.837283136
1571327751 5.712451209
1571328142 5.698817903
1571328533 5.592480201
1571328924 5.64477576
1571329316 5.589549278
1571329908 5.824419302
1571395828 5.646451103
1571396025 5.553496836
1571396222 5.623059873
1571396420 5.743126093
1571396618 5.831087761
1571396817 5.871027649
1571397047 5.625959464
1571397251 5.586878761
1571397449 5.894742441
1571397647 5.524123453
1571397865 5.680354136
1571398258 5.543664378
1571398653 5.602423582
1571399043 5.751586522
1571399435 5.542140716
1571399831 5.629495494
1571400224 5.629034791
1571400646 5.515749465
1571401045 5.751640904
1571401437 5.633917431
1571404894 5.621002154
1571405094 5.676190221
1571405290 5.684117567
1571405491 5.699661117
1571405723 5.651989622
1571406818 5.565296916
1571407207 5.755205146
1571407601 5.723402134
1571407989 5.683157912
1571408381 5.760648096
1571408912 5.716422636
1571409143 5.585162206
1571409344 5.646474234
1571409543 5.732292728
1571409759 5.924729019
1571664326 5.630117206
1571664870 5.77694011
1571665074 5.662881204
1571665285 5.436884672
1571665478 5.626765036
1571665673 5.850438083
1571665874 5.435449884
1571666265 5.639358411
1571666656 5.710469717
1571667049 5.660536051
1571667485 5.903270957
1571668092 5.415695093
1571668291 5.382022163
1571668485 8.289548315
1571668689 5.539213937
1571668885 5.868293862
1571669138 5.759981954
1571669537 5.654799304
1571751962 5.711767947
1571752157 5.088857644
1571752356 5.631979183
1571752561 5.651447553
1571752756 5.656553943
1571752952 5.880175627
1571753150 5.705165671
1571753347 5.618756579
1571753544 5.676897346
1571753740 5.667817647
1571754049 5.607646463
1571754445 5.844902113
1571754838 5.748403993
1571755242 5.499094778
1571755805 5.678363273
1571756475 5.675794063
1571756886 5.560744626
1571757335 5.380540765
1571757724 5.65643413
1571758124 5.610560253
1571758514 5.600774144
1571760098 5.705202353
1571760294 5.603929696
1571760496 5.631899584
1571760694 5.780020707
1571760893 5.66921921
1571761105 5.735158009
1571761304 5.526731844
1571761499 5.38911674
1571761694 5.720250678
1571761894 5.894013248
1571762128 5.852997049
1571762518 6.53902019
1571762917 5.566859714
1571763306 5.589204729
1571763697 5.765526303
1571764101 6.08058458
1571764514 5.808011392
1571764907 5.576196498
1571765295 5.524859377
1571765686 6.019986397
1571766263 5.894073127
1571767046 5.698745467
1572003205 5.587271245
1572003400 5.733179598
1572003598 5.56963752
1572003796 5.732036848
1572004186 6.188379382
1572004381 5.696695713
1572004581 5.639788389
1572004783 5.504651849
1572004981 5.659503058
1572006272 5.610081077
1572007010 5.751529948
1572007404 5.887972746
1572007897 5.614500712
1572008307 5.736740681
1572008711 5.577680715
1572009105 5.314048489
1572009494 5.384834735
1572009886 5.686161103
1572010281 5.454928086
1572010672 5.757153464
1572011183 5.66772571
1572011379 5.703528953
1572011573 5.777466144
1572011772 6.116054656
1572011969 5.606548856
1572012167 5.579154653
1572012362 5.82422193
1572012556 5.648395257
1572012750 5.472431224
1572012944 5.515180972
1572013233 5.468096012
1572013626 5.64831881
1572014019 5.50268835
1572014410 5.834473536
1572014799 5.851466204
1572265003 5.628751152
1572265200 5.888439047
1572265398 5.795978234
1572265597 5.372502805
1572265794 5.392931145
1572266004 5.541933926
1572266198 5.738383687
1572266398 5.752151281
1572266601 5.766938874
1572268081 5.483083314
1572268852 5.429070882
1572269265 5.591145424
1572269671 5.639018155
1572270088 5.526795471
1572270484 6.103447389
1572270879 5.698823852
1572272241 4.443307885
1572272571 4.54551183
1572272906 4.479848107
1572273239 4.536213594
1572273586 4.593048765
1572274078 4.544163546
1572274246 4.394941992
1572274421 4.626451046
1572274587 4.432691289
1572274759 4.45865533
1572274930 4.517158026
1572275098 4.707295013
1572275277 4.421838236
1572275445 4.686453844
1572275620 4.710399227
1572276007 4.507395862
1572276343 4.688331932
1572276681 4.599663238
1572277012 4.536998455
1572277342 4.414197049
1572278037 4.027704975
1572278369 4.647427162
1572361216 5.763632267
1572361414 5.675027063
1572361609 5.678116619
1572361805 5.565316331
1572362002 5.652066994
1572362197 5.6803719
1572362393 5.861244607
1572362589 5.961204164
1572362788 5.68322683
1572362984 5.675571339
1572363429 4.557874177
1572363759 4.364761023
1572364088 4.557088238
1572364419 4.461546231
1572364751 4.569451063
1572365094 3.669969588
1572365471 4.459728924
1572365843 4.753311591
1572366182 4.354939155
1572366517 4.474961489
1572366870 4.607426586
1572367037 4.628600086
1572367206 4.687758728
1572367375 4.52676874
1572367729 4.572274839
1572367905 4.503996287
1572368072 4.673649557
1572368239 4.514011863
1572368405 4.52233458
1574710617 3.174423307
1574707037 4.003349212
1574708700 4.183345271
