1569854941 3.899081413
1570447338 3.830526163
1570449092 4.247058108
1570449547 4.101191267
1570449995 40.884725653
1571323534 4.154040051
1571323937 4.264689958
1571324334 4.575184591
1571324727 4.250361039
1571327657 4.38074783
1571328048 4.222697941
1571329222 4.257134319
1571329611 4.358789708
1571398161 4.480327653
1571398949 4.50326975
1571400129 4.30944875
1571401343 4.324304161
1571407113 4.284347507
1571407896 4.397565899
1571408286 4.137716429
1571408678 4.317890768
1571666170 4.394445837
1571666562 4.184068394
1571667790 4.095322957
1571669441 4.137017877
1571669834 4.298455415
1571754743 4.446707792
1571755545 4.406100285
1571756775 4.227515876
1571757212 4.141339387
1571757630 4.398591611
1571758418 4.565708235
1571762423 4.429444541
1571762821 4.355485111
1571763212 4.178591965
1571763603 4.382218772
1571763996 4.359658388
1571764812 4.469862765
1571765201 4.658779738
1572006689 3.887154507
1572009010 4.486375991
1572009400 4.480932367
1572009791 4.397295504
1572010181 4.147093294
1572010577 4.284868332
1572010968 4.462425342
1572013531 4.31084643
1572013924 4.229506416
1572014316 4.286603385
1572014705 4.345403092
1572268242 4.187052088
1572269152 4.202502313
1572269568 4.279115606
1572269982 4.476199002
1572270388 4.488535658
1572270783 4.573299605
1572271294 3.89303817
1572272822 5.06915844
1572273156 3.579862605
1572276260 3.523691822
1572277263 3.664267522
1572277597 3.516304438
1572278288 3.461549752
1572278620 3.545288288
1572363679 3.588775472
1572364339 3.796554536
1572365722 3.876140453
1572366094 8.488945942
1572366768 4.104797543
1574708935 3.281540755
