1569854533 4.651703297
1569855977 24.902916911
1571330230 4.65228283
1571766586 4.751855139
1571767369 4.775051796
1572537477 3.80970964
1572538134 3.700451287
1572538794 3.797025018
1572539447 3.740791474
1572540094 3.754615157
1572540999 3.749586669
1572541653 3.702364793
1572542301 3.751353232
1572542949 3.6670663
1572543614 3.762308811
1572871368 3.796346904
1572872018 3.719237128
1572872694 3.808346063
1572873348 3.83318289
1572874002 3.762098417
1572875063 3.754287276
1572875924 3.803926254
1572877150 3.795616876
1572877799 3.795693739
1572879044 3.746528207
1572967435 3.630695207
1572968091 3.790900062
1572969393 3.799881281
1572970054 3.682359164
1572970704 3.770916218
1572971357 3.729282796
1572972019 3.787476637
1572972677 3.804149037
1572973394 3.769905727
1572974043 3.71831679
1572974694 3.668285623
1573208978 3.806776498
1573209633 3.733517868
1573210307 3.783716838
1573210976 3.836229733
1573211634 3.805546203
1573212283 3.826256625
1573212934 3.869124621
1573213584 3.748363872
1573214257 3.773591701
1573214914 3.903976683
1573310430 3.711436702
1573311051 3.534624602
1573311666 3.541192841
1573312371 3.599734261
1573312981 3.81110521
1573313608 3.621750649
1573314241 3.461120329
1573314854 3.499598517
1574696463 3.62268095
1574697043 3.523848057
1574697634 3.545975978
1574698207 3.409577131
1574698792 3.41604317
1574709578 3.573538345
1574710865 3.624094908
1574710865 3.624094908
