1569849950 5.448319264
1569850154 5.426469717
1569849950 5.448319264
1569850154 5.426469717
1569850967 5.514207023
1569851174 5.252996643
1569851523 5.269649459
1569851730 5.418543007
1569851960 5.497397375
1569852189 5.483290749
1569852426 5.362908683
1569852643 5.436512359
1569853035 5.41439699
1569853346 5.500700268
1569853586 5.478645141
1569854227 5.415086802
1569855200 5.502879879
1569855633 5.418209802
1570446957 5.35956347
1570448049 5.635435481
1570448776 5.570213494
1570543073 5.352203479
1570543434 5.411640701
1570543636 5.314141948
1570544565 5.367972717
1570544768 5.471101835
1570545025 5.431018655
1570545235 5.435590242
1571322944 5.348753697
1571323266 5.433701451
1571323659 5.321645984
1571324060 5.526047737
1571324460 5.361756318
1571325067 5.278425976
1571325263 5.460097368
1571325462 5.418237094
1571325667 5.311939688
1571325865 5.536923899
1571326066 5.236619537
1571326757 5.475828546
1571326969 5.37800049
1571327177 5.47852784
1571327391 5.371174217
1571327781 5.405439865
1571328172 5.208787024
1571328563 5.45030416
1571328954 5.668895105
1571329346 5.568172682
1571329938 5.379102801
1574710638 4.525760797
1574707059 4.125659489
1574708723 4.165489891
