1569854423 2.171774446
1569855836 2.229840627
1571330126 2.074013904
1571766481 2.388748473
1571767264 2.190701947
1572537392 1.880226003
1572538049 1.698956383
1572538709 1.688098472
1572539362 1.660967107
1572540008 1.659393331
1572540914 1.718405576
1572541568 1.57886428
1572542216 1.701070615
1572542864 1.698075166
1572543529 1.648964803
1572871282 1.875549696
1572871933 1.599880251
1572872610 1.829422918
1572873263 1.842351232
1572873916 1.608696223
1572874978 1.688355549
1572875839 1.746512016
1572877064 1.707756961
1572877714 1.7437736
1572878942 1.658598112
1572967349 1.749062893
1572968006 1.660978312
1572969308 1.782465931
1572969969 1.629105181
1572970619 1.835793345
1572971269 1.744418856
1572971932 1.70833217
1572972592 1.607382316
1572973305 1.583759009
1572973958 1.535935677
1572974609 1.663890983
1573208891 1.650626496
1573209546 1.693938161
1573210221 1.739004916
1573210890 1.786042185
1573211547 1.689079731
1573212196 1.786272573
1573212848 1.717909075
1573213499 1.626782082
1573214170 1.626688569
1573214825 1.793845195
1573310350 1.543223814
1573310972 1.642192494
1573311587 1.496191233
1573312291 1.792978321
1573312901 1.537742747
1573313528 1.584981392
1573314160 1.523871415
1573314775 1.577901312
1574696384 1.482554008
1574696965 1.838439668
1574697555 1.654409556
1574698130 1.462561369
1574698715 1.739541232
1574709500 1.323282733
1574710786 1.433621348
1574710786 1.433621348
