1569853790 8.076878272
1569854862 8.115143971
1569855407 8.05954803
1570447208 14.119495908
1570448974 15.337135738
1570449475 7.911944007
1570449914 8.143729674
1571323461 7.921886021
1571323853 7.85514316
1571324256 7.860059348
1571324656 8.085654352
1571327585 8.056656752
1571327976 7.976277569
1571328367 7.740710132
1571328758 7.888127316
1571329150 7.809130372
1571329540 8.003978476
1571330515 7.921488012
1571398088 7.820194717
1571398484 7.908477384
1571398877 7.946718742
1571399269 7.918632128
1571399661 8.003308734
1571400057 7.83696571
1571400449 8.106339661
1571400877 8.111692693
1571401271 8.371140154
1571401661 7.974644611
1571407042 7.931421509
1571407434 8.190186449
1571407824 8.185314372
1571408213 8.052725403
1571408608 7.892567079
1571666100 8.015482853
1571666488 7.974194985
1571666881 7.854881164
1571667273 7.936776547
1571667717 7.778143846
1571669368 7.96129994
1571669763 7.879497881
1571754279 7.869193138
1571754671 7.784701286
1571755072 7.833903602
1571755467 7.91090864
1571756699 8.190117622
1571757129 7.988444232
1571757559 7.965769988
1571757955 7.956096555
1571758348 8.016386042
1571758740 8.151195562
1571762352 8.107468836
1571762749 7.935576675
1571763141 7.814110137
1571763531 7.889354476
1571763924 7.832697063
1571764349 7.899497371
1571764740 7.857520832
1571765131 8.047632602
1571765520 7.945547985
1571765910 9.051993865
1571766875 8.079308168
1571767657 8.239145469
1572007238 7.854891692
1572007632 7.943131418
1572008131 8.020603136
1572008542 8.050991586
1572008936 7.849636046
1572009329 7.976882073
1572009718 7.819912907
1572010110 7.991390209
1572010506 8.204577305
1572010896 7.985764069
1572013460 7.983154674
1572013853 7.888113794
1572014243 7.966301523
1572014634 7.881156745
1572015024 7.87243901
1572269081 7.932861048
1572269496 8.065886152
1572269910 7.941156667
1572270316 7.906057968
1572270712 7.878640719
1572271197 7.809940661
1572272431 6.395518739
1572272762 6.367859993
1572273096 6.570084682
1572273443 6.666168491
1572273776 6.411285368
1572276200 6.497141249
1572276537 6.526118192
1572276871 6.382117482
1572277202 6.452428011
1572277896 6.568039519
1572278228 6.620253747
1572278559 6.511228505
1572363618 6.567680215
1572363947 6.495329184
1572364278 6.322489863
1572364607 6.6802592
1572364946 6.401145369
1572365282 6.442411938
1572365659 6.70654469
1572366033 6.578834497
1572366374 6.342225965
1572366708 6.347516446
1572369735 6.52199437
1572370067 6.428138322
1572370396 6.434332593
1572370729 6.655844798
1572371058 6.486709133
1572371390 6.666727056
1572371719 6.563038967
1572372050 6.496219214
1572372379 6.482070329
1572372713 6.52116142
1572533723 6.577891945
1572534068 6.374430797
1572534424 6.439723117
1572534753 6.510511867
1572535087 6.682319822
1572535436 6.375825507
1572535765 6.470440678
1572536100 6.445852455
1572536463 6.483687316
1572536799 6.351557834
1572537717 6.551005858
1572538369 6.523039274
1572539029 6.428986127
1572539682 6.450922612
1572540330 6.534986408
1572541240 6.472112829
1572541888 6.580140374
1572542538 6.418598217
1572543184 6.522383852
1572543856 6.577676473
1572871603 6.46037184
1572872254 7.438748974
1572872936 6.526373602
1572873584 6.655689283
1572874242 6.74084909
1572875308 6.320629384
1572876162 6.514566035
1572877387 6.313721448
1572878043 6.355820203
1572879285 6.336569681
1572880348 6.43236375
1572880682 6.446030614
1572881029 6.479247217
1572881365 6.353724422
1572881697 6.623812005
1572882030 6.498191835
1572882360 6.209455757
1572882750 6.530715794
1572883102 6.582429484
1572883441 6.563011215
1572967671 6.339380063
1572968329 6.292950773
1572969629 6.443452029
1572970290 6.399514146
1572970941 6.570133591
1572971602 6.4056416
1572972264 6.37109621
1572972914 70.030712456
1572973630 6.392717813
1572974278 6.444503998
1572974936 6.465041554
1572975338 6.463857158
1572975669 6.522695942
1572976040 6.303951
1572976418 6.625569655
1572976750 6.815333863
1572977079 6.457064503
1572977443 6.399896072
1572977772 6.487251081
1572978157 11.129170516
1573209212 6.67404618
1573209883 6.602371857
1573210543 6.897005075
1573211214 6.660143869
1573211871 6.708561417
1573212519 6.664005107
1573213171 6.507754832
1573213821 6.446777672
1573214494 6.393018131
1573215152 6.460698733
1573218366 6.328799534
1573218697 6.652502411
1573306605 5.878210444
1573306926 6.507704439
1573307262 6.100519581
1573307581 5.83237291
1573307896 5.869734194
1573308217 6.148712938
1573308549 5.972158486
1573308867 5.908044183
1573309187 6.17808274
1573309517 6.211582548
1573310658 9.227029695
1573311276 6.007470743
1573311887 14.668114824
1573312593 6.581599684
1573313212 6.310582122
1573313835 5.780036487
1573314463 6.066539872
1573315080 5.55755152
1573828130 6.299369345
1573828438 5.687866282
1573828746 5.698800644
1573829051 5.809272636
1573829355 5.614578815
1573829666 5.874478205
1573830223 5.970744941
1573830531 5.626068676
1573830837 5.76105121
1573831145 5.736893596
1573902778 5.678284227
1573903088 5.978461988
1573903400 5.714834326
1573903713 5.881285031
1573904022 5.883058997
1573904330 5.698713442
1574688098 5.840712838
1574688417 6.467575118
1574692109 5.90015006
1574692424 5.775977912
1574693338 6.094531816
1574693660 5.967932232
1574693987 5.971000523
1574694410 6.005877995
1574694734 5.740667386
1574695289 5.967501268
1574695631 8.350052974
1574695939 5.943862618
1574696677 5.74045015
1574697256 6.575198227
1574697847 6.148393125
1574698418 5.891576411
1574699006 5.819913278
1574708878 5.830890817
1574709826 6.280945731
1574711083 6.049715142
1574711083 6.049715142
1574708878 5.830890817
