1569849950 5.448319264
1569850154 5.426469717
1569849950 5.448319264
1569850154 5.426469717
1569850968 5.366100949
1569851174 5.252996643
1569851523 5.269649459
1569851730 5.298793016
1569851960 5.497397375
1569852189 5.483290749
1569852426 5.362908683
1569852643 5.374386517
1569853035 5.41439699
1569853346 5.408462709
1569853586 5.432638882
1569854227 5.415086802
1569855200 5.325656575
1569855633 5.329608396
1570446957 5.35956347
1570448050 5.389200672
1570448777 5.406454408
1570449248 6.263380494
1570449680 36.407283151
1570543072 5.409977746
1570543434 5.411640701
1570543635 5.445591335
1570544565 5.316192258
1570544768 5.34621537
1570545025 5.47459303
1570545235 5.435590242
1571322944 5.545317481
1571323266 5.476332382
1571323659 5.366274213
1571324060 5.526047737
1571324460 5.406067252
1571325067 5.352976192
1571325263 5.336964186
1571325462 5.295606068
1571325667 5.407448359
1571325866 5.3285995
1571326066 5.443418399
1571326757 5.475828546
1571326969 5.423538471
1571327177 5.520575865
1571327391 5.462367059
1571327781 5.405439865
1571328172 5.390859786
1571328563 5.45030416
1571328954 5.711463924
1571329346 5.316614718
1571329939 5.287487166
1571395859 5.388531186
1571396055 5.312088509
1571396252 5.57651524
1571396451 5.540632926
1571396649 5.46163456
1571396848 5.387672232
1571397077 5.411656767
1571397281 5.466525066
1571397479 5.465924588
1571397677 5.501613338
1571397895 5.338883079
1571398287 5.330325416
1571398682 5.430263204
1571399073 5.523806885
1571399465 5.355348341
1571399861 5.433999553
1571400254 5.350151446
1571400676 5.431793219
1571401075 5.427212724
1571401467 5.393147879
1571404924 5.399376249
1571405124 5.459303621
1571405321 5.431520342
1571405521 5.370872076
1571405753 5.275658323
1571406847 5.505786018
1571407237 5.444488191
1571407631 5.407791899
1571408019 5.457878934
1571408412 5.900630414
1571408942 5.321222693
1571409173 5.379566868
1571409375 5.468936878
1571409573 5.42777917
1571409789 5.352941098
1571664357 5.414172814
1571664900 5.482771019
1571665103 5.383221112
1571665314 5.455756727
1571665509 5.35291147
1571665703 5.595277362
1571665904 5.386739549
1571666294 5.377661949
1571666686 5.449479348
1571667079 5.420072191
1571667516 5.467365853
1571668121 5.467657227
1571668321 5.379358833
1571668525 5.552273971
1571668719 5.507592858
1571668916 11.821156956
1571669168 5.371478203
1571669567 5.456649878
1571751992 5.339844395
1571752187 5.368267164
1571752387 5.383842738
1571752592 5.58782639
1571752786 5.526754912
1571752982 5.333185198
1571753180 5.266752649
1571753377 5.298313291
1571753574 5.404151112
1571753770 5.412697626
1571754079 5.394566334
1571754476 5.484186953
1571754869 5.407555478
1571755271 5.266688276
1571755836 5.396468741
1571756505 5.281560815
1571756916 5.530546757
1571757365 5.346811471
1571757754 5.379775436
1571758154 5.379946859
1571758544 5.369359458
1571760129 5.428466805
1571760324 5.362902003
1571760529 5.829374342
1571760724 5.374247933
1571760923 7.899570014
1571761135 5.439424162
1571761334 5.36123641
1571761529 5.471445245
1571761724 5.3039721
1571761932 9.681498857
1571762159 5.455988539
1571762556 7.228538087
1571762948 5.366336175
1571763335 5.418483503
1571763727 5.437206417
1571764135 5.807633532
1571764544 5.552068654
1571764937 5.302302775
1571765325 5.450757975
1571765717 5.515125964
1571766294 5.362285744
1571767076 5.402292128
1571922225 6.026810362
1572003236 5.362783261
1572003429 5.345378908
1572003628 5.427740491
1572003826 5.435836465
1572004022 5.298301702
1572004217 5.526881745
1572004411 5.524222796
1572004611 5.48088091
1572004813 5.291847407
1572005012 5.454443859
1572006302 5.312134477
1572007040 5.422150697
1572007434 5.591995978
1572007928 5.500736052
1572008337 5.423047937
1572008741 5.431451888
1572009135 5.241979327
1572009524 5.565600505
1572009916 5.37829869
1572010311 5.859823424
1572010702 5.487991657
1572011213 5.387533029
1572011409 5.502685991
1572011604 5.540157571
1572011803 5.430134919
1572011999 5.346002258
1572012197 5.326826606
1572012392 5.43814652
1572012586 5.392889116
1572012781 5.351418095
1572012974 5.455197414
1572013264 5.37169643
1572013657 5.378886562
1572014050 5.198506434
1572014440 5.454911961
1572014830 5.52783683
1572265033 5.457973641
1572265231 5.460000076
1572265428 5.592814734
1572265627 5.314322618
1572265825 8.983115805
1572266034 5.687635012
1572266228 5.417878939
1572266431 6.029611934
1572266631 5.416334848
1572266829 6.058514393
1572268111 5.291356626
1572268882 5.417925691
1572269295 7.710287559
1572269702 17.556361768
1572270119 5.345661443
1572270516 5.421873051
1572270909 5.386408577
1572272265 4.682725386
1572272596 4.707827699
1572272931 4.560106428
1572273265 4.507774964
1572273610 4.608116143
1572274102 4.492550434
1572274275 4.076041312
1572274446 6.307110214
1572274611 4.55818796
1572274784 4.602738873
1572274954 4.640965584
1572275122 4.682629541
1572275301 4.689848132
1572275470 4.70219437
1572275645 4.544701725
1572276034 4.695276176
1572276367 6.193312649
1572276705 4.640330514
1572277036 4.661873173
1572277366 4.494707654
1572277713 4.599584744
1572278061 4.797606241
1572278394 4.547413401
1572361247 5.572481834
1572361444 5.491545827
1572361640 5.423193516
1572361835 5.370193254
1572362034 5.503128552
1572362228 5.379529124
1572362424 5.461890755
1572362619 5.500951621
1572362818 5.470826571
1572363014 5.424555041
1572363453 4.560297307
1572363783 4.649661302
1572364112 4.656008773
1572364443 4.63078227
1572364776 4.701787832
1572365117 4.68748874
1572365495 4.712008779
1572365867 4.576764338
1572366206 8.703089741
1572366542 4.616552784
1572366894 4.589272255
1572367061 4.708141767
1572367230 4.683586483
1572367399 4.567107476
1572367582 4.536578007
1572367758 4.762572935
1572367929 4.605123453
1572368097 4.552020527
1572368263 4.576245844
1572368429 4.595635656
1572369572 4.557091093
1572369902 4.639499808
1572370232 4.606061144
1572370564 4.685100345
1572370893 4.716601765
1572371225 4.607577653
1572371556 4.705220324
1572371886 4.473328291
1572372214 4.69074246
1572372543 4.651879539
1572532364 5.459862597
1572532566 5.307171896
1572532771 5.285856073
1572533550 4.692323748
1572533888 4.637693856
1572534242 4.64318859
1572534589 4.704612123
1572534921 4.617786236
1572535269 4.609745049
1572535600 4.538405134
1572535936 4.651178944
1572536295 4.767054988
1572536632 4.577531997
1572537233 4.622104215
1572537887 4.543915318
1572538544 5.318728759
1572539197 4.559927486
1572539849 4.518226848
1572540756 4.632673145
1572541409 4.62500429
1572542058 4.616707795
1572542705 4.622532406
1572543350 4.649501687
1572544482 4.569786801
1572544649 4.654454151
1572544819 4.615044521
1572544993 4.637575376
1572545167 4.512082972
1574710638 4.303456809
1574707059 4.380208643
1574708722 4.513243448
