1569854463 4.315418696
1569855872 4.222271332
1571330160 4.086348982
1571766516 4.0723155
1571767299 4.006512805
1572537419 3.332316053
1572538077 3.47184317
1572538737 3.367172112
1572539390 3.247355671
1572540036 3.463412067
1572540942 3.369030833
1572541596 3.496586721
1572542244 3.27120087
1572542891 3.270689953
1572543556 3.436496248
1572871310 3.304556739
1572871961 3.318660736
1572872638 3.350137263
1572873291 3.439444291
1572873944 3.309356252
1572875005 3.40469037
1572875867 3.451975946
1572877092 3.280530154
1572877742 3.354723267
1572878970 3.271673167
1572967377 3.279013485
1572968034 3.372214668
1572969336 3.357926388
1572969997 3.342836761
1572970647 3.351358388
1572971299 3.508786275
1572971960 3.211466959
1572972619 3.364173335
1572973333 5.282212872
1572973986 3.345032545
1572974637 3.388483183
1573208919 3.416493765
1573209574 3.295839688
1573210249 3.49928916
1573210918 3.351354932
1573211575 3.605123882
1573212224 3.377724145
1573212876 3.225455386
1573213527 3.110800596
1573214198 3.633842725
1573214853 3.45567025
1573310376 3.147893907
1573310997 3.164803765
1573311613 3.227851052
1573312317 3.464499238
1573312926 3.273645929
1573313554 3.207103829
1573314186 3.227115736
1573314801 3.256006934
1574696410 3.058736744
1574696990 2.944538443
1574697581 2.932432209
1574698155 3.040563616
1574698740 2.982373723
1574709525 3.372607524
1574710812 3.203071545
1574710812 3.203071545
