1569853899 7.962463886
1570449079 7.617333666
1570449535 7.701604776
1571323521 7.767556995
1571324322 7.428393703
1571324715 7.452845822
1571327644 7.786920451
1571328035 7.638059163
1571328427 7.371445184
1571328817 7.658126021
1571329209 8.034172806
1571329598 7.698072476
1571330574 7.441882637
1571398936 7.635943006
1571399328 7.580908368
1571400116 7.990705126
1571400537 7.557068793
1571400936 7.492897111
1571401330 7.636842716
1571401720 7.947829728
1571407100 8.066249153
1571407493 7.682661744
1571407883 7.868390477
1571408272 8.382728111
1571408666 7.561093789
1571666549 7.602437212
1571666942 7.438752137
1571667331 8.705695335
1571667777 7.861329044
1571669428 7.637389868
1571669821 7.511907927
1571754338 7.617330945
1571754730 7.687477343
1571755130 7.521113772
1571755532 7.542168994
1571756762 7.647261726
1571757199 7.843985055
1571757617 7.694375205
1571758014 7.834169134
1571758406 7.513335864
1571758799 7.548557434
1571762410 7.421956943
1571762808 7.472308349
1571763199 7.559047663
1571763589 8.021305265
1571763982 7.746187627
1571764407 7.668373852
1571764799 8.30069062
1571765579 7.432436166
1571765969 7.561916026
1571766934 7.669483785
1572007297 7.776432439
1572007691 7.629448092
1572008197 11.058771543
1572008602 7.712138622
1572008997 7.565578083
1572009387 8.066934554
1572010168 8.085471615
1572010564 7.995400447
1572010956 7.388036112
1572013518 7.957263818
1572014304 7.845498825
1572014692 7.987437688
1572015083 7.576997029
1572268224 11.918828916
1572269139 7.538548945
1572269555 8.120782374
1572269970 7.778412667
1572270376 7.892930035
1572270770 7.502372906
1572272811 6.265701785
1572273146 6.599722835
1572273493 6.698046042
1572273826 6.017068127
1572277252 6.828339888
1572277946 6.547936693
1572278278 6.512573714
1572363997 6.384062792
1572364327 7.631704027
1572364996 6.799121239
1572365332 7.221901723
1572365711 6.25035968
1572366084 6.431042375
1572366424 6.122116705
1572370116 6.680223656
1572370447 6.608599556
1572371108 6.58103185
1572371770 6.454469353
1572372100 6.862435534
1572372429 6.361892125
1572533774 6.268541728
1572534128 6.276288578
1572534804 6.525869794
1572535155 6.053280967
1572535486 6.057834866
1572537766 6.368818527
1572538423 6.208358314
1572539733 6.051586659
1572541292 6.142780928
1572541939 6.180724704
1572542589 6.345065274
1572543234 6.233453577
1572872986 6.268999765
1572874292 6.379812566
1572875359 6.312451227
1572876217 6.353453981
1572879336 6.307943459
1572880733 6.403060255
1572881082 7.537952593
1572881415 6.644545561
1572881750 6.410560353
1572882080 6.347465751
1572882466 6.411862307
1572969680 6.331929151
1572970341 6.340931216
1572970992 6.279857671
1572971654 6.464391972
1572972315 6.620109771
1572973028 6.084751423
1572973680 6.600284521
1572974987 6.482705967
1572975388 6.144062552
1572975719 6.524010306
1572976090 6.412529773
1572976469 6.277923728
1572976800 6.205628948
1572977130 6.526300322
1572977493 6.529048666
1572977822 6.571096586
1572978211 6.31027608
1573209263 6.362148479
1573209934 6.276727222
1573211266 6.112694872
1573211922 6.715472584
1573212571 6.089662027
1573213224 6.388617873
1573213884 9.679472327
1573214546 7.870472759
1573215204 6.182104884
1573218415 6.628007596
1573218749 6.222676367
1573306653 5.947235677
1573306975 6.52919827
1573307311 6.627444308
1573308596 5.722460853
1573308915 6.725541896
1573309237 6.14113881
1573309566 5.802353372
1573310709 6.294946036
1573311325 6.454563246
1573311943 6.415540443
1573312642 6.236427862
1573313884 6.406097797
1573315127 6.432709051
1573829712 5.615122444
1573830884 7.24451965
1574689289 5.985083696
1574697296 5.915992217
1574697890 6.165265256
1574960096 5.721007367
1575028955 7.044401019
1575029293 9.920413177
1575035690 7.49649391
1575039423 6.178936594
1575293469 6.030865061
1575296821 6.100304798
1575300283 8.265995588
1575390472 5.505153859
1575394175 10.515594576
1575561311 6.824591968
1575561651 5.856771017
1579191324 5.64882054
1579195370 6.391608108
