1569853643 90.072689846
1569854278 97.745043218
1569855257 93.160457061
1569855684 103.252786848
1570447014 101.19451696
1571329987 91.357256258
1571399128 85.486042977
1571754927 88.762385774
1571763783 86.021860639
1571766342 91.584477653
1571767124 91.733204068
1572007489 86.054898736
1572007990 86.206089625
1572008392 96.497469632
1572008794 86.155542769
1572537275 76.308366357
1572537932 76.780439813
1572538591 78.289200909
1572539238 82.949777482
1572539892 76.481245102
1572540798 76.073564948
1572541451 76.501867889
1572542100 76.108299313
1572542747 76.380368957
1572543388 100.232951976
1574710677 71.475799713
