1569854784 5.958004407
1569856391 5.500108829
1571330443 5.501710698
1571766802 5.751119524
1571767584 5.458906669
1572537657 4.528829261
1572538310 4.476396884
1572538970 4.689658262
1572539623 4.452966099
1572540271 4.453400083
1572541175 6.179289958
1572541829 4.371280808
1572542478 4.415590171
1572543124 4.435574038
1572543797 4.773435079
1572871543 4.324364196
1572872194 4.488318889
1572872876 4.362216491
1572873524 4.379233147
1572874182 3.877018146
1572875247 4.46206698
1572876101 4.728627999
1572877327 4.397192725
1572877982 4.35644493
1572879221 4.413711098
1572967611 4.436328074
1572968270 4.345994782
1572969569 4.344525857
1572970230 4.375837553
1572970881 4.376432814
1572971543 4.389954846
1572972204 4.25572619
1572972853 4.212342056
1572973570 4.446619548
1572974219 4.470751212
1572974876 4.350981416
1573209153 4.483756222
1573209824 4.382877201
1573210484 4.423233606
1573211153 3.37712492
1573211812 4.453499329
1573212459 4.378976986
1573213112 4.434413793
1573213761 4.307414965
1573214434 4.343069133
1573215092 4.911492762
1573310599 4.252773834
1573311218 4.04879381
1573311829 3.91276195
1573312535 3.758208084
1573313153 3.967025949
1573313777 3.711787295
1573314405 3.72302011
1573315019 4.043391381
1574711028 3.879987396
1575034463 3.753769361
1575120592 3.645732762
1579196432 3.846364802
1574711028 3.879987396
