1569853963 5.902565219
1569854990 5.720588216
1569855538 5.376327828
1570448216 5.384552628
1570449171 5.620510086
1570449597 5.361465945
1571323583 5.714578735
1571323986 5.383908302
1571324384 5.630987641
1571324777 5.645022811
1571327707 5.956493747
1571328098 5.752097782
1571328489 5.440428334
1571328880 5.555264962
1571329272 5.80318718
1571329660 5.666529992
1571330638 5.552524328
1571398211 5.591842162
1571398607 5.782857812
1571398998 5.479998265
1571399390 5.894124031
1571399782 5.578624043
1571400179 5.867730073
1571400600 5.491926899
1571401000 5.591815181
1571401393 5.831184465
1571401782 5.691695523
1571407162 5.999215219
1571407555 5.757934078
1571407945 5.638914364
1571408336 5.79972199
1571408728 5.361272106
1571666220 5.65374398
1571666612 5.679598433
1571667004 5.34805105
1571667394 5.636035964
1571667840 5.901267662
1571669490 5.507278031
1571669884 5.736131635
1571754401 5.962610254
1571754792 5.536596292
1571755193 6.059929378
1571755595 5.869513786
1571756015 19.475916365
1571756824 5.533997823
1571757262 5.965021851
1571757679 5.61778277
1571758468 5.664727883
1571758865 5.795265534
1571762472 5.777881085
1571762870 5.392598766
1571763261 5.288283131
1571763652 5.473849594
1571764045 5.878387324
1571764470 5.682103393
1571764862 5.964846782
1571765251 5.710838999
1571765642 5.963739579
1571766032 5.633168135
1571767000 5.589440855
1572006760 5.916782604
1572007359 5.915359486
1572007754 5.720160084
1572008263 5.892042589
1572008665 5.621121512
1572009061 5.623459705
1572009450 5.628032665
1572009840 5.523151698
1572010231 5.564469808
1572010627 5.496835733
1572011018 5.572020915
1572013581 5.484042441
1572013974 5.86648521
1572014366 5.762542967
1572014755 5.475158219
1572015145 5.522759285
1572268309 5.619297693
1572269220 5.89120328
1572269628 5.679570708
1572270044 5.750041118
1572270440 6.126018444
1572270832 5.242456831
1572271359 5.736739718
1572272533 4.31315454
1572272869 4.544297656
1572273201 5.753182208
1572273547 4.486023876
1572273882 4.734131314
1572276304 4.565510397
1572276643 4.556888434
1572276973 4.652426033
1572277304 4.702876409
1572277639 4.434429484
1572277998 4.477062206
1572278330 4.590742289
1572278662 4.718349056
1572363720 4.228059014
1572364050 4.657437451
1572364381 4.465287649
1572364714 4.554001852
1572365055 4.616501233
1572365385 4.86402051
1572365764 4.718616839
1572366144 4.483171106
1572366477 4.600220306
1572366810 4.453828902
1572369839 4.395861581
1572370169 4.54785145
1572370500 4.540000728
1572370831 4.551979958
1572371160 4.758452472
1572371492 4.467177676
1572371823 4.587801427
1572372152 4.562608963
1572372482 4.599686993
1572372815 4.605973787
1572533826 4.652140905
1572534180 4.648136992
1572534527 4.799101602
1572534858 5.150994095
1572535207 4.41728283
1572535538 4.657025756
1572535872 4.976207945
1572536204 4.708316163
1572536567 4.480538557
1572536904 4.514639887
1572537825 4.572913988
1572538478 4.473038313
1572539134 4.648070422
1572539787 4.76861285
1572540442 4.516457205
1572541346 4.660648277
1572541995 4.867866408
1572542643 4.511297217
1572543289 4.445250236
1572543962 4.525900932
1572871711 4.603937212
1572872359 4.192686784
1572873040 4.394859683
1572873691 4.591522845
1572874361 4.69037752
1572875413 4.310135854
1572876319 4.573335114
1572877492 4.38625654
1572878159 5.499941547
1572879390 4.471909663
1572880022 4.963747321
1572880450 4.734800747
1572880785 4.639839672
1572881135 4.635451774
1572881467 4.302045296
1572881802 4.567340809
1572882132 4.417124403
1572882523 4.615259362
1572882854 4.543499088
1572883213 4.697486591
1572883548 4.688929965
1572967780 5.075565077
1572968766 5.548597057
1572969738 4.64763598
1572970397 4.63435483
1572971049 4.628136393
1572971708 4.670299961
1572972370 4.495903455
1572973082 4.430171397
1572973736 4.58367902
1572974386 4.675051429
1572975041 4.697383191
1572975440 4.475553348
1572975771 4.65947226
1572976142 4.655716125
1572976521 4.776328005
1572976852 4.360051049
1572977183 4.409639742
1572977545 4.629269013
1572977874 4.622201953
1572978264 4.640418934
1573209321 4.635817441
1573209988 4.659361952
1573210652 4.518275229
1573211320 4.509229299
1573211976 4.600407325
1573212625 4.449091524
1573213278 4.744967977
1573213944 4.639494043
1573214602 4.624675327
1573215263 4.790871306
1573218467 4.467378081
1573218801 4.952119311
1573306702 3.797612935
1573307025 4.229227712
1573307360 4.17680065
1573307678 4.091898033
1573307999 4.423665569
1573308313 4.165052211
1573308645 3.937936084
1573308965 4.200177516
1573309287 4.366071556
1573309616 4.091541917
1573310761 4.271267291
1573311377 4.260515112
1573311995 4.137153808
1573312693 4.164507453
1573313313 4.823820335
1573313936 4.372303132
1573314564 4.228063751
1573315255 4.299191737
1573742013 4.191841493
1573743645 4.086782046
1573743746 4.020566869
1573743845 4.003466948
1573743944 3.983796701
1573744042 4.053144801
1573744138 4.026969452
1573744236 4.289178442
1573744334 4.08265342
1573744426 4.257696519
1573744522 4.077468879
1573744628 3.972726478
1573744727 4.104541295
1573744842 4.156040805
1573745076 3.964711015
1573745259 4.001153886
1573745356 4.065183139
1573745458 4.423929535
1573745555 3.926225004
1573745658 4.089102324
1573745755 4.09303665
1573745858 4.268635714
1573745957 2.776270167
1573746052 4.121802064
1573746153 4.229571572
1573746251 3.839802267
1573746351 4.25117167
1573746452 4.06415841
1573746549 4.004752749
1573746645 3.964904123
1573748965 4.252429227
1573749062 4.05962401
1573749164 4.139460936
1573749274 4.496673482
1573749372 4.182116788
1573749507 4.046919183
1573749606 4.105206354
1573749706 4.208845747
1573749901 4.015292316
1573828226 4.291806659
1573828534 4.280643139
1573828841 4.1858987
1573829146 3.98316241
1573829450 4.353478234
1573829830 4.386978344
1573830318 4.183475042
1573830627 4.061789555
1573830934 4.031593135
1573831239 4.180850637
1573902873 4.068147543
1573903185 3.92786584
1573903499 4.159740965
1573903808 4.165326124
1573904118 4.043549856
1573904426 4.136806445
1574688197 4.101512413
1574688514 4.000172194
1574689336 9.257473511
1574692209 4.261397386
1574692526 3.995080967
1574693438 3.912152244
1574693756 4.062602567
1574694086 4.195381529
1574694832 4.201499149
1574694945 5.254429929
1574695386 3.971040307
1574695729 4.068630999
1574696037 4.093829249
1574696763 4.018387059
1574697339 3.976895432
1574697933 3.963737756
1574698502 4.069585299
1574699090 4.154014743
1574706719 4.257580297
1574707353 4.175376918
1574708319 4.044505646
1574708441 4.426190554
1574708617 4.170826506
1574708974 4.144655467
1574709186 4.803257272
1574709927 4.267977889
1574710531 3.989175427
1574711183 4.023996133
1574950984 4.189447623
1574951358 4.084692627
1574951713 4.210468518
1574952040 4.046044489
1574952355 4.264797459
1574952759 4.168646516
1574953080 41.318291009
1574953449 4.303797154
1574953775 4.311868345
1574954101 4.022809659
1574956512 4.122673498
1574957181 4.062220849
1574957775 4.078136717
1574958358 4.152021089
1574958952 4.220235002
1574959562 3.881893391
1574960139 3.97023313
1574960726 4.095330704
1574961392 4.030401861
1574961961 3.964387885
1575028385 4.150073584
1575028693 4.178223479
1575029030 4.26946554
1575029345 4.098770639
1575029653 4.263000256
1575029966 4.010244789
1575030277 4.140462644
1575030593 4.038150545
1575030924 4.101034874
1575031236 4.188368929
1575033441 4.252146897
1575034008 4.137278388
1575034599 4.060647111
1575035172 4.071121911
1575035736 4.843817928
1575036772 4.178015827
1575037333 4.360698216
1575037890 4.228541618
1575038901 4.187559345
1575039467 4.071216018
1575114666 4.046907151
1575114975 4.192593452
1575115284 4.096475073
1575115594 4.216355093
1575115909 4.099702739
1575116219 3.849627539
1575116529 4.139281264
1575116839 4.01285691
1575117147 4.031410612
1575117455 4.176295001
1575120731 4.197616699
1575121290 4.002190257
1575122292 4.079345707
1575122911 4.438311726
1575123468 4.081752558
1575124027 4.095430989
1575124583 4.074422513
1575125148 4.048383907
1575125716 4.191671488
1575126281 4.25143108
1575293188 4.13752565
1575293520 4.067970402
1575293861 4.186261356
1575294198 4.08858861
1575294541 4.077632562
1575294888 4.197485996
1575295290 3.983823749
1575295659 3.871220715
1575296870 4.033615819
1575297209 4.090140833
1575298039 4.060382764
1575298610 4.178402322
1575299182 4.18897656
1575299760 4.122640647
1575300368 4.226261052
1575300943 4.100595337
1575301740 4.059110804
1575386077 4.133846872
1575386390 4.251818704
1575386701 3.948963341
1575387105 3.877094282
1575387413 4.175514352
1575387725 4.096316876
1575388032 4.20946561
1575388340 4.096275552
1575388649 4.060668013
1575390514 4.006142444
1575391085 4.15023468
1575391647 3.951269155
1575392459 3.997411579
1575393075 4.027507262
1575393658 4.113316678
1575394223 4.184633128
1575394785 4.01264885
1575395348 4.100219769
1575395916 3.180881326
1575397521 39.615995947
1575397800 10.256776829
1575398082 10.367131596
1575398326 11.132018118
1575473813 3.903945419
1575474318 5.660477434
1575474600 4.437059892
1575558838 4.23149823
1575559148 4.236467559
1575559476 4.184296274
1575559795 4.178575475
1575560163 4.143398445
1575560496 4.217280228
1575560830 3.956137024
1575561361 4.229070655
1575561703 3.926217236
1575562059 4.148540369
1575562833 4.20520189
1575563443 4.143627226
1575564111 4.245766083
1575564690 4.085956594
1575565270 4.155106494
1575565837 4.094845382
1575566408 4.009524736
1575567015 4.12522476
1575568337 4.095257977
1575568919 4.134481605
1579184486 5.525325791
1579186584 4.09189378
1579186932 4.021543286
1579187942 4.177441275
1579188274 4.07669231
1579188379 4.008500373
1579189256 4.066902751
1579189593 3.994757309
1579189917 4.335338511
1579190257 4.092945229
1579191367 4.091778044
1579191981 4.078000513
1579192546 4.020737908
1579193128 4.278363422
1579193715 4.174817813
1579194280 4.209197001
1579194849 4.056734667
1579195414 4.012176538
1579196004 4.304767795
1579196565 3.968846191
1579354341 4.098770846
1579354651 4.256975924
1579354963 4.060269105
1579355268 3.958274632
1579355579 4.129751156
1579355888 4.091296252
1579356194 4.090545816
1579356500 4.274693584
1579356805 3.983886062
1579357283 4.146117478
1579359770 4.102635945
1579360349 4.124383327
1579360908 4.191053402
1579361462 4.135614285
1579362017 4.060570939
1579362573 3.965634913
1579363133 4.038230791
1579363700 3.877097543
1579364263 4.147987719
1579364822 4.166966671
1579524954 4.108674036
1579525296 4.316408364
1579525682 4.080508528
1579526008 4.046551063
1579526331 4.202143807
1579528638 3.979221246
1579529061 3.996178672
1579529438 4.025393183
1579529778 4.099760573
1579530089 3.996707547
1579530817 3.846265023
1579531406 4.11170427
1579532445 4.175791173
1579533204 4.222964477
1579533797 4.022680569
1579534441 3.979618292
1579535113 3.960561207
1579535701 4.004113174
1579536780 4.176865556
1579537349 4.176741966
1580218082 3.969542164
1580218411 4.133807651
1580218745 4.216328908
1580219094 4.12241813
1580219456 4.041825152
1580219781 4.218011867
1580223119 4.098627621
1580223456 4.1055389
1580224074 4.163532127
1580224631 3.928155802
1580225188 4.219752606
1580225753 3.971465139
1580226332 4.302457971
1580226900 4.137063344
1580227497 4.020409696
1580228083 4.220109227
1580228643 3.802101075
1580229206 3.956806328
1580306712 4.062381955
1580307025 4.153222306
1580307422 3.937340939
1580307897 4.239025082
1580308208 4.242811174
1580308524 4.1442866
1580310726 4.398742648
1580311039 4.090209172
1580311348 3.963680355
1580311658 4.223754404
1580312033 4.095531554
1580312635 3.871445518
1580313210 4.01299855
1580314089 4.146897619
1580314729 4.018514618
1580315286 3.97132453
1580315849 4.295562172
1580316422 4.101313217
1580317708 4.193602612
1581937104 27.188485458
1581937416 19.403502111
1581937758 20.265725498
1581938082 21.267690387
1581938402 33.55429587
1581938727 16.915114716
1581939028 33.860395269
1581939372 20.808232049
1581939700 7.756022178
1581939997 12.850903853
1581942773 18.445125958
1581944350 21.557739875
1581945296 4.283468963
1581946246 4.084917462
1581946815 4.128054722
1581947711 4.437120951
1581948301 4.07715193
1581949427 4.652170488
1582027678 4.143244307
1582030825 4.42424977
1582031468 4.138060004
1582031768 4.272253487
1582032139 4.134969393
1582032457 4.691227102
1582033059 4.179974411
1582033354 4.479541312
1582033712 4.01807158
1582035129 4.404299216
1582036003 4.292770777
1582036605 4.700594023
1582037213 4.188783318
1582037812 4.319797775
1582038407 4.688562387
1582038994 4.372810269
1582042661 4.556905223
1582044110 4.315096622
1582044699 4.07737537
1582045015 4.543748404
1582045316 4.476646942
1582045612 3.8876044
1582045925 4.383584884
1582046221 4.345034728
1582120570 4.65912585
1582120796 3.584925018
1582186447 5.271537358
1582189536 3.872837869
1582191008 4.041004136
1582191300 4.084608556
1582191596 3.975371676
1582191891 4.194885555
1582192179 4.229530946
1582192479 4.016922532
1582192768 3.964535336
1582193056 4.094550586
1582193351 4.054733545
1582635118 3.996712604
1582635403 4.122476718
1582635687 3.949130442
1582635971 4.088385202
1582636258 4.003066058
1582636544 4.069419512
1582636837 3.840152607
1582637136 4.971614406
1582637430 4.25023087
1582637726 4.0563071
1582638293 3.974167379
1582638854 3.969769998
1582640521 4.164158234
1582641108 4.137372765
1582641668 4.147851806
1582642241 4.056478257
1582642808 4.479150193
1582643382 4.021474493
1582643979 4.111863905
1582644647 4.468782775
1582886370 4.124779804
1582886663 4.020639259
1582886957 4.076985458
1582887245 4.152776824
1582887532 4.264250434
1582887825 4.103904001
1582888112 3.997312165
1582888398 4.097884616
1582888687 4.135050084
1582889046 4.050838757
1582899149 4.134387839
1582899714 4.078369264
1582900278 4.155047437
1582900838 3.968185023
1582902582 4.100015415
1582903159 4.008347193
1582903748 4.099484175
1574711183 4.023996133
1574708974 4.144655467
