1569850056 3.147270574
1569850056 3.147270574
1569850817 3.323186351
1569851074 3.668282884
1569851279 3.203346571
1569851629 3.115714293
1569851842 3.158293689
1569852070 3.130045283
1569852296 3.116541728
1569852532 3.100086887
1569853171 3.23111726
1569853460 3.14673601
1570543179 3.285809314
1570543541 3.302708432
1570543752 3.058707007
1570544669 3.334341818
1570544928 3.03571081
1570545128 3.431511994
1570545345 3.362637692
1571323053 3.306758235
1571325170 3.161086639
1571325366 3.077061988
1571325572 3.065916279
1571325772 3.248450029
1571325968 3.33158886
1571326860 2.990892577
1571327076 3.244854125
1571327285 2.995653794
1571395961 3.382374205
1571396159 3.663902731
1571396356 4.473221113
1571396555 3.586850656
1571396754 3.375933659
1571396980 3.264743767
1571397185 3.757574951
1571397386 3.632115905
1571397582 3.249348235
1571397779 3.675664687
1571405028 3.157472057
1571405226 3.630384673
1571405424 3.279525787
1571405657 3.074517363
1571405856 3.299805324
1571409074 3.329419367
1571409276 3.408242135
1571409478 3.311143825
1571409694 3.488792482
1571409893 2.947227511
1571664497 5.423464166
1571665008 2.870595752
1571665222 3.308525813
1571665416 3.403521341
1571665611 3.284065028
1571665806 3.280833782
1571668223 3.267676489
1571668422 3.587069559
1571668626 3.221124854
1571668820 3.452863813
1571669021 3.084260112
1571752094 3.295749763
1571752290 2.91972282
1571752489 3.036382397
1571752694 3.380082898
1571752890 3.236522547
1571753084 3.17618923
1571753281 3.315465157
1571753479 3.054385968
1571753677 3.223007393
1571753874 3.074109525
1571760231 3.013944567
1571760429 3.246240874
1571760630 3.407983678
1571760827 3.652860949
1571761029 3.121559351
1571761237 3.205874892
1571761436 3.25112582
1571761630 3.147835674
1571761827 3.505306256
1571762034 3.290633743
1572003337 3.030040528
1572003533 3.335987231
1572003729 3.357984642
1572003926 3.165275512
1572004123 3.253131325
1572004319 3.252042928
1572004513 2.832754048
1572004712 3.144436208
1572004914 4.032081541
1572005113 2.994209345
1572011314 3.250597779
1572011511 3.270632938
1572011707 3.871207633
1572011905 3.219996085
1572012101 3.136952729
1572012298 3.448685917
1572012493 3.544924122
1572012687 3.087813146
1572012881 3.490180793
1572013076 3.251727711
1572265136 3.116123381
1572265532 2.926986775
1572265729 3.177152252
1572265934 3.564022631
1572266136 3.199678969
1572266334 3.926002342
1572266534 3.142203902
1572266733 3.155160929
1572266936 3.716121895
1572274190 2.515827688
1572274363 2.356871223
1572274532 2.386994434
1572274704 2.526090111
1572274872 2.895980504
1572275041 2.396596117
1572275214 2.18565262
1572275391 2.70276482
1572275559 2.637164297
1572275732 2.813240756
1572361351 3.189267666
1572361546 3.156660104
1572361741 2.952150092
1572361936 3.03599868
1572362135 3.28740527
1572362329 3.207900289
1572362525 3.10877474
1572362724 3.292881935
1572362919 3.336083601
1572363115 3.184621147
1572366981 2.568085429
1572367149 2.424670819
1572367321 2.685796642
1572367487 2.490376387
1572367670 2.374183283
1572367847 2.485040956
1572368016 2.461930582
1572368185 2.511677599
1572368352 2.284857751
1572368517 2.482335638
1572532466 3.073623725
1572532667 2.910685617
1572532872 3.380207576
1572544569 2.511710718
1572544737 2.336683796
1572544908 2.505777104
1572545081 2.58868722
1572545254 2.426077794
1572870083 2.463904504
1572870301 2.215141576
1572870483 2.440164024
1572870704 2.510720216
1572870873 2.518212313
1572965631 2.474443362
1572965797 2.575085347
1572965966 2.505375925
1572966138 2.657279371
1572966304 2.638366623
1572966476 2.523246156
1572966659 2.269794204
1572966839 2.730976483
1572967003 2.520984967
1573207110 2.824768374
1573207278 2.388608149
1573207448 2.271538556
1573207782 2.876942614
1573207950 2.738487557
1573208117 2.493538669
1573208282 2.861283174
1573208450 2.557960864
1573208616 2.439835794
1573220519 2.256272765
1573220687 2.231337014
1573220856 2.557891455
1573221023 2.645003464
1573221190 2.679153891
1573221354 2.940355023
1573221524 2.613585101
1573221691 2.640583249
1573221860 3.170632079
1573222049 2.388984913
1573222219 2.508799688
1573222386 2.507185783
1573222552 2.627048422
1573222722 2.382303504
1573301200 2.435016297
1573301369 2.38419266
1573301551 2.511421829
1573301719 2.614249035
1573301905 3.647727603
1573302085 2.303756652
1573302252 2.559525496
1573302426 2.699597793
1573302595 2.520239174
1573302778 2.781560048
1573303912 2.270962716
1573304076 2.21794346
1573304237 2.236404725
1573304403 2.692566526
1573304562 2.310401956
1573304728 2.255598566
1573304887 2.425078874
1573305048 2.455790661
1573305369 2.085791641
1573752541 2.271205065
1573752799 3.450618542
1573752958 2.218847351
1573753117 3.555263933
1573753274 2.557924992
1573753429 2.866396034
1573753588 2.078178318
1573753740 2.257526959
1573753903 2.16766206
1573754722 2.478877623
1573754883 2.558066701
1573755044 2.327108579
1573755210 2.54678959
1573755373 2.140580045
1573755530 2.177211362
1573755685 2.298391567
1573755843 2.165663079
1573756001 2.096274806
1573756157 2.951592467
1573831466 2.290427098
1573831624 2.130965439
1573831783 2.373794012
1573831955 2.289184788
1573832107 1.905432816
1573832269 2.557079052
1573832427 2.111797811
1573832589 2.011472278
1573832745 2.08798465
1573832900 2.301361335
1573833252 2.217198798
1573833416 2.532995487
1573833573 2.498995138
1573833731 2.127545687
1573901105 2.168143769
1573901262 2.724848824
1573901419 2.003240428
1573901735 1.913760003
1573902045 2.273470256
1573902202 2.86120577
1573902360 2.058930513
1573902516 2.132854826
1574685835 3.195611376
1574686030 7.25484185
1574686195 2.503409502
1574686358 3.60677979
1574686515 3.170295928
1574686681 2.384828068
1574686845 3.881171652
1574687032 3.040988315
1574687206 3.615062836
1574687370 2.553899581
1574689699 2.163179524
1574689916 3.841926412
1574690085 3.62357617
1574690254 3.547555846
1574690424 3.808575392
1574690585 2.678223561
1574690755 3.098521496
1574690914 3.118561383
1574691099 4.00353397
1574691278 3.845230241
1574706900 3.504526669
1574707142 2.423908646
1574954244 5.024444251
1574954409 3.683714096
1574954586 3.83451464
1574954750 3.083627661
1574954934 3.369613282
1574955091 3.796937854
1574955349 3.233325328
1574955667 3.676750858
1574955828 3.392306883
1575026577 2.997445285
1575026737 3.327763358
1575026898 2.428640554
1575027059 3.231948805
1575027223 3.823774774
1575027387 3.062701343
1575027550 2.899258428
1575027708 3.242289364
1575027872 3.735221448
1575028036 2.860447543
1575112893 2.065381924
1575113057 2.942818502
1575113214 2.812530712
1575113377 2.960283521
1575113535 3.669423277
1575113694 2.749865143
1575113851 3.14004355
1575114009 3.374027228
1575114172 3.053226129
1575114333 2.610252025
1575289822 3.689832488
1575289989 3.005856663
1575290156 2.827418554
1575290344 4.165561283
1575290513 3.435771163
1575290689 3.280519104
1575290856 2.476362337
1575291011 3.458290367
1575291174 3.154555264
1575291335 2.904129981
1575384223 2.367892314
1575384383 4.336141791
1575384543 3.068401276
1575384704 3.745917755
1575384866 3.335997022
1575385026 2.937334695
1575385185 2.694978307
1575385344 3.049874081
1575385508 3.059006236
1575385668 2.905399399
1575556604 2.867720061
1575556765 3.08661269
1575556938 5.244513797
1575557123 3.119284479
1575557293 4.356427439
1575557476 3.791452332
1575557652 2.941748246
1575557824 3.164760789
1575558284 3.744195581
1575558470 3.294774442
1579184103 2.74409919
1579184818 3.12274759
1579184980 4.093831135
1579185144 2.651415171
1579185317 3.181185414
1579185495 2.775684368
1579185676 3.078173274
1579185856 6.163762104
1579186045 1.79515099
1579186215 3.373506663
1579351839 3.675088922
1579351999 3.29442659
1579352160 3.054718412
1579352321 3.205445048
1579352484 2.952475944
1579352648 3.252264778
1579352805 2.904249049
1579352967 3.923969562
1579353130 3.047458807
1579353996 3.714446457
1579522921 2.874401467
1579523124 3.08887684
1579523316 2.829985699
1579523479 3.004654138
1579523654 2.770004003
1579523835 3.342729625
1579524017 2.855461129
1579524205 2.530641891
1579524372 4.114124134
1579524540 2.896536518
1579537526 3.632007499
1580215399 3.483687995
1580215570 3.455896716
1580215733 2.472000472
1580215892 3.172466726
1580216052 2.937334406
1580216215 2.872601701
1580216374 2.991872925
1580216538 3.651950464
1580216698 3.498337343
1580216878 3.839123649
1580304787 2.856381622
1580305106 2.830641423
1580305266 3.220996005
1580305450 3.131579448
1580305613 3.791741066
1580305774 2.998540149
1580305932 2.25866827
1580306087 2.974301667
1580306248 3.444637138
1581935445 2.609985516
1581935608 2.4727927
1581935772 3.273366733
1581936111 3.381727327
1581936283 2.192937362
1581936445 3.074893931
1581936604 2.398799752
1581936779 3.16210151
1582026962 2.823237834
1582027124 2.535709396
1582027290 2.904176304
1582028035 2.879658437
1582028201 3.49784302
1582028371 2.904373245
1582028540 2.660359445
1582113184 2.669868031
1582113344 3.530306305
1582113509 3.745278504
1582113679 3.159699025
1582113843 3.323915125
1582114019 2.620073608
1582114343 2.940543593
1582114674 2.013004077
1582114834 3.127572965
1582115164 3.331572994
1582115332 2.839569061
1582115495 2.400559474
1582115985 2.859756048
1582116379 3.104390508
1582116557 2.950032414
1582116721 2.954124007
1582119203 3.624957969
1582119727 2.443742388
1582119887 2.943450649
1582120956 2.89110324
1582121123 2.454723693
1582121368 2.72038593
1582125273 2.430224379
1582125721 3.29378905
1582125917 3.883246819
1582126082 2.730366604
1582126250 2.383859205
1582126412 3.062954331
1582126580 3.276430517
1582126743 3.254215187
1582126906 2.646053371
1582127067 3.003752067
1582127232 2.291395704
1582127401 3.124155616
1582127567 2.878005054
1582127731 2.399747032
1582128055 2.332467351
1582128399 2.682914921
1582128562 2.458562881
1582128724 3.58915452
1582128889 3.403210524
1582129057 2.997195085
1582129225 2.171693223
1582129384 2.055571606
1582129708 2.124749658
1582185132 3.45852735
1582185313 2.880582615
1582186045 3.151559005
1582186205 2.30697642
1582186940 3.088640344
1582187901 2.738870462
1582188062 2.811921991
1582188220 2.963745786
1582188379 3.756943949
1582193831 2.947386119
1582193994 2.812625702
1582194158 2.862555841
1582194315 2.656406744
1582194476 3.225004998
1582194640 2.653025
1582194806 3.156185584
1582194969 2.680403272
1582195130 2.585463036
1582195294 2.570989545
1582195788 3.153193974
1582195946 2.941859847
1582196105 2.679699108
1582196264 2.690696591
1582196423 2.676566472
1582196582 3.518499168
1582196740 3.255812597
1582196900 2.549860514
1582197062 2.564194901
1582197229 3.195733289
1582197385 2.002435918
1582197561 3.197110743
1582197722 2.474976724
1582197880 2.429597235
1582198038 2.933449297
1582198195 2.899426072
1582198356 2.91152257
1582198515 2.686972654
1582198794 2.595574302
1582199146 3.7673856
1582631451 2.370773869
1582631612 2.451938041
1582631768 2.797857119
1582631924 2.940805701
1582632082 2.859699611
1582632238 3.192267533
1582632561 3.867523949
1582632723 2.494696586
1582632881 3.491689859
1582884582 2.482361635
1582884759 3.401789781
1582884928 2.690816039
1582885092 2.327884651
1582885255 3.456417139
1582885418 2.711377173
1582885577 3.241755567
1582885739 2.859869499
1582885904 2.754950638
1582886062 3.004657961
1574707142 2.423908646
