1570543681 4.294924143
1571396094 3.275657987
1572011447 3.474046915
1572274476 2.828385186
1572545026 2.747014738
1572545199 2.877804317
1572965575 2.900665812
1572966083 2.851651455
1572966948 3.166765338
1573207055 2.920519897
1573301850 3.025357533
1573302197 2.524355055
1573302722 3.091857947
1573304184 2.485576261
1573304350 2.962844015
1573304509 2.543806603
1573304676 2.480541393
1573304835 2.257169847
1573304995 2.975531028
1573305157 2.719163224
1573305317 2.84911555
1573752489 2.374237261
1573752747 2.431596578
1573752906 2.812956822
1573753065 2.8164764
1573753222 2.646541156
1573753377 2.348677266
1573753536 2.75712979
1573753689 2.781939521
1573753851 2.51997999
1573754670 2.406671357
1573754831 2.597218964
1573754992 3.002810936
1573755159 2.390836693
1573755321 2.33730584
1573755633 2.460992052
1573755791 2.430758986
1573755949 2.966642045
1573831903 2.522247366
1573832055 2.360277859
1573832216 3.023224882
1573832537 2.532035445
1573832693 2.610769503
1573833044 2.983231651
1573833200 2.443216885
1573833364 2.303572839
1573833521 3.001155564
1573833679 2.516692275
1573901053 2.476181468
1573901211 2.307589235
1573901367 2.872115641
1573901523 2.508874916
1573901684 2.517161336
1573901838 2.735786916
1573901993 2.792345662
1573902151 2.512785734
1573902309 2.449328869
1574685781 2.332672837
1574685971 2.67198495
1574686143 2.470653734
1574686304 2.51803797
1574686462 3.11350003
1574686629 2.301779402
1574686793 2.380666301
1574686978 2.509760858
1574687318 2.474642128
1574689647 2.324126814
1574689863 2.825890496
1574690032 3.075993223
1574690202 2.290894344
1574690371 2.760680251
1574690531 2.467060867
1574690702 2.478001956
1574690862 2.672368486
1574691226 2.30269757
1574706847 3.169718328
1574707090 2.378535168
1574954192 3.064772195
1574954357 2.376749514
1574954534 2.315967048
1574954698 2.601018729
1574954880 2.347504482
1574955038 2.780907289
1574955297 2.801530677
1574955457 2.475477389
1574955615 2.298730895
1574955776 2.45927893
1575026524 2.474242674
1575026685 2.563772955
1575026847 2.523921208
1575027007 2.303878762
1575027170 2.779212047
1575027332 2.415141432
1575027498 2.730262108
1575027655 2.475793329
1575027820 2.375832328
1575027983 2.989834649
1575112840 2.442726749
1575113001 2.658962683
1575113163 2.527593254
1575113324 2.476340857
1575113483 2.833267325
1575113641 2.302152423
1575113799 3.007932091
1575113957 2.520239621
1575114120 2.670001465
1575114281 2.602411183
1575289770 2.259873826
1575289936 2.923376821
1575290102 4.400140892
1575290285 2.759037357
1575290457 2.649955961
1575290633 2.380846781
1575290802 2.947739193
1575290959 2.349017038
1575291121 2.717486757
1575291283 2.445443399
1575384171 2.505923664
1575384331 2.817093652
1575384492 2.263312568
1575384814 2.63589417
1575384971 2.340553529
1575385133 2.79678889
1575385292 2.367257097
1575385451 2.6822933
1575385615 2.701782002
1575556553 2.339944595
1575556713 2.552047892
1575556879 2.304024944
1575557070 3.046881232
1575557240 2.295013989
1575557424 2.317781715
1575557598 2.454100721
1575557772 2.868116074
1575558230 2.388775448
1575558418 2.812168118
1579184050 2.395027537
1579184766 2.56018017
1579184927 2.525506774
1579185089 2.844107427
1579185441 2.400947792
1579185624 2.515950265
1579185990 2.839391314
1579186163 2.571490237
1579351780 2.513718746
1579351947 2.671575291
1579352108 2.308125242
1579352269 3.041861403
1579352432 2.441381331
1579352595 2.618268578
1579352753 2.304417546
1579352915 2.562858481
1579353078 2.419090253
1579353956 2.768312862
1579522869 2.34847908
1579523072 2.782023683
1579523263 2.383094239
1579523428 2.468703596
1579523601 2.407539627
1579523782 2.699742172
1579523965 2.400684146
1579524152 2.692695347
1579524319 2.432106567
1579524487 2.81838684
1579537474 2.470949389
1580215322 2.846996082
1580215680 2.853196926
1580215839 2.342031884
1580216000 2.684210489
1580216163 2.394833277
1580216322 3.129937071
1580216484 2.306381623
1580216643 2.516951119
1580304735 3.061204109
1580304892 2.345999121
1580305053 2.687579429
1580305215 2.254724097
1580305398 2.568909974
1580305558 2.339883948
1580305722 2.700629044
1580305880 2.352203723
1580306034 2.738944553
1580306195 2.376282233
1581935235 2.626664461
1581935393 2.456014486
1581935554 2.412080005
1581935720 2.257392243
1581935887 2.435628016
1581936059 2.303985017
1581936230 2.380764695
1581936393 2.344972567
1581936552 2.427137583
1581936727 2.338917134
1582026908 2.565865285
1582027071 2.561090883
1582027235 2.439625972
1582027403 2.415593994
1582027816 2.516969492
1582028149 2.984326528
1582028316 2.397943863
1582028483 3.072474026
1582113124 2.349150073
1582113291 2.526958021
1582113454 2.29565001
1582113623 3.164422617
1582113788 2.909413738
1582113963 2.488237283
1582114125 2.842882979
1582114455 3.389699438
1582114948 3.072559182
1582115110 2.917315185
1582115277 2.815108143
1582115440 2.331212422
1582115604 2.456868048
1582115767 2.505524614
1582115930 2.569086675
1582116112 2.542824667
1582116328 2.389975972
1582116503 2.483583356
1582116669 2.499657577
1582118988 2.312949571
1582119151 2.388029669
1582119321 2.777172963
1582119496 2.642447078
1582119673 2.72626751
1582119835 2.728602679
1582120178 2.861957108
1582120902 2.419974003
1582121070 2.366089093
1582121314 2.40275962
1582125219 2.441147281
1582125378 2.501890047
1582125862 2.823240829
1582126029 2.923317959
1582126197 3.191393898
1582126359 3.151478843
1582126525 2.684330345
1582126687 2.997008606
1582126853 2.961123275
1582127177 3.174400059
1582127345 2.608364148
1582127512 2.688854119
1582127676 2.901518673
1582127840 2.847466394
1582128000 2.847082511
1582128167 2.891576697
1582128346 3.153744554
1582128507 2.654567514
1582128670 2.317925919
1582128836 2.812000265
1582128998 2.474547569
1582129171 2.42076943
1582129330 2.257348525
1582129490 2.507342495
1582129655 2.393829019
1582185078 2.726931093
1582185259 2.519527781
1582185992 2.426552427
1582186153 2.315955616
1582186885 2.355364949
1582187849 2.439480788
1582188008 2.470079978
1582188167 2.687981834
1582188327 2.434039004
1582193778 2.813522701
1582193942 2.941732508
1582194106 2.908329894
1582194423 2.392349407
1582194588 2.45962321
1582194748 2.270425306
1582194918 2.524395592
1582195078 2.629134874
1582195733 2.345596308
1582195893 2.469428212
1582196051 2.417949013
1582196212 2.622198787
1582196371 2.740768564
1582196530 2.688061288
1582196688 2.660040371
1582197010 2.767445389
1582197175 2.941560965
1582197333 2.616814527
1582197499 2.372588157
1582197670 2.21311473
1582197827 2.351870147
1582197986 2.519260531
1582198142 2.538509613
1582198304 2.480184009
1582198461 2.414165297
1582198742 2.742804748
1582199091 2.791112226
1582631398 2.510077401
1582631715 2.439160554
1582631872 2.487170598
1582632028 2.520922286
1582632187 2.692066996
1582632346 2.523446484
1582632509 2.440526047
1582632829 3.090173953
1582884528 2.913860649
1582884875 2.747741085
1582885039 2.971718615
1582885203 2.816632276
1582885365 2.654677862
1582885525 2.850041299
1582885687 2.77326514
1582885852 2.86948416
1582886009 2.430994231
1574707090 2.378535168
