1569853772 13.059951173
1569854345 512.54185069
1569855389 13.101219561
1569856440 12.361043168
1570447188 13.819657979
1570448956 12.846267282
1570449457 12.921358836
1570449895 13.303211854
1571323443 12.987447003
1571323836 12.847537805
1571324239 12.766785987
1571324638 12.928851719
1571327568 12.88309346
1571327959 12.993420599
1571328350 12.80476606
1571328741 12.78849928
1571329132 12.840064942
1571329523 12.807415236
1571330497 12.776225557
1571398071 13.028912404
1571398467 12.836989643
1571398860 12.939766556
1571399251 12.958272669
1571399643 12.907246827
1571400040 12.849142041
1571400432 12.924546573
1571400860 12.832473928
1571401252 13.784785365
1571401644 12.933504345
1571407025 12.810301764
1571407416 12.79709166
1571407807 12.874159136
1571408196 12.867095277
1571408590 13.00456835
1571666082 12.916427461
1571666471 13.001282614
1571666863 12.907929715
1571667256 12.864139834
1571667700 12.886819907
1571669351 12.894113717
1571669746 12.882877519
1571754262 12.888090447
1571754653 13.289039693
1571755054 13.227408402
1571755450 12.869114777
1571756682 12.827792115
1571757112 12.97180939
1571757542 12.923444955
1571757938 12.796888298
1571758330 12.914039873
1571758722 12.844082372
1571762335 12.883166573
1571762732 12.858112564
1571763124 12.884434507
1571763513 12.787689452
1571763907 12.821392789
1571764332 12.99225369
1571764722 13.056093847
1571765113 13.250088714
1571765502 13.124401601
1571765893 12.897711945
1571766857 13.236722011
1571767639 13.347531217
1572006612 12.814403723
1572007221 12.903418809
1572007544 82.852125364
1572008114 12.828944016
1572008525 13.190846898
1572008918 12.88973203
1572009311 13.043259934
1572009701 12.939345659
1572010092 12.853296164
1572010489 12.995741959
1572010879 12.892518178
1572013442 13.41831883
1572013836 13.177933332
1572014226 13.191373624
1572014617 13.07560584
1572015006 13.168476768
1572269058 17.718465184
1572269478 13.391404559
1572269892 12.938746075
1572270299 13.028659714
1572270694 13.078957949
1572271179 13.660805869
1572272416 10.806893966
1572272747 11.165413834
1572273082 10.819043243
1572273428 10.919239661
1572273761 10.750840546
1572276186 10.648039561
1572276522 11.646425629
1572276856 11.362973495
1572277187 10.956317393
1572277523 10.748327517
1572277881 10.894095608
1572278213 10.78927404
1572278544 11.083822064
1572363603 10.5986427
1572363933 10.732037731
1572364263 10.814305578
1572364593 10.431876259
1572364932 10.482917724
1572365268 10.445514668
1572365645 10.516255529
1572366019 10.456342297
1572366360 10.246572237
1572366694 10.460540934
1572369721 10.538797682
1572370052 10.562738171
1572370382 10.421847525
1572370715 10.565933205
1572371043 10.549743386
1572371376 10.431142095
1572371705 10.485080445
1572372036 10.477840244
1572372365 10.573342767
1572372696 13.384362059
1572533706 10.988017849
1572534052 10.800511394
1572534410 10.365633969
1572534739 10.410089311
1572535073 10.525530895
1572535421 10.475414052
1572535751 10.598127989
1572536086 10.496322651
1572536449 10.444274782
1572536785 10.578969398
1572537702 10.973688545
1572538355 10.381639874
1572539015 10.490542765
1572539668 10.451150059
1572540316 10.366284154
1572541226 10.467243355
1572541874 10.497208234
1572542524 10.483987513
1572543170 10.436589385
1572543842 10.514316518
1572871589 10.740488061
1572872240 10.746641911
1572872922 10.887421215
1572873570 10.719895684
1572874228 10.457180631
1572875293 10.602625904
1572876147 10.784705509
1572877373 10.732264043
1572878028 11.286848434
1572879267 14.469093013
1572880334 10.727299935
1572880667 11.368329437
1572881015 10.472105229
1572881351 10.494983776
1572881683 10.572308289
1572882016 10.448977234
1572882345 10.58535447
1572882736 10.557245931
1572883088 10.585454262
1572883427 10.458101125
1572967657 10.469020541
1572968315 10.459585809
1572969615 10.484156186
1572970276 10.516305211
1572970926 10.486403839
1572971588 10.503877482
1572972250 10.505492421
1572972899 10.859437142
1572973615 10.42398361
1572974264 10.439316619
1572974922 10.596705479
1572975324 10.448070064
1572975654 10.416278917
1572976026 10.500481239
1572976404 10.451539935
1572976736 10.480063065
1572977065 10.385650801
1572977429 10.466101942
1572977758 10.496187365
1572978106 10.46005148
1573209198 10.459709812
1573209869 10.46923115
1573210529 10.508575142
1573211199 10.670445777
1573211857 10.537244782
1573212505 10.547062541
1573213157 10.519281498
1573213807 10.448497384
1573214480 10.564544851
1573215138 10.473027521
1573218351 10.413280382
1573218683 10.37509194
1573306591 10.255482928
1573306912 11.406474357
1573307248 10.926933206
1573307568 9.492406346
1573307883 10.498244185
1573308203 10.170100792
1573308532 13.781878229
1573309173 10.794334514
1573309503 10.6309015
1573310644 10.085231231
1573311262 10.413618849
1573311873 10.18922437
1573312579 10.888653291
1573313198 10.629358925
1573313820 11.03132978
1573314449 10.437692507
1573315065 11.128528201
1573828116 10.75351132
1573828425 9.988189551
1573828733 9.444600739
1573829038 9.772492016
1573829342 9.347564811
1573829652 9.835943109
1573830209 10.372053065
1573830518 9.887074239
1573830824 9.291974624
1573831132 9.572630326
1573902765 9.151020279
1573903075 9.975067622
1573903387 9.825469565
1573903700 10.104560854
1573904009 10.101899194
1573904317 9.505025788
1574688084 10.80775751
1574688403 10.014405191
1574692095 10.497612577
1574692410 10.149782604
1574693325 9.729097306
1574693647 9.938722608
1574693973 10.509263893
1574694397 10.040734817
1574694721 10.080169442
1574695275 9.929871924
1574695617 10.162775134
1574695926 9.895323444
1574696663 9.981877253
1574697242 10.496898851
1574697834 10.115959643
1574698405 9.682454738
1574698993 9.887699606
1574708864 10.554977277
1574709812 10.68809121
1574711070 10.336062881
1574950874 9.175072128
1574951249 9.499098552
1574951603 10.10313989
1574951929 9.860363926
1574952245 10.539869631
1574952642 9.616084619
1574952970 9.230880843
1574953337 9.726003523
1574953647 9.301819887
1574953985 9.123591616
1574956413 9.16510203
1574957076 9.130461726
1574957677 9.490738414
1574958261 9.350243696
1574958854 9.620548584
1574959463 9.684700177
1574960042 9.180745977
1574960618 9.195658956
1574961229 9.225981002
1574961865 9.341670932
1575028275 9.252699465
1575028584 9.745742447
1575028895 9.133746801
1575029232 9.420939881
1575029543 9.266021339
1575029853 9.28287481
1575030166 9.153454622
1575030480 9.969752034
1575030799 9.222968892
1575031126 9.376208181
1575033342 10.368550612
1575033910 9.589911941
1575034500 9.230875279
1575035075 9.14564381
1575035637 9.506834397
1575036674 9.387226715
1575037236 9.492377703
1575037794 9.219410456
1575038797 9.352679866
1575039369 9.568063434
1575114558 9.32475156
1575114865 9.2219528
1575115175 9.25975524
1575115484 9.387115533
1575115792 9.407458781
1575116110 9.08089091
1575116420 9.663862943
1575116730 9.331999335
1575117039 9.726555246
1575117347 9.32609928
1575120629 10.072072699
1575121194 9.334774376
1575122188 9.208026344
1575122814 9.241611592
1575123372 9.1536242
1575123930 9.270975848
1575124486 9.134705271
1575125053 9.255318088
1575125618 9.252647485
1575126184 9.190456518
1575293076 9.873049127
1575293410 9.637043743
1575293749 9.529228796
1575294087 9.727429846
1575294431 9.647432219
1575294776 9.38308905
1575295144 9.375645931
1575295534 9.587310314
1575296761 9.394824101
1575297096 10.02468189
1575297935 9.219611763
1575298508 10.066450469
1575299078 9.900291349
1575299659 9.513622859
1575300229 9.219507008
1575300847 9.336030609
1575301620 9.395903771
1575302228 9.23027345
1575385968 10.169052949
1575386280 11.698961069
1575386591 9.984645797
1575386996 10.40458082
1575387304 9.789412685
1575387613 10.370618958
1575387922 10.041312172
1575388229 11.930626432
1575388541 9.691169732
1575388843 9.997512795
1575390417 10.245625277
1575390986 10.415709562
1575391549 9.958425555
1575392180 9.682584142
1575392925 9.804524366
1575393561 9.820535549
1575394121 9.70887591
1575394687 9.758139882
1575395250 10.143580969
1575395813 10.216354522
1575558727 9.211116638
1575559040 9.226870426
1575559366 9.232185602
1575559686 9.316182055
1575560053 10.258480164
1575560383 9.670696246
1575560715 12.820293779
1575561251 9.404427918
1575561591 9.344390046
1575561949 9.240240021
1575562736 9.051199683
1575563345 9.230085581
1575563994 9.14821947
1575564590 9.272677879
1575565173 9.232827086
1575565738 9.79437734
1575566312 9.176058357
1575566912 9.236988682
1575568239 9.322474256
1575568823 9.177419771
1579186475 9.966367189
1579186820 10.556820567
1579187832 10.086800445
1579188164 10.481494893
1579188611 10.270680117
1579189144 9.862985299
1579189477 9.815585329
1579189803 9.953297726
1579190144 10.5709397
1579190480 10.467552253
1579191268 10.413445579
1579191882 10.604937668
1579192448 10.5200224
1579193032 9.200695051
1579193618 9.249058565
1579194183 9.358675274
1579194751 9.607671127
1579195316 9.214946403
1579195907 9.294549938
1579196469 9.252980167
1579354233 9.067171747
1579354542 9.34280005
1579354850 9.279327939
1579355158 9.150702236
1579355466 9.298624246
1579355776 9.115260134
1579356085 9.1068751
1579356392 9.357782108
1579356697 9.263711138
1579357003 23.76519344
1579359673 9.217857829
1579360251 9.724543051
1579360811 9.263982165
1579361367 9.285481457
1579361922 9.199237001
1579362477 9.0442747
1579363034 9.168237339
1579363600 9.186118569
1579364166 9.198715757
1579364726 9.204101055
1579524844 10.215629668
1579525185 10.498774687
1579525571 10.175117683
1579525896 9.911356191
1579526223 9.654424781
1579528518 9.974886695
1579528951 9.978433989
1579529327 10.177304975
1579529668 9.673738236
1579529978 10.483111469
1579530718 10.462053746
1579531291 10.369177676
1579532347 10.216698637
1579533039 10.072973589
1579533699 10.060513091
1579534342 10.194897369
1579534986 9.761550536
1579535603 10.345830198
1579536675 10.309671638
1579537250 10.203325022
1580217970 11.784400132
1580218298 9.449117679
1580218624 9.385561824
1580218949 9.167498136
1580219324 9.276658403
1580219669 9.285230187
1580222386 9.187136207
1580222699 9.47825054
1580223010 9.070842652
1580223316 10.979058996
1580223977 9.295950437
1580224535 9.307585907
1580225092 9.239434383
1580225656 9.159863867
1580226214 9.899126245
1580226802 9.844263095
1580227368 9.108415651
1580227967 9.230869414
1580228546 9.792347607
1580229106 9.352002546
1580306605 9.140429039
1580306909 9.683776959
1580307308 9.241005555
1580307787 9.272258606
1580308099 9.538297831
1580308414 10.22901423
1580310615 10.107877939
1580310930 9.207747983
1580311240 9.980767951
1580311550 9.183324394
1580311925 9.086279986
1580312534 9.240456923
1580313113 9.231427399
1580313993 9.179735092
1580314633 9.204869251
1580315189 9.362895577
1580315752 9.197654635
1580316313 9.359213722
1580317022 9.708454044
1580317611 9.597278663
1581937004 10.467027928
1581937317 10.308951085
1581937662 9.493520054
1581937983 10.197137032
1581938303 9.934667074
1581938629 9.027088424
1581938930 9.662482591
1581939272 10.951905653
1581939597 10.320752548
1581939898 10.542801148
1581942675 9.657606273
1581942926 609.001478341
1581944252 9.965523543
1581945198 9.274247649
1581946148 9.291131581
1581946717 10.23489534
1581947611 10.165230353
1581948204 9.629805214
1581949321 11.280870089
1582030412 11.292141493
1582030720 11.311596304
1582031367 10.248397116
1582031665 11.126082087
1582032007 10.39449443
1582032349 11.292490106
1582032659 10.84069586
1582032957 10.893290958
1582033252 10.529448441
1582033609 11.359328446
1582035024 11.096864574
1582035895 10.692536572
1582036500 11.338821747
1582037110 11.178293654
1582037709 11.171661879
1582038304 10.90472221
1582038891 11.03569557
1582041807 11.153710706
1582042557 10.59739944
1582044007 10.136126124
1582044598 11.185452963
1582044910 9.948254666
1582045213 11.190191756
1582045511 10.378812043
1582045823 11.003698741
1582046119 10.840176891
1582120468 10.182445146
1582188879 9.789118071
1582190909 10.930519223
1582191199 10.517963999
1582191496 10.598965651
1582191789 13.454445775
1582192079 10.739492462
1582192374 10.440727477
1582192671 9.199870106
1582192957 10.267803829
1582193247 10.529479318
1582635021 9.258280882
1582635306 9.313068795
1582635590 9.527846664
1582635874 9.12112841
1582636161 9.226345466
1582636447 10.002872463
1582636740 9.093908887
1582637025 12.888437497
1582637332 10.412202925
1582637627 9.544609051
1582638196 10.237094905
1582638758 9.194134057
1582640422 9.898535152
1582641012 9.307367316
1582641571 9.201313833
1582642144 9.523946741
1582642711 9.131447155
1582643285 9.602025808
1582643883 9.171324555
1582644441 9.359306654
1582886273 9.214681769
1582886561 9.246773823
1582886857 9.22058119
1582887146 10.205257079
1582887435 9.335689685
1582887727 10.2068265
1582888012 9.142203945
1582888298 9.197780524
1582888587 10.488008911
1582888948 9.385541667
1582899051 9.60803569
1582899616 10.585920174
1582900181 9.187220603
1582900741 9.257805836
1582902486 9.911251636
1582903046 9.446799626
1582903650 9.117888562
1574711070 10.336062881
1574708864 10.554977277
