1569853931 4.271597961
1569854955 4.641537659
1569855506 4.213233473
1569856528 5.147847878
1570447351 4.609859764
1570448182 4.045377172
1570449110 4.097655854
1570449566 4.055774865
1571323552 4.310657318
1571323955 4.358007034
1571324353 4.334383986
1571324745 4.11928067
1571327675 4.115449925
1571328066 3.981866946
1571328458 4.11737231
1571328848 4.13887092
1571329241 4.177117157
1571329629 4.04089379
1571330607 4.317728958
1571398179 4.383725871
1571398576 4.184045891
1571398967 4.0056123
1571399359 4.136660965
1571399751 3.968254787
1571400148 4.130407007
1571400569 4.146637753
1571400967 4.222462083
1571401361 4.221481287
1571401751 4.574013138
1571407131 4.135587164
1571407524 4.180259364
1571407914 4.178221507
1571408304 4.77888669
1571408696 4.25859257
1571666189 3.981802235
1571666580 4.199027385
1571666972 4.292334493
1571667363 4.230394872
1571667808 4.286537828
1571669459 4.120838326
1571669852 4.135146969
1571754369 4.247529753
1571754761 4.201951662
1571755161 4.056165761
1571755564 4.138985406
1571755980 4.21313787
1571756793 4.191266882
1571757230 4.413310828
1571757648 4.041509999
1571758046 4.194507046
1571758437 4.180040225
1571758830 4.035421169
1571762441 4.090820144
1571762839 4.271120135
1571763230 4.25676757
1571763621 4.064451118
1571764014 4.17509917
1571764439 4.301170147
1571764830 4.037971676
1571765219 4.224067313
1571765611 4.101906316
1571766000 3.959363007
1571766968 4.27024202
1572006702 4.028599102
1572007328 4.275408443
1572007723 4.048023934
1572008232 4.098194418
1572008634 4.180243059
1572009028 4.002465677
1572009418 4.248061895
1572009809 4.148114144
1572010199 3.888730513
1572010596 4.169030148
1572010987 4.05959794
1572013549 4.265859071
1572013943 4.189143939
1572014335 3.975488807
1572014724 3.928743237
1572015114 4.217219897
1572268257 4.313622895
1572269173 2.097635093
1572269585 4.48024225
1572270001 4.044229067
1572270407 4.259986568
1572270801 4.024670904
1572271307 7.19445974
1572272508 3.168895762
1572272842 4.802193178
1572273173 5.421552373
1572273522 3.364756091
1572273857 3.253657297
1572276279 3.106377675
1572276615 3.282049067
1572276948 3.108805152
1572277280 2.896370509
1572277614 3.148089604
1572277973 3.160218433
1572278305 3.10871914
1572278637 3.274432864
1572363695 3.153055667
1572364025 3.12021569
1572364356 3.193250317
1572364688 3.304576419
1572365023 3.324347874
1572365360 3.156048098
1572365739 2.904763381
1572366119 3.094971598
1572366452 3.523835133
1572366785 3.187336016
1572370144 3.027730839
1572370475 3.311318908
1572370806 3.158685165
1572371135 3.20023701
1572371467 3.138600905
1572371797 3.319222095
1572372127 3.228465938
1572372456 3.109788506
1572372790 3.248795084
1572533801 2.999695275
1572534155 3.60320155
1572534502 2.882678556
1572534832 3.293327579
1572535182 3.143027513
1572535513 3.295803619
1572535843 3.024380026
1572536178 3.263963423
1572536542 3.203206194
1572536878 3.291956683
1572537798 5.668072633
1572538453 3.453487769
1572539109 3.283809606
1572539762 3.379576689
1572540410 3.412079425
1572541321 3.372535836
1572541970 3.58391734
1572542618 3.333599985
1572543263 3.404492539
1572543936 3.455253404
1572871685 3.499232875
1572872334 3.59586265
1572873015 3.30615194
1572873666 3.45197257
1572874321 3.358572135
1572875387 3.788828103
1572876253 3.724860444
1572877467 3.576283574
1572878123 3.418733777
1572879365 3.571103139
1572879987 13.768045018
1572880425 3.185918934
1572880760 3.226417464
1572881111 2.982451773
1572881442 3.023330992
1572881777 3.332711165
1572882107 3.242782795
1572882493 3.373612096
1572882828 3.666282603
1572883179 3.327284855
1572883522 3.357697648
1572967753 3.297748611
1572968734 4.292524824
1572969709 3.585456321
1572970369 3.457565837
1572971020 3.507070311
1572971683 3.474089616
1572972345 3.327644168
1572973056 3.423398232
1572973709 3.372455303
1572974360 3.444837885
1572975016 3.360477209
1572975415 3.070569745
1572975746 3.324849889
1572976117 3.234256
1572976496 3.021045917
1572976827 3.203199553
1572977158 3.201348542
1572977520 3.241654839
1572977849 3.063564585
1572978239 3.105869036
1573209296 3.595111786
1573209963 3.501233338
1573210626 3.574961932
1573211295 3.428965672
1573211951 3.40722828
1573212600 3.385657702
1573213253 3.445573015
1573213918 4.047291716
1573214577 3.652851953
1573215238 3.453923896
1573218442 3.146308604
1573218776 3.153507878
1573218953 4.053339842
1573306679 2.77161322
1573307002 2.817202487
1573307655 2.847322234
1573307973 2.92212327
1573308290 2.792371534
1573308622 2.902036435
1573309263 2.89679365
1573310738 3.043395356
1573311353 2.93351579
1573311971 3.023649007
1573312670 2.917460411
1573313289 3.080432306
1573313912 3.008204251
1573314540 3.106156263
1573315152 68.993554629
1573741871 3.507366292
1573741989 3.036022387
1573743622 3.000976794
1573743723 3.06869996
1573743821 3.303223168
1573743920 3.214865165
1573744019 2.959619463
1573744115 3.400281696
1573744213 3.247320484
1573744311 3.203864045
1573744402 3.159833774
1573744498 3.24996191
1573744605 3.496723944
1573744703 3.298279335
1573744817 2.939994736
1573744915 2.960460895
1573745052 3.314982472
1573745237 2.997845954
1573745333 2.900375752
1573745434 3.251629164
1573745532 3.123110071
1573745632 3.445613402
1573745732 3.277475962
1573745835 3.297672534
1573745932 3.352602802
1573746029 3.119931025
1573746130 2.581485999
1573746228 2.824349543
1573746328 3.047356384
1573746429 3.414325729
1573746526 3.197345751
1573746622 3.044775096
1573748942 3.411786305
1573749038 3.204370791
1573749141 2.889724157
1573749251 3.174633064
1573749349 2.912674534
1573749484 3.034296369
1573749583 3.421621324
1573749683 3.292027008
1573749782 2.861526175
1573749878 2.94049126
1573828203 2.660210523
1573828511 2.780860969
1573828818 2.712671265
1573829123 2.9825334
1573829427 2.813666891
1573830296 2.738198904
1573830911 2.77330447
1573831216 2.784648347
1573902850 2.934637189
1573903162 2.749620205
1573903476 3.092587572
1573903785 2.78137026
1573904095 2.665171555
1573904403 2.900325337
1573904572 8.815959532
1574688171 4.827735625
1574688490 3.280838402
1574689311 2.981322216
1574692186 3.027514253
1574692498 2.900042255
1574693415 2.924898515
1574693734 2.853909187
1574694063 3.118107876
1574694490 3.451932792
1574694810 2.781449675
1574695363 2.827397974
1574695706 2.681601917
1574696014 2.812798698
1574696738 2.935576574
1574697317 2.76784837
1574697910 2.771817709
1574698479 2.834862214
1574699067 2.865532218
1574706696 3.212288152
1574707329 2.940518378
1574708296 3.208869676
1574708594 2.721090604
1574708951 2.793312711
1574709163 2.952557244
1574709904 3.02653086
1574710507 3.088992131
1574711160 3.063438489
1574950960 2.655305708
1574951335 2.864310673
1574951690 3.00775362
1574952017 2.695044701
1574952332 2.895924654
1574952729 10.34682554
1574953057 3.067874521
1574953427 2.903180975
1574953752 2.934333753
1574954079 2.54413194
1574956489 2.872602285
1574957158 2.992789927
1574957752 2.947656085
1574958335 2.721065304
1574958930 2.767590108
1574959539 2.897929458
1574960116 2.935737285
1574960703 2.815504887
1574961369 2.783207059
1574961938 2.807402145
1575028362 2.860386728
1575028671 2.742664482
1575029006 3.212561139
1575029322 2.638407881
1575029630 3.050873992
1575029942 3.032566656
1575030254 2.949736519
1575030569 3.060094546
1575030901 2.802523339
1575031213 2.609539601
1575033418 2.93751554
1575033985 2.71155346
1575034576 2.699605123
1575035149 2.891096611
1575035713 2.775482405
1575036749 2.855263051
1575037309 2.978093763
1575037867 2.936539688
1575038878 2.636900386
1575039444 2.972677018
1575114643 2.887633838
1575114952 2.932212309
1575115262 3.005061803
1575115571 2.865813016
1575115885 2.817316631
1575116197 1.720512465
1575116507 2.80781672
1575116816 2.908153573
1575117124 2.863209066
1575117433 2.941455124
1575120708 2.760625963
1575121268 2.663772817
1575122269 2.817924403
1575122888 2.847701526
1575123445 2.593338408
1575124004 2.735345408
1575124560 2.820309425
1575125126 2.818968681
1575125693 2.804293289
1575126258 2.946890192
1575293164 4.199596278
1575293498 2.718565
1575293838 3.031722701
1575294175 2.903587146
1575294518 2.608411799
1575294865 3.076311413
1575295267 2.720062064
1575295636 2.816057023
1575296847 2.78450568
1575297183 2.687501214
1575298013 5.391354754
1575298584 5.446308436
1575299159 3.577921524
1575299734 6.459765431
1575300346 2.900097805
1575300920 2.593935689
1575301717 2.858996955
1575302303 5.463444774
1575386054 2.779686876
1575386368 2.843866652
1575386678 3.128067748
1575387082 2.74982639
1575387390 2.826834915
1575387702 2.862126124
1575388009 2.90847889
1575388317 2.737754645
1575388626 3.15203579
1575388930 3.068317701
1575390492 2.815227073
1575391062 2.916392953
1575391624 3.122535438
1575392436 2.908687294
1575393052 2.892183474
1575393635 2.879314645
1575394200 2.894896644
1575394762 2.996981702
1575395325 2.949033623
1575395892 1.539328982
1575397161 8.693663485
1575397439 10.401273253
1575397655 87.03965107
1575473788 3.523895352
1575474576 3.525389969
1575558816 2.806555167
1575559125 3.028162504
1575559453 2.893682124
1575559772 2.866802997
1575560140 2.978524601
1575560473 3.246563882
1575560807 2.843241578
1575561339 2.840959463
1575561680 3.109626835
1575562036 2.995623581
1575562810 2.775660441
1575563420 2.895612686
1575564088 2.903315223
1575564668 2.601203673
1575565247 2.948049739
1575565814 2.838566042
1575566385 2.729968494
1575566992 2.898976632
1575568315 2.663181831
1575568896 2.811676179
1579186561 2.891562232
1579186910 2.88745902
1579187919 2.938930206
1579188251 2.936715947
1579188704 204.840610002
1579189232 3.198983145
1579189570 2.890926852
1579189895 2.910068184
1579190234 2.827489185
1579190607 4.515125586
1579191344 2.767454518
1579191958 2.944550782
1579192523 2.952286601
1579193105 2.978730772
1579193692 2.83230924
1579194257 2.728714175
1579194826 2.904195941
1579195392 2.910646017
1579195981 2.753927853
1579196542 2.829633974
1579354317 2.913849229
1579354628 2.984713428
1579354940 2.912870455
1579355245 2.653490543
1579355557 2.958411735
1579355865 2.949749027
1579356171 2.725836139
1579356477 2.883118639
1579356782 2.99227824
1579357261 2.816819245
1579359748 2.643520839
1579360326 2.964099916
1579360885 2.756236005
1579361439 2.844733937
1579361994 2.953446214
1579362550 2.892187849
1579363110 3.126896229
1579363677 3.243075264
1579364240 2.724248834
1579364799 2.797378649
1574711160 3.063438489
1574708951 2.793312711
