1569850065 9.750078637
1569850065 9.750078637
1569850827 9.804015611
1569851084 9.880662855
1569851288 9.849593846
1569851637 9.776873291
1569851850 9.697420448
1569852079 9.936146174
1569852304 9.807637182
1569852541 9.818515074
1569853181 9.884746384
1569853470 14.127197171
1570543192 9.096419858
1570543550 9.554001025
1570543761 9.487958371
1570544678 9.459864968
1570544936 9.408773792
1570545137 9.377606037
1570545354 11.420868063
1571323061 9.503424123
1571325179 9.683165338
1571325375 9.492104926
1571325580 9.553183009
1571325780 9.452431143
1571325977 9.646735082
1571326869 9.526167388
1571327085 9.44313704
1571327294 9.570251223
1571395970 9.587057906
1571396168 9.459303947
1571396366 9.763705685
1571396563 9.559929462
1571396763 9.477409439
1571396988 9.527422515
1571397194 9.678435573
1571397395 9.323267831
1571397591 9.492889636
1571397788 9.808113828
1571405037 9.605320416
1571405235 10.02397806
1571405432 9.822056065
1571405666 9.434473354
1571405865 9.586687609
1571409083 9.451709921
1571409285 9.494429853
1571409486 9.716092822
1571409703 9.519774963
1571409902 9.331703561
1571664507 10.229829546
1571665016 9.554843285
1571665231 9.55082735
1571665425 9.374400228
1571665619 9.520472228
1571665815 9.491357845
1571668232 9.568046732
1571668431 9.529515174
1571668634 9.359798365
1571668829 9.493152338
1571669030 9.516842972
1571752102 9.41324387
1571752298 9.392299831
1571752497 9.495144747
1571752702 9.594635509
1571752899 9.470071319
1571753093 9.498289767
1571753290 9.553981936
1571753487 9.639952565
1571753685 9.453906494
1571753882 9.509593819
1571760240 9.583493644
1571760437 9.718412039
1571760639 9.622383316
1571760839 9.575459135
1571761037 10.103928368
1571761245 9.584478129
1571761444 9.496993555
1571761639 9.473101054
1571761835 9.429116158
1571762043 9.507700034
1572003345 9.523827578
1572003542 9.312870052
1572003737 9.493401003
1572003935 9.40923655
1572004131 9.493747583
1572004327 9.505594063
1572004522 9.600311491
1572004720 9.687309675
1572004924 9.496337409
1572005121 9.512318277
1572011322 9.595168946
1572011519 9.380671433
1572011719 9.46356247
1572011913 9.305673504
1572012109 9.423400162
1572012306 9.348037691
1572012502 9.503666423
1572012695 9.451180448
1572012890 9.411388052
1572013085 9.46839921
1572265144 9.533400922
1572265344 9.604238205
1572265540 9.641267748
1572265738 9.506902055
1572265943 9.402010108
1572266145 9.452153375
1572266344 9.596574947
1572266543 9.454692146
1572266741 9.531620762
1572266947 9.669551641
1572274197 7.502574485
1572274370 7.730551781
1572274538 7.622232319
1572274711 7.692990612
1572274880 7.644305189
1572275048 7.688760825
1572275220 7.780400227
1572275398 7.58596642
1572275566 7.65285241
1572275739 7.603558401
1572361360 9.573351374
1572361555 9.522192421
1572361749 9.39945355
1572361944 9.557935709
1572362143 9.542845552
1572362337 9.608163989
1572362534 9.588012603
1572362733 9.496704696
1572362928 9.365815573
1572363124 9.53031408
1572366988 7.502875383
1572367156 7.651821032
1572367328 7.707613191
1572367494 7.772500646
1572367677 7.584967343
1572367854 7.643408094
1572368023 7.76259759
1572368192 7.722692197
1572368358 7.524487069
1572368523 7.664780631
1572532475 9.488700471
1572532675 9.598218739
1572532881 9.447896337
1572544575 7.709667636
1572544744 7.644575552
1572544915 7.577143054
1572545088 7.620021482
1572545261 7.677695777
1572870090 7.762191709
1572870308 7.698359087
1572870490 7.771194223
1572870711 7.714951862
1572870879 7.774232365
1572965472 8.231688822
1572965637 7.694611095
1572965805 7.639110767
1572965973 7.615116032
1572966145 7.610741077
1572966312 7.711556968
1572966483 7.692499583
1572966666 7.808599505
1572966846 7.61789449
1572967009 7.658642437
1573207117 7.653967887
1573207285 7.720305372
1573207454 7.709672549
1573207619 7.66459611
1573207790 7.877441551
1573207957 7.884803037
1573208124 7.860610511
1573208289 7.63631735
1573208457 7.651897228
1573208623 7.661170555
1573220359 7.702227661
1573220526 7.57616325
1573220693 7.58636148
1573220863 7.647146901
1573221030 7.626204611
1573221197 7.639556003
1573221361 7.704101189
1573221531 7.833955822
1573221698 7.703428295
1573221868 7.59161117
1573222056 7.672684859
1573222226 7.647878506
1573222393 7.685461477
1573222559 7.991311471
1573222729 7.44516017
1573301207 7.67168906
1573301375 7.595158732
1573301557 7.777227183
1573301726 25.696382851
1573301913 7.745506469
1573302092 7.612532811
1573302259 7.696319219
1573302433 7.645295468
1573302602 7.635557549
1573302785 7.690094111
1573303918 7.342070065
1573304082 6.987166251
1573304243 7.203990239
1573304410 6.968741748
1573304568 6.89769543
1573304735 7.05761744
1573304893 7.072220347
1573305055 7.085797361
1573305215 6.988343807
1573305375 6.854750032
1573752548 6.832738611
1573752809 7.030404429
1573752965 7.080539007
1573753125 6.946808177
1573753281 6.693104023
1573753437 7.021941322
1573753594 6.965309044
1573753747 7.040684064
1573753911 6.875899477
1573754730 6.916565233
1573754889 6.997089775
1573755053 7.311624758
1573755216 7.345846582
1573755379 6.886390303
1573755536 6.942381526
1573755691 6.793186118
1573755850 6.732412811
1573756007 6.960487962
1573756169 8.851392411
1573831472 7.112619256
1573831630 6.932236181
1573831790 7.069354414
1573831961 6.973865462
1573832113 6.952093841
1573832276 7.144822565
1573832433 7.262799073
1573832595 6.880622548
1573832751 6.912405627
1573832907 6.94804424
1573833102 6.872793643
1573833258 7.037948853
1573833422 6.957371641
1573833580 6.94838455
1573833737 6.928180488
1573901111 7.165563206
1573901270 6.940271411
1573901425 6.974525814
1573901586 7.041465571
1573901741 7.000272431
1573901897 6.793959448
1573902051 7.022814069
1573902210 6.854282168
1573902366 6.894984748
1573902522 7.406093358
1574685842 6.865643589
1574686041 8.362154409
1574686202 6.796717733
1574686367 7.00013308
1574686523 6.960401598
1574686688 6.841187488
1574686853 6.842812415
1574687039 6.851443935
1574687216 6.804617205
1574687377 6.846726607
1574689706 6.944596474
1574689924 6.939499262
1574690094 6.92890491
1574690262 6.918924295
1574690432 6.849495254
1574690592 6.814695563
1574690763 6.955447812
1574690922 6.839290447
1574691109 6.77022122
1574691287 6.890182537
1574706908 6.875728405
1574707149 6.926756966
1574954254 7.009515736
1574954417 6.9406066
1574954595 6.765303638
1574954758 6.927534066
1574954942 6.955795789
1574955100 7.125199385
1574955357 6.811873298
1574955517 6.784644776
1574955675 6.829891856
1574955836 6.805058615
1575026584 6.738764283
1575026744 6.880167294
1575026905 6.794441633
1575027067 6.9023828
1575027231 6.978204146
1575027394 6.884652579
1575027557 7.017184768
1575027716 6.796815938
1575027881 7.356759986
1575028043 7.104763752
1575112900 7.46549139
1575113065 7.323205827
1575113221 6.88913477
1575113385 6.856155817
1575113543 6.811399941
1575113702 6.888526214
1575113859 6.901257334
1575114016 6.920832274
1575114179 6.794458456
1575114340 7.148099358
1575289832 6.823830583
1575289996 6.832884594
1575290164 6.804427687
1575290352 6.984057107
1575290520 6.865297378
1575290696 6.978282507
1575290863 6.940327118
1575291018 6.960570466
1575291181 6.804051376
1575291342 6.912825805
1575384229 6.974803927
1575384392 6.855408669
1575384550 6.780372657
1575384713 7.026033314
1575384873 7.028633772
1575385033 6.698939132
1575385192 7.107000021
1575385351 6.92725
1575385515 6.771212097
1575385675 6.952099347
1575556611 7.145568406
1575556773 6.853424754
1575556947 6.881772399
1575557130 6.816788123
1575557301 6.926779096
1575557484 6.912267943
1575557659 6.883369828
1575557832 6.971599935
1575558292 6.938735115
1575558477 6.927914129
1579184110 6.82243925
1579184825 6.97770235
1579184988 6.707181488
1579185150 7.095092571
1579185327 6.807976656
1579185501 7.025851504
1579185683 6.944442066
1579185868 7.263034573
1579186051 7.079921013
1579186222 6.913225132
1579351847 6.829597166
1579352006 7.002037007
1579352168 6.86344154
1579352329 6.966466569
1579352491 7.058511364
1579352656 6.993542796
1579352812 6.982944297
1579352976 6.89940295
1579353137 6.872136554
1579354004 7.055699447
1579522928 6.947029917
1579523131 6.766215385
1579523323 6.965574119
1579523486 6.732064709
1579523661 6.960087135
1579523843 6.920940697
1579524024 6.860779746
1579524213 7.030718521
1579524382 6.807839557
1579524547 6.94387835
1579537533 34.978717002
1580215408 6.929800791
1580215577 7.037763449
1580215739 6.758396532
1580215899 7.034902069
1580216059 6.667774616
1580216221 7.039212
1580216382 6.936547745
1580216546 6.894705588
1580216706 6.952988826
1580216887 6.894258611
1580304794 6.828884493
1580304952 7.172124465
1580305114 6.974832469
1580305273 7.232370586
1580305457 6.802603055
1580305621 7.0177665
1580305781 6.938482367
1580305939 6.803216028
1580306093 6.79871813
1580306256 7.128340274
1581935295 6.969421947
1581935452 6.861302132
1581935616 6.944546698
1581935780 7.009964372
1581935947 6.852349724
1581936118 6.803708494
1581936289 6.876487804
1581936452 6.777870086
1581936610 6.810860884
1581936787 7.062229661
1582026968 8.064514839
1582027130 8.030937189
1582027297 7.171972578
1582027464 7.906812288
1582027875 8.128660547
1582028041 8.01733396
1582028208 7.876672937
1582028379 8.070438608
1582028547 7.859674706
1582028716 8.016636088
1582113190 7.870202399
1582113352 7.920731985
1582113519 7.279690822
1582113686 7.06344788
1582113850 7.428702102
1582114026 6.9101517
1582114189 7.99607379
1582114350 8.012954585
1582114516 7.878828416
1582114680 8.155861349
1582114843 7.927145477
1582115011 7.948373554
1582115171 7.82920044
1582115340 7.998096594
1582115501 8.05647417
1582115665 7.246670772
1582115828 8.107055565
1582115992 7.856260975
1582116172 7.968106938
1582116385 6.972570297
1582116564 6.626736743
1582116728 7.520085358
1582119049 7.753491679
1582119211 7.699967554
1582119385 6.858227196
1582119559 8.033778272
1582119733 7.321477194
1582119894 8.228553083
1582120073 8.052004362
1582120244 7.710048598
1582120963 7.803056664
1582121130 7.842444848
1582121374 7.906332911
1582125065 6.915851238
1582125279 8.076139173
1582125729 7.935045782
1582125924 7.281033232
1582126088 7.983909221
1582126256 7.88245467
1582126421 7.906719423
1582126587 8.007004707
1582126751 8.227579196
1582126913 7.7422369
1582127074 7.89338596
1582127239 8.075650384
1582127408 8.044780844
1582127574 8.081269603
1582127737 7.859637124
1582127900 7.712029587
1582128061 11.601434681
1582128227 7.758366786
1582128406 7.572252081
1582128569 7.262310265
1582128732 8.230030701
1582128898 7.873783669
1582129064 7.569476925
1582129231 6.833371175
1582129390 8.072841142
1582129551 8.080045394
1582129714 7.444216514
1582185139 6.872957195
1582185322 7.810958115
1582186052 6.99775976
1582186211 7.070000711
1582186947 6.973889744
1582187908 6.920361085
1582188069 7.052566106
1582188226 6.970284745
1582188388 6.863233079
1582193837 6.911234652
1582194001 6.952908218
1582194165 7.152263692
1582194321 6.816361591
1582194483 6.819181146
1582194647 6.940621574
1582194813 7.068179304
1582194976 6.802540101
1582195137 6.938966111
1582195300 6.98484635
1582195795 6.851413466
1582195954 6.946269349
1582196111 6.912351811
1582196270 6.96047876
1582196430 7.012865468
1582196589 6.844877664
1582196747 6.962702153
1582196907 6.997333068
1582197069 6.885414985
1582197236 6.842699541
1582197391 6.880227997
1582197568 6.869033587
1582197729 6.900364739
1582197886 6.889855528
1582198045 6.901671392
1582198202 6.982405607
1582198363 6.9281899
1582198521 6.910211187
1582198801 6.949875629
1582199154 6.779553183
1582631459 7.106122835
1582631618 7.009167769
1582631775 6.831633994
1582631932 7.019383536
1582632089 6.900612082
1582632245 6.890794269
1582632405 6.989910658
1582632569 6.812390028
1582632729 6.899300029
1582632889 6.869274769
1582884589 6.786505896
1582884766 6.754040168
1582884934 6.98694395
1582885098 6.878980908
1582885263 7.16081488
1582885425 7.092590032
1582885584 6.955085643
1582885746 6.912877215
1582885911 7.066998264
1582886069 6.886563383
1574707149 6.926756966
