1570448808 17.923597616
1570449279 15.302461808
1571323690 15.207046848
1571324091 16.036534536
1571324491 15.147660538
1571327812 14.973142804
1571328203 16.302897481
1571328594 14.846053357
1571328986 15.326608865
1571329377 14.684685084
1571397926 15.211469959
1571398319 15.644758923
1571398713 14.768864013
1571399496 15.440125582
1571399894 16.15379817
1571400286 15.158357667
1571400707 15.577787439
1571401106 15.498839085
1571401498 14.842383219
1571406878 14.890942369
1571407662 14.42147477
1571408050 15.162965486
1571408443 16.03061751
1571665935 15.748975387
1571666325 14.651836203
1571666717 15.777395603
1571667110 15.073748908
1571667547 15.772379413
1571669199 15.897260121
1571669598 15.851993815
1571754507 15.665819251
1571754904 14.566054658
1571756536 15.670769919
1571756947 28.031925034
1571757396 15.092046872
1571758185 14.764062586
1571758575 15.319501977
1571762190 15.081919361
1571762585 15.742942771
1571762979 14.8446042
1571763367 15.39749432
1571763758 15.304987434
1571764576 15.878886053
1571764968 14.795236948
1571765356 15.622118298
1571765748 15.85510012
