1569854394 5.580070016
1569855806 5.611803242
1571330096 5.855284182
1571766452 5.586279788
1571767234 6.13268325
1572537368 4.624563819
1572538025 4.645897681
1572538685 4.875686451
1572539338 4.533603047
1572539984 4.590565419
1572540890 4.709833038
1572541544 4.928795961
1572542192 4.740447835
1572542840 4.606246907
1572543505 4.651722339
1572871259 4.662676486
1572871909 4.746473503
1572872586 4.926924022
1572873239 4.770819634
1572873892 4.739158821
1572874954 4.61051842
1572875815 4.524282608
1572877041 4.662303608
1572877690 4.516105904
1572878918 4.823085989
1572967324 4.813275221
1572967982 4.742620032
1572969284 4.563282984
1572969945 4.779312526
1572970595 4.617321396
1572971245 4.606769731
1572971907 4.800739714
1572972568 4.524627912
1572973281 4.688630049
1572973934 4.564191022
1572974585 4.556383542
1573208867 4.640107903
1573209522 4.832172681
1573210197 4.477383883
1573210867 4.944207046
1573211523 4.829243393
1573212172 4.6802352
1573212824 4.676734032
1573213475 4.647220948
1573214146 4.466521274
1573214800 5.00058442
1573310327 4.339717033
1573310949 3.851102667
1573311564 4.112806528
1573312269 4.447474735
1573312878 4.075927179
1573313506 4.092357722
1573314138 4.300352469
1573314752 4.188698521
1574696362 4.35102916
1574696941 3.852810901
1574697532 4.707627115
1574698108 4.103874933
1574698694 4.112917616
1574710765 4.261966817
1574956117 4.207352588
1574956689 4.116533736
1574957380 4.022372251
1574957957 4.30348753
1574958549 4.049932742
1574959138 4.184923515
1574959741 4.506412892
1574960320 4.208396329
1574960932 4.096177379
1574961568 4.198240339
1575033040 4.250322999
1575033609 4.192161609
1575034199 4.178718873
1575036360 4.083161125
1575036937 4.190836572
1575037496 4.100306694
1575038499 3.972920954
1575039066 4.317731148
1575120331 4.227215605
1575120894 4.015316342
1575122518 3.999720876
1575123075 4.088208577
1575123635 4.009852623
1575124190 4.109838928
1575124758 4.146431544
1575125314 4.15046303
1575125883 4.105004778
1575297628 5.064951458
1575298209 4.094553929
1575298775 4.919652508
1575299355 4.11971356
1575299927 4.121002265
1575300548 3.980642023
1575301119 4.104874582
1575390684 2.934639869
1575391250 4.212428378
1575391817 3.95803109
1575392626 4.053634392
1575393822 4.060717513
1575562350 4.015408197
1575563048 3.958978573
1575563695 4.300330311
1575564292 4.045316463
1575564875 3.912883684
1575566009 4.140944467
1575566595 4.065218629
1579191581 4.17761811
1579192146 4.26575025
1579192727 4.329078566
1579193291 4.051928046
1579194449 4.521897819
1579195016 4.567728897
1579195606 4.063791786
1579196170 4.131075122
1579359376 4.215852924
1579360513 4.432968444
1579361070 4.149035767
1579361626 4.111649444
1579362736 4.06938223
1579363300 4.011705424
1579363867 4.13970024
1579364427 4.059395033
1574710765 4.261966817
