1569853651 8.145318635
1569854291 8.262433984
1569855265 8.506002167
1569855700 9.451460724
1570447027 8.521906734
1570448838 8.001467118
1570449310 8.008687254
1570449775 8.874672127
1571323326 8.687729962
1571323720 7.416328235
1571324122 8.163888056
1571324522 8.248680942
1571327453 7.548518834
1571327844 6.627802368
1571328233 7.600669086
1571328624 8.168933221
1571329016 7.65171511
1571329406 8.220151459
1571330000 7.669824579
1571397958 6.11134464
1571398352 7.792489582
1571398743 7.857094509
1571399136 7.668403967
1571399526 8.021729825
1571399924 7.562623591
1571400315 7.923616598
1571400743 8.235074734
1571401136 7.427534369
1571401530 6.199482934
1571406910 7.75280822
1571407299 9.521711069
1571407695 4.531808197
1571408080 7.924531515
1571408474 7.90028845
1571665966 8.78758551
1571666355 7.996074409
1571666748 6.099776061
1571667140 8.040583867
1571667577 7.781315415
1571669229 7.965139325
1571669628 7.777376447
1571754145 5.612801492
1571754540 4.984832105
1571755334 7.956590386
1571756566 8.212455378
1571756991 9.514275654
1571757427 6.303911841
1571757821 8.02596839
1571758215 8.230327001
1571758604 7.653657431
1571762219 8.564433021
1571762616 7.992049191
1571763008 7.90824481
1571763396 8.228665528
1571763790 8.207149715
1571764196 7.84696542
1571764606 7.982077488
1571764997 8.001470219
1571765386 8.113615768
1571765777 8.699528777
1571766355 8.365489758
1571767137 7.604527277
1572006363 7.334144488
1572007102 9.732634437
1572007496 8.252679584
1572007998 7.938161201
1572008399 7.429505172
1572008804 5.766314133
1572009196 8.159894492
1572009587 5.868886666
1572009977 7.831970115
1572010373 8.190928436
1572010763 8.044244224
1572013325 8.18154936
1572013719 7.547954597
1572014111 7.673003473
1572014501 7.726213048
1572014891 8.276236601
1572268942 7.643715889
1572269360 7.385713685
1572269775 8.006170112
1572270185 6.4322742
1572270578 7.83836614
1572270973 16.907117097
1572272319 6.660791736
1572272650 6.681107857
1572272984 6.494637385
1572273326 7.955480453
1572273663 6.354952677
1572276088 5.983484599
1572276424 6.544353544
1572276761 4.741451871
1572277090 6.757589507
1572277785 5.843664917
1572278117 4.920982365
1572278448 6.369938635
1572363507 6.210207598
1572363837 6.303808516
1572364167 6.206198032
1572364496 6.462415918
1572364835 6.214558986
1572365171 6.319470554
1572365550 4.825156954
1572365923 6.707835097
1572366264 6.188511821
1572366597 6.346695796
1572369625 6.405610327
1572369956 6.642341215
1572370286 6.619080086
1572370619 6.254883821
1572370946 6.789514161
1572371279 6.311512002
1572371609 6.740977011
1572371940 6.330815202
1572372269 6.700979985
1572372599 6.44163404
1572533604 6.598803086
1572533941 6.163457871
1572534296 6.479788081
1572534643 6.167956917
1572534976 6.772883279
1572535324 6.038534565
1572535655 6.6174883
1572535989 6.917886395
1572536353 6.525068707
1572536688 6.337111087
1572537288 6.071668959
1572537944 6.277350305
1572538603 6.300535468
1572539250 6.376311193
1572539904 6.018144821
1572540810 6.569753385
1572541463 6.738776039
1572542112 6.428386217
1572542759 6.558267625
1572543400 6.359430332
1572871176 6.626766921
1572871830 4.222827275
1572872504 6.875087109
1572873157 6.645483992
1572873810 6.099311926
1572874870 5.915645363
1572875731 6.059291733
1572876959 6.92011927
1572877609 6.519791412
1572878837 6.544005416
1572880234 6.205698651
1572880569 6.290806545
1572880910 4.595664546
1572881252 6.40047331
1572881587 6.306245132
1572881919 6.367820909
1572882249 6.358382278
1572882640 6.416696421
1572882991 6.540572484
1572883330 6.426158214
1572967240 6.664683293
1572967901 6.538129208
1572969203 6.427792588
1572969864 6.410724668
1572970513 6.500595911
1572971165 6.372626442
1572971826 6.58498526
1572972487 6.794802299
1572973200 6.570845672
1572973853 6.471455707
1572974506 5.087967437
1572975229 4.800291644
1572975559 6.356204229
1572975925 6.558586072
1572976308 6.460969978
1572976639 6.330478735
1572976969 6.445925671
1572977300 6.455414863
1572977661 6.513327598
1572978009 6.291970761
1573208787 6.661615952
1573209438 6.296340122
1573210107 6.740460334
1573210773 11.325953572
1573211442 6.369259479
1573212092 6.414688297
1573212743 6.635409949
1573213395 6.396815465
1573214064 6.474778174
1573214720 6.408932628
1573218255 6.137889201
1573218584 6.92795724
1573306499 5.669893338
1573306814 5.606235935
1573307151 6.588913019
1573307474 5.729997989
1573307790 5.547064069
1573308110 5.705027861
1573308438 5.528834116
1573308756 6.597102793
1573309077 6.637831695
1573309407 6.021217316
1573310248 5.851538382
1573310873 5.840528055
1573311488 5.578021115
1573312106 5.753092999
1573312803 5.703471242
1573313428 5.701649312
1573314060 6.165672258
1573314676 5.559491945
1573828023 6.044055041
1573828334 5.759505742
1573828644 5.738381252
1573828950 5.892128707
1573829253 6.009195949
1573829563 5.695783984
1573830119 5.483953478
1573830429 5.847424525
1573830737 5.547338394
1573831044 5.86906519
1573902678 5.707943377
1573902986 5.756685863
1573903296 5.528764219
1573903607 6.453585102
1573903918 5.908748752
1573904227 5.808805289
1574687996 6.458182532
1574688314 6.104810285
1574692005 4.648083308
1574692322 4.706912473
1574693237 5.896622124
1574693546 5.733456698
1574693877 6.157744237
1574694304 6.004472637
1574694633 6.207628597
1574695187 5.932429991
1574695528 6.102384198
1574695838 5.678755477
1574696293 5.741475915
1574696865 5.797709385
1574697464 5.918982001
1574698042 5.750973781
1574698626 6.064234968
1574708079 5.886413239
1574708774 5.987762581
1574709402 5.90338513
1574710690 4.713240544
1574710690 4.713240544
1574708774 5.987762581
