1569853592 338.821423609
1569855205 300.855434626
1569856524 4.426936673
1570446963 389.000315181
1570448055 126.762835361
1570448782 327.876264399
1570449254 310.865573434
1571323271 280.587187964
1571323664 290.748432452
1571324066 286.055220196
1571324466 279.38585252
1571327397 278.47878899
1571327787 279.319803166
1571328177 279.828854431
1571328569 279.648567927
1571328960 280.379220284
1571329352 277.480983214
1571330596 11.196104912
1571397900 278.755697045
1571398293 282.533644956
1571398688 279.183486617
1571399079 279.919589894
1571399470 280.427715201
1571399866 281.024872004
1571400260 308.665483601
1571400682 284.929821201
1571401080 280.580327061
1571401473 277.284622443
1571406853 277.918205109
1571407249 274.463942521
1571407636 277.500018657
1571408025 278.737009286
1571408418 278.483865117
1571665909 279.381795089
1571666300 280.40277057
1571666691 281.163833673
1571667085 278.130334387
1571667521 286.701109244
1571669173 284.986694549
1571669573 279.295056263
1571754084 284.594187253
1571754481 279.311230614
1571754874 287.071705099
1571755277 286.511643758
1571756510 282.772267138
1571756922 307.762613183
1571757371 277.061296542
1571757760 284.837754301
1571758159 277.063485778
1571758549 280.499350558
1571762164 276.184868929
1571762564 275.346129517
1571762953 276.297971977
1571763341 279.356259882
1571763733 280.478874299
1571764140 298.152418679
1571764550 279.891508298
1571764942 276.788932998
1571765330 280.188437936
1571765722 277.883004467
1571766957 12.011615749
1572006308 394.66650862
1572007046 281.872883419
1572007440 282.802400629
1572007933 297.967867771
1572008343 290.703769696
1572008746 281.949151124
1572009140 277.359552568
1572009530 278.792103238
1572009921 277.797576648
1572010317 278.413168921
1572010708 278.546888685
1572013270 279.753374275
1572013662 279.90389778
1572014055 279.470066031
1572014446 277.514354201
1572014836 277.448698234
1572268116 140.770654347
1572268887 283.336752075
1572269303 282.663664349
1572269719 281.146654269
1572270124 282.335613777
1572270521 279.645982078
1572270914 392.797240668
1572272270 237.432178433
1572272600 241.00580747
1572272936 237.235894894
1572273270 251.395604935
1572273615 242.534013531
1572276039 239.060703528
1572276374 241.211005067
1572276710 238.030070305
1572277041 238.248955679
1572277371 242.789887294
1572277717 255.16914725
1572278065 239.038136168
1572278398 237.704306033
1572363458 237.075712712
1572363788 236.460783458
1572364117 238.743376797
1572364448 240.238990978
1572364780 242.768349705
1572365122 237.446288758
1572365500 237.975419686
1572365872 246.615855241
1572366215 236.056288674
1572366546 238.132360034
1572369576 236.252816099
1572369907 236.19623871
1572370237 237.496619957
1572370569 236.162471722
1572370898 236.864325263
1572371230 236.688069554
1572371560 236.061035914
1572371891 236.127211478
1572372219 236.701223057
1572372548 241.068465814
1572533555 245.687775572
1572533892 262.451507556
1572534247 255.060341336
1572534594 238.356394939
1572534926 255.779606709
1572535274 238.901454466
1572535605 237.230483047
1572535940 237.236954937
1572536299 241.779574733
1572536637 241.433357718
1572537784 15.838767056
1572538441 11.236221458
1572539099 10.425019134
1572539751 10.145438287
1572540400 10.343255393
1572541311 10.185336644
1572541957 12.214225869
1572542607 10.563170912
1572543253 10.633341443
1572543926 10.315083387
1572871675 11.011303797
1572872323 10.412458485
1572873005 10.192236146
1572873653 12.308642033
1572874311 9.801575076
1572875377 9.994253972
1572876243 10.77553614
1572877456 10.358214556
1572878112 10.541103859
1572879355 10.169894116
1572880182 243.087199575
1572880517 242.928609346
1572880859 251.041645649
1572881201 240.120137139
1572881536 240.047495723
1572881869 237.845530417
1572882200 292.681883792
1572882589 238.257354025
1572882939 239.337415208
1572883280 242.475099043
1572967742 10.348542461
1572968728 6.621668692
1572969698 10.211510531
1572970359 10.050041997
1572971010 10.483791341
1572971673 9.832434114
1572972334 10.771965374
1572973046 9.892447575
1572973699 10.420888294
1572974351 9.640379191
1572975005 10.153676675
1572975182 232.455168899
1572975508 236.950111917
1572975863 253.402723805
1572976259 236.373865588
1572976590 236.499966462
1572976919 237.922128907
1572977250 270.004133535
1572977613 235.481059238
1572977960 277.65974892
1573209282 13.460924955
1573209952 10.262022802
1573210615 10.179447387
1573211284 10.141370201
1573211941 10.212504301
1573212589 10.621368655
1573213242 10.52840929
1573213907 11.375401932
1573214566 10.438386865
1573215224 13.46996217
1573218206 236.285554377
1573218534 241.355215827
1573218925 27.697445158
1573306449 228.841684778
1573306765 236.304241263
1573307096 241.02264951
1573307424 229.735750185
1573307741 231.774357615
1573308062 227.714351164
1573308376 244.886554125
1573308708 233.73443832
1573309027 235.078550629
1573309358 233.257561956
1573310727 10.392413303
1573311343 9.816732195
1573311961 9.719520431
1573312660 9.640914002
1573313279 10.060261833
1573313902 10.010526249
1573314530 10.404179931
1573315147 4.280938199
1573741860 11.201498875
1573741978 11.460810826
1573743609 12.658497295
1573743711 11.301969323
1573743810 11.285773642
1573743909 11.666064292
1573744007 11.821805143
1573744104 11.097368014
1573744201 11.999704551
1573744300 11.176219393
1573744396 6.473158189
1573744487 11.450207752
1573744599 6.362125989
1573744692 11.063371198
1573744806 10.695590109
1573744904 11.344639805
1573745040 12.58198267
1573745224 12.696487567
1573745321 11.262249998
1573745424 10.971655908
1573745521 10.998479072
1573745621 11.777093744
1573745721 11.452860871
1573745822 13.1207736
1573745921 11.276372067
1573746017 12.384698953
1573746117 12.322580408
1573746215 12.832727556
1573746317 11.103966139
1573746417 11.641044776
1573746515 10.991633669
1573746610 11.189683292
1573748931 11.085716973
1573749027 11.506850197
1573749128 12.328789857
1573749240 11.421313986
1573749334 15.19005241
1573749467 16.764949298
1573749572 10.778042915
1573749672 11.264897727
1573749771 11.142346439
1573749867 11.221444679
1573827975 227.207099126
1573828287 223.587954958
1573828598 219.715626254
1573828903 219.499265144
1573829208 218.792500535
1573829514 292.657832514
1573829895 400.422682646
1573830381 223.389869934
1573830689 221.702642918
1573830997 218.656654511
1573902631 219.117566123
1573902938 222.80398286
1573903249 226.535879621
1573903561 224.460063042
1573903871 223.36267811
1573904180 222.30452289
1573904511 58.742073463
1574687948 222.030600617
1574688267 222.296998093
1574689250 61.061473026
1574691952 233.532377228
1574692271 227.220679265
1574692593 822.432168659
1574693500 233.105192799
1574693829 233.872016391
1574694256 234.00958902
1574694586 223.13050398
1574695142 220.739619606
1574695479 226.896057944
1574695791 222.412376156
1574706684 11.262859544
1574707243 86.326088619
1574708031 264.430921741
1574708727 223.945855123
1574709109 53.97816417
1574709893 11.342076901
1574710453 54.119219736
1574711150 9.944208149
1574711150 9.944208149
1574708727 223.945855123
