1569850017 6.310910002
1569850221 6.340061725
1569850017 6.310910002
1569850221 6.340061725
1569850752 5.949359769
1569851035 5.848434803
1569851241 5.973075696
1569851590 6.060968339
1569851802 6.346227846
1569852031 6.369603869
1569852256 6.056645928
1569852493 6.093752255
1569853103 5.867277338
1569853417 8.103166547
1570543141 6.670560398
1570543503 6.416585359
1570543713 6.554282247
1570544630 6.299180812
1570544889 6.368010333
1570545090 5.932916008
1570545307 6.365202644
1571323013 6.669702451
1571325131 6.335081498
1571325328 6.221411502
1571325533 6.407754639
1571325734 5.848605399
1571325930 6.216130516
1571326137 6.317070455
1571326822 6.120670927
1571327038 6.247108666
1571327246 6.303833888
1574707112 4.431875054
