1569854701 3.55334165
1569856312 3.03960399
1571330363 3.411627259
1571766720 3.27856361
1571767503 3.451980716
1572537592 2.563615907
1572538245 2.839642721
1572538905 2.851618061
1572539558 2.64812175
1572540205 2.767666595
1572541110 2.845267877
1572541764 2.692337115
1572542412 2.773970082
1572543059 2.772325622
1572543724 2.827649203
1572871478 2.780071603
1572872129 2.747065988
1572872807 2.985184144
1572873459 2.711211758
1572874117 2.730360127
1572875181 2.808288041
1572876035 2.800575323
1572877262 2.816178546
1572877916 2.878189756
1572879156 2.549796006
1572967546 2.822300201
1572968205 2.82518308
1572969504 2.693791416
1572970166 2.717087146
1572970816 2.741392734
1572971478 2.755530113
1572972139 2.702488374
1572972788 2.687469413
1572973505 2.664426409
1572974154 2.566147398
1572974811 3.130403237
1573209088 2.692997434
1573209759 2.670949634
1573210419 2.647002117
1573211087 2.774154672
1573211747 2.763316547
1573212394 2.641685343
1573213047 2.642506779
1573213696 2.783622578
1573214369 2.665283523
1573215026 2.745323547
1573310538 2.6731959
1573311156 2.545287366
1573311768 2.531903481
1573312474 2.770747458
1573313089 2.831421457
1573313715 2.827553905
1573314344 2.726658885
1573314958 2.644688637
1574696566 2.899350793
1574698310 2.648313935
1574698898 2.746389332
