1569849905 2.691744674
1569850109 2.900297677
1569849905 2.691744674
1569850109 2.900297677
1569850919 2.908277459
1569851128 3.003155045
1569851463 2.85365474
1569851684 2.912828779
1569851913 3.31431978
1569852143 2.974252108
1569852381 2.995819261
1569852598 2.989328229
1569852988 2.767055146
1569853300 2.830193246
1569853539 2.856865629
1569854181 2.814822546
1569855140 2.922599953
1569855583 3.046260372
1570446912 3.112527268
1570448005 2.652123055
1570448732 2.806754195
1570449201 2.696067578
1570449627 2.723453209
1570543027 2.592839304
1570543383 2.694402768
1570543590 2.731752716
1570544519 2.917173674
1570544719 2.827296014
1570544980 2.927399436
1570545184 1.965134897
1571322899 2.876882525
1571323221 2.627165667
1571323614 2.686975209
1571324016 2.782686126
1571324416 2.829318368
1571325021 2.691522195
1571325218 2.775384298
1571325417 3.217364687
1571325622 2.781301827
1571325821 2.748171828
1571326021 2.809527591
1571326712 2.71639306
1571326921 5.74378128
1571327132 2.731355587
1571327346 2.672524322
1571327736 2.700089147
1571328127 2.693077391
1571328518 2.697652355
1571328909 2.698088264
1571329301 2.843512489
1571329894 2.727581433
1574710604 2.105196803
1574707026 1.915491816
1574708689 1.990718756
