1569849930 2.695976542
1569850134 2.475442782
1569849930 2.695976542
1569850134 2.475442782
1569850945 2.54327271
1569851153 2.515570657
1569851503 2.426919813
1569851710 2.593075456
1569851939 2.783205329
1569852169 2.683831454
1569852407 2.674626697
1569852623 2.657182695
1569853014 2.502915107
1569853326 2.640307164
1569853566 2.736757902
1569854207 2.770845152
1569855165 2.6233919
1569855613 2.544212642
1570446937 3.159666061
1570448030 2.680850479
1570448757 2.603712029
1570449226 2.706557523
1570543052 2.722007651
1570543412 2.692221444
1570543616 2.758033965
1570544545 2.599070273
1570544744 2.691470653
1570545005 2.638141308
1570545211 2.531261639
1571322924 2.653053441
1571323246 2.665679616
1571323639 2.712521499
1571324041 2.648639636
1571324441 2.564171709
1571325047 2.62314047
1571325243 2.695663833
1571325443 2.712627785
1571325647 2.648217443
1571325846 2.647207964
1571326046 2.64536444
1571326737 2.916283297
1571326949 2.701097676
1571327157 2.611223153
1571327371 2.733921125
1571327761 2.704627179
1571328152 2.604379952
1571328543 2.633892842
1571328934 2.694453272
1571329326 2.51362831
1571329919 2.654585395
1571395838 2.649356729
1571396035 2.615571029
1571396232 2.816549678
1571396431 2.660328177
1571396629 2.926156843
1571396828 2.603464771
1571397057 2.602372416
1571397261 2.447502484
1571397460 2.859162662
1571397657 2.579220938
1571397875 2.64327609
1571398268 2.63415331
1571398663 2.518583442
1571399053 2.745855158
1571399445 2.637500775
1571399841 2.509283152
1571400234 2.805104232
1571400656 2.676886238
1571401055 2.60189452
1571401447 2.65787826
1571404904 2.485588111
1571405104 2.597817244
1571405300 2.653838801
1571405501 2.691193589
1571405733 2.473473377
1571406827 2.726339804
1571407217 2.59697526
1571407611 2.60001175
1571407999 2.610550902
1571408392 2.771595421
1571408922 2.646402913
1571409153 2.523280665
1571409355 2.681535842
1571409553 2.860349089
1571409769 2.637725925
1571664337 2.548321733
1571664880 2.767330192
1571665084 2.67986485
1571665294 2.683851885
1571665489 2.609984499
1571665684 2.704895236
1571665884 2.639113251
1571666275 2.642257242
1571666666 2.777078691
1571667059 2.652443515
1571667496 2.636969071
1571668102 2.684658187
1571668301 2.606731769
1571668505 2.978954466
1571668699 2.68532195
1571668896 2.908856556
1571669148 2.627821287
1571669548 2.623451131
1571751973 2.664794412
1571752167 2.661293438
1571752366 2.714667905
1571752571 2.829561972
1571752766 2.609943556
1571752963 2.698038716
1571753160 2.644344042
1571753357 2.588944216
1571753555 2.568358294
1571753750 2.567979709
1571754059 2.96473186
1571754456 2.724643249
1571754849 2.70650546
1571755252 2.660251584
1571755816 2.606682508
1571756485 2.498793422
1571756896 2.693218816
1571757345 2.639678269
1571757735 2.581171879
1571758134 2.662505167
1571758524 2.669198123
1571760108 2.780235062
1571760304 2.808120593
1571760506 2.696284496
1571760705 2.714612297
1571760903 2.684429546
1571761115 2.683931573
1571761314 2.641884857
1571761509 2.678736627
1571761704 2.702001065
1571761905 2.507880047
1571762139 2.807618798
1571762529 2.818849392
1571762928 2.606968259
1571763316 2.616610918
1571763707 2.635134342
1571764113 2.776888134
1571764525 2.795896444
1571764917 2.605370736
1571765305 2.562072259
1571765697 2.672729456
1571766274 2.727802425
1571767056 2.554857223
1571922205 2.534124618
1572003216 2.63929432
1572003410 2.655166815
1572003608 2.617611607
1572003806 2.614531144
1572004002 2.681725887
1572004197 2.898637554
1572004392 2.643545102
1572004591 2.819271359
1572004793 2.57497236
1572004992 2.720683704
1572006282 2.736623549
1572007020 2.644861609
1572007414 2.758111373
1572007908 2.679019305
1572008318 2.396444783
1572008721 2.713079703
1572009115 2.695648091
1572009504 2.586477035
1572009896 2.769271434
1572010291 2.386310363
1572010682 2.828350498
1572011193 2.620936147
1572011390 2.6825551
1572011584 2.756213104
1572011783 2.781052898
1572011979 2.652671399
1572012177 2.713064209
1572012372 2.441905833
1572012566 2.729381869
1572012761 2.559216737
1572012954 2.776461985
1572013243 2.769629606
1572013637 2.69988567
1572014030 2.650846016
1572014420 2.557685889
1572014810 2.807615221
1572265014 2.733421947
1572265211 2.583647151
1572265408 2.755713743
1572265608 1.011236222
1572265804 2.610771859
1572266015 2.658133909
1572266208 2.68720884
1572266409 2.671979432
1572266611 2.685437344
1572266807 2.883334218
1572268091 2.519085633
1572268862 2.606581556
1572269275 2.689258836
1572269682 2.731251285
1572270099 2.770867663
1572270495 2.976369623
1572270889 2.612930501
1572272249 2.079248313
1572272580 2.121042985
1572272915 2.143893966
1572273247 2.17477341
1572273594 2.078920859
1572274086 2.079092212
1572274254 2.264244948
1572274429 2.165123804
1572274595 2.214570412
1572274768 2.01516298
1572274938 2.001750816
1572275107 2.133018866
1572275285 2.181989955
1572275454 2.070878751
1572275629 2.050609278
1572276351 2.257756684
1572276689 2.220392299
1572277020 1.76852801
1572277350 2.092553566
1572277697 1.958979367
1572278045 2.260332545
1572278378 2.268315329
1572361227 2.769991998
1572361425 2.607705382
1572361620 2.81833992
1572361815 2.636905481
1572362012 2.51527452
1572362208 2.881738479
1572362404 2.750354094
1572362599 2.700831034
1572362798 2.870591837
1572362994 2.6196259
1572363437 2.214754175
1572363767 2.110154788
1572364096 2.198737062
1572364427 2.145008769
1572364760 2.040036099
1572365101 2.172073029
1572365479 2.2009934
1572365851 2.175119
1572366190 2.154751146
1572366526 2.123334465
1572366878 2.304039145
1572367045 2.183349286
1572367214 2.299520248
1572367384 2.228741741
1572367566 2.078957848
1572367737 2.096720238
1572367913 2.048049786
1572368081 2.210328624
1572368247 2.103226328
1572368413 2.212938249
1572369556 2.143475342
1572369886 2.222792258
1572370216 2.303629121
1572370549 2.179830488
1572370877 2.190788371
1572371209 2.257260106
1572371540 2.12918981
1572371869 2.216628013
1572372198 2.205429239
1572372528 2.189741089
1572532344 2.606876888
1572532546 2.728108464
1572532751 2.559404919
1572533534 2.062456831
1572533872 2.231509479
1572534226 2.187391445
1572534573 2.148038506
1572534905 2.12911454
1572535253 2.05693717
1572535584 2.179087963
1572535919 2.170864936
1572536251 2.203469323
1572536616 2.033728325
1572537217 2.136164417
1572537871 2.136194133
1572538524 2.032495954
1572539181 2.088965891
1572539833 2.143354879
1572540740 2.132849838
1572541393 2.095102715
1572542042 2.171445338
1572542689 2.175919644
1572543334 2.104269568
1572544466 2.119022823
1572544633 2.192244367
1572544803 2.053242358
1572544977 2.273866726
1572545151 2.07147955
1572869977 2.170662222
1572870145 2.187192183
1572870366 2.092546212
1572870551 2.196479527
1572870768 2.221483417
1572871107 2.121251571
1572871757 2.239748382
1572872406 2.110912191
1572873088 2.167294806
1572873737 2.227148323
1572874799 2.181170923
1572875650 2.222746489
1572876885 2.228395867
1572877539 2.121749016
1572878766 1.927768299
1572879878 2.185815626
1572880160 2.123494064
1572880496 2.176384661
1572880835 1.760665226
1572881181 2.096808814
1572881516 2.095808938
1572881848 2.129960198
1572882180 0.824904127
1572882569 2.188335546
1572882919 2.332224793
1572883259 2.223149901
1572965359 2.543765746
1572965526 1.972249024
1572965694 2.153413432
1572965863 2.028258043
1572966034 2.20894638
1572966200 2.092106518
1572966372 2.094828292
1572966556 2.224053625
1572966899 2.207993853
1572967170 2.175220492
1572967826 2.007311528
1572969130 2.141219306
1572969783 2.018937304
1572970443 2.129172995
1572971094 2.123486883
1572971757 2.223724748
1572972416 2.12562251
1572973129 2.16052991
1572973782 2.009017469
1572974431 2.339903472
1572975161 2.29541252
1572975488 2.177601898
1572975838 2.385015587
1572976231 2.178470118
1572976569 1.971093997
1572976899 2.043882394
1572977229 2.170298184
1572977592 2.047114698
1572977940 2.200916974
1573207006 2.080250369
1573207174 2.123193835
1573207343 2.171201114
1573207509 2.213711339
1573207680 2.144616536
1573207847 2.111909469
1573208014 2.003398911
1573208179 2.186378282
1573208346 2.300548665
1573208513 2.134726493
1573208718 2.123298437
1573209368 2.058585303
1573210034 2.104482787
1573210700 2.096319942
1573211366 2.177724892
1573212022 2.22381067
1573212671 2.189888454
1573213325 2.091925706
1573213992 2.264152287
1573214650 2.135634385
1573218185 2.052025363
1573218513 2.062860285
1573218905 2.179696447
1573220248 2.059717455
1573220415 2.184090952
1573220583 2.180761583
1573220752 2.138099631
1573220919 2.095690789
1573221087 2.199210909
1573221251 1.986315858
1573221420 2.1369715
1573221587 2.080255615
1573221756 2.139279649
1573221945 2.36003874
1573222117 2.050609623
1573222283 2.222815268
1573222448 2.130313086
1573222616 2.17741099
1573301097 2.084141602
1573301266 2.241163457
1573301435 2.152447599
1573301616 2.18014278
1573301801 2.117791588
1573301972 1.651225799
1573302148 2.217539015
1573302322 2.170014538
1573302491 2.180812397
1573302658 2.043962687
1573303806 1.914650112
1573303973 2.039452186
1573304138 2.009477797
1573304301 1.978460338
1573304463 2.102100957
1573304630 2.128912211
1573304789 2.234979462
1573304948 1.961165248
1573305112 1.917405664
1573305271 2.03303755
1573306409 1.883441758
1573306745 2.283349616
1573307069 2.132626606
1573307405 2.014537187
1573307722 1.791650479
1573308043 2.052010893
1573308357 1.916373826
1573308687 2.05335634
1573309008 2.020147585
1573309339 2.21696615
1573310180 2.072447801
1573310805 2.012478662
1573311421 2.130755808
1573312038 1.971863231
1573312737 1.952096408
1573313358 1.9580736
1573313979 2.05450823
1573314608 1.964487707
1573741841 1.889416178
1573741959 1.833944526
1573743590 1.840431514
1573743692 0.855893731
1573743791 1.9187026
1573743889 1.890426529
1573743988 1.678678092
1573744085 1.777566728
1573744182 1.945374499
1573744281 1.446631524
1573744377 1.864530809
1573744468 1.803940232
1573744580 1.790766377
1573744673 1.924478409
1573744787 1.709573675
1573744884 1.875963981
1573745021 1.963345066
1573745302 1.956252295
1573745405 2.013797967
1573745502 1.832907273
1573745602 1.926695573
1573745700 1.923817728
1573745803 2.025641472
1573745902 1.964139583
1573745998 1.906897478
1573746098 2.149424219
1573746196 2.008534495
1573746298 1.920229266
1573746399 1.943104458
1573746496 1.874084637
1573746591 2.131432961
1573748912 1.838755356
1573749008 1.994234082
1573749109 1.839049022
1573749221 1.761346477
1573749314 1.96408363
1573749447 1.832105578
1573749553 1.954663087
1573749652 1.91559881
1573749848 1.852233829
1573752444 1.879412309
1573752702 1.923179856
1573752861 1.873374107
1573753019 1.995248322
1573753177 2.048805071
1573753331 2.012467815
1573753490 1.961810912
1573753644 1.883397669
1573753806 1.884840423
1573754626 1.877933593
1573754785 1.928777542
1573754946 2.270926912
1573755114 1.795189455
1573755273 1.972340779
1573755432 1.875762069
1573755589 1.798608103
1573755747 2.042812691
1573755905 1.917870657
1573756062 1.92510741
1573827956 1.788900885
1573828268 1.924496754
1573828579 1.841557983
1573828884 1.928778938
1573829189 1.839172331
1573829495 1.967758902
1573829876 1.908329869
1573830362 1.830554829
1573830669 2.008079116
1573830978 1.656191087
1573831370 2.007405379
1573831527 2.016029756
1573831685 1.89717654
1573831859 2.066321262
1573832011 1.915788607
1573832169 2.016898343
1573832493 1.838192626
1573832648 1.88811065
1573832802 2.078729019
1573832986 1.929469669
1573833156 2.001449189
1573833320 1.762239208
1573833476 1.939751878
1573901008 1.833050779
1573901166 1.994837057
1573901322 1.987859763
1573901478 1.944527515
1573901639 1.835038328
1573901793 1.88922101
1573901947 2.073503358
1573902106 1.890112553
1573902262 2.048919832
1573902419 2.052419142
1573902612 1.795160152
1573903230 2.0186145
1573903542 1.81560771
1573903852 1.96950229
1573904161 1.998283919
1574685924 2.000021783
1574686099 1.655584342
1574686256 2.147859447
1574686418 1.996703706
1574686574 1.81279567
1574686905 2.099741888
1574687267 1.955564323
1574687929 1.90875659
1574689230 2.005752054
1574689602 1.912214784
1574689816 1.964580574
1574689987 1.58349908
1574690149 1.755751189
1574690485 1.974020821
1574690655 1.72197417
1574691179 2.406346918
1574691933 1.568503991
1574692570 1.908689408
1574693481 1.964217586
1574693806 1.920192889
1574694237 2.084177423
1574694567 1.890119146
1574694878 1.664829306
1574695123 1.827045869
1574695451 2.047746335
1574696232 1.87684883
1574696808 1.795734394
1574697383 1.914810148
1574706666 1.919352806
1574706801 1.813241474
1574707224 1.864245107
1574708012 1.884461906
1574708507 1.959946714
1574708708 1.701866347
1574709090 2.116396073
1574709324 2.123422651
1574710433 2.005514
1574710623 2.007164213
1574710623 2.007164213
1574708708 1.701866347
