1569854490 5.923772136
1569855916 5.413306671
1571330187 6.043520331
1571766543 6.096286506
1571767325 6.190702172
1572537441 6.825719148
1572538098 5.924282664
1572538758 5.936310929
1572539411 6.062405165
1572540058 6.607662645
1572540963 5.968156393
1572541617 6.089710448
1572542266 5.911890199
1572542913 5.997423305
1572543578 5.972378179
1572871332 5.991350558
1572871982 5.700295398
1572872660 4.540226337
1572873313 5.149946483
1572873966 5.667803774
1572875027 5.857611312
1572875888 6.112737151
1572877114 6.023756625
1572877764 5.98087528
1572878992 6.530036372
1572967399 6.259505647
1572968055 6.087967106
1572969358 5.886318635
1572970019 5.883982934
1572970669 5.953180824
1572971321 5.875564841
1572971982 7.75516614
1572972641 6.661686044
1572973357 6.231116741
1572974007 6.128482229
1572974658 6.102616497
1573208941 7.353157544
1573209596 6.951694042
1573210272 5.215872583
1573210943 3.187809756
1573211596 8.143749236
1573212246 6.97951615
1573212897 6.062882318
1573213548 6.050851599
1573214220 6.667272043
1573214875 7.331666301
1573310397 5.227907583
1573311018 6.171720636
1573311633 5.495819002
1573312338 4.096388291
1573312947 5.49361887
1573313575 5.557356147
1573314208 4.32718894
1573314821 5.369495595
1574696431 4.439406188
1574697010 6.834962213
1574697601 5.451131982
1574698176 4.335227624
1574698760 5.403531138
1574709545 5.585249941
1574710832 5.522693777
1574956183 5.423507452
1574956844 5.592720778
1574957447 5.43541665
1574958026 4.09817754
1574958617 5.557716765
1574959206 5.706735162
1574959809 6.284394251
1574960387 6.243137423
1574961000 4.296188796
1574961634 5.477357861
1575033108 6.32883823
1575033676 6.310405806
1575034267 6.046675133
1575034833 5.488711485
1575035406 4.659165033
1575036427 6.175230546
1575037007 3.563515633
1575037564 5.555642721
1575038566 4.115246113
1575039135 5.518650812
1575120398 6.103917895
1575120961 6.129095918
1575121522 5.501015869
1575122585 5.535878107
1575123143 4.079860757
1575123701 5.363324389
1575124257 6.095209606
1575124825 5.668364498
1575125382 5.649796126
1575125951 5.677438268
1575297698 5.877564846
1575298278 4.225481692
1575298845 5.325024813
1575299423 6.65937678
1575299995 5.618055931
1575300614 6.259583116
1575301186 4.447715275
1575301996 5.297220602
1575390184 6.190344426
1575390751 6.217034877
1575391319 5.519813803
1575391883 5.480185342
1575392692 6.047279565
1575393328 6.112824841
1575393888 5.414137985
1575394457 4.25859717
1575395018 5.4799445
1575395581 5.505852676
1575562416 5.562522852
1575563116 4.180809605
1575563763 4.798189641
1575564359 4.338801158
1575564942 5.536598039
1575565507 5.537037009
1575566076 6.475829315
1575566661 6.038822876
1575567981 6.094328055
1575568587 6.045449687
1579191035 5.683419175
1579191649 5.381294812
1579192214 5.429658189
1579192796 4.225575371
1579193358 5.922204407
1579193950 5.489821047
1579194517 6.136258524
1579195083 5.04867466
1579195674 5.65820837
1579196236 5.651690818
1579359442 5.699922862
1579360018 6.998117983
1579360580 4.974232956
1579361138 4.207265541
1579361693 4.301187812
1579362246 5.447540967
1579362802 5.89266549
1579363368 5.552857356
1579363936 5.518767451
1579364494 5.55571466
1574710832 5.522693777
