1569849914 6.057182503
1569850118 6.182291137
1569849914 6.057182503
1569850118 6.182291137
1569850928 5.97711744
1569851137 6.122965581
1569851472 17.192326877
1569851693 6.035618854
1569851923 6.278932167
1569852152 6.013734258
1569852390 6.000518506
1569852607 6.160443099
1569852998 5.750148303
1569853309 6.280885057
1569853548 5.885519449
1569854190 6.091764194
1569855149 6.179737343
1570446922 5.643437271
1570448014 5.744709685
1570448741 5.98998503
1570449210 5.86289056
1570449636 6.512621704
1570543036 5.895720524
1570543392 8.985641958
1570543599 6.013913932
1570544528 5.918547166
1570544728 6.236961532
1570544989 5.94501663
1571322908 5.870565565
1571323229 5.999751813
1571323623 5.84709898
1571324024 6.109861649
1571324425 5.899907799
1571325030 5.808036542
1571325227 5.907539073
1571325427 5.996506093
1571325631 5.940513815
1571325830 5.892789235
1571326030 6.085312271
1571326721 6.029357079
1571326933 5.89209844
1571327141 5.772146216
1571327355 5.920229709
1571327745 5.762684503
1571328136 5.822016377
1571328527 6.069620945
1571328918 6.009277226
1571329310 5.721586661
1571329903 5.568630884
1571395823 5.844692612
1571396019 5.804760748
1571396216 5.881027639
1571396414 5.809234473
1571396612 5.988036234
1571396811 5.935591963
1571397041 5.864163937
1571397245 5.931437073
1571397443 5.977110731
1571397641 5.892466229
1571397859 5.846725135
1571398252 5.896940712
1571398647 6.036009692
1571399037 5.853058729
1571399429 5.937119015
1571399825 5.6194011
1571400218 5.832391887
1571400640 5.948912014
1571401039 6.08374095
1571401431 5.928104567
1571404888 5.757925525
1571405088 5.913218691
1571405284 6.023254509
1571405485 5.782797907
1571405717 6.015543564
1571406812 6.003140589
1571407201 5.587180171
1571407595 5.88036048
1571407983 5.870164265
1571408375 6.084028092
1571408906 5.760046947
1571409137 5.835926289
1571409339 5.536228331
1571409537 5.963619469
1571409753 5.771081734
1571664321 5.909239811
1571664864 5.772125939
1571665068 5.863005443
1571665278 6.050938421
1571665472 5.841947505
1571665667 5.829619834
1571665868 6.016731121
1571666259 5.905557906
1571666650 5.848810019
1571667043 5.842442425
1571667479 5.931168819
1571668086 5.943664238
1571668285 5.806212689
1571668479 6.061911776
1571668683 5.843191504
1571668879 6.301755032
1571669132 5.802961467
1571669530 7.03795226
1571751956 5.901642754
1571752151 5.898033562
1571752350 6.041896377
1571752555 6.084515401
1571752750 5.882764219
1571752946 5.891697195
1571753144 5.948245191
1571753341 5.808658146
1571753538 6.650792126
1571753734 5.844278655
1571754043 5.83852175
1571754439 5.764935301
1571754833 5.782914954
1571755236 6.025364338
1571755799 5.956200681
1571756469 5.842305335
1571756880 5.906753093
1571757329 6.03111247
1571757718 5.977785829
1571758118 6.021833059
1571758508 5.800093385
1571760092 5.81605805
1571760288 5.929054254
1571760490 5.839678211
1571760688 5.849652065
1571760887 5.90822345
1571761099 5.843212305
1571761299 5.832923764
1571761492 6.966967961
1571761688 5.927092382
1571761888 5.882565978
1571762120 8.018605852
1571762512 5.591224742
1571762912 5.89395938
1571763300 5.859958768
1571763691 5.938391408
1571764096 5.759173802
1571764508 6.019449168
1571764901 5.828549696
1571765289 5.810269815
1571765681 5.73057284
1571766257 5.762967898
1571767040 5.846779349
1571922189 5.967393998
1572003199 5.897507215
1572003394 5.794756121
1572003592 5.858482552
1572003790 5.754132604
1572004180 5.716797429
1572004375 6.008394548
1572004575 6.011773846
1572004777 6.012860084
1572004976 5.72823464
1572006266 5.883323955
1572007004 5.743186517
1572007398 5.899019914
1572007891 5.878731617
1572008302 5.723565792
1572008705 5.780736601
1572009099 5.856658621
1572009488 6.023142684
1572009880 5.926451121
1572010275 6.274969595
1572010666 6.034651852
1572011177 5.988890671
1572011374 5.795868407
1572011567 5.926881142
1572011767 5.728423571
1572011963 5.923914735
1572012161 5.847500942
1572012356 5.959134195
1572012550 5.712730743
1572012745 5.672145857
1572012938 5.933349691
1572013227 5.952061131
1572013621 5.852199958
1572014013 5.912514058
1572014404 5.809318439
1572014793 6.001144151
1572264997 6.041646413
1572265194 5.924451279
1572265392 5.858294738
1572265591 6.008267577
1572265788 5.980477782
1572265999 5.814359735
1572266192 5.818591211
1572266392 6.106730678
1572266594 7.284650138
1572266792 4.420509382
1572268075 5.711222324
1572268846 5.905658847
1572269259 5.87960424
1572269665 5.933772378
1572270083 5.851960314
1572270479 5.628849358
1572270873 5.871357638
1572272236 4.794023895
1572272567 4.733107181
1572272902 4.849082541
1572273234 4.78679774
1572273581 4.80801195
1572274073 4.793651041
1572274241 4.848926418
1572274416 4.696907778
1572274583 4.739735094
1572274755 4.737858164
1572274925 4.690102855
1572275093 4.574255325
1572275272 4.92156608
1572275441 4.646110395
1572275616 4.749244898
1572276003 4.781225858
1572276338 4.74200803
1572276676 4.819005747
1572277007 4.684192689
1572277337 4.954810061
1572278031 5.404359601
1572278364 4.962095986
1572361210 6.003459119
1572361408 6.016220832
1572361604 5.806218038
1572361799 5.73809759
1572361996 5.957202006
1572362192 5.930278654
1572362387 5.936797487
1572362583 5.690899231
1572362782 5.827763053
1572362978 5.859998011
1572363424 4.777922315
1572363754 4.853048544
1572364083 4.672920591
1572364414 4.866279764
1572364746 4.818480583
1572365088 4.651355862
1572365466 4.77301039
1572365837 5.853306229
1572366177 4.963481171
1572366513 4.850839422
1572367033 4.719784198
1572367202 4.676993785
1572367371 4.660979448
1572367724 4.827524832
1572367900 4.694360243
1572368067 4.699179995
1572368234 4.773988883
1572368400 4.805751667
1572369543 4.709588603
1572369873 4.677563079
1572370203 4.783235231
1572370536 4.656688904
1572370864 4.856708263
1572371193 4.835058708
1572371527 4.814162361
1572371855 4.880110567
1572372185 4.70567866
1572372514 4.744192507
1572532328 6.009410302
1572532530 5.957398315
1572532735 5.937183663
1572533521 4.716424142
1572533859 4.737391101
1572534213 4.874589415
1572534560 4.725507587
1572534892 4.747564992
1572535240 4.869899885
1572535571 4.775888567
1572535907 4.781595746
1572536237 4.742133497
1572536601 4.726229096
1572537204 4.73878091
1572537859 4.663994406
1572538511 4.75880361
1572539168 4.662426136
1572539820 4.603120268
1572540727 4.617884147
1572541380 4.750543996
1572542029 4.590450413
1572542676 4.792776187
1572543321 4.719510276
1572544453 4.61487533
1572544620 4.748466712
1572544790 4.70674428
1572544964 4.854589923
1572545139 4.662883381
1572869964 4.755419472
1572870132 5.028653257
1572870353 4.581771443
1572870538 4.735128505
1572870755 4.738537487
1572871093 4.679561139
1572871744 4.787550998
1572872393 4.776220594
1572873074 4.882492264
1572873724 4.674697475
1572874782 8.684610099
1572875636 5.660678988
1572876871 4.770969446
1572877526 4.644892533
1572878737 4.777066098
1572879865 4.733003527
1572880147 4.912066855
1572880483 4.568806377
1572880822 4.995520656
1572881168 4.746560084
1572881503 4.702899744
1572881835 4.596160973
1572882166 4.741189697
1572882905 4.726931564
1572883246 4.828170038
1572965346 4.611126949
1572965513 4.391561601
1572965681 4.540101893
1572965850 4.789678181
1572966187 4.828698817
1572966359 4.614731227
1572966716 4.548247947
1572966887 4.434899847
1572967111 50.156536301
1572967813 4.569421951
1572969117 4.812366065
1572969770 4.841415482
1572970430 4.525818679
1572971082 4.647692168
1572971744 4.592928359
1572972403 4.716651496
1572973116 4.641974982
1572973769 4.594602416
1572974418 4.550911548
1572975148 4.626783987
1572975475 4.641756634
1572975814 10.954943079
1572976175 47.101505656
1572976556 4.616365387
1572976886 4.644893376
1572977216 4.527352743
1572977579 4.78264089
1572977926 4.703679801
1573206993 4.446512613
1573207161 4.710996375
1573207330 4.680373417
1573207496 4.605925642
1573207667 4.572244218
1573207834 4.694764632
1573208001 4.510823303
1573208166 4.346477845
1573208333 4.550072559
1573208499 4.688655582
1573208705 4.562166468
1573209355 4.396994568
1573210021 4.915930402
1573210687 4.419057934
1573211353 4.824568795
1573212009 4.684923582
1573212658 4.616290873
1573213311 4.776124992
1573213980 4.439888851
1573214637 4.527942945
1573218172 4.450670008
1573218500 4.754439771
1573218892 4.412309554
1573220235 4.524785376
1573220402 4.493007168
1573220570 4.611343017
1573220739 4.574250937
1573220906 4.562012161
1573221074 4.327675965
1573221238 4.557685997
1573221407 4.694301931
1573221574 4.684829979
1573221743 4.540321814
1573221932 4.722821412
1573222104 4.68652763
1573222270 4.397442572
1573222435 4.515264337
1573222603 4.699168398
1573301084 4.44602736
1573301253 4.83213318
1573301422 4.514323968
1573301603 4.560382453
1573301788 4.683918419
1573301959 4.755688924
1573302135 4.70607738
1573302309 4.397124441
1573302478 4.540298434
1573302645 4.687925369
1573303794 4.351051242
1573303961 4.219034577
1573304126 3.903013532
1573304289 4.175530036
1573304450 4.740935421
1573304618 4.159259925
1573304777 4.290968004
1573304936 3.959373862
1573305100 4.331759484
1573305259 4.320991522
1573306397 4.26440275
1573306732 4.435100008
1573307057 4.36548349
1573307393 4.184393787
1573307710 4.221106532
1573308345 4.110341774
1573308675 4.06766997
1573308996 4.445598896
1573309327 4.512848907
1573310168 4.166169636
1573310793 4.415359752
1573311409 4.428793259
1573312026 4.090793868
1573312725 4.694420549
1573313346 4.19478726
1573313967 4.437989456
1573314595 4.698413858
1573741947 4.405524099
1573743677 4.835469898
1573743877 4.351729458
1573744270 4.284965938
1573744568 4.555106116
1573744661 4.399973702
1573744759 4.528178247
1573744873 4.186677703
1573745290 4.361852635
1573745490 4.286878092
1573745590 4.272790401
1573745792 4.828422424
1573745891 4.272490536
1573746086 4.371224381
1573746185 4.336842758
1573746484 4.34654361
1573746580 4.445168364
1573748900 4.392701118
1573749098 4.224710906
1573749209 4.573649598
1573749303 4.460764351
1573749435 4.681682303
1573749541 4.462854851
1573749640 4.515087984
1573749835 4.5101547
1573752432 4.655733145
1573753007 4.399049074
1573753165 4.323444491
1573753319 4.26464609
1573753633 4.115441645
1573753794 4.447388961
1573754614 4.226676431
1573754773 4.188404024
1573755103 4.299646075
1573755261 4.27123214
1573755421 4.241832384
1573755577 4.043588631
1573755736 4.047595609
1573755893 4.176668222
1573756050 4.470847893
1573827944 4.314215339
1573828872 4.332240651
1573829177 4.479130856
1573829483 4.385038777
1573829864 4.465813671
1573830350 4.323309965
1573831358 4.34234228
1573831515 4.378358453
1573831674 4.391911793
1573831999 4.31598863
1573832157 4.489959836
1573832314 4.294973676
1573832637 4.305409744
1573832791 4.237394329
1573832974 4.185773422
1573833145 4.24904551
1573833308 3.846189507
1573833464 4.451020783
1573833622 4.157631299
1573900996 4.160293524
1573901310 4.335344626
1573901466 4.482808197
1573901627 4.401495923
1573901781 4.463375508
1573901936 4.415269641
1573902095 4.170125735
1573902407 4.224294685
1573902600 3.848808574
1573902908 4.260391441
1573903218 4.531183467
1573903840 4.647049314
1573904149 4.152678144
1573904460 7.945476287
1574685722 4.432258194
1574685912 4.335102559
1574686086 4.456908643
1574686243 4.295249486
1574686405 4.351404152
1574686562 4.19901379
1574686727 4.412838366
1574686892 4.794875993
1574687083 4.339859787
1574687255 3.942713485
1574687917 4.225012985
1574688229 4.325031324
1574689215 4.399715011
1574689590 4.314592559
1574689804 4.239068657
1574689964 4.656070986
1574690136 4.457130515
1574690313 4.584293628
1574690474 4.141523205
1574690643 4.565010052
1574690804 4.573424068
1574690988 4.409394904
1574691161 4.265688718
1574691920 4.317634395
1574692240 4.531761933
1574692557 4.539392796
1574693469 4.690943664
1574693794 3.85135622
1574694225 4.364391685
1574694555 4.321737868
1574694865 4.205637476
1574695111 4.311242261
1574695439 4.116480091
1574695760 4.387130385
1574696220 4.528419383
1574696796 4.317670273
1574697371 4.369256269
1574697964 4.451618176
1574698533 4.344813678
1574706654 4.187356511
1574706789 4.579707799
1574707032 4.543292804
1574707212 4.373646692
1574708413 4.264477187
1574708696 4.472447117
1574709078 4.577328951
1574709311 4.505769623
1574710421 4.520378293
1574710611 4.081104739
1574950703 4.166329894
1574951015 4.612552296
1574951389 4.346660072
1574951744 4.663188593
1574952071 4.444415262
1574952386 5.70210139
1574952790 4.296623247
1574953152 4.200998218
1574953481 4.650799444
1574953807 4.243912688
1574954136 4.038089144
1574954299 4.071823611
1574954468 10.125441008
1574954638 4.391318473
1574954824 3.983335038
1574954980 4.293901855
1574955141 4.571442963
1574955398 4.729000457
1574955558 4.069988223
1574955718 4.545547079
1574956543 4.324326832
1574957213 4.239949127
1574957807 4.035499158
1574958390 4.579834409
1574958984 4.581769522
1574960172 4.36047107
1574960757 4.453836984
1574961437 4.339885844
1575026466 4.676942283
1575026627 4.651509321
1575026789 4.360301529
1575026949 4.440059685
1575027112 4.356055742
1575027274 4.547954535
1575027440 4.542603373
1575027597 4.160467575
1575027760 4.622169867
1575027926 3.968884319
1575028107 4.121967603
1575028415 4.290841672
1575028727 4.406965295
1575029060 4.396470982
1575029377 4.579331153
1575029684 4.484299295
1575029999 4.240513965
1575030310 4.047836395
1575030627 4.296595112
1575030958 4.447773001
1575032907 4.428851949
1575033473 4.464152212
1575034065 4.459865189
1575034632 4.272882434
1575035204 4.409272062
1575036803 4.29902238
1575037363 4.371014837
1575037921 4.401243567
1575038933 4.36949373
1575112783 4.343360945
1575112944 4.241258657
1575113106 4.222629728
1575113266 4.295137115
1575113424 4.539464071
1575113584 4.474971467
1575113741 4.572118038
1575113898 4.544356434
1575114057 4.253721503
1575114224 4.609888145
1575114393 4.394514135
1575114696 4.434966611
1575115007 4.3442606
1575115316 4.146104398
1575115940 4.443053003
1575116251 4.436500414
1575116562 4.251854652
1575116870 4.491793815
1575117178 4.288325929
1575120199 4.364437495
1575120763 3.868483252
1575121321 4.612460054
1575122384 4.10659872
1575122943 4.284399796
1575123499 4.432608576
1575124058 4.53539651
1575124613 4.408896347
1575125179 4.410684126
1575125748 4.56411663
1575289711 4.20090553
1575289874 4.791796126
1575290044 4.615909034
1575290227 4.335965273
1575290395 4.363765233
1575290745 3.973100348
1575290903 4.429447941
1575291064 4.10475289
1575291224 4.40226913
1575292901 4.336885924
1575293219 4.368497067
1575293555 4.322821739
1575293893 4.462670662
1575294230 4.408833436
1575294920 4.357035452
1575295690 4.410091194
1575296901 4.426207569
1575297486 4.637064811
1575298070 4.350644026
1575298641 4.2288443
1575299214 4.474891687
1575299791 4.365708247
1575300974 4.434315875
1575301772 4.544475536
1575384114 4.344563912
1575384274 4.357574037
1575384434 4.410948686
1575384592 4.531281053
1575384757 4.492659165
1575384912 4.479457342
1575385073 4.360143284
1575385235 4.519710952
1575385394 4.470506606
1575385557 4.398043307
1575385800 4.317349093
1575386110 4.138949129
1575386422 4.427745805
1575386827 4.953707808
1575387136 4.488945537
1575387446 4.225578745
1575387755 4.346183147
1575388064 4.536384163
1575388372 4.488299701
1575388678 4.463935324
1575389980 4.446113195
1575390549 4.479763923
1575391679 4.406850943
1575392492 4.518624845
1575393126 4.451696713
1575393690 4.302196149
1575394255 4.290552874
1575394817 4.598043556
1575395380 4.36481892
1575397035 11.13171722
1575397323 12.412404131
1575397924 13.039100713
1575398171 10.806703821
1575398388 14.290442216
1575473341 4.525094943
1575474278 4.527238245
1575474367 6.617845376
1575556494 4.496566538
1575556655 4.387105574
1575556820 4.201079041
1575557000 3.81643417
1575557182 4.274412913
1575557346 4.263830889
1575557540 4.436704496
1575557707 11.264774424
1575558168 9.581815213
1575558357 9.397650788
1575558559 4.227928856
1575558871 4.39672085
1575559199 4.406868351
1575559509 4.370579494
1575559885 4.348096278
1575560191 4.264384972
1575561075 4.171415856
1575561422 4.290113529
1575561779 3.872952661
1575562198 4.301742352
1575562907 4.411750813
1575563543 4.429146064
1575564159 3.918808531
1575564741 4.223396097
1575565308 4.358184776
1575565869 4.521449966
1575566440 4.390995718
1575567776 4.511527396
1575568388 4.177994945
1579183992 4.576393484
1579184433 4.271915378
1579184703 4.532460115
1579184869 4.395758272
1579185031 4.096440877
1579185194 16.775720831
1579185382 4.195746267
1579185564 4.466699079
1579185739 4.080624382
1579185917 4.148041374
1579186105 4.120183663
1579186303 4.434063688
1579186616 4.237313418
1579187665 3.922036507
1579187972 4.524634482
1579188305 4.162949116
1579188441 4.40008574
1579188961 4.408450408
1579189286 4.180925435
1579189635 4.273721258
1579190289 4.400628468
1579190830 4.433175343
1579191447 4.302862274
1579192012 4.335540645
1579192577 4.325754939
1579193158 4.384733351
1579193746 4.200836708
1579194312 4.393234537
1579194882 4.403280855
1579195446 4.301765411
1579196035 4.645588239
1579351723 4.458995169
1579351889 4.471855139
1579352050 4.183191117
1579352212 4.363379452
1579352374 4.235178266
1579352538 4.380608541
1579352695 4.405805848
1579352857 4.224504305
1579353020 4.307154225
1579353183 4.279991612
1579354065 4.117076721
1579354371 4.405592518
1579354682 4.202499515
1579354993 4.291867083
1579355300 4.316335981
1579355610 4.242726284
1579355919 4.392923832
1579356224 4.273189166
1579356531 4.369560511
1579356837 4.548803458
1579359244 4.534077076
1579359816 4.454057478
1579360380 4.282329793
1579360939 4.06470695
1579361495 4.500903974
1579362048 4.405245138
1579362604 3.829061316
1579363164 4.685993945
1579363733 4.529715513
1579364294 4.451937974
1579522804 4.784334265
1579523014 4.313112891
1579523201 7.418540824
1579523369 4.581833322
1579523542 4.385746292
1579523724 4.207149135
1579523905 4.389533866
1579524092 3.976465524
1579524262 4.231141647
1579524430 4.232365502
1579524663 4.250909563
1579524985 4.45370623
1579525337 4.655936021
1579525713 4.276677464
1579526038 4.196669107
1579526363 4.322953657
1579528349 4.284844674
1579528670 4.237056907
1579529093 4.429387185
1579529472 4.58249213
1579529809 4.403467248
1579530209 4.471892265
1579530848 4.453177829
1579531898 4.457846539
1579532601 4.331514277
1579533235 4.486705369
1579533829 4.344787979
1579534472 4.37068977
1579535144 4.549134892
1579535731 4.428831374
1579536812 4.593540833
1579537397 4.356464502
1580215263 4.402847829
1580215455 4.395308175
1580215622 4.31651023
1580215781 4.380354444
1580215942 4.449436129
1580216105 4.402804178
1580216265 4.579835763
1580216426 4.160992027
1580216585 4.547681244
1580216767 4.387646924
1580217798 4.27238452
1580218123 4.346793829
1580218441 4.433338658
1580218776 3.933546432
1580219129 4.108314954
1580219488 4.102320747
1580222216 4.473118473
1580222531 4.188528903
1580222846 4.199674397
1580223149 4.603673664
1580223537 4.392342901
1580224104 4.238676276
1580224662 4.496209833
1580225220 4.404061013
1580225785 4.405686114
1580226363 4.34473584
1580226932 4.336066759
1580227530 4.428021962
1580228114 4.5644856
1580228674 4.451154163
1580304677 4.650697716
1580304835 4.70338872
1580304996 4.479858708
1580305156 4.013383571
1580305318 4.349317112
1580305500 4.298304078
1580305663 4.579673975
1580305822 4.644471222
1580305978 4.193201066
1580306137 4.39598102
1580306441 4.343363567
1580306743 4.167053167
1580307058 4.364764178
1580307599 23.700240682
1580307928 4.36548899
1580308240 4.676032769
1580310443 4.405549002
1580310757 4.501164478
1580311071 4.226693765
1580311691 4.31392786
1580312098 4.042905136
1580312683 4.132283644
1580313241 4.008284195
1580314205 4.375183299
1580314761 4.47461578
1580315317 4.367527508
1580315880 4.322981538
1580316584 4.756860688
1580317156 4.82373662
1581935170 11.26619802
1581935335 4.88329212
1581935495 5.441757815
1581935659 6.565305089
1581935824 9.730442173
1581935988 12.93933528
1581936161 15.88393374
1581936332 4.9399584
1581936493 5.378448285
1581936654 18.884108408
1581936831 19.540431408
1581937158 7.637523664
1581937503 7.223730909
1581937806 9.859113746
1581938130 19.599892584
1581938463 8.346257547
1581938770 11.430549022
1581939089 8.688643909
1581939420 22.689149961
1581939734 9.287972966
1581942138 12.570813443
1581942818 9.751915701
1581944422 4.327842263
1581945707 4.511284759
1581946278 4.394219178
1581946850 4.01760067
1581947770 4.097436887
1581948837 4.414140678
1582026850 4.048561489
1582027013 4.291918398
1582027173 4.771382917
1582027342 4.901122421
1582027530 4.793388433
1582027755 4.481927609
1582027919 5.054087201
1582028089 4.322985579
1582028255 4.269697092
1582028422 4.360268709
1582028591 4.223239503
1582030247 4.427149723
1582030551 4.360324436
1582031501 3.955301907
1582031800 4.359157597
1582032170 4.35160474
1582032490 4.301167964
1582032791 4.117362118
1582033092 4.25962179
1582033768 4.212281249
1582036034 4.105645509
1582036638 4.730740547
1582037245 4.211355112
1582037847 4.128213785
1582038439 4.319552084
1582041333 4.713881623
1582041942 4.368139083
1582043527 4.34727481
1582044142 4.4563867
1582044744 4.128608972
1582045048 4.232662765
1582045348 4.174720012
1582045655 5.186424884
1582045956 4.379850447
1582113063 4.318331447
1582113233 4.466302005
1582113395 4.373619525
1582113563 4.95457036
1582113724 4.400544718
1582113903 4.070371561
1582114066 4.591640951
1582114229 4.25243869
1582114397 4.137609803
1582114558 4.184552814
1582114724 4.282365724
1582114884 4.283683578
1582115052 4.103853233
1582115217 4.589503541
1582115380 4.107929053
1582115543 4.372307318
1582115707 4.368423739
1582115870 4.683262862
1582116441 4.362632906
1582116607 4.449925474
1582118928 4.045996149
1582119091 4.162884344
1582119259 4.275822159
1582119427 4.282396729
1582119609 4.992371903
1582119775 4.55719312
1582119943 4.682047767
1582120117 4.332187716
1582120300 4.18827036
1582120603 4.253495367
1582120841 4.397431538
1582121008 5.039531996
1582121175 4.430608232
1582121416 4.406414377
1582125159 4.225193503
1582125320 4.526875064
1582125802 4.33513899
1582125969 4.286582993
1582126138 4.488144231
1582126299 4.433115854
1582126464 4.098316814
1582126628 4.507525068
1582126795 4.249780888
1582126956 4.312632873
1582127115 4.399874043
1582127282 4.42576655
1582127453 4.436312485
1582127615 4.062832374
1582127780 4.223720682
1582127940 4.160113212
1582128108 4.344243089
1582128267 4.148337874
1582128449 4.481577719
1582128610 4.145041723
1582128777 4.253649046
1582128940 4.174487438
1582129111 4.831016605
1582129271 4.506604775
1582129432 4.357847031
1582129596 4.470322785
1582185017 5.006316786
1582185198 4.694134009
1582185936 4.323105063
1582186096 4.446389586
1582186255 4.215092316
1582186829 4.536469537
1582187792 4.384158347
1582187949 4.430979526
1582188109 4.405067927
1582188271 4.591762415
1582188725 4.331707773
1582189443 4.071867412
1582191040 4.460454332
1582191331 4.523919136
1582191627 4.484443483
1582191923 4.322886689
1582192213 4.384812816
1582192511 4.362542811
1582192799 4.825636683
1582193087 4.520117514
1582194049 3.686724983
1582194204 4.489775473
1582194366 4.060884601
1582194531 4.289414432
1582194687 4.348030271
1582194861 4.597864897
1582195021 4.394971582
1582195180 4.349819642
1582195676 4.289522072
1582195836 4.45111892
1582195994 4.103538908
1582196155 4.345989005
1582196314 4.070157384
1582196473 4.443959275
1582196631 4.464784695
1582196951 4.446757128
1582197118 4.148705764
1582197275 4.116251471
1582197436 4.255657939
1582197612 4.044176364
1582197770 4.578206155
1582197929 4.647386651
1582198086 4.17238287
1582198247 4.485122704
1582198404 3.945885059
1582198686 4.299972883
1582199034 4.364814834
1582631341 4.221378875
1582631502 4.279100139
1582631658 4.435284484
1582631816 4.131962931
1582631972 4.315805835
1582632130 4.440109922
1582632288 4.050803463
1582632452 4.096953147
1582632609 4.404029049
1582632772 4.393735278
1582634868 3.923854059
1582635151 4.511079483
1582635434 4.401131948
1582635718 4.479778391
1582636003 4.40806054
1582636290 4.60440574
1582636579 5.514235173
1582636873 4.315566702
1582637172 4.498198812
1582637468 4.574788006
1582637765 4.733288832
1582638324 4.356738718
1582638901 4.329093251
1582640580 4.09326267
1582641138 4.307276186
1582642274 4.812575704
1582642849 4.46537689
1582643452 4.458344657
1582644009 4.131139055
1582884469 4.094890175
1582884649 4.281584748
1582884816 4.446145322
1582884978 4.453079839
1582885144 4.489509329
1582885307 4.387624663
1582885466 4.679209731
1582885628 4.363494464
1582885790 4.324106566
1582885951 4.252467467
1582886120 4.380643283
1582886401 4.3513177
1582886696 4.548250212
1582887276 4.364431004
1582887856 4.730262981
1582888144 4.435472117
1582888430 4.465251792
1582888718 4.459930286
1582898595 4.147790772
1582899180 4.434902513
1582899745 4.416376381
1582900308 4.260290129
1582900870 4.138223139
1582902614 4.194985488
1582903192 4.209474591
1574710611 4.081104739
1574707032 4.543292804
1574708696 4.472447117
