1569854720 3.716567669
1569856330 3.31912102
1571330381 3.584614075
1571766738 3.586753658
1571767522 3.365787852
1572537606 2.891582105
1572538260 2.837788006
1572538920 2.756836134
1572539572 2.842138695
1572540221 2.752278561
1572541124 2.894013257
1572541778 2.81660759
1572542427 2.992657037
1572543074 2.957382752
1572543739 2.891287057
1572871493 2.776098866
1572872144 2.933751922
1572872823 3.069464781
1572873473 2.863384117
1572874131 2.82053806
1572875196 2.936652123
1572876050 2.679400852
1572877277 2.810610901
1572877931 2.996901033
1572879171 2.711734086
1572967561 2.792207413
1572968219 2.847699835
1572969519 2.902598289
1572970180 2.936506627
1572970830 2.812182744
1572971493 2.779251182
1572972154 2.728429095
1572972803 2.917513064
1572973519 2.699979319
1572974168 2.744979691
1572974826 2.870408604
1573209103 2.732182949
1573209773 2.853931782
1573210434 3.089595117
1573211102 2.728371785
1573211762 2.836237986
1573212408 2.767839968
1573213062 2.860643273
1573213711 2.780014104
1573214384 2.927372072
1573215041 2.874530131
1573310551 2.63570198
1573311170 2.671892859
1573311781 2.732662892
1573312488 2.781132579
1573313104 2.691559162
1573313729 2.890977835
1573314358 3.087426427
1573314971 2.70520703
1574696579 2.919159619
1574697159 2.772485162
1574697751 2.811696051
1574698323 2.740479772
1574698911 2.868976688
1574709722 2.954335318
1574710981 2.864932322
1574956331 2.865445376
1574956993 2.899455659
1574957594 2.882189472
1574958176 2.958224392
1574958770 2.747176491
1574959358 2.824175963
1574959958 2.892080292
1574960535 2.731680697
1574961146 2.803757489
1574961782 2.734773707
1575033259 2.88639299
1575033826 2.957073449
1575034416 2.724919598
1575034992 2.896764371
1575035553 2.769555938
1575036591 2.860420223
1575037153 2.837953996
1575037712 2.814485602
1575038715 2.867956309
1575039285 2.789388729
1575120546 2.90530594
1575121111 2.859725539
1575122105 2.773238443
1575122732 2.9527681
1575123290 2.808405476
1575123848 2.771739174
1575124404 2.872619587
1575124971 2.694068992
1575125534 2.857089062
1575126101 2.896143871
1575297852 2.825890471
1575298426 2.795137277
1575298995 2.788039069
1575299575 2.810947641
1575300146 2.865789223
1575300764 2.734274664
1575301536 2.89678141
1575302145 2.97744312
1575390333 2.703602179
1575390903 2.893816453
1575391466 2.880928174
1575392032 2.828111649
1575392842 2.742159657
1575393478 2.774428678
1575394037 2.823805276
1575394603 2.887616443
1575395167 2.81422732
1575395730 2.797050954
1575562577 2.766983413
1575563262 2.938674837
1575563911 2.78445062
1575564508 2.790420191
1575565091 2.71846131
1575565655 2.818324334
1575566229 2.888516011
1575566811 2.813942129
1575568156 2.839548002
1575568740 2.788694606
1579191185 2.804009342
1579191798 2.829170492
1579192365 2.347346271
1579192949 2.862805367
1579193535 2.809031474
1579194100 2.817866368
1579194667 2.807677339
1579195232 2.863292203
1579195823 2.868811299
1579196385 2.842974065
1579359591 2.671285983
1579360168 2.831155529
1579360728 2.894300163
1579361284 2.769147232
1579361840 2.738241612
1579362394 2.945066345
1579362951 2.837745884
1579363517 2.882587063
1579364084 2.861433376
1579364643 2.74017362
1579530635 2.78108734
1579531208 2.824909345
1579532263 2.961091028
1579532956 2.729333156
1579533616 2.859998101
1579534217 2.823339398
1579534904 2.872226854
1579535519 2.873861168
1579536592 2.777683449
1579537167 2.769795239
1580223894 2.763854554
1580224452 2.863719086
1580225009 2.734200458
1580225573 2.722912862
1580226131 2.8083797
1580226717 2.902127485
1580227284 2.928166113
1580227882 2.992730734
1580228464 2.813733527
1580229023 2.970535125
1580312451 2.774001527
1580313031 2.808142508
1580313910 2.907439936
1580314550 2.784520978
1580315107 2.787713929
1580315668 2.696106693
1580316230 2.731680042
1580316939 2.699113297
1580317524 2.822411228
1581942590 2.877216622
1581944168 2.89452626
1581945115 2.818047492
1581946064 2.864715054
1581946633 2.636043924
1581947203 142.63567893
1581947475 15.572906266
1581948121 2.787865844
1581949227 2.952648262
1582035805 3.976010028
1582036411 2.676969424
1582037021 2.56912371
1582037622 2.815343573
1582038213 2.675699626
1582038807 2.605112513
1582041715 2.677659976
1582042469 2.811405975
1582043918 2.569692288
1582044510 2.668574128
1582638113 2.965861613
1582638676 2.810843388
1582640111 2.836807984
1582640930 2.684772243
1582641489 3.055359026
1582642060 2.708639868
1582642627 2.848365286
1582643201 2.792962937
1582643799 2.802346803
1582644358 2.739318309
1582898968 2.597902411
1582899531 2.826542329
1582900098 2.777748709
1582900658 2.811965071
1582902402 2.789675116
1582902963 2.847159054
1582903568 2.69543036
1574710981 2.864932322
