1569849916 2.732968971
1569850120 2.399061554
1569849916 2.732968971
1569850120 2.399061554
1569850930 2.676701628
1569851139 2.525703212
1569851476 11.610804693
1569851696 2.616981603
1569851925 2.523351815
1569852154 2.522397583
1569852392 2.584084824
1569852609 2.784071867
1569853000 2.468932029
1569853312 2.741342934
1569853550 2.467445281
1569854192 2.636050457
1569855151 2.703491444
1570446924 2.521180644
1570448016 2.515254011
1570449212 2.519357315
1570449638 2.557441655
1570543038 2.291414607
1570543398 2.347239573
1570543601 2.299129216
1570544531 2.561593905
1570544730 2.523861668
1570544992 2.422772727
1571322910 2.47199764
1571323232 2.463986209
1571323625 2.26399862
1571324027 2.255691174
1571324427 2.403686967
1571325033 2.41179543
1571325230 2.615969442
1571325633 2.434594058
1571325832 2.525373119
1571326032 2.471121787
1571326723 2.48867257
1571326936 2.299704727
1571327143 2.396181992
1571327357 2.419664046
1571327747 2.482123625
1571328139 2.308067844
1571328529 2.519565722
1571328920 2.561912621
1571329313 2.443395798
1571329905 2.45050267
1574710613 1.674014385
1574707034 1.659770746
1574708697 1.62236573
