1569854799 1.620553756
1569856405 1.465881091
1571330458 1.617263735
1571766817 1.629151293
1571767599 1.692772084
1572537669 1.382709425
1572538322 1.311605451
1572538982 1.399180522
1572539634 1.409825076
1572540283 1.311763804
1572541188 1.411699457
1572541840 1.427937305
1572542490 1.228955803
1572543136 1.453285091
1572543809 1.536472796
1572871555 1.437311627
1572872206 1.312131914
1572872888 1.536067889
1572873535 1.575573476
1572874194 1.437673725
1572875258 1.458247153
1572876113 1.528349863
1572877338 1.308830762
1572877993 1.362869247
1572879233 1.572079293
1572967623 1.397255416
1572968281 1.389451744
1572969581 1.493623854
1572970242 1.365807078
1572970892 1.4820301
1572971555 1.501336338
1572972216 1.325197964
1572972865 1.478384265
1572973581 1.462597574
1572974230 1.445351325
1572974888 1.33271288
1573209165 1.409258055
1573209835 1.55525374
1573210496 1.532543754
1573211164 1.367454106
1573211823 1.435062083
1573212470 1.457141559
1573213124 1.468329009
1573213773 1.483828969
1573214446 1.380261106
1573215104 1.46791842
1573310610 1.200243055
1573311229 1.193850133
1573311840 1.280212876
1573312546 1.147506112
1573313164 1.284347543
1573313788 1.249550282
1573314415 1.340135936
1573315030 1.160949073
1574696637 0.975028616
1574697808 0.680629044
1574698380 0.837266302
1574957051 0.892017089
1574961839 0.94225513
1575034474 1.028476361
1575035611 0.945866345
1575037210 1.123806997
1575039343 0.644232268
1575121168 0.77701782
1575122162 1.052058798
1575123905 0.935972634
1575125028 0.934529093
1575299052 0.6801158
1575300203 0.862231844
1575300821 1.105433989
1575302202 1.10932064
1575392089 1.065253852
1575393535 0.9039317
1575394661 1.158507247
1575473474 119.899883193
1575562705 5.567017537
1575565148 0.922787746
1575566287 0.798016025
1575568213 0.984609199
1575568797 0.866476131
1579192422 0.901080268
1579193593 1.069721968
1579195881 1.023879058
1579359648 0.760786088
1579360225 1.163004218
1579360785 0.956735008
1579361897 1.02718968
1579362451 1.281427067
1579363575 1.058707296
1579364141 0.890132761
1579364700 0.88959024
