1569850056 2.389196703
1569850056 2.389196703
1569850817 2.321611967
1569851074 2.647519448
1569851279 2.428454011
1569851629 2.431932514
1569851842 2.646863358
1569852071 2.385024382
1569852296 2.313364879
1569852532 2.388070308
1569853171 2.650737495
1569853460 2.380542779
1570543179 2.479551213
1570543542 2.28005815
1570543752 2.468837374
1570544669 2.526460932
1570544928 2.342515155
1570545129 2.22435133
1570545346 1.992072793
1571323053 2.405321834
1571325170 2.473662652
1571325367 2.351904351
1571325572 2.355095914
1571325772 2.395506474
1571325969 2.374096003
1571326268 3.878313525
1571326860 2.47159882
1571327076 2.386619444
1571327285 2.492053755
1574707142 1.849637463
