1571330280 10.707844526
1571766637 10.675728641
1571767420 10.880057409
1572537522 8.880307759
1572538176 8.72268517
1572538836 8.83558168
1572539489 8.609108709
1572540137 8.566407153
1572541042 8.752266046
1572541696 8.749462489
1572542344 8.57478527
1572542992 8.610606303
1572543656 8.749641745
1572871410 8.513248142
1572872061 8.748297458
1572872739 8.915206355
1572873391 8.371905787
1572874044 8.73948022
1572875106 8.958755539
1572875967 8.704328406
1572877193 8.476322344
1572877844 8.636524749
1572879088 8.480956753
1572967478 8.663582209
1572968135 8.90839092
1572969436 8.731475511
1572970098 8.70477741
1572970747 8.967622031
1572972063 16.026795448
1572972720 8.898555488
1572973436 8.797340017
1572974086 8.666687945
1572974737 8.874903888
1573209020 8.749331986
1573209676 8.833196471
1573210351 8.41844945
1573211019 8.770421253
1573211677 8.896198661
1573212326 8.597904075
1573212979 8.761259669
1573213627 8.874221571
1573214299 8.722316542
1573214958 8.550411925
1573310472 8.082352107
1573311091 7.926861869
1573311706 8.054216779
1573312412 7.671747965
1573313024 8.099591525
1573313650 8.023509423
1573314280 8.153130582
1573314895 8.117576502
1574696502 8.242861187
1574697083 8.371748055
1574697675 8.004652827
1574698247 7.608573429
1574698836 7.462772006
1574709618 28.943088393
1574710906 7.871239782
1574956255 7.431431109
1574956917 7.911058557
1574957518 7.641896364
1574958101 7.677529528
1574958693 7.830770493
1574959279 8.147922969
1574959882 8.133218917
1574960460 7.607997924
1574961071 7.397035303
1574961706 7.704099253
1575033182 7.917434309
1575033750 7.871843109
1575034340 7.752469925
1575034911 11.269256298
1575035477 7.663865565
1575036515 7.806759186
1575037077 7.866791921
1575037636 7.852277569
1575038638 7.659292131
1575039208 8.280179207
1575120470 7.753284489
1575121035 8.244632462
1575122030 8.228551736
1575122657 7.637380568
1575123214 7.613950241
1575123773 7.906540952
1575124329 7.751845604
1575124896 7.639742837
1575125458 8.137880317
1575126024 7.7746869
1575297773 7.722407968
1575298350 7.828306716
1575298917 7.943692561
1575299497 8.147225322
1575300070 8.260536802
1575300689 8.050323487
1575301456 11.023101367
1575302069 7.424873734
1575390257 7.592729815
1575390826 8.224646272
1575391390 7.586924884
1575391956 7.969573025
1575392765 7.698781871
1575393403 8.057203986
1575393961 7.279436324
1575394527 7.944456059
1575395091 7.575759246
1575562489 8.376676778
1575563187 7.998144645
1575563835 8.211129787
1575564433 8.044962903
1575565014 7.971506382
1575565579 8.111897604
1575566153 8.273806788
1575566735 8.359219889
1575568055 31.912242718
1575568665 8.324886515
1579191109 7.548639207
1579191722 7.620667205
1579192287 7.995163582
1579192867 7.826460394
1579193435 7.914086821
1579194024 7.934078349
1579194592 7.798115078
1579195156 7.959478923
1579195747 7.67813356
1579196309 8.112329444
1579359515 8.105181752
1579360092 7.729348549
1579360652 8.363343153
1579361208 7.715662145
1579361764 7.524262439
1579362318 7.687689322
1579362874 8.167909386
1579363441 8.282637389
1579364008 7.808066167
1579364568 7.552040605
1579530560 7.521554936
1579531131 8.319218017
1579532172 7.274628746
1579532877 8.358217166
1579533541 7.635312075
1579534142 7.351569819
1579534828 8.27149782
1579536516 7.825993568
1579537091 7.648397715
1580223818 8.13617355
1580224376 8.20475585
1580224933 7.893082805
1580225497 7.606199034
1580226056 7.565995752
1580226640 7.969365791
1580227209 7.778023815
1580227806 7.605036072
1580228388 7.844085226
1580228947 7.775634308
1580312376 7.525635304
1580312956 7.546329206
1580313511 7.591345089
1580314474 7.627968612
1580315032 7.729719522
1580315592 7.773495456
1580316152 7.659805041
1580316856 10.623526035
1580317448 8.896245124
1581942515 7.570475237
1581943892 43.78744925
1581945024 7.609985385
1581945988 8.180050422
1581946557 7.753029069
1581947126 8.036874579
1581948046 7.572110498
1581949147 8.011260188
1582035724 8.970164727
1582036334 8.101195812
1582036936 8.166384587
1582037544 8.350358132
1582038135 7.906936056
1582038731 8.267204833
1582041631 8.74172677
1582042391 7.926691596
1582043832 7.64383178
1582044434 7.703830973
1582638038 7.49651242
1582638600 8.120645548
1582640032 8.002724059
1582640853 7.603515659
1582641410 7.921774315
1582641984 8.112423753
1582642552 7.804202554
1582643124 7.944226083
1582643725 7.603595197
1582644282 7.680437157
1582899454 8.25991622
1582900023 7.826359627
1582900582 7.778346833
1582902327 8.129836746
1582902888 7.687038339
1582903492 8.508913308
1574710906 7.871239782
