1569849933 4.706439839
1569850137 4.785112599
1569849933 4.706439839
1569850137 4.785112599
1569850949 3.295524111
1569851156 4.683701449
1569851506 4.698884372
1569851712 4.786009668
1569851942 4.836145325
1569852171 4.694880045
1569852409 4.569349862
1569852626 4.694988598
1569853017 4.789117621
1569853328 4.850722419
1569853569 4.642034155
1569854210 4.851973699
1569855168 4.851766852
1569855615 4.675492761
1570446941 4.217632446
1570448032 4.629053924
1570448759 4.779112882
1570449228 4.695750246
1570543055 4.733837573
1570543416 3.579080632
1570543618 4.609112442
1570544547 4.719026677
1570544747 4.99610341
1570545008 4.669745337
1571322927 4.664700239
1571323249 4.822343049
1571323642 4.566545446
1571324043 4.815945891
1571324443 4.850009352
1571325049 4.774795529
1571325246 4.75148705
1571325445 4.600391101
1571325650 4.644720254
1571325848 4.765717243
1571326049 4.794569592
1571326740 4.476278346
1571326952 4.593538971
1571327159 4.764353909
1571327374 4.822802305
1571327764 4.699307559
1571328155 4.693519609
1571328546 4.700444307
1571328937 4.757315206
1571329329 4.54295613
1571329921 4.662720943
1571395841 4.782573372
1571396037 4.773154129
1571396234 4.60689037
1571396433 4.770002502
1571396632 4.670526161
1571396830 4.788113027
1571397060 4.690511892
1571397264 4.889638386
1571397462 4.445852447
1571397659 4.648150635
1571397878 4.762408498
1571398270 4.643537218
1571398665 4.784203074
1571399056 4.633288392
1571399448 4.682206065
1571399844 4.622380795
1571400237 4.655079013
1571400659 4.687470771
1571401058 4.790992046
1571401450 4.622917104
1571404907 4.649708962
1571405106 4.697491497
1571405303 4.751781373
1571405504 4.715463703
1571405735 4.754927754
1571406830 4.569522251
1571407220 4.674116247
1571407614 4.768617464
1571408002 4.758183537
1571408395 4.696612969
1571408925 4.724147255
1571409156 4.754207329
1571409357 4.71555664
1571409556 4.695760202
1571409772 4.820525326
1571664339 4.648401152
1571664883 4.678632621
1571665086 4.712759963
1571665297 4.611758849
1571665491 4.745605881
1571665686 4.643728704
1571665886 4.8285871
1571666277 4.772024786
1571666669 4.655566706
1571667062 4.581895432
1571667499 4.704311219
1571668104 4.608055146
1571668304 4.779001878
1571668508 4.620824178
1571668701 4.692148589
1571668899 4.272375495
1571669151 4.824781517
1571669550 4.689652958
1571751975 4.69811259
1571752170 4.623153655
1571752369 5.163715255
1571752574 4.970305483
1571752769 4.912017151
1571752965 4.577926376
1571753163 4.834900163
1571753360 4.739131432
1571753557 4.788551576
1571753753 4.608862532
1571754062 4.813252708
1571754459 4.679957365
1571754851 4.872348917
1571755254 4.645050097
1571755818 4.65189949
1571756487 4.939467739
1571756899 4.716460911
1571757349 3.564473034
1571757737 4.772537899
1571758137 4.622247104
1571758527 4.784667319
1571760307 4.611891466
1571760509 4.623800243
1571760707 4.682078488
1571760906 4.712241698
1571761117 4.708004828
1571761317 4.753907512
1571761512 4.63562837
1571761707 4.379288126
1571761908 5.388412817
1571762141 4.820098908
1571762531 5.233287712
1571762930 4.701232572
1571763318 4.566421437
1571763710 4.736673989
1571764115 5.371206129
1571764527 4.617324293
1571764920 4.650732202
1571765308 4.789922406
1571765700 4.655348767
1571766276 4.739880319
1571767059 4.828050437
1571922207 4.652958512
1572003218 4.725650197
1572003412 4.735105626
1572003611 4.751779358
1572003808 4.825998353
1572004004 4.678828059
1572004200 4.721322226
1572004394 4.754941056
1572004594 4.681918718
1572004796 4.743347068
1572004995 4.531552754
1572006285 4.615105391
1572007023 4.790771208
1572007418 4.184048686
1572007910 4.750760093
1572008320 4.956479531
1572008723 4.608658668
1572009118 4.575229237
1572009507 4.712959418
1572009899 4.612033527
1572010293 4.930507619
1572010685 4.497411782
1572011196 4.598801304
1572011392 4.661336798
1572011587 4.703285969
1572011786 4.528891924
1572011982 4.602013576
1572012180 4.465342753
1572012374 4.935181901
1572012568 4.623422419
1572012763 4.693094159
1572012957 4.730279699
1572013246 5.012162929
1572013639 4.591212905
1572014032 4.648040028
1572014423 4.72264053
1572014813 4.691770178
1572265016 4.613073067
1572265213 4.868057582
1572265411 4.70170933
1572265609 4.924764293
1572265807 4.64811713
1572266017 4.711606832
1572266210 4.722918419
1572266412 4.794897231
1572266614 4.65841096
1572266810 4.718839018
1572268094 4.805129447
1572268864 4.744129988
1572269278 4.512715869
1572269684 4.818610744
1572270101 4.386046803
1572270498 4.65266639
1572270891 4.484068702
1572272251 3.821853341
1572272582 3.716084521
1572272917 3.691385988
1572273250 2.345136639
1572273596 3.858330172
1572274088 3.779224306
1572274256 3.691439591
1572274432 3.77510686
1572274598 3.669168502
1572274770 3.661481069
1572274940 3.830424124
1572275109 3.704727569
1572275287 3.794664839
1572275456 3.854185568
1572275631 3.865855094
1572276354 3.751061679
1572276691 3.653032495
1572277022 3.800126206
1572277352 3.841227058
1572277699 3.847466545
1572278047 3.760420402
1572278380 3.737560678
1572361230 4.614089909
1572361427 4.64479171
1572361623 4.595583524
1572361818 4.738087058
1572362015 5.756766876
1572362211 4.553425412
1572362406 4.64003499
1572362602 4.651301277
1572362801 4.510919631
1572362997 4.575999253
1572363439 3.745580045
1572363769 3.747125812
1572364098 3.852801776
1572364429 3.750373551
1572364762 3.796544884
1572365103 3.92224639
1572365481 3.571622694
1572365854 3.89638394
1572366193 3.644944818
1572366528 3.683527125
1572366880 3.738477781
1572367048 3.789018843
1572367217 3.610409878
1572367386 3.671534858
1572367568 3.742326052
1572367739 3.751406851
1572367915 3.785752723
1572368083 4.442149093
1572368250 3.833154014
1572368415 3.751640451
1572369558 3.837481483
1572369888 3.711936912
1572370218 3.702996737
1572370551 3.686334482
1572370879 3.827991162
1572371211 3.889105995
1572371542 3.739960805
1572371871 3.873144182
1572372201 3.759643958
1572372530 3.62153264
1572532347 4.644533395
1572532548 4.621842572
1572532754 4.772209725
1572533536 3.799425462
1572533874 3.808582541
1572534228 3.800703843
1572534575 3.534894363
1572534907 3.91276852
1572535255 4.119399697
1572535586 3.751559652
1572535922 3.863662932
1572536253 3.623537945
1572536618 3.74778311
1572537219 3.963252854
1572537874 3.583089396
1572538526 3.874895219
1572539183 3.831306413
1572539835 3.709650079
1572540742 3.755420165
1572541395 3.959772995
1572542044 3.695363694
1572542691 3.81120848
1572543336 3.876880353
1572544468 3.889268525
1572544635 3.647563048
1572544805 3.694940233
1572544980 3.74114888
1572545153 3.835691051
1572869979 3.743500087
1572870147 3.769980631
1572870368 3.752220529
1572870553 3.530464137
1572870770 3.673982121
1572871109 3.755813836
1572871760 3.853065816
1572872408 3.78929697
1572873090 3.760866457
1572873739 3.647389923
1572874802 3.786789424
1572875652 4.454121166
1572876270 6.13463731
1572876887 3.759422564
1572877541 3.807352736
1572878768 3.897201589
1572879880 3.712072786
1572880163 3.810454509
1572880498 3.722395132
1572880837 4.303479777
1572881183 3.710921872
1572881518 3.744410324
1572881850 3.717930129
1572882181 3.788738725
1572882571 3.652768712
1572882921 3.620255957
1572883261 3.757746445
1572965361 3.664321095
1572965528 3.994566979
1572965696 3.79628607
1572965865 4.011243725
1572966036 3.66966333
1572966202 3.827599403
1572966374 3.773363058
1572966558 3.708203874
1572966902 3.717631466
1572967172 3.744628915
1572967828 3.959834876
1572969132 3.772812705
1572969786 2.857165041
1572970445 3.839647905
1572971096 3.748940818
1572971759 3.761914118
1572972418 3.750468112
1572973131 3.808594149
1572973784 3.826843018
1572974434 3.69171497
1572975163 3.728535446
1572975490 3.756586359
1572975840 5.255533716
1572976233 3.788077261
1572976571 3.839214533
1572976901 3.740837255
1572977231 3.704546586
1572977594 3.716254802
1572977942 3.779753616
1573207008 3.928346375
1573207176 3.825134148
1573207345 3.731798073
1573207512 3.618048125
1573207682 3.707424975
1573207849 3.717477255
1573208016 3.870788469
1573208181 3.746594036
1573208348 3.79503577
1573208515 3.782728524
1573208720 3.848734691
1573209370 3.890236456
1573210037 3.800017853
1573210702 3.786728202
1573211369 3.781427266
1573212024 3.679480401
1573212673 3.723341218
1573213327 3.87442744
1573213995 3.727354436
1573214652 3.838316992
1573218187 3.817549594
1573218516 3.830026175
1573218907 3.670197681
1573220250 3.935793121
1573220418 3.706693883
1573220585 3.849395177
1573220754 3.706040387
1573220921 3.829237249
1573221089 3.680519873
1573221253 3.849299531
1573221422 3.850037152
1573221589 3.83431832
1573221758 3.927357279
1573221948 3.927937283
1573222119 3.900058497
1573222285 3.762691831
1573222450 3.629481542
1573222619 3.828013896
1573301099 3.76080781
1573301268 3.72400084
1573301437 3.916075781
1573301618 3.937218882
1573301803 3.808726702
1573301974 3.851648791
1573302150 3.843424836
1573302325 3.796706534
1573302493 3.799389356
1573302660 3.852720583
1573303808 3.404079945
1573303975 3.676120552
1573304140 3.694695602
1573304303 3.431969843
1573304465 3.697661303
1573304632 3.605838237
1573304791 3.805647629
1573304950 3.754736828
1573305114 3.458844548
1573305273 3.66856659
1573306747 3.58665328
1573307071 3.547721136
1573307407 3.89147972
1573307724 3.573439306
1573308045 3.647846854
1573308359 3.7307334
1573308689 4.18884764
1573309010 3.405053617
1573309341 3.4523668
1573310182 3.632511951
1573310807 3.41664009
1573311423 3.207163391
1573312040 3.366000389
1573312739 3.545508757
1573313360 3.716578107
1573313981 3.321143487
1573314610 3.447148622
1573741843 3.493676577
1573741961 3.555306288
1573743592 3.567276847
1573743694 3.470296197
1573743793 3.538302609
1573743891 3.600897803
1573743990 3.703730957
1573744087 3.278405692
1573744184 3.411434819
1573744283 3.366042722
1573744378 3.559861055
1573744470 3.522170813
1573744582 3.393972062
1573744675 3.486036746
1573744789 3.330120476
1573744886 3.725884426
1573745023 3.502371644
1573745304 3.580477878
1573745407 3.250094174
1573745504 3.587965913
1573745604 3.4832648
1573745703 2.510853566
1573745805 3.22659286
1573745904 3.439826486
1573745999 3.236785865
1573746100 3.514754687
1573746199 2.533292671
1573746300 3.458682886
1573746401 3.403296258
1573746498 3.299671023
1573746593 3.499586579
1573748914 3.533541127
1573749010 3.411978752
1573749111 3.539133501
1573749223 3.423639096
1573749316 3.572595403
1573749449 3.582720093
1573749555 3.353116303
1573749654 3.476872184
1573749850 3.474574161
1573752446 3.58681719
1573752704 3.465886944
1573752863 3.534409354
1573753021 3.555780172
1573753179 3.593607384
1573753333 3.429821871
1573753492 3.577663944
1573753646 3.448261891
1573753808 3.331051781
1573754628 3.329320584
1573754787 3.500190008
1573754948 3.672974041
1573755116 3.427996205
1573755275 3.491109947
1573755434 3.551341605
1573755591 3.191701464
1573755749 3.375611811
1573755907 2.959207781
1573756064 3.340748096
1573827958 3.588166915
1573828270 3.536179408
1573828581 3.494035438
1573828885 3.658342277
1573829191 3.491952538
1573829497 3.249719824
1573829878 3.450244013
1573830364 3.377314666
1573830671 3.461267473
1573830980 3.447511015
1573831372 3.262677451
1573831529 3.363564323
1573831687 3.489695759
1573831861 3.313992846
1573832013 3.362746073
1573832171 3.372843951
1573832495 3.348955045
1573832650 3.517231749
1573832804 3.473657296
1573832988 15.53616135
1573833158 3.281162708
1573833321 3.380518036
1573833478 3.416812112
1573901010 3.575824969
1573901168 3.540653872
1573901324 3.413114482
1573901480 3.328893892
1573901641 3.483899681
1573901794 3.525887155
1573901949 3.252957603
1573902108 3.320302018
1573902265 3.442457096
1573902421 3.312192549
1573902613 3.459986203
1573903232 3.51685065
1573903544 3.221324561
1573903854 3.664098781
1573904163 3.318435603
1574685926 3.58638775
1574686100 3.169134855
1574686258 3.235436627
1574686420 3.72062465
1574686576 3.208646174
1574687268 7.411039291
1574687931 3.492171487
1574689232 3.623139732
1574689604 3.364548494
1574689818 3.625215937
1574689989 3.4600431
1574690150 3.299142413
1574690487 3.605069531
1574690657 3.317328712
1574690819 3.052003728
1574691002 3.389012067
1574691182 3.584598079
1574691935 3.159081719
1574692572 3.156253733
1574693483 3.807839233
1574693808 3.614821953
1574694239 3.499870384
1574694569 3.51471618
1574694879 3.028220798
1574695125 3.545589692
1574695454 11.624649481
1574696234 3.427328342
1574696810 3.444675849
1574706668 3.385544073
1574706803 3.508691243
1574707226 3.338239198
1574708014 3.587733876
1574708509 3.499873133
1574708710 3.217421931
1574709092 3.505856483
1574709326 3.29289182
1574710435 3.689681399
1574710625 3.917727342
1574951030 13.065045557
1574951427 3.764602328
1574951759 3.442501089
1574952085 3.28019119
1574952402 3.543091476
1574952805 14.761590885
1574953166 23.448032897
1574953495 4.005503328
1574953821 3.550891793
1574954150 3.437313549
1574954488 3.582301857
1574954837 3.463903428
1574955733 3.206726765
1574956558 3.74726063
1574957226 3.371764203
1574957838 3.406403892
1574959623 3.407564076
1574960812 3.554044621
1575026481 3.407860517
1575026642 3.762684859
1575026803 3.332184912
1575026963 3.719842286
1575027611 3.446880205
1575027775 3.422154537
1575027940 3.110289056
1575028121 3.422655675
1575028429 3.601659715
1575028741 3.431423641
1575029074 3.787161218
1575029698 3.162518924
1575030013 3.886874321
1575030324 3.488861135
1575030641 3.443177743
1575032921 3.07244991
1575033487 3.774616926
1575034647 3.841604716
1575036817 3.398845831
1575037378 3.333889499
1575037935 3.341320584
1575038947 3.157787468
1575112796 3.420332183
1575112958 3.416069036
1575113120 3.333006954
1575113280 3.489398548
1575113438 3.677945684
1575113598 3.279750378
1575114071 3.063974402
1575114408 3.200847601
1575114711 3.154603298
1575115954 3.035259023
1575116265 3.28952318
1575116884 3.972719668
1575117192 3.328116923
1575120776 3.342190551
1575121336 3.304430051
1575122398 3.2196573
1575122957 3.196240275
1575125193 3.804868455
1575125763 3.068192589
1575289725 3.610158017
1575289889 3.711285883
1575290409 3.414119985
1575290585 4.014014828
1575290758 3.420733541
1575290917 3.541786707
1575291077 3.821029886
1575291238 3.417631967
1575292915 3.332918384
1575293234 3.442671293
1575293569 22.306618914
1575293907 3.192571158
1575294590 4.984554106
1575295342 31.764613389
1575295726 3.577832839
1575296915 21.299089395
1575297501 3.378505704
1575298085 3.253983163
1575299229 3.247237554
1575300430 3.672000137
1575300988 3.787635096
1575301786 21.072312349
1575384128 3.230562726
1575384288 3.535211166
1575384771 3.732763011
1575385249 3.508747677
1575385408 3.520021457
1575385572 3.217361002
1575385814 3.060687748
1575386841 3.707971502
1575387150 3.594185063
1575387460 3.490729733
1575387769 3.617532442
1575388692 3.254889652
1575390563 3.448014558
1575391130 3.414997504
1575392507 5.55715201
1575393141 3.459568918
1575393704 3.240606682
1575394269 3.535840626
1575394832 3.529581592
1575395394 3.293073714
1575397605 10.133703433
1575397962 13.138114479
1575398439 9.197001412
1575473355 3.572892342
1575556508 3.468417909
1575556670 2.600209027
1575556834 3.354509831
1575557014 3.634109007
1575557554 3.203531642
1575557728 3.197187816
1575558186 3.49390742
1575558573 3.477425395
1575558885 3.332017685
1575559899 3.502994303
1575560557 3.469279148
1575561088 3.831279278
1575561436 3.950222175
1575561793 3.468137251
1575562212 3.413958812
1575562921 3.504610098
1575563558 3.623636031
1575564172 3.452708187
1575564755 3.633592928
1575565322 3.12042277
1575566454 3.602978069
1575568402 3.397630035
1579184721 3.49749457
1579185045 3.425861177
1579185753 3.335265263
1579185938 3.554371839
1579186317 3.207237613
1579186630 3.513431594
1579187678 3.662034458
1579188319 3.531945926
1579188456 3.522370065
1579188987 3.456631444
1579189300 3.672819201
1579189649 3.493347128
1579189984 3.548596624
1579190303 3.58397273
1579190845 3.808016699
1579191461 3.46198338
1579192026 3.553739532
1579192591 16.41586287
1579193172 3.71722761
1579193761 3.429416729
1579194326 3.26106294
1579194896 3.450866979
1579195460 3.420314422
1579351737 3.713332321
1579352226 3.076700138
1579352388 3.49797097
1579352552 3.159631528
1579352871 3.498140444
1579353034 3.294261953
1579353197 3.299804029
1579354079 3.557931942
1579354385 3.500137444
1579354696 3.301737488
1579355315 3.449377167
1579355624 3.575568078
1579355934 3.588116562
1579356238 3.379783836
1579356545 3.547109522
1579356851 3.393419342
1579360394 3.716332656
1579360952 3.383019656
1579361508 3.331767125
1579362062 3.156220539
1579362618 3.813191122
1579364308 3.331504883
1574710625 3.917727342
1574708710 3.217421931
