1570448794 2.939659502
1571328972 3.087933384
1571398700 2.858784308
1571399090 3.04565819
1571400272 2.96816507
1571408429 2.949083974
1571669185 3.428618778
1571754493 3.427631403
1571755291 3.291484089
1571762571 3.067082921
1571764562 3.029831806
1571765734 2.947832434
1571766310 3.196823261
1572007948 7.915135097
1572268898 2.803178507
1572270927 3.447282463
1572364792 4.400874738
1572538564 2.257439668
1572877571 2.308347197
1572881880 2.424135219
1572969161 2.711910372
1572975886 3.379629966
1573308387 2.199501819
1573828608 1.723371314
1573830699 2.263659448
1573902949 2.034380582
1573903882 1.956070644
1574695152 2.276065617
1574696001 254.583487483
1574696836 2.629064254
1574697903 110.400331632
1574698472 122.799177846
1574708282 249.414684434
1574953214 2.215032724
1574953848 2.766961648
1574956010 4.03692593
1574957745 115.960389111
1574958327 124.827609665
1574960109 113.092748729
1574960695 139.546681707
1574961471 2.266038336
1575028149 1.851908186
1575029726 2.663023171
1575031200 1743.418735835
1575033411 98.915385499
1575034569 99.857827162
1575035142 99.241631958
1575035705 558.846295601
1575038871 98.766426926
1575121261 97.278825582
1575123438 98.471285127
1575292948 2.587662448
1575294638 2.433654687
1575299149 106.508699808
1575299726 102.076854578
1575300339 114.025240941
1575300913 109.870426248
1575301709 117.31082246
1575388917 1100.148335427
1575390484 101.202535145
1575391055 98.304654013
1575392429 102.10059389
1575393044 119.439888452
1575393628 98.651322039
1575394290 3.026726092
1575474411 2.535473301
1579189015 2.204689447
1579189678 2.065803481
1579191337 147.088080833
1579191951 98.35776177
1579193098 96.694737747
1579195384 115.823314402
1579355035 2.048045178
1579356879 2.451482046
1579357253 2027.627533442
1579359740 112.623534929
1579360319 98.076481315
1579362543 97.281713016
1579363667 102.241273173
1579531376 558.69271693
1579533106 184.666166595
1579535083 117.245553222
1579535671 125.59925062
1580219530 2.135807313
1580224044 97.245312674
1580226302 97.230650347
1580226869 99.819152706
1581937386 157.379893131
1581937728 124.395754682
1581942742 118.248922531
1581946216 101.273674696
1582030485 103.724277499
1582035097 369.05929246
1582036574 104.239199466
1582038963 2406.837792127
1582042630 937.223091971
1582044984 101.658406735
1582189001 1785.088171483
1582636617 3.250702284
1582643949 97.120250525
1582886339 104.821743623
1582887315 3.443983192
1582887601 2.786875208
1582900248 95.623953859
