1569854687 3.500153688
1569856300 1.797342722
1571330349 3.496762344
1571766706 3.456565048
1571767489 3.456753929
1572537578 2.799870377
1572538232 2.822785496
1572538891 2.81349477
1572539545 2.9064946
1572540192 2.738501804
1572541097 2.696655443
1572541751 2.848635754
1572542399 2.802933465
1572543047 2.822481677
1572543711 2.784980192
1572871466 2.790710212
1572872117 2.848339163
1572872794 2.982540719
1572873446 2.853195396
1572874104 2.955983584
1572875168 2.779713935
1572876022 2.856662263
1572877248 2.900684263
1572877902 2.767833207
1572879143 2.877046479
1572967533 2.936667054
1572968191 2.884639598
1572969491 2.825401814
1572970153 2.81431897
1572970803 2.747758386
1572971464 2.956296156
1572972126 2.800157019
1572972775 2.719054273
1572973491 2.8613919
1572974141 2.822082599
1572974793 2.822623952
1573209075 2.846954208
1573209731 2.809882734
1573210406 2.942585826
1573211074 2.822343229
1573211733 2.815868784
1573212381 2.826769877
1573213034 2.89829062
1573213683 2.73724242
1573214355 2.859806061
1573215013 2.908866387
1573310526 2.757323355
1573311144 2.639947715
1573311756 2.519940939
1573312462 2.689771547
1573313077 2.774110456
1573313703 2.614325482
1573314332 2.427030884
1573314946 2.515447752
1574696553 2.605502349
1574697134 2.671018899
1574697725 2.69198848
1574698297 2.576897137
1574698886 2.473682539
1574709697 2.643893581
1574710956 2.660053763
1574710956 2.660053763
