1569850043 2.313335395
1569850247 2.362919925
1569850043 2.313335395
1569850247 2.362919925
1569850805 2.373619546
1569851061 2.428610313
1569851267 2.37517647
1569851616 2.303781354
1569851829 2.376698477
1569852283 2.341837939
1569852520 2.262484982
1569853448 2.234138258
1570543167 2.370066619
1570543529 2.399215436
1570543739 2.40345901
1570544915 2.45510726
1570545116 2.386814617
1570545333 2.395367289
1571323039 2.417172913
1571325158 2.415212061
1571325354 2.44054575
1571325560 2.204811498
1571325760 2.302384125
1571325956 2.435185489
1571326848 2.247501233
1571327064 2.30990216
1571327273 2.478541397
1571395949 2.410536865
1571396147 2.24515005
1571396342 2.480353147
1571396542 2.344525055
1571396741 2.422993111
1571396967 2.423998615
1571397172 2.417944451
1571397374 2.306569391
1571397570 2.449749685
1571397767 2.520508238
1571405016 2.522297437
1571405214 2.353438831
1571405412 2.355753973
1571405844 2.38440813
1571409062 2.344764395
1571409264 2.349012986
1571409465 2.387749889
1571409682 2.348534191
1571409881 2.39146457
1571664486 5.359644829
1571664995 2.440709734
1571665193 2.408084875
1571665404 2.340950312
1571665598 2.470409869
1571665794 2.469965941
1571668211 2.373735211
1571668409 2.263390749
1571668613 2.435110661
1571668808 2.39791871
1571669009 2.44418115
1571752081 2.473306158
1571752277 2.63600358
1571752476 2.470312317
1571752681 2.273837155
1571752876 2.393028078
1571753072 2.356688521
1571753269 2.528240636
1571753466 2.326052403
1571753663 2.439058711
1571753861 2.433366063
1571760219 2.385104886
1571760416 2.2998157
1571760618 2.338223323
1571760814 2.319232909
1571761016 2.350645112
1571761224 2.440683937
1571761423 2.426161083
1571761618 2.382922067
1571761814 2.403620164
1571762022 2.473945173
1572003324 2.514901131
1572003521 2.373846645
1572003716 2.402436374
1572003914 2.470834105
1572004111 2.514200092
1572004306 2.46445452
1572004700 2.534515275
1572004902 2.440852367
1572005100 2.482313006
1572011302 2.353454463
1572011499 2.46848706
1572011694 2.401610997
1572011892 2.260161847
1572012286 2.440211465
1572012480 2.433021054
1572012675 2.517542953
1572012869 2.272076991
1572013064 2.402286846
1572265123 2.350898768
1572265320 2.489731984
1572265519 2.471116894
1572265717 2.35783741
1572265922 2.50484635
1572266124 2.417132055
1572266321 2.341088599
1572266720 2.432294137
1572266923 2.505280978
1572274178 2.141808973
1572274351 2.207549186
1572274520 2.2155971
1572274860 2.208217511
1572275030 2.080600595
1572275202 2.219375881
1572275379 2.252234215
1572275547 2.071406414
1572275721 2.199459327
1572361339 2.352918818
1572361728 2.431915258
1572361923 2.26053433
1572362123 2.249529324
1572362316 2.234993473
1572362512 2.440131978
1572362712 2.298426893
1572362907 2.48018517
1572363103 2.468620604
1572366969 2.184349859
1572367137 2.224277609
1572367310 2.097340258
1572367476 2.269899503
1572367659 2.180704868
1572367835 2.169895019
1572368004 2.125741032
1572368173 2.042351622
1572368340 2.259380951
1572368505 2.269062763
1572532454 2.48231633
1572532655 2.352201368
1572532860 2.427653212
1572544557 2.139483507
1572544726 2.020743902
1572544897 2.252416847
1572545069 2.16733885
1572545243 2.054702822
1572870072 2.051341522
1572870289 2.21326873
1572870471 2.178753742
1572870692 2.142154953
1572870861 2.202121978
1572965451 2.330186198
1572965618 2.345078842
1572965786 2.243146463
1572965954 2.265064435
1572966126 2.219030783
1572966293 2.164374436
1572966647 2.138590379
1572966827 2.200451098
1572966991 2.18532638
1573207099 2.175712763
1573207267 2.164011888
1573207436 2.120129701
1573207601 2.254014595
1573207771 2.083269333
1573207938 2.238733152
1573208105 1.988594301
1573208271 2.125573413
1573208604 2.035386111
1573220340 2.1296676
1573220507 2.173768855
1573220675 2.229241112
1573220844 2.073576366
1573221178 2.124903658
1573221342 2.09905068
1573221513 2.10447625
1573221679 2.208110014
1573221848 2.081669783
1573222037 2.049601522
1573222208 2.085870121
1573222375 2.085530999
1573222540 2.14416592
1573222710 2.127725228
1573301188 2.126373544
1573301357 2.261158408
1573301539 2.0433198
1573301707 2.141234894
1573301893 2.132912469
1573302073 2.203706173
1573302241 2.270554191
1573302415 2.127841439
1573302584 2.146616899
1573302766 2.256622777
1573303901 2.126128168
1573304064 2.16747657
1573304226 2.175061669
1573304392 2.110129799
1573304551 2.183391969
1573304717 2.133070577
1573304876 2.085371768
1573305036 2.170849926
1573305197 2.190656216
1573305357 2.176212055
1573752530 2.096886675
1573752788 2.129159363
1573752947 1.937407249
1573753106 2.082770467
1573753263 2.565207941
1573753418 2.181191575
1573753729 2.087974792
1573753891 2.181600423
1573754871 2.000998551
1573755033 2.09675716
1573755199 2.077492675
1573755361 1.995596282
1573755519 2.138887676
1573755673 2.083148148
1573755832 2.164989999
1573755990 2.051843783
1573756149 2.301240965
1573831455 2.079771966
1573831613 2.147836022
1573831772 2.026699024
1573831943 1.994536933
1573832095 2.043312381
1573832415 2.003768919
1573832578 1.963775413
1573832733 2.125647512
1573832889 2.132212227
1573833084 2.035079397
1573833240 2.075134263
1573833404 2.085337237
1573833562 2.262556714
1573833719 2.12909018
1573901251 2.139233872
1573901407 2.124128893
1573901563 2.168558475
1573901878 2.139365953
1573902033 2.139635415
1573902191 2.100916705
1573902349 2.13158626
1573902505 2.221547773
1574685823 2.246058104
1574686016 2.056074088
1574686184 2.093279579
1574686346 2.070466552
1574686504 2.049716591
1574686670 2.128386976
1574686834 1.963661144
1574687020 2.104743848
1574687195 2.225806
1574687359 2.172082033
1574689688 2.057022638
1574689904 2.155263724
1574690073 2.153679209
1574690243 2.076881719
1574690413 2.142731014
1574690573 2.247513188
1574690744 2.215528602
1574690903 2.097440493
1574691088 2.002793067
1574691266 2.180417158
1574706888 2.127854109
1574707131 2.044453466
1574954233 2.149135117
1574954398 2.001939122
1574954575 2.036565388
1574954923 2.39347595
1574955080 2.127742753
1574955338 2.049587969
1574955497 2.124561191
1574955656 2.141717681
1574955817 2.093088568
1575026565 2.155298501
1575026726 2.134569575
1575026887 2.042122079
1575027048 2.049137184
1575027211 2.133580082
1575027373 2.048572282
1575027539 2.117719064
1575027695 2.079900649
1575027860 2.10056853
1575028024 2.021491481
1575112880 2.18107385
1575113045 2.176210575
1575113203 2.063308127
1575113366 2.09457749
1575113524 2.226757751
1575113682 2.13987951
1575113839 2.16868961
1575113997 2.174883962
1575114161 2.256853195
1575114322 2.082715075
1575289811 2.089545973
1575289977 2.06726495
1575290145 2.162307954
1575290332 2.104043327
1575290501 2.079162361
1575290677 2.131947581
1575290843 3.150890673
1575290999 2.069850838
1575291162 2.080222731
1575291323 2.05068063
1575384212 2.097549342
1575384371 2.070592036
1575384532 2.092405024
1575384692 2.699685073
1575384854 2.036862973
1575385014 2.168969152
1575385173 2.088063109
1575385332 2.150151448
1575385496 2.240334402
1575385656 2.087475867
1575556593 2.046171397
1575556754 2.175112149
1575556926 2.086594159
1575557111 2.059254955
1575557281 2.153606622
1575557465 2.04844402
1575557641 2.048187291
1575557813 2.225122036
1575558273 2.129011305
1575558459 2.098046737
1579184092 2.251839087
1579184806 2.190613342
1579184967 2.251338209
1579185132 2.244072856
1579185305 2.104534913
1579185484 2.12095277
1579185665 2.000324419
1579185844 2.090389011
1579186033 1.953304866
1579186204 2.133092492
1579351828 2.091259384
1579351988 2.017345936
1579352148 2.121106982
1579352309 2.207566752
1579352473 2.120542151
1579352636 2.096754955
1579352794 2.136422712
1579352956 2.264628459
1579353118 2.041175412
1579353991 1.705279814
1579522909 2.395728653
1579523113 2.091124181
1579523304 2.125409204
1579523468 2.161204883
1579523643 2.118420475
1579523823 2.143337022
1579524006 2.272098974
1579524193 2.126964039
1579524361 1.949846059
1579524529 2.010430473
1579537514 2.215590068
1580215558 2.095956441
1580215721 2.103518848
1580215880 2.172867659
1580216041 2.068559343
1580216204 2.098154886
1580216363 2.09101133
1580216526 2.047423599
1580216686 2.139303721
1580216867 2.010367478
1580304776 2.132568382
1580304932 2.083535946
1580305094 2.148202586
1580305255 2.048098558
1580305439 2.094005288
1580305601 2.183160102
1580305763 2.143475792
1580305920 1.973861274
1580306075 1.942689655
1580306236 2.082778483
1581935276 2.313375975
1581935433 2.354042588
1581935595 2.141206837
1581935761 2.247464248
1581935928 2.144706373
1581936099 2.300100293
1581936270 2.236481643
1581936434 2.225069254
1581936592 2.19910452
1581936768 2.370606567
1582026950 2.086394405
1582027112 2.08012961
1582027279 2.141524597
1582027446 2.251038876
1582027857 2.23703321
1582028023 2.052779967
1582028189 2.180885912
1582028359 2.081161762
1582028528 2.052875996
1582028697 2.150820197
1582113166 2.264538574
1582113332 1.97101352
1582113497 2.242868745
1582113664 2.056521173
1582113831 2.125658697
1582114007 2.101739632
1582114168 2.140130241
1582114331 2.166308687
1582114496 2.175616152
1582114662 2.19539709
1582114823 2.129079757
1582114992 2.381052439
1582115152 2.043362167
1582115320 2.251376878
1582115647 2.055358214
1582115809 2.097099289
1582115973 2.161404521
1582116367 1.99596022
1582116545 2.131494214
1582116710 2.048355712
1582119030 2.098629136
1582119191 2.162252851
1582119363 2.178850018
1582119539 2.326547256
1582119715 2.210975354
1582119876 2.13702423
1582120051 2.220182606
1582120945 1.91383149
1582121112 2.09908038
1582121356 2.38351035
1582121517 2.221623319
1582125261 2.113470679
1582125701 2.263691272
1582126070 2.000813312
1582126239 2.393379413
1582126400 2.099117037
1582126568 2.118432254
1582126732 2.010042591
1582126895 2.042221114
1582127056 2.043017672
1582127221 2.048805293
1582127390 2.268849053
1582127883 2.039639937
1582128043 2.020420147
1582128209 2.034612547
1582128388 2.080108225
1582128550 2.094785755
1582128713 2.165975374
1582129045 2.291462134
1582129213 2.242065217
1582129372 2.258504363
1582129533 2.260518307
1582129696 2.167753178
1582185301 2.135634529
1582186033 2.272497247
1582186193 2.120322551
1582186929 2.092061004
1582187889 2.100019539
1582188050 2.206556664
1582188208 2.051940817
1582188368 2.189707786
1582193819 2.049117376
1582193983 2.320107354
1582194147 2.076710538
1582194303 2.068067764
1582194464 2.132957454
1582194629 2.175375378
1582194795 2.142939515
1582194958 2.128165056
1582195118 2.136822898
1582195282 2.193715721
1582195776 2.181184962
1582195935 2.012755144
1582196093 2.130478873
1582196252 1.999095436
1582196412 2.315207923
1582196571 2.174355816
1582196728 2.153963099
1582196889 2.178085746
1582197051 2.255589169
1582197218 2.288326247
1582197373 2.082970897
1582197540 2.262520133
1582197711 2.092693519
1582197868 2.25111378
1582198027 2.152719495
1582198183 2.14938444
1582198345 2.135308265
1582198503 2.058699302
1582198783 2.099666718
1582199135 2.068070015
1582631439 2.178361727
1582631600 2.038992563
1582631756 2.219347244
1582631913 2.143453078
1582632071 2.117249169
1582632227 2.226920836
1582632387 2.269055498
1582632549 2.202519836
1582632711 2.218519622
1582632870 2.285122486
1582884570 2.108310825
1582884747 2.14268918
1582884916 2.218446186
1582885080 2.179565548
1582885244 2.172557369
1582885407 2.118857007
1582885565 2.217560153
1582885728 2.128757882
1582885893 2.324581701
1582886050 2.075834428
1574707131 2.074731882
