1569849991 3.96657401
1569850194 4.008535003
1569849991 3.96657401
1569850194 4.008535003
1569850725 4.072456905
1569851008 3.971636098
1569851214 4.172454769
1569851563 3.894688674
1569851770 3.975674981
1569852000 3.966895086
1569852229 4.17749414
1569852467 3.800727581
1569853075 4.123876351
1569853387 4.051531944
1570543115 3.834409322
1570543477 3.719010213
1570543681 4.822873734
1570544604 3.732577433
1570545064 3.67026335
1570545281 3.876348362
1571322988 3.720570069
1571325105 3.811498642
1571325302 3.839839028
1571325507 3.670835924
1571325708 3.762380115
1571325904 3.867017857
1571326105 3.761242788
1571326796 3.837138904
1571327012 3.780664213
1571327220 3.657946606
1571395897 3.895652278
1571396093 4.182838293
1571396290 3.817802478
1571396490 3.92932464
1571396688 3.773928942
1571396916 3.708521527
1571397120 3.702495043
1571397322 3.844687341
1571397518 3.736333803
1571397715 3.751053288
1571404964 3.806532926
1571405162 3.631433663
1571405360 3.935390872
1571405588 3.816871962
1571405791 3.846606374
1571409010 3.667734261
1571409212 3.83548038
1571409413 3.825151509
1571409630 3.815742323
1571409828 3.807563246
1571664395 3.943015037
1571664937 3.879890423
1571665140 3.76041158
1571665352 3.782360179
1571665546 3.697805019
1571665741 3.754549682
1571668158 3.836192944
1571668358 3.802308524
1571668562 3.8588776
1571668756 3.830595412
1571668956 3.924362825
1571752029 3.861164737
1571752225 3.795682667
1571752425 3.719432497
1571752629 3.910417628
1571752823 3.843797085
1571753020 3.834380089
1571753217 3.86084698
1571753414 3.835021283
1571753611 4.176173348
1571753809 3.780865741
1571760167 3.721155553
1571760362 3.676354153
1571760566 3.79237955
1571760762 3.97802381
1571760964 4.030935012
1571761172 3.809204563
1571761371 3.855544029
1571761566 3.811717286
1571761761 3.975435572
1571761970 3.804013006
1572003272 3.889146895
1572003469 3.926156225
1572003665 3.769010169
1572003862 3.79425286
1572004059 3.894874669
1572004255 3.850118108
1572004449 3.843635198
1572004648 3.714026342
1572004850 3.75931198
1572005049 3.604036609
1572011250 3.816948695
1572011447 4.183487136
1572011643 3.830478226
1572011840 3.844230713
1572012036 3.871147596
1572012234 3.841284232
1572012428 3.845826118
1572012623 3.874779092
1572012818 3.759270137
1572013011 3.715139359
1572265071 3.93512541
1572265268 3.789292752
1572265466 3.746110425
1572265665 3.922615038
1572265870 3.731870986
1572266072 3.767188979
1572266269 3.879193005
1572266469 3.988144968
1572266668 3.907590643
1572266871 3.905451197
1572274135 3.195611909
1572274307 3.33485459
1572274476 3.382569201
1572274649 3.172690384
1572274816 3.384303938
1572274986 3.324146158
1572275158 3.303912226
1572275334 3.202078988
1572275504 3.312801691
1572275677 3.227595754
1572361284 3.848957356
1572361481 3.737527238
1572361677 3.884236875
1572361872 3.82106579
1572362071 3.855303531
1572362265 3.607708242
1572362461 3.737406747
1572362660 3.90285856
1572362855 3.872109945
1572363051 3.802011944
1572366926 3.223261386
1572367094 3.248131228
1572367264 3.243460356
1572367432 3.323830804
1572367614 3.379406731
1572367792 3.089536498
1572367961 3.36524366
1572368130 3.365242639
1572368296 3.292454846
1572368461 3.336847965
1572532402 3.836626434
1572532602 3.795694023
1572532808 3.838324101
1572544514 3.172374729
1572544682 3.310759708
1572544853 3.404230828
1572545026 3.233466142
1572545199 3.272114711
1572870025 3.550831288
1572870245 3.290127914
1572870426 3.214485419
1572870649 3.112169961
1572870818 3.109888729
1572965407 3.336736893
1572965574 3.112122579
1572965742 3.270004791
1572965911 3.242308519
1572966083 3.244395388
1572966249 3.214703721
1572966420 3.47349637
1572966604 3.213377668
1572966784 3.160309823
1572966947 3.191497573
1573207055 3.091929515
1573207223 3.255544693
1573207392 3.233171073
1573207558 3.128205529
1573207727 3.052198105
1573207895 3.081352443
1573208062 3.241945818
1573208227 3.349411748
1573208395 3.34365181
1573208561 3.260922615
1573220296 3.340968201
1573220464 3.218369083
1573220631 3.265510916
1573220800 3.092646413
1573220968 3.420043586
1573221135 3.198721715
1573221299 3.154896712
1573221469 3.222693026
1573221636 3.331515191
1573221804 3.441070379
1573221994 3.158596413
1573222164 3.097290546
1573222331 3.287805122
1573222497 3.296110753
1573222666 3.26463724
1573301145 3.224037976
1573301313 3.252871219
1573301495 3.122005723
1573301663 3.230958186
1573301850 3.156999586
1573302027 3.553665378
1573302196 3.391022686
1573302371 3.169395106
1573302540 3.076615668
1573302721 3.261229058
1573303859 3.328966144
1573304024 2.891742014
1573304184 2.668540017
1573304350 3.292800428
1573304509 2.993926454
1573304676 2.825182664
1573304834 3.00703232
1573304994 3.318977498
1573305157 2.797119588
1573305316 2.845160077
1573752489 2.805983908
1573752747 2.774001742
1573752906 3.022242836
1573753064 3.243366091
1573753222 3.077570004
1573753377 2.86375684
1573753535 3.176087261
1573753689 2.980972907
1573753850 2.867565006
1573754670 2.813930649
1573754830 3.024936174
1573754991 3.29131125
1573755158 2.814699586
1573755321 2.878517731
1573755478 3.249214349
1573755633 2.846840895
1573755791 2.85856775
1573755949 3.131567929
1573756107 3.101841387
1573831414 3.074619672
1573831572 3.04039421
1573831730 2.986178621
1573831903 2.744509675
1573832055 2.999223601
1573832216 3.155562675
1573832371 2.876799632
1573832537 2.902641669
1573832693 2.803603795
1573832848 3.217738227
1573833043 3.325509529
1573833200 2.825620905
1573833364 2.826580169
1573833521 3.043308997
1573833679 2.960228941
1573901052 2.783392057
1573901211 2.869600988
1573901367 3.155549213
1573901523 2.893673827
1573901683 2.773105024
1573901837 3.363794028
1573901993 2.979933643
1573902150 2.988140633
1573902308 2.689376747
1573902464 3.15456906
1574685781 2.953320182
1574685971 3.350708159
1574686143 3.076855091
1574686303 3.113254219
1574686462 3.46126926
1574686629 3.343749237
1574686792 3.073477085
1574686978 3.148962223
1574687152 3.655949591
1574687317 3.176387162
1574689647 3.16167653
1574689863 3.297719192
1574690032 3.504269064
1574690201 2.915469885
1574690371 3.225750352
1574690530 3.2000616
1574690702 3.072200786
1574690861 3.278230275
1574691046 3.192242026
1574691225 2.98805163
1574706847 3.477702421
1574707090 3.026166702
1574954192 3.323482721
1574954357 3.020333189
1574954534 3.215838245
1574954697 3.074555464
1574954880 2.929665498
1574955038 3.437029367
1574955296 3.229977836
1574955456 3.158780562
1574955615 3.163624067
1574955776 2.924695845
1575026523 2.936446715
1575026685 3.204252882
1575026847 3.028849309
1575027006 3.117898068
1575027170 3.353431824
1575027332 2.986345317
1575027498 3.074458868
1575027655 3.073929162
1575027819 3.070019
1575027983 3.416080633
1575112839 2.993838166
1575113000 3.039984169
1575113162 2.98458723
1575113323 2.948593748
1575113482 3.258640868
1575113641 3.070926441
1575113798 3.385177572
1575113957 3.04309053
1575114120 3.316381039
1575114281 3.03699011
1575289769 2.996391695
1575289936 3.24338619
1575290101 5.425597403
1575290285 3.231685814
1575290457 3.203685558
1575290633 3.123311637
1575290801 3.422670643
1575290959 2.982026466
1575291121 3.278985867
1575291283 3.085957636
1575384171 3.069335155
1575384330 3.225096994
1575384491 2.860487492
1575384650 3.173179062
1575384814 3.140575304
1575384970 3.102870231
1575385132 3.182825683
1575385292 3.014050837
1575385451 3.238936573
1575385615 3.410349643
1575556552 2.798233219
1575556713 3.11495183
1575556879 3.19893021
1575557070 3.278474756
1575557240 3.025799164
1575557424 3.00032075
1575557598 3.063072662
1575557772 3.389373805
1575558230 2.906352125
1575558418 3.147038083
1579184049 3.076615841
1579184765 3.119853983
1579184926 3.223298414
1579185089 3.052223993
1579185263 3.37079669
1579185440 3.082559672
1579185624 3.12893417
1579185803 3.171330143
1579185990 3.170965798
1579186163 3.032626142
1579351779 2.978858647
1579351946 3.106894492
1579352107 3.036403099
1579352268 3.334878685
1579352431 3.033241125
1579352595 3.093887353
1579352753 3.030586971
1579352914 3.380792361
1579353077 2.988522012
1579353956 3.272131372
1574707090 3.026166702
