1569854407 6.799856379
1569855820 6.85764215
1571330110 6.683326626
1571766466 6.661007742
1571767248 6.767706085
1572537379 5.410408943
1572538036 5.455674247
1572538696 5.498189985
1572539349 5.504250978
1572539996 5.380379711
1572540901 5.334824739
1572541555 5.329726457
1572542204 5.373281397
1572542851 5.575792792
1572543516 5.516538208
1572871270 5.36487445
1572871920 5.402789572
1572872597 5.461026635
1572873250 5.525484853
1572873903 5.519159606
1572874965 5.498207171
1572875826 5.443399717
1572877052 5.377715138
1572877701 5.443817337
1572878929 5.590772995
1572967336 5.550033459
1572967993 5.439314317
1572969295 5.511029248
1572969956 5.503689979
1572970606 5.40556534
1572971256 5.468127876
1572971919 5.37581361
1572972579 5.502250246
1572973292 5.585141462
1572973945 5.514402165
1572974596 5.455547801
1573208878 5.464372749
1573209533 5.463097646
1573210208 5.363381652
1573210878 5.486961731
1573211534 5.464540084
1573212183 5.426643521
1573212835 5.458245219
1573213486 5.425123871
1573214157 5.587987166
1573214812 5.498998055
1573310338 5.251285098
1573310960 4.965001587
1573311575 4.994826579
1573312279 5.104452249
1573312888 4.767760969
1573313516 5.140159558
1573314148 4.950560022
1573314763 5.224076835
1574696372 5.156145357
1574696952 4.431535902
1574697543 5.507989477
1574698119 4.916454096
1574698704 5.114234216
1574709488 4.883189984
1574710774 4.855582556
1574710774 4.855582556
