1569853760 11.856264646
1569855377 11.912278738
1569856428 11.827949802
1570448944 11.721380983
1570449446 11.743857523
1571323432 11.802278538
1571323824 11.778555363
1571324227 11.679306234
1571324627 11.696001428
1571327556 11.831989176
1571327947 11.691549868
1571328338 11.765322412
1571328729 11.777200024
1571329121 11.760853127
1571329511 11.841456689
1571330485 11.848822843
1571398059 11.658594345
1571398455 11.696532391
1571398848 11.70758405
1571399240 11.72315658
1571399631 11.992184258
1571400028 11.77603405
1571400420 11.727689242
1571400848 11.751590636
1571401240 12.123664664
1571401632 11.863828791
1571407013 11.778132709
1571407403 13.016376035
1571407795 11.646434507
1571408184 11.629883782
1571408578 11.719663031
1571666070 11.763899191
1571666459 11.841607774
1571666851 11.732492342
1571667244 11.765927969
1571667688 11.729092512
1571669339 11.710366971
1571669734 11.707484446
1571754250 11.836160152
1571754641 11.697499661
1571755042 11.895597101
1571755438 11.807906635
1571756670 11.623966069
1571757100 11.789883552
1571757530 11.741762121
1571757926 11.975703753
1571758319 11.63535245
1571758710 12.533336603
1571762323 11.781983358
1571762720 11.889115864
1571763112 11.733761132
1571763501 11.904879695
1571764320 11.780511117
1571764711 11.751800884
1571765102 11.815835459
1571765490 11.724373893
1571765881 11.76630299
1571766845 12.116252844
1571767627 11.656643524
1572006601 11.218618507
1572007209 11.84911992
1572008102 11.721731457
1572008513 11.751504059
1572008906 11.62377862
1572009299 11.712216361
1572009689 11.658898599
1572010081 11.73964432
1572010477 11.884638273
1572010867 11.727396197
1572013430 11.879165085
1572013824 11.743429518
1572014214 11.911842088
1572014604 12.226753962
1572014995 11.817757702
1572269046 12.578902909
1572269466 11.831644669
1572269880 12.177403567
1572270287 12.059537701
1572270682 12.035743725
1572271167 11.949758387
1572272407 9.862315822
1572272737 10.195912769
1572273072 9.82788253
1572273419 9.713699218
1572273751 9.833982174
1572276176 10.165022289
1572276512 9.739738688
1572276846 9.824655908
1572277178 9.779465406
1572277513 9.713773232
1572277872 9.668173736
1572278204 9.657131493
1572278535 9.808407473
1572363594 9.578745667
1572363923 9.42509639
1572364253 9.821302642
1572364583 9.547971354
1572364922 9.396923276
1572365258 9.516356545
1572365635 9.54365979
1572366009 9.592200491
1572366350 9.566191148
1572366684 9.551918644
1572369712 9.638699925
1572370043 9.525746307
1572370372 9.592738475
1572370705 9.44789045
1572371034 9.600540004
1572371367 9.432080763
1572371695 9.597145777
1572372027 9.547906475
1572372355 9.512455741
1572372686 9.907169389
1572533696 9.536953473
1572534041 10.973162894
1572534398 11.962877836
1572534729 9.578498042
1572535064 9.430724707
1572535412 9.486893566
1572535741 9.478149045
1572536077 9.577231053
1572536440 9.51563826
1572536775 9.569554436
1572537692 9.52466132
1572538346 9.544436283
1572539006 9.487833158
1572539659 9.60266669
1572540307 9.547030447
1572541216 9.540417941
1572541864 9.380657297
1572542514 9.543668361
1572543160 9.626126888
1572543833 9.467979576
1572871579 9.589463809
1572872230 9.893096415
1572872912 9.595721311
1572873560 9.759305802
1572874218 9.840046643
1572875283 9.803833994
1572876138 9.710486824
1572877363 9.672902884
1572878018 9.953120937
1572879257 9.984398149
1572880323 11.19164656
1572880657 9.759453057
1572881005 9.67755148
1572881341 9.617727973
1572881673 9.519210166
1572882006 9.645835948
1572882336 9.566518565
1572882726 9.583462062
1572883078 9.631263693
1572883418 9.545426119
1572967647 9.570141247
1572968306 9.534082915
1572969605 9.489260279
1572970266 9.480610983
1572970917 9.504139626
1572971579 9.546448314
1572972240 9.528721196
1572972889 9.56200129
1572973606 9.671386006
1572974254 9.521930311
1572974912 9.647300771
1572975314 9.53608285
1572975645 9.503149737
1572976017 9.531572229
1572976395 9.526932802
1572976726 9.595939046
1572977055 9.525521935
1572977419 9.528410819
1572977748 9.546927072
1572978096 9.588612065
1573209189 9.650459588
1573209859 9.56842373
1573210520 9.481810682
1573211190 9.522319327
1573211848 9.453896682
1573212496 9.637005197
1573213147 9.521428436
1573213798 9.520290769
1573214470 9.50844422
1573215128 9.636274229
1573218342 9.483018908
1573218673 9.538611185
1573306582 9.163770151
1573306900 11.802964826
1573307238 9.699680025
1573307559 9.607542946
1573307873 9.51307843
1573308194 9.041125311
1573308522 9.642752931
1573308843 9.74848532
1573309163 9.728873174
1573309493 9.490665374
1573310634 9.973383581
1573311253 9.669687616
1573311864 9.396597699
1573312569 9.768453074
1573313189 9.913304302
1573313811 9.903751768
1573314439 9.735364304
1573315056 9.473437811
1573828106 9.855093779
1573828415 9.817772366
1573828724 9.160159675
1573829029 8.609409742
1573829333 8.501339344
1573829644 8.873465163
1573830200 9.335962114
1573830509 8.668443504
1573830816 8.550917102
1573831123 8.896584445
1573902757 8.264332201
1573903066 9.218513937
1573903377 9.218094621
1573903691 9.022059079
1573903999 9.521967088
1573904308 8.515191221
1574688075 8.364241832
1574688395 8.322347893
1574692085 10.40864959
1574692402 8.276033655
1574693632 15.130056851
1574693964 9.002518172
1574694388 8.280094418
1574694713 8.328543142
1574695267 8.286306807
1574695609 8.341251806
1574695918 8.221398772
1574696655 8.402499302
1574697233 8.277501656
1574697826 8.246669226
1574698397 8.213190665
1574698985 8.332378452
1574709803 9.189974601
1574711061 8.414704626
1574950866 8.820629063
1574951240 9.210035178
1574951595 8.744253535
1574951920 9.263986931
1574952237 8.479730284
1574952633 8.923125381
1574953329 8.430440321
1574953976 8.549324094
1574956404 8.385871575
1574957068 8.400089629
1574958251 9.498360174
1574958845 9.311570074
1574959454 9.040722326
1574960033 8.333974274
1574960610 8.272713104
1574961856 8.627930977
1575028267 8.109137914
1575028576 8.392127792
1575028887 8.363322876
1575029224 8.165283659
1575029535 8.527234612
1575029844 8.302143166
1575030158 8.532151701
1575030471 8.434340879
1575030789 9.303625843
1575031117 8.862245442
1575033334 8.368436323
1575033901 8.664654066
1575034491 8.965770073
1575035066 8.233550425
1575036666 8.469579501
1575037227 8.719218804
1575037786 7.956986866
1575038789 8.082398719
1575114549 8.449182968
1575114858 7.850419097
1575115166 9.105242691
1575115783 8.424782197
1575116102 8.152093224
1575116412 8.001267323
1575116721 9.047266077
1575117030 8.355231454
1575117339 8.273433573
1575120620 8.476786057
1575121185 8.241871046
1575122179 8.401335601
1575122806 8.263179003
1575123364 8.286938386
1575124478 8.53098545
1575125045 8.219693129
1575125609 8.554965476
1575126175 8.530070048
1575293067 8.575392132
1575293402 8.158959656
1575293741 8.256788523
1575294422 8.761618048
1575295131 12.8212804
1575295525 9.249766556
1575295882 714.638248307
1575299650 8.771668406
1575300221 8.483345305
1575300838 8.161726322
1575385959 8.961074271
1575386271 8.841465669
1575386582 8.700721683
1575386988 8.48449529
1575387295 8.951193941
1575387605 8.355451824
1575387914 8.486032377
1575388221 8.750003915
1575388533 8.231670751
1575388834 8.356596065
1575390408 8.823394038
1575390977 9.001577569
1575391541 7.96529318
1575392171 8.780021537
1575392916 8.474635471
1575393553 8.256079678
1575394112 8.337907695
1575394678 8.892996937
1575395241 9.00068695
1575395805 8.498175538
1575558718 8.644889067
1575559357 8.323194399
1575559678 8.314727218
1575560375 8.554625412
1575560706 8.192459318
1575561242 8.627280673
1575561583 8.243134124
1575561941 8.57418823
1575562728 8.408787585
1575565729 8.35380723
1575566303 8.408506641
1575566903 8.613430275
1575568231 8.300865425
1575568814 8.708058834
1579186466 8.52966646
1579186811 8.914618017
1579187824 8.417695473
1579188156 8.089505515
1579189136 8.277951718
1579189469 7.996888002
1579189794 8.568336531
1579190136 8.375831474
1579190472 8.628435676
1579191260 8.108578776
1579193024 8.011101754
1579193610 8.66292058
1579194174 8.929441322
1579194742 8.947095972
1579195898 8.871947117
1579196460 8.578977848
1579354225 8.427778
1579354534 7.948046756
1579354841 8.972132653
1579355150 8.148621602
1579355458 8.633290218
1579355768 8.70542858
1579356076 8.346514609
1579356383 8.58330424
1579356688 8.748927568
1579356995 8.45051324
1579359665 8.266101301
1579360803 8.33454209
1579361914 8.012203363
1579362469 8.397116649
1579363026 8.405499918
1579363592 8.395155368
1579364158 8.353348923
1579364717 8.516382203
1579524835 8.956578343
1579525563 8.380348718
1579525888 8.572515273
1579528510 8.382118383
1579528942 8.803624287
1579529319 8.490531991
1579529659 8.80178493
1579529969 9.352117324
1579530709 8.693881215
1579531283 8.488440339
1579532338 8.598734263
1579534293 49.322240516
1579534978 8.075001461
1579535594 8.512068842
1579536666 8.281204163
1579537241 8.331355012
1580217960 9.141422455
1580218289 8.561833603
1580218941 8.301276507
1580219316 8.271780207
1580219661 8.176544026
1580222690 8.593032378
1580223002 8.396804193
1580223969 8.137145878
1580224526 8.265588708
1580225083 8.482976269
1580225648 8.58446352
1580226206 8.357550494
1580227958 8.818455825
1580228538 8.296807827
1580229098 8.613141574
1580306597 8.275892197
1580307300 8.659579388
1580307778 8.809095531
1580308404 10.178452531
1580310607 8.928234218
1580310922 8.517454716
1580311542 8.389331388
1580311916 8.258181577
1580312525 8.152363756
1580313105 8.293325809
1580313985 8.335927656
1580314625 8.274846399
1580315181 8.295338824
1580315743 8.8676994
1580316304 8.930254919
1580317014 8.636768558
1580317602 8.678653237
1581936995 8.58476398
1581937308 8.846354999
1581937654 8.351552774
1581937975 8.771036911
1581938294 8.629780169
1581938620 8.575240046
1581938921 8.96154593
1581939263 8.788564017
1581939588 9.23195179
1581939888 9.881222741
1581944243 8.797424174
1581945190 8.371852527
1581946139 9.007060327
1581946708 9.340094446
1581947603 8.965074423
1581948196 8.277060208
1581949311 10.127729259
1582030402 10.105591457
1582030710 10.059094713
1582031358 8.637652623
1582031655 9.798895542
1582031997 10.034370048
1582032339 10.150318717
1582032649 9.751471443
1582032947 9.299145943
1582033243 9.582005142
1582033598 10.187930252
1582035014 10.060478817
1582035885 10.281616158
1582036490 10.196708848
1582037100 10.186998248
1582037699 10.262725135
1582038293 10.790518342
1582038882 9.942517747
1582041798 9.823458195
1582042547 9.986331988
1582043998 9.40116172
1582044588 9.585717261
1582044901 9.043366919
1582045203 10.221971569
1582045501 9.722101514
1582045813 10.029426067
1582046110 9.591998748
1582120458 9.476790448
1582188870 9.080729624
1582190900 9.155386009
1582191190 9.256982974
1582191486 9.935703016
1582191779 9.651636459
1582192070 9.101111976
1582192365 9.310005113
1582192661 9.528978427
1582192947 9.448859618
1582193238 9.202464538
1582635013 8.479727122
1582635297 8.960106237
1582635581 8.950356163
1582635865 8.850568522
1582636152 8.350176126
1582636438 8.728551887
1582636732 8.216049872
1582637016 8.916547582
1582637323 9.412787409
1582637618 9.378146976
1582638187 9.014677699
1582638750 8.415736547
1582640413 8.970852081
1582641003 8.448712293
1582641563 8.507444708
1582642135 9.533408255
1582642702 9.243898131
1582643277 8.78254746
1582643874 8.597213459
1582644433 8.751678502
1582886265 8.315067932
1582886553 8.211933665
1582886849 8.254479302
1582887137 9.14907724
1582887427 8.36872908
1582887719 8.745770562
1582888003 8.693117063
1582888290 8.279229293
1582888577 9.468756728
1582888938 9.620235
1582899043 8.501595817
1582899606 9.62534419
1582900173 8.173904291
1582900732 8.77141837
1582902477 8.956296284
1582903037 8.995310728
1582903642 8.364386963
1574711061 8.414704626
