1569850014 6.88498269
1569850218 6.719669701
1569850014 6.88498269
1569850218 6.719669701
1569850749 6.619108905
1569851032 6.48490991
1569851238 6.376279139
1569851587 6.672010663
1569851800 6.658709456
1569852024 11.157011985
1569852253 6.456775499
1569852491 6.353030207
1569853100 6.429470271
1569853414 8.307599036
1570543139 6.286773192
1570543501 5.695344031
1570543711 6.016528026
1570544628 5.960979887
1570544886 6.11037448
1570545088 6.097102749
1570545305 5.939327889
1571323011 6.228436151
1571325129 6.058527172
1571325326 6.002739303
1571325530 7.133363754
1571325732 5.847894552
1571325928 6.087986588
1571326131 10.192510249
1571326820 6.15755695
1571327035 6.409128007
1571327246 4.942924223
1571395921 6.106251122
1571396118 6.285887462
1571396314 6.18944181
1571396514 5.949796357
1571396713 6.090801884
1571396939 6.239427521
1571397144 6.233273715
1571397345 6.093137818
1571397542 6.008779803
1571397739 6.134947118
1571404988 6.16764316
1571405186 6.272353633
1571405383 6.227885947
1571405612 6.333372898
1571405815 6.330353305
1571409034 6.159711941
1571409236 6.164936651
1571409437 6.206596914
1571409654 6.20775825
1571409852 6.187877997
1571664420 5.910307227
1571664967 6.353578268
1571665164 6.184358035
1571665376 6.175534563
1571665569 6.280904193
1571665765 6.35805849
1571668182 5.963185852
1571668381 6.201354765
1571668585 5.785094148
1571668779 6.398195948
1571668980 6.298589169
1571752053 6.066672859
1571752248 6.519317819
1571752448 6.319770429
1571752653 6.336297516
1571752848 6.041136593
1571753043 6.256037927
1571753241 6.105915157
1571753438 6.172778871
1571753635 6.340307818
1571753833 6.210192022
1571760190 6.416619615
1571760385 9.240357756
1571760590 6.201546709
1571760786 6.323543437
1571760988 6.037447668
1571761196 6.224838447
1571761395 6.277050888
1571761590 6.108557517
1571761786 6.114066149
1571761993 6.174152167
1572003296 6.295171605
1572003493 6.215601281
1572003688 6.211163286
1572003886 6.319065412
1572004082 6.367298208
1572004278 6.211408646
1572004472 6.156099778
1572004672 6.01385767
1572004874 6.019822751
1572005072 6.218681255
1572011274 6.273736875
1572011470 6.231337532
1572011666 6.126153756
1572011864 6.255470745
1572012060 6.302662072
1572012258 6.11066846
1572012452 6.061949549
1572012646 6.368036665
1572012841 6.308601006
1572013035 6.197723284
1572265095 6.175896511
1572265292 6.047740184
1572265490 6.256215291
1572265688 6.170162202
1572265894 5.94256291
1572266096 5.991176699
1572266293 6.098616105
1572266493 6.382377233
1572266692 6.087739065
1572266895 6.046893077
1572274155 4.785191429
1572274329 4.780859852
1572274497 5.010052274
1572274670 4.937537401
1572274837 5.100704457
1572275007 5.003185054
1572275179 4.873850667
1572275355 4.869724432
1572275524 4.810866452
1572275698 4.976777967
1572361308 6.469705868
1572361506 6.101127833
1572361700 6.322101426
1572361895 6.197634332
1572362094 6.367986488
1572362288 6.140005809
1572362484 6.269336833
1572362684 6.233662587
1572362878 6.556354257
1572363075 6.272380163
1572366947 4.970939693
1572367115 5.127138089
1572367287 5.075840237
1572367453 5.105880604
1572367635 5.260975519
1572367813 5.009719802
1572367982 5.035027726
1572368150 5.190506272
1572368317 4.98702852
1572368482 5.154908772
1572532425 6.399558514
1572532626 6.240832532
1572532831 6.157350352
1572544534 5.090073673
1572544703 5.042806727
1572544874 4.905023796
1572545046 5.054116431
1572545220 5.128118618
1572870048 5.170224157
1572870266 4.991706607
1572870448 4.983101903
1572870669 4.924742468
1572870838 4.904826313
1572965428 5.100241545
1572965595 4.988865199
1572965763 5.236397397
1572965932 5.036066524
1572966103 5.084011298
1572966270 5.093861099
1572966441 4.910731746
1572966625 5.022354391
1572966804 4.818170008
1572966968 4.900002213
1573207076 4.972566197
1573207244 4.943877906
1573207413 4.989691361
1573207578 5.031241826
1573207748 4.971775203
1573207916 4.935130097
1573208083 4.839990866
1573208247 5.109850322
1573208416 5.066287893
1573208581 4.873954859
1573220317 5.029849644
1573220484 5.086851828
1573220652 5.009182174
1573220821 4.920256709
1573220989 4.985567174
1573221155 5.166319798
1573221320 5.083154015
1573221490 5.086849638
1573221656 4.907641587
1573221825 5.117281744
1573222014 5.067431207
1573222185 4.992926156
1573222352 5.113938768
1573222517 5.059723822
1573222687 5.023059569
1573301166 4.868881537
1573301334 5.2120837
1573301516 5.168847397
1573301684 5.109266857
1573301870 5.059552185
1573302050 5.148967681
1573302217 4.735112987
1573302392 5.099897378
1573302561 5.120043774
1573302743 4.888668189
1573303880 4.57965678
1573304043 4.768047131
1573304204 4.748080034
1573304370 4.690737729
1573304529 4.82930717
1573304696 4.490787732
1573304854 4.839094672
1573305015 4.804894797
1573305176 4.51123981
1573305336 5.01223839
1573752508 4.612718951
1573752767 4.627957926
1573752926 4.515726553
1573753085 4.458872796
1573753242 4.39842823
1573753397 4.435875672
1573753556 3.785163601
1573753708 4.592681565
1573753870 4.454882243
1573754690 4.539695176
1573754850 4.272746929
1573755011 4.343348698
1573755178 4.472469407
1573755341 4.087502439
1573755498 4.247971974
1573755653 4.554114314
1573755811 4.468938346
1573755969 4.696614752
1573756127 4.635667675
1573831434 4.48154932
1573831592 4.536372503
1573831750 4.4439425
1573831922 4.446739359
1573832074 4.538914357
1573832236 4.829727142
1573832393 4.736306292
1573832557 4.542166009
1573832712 4.716353087
1573832868 4.409290423
1573833064 4.42176782
1573833219 4.481870071
1573833384 4.445302218
1573833541 4.496550401
1573833698 4.646308379
1573901073 4.521443397
1573901230 4.662118097
1573901386 4.508572828
1573901542 4.574707476
1573901703 4.450007909
1573901857 4.70369466
1573902012 4.597998034
1573902170 4.523977716
1573902328 4.472916511
1573902484 4.573733294
1574685802 4.503595818
1574685995 4.703720132
1574686163 4.595259032
1574686326 4.409695544
1574686483 4.455577684
1574686649 4.588720658
1574686812 4.806457266
1574687001 3.685126848
1574687174 4.626513252
1574687338 4.564347223
1574689667 4.52693787
1574689883 4.485283852
1574690052 4.570691238
1574690222 4.572872338
1574690392 4.297973604
1574690551 5.458291419
1574690723 4.660217043
1574690882 4.520745738
1574691066 4.50550214
1574691245 4.545622436
1574706867 4.563852317
1574707109 4.770321737
1574954212 4.562608295
1574954377 4.43619404
1574954553 4.601508948
1574954718 4.476231647
1574954900 4.783392819
1574955058 4.855969463
1574955316 4.597906234
1574955476 4.512713426
1574955635 4.512584643
1574955796 4.651444126
1575026545 4.538580312
1575026705 4.537241637
1575026866 4.481693157
1575027027 4.436708812
1575027190 4.552325096
1575027352 4.61186231
1575027518 4.492494554
1575027675 4.463669208
1575027839 4.455908951
1575028003 4.366066465
1575112859 4.6250802
1575113024 4.608976237
1575113182 4.688593825
1575113344 4.571886058
1575113503 4.597349616
1575113662 4.52658241
1575113818 4.524095029
1575113976 4.560393976
1575114140 4.638035898
1575114301 4.533603462
1575289789 4.68400099
1575289956 4.528128205
1575290124 4.564056283
1575290304 4.783049533
1575290480 4.645059564
1575290656 4.500450915
1575290821 4.951971366
1575290978 4.354345721
1575291141 4.43587222
1575291303 4.425242737
1575384191 4.603431133
1575384350 4.416481024
1575384511 4.614092995
1575384671 4.612796256
1575384834 4.425870486
1575384992 5.003496812
1575385152 4.473788335
1575385312 4.320015446
1575385475 4.479252604
1575385635 4.538611559
1575556572 4.578840014
1575556733 4.475663995
1575556905 4.484065861
1575557091 4.567799422
1575557260 4.608526637
1575557444 4.399253184
1575557620 4.77010369
1575557792 4.540739358
1575558252 4.62026181
1575558438 4.464617167
1579184071 4.596258936
1579184785 4.444920436
1579184946 4.492639291
1579185111 4.497941091
1579185284 4.507802348
1579185462 4.526300395
1579185644 4.539840573
1579185823 4.472642711
1579186183 4.465007289
1579351801 4.419091664
1579351967 4.400262894
1579352127 4.406621969
1579352288 4.530513483
1579352451 4.62240216
1579352615 4.511643886
1579352773 4.479948328
1579352936 3.220077705
1579353097 4.47830372
1579353970 4.447481527
1574707109 4.770321737
