1569850032 2.219497778
1569850236 2.333690252
1569850032 2.219497778
1569850236 2.333690252
1569850788 2.252156644
1569851049 2.30988126
1569851255 2.165938322
1569851605 2.487446369
1569851817 2.36087762
1569852046 2.31726961
1569852271 2.097317888
1569852508 2.286219876
1569853118 2.175557956
1569853434 3.963028276
1570543156 2.182789606
1570543518 2.385148409
1570543728 2.272332368
1570544645 2.304900331
1570544904 2.348061093
1570545104 2.47293141
1570545321 2.368703329
1571323028 2.475902454
1571325146 2.48189248
1571325343 2.283637508
1571325548 2.442471977
1571325748 2.09931833
1571325945 2.205715769
1571326154 1.582650398
1571326836 2.171632223
1571327052 2.268988703
1571327261 2.099443209
1571395938 2.302083376
1571396135 2.300439129
1571396331 2.338115906
1571396531 1.829291101
1571396730 2.173615366
1571396956 2.22273013
1571397160 2.302298756
1571397362 2.229659421
1571397559 2.16919953
1571397756 2.303850965
1571405005 2.229486379
1571405203 2.208523225
1571405400 2.127064771
1571405629 2.085204028
1571405832 2.387764825
1571409051 2.194492671
1571409253 2.224184058
1571409454 2.375562852
1571409671 2.419236713
1571409869 2.340351931
1571664437 2.373870408
1571664983 2.299858465
1571665181 2.292913993
1571665392 2.25357776
1571665586 2.25556847
1571665782 2.21300617
1571668199 2.258765628
1571668398 2.329000189
1571668602 2.326753912
1571668797 2.346571773
1571668997 2.223015672
1571752070 2.320655252
1571752266 2.212748411
1571752465 2.255703755
1571752670 2.289755879
1571752865 2.100228999
1571753060 2.164166212
1571753258 2.435901552
1571753455 2.41921648
1571753652 2.254852224
1571753850 2.184418052
1571760207 2.384413213
1571760405 2.164403551
1571760607 2.340478378
1571760803 2.388355505
1571761005 2.299538243
1571761213 2.391250386
1571761412 2.170472985
1571761607 2.205716015
1571761803 2.336230335
1571762010 2.324125081
1572003313 2.388123081
1572003509 2.310689817
1572003705 2.260211426
1572003903 2.270270666
1572004099 2.419045075
1572004295 2.380986344
1572004489 2.313613746
1572004688 2.347807295
1572004890 2.266264491
1572005089 2.227140488
1572011291 2.355356847
1572011487 2.162503097
1572011683 2.415746134
1572011881 2.169476263
1572012077 2.249433107
1572012274 2.306436027
1572012469 2.146937126
1572012663 2.342303206
1572012858 2.39024988
1572013052 2.390467988
1572265112 2.246425091
1572265308 2.270194882
1572265507 2.488006075
1572265705 2.317632445
1572265911 2.256497364
1572266112 2.170109837
1572266310 2.398616079
1572266510 2.321531233
1572266709 2.356146525
1572266912 2.267487669
1572274169 1.86770653
1572274342 1.747377068
1572274511 1.816034894
1572274683 1.74784979
1572274851 1.877705721
1572275021 1.86643473
1572275193 1.914247915
1572275368 1.845665083
1572275538 1.834730379
1572275711 1.884602718
1572361328 2.313387262
1572361523 2.460671121
1572361717 2.096569359
1572361912 2.078771302
1572362111 2.346074049
1572362305 2.140732138
1572362501 2.177908763
1572362701 2.395051338
1572362896 2.246777342
1572363093 0.800180586
1572366960 1.802698553
1572367128 1.713050019
1572367300 1.743795198
1572367466 1.72270952
1572367649 1.843834904
1572367826 1.913574968
1572367995 2.043321028
1572368164 1.876389861
1572368331 1.775179672
1572368496 1.829358498
1572532442 2.344109384
1572532643 2.217417649
1572532848 2.386419979
1572544548 1.737268257
1572544716 1.790948959
1572544888 1.786995849
1572545060 1.923602311
1572545234 1.800135209
1572870062 1.8763146
1572870280 1.708152487
1572870462 1.660169324
1572870683 1.671102542
1572870852 1.699589426
1572965442 1.822757824
1572965609 1.867662305
1572965777 1.795049181
1572965945 1.888088375
1572966117 1.798436112
1572966284 1.84294404
1572966455 1.841192767
1572966638 1.821939048
1572966818 1.912576649
1572966982 1.960885216
1573207089 1.800414624
1573207257 1.838821387
1573207427 1.913236061
1573207592 1.748217473
1573207762 1.930537884
1573207929 1.710220278
1573208096 1.850323375
1573208261 1.852595145
1573208430 1.854534391
1573208595 1.877683879
1573220330 1.820986035
1573220498 1.862665473
1573220665 1.846775318
1573220834 1.884055822
1573221003 1.793666044
1573221169 1.799761148
1573221333 1.851464785
1573221503 1.685268923
1573221670 1.703496787
1573221839 1.856442416
1573222028 1.950098974
1573222199 1.748597008
1573222365 1.880218958
1573222531 1.929500625
1573222702 0.722954098
1573301179 1.876036676
1573301348 1.751664204
1573301530 1.879331818
1573301698 1.799824832
1573301884 1.740599617
1573302064 1.625078185
1573302231 1.852679963
1573302405 1.771691781
1573302574 1.84607221
1573302757 1.729183358
1573303892 1.70763689
1573304056 1.618469218
1573304217 2.006213988
1573304383 1.912519072
1573304542 2.006685493
1573304708 1.842010711
1573304867 1.664473286
1573305028 1.771985027
1573305189 1.709382497
1573305349 1.656690477
1573752521 1.62523026
1573752780 1.533172115
1573752939 1.51955988
1573753097 1.451556819
1573753254 1.837196078
1573753410 1.54137492
1573753568 1.791485679
1573753721 1.581765453
1573753883 1.565663796
1573754702 1.668692054
1573754863 1.710543892
1573755024 1.671892888
1573755190 1.546835634
1573755353 1.631870405
1573755510 1.404128031
1573755665 1.787591495
1573755823 1.54090298
1573755981 1.679751356
1573756140 1.699247624
1573831446 1.712826382
1573831604 1.439803052
1573831763 1.702642249
1573831935 1.660707615
1573832087 1.676612537
1573832249 1.694693432
1573832406 1.739381116
1573832569 1.660631142
1573832725 1.544431913
1573832880 1.548556425
1573833076 1.540027779
1573833232 1.598360725
1573833396 1.466487787
1573833553 1.622799543
1573833711 1.719058093
1573901085 1.834327561
1573901243 1.62269978
1573901399 1.784685311
1573901555 1.792420317
1573901716 2.164334128
1573901870 1.746888261
1573902025 1.931958871
1573902183 1.608598495
1573902340 1.695812669
1573902496 1.635115669
1574685815 1.632405613
1574686007 1.708491914
1574686175 1.650624379
1574686338 1.573887193
1574686495 1.585518616
1574686661 1.538588498
1574686825 1.79466504
1574687012 1.667549283
1574687186 1.583284869
1574687350 1.501454905
1574689680 1.585665142
1574689896 1.527375423
1574690065 1.877136295
1574690234 1.550603007
1574690405 1.591132136
1574690564 1.827459562
1574690735 1.653902223
1574690894 1.67605333
1574691079 1.719752464
1574691258 1.526303635
1574706880 1.65782905
1574707122 1.666656095
1574707122 1.666656095
