1569854806 56.783505293
1570448921 52.799490143
1571323409 52.539193096
1571323801 52.905847712
1571327534 52.733018017
1571327924 53.194464665
1571329098 53.018027297
1571329488 52.76548881
1571398037 52.246827206
1571398825 53.294927893
1571399217 53.124382268
1571399606 54.608807174
1571400005 53.771974416
1571400397 53.038073525
1571401216 55.65472745
1571406990 52.860184196
1571407772 52.787369483
1571408555 52.94822048
1571666048 52.563369549
1571666436 52.635269421
1571667664 53.274798741
1571669317 51.882825122
1571754227 52.741531374
1571754618 53.629737059
1571755019 54.055679515
1571755415 52.867369813
1571756646 53.331974414
1571757077 52.990883764
1571757507 53.367055483
1571757903 52.937330326
1571758296 52.994778863
1571762300 52.996132672
1571762697 53.608476875
1571763089 52.427026517
1571763871 53.786776332
1571764277 72.550210968
1571764687 53.228852013
1571765079 53.144672842
1571765467 53.301020094
1571765858 52.409086033
1571766824 51.992121459
1571767605 52.023229708
