1570543106 7.517617354
1570543469 7.41092018
1571322979 7.155423641
1571325498 7.381851274
1571325699 7.597961775
1571325895 7.274827243
1571327211 7.50817528
1571396282 7.459517789
1571397111 7.281346196
1571397313 7.548609723
1571404955 7.355608209
1571405351 7.296621436
1571409203 7.448968264
1571409405 7.220525064
1571664387 7.162121608
1571664929 7.287122166
1571665132 7.411689782
1571665343 7.135869806
1571665538 6.967471217
1571665732 7.185931724
1571668150 7.187300731
1571668349 7.419745944
1571668553 7.106952029
1571668747 7.248703547
1571668948 7.219548895
1571752021 7.287310717
1571752216 6.991052266
1571752416 7.297090711
1571752620 7.228130079
1571752815 7.131601668
1571753011 7.342316082
1571753208 7.174723778
1571753405 7.216360259
1571753603 7.333724937
1571753800 7.335047988
1571760158 7.018405637
1571760353 7.115580134
1571760558 7.21851592
1571760753 7.17379676
1571760955 7.285823923
1571761163 7.281689297
1571761363 7.28666239
1571761558 7.215150074
1571761753 7.14670173
1571761961 7.26327202
1572003264 7.270010505
1572003656 7.201703914
1572003854 7.221116959
1572004050 6.96916301
1572004246 7.149310223
1572004440 7.041916039
1572004640 7.106452869
1572004841 7.236034736
1572005040 7.080024877
1572011241 7.461510612
1572011438 7.476552654
1572011635 6.689676163
1572011832 7.270116875
1572012028 6.927659346
1572012225 7.29380231
1572012420 7.266973017
1572012614 7.045743147
1572012809 7.318322934
1572013003 7.263124826
1572265063 7.127416397
1572265259 7.196042483
1572265458 7.210109789
1572265656 7.376119366
1572265862 7.256583183
1572266064 7.111352531
1572266460 7.12422979
1572266660 6.815428426
1572266863 7.086454771
1572274127 6.304957636
1572274301 5.243709763
1572274469 5.848020472
1572274642 6.174772064
1572274809 6.03919428
1572274979 5.853123084
1572275151 5.796686313
1572275327 5.951727945
1572275496 6.426790443
1572275670 5.976806681
1572361276 7.045499916
1572361473 6.833333749
1572361668 7.24677171
1572361863 7.084548266
1572362062 7.201186007
1572362256 7.003056214
1572362453 7.096743058
1572362648 7.079084667
1572362847 7.15050534
1572363043 7.111999156
1572366919 5.816393128
1572367087 5.785621205
1572367257 6.105412338
1572367425 5.693450327
1572367607 5.833700907
1572367785 5.788464525
1572367954 5.909383322
1572368123 5.986899827
1572368289 5.999426226
1572368454 5.968518613
1572532393 7.303017312
1572532594 7.395280243
1572532799 7.352547631
1572544507 6.017299339
1572544674 6.455054163
1572544846 5.909325552
1572545019 5.886981173
1572545192 5.956337664
1572870018 5.883773254
1572870239 5.840361023
1572870419 5.542932486
1572870642 5.916045617
1572870811 6.021800489
1572965400 5.863809841
1572965568 5.880265543
1572965735 5.927304669
1572965904 5.899040665
1572966076 6.159158394
1572966242 6.218134595
1572966413 5.917987727
1572966597 5.92179269
1572966777 5.885507924
1572966941 5.862430958
1573207048 6.022934236
1573207215 6.283304642
1573207385 6.045247926
1573207550 6.020547101
1573207720 5.992968204
1573207888 5.989937025
1573208055 5.972738607
1573208220 5.987128026
1573208388 6.086565503
1573208554 5.885535636
1573220289 5.830407666
1573220456 5.956840973
1573220624 5.988590068
1573220793 6.02002947
1573220961 6.011902883
1573221128 5.996142586
1573221292 5.978437468
1573221462 6.194469335
1573221628 6.359098992
1573221797 6.082011289
1573221987 5.821780485
1573222158 5.848130351
1573222324 5.944827028
1573222489 6.311628574
1573222659 5.929445859
1573301138 5.956701024
1573301307 5.870784408
1573301488 5.897771012
1573301656 6.238483264
1573301842 6.235447184
1573302020 6.144552708
1573302189 5.987826017
1573302364 5.867096483
1573302533 5.987333465
1573302714 6.61651386
1573303853 5.191492484
1573304017 5.657871968
1573304177 5.500190688
1573304343 5.559810429
1573304503 5.147494712
1573304669 5.363729906
1573304828 5.748344537
1573304988 5.904178415
1573305151 5.238396358
1573305310 5.470822409
1573752483 5.098147007
1573752740 5.168927371
1573752900 5.600911381
1573753058 5.599785472
1573753216 5.175024874
1573753371 5.224870156
1573753529 5.300818817
1573753682 5.116434544
1573753844 5.119459762
1573754664 5.469801134
1573754824 5.505375507
1573754985 5.230572847
1573755152 5.134664305
1573755315 5.25879846
1573755471 5.437354533
1573755627 5.042911231
1573755785 5.248685448
1573755943 5.105218717
1573756100 5.39476731
1573831408 5.305009418
1573831566 5.126675205
1573831724 5.177921023
1573831896 5.18546563
1573832049 5.280188948
1573832209 5.408933439
1573832365 5.023391792
1573832531 5.097189259
1573832686 5.278173157
1573832841 5.37899542
1573833037 5.361826654
1573833194 5.130245407
1573833358 5.449475316
1573833514 5.304287695
1573833672 5.167686143
1573901046 5.173851852
1573901204 5.388628173
1573901360 5.309287455
1573901517 5.141043567
1573901677 5.29109978
1573901831 5.463992326
1573901986 5.362428374
1573902144 5.134254929
1573902302 5.349320307
1573902457 5.359769386
1574685775 5.456121582
1574685964 5.56261136
1574686137 5.527663663
1574686296 6.035885897
1574686456 5.193952524
1574686623 5.293051809
1574686785 5.991796522
1574686971 5.971302229
1574687311 5.841028404
1574689640 5.521818922
1574689856 5.441441547
1574690025 5.514665585
1574690195 5.296235104
1574690364 5.834811965
1574690524 5.301573894
1574690695 5.67314994
1574690855 5.739901351
1574691040 5.315196874
1574691219 5.647027134
1574706841 5.332327619
1574707083 5.549201145
1574954186 5.104167511
1574954351 5.350945114
1574954527 5.750845479
1574954691 5.254619643
1574954874 5.403192746
1574955031 5.554684977
1574955290 5.174152179
1574955450 5.480507297
1574955608 5.568558127
1574955769 5.396906234
1575026517 5.287699609
1575026678 5.671346807
1575026840 5.303810452
1575027000 5.514727569
1575027164 5.317586503
1575027325 5.279173791
1575027491 5.184670229
1575027648 5.336681954
1575027813 5.799300478
1575027977 5.263216414
1575112833 5.297169159
1575112994 5.372170823
1575113156 5.260437966
1575113317 5.485798936
1575113476 5.321469464
1575113635 5.269290456
1575113792 5.387034422
1575113950 5.390996573
1575114110 8.552155957
1575114274 5.352655605
1575289762 6.015936006
1575289930 5.568721042
1575290095 5.373071013
1575290278 5.546868778
1575290451 5.232922079
1575290626 5.325143359
1575290795 5.750456183
1575290952 5.339314083
1575291114 5.56426717
1575291276 5.170841353
1575384165 5.292808874
1575384324 5.339382006
1575384485 5.430554987
1575384643 5.725113652
1575384807 5.218145552
1575384964 5.585222711
1575385126 5.649139412
1575385285 5.202109504
1575385444 5.607993998
1575385608 5.639209712
1575556545 6.093451958
1575556706 5.497697791
1575556872 5.939392743
1575557056 12.550996281
1575557233 6.02245086
1575557591 5.523609236
1575557765 5.373690157
1575558223 5.667252892
1575558411 5.245281879
1579184043 5.465807219
1579184758 5.792571887
1579184920 5.384448639
1579185082 5.748632872
1579185257 5.254539528
1579185433 5.815484594
1579185617 5.283403915
1579185791 11.908313036
1579185983 5.828549052
1579186157 5.169491248
1579351773 5.605793062
1579351940 5.497854764
1579352101 5.683392447
1579352262 5.617601349
1579352425 5.486482031
1579352589 5.292287601
1579352747 5.62019845
1579352908 5.418056413
1579353071 5.295846775
1579353233 140.731773081
1579353499 455.760489746
1579522861 5.939076461
1579523065 5.300048266
1579523256 5.947603451
1579523421 5.215426394
1579523595 5.512155672
1579523776 4.7401003
1579523958 5.808338635
1579524145 5.520857782
1579524312 5.489580201
1579524481 5.75453055
1579537453 9.842182268
1580215315 5.536611565
1580215509 5.564397167
1580215673 5.540079096
1580215832 5.82509096
1580215993 5.139502443
1580216156 5.679955187
1580216315 5.378768054
1580216478 5.323936815
1580216636 5.604237619
1580216818 5.577446295
1580304728 5.492618503
1580304885 5.621024985
1580305046 5.743653707
1580305207 5.817978823
1580305391 5.437143491
1580305551 5.617680224
1580305716 5.263624061
1580305873 5.435805163
1580306028 5.086825253
1580306188 5.723197765
1581935228 5.202358222
1581935386 5.213500262
1581935547 5.712927511
1581935713 5.36247578
1581935880 5.629113944
1581936052 5.433870234
1581936223 5.568284908
1581936386 5.317849521
1581936545 5.46387302
1581936720 5.511758425
1582026901 5.608135194
1582027064 5.588067984
1582027227 6.10624516
1582027396 5.875061059
1582027808 6.104546136
1582027973 6.191571977
1582028141 5.827862283
1582028308 6.278871349
1582028476 6.074562908
1582028647 5.47575157
1582113117 6.147615189
1582113284 5.607360039
1582113447 6.181801141
1582113617 5.24925367
1582113956 6.178214051
1582114118 5.782126413
1582114281 5.424693481
1582114448 5.889800793
1582114612 5.17814098
1582114775 5.088870343
1582114940 5.998530982
1582115103 5.049353774
1582115270 6.05460577
1582115433 6.382079559
1582115596 6.32662417
1582115760 5.697111927
1582115924 5.583434755
1582116105 6.08788335
1582116321 5.894065476
1582116496 6.2026632
1582116662 5.568551067
1582118981 5.693245188
1582119144 5.60713595
1582119313 6.021368103
1582119478 16.504595164
1582119665 6.01180949
1582119828 5.918094144
1582119998 6.540749201
1582120171 5.698073138
1582120895 5.841688815
1582121063 5.66319378
1582121306 6.118242968
1582121469 6.092250792
1582125211 6.092100801
1582125371 5.964873559
1582125855 5.508678031
1582126022 5.674541929
1582126191 5.517800512
1582126351 5.789228937
1582126518 5.652781869
1582126680 6.103996413
1582126847 5.096561579
1582127009 5.553125401
1582127170 6.010856428
1582127339 5.398907105
1582127505 6.144091814
1582127669 5.261076238
1582127833 5.285314688
1582127993 5.386656876
1582128159 5.876530048
1582128339 5.367517697
1582128500 5.96917799
1582128663 5.946181773
1582128829 6.328105339
1582128991 5.425772811
1582129164 6.093999117
1582129322 6.2338526
1582129483 5.534181001
1582129648 5.852138992
1582185070 6.182591261
1582185251 6.199573393
1582185986 5.316167833
1582186146 5.278535296
1582186879 5.183475453
1582187842 5.208764393
1582188001 5.230353876
1582188160 5.555826504
1582188321 4.997297261
1582193772 5.391230401
1582193935 5.500552006
1582194099 5.665916363
1582194255 5.464121006
1582194417 5.563198481
1582194581 5.499632527
1582194741 5.489595292
1582194911 5.347170605
1582195071 5.100046196
1582195232 8.4250531
1582195727 5.042884305
1582195887 5.196399369
1582196044 5.147343125
1582196205 5.039441443
1582196364 5.180788633
1582196523 5.15991214
1582196681 5.213354518
1582196841 5.288823083
1582197003 5.536789235
1582197169 5.462899534
1582197326 5.746582992
1582197492 5.724020887
1582197663 5.380074906
1582197821 5.343384713
1582197979 5.17547096
1582198135 5.437172125
1582198297 5.117696158
1582198454 5.294119607
1582198735 5.257719442
1582199084 5.295862567
1582631392 5.340109383
1582631552 5.251495691
1582631708 5.338321395
1582631866 5.280573046
1582632022 5.269929134
1582632180 5.403152321
1582632340 5.105621359
1582632502 5.108065381
1582632662 5.117525058
1582632822 5.388345788
1582884521 5.707557171
1582884700 5.702461353
1582884869 5.278714479
1582885033 5.580373332
1582885197 5.451373405
1582885358 5.401205078
1582885519 5.344940062
1582885680 5.302440679
1582885845 5.680483353
1582886002 5.45494048
1574707083 5.549201145
