1569850024 6.109678636
1569850227 6.260026446
1569850024 6.109678636
1569850227 6.260026446
1569850758 27.812778806
1569851041 6.373615092
1569851247 6.439912043
1569851596 6.338795822
1569851809 6.152618743
1569852038 6.174169997
1569852262 6.365326697
1569852500 6.046064373
1569853109 6.284414803
1569853425 6.240422853
1570543147 6.277214201
1570543510 6.139545922
1570543719 6.028612626
1570544636 6.394669931
1570544895 6.226973738
1570545096 5.864389717
1570545313 6.153732922
1571323020 6.090274594
1571325138 6.008343786
1571325334 6.115383424
1571325540 6.185275703
1571325740 6.221069877
1571325936 6.010067514
1571326143 6.122959936
1571326828 6.173086682
1571327044 6.06883726
1571327253 6.343253025
