1569850059 22.685878712
1569850059 22.685878712
1569850820 23.182412473
1569851282 21.740144261
1569851632 21.060583557
1569851845 20.930226532
1569852073 20.712478833
1569852298 23.596148679
1569852535 20.708796586
1569853174 24.554405291
1569853463 29.241398082
1570543182 24.809492801
1570543544 20.2985139
1570543755 23.827257092
1570544672 20.899872376
1570544931 22.247673852
1570545131 20.665268411
1570545348 24.920472645
1571323056 20.485472942
1571325173 20.652323934
1571325369 23.004730467
1571325575 20.700276081
1571325775 20.979327175
1571325971 21.58517831
1571326863 30.950220719
1571327079 23.536212526
1571327288 20.460522049
1571395965 20.622625828
1571396162 20.360085029
1571396558 20.623934333
1571396757 20.612430131
1571396983 22.827408679
1571397188 21.646750145
1571397389 20.270602093
1571397585 20.682142589
1571397783 20.950354342
1571405031 20.161527156
1571405427 22.832829
1571405660 20.580890791
1571405859 20.700890795
1571409077 22.035489252
1571409280 22.885289261
1571409481 21.451858108
1571409697 20.431332187
1571409896 20.398527799
1571665010 22.553117294
1571665225 20.460856364
1571665419 20.065862042
1571665614 20.590302141
1571665809 20.178910002
1571668226 23.325705206
1571668425 20.450433323
1571668629 20.404891024
1571668824 20.277588832
1571669024 20.197549945
1571752097 20.954874889
1571752293 22.512436304
1571752492 22.300924998
1571752697 20.239762462
1571752893 20.512695143
1571753087 22.206670211
1571753284 21.167934283
1571753481 21.862271696
1571753680 20.20623689
1571753876 20.186824141
1571760234 20.771191554
1571760432 21.04235349
1571760633 20.201232828
1571760830 23.875719641
1571761032 21.082746384
1571761240 22.947788929
1571761439 20.017785707
1571761633 20.294026021
1571761830 20.485303072
1571762037 20.937745135
