1569853877 5.278741673
1569855453 5.169784964
1569856493 4.910700943
1570449957 5.475265595
1572366066 4.246512724
1572366406 3.879078629
1572370099 3.888431412
1572370429 4.023397621
1572371090 4.037407906
1572371751 3.866373754
1572535125 3.91756527
1572880715 3.192777094
1573306957 3.45546204
1573307611 3.806596798
1573307926 3.615642666
1573308578 4.194776691
1573309547 3.997186426
1573828468 4.005591025
1573829383 3.976376723
1573829695 3.830598983
1573830560 4.248597104
1573902806 4.176133022
1573903429 3.908366923
1573903743 3.653933058
1573904359 3.746087396
1574688127 4.53676869
1574688446 4.300395643
1574692138 4.052363933
1574692453 4.005269009
1574693690 4.563995124
1574694017 4.177118035
1574694441 3.972412475
1574694765 3.866227717
1574695320 3.666476
1574695968 3.933052439
1574708908 4.08626017
1574950917 3.971896047
1574951291 4.267480433
1574951647 4.135502457
1574951972 3.720693781
1574952684 4.170931779
1574953012 4.161160314
1574953689 25.230802755
1574954034 4.198263108
1575028937 3.794541305
1575029274 3.842308593
1575029586 3.996613404
1575029898 3.885533885
1575030208 4.371205074
1575030841 22.848284075
1575031168 4.156254137
1575114599 4.006106892
1575114908 4.348683148
1575115218 4.166993614
1575116152 3.80653271
1575116462 4.332219053
1575116772 4.189063097
1575117081 4.131875894
1575117389 3.818510367
1575293791 4.213370445
1575294819 4.957916758
1575295592 4.446793232
1575296803 3.890517888
1575297138 3.935503246
1575386010 4.287392246
1575386324 4.139528221
1575386634 4.090203827
1575387039 4.003822243
1575387346 4.4897573
1575387965 4.274962956
1575388273 4.2658211
1575388583 4.134158414
1575388885 4.304899042
1575558772 3.890888644
1575559082 4.094630988
1575559408 4.291125999
1575559729 4.065724447
1575560096 3.757861724
1575560427 4.371690953
1575560761 4.151108517
1575561992 3.370272695
1579186517 4.116758314
1579186866 4.32422436
1579188207 4.300172388
1579188653 4.406242185
1579189189 3.98856794
1579189523 4.620135029
1579189849 4.245254599
1579190190 4.041403246
1579190524 46.196095265
1579354275 3.537935667
1579354892 4.168212681
1579355201 3.669490946
1579355818 4.184526355
1579356434 4.21408271
1579356739 4.025586596
1574708908 4.08626017
