1569850089 3.035005457
1569850089 3.035005457
1569850849 2.786356149
1569851107 2.863028721
1569851311 7.422733843
1569851659 2.981143532
1569851872 3.085811159
1569852100 2.680537232
1569852329 2.823423017
1569852562 3.036664591
1569853207 2.798153964
1569853500 2.900697351
1570543213 2.69605672
1570543570 3.074862348
1570543785 3.213389197
1570544699 2.814353266
1570544960 2.907755979
1570545159 2.6194394
1570545379 5.376379201
1571323082 2.735936005
1571325199 2.86008188
1571325399 3.163429761
1571325602 2.114846039
1571325803 2.651904834
1571325999 2.872251572
1571326902 2.848531993
1571327111 2.832592186
1571327315 5.367092159
1571395991 2.557977492
1571396188 2.724439649
1571396387 2.773761367
1571396585 2.820251343
1571396784 2.697595127
1571397013 2.807662355
1571397216 2.83162648
1571397415 2.738217969
1571397612 2.964696292
1571397810 2.436665499
1571405057 3.115065751
1571405257 3.017518927
1571405456 2.692492601
1571405687 2.223307963
1571405887 2.135190393
1571409108 2.500656431
1571409310 2.896040515
1571409508 2.771338619
1571409724 2.876699188
1571409922 2.595533664
1571665041 2.792596741
1571665251 2.849863486
1571665445 2.707707802
1571665640 2.802379245
1571665835 3.033704329
1571668258 2.861629627
1571668451 2.801550083
1571668656 2.704785634
1571668850 2.805406279
1571669050 2.680773216
1571752124 2.722425579
1571752322 2.851607692
1571752526 3.424099282
1571752723 2.863741491
1571752920 2.824224401
1571753115 3.102541097
1571753312 2.899572579
1571753510 2.914956337
1571753706 2.677007272
1571753903 2.711035911
1571760261 2.793242711
1571760459 2.758964268
1571760660 2.917875183
1571760860 3.08142005
1571761058 2.907427608
1571761271 2.883218968
1571761465 2.674660935
1571761660 2.756105157
1571761856 2.915233155
1571762064 2.718965683
1572003366 2.82482795
1572003565 2.686177055
1572003761 2.627334469
1572003957 2.852859986
1572004152 2.825714751
1572004348 2.699557188
1572004545 2.903010066
1572004748 2.902407291
1572004946 2.63886447
1572011346 2.730448089
1572011541 2.694418217
1572011740 2.938445261
1572011934 2.555479184
1572012132 2.817715109
1572012523 2.736167284
1572012716 2.885319487
1572012911 2.873240768
1572013106 2.893662367
1572265165 3.260804716
1572265365 3.110468996
1572265562 2.965350881
1572265761 2.888421825
1572265964 2.916654193
1572266165 2.723695002
1572266365 2.998831061
1572266564 2.60959514
1572266763 2.861343983
1572266970 2.937133402
1572274217 2.437502405
1572274392 2.476275555
1572274731 2.438873378
1572274900 2.214578433
1572275069 2.24711297
1572275244 2.403328865
1572275415 2.681378912
1572275584 2.43214173
1572275757 2.219445373
1572361381 2.729509722
1572361576 2.616100704
1572361772 2.82411723
1572361969 2.884608188
1572362164 3.054772673
1572362360 2.778108076
1572362555 2.940098457
1572362755 2.846488303
1572362950 2.240076697
1572367009 2.290311201
1572367177 2.257523067
1572367346 2.261488314
1572367512 3.818979006
1572367699 2.13013566
1572367876 2.339532797
1572368044 2.141362683
1572368211 2.436737934
1572368376 2.425519566
1572368549 2.397370881
1574707164 2.250950765
