1569854399 2.769222929
1569855811 2.801553272
1571330102 2.593322623
1571766458 2.680430566
1571767241 2.528726565
1572537372 2.232058202
1572538030 2.222726995
1572538690 1.971989229
1572539342 2.219966325
1572539989 2.188605183
1572540895 2.173528991
1572541549 1.919871196
1572542197 2.086835505
1572542844 2.223274349
1572543510 2.117272108
1572871263 2.134419334
1572871914 2.087065356
1572872591 1.875529976
1572873244 2.165660073
1572873897 2.091505862
1572874958 2.296634394
1572875820 2.179701187
1572877045 2.17022401
1572877695 2.214866251
1572878923 2.115895892
1572967329 2.128882252
1572967987 2.137590471
1572969289 2.22362545
1572969950 2.120969293
1572970600 2.177221911
1572971249 2.227536719
1572971912 2.224893116
1572972572 2.301272368
1572973286 2.1333991
1572973938 2.256655705
1572974590 2.308311203
1573208872 2.200727799
1573209527 2.104149754
1573210201 2.245800408
1573210872 1.88290981
1573211528 2.04890031
1573212177 2.172277641
1573212829 2.166864239
1573213480 2.227084369
1573214151 2.118302082
1573214805 2.310010993
1573310331 2.163937466
1573310953 2.327457957
1573311569 2.005500982
1573312273 1.966662481
1573312882 2.215155357
1573313510 2.317312339
1573314142 2.156962485
1573314757 2.06742065
1574696366 2.234104885
1574696945 1.978394047
1574697537 2.092245371
1574698112 2.164628952
1574698698 2.110155882
1574710769 1.684816395
1574956121 2.19030166
1574956693 2.303607006
1574957384 2.084924772
1574957961 1.958069144
1574958553 2.3892666
1574959143 2.26847777
1574959745 2.076818186
1574960324 2.179437873
1574960936 2.139463899
1574961573 2.139079191
1575033044 2.257720678
1575033613 2.132081196
1575034204 2.241896401
1575036364 2.211743814
1575036941 2.129998181
1575037500 2.168300057
1575038503 2.041825625
1575039071 2.219681819
1575120335 1.996957021
1575120898 2.309187805
1575122522 2.066998337
1575123079 2.004266216
1575123639 2.212830386
1575124194 2.109489529
1575124762 1.954690238
1575125318 2.05762405
1575125887 2.56332662
1575297633 2.102062746
1575298213 2.241485867
1575298780 2.048818738
1575299359 1.996452147
1575299932 2.347047781
1575300552 2.048624982
1575301123 2.231098878
1575390687 2.353875084
1575391255 2.288438407
1575391821 2.04370648
1575392630 2.121655025
1575393826 2.106467626
1575562354 2.08495388
1575563052 2.164272715
1575563699 2.338662237
1575564296 2.14274077
1575564879 2.09064041
1575566013 2.187353596
1575566599 2.275484821
1575567919 2.005528273
1579191585 2.190782798
1579192151 2.013994783
1579192731 2.041688538
1579193295 2.035742089
1579194453 1.975838325
1579195020 2.060639727
1579195610 2.327462251
1579196174 2.083654888
1579359380 2.004516617
1579360517 2.167764197
1579361074 2.109811923
1579361630 1.9992105
1579362740 2.004329612
1579363304 2.119344109
1579363872 2.138311557
1579364431 2.048102474
1579530996 1.845738324
1579532036 2.212776205
1579534667 2.050797504
1579535304 2.250594474
1579536957 2.074131395
1580224242 1.96378345
1580224797 2.078031788
1580225360 2.210409158
1580225921 2.00984312
1580227072 2.138541667
1580228252 2.034894636
1580228811 2.106269555
1580312821 2.013234852
1580313377 2.04329333
1580314341 1.973761014
1580314898 2.087569753
1580315455 2.09944704
1580316017 2.087181474
1580316719 1.999289669
1580317307 2.324354465
1581942376 2.218471311
1581943581 2.088835086
1581944869 2.200908142
1581945846 2.178741377
1581946421 2.094881774
1581946988 2.127560968
1581947909 2.355145137
1581948999 2.309694773
1582035577 2.213109966
1582036184 2.354181107
1582036789 2.141816589
1582037393 2.427832319
1582041481 2.00469509
1582043678 2.387827368
1582044291 2.26623536
1582637904 2.036536602
1582638463 2.140922588
1582639538 2.144421042
1582640715 2.359983591
1582641275 2.119924348
1582641845 2.212706312
1582642413 2.115130678
1582642987 2.064286823
1582643590 2.016572575
1582644146 2.055979482
1582898745 2.343797973
1582899316 2.134672328
1582899885 2.249039412
1582900448 2.128193968
1582902106 2.097184138
1582902752 2.212796635
1582903349 2.085526523
1574710769 1.684816395
