1569849925 2.944576352
1569850129 3.11968196
1569849925 2.944576352
1569850129 3.11968196
1569850939 3.118358037
1569851148 2.006116635
1569851704 3.040064265
1569851934 2.943803325
1569852163 2.935228578
1569852402 1.747572061
1569852617 3.207202392
1569853008 3.11110345
1569853320 3.041642559
1569853561 2.905280465
1569854201 2.909565645
1569855160 3.00503878
1569855607 2.910616856
1570446932 2.800781136
1570448024 3.020708405
1570448751 3.024123728
1570449220 2.832991376
1570543047 2.910736497
1570543406 2.755612129
1570543610 2.698796817
1570544539 3.064645692
1570544739 3.40817926
1570545000 2.989100511
1570545206 3.102179898
1571322919 2.976111392
1571323240 3.03284466
1571323634 3.021651164
1571324035 2.716419223
1571324435 2.880766748
1571325041 3.015812054
1571325238 2.975565015
1571325437 2.922127991
1571325642 2.977635035
1571325840 2.988225353
1571326732 3.072464171
1571326944 3.018878951
1571327151 2.944067061
1571327366 2.85297065
1571327756 3.014074729
1571328147 2.846042749
1571328538 2.781571939
1571329321 3.024002132
1571329913 2.914948742
1574707041 2.168086504
