1569853909 2.972052817
1569854939 2.25416114
1569855484 3.123740756
1569856513 2.291103451
1570447335 3.113892809
1570449089 3.049497183
1570449545 2.803886043
1570449991 3.486758145
1571323531 2.779458831
1571323934 3.075198063
1571324332 2.595938949
1571324724 2.921820681
1571327654 2.878524611
1571328045 2.939581301
1571328436 2.991925411
1571328827 2.643789083
1571329219 3.075910838
1571329608 3.064281887
1571398158 3.121535868
1571398554 2.967835849
1571398946 2.876558804
1571399338 2.824182171
1571399730 2.944735512
1571400126 2.902014428
1571400547 3.081403707
1571400946 2.645796534
1571401340 2.855666447
1571401729 2.985262846
1571407110 2.890581061
1571407503 2.770936415
1571407893 2.863371492
1571408283 3.067110655
1571408675 2.887210091
1571666168 2.860925544
1571666559 2.811533385
1571666952 2.845336122
1571667342 2.891085375
1571667787 3.156401998
1571669438 2.927625301
1571669831 2.858884813
1571754348 2.895399284
1571754740 2.982254048
1571755141 2.636603675
1571756772 2.942289685
1571757209 3.052486027
1571757627 2.946746517
1571758024 2.907288102
1571758415 2.856874197
1571758809 2.769805885
1571762420 2.894817265
1571762818 2.832995351
1571763209 2.863665236
1571763600 2.991180735
1571763993 3.07621654
1571764418 2.737341954
1571764809 2.858374244
1571765198 2.904036113
1571765589 3.111520234
1571765979 2.900126135
1571766944 3.095315535
1572006686 2.89917088
1572007307 2.771965889
1572007702 2.833758491
1572008210 2.854164468
1572008612 2.959740988
1572009007 2.883183559
1572009397 3.145773135
1572009787 3.084292901
1572010178 2.980409089
1572010574 2.962269406
1572010965 2.762860011
1572013528 2.921848624
1572013921 3.081715872
1572014313 2.899948393
1572014702 2.932928989
1572015093 2.776372969
1572269150 2.704861849
1572269565 2.945918196
1572269979 2.780665875
1572270385 2.856946294
1572270780 2.763394549
1572271291 3.001365122
1572272488 2.455490043
1572272820 2.637142292
1572273154 2.296078127
1572273501 2.181192109
1572276258 2.397712603
1572276596 2.357484663
1572276929 2.409592066
1572277260 2.4284845
1572277595 2.343357948
1572277954 2.294858333
1572278286 2.342986216
1572278617 2.357404019
1572363676 2.399434601
1572364006 2.303267988
1572364665 2.39273639
1572365005 2.226363632
1572365341 2.305623577
1572365719 2.323443878
1572366092 2.351950881
1572366766 2.370304347
1572369794 2.479764155
1572370124 2.33565876
1572370456 2.11324568
1572370787 2.388209254
1572371116 2.341090678
1572371448 2.349000613
1572371778 2.311047099
1572372108 2.480980894
1572372437 2.275005145
1572372771 2.260024001
1572533782 2.354000458
1572534136 2.220983031
1572534483 2.301111011
1572534812 2.311629308
1572535163 2.120429266
1572535823 2.492120557
1572536159 2.440341956
1572536522 2.474773735
1572536860 2.207461411
1572537774 2.380088654
1572538431 2.171939825
1572539088 2.312785295
1572540389 2.434420613
1572541947 2.192537657
1572543242 2.207168965
1572543916 2.502319996
1574711139 2.477964134
1574708933 2.342402405
