1569854757 2.215187505
1569856365 2.103801064
1571330417 2.127826638
1571766775 2.02173408
1571767558 2.232153114
1572537636 1.705526167
1572538289 1.797315002
1572538949 1.655813382
1572539601 1.792264892
1572540250 1.705978164
1572541154 1.718054208
1572541808 1.583901545
1572542456 1.660447761
1572543103 1.480215799
1572543774 1.71033217
1572871522 1.63222411
1572872173 1.909842566
1572872854 1.827359997
1572873502 1.700173581
1572874160 1.75249253
1572875225 1.743668009
1572876079 1.707160438
1572877306 1.604000093
1572877961 1.620488594
1572879200 1.749726428
1572967590 1.687916338
1572968249 1.648883578
1572969548 1.688181303
1572970209 1.696048287
1572970860 1.675937943
1572971522 1.840693963
1572972183 1.746392319
1572972832 1.740928338
1572973548 1.695685356
1572974197 1.715678323
1572974855 1.713575443
1573209132 1.766768388
1573209802 1.744160137
1573210463 1.767632561
1573211131 1.931274321
1573211790 1.974110822
1573212438 1.703677615
1573213091 1.669008448
1573213740 1.687127867
1573214413 1.763934924
1573215070 1.72836176
1573310579 1.792093255
1573311198 1.744002297
1573311809 1.664451297
1573312515 1.846924258
1573313132 1.57516812
1573313757 1.783436944
1573314385 1.664229433
1573314999 1.49550033
1574696607 1.447478797
1574697186 1.508485965
1574697778 1.45642443
1574698938 1.399048802
1574709750 1.45203286
1574711008 1.581517587
1574956358 1.457259551
1574957020 1.471818002
1574957622 1.577419807
1574958797 1.404307939
1574959385 1.482994702
1574959986 1.779842328
1574960562 1.44788793
1574961173 1.367314199
1574961809 1.411100091
1575033286 1.411973239
1575033854 1.318654175
1575034443 1.407463279
1575035020 1.505371488
1575035581 1.357774811
1575036618 1.324296362
1575037180 1.488291804
1575037739 1.335877933
1575120573 1.487504256
1575121138 1.36114343
1575122133 1.152298364
1575122759 1.407548473
1575123317 1.538474002
1575124431 1.403346907
1575124998 1.525001726
1575125562 1.3610694
1575126128 1.363380047
1575298453 1.455111857
1575299022 1.407821173
1575299602 1.443804818
1575300173 1.584191307
1575300791 1.64314781
1575302173 1.427983704
1575390360 1.457329691
1575390930 1.609929609
1575391493 1.361536609
1575393505 1.528141205
1575394064 1.441430769
1575394631 1.410718022
1575395757 1.410883562
1575562604 1.587891234
1575563289 1.449206037
1575563938 1.313986578
1575564535 1.618390522
1575565118 1.458733961
1575565683 1.403940116
1575566256 1.513987839
1575566856 1.541263633
1575568183 1.543310162
1575568767 1.376833524
1579191213 1.50080771
1579192392 1.501453882
1579192977 1.452340958
1579193562 1.592176068
1579194126 1.701226858
1579194695 1.58597908
1579195260 1.792137
1579195850 1.543307015
1579196412 1.435598383
1579359618 1.452307021
1579360755 1.417810571
1579361311 1.35028165
1579361867 1.411354408
1579362978 1.280066528
1579363545 1.363916321
1579364111 1.508324464
1579364670 1.503043016
1574711008 1.581517587
