1569849947 3.635523039
1569850151 3.728774484
1569849947 3.635523039
1569850151 3.728774484
1569850964 3.804622466
1569851170 3.77214485
1569851519 3.600744982
1569851726 3.712729908
1569851956 3.54789746
1569852185 3.681867534
1569852423 3.620971458
1569852640 3.657442868
1569853031 3.688184788
1569853342 3.694256059
1569853583 3.381821618
1569854224 3.808050181
1569855196 3.650502558
1569855630 3.706150298
1570446954 3.475437074
1570448046 3.618098536
1570448773 3.544903337
1570449242 5.766549778
1570449673 3.979003599
1570543069 3.467250623
1570543431 3.462015738
1570543632 3.6054283
1570544561 3.535933742
1570544765 3.413798527
1570545022 3.542338269
1570545231 3.388263645
1571322941 3.46434534
1571323262 3.430569348
1571323655 3.548640275
1571324057 3.500034012
1571324457 3.466756116
1571325063 3.587101505
1571325260 3.405885586
1571325459 3.424577527
1571325664 3.540269139
1571325862 3.458641919
1571326063 3.483642832
1571326754 3.588585832
1571326966 3.472615468
1571327173 3.42411696
1571327388 3.492031844
1571327778 3.579760147
1571328169 3.503697368
1571328560 3.419019625
1571328951 3.43409746
1571329343 3.500555377
1571329935 3.51063041
1574710636 2.660855164
1574707057 2.580994865
1574708720 2.630264951
