1569850021 7.203115009
1569850225 7.267509903
1569850021 7.203115009
1569850225 7.267509903
1569850756 7.315305237
1569851038 7.390764045
1569851244 7.422463806
1569851594 7.170717419
1569851806 7.197177485
1569852035 7.804961678
1569852260 7.167994402
1569852497 7.293201045
1569853107 7.266111684
1569853423 7.786729852
1570543145 7.091235267
1570543507 7.167108456
1570543717 7.072871533
1570544634 7.34633438
1570544893 7.766565317
1570545094 6.998974517
1570545311 7.214860992
1571323017 7.25908913
1571325135 7.359358436
1571325332 7.331551476
1571325538 7.13474131
1571325737 7.240553629
1571325934 7.158673111
1571326142 6.574647465
1571326826 6.771947094
1571327042 7.165912109
1571327251 7.217805414
1571395927 7.301671935
1571396124 7.299084574
1571396320 7.335944019
1571396520 7.656456204
1571396719 7.452125525
1571396945 7.143320704
1571397150 7.285366318
1571397351 7.03521562
1571397548 7.215223987
1571397745 7.338323116
1571404994 7.252131048
1571405192 7.158335384
1571405389 7.251728652
1571405618 7.155849881
1571405822 7.290615349
1571409040 7.304958049
1571409242 7.215438705
1571409443 7.441110956
1571409660 7.391802506
1571409858 7.450323874
1571664426 7.32233045
1571664973 6.884268464
1571665170 7.155113719
1571665382 7.111289895
1571665576 7.255201953
1571665771 7.196190891
1571668188 7.296916037
1571668387 7.143787625
1571668591 7.63740441
1571668786 7.290389188
1571668987 7.011109243
1571752059 7.225397556
1571752255 7.059115288
1571752454 7.14457256
1571752659 7.185104122
1571752854 7.561668932
1571753049 7.040428325
1571753247 7.292507755
1571753444 7.236110544
1571753642 7.095547912
1571753839 7.251587836
1571760197 7.078612887
1571760394 7.235173482
1571760596 7.201775451
1571760792 7.179850553
1571760994 7.375417534
1571761202 7.246270514
1571761401 7.255362225
1571761596 7.119673981
1571761792 7.486945255
1571762000 7.310898871
1572003302 7.028910259
1572003499 7.214025182
1572003694 7.245447164
1572003892 7.141168752
1572004089 7.228800372
1572004285 7.108058037
1572004479 7.194255703
1572004678 7.13612693
1572004880 7.167854668
1572005078 7.179039089
1572011280 7.178758588
1572011477 7.128263911
1572011672 7.240799753
1572011870 7.190596729
1572012066 7.713348907
1572012264 7.197394044
1572012458 7.384068877
1572012652 7.140003575
1572012847 6.991656323
1572013042 7.398649422
1572265101 7.164670558
1572265298 7.094822039
1572265497 7.388929362
1572265695 7.189480906
1572265900 7.121911793
1572266102 7.281139786
1572266299 7.261244498
1572266499 7.806735498
1572266698 7.271534474
1572266901 7.25277279
1572274160 5.867552765
1572274334 5.833889908
1572274502 5.796976553
1572274675 5.773375603
1572274842 5.717402655
1572275012 5.851189265
1572275184 5.685796599
1572275360 5.863216929
1572275529 5.769577454
1572275703 5.775140705
1572361314 7.059804713
1572361512 7.479805896
1572361706 7.058474688
1572361901 7.250724284
1572362101 6.951955937
1572362294 7.345521112
1572362491 7.188440754
1572362690 7.200131317
1572362885 7.062876059
1572363081 7.284819257
1572366952 5.675632812
1572367120 5.719845545
1572367292 5.775660239
1572367458 5.756557433
1572367641 5.754077208
1572367818 5.755553216
1572367987 5.705747774
1572368156 5.678658738
1572368322 5.757396932
1572368487 5.809776383
1572532432 7.228442428
1572532633 7.235592676
1572532838 7.096018879
1572544539 5.740436858
1572544708 5.755702674
1572544879 5.847997399
1572545051 5.929807178
1572545225 5.626873166
1574707114 5.236715606
