1569854719 3.802653519
1569856329 3.662931703
1571330381 3.584614075
1571766738 3.586753658
1571767521 3.631040694
1572537607 2.844083006
1572538260 2.882080859
1572538920 2.790323316
1572539572 2.88554581
1572540221 3.020123416
1572541124 3.071819812
1572541778 2.86123288
1572542427 3.026524835
1572543074 2.957382752
1572543739 2.948380939
1572871493 2.861940242
1572872144 2.933751922
1572872823 3.155962944
1572873473 2.902618835
1572874131 3.019464493
1572875196 2.98037695
1572876050 2.854726732
1572877276 3.051846303
1572877931 3.040243925
1572879171 2.884120129
1572967561 2.924545473
1572968219 2.887169037
1572969519 3.035950898
1572970180 2.844454891
1572970830 2.812182744
1572971493 2.941080318
1572972153 2.898219396
1572972803 2.917513064
1572973519 2.952168833
1572974168 2.95352321
1572974826 2.954860767
1573209103 2.775741023
1573209773 2.897602382
1573210434 3.089595117
1573211102 2.979947293
1573211762 2.836237986
1573212408 2.897135179
1573213062 2.944370769
1573213711 2.961542686
1573214384 2.851416964
1573215041 2.874530131
1573310551 2.54977935
1573311170 2.856209724
1573311781 2.566199504
1573312488 2.601000435
1573313104 2.735581685
1573313729 2.834967735
1573314358 2.955783689
1573314971 2.492153526
1574696579 2.668346563
1574697159 2.516101242
1574697751 2.46513748
1574698324 2.456510147
1574698911 2.528349427
1574709723 2.614691494
1574710981 2.476824407
1574710981 2.476824407
