1569849947 3.45984429
1569850151 3.454776977
1569849947 3.45984429
1569850151 3.454776977
1569850964 3.388076754
1569851170 3.463690092
1569851519 3.553593103
1569851726 3.425158929
1569851956 3.418117742
1569852186 3.471241985
1569852423 3.478077601
1569852640 3.449054726
1569853031 3.485197318
1569853342 3.49589952
1569853583 3.335815359
1569854224 3.379858252
1569855196 3.647535476
1569855630 3.408586158
1570446954 3.439033118
1570448046 3.322285035
1570448773 3.424918678
1570543069 3.603211988
1570543431 3.372295147
1570543632 3.385816165
1570544561 3.415304721
1570544764 3.84356693
1570545022 3.403232578
1570545231 3.300157255
1571322941 3.413425976
1571323262 3.387242806
1571323655 3.452421442
1571324057 3.370361025
1571324457 3.466756116
1571325063 3.41055001
1571325260 3.332861938
1571325459 3.377996951
1571325664 3.500781143
1571325862 3.469077532
1571326063 3.306710703
1571326754 3.23951346
1571326966 3.422414439
1571327173 3.42411696
1571327388 3.34986067
1571327778 3.537384652
1571328169 3.589756297
1571328560 3.253121252
1571328951 3.348857444
1571329343 3.423099579
1571329935 3.508207145
1574710636 2.438551176
