1569849958 43.743318085
1569850162 42.778167713
1569849958 43.743318085
1569850162 42.778167713
1569850692 43.985941237
1569850975 43.194039922
1569851182 43.028118626
1569851531 43.296752324
1569851738 43.796963716
1569851968 42.571311919
1569852197 43.045443891
1569852434 43.794946778
1569853042 43.340958965
1569853354 45.285317926
1570543080 45.828918426
1570543442 46.832941159
1570543643 55.084059536
1570544572 42.651419504
1570544776 97.789636545
1570545033 41.023865424
1570545243 48.158643611
1570543643 55.084059536
1571322952 46.356658625
1571325074 41.498634442
1571325271 41.810270014
1571325470 47.235922541
1571325675 43.09201503
1571325873 41.044857327
1571326074 41.920207484
1571326765 41.506305524
1571326977 44.609732356
1571327185 47.258829197
1571395867 40.754357093
1571396062 41.396007315
1571396260 40.669118308
1571396459 41.185269482
1571396657 41.971219419
1571396856 70.000207543
1571397085 45.885873752
1571397289 43.403034435
1571397487 42.096134376
1571397685 40.628538238
1571404932 42.61159015
1571405132 41.267070724
1571405329 41.759588696
1571405529 69.739652612
1571405761 41.236254648
1571408950 71.340309402
1571409181 41.528387069
1571409382 40.94619465
1571409581 59.168125044
1571409797 41.69266399
1571396062 41.396007315
1571397487 42.096134376
1571408950 71.340309402
1571409181 41.528387069
1571409581 59.168125044
1571664365 41.185829014
1571664908 39.819949795
1571665112 39.830302388
1571665322 39.586604435
1571665516 40.344816554
1571665711 40.152075789
1571668129 39.700949901
1571668328 39.627478354
1571668533 39.939567565
1571668726 40.528602824
1571664365 41.185829014
1571668129 39.700949901
1571668328 39.627478354
1571668533 39.939567565
1571752004 36.620457198
1571752195 40.070603841
1571752395 39.987253537
1571752600 39.931463078
1571752794 40.664911766
1571752991 39.693811684
1571753188 39.491536896
1571753385 39.757736465
1571753582 39.912214251
1571753779 40.473948403
1571760137 39.782704189
1571760332 41.491872319
1571760537 39.936193316
1571760732 40.149665717
1571760934 41.115580781
1571761142 39.813559349
1571761342 40.350353601
1571761537 39.441278824
1571761732 39.978355702
1571752195 40.070603841
1571752395 39.987253537
1571752600 39.931463078
1571752991 39.693811684
1571753188 39.491536896
1571753582 39.912214251
1571760332 41.491872319
1571760537 39.936193316
1571760732 40.149665717
1571761537 39.441278824
