1569854541 4.029602887
1571330237 4.026248139
1571766594 3.972216235
1571767376 3.907761623
1572537484 3.097632945
1572538140 3.256894377
1572538800 3.1765975
1572539453 3.290255128
1572540100 3.199025608
1572541005 3.249323006
1572541659 3.178643927
1572542308 3.239736011
1572542955 3.213443823
1572543620 3.233984629
1572871374 3.200367663
1572872024 3.177225399
1572872701 3.233342857
1572873354 3.222920729
1572874008 3.210359973
1572875069 3.407291782
1572875930 3.249341454
1572877156 3.322919582
1572877805 3.22737357
1572879050 3.164013429
1572967441 3.256898499
1572968097 3.282408488
1572969400 3.299272751
1572970060 3.291824321
1572970710 3.304941301
1572971363 3.19578869
1572972026 3.235223299
1572972683 3.240949089
1572973400 3.214391976
1572974049 3.279532286
1572974701 3.282288746
1573208984 3.174238285
1573209639 3.253739424
1573210313 3.343411655
1573210982 3.265593796
1573211640 3.268252116
1573212289 3.249929636
1573212940 3.252862576
1573213591 3.273341162
1573214263 3.197764773
1573214921 3.235825011
1573310436 2.895323281
1573311057 2.848247405
1573311671 2.912377572
1573312376 2.990332959
1573312987 2.856750191
1573313613 2.956546251
1573314246 3.044719035
1573314860 2.900529497
1574696469 3.020566212
1574697049 2.842135716
1574697639 2.851539408
1574698213 3.001697792
1574698798 2.89417054
1574709584 3.294881009
1574710871 3.326234646
1574710871 3.326234646
