1569850028 3.752318741
1569850232 3.571481999
1569850028 3.752318741
1569850232 3.571481999
1569850763 25.333000838
1569851046 3.552889931
1569851252 3.57761727
1569851601 3.612309323
1569851814 3.800264246
1569852043 3.510293493
1569852267 3.874667298
1569852506 2.436627204
1569853114 3.743714019
1569853430 3.892555838
1570543152 3.661352357
1570543514 3.521258531
1570543724 3.676860094
1570544641 3.727707749
1570544900 3.407071515
1570545101 3.570851999
1570545318 3.576949884
1571323025 3.327153231
1571325143 3.418584453
1571325339 3.528622428
1571325545 3.406633721
1571325745 3.544099495
1571325941 3.627529335
1571326148 3.674496667
1571326832 3.888127729
1571327049 3.423784453
1571327258 3.53139515
1571395934 3.577359617
1571396132 3.32950983
1571396328 3.580304419
1571396527 3.362845713
1571396726 3.507222856
1571396952 3.595937145
1571397157 3.3144023
1571397358 3.739698388
1571397555 3.587370564
1571397752 3.55500351
1571405001 3.50698249
1571405199 3.445694812
1571405397 3.573425216
1571405625 3.657981589
1571405829 3.508620506
1571409047 3.553357283
1571409249 3.530886118
1571409450 3.49611419
1571409667 3.421224382
1571409866 3.629303537
1571664433 3.52508935
1571664980 3.673974935
1571665178 3.070803596
1571665389 3.446976064
1571665583 3.328238689
1571665779 3.551558988
1571668196 3.642092948
1571668394 3.472453804
1571668599 3.416678545
1571668793 3.464681394
1571668994 3.586830773
1571752066 3.475041758
1571752262 3.601903833
1571752462 3.491745788
1571752666 3.458849395
1571752862 3.703708692
1571753057 3.740136314
1571753254 3.575541208
1571753451 3.539489336
1571753649 3.686972496
1571753846 3.551076451
1571760204 3.409888285
1571760401 3.508364633
1571760603 3.506460195
1571760799 3.545625082
1571761001 3.579930879
1571761209 3.489514803
1571761408 3.401513627
1571761603 3.602364294
1571761800 3.437739365
1571762007 3.504798115
1572003309 3.618532397
1572003506 3.543414628
1572003702 3.398443474
1572003899 3.494824992
1572004096 3.469554493
1572004292 3.460124195
1572004486 3.696911302
1572004685 3.623971804
1572004887 3.543504232
1572005086 3.541068427
1572011287 3.41004546
1572011484 3.637043482
1572011679 3.360550843
1572011877 3.677797181
1572012074 3.58073523
1572012271 3.460098145
1572012466 3.52945136
1572012660 3.560510116
1572012854 3.552586297
1572013049 3.468695461
1572265108 3.536445384
1572265305 3.586297861
1572265504 3.460201224
1572265702 3.574541684
1572265907 3.799405828
1572266109 3.54318757
1572266306 3.509980769
1572266507 3.553543715
1572266706 3.491665415
1572266908 3.399685321
1572274166 2.879583409
1572274339 2.860639534
1572274508 2.832113452
1572274680 2.781854457
1572274848 2.864450481
1572275018 2.770770271
1572275190 2.859956448
1572275365 2.861185723
1572275535 2.896400254
1572275708 2.817082552
1572361321 6.362220976
1572361519 3.523447862
1572361713 3.717957233
1572361909 3.602992356
1572362108 3.708783966
1572362301 3.553369705
1572362498 3.395768064
1572362697 3.399102229
1572362892 3.549292482
1572363088 3.473812812
1572366957 2.859734844
1572367125 2.947662836
1572367297 2.904483823
1572367464 2.911433573
1572367646 2.756860933
1572367823 2.810526614
1572367992 2.817798575
1572368161 2.905107209
1572368328 2.934956427
1572368493 2.783561786
1572532439 3.487660891
1572532640 3.583677216
1572532845 3.305964594
1572544545 2.910422613
1572544713 2.877788799
1572544885 2.866924158
1572545057 2.725161216
1572545231 2.940395152
1572870059 2.998367465
1572870277 2.770658326
1572870459 3.026873479
1572870680 2.827031832
1572870849 2.873607426
1572965439 2.79553698
1572965606 2.772405574
1572965774 2.81789723
1572965942 2.683576488
1572966114 2.896469783
1572966281 2.932135105
1572966452 2.776825068
1572966635 2.774859918
1572966815 2.807337522
1572966979 2.792704554
1573207086 3.005562975
1573207254 2.846172959
1573207424 2.724866532
1573207589 2.816420415
1573207759 2.812491718
1573207926 2.750329331
1573208093 2.926607215
1573208258 2.827907626
1573208427 2.798588992
1573208592 2.855746033
1573220328 2.751487098
1573220495 2.953228645
1573220663 2.875420821
1573220832 2.738319241
1573221000 2.817619355
1573221166 2.739189232
1573221330 2.748716665
1573221500 2.992269016
1573221667 2.849664413
1573221836 2.895734427
1573222025 2.906157631
1573222196 2.890624635
1573222363 2.820091953
1573222528 2.802293649
1573222698 2.842015484
1573301176 2.688416223
1573301345 2.984635358
1573301527 2.893337966
1573301695 2.956107736
1573301881 3.028333034
1573302061 2.903297448
1573302229 2.853273297
1573302403 2.799455623
1573302572 2.877591587
1573302754 2.738034836
1573303889 2.54689157
1573304054 2.57791936
1573304214 2.96267314
1573304381 2.735572034
1573304539 2.751135624
1573304706 2.698663763
1573304865 2.814763906
1573305025 2.599867295
1573305187 2.522348121
1573305346 2.824854499
1573752518 2.680324404
1573752777 2.720297799
1573752936 2.694189865
1573753095 2.593731303
1573753251 2.853154316
1573753407 2.75450076
1573753565 2.608011409
1573753718 2.59395852
1573753880 2.514853927
1573754700 2.557160969
1573754860 2.443691984
1573755021 2.653507639
1573755187 2.785958933
1573755350 2.695952144
1573755508 2.607288746
1573755662 2.652671693
1573755820 2.676932387
1573755979 2.523803262
1573756137 2.677711275
1573831444 2.547143569
1573831602 2.632783776
1573831760 2.637407227
1573831932 2.559761689
1573832084 2.531891235
1573832246 2.487426941
1573832403 2.668049893
1573832567 2.550309738
1573832722 2.636054745
1573832878 2.682904275
1573833073 2.703776547
1573833229 2.564587704
1573833394 2.566295175
1573833550 2.556257986
1573833708 2.731571356
1573901083 2.590231647
1573901240 2.389648751
1573901396 2.59140968
1573901552 2.753420026
1573901713 2.637471855
1573901867 2.644067215
1573902022 2.513075185
1573902180 2.77311239
1573902338 2.432539236
1573902493 2.690167092
1574685812 2.609400462
1574686005 2.539438814
1574686173 2.529105049
1574686335 2.631162568
1574686493 2.753751023
1574686659 2.691246395
1574686822 2.565720887
1574687009 2.718611988
1574687184 2.61152188
1574687348 2.720242465
1574689677 2.652890491
1574689893 2.680989835
1574690062 2.643258489
1574690232 2.689261841
1574690402 2.594363345
1574690562 2.523980135
1574690733 2.550751626
1574690891 2.751599852
1574691076 2.485358429
1574691256 2.398069164
1574706877 2.701474427
1574707121 1.264252085
1574954222 2.483345832
1574954387 2.736153708
1574954563 2.49763566
1574954727 2.594539695
1574954910 2.688891881
1574955069 2.601537546
1574955326 2.724724451
1574955486 2.639776184
1574955644 2.612377699
1574955806 2.643484971
1575026555 2.556993095
1575026715 2.690786886
1575026876 2.559781329
1575027036 2.619133226
1575027200 2.652103843
1575027362 2.679317519
1575027528 2.55658235
1575027685 2.696788835
1575027849 2.760026142
1575028013 2.761907127
1575112869 2.59946507
1575113034 2.455678331
1575113192 2.534613945
1575113354 2.51878079
1575113512 2.545597853
1575113671 2.608510457
1575113828 2.620662601
1575113987 2.639207211
1575114150 2.634610559
1575114311 2.607981488
1575289800 2.525869828
1575289966 2.691331836
1575290134 2.503275392
1575290321 2.781944739
1575290490 2.596610845
1575290666 2.676534115
1575290831 2.600291015
1575290988 2.757188413
1575291151 2.73403501
1575291312 2.526030615
1575384201 2.631226416
1575384360 2.617781351
1575384521 2.501717656
1575384681 2.607605348
1575384843 2.570888389
1575385002 2.60244444
1575385162 2.547421079
1575385321 2.581532578
1575385485 2.653389101
1575385645 2.499477302
1575556582 2.527047016
1575556743 2.516550253
1575556915 2.604839981
1575557100 2.608497484
1575557270 2.671269999
1575557453 2.655170255
1575557629 2.745677821
1575557802 2.709760133
1575558262 2.528248223
1575558447 2.583886723
1579184080 2.636461428
1579184795 2.785679408
1579184956 2.606004278
1579185120 2.646453103
1579185294 2.732080951
1579185472 2.603565373
1579185654 2.558259351
1579185833 2.592507517
1579186022 2.696316325
1579186193 2.689949686
1579351810 2.608190318
1579351977 2.613654767
1579352137 2.524598449
1579352298 2.614304242
1579352461 2.605058961
1579352625 2.652234842
1579352783 2.54566096
1579352944 2.534212125
1579353107 2.587639849
1579353980 2.545432907
1579522898 2.51306501
1579523102 2.591235924
1579523293 2.507321898
1579523457 2.623475302
1579523631 2.52931548
1579523812 2.779166537
1579523995 2.558169341
1579524182 2.471886697
1579524350 2.594962496
1579524517 2.690553462
1579537503 2.649049137
1580215358 4.267221252
1580215547 2.615723446
1580215710 2.688185681
1580215869 2.484128533
1580216030 2.56914197
1580216192 2.563943739
1580216351 2.689521543
1580216515 2.572942836
1580216674 2.574550027
1580216856 2.647534033
1580304765 2.4615991
1580304921 2.505892234
1580305083 2.643268127
1580305244 2.590079796
1580305428 2.579172006
1580305590 2.55312521
1580305752 2.656905742
1580305909 2.555672934
1580306064 2.671468849
1580306225 2.617473515
1581935265 2.644707673
1581935422 2.480752075
1581935585 1.116180181
1581935750 2.558561759
1581935917 2.651915765
1581936088 2.63871134
1581936259 2.615724939
1581936423 2.568676895
1581936581 2.661540639
1581936757 2.641356372
1582026940 1.574756606
1582027101 2.567930103
1582027266 3.124026552
1582027433 2.596377687
1582027846 2.510793912
1582028012 2.816975135
1582028178 2.871575843
1582028346 3.160124138
1582028515 3.078432138
1582028684 2.980819754
1582113154 3.018737132
1582113321 2.552259238
1582113485 2.940095815
1582113652 2.601115885
1582113819 3.116853802
1582113995 2.858404836
1582114156 3.009184909
1582114319 2.98119607
1582114485 2.515995595
1582114649 3.072509378
1582114812 2.684166869
1582114979 2.991793914
1582115140 3.008319906
1582115308 3.045901315
1582115471 2.815698773
1582115634 2.925282333
1582115798 2.419076872
1582115961 3.112691906
1582116141 3.065690298
1582116357 2.54495287
1582116534 2.80146298
1582116698 2.515769679
1582119018 2.988454289
1582119180 2.644048957
1582119351 2.948130425
1582119527 3.147626393
1582119702 3.159899668
1582119865 2.599119419
1582120038 2.860934137
1582120213 2.869148884
1582120934 2.589138717
1582121101 2.695102528
1582121343 2.979977977
1582121506 2.502884793
1582125249 2.914959907
1582125688 3.022937782
1582125893 2.868653755
1582126059 2.824870502
1582126227 2.680257027
1582126389 2.521706873
1582126556 2.85302051
1582126719 2.939495995
1582126883 2.77347316
1582127045 2.489161104
1582127208 2.914287745
1582127377 2.983880937
1582127543 2.850937538
1582127706 3.157813903
1582127870 3.097270325
1582128031 2.995626398
1582128197 2.884120425
1582128375 2.936773047
1582128538 2.508274413
1582128701 2.727455847
1582128866 2.940811178
1582129034 2.628007982
1582129201 2.94863017
1582129360 2.652321487
1582129521 2.989962305
1582129685 2.814540978
1582185108 2.779876691
1582185289 2.862882801
1582186022 2.716213908
1582186182 2.595843188
1582186918 2.74928661
1582187879 2.636311113
1582188037 2.651890819
1582188197 2.563701902
1582188357 2.513009594
1582193808 2.601570892
1582193972 2.560394933
1582194136 2.549480875
1582194292 2.606526926
1582194453 2.658719041
1582194618 2.577123056
1582194780 2.692110547
1582194947 2.74931193
1582195107 2.60767681
1582195271 2.519046282
1582195765 2.524811815
1582195923 2.539129401
1582196082 2.60288908
1582196241 2.652163141
1582196400 2.640263572
1582196559 2.472932486
1582196717 2.607777031
1582196878 2.486711469
1582197040 2.646860978
1582197207 2.729921024
1582197362 2.456078221
1582197529 2.569925448
1582197700 2.605734917
1582197857 2.585192864
1582198016 2.64222835
1582198172 2.600007223
1582198334 2.55198493
1582198492 2.544587414
1582198772 2.664710932
1582199123 2.675350793
1582631428 2.547700486
1582631589 2.622803739
1582631745 2.427991292
1582631902 2.59031994
1582632059 2.602828717
1582632216 2.610033086
1582632376 2.518377396
1582632538 2.477147144
1582632700 2.604445001
1582632859 2.615911947
1582884559 2.580419864
1582884736 2.644095577
1582884905 2.574741567
1582885069 2.532733671
1582885233 2.584903647
1582885396 2.597810908
1582885554 2.464005454
1582885716 2.611864371
1582885882 2.521322727
1582886039 2.719882119
1574707121 1.264252085
