1569853594 40.207671937
1569855208 43.329461193
1570446965 39.42951028
1570448784 41.378613419
1570449256 38.318558723
1570449720 41.65762761
1570449256 38.318558723
1571323274 37.176365904
1571323667 38.311681213
1571324068 38.906233666
1571324469 37.837874685
1571327399 38.58239136
1571327789 38.237864108
1571328180 39.385209734
1571328571 37.752011585
1571328963 38.319866968
1571329354 37.446962961
1571397903 38.379354877
1571398296 38.803953521
1571398690 37.748641112
1571399081 38.867306872
1571399473 38.915010045
1571399871 39.343312455
1571400262 38.526865561
1571400684 38.664499686
1571401083 38.14146334
1571401475 37.995145732
1571406855 38.27041821
1571407245 39.074271196
1571407639 37.675477247
1571408027 38.362984221
1571408421 38.530987791
1571397903 38.379354877
1571398296 38.803953521
1571398690 37.748641112
1571399871 39.343312455
1571401083 38.14146334
1571401475 37.995145732
1571407245 39.074271196
1571408027 38.362984221
1571665912 39.453018921
1571666302 37.675237444
1571666694 38.798739617
1571667087 38.210507091
1571667523 39.342009988
1571669176 39.056185054
1571669575 38.735800387
1571665912 39.453018921
1571666694 38.798739617
1571667523 39.342009988
1571669575 38.735800387
1571754087 38.314740273
1571754484 38.606657178
1571754877 41.722216005
1571755279 40.382934091
1571756513 38.632090512
1571756924 50.593073316
1571757373 37.90279757
1571757762 44.968570674
1571758162 37.962708737
1571758552 38.445874051
1571762167 38.013609403
1571762956 37.844704596
1571763343 38.455294203
1571763735 38.651880084
1571764144 37.119498863
1571764553 38.6544242
1571764945 37.817692094
1571765333 38.799901242
1571765725 38.992795177
1571754484 38.606657178
1571756924 50.593073316
1571757373 37.90279757
1571757762 44.968570674
1571758162 231.39203087
1571758552 38.445874051
1571762167 38.013609403
1571763343 38.455294203
