1569849902 2.677036973
1569850107 2.391287494
1569849902 2.677036973
1569850107 2.391287494
1569850917 1.9181011
1569851125 2.347480946
1569851461 1.837795064
1569851682 2.077045681
1569851907 5.715856152
1569852140 2.58149479
1569852379 2.336272516
1569852595 2.24076282
1569853298 2.428697854
1569853537 1.656712478
1569854178 2.451112384
1569855136 3.489515087
1569855582 1.52329953
1570446639 58.115961058
1570446910 2.321464548
1570447907 42.811778784
1570448002 2.776007058
1570448730 2.167699115
1570449199 1.922376197
1570449625 1.799948604
1570543024 2.410303708
1570543381 2.312259668
1570543587 2.390696815
1570544517 2.150773326
1570544716 2.878028663
1570544978 2.100145517
1570545175 8.579788897
1571322771 2.4838406
1571322896 2.188726793
1571323218 2.353489608
1571324013 2.393541057
1571324413 2.320173037
1571325019 2.279118999
1571325217 1.828676391
1571325414 2.334504369
1571325620 2.293221943
1571325818 2.385350138
1571326018 2.276903044
1571326710 2.266181468
1571326919 2.304968515
1571327129 2.307628644
1571327343 2.461091145
1571327734 1.944811341
1571328126 1.698305225
1571328516 2.396777696
1571328907 2.311800882
1571329300 1.600034303
1571329892 2.11952635
1571395633 13.570532212
1571395687 3.195371314
1571395811 2.037901604
1571396007 2.202900754
1571396204 2.459548134
1571396403 2.41047721
1571396601 1.666693734
1571396800 2.124876848
1571397030 2.490116026
1571397234 2.267219175
1571397431 2.426738197
1571397629 2.219611151
1571397848 2.168341917
1571398238 1.327180325
1571398635 2.383401912
1571399026 2.30215391
1571399810 4.864643271
1571400207 1.600994248
1571400629 2.392067734
1571401028 1.694304731
1571401420 2.322308335
1571404877 2.265806028
1571405076 2.381302731
1571405273 2.159916287
1571405473 1.579830698
1571405705 2.386043027
1571406801 1.972661801
1571407190 1.748134418
1571407584 2.339868894
1571407973 1.836170824
1571408364 1.67699071
1571408895 1.927367216
1571409127 1.751517728
1571409328 1.668270367
1571409526 2.393969054
1571409742 2.229460449
1571664309 2.211201712
1571664851 4.696432452
1571665056 2.227652312
1571665267 2.418473791
1571665461 2.394991042
1571665656 2.527350943
1571665856 2.43221788
1571666248 1.620666239
1571666638 2.275757634
1571667032 2.17667886
1571667468 2.255278696
1571668075 1.472091756
1571668273 2.258235249
1571668468 1.748971345
1571668672 2.293792874
1571668867 2.363333728
1571669121 2.312988373
1571669519 2.222702962
1571751945 2.25329475
1571752139 2.347595299
1571752339 2.170432289
1571752739 2.277832467
1571752935 2.364512867
1571753526 2.18246902
1571753723 2.394428437
1571754032 2.074607959
1571754428 2.268523835
1571754821 2.319196187
1571755225 1.560709594
1571755626 1.788630403
1571756458 2.250359597
1571756869 1.661536697
1571757291 10.420981866
1571757707 1.716210774
1571758107 2.128125367
1571758496 2.594718314
1571760081 1.960385212
1571760277 2.455947218
1571760478 2.374627697
1571760677 2.30805684
1571760876 2.340242489
1571761087 2.476930367
1571761287 2.529876367
1571761480 2.60440956
1571761678 1.61905587
1571761877 2.272419685
1571762088 2.224245438
1571762109 2.381931848
1571762501 2.355804884
1571762901 1.543149244
1571763288 2.486946625
1571763679 2.984459849
1571764085 1.798448529
1571764497 2.466060096
1571764891 1.133295051
1571765278 2.053237411
1571765669 2.397096057
1571766246 2.299937261
1571767029 1.410454735
1571922178 1.617917579
1572003189 1.576300959
1572003382 2.523000074
1572003581 2.216129594
1572003778 2.308054471
1572003974 2.418077092
1572004169 2.209017032
1572004364 2.298359161
1572004564 2.264177334
1572004766 2.35238402
1572004964 2.308596672
1572006255 2.212407138
1572006925 2.426682473
1572006993 2.290472574
1572007386 2.172231313
1572007880 2.329517725
1572008290 2.336298392
1572008694 1.963804293
1572009088 1.841711511
1572009477 2.21037151
1572009869 1.594129137
1572010261 5.191696494
1572010654 2.465100074
1572011166 2.254415572
1572011556 2.310467979
1572011755 2.302730707
1572011953 1.441665892
1572012150 2.090801769
1572012345 1.690117732
1572012538 2.148214383
1572012926 2.274101981
1572013216 2.206954957
1572013609 2.231127127
1572014003 1.698301686
1572014782 2.280888187
1572264986 1.924021612
1572265183 2.392143598
1572265381 2.306519363
1572265579 2.272163472
1572265777 2.21671504
1572265980 2.308443599
1572266180 2.387974742
1572266381 2.503393646
1572266582 2.473421369
1572266779 2.351867256
1572268064 1.69113463
1572268834 2.520700231
1572269248 2.35351385
1572269655 1.515002464
1572270072 1.745022256
1572270467 2.351484544
1572270862 1.531083176
1572272227 1.623928159
1572272557 2.051631636
1572273226 1.409184967
1572273571 2.514708104
1572274064 2.003974216
1572274231 1.97979783
1572274407 1.832092998
1572274573 2.521433992
1572274745 2.133297006
1572274916 2.053470684
1572275084 2.157132574
1572275260 1.827783148
1572275431 1.883493112
1572275606 2.229060534
1572275994 1.716594885
1572276329 1.923581032
1572276667 1.968474775
1572276998 1.576288381
1572277329 1.354419775
1572278022 2.102919035
1572278355 1.939241287
1572361199 2.387545022
1572361397 1.751661176
1572361592 2.304992213
1572361788 2.276789528
1572361985 2.145248559
1572362180 2.13468419
1572362376 2.606729171
1572362572 2.276129072
1572362770 2.349568371
1572363415 1.870990605
1572363745 2.003835805
1572364075 1.264435497
1572364405 1.460531366
1572364738 1.370427453
1572365079 1.9599683
1572365457 1.87882645
1572365819 10.491405928
1572366169 1.396532427
1572366504 1.403286128
1572367023 1.86616019
1572367192 1.87956855
1572367361 1.845933432
1572367715 1.941442687
1572367891 1.961055071
1572368058 1.922690487
1572368223 4.060439498
1572368391 2.007565795
1572369534 1.840238728
1572369864 1.425479316
1572370527 1.41443815
1572370855 1.264245578
1572371185 1.277347082
1572371518 1.918750762
1572371847 1.243611187
1572372176 1.919571404
1572372505 1.309269614
1572532317 1.58353126
1572532518 2.136035771
1572532724 2.200092788
1572533512 1.928858828
1572533850 1.496029155
1572534204 1.276165965
1572534551 1.407668243
1572535231 1.932755676
1572535562 1.317414974
1572535898 1.161336268
1572536228 1.995966728
1572536592 1.912198971
1572537195 1.929009218
1572537850 1.454258345
1572538502 2.001818708
1572539159 1.457543422
1572539811 1.952711913
1572540718 2.00954779
1572541371 1.415578765
1572542020 1.494378623
1572542667 2.130851235
1572543313 1.321198904
1572544443 1.964975574
1572544610 1.954181054
1572544781 2.022529439
1572544955 1.873246992
1572545129 1.88577989
1574710603 1.751662361
1574707024 1.531954126
