1569849922 2.310679266
1569850126 2.222821518
1569849922 2.310679266
1569850126 2.222821518
1569850937 2.348517177
1569851145 2.781211827
1569851492 2.359698199
1569851702 2.455940397
1569851931 2.386460543
1569852161 2.209944468
1569852399 2.217390327
1569852615 2.275976239
1569853006 2.306212667
1569853318 2.479599144
1569853559 2.250669862
1569854199 2.346456855
1569855157 2.370057272
1569855605 2.377628463
1570446930 2.309716307
1570448022 2.33925774
1570448749 2.266940428
1570449218 2.583601186
1570543044 2.471544401
1570543404 2.535908867
1570543608 2.64155093
1570544537 2.178389226
1570544737 2.272556177
1570544998 2.356631145
1570545203 2.669764391
1571322916 2.272597756
1571323238 2.216210019
1571323631 2.418504846
1571324033 2.392113914
1571324433 2.303346699
1571325039 2.250617087
1571325236 2.282098859
1571325435 2.271169676
1571325640 2.301271945
1571325838 2.394911901
1571326730 2.266395541
1571326942 2.4320511
1571327149 2.296497451
1571327363 2.432962922
1571327754 2.346726712
1571328144 2.536083791
1571328536 2.304148887
1571329319 2.259263835
1571329911 2.397718726
1574707039 1.770127363
