1569854476 5.731692379
1569855892 4.928633523
1571330173 5.542437234
1571766529 5.624227384
1571767312 5.509915472
1572537430 4.551892916
1572538087 4.494652629
1572538747 4.438941548
1572539400 4.473909194
1572540047 4.356573087
1572540952 4.522628341
1572541606 4.484851479
1572542255 4.499899296
1572542902 4.470812945
1572543567 4.438801348
1572871321 4.473112362
1572871971 4.593626799
1572872648 4.416454588
1572873301 4.532610027
1572873954 4.415785147
1572875016 4.550674037
1572875878 4.423602009
1572877103 4.540889501
1572877752 4.438376543
1572878980 4.608039972
1572967388 4.368030171
1572968044 4.469109291
1572969347 4.430521179
1572970007 4.515631869
1572970658 4.508238036
1572971310 4.532180242
1572971971 4.662208122
1572972630 4.483924563
1572973346 4.457446575
1572973996 4.458934304
1572974647 4.667950648
1573208930 4.402759603
1573209585 4.415190355
1573210260 4.678370108
1573210929 4.612631606
1573211585 4.425747047
1573212235 4.511356003
1573212886 4.350447678
1573213538 4.333670372
1573214209 4.692862355
1573214864 4.372439287
1573310386 4.152375439
1573311007 4.087030003
1573311623 4.244707289
1573312327 4.182675826
1573312936 4.292378619
1573313564 4.106436606
1573314196 4.166803722
1573314810 4.000531758
1574696420 4.019000893
1574697000 4.304023025
1574697591 4.21576961
1574698164 4.512798136
1574698750 3.894347647
1574709535 3.719707809
1574710822 3.712136559
1574956173 4.119562302
1574956834 3.873876234
1574957436 4.053137218
1574958014 4.099488211
1574958607 3.968890817
1574959195 4.059661398
1574959798 4.644292935
1574960377 3.970703648
1574960988 3.986998439
1574961624 4.144832466
1575033097 3.985592505
1575033666 3.926288897
1575034257 3.873985095
1575034823 4.132858845
1575035394 4.732398402
1575036417 4.457547607
1575036995 3.817574835
1575037554 4.467978152
1575038555 4.024553502
1575039125 3.750950155
1575120388 4.361868675
1575120951 3.810506579
1575121511 4.16102968
1575122575 3.975505592
1575123691 4.007066675
1575124246 4.006523218
1575125372 3.758566752
1575125940 4.442175298
1575297687 4.47437759
1575298267 3.917722935
1575298835 4.197827871
1575299413 4.067641581
1575299985 4.098732831
1575300604 4.434292409
1575301175 4.069432209
1575301987 3.801085692
1575390173 4.173946904
1575390741 3.886150049
1575391308 4.031619951
1575391873 4.064702572
1575392682 3.719907135
1575393318 4.015197862
1575393878 4.097356055
1575394445 4.012903283
1575395008 4.115436247
1575395571 4.044560591
1575562406 4.016403208
1575563104 3.925133839
1575563752 4.05827238
1575564348 3.979533103
1575564932 4.066218872
1575565498 3.766014182
1575566065 4.335347293
1575566651 4.048123056
1575567971 4.066416791
1575568577 4.014441636
1579191025 3.811719378
1579191638 4.17793908
1579192203 4.041536955
1579192784 4.08370571
1579193348 4.100852645
1579193940 4.079945484
1579194507 4.200839405
1579195073 3.773815856
1579195664 4.307533504
1579196226 3.920587815
1579359432 4.020849276
1579360008 3.990097823
1579360570 4.049730517
1579361126 3.89339801
1579361682 3.924976413
1579362236 3.851860175
1579362792 4.187025258
1579363358 3.894462083
1579364484 3.930294417
1579530403 4.196026637
1579531049 4.194546784
1579532089 4.266577781
1579532790 4.496009603
1579533460 4.367549578
1579534060 3.828511729
1579534746 3.974510276
1579535357 4.599375217
1579535952 3.980607753
1579537009 4.091339332
1580223735 4.353954421
1580224294 4.124936601
1580224850 3.992951451
1580225413 3.788107251
1580225973 3.924342341
1580226558 4.052728072
1580227126 4.318727114
1580227724 4.352023153
1580228304 4.214808298
1580228863 4.060129448
1580312294 4.061249378
1580312874 3.852565834
1580313429 4.178154288
1580314392 4.191325117
1580314950 3.889751503
1580315508 4.183874043
1580316070 4.350946605
1580316772 4.095945128
1580317365 4.168064392
1581942429 4.080940907
1581943633 4.147870743
1581944923 4.123095146
1581945901 4.260623831
1581946474 3.970770486
1581947041 4.04441555
1581947963 4.071752498
1581949058 4.821897378
1582034016 4.693222036
1582035635 4.523711272
1582036242 4.468428688
1582036848 4.66420344
1582037452 4.753817247
1582038045 3.970691824
1582038643 4.047473677
1582041539 4.838723009
1582042145 4.834370106
1582043736 4.861070576
1582044347 4.134570223
1582637956 4.094776597
1582638516 4.108213402
1582639590 4.006394962
1582640768 4.099109368
1582641327 4.164757394
1582641897 4.131547581
1582642466 4.013195352
1582643041 4.068491765
1582643643 4.159509347
1582644198 4.004715737
1582898799 4.228881897
1582899369 4.021262044
1582899938 4.090781752
1582900500 4.030449222
1582902158 4.147710629
1582902805 4.224475013
1582903401 3.979129008
1574710822 3.712136559
