1569850024 5.461792139
1569850227 5.6971065
1569850024 5.461792139
1569850227 5.6971065
1569850758 26.882226283
1569851041 5.404208449
1569851247 5.538584523
1569851596 5.46015412
1569851809 5.59679014
1569852038 5.45675367
1569852262 5.611294202
1569852500 5.621941747
1569853109 5.585655339
1569853425 5.856875199
1570543147 5.300219184
1570543510 5.284428867
1570543719 5.121552176
1570544637 5.306749197
1570544895 6.020453148
1570545096 5.613634797
1570545313 5.328899079
1571323020 5.324314095
1571325138 5.395535562
1571325334 5.5086386
1571325540 5.452701329
1571325740 5.313024191
1571325936 5.367906419
1571326144 5.172837458
1571326828 5.402749159
1571327044 5.356995148
1571327253 5.33240315
1574707116 3.880707113
