1570449729 3.712523964
1572363798 2.812521925
1572872462 5.043319365
1572876921 2.59469649
1574708529 2.831688007
1574708737 2.486637989
1574952845 2.306628437
1575031000 2.216022212
1575295399 2.380754863
1575387177 2.344781715
1575387797 2.319717136
1575559926 2.340898241
1575561464 2.267232619
1579188484 2.422711795
1579189345 2.341045019
1579190347 2.818638883
1579190596 272.216136639
1579354412 2.330609429
1579356266 2.336909838
1579525049 2.345487322
1579526095 2.227908418
1579528391 2.12554976
1580223191 2.184777705
1580306784 2.450293621
1580310799 2.263126501
1580311113 2.477398713
1580311795 2.313786948
1581946884 2.299737528
1582637103 106.660040359
1574708737 2.486637989
