1569853899 9.911407288
1569855475 9.868091128
1570449079 9.80675054
1570449535 9.845391274
1570449981 10.036879816
1571323521 10.387911835
1571323913 20.328907914
1571324322 9.979934939
1571324715 9.704047518
1571327644 9.617963362
1571328035 9.726401957
1571328427 9.849004452
1571328817 10.265705833
1571329209 9.94323569
1571329598 9.735237828
1571398146 11.640796265
1571398544 10.715539289
1571398936 9.866301003
1571399328 9.976938624
1571399720 10.052112672
1571400116 10.146346964
1571400537 10.141101064
1571400936 10.131038186
1571401330 10.255673102
1571401720 9.752443869
1571407100 10.020420306
1571407493 10.079277694
1571407883 10.056521656
1571408272 10.205176516
1571408666 9.864384218
1571666157 10.111390738
1571666549 10.277271829
1571666942 9.830324847
1571667331 10.82916484
1571667777 9.697616981
1571669428 10.030277666
1571669821 9.821507284
1571754338 9.928370059
1571754730 9.823992227
1571755130 10.335368301
1571756762 9.78042957
1571757199 9.682883209
1571757617 9.87275696
1571758014 10.112640122
1571758406 9.693855652
1571758799 10.04155416
1571762410 9.672439526
1571762808 9.872069253
1571763199 9.748052856
1571763589 10.112791117
1571763982 10.136974385
1571764407 10.36291426
1571764799 10.239992372
1571765188 10.044163699
1571765579 9.90642321
1571765969 9.904779834
1571766934 9.803247523
1572007297 10.205908326
1572007691 10.358379737
1572008197 13.413599949
1572008602 10.000445148
1572008997 9.82558253
1572009387 10.092498925
1572009777 10.924024681
1572010168 10.143180453
1572010564 9.923315283
1572010956 9.807964631
1572013518 10.057004882
1572013912 9.721034035
1572014304 9.982037898
1572014692 9.906935713
1572015083 10.13418192
1572269139 10.165814026
1572269555 9.94740747
1572269970 9.820465863
1572270376 9.65493956
1572270770 9.930762317
1572272481 7.855648252
1572272811 8.272396623
1572273146 8.272533178
1572273493 8.064265911
1572276250 7.924773514
1572276588 8.101943755
1572276921 7.791013326
1572277252 8.011650751
1572277587 8.000722519
1572277946 8.056201126
1572278278 8.040612256
1572278609 8.159318587
1572363668 7.826430775
1572363997 8.091209377
1572364657 7.889724015
1572364996 8.598259198
1572365332 9.057859104
1572365711 7.965571093
1572366084 8.005659249
1572366758 7.746354914
1572369786 8.108639712
1572370116 8.097139814
1572370447 8.402080845
1572370779 7.83987467
1572371108 8.03401876
1572371440 7.912482994
1572371770 8.042863984
1572372100 8.024565847
1572372429 8.078315123
1572372763 7.91985274
1572533774 7.951786967
1572534128 8.116072418
1572534475 8.021630813
1572534804 8.036918428
1572535155 8.342225603
1572535815 7.923659682
1572536151 8.03128171
1572536514 8.296306128
1572536851 8.428513325
1572537766 7.936983165
1572538423 7.998758966
1572539080 7.984951592
1572540382 7.737769678
1572541939 8.112211667
1572543234 7.983833438
1572543908 7.994471829
1574711132 7.394036579
1574708926 7.0129792
