1569850044 2.014201302
1569850248 2.270651874
1569850044 2.014201302
1569850248 2.270651874
1569850805 2.161268899
1569851061 2.201762399
1569851267 2.198055064
1569851617 2.090187182
1569851829 2.18480763
1569852058 2.0950083
1569852283 2.010425685
1569852520 2.30306229
1569853139 2.034170627
1569853448 2.092836537
1570543167 2.214301064
1570543529 2.216251925
1570543739 2.196323661
1570544657 2.088826116
1570544915 2.170327138
1570545116 2.143350311
1570545333 2.285107823
1571323040 2.329525899
1571325158 2.076939206
1571325354 2.22646622
1571325560 2.043606921
1571325760 2.125755497
1571325956 2.224596944
1571326166 19.193708495
1571326301 0.51107483
1571326848 2.12977931
1571327064 2.140615877
1571327273 2.243802614
1574707131 1.95034324
