1569853798 4.50130714
1569854870 4.091825978
1569855415 4.392476924
1570447222 6.104229651
1570447239 13.792163321
1570448989 8.158128168
1570449483 4.011275944
1570449922 5.132054989
1571323469 4.263118922
1571323861 4.091604129
1571324264 4.444908967
1571324664 4.179373394
1571327594 4.279605939
1571327984 4.143090812
1571328375 4.411489683
1571328766 4.16309002
1571329158 4.254955729
1571329548 3.960462024
1571330522 4.167463872
1571398096 4.091551521
1571398492 4.208455637
1571398885 4.247313313
1571399277 4.243559261
1571399669 4.01324526
1571400065 4.118242578
1571400457 3.969383877
1571400885 4.04518089
1571401279 4.16502159
1571401669 4.061859183
1571407050 4.170408834
1571407442 3.866572766
1571407833 4.349824664
1571408222 4.124678019
1571408616 4.144292701
1571666108 3.888063161
1571666496 4.008034541
1571666889 4.130526848
1571667281 4.135023863
1571667725 4.565012862
1571669376 3.930637542
1571669771 3.98320452
1571754287 4.024633836
1571754679 4.139595041
1571755080 3.984836175
1571755475 4.003743753
1571756707 4.084755499
1571757567 3.909518101
1571757963 4.140919223
1571758356 4.1819858
1571758748 4.004613864
1571762360 4.017236542
1571762757 4.074767988
1571763149 4.158466167
1571763539 3.917545899
1571763932 4.216848546
1571764357 3.955093517
1571764748 4.02542683
1571765139 4.03562299
1571765528 3.890599716
1571765919 4.144868428
1571766883 3.919523166
1571767665 4.257223304
1572007246 4.141500439
1572007639 4.178250776
1572008139 4.05994846
1572008550 3.877659772
1572008943 4.127546296
1572009337 3.975184913
1572009726 4.211281293
1572010118 3.951164559
1572010514 3.873026112
1572010904 3.864084864
1572013468 4.133292566
1572013861 3.812427133
1572014251 4.134065296
1572014642 4.065354054
1572015032 4.130570745
1572269089 4.218331224
1572269504 4.038772479
1572269918 4.188587675
1572270324 3.917156768
1572270719 4.041391144
1572272438 3.661660754
1572272768 3.473939032
1572273103 3.505785513
1572273450 3.347814597
1572273782 3.440907002
1572276207 3.469092018
1572276543 3.330806716
1572276877 3.489998334
1572277208 3.527697207
1572277902 3.251955556
1572278234 3.330259572
1572278566 3.600873906
1572363624 3.471300854
1572363954 3.387018671
1572364284 3.669097983
1572364614 3.322918588
1572364952 3.676625398
1572365288 3.591283816
1572365665 3.534430305
1572366039 3.512775466
1572366380 3.612347195
1572366714 3.537510414
1572369742 3.453713488
1572370073 3.632751841
1572370403 3.605780107
1572370735 3.355152172
1572371064 3.31633047
1572371397 3.463349698
1572371725 3.455480852
1572372057 3.360455815
1572372385 3.46603049
1572372719 3.497044178
1572533730 3.743116261
1572534075 3.553418267
1572534431 3.755815387
1572534760 3.582581563
1572535442 3.736104187
1572535771 3.762770039
1572536107 3.816753353
1572536470 3.757853963
1572536806 3.636021873
1572537723 3.562143434
1572538376 3.820784276
1572539036 3.631491414
1572539689 3.69584309
1572540337 3.708536061
1572541247 3.694586692
1572541894 3.694638472
1572542544 3.903697818
1572543190 3.576546434
1572543863 3.632951122
1572871610 3.504829652
1572872262 3.040700637
1572872943 3.486800625
1572873591 3.462509787
1572874248 3.327677329
1572875314 3.576339072
1572876168 3.240716535
1572877394 3.500144664
1572878050 3.367538675
1572879292 3.776934765
1572880355 3.501345597
1572880688 3.571462557
1572881035 5.023058796
1572881371 3.492155606
1572882037 3.581985153
1572882366 3.961315414
1572882757 3.421875393
1572883109 3.54771142
1572883448 3.512681975
1572967677 3.502099625
1572968336 3.573410284
1572969635 3.482924142
1572970296 3.54209169
1572970947 3.439196972
1572971609 3.460244772
1572972270 3.54658927
1572972984 3.259168784
1572973636 3.22235458
1572974285 3.47122414
1572974943 3.3826757
1572975344 3.320329841
1572975675 3.396603009
1572976047 3.491886338
1572976425 3.363699334
1572976756 3.344102631
1572977085 3.467101503
1572977450 3.421587852
1572977779 3.518771108
1572978168 3.097051454
1573209219 3.457677009
1573209890 3.333681355
1573210550 3.281117113
1573211220 3.441789383
1573211878 3.452374179
1573212526 3.486860081
1573213178 3.412678874
1573213828 4.365099645
1573214500 3.298578438
1573215158 3.540673907
1573218372 3.471209241
1573218704 3.33075893
1573306611 3.205843626
1573306933 2.988771001
1573307268 3.175805679
1573307587 3.196254139
1573307902 2.909970424
1573308223 3.330522608
1573308555 3.159930622
1573308873 3.088088677
1573309193 3.346778253
1573309523 3.281031551
1573310667 3.030024137
1573311282 3.179844511
1573311902 3.154674236
1573312600 3.333228161
1573313218 3.133633739
1573313841 3.241852064
1573314469 3.202661385
1573315085 3.175520933
1573828136 3.21856421
1573828444 3.440167303
1573828752 3.265564189
1573829056 3.277720876
1573829360 3.125249325
1573829672 3.188691624
1573830229 3.256436601
1573830537 3.185006115
1573830843 3.377339072
1573831151 3.319483197
1573902783 3.268176723
1573903094 3.442034238
1573903405 3.269004874
1573903719 3.327926205
1573904028 3.352158501
1573904336 3.365660078
1574688104 3.304878713
1574688423 3.072408152
1574692115 3.058138147
1574692429 3.23984096
1574693344 3.162032828
1574693666 3.105176547
1574693993 3.505448376
1574694416 3.203776091
1574694740 3.23593488
1574695295 3.208532783
1574695639 2.858742616
1574695945 3.291428237
1574696682 3.314689365
1574697262 2.644971593
1574697853 3.235147833
1574698424 3.289722211
1574699012 3.28995838
1574708884 3.336897361
1574709833 3.415261869
1574711089 3.416738733
1574950893 3.319606445
1574951267 3.398648047
1574951623 3.311880288
1574951949 3.287957156
1574952265 3.204755499
1574952661 3.306124443
1574952989 3.203523778
1574953356 3.354180251
1574953666 3.288304505
1574954003 3.190822917
1574956431 3.420178234
1574957094 3.498653153
1574957696 3.331304465
1574958279 3.343735363
1574958873 3.142733401
1574959483 3.2627365
1574960060 3.228288774
1574960637 3.208510633
1574961263 9.66217033
1574961883 3.315657199
1575028294 3.113208347
1575028603 3.140068994
1575028913 3.240302706
1575029251 3.249904926
1575029563 3.163611687
1575029871 3.315843909
1575030185 3.095251324
1575030499 3.199205715
1575030817 3.332298027
1575031145 3.518380161
1575033361 3.32968507
1575033929 3.491177789
1575034519 3.261936397
1575035093 3.16804745
1575035656 3.350425494
1575036693 3.461140693
1575037255 3.244150592
1575037813 3.266980229
1575038816 3.444892505
1575039388 3.427082127
1575114576 3.266100012
1575114884 3.246492066
1575115194 3.504944702
1575115503 3.253299672
1575115817 3.168100287
1575116128 3.355365254
1575116439 3.40719404
1575116748 3.264566451
1575117058 3.398582899
1575117366 3.504021622
1575120648 3.292021337
1575121212 3.408824003
1575122206 3.197211854
1575122833 3.198291
1575123391 3.499515944
1575123949 3.344227968
1575124505 3.361902818
1575125072 3.305796412
1575125637 3.324603636
1575126202 3.421451154
1575293095 3.186243491
1575293429 3.208360921
1575293768 3.2355653
1575294107 3.503878228
1575294450 3.419385361
1575294795 3.787973882
1575295163 17.297115258
1575295555 2.861011206
1575296779 3.453509098
1575297115 3.373443848
1575297954 3.327139041
1575298528 3.21427994
1575299098 3.400633735
1575299677 3.464340193
1575300248 3.336637285
1575300865 3.311951182
1575301639 3.129274383
1575302247 3.075370412
1575385987 3.253022239
1575386300 3.249034565
1575386610 3.461207475
1575387016 3.272339934
1575387323 3.465355475
1575387633 3.301591475
1575387942 4.213390751
1575388251 3.389965447
1575388560 3.294812257
1575388862 3.42043409
1575390436 3.592274844
1575391006 4.165269569
1575391568 3.239687755
1575392316 68.481168429
1575392944 5.078734132
1575393580 3.367569713
1575394140 3.21145983
1575394706 3.155215677
1575395270 3.547950152
1575395833 3.245555013
1575558745 3.40910704
1575559059 3.077473938
1575559384 3.439638498
1575559705 3.255317663
1575560073 3.13516511
1575560402 3.458718264
1575560737 3.468160661
1575561270 3.215048083
1575561610 3.478976738
1575561968 3.368188998
1575562755 3.209015969
1575563364 3.037549531
1575564012 3.47009504
1575564609 3.147092092
1575565192 3.396382563
1575565757 3.654089168
1575566330 3.286736349
1575566930 3.318813137
1575568258 3.404423989
1575568842 3.322294666
1579186494 3.234769449
1579186841 3.331985555
1579187851 3.242232397
1579188184 3.438989606
1579188630 3.328069375
1579189163 5.449257436
1579189496 5.452000667
1579189822 7.053990717
1579190164 5.412272788
1579190500 4.014906672
1579191288 3.439357629
1579191902 3.715388562
1579192468 3.533837497
1579193051 3.455982298
1579193637 3.652065625
1579194202 3.445082933
1579194770 3.33062762
1579195335 3.358771995
1579195926 3.443229072
1579196487 3.400268787
1579354252 3.11795677
1579354561 3.395603977
1579354869 3.235329591
1579355177 3.264960978
1579355485 3.238835046
1579355795 3.383186548
1579356103 3.305269752
1579356411 3.465913233
1579356715 3.200243055
1579357206 3.2445978
1579359692 3.294143805
1579360270 3.540500471
1579360830 3.250641429
1579361385 3.16435775
1579361940 3.173427385
1579362496 3.030087493
1579363052 3.256424153
1579363619 3.449346368
1579364185 3.249295754
1579364745 3.329534415
1574711089 3.416738733
1574708884 3.336897361
