1569854545 5.89244288
1571330241 5.988644163
1571766598 5.979535878
1571767380 6.309710641
1572537487 4.966276395
1572538143 5.008268409
1572538803 4.837881139
1572539456 4.893265327
1572540103 4.891637211
1572541009 4.930783366
1572541662 4.913663949
1572542311 4.87533579
1572542958 4.868686478
1572543623 4.845698462
1572871377 4.901421623
1572872027 4.860233582
1572872704 5.043073841
1572873357 4.917880352
1572874011 4.968453536
1572875072 5.400159297
1572875934 4.98220994
1572877159 5.061841157
1572877809 4.906790796
1572879054 5.343139101
1572967444 4.89088491
1572968101 4.865060962
1572969403 4.858074602
1572970064 4.905427952
1572970714 4.875287277
1572971366 5.170709167
1572972029 4.913862919
1572972687 4.82333989
1572973403 4.942042386
1572974053 4.948785696
1572974704 4.937474493
1573208987 4.987331693
1573209643 4.771410837
1573210317 4.965567748
1573210985 4.870458115
1573211644 4.839873325
1573212292 5.079100444
1573212943 4.907618116
1573213594 4.779519626
1573214266 4.870908824
1573214924 5.026702295
1573310439 4.648421058
1573311060 4.520182007
1573311674 4.496310758
1573312379 4.525636765
1573312990 4.654766109
1573313616 4.475049768
1573314249 4.496751594
1573314862 4.870369535
1574697052 4.369324234
1574709587 4.370633212
1574710874 4.225805134
1574710874 4.225805134
