1569849912 3.369910102
1569850117 3.378830094
1569849912 3.369910102
1569850117 3.378830094
1569850926 3.595822992
1569851135 3.383746819
1569851470 3.674981351
1569851692 3.434814814
1569851921 3.400440066
1569852151 3.453007333
1569852389 3.471022282
1569852605 3.50953346
1569852996 3.570480001
1569853308 3.34782482
1569853547 3.456865948
1569854189 3.683388099
1569855147 3.646642141
1569855592 3.748076276
1570446920 3.450702798
1570448012 3.400374249
1570448740 3.343908753
1570449209 3.37788246
1570543035 3.329213339
1570543391 6.82017887
1570543598 3.555195097
1570544527 3.403817205
1570544728 1.961121519
1570544988 3.453227288
1570545193 3.119644469
1571322907 3.261522178
1571323228 3.390674306
1571323622 3.294166479
1571324024 3.204834114
1571324423 3.401323622
1571325029 3.326440993
1571325226 3.520345593
1571325425 3.30502095
1571325630 3.200880863
1571325828 3.495309756
1571326029 3.571172319
1571326720 3.549034537
1571326932 3.451899346
1571327139 3.492180449
1571327354 3.371859222
1571327744 3.441744885
1571328135 3.355501681
1571328526 3.447638962
1571328917 3.627909522
1571329309 3.425839224
1571329901 3.34538253
