1569849953 5.706046989
1569850157 5.552526636
1569849953 5.706046989
1569850157 5.552526636
1569850970 5.33893324
1569851176 5.850435148
1569851525 5.589324143
1569851732 5.275843889
1569851962 5.663680762
1569852192 5.439195776
1569852429 4.937015492
1569852646 5.612666592
1569853037 5.420750011
1569853348 5.705112114
1569853588 5.914473883
1569854230 8.447200065
1569855202 5.539404479
1569855636 5.335649917
1570446960 5.626140494
1570448052 5.492049374
1570448779 5.46496849
1570543075 5.431968939
1570543436 5.463096075
1570543638 5.509955921
1570544567 5.358757678
1570544771 5.620858643
1570545027 5.631762741
1570545237 5.707543877
1571322946 5.695778448
1571323268 6.022724398
1571323661 5.568171055
1571324063 5.564679638
1571324463 6.002902782
1571325069 5.494478202
1571325265 5.547843769
1571325465 5.119423318
1571325669 5.65214351
1571325868 5.420590718
1571326069 5.446595009
1571326760 5.341553151
1571326972 5.763448924
1571327179 5.56905177
1571327394 5.355211165
1571327783 5.45110058
1571328174 5.449423099
1571328565 5.963263389
1571328957 6.09305272
1571329349 5.836633312
1571329941 5.661650369
1571395861 5.723702038
1571396057 5.412460625
1571396254 5.849853581
1571396453 5.552350004
1571396850 5.678469112
1571397079 5.536331967
1571397283 5.629868912
1571397482 5.372068351
1571397679 5.748430051
1571397897 5.799977433
1571398290 5.79374933
1571398685 5.606074678
1571399075 5.760295405
1571399467 5.629523241
1571399863 7.312746107
1571400257 5.625409257
1571400678 5.630281301
1571401077 6.059898883
1571401469 5.399653055
1571404926 5.948696696
1571405126 5.553453773
1571405323 5.536177411
1571405523 5.792051089
1571405755 5.660216864
1571406850 5.409016557
1571407239 5.483958103
1571407633 5.747815025
1571408021 5.540026288
1571408414 6.661857628
1571408944 5.359923167
1571409175 5.938403092
1571409377 5.678257934
1571409576 5.4684597
1571409791 5.485019815
1571664359 5.662115787
1571664903 5.596363631
1571665106 5.890512833
1571665317 5.535567844
1571665511 5.299352464
1571665706 5.720468807
1571665906 5.616152667
1571666297 5.553794368
1571666688 5.712646635
1571667082 5.621754647
1571667518 5.100632716
1571668124 5.623862019
1571668323 5.533966022
1571668527 5.882429708
1571668721 5.133364087
1571669170 5.637324311
1571669570 5.638910851
1571751995 5.327531702
1571752189 5.73777847
1571752389 6.108225084
1571752594 5.702665425
1571752789 5.583985776
1571752985 5.835804149
1571753182 5.571492945
1571753379 5.551687388
1571753577 5.527712026
1571753772 6.511411375
1571754081 5.787417952
1571754478 6.101048963
1571754871 5.805833197
1571755274 5.660285558
1571755838 5.751329967
1571756507 5.524970654
1571756919 5.774894063
1571757367 5.727416032
1571757757 5.441640296
1571758156 5.668923457
1571758546 5.498173143
1571760132 5.715480104
1571760327 5.240059701
1571760531 5.788937243
1571760727 5.414814581
1571760926 8.662039183
1571761137 5.397407442
1571761336 5.556820846
1571761532 5.810240392
1571761727 5.639925215
1571762161 5.680365472
1571762950 5.609794545
1571763338 5.679993677
1571763730 5.449676091
1571764137 6.653595877
1571764547 6.000363823
1571764939 5.716111115
1571765327 5.37666886
1571765719 5.685376725
1571766296 5.646479727
1571767078 5.745210776
