1569854665 4.001977966
1569856256 3.411820185
1571330327 3.923623109
1571766685 3.910309904
1571767468 3.966414668
1572537561 3.228644109
1572538215 3.164269941
1572538875 3.096836158
1572539527 3.529379239
1572540175 3.19822817
1572541080 3.172557112
1572541734 3.155840823
1572542382 3.249283901
1572543030 3.15087907
1572543694 3.196906419
1572871449 3.20393561
1572872100 3.201936822
1572872778 3.249073231
1572873429 3.22642575
1572874087 3.253190324
1572875151 3.211518003
1572876005 3.16252349
1572877231 3.274009613
1572877885 3.108390194
1572879126 3.120372194
1572967516 3.322896243
1572968174 3.254684516
1572969474 3.19549491
1572970136 3.254693116
1572970786 3.157170534
1572971447 3.250154509
1572972109 3.162091748
1572972758 3.248317617
1572973474 3.16404533
1572974124 3.244441215
1572974776 3.132018661
1573209058 3.242085737
1573209714 3.176922116
1573210389 3.249999983
1573211057 3.226535723
1573211716 3.142389408
1573212364 3.196418362
1573213017 3.162370585
1573213666 3.206912725
1573214338 3.196265373
1573214996 3.191008071
1573310510 3.126695285
1573311127 3.266560017
1573311741 2.912821489
1573312447 2.958331766
1573313060 3.071369401
1573313686 3.28872576
1573314316 2.965318289
1573314930 3.032017175
1574696538 3.16124691
1574697118 3.069805474
1574697710 2.87601914
1574698282 3.025155136
1574698870 3.000954126
1574709681 2.993605224
1574710941 3.031473022
1574710941 3.031473022
