1569850042 1.974754048
1569850246 1.901161915
1569850042 1.974754048
1569850246 1.901161915
1569850803 1.842864648
1569851060 1.841646967
1569851265 2.008810868
1569851615 1.796850333
1569851828 1.748974843
1569852057 1.956357719
1569852281 1.999671529
1569852518 1.88214978
1569853137 2.312720718
1569853446 1.919259949
1570543165 1.913727825
1570543527 1.849836696
1570543737 2.000004491
1570544655 1.842330284
1570544914 1.866411219
1570545114 2.000556364
1570545331 1.837668683
1571323038 1.776591414
1571325156 1.950895032
1571325352 1.953696929
1571325558 1.916142079
1571325758 1.843574166
1571325954 1.925116895
1571326163 2.736613408
1571326846 2.049993822
1571327062 2.026693928
1571327271 1.945820535
1574707129 1.543089048
