1569854442 0.0
1569854442 0.0
1569854442 0.0
1569854442 0.0
1569854442 0.0
1569854442 0.0
1569854442 0.0
1569854442 0.0
1569854442 0.0
1569854442 0.0
1569854442 0.0
1569854744 1.115123965
1569854745 0.0
1569854745 0.0
1569854745 0.0
1569854745 0.0
1569854745 0.0
1569854745 0.0
1569855852 0.0
1569855852 0.0
1569855852 0.0
1569855852 0.0
1569855852 0.0
1569855852 0.0
1569855852 0.0
1569855852 0.0
1569855852 0.0
1569855852 0.0
1569856353 0.792751521
1571330141 0.032075686
1571330141 0.065136369
1571330141 0.031504042
1571330141 0.043182383
1571330141 0.001349972
1571330141 0.043132543
1571330141 0.001269808
1571330141 0.04517981
1571330141 0.002114181
1571330141 0.001822516
1571330405 1.011281639
1571330406 0.037916365
1571330406 0.000973382
1571330406 0.055290836
1571330406 0.041096368
1571330406 0.043787327
1571330406 0.057629009
1571330406 0.029329351
1571330406 0.003149237
1571330406 0.004192884
1571330406 0.027197949
1571330406 0.033414846
1571330406 0.001153162
1571330406 0.050221187
1571766496 0.044198534
1571766497 0.001919799
1571766497 0.053764139
1571766497 0.03457652
1571766497 0.043871654
1571766497 0.001528266
1571766497 0.003757881
1571766497 0.020275757
1571766762 1.034379872
1571766763 0.044751145
1571766763 0.016274575
1571766763 0.045113304
1571766763 0.027405431
1571766763 0.042370853
1571767279 0.037879788
1571767279 0.001628474
1571767279 0.043457558
1571767279 0.001182222
1571767279 0.037909258
1571767279 0.000297546
1571767279 0.053346938
1571767279 0.001949312
1571767279 0.026076866
1571767279 0.132002001
1571767545 1.108141679
1571767546 0.040149287
1571767546 0.044447003
1571767546 0.048280726
1571767546 2.7471e-05
1571767546 0.04137441
1571767546 0.046614257
1571767546 0.001615241
1571767546 0.035495135
1571767546 0.023323238
1571767547 0.00871566
1571767547 0.049979155
1572537404 0.000971054
1572537404 0.045343505
1572537404 0.002059806
1572537404 0.039103001
1572537404 0.00130056
1572537626 0.856850288
1572537626 0.000430026
1572537626 0.007635444
1572537626 0.025630636
1572537626 0.043885726
1572538061 0.001187932
1572538061 0.043339483
1572538061 0.005441892
1572538061 0.026732786
1572538061 0.053082
1572538061 0.001693276
1572538061 0.026486637
1572538279 0.803775435
1572538280 0.000984709
1572538280 0.043466761
1572538280 0.036562407
1572538280 0.001131882
1572538280 0.048936903
1572538280 0.001300479
1572538280 0.015417598
1572538280 0.013040724
1572538280 0.046969451
1572538280 0.047502326
1572538280 4.189e-06
1572538280 0.040148369
1572538721 0.044719374
1572538721 0.001412613
1572538721 0.041749178
1572538721 0.036095447
1572538721 0.051176528
1572538939 0.904676717
1572538939 2.2469e-05
1572538939 0.026730123
1572538939 0.04324857
1572538940 0.044506273
1572538940 0.036856784
1572538940 0.050422592
1572538940 0.001611742
1572538940 0.042844554
1572539374 0.037676662
1572539374 0.050564008
1572539374 0.001158809
1572539374 0.047504232
1572539591 0.891137764
1572539592 0.043370765
1572539592 0.041692458
1572539592 0.044194021
1572539592 0.002275696
1572539592 0.04526706
1572540020 0.034558844
1572540020 0.05936964
1572540020 0.035481608
1572540020 0.00146275
1572540020 0.04467854
1572540020 0.002837169
1572540240 0.808931651
1572540241 0.047184379
1572540241 0.001854225
1572540241 0.030058838
1572540241 0.051763444
1572540241 0.043570501
1572540241 0.002009718
1572540241 0.043190042
1572540926 0.001659708
1572540926 0.033733953
1572540926 0.025734486
1572540926 0.009944539
1572540926 0.04749687
1572540926 0.04447454
1572540926 0.043817597
1572540926 0.00110022
1572541143 0.808875544
1572541144 0.046640404
1572541144 0.002797029
1572541144 0.040932758
1572541144 0.047717169
1572541144 0.002265759
1572541144 0.031204196
1572541144 0.001014902
1572541144 0.020696152
1572541144 0.01324483
1572541144 0.048134295
1572541144 0.002388526
1572541144 0.043831505
1572541144 0.042124545
1572541145 0.051193362
1572541145 0.029399049
1572541145 0.052254746
1572541145 0.002614084
1572541145 0.042702805
1572541580 0.045193084
1572541580 0.051216584
1572541580 0.03598729
1572541580 0.044844104
1572541580 0.043102999
1572541580 0.003311578
1572541580 0.001997161
1572541580 0.019843802
1572541797 0.860233975
1572541798 0.001217143
1572541798 0.061362621
1572541798 0.001282689
1572541798 0.027633068
1572541798 0.00125128
1572541798 0.001423822
1572541798 0.026855362
1572541798 0.046515592
1572541798 0.054179625
1572542228 0.051522829
1572542228 1.9304e-05
1572542228 0.036801025
1572542229 0.044949313
1572542446 0.911674692
1572542447 0.001794495
1572542447 0.02663621
1572542447 0.044436537
1572542447 0.001931381
1572542447 0.033488546
1572542447 0.000745342
1572542447 0.050766162
1572542447 0.045309438
1572542447 0.043568343
1572542876 0.0439197
1572542876 0.000493708
1572543093 0.860611
1572543094 0.038065394
1572543094 0.036446375
1572543094 0.052960412
1572543541 0.003238776
1572543541 0.039009623
1572543541 0.047453458
1572543541 0.043237223
1572543541 0.052249897
1572543541 0.004833074
1572543541 0.016694363
1572543764 0.885159519
1572543765 0.035488015
1572543765 0.001247143
1572543765 0.054518114
1572543765 0.041363846
1572543765 0.042899358
1572543765 0.004792641
1572543765 0.040759209
1572543765 0.026482876
1572543765 0.048658283
1572871295 0.043921997
1572871295 0.001568434
1572871295 0.042214873
1572871295 0.006999789
1572871295 0.027677291
1572871295 0.034372061
1572871512 0.720206833
1572871513 0.045694965
1572871513 0.042214325
1572871513 0.035866863
1572871513 0.00126557
1572871513 0.049863773
1572871513 0.014236076
1572871513 0.019515613
1572871513 0.048309765
1572871513 0.046009376
1572871513 0.052271717
1572871513 0.039185123
1572871513 0.033459569
1572871513 0.001334249
1572871513 0.021545089
1572871945 0.035379877
1572871945 0.021615709
1572871945 0.01340573
1572871945 0.047434517
1572871945 0.043838076
1572871945 0.045526153
1572871945 0.045731223
1572871945 0.034316762
1572872163 0.84518144
1572872164 0.001663286
1572872164 0.005091302
1572872164 0.01908685
1572872164 0.051109972
1572872164 0.042131343
1572872164 0.044181188
1572872164 0.014503035
1572872164 0.02918795
1572872622 0.041828137
1572872622 0.044255233
1572872622 0.001536011
1572872622 0.00564075
1572872622 0.029474821
1572872622 0.031427318
1572872622 0.051931059
1572872843 0.890679334
1572872844 0.045453731
1572872844 0.001731578
1572872844 0.045166137
1572872844 0.044173042
1572872844 0.049576216
1572872844 0.043654462
1572872844 0.003401709
1572872844 0.020497971
1572872844 0.050675563
1572872844 0.043607846
1572872844 0.0441893
1572873275 0.014041818
1572873275 0.012112508
1572873275 0.055841967
1572873492 0.797478863
1572873493 0.041799676
1572873493 0.037679357
1572873493 0.050068846
1572873493 0.046165366
1572873493 0.042116746
1572873493 0.0458881
1572873493 0.00637701
1572873493 0.028484167
1572873928 0.047664435
1572873928 0.002058776
1572873928 0.027241979
1572873928 0.043171663
1572873928 0.03753027
1572873928 0.049879528
1572873928 0.088009048
1572874150 0.816503425
1572874151 0.053430323
1572874151 0.033161476
1572874151 0.045723427
1572874151 0.006343594
1572874151 0.027781379
1572874151 0.033618448
1572874151 0.052312768
1572874151 0.047620168
1572874151 0.043992216
1572874151 0.051456344
1572874990 0.004138046
1572874990 0.034755385
1572874990 0.002600069
1572874990 0.000776242
1572874990 0.027839846
1572874990 0.042427726
1572874990 0.045512357
1572874990 0.034251629
1572875215 0.81253228
1572875216 0.043871685
1572875216 0.045160584
1572875216 0.001109196
1572875216 0.041558428
1572875216 0.001306089
1572875216 0.005790204
1572875216 0.018081599
1572875216 0.049830933
1572875216 0.043942138
1572875216 0.048387029
1572875851 0.033590192
1572875851 0.056525861
1572875851 0.030873647
1572875851 0.001669221
1572875851 0.009647433
1572875851 0.012696188
1572876069 0.851415634
1572876070 0.041747289
1572876070 0.043382733
1572876070 0.039357332
1572876070 0.048488403
1572876070 0.043390624
1572876070 0.043447433
1572876070 0.044920701
1572876070 0.001739954
1572876070 0.014479217
1572876070 0.019847335
1572877077 0.047642283
1572877077 0.044463195
1572877077 0.04531933
1572877077 0.034254809
1572877077 0.001411852
1572877077 0.055035325
1572877295 0.807852234
1572877296 0.047732021
1572877296 0.001517876
1572877296 0.04552549
1572877296 0.041070968
1572877296 0.04500219
1572877296 0.003024439
1572877296 0.00142332
1572877296 0.020011649
1572877296 0.051121556
1572877296 0.044334657
1572877726 0.001415336
1572877726 0.042540275
1572877726 0.004337202
1572877726 0.007525801
1572877726 0.025554541
1572877726 0.037610875
1572877726 0.00251127
1572877726 0.045930481
1572877726 0.001355793
1572877726 0.047472561
1572877726 0.032232371
1572877950 0.853106437
1572877951 0.046977825
1572877951 0.031909077
1572877951 0.000928327
1572877951 0.051177846
1572877951 0.035528596
1572877951 0.001282188
1572877951 0.043406177
1572878954 0.04477544
1572878954 0.042921914
1572878954 0.001442053
1572878954 0.006439199
1572878954 0.026543183
1572878954 0.047267796
1572878954 0.046058285
1572878954 0.033435459
1572879190 0.847126997
1572879191 0.045136607
1572879191 0.042891214
1572879191 0.043117595
1572879191 0.044644916
1572879191 0.001380754
1572879191 0.035222376
1572879191 0.001401545
1572879191 0.054124802
1572879191 7.307e-06
1572879191 0.011516157
1572879191 0.013459526
1572879191 0.050122117
1572879191 0.045516965
1572967361 0.043464509
1572967361 0.042344249
1572967361 0.001314553
1572967361 0.043786758
1572967361 0.042827132
1572967362 0.056871955
1572967362 0.04107303
1572967362 0.001139089
1572967362 0.029539003
1572967580 0.852201727
1572967581 0.051335047
1572967581 0.041150495
1572967581 0.00121313
1572967581 0.046285276
1572967581 0.001519351
1572967581 0.001491032
1572967581 0.019796452
1572967581 0.05044684
1572967581 0.004663945
1572967581 0.038845092
1572968018 0.04573311
1572968018 0.050108017
1572968018 0.04245026
1572968018 0.036204996
1572968018 0.051578382
1572968018 0.00286188
1572968018 0.009762699
1572968018 0.012990106
1572968238 0.763089248
1572968239 0.046588965
1572968239 0.041209592
1572968239 0.002091237
1572968239 0.013627557
1572968239 0.018067764
1572968239 0.04337043
1572968239 0.00200591
1572968239 0.034251571
1572968239 0.065137557
1572968239 0.033722998
1572968239 0.001651769
1572968239 0.042292766
1572968239 0.001769809
1572968239 0.043486996
1572968240 0.00215568
1572968240 0.00568299
1572968240 0.028104341
1572969320 0.039639321
1572969320 0.04430603
1572969320 0.036119816
1572969320 0.002205057
1572969320 0.051829691
1572969321 0.041452872
1572969321 0.000858504
1572969321 0.044320059
1572969321 0.04302681
1572969321 0.001109409
1572969321 0.006730257
1572969538 0.811916526
1572969539 0.036178755
1572969539 0.054101097
1572969539 0.019438284
1572969539 0.005424932
1572969539 0.048785066
1572969539 0.044423598
1572969981 0.040869985
1572969981 0.077717034
1572969981 0.010229389
1572969981 0.005462055
1572969981 0.019578755
1572969981 0.047600905
1572970199 0.854559043
1572970200 0.043771091
1572970200 0.045001646
1572970200 0.001000853
1572970200 0.046321419
1572970200 0.000414298
1572970200 0.003541263
1572970200 0.028965072
1572970200 0.042549701
1572970200 0.032860329
1572970200 0.051849839
1572970200 0.002095509
1572970200 0.041820707
1572970631 0.047079741
1572970631 9.853e-06
1572970631 0.004270937
1572970631 0.027223479
1572970631 0.046352941
1572970631 0.043882849
1572970631 0.001131795
1572970631 0.051386642
1572970631 0.00118637
1572970849 0.848294912
1572970850 0.04258226
1572970850 0.044671822
1572970850 0.051147931
1572970850 0.005325469
1572970850 0.030346404
1572971281 1.152e-05
1572971281 0.000529464
1572971281 0.027987637
1572971281 0.051018007
1572971281 0.058684061
1572971281 0.025574056
1572971281 0.001859195
1572971281 0.03341369
1572971512 0.84795653
1572971512 0.036792263
1572971512 0.051958966
1572971513 0.001936545
1572971513 0.041152418
1572971513 0.001300121
1572971513 0.052317825
1572971513 0.004693362
1572971513 0.028355449
1572971513 0.033545404
1572971513 0.043857643
1572971513 0.001607081
1572971513 0.03540226
1572971513 0.001038102
1572971513 0.050973354
1572971944 0.044311518
1572971944 0.044465343
1572971944 0.000900501
1572971944 0.04247253
1572971944 0.001114213
1572971944 0.005526358
1572971944 0.020554963
1572972173 0.925510038
1572972174 0.041594087
1572972174 0.002278471
1572972174 0.003136945
1572972174 0.029285096
1572972174 0.040656777
1572972174 0.001325242
1572972174 0.040004965
1572972174 0.057122979
1572972174 0.041681752
1572972174 0.001484368
1572972174 0.044232574
1572972604 0.043719391
1572972604 0.057617348
1572972604 0.035130715
1572972604 0.044935881
1572972604 0.035691891
1572972604 0.001440466
1572972822 0.816439383
1572972823 0.001338574
1572972823 0.07600275
1572972823 0.035087659
1572972823 0.001733707
1572972823 0.050427933
1572972823 0.043864903
1572972823 0.044535447
1572972823 0.042272824
1572973317 0.044216606
1572973317 0.001043427
1572973317 0.043349198
1572973317 0.004740336
1572973317 0.020243453
1572973317 0.138851024
1572973317 0.0015618
1572973538 0.761309013
1572973539 0.035988554
1572973539 0.001644603
1572973539 0.050162887
1572973539 0.046186098
1572973539 0.000619661
1572973539 0.041665955
1572973539 0.005871142
1572973539 0.027289717
1572973539 0.051326457
1572973970 0.042505967
1572973970 0.048965539
1572973970 0.00154079
1572973970 0.045386942
1572973970 0.001659691
1572974187 0.805940613
1572974188 0.044806615
1572974188 0.0459013
1572974188 0.002339492
1572974188 0.038990294
1572974188 0.043759711
1572974188 0.007503189
1572974188 0.029862687
1572974188 0.032028152
1572974188 0.052896491
1572974188 0.003300436
1572974188 0.039910644
1572974188 0.001335129
1572974188 0.044715839
1572974621 0.04209705
1572974621 0.047671961
1572974621 0.001410284
1572974621 0.038634608
1572974621 0.046541535
1572974845 0.852015644
1572974846 0.045231371
1572974846 0.002165414
1572974846 0.04114075
1572974846 0.043720568
1572974846 0.043196136
1572974846 0.001290247
1572974846 0.043397601
1572974846 0.001351169
1572974846 0.005656048
1572974846 0.01979847
1572974846 0.050988241
1572974846 0.044316768
1572974846 0.001043763
1572974846 0.052342677
1573208903 0.035834688
1573208903 0.047068142
1573208903 0.045520992
1573208903 0.005369298
1573208903 0.037716012
1573208903 0.007637552
1573208903 0.020198202
1573208903 0.049126893
1573208903 0.047494558
1573209122 0.811904552
1573209122 0.130224168
1573209558 0.045510746
1573209558 0.043468028
1573209558 0.001632037
1573209558 0.041721377
1573209558 0.045393558
1573209558 0.00147941
1573209558 0.037746815
1573209792 0.90223667
1573209793 0.038556402
1573209793 0.038038723
1573209793 0.049451549
1573209793 0.001297444
1573209793 0.04659116
1573209793 0.043705628
1573209793 0.001325926
1573209793 0.043988881
1573210233 0.00188439
1573210233 0.044465347
1573210233 0.044516568
1573210233 0.04131726
1573210233 0.006306051
1573210233 0.027868441
1573210453 0.845490044
1573210453 0.035068605
1573210454 0.050765357
1573210454 0.044706657
1573210454 0.001341602
1573210454 0.042389004
1573210454 0.007069975
1573210454 0.027060561
1573210454 0.043868896
1573210902 0.036555394
1573210902 0.001719806
1573210902 0.005626119
1573210902 0.02674472
1573210902 0.053990527
1573210903 0.001836898
1573210903 0.026190855
1573210903 0.051025182
1573210903 0.002251836
1573210903 0.042009858
1573211121 0.720702215
1573211122 0.045469053
1573211122 0.04317439
1573211122 0.001269464
1573211122 0.043526007
1573211122 0.001157953
1573211122 0.041695549
1573211122 0.043333613
1573211122 0.037247437
1573211122 0.019711238
1573211122 0.012500653
1573211122 0.052738284
1573211122 0.043480893
1573211559 0.014297556
1573211559 0.012427997
1573211559 0.047717856
1573211559 0.044055766
1573211559 0.001117027
1573211559 0.043822297
1573211559 0.035669509
1573211559 0.056520758
1573211781 0.800461808
1573211781 0.042497846
1573211781 0.044774982
1573211781 0.043601949
1573211781 0.046493364
1573211782 0.001570493
1573211782 0.039390897
1573211782 0.001282261
1573211782 0.045001046
1573212208 0.011128179
1573212208 0.010986392
1573212208 0.049414272
1573212208 0.001196012
1573212208 0.058215746
1573212427 0.848343704
1573212428 0.001127577
1573212428 0.005614632
1573212428 0.034344556
1573212428 0.033900949
1573212428 0.044804146
1573212428 0.001401957
1573212428 0.045237299
1573212428 0.063068347
1573212428 0.02645269
1573212428 0.043918394
1573213081 0.850971708
1573213082 0.044114112
1573213082 0.045205208
1573213082 0.043942625
1573213082 0.042296212
1573213082 0.001390057
1573213082 0.044194892
1573213511 0.001562521
1573213511 0.03624378
1573213511 0.051212761
1573213511 0.046968186
1573213511 0.0058623
1573213511 0.038383073
1573213511 0.001329788
1573213730 0.815892713
1573213731 0.001554481
1573213731 0.007272051
1573213731 0.027628287
1573213731 0.05670943
1573213731 8.4578e-05
1573213731 0.042749568
1573213731 0.025123165
1573213731 0.052239022
1573213731 0.05175078
1573213731 0.001389012
1573213731 0.032940151
1573213731 0.001858296
1573213731 0.042619106
1573214182 0.043761972
1573214182 0.043490095
1573214182 0.001295091
1573214182 0.043627651
1573214182 0.001111628
1573214182 0.00589475
1573214182 0.020633432
1573214403 0.78863438
1573214404 0.042772152
1573214404 0.044640346
1573214404 0.044064789
1573214404 0.001570506
1573214404 0.050768584
1573214404 0.02827803
1573214404 0.050855958
1573214404 0.013956491
1573214404 0.013409017
1573214404 0.048800811
1573214837 0.001209601
1573214837 0.045113903
1573214837 0.001797069
1573214837 0.003529935
1573214837 0.021526002
1573214837 0.047458726
1573214837 0.047491546
1573214837 0.040458734
1573214837 0.045120636
1573214837 0.043001412
1573214837 0.035644594
1573215060 0.861782203
1573215061 0.00255533
1573215061 0.031875281
1573215061 0.002538077
1573215061 0.017610378
1573215061 0.011241058
1573215061 0.051040249
1573215061 0.040379137
1573215061 0.052625966
1573215061 0.041517253
1573310569 0.886008199
1573310570 0.043139409
1573310570 0.044091812
1573310570 0.044334584
1573311188 0.94262434
1573311189 0.000911217
1573311189 0.032792892
1573311189 0.001445416
1573311189 0.051088386
1573311189 0.022014437
1573311189 0.00346728
1573311189 0.052618094
1573311598 0.001474218
1573311598 0.049952682
1573311598 0.001490373
1573311598 0.018115041
1573311799 0.715547282
1573312506 0.732000249
1573313122 0.771058982
1573313123 0.001885662
1573313123 0.046397447
1573313123 0.040240109
1573313123 0.043579625
1573313123 0.009326236
1573313123 0.026486843
1573313123 0.033386776
1573313123 0.050603556
1573313747 0.724461137
1573314376 0.772415962
1573314989 0.809296781
1574696395 0.001212291
1574696395 0.006170338
1574696395 0.028772588
1574696395 0.045383628
1574696395 0.036176248
1574696395 0.049901387
1574696395 0.042650871
1574696395 0.001112312
1574696395 0.04451323
1574696396 0.043734419
1574696396 0.001518569
1574696396 0.045601615
1574696396 0.001870781
1574696396 0.030533996
1574696396 0.037390914
1574696597 0.712340736
1574696976 0.041741785
1574696976 0.002916828
1574697177 0.766559407
1574697566 0.043948152
1574697566 0.037034294
1574697566 0.050210685
1574697567 0.047149582
1574697567 0.00161364
1574697567 0.043288686
1574697567 0.001908383
1574697567 0.001623914
1574697567 0.028838243
1574697567 0.039834436
1574697567 0.03713677
1574697768 0.73040549
1574697769 0.002891732
1574697769 0.020093824
1574697769 0.053548603
1574697769 0.040855884
1574697769 0.001852019
1574697769 0.043613436
1574697769 0.002111786
1574697769 0.04291048
1574698341 0.736851144
1574698928 0.723868008
1574709740 0.637024857
1574709741 0.001297154
1574709741 0.033408019
1574709741 0.025757497
1574709741 0.010379866
1574709741 0.049501594
1574709741 0.042580968
1574709741 0.044793773
1574709741 0.001146905
1574709741 0.068096832
1574710999 0.637508508
1574710999 0.637508508
