1569854375 6.954615943
1569855787 7.175603433
1571330078 6.995333551
1571766434 7.053373694
1571767216 6.944926574
1572537352 7.011411322
1572538009 6.761790166
1572538669 6.939495879
1572539321 6.903051044
1572539968 7.055506086
1572540874 7.110134133
1572541528 6.833742654
1572542176 6.960202114
1572542823 6.938952026
1572543489 6.980442135
1572871242 7.005640161
1572871893 6.784688199
1572872570 6.822913579
1572873223 6.767119275
1572873876 6.812628273
1572874937 7.065094834
1572875799 6.786763005
1572877024 6.830511112
1572877674 6.731636504
1572878902 6.82304968
1572967308 6.832981271
1572967966 6.904687367
1572969268 7.636004116
1572969929 6.988121443
1572970579 7.072709639
1572971229 6.724045378
1572971891 6.717211016
1572972552 6.68020982
1572973265 7.163757801
1572973917 7.1565485
1572974569 7.063670066
1573208851 6.707179599
1573209506 6.947129547
1573210181 6.59691783
1573210851 6.770384562
1573211507 6.74813112
1573212156 6.808324703
1573212808 6.676311159
1573213459 6.809655642
1573214130 6.704018729
1573214784 6.886780698
1573310311 6.800814602
1573310935 6.747808923
1573311549 7.031518227
1573312253 6.854674555
1573312863 6.707468887
1573313490 7.523646684
1573314122 6.829601663
1573314738 6.699820652
1574696352 1.647999594
1574696929 1.286381202
1574697522 1.516992064
1574698099 1.32535688
1574709462 6.785232806
1574710749 6.775023926
1574710749 6.775023926
