1570545126 2.488913726
1570545343 2.469149482
1571396552 2.594865987
1571397778 2.004160471
1571405026 2.33763668
1571409692 2.651508997
1571664494 3.375052409
1571761824 2.562825561
1571762032 2.634589502
1572003531 2.634366707
1572004121 2.410796736
1572004317 2.337746462
1572011902 2.324988781
1572012295 2.553246985
1572012490 2.549888736
1572013074 2.658588291
1572266331 2.812167671
1572275730 1.966550422
1572361349 2.731676685
1572362722 2.63831098
1572362917 2.18289828
1572367319 2.258968152
1572965795 2.113121566
1573207108 2.05116157
1573221689 2.046235423
1573302776 1.742570695
1573754881 1.932505946
1573756155 2.335857548
1573833571 1.618684212
1574686026 3.28526637
1574707140 2.294717808
1575027706 2.031037373
1575113533 1.480612482
1575289820 1.988801937
1575385023 2.46069203
1575556603 2.200367111
1575557291 1.66852596
1575558282 2.003363161
1575558468 1.618906284
1579522919 2.220713498
1579523652 1.850602508
1580215568 2.00425028
1580216213 2.046996762
1580305611 1.660479783
1582028538 2.274246886
1582115162 2.136117704
1582125914 2.388695421
1582126578 2.42122399
1582126904 1.955717968
1582128397 2.272240697
1582193829 1.885513389
1574707140 2.294717808
