1569850029 5.780100033
1569850233 5.578014222
1569850029 5.780100033
1569850233 5.578014222
1569850785 5.96158404
1569851046 5.794259131
1569851252 5.788696921
1569851602 5.812145106
1569851815 5.967443344
1569852043 6.077057241
1569852268 5.598222755
1569852505 5.764037408
1569853115 5.802220496
1569853431 7.603221699
1570543153 5.673659984
1570543515 5.552500323
1570543724 5.946782616
1570544901 5.420043094
1570545102 5.594929283
1570545319 5.602509608
1571323025 5.503986034
1571325144 5.583296657
1571325340 5.519254736
1571325545 5.502494854
1571325745 5.645731291
1571325942 6.174984846
1571326149 6.669991404
1571326833 5.508043851
1571327049 5.596174475
1571327258 5.583506911
1574707120 3.881464057
