1569849914 5.790159782
1569850118 5.67593639
1569849914 5.790159782
1569850118 5.67593639
1569850928 5.731350997
1569851137 5.600452097
1569851472 17.192326877
1569851693 5.66873071
1569851923 5.767625721
1569852152 5.926320197
1569852390 5.587855833
1569852607 5.849030286
1569852998 5.750148303
1569853309 5.854381818
1569853548 5.500255916
1569854190 5.971157014
1569855149 5.927802702
1569855593 8.239379954
1570446921 5.762153898
1570448014 5.741743227
1570448741 5.644219187
1570449210 5.774134487
1570543036 5.562285362
1570543395 6.520296181
1570543599 5.715746917
1570544529 5.766159122
1570544728 6.236961532
1570544989 5.767717111
1570545195 5.387303009
1571322908 5.870565565
1571323230 5.573056097
1571323623 5.803135073
1571324025 5.634460532
1571324425 5.808962325
1571325031 5.628038996
1571325227 5.660438905
1571325427 5.700161131
1571325631 5.655040571
1571325830 5.667727387
1571326030 5.396932792
1571326721 5.894807264
1571326933 5.684843393
1571327141 5.772146216
1571327355 5.53699698
1571327745 5.685425715
1571328136 5.743948575
1571328527 5.579901399
1571328918 5.672164939
1571329310 5.670476134
1571329903 5.779482603
1571395822 5.833856927
1571396019 5.509023191
1571396216 5.542126325
1571396415 5.641905809
1571396613 5.599898365
1571396812 5.631155126
1571397041 5.778861891
1571397245 5.750383675
1571397443 5.63204002
1571397641 5.611238438
1571397859 5.599689473
1571398252 5.746499061
1571398647 5.795481723
1571399037 5.681179049
1571399429 5.929406177
1571399825 5.724333854
1571400218 5.657485359
1571400640 5.832915264
1571401039 5.780182046
1571401431 5.674788393
1571404888 5.797970721
1571405088 5.583463867
1571405284 5.546528322
1571405485 5.871444266
1571405717 5.690294588
1571406812 5.619871504
1571407201 5.930714358
1571407595 5.750231851
1571407983 5.631321085
1571408376 5.684146192
1571408906 5.59222888
1571409137 5.530115902
1571409339 5.8793342
1571409537 5.705795452
1571409753 5.68313669
1571664321 5.477806479
1571664864 5.641776423
1571665068 5.730305733
1571665278 5.717173157
1571665473 5.63270885
1571665667 5.70016087
1571665868 5.550260714
1571666259 5.732453622
1571666650 5.803501117
1571667043 5.840827977
1571667480 5.596811361
1571668085 5.853473285
1571668285 5.898820668
1571668479 5.724698297
1571668683 5.500440619
1571668879 5.832137282
1571669132 5.6691411
1571669530 7.063973765
1571751956 5.652294825
1571752151 5.661507061
1571752350 5.570085954
1571752555 6.032069505
1571752750 5.808577713
1571752946 5.541606207
1571753144 5.736241868
1571753341 5.797484204
1571753538 6.586232334
1571753734 5.674645497
1571754043 5.76457635
1571754440 5.292006429
1571754833 5.736535126
1571755236 5.686975371
1571755800 5.759309828
1571756469 5.594384384
1571756880 5.646342445
1571757329 5.821860492
1571757718 5.845239321
1571758118 5.672059472
1571758508 5.670235148
1571760092 5.680321775
1571760288 5.709094596
1571760490 5.705863738
1571760688 5.553971354
1571760887 5.646084702
1571761099 5.678900895
1571761298 5.701229511
1571761688 5.767863053
1571761888 5.718607559
1571762120 7.962822582
1571762512 5.591224742
1571762912 5.756552832
1571763300 5.773207857
1571763691 5.756533416
1571764096 5.807416047
1571764509 5.547111683
1571764901 5.678012994
1571765289 5.804561397
1571765681 5.508526043
1571766257 5.630620615
1571767040 5.769242912
1571922189 5.651786218
1572003199 5.693249895
1572003394 5.707786051
1572003592 5.61002199
1572003790 5.704503987
1572003985 5.656120076
1572004181 5.716684101
1572004376 5.711226033
1572004575 5.425157146
1572004777 5.543926085
1572004976 5.595787928
1572006266 5.623993331
1572007004 5.657324522
1572007398 5.648086267
1572007892 5.62576278
1572008302 5.471360913
1572008705 5.687823407
1572009099 5.621283397
1572009488 5.804026085
1572009880 5.559879567
1572010276 5.207911119
1572011177 5.7979817
1572011374 5.752062236
1572011568 5.580034363
1572011767 5.749878528
1572011964 5.67345087
1572012161 5.748370175
1572012356 5.796454374
1572012550 5.554380929
1572012744 5.718192848
1572012938 5.752266029
1572013227 5.852014436
1572013621 5.60255989
1572014014 5.561306409
1572014404 5.629007117
1572014794 5.656231455
1572264997 5.703899026
1572265194 5.700009577
1572265392 5.858294738
1572265591 5.500182186
1572265788 5.59675273
1572265999 5.761319768
1572266192 5.757920844
1572266393 5.419913045
1572266594 7.023596053
1572266792 4.201632204
1572268075 5.725228893
1572268845 5.723629791
1572269259 5.654901108
1572269666 5.597708348
1572270083 5.804894577
1572270479 5.377519187
1572270873 5.532377404
1572272236 4.623390959
1572272567 4.56109702
1572272902 4.512820723
1572273234 4.703553375
1572273581 4.765917767
1572274073 4.610706042
1572274241 4.420587448
1572274417 4.45298465
1572274583 4.651825757
1572274755 4.645723689
1572274925 4.549430217
1572275093 4.39913959
1572275272 4.527974137
1572275441 4.517252278
1572275616 4.676626471
1572276003 4.57160469
1572276338 4.638464029
1572276676 4.54349033
1572277007 4.522308548
1572277337 4.53624936
1572277677 7.980645137
1572278032 4.515791126
1572278365 4.753842563
1572361408 5.688546106
1572361604 5.685160276
1572361799 5.525126081
1572361996 5.763361835
1572362192 5.799278045
1572362388 5.651403905
1572362583 5.551749356
1572362782 5.60715406
1572362978 5.561727226
1572363424 4.644158768
1572363754 4.489333855
1572364083 4.498029596
1572364414 4.320008839
1572364747 4.560634282
1572365088 4.530137814
1572365466 4.55582756
1572365837 5.683828481
1572366177 4.665007237
1572366513 4.572718777
1572366864 5.096217336
1572367033 4.671453447
1572367202 4.728979126
1572367371 4.538476531
1572367544 11.434775755
1572367724 4.63207958
1572367900 4.739720731
1572368068 4.522563149
1572368234 4.688179303
1572368400 4.67041801
1572369543 4.456881867
1572369873 4.570175326
1572370203 4.619901321
1572370536 4.717434717
1572370864 4.436815634
1572371193 4.651741227
1572371527 4.611386225
1572371856 4.538056572
1572372185 4.661433836
1572372514 4.712597241
1572532328 5.642705448
1572532530 5.713181273
1572532735 5.864811941
1572533521 4.805153642
1572533859 4.481434985
1572534213 4.385799427
1572534560 4.519021316
1572534892 4.481929349
1572535240 4.738560895
1572535571 4.57499496
1572535907 4.642631548
1572536238 4.489718154
1572536601 4.458575268
1572537204 4.443269762
1572537859 4.620929647
1572538511 4.541871762
1572539168 4.662426136
1572539820 4.51249751
1572540727 4.637756852
1572541380 4.487358828
1572542029 4.622056222
1572542676 4.540741689
1572543321 4.702500461
1572544453 4.61487533
1572544620 4.494160981
1572544790 4.70674428
1572544964 4.602534281
1572545139 4.621470942
1572869964 4.52638145
1572870353 4.706382059
1572870538 4.55838199
1572870755 4.566727675
1572871094 4.379814799
1572871744 4.64102811
1572872393 4.728582562
1572873075 4.566118228
1572873724 4.592368353
1572875635 6.212352911
1572876872 4.606423687
1572877526 4.597147374
1572878737 4.478522497
1572879865 4.648874887
1572880147 4.692489502
1572880483 4.698891206
1572880822 4.602459406
1572881168 4.566937323
1572881503 4.690320755
1572881835 4.552484363
1572882166 4.576241728
1572882556 4.292660174
1572882905 4.521751932
1572883246 4.602496508
1572965346 4.307288752
1572965513 4.349117917
1572965681 4.319222292
1572965850 4.568497036
1572966020 5.419597787
1572966187 4.612353892
1572966359 4.483496069
1572966540 6.869125662
1572966716 4.253646674
1572966887 4.391642445
1572967111 49.944979399
1572967813 4.272878276
1572969117 4.587369888
1572969771 4.225765279
1572970430 4.468891138
1572971082 3.400918678
1572971744 4.374430049
1572972403 4.64378414
1572973116 4.321936574
1572973769 4.390967931
1572974419 4.304593975
1572975148 4.375122723
1572975475 4.412279809
1572975814 8.644840435
1572976175 46.35021203
1572976556 4.45425372
1572976886 4.260658206
1572977216 4.221256927
1572977579 4.476260537
1572977927 4.187710662
1573206993 4.621490463
1573207161 4.411962823
1573207330 4.386162007
1573207496 4.474169596
1573207667 4.43874673
1573207834 4.370389607
1573208001 4.370609466
1573208166 4.346477845
1573208333 4.460861066
1573208500 4.484464684
1573208705 4.398800099
1573209355 4.232946968
1573210687 4.286017609
1573211354 4.39341981
1573212009 4.557203458
1573212658 4.654891698
1573213312 4.464561308
1573213980 4.357159751
1573214637 4.404549927
1573218172 4.396855037
1573218501 4.513878379
1573218892 4.311617874
1573220235 4.239835746
1573220402 4.493007168
1573220570 4.441913883
1573220739 4.188598611
1573220906 4.352932854
1573221074 4.371235372
1573221239 4.26371417
1573221407 4.39590302
1573221574 4.295412447
1573221743 4.623410007
1573221933 4.422733799
1573222104 4.455314464
1573222270 4.301739064
1573222435 4.367785392
1573222604 4.456941337
1573301083 4.863442967
1573301253 4.619461258
1573301422 4.306858025
1573301603 4.516058469
1573301788 4.299720334
1573301959 4.368853612
1573302135 4.357214015
1573302309 4.352912864
1573302478 4.449484876
1573302645 4.454471156
1573303794 4.155644576
1573304126 3.923026155
1573304289 4.175530036
1573304450 4.004590558
1573304618 4.498932453
1573304777 4.07748536
1573304936 4.065523392
1573305259 4.524380763
1573306397 4.223553723
1573306733 3.794133485
1573307057 3.734336864
1573307393 4.126454451
1573307710 4.22584827
1573308031 4.188020369
1573308345 3.764196775
1573309327 4.017131796
1573310168 3.956353227
1573310793 3.752748902
1573311409 4.060509689
1573312726 3.836660828
1573313347 3.858302105
1573313967 3.44858938
1573314596 3.847090974
1573741827 4.241106374
1573741947 3.720826935
1573743578 4.236425542
1573743677 3.902122507
1573743779 3.855757612
1573743977 3.649254793
1573744074 3.791729579
1573744171 3.925715571
1573744269 4.308422482
1573744365 3.649774195
1573744457 3.798369429
1573744661 3.624657063
1573744760 3.935911082
1573744873 4.312153993
1573745010 3.508892508
1573745107 3.563436698
1573745388 3.720340334
1573745491 4.093219208
1573745591 3.92309586
1573745689 3.665278278
1573745792 4.008870954
1573745891 3.811993935
1573745986 3.808758672
1573746087 3.82462601
1573746185 4.040733571
1573746287 3.883568634
1573746387 3.792563463
1573746485 3.928380128
1573746580 3.721094416
1573749097 4.185113662
1573749209 4.229851436
1573749303 4.236047468
1573749436 3.519262757
1573749541 3.991314254
1573749641 3.925440066
1573749739 3.763893455
1573749836 3.698526163
1573752433 3.755363441
1573752690 3.972951283
1573752849 4.155469585
1573753320 3.995004688
1573753479 3.752306643
1573753632 4.196305982
1573753794 4.402779771
1573754614 4.106673605
1573754773 4.218151695
1573754932 3.973395217
1573755103 3.94806041
1573755421 4.273278729
1573755577 4.258846768
1573755735 4.057927955
1573755892 4.200768485
1573828568 3.286712264
1573828872 3.878590158
1573829178 3.82968152
1573830351 3.807480094
1573830658 3.799560054
1573830966 3.837600764
1573831358 3.851656301
1573831515 4.179792376
1573831673 4.213889285
1573831846 4.14313911
1573831999 4.363829351
1573832158 4.100045708
1573832314 4.310640915
1573832481 4.267267413
1573832636 4.189518471
1573832791 4.283808283
1573833144 4.187414079
1573833308 4.229779706
1573833464 4.250872493
1573833622 4.48636367
1573900997 3.891020772
1573901154 4.224492043
1573901311 4.219784092
1573901628 3.983270412
1573901781 4.463375508
1573901935 4.291715876
1573902094 4.284648705
1573902251 4.456661421
1573902407 4.188072656
1573902600 4.311697593
1573902908 4.0072819
1573903530 3.806113704
1573903840 4.148644698
1574685913 3.819959024
1574686086 4.408826721
1574686244 3.979502446
1574686562 4.095313126
1574687255 4.495874754
1574687917 4.019151799
1574689590 3.997919749
1574689805 4.021910768
1574690473 4.347183586
1574690989 3.811717368
1574692240 3.642363207
1574693794 4.440353722
1574694225 4.23611813
1574694555 3.982599582
1574694865 4.242800218
1574695111 4.489211582
1574695439 4.127151714
1574696796 3.882061182
1574698534 4.004982359
1574706654 4.043018337
1574707213 3.706552315
1574708000 3.90122428
1574708413 4.476078905
1574708495 4.259187125
1574710611 4.0302355
1574710611 4.0302355
