1569849895 7.132113682
1569850097 9.550467543
1569849895 6.877340433
1569850097 9.550467543
1569850857 60.12397845
1569851114 11.093424306
1569851327 92.203852308
1569851450 10.40131278
1569851667 15.173729885
1569851879 27.959877023
1569852107 33.228757783
1569852336 42.514921493
1569852570 25.641091513
1569853214 83.990210181
1569853507 29.518529996
1569853981 197.326462334
1569855125 11.415797437
1569855564 17.505511138
1570446900 9.767318056
1570447903 3.991991679
1570447993 8.672681413
1570448696 1.755645488
1570448704 25.312386799
1570449188 10.354853424
1570449614 10.513251472
1570542986 38.415308075
1570543220 160.95190602
1570543577 9.882769278
1570543793 724.424632157
1570544705 10.880226545
1570544967 11.615232164
1570545166 9.477481591
1571322769 1.931783674
1571322888 8.400883052
1571323089 129.648174245
1571324004 9.050533178
1571324402 11.428490977
1571324794 224.993432265
1571325206 10.829883043
1571325406 8.612422353
1571325608 12.086968735
1571325809 8.980031392
1571326006 12.122189628
1571326534 175.317509577
1571326909 9.902512262
1571327118 11.784717308
1571327326 17.545520611
1571327725 9.954454865
1571328115 10.139160105
1571328507 9.127523317
1571328897 9.272323507
1571329290 9.400214848
1571329678 213.395964325
1574710596 7.067099906
1574707016 8.479366049
