1569850080 9.485147255
1569850080 9.485147255
1569850842 7.550894421
1569851099 7.802550752
1569851303 7.813087395
1569851653 6.468744342
1569851865 6.005902986
1569852094 5.971162669
1569852319 9.443673484
1569852555 5.93745288
1569853196 10.34957008
1569853491 9.088959971
1570543207 6.377069376
1570543564 5.809444791
1570543777 8.177194293
1570544693 5.772336005
1570544951 8.561737969
1570545152 6.778532472
1570545372 7.065534192
1571323076 5.781251515
1571325194 5.750788291
1571325390 8.576091167
1571325595 5.73489133
1571325795 7.026983809
1571325992 6.779290021
1571326886 15.784557167
1571327101 9.585304709
1571327308 6.139434332
1571395985 5.938459624
1571396182 5.900484182
1571396381 5.720003401
1571396578 5.636451024
1571396778 5.667604663
1571397004 9.29060775
1571397209 6.581791266
1571397409 5.790789141
1571397606 6.068823172
1571397804 5.722512635
1571405051 6.18724514
1571405251 5.758040814
1571405449 7.168495158
1571405681 5.549793376
1571405880 5.543856801
1571409098 9.2833498
1571409302 6.999410746
1571409502 6.263873273
1571409718 5.812942431
1571409916 5.5905444
1571664522 5.455848
1571665031 9.412594256
1571665245 5.981790405
1571665439 5.905112982
1571665634 5.786182093
1571665829 5.79935391
1571668247 10.194831775
1571668445 5.816215779
1571668649 6.084888429
1571668844 5.937067333
1571669044 5.474197263
1571752117 6.286005786
1571752318 3.57682193
1571752717 5.877365205
1571752913 6.028768935
1571753109 6.980131682
1571753305 6.756770776
1571753503 7.330858408
1571753700 5.568841938
1571753896 5.824035436
1571760255 6.068010572
1571760452 6.519021801
1571760653 5.904150956
1571760854 6.013159004
1571761055 3.458586935
1571761260 10.820480616
1571761458 5.721874763
1571761653 6.071254946
1571761850 5.867478168
1571762058 5.677668662
1572003360 5.217893417
1572003557 7.506288405
1572003753 7.650300485
1572003950 6.459421291
1572004146 5.760273632
1572004344 3.309134301
1572004541 3.454568304
1572004736 11.551163628
1572004939 6.892249098
1572005136 5.787882667
1572011338 7.320579156
1572011537 3.213991686
1572011736 3.419568627
1572011928 5.598045164
1572012124 6.766117063
1572012321 5.664908816
1572012516 6.135111213
1572012710 5.749714454
1572012905 5.747279734
1572013099 5.722122016
1572265159 5.802887951
1572265359 5.93839346
1572265555 6.732051249
1572265753 7.77602141
1572265958 5.804953113
1572266159 5.685648271
1572266359 5.759098887
1572266557 5.694671508
1572266756 6.73616324
1572266962 7.860821349
1572274210 6.517099847
1572274383 9.291724753
1572274551 5.699864737
1572274724 6.108513449
1572274893 6.407412298
1572275062 6.920774806
1572275241 2.765759143
1572275410 5.081679164
1572275578 5.208403016
1572275752 4.740058555
1572361374 5.724087589
1572361570 5.604190712
1572361765 6.867156335
1572361960 8.889869633
1572362158 5.774976918
1572362353 6.459479612
1572362549 6.561750296
1572362749 6.079656609
1572362943 5.685373774
1572363139 8.007914205
1572367001 6.874319974
1572367170 6.904902301
1572367341 4.826261168
1572367507 5.212476502
1572367690 8.522645577
1572367868 7.979289379
1572368036 6.78678023
1572368205 5.462838416
1572368371 4.584051438
1572368537 12.062641253
1572532911 67.242811886
1572544589 6.264578463
1572544757 6.777032416
1572544929 8.66096813
1572545101 11.807769253
1572545274 9.084497221
1572870103 5.011878013
1572870321 6.348885739
1572870503 7.838764149
1572870724 5.990868461
1572870893 6.281606504
1572965484 4.744054559
1572965650 5.634871796
1572965819 6.597871662
1572965985 4.577246497
1572966157 4.83855192
1572966326 7.483568935
1572966495 4.661567355
1572966679 11.838023838
1572966857 4.639500429
1572967021 5.343450312
1573207130 6.262800339
1573207299 6.047790873
1573207467 4.477090593
1573207632 6.910469246
1573207803 6.20488035
1573207970 6.192331709
1573208136 5.124452491
1573208302 5.292617726
1573208470 4.711668028
1573208636 7.750243871
1573220371 4.815105244
1573220539 5.755994295
1573220707 6.556588378
1573220876 5.958036963
1573221043 5.445093111
1573221209 4.70946606
1573221374 6.403873752
1573221543 6.206366178
1573221712 5.643849551
1573221879 4.570106317
1573222069 9.520092585
1573222239 6.011070582
1573222405 4.604864594
1573222571 5.695721503
1573222741 4.657865667
1573301225 2.835110899
1573301389 8.643968073
1573301571 6.77271702
1573301756 6.169201401
1573301927 7.686829939
1573302104 4.763733786
1573302273 12.467001264
1573302446 6.093719512
1573302615 4.655193367
1573302799 7.950488411
1573303931 6.328364834
1573304094 6.022307594
1573304255 4.821392337
1573304422 4.555274556
1573304581 8.821438522
1573304747 6.632125129
1573304909 2.711956829
1573305067 4.688757788
1573305227 7.618916947
1573305388 6.864636108
1573752603 5.797767279
1573752820 5.590190966
1573752978 4.944010496
1573753136 4.303942406
1573753291 4.187273435
1573753449 5.41118753
1573753605 4.239851823
1573753759 11.455013688
1573753921 4.900165602
1573754741 6.284023689
1573754903 4.35977083
1573755067 8.953793387
1573755232 6.284638971
1573755390 6.441819893
1573755547 4.144134808
1573756184 4.414332416
1573831489 2.141386835
1573831644 6.28288855
1573831815 7.849449837
1573831971 4.099066737
1573832126 5.932299556
1573832286 4.744546178
1573832446 11.556640455
1573832606 4.712086129
1573832762 4.557430429
1573832917 4.243082988
1573833114 5.784424187
1573833277 6.003027212
1573833433 5.305296015
1573833593 5.422236441
1573833748 11.851470661
1573901124 5.650662335
1573901281 4.139719535
1573901435 4.553097873
1573901598 5.987863005
1573901752 4.996143206
1573901907 4.610663811
1573902063 5.076915999
1573902221 4.267397467
1573902377 4.269929043
1573902535 4.082764297
1574685869 6.848759205
1574686056 5.816919531
1574686214 4.113633264
1574686377 4.529511851
1574686534 4.56689491
1574686699 4.194716336
1574686863 4.845649052
1574687050 7.093804153
1574687227 4.411243215
1574687390 5.81878074
1574689751 2.450441148
1574689935 4.359257434
1574690105 7.486071827
1574690273 4.263955244
1574690443 4.978790166
1574690611 6.814241332
1574690774 4.453491147
1574690938 9.68739879
1574691121 6.098357002
1574691297 4.95064874
1574706948 6.809766872
1574954269 4.322689274
1574954434 6.081482142
1574954606 6.404651625
1574954792 5.689939627
1574954953 4.191701642
1574955111 4.052635015
1574955368 4.443970013
1574955529 4.270339556
1574955687 6.940969055
1574955849 6.404934353
1575026597 6.494502618
1575026757 8.319052382
1575026918 6.937048887
1575027080 8.39733018
1575027244 6.65044498
1575027407 8.077782693
1575027570 7.165317368
1575027729 6.502168193
1575027899 2.672599346
1575028054 4.055539299
1575112913 4.50043976
1575113078 4.442608905
1575113234 6.725215988
1575113396 4.200616487
1575113556 5.173114751
1575113713 4.905044209
1575113870 4.37835251
1575114027 4.606726908
1575114191 8.779254702
1575114352 3.955278873
1575289844 4.519739641
1575290009 6.404374166
1575290176 24.666289651
1575290365 6.206783702
1575290536 2.853507697
1575290709 6.463253488
1575290874 4.191156875
1575291031 5.569926665
1575291193 5.987153306
1575291355 6.951806241
1575384242 8.173354226
1575384405 4.962298452
1575384563 4.940351614
1575384726 7.356461234
1575384884 4.642008385
1575385044 4.601303803
1575385205 5.803971124
1575385364 6.244450803
1575385527 6.657313502
1575385686 5.124828861
1575556628 2.420165784
1575556788 6.918081287
1575556960 5.443475387
1575557142 6.118196835
1575557314 6.272282665
1575557496 5.287149513
1575557672 9.354847423
1575557844 6.624058698
1575558305 6.241887445
1575558489 5.508814241
1579184123 6.913713249
1579184842 2.52711485
1579185004 2.3449423
1579185163 6.64255671
1579185340 5.170032816
1579185515 8.079105455
1579185696 4.478959473
1579185881 2.608995868
1579186064 5.790977572
1579186235 5.927209436
1579351860 4.814084843
1579352019 6.502383855
1579352184 2.179198676
1579352342 6.157317192
1579352503 9.88209313
1579352668 4.370213051
1579352824 8.408751256
1579352993 2.507147181
1579353150 9.136295413
1579354017 6.932265645
