1569853680 5.014375404
1569854322 5.007884085
1569855296 5.059177933
1569855733 4.979028583
1570448867 4.690124782
1570449370 3.038808332
1571323747 4.823648918
1571324150 4.890984174
1571328260 4.807919357
1571329434 4.788149357
1571397982 4.859494341
1571399552 4.801029542
1571401554 4.820705258
1571406936 4.972433237
1571407718 4.863096014
1571408501 4.712470793
1571665993 4.605966119
1571666774 5.04360539
1571755360 4.841696404
1571757452 4.675590142
1571757848 4.931298718
1571763035 4.819408511
1571763816 4.836852231
1571765023 4.947232734
