1569850030 6.670531704
1569850234 6.623358001
1569850030 6.670531704
1569850234 6.623358001
1569851047 6.484853158
1569851253 6.376132014
1569851603 6.389719766
1569851815 6.58731855
1569852044 6.426399724
1569852269 6.591376555
1569852506 6.700253001
1569853115 8.153082176
1570543154 6.140975608
1570543516 6.168064723
1570543725 6.536064963
1570544642 6.251091963
1570544901 6.259490123
1570545102 6.699433706
1570545319 6.258869748
1571323026 6.40818591
1571325144 6.513401986
1571325340 6.371700552
1571325546 6.494702634
1571325746 6.417527727
1571325942 6.472058718
1571326149 7.504616602
1571327050 6.458067174
1571327259 6.383943612
