1569854759 3.919759811
1569856367 3.880364922
1571330419 3.828136779
1571766776 3.891878314
1571767560 3.851894399
1572537637 3.12476167
1572538290 3.122799766
1572538950 3.058865278
1572539603 3.13797678
1572540252 2.984074349
1572541156 3.063166914
1572541809 3.068831301
1572542458 2.995702333
1572543105 3.179501639
1572543776 3.425666625
1572871524 3.066586877
1572872175 3.159547126
1572872856 3.215651669
1572873504 3.068791325
1572874162 3.019496664
1572875227 3.065284543
1572876081 2.987849428
1572877307 3.117723396
1572877962 3.054543814
1572879202 3.059367538
1572967592 3.043540082
1572968250 3.026290006
1572969550 3.11712154
1572970211 2.98840594
1572970861 3.115110611
1572971523 3.084602744
1572972185 3.148460735
1572972834 3.076371612
1572973550 3.02469791
1572974199 3.072978416
1572974857 3.042795253
1573209133 3.156347213
1573209804 2.973054051
1573210464 3.110897481
1573211133 3.074151005
1573211792 3.067178078
1573212439 3.048026679
1573213092 3.035721859
1573213742 3.079299287
1573214415 2.978454116
1573215072 2.895541425
1573310581 2.991886931
1573311199 2.829043057
1573311811 3.056965055
1573312517 3.03854774
1573313134 3.033545603
1573313759 2.900118218
1573314387 2.848118102
1573315000 3.081685779
1574696608 2.988635821
1574697187 2.899524767
1574697779 2.899382092
1574698351 2.97249871
1574698939 2.92929483
1574709751 3.037357261
1574711010 2.93158128
1574956359 3.081307198
1574957022 2.983845207
1574957623 2.951081245
1574958205 2.941481826
1574958798 2.920912275
1574959386 2.94268984
1574959987 3.068879126
1574960564 2.985338769
1574961174 3.119840754
1574961810 2.938138599
1575033287 2.907283062
1575033855 2.979820736
1575034444 2.943500749
1575035021 2.893670473
1575035582 2.883529061
1575036619 2.955113419
1575037181 2.923413017
1575037740 2.939458203
1575038743 2.905015976
1575039314 2.98462489
1575120574 2.951782737
1575121139 2.929561776
1575122133 2.943081199
1575122760 2.973565907
1575123318 2.980818201
1575123876 2.949790442
1575124432 2.862589123
1575124999 2.847556511
1575125563 2.966627645
1575126129 2.944215602
1575297881 3.078976984
1575298454 3.064086272
1575299023 3.074340785
1575299603 3.070168396
1575300174 2.944001013
1575300792 2.980043893
1575301565 2.968396747
1575302174 3.115205771
1575390361 2.933445385
1575390931 3.125818017
1575391494 3.054977334
1575392060 2.935730852
1575392870 2.938755608
1575393506 3.008069527
1575394065 2.906879472
1575394632 3.02457637
1575395196 3.107284462
1575395759 3.05874483
1575562606 2.983306735
1575563290 3.032784979
1575563939 2.852742349
1575564536 2.987716943
1575565119 3.036140272
1575565683 3.104369259
1575566257 3.162113944
1575566857 2.953884658
1575568184 2.984138352
1575568768 2.94976884
1579191214 2.918566786
1579191826 2.979948071
1579192393 2.936695587
1579192978 2.938494214
1579193564 2.866678003
1579194128 2.920022103
1579194696 2.881498565
1579195262 2.605934377
1579195851 2.857246397
1579196414 2.952029478
1579359619 2.902725224
1579360196 2.963167424
1579360757 2.65568361
1579361312 2.841238598
1579361868 2.845501873
1579362422 2.99400752
1579362979 3.033336049
1579363546 2.942754421
1579364112 2.865094539
1579364671 2.891462708
1579530663 2.899984802
1579531236 2.95761864
1579532292 2.987427541
1579532984 2.915189407
1579533645 2.900115779
1579534246 2.871547244
1579534932 2.698303987
1579535548 2.873501975
1579536620 3.032740458
1579537195 2.857800646
1580223922 2.912239158
1580224481 2.901628521
1580225037 2.938306836
1580225601 2.984019268
1580226160 2.913916576
1580226746 2.960225521
1580227313 2.893774971
1580227911 3.068240233
1580228492 2.923724808
1580229052 2.97938917
1580312479 2.904271406
1580313059 2.983734039
1580313939 2.919374312
1580314578 2.947146288
1580315135 2.873338007
1580315696 2.907305872
1580316258 2.94724899
1580316968 2.867157158
1581942619 3.085594842
1581944196 2.853869009
1581945143 2.904027631
1581946093 2.955885205
1581946661 2.892955728
1581947556 2.982681982
1581948149 2.895815036
1581949259 3.370868539
1582034964 3.298159319
1582035837 2.837262418
1582036441 3.016274721
1582037052 3.100229993
1582037652 2.867388089
1582038246 3.114959243
1582038834 2.946667402
1582041746 3.315158573
1582042499 3.104051078
1582043948 3.199435847
1582044540 2.954726147
1582638142 2.775895214
1582638704 2.863915996
1582640139 2.870955424
1582640958 2.766098841
1582641517 3.045241105
1582642088 2.969841551
1582642655 2.852257667
1582643230 2.913233871
1582643828 2.868544264
1582644387 2.820997249
1582898997 3.192630848
1582899559 2.940954268
1582900127 2.864674461
1582900686 2.938357526
1582902431 2.901272639
1582902991 2.931130818
1582903596 2.852967876
1574711010 2.93158128
