1569854618 10.953609346
1571330280 10.496478579
1571766637 10.76472376
1571767420 10.575032658
1572537522 8.497892449
1572538176 8.59766229
1572538836 8.447373893
1572539489 8.51297832
1572540137 8.617029888
1572541042 8.566448177
1572541696 8.498078536
1572542344 8.592513367
1572542992 8.561414588
1572543656 8.431691465
1572871410 8.693699004
1572872061 8.416336955
1572872739 8.739279241
1572873391 8.713192647
1572874044 8.603548863
1572875106 8.538625427
1572875966 8.622727
1572877193 8.536955401
1572877844 8.502911103
1572879087 8.576322671
1572967478 8.551696812
1572968135 8.6837302
1572969436 8.367255125
1572970098 8.448452196
1572970748 8.374515311
1572971407 9.523679371
1572972063 16.201316656
1572972720 8.629488279
1572973436 8.756036374
1572974085 8.670258594
1572974737 8.469182841
1573209020 8.573782638
1573209676 8.457367343
1573210351 8.574164972
1573211019 8.520978087
1573211677 8.463911508
1573212325 8.644129623
1573212979 8.588329483
1573213627 8.637421526
1573214299 8.60440294
1573214958 8.512990032
1573310473 7.896736131
1573311091 8.12479773
1573311706 7.710412607
1573312412 8.004661702
1573313024 7.804546827
1573313650 7.906599813
1573314280 7.599142234
1573314895 7.738280073
1574696503 7.676662797
1574697083 7.733161801
1574697675 7.786627281
1574698247 7.650616222
1574698836 7.682561245
1574709618 28.444410026
1574710906 7.402506759
1574956255 7.683577497
1574956917 8.087862659
1574957518 7.80451569
1574958100 7.754218472
1574958693 8.079328558
1574959279 7.709632159
1574959882 7.973267296
1574960460 7.979311254
1574961070 7.779370754
1574961706 7.964610164
1575033181 8.108175296
1575033749 8.09154904
1575034340 7.792323986
1575034911 10.420585312
1575035477 7.973504333
1575036515 7.883674041
1575037077 7.772220177
1575037636 7.643378308
1575038638 7.673794599
1575039208 7.511872005
1575120470 7.658551066
1575121035 7.723133363
1575122030 7.75797742
1575122656 7.817571058
1575123213 7.644241667
1575123772 7.731336621
1575124329 7.756598532
1575124896 7.948573407
1575125458 7.744476885
1575126024 7.850323881
1575297773 7.930789543
1575298349 7.73295024
1575298917 7.642827028
1575299496 8.046591245
1575300070 7.701238265
1575300688 7.632904049
1575301457 10.635378446
1575302069 7.471960871
1575390257 7.713787756
1575390826 7.982177105
1575391390 7.888187229
1575391956 7.756012694
1575392765 7.811412318
1575393402 7.80384037
1575393960 7.88440388
1575394527 7.849075187
1575395091 7.790315167
1575395654 7.849743513
1575562489 7.853175625
1575563186 7.880572355
1575563835 7.952332536
1575564433 7.927231294
1575565014 7.753848071
1575565580 6.790374225
1575566153 8.061304262
1575566735 7.898332596
1575568055 30.874699868
1575568662 10.609721906
1579191109 7.932992625
1579191721 7.830737615
1579192287 8.069868664
1579192867 7.956454416
1579193434 7.915138469
1579194023 7.755752003
1579194591 7.850900967
1579195155 8.155674471
1579195747 7.858113779
1579196309 8.165820436
1579359515 7.767262827
1579360092 7.963801924
1579360653 7.852435289
1579361208 7.704826727
1579361763 7.736402802
1579362318 7.775578343
1579362874 7.937095273
1579363441 7.821818624
1579364008 8.002004774
1579364568 7.730005639
1579530560 6.655772788
1579531132 7.633122681
1579532172 7.657393504
1579532877 7.67835135
1579533541 7.791081908
1579534142 7.640653158
1579534828 7.734304278
1579535441 9.768442187
1579536516 7.927661073
1579537091 8.075691243
1580223818 7.833326545
1580224376 7.783611406
1580224933 7.719535293
1580225497 7.729761624
1580226056 7.738593157
1580226640 8.024998326
1580227208 8.030602752
1580227806 7.754547676
1580228387 7.76698841
1580228947 7.85204518
1580312375 7.868173597
1580312956 7.729818551
1580313511 7.934060228
1580314474 7.769564654
1580315032 7.932120911
1580315592 7.936882181
1580316152 7.782571413
1580316856 10.079377387
1580317449 7.495528371
1581942514 7.846478591
1581943927 8.528113565
1581945023 8.00392774
1581945988 7.75086362
1581946556 7.922061733
1581947125 8.134843092
1581948045 7.819752605
1581949147 7.456123627
1582034848 7.914655284
1582035724 9.050949444
1582036335 7.548781398
1582036936 8.415332785
1582037543 8.396935443
1582038135 7.44257427
1582038731 7.693206003
1582041630 8.820790116
1582042391 8.123754724
1582043832 7.388671593
1582044433 7.889251753
1582638038 7.789297633
1582638600 7.761531997
1582640032 7.537895743
1582640853 7.452889413
1582641410 7.745155671
1582641984 7.677634674
1582642552 7.979174949
1582643124 7.768412104
1582643724 7.807596288
1582644282 7.979852613
1582898890 10.080173306
1582899454 8.25991622
1582900023 7.75497428
1582900582 7.736535624
1582902327 7.840209891
1582902888 7.860374913
1582903492 7.605463334
1574710906 7.402506759
