1569854450 3.649482131
1569855860 3.561508059
1571330149 3.422436146
1571766504 3.50335028
1571767287 3.628055246
1572537410 2.90789294
1572538067 2.767805818
1572538727 2.776182021
1572539380 2.887501295
1572540026 2.89307471
1572540932 2.807419808
1572541586 2.725312931
1572542235 2.723653289
1572542882 2.720546682
1572543547 2.726913334
1572871301 2.845607741
1572871951 2.809943665
1572872628 2.817715588
1572873281 2.705799929
1572873934 2.732181572
1572874996 2.72973546
1572875858 2.864661729
1572877083 2.746425328
1572877732 2.808660384
1572878960 2.652418107
1572967368 2.735410448
1572968024 2.752424382
1572969326 3.031585069
1572969987 2.690884595
1572970638 2.773158036
1572971289 2.727495146
1572971950 2.81000076
1572972610 2.815536841
1572973323 2.908242799
1572973976 2.975830062
1572974627 2.852900122
1573208909 2.806685134
1573209565 2.814146413
1573210240 2.792014718
1573210909 2.945112736
1573211566 2.763523507
1573212215 2.708801464
1573212866 3.092614663
1573213517 2.815472798
1573214188 2.984416717
1573214844 2.924724768
1573310367 2.770011508
1573310988 2.604796312
1573311604 2.559620987
1573312308 2.727231908
1573312918 2.638028804
1573313545 2.619376088
1573314178 2.52062877
1573314792 2.595024499
1574696401 2.31025847
1574696982 2.618553772
1574697572 2.599640465
1574698146 2.592836087
1574698732 2.760494075
1574709517 2.488267282
1574710802 2.923353966
1574956155 2.721285223
1574956816 2.177913512
1574957418 2.481747114
1574957996 2.720934478
1574958588 2.5939188
1574959177 2.940558175
1574960359 2.603817327
1574960970 2.584726875
1574961607 2.518032378
1575033079 2.655875798
1575034238 2.547421857
1575035376 2.640629776
1575037535 2.735476601
1575038537 2.415670337
1575039106 2.539099473
1575120369 2.335984163
1575120933 2.428946507
1575121494 2.445707897
1575122556 2.741385791
1575123113 2.45947107
1575123673 2.387607261
1575124228 2.535414637
1575124796 2.772687955
1575125353 2.646695883
1575125923 2.57248683
1575297669 2.647976209
1575298248 2.69033921
1575299966 2.602949353
1575300586 2.594063538
1575301157 2.323116683
1575301968 2.289859351
1575390154 2.726260496
1575391290 2.544878559
1575391855 2.611313701
1575392663 2.653738683
1575393300 2.428395313
1575393860 2.511488475
1575395552 2.762605761
1575562388 2.509554658
1575563086 2.710523125
1575563734 2.462723486
1575564330 2.406297422
1575564914 2.349900528
1575565479 2.305107204
1575566048 2.519634237
1575566633 2.671388037
1575567953 2.475428398
1575568559 2.656616172
1579191007 2.551794518
1579191620 2.633192781
1579192185 2.310035212
1579192766 2.690550842
1579193329 2.509017011
1579193921 2.450969332
1579195055 2.378462612
1579195645 2.608223457
1579196208 2.732106942
1579359415 2.431007016
1579361108 2.564656617
1579361664 2.445699045
1579362218 2.561447202
1579362774 2.561104747
1579363906 2.687030228
1579364465 2.736208016
1574710802 2.923353966
