1569849922 2.522854358
1569850126 2.495993277
1569849922 2.522854358
1569850126 2.495993277
1569850937 2.60019672
1569851145 2.82517148
1569851491 2.579403391
1569851702 2.693758398
1569851931 2.52339838
1569852160 2.423921812
1569852399 2.481129872
1569852615 2.735661647
1569853006 2.737343945
1569853318 2.567677416
1569853559 2.295835851
1569854199 2.656008518
1569855157 2.635098765
1569855605 2.469648486
1570446930 2.532828211
1570448022 2.58831591
1570448749 2.402622014
1570449218 2.583601186
1570449645 2.914855896
1570543044 2.661495785
1570543404 2.51113392
1570543607 2.65472793
1570544537 2.607542152
1570544736 2.570537696
1570544998 2.39395345
1571322916 2.68751104
1571323238 2.592782016
1571323631 2.519949852
1571324033 2.526204497
1571324433 2.499231333
1571325038 2.678019441
1571325236 2.41690836
1571325435 2.408392932
1571325639 2.653010281
1571325838 2.394911901
1571326038 2.51125191
1571326729 2.471310922
1571326942 2.598815035
1571327149 2.460969153
1571327363 2.550304471
1571327753 2.521315876
1571328144 2.482551885
1571328535 2.60962676
1571328926 2.684872608
1571329318 2.424544971
1571329911 2.441238827
1574710617 2.056947106
1574707039 1.764705575
1574708702 1.841862284
