1571766951 5.440503619
1572537779 4.945419534
1572538437 4.818277553
1572539094 4.987024777
1572539747 4.555158208
1572540395 4.937545284
1572541306 4.761078151
1572541953 4.78580084
1572542603 4.262853234
1572543248 4.859507041
1572543922 4.748552156
1572871670 4.987626492
1572872319 4.811124476
1572873000 4.823108661
1572873648 5.141256454
1572874306 4.794922692
1572875373 4.865537237
1572876231 11.744046454
1572877452 4.710541725
1572878107 4.780813954
1572879350 4.684334644
1572967738 4.916595147
1572969694 4.774996383
1572970355 4.357952368
1572971005 4.761595552
1572971668 4.849419504
1572972329 4.955384324
1572973042 4.831188259
1572973694 5.401494923
1572974343 8.188995484
1572975001 4.947387987
1573209278 5.089142534
1573209948 4.495601786
1573210611 4.482180297
1573211280 4.898594841
1573211936 4.898114758
1573212585 4.384140715
1573213238 4.906078387
1573213902 4.940653096
1573214562 4.763566547
1573215219 5.499300227
1573310723 5.084812535
1573312656 4.703578344
1573313274 5.073803804
1574709889 4.421387676
1574711145 4.675894177
1580229174 4.736441976
1574711145 4.675894177
