1569850043 2.392700965
1569850247 2.639449275
1569850043 2.392700965
1569850247 2.639449275
1569850805 2.653032443
1569851061 2.676680421
1569851266 2.62525415
1569851616 2.518705993
1569851829 2.694632208
1569852058 2.775809591
1569852282 2.612539839
1569852519 2.643501399
1569853138 2.803809803
1569853447 2.604435299
1570543167 2.650875031
1570543529 2.522410803
1570543739 2.621932316
1570544656 2.689103803
1570544915 2.810788115
1570545116 2.569770917
1570545333 2.669407128
1571323039 2.645636159
1571325157 2.640641079
1571325354 2.699314032
1571325559 2.463772826
1571325759 2.452093685
1571325956 2.673308794
1571326183 1.813799629
1571326848 2.634026267
1571327063 2.557694254
1571327272 2.643880663
1574707130 2.171300561
