1569854486 4.710474945
1569855911 5.591031106
1571330183 4.320353001
1571766538 4.481958355
1571767321 4.395707184
1572537437 3.570157611
1572538095 3.493469374
1572538755 3.477367769
1572539408 3.49452653
1572540054 3.687733925
1572540960 3.498680946
1572541614 3.419285988
1572542262 3.451977082
1572542909 3.531713829
1572543575 3.455696523
1572871328 3.531641263
1572871979 3.556559152
1572872656 4.575023246
1572873309 4.340197114
1572873962 4.341606928
1572875024 3.611150393
1572875885 3.447256096
1572877110 3.603914087
1572877760 3.627533585
1572878988 3.617495524
1572967395 3.413928172
1572968052 3.41698971
1572969354 3.572510532
1572970015 3.57868486
1572970665 3.511368851
1572971317 3.526772958
1572971978 3.622198586
1572972638 3.45635435
1572973354 3.541085742
1572974004 3.684614895
1572974655 3.485823439
1573208937 3.707021131
1573209593 3.752443387
1573210268 4.471772315
1573210936 5.121525231
1573211593 3.536597905
1573212242 3.532600426
1573212894 3.47437688
1573213545 3.518418593
1573214217 3.651821401
1573214871 3.540522482
1573310393 3.624222364
1573311014 3.104300536
1573311630 3.151681719
1573312334 4.072129758
1573312944 3.032439731
1573313571 3.195517051
1573314204 4.712510097
1573314818 2.9497664
1574696427 4.221901598
1574697006 3.45248565
1574697598 3.022794113
1574698172 4.348008647
1574698757 3.066396414
1574709542 3.053139088
1574710828 3.274195645
1574710828 3.274195645
