1570449057 7.427485518
1570449511 7.442438665
1571323498 7.547982555
1571323892 6.355156238
1571324299 7.496099933
1571324692 7.646581923
1571327622 7.448676531
1571328013 7.277797763
1571328404 7.7269414
1571328795 7.020955101
1571329187 7.417505369
1571329576 7.331021697
1571398124 7.383236042
1571398521 7.442750802
1571398913 7.625367411
1571399305 7.454884086
1571399697 7.295370896
1571400094 7.130967358
1571400310 212.206741581
1571400913 7.460347835
1571401307 7.413499133
1571401697 7.146531113
1571407078 7.177072961
1571407470 7.484491415
1571407861 7.294119593
1571408249 7.646383713
1571408643 7.443668326
1571666136 7.395115597
1571666527 7.380931032
1571666917 7.612731601
1571667309 7.267073395
1571667755 7.197411723
1571669406 7.123013803
1571669799 7.318131463
1571754315 7.212677746
1571754708 7.316893064
1571755108 7.471330784
1571755511 7.431133884
1571756740 7.677300804
1571757177 7.332107607
1571757595 7.07997458
1571757991 7.370659592
1571758384 7.3400225
1571758776 7.298081044
1571762388 7.292058047
1571762785 7.302726799
1571763177 7.30876164
1571763566 7.497240772
1571763960 7.244887435
1571764385 7.461935932
1571764776 7.755607135
1571765167 7.233820902
1571765555 7.555267065
1571765947 7.402766646
1572007274 7.471635805
1572007668 7.804112821
1572008167 12.531647876
1572008578 7.553771392
1572008973 7.786834416
1572009365 7.384947981
1572009754 7.400428588
1572010146 7.300117714
1572010542 7.404143925
1572010932 7.383371454
1572013496 7.357375005
1572013889 7.452065315
1572014281 7.316004663
1572014670 7.369135476
1572015060 7.358867548
1572269117 7.33391065
1572269532 7.627679672
1572269946 7.309072088
1572270352 7.124201288
1572270748 7.523591232
1572271266 7.219282562
1572272461 6.561170882
1572272791 6.738283846
1572273126 6.330556539
1572273473 6.399203547
1572273806 6.321838929
1572276230 6.540837416
1572276567 6.622919125
1572276901 6.411242775
1572277232 6.703438496
1572277567 6.472275246
1572277925 6.523694231
1572278257 6.327054156
1572278589 6.664139048
1572363648 6.015049913
1572363977 6.658075766
1572364307 6.615282227
1572364637 6.714242983
1572364976 6.551331232
1572365312 6.690688495
1572365690 6.347128148
1572366738 6.63801799
1572369765 6.444726261
1572370759 6.487610683
1572371420 6.621956191
1572372080 6.232304852
1572372409 6.31748903
1572372742 6.332439999
1572533753 6.103040914
1572534107 6.290237843
1572534454 6.590971217
1572534783 6.774437682
1572535465 6.439512449
1572535795 6.795130479
1572536130 6.429491486
1572536493 6.54937546
1572536681 155.823938464
