1569854332 12.955540233
1569855306 13.058949711
1570447072 12.85195189
1570449812 13.070342192
1571329052 12.15033918
1571330035 12.212843529
1571398780 12.169749057
1571400352 12.180922509
1571408116 11.98360005
1571669664 12.289726147
1571754182 12.282457566
1571754973 12.106938858
1571757032 12.58344224
1571758250 12.372595739
1571762255 12.129742397
1571763826 11.991763929
1571765422 12.281567851
1571766391 12.222717752
1572007140 12.108511765
1572009232 12.125352472
1572010799 12.010291727
1572013362 12.129636672
1572013755 12.133236185
1572269398 12.585755987
1572271102 10.083432293
1572976669 9.786797645
1573307501 10.590282074
1574693578 9.273441963
1574694333 9.903131415
1575028833 9.137749821
1575297583 9.794475799
1575388476 9.579831925
1579189412 9.645977337
1579193249 9.915826632
1579529264 9.104673856
1579533357 9.498284762
1580218886 9.25406312
1580311489 8.794763086
1581937919 9.404511894
1581938562 8.722457884
1581943535 8.84931216
1582032888 10.60378333
