1569850059 5.520430946
1569850059 5.520430946
1569850820 6.417116403
1569851078 5.954248411
1569851282 5.732025482
1569851632 5.511582567
1569851845 5.696711906
1569852074 5.616517587
1569852299 5.596360342
1569852535 5.651646233
1569853174 7.003734069
1569853463 7.163002737
1570543183 7.249958012
1570543545 5.523654596
1570543755 5.476690318
1570544672 5.552793507
1570544931 5.499173546
1570545132 5.550935716
1570545348 5.358338752
1571323056 5.787709337
1571325173 5.758626337
1571325370 5.428515806
1571325575 5.631669324
1571325775 5.76969559
1571325971 5.503277184
1571326863 5.455496645
1571327079 5.854930057
1571327288 5.655309228
1571395965 5.493935735
1571396162 5.387062101
1571396360 6.242582822
1571396558 5.622675472
1571396758 5.334974246
1571396983 5.499433988
1571397188 5.592570494
1571397389 5.317900259
1571397586 5.583960119
1571397783 5.547533167
1571405031 5.625664325
1571405230 5.432201628
1571405427 5.955700899
1571405661 5.681254384
1571405860 5.376143468
1571409077 5.583441651
1571409280 5.506000506
1571409481 5.394438661
1571409698 5.414291848
1571409896 5.407829918
1571664502 5.351852066
1571665010 5.477323069
1571665225 5.518185769
1571665420 5.410671606
1571665614 5.618814645
1571665809 5.579176426
1571668226 5.427692929
1571668425 5.606693954
1571668629 5.427499496
1571668824 5.573991243
1571669024 5.703522641
1571752097 5.423119226
1571752293 5.518745397
1571752492 5.564299164
1571752697 5.509002187
1571752893 5.476182785
1571753087 5.491044506
1571753285 5.205044408
1571753482 5.372953926
1571753680 5.47705557
1571753877 5.496377894
1571760234 5.457995548
1571760432 5.38104537
1571760634 5.461565374
1571760831 8.693057922
1571761032 5.746320761
1571761240 5.264834302
1571761439 5.415049423
1571761634 5.554788984
1571761830 5.440355172
1571762038 5.455724153
1572003340 5.413349817
1572003536 5.445911731
1572003732 5.56372184
1572003930 5.761239736
1572004126 5.490579164
1572004322 5.590522356
1572004516 5.530349326
1572004715 5.49266403
1572004918 5.711760389
1572005116 5.599420915
1572011317 5.402220887
1572011514 5.429448117
1572011711 9.021324543
1572011908 5.584739479
1572012104 5.415471594
1572012301 5.370806684
1572012496 5.539021303
1572012690 5.610742411
1572012885 5.54845495
1572013079 5.553855425
1572265139 5.584373535
1572265337 6.919629018
1572265535 5.616153896
1572265732 5.582057393
1572265938 5.726740282
1572266139 5.590674333
1572266337 6.783618684
1572266538 5.703771482
1572266736 5.414158479
1572266940 7.322939622
1572274192 4.519865183
1572274365 4.429155055
1572274534 4.464932166
1572274706 4.50962101
1572274875 4.9959888
1572275044 4.52281168
1572275216 4.53544411
1572275393 4.559147874
1572275561 4.594384034
1572275735 4.439150676
1572361354 5.630871933
1572361550 5.550962158
1572361744 5.543133431
1572361939 5.523852028
1572362138 5.597958583
1572362332 5.674694591
1572362528 5.706354422
1572362728 5.614502373
1572362923 5.530235754
1572363118 5.418205858
1572366984 4.458355292
1572367152 4.771113561
1572367324 4.520249065
1572367490 4.422660781
1572367672 4.453501979
1572367850 4.502301716
1572368018 4.570653877
1572368187 4.557249592
1572368354 4.334248264
1572368519 4.336382447
1572532469 5.547364944
1572532670 5.364934096
1572532875 5.3992825
1572544571 4.487459427
1572544740 4.523557317
1572544911 4.451829844
1572545084 4.674070304
1572545257 4.731517874
1572870086 4.527357858
1572870303 4.54684711
1572870486 4.54948368
1572870706 4.584189023
1572870875 4.448246602
1572965467 5.06204129
1572965633 4.399086837
1572965800 4.77917452
1572965969 4.432558097
1572966141 4.627157212
1572966307 4.632721783
1572966479 4.325039059
1572966661 4.399518432
1572966841 4.425246733
1572967005 4.481961818
1573207113 4.387554469
1573207281 4.395433777
1573207450 4.607937238
1573207615 4.567438733
1573207785 4.430190448
1573207952 4.694830117
1573208119 4.771536421
1573208285 4.574259107
1573208453 4.683449639
1573208618 4.423162307
1573220354 4.536147291
1573220521 4.76864045
1573220689 4.443902592
1573220858 4.740481261
1573221026 4.343592637
1573221193 4.396556449
1573221357 4.651752012
1573221527 4.424923465
1573221694 4.406594254
1573221863 4.52997698
1573222051 4.69891883
1573222222 4.58245404
1573222389 4.679224801
1573222724 4.61995561
1573301202 4.43881211
1573301371 4.440870288
1573301553 4.431316029
1573301721 4.545631246
1573301908 5.109499686
1573302087 4.575181267
1573302255 4.353134209
1573302429 4.578274102
1573302598 4.52868776
1573302781 4.537774626
1573303914 4.155495904
1573304078 4.158550908
1573304239 4.243171992
1573304406 4.142328006
1573304564 3.982546763
1573304731 4.28365442
1573304890 4.103322075
1573305050 4.942168432
1573305211 3.929525839
1573305371 4.17322122
1573752543 4.416443501
1573752803 5.850716723
1573752960 4.22077544
1573753120 4.234253388
1573753277 3.945697067
1573753432 5.293617569
1573753590 4.135369337
1573753743 4.090394992
1573753905 5.698363409
1573754725 5.136482424
1573754885 3.98281318
1573755046 6.516886469
1573755212 4.441702996
1573755375 3.973918222
1573755532 3.958374342
1573755687 4.278754607
1573755845 4.521937806
1573756003 3.973508903
1573756160 8.479389712
1573831468 4.316606836
1573831626 4.039857866
1573831785 4.219803319
1573831957 3.997049981
1573832109 4.248701822
1573832271 5.014480743
1573832429 3.950004474
1573832591 4.130596916
1573832747 4.429866606
1573832903 4.137634203
1573833098 4.081711128
1573833254 4.146951389
1573833418 4.414715063
1573833575 4.500993478
1573833733 4.222408779
1573901107 4.033213507
1573901265 5.215386865
1573901421 4.069964251
1573901579 6.822972494
1573901737 4.383647238
1573901893 4.620520681
1573902047 3.8973109
1573902205 5.101996235
1573902362 4.199387463
1573902518 4.134433271
1574685838 4.688897153
1574686037 4.93199371
1574686198 4.273485107
1574686361 5.401349996
1574686518 4.775036811
1574686683 4.335852638
1574686849 4.039454418
1574687035 4.301625483
1574687210 5.584760082
1574687373 4.05715682
1574689702 4.619221396
1574689920 4.453978997
1574690088 5.994257056
1574690257 5.133718549
1574690428 4.358924133
1574690587 4.97678278
1574690759 4.65505128
1574690917 5.162882299
1574691103 6.265836666
1574691282 4.825162706
1574706903 4.834167589
1574707145 4.291354714
1574954249 4.954369766
1574954413 4.185277687
1574954590 4.909631581
1574954753 5.519171384
1574954938 4.130433983
1574955095 4.917755834
1574955352 4.556561385
1574955512 4.857599938
1574955671 4.6866449
1574955832 4.361588619
1575026580 4.188248671
1575026740 4.179022472
1575026901 4.134651053
1575027062 4.702276779
1575027226 4.654299138
1575027390 4.196546249
1575027553 4.658105565
1575027711 4.820424614
1575027875 5.809627047
1575028039 4.401896648
1575112895 5.333619345
1575113060 5.026183211
1575113217 4.065034074
1575113380 5.211545955
1575113538 4.049011715
1575113697 5.889384027
1575113854 5.030587596
1575114012 4.127968485
1575114175 3.926416505
1575114336 4.275085153
1575289826 5.855600807
1575289992 4.293909683
1575290159 4.440281649
1575290348 4.386981878
1575290516 3.990508782
1575290692 4.527518743
1575290859 4.165130741
1575291014 4.080901338
1575291177 4.073799982
1575291338 3.923303944
1575384225 4.306508636
1575384387 4.920409781
1575384546 3.969698429
1575384708 5.404822866
1575384869 3.862005695
1575385029 4.766112657
1575385188 4.339292066
1575385347 4.142384561
1575385511 3.99741287
1575385670 4.217815674
1575556607 4.176042336
1575556768 4.559198439
1575556943 4.567642256
1575557126 3.97090228
1575557297 4.790380014
1575557480 4.367945209
1575557655 4.185426276
1575557828 3.970531082
1575558288 4.26747443
1575558473 3.803696568
1579184106 4.14980467
1579184821 4.223627511
1579184984 4.089541407
1579185146 4.312741832
1579185320 7.260366799
1579185497 4.168251664
1579185679 4.008797493
1579185862 6.48736252
1579186047 4.254158574
1579186218 3.993475561
1579351843 4.583071344
1579352003 3.886237571
1579352163 5.123726525
1579352324 5.28984869
1579352487 4.161924303
1579352651 5.481358321
1579352808 4.134260373
1579352971 5.223982247
1579353133 4.523994612
1579354000 4.953245993
1579522924 4.007203335
1579523127 4.110389879
1579523319 4.427031991
1579523482 3.922973464
1579523657 4.563612546
1579523839 3.97770804
1579524020 4.138155241
1579524207 6.020576602
1579524377 5.898167328
1579524543 4.333928441
1579537529 4.311237631
1580215403 5.171154258
1580215573 4.085942343
1580215735 4.092171921
1580215895 4.095136339
1580216055 4.067942735
1580216218 4.178384803
1580216377 4.54628176
1580216542 4.472298551
1580216701 4.829104412
1580216882 5.373362162
1580304790 4.022920032
1580305109 4.731793623
1580305270 4.203458033
1580305453 4.065972967
1580305616 4.398603493
1580305777 4.18919798
1580305934 4.87536476
1580306090 4.082581021
1580306251 4.809770523
1581935291 4.314051889
1581935448 3.817327269
1581935610 5.638518686
1581935776 4.480435231
1581935943 4.194400589
1581936114 4.003864699
1581936285 4.10825511
1581936448 3.918183908
1581936606 3.979869569
1581936783 3.937291649
1582026965 3.984409327
1582027126 4.178474703
1582027293 4.13032522
1582027460 4.315276217
1582027871 4.59557582
1582028038 3.927786209
1582028204 4.263329014
1582028374 6.084167122
1582028543 4.225796218
1582028711 4.463922834
1582113186 4.119894575
1582113347 5.249072389
1582113513 5.726045136
1582113682 3.758377797
1582114021 4.54790241
1582114183 6.619652367
1582114346 4.243653816
1582114511 5.546723284
1582114676 4.22591876
1582114837 5.811087463
1582115007 4.636060358
1582115167 4.21076998
1582115335 4.97738108
1582115497 4.472863772
1582115661 4.206507239
1582115824 4.702109138
1582115987 4.29920183
1582116168 4.256556939
1582116382 3.839487844
1582116560 4.03733442
1582116724 4.119238378
1582119045 4.111458977
1582119206 5.215116458
1582119379 6.01050481
1582119554 5.551904555
1582119729 4.239329796
1582119890 4.324601212
1582120067 6.141030565
1582120239 5.395395178
1582120959 3.970092118
1582121126 4.075185467
1582121370 4.259279513
1582125060 4.569881294
1582125275 4.162748175
1582125725 4.09368857
1582125920 3.720963431
1582126084 4.068610533
1582126252 4.095145685
1582126415 5.727286543
1582126583 4.083792703
1582126746 5.374627322
1582126909 3.989148178
1582127070 4.198000701
1582127235 4.166399715
1582127404 4.242159679
1582127570 4.575258221
1582127733 4.135791554
1582127896 4.471256271
1582128057 4.276643052
1582128223 4.196786236
1582128402 4.489816851
1582128564 4.420337444
1582128728 4.546326499
1582128893 5.334519685
1582129060 4.430682282
1582129227 4.010652643
1582129386 4.371947092
1582129547 4.670526885
1582129710 4.189414826
1582185136 4.053595059
1582185316 6.223023671
1582186048 4.015655424
1582186207 4.235328162
1582186943 3.881805172
1582187904 4.104643687
1582188065 4.234815954
1582188223 3.930177914
1582188383 4.34563908
1582193834 3.902341598
1582193997 4.206141405
1582194161 4.169373336
1582194318 4.007614104
1582194479 3.921261058
1582194643 4.185501747
1582194809 3.918956165
1582194972 4.093084335
1582195133 4.165495489
1582195296 4.093232604
1582195791 4.18324298
1582195949 5.04373695
1582196107 4.043951429
1582196267 4.178654633
1582196426 4.093619279
1582196585 4.01435278
1582196743 3.938035252
1582196903 4.392603337
1582197065 4.178727969
1582197232 4.104773854
1582197387 4.071192928
1582197564 3.928783972
1582197725 3.974338989
1582197882 3.954973122
1582198041 4.060122548
1582198198 4.699586621
1582198359 3.89232237
1582198518 3.936062713
1582198797 4.832223172
1582199150 4.369224067
1582631614 4.003314409
1582631771 4.305146245
1582631927 4.825730457
1582632085 4.127476033
1582632242 4.087475729
1582632401 4.030730017
1582632565 4.439696855
1582632725 4.092708075
1582632885 4.143073872
1582884584 5.360241722
1582884762 4.174736303
1582884930 4.030225629
1582885094 4.297613669
1582885259 4.452786436
1582885421 4.064095955
1582885580 4.335320458
1582885742 4.267385032
1582885907 4.100061817
1582886065 3.979428858
1574707145 4.291354714
