1569849999 9.542723973
1569850203 9.761789828
1569849999 9.542723973
1569850203 9.761789828
1569850734 10.638421481
1569851016 10.039988256
1569851222 9.697689945
1569851572 9.706351422
1569851779 15.203688222
1569852008 9.638143322
1569852238 9.728667221
1569852475 9.696715545
1569853083 10.704332033
1569853397 10.156423842
1570543123 9.6012052
1570543485 9.570785572
1570543696 8.939099247
1570544612 9.507932517
1570544871 9.297039039
1570545072 9.730046586
1570545289 9.883393094
1571322996 9.502191329
1571325114 9.655638163
1571325310 9.667493022
1571325515 9.388718059
1571325716 9.781358669
1571325912 9.805109017
1571326113 9.516453895
1571326804 9.691896929
1571327020 9.580874707
1571327228 10.256780344
1574707096 9.188408781
