1569853943 5.023555412
1569854970 5.364658568
1569855519 5.066344777
1570447364 4.870474632
1570448194 7.251048756
1570449152 4.912193266
1570449578 4.821609778
1571323565 4.781863816
1571323968 4.773822061
1571324365 4.749997747
1571324758 4.664840272
1571327688 4.656156397
1571328079 4.610634596
1571328470 4.746283323
1571328861 4.567437174
1571329253 4.916565808
1571329642 4.728961136
1571330620 4.811119739
1571398192 4.687648635
1571398588 4.715961377
1571398980 4.569219656
1571399371 4.816772677
1571399763 4.82354669
1571400160 4.714143193
1571400581 4.676099092
1571400979 4.641620408
1571401374 4.607458003
1571401763 4.895236523
1571407143 4.832047085
1571407536 4.811333774
1571407927 4.796663716
1571408317 4.763995921
1571408709 4.569979816
1571666201 4.758751836
1571666593 4.862847679
1571666985 4.681712667
1571667376 4.563628206
1571667821 4.668899996
1571669472 4.640072622
1571669865 4.940997648
1571754382 4.741734267
1571754773 4.828400995
1571755174 4.859568938
1571755576 4.714505371
1571755996 4.877511016
1571756805 4.92407383
1571757243 4.959159946
1571757661 4.852391065
1571758058 4.70242261
1571758449 4.690734965
1571758847 3.751265775
1571762453 4.528578871
1571762852 4.75892391
1571763242 4.906207221
1571763633 4.738973635
1571764026 4.700727217
1571764451 4.742760006
1571764843 4.830803514
1571765232 4.919335687
1571765624 4.721870012
1571766013 4.740008698
1571766981 4.782309498
1572006715 4.187845997
1572007341 4.68947959
1572007735 5.023253935
1572008244 4.858458289
1572008646 4.68315004
1572009041 4.832472061
1572009431 4.906235544
1572009821 4.812364808
1572010212 4.507344527
1572010608 4.968832097
1572010999 4.87126729
1572013562 4.745461327
1572013955 5.04354571
1572014347 4.784021454
1572014736 4.904400399
1572015126 4.823252451
1572268291 4.680333983
1572269184 3.256676621
1572269598 4.863997767
1572270013 4.625793733
1572270419 4.619094559
1572270813 4.677018367
1572271339 5.100138752
1572272518 3.991405504
1572272853 3.987684522
1572273185 3.851627044
1572273532 3.659991039
1572273867 3.578574116
1572276288 4.047797886
1572276625 4.007706932
1572276958 3.929832527
1572277289 3.909386017
1572277624 3.719333948
1572277983 3.798850579
1572278315 3.928316638
1572278647 3.830687799
1572363705 3.827912715
1572364035 3.888074503
1572364366 3.668449866
1572364698 3.959943858
1572365033 3.779667801
1572365370 4.068334224
1572365748 3.844636508
1572366129 3.91842189
1572366462 3.87979408
1572366795 3.78720603
1572369823 3.673967784
1572370153 3.845383763
1572370485 3.929535879
1572370816 3.871037304
1572371145 3.776975553
1572371477 3.909843409
1572371807 4.606148167
1572372137 3.825269087
1572372466 3.94799587
1572372799 3.880710979
1572533811 3.87628699
1572534165 3.845872897
1572534512 3.830513131
1572534843 4.069398299
1572535192 3.807937556
1572535523 3.803567889
1572535852 3.874483813
1572536189 3.547179738
1572536552 3.858164733
1572536888 4.048245238
1572537810 3.880455854
1572538463 3.758806506
1572539119 3.844277776
1572539772 3.895053163
1572540427 3.716862337
1572541331 3.977669847
1572541980 3.835623968
1572542628 3.94842177
1572543273 3.827902195
1572543947 4.024602574
1574711169 3.384084748
1574708960 3.481791452
