1569854423 2.287948679
1569855836 2.384498147
1571330126 2.33062784
1571766481 2.349744769
1571767264 2.236876911
1572537391 1.957149848
1572538049 1.704492557
1572538709 1.792503717
1572539361 1.921432005
1572540008 1.846525341
1572540914 1.805031174
1572541568 1.871418472
1572542216 1.791727317
1572542863 1.998737901
1572543529 1.738598954
1572871282 1.757402917
1572871933 1.673058913
1572872610 1.93376387
1572873263 1.759042967
1572873916 1.858361702
1572874978 1.731255453
1572875839 1.960944606
1572877064 1.785328678
1572877714 1.878838638
1572878942 1.839980375
1572967349 2.041056134
1572968006 1.749195191
1572969308 1.925841886
1572969969 1.801105712
1572970619 1.850924509
1572971269 1.744418856
1572971932 1.799565086
1572972592 1.738714049
1572973305 1.793963729
1572973958 1.740154745
1572974609 1.85643121
1573208891 1.876486569
1573209546 1.926195269
1573210221 1.837708275
1573210890 1.71420083
1573211547 1.816182452
1573212196 1.878124502
1573212848 1.747823344
1573213499 1.791441183
1573214170 1.733530527
1573214825 1.883319303
1573310350 1.800219101
1573310972 1.685445081
1573311587 1.620787981
1573312291 1.840096182
1573312901 1.537742747
1573313529 1.536211299
1573314160 1.677434063
1573314775 1.623003369
1574696384 1.613757629
1574696965 1.581702181
1574697555 1.660692824
1574698130 1.687986087
1574698715 1.501787265
1574709499 1.934789001
1574710786 1.751572531
1574956138 1.629533205
1574956711 51.035089031
1574957402 1.604012545
1574957979 1.568048123
1574958571 1.571702672
1574959161 1.566471128
1574959763 1.629127645
1574960342 1.817434393
1574960954 1.625678877
1574961590 1.540639998
1575033062 1.490571402
1575033630 1.735558643
1575034221 1.712907216
1575034788 1.452540007
1575035359 1.662609752
1575036381 1.57435241
1575036959 1.527973351
1575037517 1.744183955
1575038520 1.591798308
1575039089 1.705119067
1575120353 1.65602463
1575120916 1.591731705
1575121477 1.567846674
1575122539 1.617664659
1575123096 1.485149826
1575123656 1.629950479
1575124211 1.616838988
1575124780 1.624838881
1575125336 1.592721269
1575125905 1.543139389
1575297652 1.777750222
1575298231 1.448777224
1575298800 1.842815408
1575299377 1.465757253
1575299949 1.57209679
1575300569 1.574581365
1575301140 1.631670559
1575301951 1.700442905
1575390137 1.703844218
1575390705 1.469474465
1575391273 1.568093875
1575391838 1.668253676
1575392647 1.620467147
1575393283 1.546931533
1575393844 1.464052405
1575394410 1.798696083
1575394973 1.626984717
1575395536 1.806876368
1575562372 1.502534561
1575563069 1.664742908
1575563717 1.433111573
1575564313 1.664585725
1575564897 1.623228094
1575565463 1.547865413
1575566031 1.529778581
1575566617 1.474353335
1575567936 1.730768015
1575568542 1.925607188
1579190990 1.556338599
1579191603 1.642224784
1579192168 1.67912033
1579192749 1.647736439
1579193313 1.443021339
1579193904 1.616995629
1579194471 1.752235135
1579195038 1.611736251
1579195628 1.699506489
1579196191 1.544374736
1579359398 1.581400481
1579359971 1.628908188
1579360535 1.628471376
1579361092 1.649002554
1579361647 1.59310195
1579362202 1.580661062
1579362757 1.624859849
1579363322 1.832814548
1579363889 1.574020868
1579364448 1.742444348
1579530365 1.828608952
1579531013 1.636333449
1579532054 1.806935863
1579532755 1.708377001
1579533425 1.570630325
1579534025 1.40152265
1579534711 1.496509523
1579535321 1.574671276
1579535917 1.701396311
1579536974 1.653341131
1580223699 1.584378426
1580224259 1.620566436
1580224814 1.594212613
1580225378 1.719206162
1580225939 1.819678706
1580226522 1.717730678
1580227090 1.572469028
1580227688 1.648409106
1580228269 1.744001854
1580228828 1.561379656
1580312259 1.502854756
1580312838 1.668124321
1580313394 1.631372433
1580314358 1.615398824
1580314915 1.614159436
1580315473 1.575382887
1580316035 1.552324388
1580316737 1.785771741
1580317324 1.747363815
1581942394 1.569103336
1581943599 1.618121556
1581944887 1.66582624
1581945864 1.665539364
1581946438 1.667856585
1581947006 1.572359517
1581947927 1.628599041
1581949019 1.656058148
1582033979 1.660136874
1582035597 1.533420334
1582036204 1.866378108
1582036808 1.69270892
1582037412 1.868830404
1582038008 1.828278796
1582038606 1.714442319
1582041500 1.662242016
1582042108 1.664003089
1582043698 1.647578392
1582044310 1.970503446
1582637921 1.8282115
1582638481 1.836052586
1582639555 1.438749758
1582640733 1.669956847
1582641292 1.448707133
1582641863 1.784366883
1582642431 1.602576071
1582643005 1.761411814
1582643608 1.696764926
1582644164 1.66866519
1582898763 1.675118505
1582899335 1.663095443
1582899903 1.658912903
1582900466 1.633354517
1582902124 1.661007915
1582902770 1.588424194
1582903367 1.589470814
1574710786 1.751572531
