1574707163 0.00155408
1574707163 0.044330543
1574707163 0.003283758
1574707163 0.043450516
1574707163 0.001398865
1574707163 0.001167575
1574707163 0.026666441
1574707163 0.039837693
1574707163 0.001839154
1574707163 0.04598638
1574707163 0.00229579
1574707163 0.032586734
1574707163 0.05481717
1574707163 0.039512779
1574707163 0.044770397
1574707163 0.051099406
1574707163 0.000614604
1574707163 0.026229756
1574707163 0.033534473
1574707163 0.002628455
1574707163 0.053398462
1574707163 0.039818262
1574707163 0.045027807
1574707164 0.042629435
1574707164 0.045219106
1574707164 0.045741803
