1569849936 6.723706224
1569850140 6.943368489
1569849936 6.723706224
1569850140 6.943368489
1569850951 9.583044837
1569851159 7.262361267
1569851509 6.665277043
1569851716 6.891122136
1569851946 7.02888804
1569852175 6.936800204
1569852413 6.844163454
1569852630 6.842157204
1569853020 6.989176926
1569853332 6.776931716
1569853572 6.806063206
1569854213 6.859732605
1569855172 20.395674208
1569855619 7.255498318
1570446944 6.843549756
1570448036 6.747709664
1570448763 6.580464743
1570449232 6.762970449
1570543059 6.660092792
1570543418 9.559884275
1570543622 6.78845659
1570544551 6.886261526
1570544751 9.703561321
1570545012 6.758135229
1571322930 6.901999273
1571323252 6.752585335
1571323645 6.777601259
1571324047 7.011906886
1571324447 6.783116158
1571325053 6.569281425
1571325250 6.782364079
1571325449 6.709606243
1571325653 6.65923522
1571325852 6.755818777
1571326053 6.742743789
1571326743 6.672057047
1571326956 6.884701667
1571327163 6.704077169
1571327378 6.592095056
1571327768 6.665548255
1571328158 6.834133527
1571328549 6.787822469
1571328941 6.719342378
1571329332 6.656229246
1571329925 6.536856752
1574710628 5.18869468
1574708712 5.096557098
