1569850049 10.208276289
1569850049 10.208276289
1569850811 9.517529975
1569851066 11.255847336
1569851271 10.561058459
1569851622 10.222450813
1569851834 10.909706773
1569852063 10.001036417
1569852287 11.55662259
1569852525 10.515515151
1569853143 30.633693464
1569853453 10.498603542
1570543172 10.266810065
1570543534 10.053081079
1570543744 11.245686864
1570544661 10.773992337
1570544920 10.684909174
1570545120 10.985989007
1570545338 10.22691912
1571323045 10.986819381
1571325163 10.448246699
1571325359 10.383658905
1571325564 10.5862408
1571325764 10.521128422
1571325961 10.293707444
1571326187 85.547844735
1571326853 10.351210606
1571327068 10.868601554
1571327277 10.905330277
1571395954 10.718732771
1571396152 10.335277104
1571396547 11.003399548
1571396746 10.760092916
1571396973 9.895719284
1571397177 11.348810682
1571397378 10.843639002
1571397575 10.112641327
1571397772 10.764392524
1571405021 10.37032624
1571405416 10.72241016
1571405650 9.993060055
1571405849 10.001747803
1571409067 10.536275171
1571409269 10.667109037
1571409470 10.099904576
1571409687 10.235714232
1571409885 10.427547845
1571665000 10.287621097
1571665197 27.606153838
1571665409 10.368367746
1571665602 11.122575029
1571665798 10.83958705
1571668216 10.333614252
1571668414 10.857347241
1571668618 10.629010574
1571668813 10.735293184
1571669014 10.619081859
1571752086 10.762161947
1571752283 10.078319705
1571752482 10.107863991
1571752686 10.6340342
1571752882 10.860672342
1571753076 10.783527702
1571753274 10.606776446
1571753471 10.423373104
1571753669 11.073556893
1571753866 10.880383257
1571760224 10.669008626
1571760421 10.891003253
1571760623 10.151097502
1571760819 10.991838194
1571761021 10.402922639
1571761229 10.634279401
1571761428 10.347695749
1571761623 10.427906158
1571761819 10.463351773
1571762027 10.751396347
