1569854684 2.899174816
1569856295 2.784942806
1571330346 2.811919055
1571766703 2.944167635
1571767486 2.936349582
1572537576 2.243597235
1572538229 2.354829369
1572538889 2.260032485
1572539543 2.21281586
1572540190 2.295155654
1572541095 2.345801079
1572541749 2.258251433
1572542397 2.351778246
1572543044 2.353874346
1572543709 2.344989647
1572871463 2.266603801
1572872114 2.291636815
1572872792 2.212116717
1572873444 2.210240352
1572874102 2.269491358
1572875166 2.374895283
1572876020 2.243875634
1572877245 2.273330138
1572877900 2.465040905
1572879141 2.341119066
1572967531 2.274873667
1572968188 2.468819135
1572969489 2.205006274
1572970151 2.314445614
1572970801 2.385079988
1572971461 2.261318351
1572972124 2.336241168
1572972773 2.369308667
1572973489 2.296807326
1572974139 2.293270602
1572974790 2.297601908
1573209073 2.27186437
1573209729 2.311404748
1573210404 2.281144621
1573211072 2.341917188
1573211730 2.349292064
1573212379 2.371293843
1573213032 2.256066485
1573213680 2.467160507
1573214353 2.384286868
1573215011 2.307394772
1573310524 2.02089312
1573311141 2.350844904
1573311754 2.071636974
1573312460 2.003171251
1573313074 2.358128849
1573313701 2.387424979
1573314330 2.078697688
1573314944 2.172358827
1574696551 2.047195916
1574697132 1.948425332
1574697723 2.015158364
1574698295 2.011080991
1574698884 2.010917975
1574709695 2.040302369
1574710954 2.043197484
1574710954 2.043197484
