1569854728 3.455954723
1569856338 3.108336141
1571330390 3.167345045
1571766747 3.205196321
1571767530 3.173155085
1572537614 2.601805922
1572538267 2.489599878
1572538927 2.474117848
1572539579 2.643602651
1572540228 2.507588122
1572541131 2.567531332
1572541785 2.552018558
1572542434 2.603980248
1572543081 2.504033504
1572543752 2.864339053
1572871501 1.545889909
1572872151 2.512229249
1572872832 1.403497599
1572873480 2.543942573
1572874138 2.635112388
1572875203 2.327996006
1572876057 2.61957558
1572877283 2.750090809
1572877938 2.583032717
1572879178 2.524428836
1572967568 2.546028152
1572968227 2.516912587
1572969526 2.570960189
1572970187 2.659593264
1572970837 2.607202683
1572971501 1.247217145
1572972161 2.490757353
1572972810 2.643969933
1572973526 2.468462324
1572974175 2.542856169
1572974833 2.479600333
1573209110 2.661354952
1573209780 2.536536258
1573210441 2.542594775
1573211109 2.619865061
1573211769 2.530849343
1573212415 2.555101697
1573213070 1.240644407
1573213718 2.330987589
1573214391 2.639880012
1573215048 2.601134928
1573310558 2.728231002
1573311176 2.691390636
1573311788 2.656073167
1573312494 2.419406699
1573313110 2.396968174
1573313736 2.400241851
1573314365 2.380117161
1573314978 2.311878818
1574696586 2.295238475
1574697166 2.205090713
1574697757 2.255985673
1574698330 2.14888737
1574698918 2.225410051
1574709730 2.376300109
1574710988 2.344267827
1574710988 2.344267827
