1569854696 4.475804872
1569856307 4.409652228
1571330358 4.313808113
1571766715 4.314794519
1571767499 4.354014136
1572537588 3.673105281
1572538241 3.458795289
1572538901 3.505038896
1572539554 3.756386309
1572540201 3.482696937
1572541106 3.32985771
1572541760 3.432705986
1572542409 3.460038387
1572543056 3.4938279
1572543720 3.454297068
1572871474 3.575885135
1572872125 3.623430392
1572872804 3.573219959
1572873455 3.523788229
1572874113 3.587518264
1572875177 3.684157016
1572967543 3.622507899
1572968201 3.499012108
1572969500 3.636270116
1572970162 3.593513694
1572970812 3.475844515
1572971474 3.473634611
1572972135 3.55211738
1572972784 3.749379216
1572973500 4.138756131
1572974150 3.627451954
1572974807 3.410485349
1573209084 3.530440575
1573209755 3.587797313
1573210415 3.669436417
1573211083 3.536524932
1573211743 3.660465282
1573212390 3.592753449
1573213043 3.572258214
1573213692 4.32741144
1573214365 3.759653533
1573215023 3.612601161
1573310534 3.073694434
1573311152 3.320719508
1573311765 3.140061989
1573312471 3.273072117
1573313086 3.19557634
1573313711 3.413200188
1573314341 3.180329005
1573314954 3.213197649
1574696562 3.150085738
1574697142 3.252010827
1574697734 3.246536048
1574698307 3.243666746
1574698894 3.108977766
1574709706 3.330548534
1574710964 3.250097549
1574710964 3.250097549
