1569853948 2.394480311
1569854977 0.338280733
1569855524 2.394024483
1570447369 2.746582574
1570448202 2.603426487
1570449157 2.508751558
1570449583 2.38645794
1571323569 2.52541888
1571323972 2.522827245
1571324370 2.49847204
1571324763 2.370845265
1571327693 2.632278461
1571328084 2.74931723
1571328475 2.437083347
1571328866 2.597581418
1571329258 2.486956724
1571329646 2.51853628
1571330624 2.457573758
1571398197 2.690981633
1571398593 2.555536521
1571398984 2.711625089
1571399376 2.644033653
1571399768 2.470181283
1571400165 2.347249161
1571400586 2.50586239
1571400984 2.356467837
1571401378 2.707717278
1571407148 2.586372746
1571407541 2.641935899
1571407931 2.483270168
1571408322 2.571213034
1571408713 2.682029041
1571666206 2.525786634
1571666598 2.486091581
1571666990 2.613225996
1571667380 2.712977321
1571667826 2.634346236
1571669476 2.639536292
1571669871 1.5922025
1571754387 2.692576279
1571754778 2.404959118
1571755179 2.52455513
1571755581 2.689118644
1571756001 2.387489427
1571756810 2.50159126
1571757248 2.476543862
1571757665 2.403845207
1571758063 2.704414888
1571758454 2.80799009
1571762458 2.21089161
1571762857 2.567915167
1571763247 2.352751693
1571763638 2.516243837
1571764031 2.389048362
1571764456 2.603655003
1571764848 2.497848032
1571765237 2.59467704
1571765628 2.556684247
1571766018 2.446222233
1571766986 2.657944474
1572006721 0.687070289
1572007345 2.714251413
1572007740 2.662920536
1572008249 2.467036659
1572008651 2.526765582
1572009045 2.550703645
1572009436 2.346459355
1572009826 2.480207503
1572010217 2.477303313
1572010613 2.523360898
1572011004 2.504219693
1572013567 2.399608454
1572013960 2.435949778
1572014352 2.650766826
1572014741 2.489548593
1572268296 2.708820574
1572269188 2.528602704
1572269603 2.387656886
1572270018 2.536205911
1572270424 2.776677894
1572270818 2.476093349
1572271345 2.426855019
1572272522 1.840360875
1572272857 2.131888865
1572273189 2.053727884
1572273536 2.158911169
1572273871 2.300974912
1572276292 1.964564022
1572276629 2.304826026
1572276962 1.874070778
1572277293 2.188213225
1572277628 2.1950997
1572277987 2.2680045
1572278319 1.920660747
1572278650 2.089810605
1572363709 2.050358643
1572364038 2.042810234
1572364370 2.045368999
1572364702 2.04646424
1572365037 2.051876696
1572365374 2.087374193
1572365752 2.092491384
1572366133 2.081099599
1572366466 2.088056879
1572366799 2.121012408
1574711172 1.973025181
1574708964 1.869901073
