1569854557 11.025584825
1571330254 10.391101384
1571766611 10.617842968
1571767393 11.243057012
1572537497 8.522863432
1572538154 8.449446967
1572538814 8.428858163
1572539467 8.442017
1572540114 8.479639089
1572541019 8.459376708
1572541673 8.53738011
1572542321 8.367372633
1572542969 8.494128974
1572543634 8.43101061
1572871388 8.479331505
1572872038 8.500358089
1572872714 8.456636716
1572873368 8.378100998
1572874021 8.478945614
1572875083 8.366608864
1572875944 8.331498866
1572877170 8.446500164
1572877819 8.541462058
1572879064 8.404492224
1572967455 8.452307644
1572968111 8.563949948
1572969413 8.492798761
1572970074 8.413633589
1572970724 8.384875
1572971377 9.244539771
1572972039 8.446421468
1572972697 8.404909624
1572973413 8.522658348
1572974063 8.457081458
1572974714 8.518997407
1573208998 8.411993922
1573209653 8.451997198
1573210327 8.482719972
1573210996 8.402809781
1573211654 8.460729185
1573212303 8.484236684
1573212954 8.416247972
1573213604 8.340008331
1573214277 8.584242484
1573214935 8.401904908
1573310449 7.610794891
1573311069 7.617578946
1573311684 7.595148576
1573312389 7.927914094
1573313000 8.241144385
1573313626 8.149175282
1573314259 7.760802619
1573314872 7.741823241
1574696481 7.675021228
1574697061 8.148631779
1574697652 7.817277705
1574698226 7.676357411
1574698810 7.671240227
1574709597 7.55166026
1574710884 7.683670387
1574956234 7.784500033
1574956896 7.937413141
1574957497 7.610110032
1574958076 7.906106116
1574958672 7.795455053
1574959257 7.97111225
1574959860 7.806662962
1574960439 7.813543862
1574961049 8.092603127
1574961685 7.708713589
1575033160 7.852393912
1575033728 7.968346345
1575034318 7.821367628
1575034886 8.208501548
1575035456 7.643555587
1575036493 7.743856762
1575037056 7.721293658
1575037615 7.646230448
1575038616 7.801812235
1575039186 7.629221214
1575120449 7.911487762
1575121012 7.660001798
1575121987 10.38378634
1575122635 7.711760972
1575123192 8.0990365
1575123751 7.544050191
1575124308 7.57676198
1575124875 7.822618524
1575125433 7.544790129
1575126002 7.551615304
1575297751 7.679333122
1575298328 7.788565304
1575298896 7.638683184
1575299474 8.018099335
1575300047 7.744804207
1575300665 7.70070533
1575301236 7.503256518
1575302048 7.837570609
1575390236 7.729017308
1575390802 7.812157383
1575391369 7.666124376
1575391934 7.751946598
1575392743 7.703604675
1575393380 7.620530897
1575393939 7.733302238
1575394506 7.8877326
1575395070 7.692844128
1575395632 7.836131315
1575562467 8.136924083
1575563165 7.73317127
1575563813 7.906118395
1575564409 8.386062781
1575564992 8.18854231
1575565557 7.875400713
1575566127 11.269450387
1575566713 7.809429177
1575568033 7.927997967
1575568640 7.65854065
1579191088 7.848233662
1579191700 7.84472359
1579192265 7.972062141
1579192846 7.958842956
1579193414 7.732454602
1579194001 7.677255898
1579194570 7.991221704
1579195134 7.763430465
1579195725 7.820639846
1579196288 7.620974646
1579359493 7.577874491
1579360070 7.91587161
1579360631 7.70225494
1579361187 7.883737307
1579361742 7.624982606
1579362296 7.99674736
1579362852 7.631034583
1579363419 7.724945773
1579363987 7.521621404
1579364545 7.636969998
1574710884 7.683670387
