1569854431 9.919664237
1569855844 6.391274654
1571330133 6.167565304
1571766489 6.109899761
1571767272 6.040279385
1572537398 5.070656153
1572538055 5.017448638
1572538715 4.847940255
1572539368 4.952925062
1572540014 5.031480811
1572540920 4.973736563
1572541574 4.964157829
1572542223 5.002854254
1572542870 5.067475619
1572543535 4.910984831
1572871289 4.989497624
1572871939 5.007142899
1572872616 4.964238022
1572873269 4.996775412
1572873922 5.074376228
1572874984 4.916504326
1572875845 4.889797529
1572877071 5.051672051
1572877720 4.912187364
1572878948 4.931496623
1572967355 4.952336466
1572968012 4.96959582
1572969315 4.95568556
1572969975 4.994886508
1572970625 4.968107137
1572971275 5.415465337
1572971938 5.011393437
1572972598 4.903347727
1572973311 4.978464451
1572973964 4.999739658
1572974615 4.979987071
1573208897 4.922114235
1573209552 5.02902837
1573210227 5.239990817
1573210897 4.999669565
1573211553 5.07273342
1573212202 4.936227458
1573212854 4.942573003
1573213505 4.915746942
1573214176 5.04557319
1573214831 4.825070117
1573310356 4.659627925
1573310977 4.845659327
1573311593 4.685733699
1573312297 4.535294218
1573312907 4.657190975
1573313534 4.996706696
1573314166 4.728601152
1573314781 4.652535634
1574696390 4.488536704
1574696971 4.642523476
1574697561 4.512373965
1574698136 4.477915713
1574698721 4.645408416
1574709505 4.461742432
1574710792 4.558655906
1574956144 4.52461715
1574956804 4.561858821
1574957407 4.622168683
1574957985 4.622159749
1574958577 4.569017199
1574959166 4.558081225
1574959769 4.475182234
1574960347 4.658237817
1574960959 4.524195214
1574961596 4.450342464
1575033068 4.612102606
1575033636 4.479456574
1575034227 4.486108692
1575034794 4.531957478
1575035365 4.430967548
1575036387 4.448545297
1575036964 4.739767485
1575037523 4.528565509
1575038526 4.641522448
1575039095 4.952731225
1575120358 4.390518645
1575120922 4.508461483
1575121482 4.4676247
1575122545 4.650041586
1575123102 4.556027937
1575123662 4.393514117
1575124217 4.441191758
1575124785 4.473481392
1575125342 4.528093342
1575125911 4.492667335
1575297658 4.383777131
1575298237 4.695434197
1575298806 4.480210485
1575299383 4.507386225
1575299955 4.520358276
1575300575 4.519703785
1575301146 4.392692084
1575301956 4.626972766
1575390143 4.43900779
1575390710 4.590434241
1575391279 4.395440977
1575391844 4.501545013
1575392653 4.521851014
1575393289 4.38772953
1575393849 4.567374662
1575394415 4.62942424
1575394979 4.574372739
1575395542 4.405498264
1575562377 4.698489278
1575563075 4.318948891
1575563723 4.612659415
1575564319 4.428613107
1575564903 4.590423516
1575565468 4.361610995
1575566037 4.647407575
1575566622 4.514772537
1575567942 4.595768675
1575568548 4.434114747
1579190995 4.638436692
1579191609 4.560313508
1579192174 4.550369433
1579192755 4.439093532
1579193318 4.723974305
1579193909 4.551527545
1579194477 4.437992824
1579195043 4.50999144
1579195634 4.471390828
1579196197 4.731454543
1579359403 4.516409293
1579359977 4.880252892
1579360540 4.557588045
1579361097 4.436562961
1579361653 4.573068956
1579362207 4.501597436
1579362763 4.571068409
1579363328 4.575329922
1579363895 4.589670053
1579364454 4.504655898
1579530373 4.648128742
1579531019 4.472075599
1579532060 4.353406904
1579532761 4.523661122
1579533430 4.644698562
1579534031 4.688016502
1579534717 4.496507281
1579535327 4.624657548
1579535923 4.711789707
1579536980 4.606298724
1580223705 4.680976038
1580224265 4.530151792
1580224820 4.587485058
1580225384 4.682881629
1580225944 4.384347581
1580226527 4.725461769
1580227096 4.652039323
1580227694 4.671996422
1580228275 4.502895743
1580228834 4.737105091
1580312265 4.626688389
1580312844 4.51140689
1580313399 4.483135381
1580314363 4.582014828
1580314921 4.70898003
1580315478 4.826340198
1580316040 4.952453093
1580316743 4.444940816
1580317330 5.215598862
1581942400 4.480254531
1581943604 4.548015681
1581944893 4.398400609
1581945870 4.466003422
1581946444 4.708409391
1581947012 4.328362898
1581947933 4.367593355
1581949025 5.083895243
1582033984 4.923796164
1582035602 4.662706256
1582036210 4.720439454
1582036814 4.943992798
1582037418 5.608054147
1582038015 4.557703201
1582038611 4.992060449
1582041506 4.732165879
1582042114 4.871775472
1582043705 4.988866763
1582044317 4.667334267
1582637927 4.416758537
1582638486 4.607671287
1582639561 4.603938695
1582640739 4.578002675
1582641298 4.430926299
1582641868 4.346138677
1582642437 4.484546115
1582643011 4.555874323
1582643614 4.420340038
1582644170 4.359120503
1582898769 4.514622142
1582899340 4.477872323
1582899908 4.360396869
1582900471 4.576299076
1582902129 4.623999094
1582902775 4.6357241
1582903372 4.61245791
1574710792 4.558655906
