1569853769 4.228753972
1569854836 4.588560238
1569855386 4.092191347
1569856437 3.94269119
1570448953 3.952493313
1570449454 3.710043674
1570449893 3.917904279
1571323440 4.004488426
1571323833 3.911398245
1571324236 3.789452857
1571324635 3.884695168
1571327565 3.931860655
1571327956 3.939503388
1571328347 3.961354334
1571328738 3.918732209
1571329129 3.950363505
1571329520 3.961534632
1571330494 3.96211203
1571398068 3.912330144
1571398464 3.960410332
1571398857 3.988108228
1571399248 3.931902488
1571399640 4.010553144
1571400037 3.896813832
1571400429 3.970338133
1571400857 3.889297136
1571401249 4.191933527
1571401641 3.977725746
1571407022 4.007766445
1571407413 3.9338471
1571407804 3.961663334
1571408193 3.94395622
1571408587 3.865761322
1571666079 3.946681068
1571666468 4.006651022
1571666860 3.920844375
1571667253 3.958996295
1571667697 3.88475093
1571669348 3.969657473
1571669743 3.946863574
1571754259 3.859733131
1571754650 4.017834762
1571755051 3.997759896
1571755447 3.979777884
1571756679 3.914271163
1571757109 4.001225481
1571757539 3.92154353
1571757934 3.916502953
1571758327 3.901706515
1571758719 4.253253959
1571762332 3.980240207
1571762729 3.884917997
1571763121 3.931310077
1571763510 3.952793109
1571763904 3.788280888
1571764328 4.016060413
1571764719 3.95199339
1571765110 3.980626149
1571765499 3.96670832
1571765890 3.992609426
1571766854 4.158450803
1571767635 4.121308803
1572006609 3.833403612
1572007218 3.940409319
1572008111 3.896124276
1572008522 4.168187766
1572008915 3.750842411
1572009308 3.935647446
1572009698 3.889237187
1572010089 3.919321248
1572010486 3.976828584
1572010876 3.967584563
1572013439 4.079487374
1572013833 4.019806316
1572014223 4.304513469
1572014613 4.111400849
1572015003 3.93633731
1572269475 4.575185427
1572269889 4.796167484
1572270295 4.413117451
1572270691 4.595084341
1572271176 4.432078884
1572272414 3.940280115
1572272744 4.523508136
1572273079 3.820757225
1572273426 3.717108178
1572273758 3.795899132
1572276183 3.870674564
1572276519 4.813518853
1572276853 4.028191532
1572277185 3.551930259
1572277520 3.550613693
1572277879 3.497284789
1572278211 3.539273194
1572278542 3.632817693
1572363601 3.182511731
1572363930 3.276456941
1572364261 3.362999596
1572364590 3.070291247
1572364929 3.199893711
1572365265 3.246224279
1572365642 3.113446003
1572366016 3.114880008
1572366357 3.114922569
1572366691 3.116713177
1572369719 3.176210541
1572370050 3.247730615
1572370379 3.201090277
1572370712 3.239762743
1572371041 3.204615934
1572371374 3.079927041
1572371702 3.230509542
1572372034 3.205282761
1572372362 3.258805585
1572372693 3.569419132
1572533704 3.155245514
1572534050 3.153226908
1572534408 3.210984316
1572534736 3.147507095
1572535071 3.204187301
1572535419 3.099652308
1572535748 3.236278986
1572536084 3.087892325
1572536447 3.191428239
1572536782 3.211143807
1572537700 3.160548505
1572538353 3.243742624
1572539013 3.140558386
1572539666 3.102188462
1572540314 3.192773142
1572541224 3.191537112
1572541871 3.156920315
1572542521 3.216661742
1572543167 3.21545593
1572543840 3.368056746
1574711068 2.586112781
1574708862 2.683854538
