1569849905 2.691744674
1569850109 3.077555049
1569849905 2.691744674
1569850109 3.077555049
1569850919 3.215527107
1569851128 3.249426709
1569851463 2.85365474
1569851684 3.123237362
1569851913 3.31431978
1569852143 2.974252108
1569852381 3.117822992
1569852598 3.08323741
1569852988 2.896356927
1569853300 2.916030606
1569853539 2.856865629
1569854181 3.002802835
1569855140 2.95749775
1569855583 3.093866616
1570446912 3.31881815
1570448005 2.652123055
1570448732 2.910276811
1570449201 2.791159875
1570449627 2.812477219
1570543027 2.592839304
1570543383 2.708551475
1570543590 2.990384948
1570544519 2.960556168
1570544719 3.018105098
1570544980 2.927399436
1570545184 1.920263137
1571322899 2.909213671
1571323221 2.627165667
1571323614 2.730934892
1571324016 2.811715648
1571324416 2.829318368
1571325021 2.691522195
1571325218 2.863604584
1571325417 2.966135363
1571325622 2.863667054
1571325821 2.748171828
1571326021 2.855064547
1571326712 2.639123474
1571326921 5.567942835
1571327132 2.777361838
1571327346 2.672524322
1571327736 2.700089147
1571328127 2.78002104
1571328518 2.697652355
1571328909 2.698088264
1571329301 2.961196307
1571329894 2.762920248
1571395813 2.964868713
1571396010 2.959018021
1571396207 3.2534048
1571396405 2.717128136
1571396603 3.112568339
1571396802 3.194631651
1571397032 2.871376463
1571397236 2.953603487
1571397434 2.741677125
1571397632 2.855555785
1571397850 2.937134776
1571398240 5.305371222
1571398637 2.988132244
1571399028 2.933530897
1571399420 2.480430508
1571399815 3.660045153
1571400209 2.819622803
1571400631 2.895717249
1571401030 2.870855478
1571401422 3.122569273
1571404879 2.862319422
1571405079 2.800920361
1571405275 2.727958847
1571405475 3.22347008
1571405708 2.914933504
1571406802 2.876965973
1571407192 3.106946294
1571407586 2.915898076
1571407974 2.714989009
1571408366 3.192196139
1571408897 2.722542454
1571409128 2.731533173
1571409329 2.943465598
1571409528 2.834211394
1571409744 2.774353096
1571664312 2.72715556
1571664855 2.605297832
1571665059 2.931326837
1571665270 2.772367816
1571665463 2.734123743
1571665658 2.713885777
1571665859 2.831120368
1571666250 2.811673742
1571666641 2.829366399
1571667034 2.915666609
1571667470 2.673611107
1571668077 2.917674224
1571668276 3.095976433
1571668470 2.96411354
1571668674 3.013318731
1571668870 2.587930653
1571669123 2.646951499
1571669521 2.720685732
1571751947 2.819227365
1571752142 3.517062365
1571752341 2.807991657
1571752546 2.755273105
1571752741 2.774908131
1571752937 2.65523134
1571753135 2.939388778
1571753332 2.849960625
1571753528 2.899122084
1571753725 2.892740792
1571754034 2.895291157
1571754430 2.711138281
1571754824 2.58348184
1571755227 2.918184534
1571755628 2.96857931
1571756460 2.805802466
1571756871 2.822853076
1571757315 5.517305118
1571757709 2.764288389
1571758109 2.821265743
1571758499 2.899420778
1571760083 2.831644908
1571760279 2.826144146
1571760481 2.91012267
1571760679 2.686650476
1571760878 2.656722357
1571761090 3.235624128
1571761289 3.034553756
1571761483 2.903224912
1571761679 2.895630984
1571761879 2.644415864
1571762111 2.840576995
1571762503 2.734009415
1571762903 2.95195164
1571763291 3.050376
1571763682 2.864861229
1571764086 2.793630196
1571764499 2.857859718
1571764892 3.034737089
1571765280 2.766930724
1571765671 2.895118766
1571766248 2.755426434
1571767031 3.071030987
1571922180 2.859106886
1572003190 2.760367703
1572003385 2.726600587
1572003583 2.942723798
1572003781 3.078575316
1572003976 2.939505298
1572004171 3.356315639
1572004366 2.798698129
1572004566 2.700057451
1572004768 2.903928728
1572004967 2.778326855
1572006258 2.767788025
1572006928 18.761162297
1572006995 2.813192366
1572007389 2.775470759
1572007882 2.905537337
1572008293 2.85490824
1572008696 2.912078387
1572009090 2.950040805
1572009479 3.081632193
1572009871 2.977931649
1572010266 2.608948187
1572010657 2.388631721
1572011168 2.678968243
1572011365 2.787944255
1572011558 2.845895453
1572011758 2.733479165
1572011954 2.935595815
1572012152 3.07599388
1572012347 2.948893785
1572012541 3.25773579
1572012735 3.228242432
1572012929 2.866364006
1572013218 2.910754463
1572013612 2.859160867
1572014004 3.091860236
1572014395 3.068247058
1572014784 2.89642123
1572264988 2.680866095
1572265185 2.723549919
1572265383 2.803321042
1572265582 2.971412432
1572265779 2.852065683
1572265982 8.779826857
1572266183 2.903626143
1572266383 2.585372296
1572266585 2.617122397
1572266781 2.548197316
1572268066 2.923838216
1572268836 2.738758981
1572269250 2.626530313
1572269656 2.883918345
1572270074 2.82355561
1572270470 2.548253198
1572270864 2.881499727
1572272229 2.253352645
1572272559 2.086173864
1572272894 2.296654952
1572273227 2.321997355
1572273574 2.2483512
1572274066 2.05628671
1572274233 2.252386474
1572274409 2.551211974
1572274575 2.08185603
1572274747 2.471117277
1572274918 2.225238775
1572275086 2.22114743
1572275262 2.314669597
1572275433 2.431580176
1572275608 2.142231296
1572275995 2.257084115
1572276331 2.25769335
1572276669 2.068726237
1572277000 2.203218912
1572277330 2.175817195
1572278024 2.066456553
1572278357 2.214144914
1572361201 2.610100424
1572361399 2.869172675
1572361595 2.798875328
1572361790 2.850735137
1572361987 2.896101618
1572362182 2.831297513
1572362378 2.938483209
1572362574 2.947757093
1572362773 3.371316909
1572362969 3.024013912
1572363417 2.320614714
1572363747 2.316243606
1572364076 2.445222362
1572364407 2.427715887
1572364739 2.349446388
1572365081 2.224357651
1572365459 2.353370641
1572365830 2.097127376
1572366170 2.285633158
1572366505 2.360506919
1572366852 2.465783557
1572367025 2.269970919
1572367194 2.379521151
1572367363 2.264435313
1572367536 2.530116125
1572367717 2.306856558
1572367893 2.328426869
1572368060 2.344440765
1572368227 2.045509696
1572368393 2.739938951
1572369536 2.260782102
1572369865 2.267503657
1572370196 2.390735284
1572370528 2.395994675
1572370857 2.312161335
1572371186 2.295806074
1572371519 2.367108161
1572371848 2.365409727
1572372178 2.121514634
1572372507 2.347825474
1572532319 2.958566174
1572532521 3.108475192
1572532726 3.000423025
1572533514 2.131358652
1572533852 2.340439509
1572534206 2.307991884
1572534553 2.21708193
1572534884 2.35118947
1572535233 2.096322563
1572535564 2.365748287
1572535899 2.270321814
1572536230 2.134982202
1572536594 2.150150745
1572537197 2.13987535
1572537851 2.356223914
1572538504 2.116265823
1572539160 2.314909735
1572539813 2.183149562
1572540720 2.333057633
1572541372 2.328343972
1572542022 2.256603511
1572542669 2.155617559
1572543314 2.307531837
1572544445 2.097608673
1572544612 2.139748798
1572544783 2.227452843
1572544957 2.247547023
1572545131 2.388834429
1574710604 2.018716654
1574707026 2.048244329
1574708689 2.076892104
