1569854375 217.193769509
1571330078 190.47493795
1571766434 191.697175623
1571767216 192.25770203
1572537352 157.693361038
1572538009 156.81621299
1572538669 156.836292942
1572539321 157.253574437
1572539968 157.815148684
1572540874 156.889512642
1572541528 156.998249791
1572542176 156.892106962
1572542823 157.238661363
1572543489 156.851541219
1572871242 157.233194926
1572871893 157.036115522
1572872570 156.542809753
1572873223 157.074264344
1572873876 157.846367053
1572874937 157.793713544
1572875799 156.751957722
1572877024 157.272376029
1572877674 156.860198174
1572878902 174.106857289
1572967308 158.132432016
1572967966 156.997542928
1572969268 157.735242122
1572969929 157.248637851
1572970579 157.3613068
1572971229 160.668192555
1572971891 160.197663969
1572972552 157.274196542
1572973265 160.620329614
1572973917 157.554308531
1572974569 157.520136131
1573208851 158.164457901
1573209506 159.228563194
1573210181 158.08899635
1573210851 157.392599928
1573211507 159.510921674
1573212156 158.527515641
1573212808 157.788322808
1573213459 156.872614305
1573214130 159.081544484
1573214784 162.596995884
1573310311 148.76432984
1573310935 145.687689734
1573311549 146.018646035
1573312253 147.273717785
1573312863 148.978332863
1573313490 147.955820527
1573314122 147.966127629
1573314738 145.720535439
1574696352 140.089678341
1574696929 143.018560893
1574697522 141.720116082
1574698099 137.913870043
1574709462 145.618042462
1574710749 145.59918458
1574956679 227.166700709
1574957371 136.958138558
1574957947 140.264918275
1574959129 139.810696335
1574959731 140.170408965
1574960308 142.177276465
1574960920 139.904210483
1574961559 136.976268654
1575033030 141.059535977
1575033599 140.255565187
1575034190 139.019610674
1575034757 144.033060859
1575035327 139.121243911
1575036350 154.592512692
1575036928 139.376204264
1575037486 139.336830712
1575038489 137.514656807
1575039057 139.981314451
1575120322 138.190868926
1575120885 137.930975572
1575121446 556.828293499
1575122508 138.299714926
1575123065 138.675731727
1575123625 137.49181728
1575124180 138.33752408
1575124749 136.983344421
1575125305 139.383640012
1575125873 140.081001854
1575297618 144.444806287
1575298198 141.099573571
1575298765 142.12218025
1575299346 140.104436029
1575299918 139.977413383
1575300539 137.478780198
1575301919 139.834589595
1575390105 141.772023294
1575390673 140.460401883
1575391241 139.284468972
1575391807 138.228785662
1575392616 138.153751109
1575393252 138.955638887
1575393813 137.483935371
1575394378 139.080747033
1575394941 139.405197336
1575395504 139.591427202
1575562324 153.521898667
1575563034 141.698984406
1575563685 139.791177451
1575564282 139.140011814
1575564866 138.114470999
1575565431 137.192871695
1575566000 141.983265341
1575566586 138.374117183
1575568511 139.344470633
1579190957 141.98109199
1579191571 140.241268273
1579192136 140.172360472
1579192717 139.963642638
1579193281 143.246275361
1579193872 140.006823744
1579194438 143.342877445
1579195006 139.511956138
1579195596 140.15182662
1579196160 138.992231848
1579359366 138.042558027
1579359939 142.201125125
1579360503 138.789523648
1579361060 137.918319171
1579361616 137.245225299
1579362170 137.466795316
1579362726 137.138890873
1579363290 140.366978642
1579363858 139.718132754
1579364417 138.867494871
1574710749 145.59918458
