1569853610 7.557658266 1.125 3
1569854251 7.943194466 1.125 3
1569855224 7.924332874 0.5 2
1569855658 7.746137993 1.0 3
1570448801 7.914805055 0.625 2
1570449273 263.889256066 0.375 4
1571324484 8.058381259 1.0 2
1571398707 7.797422356 0.7142857142857143 2
1571401099 7.335893081 1.25 2
1571407656 7.669986786 1.0 3
1571408437 7.309716903 0.8571428571428571 2
1571665929 230.632750695 0.30869565217391304 3
1571669192 7.809197094 1.125 3
1571669592 232.599411963 0.3232758620689655 5
1571754893 11.912452209 1.0 3
1571756529 235.540017225 0.4425531914893617 4
1571756941 17.186000901 2.2941176470588234 4
1571762183 7.67654661 0.875 2
1571762579 7.608016679 1.1428571428571428 2
1571764159 7.599227662 1.5 4
1571764569 7.848576174 1.25 3
1571764962 228.846599411 0.15350877192982457 2
1572007459 7.414443537 1.1428571428571428 3
1572009159 7.757941472 0.875 3
1572013682 231.623406153 0.35344827586206895 3
1572268135 6.632758695 1.8571428571428572 4
1572269321 9.57267775 1.4 4
1572269737 7.903746687 0.75 2
1572270143 9.346533832 1.7777777777777777 4
1572272952 195.805690897 0.23469387755102042 3
1572277390 199.10128168 0.06030150753768844 2
1572363474 6.338018269 0.6666666666666666 2
1572363804 194.552615895 0.046153846153846156 2
1572364800 7.359970468 0.0 0
1572365517 6.380291847 0.16666666666666666 1
1572366232 6.46604852 0.0 0
1572366563 6.810089345 0.14285714285714285 1
1572369593 194.495983628 0.02564102564102564 1
1572369923 194.663717042 0.015384615384615385 1
1572370586 194.561296175 0.03608247422680412 2
1572371577 194.012783467 0.020618556701030927 1
1572372235 195.426468608 0.015306122448979591 1
1572533572 5.807827666 0.5 1
1572533909 220.544920937 0.08144796380090498 2
1572535957 195.269403897 0.041025641025641026 2
1572536654 5.416781123 0.2 1
1572872471 6.737342538 0.14285714285714285 1
1572873774 7.574250999 1.125 2
1572874837 6.445426407 0.0 0
1572880536 7.035953221 1.4285714285714286 4
1572881219 6.364347984 0.14285714285714285 1
1572882216 6.235943053 0.0 0
1572882606 195.844508381 0.2755102040816326 3
1572969168 7.016630372 1.4285714285714286 4
1573208755 6.11457261 1.5 3
1573209405 5.709485334 0.0 0
1573210072 5.713549641 0.5 2
1573210737 6.520459479 0.14285714285714285 1
1573211404 6.514051487 0.5714285714285714 3
1573212708 6.515658661 1.1666666666666667 3
1573213361 6.452200115 0.8571428571428571 2
1573214687 6.250706248 0.0 0
1573218222 194.977087357 0.21025641025641026 3
1573306466 7.042418056 0.75 2
1573306782 6.97398853 0.8571428571428571 3
1573308078 6.643693694 1.0 2
1573308392 205.760805377 0.6116504854368932 5
1573308724 6.836381584 1.1666666666666667 3
1573310215 6.573625786 0.7142857142857143 2
1573312073 6.634191544 1.1666666666666667 3
1573828919 5.335649842 0.8 2
1573829223 179.579333836 0.37222222222222223 3
1573830396 8.635460476 1.25 3
1573903265 5.303931585 1.0 2
1573903576 185.572837255 0.44324324324324327 4
1573904196 5.711124719 1.0 2
1574689268 5.775274164 1.1666666666666667 2
1574693516 193.779689613 0.203125 3
1574956018 7.205926055 1.2857142857142858 3
1575115986 6.405606438 0.8571428571428571 2
1575122983 5.38734822 1.2 2
1575296966 191.335200849 0.005208333333333333 1
1575561123 188.945161012 0.25396825396825395 2
1579525774 186.435421815 0.3048128342245989 3
1579526100 5.849555381 0.3333333333333333 2
1580222579 5.004516724 0.8 1
1580306487 5.684116866 0.16666666666666666 1
1580307665 184.404144627 0.07567567567567568 2
1581937201 6.095795639 1.3333333333333333 2
1581938188 5.430023651 0.8 1
1582031540 7.599293759 1.0 2
1582190789 5.211073989 1.2 2
1582636623 5.456163316 2.8 4
1574710658 6.054391281 0.0 0
1574708742 6.056409339 0.0 0
