1569853908 2.295434178 0.3333333333333333 1
1569855484 2.553843937 0.5 1
1570447334 2.421631567 0.6666666666666666 1
1570449089 1.658290821 0.0 0
1570449544 1.959656514 0.0 0
1570449990 3.029237976 0.0 0
1571323933 2.206616568 1.75 4
1571327654 2.063776039 0.0 0
1571328045 1.838312748 0.0 0
1571328197 241.184968341 0.08298755186721991 2
1571329219 2.055779556 0.0 0
1571329608 1.874763643 0.6666666666666666 1
1571398157 2.92789235 1.0 1
1571398554 2.394664176 0.5 1
1571398946 1.923095013 0.0 0
1571399729 2.346878465 0.3333333333333333 1
1571400126 1.736198681 0.0 0
1571401340 1.244776848 1.0 1
1571401729 1.839226741 0.0 0
1571407110 1.602334088 0.3333333333333333 1
1571408282 1.874456198 1.0 2
1571408675 1.65905563 0.3333333333333333 1
1571666167 2.306741363 1.0 1
1571667786 2.051392362 1.0 2
1571669438 1.348684808 0.0 0
1571669832 1.288599168 0.0 0
1571754739 1.882515551 0.6666666666666666 1
1571756772 1.618787121 0.0 0
1571757208 2.100445576 0.0 0
1571757627 1.700327515 0.6666666666666666 1
1571758415 1.659852613 0.3333333333333333 1
1571763209 1.63197425 0.0 0
1571763599 1.836422968 0.3333333333333333 1
1571763992 1.95184798 0.3333333333333333 1
1571764809 1.972992206 1.0 1
1571765198 2.177562274 0.0 0
1571766944 1.676121107 0.3333333333333333 1
1572006686 1.696925003 0.0 0
1572008613 1.222953626 0.0 0
1572009397 1.923428349 0.0 0
1572009787 2.134072501 0.0 0
1572010178 2.05939711 0.0 0
1572010574 1.708475593 0.0 0
1572010965 1.287791221 0.0 0
1572013528 1.632449942 0.0 0
1572013921 2.095083498 0.0 0
1572014314 1.148903094 0.0 0
1572014702 1.838546708 0.0 0
1572268905 245.605843093 0.028455284552845527 2
1572269564 2.031494938 0.5 1
1572269979 1.831792835 0.0 0
1572270385 1.967752668 0.0 0
1572270780 1.166242569 0.0 0
1572271290 1.932267234 0.0 0
1572272488 1.715308647 0.3333333333333333 1
1572273501 1.680065102 0.0 0
1572276257 1.755832568 0.3333333333333333 1
1572276596 1.274707051 1.0 1
1572276929 1.795076497 0.0 0
1572277260 1.608702414 0.0 0
1572277595 1.706582306 0.0 0
1572277954 0.97183899 0.0 0
1572278286 1.664946299 1.0 1
1572278617 1.615560281 0.5 1
1572363676 1.616166467 1.3333333333333333 2
1572364005 1.441711165 1.5 2
1572364665 1.664088825 2.0 2
1572365004 1.577955594 0.5 1
1572365720 1.094755282 0.0 0
1572366091 1.762127943 1.3333333333333333 2
1572366766 1.760158902 0.0 0
1572369794 1.758876441 0.0 0
1572370124 1.588533633 0.5 1
1572370786 1.870792813 0.5 1
1572371116 1.200427038 1.0 1
1572371447 1.832478569 0.3333333333333333 1
1572371778 1.144268926 0.0 0
1572372108 1.617078056 0.5 1
1572372770 1.629848314 1.3333333333333333 2
1572533782 1.436946144 0.5 1
1572534483 1.538203973 0.0 0
1572534812 1.164384881 0.0 0
1572535823 1.701962112 0.0 0
1572536158 1.897856731 1.0 2
1572536522 0.927942577 0.0 0
1572536859 1.875485898 1.0 2
1572538431 1.452673871 0.0 0
1572539088 1.713140484 0.0 0
1572540389 1.74874146 1.5 2
1572543915 1.835867215 1.5 2
1572871663 1.726007499 1.3333333333333333 2
1572872313 1.859315173 1.5 2
1572873642 1.772218083 0.5 1
1572874300 1.745559723 0.0 0
1572876225 1.52482236 1.0 1
1572877445 2.070127696 1.25 2
1572878101 1.789612271 1.5 3
1572879344 1.488132444 0.3333333333333333 1
1572880406 1.697904623 0.6666666666666666 1
1572881423 1.4028204 0.5 1
1572881758 1.541188319 0.0 0
1572882088 1.554830668 0.0 0
1572882474 1.371438749 0.0 0
1572882808 1.628639314 0.5 1
1572883160 1.722452181 0.5 1
1572883503 1.624732385 0.5 1
1572967731 1.703241743 0.5 1
1572968715 2.00205159 0.5 1
1572969688 1.532800658 1.0 2
1572970349 1.158971196 0.0 0
1572970999 1.451882388 0.0 0
1572971662 1.725759454 0.0 0
1572972323 1.586146219 2.0 2
1572973687 1.635021805 1.5 2
1572974336 1.787211741 1.0 2
1572974995 1.538519585 0.0 0
1572975396 1.571130652 0.5 1
1572975727 1.655048172 0.5 1
1572976098 1.552714298 1.0 2
1572976477 1.383212769 1.0 1
1572976808 1.116388817 1.0 2
1572977137 1.526095291 0.5 1
1572977501 1.145725805 0.0 0
1572977830 1.448385621 0.0 0
1573209272 0.853184303 0.0 0
1573210605 1.71862904 0.0 0
1573212579 1.013865084 0.0 0
1573214556 1.377597388 0.0 0
1573306983 1.210528519 0.0 0
1573307637 0.942650376 -1 -1
1573307951 1.515518934 0.5 1
1573308272 1.616282969 0.0 0
1573310717 1.117628298 0.0 0
1573312650 1.286133597 0.0 0
1573313269 1.451656482 0.0 0
1573314520 1.108980799 0.0 0
1573828184 1.931087752 1.0 1
1573828492 1.803990747 0.5 1
1573828799 1.983553277 0.0 0
1573829104 1.840042114 0.0 0
1573829408 1.623504916 0.0 0
1573829529 191.356907849 0.16666666666666666 2
1573830276 1.764310669 1.0 2
1573830584 2.12467857 1.3333333333333333 2
1573830893 1.081846627 0.0 0
1573831197 1.791487134 0.5 1
1573902830 1.919101593 0.5 1
1573903143 1.870097732 0.0 0
1573903455 1.839556482 0.0 0
1573903766 1.744129247 1.0 1
1573904076 2.079250641 1.0 1
1573904384 1.840847303 1.0 2
1574688152 1.774720613 1.0 1
1574688471 1.827929502 0.0 0
1574689296 1.358500069 0.0 0
1574692164 1.991113559 0.5 1
1574692477 2.041325615 2.0 3
1574693396 1.929650349 0.5 1
1574693715 1.910368693 0.0 0
1574694043 1.740746281 1.0 1
1574694466 1.916718939 0.5 1
1574694790 2.071722602 1.0 2
1574695345 1.490851671 0.0 0
1574695687 1.881273107 0.0 0
1574695995 2.094460028 0.0 0
1574696724 1.878656861 2.5 3
1574698466 1.781252345 0.0 0
1574699053 2.080093435 0.0 0
1574708277 1.448889344 0.5 1
1574708575 2.096203878 0.0 0
1574708932 2.012060613 0.0 0
1574709882 2.006812383 0.0 0
1574710490 2.192413934 1.3333333333333333 2
1574711139 2.083384078 0.0 0
1574950941 2.093562593 0.5 1
1574951316 1.91942262 0.0 0
1574951671 2.0571746 0.0 0
1574951998 1.974768637 1.0 1
1574952313 2.091409988 0.0 0
1574952709 2.147079035 0.5 1
1574953036 2.050206749 0.3333333333333333 1
1574953408 1.754482917 0.3333333333333333 1
1574953733 1.870350385 0.5 1
1574954060 2.218575953 0.0 0
1574956475 1.872372433 0.5 1
1574957145 1.965406036 0.0 0
1574957739 1.999443692 0.0 0
1574958321 2.11360248 0.0 0
1574958916 1.753514618 0.0 0
1574959525 1.916342642 0.0 0
1574960689 2.135345743 0.0 0
1574961356 1.846427142 0.0 0
1574961925 1.778910191 0.0 0
1575028343 1.839848842 0.0 0
1575028651 2.232196673 0.6666666666666666 2
1575028963 3.063065243 0.25 1
1575029611 1.980609602 0.0 0
1575029923 2.144712213 0.0 0
1575030233 1.785072345 0.5 1
1575030551 1.637716208 0.0 0
1575030882 2.004798253 0.0 0
1575031193 2.135985133 0.0 0
1575033405 1.801602824 3.0 3
1575033972 1.971666115 0.5 1
1575034563 1.895160407 0.0 0
1575035135 1.915145707 0.0 0
1575036735 1.875176661 0.5 1
1575037296 1.968905989 0.0 0
1575037854 1.831488916 0.0 0
1575038864 2.048514144 1.0 1
1575114624 2.004581673 0.0 0
1575114932 2.055794193 0.0 0
1575115242 1.872158353 0.0 0
1575115552 1.709078461 0.0 0
1575115866 2.007159121 0.0 0
1575116177 1.830965172 0.0 0
1575116487 1.918579762 0.0 0
1575116796 1.947931228 0.0 0
1575117105 1.971979169 0.5 1
1575117414 2.08470911 1.0 2
1575120689 2.050709867 0.0 0
1575121254 1.996778535 0.0 0
1575122256 1.871812056 0.6666666666666666 1
1575122875 1.713590947 0.0 0
1575123432 1.929155853 0.5 1
1575123991 1.902084269 0.0 0
1575124546 1.920675457 0.0 0
1575125113 2.000383579 1.0 2
1575125679 2.102013832 0.6666666666666666 1
1575126245 1.845285881 0.0 0
1575293144 1.970234807 1.5 2
1575293818 2.237146071 1.0 2
1575294156 1.849829855 0.0 0
1575294501 1.916984214 0.0 0
1575294845 2.129805698 0.0 0
1575295247 2.048940721 0.5 1
1575295617 2.011198865 0.0 0
1575297163 1.884927467 0.5 1
1575298000 1.850025163 0.5 1
1575298570 2.083335513 0.0 0
1575299143 2.086545037 0.5 1
1575299720 2.05243856 0.3333333333333333 1
1575300334 1.033581811 0.5 1
1575300907 1.955426703 0.0 0
1575302289 1.915596147 0.0 0
1575386035 2.04223336 0.0 0
1575386348 2.300450178 0.0 0
1575386658 2.08916109 0.0 0
1575387063 2.183308176 0.0 0
1575387370 1.922421086 0.0 0
1575387682 2.00617779 0.0 0
1575387990 2.045985932 0.5 1
1575388298 1.972252808 0.0 0
1575388607 1.871808146 0.0 0
1575388911 1.923426129 0.5 1
1575390479 1.661534004 0.0 0
1575391048 1.988645273 0.0 0
1575391608 1.919122438 0.5 1
1575392423 1.903557705 0.0 0
1575393002 3.168918281 0.0 0
1575393622 2.138346816 0.0 0
1575394748 1.93176737 0.5 1
1575395312 1.973138598 0.5 1
1575395875 2.110801839 0.0 0
1575473772 1.346408631 2.5 3
1575558796 2.050497505 0.0 0
1575559107 1.927523227 0.0 0
1575559433 2.263801671 0.3333333333333333 1
1575559753 2.052769358 0.0 0
1575560122 1.912468535 0.0 0
1575560451 2.108534275 0.5 1
1575560788 2.346136632 1.0 2
1575561320 1.576780955 1.0 1
1575562017 2.098921111 0.0 0
1575562797 1.965937282 0.5 1
1575563407 1.912255418 0.0 0
1575564075 1.828651114 0.0 0
1575564654 1.929621789 0.0 0
1575565233 1.836855969 0.5 1
1575565800 1.938417708 0.0 0
1575566372 2.048251809 0.0 0
1575566979 2.078247101 0.0 0
1575568301 2.056770165 0.0 0
1575568883 2.099371322 0.5 1
1579186542 1.620442672 0.0 0
1579186891 1.965235466 0.5 1
1579187900 1.982055102 0.0 0
1579188233 1.700982992 0.0 0
1579188682 2.464597535 0.6666666666666666 1
1579189212 2.155588207 0.0 0
1579189550 1.996841294 0.0 0
1579189875 1.915596224 0.0 0
1579190214 2.056121475 0.0 0
1579190588 2.522409848 -1 -1
1579191945 1.78541043 0.0 0
1579192509 2.044084277 0.0 0
1579193093 1.778286287 0.0 0
1579193679 2.113547623 0.0 0
1579194243 1.968060556 0.0 0
1579194812 1.735529995 0.0 0
1579195379 0.833822359 0.0 0
1579195968 1.943043349 0.0 0
1579196529 2.093436352 0.5 1
1579354298 2.055866753 0.0 0
1579354609 1.872860669 0.0 0
1579354918 1.965477284 0.0 0
1579355226 1.946808957 0.0 0
1579355538 1.802135588 0.0 0
1579355843 2.144530822 0.5 1
1579356152 2.126238369 0.0 0
1579356458 2.056949858 0.0 0
1579356764 1.917144921 0.5 1
1579357248 1.84042737 1.0 1
1579359734 2.063345621 0.5 1
1579360313 1.587079095 1.0 2
1579360871 1.837220413 0.0 0
1579361426 1.874799159 0.5 1
1579361981 1.876706144 0.5 1
1579362537 1.950457429 0.5 1
1579363095 2.133797132 1.0 1
1579363661 2.100067631 0.0 0
1579364227 1.98079938 0.0 0
1579364786 1.933427906 0.0 0
1579524912 2.228192163 0.0 0
1579525254 2.130540765 0.0 0
1579525966 1.758699364 0.0 0
1579526289 1.921199681 0.0 0
1579528596 2.048526884 0.0 0
1579529019 2.056414991 0.0 0
1579529396 2.107572778 0.0 0
1579529735 1.967437841 0.0 0
1579530047 1.976743276 0.0 0
1579530780 2.047520283 0.0 0
1579532408 1.97258367 0.0 0
1579533100 1.889519765 0.0 0
1579533760 1.812532015 0.0 0
1579534405 1.497169098 0.0 0
1579535665 2.049436104 0.0 0
1579536744 1.993459302 0.0 0
1579537312 1.809590433 0.5 1
1580218040 1.974886526 1.0 1
1580218368 1.998390194 0.5 1
1580218703 2.063395353 0.0 0
1580219052 2.12366863 1.0 1
1580219413 1.750303564 0.6666666666666666 1
1580222453 1.70830313 0.5 1
1580222767 1.632464613 0.0 0
1580223077 1.950907173 0.0 0
1580223415 1.923495267 0.0 0
1580224037 2.178352773 0.0 0
1580224595 1.969265551 0.5 1
1580225152 2.03706585 0.5 1
1580225717 1.664189392 0.0 0
1580226296 1.764945302 0.5 1
1580226863 1.867554219 0.0 0
1580227428 1.876999427 0.0 0
1580228028 20.653271589 0.0 0
1580228607 2.045417894 1.0 1
1580229167 2.059873762 0.0 0
1580306670 1.827886971 0.0 0
1580306982 2.311855804 0.0 0
1580307374 2.169196192 0.0 0
1580307855 2.072290964 0.0 0
1580308165 2.041998147 0.0 0
1580308482 1.829098968 0.0 0
1580310684 2.001152618 0.0 0
1580310998 2.011477818 0.0 0
1580311304 2.190173623 0.5 1
1580311616 1.971704767 0.0 0
1580311991 1.783619478 0.0 0
1580312594 2.131360238 0.0 0
1580313173 2.09327349 0.0 0
1580314053 1.948786586 0.0 0
1580314693 2.03784885 0.0 0
1580315249 1.83188845 0.0 0
1580315812 1.999966419 0.0 0
1580316374 1.959299939 0.0 0
1580317083 1.71165063 0.0 0
1580317671 2.007230511 0.0 0
1581937065 1.966545726 0.0 0
1581937722 1.820745364 0.0 0
1581938046 1.748023006 0.0 0
1581938365 1.87365437 0.0 0
1581938689 1.913688903 1.0 1
1581938990 1.543256962 0.0 0
1581939334 1.912142452 1.0 2
1581939661 1.795696717 0.0 0
1581939960 1.989800527 0.0 0
1581942736 1.802812232 0.0 0
1581944314 1.787253127 0.0 0
1581945259 1.847834243 0.0 0
1581946209 2.266411748 0.0 0
1581946778 1.921171439 0.0 0
1581947674 2.019225175 0.5 1
1581948265 1.83663273 0.0 0
1581949389 1.050194916 0.0 0
1582030479 1.544814752 0.0 0
1582030786 2.100925112 0.5 1
1582031432 1.964895112 0.0 0
1582031730 1.881534895 0.0 0
1582032102 1.636623014 1.5 2
1582032420 2.112298609 1.0 1
1582032724 1.692956114 1.0 2
1582033317 1.556907462 0.0 0
1582033674 2.173760308 0.0 0
1582035091 1.78688605 0.0 0
1582035963 1.597669259 0.0 0
1582036568 1.499945079 0.0 0
1582037177 1.826113285 0.0 0
1582037774 1.870059131 0.3333333333333333 1
1582038369 1.923228657 0.0 0
1582038957 1.926506646 0.6666666666666666 1
1582041874 1.150938891 0.5 1
1582044071 1.399163716 0.0 0
1582044663 1.581402829 0.0 0
1582044978 1.807421078 0.0 0
1582045279 2.074742637 0.0 0
1582045576 1.715528934 0.0 0
1582045889 1.543499917 0.0 0
1582046184 1.747245962 0.0 0
1582120532 1.664074663 0.0 0
1582188944 1.864374954 0.0 0
1582189072 0.089552846 -1 -1
1582189075 1710.476639243 0.0005847953216374269 1
1582190972 2.074985951 0.0 0
1582191264 1.912076811 0.0 0
1582191559 2.21906097 0.0 0
1582191855 2.22125835 0.0 0
1582192143 1.921659475 0.0 0
1582192435 1.971035752 0.0 0
1582192732 1.888613231 0.0 0
1582193020 1.839100969 0.0 0
1582193310 2.933505801 0.0 0
1582635082 1.745174027 0.0 0
1582635367 1.94152589 0.0 0
1582635650 1.842616339 0.0 0
1582635935 2.153989517 0.0 0
1582636222 1.712191137 0.0 0
1582636508 2.052150733 2.0 2
1582636801 1.149778989 0.0 0
1582637096 2.410119675 0.5 1
1582637098 0.118956812 1.0 1
1582637394 1.919760207 0.0 0
1582637689 1.796534064 0.0 0
1582638257 2.007358618 0.0 0
1582638818 1.62773742 0.0 0
1582640484 2.184645492 0.0 0
1582641071 2.065900633 0.5 1
1582641632 1.885628587 0.0 0
1582642205 1.91829487 0.0 0
1582642771 1.909731052 0.0 0
1582643345 1.91952314 0.0 0
1582643942 2.110186833 1.5 2
1582886333 1.955671176 0.5 1
1582886622 1.587582767 0.0 0
1582886918 1.987333771 1.5 2
1582887206 1.972296513 0.0 0
1582887495 2.000121653 1.0 1
1582887788 1.83301854 0.0 0
1582888072 1.77251598 0.0 0
1582888361 1.924837429 0.3333333333333333 1
1582888650 1.99987722 0.0 0
1582889009 2.132209445 0.0 0
1582899113 1.871118313 0.0 0
1582899677 2.273525465 0.0 0
1582900801 2.091617597 0.0 0
1582902546 1.922614115 0.0 0
1582903106 2.126181821 0.0 0
1582903711 2.001254948 0.0 0
1574711138 2.216415862 0.0 0
1574711140 0.0 0.0 0
1574711141 0.0 0.0 0
1574711141 0.0 0.0 0
1574711141 0.0 0.0 0
1574711141 0.0 0.0 0
1574711141 0.0 0.0 0
1574711141 0.0 0.0 0
1574711141 0.0 0.0 0
1574711141 0.0 0.0 0
1574711141 0.0 0.0 0
1574711141 0.0 0.0 0
1574711141 0.0 0.0 0
1574711141 0.0 0.0 0
1574711141 0.0 0.0 0
1574711141 0.0 0.0 0
1574711141 0.0 0.0 0
1574711141 0.0 0.0 0
1574711141 0.0 0.0 0
1574711141 0.0 0.0 0
1574711141 0.0 0.0 0
1574708742 0.0 -1 -1
1574708742 0.0 -1 -1
1574708932 2.039739916 0.0 0
1574708934 0.0 0.0 0
1574708934 0.0 0.0 0
1574708934 0.0 0.0 0
1574708934 0.0 0.0 0
1574708934 0.0 0.0 0
1574708934 0.0 0.0 0
1574708934 0.0 0.0 0
1574708934 0.0 0.0 0
1574708934 0.0 0.0 0
1574708934 0.0 0.0 0
1574708934 0.0 0.0 0
1574708934 0.0 0.0 0
1574708934 0.0 0.0 0
1574708934 0.0 0.0 0
1574708934 0.0 0.0 0
1574708934 0.0 0.0 0
1574708934 0.0 0.0 0
1574708934 0.0 0.0 0
