1569853900 8.335457897 0.8888888888888888 4
1569855476 7.403450818 2.7777777777777777 4
1570448809 280.037218235 0.24285714285714285 4
1570449537 7.121199865 0.2857142857142857 1
1570449982 8.15067179 0.1111111111111111 1
1571328038 7.334657294 0.0 0
1571328987 232.019539996 0.11587982832618025 2
1571398545 8.357841419 1.4 4
1571398714 231.574566798 0.12987012987012986 2
1571400118 7.749724299 0.5555555555555556 2
1571401107 233.466402236 0.1888412017167382 4
1571401721 8.033130142 0.4444444444444444 1
1571408275 7.709852741 1.125 2
1571666159 7.935088056 1.5 3
1571669200 237.997250689 0.09243697478991597 2
1571669824 7.217562673 1.875 3
1571756764 7.737997596 0.375 2
1571756958 250.214773758 0.2 3
1571764577 231.723323249 0.44396551724137934 4
1571765191 6.58739258 0.75 2
1572009167 229.854234718 0.08695652173913043 2
1572009779 8.32968233 0.3333333333333333 1
1572013914 7.245860223 0.5714285714285714 2
1572269557 7.343388143 0.625 2
1572270943 347.576985917 0.21264367816091953 3
1572273495 5.796528488 2.4285714285714284 4
1572276590 5.767692374 0.0 0
1572276923 5.627380729 0.0 0
1572277254 6.39635294 0.14285714285714285 1
1572277589 5.794761873 0.16666666666666666 1
1572277948 6.513101847 0.14285714285714285 1
1572278611 6.419996479 0.2857142857142857 1
1572363999 6.600583479 2.1666666666666665 4
1572364659 6.175417083 4.285714285714286 6
1572364998 6.402318543 0.2857142857142857 1
1572365523 196.598928972 0.37055837563451777 4
1572366760 5.87748179 3.857142857142857 5
1572369788 6.013114594 0.5 2
1572370118 5.951973165 1.6666666666666667 3
1572370780 5.753674151 0.0 0
1572371110 6.593397246 0.0 0
1572371771 6.810124815 0.2857142857142857 1
1572534805 7.003968938 2.125 3
1572535817 6.019730009 0.2857142857142857 1
1572536152 5.87018468 0.8333333333333334 2
1572536515 7.071269321 1.75 3
1572538424 6.629320747 0.375 1
1572539082 6.004844218 0.2857142857142857 1
1572540383 6.035074786 1.1428571428571428 3
1572543909 5.980168587 0.5714285714285714 2
1572873636 5.932400787 0.14285714285714285 1
1572874294 5.970613279 0.5714285714285714 2
1572878095 6.21610327 1.7142857142857142 3
1572881417 6.381564835 3.4285714285714284 5
1572882082 5.290050725 0.14285714285714285 1
1572882467 6.74302597 0.75 2
1572882802 6.066074482 0.8333333333333334 3
1572967725 6.223408457 3.2857142857142856 5
1572968708 7.389612399 0.375 2
1572970343 5.783204366 0.42857142857142855 1
1572970993 6.185228089 2.4285714285714284 3
1572971656 6.2399541 0.42857142857142855 1
1572972316 6.570228346 0.5 3
1572973681 6.086421544 0.5714285714285714 2
1572974330 6.028806783 0.8571428571428571 3
1572974988 6.425711793 0.625 2
1572975721 6.040210701 0.14285714285714285 1
1572976470 6.412702193 0.875 3
1572977131 6.45946362 0.2857142857142857 1
1572977495 6.719621561 0.14285714285714285 1
1572977824 5.798006775 0.42857142857142855 1
1573210597 7.796365134 0.0 0
1573212573 5.888524066 0.2857142857142857 2
1573214547 8.746194561 1.8 3
1573306976 6.869649224 0.25 1
1573307630 6.686000848 0.125 1
1573307945 5.942212694 0.14285714285714285 1
1573308265 6.059861781 0.125 1
1573310710 6.783892815 0.125 1
1573312644 5.978054238 0.2857142857142857 1
1573313262 6.277170595 0.5 1
1573314513 7.022458286 0.125 1
1573828179 5.371096602 0.3333333333333333 1
1573828487 5.79544199 0.5 1
1573828794 4.846021603 0.0 0
1573829099 4.996780267 0.16666666666666666 1
1573829403 5.363468768 0.2 1
1573830271 5.297060413 1.3333333333333333 3
1573830579 5.17214546 1.0 3
1573831192 5.022120496 0.16666666666666666 1
1573902825 5.03364313 0.0 0
1573903138 5.323567644 0.16666666666666666 1
1573903449 5.989538248 0.14285714285714285 1
1573903761 5.127176835 0.0 0
1573904071 5.527164547 0.5 1
1573904378 6.063089426 0.42857142857142855 2
1574688146 5.843477435 0.42857142857142855 2
1574688465 5.412979906 1.1428571428571428 3
1574689274 22.087947562 0.13636363636363635 1
1574692159 5.529346714 0.0 0
1574692472 5.083756867 0.8333333333333334 2
1574693391 5.27808948 1.0 2
1574693709 5.205223563 0.0 0
1574694038 5.36851847 0.6666666666666666 2
1574694461 5.383799416 2.8333333333333335 5
1574694784 5.892549486 0.14285714285714285 1
1574695339 5.531263542 1.8571428571428572 3
1574695681 5.309806467 0.0 0
1574695988 7.295585246 0.375 1
1574696719 5.609087299 0.0 0
1574698461 5.381521726 2.8333333333333335 5
1574699048 5.168522067 2.8333333333333335 3
1574708569 5.238274492 0.16666666666666666 1
1574708927 5.126884811 0.0 0
1574709876 5.48362339 0.7142857142857143 1
1574711133 5.75859868 0.15384615384615385 2
1574950936 5.234422969 0.0 0
1574951311 5.172808261 0.6666666666666666 2
1574951666 5.324492022 0.16666666666666666 1
1574951993 5.427218776 0.3333333333333333 2
1574952307 5.819934001 0.14285714285714285 1
1574952703 5.87175903 3.142857142857143 5
1574953031 4.936000399 0.5 1
1574953729 4.887083505 1.8 3
1574954054 5.347188158 0.42857142857142855 1
1574956469 5.727392253 1.1428571428571428 2
1574957732 6.422728419 0.125 1
1574958316 5.324567502 2.8333333333333335 4
1574958911 5.312725909 1.3333333333333333 4
1574959520 5.331590646 1.1666666666666667 2
1574960684 5.233174406 0.6666666666666666 1
1574961351 4.770351254 2.5 4
1574961920 5.031247745 0.3333333333333333 1
1575028337 6.156985892 2.0 3
1575028646 5.540579413 0.0 0
1575029605 5.431952943 0.8571428571428571 2
1575029917 6.099877645 0.2857142857142857 1
1575030227 6.071174471 0.14285714285714285 1
1575030542 8.590859673 1.0 3
1575030877 5.251426716 0.3333333333333333 1
1575031188 5.571959988 0.16666666666666666 1
1575033399 6.188290435 0.2857142857142857 1
1575033966 5.140253598 2.0 3
1575034557 5.606794876 0.5714285714285714 2
1575035130 5.717311314 0.3333333333333333 2
1575036730 5.553096156 0.0 0
1575037291 5.243078265 0.3333333333333333 1
1575037849 5.584980938 1.0 3
1575038858 5.823139762 2.5714285714285716 5
1575114619 5.129815547 2.8333333333333335 4
1575114927 5.077126552 1.1666666666666667 3
1575115238 4.856280921 0.0 0
1575115546 6.059877093 1.4285714285714286 3
1575115861 5.233616279 0.3333333333333333 1
1575116171 5.603542618 0.2857142857142857 1
1575116482 5.449587567 0.0 0
1575116791 5.117122876 0.0 0
1575117100 4.930297822 0.0 0
1575117409 5.04562728 0.3333333333333333 2
1575120684 5.438265076 3.0 4
1575121249 5.440351844 0.6666666666666666 1
1575122869 5.713774492 0.5714285714285714 1
1575123427 5.298875702 0.0 0
1575123985 5.663203236 0.0 0
1575124541 5.21776895 0.0 0
1575125108 4.996170974 0.5 2
1575125674 5.480760846 0.3333333333333333 1
1575126239 5.339159188 0.0 0
1575293139 5.233654469 0.0 0
1575293813 5.731923537 0.16666666666666666 1
1575294150 6.030692784 1.8571428571428572 3
1575294496 5.343542915 0.0 0
1575294840 5.15155123 0.16666666666666666 1
1575295243 4.865352576 0.0 0
1575295611 5.549641991 1.2857142857142858 2
1575297158 5.140382515 0.0 0
1575297995 5.414527893 0.16666666666666666 1
1575298565 5.293851244 0.0 0
1575299138 5.165683623 0.5 2
1575299714 5.448578287 2.0 3
1575300901 5.479970284 0.8571428571428571 2
1575302283 6.128365873 0.14285714285714285 1
1575386030 5.325290111 0.16666666666666666 1
1575386343 5.005339053 0.16666666666666666 1
1575386653 5.125561615 0.16666666666666666 1
1575387058 5.256389451 0.0 0
1575387365 5.266108501 0.0 0
1575387677 5.06555664 0.0 0
1575387985 5.375825971 1.5 2
1575388293 5.427877083 0.5 2
1575388602 5.132919526 0.0 0
1575391043 5.336249165 0.3333333333333333 1
1575391603 5.382815148 0.3333333333333333 1
1575392417 5.275135232 0.0 0
1575392996 6.291457172 3.5714285714285716 5
1575393616 5.218961833 1.2857142857142858 4
1575394743 5.094826148 0.0 0
1575395306 5.578421817 0.0 0
1575395870 5.320746781 4.0 5
1575558792 4.921105815 2.4 3
1575559101 5.621663286 0.14285714285714285 1
1575559428 5.103208467 0.5 1
1575559748 5.366332882 3.1666666666666665 4
1575560116 5.695454032 0.2857142857142857 1
1575560446 5.384645153 0.5 1
1575560783 5.126174553 2.6666666666666665 4
1575561312 7.13202548 2.125 4
1575562011 5.775862653 2.2857142857142856 3
1575562791 5.682048838 0.8571428571428571 2
1575563402 5.020012849 1.6666666666666667 3
1575564069 5.570398801 3.7142857142857144 5
1575564648 5.437395373 3.7142857142857144 4
1575565228 5.3323664 0.8333333333333334 2
1575565794 5.552657893 1.5714285714285714 2
1575566367 5.436378729 1.1666666666666667 4
1575566974 5.133667471 1.0 2
1575568296 5.155646852 0.0 0
1575568878 5.298343686 0.5 1
1579186536 5.857578135 0.0 0
1579186885 5.214554206 0.16666666666666666 1
1579187894 5.337929482 1.5714285714285714 3
1579188227 5.909794441 0.0 0
1579188674 7.95181869 1.4444444444444444 3
1579189208 4.921409392 0.2 1
1579189357 193.743311358 0.05154639175257732 2
1579189870 4.754244875 0.3333333333333333 1
1579190209 5.443838591 0.0 0
1579191938 6.187324894 1.5 3
1579192504 5.353307714 0.16666666666666666 1
1579193087 5.448058199 0.16666666666666666 1
1579193674 5.17059088 0.0 0
1579194238 5.228219927 0.0 0
1579194807 5.616544943 0.16666666666666666 1
1579195371 7.847483361 0.1111111111111111 1
1579195962 5.501202856 0.0 0
1579196524 5.248040737 0.16666666666666666 1
1579354293 5.372817181 0.0 0
1579354604 5.103014859 0.0 0
1579354913 4.945900675 0.3333333333333333 1
1579355221 5.10907964 0.0 0
1579355531 6.167992088 0.375 1
1579355838 5.125125585 0.3333333333333333 2
1579356147 5.006386605 0.3333333333333333 1
1579356453 5.245251878 1.0 2
1579356758 5.57444966 0.0 0
1579357242 5.322335157 0.42857142857142855 1
1579359729 4.997355883 1.0 2
1579360307 6.237573465 2.4285714285714284 3
1579360866 5.324275992 0.6666666666666666 2
1579361420 5.652941658 0.0 0
1579361976 5.436550947 2.3333333333333335 3
1579362531 5.419726616 0.5714285714285714 1
1579363089 5.366430473 0.42857142857142855 1
1579363656 5.428666269 0.0 0
1579364222 5.292945061 1.8333333333333333 3
1579364781 5.29993103 0.3333333333333333 1
1579524907 4.986245299 3.0 4
1579525249 5.117563847 0.3333333333333333 1
1579525961 5.279735647 0.8 1
1579526284 5.631812808 0.0 0
1579528590 5.861283728 0.0 0
1579529014 4.867163201 2.0 4
1579529390 5.209677141 0.14285714285714285 1
1579529730 5.292796834 0.6666666666666666 2
1579530042 4.882926129 1.6666666666666667 2
1579530774 5.474318347 0.2857142857142857 2
1579532403 5.696601389 2.5 4
1579533095 5.30812068 0.8333333333333334 1
1579533755 5.555709985 1.5 2
1579534399 6.093828977 2.2857142857142856 4
1579535659 5.502459125 0.0 0
1579536738 5.251641447 0.8333333333333334 2
1579537306 6.201673835 1.7142857142857142 3
1580218034 5.284273491 0.5714285714285714 2
1580218363 5.306352806 2.6666666666666665 4
1580218697 5.360938946 0.14285714285714285 1
1580219047 5.316235282 3.3333333333333335 5
1580222447 6.249896604 0.2857142857142857 1
1580222761 5.94553553 1.4285714285714286 3
1580223071 5.664675825 0.0 0
1580223410 5.188850679 0.0 0
1580224032 5.206186177 1.5 3
1580224590 5.291690889 1.6666666666666667 2
1580225146 5.257418615 0.42857142857142855 2
1580225711 5.631449769 0.5714285714285714 2
1580226290 6.384710471 2.857142857142857 5
1580226858 5.560363556 0.6666666666666666 2
1580227423 5.328240739 0.5 2
1580228023 5.441801704 1.5 3
1580228602 5.083983878 1.6666666666666667 3
1580229162 5.405518025 0.0 0
1580306665 5.424541004 0.6666666666666666 2
1580306974 8.660735125 4.333333333333333 6
1580307369 5.425289191 0.0 0
1580307850 5.100069921 1.0 2
1580308160 4.991796778 2.1666666666666665 3
1580308477 5.464479023 1.5 2
1580310678 5.610763317 0.2857142857142857 2
1580310992 5.893834376 0.0 0
1580311299 5.170004403 0.3333333333333333 1
1580311611 5.35278697 0.16666666666666666 1
1580311985 5.345155906 0.0 0
1580312588 5.195171112 0.0 0
1580313168 5.439032913 1.3333333333333333 3
1580314048 5.214879069 0.16666666666666666 1
1580314688 5.360413405 0.0 0
1580315244 5.154718208 0.8333333333333334 2
1580315807 5.479742886 0.5 2
1580316369 5.233063511 0.0 0
1580317078 5.365055056 0.16666666666666666 1
1580317666 5.49816049 0.3333333333333333 1
1581937060 5.455701945 0.3333333333333333 1
1581937717 5.516979032 0.6666666666666666 2
1581938040 5.738311793 0.5714285714285714 1
1581938360 5.185025486 0.5 1
1581938683 5.335973459 0.2857142857142857 1
1581938985 5.289200862 0.5 2
1581939328 5.203528698 0.16666666666666666 1
1581939655 6.233536215 0.0 0
1581939954 5.566232883 0.14285714285714285 1
1581942731 5.527201946 1.5 3
1581944308 5.935376436 0.2857142857142857 1
1581945254 5.783079904 0.3333333333333333 1
1581946204 5.564619512 0.5 2
1581946773 5.433538136 0.6666666666666666 2
1581947669 5.493953882 0.16666666666666666 1
1581948260 5.030937706 0.16666666666666666 1
1581949382 7.298964999 2.625 4
1582030472 6.399471781 0.375 2
1582030780 5.658728421 0.8571428571428571 2
1582031425 6.343692459 0.375 2
1582031724 5.837163915 0.7142857142857143 2
1582032096 6.098700819 1.5714285714285714 4
1582032414 5.992946936 1.2857142857142858 3
1582032718 6.375032079 1.0 2
1582033311 5.947462169 0.2857142857142857 1
1582033669 5.55820397 0.3333333333333333 2
1582035085 5.736696182 0.2857142857142857 1
1582035956 6.688312845 0.375 1
1582036561 6.887316518 0.0 0
1582037170 6.488227094 1.5 3
1582038363 6.102027605 1.7142857142857142 3
1582044065 6.205299317 2.7142857142857144 5
1582044656 6.854327145 1.875 3
1582044971 6.963545218 2.0 4
1582045273 5.842226961 1.4285714285714286 2
1582045569 6.462070094 1.625 3
1582045883 6.282374152 1.7142857142857142 3
1582046178 6.338345981 2.142857142857143 3
1582120526 6.812860446 0.14285714285714285 1
1582188938 5.594342679 0.2857142857142857 1
1582190966 5.235174426 0.0 0
1582191258 5.443901386 0.0 0
1582191553 5.814929487 0.2857142857142857 2
1582191849 5.84372175 0.7142857142857143 2
1582192137 5.409127622 1.4285714285714286 3
1582192430 5.248038431 1.3333333333333333 3
1582192726 5.567834952 0.5714285714285714 2
1582193014 6.066882315 1.0 2
1582193303 7.043092722 0.875 2
1582635076 5.502986673 0.2857142857142857 1
1582635361 5.65392645 0.2857142857142857 2
1582635645 5.051591889 0.8333333333333334 2
1582635929 5.358897469 0.2857142857142857 1
1582636215 6.07453876 0.5714285714285714 2
1582636502 5.494149034 1.7142857142857142 3
1582636795 6.381412105 0.2857142857142857 2
1582637090 6.033714762 0.5714285714285714 1
1582637389 5.244894583 0.16666666666666666 1
1582637683 5.531900021 0.42857142857142855 1
1582638252 5.232852041 0.16666666666666666 1
1582638812 5.592628331 0.0 0
1582640479 5.249430287 0.16666666666666666 1
1582641066 4.847488683 0.0 0
1582641626 5.590468459 2.2857142857142856 4
1582642199 5.261374355 2.5714285714285716 3
1582642766 5.673532098 0.0 0
1582643340 5.284588806 0.0 0
1582643937 5.297733828 0.16666666666666666 1
1582886328 5.124866059 1.8333333333333333 3
1582886616 6.106858407 0.14285714285714285 1
1582886912 5.214036217 1.1666666666666667 2
1582887201 5.157344354 0.0 0
1582887490 5.048478702 0.6666666666666666 1
1582887784 4.701294588 0.8 2
1582888067 5.301247263 1.3333333333333333 2
1582888644 5.692400483 0.8571428571428571 3
1582889004 5.412584879 0.3333333333333333 1
1582899107 5.844544617 0.0 0
1582899672 5.777433795 0.6666666666666666 2
1582900796 5.388042159 0.8333333333333334 1
1582902541 5.472756924 0.5 1
1582903101 5.285205838 0.8333333333333334 2
1582903705 6.041494364 1.5714285714285714 3
1574711133 5.65432414 0.15384615384615385 2
1574708928 3.147596981 0.0 0
