1569856430 10.672341094 0.0 0
1570447176 12.307907878 1.3333333333333333 4
1570449883 11.969789862 0.4166666666666667 2
1571763895 11.649857518 1.0833333333333333 3
1571767627 11.701487347 1.0 3
1572006601 11.474382557 0.6363636363636364 2
1572880324 10.164466051 1.6 4
1573310295 349.277839048 0.18051575931232092 2
1573828724 9.025098027 0.2 1
1573829334 8.235380924 0.5 2
1573829644 8.621692445 0.25 1
1573830509 8.577411947 0.3333333333333333 2
1573830816 8.25688816 0.25 1
1573902757 8.132104443 0.6666666666666666 2
1573903342 45.081247669 0.3333333333333333 3
1573903691 8.892914444 0.2222222222222222 1
1574688075 8.155135662 0.4444444444444444 1
1574688394 8.371853522 0.2222222222222222 1
1574692085 10.317607417 1.4 3
1574692401 8.553201879 0.3333333333333333 2
1574693316 8.678669556 1.2222222222222223 3
1574693632 15.08349198 0.26666666666666666 2
1574693964 8.954662559 0.3333333333333333 1
1574694388 8.367975698 0.2222222222222222 1
1574694713 8.193916309 0.875 3
1574695267 8.242636976 0.5 2
1574695609 8.074042723 0.375 1
1574695918 8.295096124 0.25 1
1574696654 8.876924291 0.4444444444444444 1
1574697233 8.1865058 0.4444444444444444 1
1574697826 8.30794056 1.75 4
1574698397 8.301403189 1.875 3
1574698985 8.158148711 2.125 4
1574708855 8.881049837 0.0 0
1574709803 9.144690291 1.8888888888888888 3
1574711061 8.282955133 0.0 0
1574950866 8.666650805 1.75 3
1574951240 8.913451044 1.6666666666666667 3
1574951920 9.055246525 1.0 2
1574952237 8.405418289 1.125 3
1574952633 8.827864728 0.8888888888888888 2
1574952962 8.417849463 1.125 2
1574953329 8.053519683 0.125 1
1574953638 8.764928809 0.7777777777777778 2
1574953976 8.461689337 1.1111111111111112 3
1574956405 8.222498846 1.25 2
1574957068 8.267057273 2.0 4
1574957669 8.387817508 1.875 4
1574958251 9.578716896 3.111111111111111 4
1574958845 9.068190997 0.3333333333333333 1
1574959455 8.904667958 1.75 3
1574960033 8.154763149 2.2222222222222223 4
1574960610 8.436759817 2.375 4
1574961220 8.308075936 3.0 4
1574961856 8.581874434 0.4444444444444444 1
1575028267 8.228591778 2.625 4
1575028576 8.216479188 1.0 2
1575028886 8.482989121 0.2222222222222222 2
1575029224 8.209074816 2.375 3
1575029535 8.527234612 0.25 1
1575029844 8.302143166 0.2222222222222222 1
1575030158 8.146624843 0.5 1
1575030471 8.568839072 0.4444444444444444 2
1575030790 9.169062912 1.4444444444444444 2
1575031117 9.249276166 0.3333333333333333 1
1575033334 8.295749584 0.375 1
1575034492 8.449202571 3.125 5
1575035066 8.325640217 1.0 2
1575035628 9.111631955 0.2222222222222222 1
1575036666 8.387186545 0.125 1
1575037227 8.626181299 2.7777777777777777 4
1575037786 8.34110096 2.0 4
1575038789 8.185013107 3.5 5
1575039360 8.79499487 2.0 3
1575114550 8.150684876 1.375 2
1575114857 8.269802984 0.0 0
1575115166 8.807619334 0.5555555555555556 1
1575115476 8.595425414 1.875 4
1575115783 8.511742145 0.4444444444444444 1
1575116102 8.327316105 0.375 2
1575116412 8.346090839 2.0 3
1575116721 8.797646312 0.4444444444444444 1
1575117030 8.279459002 0.3333333333333333 1
1575117339 8.232196199 2.125 3
1575120620 8.433180782 2.7777777777777777 4
1575121185 8.310845763 1.7777777777777777 4
1575122179 8.35728808 1.0 3
1575122806 8.486767525 1.0 2
1575123364 8.54363319 0.25 1
1575123922 8.582520052 2.0 3
1575124478 8.337012606 3.125 4
1575125045 8.17020622 1.375 2
1575125609 8.423285502 1.0 3
1575126176 8.189152959 0.3333333333333333 2
1575293402 8.257646433 0.875 2
1575293741 8.000054485 0.0 0
1575294079 8.761802383 0.0 0
1575294422 8.205411764 0.0 0
1575294767 8.408553708 0.0 0
1575295132 12.533808555 0.0 0
1575295985 611.208956341 1.6356209150326797 5
1575297085 11.252726893 0.09090909090909091 1
1575297927 8.528541793 0.0 0
1575298500 8.706152188 0.375 1
1575299070 8.701354223 0.0 0
1575299650 8.474747983 0.3333333333333333 1
1575300221 8.210826784 0.0 0
1575300838 8.285654968 0.0 0
1575301612 8.604487253 0.0 0
1575302220 8.624984945 0.0 0
1575385959 9.182287992 0.3 1
1575386271 9.063880443 0.2 1
1575386582 8.652880078 0.0 0
1575386988 8.439377783 0.25 1
1575387295 9.211563538 0.0 0
1575387914 8.923768539 0.6666666666666666 1
1575388221 8.246487431 0.0 0
1575388532 8.834565889 0.0 0
1575388834 8.224914428 0.0 0
1575390408 8.734865027 0.0 0
1575390978 8.780922214 0.0 0
1575391540 8.546472533 0.0 0
1575392172 8.193361271 0.125 1
1575392917 7.838865496 0.5 1
1575393552 8.507800031 0.0 0
1575394112 8.866875786 0.1111111111111111 1
1575394678 8.850161497 0.2222222222222222 2
1575395805 8.164250783 0.25 1
1575558719 8.352282596 3.125 4
1575559032 8.579787754 0.0 0
1575559357 8.291144316 0.0 0
1575559678 8.152435686 1.5 2
1575560044 8.647501239 0.0 0
1575560375 8.421831605 0.0 0
1575560706 8.369184295 1.4444444444444444 2
1575561583 8.290627064 0.0 0
1575561941 8.220906542 0.0 0
1575562728 8.545650575 0.0 0
1575563337 8.346410862 0.375 1
1575563985 8.455931875 0.3333333333333333 1
1575564582 8.236575591 1.25 2
1575565165 8.513812299 0.0 0
1575565730 8.313394005 0.0 0
1575566304 8.103335473 0.625 1
1575566903 8.405790744 1.3333333333333333 2
1575568231 8.126694697 0.125 1
1575568814 8.657048212 0.0 0
1579186466 8.619563427 0.2222222222222222 1
1579186812 8.694907571 0.75 2
1579187823 8.613308992 0.8888888888888888 3
1579188156 8.385395388 0.25 1
1579188602 8.39648901 0.2222222222222222 1
1579189136 8.341146541 0.5 2
1579189468 8.336793703 0.8888888888888888 3
1579189795 8.202439379 0.375 2
1579190136 8.595476691 1.0 3
1579190472 8.522917358 0.0 0
1579191260 8.452483616 0.125 1
1579191873 8.994851013 0.0 0
1579192439 8.557279298 0.6666666666666666 2
1579193024 8.48432954 0.375 2
1579193610 8.542315313 0.375 1
1579194174 8.668389153 0.3333333333333333 1
1579194742 8.608015339 0.2222222222222222 1
1579195308 8.442506102 0.375 2
1579195898 9.153479846 0.4444444444444444 2
1579196460 8.653663753 0.875 3
1579354224 8.77166763 0.3333333333333333 2
1579354534 8.244968433 0.0 0
1579354842 8.472170604 0.25 1
1579355150 8.453181068 0.25 1
1579355458 8.795244027 0.125 1
1579355768 8.618217838 0.375 2
1579356076 8.468758615 0.3333333333333333 2
1579356384 8.538224583 0.1111111111111111 1
1579356688 8.674921479 0.3333333333333333 2
1579356995 8.527900994 0.375 2
1579359665 8.326361828 2.375 5
1579360242 8.908216097 2.2222222222222223 4
1579360803 8.382518904 0.125 1
1579361358 8.447669314 0.7777777777777778 2
1579361914 8.283874934 1.0 3
1579362469 8.528485485 1.75 3
1579363026 8.02175056 0.375 2
1579363592 8.480133675 2.25 4
1579364158 8.394669545 1.0 3
1579364718 8.120148385 1.875 4
1579525177 8.688196301 1.5 3
1579525563 8.159844335 0.875 3
1579525888 8.509364675 3.0 5
1579526214 8.518606588 0.7777777777777778 2
1579528509 8.650806072 0.3333333333333333 1
1579529319 8.601405553 0.75 2
1579529659 9.008359278 0.1111111111111111 1
1579529969 9.06167447 2.4444444444444446 5
1579531283 8.280439774 1.25 2
1579532338 8.69039025 2.4444444444444446 4
1579533031 8.764608316 0.125 1
1579533691 8.423607481 1.625 3
1579534293 49.405888112 2.94 5
1579534978 8.376938127 2.625 4
1579535594 8.467195789 0.5555555555555556 2
1579536667 8.157430425 1.75 4
1579537242 8.03623784 2.3333333333333335 4
1580217961 8.921230943 1.75 5
1580218289 8.601515868 0.6666666666666666 3
1580218616 8.451791577 0.6666666666666666 3
1580218941 8.254359691 0.5 2
1580219316 7.971413989 0.625 3
1580219661 8.46902085 0.75 2
1580222377 8.400620219 0.1111111111111111 1
1580222690 8.70047515 0.5555555555555556 2
1580223002 8.563369218 1.125 4
1580223308 8.472609887 0.375 1
1580223969 8.394481672 3.25 5
1580224526 8.265588708 0.7777777777777778 3
1580225083 8.391091375 1.7777777777777777 3
1580225648 8.239420803 1.375 3
1580226206 8.431369472 0.5 2
1580226792 10.087671601 0.5 2
1580227359 8.653796703 0.2222222222222222 1
1580227958 8.76781157 5.444444444444445 8
1580228538 8.296807827 1.375 3
1580229098 8.566261831 1.5 3
1580306597 8.366561427 0.875 2
1580306901 8.335739264 3.0 5
1580307300 8.615227635 2.625 4
1580307778 8.587561098 1.4444444444444444 4
1580308091 8.46707974 2.25 3
1580310607 8.806442903 0.75 3
1580310922 8.222794722 1.125 3
1580311231 9.282426698 1.4444444444444444 3
1580311541 8.640301443 1.8888888888888888 4
1580311916 8.417045617 0.875 2
1580312525 8.329468957 2.875 4
1580313105 8.046553199 1.75 4
1580313985 8.379436552 1.0 2
1580314625 8.400173331 1.5 3
1580315181 8.212681655 1.0 3
1580315743 8.780981646 2.111111111111111 4
1580317014 8.518475953 0.125 1
1580317602 8.203418028 0.4444444444444444 2
1581937975 8.562654862 1.0 3
1581938620 8.575240046 1.1111111111111112 2
1581938885 45.068382172 0.6444444444444445 3
1581939263 8.230722921 0.8888888888888888 2
1581942665 9.496745724 1.7 3
1581945190 8.168091939 1.1111111111111112 2
1581946139 9.258783874 0.5555555555555556 1
1581947603 8.670310488 0.0 0
1581948195 8.498281538 0.0 0
1582031358 8.388174136 1.25 3
1582041798 9.229425321 0.4444444444444444 2
1582120459 8.679792229 4.222222222222222 7
1582635013 8.246026069 1.125 2
1582635298 8.617440695 0.0 0
1582636438 8.680197932 0.0 0
1582636732 8.140756929 0.0 0
1582637618 9.253088335 1.6666666666666667 3
1582638188 8.505156374 0.0 0
1582641003 8.105799754 0.0 0
1582641563 8.459027842 1.625 3
1582642702 9.198774971 0.6666666666666666 2
1582643277 8.390656211 0.125 1
1582643874 8.795890934 0.0 0
1582886265 8.152442648 0.0 0
1582886553 8.385923617 0.0 0
1582886849 8.078090799 0.0 0
1582887101 45.136595979 0.5111111111111111 3
1582887427 7.979142638 0.0 0
1582888003 8.51870376 1.6666666666666667 3
1582888290 8.199893463 0.0 0
1582888578 9.216768227 1.2222222222222223 2
1582888939 9.276101343 0.0 0
1582899043 8.544909147 0.75 3
1582900173 8.394036442 0.0 0
1582903037 8.634104145 0.3333333333333333 1
1582903642 8.233537273 0.0 0
1574711061 8.282955133 0.0 0
1574708855 8.881049837 0.0 0
