1569854357 9.984652669 0.0 0
1569855331 9.892119775 0.0 0
1569855769 10.007380643 0.0 0
1570447096 63.890937723 1.890625 5
1570448901 10.678252191 0.1 1
1570449401 10.571566677 0.09090909090909091 1
1570449838 11.38754888 0.5 2
1571323388 10.397941124 0.0 0
1571323780 10.448478437 0.0 0
1571324183 10.470411053 0.0 0
1571324581 10.498884117 0.0 0
1571327512 10.396466488 0.0 0
1571327903 10.466315509 0.0 0
1571328294 10.271152011 0.0 0
1571328685 10.395935261 0.0 0
1571329076 10.412019258 0.0 0
1571329467 10.433773076 0.0 0
1571330059 10.493108997 0.0 0
1571398015 10.463229379 0.0 0
1571398411 10.430136871 0.0 0
1571398804 10.302747372 0.0 0
1571399195 10.506212945 0.0 0
1571399585 10.422327868 0.0 0
1571399983 10.528307474 0.0 0
1571400376 10.661959429 0.0 0
1571400803 10.592606696 0.0 0
1571401196 10.39281045 0.09090909090909091 1
1571401587 10.375705004 0.0 0
1571406969 10.341783951 0.3 3
1571407358 10.376810769 0.2727272727272727 1
1571407751 10.66940159 0.09090909090909091 1
1571408140 10.497392866 0.2 1
1571408534 10.312133782 0.0 0
1571666027 10.391092031 0.0 0
1571666415 10.332995663 0.0 0
1571666807 10.366041526 0.0 0
1571667200 10.451635535 0.0 0
1571667643 10.502504392 0.0 0
1571669295 10.556546633 0.09090909090909091 1
1571669688 10.496878896 0.0 0
1571754206 10.604071842 0.2 1
1571754597 10.596669989 0.0 0
1571754997 10.568757744 0.0 0
1571755394 10.503329653 0.0 0
1571756625 10.468285429 0.0 0
1571757056 10.454876586 0.3 2
1571757485 10.331510029 0.09090909090909091 1
1571757881 10.912649594 0.2727272727272727 1
1571758275 10.598716884 0.0 0
1571758664 10.653130481 0.18181818181818182 1
1571762279 10.496461808 0.0 0
1571762675 10.55199037 0.0 0
1571763068 10.345046174 0.1 1
1571763456 10.097417903 0.0 0
1571763850 10.366510767 0.0 0
1571764256 10.353794206 0.1 1
1571764666 10.452759409 0.3 1
1571765057 10.499642216 0.09090909090909091 1
1571765446 10.577447625 0.5454545454545454 1
1571765837 10.623286945 0.0 0
1571766415 10.50197821 0.0 0
1571767197 10.287675722 0.0 0
1572006460 7.106652045 0.42857142857142855 1
1572007164 10.489413946 0.2 1
1572007556 10.529972704 0.0 0
1572008058 10.486409281 0.0 0
1572008459 12.765931879 0.0 0
1572008862 10.282259006 0.1 1
1572009256 10.565036567 0.2 1
1572009645 10.431553217 0.3 1
1572010037 10.310372503 0.2 2
1572010432 10.408068399 0.2727272727272727 1
1572010823 10.600905606 0.36363636363636365 2
1572013386 10.48800623 0.0 0
1572013779 10.495845869 0.5 2
1572014170 10.41928457 0.09090909090909091 1
1572014561 10.410740758 0.36363636363636365 2
1572014951 10.429250324 0.0 0
1572269002 10.654650742 0.09090909090909091 1
1572269422 10.539491159 0.2 1
1572269836 10.395859665 0.0 0
1572270243 10.371093388 0.0 0
1572270638 10.549324759 0.0 0
1572271123 10.501928608 0.0 0
1572272368 8.707638904 0.2222222222222222 1
1572272699 8.4047141 0.0 0
1572273033 8.522977385 0.0 0
1572273381 8.498087729 0.0 0
1572273712 8.494613206 0.2222222222222222 1
1572276137 8.551732306 0.0 0
1572276474 8.448153058 0.0 0
1572276808 8.554983955 0.0 0
1572277140 8.382257997 0.0 0
1572277474 8.36256934 0.0 0
1572277833 8.628382248 0.0 0
1572278165 8.504631844 0.0 0
1572278497 8.436810461 0.0 0
1572363556 8.649127577 0.0 0
1572363885 8.495242633 0.0 0
1572364215 8.514010205 0.0 0
1572364545 8.482221334 0.0 0
1572364884 8.524051836 0.0 0
1572365220 8.459311132 0.3333333333333333 1
1572365598 8.515480453 0.25 1
1572365972 8.438011177 0.0 0
1572366312 8.612731894 0.0 0
1572366646 8.534189233 0.0 0
1572369674 8.454710175 0.125 1
1572370005 8.47375764 0.125 1
1572370335 8.589769358 0.125 1
1572370667 8.480112376 0.3333333333333333 2
1572370995 8.36845238 0.8888888888888888 3
1572371329 8.595345975 0.0 0
1572371658 8.554867544 0.125 1
1572371989 8.444028627 0.125 1
1572372318 8.467296344 0.125 1
1572372648 8.592055383 0.3333333333333333 2
1572533659 8.720877839 0.0 0
1572534003 8.563011604 0.0 0
1572534351 8.475065957 0.0 0
1572534691 8.352260866 0.0 0
1572535025 8.48949277 0.0 0
1572535373 8.67174925 0.7777777777777778 3
1572535704 8.470783732 0.125 1
1572536039 8.521565566 0.0 0
1572536401 8.576900494 0.0 0
1572536737 8.420522382 0.0 0
1572537336 8.418838648 0.0 0
1572537993 8.477040727 0.0 0
1572538653 8.44346701 0.0 0
1572539306 8.465637671 0.0 0
1572539952 8.408262605 0.0 0
1572540858 8.488119981 0.0 0
1572541512 8.560640165 0.0 0
1572542161 8.572361032 0.0 0
1572542808 8.52868258 0.0 0
1572543472 9.212213518 0.0 0
1572871226 8.627149812 0.3333333333333333 1
1572871877 8.490804604 0.0 0
1572872554 8.360363376 0.0 0
1572873207 8.67064646 0.1111111111111111 1
1572873860 8.466573828 0.125 1
1572874922 8.473991133 0.25 1
1572875784 8.508034078 0.0 0
1572877009 8.630707027 0.25 1
1572877659 8.365969035 0.375 2
1572878887 8.4510149 0.125 1
1572880284 8.54076253 0.0 0
1572880619 8.638110531 0.5555555555555556 2
1572880964 8.484975348 0.8888888888888888 3
1572881303 8.546531816 0.5 2
1572881635 8.669838541 0.8888888888888888 3
1572881968 8.479312186 0.625 2
1572882298 8.671523168 1.875 5
1572882688 8.597351165 1.8888888888888888 5
1572883040 8.556483433 0.8888888888888888 3
1572883379 8.534751879 1.0 4
1572967293 8.453369268 0.0 0
1572967950 8.469617015 0.0 0
1572969252 8.56352188 0.0 0
1572969913 8.56500588 0.0 0
1572970562 8.576151808 0.0 0
1572971213 8.661659814 0.0 0
1572971875 8.611268789 0.1111111111111111 1
1572972536 8.532574683 0.0 0
1572973249 8.500769854 0.0 0
1572973901 8.584108693 0.2222222222222222 1
1572974553 8.5074068 0.0 0
1572975276 8.655221732 0.0 0
1572975607 8.62743216 0.0 0
1572975974 8.525723024 0.0 0
1572976357 8.610632518 0.25 1
1572976688 8.667931942 0.2222222222222222 2
1572977017 8.506739632 0.0 0
1572977348 40.819837354 0.024390243902439025 1
1572977710 8.488883901 0.0 0
1572978058 8.543838044 0.0 0
1573208836 8.63236041 0.0 0
1573209490 8.483133603 0.0 0
1573210165 8.511238246 0.0 0
1573210835 8.431922515 0.125 1
1573211491 8.540017899 0.0 0
1573212140 8.592119332 0.0 0
1573212792 8.528049734 0.0 0
1573213444 8.583013258 0.0 0
1573214114 8.705620625 0.0 0
1573214769 8.553190134 0.0 0
1573218303 8.478004511 0.125 1
1573218635 8.649476658 0.0 0
1573306546 8.215757756 0.25 1
1573306861 8.614780685 0.1111111111111111 1
1573307199 8.797009674 0.0 0
1573307521 8.451322192 0.0 0
1573307836 8.525969232 0.0 0
1573308157 8.375391591 0.0 0
1573308484 8.563678747 0.25 1
1573308803 8.563925074 0.1111111111111111 1
1573309125 9.108699529 0.0 0
1573309456 8.670072851 0.0 0
1573310295 8.916880636 0.0 0
1573310919 8.40536498 0.0 0
1573311533 8.912037858 0.0 0
1573312237 9.001461785 0.1111111111111111 1
1573312847 8.21919761 0.1111111111111111 1
1573313474 8.734308132 0.0 0
1573314107 8.363458538 0.2222222222222222 2
1573314722 8.383565999 0.0 0
1573828069 8.29118994 0.5555555555555556 3
1573828379 7.836904908 0.0 0
1573828689 7.768642107 0.0 0
1573828994 7.328199573 0.0 0
1573829298 7.730953482 0.0 0
1573829607 7.413210244 0.375 2
1573830164 7.983148822 0.5 3
1573830474 7.724636872 0.125 1
1573830781 7.401470364 0.0 0
1573831088 7.460581406 0.14285714285714285 1
1573902721 7.293071159 0.0 0
1573903030 7.723911133 0.0 0
1573903342 7.726479617 0.0 0
1573903653 7.965432069 0.125 1
1573903963 7.880580267 0.5 2
1573904272 8.076286259 0.0 0
1574688040 27.209725478 1.75 5
1574688358 8.416619853 0.3333333333333333 2
1574692050 27.059290891 1.6296296296296295 4
1574692365 8.34984956 0.6666666666666666 2
1574693282 26.859064524 1.7037037037037037 4
1574693596 8.337583094 0.25 2
1574693928 26.998077772 1.4814814814814814 4
1574694351 7.996939831 0.25 1
1574694678 27.190181732 1.8888888888888888 5
1574695232 7.71532692 0.14285714285714285 1
1574695573 8.102320129 0.5 2
1574695882 7.802620774 0.25 2
1574696339 307.822817741 0.711038961038961 5
1574696916 7.85238881 0.5 2
1574697508 8.036367589 0.25 1
1574698085 303.996330026 0.6348684210526315 4
1574698670 8.011595621 0.5 2
1574708124 27.256065319 0.6666666666666666 2
1574708819 8.285774383 0.0 0
1574709447 8.059969599 0.0 0
1574710734 8.334823289 0.0 0
1574950830 8.093166304 0.0 0
1574951204 8.080171719 0.375 1
1574951558 8.529510858 0.375 3
1574951885 26.896387397 0.7037037037037037 3
1574952200 7.850745051 0.125 1
1574952597 28.516821744 0.6785714285714286 2
1574952926 8.144935023 0.25 1
1574953294 27.123728174 0.5925925925925926 2
1574953603 7.913696156 0.0 0
1574953942 7.932618829 0.375 1
1574956094 8.088808733 0.0 0
1574956666 7.931524676 0.0 0
1574957357 8.314330109 0.0 0
1574957934 309.35509461 0.2977346278317152 3
1574958526 310.913779499 0.2870967741935484 4
1574959115 7.765755522 0.0 0
1574959717 8.140332293 0.8888888888888888 3
1574960293 8.280620868 0.0 0
1574960907 305.874141873 0.3300653594771242 3
1574961545 302.794471843 0.297029702970297 3
1575028230 7.865763188 0.25 2
1575028539 28.523828287 2.3448275862068964 5
1575028850 7.977863823 0.125 1
1575029189 27.372437465 1.2222222222222223 3
1575029498 7.992120162 0.125 1
1575029809 8.041267165 0.125 1
1575030121 8.265536064 0.0 0
1575030435 8.707772061 0.25 1
1575030753 8.525530639 0.0 0
1575031081 8.173374801 0.0 0
1575033017 8.156663365 0.0 0
1575033584 8.430183193 0.125 1
1575034176 8.359001713 0.125 1
1575034743 8.290553908 0.125 1
1575035314 306.223772659 0.20915032679738563 3
1575036336 321.148108932 0.5279503105590062 4
1575036914 8.130227904 1.25 3
1575037473 8.008599009 0.25 1
1575038476 305.041803284 0.5245901639344263 4
1575039043 309.302843042 0.1488673139158576 3
1575114514 7.947516887 0.125 1
1575114821 7.861339529 0.5 2
1575115130 27.059329317 0.9629629629629629 3
1575115439 8.155550474 0.125 1
1575115749 27.084629439 1.0714285714285714 3
1575116065 8.102603567 0.25 1
1575116376 8.723704589 0.2222222222222222 1
1575116684 7.774288781 0.125 1
1575116995 8.066044975 0.125 1
1575117303 27.574399647 1.1428571428571428 3
1575120308 8.172371693 0.25 1
1575120871 8.251450025 0.125 1
1575121432 7.847226775 0.625 2
1575122493 8.236906461 0.0 0
1575123051 304.664142373 0.5049180327868853 4
1575123611 7.731906827 0.14285714285714285 1
1575124167 7.887863517 0.14285714285714285 1
1575124735 8.112632578 0.125 1
1575125290 8.553193313 0.0 0
1575125859 7.941500279 0.0 0
1575293029 9.501051281 0.0 0
1575293363 8.200692751 1.4444444444444444 3
1575293704 8.428021843 0.0 0
1575294040 9.545267238 0.2 1
1575294384 8.948375971 1.0 2
1575294729 10.054095951 0.09090909090909091 1
1575295091 9.047076615 0.0 0
1575295483 9.104413105 0.0 0
1575295842 9.734357598 0.0 0
1575297041 12.540031793 1.8461538461538463 4
1575297602 8.576136149 0.3333333333333333 1
1575298183 8.387786844 0.0 0
1575298749 9.209450382 0.0 0
1575299328 11.274738213 1.3636363636363635 3
1575299902 8.787212457 0.0 0
1575300524 8.18775207 0.0 0
1575301094 8.19492547 0.0 0
1575301904 8.23422362 0.375 1
1575385921 8.588011781 0.3333333333333333 1
1575386233 8.043772814 0.25 1
1575386545 8.113565011 0.375 1
1575386950 8.862734656 0.1111111111111111 1
1575387259 7.855353146 0.125 1
1575387568 28.436627695 0.75 2
1575387878 8.080878802 0.125 1
1575388185 7.909353018 0.125 1
1575388494 8.240414078 0.375 2
1575388799 27.128254418 0.8888888888888888 2
1575390091 8.435675689 0.125 1
1575390659 8.263407589 0.125 1
1575391227 305.153194793 0.5868852459016394 6
1575391789 11.356904396 1.0 3
1575392602 8.163271075 0.625 2
1575393238 7.755397737 0.125 1
1575393799 7.868188637 0.125 1
1575394365 305.287567116 0.49836065573770494 4
1575394927 306.174260479 0.5895765472312704 4
1575395490 7.769936641 1.1428571428571428 2
1575473455 8.868694281 4.333333333333333 7
1575558683 7.606628874 0.875 2
1575558996 7.952672865 0.125 1
1575559322 7.588402491 0.0 0
1575559641 8.032858121 0.75 1
1575560009 7.823670609 0.125 1
1575560337 7.984590985 0.0 0
1575560670 8.035854983 0.875 2
1575561203 8.368208641 0.0 0
1575561546 8.004881483 0.0 0
1575561903 8.210307549 0.6666666666666666 2
1575562310 7.952369909 0.125 1
1575563020 7.761803728 0.8571428571428571 1
1575563671 306.161976641 0.28104575163398693 2
1575564268 306.021473293 0.565359477124183 4
1575564852 304.655503832 0.12459016393442623 3
1575565417 7.56721866 0.0 0
1575565986 8.073517398 0.125 1
1575566572 8.07372999 0.125 1
1575567887 8.260001561 1.75 3
1575568497 7.767012268 0.125 1
1579186428 7.921138223 0.875 2
1579186774 7.824987626 1.1428571428571428 3
1579187788 7.859604345 0.14285714285714285 1
1579188120 8.138360866 1.0 2
1579188564 7.711369598 0.375 1
1579189100 7.69004553 0.5 1
1579189430 8.233242906 1.25 2
1579189759 8.044345386 0.0 0
1579190100 7.719210831 0.2857142857142857 1
1579190435 8.256323688 1.5 2
1579190943 7.666185347 0.2857142857142857 1
1579191557 7.872158327 1.0 2
1579192123 8.17967756 1.5 2
1579192703 8.084408028 0.625 1
1579193268 7.833054324 0.625 2
1579193858 7.68649565 2.375 3
1579194423 8.513542153 1.125 2
1579194992 7.640066507 0.375 1
1579195582 8.1552528 1.375 2
1579196145 8.796734422 1.3333333333333333 2
1579354189 7.901335541 0.5 2
1579354494 8.185249691 1.375 2
1579354806 8.168074667 0.0 0
1579355113 7.806692171 0.375 2
1579355422 7.853437438 1.25 2
1579355732 8.024027717 0.0 0
1579356040 7.8338882 0.5 2
1579356347 7.939846232 1.0 2
1579356653 8.168985219 0.0 0
1579356959 7.843625171 0.5 1
1579359352 7.767926181 0.25 1
1579359926 309.048550971 0.045307443365695796 2
1579360489 7.943901423 0.0 0
1579361046 8.127748388 0.0 0
1579361603 303.254565507 0.38943894389438943 4
1579362156 8.238175144 0.0 0
1579362713 7.762358319 0.0 0
1579363276 8.652352515 0.0 0
1579363843 8.422436166 0.0 0
1579364404 7.948954874 0.0 0
1579524795 8.282054373 1.0 2
1579525141 8.094821516 0.375 1
1579525526 8.016244799 0.75 2
1579525851 8.012776747 1.375 2
1579526178 7.928324653 1.5 2
1579528472 8.75755709 0.4444444444444444 1
1579528898 7.85360272 1.5 3
1579529281 7.932817218 0.75 2
1579529622 8.858912828 0.6666666666666666 2
1579529932 8.231055703 1.875 3
1579530319 8.075721483 0.625 2
1579530967 8.445474957 0.75 2
1579532008 7.873746569 0.5 2
1579532709 8.059030483 0.5 2
1579533375 8.063993147 0.75 2
1579533978 8.152928524 0.5 1
1579534639 7.937704928 0.75 1
1579535274 8.780753876 0.7777777777777778 3
1579535870 8.044499471 2.125 3
1579536928 7.857930743 0.75 2
1580217925 27.41466315 0.2857142857142857 1
1580218252 9.155849029 0.9 2
1580218578 8.398118219 2.2222222222222223 5
1580218904 7.773332118 0.25 1
1580219280 8.131275094 0.875 2
1580219624 8.1166902 1.5 3
1580222340 8.494484475 0.0 0
1580222655 7.994785656 0.0 0
1580222966 8.030928646 1.0 2
1580223271 7.682148134 0.0 0
1580223652 8.627551215 0.0 0
1580224214 8.303408158 1.25 2
1580224769 7.873892271 1.5 2
1580225333 7.838563896 1.4285714285714286 2
1580225894 7.882772104 0.0 0
1580226476 308.297610499 0.14935064935064934 3
1580227045 306.994575962 0.23127035830618892 3
1580227642 8.331403021 0.5 2
1580228224 7.847097647 2.125 3
1580228783 7.707213335 2.0 4
1580306562 7.756850347 1.25 3
1580306863 7.908055818 1.375 3
1580307264 27.644659405 2.142857142857143 4
1580307741 8.144534433 2.625 5
1580308053 8.791074859 2.0 4
1580308367 8.282128129 1.7777777777777777 3
1580310569 29.320394683 0.23333333333333334 1
1580310886 7.611400392 2.125 4
1580311195 8.539440374 0.125 1
1580311506 7.854001454 0.0 0
1580311879 8.347997311 1.4444444444444444 3
1580312212 8.169980576 1.0 3
1580312794 7.821271275 0.625 1
1580313349 7.774631833 1.625 3
1580314313 7.940021025 0.0 0
1580314871 7.879926139 0.0 0
1580315426 8.109123952 2.3333333333333335 4
1580315990 7.913389348 2.5714285714285716 3
1580316692 7.904837864 1.125 2
1580317279 315.749208145 0.34810126582278483 4
1581936959 7.845029231 0.375 1
1581937272 7.90302573 0.0 0
1581937618 7.716140322 0.14285714285714285 1
1581937938 8.072969868 1.125 2
1581938258 7.743896425 1.25 2
1581938580 7.834218575 1.2857142857142858 3
1581938885 7.329004672 1.2857142857142858 3
1581939227 8.344375956 0.875 1
1581939550 7.790833576 1.375 2
1581939850 7.608835863 1.4285714285714286 3
1581942347 7.79374878 1.0 2
1581942935 7.895759422 1.125 3
1581943552 8.03196374 0.125 1
1581945817 8.585589654 1.0 3
1581946391 8.302372196 0.8888888888888888 3
1581946959 8.274041213 1.0 2
1581947879 7.936175832 0.125 1
1581948968 8.568279918 1.1111111111111112 3
1582030363 8.74525596 1.8888888888888888 5
1582030671 8.700275676 0.0 0
1582031321 8.834581718 1.0 4
1582031618 8.936656972 0.0 0
1582031914 9.096081013 0.5555555555555556 2
1582032300 9.011692753 0.0 0
1582032609 9.025498921 1.7777777777777777 4
1582032909 8.664642393 1.0 3
1582033205 8.999907784 1.3333333333333333 2
1582033559 9.129635272 0.0 0
1582033885 9.011063288 0.5555555555555556 2
1582035546 9.211623408 0.4444444444444444 2
1582036152 9.008735777 1.2222222222222223 3
1582036755 9.341489847 1.0 3
1582037362 8.952948581 1.6666666666666667 3
1582037960 9.168063383 1.4444444444444444 4
1582038558 9.468994787 0.7777777777777778 2
1582041449 9.047761925 1.5555555555555556 5
1582042060 8.832209817 2.5555555555555554 5
1582043646 9.192306908 1.3 2
1582044260 9.123234401 2.5555555555555554 5
1582044862 9.296222266 0.7777777777777778 2
1582045163 9.103180956 1.6666666666666667 3
1582045463 8.936489638 1.3333333333333333 3
1582045774 9.226007181 1.0 3
1582046071 8.95267175 0.5555555555555556 1
1582120418 8.062517111 4.5 6
1582188832 7.80065885 4.375 6
1582190861 8.217563115 5.875 7
1582191151 9.581609089 5.1 7
1582191442 12.191356952 5.25 7
1582191740 9.322690776 6.0 8
1582192033 8.687099605 4.75 6
1582192324 7.701111501 5.25 7
1582192622 11.389363174 4.636363636363637 6
1582192910 8.204608103 5.875 7
1582193199 11.154984108 4.7272727272727275 6
1582634977 7.846897565 0.0 0
1582635260 7.887853956 0.0 0
1582635544 7.874654643 0.125 1
1582635828 7.879780164 0.5 2
1582636115 8.80084423 0.7777777777777778 2
1582636402 7.723475561 0.625 2
1582636695 7.938209252 0.125 1
1582636981 7.293679287 0.2857142857142857 1
1582637286 8.560774877 0.0 0
1582637581 8.254422775 0.5 2
1582637874 8.453405094 0.2222222222222222 1
1582638434 8.112374859 0.0 0
1582639509 7.808814398 0.0 0
1582640688 7.719057121 0.5714285714285714 1
1582641247 7.394507388 0.0 0
1582641815 8.41105394 0.0 0
1582642385 7.86412022 1.5 3
1582642959 8.383478558 1.4444444444444444 3
1582643562 8.067254494 0.25 1
1582644118 7.597947249 0.125 1
1582886229 7.711312119 0.5 2
1582886516 7.939852794 0.0 0
1582886813 8.023537353 2.111111111111111 3
1582887100 8.117618436 0.0 0
1582887392 7.709135209 0.42857142857142855 1
1582887683 7.97415174 0.0 0
1582887966 8.299719032 0.8888888888888888 2
1582888254 7.9950619 0.0 0
1582888541 8.148494574 0.5 2
1582888902 8.379018792 0.7777777777777778 2
1582898716 8.161484709 0.625 1
1582899289 8.328099447 0.875 3
1582899856 8.209062526 0.7777777777777778 2
1582900421 7.980352125 1.25 3
1582902078 8.153650184 1.0 2
1582902723 8.432941887 0.0 0
1582903302 7.473944671 0.5 2
1574710734 8.334823289 0.0 0
1574708819 8.285774383 0.0 0
