1569853772 13.24369539 -1 -1
1570447188 14.083759979 -1 -1
1571327568 13.519207079 -1 -1
1571401252 14.45125017 -1 -1
1571401644 13.40944773 -1 -1
1571666471 13.302896439 -1 -1
1571754262 13.410487562 -1 -1
1571765502 13.63079014 -1 -1
1572007221 13.463608106 -1 -1
1572010489 13.317404248 -1 -1
1572014617 13.400914442 -1 -1
1572015006 13.817212176 -1 -1
1572269892 13.491349473 -1 -1
1572270299 13.326765413 -1 -1
1572276856 11.66105936 -1 -1
1572277881 11.190146044 -1 -1
1572364263 10.43490995 -1 -1
1572369721 11.174477509 -1 -1
1572372365 10.996640901 -1 -1
1572537702 11.106699888 -1 -1
1572876147 11.170979846 -1 -1
1572881683 10.900996997 -1 -1
1573306912 11.482277496 -1 -1
1573307568 9.771657033 -1 -1
1573308853 10.48439959 -1 -1
1573313198 10.629358925 -1 -1
1573313820 11.5109734 -1 -1
1573315065 11.214993242 -1 -1
1573828425 10.114347086 -1 -1
1573829038 9.904157868 -1 -1
1573903700 10.236397304 -1 -1
1574688084 10.438030093 -1 -1
1574694397 10.551750977 -1 -1
1574695926 9.941822047 -1 -1
1574697834 10.203912838 -1 -1
1574698405 9.90604701 -1 -1
1574698993 10.270656249 -1 -1
1575293076 9.972377291 -1 -1
1575298508 10.532892872 -1 -1
1575387304 10.256671924 -1 -1
1575392180 10.021264554 -1 -1
1575394121 10.017147518 -1 -1
1575395813 10.432017851 -1 -1
1579188164 10.763144413 -1 -1
1579189144 10.113130672 -1 -1
1579190144 10.851110568 -1 -1
1579524844 10.516665392 -1 -1
1579529978 10.603432707 -1 -1
1579533699 10.400588255 -1 -1
1579534986 9.941690479 -1 -1
1579535603 10.345830198 -1 -1
1579536675 10.309671638 -1 -1
1580217970 10.70836774 -1 -1
1580306909 9.892148214 -1 -1
1580311240 10.187174945 -1 -1
1581937004 10.759262685 -1 -1
1581937317 10.450328448 -1 -1
1581937983 10.197137032 -1 -1
1581938303 9.934667074 -1 -1
1581938930 9.662482591 -1 -1
1581939898 10.845801696 -1 -1
1581942675 9.657606273 -1 -1
1581946717 10.32036631 -1 -1
1582030720 11.771382606 -1 -1
1582032007 10.056491335 -1 -1
1582032659 11.23658168 -1 -1
1582038891 11.289897224 -1 -1
1582044007 10.391985321 -1 -1
1582188879 9.827124574 -1 -1
1582190909 11.005112333 -1 -1
1582191199 10.433101541 -1 -1
1582191496 11.028670936 -1 -1
1582192374 10.851240516 -1 -1
1582192957 10.477916302 -1 -1
1582193247 10.529479318 -1 -1
1582636447 10.135053403 -1 -1
1582637025 12.666509984 -1 -1
1582640422 9.941164893 -1 -1
1582888587 11.051339934 -1 -1
1582902486 9.988327876 -1 -1
