1569854345 12.097568769 0.0 0
1569855319 12.741410354 0.16666666666666666 1
1570447084 11.81677954 0.25 1
1570448889 11.725351266 0.23076923076923078 1
1570449390 11.630424645 0.3333333333333333 1
1570449826 11.983223571 0.36363636363636365 1
1571323376 11.904521485 0.07692307692307693 1
1571323768 11.963804288 0.3076923076923077 1
1571324171 11.815091209 0.23076923076923078 1
1571324569 11.830050064 0.15384615384615385 1
1571327500 11.846509769 0.0 0
1571327891 11.995037088 0.0 0
1571328282 11.957330844 0.0 0
1571328673 11.891401002 0.0 0
1571329064 11.830518637 0.0 0
1571329455 11.871184415 0.0 0
1571330048 11.777587424 0.0 0
1571398003 11.799808251 0.15384615384615385 1
1571398399 11.724838526 0.3076923076923077 1
1571398792 11.93914609 0.3333333333333333 1
1571399183 11.914642454 0.15384615384615385 1
1571399573 11.945888925 0.3076923076923077 1
1571399971 11.771364753 0.9230769230769231 3
1571400365 11.733656243 1.2727272727272727 2
1571400791 11.826821482 0.0 0
1571401184 11.863243839 0.4166666666666667 2
1571401576 11.953079631 0.25 1
1571406957 11.921092853 0.3076923076923077 1
1571407347 11.887961708 0.08333333333333333 1
1571407740 11.787719321 0.16666666666666666 1
1571408128 11.83504199 0.08333333333333333 1
1571408522 11.915957241 0.3076923076923077 1
1571666015 11.978352722 0.46153846153846156 2
1571666403 11.916633854 0.15384615384615385 1
1571666795 11.857243946 0.5384615384615384 2
1571667188 11.886651233 0.15384615384615385 1
1571667631 11.922468403 0.15384615384615385 1
1571669283 11.740914532 0.0 0
1571669676 11.841208838 0.0 0
1571754194 11.79160904 0.0 0
1571754585 11.830158732 0.0 0
1571754986 11.776009934 0.16666666666666666 1
1571755382 11.88955207 0.15384615384615385 1
1571756613 11.874749698 0.07692307692307693 1
1571757044 11.868974038 0.3333333333333333 1
1571757473 11.884632783 0.15384615384615385 1
1571757869 11.823921714 0.07692307692307693 1
1571758263 11.727240532 0.0 0
1571758652 11.831015898 0.07692307692307693 1
1571762267 11.765850955 1.5833333333333333 3
1571762663 11.813899758 0.0 0
1571763056 11.940389808 0.5384615384615384 2
1571763444 12.089473541 0.46153846153846156 2
1571763838 11.879885658 0.16666666666666666 1
1571764244 11.927770708 0.15384615384615385 1
1571764654 11.83918699 0.15384615384615385 1
1571765045 11.921402122 0.15384615384615385 1
1571765434 11.818528513 0.8333333333333334 2
1571765825 11.812513624 1.0769230769230769 3
1571766403 12.020684959 0.25 1
1571767185 12.052601638 0.46153846153846156 2
1572006444 16.118887514 0.35294117647058826 2
1572007152 11.806523782 0.0 0
1572007544 11.862267371 0.0 0
1572008046 11.865834531 0.0 0
1572008447 11.862961301 0.0 0
1572008850 11.948932784 0.23076923076923078 1
1572009244 11.791098459 0.0 0
1572009633 11.878049061 0.0 0
1572010025 11.936523719 0.07692307692307693 1
1572010421 11.848188285 0.08333333333333333 1
1572010811 11.767730483 0.0 0
1572013374 11.775177946 0.0 0
1572013767 11.821906361 0.3333333333333333 2
1572014158 11.840308663 0.0 0
1572014549 11.90393312 0.0 0
1572014939 11.831862335 0.0 0
1572268991 11.449260351 0.08333333333333333 1
1572269410 11.613191795 0.5 2
1572269824 11.803521847 0.0 0
1572270232 11.588538613 0.08333333333333333 1
1572270626 11.823834951 0.0 0
1572271112 11.673569458 0.09090909090909091 1
1572272359 9.637086276 0.9 2
1572272689 10.357704087 1.6363636363636365 3
1572273024 9.864727622 0.0 0
1572273371 10.055016843 0.09090909090909091 1
1572273703 9.60745228 0.8 2
1572276127 10.038992998 0.0 0
1572276463 10.504862296 0.0 0
1572276798 9.762636778 0.45454545454545453 1
1572277129 10.283271397 0.0 0
1572277465 9.79628456 0.5 2
1572277823 10.020706942 0.09090909090909091 1
1572278156 9.704037581 0.0 0
1572278487 10.0409559 0.0 0
1572363546 9.569183677 0.5454545454545454 1
1572363876 9.654665861 0.0 0
1572364206 9.649282988 0.0 0
1572364536 9.623606085 0.0 0
1572364874 9.661086052 0.0 0
1572365211 9.672599295 0.0 0
1572365588 9.603331031 0.09090909090909091 1
1572365962 9.620616321 0.2727272727272727 1
1572366302 9.62731569 0.0 0
1572366637 9.738772376 0.0 0
1572369664 9.703275472 0.0 0
1572369995 9.643910672 0.0 0
1572370325 9.727457461 0.0 0
1572370658 9.541467012 0.0 0
1572370986 9.742742723 0.1 1
1572371319 9.635443485 0.0 0
1572371648 9.68439962 0.0 0
1572371979 9.71227463 0.0 0
1572372308 9.580827741 0.0 0
1572372638 9.636873258 0.0 0
1572533649 9.453276813 0.36363636363636365 1
1572533993 9.617354965 0.0 0
1572534682 9.66908344 0.0 0
1572535016 9.629658521 0.1 1
1572535364 9.99305716 0.5 2
1572535694 9.73284239 0.09090909090909091 1
1572536029 9.600666133 0.0 0
1572536392 9.541221346 0.3 1
1572536728 9.721977871 0.0 0
1572537326 9.701867817 1.9090909090909092 3
1572537983 9.688838474 0.0 0
1572538643 9.736550506 0.0 0
1572539296 9.671785109 1.0 3
1572539943 9.742265379 0.9 2
1572540849 9.737358661 0.3 1
1572541503 9.612349238 0.0 0
1572542151 9.622484226 0.09090909090909091 1
1572542798 9.672335128 0.0 0
1572543463 9.604401242 0.4 1
1572871217 9.764542919 0.0 0
1572871867 10.105169637 0.2727272727272727 1
1572872544 10.093902049 0.36363636363636365 2
1572873197 9.932774348 0.2727272727272727 1
1572873849 10.936819691 0.75 2
1572874909 12.615917784 0.7857142857142857 2
1572875774 9.880601035 1.7272727272727273 2
1572876999 9.867551361 0.7272727272727273 1
1572877649 9.992032968 0.18181818181818182 1
1572878876 10.511515077 0.3333333333333333 1
1572880273 10.106929595 0.7272727272727273 1
1572880610 9.590821372 0.1 1
1572880954 9.784977787 1.0909090909090908 2
1572881293 9.720469553 2.090909090909091 4
1572881626 9.564831202 2.1 3
1572881958 9.645903142 1.9090909090909092 3
1572882288 9.610022881 2.272727272727273 4
1572882679 9.681491518 2.8 5
1572883030 9.720351747 2.0 4
1572883369 9.652042328 0.36363636363636365 1
1572967282 10.91181904 0.0 0
1572967941 9.697366983 0.1 1
1572969242 9.581083954 0.0 0
1572969903 9.69191383 0.0 0
1572970552 9.609228345 0.0 0
1572971204 9.547758807 0.0 0
1572971866 9.547409854 0.0 0
1572972526 9.651949863 0.0 0
1572973239 9.598457986 0.0 0
1572973892 9.570254115 0.5 2
1572974543 9.693140819 0.0 0
1572975266 9.505250898 0.0 0
1572975598 9.565151715 0.0 0
1572975965 9.697382834 0.0 0
1572976347 9.63482361 0.0 0
1572976679 9.605017612 0.0 0
1572977008 9.732079625 0.0 0
1572977339 9.755757693 0.0 0
1572977701 9.593553809 0.0 0
1572978048 9.610844564 0.18181818181818182 1
1573208826 9.612255818 0.8181818181818182 2
1573209481 9.69892573 0.0 0
1573210156 9.666159751 0.2 1
1573210825 9.65165101 0.0 0
1573211481 9.580026901 1.3636363636363635 2
1573212131 9.623937221 0.0 0
1573212782 9.711575839 0.0 0
1573213434 9.691591236 1.0 2
1573214105 9.346137109 1.8 2
1573214759 9.57322352 0.0 0
1573218293 9.70031944 0.0 0
1573218625 9.619672561 0.8181818181818182 2
1573306536 10.068616188 0.0 0
1573306851 9.825157897 0.0 0
1573307189 9.963672104 0.0 0
1573307511 9.556042764 0.0 0
1573307826 9.634225651 0.0 0
1573308147 9.276926794 0.0 0
1573308475 9.39165818 0.0 0
1573308793 9.836419815 0.0 0
1573309115 9.771574536 0.0 0
1573309446 9.774707869 0.0 0
1573310284 10.41721801 0.25 1
1573310909 9.782300761 0.18181818181818182 1
1573311524 9.463694002 0.0 0
1573312227 9.786358958 0.0 0
1573312838 9.2579021 0.1 1
1573313464 9.872538832 0.0 0
1573314097 9.714811413 0.0 0
1573314712 9.560758885 0.0 0
1573828060 9.726202135 0.6 2
1573828369 9.298915019 0.6363636363636364 2
1573828680 9.225403749 0.6 2
1573828985 8.904258017 0.5 2
1573829289 9.300801057 0.6 2
1573829598 9.110275918 0.8 3
1573830154 9.623131345 0.8181818181818182 3
1573830465 9.182180446 0.6 2
1573830772 8.818402841 0.7 3
1573831079 8.768763414 0.8 3
1573902713 8.729331949 0.4444444444444444 1
1573903021 9.497138751 0.5 2
1573903332 9.781768882 0.7272727272727273 2
1573903643 10.05474044 0.45454545454545453 2
1573903954 9.672462203 0.5 2
1573904263 9.057421861 0.5 2
1574688032 8.695792458 0.2222222222222222 2
1574688350 8.597061527 0.0 0
1574692041 9.204959064 1.0 2
1574692357 8.747829121 0.4444444444444444 2
1574693273 8.568269969 0.0 0
1574693588 8.303225376 0.5 2
1574693919 9.155651222 0.1 1
1574694343 8.330762307 0.375 1
1574694669 8.615793021 0.9 2
1574695223 8.6195138 0.3 1
1574695564 8.571144435 0.3 1
1574695874 8.382217677 0.6666666666666666 1
1574696329 9.401792601 0.6363636363636364 2
1574696907 8.788642976 1.1 2
1574697499 8.593447699 0.3 1
1574698077 8.712958863 0.4444444444444444 2
1574698662 8.496235432 1.5555555555555556 3
1574708115 8.399371949 0.0 0
1574708810 8.761004501 0.0 0
1574709439 8.506729424 0.3333333333333333 1
1574710725 8.58272254 0.0 0
1574950822 8.540068096 0.1111111111111111 1
1574951195 8.862148948 0.2 1
1574951548 9.653252212 1.3636363636363635 4
1574951876 9.419519715 1.6 3
1574952191 9.078159661 0.2 1
1574952588 9.160712482 0.2 1
1574952917 8.470073323 0.3 2
1574953285 8.509576154 0.2 1
1574953594 8.909322654 0.5 2
1574953933 8.43656721 0.2 1
1574956085 8.500549929 0.1 1
1574956657 8.771167954 0.2 1
1574957349 8.488737251 0.1111111111111111 1
1574957925 8.681223124 0.4 2
1574958517 8.512611309 0.0 0
1574959106 8.961247468 0.2 1
1574959708 9.043960206 0.3 1
1574960285 8.571526066 0.2222222222222222 1
1574960898 8.847917335 0.4 1
1574961536 8.94836844 0.2 1
1575028221 8.966482558 0.5 2
1575028531 8.837365547 0.8888888888888888 2
1575028842 8.329526181 0.125 1
1575029179 9.396474782 0.9090909090909091 2
1575029489 8.49261702 0.4 2
1575029800 8.815669465 0.8 2
1575030112 8.924078845 0.3 2
1575030426 8.79134067 0.2 1
1575030745 8.374708531 0.1111111111111111 1
1575031072 8.806585233 0.2 1
1575033008 8.72356474 0.1 1
1575033575 8.895237717 0.0 0
1575034166 9.571096987 1.0 3
1575034734 9.003819538 0.2 1
1575035305 8.623833141 0.6 2
1575036327 9.003525957 0.4 2
1575036905 8.677955977 0.6 2
1575037464 8.797905351 0.2 1
1575038467 8.472339933 0.1 1
1575039034 8.52274175 0.2 1
1575114506 8.449050792 0.1111111111111111 1
1575114812 9.004467435 1.0 2
1575115122 8.523173154 0.1111111111111111 1
1575115430 9.117417392 0.2 1
1575115740 8.940018039 0.2222222222222222 1
1575116057 8.452124065 0.1111111111111111 1
1575116366 9.63519719 0.45454545454545453 2
1575116676 8.540684197 0.1111111111111111 1
1575116986 8.897103248 0.2 1
1575117294 8.946782354 0.2 1
1575120299 9.011081441 0.5 2
1575120862 8.840636594 0.2 1
1575121423 8.351231137 0.1 1
1575122484 9.04319641 0.7 2
1575123043 8.684819586 0.2222222222222222 1
1575123602 8.993009858 0.5 2
1575124158 8.375288177 0.1 1
1575124726 8.621687376 0.1 1
1575125282 8.549192162 0.2222222222222222 1
1575125851 8.787497138 0.2222222222222222 1
1575293021 8.355281952 0.0 0
1575293354 9.523939355 0.5 2
1575293695 8.652075529 0.4 2
1575294032 8.541005536 1.1111111111111112 2
1575294375 8.667869054 0.0 0
1575294719 9.241937525 0.0 0
1575295082 8.336314006 0.3 1
1575295474 8.593202657 0.0 0
1575295833 8.647184574 0.1 1
1575297032 9.288563225 0.0 0
1575297593 9.029194499 0.4444444444444444 1
1575298174 8.744500903 0.0 0
1575298740 8.872041747 0.5 2
1575299319 8.448941283 0.0 0
1575299893 8.969391618 0.0 0
1575300515 9.165913337 0.0 0
1575301086 8.728063726 0.2222222222222222 1
1575301895 9.461681362 0.0 0
1575385912 8.810838446 0.0 0
1575386224 9.176094726 0.4 2
1575386536 8.852584265 0.0 0
1575386941 9.206680882 0.2 1
1575387250 9.330148745 0.8 2
1575387559 8.724289983 0.1 1
1575387869 8.901420531 0.1 1
1575388177 8.590265543 0.7777777777777778 2
1575388485 8.721494873 0.1111111111111111 1
1575388790 8.886091118 0.0 0
1575390082 8.826141229 1.4 3
1575390650 8.926279676 0.1 1
1575391218 9.243458739 0.0 0
1575391781 8.7474742 0.0 0
1575392593 8.725179864 0.0 0
1575393228 9.8886864 0.7272727272727273 3
1575393790 9.160482364 0.2 2
1575394356 8.855276128 0.0 0
1575394918 9.169081902 0.0 0
1575395481 8.649682306 0.5 2
1575473443 12.116050698 5.384615384615385 8
1575558674 8.9787817 0.2 1
1575558987 8.880347376 0.0 0
1575559313 9.282963126 0.0 0
1575559633 8.437105259 0.0 0
1575560000 9.076681372 0.0 0
1575560329 8.571526242 0.0 0
1575560661 8.460429868 0.1 1
1575561194 9.541695894 0.1 1
1575561538 8.707957159 0.0 0
1575561895 8.414492534 0.0 0
1575562301 8.835478626 0.1 1
1575563011 8.646788786 0.5 1
1575563662 9.013443712 0.0 0
1575564260 8.503388131 0.0 0
1575564844 8.455054192 0.0 0
1575565408 8.902880874 0.0 0
1575565976 9.102960906 0.09090909090909091 1
1575566562 9.079651818 0.09090909090909091 1
1575567878 9.061247547 0.0 0
1575568489 8.607111865 0.0 0
1579186420 8.859091483 0.0 0
1579186765 8.49581233 0.1 1
1579187779 8.83574969 0.2 2
1579188111 8.905046741 0.3 1
1579188555 8.802660158 0.9 2
1579189091 8.538855813 0.1 1
1579189422 8.596383103 0.125 1
1579189750 8.534655393 0.0 0
1579190091 8.464660163 0.0 0
1579190426 9.004428649 0.2 1
1579190934 8.624882958 0.0 0
1579191549 8.552516527 0.0 0
1579192114 8.623968056 0.0 0
1579192694 8.908883178 0.0 0
1579193259 8.619810746 0.3333333333333333 1
1579193849 9.480741066 0.4 2
1579194414 8.744480989 0.1 1
1579194984 8.646352175 0.0 0
1579195573 8.997767816 0.0 0
1579196137 8.812743858 0.0 0
1579354180 8.981615518 0.3 1
1579354485 9.049346117 0.5 2
1579354797 8.730752129 0.0 0
1579355104 9.305126795 0.5 2
1579355414 8.881738111 0.0 0
1579355723 8.851965934 0.0 0
1579356031 8.987432839 0.4 2
1579356338 9.259915031 0.5 2
1579356644 8.670941006 0.0 0
1579356950 9.239640141 0.5 2
1579359344 8.756849251 0.3333333333333333 3
1579359917 8.390585835 1.1 2
1579360481 8.617699266 0.3333333333333333 1
1579361038 8.480776935 0.0 0
1579361594 8.669664961 1.0 4
1579362148 8.760267549 0.0 0
1579362704 8.683122513 0.4 1
1579363267 8.948466603 0.0 0
1579363834 9.322250669 1.3 3
1579364394 9.234966781 0.36363636363636365 2
1579524786 8.73141698 0.1 1
1579525132 8.731311506 0.1 1
1579525517 8.590266807 0.1 1
1579525842 8.458002169 0.0 0
1579526170 8.539458451 0.1111111111111111 1
1579528464 8.680340793 0.1111111111111111 1
1579528889 8.404680269 0.0 0
1579529273 8.226679586 0.125 1
1579529614 8.688854482 0.0 0
1579529923 8.561141722 0.3 1
1579530311 8.659598229 0.2222222222222222 1
1579530958 8.319615266 0.4 1
1579531999 8.501190335 0.0 0
1579532701 8.601686264 0.0 0
1579533366 8.486254963 0.0 0
1579533970 8.766986111 0.2222222222222222 1
1579534630 8.492726447 0.1 1
1579535266 8.731250654 0.1111111111111111 1
1579535862 8.652764885 0.1111111111111111 1
1579536920 8.609629748 0.2222222222222222 1
1580217916 9.249656171 0.8 3
1580218244 8.808214031 0.0 0
1580218569 8.956895358 0.5 2
1580218895 9.023798989 0.0 0
1580219272 8.537550402 0.0 0
1580219616 8.623505458 0.1111111111111111 1
1580222331 8.938394183 0.4 2
1580222646 9.128396184 0.4 1
1580222957 8.497247993 0.0 0
1580223262 8.836043405 0.1 1
1580223643 8.820598113 0.2 1
1580224205 8.618666361 0.0 0
1580224761 8.600899891 0.1111111111111111 1
1580225323 9.348316227 0.09090909090909091 1
1580225885 8.587497276 1.3 3
1580226468 8.507161963 0.0 0
1580227036 8.988138804 0.1 1
1580227632 9.873837437 1.4545454545454546 3
1580228215 8.972862423 0.4 2
1580228774 8.967462589 0.5 3
1580306553 8.770173368 0.5 2
1580306854 8.73221955 0.1 1
1580307255 8.931586611 0.0 0
1580307732 8.88434732 0.4 2
1580308044 8.841635538 0.1 1
1580308359 8.853202202 0.0 0
1580310561 8.423718425 0.2222222222222222 1
1580310873 13.702392592 1.0 3
1580311186 8.735566157 0.0 0
1580311497 8.478600832 0.0 0
1580311870 9.329279967 0.1 1
1580312204 8.653406016 0.1111111111111111 1
1580312785 9.098364497 0.5 2
1580313341 8.478496028 0.1111111111111111 1
1580314304 8.673806306 0.2 1
1580314862 8.640575171 0.0 0
1580315418 8.959990478 0.6666666666666666 3
1580315980 9.393957542 0.5454545454545454 3
1580316683 8.566799791 0.0 0
1580317270 8.976468812 0.0 0
1581936950 9.313684611 0.3 2
1581937263 9.137646121 0.3 2
1581937608 9.702298135 0.2727272727272727 1
1581937929 9.3662345 0.0 0
1581938249 8.649739566 0.0 0
1581938571 8.630709721 0.2222222222222222 1
1581938876 8.895378421 0.5 2
1581939217 9.847314778 0.2727272727272727 2
1581939540 9.637837196 0.36363636363636365 2
1581939841 8.453886847 0.1 1
1581942339 8.724451704 0.1111111111111111 1
1581942926 9.368754912 0.3 1
1581943544 8.454668934 0.0 0
1581945808 9.196399914 0.0 0
1581946381 10.014161897 0.2727272727272727 1
1581946950 9.252235135 0.3 1
1581947869 9.177042547 0.0 0
1581948958 10.178785363 0.0 0
1582030353 10.343403054 0.45454545454545453 1
1582030660 10.419172583 0.9166666666666666 2
1582031311 10.290821587 0.5454545454545454 2
1582031608 9.93158624 0.18181818181818182 1
1582031904 10.260341693 0.18181818181818182 1
1582032290 10.371609723 0.09090909090909091 1
1582032599 10.021715211 0.09090909090909091 1
1582032899 10.34887933 0.1 1
1582033195 9.804057061 0.18181818181818182 1
1582033548 10.28279127 0.0 0
1582033875 10.337982121 0.09090909090909091 1
1582035535 10.376826108 0.75 3
1582036142 10.335363307 0.18181818181818182 1
1582036745 10.028996461 0.9090909090909091 2
1582037353 9.53096972 2.5 5
1582037950 9.760068614 0.6363636363636364 3
1582038547 10.3975571 0.5833333333333334 2
1582041440 9.780526802 1.0 3
1582042051 9.536008016 1.2 4
1582043636 10.364536176 0.09090909090909091 1
1582044250 10.435286857 0.2727272727272727 2
1582044852 10.211190766 0.0 0
1582045153 10.397288068 0.0 0
1582045453 10.208517384 0.18181818181818182 2
1582045764 10.265412038 0.09090909090909091 1
1582046061 10.139483321 0.0 0
1582120408 10.325765569 4.7272727272727275 8
1582188824 8.871301571 5.333333333333333 7
1582190851 9.791959393 5.363636363636363 7
1582191142 9.584308892 4.8 6
1582191432 9.459543743 5.2727272727272725 7
1582191731 8.855424337 6.4 8
1582192024 8.880865001 6.1 8
1582192315 9.504313411 4.7 7
1582192613 8.945173481 5.4 8
1582192901 9.566996877 5.1 6
1582193190 8.942854326 6.0 8
1582634968 9.580834603 0.0 0
1582635250 9.337302128 0.0 0
1582635535 9.656838739 0.0 0
1582635818 9.361284364 0.09090909090909091 1
1582636105 10.006662139 0.2727272727272727 1
1582636394 8.829619339 0.1111111111111111 1
1582636686 8.475169809 0.0 0
1582636972 8.795794575 0.0 0
1582637276 10.393013907 0.0 0
1582637571 9.967968482 0.0 0
1582637865 9.869092535 0.0 0
1582638425 9.5068806 0.3 1
1582639500 9.33527746 0.0 0
1582640679 8.600095619 0.0 0
1582641238 8.821798207 1.2 2
1582641806 9.500802923 0.3 1
1582642376 9.151783312 0.4 1
1582642950 9.147507467 0.6 1
1582643553 8.873129072 0.3 1
1582644109 8.974348515 0.6 2
1582886220 9.054254853 0.0 0
1582886508 8.558084375 0.2222222222222222 1
1582886803 9.476233905 0.2 2
1582887091 9.262106553 0.0 0
1582887383 8.822576101 0.1 1
1582887675 8.660800415 0.0 0
1582887958 8.509386076 0.0 0
1582888245 9.494346382 0.0 0
1582888532 9.034448528 0.0 0
1582888893 8.781086051 0.3 2
1582898706 9.617018512 0.0 0
1582899280 8.551624587 1.5 3
1582899847 9.303148437 0.6 2
1582900412 8.423859756 0.3 1
1582902069 8.525409577 0.1 1
1582902714 9.439323356 0.0 0
1582903293 8.95427796 0.4 1
1574710725 8.58272254 0.0 0
1574708810 8.761004501 0.0 0
