1570447084 91.748333237 2.4239130434782608 6
1570449826 57.822483907 0.6491228070175439 2
1571763838 57.081755891 0.49122807017543857 3
1571767185 441.703196864 0.4072398190045249 5
1572880273 50.270898806 0.5098039215686274 2
1573310284 11.019109303 0.7272727272727273 2
1573828680 9.401835036 0.6666666666666666 2
1573829289 45.061084769 0.6 3
1573829598 45.660954827 0.0 0
1573830465 44.539748689 1.3636363636363635 6
1573830772 44.122283446 0.7954545454545454 4
1573902713 8.900159276 0.75 2
1573903332 9.737471679 0.8 2
1573903643 47.32227894 0.8333333333333334 3
1574688032 43.78084569 0.6744186046511628 3
1574688350 44.960031299 0.0 0
1574692041 44.254086913 0.0 0
1574692357 44.598276233 0.0 0
1574693273 43.320726623 0.046511627906976744 2
1574693588 44.305541522 0.022727272727272728 1
1574693919 44.707710246 0.0 0
1574694343 45.128371135 0.0 0
1574694669 43.731836966 0.045454545454545456 1
1574695223 44.170704587 0.0 0
1574695564 44.940497584 0.0 0
1574695874 43.889468615 0.0 0
1574696329 325.063489086 0.0 0
1574696907 326.312540908 0.0 0
1574697499 326.649881221 0.0061162079510703364 1
1574698077 320.620426733 0.04361370716510903 1
1574698662 323.195691424 0.06191950464396285 4
1574708115 80.106029882 0.3950617283950617 3
1574708810 44.941466747 0.022222222222222223 1
1574709439 364.22486008 0.12637362637362637 3
1574710725 335.947890336 0.0 0
1574950822 44.236499075 0.7272727272727273 3
1574951195 44.43747817 1.0444444444444445 4
1574951876 44.887183722 0.7727272727272727 4
1574952191 46.010828001 0.6739130434782609 3
1574952588 45.581661875 0.8222222222222222 3
1574952917 44.30120859 0.8888888888888888 3
1574953285 44.043438682 0.7272727272727273 3
1574953594 43.887930529 0.5909090909090909 3
1574953933 43.223145515 0.7441860465116279 3
1574956085 319.570573832 0.625 4
1574956657 410.813637447 0.8613138686131386 4
1574957349 320.082384867 0.70625 5
1574957925 325.947218442 0.656441717791411 4
1574958517 328.123685457 0.6128048780487805 5
1574959106 348.932611318 0.7163323782234957 4
1574959708 325.013069569 0.676923076923077 4
1574960285 325.053472205 0.6707692307692308 4
1574960898 322.420168358 0.6677018633540373 4
1574961536 319.752236746 0.66875 4
1575028221 45.17558421 1.608695652173913 5
1575028531 45.252059029 0.1111111111111111 1
1575028842 44.699023338 1.4318181818181819 5
1575029179 44.736181355 1.4222222222222223 4
1575029489 45.303973626 0.021739130434782608 1
1575029800 44.595635118 1.6818181818181819 5
1575030112 45.691527191 1.173913043478261 4
1575030426 45.288914824 1.1333333333333333 4
1575030745 44.599995107 1.1333333333333333 5
1575031072 44.391986016 0.9111111111111111 4
1575033008 325.73978492 0.21779141104294478 4
1575034166 325.843367743 0.7116564417177914 5
1575034734 332.852298334 0.3313253012048193 4
1575035305 322.495464209 0.3684210526315789 4
1575036327 338.108632278 0.15634218289085547 4
1575036905 322.119613653 0.6863354037267081 4
1575037464 321.964783148 0.7080745341614907 5
1575038467 321.367658557 0.5279503105590062 4
1575039034 325.700886296 0.3619631901840491 4
1575114506 43.641269722 1.3636363636363635 4
1575114812 44.821311257 1.488888888888889 4
1575115122 44.606310599 1.3181818181818181 4
1575115430 45.881499322 1.5869565217391304 4
1575115740 43.806805726 1.4186046511627908 4
1575116057 45.194039831 1.4666666666666666 4
1575116366 45.45890855 1.5 4
1575116676 44.955256328 1.3111111111111111 4
1575116986 44.56017571 1.6818181818181819 4
1575117294 44.492532444 1.4 4
1575120299 321.695853481 0.43302180685358255 4
1575120862 323.393328327 0.26006191950464397 5
1575121423 755.909295904 0.44954128440366975 4
1575122484 321.665685645 0.3198757763975155 5
1575123043 321.155518729 0.24610591900311526 3
1575123602 320.343690316 0.634375 4
1575124158 319.968045032 0.55625 5
1575124726 318.760249098 0.3793103448275862 4
1575125282 327.547839014 0.22935779816513763 3
1575125851 324.896112401 0.6481481481481481 5
1575293354 47.675262893 0.0 0
1575293695 45.847387394 0.8695652173913043 3
1575294032 46.913760863 1.0212765957446808 4
1575294719 48.196882799 0.6458333333333334 2
1575295082 49.142107602 0.7346938775510204 3
1575295833 48.921355699 1.1224489795918366 5
1575297593 333.5155254 0.3592814371257485 4
1575298174 325.341867604 0.11042944785276074 3
1575298740 329.232616911 0.5454545454545454 4
1575299319 330.695896667 0.5317220543806647 4
1575299893 327.625106661 0.35060975609756095 3
1575300515 323.505176411 0.2786377708978328 4
1575301086 526.141119899 0.06653992395437262 3
1575301895 324.864596911 0.5692307692307692 4
1575385912 46.073147464 1.3695652173913044 4
1575386224 46.477759239 1.6956521739130435 4
1575386536 46.276119719 1.4782608695652173 4
1575386941 47.245072263 1.0851063829787233 3
1575387250 45.26460507 1.3111111111111111 3
1575387869 44.581549799 1.3181818181818181 3
1575388177 44.251511607 1.0909090909090908 3
1575388485 46.894431235 1.4042553191489362 4
1575388790 44.188832288 1.2727272727272727 3
1575390082 326.124604479 0.6901840490797546 4
1575390650 327.668316939 0.4115853658536585 4
1575391218 322.202638943 0.17391304347826086 3
1575391781 391.331336532 0.23017902813299232 4
1575392593 324.072278605 0.5524691358024691 3
1575393228 324.083152892 0.6944444444444444 4
1575393790 322.026605389 0.42857142857142855 4
1575394356 322.306400203 0.20496894409937888 4
1575395481 324.425618898 0.6512345679012346 5
1575473443 12.279878371 5.5 8
1575558674 44.512810859 1.288888888888889 4
1575558987 44.57165676 1.2 5
1575559313 44.700246527 1.3409090909090908 4
1575559633 45.441059665 0.9555555555555556 3
1575560000 44.748739007 0.9545454545454546 4
1575560329 46.055650858 1.3043478260869565 3
1575560661 45.12275663 1.1333333333333333 3
1575561538 45.22859129 0.8888888888888888 2
1575561895 46.108234035 1.1521739130434783 3
1575562301 426.631081535 0.6440281030444965 3
1575563011 325.533523528 0.7085889570552147 5
1575563662 322.947191588 0.6842105263157895 3
1575564260 322.231572319 0.422360248447205 3
1575564844 320.935421265 0.3987538940809969 4
1575565408 321.223165599 0.5638629283489096 4
1575565976 327.204192672 0.7103658536585366 5
1575566562 340.720504779 0.4809384164222874 4
1575567878 353.257116 0.4475920679886686 4
1575568489 325.724876558 0.4646153846153846 4
1579186420 46.498709179 0.0 0
1579186765 46.535471343 0.0 0
1579187779 44.647066793 0.36363636363636365 2
1579188111 45.415723365 0.5777777777777777 2
1579188555 46.847674872 1.8085106382978724 5
1579189091 44.413625984 1.2444444444444445 3
1579189422 46.535240359 0.0 0
1579189750 44.422690383 0.4 2
1579190091 44.616626209 1.1777777777777778 3
1579190426 45.806259533 0.0 0
1579190934 325.58886975 0.2331288343558282 3
1579191549 323.961065353 0.6018518518518519 4
1579192114 325.22686678 0.27692307692307694 3
1579192694 329.655851091 0.21212121212121213 4
1579193259 350.444490425 0.33048433048433046 3
1579193849 325.423132167 0.4430769230769231 4
1579194414 328.244474964 0.23780487804878048 3
1579194984 324.365711363 0.19444444444444445 3
1579195573 324.992069532 0.4676923076923077 4
1579196137 323.367738705 0.18518518518518517 2
1579354180 44.315197964 1.5454545454545454 4
1579354485 48.957097555 0.02040816326530612 1
1579354797 44.530713642 0.5333333333333333 2
1579355104 45.662486544 1.565217391304348 4
1579355414 44.032334786 0.0 0
1579355723 44.600062286 0.7111111111111111 3
1579356031 44.964527483 1.6444444444444444 4
1579356338 45.730928831 0.0 0
1579356644 44.186979841 0.5454545454545454 2
1579356950 45.30778846 1.7173913043478262 4
1579359344 321.078973177 0.5514018691588785 4
1579359917 325.17117866 0.25846153846153846 3
1579360481 321.875114955 0.3136645962732919 4
1579361038 320.215088211 0.253125 3
1579361594 319.675883875 0.4625 3
1579362148 321.178501395 0.29283489096573206 4
1579362704 322.050584584 0.2826086956521739 4
1579363267 325.234053343 0.27076923076923076 4
1579363834 324.060800459 0.4351851851851852 5
1579364394 323.380874383 0.28703703703703703 3
1579525132 44.696237035 1.3111111111111111 4
1579525517 45.598050647 1.8478260869565217 4
1579525842 45.349502303 1.4130434782608696 3
1579526170 44.516860108 1.6222222222222222 3
1579528464 45.910992659 1.5333333333333334 3
1579529273 45.82404146 1.5 4
1579529614 45.547355634 1.8444444444444446 4
1579529923 46.035082701 1.6956521739130435 3
1579530958 324.75972874 0.796923076923077 3
1579531999 338.866302917 0.5988200589970502 4
1579532701 329.803378288 0.5484848484848485 3
1579533366 324.60066161 0.563076923076923 4
1579533970 322.946505274 0.6863354037267081 4
1579534630 347.641584761 0.6522988505747126 4
1579535266 328.738981055 0.75 5
1579535862 804.999807768 0.23975155279503105 5
1579536920 321.876324874 0.6043613707165109 3
1580217916 44.699735932 0.8888888888888888 3
1580218244 45.834583734 0.044444444444444446 1
1580218569 46.226333989 0.10869565217391304 2
1580218895 45.673577036 1.1956521739130435 4
1580219272 44.241172076 0.045454545454545456 1
1580219616 45.290384309 0.5111111111111111 3
1580222331 46.131269662 1.3043478260869565 4
1580222646 44.275513039 0.8181818181818182 3
1580222957 44.182305953 0.06666666666666667 1
1580223262 45.647441485 0.5652173913043478 3
1580223643 325.402210075 0.450920245398773 4
1580224205 321.446779148 0.5264797507788161 4
1580224761 322.487350154 0.2453416149068323 3
1580225323 324.852758578 0.2123076923076923 3
1580225885 320.313336993 0.4392523364485981 4
1580226468 324.612590893 0.3271604938271605 3
1580227036 323.751943377 0.19504643962848298 3
1580227632 326.579382837 0.4938650306748466 4
1580228215 322.683134571 0.5015479876160991 5
1580228774 323.690120815 0.21604938271604937 2
1580306553 43.758004489 0.0 0
1580306854 46.164486801 1.9782608695652173 6
1580307255 44.568395742 1.5333333333333334 4
1580307732 46.508802906 0.10869565217391304 2
1580308044 46.679602161 1.6382978723404256 4
1580310561 45.756272154 0.6956521739130435 2
1580310873 49.661536347 0.0 0
1580311186 44.763662208 1.0 4
1580311497 43.898726291 0.7954545454545454 4
1580311870 46.17480878 0.0 0
1580312204 321.445787575 0.308411214953271 4
1580312785 320.651330782 0.425 3
1580313341 644.459326459 0.2619047619047619 3
1580314304 320.316532774 0.42679127725856697 5
1580314862 319.148124419 0.5047021943573667 3
1580315418 325.282689715 0.26461538461538464 4
1580316683 330.540737933 0.6435045317220544 3
1580317270 332.91979876 0.43243243243243246 4
1581937929 46.03230084 0.7391304347826086 3
1581938876 8.941377794 0.0 0
1581939217 46.384619561 0.2391304347826087 2
1581942339 326.635309283 0.4601226993865031 4
1581944779 61.052391864 0.0 0
1581945808 331.231339459 0.1691842900302115 3
1581946950 652.974014134 0.049868766404199474 4
1581947869 325.976461332 0.2791411042944785 3
1582031311 47.307567319 0.574468085106383 3
1582041440 358.54073043 0.008379888268156424 1
1582120408 51.160099817 3.549019607843137 8
1582634968 45.481890978 1.0444444444444445 4
1582635250 47.343782305 0.8085106382978723 4
1582636394 44.370227177 1.4090909090909092 5
1582636686 45.426670468 1.434782608695652 4
1582637571 47.097958889 0.8723404255319149 4
1582637865 323.252681767 0.26625386996904027 4
1582640679 324.314396889 0.7067901234567902 4
1582641238 324.651115166 0.6553846153846153 4
1582642376 325.892991064 0.0705521472392638 4
1582642950 326.706361631 0.0061162079510703364 1
1582643553 320.788596743 0.11838006230529595 4
1582886220 9.299972102 0.0 0
1582886508 45.134037875 0.8 3
1582886803 45.788334745 1.065217391304348 3
1582887091 9.558160217 0.0 0
1582887383 44.424471064 1.25 4
1582887958 45.495852175 0.6 3
1582888245 45.386929924 0.9111111111111111 4
1582888532 45.295650408 1.434782608695652 4
1582888893 45.298343105 0.8478260869565217 3
1582898706 336.916233512 0.10385756676557864 3
1582899847 325.454318053 0.0 0
1582902714 323.784746636 0.20743034055727555 3
1582903293 9.082146826 0.0 0
1574710725 335.947890336 0.0 0
1574708810 44.941466747 0.022222222222222223 1
