1570448969 18.250689231 1.1111111111111112 3
1570449909 13.15592501 0.3076923076923077 1
1571756694 12.419888131 0.5384615384615384 3
1571765906 13.42930168 0.5 2
1572364942 10.332870428 0.0 0
1573306602 9.764544764 0.0 0
1574692420 9.442755902 0.6666666666666666 2
1574693335 9.296159645 0.4444444444444444 2
1574693657 9.343554786 0.3333333333333333 2
1574694731 9.204279773 0.2222222222222222 2
1574695936 9.221236952 0.5555555555555556 2
1574696673 9.23435147 0.3333333333333333 2
1574697844 9.272310687 0.1111111111111111 1
1574698415 9.437256591 0.0 0
1574708875 9.204483923 0.0 0
1574951258 9.198290257 0.3333333333333333 2
1574951614 9.488113783 0.4444444444444444 1
1574952652 9.130029845 0.3333333333333333 1
1574952979 9.195597955 0.4 2
1574957085 9.536331956 0.4 3
1574958270 9.21204011 0.5555555555555556 2
1574960052 7.951552913 0.0 0
1574961238 9.187967467 0.2222222222222222 2
1574961874 9.420549837 0.2222222222222222 1
1575028594 9.04462225 0.6666666666666666 2
1575029242 9.338804708 1.2222222222222223 2
1575029862 9.314771737 0.2222222222222222 1
1575030490 9.440248694 0.3333333333333333 1
1575031135 9.268834427 0.6 2
1575033352 9.073684537 0.2222222222222222 1
1575035084 9.480796425 0.4444444444444444 2
1575038806 9.259114841 0.1 1
1575039378 9.409586132 0.0 0
1575114875 9.323856164 0.3333333333333333 1
1575115801 15.004255468 0.6 2
1575116119 9.546705415 0.5 2
1575117048 9.400374516 0.3 1
1575123382 9.332418973 0.6 2
1575124496 9.251433647 0.5555555555555556 2
1575125627 9.708300353 0.6 2
1575126193 9.658931762 0.3 1
1575293420 9.354634515 0.3 1
1575294785 9.311590848 0.7 2
1575295153 9.440077402 0.5 2
1575295544 10.867326176 0.6 2
1575296770 9.273990686 0.2222222222222222 1
1575299088 10.186046588 0.3 1
1575299668 9.123358649 0.2222222222222222 1
1575300856 9.567635452 0.4444444444444444 1
1575301630 9.433477701 0.3333333333333333 2
1575386291 9.285604046 0.4 2
1575387314 9.212166143 0.1111111111111111 1
1575387623 9.53895388 0.4 2
1575387932 9.640663031 0.8 4
1575388241 9.563591868 0.5 2
1575388551 9.173714043 0.7777777777777778 3
1575390997 9.548458903 0.8888888888888888 4
1575393571 9.478979051 0.3333333333333333 1
1575394130 9.458692584 0.6 2
1575395261 9.193669043 0.4444444444444444 2
1575395824 9.552660277 0.3333333333333333 2
1575473661 11.729744208 0.08333333333333333 1
1575559050 9.325178683 0.1111111111111111 1
1575559375 9.004789979 0.2222222222222222 1
1575560393 9.47310855 0.1111111111111111 1
1575560728 9.55422174 0.1 1
1575561600 9.186402235 0.4 2
1575562745 9.356782477 0.5555555555555556 2
1575563354 9.284880836 0.0 0
1575564599 9.487034803 0.6 2
1575565182 9.303321184 0.4 2
1575565748 9.170068993 0.3333333333333333 2
1579186485 9.365825881 0.1111111111111111 1
1579187842 9.231066132 0.1111111111111111 1
1579188175 9.410688349 0.3333333333333333 1
1579188621 9.359918797 0.3333333333333333 1
1579189154 9.418310242 0.7 3
1579189486 9.149477696 0.4 2
1579190155 9.20059187 0.5555555555555556 2
1579190491 9.328660426 0.4444444444444444 1
1579191278 9.272045929 0.5 2
1579192458 9.159841745 0.5555555555555556 2
1579193628 9.287958992 0.5555555555555556 2
1579194192 9.575473838 0.5 2
1579195326 9.208066354 0.8888888888888888 4
1579196478 9.398936804 0.3333333333333333 2
1579354551 9.30755971 0.4 2
1579355476 9.358872993 0.1111111111111111 1
1579356401 9.272447649 0.2 1
1579359682 9.047569081 0.3333333333333333 1
1579360261 9.174687201 0.1111111111111111 1
1579360820 9.431278055 0.5 2
1579361931 9.225662497 0.0 0
1579363043 9.35053142 0.2222222222222222 1
1579524854 9.384183828 0.2 1
1579525581 9.244248258 0.3 1
1579525907 8.263641427 0.1 1
1579529678 9.170793166 0.4444444444444444 2
1579529989 9.191914911 0.2222222222222222 1
1579530728 9.314070345 0.4 1
1579531302 9.169583917 0.6666666666666666 2
1579532357 9.197005957 0.3333333333333333 2
1579533049 9.422547221 0.3 2
1579533709 9.167301185 0.3333333333333333 1
1579535613 9.44395594 0.8 3
1579537260 9.076016288 0.3333333333333333 1
1580217981 9.154670844 0.2222222222222222 1
1580218307 9.531272134 0.3 2
1580218633 9.434334124 0.8 3
1580218958 9.171444949 0.2222222222222222 1
1580219333 9.552938482 0.3 2
1580222395 9.423491012 0.6666666666666666 2
1580222708 9.296329001 0.2 1
1580226224 9.461281039 0.1111111111111111 1
1580227377 9.331882573 0.5555555555555556 2
1580229116 9.397535979 0.7777777777777778 2
1580306919 9.161375395 0.5 2
1580307796 9.511134947 0.1 1
1580308109 9.463420369 0.1111111111111111 1
1580308424 9.677873262 0.0 0
1580310626 9.465402917 0.2222222222222222 1
1580310940 9.289311932 0.3333333333333333 2
1580311250 9.620554634 0.0 0
1580311934 9.448319479 0.4444444444444444 2
1580312543 9.451578636 0.2222222222222222 1
1580313123 9.412946675 0.6666666666666666 3
1580314003 9.471986169 0.6666666666666666 2
1580315199 9.477154102 0.3333333333333333 2
1580315761 9.404531812 0.4444444444444444 3
1580317620 9.187784333 0.2222222222222222 1
1581937014 9.18040044 0.2222222222222222 1
1581942685 9.207779108 0.0 0
1582030731 10.035881732 0.2 1
1582031377 9.813146023 0.7 2
1582032017 8.774690909 0.1111111111111111 1
1582033263 10.004148132 0.4 2
1582033620 9.980407259 0.3 2
1582635031 9.411603682 0.1111111111111111 1
1582641021 9.26457077 0.2222222222222222 1
1582902495 9.284546618 0.3 1
1574708875 9.204483923 0.0 0
