1569853689 83.0635398 0.03571428571428571 1
1569854331 13.851850125 0.0 0
1569855305 13.486872715 0.0 0
1570447071 13.496542513 0.0 0
1570448876 12.822334305 0.0 0
1570449377 12.816115696 0.0 0
1570449812 13.0284175 0.0 0
1571323363 12.738221019 0.0 0
1571323755 12.791289765 0.21428571428571427 1
1571324158 12.688678779 0.0 0
1571324557 12.775163353 0.0 0
1571327488 12.703379573 0.0 0
1571327878 12.619641382 0.14285714285714285 1
1571328269 12.719167716 0.0 0
1571328660 12.719965705 0.0 0
1571329051 12.895465768 0.0 0
1571329442 12.838411964 0.0 0
1571330035 12.811482658 0.0 0
1571397991 12.878261955 0.0 0
1571398386 12.921593679 0.0 0
1571398779 12.725018966 0.0 0
1571399171 12.684629514 0.0 0
1571399561 12.780692968 0.0 0
1571399958 12.796558677 0.0 0
1571400352 12.83307561 0.07142857142857142 1
1571400778 12.819691037 0.0 0
1571401171 12.883897281 0.0 0
1571401563 12.719872326 0.0 0
1571406944 12.728712523 0.0 0
1571407334 12.796595012 0.14285714285714285 2
1571407727 12.852085566 0.0 0
1571408115 12.748270945 0.0 0
1571408509 12.82003004 0.0 0
1571666002 12.772224116 0.0 0
1571666390 12.667397555 0.0 0
1571666783 12.742721076 0.0 0
1571667175 12.803604172 0.14285714285714285 1
1571667619 12.682860745 0.0 0
1571669270 12.893908115 0.0 0
1571669664 12.749624058 0.0 0
1571754181 12.620554644 0.0 0
1571754572 12.902213399 0.0 0
1571754973 12.75455765 0.0 0
1571755369 12.762729219 0.0 0
1571756601 12.745909743 0.0 0
1571757032 12.626928767 0.07692307692307693 1
1571757460 12.89018574 0.0 0
1571757856 12.787963552 0.0 0
1571758250 12.836689249 0.0 0
1571758640 12.773407505 0.0 0
1571762254 12.757502463 0.07142857142857142 1
1571762651 12.738690289 0.0 0
1571763043 12.748752885 0.0 0
1571763431 12.805564271 0.0 0
1571763825 12.897500479 0.0 0
1571764231 12.788302652 0.0 0
1571764641 12.805752127 0.0 0
1571765032 12.783567045 0.0 0
1571765421 12.800241754 0.0 0
1571765812 12.818614265 0.0 0
1571766390 12.783124705 0.0 0
1571767172 12.884995085 0.0 0
1572006430 14.232322936 0.14285714285714285 1
1572007139 12.787162796 0.0 0
1572007531 12.765535489 0.0 0
1572008033 12.767462082 0.0 0
1572008434 12.77246982 0.0 0
1572008837 12.798149111 0.0 0
1572009231 12.807272392 0.0 0
1572009620 12.68740768 0.0 0
1572010012 12.802305888 0.0 0
1572010408 12.789250754 0.0 0
1572010799 12.73755767 0.0 0
1572013361 12.755330786 0.0 0
1572013754 12.800317382 0.0 0
1572014146 12.790423808 0.0 0
1572014536 12.800132566 0.0 0
1572014926 12.797227272 0.0 0
1572268977 13.542386484 0.4666666666666667 2
1572269397 13.314005447 0.35714285714285715 2
1572269811 13.318747638 0.14285714285714285 1
1572270218 13.438733597 0.2 1
1572270613 13.09501499 0.14285714285714285 1
1572271101 10.718861166 0.2727272727272727 1
1572272348 10.886943643 0.25 2
1572272678 10.621358163 1.6666666666666667 3
1572273013 10.829238027 0.08333333333333333 1
1572273360 11.070895214 0.25 1
1572273692 10.821823065 0.08333333333333333 1
1572276116 10.677441153 0.0 0
1572276453 10.743597183 0.2727272727272727 2
1572276788 10.886636889 1.0 2
1572277118 10.786637715 0.0 0
1572277454 10.883664717 0.0 0
1572277813 10.760036318 0.18181818181818182 1
1572278145 10.760516212 0.0 0
1572278476 10.744417288 0.0 0
1572363536 10.681010654 0.09090909090909091 1
1572363865 10.474323118 0.5833333333333334 2
1572364195 10.468153036 0.0 0
1572364525 10.440328442 0.0 0
1572364864 10.446207723 0.0 0
1572365200 10.449832667 0.0 0
1572365578 10.489215792 0.6363636363636364 1
1572365952 10.338244449 0.18181818181818182 1
1572366292 10.438115063 0.0 0
1572366626 10.354290867 0.0 0
1572369654 10.472563721 0.2727272727272727 1
1572369985 10.414364464 0.0 0
1572370314 10.411692943 0.16666666666666666 1
1572370647 10.388150346 0.0 0
1572370975 10.457634274 0.0 0
1572371309 10.386552733 0.0 0
1572371637 10.471287302 0.0 0
1572371969 10.422949319 0.09090909090909091 1
1572372298 10.440570424 0.2727272727272727 1
1572372627 10.422181842 0.08333333333333333 1
1572533638 10.915884098 0.0 0
1572533981 12.432222936 0.3076923076923077 1
1572534328 82.022848339 0.14457831325301204 2
1572534671 10.513607688 0.0 0
1572535005 10.537160017 0.08333333333333333 1
1572535353 10.640710828 0.36363636363636365 1
1572535683 10.506625939 0.0 0
1572536019 10.456825897 0.18181818181818182 1
1572536381 10.559109659 0.16666666666666666 1
1572536717 10.255467521 0.0 0
1572537316 10.351968517 1.7272727272727273 3
1572537973 10.524242226 0.0 0
1572538633 10.679956255 0.09090909090909091 1
1572539279 17.394914759 0.16666666666666666 1
1572539932 10.402576161 1.0 2
1572540838 10.405674416 0.0 0
1572541492 10.411648341 0.0 0
1572542141 10.419108435 0.0 0
1572542788 10.298642795 0.0 0
1572543452 10.451459372 0.08333333333333333 1
1572871206 10.676529931 1.0 3
1572871856 10.507159292 0.5 1
1572872533 10.650927031 0.25 2
1572873187 10.564484373 0.18181818181818182 1
1572873838 10.619537975 0.0 0
1572874899 10.528062391 0.45454545454545453 2
1572875763 10.475331624 0.08333333333333333 1
1572876988 10.796005994 0.16666666666666666 1
1572877638 10.777637675 0.08333333333333333 1
1572878865 10.948513013 1.0 2
1572880262 10.919941779 0.16666666666666666 1
1572880599 10.978626366 0.4166666666666667 1
1572880944 10.407182036 0.18181818181818182 1
1572881283 10.397633463 0.36363636363636365 2
1572881615 10.447465757 0.4166666666666667 2
1572881948 10.329521889 0.2727272727272727 2
1572882277 10.52343075 0.4166666666666667 2
1572882668 10.318919251 2.4166666666666665 4
1572883020 10.483874329 0.2727272727272727 2
1572883358 10.800218335 0.16666666666666666 1
1572967271 10.862907938 0.0 0
1572967930 10.500211456 0.0 0
1572969231 10.618575454 0.0 0
1572969893 10.504858089 0.0 0
1572970542 10.412232568 0.0 0
1572971193 10.318679171 0.0 0
1572971855 10.422148259 0.0 0
1572972516 10.311113597 0.0 0
1572973229 10.302521815 0.0 0
1572973881 10.452858019 0.0 0
1572974533 10.436729476 0.0 0
1572975256 10.454636523 0.0 0
1572975587 10.451156554 0.0 0
1572975954 10.386003518 0.0 0
1572976337 10.446196 0.0 0
1572976668 10.302054456 0.0 0
1572976997 10.38122213 0.0 0
1572977328 10.464107908 0.0 0
1572977690 10.470674729 0.0 0
1572978038 10.3500256 0.09090909090909091 1
1573208816 10.343656143 0.7272727272727273 2
1573209470 10.459000352 0.0 0
1573210145 10.306179129 0.0 0
1573210815 10.460591192 0.09090909090909091 1
1573211471 10.652614802 1.5454545454545454 3
1573212120 10.504114854 0.0 0
1573212772 10.500066691 0.0 0
1573213423 10.423522479 1.0 2
1573214093 11.366002885 1.6153846153846154 3
1573214749 10.401061631 0.09090909090909091 1
1573218283 10.430283427 0.0 0
1573218615 10.496562514 0.0 0
1573306525 10.094912133 0.0 0
1573306841 10.708907792 0.0 0
1573307179 10.418222138 0.0 0
1573307501 10.798714057 0.09090909090909091 1
1573307816 10.161766131 0.0 0
1573308137 10.497362264 0.0 0
1573308464 10.440517567 0.0 0
1573308783 10.375064621 0.0 0
1573309104 10.476894762 0.0 0
1573309436 10.647997355 0.0 0
1573310274 10.103503608 0.0 0
1573310899 10.42396203 0.0 0
1573311514 9.728368755 0.0 0
1573312217 10.079016672 0.0 0
1573312828 9.646937871 0.0 0
1573313454 10.226787396 0.0 0
1573314087 10.239094748 0.0 0
1573314702 10.475430838 0.0 0
1573828049 10.145195125 0.0 0
1573828360 9.85512123 0.0 0
1573828670 9.514702519 0.0 0
1573828976 9.584736017 0.0 0
1573829279 9.460215568 0.0 0
1573829589 9.427208319 0.0 0
1573830144 9.729146013 0.0 0
1573830455 9.647378097 0.0 0
1573830763 9.357786616 0.0 0
1573831070 9.548540634 0.0 0
1573902703 9.348324288 0.0 0
1573903011 9.550311216 0.0 0
1573903322 9.711950748 0.0 0
1573903633 10.07629852 0.0 0
1573903944 9.884320141 0.0 0
1573904253 9.907993417 0.0 0
1574688022 9.62948406 1.1818181818181819 3
1574688340 9.77794975 0.0 0
1574692030 10.38199811 1.0833333333333333 2
1574692347 9.568127158 0.18181818181818182 1
1574693263 9.603519088 0.0 0
1574693578 9.37943952 0.5 1
1574693909 10.235776127 0.18181818181818182 1
1574694659 9.624792475 0.45454545454545453 2
1574695213 9.647427202 0.18181818181818182 1
1574695555 9.461681791 0.3 1
1574695863 10.465034149 0.6666666666666666 2
1574696319 9.881895951 0.45454545454545453 2
1574696891 16.305518634 1.7058823529411764 3
1574697489 9.636777945 0.09090909090909091 1
1574698067 9.332160917 0.2 1
1574698652 9.415639536 0.6363636363636364 2
1574708106 9.895084288 0.0 0
1574708800 9.905715898 0.0 0
1574709429 9.70591172 0.18181818181818182 1
1574710715 10.097947345 0.0 0
1574950812 9.920913663 0.0 0
1574951185 10.04047085 0.0 0
1574951538 10.004802141 0.0 0
1574951862 13.190306368 1.4666666666666666 2
1574952181 10.108800109 0.0 0
1574952578 9.730808121 0.0 0
1574952907 10.759067967 1.4545454545454546 3
1574953275 9.87264949 0.0 0
1574953585 9.610529232 0.0 0
1574953924 9.462955134 0.0 0
1574956075 9.651671722 0.0 0
1574956647 9.948882412 0.0 0
1574957339 9.686888719 0.0 0
1574957915 10.225128686 0.0 0
1574958507 10.000382559 0.18181818181818182 1
1574959096 9.932310239 0.0 0
1574959699 9.651198724 0.0 0
1574960275 9.558001853 0.09090909090909091 1
1574960888 9.390698544 0.18181818181818182 1
1574961527 9.702795232 0.0 0
1575028211 10.68425774 0.18181818181818182 1
1575028521 9.591334658 0.18181818181818182 1
1575028833 9.137749821 0.1 1
1575029169 10.071617731 0.0 0
1575029480 9.852673823 0.3 1
1575029790 9.673892278 0.0 0
1575030102 10.098897527 0.2727272727272727 1
1575030416 10.279854125 0.0 0
1575030735 10.029765229 0.0 0
1575031062 10.196834114 0.09090909090909091 1
1575032998 9.847700443 0.0 0
1575033565 9.914414933 0.0 0
1575034156 10.146723162 0.18181818181818182 1
1575034724 9.783642265 0.0 0
1575035295 9.889046881 0.18181818181818182 1
1575036317 10.044685214 0.0 0
1575036895 9.702462217 0.0 0
1575037454 9.557784499 0.0 0
1575038458 9.795495698 0.0 0
1575039024 10.055999747 0.5454545454545454 1
1575114497 9.470194985 0.0 0
1575114803 9.298620843 0.4 2
1575115111 10.174638691 0.0 0
1575115420 10.150499174 0.0 0
1575115730 9.780954738 0.09090909090909091 1
1575116047 9.68208782 0.0 0
1575116356 10.146418036 0.0 0
1575116666 9.967913603 0.0 0
1575116976 9.976906955 0.0 0
1575117285 9.851349105 0.0 0
1575120289 9.624801462 0.0 0
1575120852 9.72460866 0.0 0
1575121412 11.529394684 0.0 0
1575122475 9.60860467 0.0 0
1575123033 9.616127691 0.0 0
1575123591 10.118509865 0.0 0
1575124149 9.398274463 0.0 0
1575124716 9.67444033 0.0 0
1575125272 10.364048747 0.0 0
1575125840 10.319678381 0.0 0
1575293011 9.546106721 0.0 0
1575293344 9.667209383 0.6363636363636364 2
1575293685 10.298941228 0.5454545454545454 2
1575294022 9.790063495 0.0 0
1575294366 9.69929957 0.0 0
1575294709 10.390700003 0.0 0
1575295073 9.828160444 0.3 1
1575295464 9.882032879 0.0 0
1575295819 13.926054522 0.06666666666666667 1
1575297022 10.065807404 0.18181818181818182 1
1575297583 10.330708819 0.2 1
1575298165 9.719515688 0.0 0
1575298731 9.754609082 0.5 2
1575299310 9.752163757 0.2 1
1575299884 9.698278356 0.0 0
1575300505 9.443327304 0.0 0
1575301076 9.482165022 0.0 0
1575301885 10.231500184 0.0 0
1575385902 9.979224973 0.0 0
1575386214 9.955159243 0.18181818181818182 1
1575386526 10.004526228 0.0 0
1575386931 9.346807922 0.0 0
1575387240 10.093862813 0.18181818181818182 1
1575387549 9.928207479 0.0 0
1575387859 9.836283488 0.0 0
1575388167 9.490911468 0.45454545454545453 2
1575388476 9.530776151 0.1 1
1575388781 9.618017231 0.0 0
1575390072 9.969214735 0.7 2
1575390640 10.204107882 0.0 0
1575391208 10.093306692 0.0 0
1575391771 9.635470174 0.0 0
1575392583 9.884827339 0.0 0
1575393219 9.158016479 0.1 1
1575393780 9.959161966 0.45454545454545453 1
1575394346 9.677435345 0.0 0
1575394908 10.073331382 0.0 0
1575395470 11.104996176 1.0833333333333333 2
1575473433 10.109812835 1.0 4
1575558664 10.088244134 0.0 0
1575558978 9.592160002 0.0 0
1575559303 9.457574373 0.0 0
1575559622 10.359842205 0.0 0
1575559990 10.026085627 0.0 0
1575560319 9.975591514 0.0 0
1575560651 9.788319323 0.0 0
1575561184 9.51733622 0.0 0
1575561528 9.970474949 0.0 0
1575561885 9.846492043 0.0 0
1575562291 9.711546228 0.0 0
1575563002 9.36476146 0.2 1
1575563652 9.980621218 0.0 0
1575564250 9.426548054 0.0 0
1575564834 9.919418848 0.0 0
1575565399 9.525211116 0.0 0
1575565967 9.69659657 0.0 0
1575566553 9.402145274 0.0 0
1575567868 9.770104947 0.0 0
1575568479 9.845009254 0.0 0
1579186410 9.682273627 0.0 0
1579186755 9.858144948 0.0 0
1579187769 9.952364064 0.0 0
1579188101 9.75907691 0.0 0
1579188546 9.464277164 0.4 2
1579189082 9.60157502 0.0 0
1579189412 9.351763256 0.0 0
1579189740 9.767923198 0.0 0
1579190081 10.132696191 0.0 0
1579190416 10.242084596 0.0 0
1579190923 10.549348376 0.08333333333333333 1
1579191539 10.232103312 0.0 0
1579192104 10.139548818 0.0 0
1579192684 9.631221015 0.0 0
1579193249 10.098579515 0.45454545454545453 2
1579193839 9.967467278 0.09090909090909091 1
1579194404 9.952239876 0.0 0
1579194973 10.40940768 0.0 0
1579195562 10.651419317 0.0 0
1579196127 9.669076258 0.0 0
1579354170 9.680711088 0.0 0
1579354475 9.57864231 0.0 0
1579354788 9.689065493 0.0 0
1579355095 9.484641388 0.0 0
1579355404 9.609380083 0.0 0
1579355713 10.028915024 0.0 0
1579356022 9.622250895 0.0 0
1579356328 9.337548686 0.0 0
1579356634 10.056545165 0.0 0
1579356940 9.639272052 0.0 0
1579359334 9.646835336 0.0 0
1579359907 10.080168097 1.0909090909090908 2
1579360471 9.86364151 0.18181818181818182 1
1579361028 9.731692236 0.0 0
1579361585 9.516139877 0.0 0
1579362138 9.549867131 0.0 0
1579362694 9.627433638 0.0 0
1579363257 10.0140977 0.0 0
1579363824 9.752160476 0.0 0
1579364384 10.066377602 0.09090909090909091 1
1579524776 10.16115252 0.0 0
1579525122 9.812273722 0.0 0
1579525507 9.934932216 0.0 0
1579525833 9.548141408 0.0 0
1579526157 12.429744294 0.0 0
1579528454 9.563240939 0.2727272727272727 1
1579528879 10.099580745 0.0 0
1579529264 9.323713116 0.0 0
1579529604 9.787065391 0.0 0
1579529913 9.719380906 0.0 0
1579530301 10.071331613 0.0 0
1579530948 9.866297246 0.0 0
1579531990 9.582491555 0.0 0
1579532691 9.842689999 0.0 0
1579533357 9.586668695 0.0 0
1579533960 10.017366897 0.18181818181818182 1
1579534621 9.670199343 0.2 1
1579535255 10.373036255 0.0 0
1579535852 9.830809113 0.0 0
1579536910 9.447928005 0.0 0
1580217906 9.779931202 0.0 0
1580218234 9.635183902 0.2727272727272727 1
1580218559 9.798788615 0.0 0
1580218886 9.300155763 0.0 0
1580219262 9.968136837 1.4545454545454546 3
1580219605 10.217488891 0.0 0
1580222321 10.377137479 0.0 0
1580222636 9.57724756 0.0 0
1580222948 9.366256881 0.0 0
1580223253 9.452986888 0.0 0
1580223633 10.166525363 0.18181818181818182 1
1580224195 10.136094017 0.0 0
1580224751 9.51460725 0.18181818181818182 1
1580225313 9.897108054 0.2727272727272727 1
1580225876 9.707893087 0.0 0
1580226457 10.375578285 0.0 0
1580227025 10.547808265 0.25 1
1580227622 10.028956958 0.18181818181818182 1
1580228205 10.020297319 0.0 0
1580228764 9.875194825 0.09090909090909091 1
1580306544 9.499177971 0.5 1
1580306845 9.668154218 0.4 2
1580307245 9.76929653 0.0 0
1580307722 9.807910545 0.0 0
1580308034 10.354715662 0.45454545454545453 1
1580308349 9.979104282 0.0 0
1580310550 11.266720113 0.0 0
1580310862 10.185330363 0.0 0
1580311176 10.027589056 0.0 0
1580311488 9.331200951 0.0 0
1580311858 11.954409422 0.0 0
1580312194 9.513255134 0.2727272727272727 2
1580312775 9.577465681 0.0 0
1580313331 9.223571682 0.0 0
1580314295 9.554899272 0.0 0
1580314852 9.758981395 0.0 0
1580315407 10.147275021 0.9166666666666666 2
1580315971 9.625253725 0.2 1
1580316673 9.666267539 0.0 0
1580317260 9.827526256 0.0 0
1581936940 9.827804959 0.0 0
1581937253 9.36865368 0.0 0
1581937598 9.828815622 0.0 0
1581937919 10.047696925 0.0 0
1581938240 9.789425286 0.0 0
1581938562 9.184048207 0.0 0
1581938866 9.428051047 0.0 0
1581939207 10.157643098 0.0 0
1581939531 9.791517832 0.0 0
1581939831 10.045456559 0.0 0
1581942325 13.279008012 0.0 0
1581942915 10.11421393 0.16666666666666666 1
1581943535 9.105093938 0.0 0
1581944513 266.241743041 0.0 0
1581945798 10.03688824 0.0 0
1581946371 10.102537636 0.2727272727272727 1
1581946940 9.973104733 0.18181818181818182 1
1581947860 9.275216304 0.0 0
1581948947 11.093636647 0.0 0
1582030342 10.842154574 0.08333333333333333 1
1582030649 11.293667081 0.16666666666666666 1
1582031300 10.831183189 0.0 0
1582031597 10.704700743 0.0 0
1582031893 11.211736325 0.0 0
1582032279 10.83750389 0.0 0
1582032588 11.273165361 0.0 0
1582033185 10.274828899 0.0 0
1582033537 11.135423582 0.0 0
1582033864 11.107851163 0.0 0
1582035524 10.951496889 0.0 0
1582036131 10.86167943 0.3333333333333333 2
1582036735 9.933058835 0.9090909090909091 2
1582037342 10.507081875 0.3333333333333333 1
1582037940 10.586001932 0.2727272727272727 1
1582038537 10.653686645 0.2727272727272727 1
1582041428 11.146182949 0.15384615384615385 1
1582042040 10.615961193 0.16666666666666666 1
1582043625 11.293151152 0.0 0
1582044239 10.739446473 0.3333333333333333 1
1582044840 11.148870159 0.3333333333333333 1
1582045142 10.517071321 0.0 0
1582045443 10.205181595 0.09090909090909091 1
1582045753 11.145504451 0.16666666666666666 1
1582046050 11.040808395 0.16666666666666666 1
1582120397 11.154726049 1.0 4
1582188814 9.615581444 1.0 4
1582190841 9.997786962 0.9090909090909091 4
1582191131 10.305621172 1.0 5
1582191422 10.094077266 0.7272727272727273 4
1582191720 11.027263384 1.6666666666666667 5
1582192014 9.907708968 1.3636363636363635 4
1582192305 9.9003489 0.8181818181818182 3
1582192603 9.276372467 0.9090909090909091 4
1582192891 9.927608222 1.0909090909090908 5
1582193180 10.107428656 1.0909090909090908 5
1582634958 9.826430635 0.0 0
1582635240 9.817480982 0.0 0
1582635525 9.851424129 0.0 0
1582635808 10.016150552 0.0 0
1582636095 10.032510621 0.09090909090909091 1
1582636383 10.916115944 0.25 1
1582636677 9.383779739 0.2 1
1582636963 9.421413711 0.0 0
1582637266 9.981496901 0.0 0
1582637561 10.177685711 0.0 0
1582637855 10.078957797 0.0 0
1582638415 9.932306382 0.18181818181818182 1
1582639490 9.782617869 0.0 0
1582640670 9.61913477 0.0 0
1582641229 9.420789689 0.5 2
1582641795 10.495667702 0.16666666666666666 1
1582642366 9.790667952 0.18181818181818182 1
1582642940 10.099683607 0.2727272727272727 1
1582643544 9.407680669 0.0 0
1582644100 9.503164489 0.0 0
1582886211 9.667940319 0.0 0
1582886498 9.967727475 0.0 0
1582886793 9.883520355 0.0 0
1582887081 9.925903534 0.0 0
1582887373 9.638509475 0.0 0
1582887665 9.993700757 0.45454545454545453 2
1582887948 9.769601789 0.0 0
1582888235 9.665553092 0.0 0
1582888522 10.060104093 0.0 0
1582888883 10.170420682 0.0 0
1582898686 19.810913376 0.0 0
1582899270 9.821224891 1.1818181818181819 4
1582899837 9.70207732 0.18181818181818182 1
1582900403 9.36863581 0.3 1
1582902060 9.465844602 0.0 0
1582902704 9.536993046 0.0 0
1582903284 9.502149911 0.1 1
1574710715 10.097947345 0.0 0
1574708800 9.905715898 0.0 0
