1574707089 0.730275524 0.0 0
1574707090 0.001274355 0.0 0
1574707090 0.001811889 0.0 0
1574707090 0.019867624 0.0 0
1574707090 0.050553653 0.0 0
1574707090 0.0477932 0.0 0
1574707090 0.04376996 0.0 0
1574707090 0.046583312 0.0 0
1574707090 0.0021413 0.0 0
1574707090 0.040734458 0.0 0
1574707090 0.001641426 0.0 0
1574707090 0.042206979 0.0 0
1574707090 0.001987823 0.0 0
1574707090 0.005897567 0.0 0
1574707090 0.01950627 0.0 0
1574707090 0.051838143 0.0 0
1574707090 0.047602355 0.0 0
1574707090 0.045017482 0.0 0
1574707090 0.001006208 0.0 0
1574707090 0.043228094 0.0 0
1574707090 0.043800726 0.0 0
