1569850199 5.065483823 -1 -1
1569850199 5.065483823 -1 -1
1569850730 4.985096041 -1 -1
1569851775 5.036930843 -1 -1
1569852004 4.855260521 -1 -1
1569852233 5.425817426 -1 -1
1569852471 5.428663799 -1 -1
1569853079 5.421429234 -1 -1
1570543686 8.17079706 -1 -1
1570544863 9.291846917 -1 -1
1571322992 4.90638372 -1 -1
1571325510 5.343859078 -1 -1
1571396919 4.982729558 -1 -1
1571397522 4.903936509 -1 -1
1571397719 5.152024541 -1 -1
1571405166 4.99176691 -1 -1
1571405592 5.233511115 -1 -1
1571664400 5.126201312 -1 -1
1571665550 5.411915602 -1 -1
1571665745 5.211063438 -1 -1
1571752828 5.040522045 -1 -1
1571760171 4.989621411 -1 -1
1572005053 4.894318676 -1 -1
1572011647 5.171385902 -1 -1
1572012040 4.899539176 -1 -1
1572266672 5.237605382 -1 -1
1572362269 5.315371191 -1 -1
1572362859 5.328336878 -1 -1
1579185267 4.979410401 -1 -1
1579185806 4.649394667 -1 -1
1580215519 5.116579396 -1 -1
1582631562 4.306542165 -1 -1
