1569850000 8.310587362 -1 -1
1569850204 8.862475156 -1 -1
1569850000 8.310587362 -1 -1
1569850204 8.862475156 -1 -1
1569850735 9.687205875 -1 -1
1569851018 8.302979073 -1 -1
1569851223 8.632420996 -1 -1
1569851573 8.472721057 -1 -1
1569852239 8.638421881 -1 -1
1569852477 8.2960439 -1 -1
1569853085 9.370011396 -1 -1
1569853399 8.402635165 -1 -1
1570543124 8.272578366 -1 -1
1570543487 8.45770231 -1 -1
1570543695 9.74724704 -1 -1
1570544872 8.453324798 -1 -1
1570545073 8.770698721 -1 -1
1570545290 8.705410806 -1 -1
1571322997 8.487997351 -1 -1
1571325115 8.607154374 -1 -1
1571325311 8.584013552 -1 -1
1571325516 8.96788875 -1 -1
1571325717 8.712037346 -1 -1
1571325913 8.441089188 -1 -1
1571326114 8.454888 -1 -1
1571326805 8.463469122 -1 -1
1571327021 8.377116278 -1 -1
1571327229 9.284415906 -1 -1
1571395907 8.550958484 -1 -1
1571396102 9.805811225 -1 -1
1571396300 8.32864822 -1 -1
1571396697 9.946630089 -1 -1
1571396924 8.770196621 -1 -1
1571397129 8.678041789 -1 -1
1571397331 8.459679734 -1 -1
1571397527 8.575588257 -1 -1
1571397724 9.2430029 -1 -1
1571404973 8.196926745 -1 -1
1571405171 8.379116153 -1 -1
1571405369 8.397403074 -1 -1
1571405597 8.767492846 -1 -1
1571405801 9.029753753 -1 -1
1571409019 8.419475402 -1 -1
1571409221 8.411960389 -1 -1
1571409422 8.580546968 -1 -1
1571409639 8.594567504 -1 -1
1571664405 8.717685903 -1 -1
1571664947 10.418691928 -1 -1
1571665361 8.776557629 -1 -1
1571665555 7.995443388 -1 -1
1571668168 8.844091522 -1 -1
1571668367 8.577496788 -1 -1
1571668571 8.187884706 -1 -1
1571668765 8.693335873 -1 -1
1571752039 8.468467545 -1 -1
1571752234 8.543311627 -1 -1
1571752434 8.073744426 -1 -1
1571752638 8.512082012 -1 -1
1571752833 8.934053801 -1 -1
1571753029 8.660147913 -1 -1
1571753423 8.988325737 -1 -1
1571753621 8.384791322 -1 -1
1571753818 8.428526732 -1 -1
1571760176 8.433150056 -1 -1
1571760371 7.872852143 -1 -1
1571760576 8.263863261 -1 -1
1571760771 7.766286052 -1 -1
1571760974 8.307044063 -1 -1
1571761381 8.175519458 -1 -1
1571761575 8.573644878 -1 -1
1571761771 8.351351789 -1 -1
1571761979 8.405542809 -1 -1
1572003282 8.584581969 -1 -1
1572003674 8.178305746 -1 -1
1572003872 8.278629457 -1 -1
1572004264 8.810015174 -1 -1
1572004458 8.820064803 -1 -1
1572004657 8.194531584 -1 -1
1572004859 8.73145342 -1 -1
1572005058 8.491379526 -1 -1
1572011259 8.370459797 -1 -1
1572011456 8.369970049 -1 -1
1572011652 8.396595732 -1 -1
1572011849 8.883143888 -1 -1
1572012045 8.943634849 -1 -1
1572012243 8.329530248 -1 -1
1572012438 8.792142253 -1 -1
1572012632 8.457187991 -1 -1
1572012827 8.39077177 -1 -1
1572013021 8.548703546 -1 -1
1572265081 8.283761661 -1 -1
1572265880 9.315329842 -1 -1
1572266081 8.140254215 -1 -1
1572266278 7.855092106 -1 -1
1572266880 8.499595957 -1 -1
1572274994 8.254612963 -1 -1
1572275511 8.284393602 -1 -1
1572275685 8.128579159 -1 -1
1572361293 8.80260463 -1 -1
1572361686 8.280746855 -1 -1
1572361881 8.472343087 -1 -1
1572362080 8.163563863 -1 -1
1572362274 7.955186744 -1 -1
1572362470 8.059837829 -1 -1
1572362670 8.383410293 -1 -1
1572362864 8.751214841 -1 -1
1572367272 9.221576457 -1 -1
1572367440 8.098954222 -1 -1
1572367622 9.511248052 -1 -1
1572367800 7.87945387 -1 -1
1572367969 7.715451413 -1 -1
1572368469 8.123348775 -1 -1
1572532411 8.367697403 -1 -1
1572544522 8.240566474 -1 -1
1572544690 7.999354882 -1 -1
1572870435 8.877903495 -1 -1
1572966612 8.090931346 -1 -1
1572966955 8.181801359 -1 -1
1573207063 8.197310061 -1 -1
1573220472 8.287744632 -1 -1
1573220639 8.401127178 -1 -1
1573221644 8.030920961 -1 -1
1573222173 7.939837331 -1 -1
1573301858 7.698639988 -1 -1
1573302204 8.595537001 -1 -1
1573302729 9.071928676 -1 -1
1574685790 7.908784782 -1 -1
1574687326 7.053685376 -1 -1
1574690209 8.211252822 -1 -1
1574954200 7.511620934 -1 -1
1574954888 8.328640125 -1 -1
1574955464 8.196846495 -1 -1
1575026532 8.703198 -1 -1
1575027014 8.602762406 -1 -1
1575113008 7.979958965 -1 -1
1575113491 7.485141734 -1 -1
1575113806 8.29081351 -1 -1
1575289944 7.719862657 -1 -1
1575290465 10.788513616 -1 -1
1575290642 9.95472766 -1 -1
1575384339 7.664548945 -1 -1
1575384979 9.747509377 -1 -1
1575385300 7.566692565 -1 -1
1575557606 8.855987749 -1 -1
1575558238 9.268465752 -1 -1
1575558426 7.711503865 -1 -1
1579185449 9.613007118 -1 -1
1579523080 7.811486937 -1 -1
1579523791 6.995204271 -1 -1
1579524160 8.172291974 -1 -1
1580215524 8.188774701 -1 -1
1580305566 9.795069446 -1 -1
1580305731 6.892342201 -1 -1
1580306042 7.459458008 -1 -1
1582113462 9.309141342 -1 -1
1582129006 12.727673471 -1 -1
1582194756 9.743645922 -1 -1
1582197183 9.985236123 -1 -1
1582632037 9.141743285 -1 -1
1582885859 8.869816693 -1 -1
