1569850009 1.161234659 -1 -1
1569850213 1.145416525 -1 -1
1569850009 1.161234659 -1 -1
1569850213 1.145416525 -1 -1
1569850744 0.21134711 -1 -1
1569851026 1.363696173 -1 -1
1569851232 1.314462693 -1 -1
1569851581 1.412402951 -1 -1
1569852247 1.159739739 -1 -1
1569852486 0.253434816 -1 -1
1569853094 1.222816062 -1 -1
1569853407 1.415698202 -1 -1
1570543133 1.456676801 -1 -1
1570543495 1.147443014 -1 -1
1570543704 1.580179313 -1 -1
1570544881 1.329941934 -1 -1
1570545082 1.269376462 -1 -1
1570545298 1.237231973 -1 -1
1571323005 1.180006213 -1 -1
1571325123 1.116385386 -1 -1
1571325320 0.963504597 -1 -1
1571325525 0.488756232 -1 -1
1571325725 1.261210573 -1 -1
1571325922 1.370969872 -1 -1
1571326123 1.355847304 -1 -1
1571326814 1.1859331 -1 -1
1571327030 1.163740203 -1 -1
1571327238 1.336414878 -1 -1
1571395915 1.11442368 -1 -1
1571396112 1.443154078 -1 -1
1571396308 1.279468987 -1 -1
1571396707 1.100349512 -1 -1
1571396933 1.222927593 -1 -1
1571397138 1.257979626 -1 -1
1571397339 1.337340585 -1 -1
1571397536 1.300735288 -1 -1
1571397733 0.785046092 -1 -1
1571404982 1.405096578 -1 -1
1571405180 1.449729129 -1 -1
1571405377 1.244895916 -1 -1
1571405606 1.233156526 -1 -1
1571405810 0.98215791 -1 -1
1571409028 1.362227649 -1 -1
1571409230 0.944590437 -1 -1
1571409431 1.200452539 -1 -1
1571409648 1.189909051 -1 -1
1571664414 0.976667597 -1 -1
1571664957 4.63932862 -1 -1
1571665370 1.323392394 -1 -1
1571665563 1.413324429 -1 -1
1571668177 1.172154832 -1 -1
1571668375 1.197308322 -1 -1
1571668579 1.248366561 -1 -1
1571668774 1.316501581 -1 -1
1571752047 1.367437053 -1 -1
1571752242 1.624242202 -1 -1
1571752442 1.355007757 -1 -1
1571752647 1.662525487 -1 -1
1571752842 1.49190035 -1 -1
1571753037 1.314853801 -1 -1
1571753432 1.243766976 -1 -1
1571753630 1.167611932 -1 -1
1571753826 1.326509128 -1 -1
1571760185 1.14806198 -1 -1
1571760379 1.279009148 -1 -1
1571760584 1.27669689 -1 -1
1571760779 1.915724451 -1 -1
1571760781 0.024876392 -1 -1
1571760982 1.039862289 -1 -1
1571761389 1.456121459 -1 -1
1571761584 1.277179947 -1 -1
1571761779 1.578139758 -1 -1
1571761987 1.664364022 -1 -1
1572003290 1.077041344 -1 -1
1572003682 1.348118032 -1 -1
1572003880 1.08788328 -1 -1
1572004273 1.117291649 -1 -1
1572004467 0.895702502 -1 -1
1572004666 1.18283865 -1 -1
1572004868 1.134165453 -1 -1
1572005066 1.463379169 -1 -1
1572011268 1.530022811 -1 -1
1572011465 1.327356732 -1 -1
1572011660 1.239584925 -1 -1
1572011858 1.413059242 -1 -1
1572012054 0.948006625 -1 -1
1572012252 1.113645991 -1 -1
1572012446 1.28701996 -1 -1
1572012640 1.203416867 -1 -1
1572012835 1.278622523 -1 -1
1572013029 1.540702099 -1 -1
1572265089 1.227610772 -1 -1
1572265889 0.535539218 -1 -1
1572266090 1.231178353 -1 -1
1572266286 1.579807609 -1 -1
1572266889 1.163779928 -1 -1
1572275002 0.91538653 -1 -1
1572275520 0.941834001 -1 -1
1572275693 0.916593437 -1 -1
1572361302 1.108814594 -1 -1
1572361694 1.368866832 -1 -1
1572361890 1.15316532 -1 -1
1572362089 0.911637772 -1 -1
1572362282 1.328509987 -1 -1
1572362478 1.487563024 -1 -1
1572362678 1.198699097 -1 -1
1572362873 0.707112823 -1 -1
1572367282 1.394426389 -1 -1
1572367448 0.985834866 -1 -1
1572367631 0.846633012 -1 -1
1572367808 0.738503202 -1 -1
1572367977 0.841101125 -1 -1
1572368478 0.936596703 -1 -1
1572532419 1.312039786 -1 -1
1572544530 0.857865767 -1 -1
1572544698 0.887683311 -1 -1
1572870443 0.576479526 -1 -1
1572966620 0.771968865 -1 -1
1572966964 0.717447141 -1 -1
1573207071 0.884431186 -1 -1
1573220480 0.638311474 -1 -1
1573220647 0.923647684 -1 -1
1573221652 0.949145105 -1 -1
1573222181 0.680414257 -1 -1
1573301865 0.863692703 -1 -1
1573302213 0.716461296 -1 -1
1573302738 1.411619857 -1 -1
1574685798 0.891859889 -1 -1
1574687334 0.6348985 -1 -1
1574690218 0.47238897 -1 -1
1574954207 0.733979564 -1 -1
1574954896 0.693801905 -1 -1
1574955472 0.943420682 -1 -1
1575026540 0.988164813 -1 -1
1575027023 0.941648904 -1 -1
1575113016 1.186652753 -1 -1
1575113498 0.985544606 -1 -1
1575113815 0.47262596 -1 -1
1575289952 0.904861024 -1 -1
1575290476 1.008920914 -1 -1
1575290652 0.935711007 -1 -1
1575384346 0.774633953 -1 -1
1575384989 0.384277027 -1 -1
1575385308 0.680157396 -1 -1
1575557615 0.983545825 -1 -1
1575558247 1.19729182 -1 -1
1575558433 1.044015125 -1 -1
1579185458 0.714982427 -1 -1
1579523088 1.162537589 -1 -1
1579523798 0.970799553 -1 -1
1579524168 0.508361306 -1 -1
1580215533 0.759143633 -1 -1
1580305576 1.158094365 -1 -1
1580305577 0.300333106 -1 -1
1580305737 1.188511656 -1 -1
1580306050 0.982647472 -1 -1
1582113471 0.899545234 -1 -1
1582129018 0.554365642 -1 -1
1582194766 0.867558085 -1 -1
1582197193 0.636346608 -1 -1
1582632046 0.41006043 -1 -1
1582885868 1.0202827 -1 -1
