1569850029 9.473026441 0.0 0
1569850233 9.461910442 0.0 0
1569850029 9.473026441 0.0 0
1569850233 9.461910442 0.0 0
1569850785 14.664469316 0.0 0
1569851047 9.351614471 0.0 0
1569851253 9.331182399 0.0 0
1569851602 9.507838489 0.0 0
1569851815 9.855873262 0.0 0
1569852044 9.664863094 0.0 0
1569852268 9.81400661 0.0 0
1569852507 7.942965794 0.0 0
1569853115 19.103064917 0.0 0
1569853431 11.72390154 0.0 0
1570543153 9.407180501 0.0 0
1570543515 9.381863595 0.0 0
1570543725 9.491861884 0.0 0
1570544642 9.352702611 0.0 0
1570544901 9.492435243 0.0 0
1570545102 9.487294954 0.0 0
1570545319 9.410554969 0.0 0
1571323026 9.501826906 0.1 1
1571325144 9.514574658 0.0 0
1571325340 9.550633195 0.0 0
1571325545 9.471599258 0.0 0
1571325746 9.50189978 0.0 0
1571325942 9.379199618 0.1111111111111111 1
1571326149 10.730588677 0.9090909090909091 3
1571326834 9.44345183 0.0 0
1571327049 9.363603743 0.0 0
1571327259 9.59794514 0.0 0
1571395935 9.453627969 0.0 0
1571396133 9.471732879 0.0 0
1571396328 9.383534578 0.0 0
1571396528 9.557119831 0.0 0
1571396727 9.535923905 0.0 0
1571396953 9.140056387 0.0 0
1571397158 9.184706645 0.0 0
1571397359 9.512858275 0.0 0
1571397556 9.442097506 0.0 0
1571397753 9.383012737 0.0 0
1571405002 9.225214798 0.0 0
1571405200 9.199739898 0.0 0
1571405397 9.347849987 0.0 0
1571405626 9.402717755 0.0 0
1571405830 9.406864466 0.0 0
1571409048 9.453087369 0.0 0
1571409250 9.480382629 0.0 0
1571409451 9.320720125 0.0 0
1571409668 9.459560122 0.0 0
1571409866 9.384813176 0.0 0
1571664434 9.149397282 0.0 0
1571664981 9.344522654 0.0 0
1571665178 9.249656685 0.0 0
1571665390 9.396940514 0.0 0
1571665584 9.25382034 0.0 0
1571665780 9.268916383 0.0 0
1571668197 9.489945137 0.0 0
1571668395 9.143701331 0.0 0
1571668600 9.067942925 0.0 0
1571668794 9.25165189 0.0 0
1571668995 9.382461312 0.0 0
1571752068 9.30517177 0.0 0
1571752263 9.200051565 0.0 0
1571752462 9.154762149 0.0 0
1571752667 9.323059841 0.0 0
1571752863 9.157924589 0.0 0
1571753058 9.350345835 0.0 0
1571753255 9.3754673 0.0 0
1571753452 9.395457149 0.0 0
1571753650 9.384066194 0.0 0
1571753847 9.234563152 0.0 0
1571760205 9.516081784 0.0 0
1571760402 9.214627368 0.0 0
1571760604 9.350365974 0.0 0
1571760800 9.272184902 0.0 0
1571761002 9.422650646 0.0 0
1571761210 9.387793989 0.0 0
1571761409 9.422009602 0.0 0
1571761604 9.314544253 0.0 0
1571761800 9.288332603 0.0 0
1571762008 9.288918748 0.0 0
1572003310 9.480702098 0.0 0
1572003507 9.471434643 0.0 0
1572003702 9.320497599 0.0 0
1572003900 9.226790979 0.0 0
1572004097 9.430241393 0.0 0
1572004293 9.213557693 0.0 0
1572004487 9.623892968 0.0 0
1572004686 9.214478634 0.0 0
1572004888 9.352304421 0.0 0
1572005087 9.138215533 0.0 0
1572011288 9.250330442 0.0 0
1572011485 9.475868711 0.0 0
1572011680 9.197012401 0.0 0
1572011878 9.34886484 0.0 0
1572012074 9.367684147 0.0 0
1572012272 9.264256779 0.0 0
1572012466 9.291553364 0.0 0
1572012660 9.483255866 0.0 0
1572012855 9.393407823 0.0 0
1572013050 9.313282024 0.0 0
1572265109 9.389789305 0.0 0
1572265306 9.273567919 0.0 0
1572265505 9.562952699 0.0 0
1572265703 9.503727223 0.0 0
1572265908 9.365790842 0.0 0
1572266110 9.489641831 0.0 0
1572266307 9.348426555 0.0 0
1572266508 9.624098321 0.0 0
1572266706 9.463786424 0.0 0
1572266909 8.973840364 0.0 0
1572274167 7.339610697 0.0 0
1572274340 7.463319863 0.0 0
1572274509 7.538914121 0.0 0
1572274681 7.54579488 0.0 0
1572274849 7.648764398 0.0 0
1572275018 7.582170428 0.0 0
1572275191 7.596057195 0.0 0
1572275366 9.249272847 0.0 0
1572275536 7.509701996 0.0 0
1572275709 7.549227909 0.0 0
1572361322 12.119452172 0.0 0
1572361520 9.639910882 0.0 0
1572361715 9.201193675 0.0 0
1572361910 9.076486411 0.0 0
1572362109 9.317767814 0.0 0
1572362302 9.401112316 0.0 0
1572362499 9.265426246 0.0 0
1572362698 9.361804502 0.0 0
1572362893 9.424231922 0.0 0
1572363089 9.540595782 0.0 0
1572366958 7.504299775 0.0 0
1572367126 7.512797055 0.0 0
1572367298 7.500344394 0.0 0
1572367464 7.502170886 0.0 0
1572367647 7.496579219 0.0 0
1572367824 7.542585964 0.0 0
1572367993 7.375103874 0.0 0
1572368162 7.503921869 0.0 0
1572368329 7.370455353 0.0 0
1572368494 7.521163153 0.0 0
1572532440 9.440848624 0.1111111111111111 1
1572532641 9.33727106 0.0 0
1572532845 9.985678728 0.0 0
1572544546 7.5906998 0.0 0
1572544714 7.555034658 0.0 0
1572544886 7.468736048 0.0 0
1572545058 7.507751847 0.0 0
1572545231 7.46464434 0.0 0
1572870060 7.686373514 0.125 1
1572870278 7.502719436 0.0 0
1572870460 7.49886719 0.2857142857142857 1
1572870681 7.588545599 0.25 1
1572870850 7.603422503 0.14285714285714285 1
1572965440 7.376460793 0.5 1
1572965607 7.495638208 0.375 1
1572965775 7.511415195 0.42857142857142855 1
1572965943 7.557468992 0.375 1
1572966115 7.551338987 0.375 1
1572966281 7.666048496 0.5 1
1572966453 7.525437976 0.42857142857142855 1
1572966636 7.529375949 0.375 1
1572966816 7.499359661 0.2857142857142857 1
1572966980 7.599860826 0.0 0
1573207087 7.570704691 0.0 0
1573207255 7.568723963 0.0 0
1573207424 7.592212826 0.0 0
1573207589 7.661840999 0.0 0
1573207760 7.558514962 0.0 0
1573207927 7.516964528 0.0 0
1573208094 7.560661069 0.0 0
1573208259 7.673224683 0.0 0
1573208427 7.780967328 0.125 1
1573208593 7.515794551 0.0 0
1573220328 7.529646608 0.0 0
1573220496 7.408919528 0.0 0
1573220663 7.681183108 0.0 0
1573220832 7.670386708 0.125 1
1573221000 7.679743429 0.125 1
1573221167 7.485437894 0.0 0
1573221331 7.506432495 0.0 0
1573221501 7.721090878 0.0 0
1573221668 7.598560952 0.0 0
1573221837 7.63647277 0.0 0
1573222026 7.482522447 0.0 0
1573222197 7.336849951 0.0 0
1573222363 7.448407253 0.0 0
1573222529 7.551186948 0.0 0
1573222699 7.77933392 0.0 0
1573301177 7.549307382 0.125 1
1573301346 8.219396374 0.0 0
1573301527 7.914469856 0.0 0
1573301695 7.918965064 0.0 0
1573301881 7.865324905 0.0 0
1573302061 7.934313586 0.125 1
1573302229 7.736673832 0.125 1
1573302403 7.725298912 0.125 1
1573302572 8.459506254 0.5555555555555556 1
1573302755 7.843818611 0.125 1
1573303890 7.251597047 0.42857142857142855 1
1573304054 7.104086782 0.14285714285714285 1
1573304215 7.338712531 0.0 0
1573304381 6.874865922 0.5714285714285714 2
1573304540 7.720057348 0.0 0
1573304707 7.126188711 0.14285714285714285 1
1573304865 7.12908515 0.875 2
1573305026 7.265753818 0.5714285714285714 1
1573305187 6.876942075 0.42857142857142855 1
1573305347 7.51429412 0.0 0
1573752519 6.86212752 0.0 0
1573752777 6.820211684 0.0 0
1573752936 6.92150043 0.0 0
1573753095 6.754684394 0.0 0
1573753252 6.64752949 0.0 0
1573753408 6.699478328 0.0 0
1573753566 6.889440448 0.0 0
1573753719 6.785542545 0.0 0
1573753881 6.769265969 0.0 0
1573754701 6.573186068 0.0 0
1573754861 6.826515978 0.0 0
1573755022 6.968981881 0.0 0
1573755188 6.780106946 0.0 0
1573755351 6.797550977 0.0 0
1573755508 6.692567033 0.0 0
1573755663 6.692369578 0.0 0
1573755821 6.74684775 0.0 0
1573755979 6.704957941 0.0 0
1573756138 7.119212329 0.0 0
1573831444 6.798617273 0.0 0
1573831603 6.688919559 0.0 0
1573831761 7.315881278 0.0 0
1573831933 6.852644004 0.0 0
1573832085 6.676993552 0.0 0
1573832247 6.619051956 0.0 0
1573832404 6.757665019 0.0 0
1573832568 6.803582546 0.0 0
1573832723 6.741111116 0.0 0
1573832879 6.968816775 0.0 0
1573833074 6.911819403 0.0 0
1573833230 6.766937304 0.0 0
1573833394 6.557551646 0.0 0
1573833551 6.726877991 0.0 0
1573833709 6.865581159 0.0 0
1573901083 6.81967231 0.0 0
1573901241 6.692054759 0.0 0
1573901397 6.767546994 0.0 0
1573901553 6.788548155 0.0 0
1573901714 6.761712399 0.0 0
1573901868 6.924086349 0.0 0
1573902023 6.876036558 0.0 0
1573902181 6.808247612 0.0 0
1573902338 6.769472656 0.0 0
1573902494 6.945661285 0.0 0
1574685813 6.835894892 0.0 0
1574686006 6.839089681 0.0 0
1574686174 6.710887452 0.0 0
1574686336 6.755542844 0.0 0
1574686494 6.737314119 0.0 0
1574686659 6.879029842 0.0 0
1574686823 6.829877044 0.0 0
1574687010 6.644445387 0.0 0
1574687184 6.898953581 0.0 0
1574687348 7.042324572 0.0 0
1574689678 6.683940076 0.0 0
1574689894 6.989335154 0.0 0
1574690063 6.676871854 0.0 0
1574690232 6.714532812 0.0 0
1574690403 6.782151795 0.0 0
1574690562 6.972690131 0.0 0
1574690734 6.911809833 0.0 0
1574690892 6.781570391 0.0 0
1574691077 6.867658034 0.0 0
1574691256 6.905747251 0.0 0
1574706878 6.990138419 0.0 0
1574707120 6.899889382 0.0 0
1574954223 7.001612345 0.0 0
1574954388 6.699758837 0.0 0
1574954564 6.81885905 0.0 0
1574954728 6.83430707 0.0 0
1574954911 7.539770201 0.0 0
1574955069 6.808883493 0.0 0
1574955327 6.74429177 0.0 0
1574955487 6.743775137 0.0 0
1574955645 6.788071462 0.0 0
1574955807 6.859832983 0.0 0
1575026555 6.816779975 0.0 0
1575026716 6.61802589 0.0 0
1575026877 7.002110828 0.0 0
1575027037 6.824191264 0.0 0
1575027201 6.884761988 0.0 0
1575027363 6.755650169 0.0 0
1575027529 6.673491764 0.0 0
1575027685 6.972337533 0.0 0
1575027850 6.814946109 0.0 0
1575028014 6.933996406 0.0 0
1575112870 6.844085193 0.0 0
1575113035 6.919730271 0.0 0
1575113193 6.751026426 0.0 0
1575113355 6.841839822 0.0 0
1575113513 7.016966875 0.0 0
1575113672 6.794984053 0.0 0
1575113829 6.854860687 0.0 0
1575113987 6.82760577 0.0 0
1575114151 6.791736062 0.0 0
1575114311 6.839747705 0.0 0
1575289800 6.887879591 0.0 0
1575289967 6.946247544 0.0 0
1575290135 6.843325368 0.0 0
1575290322 7.246526365 0.0 0
1575290491 6.841985904 0.0 0
1575290667 6.810416458 0.0 0
1575290832 7.172457701 0.0 0
1575290989 6.912133112 0.0 0
1575291152 6.792514939 0.0 0
1575291313 6.971252756 0.0 0
1575384201 6.860035472 0.0 0
1575384361 6.937883174 0.0 0
1575384522 6.678334315 0.0 0
1575384681 6.954667235 0.0 0
1575384844 6.915785569 0.0 0
1575385003 6.786040246 0.0 0
1575385163 6.741564605 0.0 0
1575385322 6.623396788 0.0 0
1575385486 6.746095268 0.0 0
1575385646 6.944434862 0.0 0
1575556583 6.797552471 0.0 0
1575556744 6.689238378 0.0 0
1575556916 6.745771129 0.0 0
1575557101 6.783684055 0.0 0
1575557271 6.899802312 0.0 0
1575557454 6.8258938 0.0 0
1575557630 6.927649557 0.0 0
1575557803 6.811503479 0.0 0
1575558262 6.832419379 0.0 0
1575558448 6.879529011 0.0 0
1579184081 6.95877846 0.7142857142857143 2
1579184796 7.036527686 0.0 0
1579184957 6.894471687 0.0 0
1579185121 6.76531521 0.0 0
1579185294 6.959667084 0.0 0
1579185473 7.016351165 0.0 0
1579185655 6.788476053 0.0 0
1579185834 6.747550129 0.0 0
1579186023 6.841424839 0.0 0
1579186194 6.739299339 0.0 0
1579351811 6.915875642 0.0 0
1579351978 6.805882749 0.0 0
1579352138 6.758292914 0.0 0
1579352299 6.900118826 0.0 0
1579352462 6.931260295 0.0 0
1579352626 6.85554403 0.0 0
1579352783 6.905432436 0.0 0
1579352945 6.86819553 0.0 0
1579353108 6.77854357 0.0 0
1579353981 7.135648886 0.0 0
1579522899 6.853387751 0.0 0
1579523103 6.763867459 0.0 0
1579523294 6.866822552 0.0 0
1579523458 6.842937543 0.0 0
1579523632 6.928318042 0.0 0
1579523813 6.900541996 0.0 0
1579523995 6.81680689 0.0 0
1579524183 6.968072917 0.0 0
1579524350 6.821538435 0.0 0
1579524518 6.882381678 0.0 0
1579537504 6.80737153 0.0 0
1580215360 7.597066844 0.0 0
1580215547 6.66260853 0.0 0
1580215711 6.86361978 0.0 0
1580215870 6.80297356 0.0 0
1580216031 6.876467489 0.0 0
1580216193 6.781320215 0.0 0
1580216352 6.873391485 0.0 0
1580216516 6.887238933 0.0 0
1580216675 7.061734683 0.0 0
1580216857 6.887942115 0.0 0
1580304765 6.940757293 0.0 0
1580304922 6.73108127 0.0 0
1580305084 6.761945376 0.0 0
1580305245 6.96146593 0.0 0
1580305428 6.815847139 0.0 0
1580305591 6.839994884 0.0 0
1580305753 6.915558849 0.0 0
1580305910 6.799422191 0.0 0
1580306065 6.823836318 0.0 0
1580306226 7.089995907 0.0 0
1581935266 6.929126363 0.0 0
1581935423 6.737231759 0.0 0
1581935585 6.523401535 0.0 0
1581935751 6.723797384 0.0 0
1581935918 6.890765438 0.0 0
1581936089 6.746095844 0.0 0
1581936260 6.670507781 0.0 0
1581936423 6.716367213 0.0 0
1581936582 6.834913604 0.0 0
1581936758 6.828904197 0.0 0
1582026940 7.282829067 0.0 0
1582027102 6.598269847 0.0 0
1582027267 7.933817519 0.0 0
1582027434 7.887030882 0.0 0
1582027847 6.633896693 0.0 0
1582028012 7.590537546 0.0 0
1582028179 6.829825862 0.0 0
1582028347 7.890860826 0.0 0
1582028516 8.04088627 0.0 0
1582028685 8.106374913 0.0 0
1582113155 8.275136379 0.0 0
1582113322 6.562492167 0.0 0
1582113486 7.362102118 0.0 0
1582113653 6.797463779 0.0 0
1582113820 7.780295878 0.0 0
1582113995 7.765041904 0.0 0
1582114157 7.576597113 0.0 0
1582114320 7.787809982 0.0 0
1582114486 6.514606955 0.0 0
1582114650 7.869147225 0.0 0
1582114813 6.666878354 0.0 0
1582114980 7.890177951 0.0 0
1582115141 7.249341046 0.0 0
1582115309 7.752233377 0.0 0
1582115472 7.787504909 0.0 0
1582115635 7.577946999 0.0 0
1582115799 6.611430898 0.0 0
1582115961 7.857831274 0.0 0
1582116142 7.726990609 0.0 0
1582116358 6.532131683 0.0 0
1582116534 7.434985325 0.0 0
1582116699 6.891521653 0.0 0
1582119019 7.757445672 0.0 0
1582119181 6.467926057 0.0 0
1582119352 7.588206733 0.0 0
1582119527 8.035742719 0.0 0
1582119703 7.829436249 0.0 0
1582119866 6.31646746 0.0 0
1582120039 7.927953353 0.0 0
1582120214 6.783515783 0.0 0
1582120935 6.475488855 0.0 0
1582121101 6.894573396 0.0 0
1582121344 7.75863784 0.0 0
1582121507 6.900303488 0.0 0
1582125249 7.574417098 0.0 0
1582125689 7.697315946 0.0 0
1582125893 7.072434266 0.0 0
1582126060 6.493858769 0.0 0
1582126228 7.023265635 0.0 0
1582126390 6.547091284 0.0 0
1582126557 7.552024815 0.0 0
1582126720 7.801251652 0.0 0
1582126884 7.289167054 0.0 0
1582127046 6.479918171 0.0 0
1582127209 7.652088204 0.0 0
1582127378 7.851665787 0.0 0
1582127544 7.429539321 0.0 0
1582127707 7.855485958 0.0 0
1582127871 7.788815006 0.0 0
1582128031 8.013691044 0.0 0
1582128198 7.371822034 0.0 0
1582128376 7.619666006 0.0 0
1582128539 7.651125063 0.0 0
1582128702 7.335885296 0.0 0
1582128867 7.497430774 0.0 0
1582129035 7.075293118 0.0 0
1582129202 7.388270072 0.0 0
1582129361 6.963903846 0.0 0
1582129522 7.846795824 0.0 0
1582129686 6.975551172 0.0 0
1582185109 7.840377038 0.0 0
1582185290 7.79630749 0.0 0
1582186023 6.740483575 0.0 0
1582186183 6.887334509 0.0 0
1582186918 6.90293311 0.0 0
1582187879 6.818073974 0.0 0
1582188038 9.020278362 0.0 0
1582188198 6.878269186 0.0 0
1582188358 6.712017739 0.0 0
1582193809 6.859804004 0.0 0
1582193973 6.692205799 0.0 0
1582194137 6.703333885 0.0 0
1582194293 6.763826675 0.0 0
1582194454 6.855353843 0.0 0
1582194618 6.844533069 0.0 0
1582194781 6.787152247 0.0 0
1582194948 6.551568197 0.0 0
1582195108 6.700803318 0.0 0
1582195272 6.908023589 0.0 0
1582195766 6.794177234 0.0 0
1582195924 6.778807411 0.0 0
1582196082 6.873162334 0.0 0
1582196242 6.742400708 0.0 0
1582196401 6.763224352 0.0 0
1582196560 6.779413061 0.0 0
1582196718 6.839549389 0.0 0
1582196878 6.827362586 0.0 0
1582197041 6.852813255 0.0 0
1582197207 6.766599835 0.0 0
1582197363 6.84073912 0.0 0
1582197529 6.805063909 0.0 0
1582197700 6.832548346 0.0 0
1582197858 6.77409588 0.0 0
1582198017 6.715180127 0.0 0
1582198173 6.751393206 0.0 0
1582198335 6.827205195 0.0 0
1582198493 6.763068781 0.0 0
1582198772 6.575273937 0.0 0
1582199124 6.908085584 0.0 0
1582631429 6.809141763 0.0 0
1582631590 6.786794506 0.0 0
1582631746 6.852067248 0.0 0
1582631902 6.792749694 0.0 0
1582632060 6.731159039 0.0 0
1582632217 6.822566635 0.0 0
1582632376 6.819903219 0.0 0
1582632539 6.824066784 0.0 0
1582632700 7.070127499 0.0 0
1582632860 6.804380706 0.0 0
1582884560 6.824754392 0.0 0
1582884737 6.918125418 0.0 0
1582884906 6.775275334 0.0 0
1582885070 6.838314442 0.0 0
1582885234 6.728922084 0.0 0
1582885397 6.623122666 0.0 0
1582885555 6.96404505 0.0 0
1582885717 6.769950344 0.0 0
1582885883 6.745569456 0.0 0
1582886040 6.835245826 0.0 0
1574707120 6.899889382 0.0 0
