1569850039 2.601448271 0.0 0
1569850243 2.716759321 0.0 0
1569850039 2.601448271 0.0 0
1569850243 2.716759321 0.0 0
1569850800 2.753296949 0.6666666666666666 1
1569851057 2.775345069 0.0 0
1569851262 2.593841793 0.0 0
1569851612 2.735139611 0.0 0
1569852054 2.855737608 0.0 0
1569852278 2.951747572 0.0 0
1569852515 2.474925138 0.0 0
1569853133 3.663969458 0.0 0
1569853443 2.705343139 0.0 0
1570543163 2.681710412 0.0 0
1570543525 2.760236761 0.0 0
1570543735 2.606115055 0.0 0
1570544911 2.43628844 0.0 0
1570545112 2.570137974 0.0 0
1570545329 2.442999289 0.0 0
1571323035 2.744272326 0.0 0
1571325154 2.505381597 0.0 0
1571325350 2.547441663 0.0 0
1571325555 2.591368871 0.0 0
1571325755 2.642692467 0.0 0
1571325952 2.566276654 0.0 0
1571326160 2.689223634 3.3333333333333335 4
1571326843 2.695343429 0.0 0
1571327059 2.526739884 0.0 0
1571327268 2.609575763 0.0 0
1571395945 2.565418193 0.0 0
1571396142 2.737949357 0.0 0
1571396338 2.500666808 0.0 0
1571396538 2.473049199 0.0 0
1571396737 2.5399303 0.0 0
1571396963 2.82022449 0.0 0
1571397168 2.598317998 0.0 0
1571397369 2.699297949 0.0 0
1571397566 2.601210709 0.0 0
1571405012 2.599133903 0.0 0
1571405210 2.647152018 0.0 0
1571405408 2.380511657 0.0 0
1571405840 2.360076746 0.0 0
1571409058 2.392404 0.0 0
1571409260 2.60739057 0.0 0
1571409678 2.355376891 0.0 0
1571664991 2.719281391 0.0 0
1571665188 2.677329794 0.0 0
1571665400 2.598376953 0.0 0
1571665593 2.640408438 0.0 0
1571665789 2.483590272 0.0 0
1571668207 2.459856473 0.0 0
1571668405 2.58384813 0.0 0
1571668609 2.651795351 0.0 0
1571668804 2.591974738 0.0 0
1571669005 2.637260291 0.0 0
1571752077 2.816905932 0.0 0
1571752273 2.856197642 0.0 0
1571752472 2.653081178 0.0 0
1571752677 2.644775505 0.0 0
1571752872 2.611770133 0.0 0
1571753067 2.55125632 0.0 0
1571753462 2.279616119 0.0 0
1571753659 2.522186946 0.0 0
1571753857 2.504449293 0.0 0
1571760214 2.782943559 0.0 0
1571760412 2.598557732 0.0 0
1571760614 2.614341482 0.0 0
1571760810 2.779096025 0.0 0
1571761012 2.313460388 0.0 0
1571761419 2.668822723 0.0 0
1571761614 2.599482286 0.5 1
1571761810 2.564719407 0.0 0
1572003517 2.42607218 0.0 0
1572003712 2.661582971 0.0 0
1572003910 2.48220971 0.0 0
1572004302 2.533149387 0.0 0
1572004696 2.574362347 0.0 0
1572004898 2.394083507 0.0 0
1572005096 2.607384728 0.0 0
1572011298 2.652055879 0.0 0
1572011494 2.589305385 0.0 0
1572011690 2.515963227 0.0 0
1572011888 2.348706192 0.0 0
1572012085 2.400062643 0.0 0
1572012282 2.51637784 0.0 0
1572012476 2.626639049 0.0 0
1572012670 2.505237493 0.0 0
1572012865 2.891589558 0.0 0
1572013060 2.3641221 0.0 0
1572265119 2.674743779 0.0 0
1572265316 2.546785786 0.0 0
1572265515 2.387068981 0.0 0
1572265713 2.584700994 0.0 0
1572265918 2.72444644 0.0 0
1572266119 2.555876318 0.0 0
1572266317 2.351955558 0.0 0
1572266716 2.822694789 0.0 0
1572266919 2.943971377 0.0 0
1572274175 2.079582997 0.0 0
1572274348 2.120781506 0.0 0
1572274517 2.252508026 0.0 0
1572274689 2.212540527 0.0 0
1572274857 2.014742717 0.0 0
1572275199 1.950931475 0.0 0
1572275376 2.159703845 0.0 0
1572275544 2.005284585 0.0 0
1572275717 2.071246718 0.0 0
1572361335 2.726954637 0.0 0
1572361530 2.518717768 0.0 0
1572361724 2.72352418 0.0 0
1572361919 2.6292417 0.0 0
1572362118 2.508572302 0.0 0
1572362312 2.608150884 0.0 0
1572362508 2.711751112 0.0 0
1572362708 2.520100334 0.0 0
1572362903 2.76730249 0.0 0
1572363099 2.380408281 0.0 0
1572366966 2.144553943 0.0 0
1572367134 2.068735964 0.0 0
1572367306 2.128459437 0.0 0
1572367472 2.168122723 0.0 0
1572367655 2.179159971 0.0 0
1572367832 2.137736353 0.0 0
1572368001 2.192753345 0.0 0
1572368170 2.222167503 0.0 0
1572368337 2.097519123 0.0 0
1572368502 2.127481906 0.0 0
1572532450 2.483480812 0.0 0
1572532855 2.613561786 0.0 0
1572544554 2.178750872 0.0 0
1572544722 2.131013624 0.0 0
1572544893 2.017493188 0.0 0
1572545066 2.165844599 0.0 0
1572545239 2.124167716 0.0 0
1572870068 2.175988309 0.0 0
1572870286 2.162607223 0.0 0
1572870468 2.250156625 0.0 0
1572870689 2.212209877 0.0 0
1572870858 2.303593979 0.0 0
1572965447 2.160099976 0.3333333333333333 1
1572965615 2.048078013 0.0 0
1572965782 2.005660297 0.0 0
1572965951 2.000712603 0.0 0
1572966123 2.087366081 0.0 0
1572966289 2.108907335 0.0 0
1572966644 2.135470608 0.0 0
1572966823 2.148691545 0.0 0
1572966987 2.392615935 0.0 0
1573207095 2.264989585 0.5 1
1573207263 2.04856766 0.5 1
1573207432 2.367732571 0.3333333333333333 1
1573207597 2.228840953 0.6666666666666666 1
1573207768 2.146831355 0.3333333333333333 1
1573207935 2.301008888 0.0 0
1573208102 2.129994881 0.5 1
1573208267 2.240001592 0.5 1
1573208436 1.82473391 0.6666666666666666 1
1573208601 2.123483218 0.5 1
1573220336 2.483015163 0.0 0
1573220503 2.328221685 0.0 0
1573220671 2.338062828 0.0 0
1573220840 2.348087422 0.0 0
1573221008 2.186260528 0.0 0
1573221175 2.354477165 0.0 0
1573221339 2.212771074 0.0 0
1573221509 2.177656599 0.0 0
1573221676 2.2622882 0.0 0
1573221845 2.090464014 0.0 0
1573222034 2.135976818 0.0 0
1573222204 2.312615808 0.0 0
1573222371 2.352990196 0.0 0
1573222537 2.235767156 0.0 0
1573222707 2.21954746 0.0 0
1573301185 2.048024135 0.0 0
1573301354 1.705341288 0.0 0
1573301535 2.26543942 0.0 0
1573301704 1.960843564 0.0 0
1573301890 2.03266508 0.0 0
1573302070 2.084329862 0.0 0
1573302237 2.00129751 0.0 0
1573302411 2.060670133 0.0 0
1573302581 1.692376751 0.0 0
1573302763 1.886266549 0.0 0
1573303897 1.919276161 1.0 1
1573304061 1.862070531 0.0 0
1573304223 1.846721573 1.0 1
1573304389 1.820475475 0.5 1
1573304548 1.77852249 1.0 1
1573304714 1.883415534 0.0 0
1573304873 1.758444911 0.3333333333333333 1
1573305033 2.118706165 0.0 0
1573305194 1.925433897 0.5 1
1573305354 1.762318503 0.0 0
1573752526 2.281654342 0.0 0
1573752943 1.997105146 0.0 0
1573753102 2.132654784 0.0 0
1573753415 1.915555391 0.0 0
1573753726 2.096720162 0.0 0
1573753888 2.055026582 0.0 0
1573754868 2.047928748 0.0 0
1573755029 2.217318679 0.0 0
1573755195 2.216982034 0.0 0
1573755358 2.179726952 0.0 0
1573755515 2.182686499 0.0 0
1573755828 2.224576585 0.0 0
1573755986 2.089016492 0.0 0
1573756145 2.340157593 0.0 0
1573831609 2.224601489 0.0 0
1573831768 1.922498358 0.0 0
1573831940 1.995840427 0.0 0
1573832092 2.160104451 0.0 0
1573832411 2.04868263 0.0 0
1573832574 2.013209934 0.0 0
1573832730 2.001516606 0.0 0
1573832886 2.151469222 0.0 0
1573833081 2.263074846 0.0 0
1573833237 2.077743834 0.0 0
1573833401 2.050320598 0.0 0
1573833558 2.340803265 0.0 0
1573901248 2.135619443 0.0 0
1573901404 2.209987684 0.0 0
1573901875 2.062089595 0.0 0
1573902030 1.99575485 0.0 0
1573902188 2.061162049 0.0 0
1573902345 2.008500911 0.0 0
1573902501 1.991054371 0.0 0
1574685820 2.162693889 0.0 0
1574686012 2.047747309 0.0 0
1574686181 2.100917379 0.0 0
1574686343 2.1748599 0.0 0
1574686500 2.104158449 0.0 0
1574686666 2.091507042 0.0 0
1574687017 2.13493811 0.0 0
1574687191 2.123309687 0.0 0
1574687355 2.126315034 0.0 0
1574689685 2.09731146 0.0 0
1574689901 2.074036573 0.0 0
1574690070 2.261077896 0.0 0
1574690239 2.052171912 0.0 0
1574690409 2.052021425 0.0 0
1574690570 2.007284226 0.0 0
1574690741 2.208201028 0.0 0
1574690899 2.050665191 0.0 0
1574691084 2.097813185 0.0 0
1574691263 2.120710541 0.0 0
1574706885 2.065677513 0.0 0
1574707127 2.007004108 0.0 0
1574954230 2.007505847 0.0 0
1574954394 2.150292672 0.0 0
1574954571 2.080011693 0.0 0
1574954919 2.064581921 0.0 0
1574955076 2.002116032 0.0 0
1574955334 2.106103491 0.0 0
1574955494 2.135587491 0.0 0
1574955652 2.016217651 0.0 0
1574955813 2.00894214 0.0 0
1575026562 2.037359909 0.0 0
1575026722 2.06773823 0.0 0
1575026884 1.936286019 0.0 0
1575027044 2.007237979 0.0 0
1575027208 1.99658095 0.0 0
1575027369 2.102114257 0.0 0
1575027535 2.180745647 0.0 0
1575027692 2.195485209 0.0 0
1575027857 1.925796395 0.0 0
1575028021 2.150874433 0.0 0
1575112877 2.004673472 0.0 0
1575113042 2.136332237 0.0 0
1575113200 2.048494169 0.0 0
1575113362 2.134345222 0.0 0
1575113520 1.997058511 0.0 0
1575113679 2.088648803 0.0 0
1575113836 2.109043269 0.0 0
1575113994 1.836558738 0.0 0
1575114157 1.999425359 0.0 0
1575114318 2.034875375 0.0 0
1575289807 2.001030087 0.0 0
1575289974 2.004482908 0.0 0
1575290141 1.97522237 0.0 0
1575290329 2.052548153 0.0 0
1575290498 2.094602435 0.0 0
1575290674 2.117330717 0.0 0
1575290839 2.389938276 0.0 0
1575290996 2.105217919 0.0 0
1575291159 2.029742729 0.0 0
1575291320 2.019009024 0.0 0
1575384208 2.227725754 0.0 0
1575384368 2.155219709 0.0 0
1575384529 2.188752445 0.0 0
1575384688 2.084486218 0.0 0
1575384851 2.088692777 0.0 0
1575385010 2.225035308 0.0 0
1575385170 2.132500374 0.0 0
1575385329 2.179599497 0.0 0
1575385493 2.054867105 0.0 0
1575385653 2.036301191 0.0 0
1575556590 2.125119822 0.0 0
1575556750 2.09984187 0.0 0
1575556923 2.049630206 0.0 0
1575557108 2.006629963 0.0 0
1575557278 2.094455049 0.0 0
1575557461 2.047659601 0.0 0
1575557637 2.114951093 0.0 0
1575557810 2.098041903 0.0 0
1575558269 2.017747605 0.0 0
1575558455 1.965769043 0.0 0
1579184088 2.123432049 0.5 1
1579184803 2.031343292 0.0 0
1579184964 2.213790918 0.0 0
1579185128 2.17914562 0.0 0
1579185301 1.91328201 0.0 0
1579185480 2.103496759 0.0 0
1579185661 1.975745339 0.0 0
1579185841 2.104491752 0.0 0
1579186030 2.134403008 0.0 0
1579186201 1.996740956 0.0 0
1579351818 8.119943074 0.0 0
1579351984 2.22400105 0.0 0
1579352145 2.15759774 0.0 0
1579352306 2.175821564 0.0 0
1579352469 2.090725006 0.0 0
1579352633 1.977822188 0.0 0
1579352790 2.154018113 0.0 0
1579352952 2.148279657 0.0 0
1579353115 2.047395045 0.0 0
1579353988 2.13163153 0.0 0
1579522906 2.047377086 0.0 0
1579523109 1.975057132 0.0 0
1579523301 2.122781161 0.0 0
1579523465 2.06123581 0.0 0
1579523639 2.257687341 0.0 0
1579523820 2.136231157 0.0 0
1579524002 2.094896087 0.0 0
1579524190 2.074205935 0.0 0
1579524357 2.25704873 0.0 0
1579524525 1.939680951 0.0 0
1579537511 2.072155521 0.0 0
1580215367 2.336836564 0.0 0
1580215554 2.139418471 0.0 0
1580215718 1.879450952 0.0 0
1580215877 2.082102092 0.0 0
1580216037 1.872362845 0.0 0
1580216200 2.32037423 0.0 0
1580216359 2.147785938 0.0 0
1580216523 2.089662473 0.0 0
1580216682 2.111843217 0.0 0
1580216864 2.047880007 0.0 0
1580304772 1.871722107 0.0 0
1580304929 2.053583614 0.0 0
1580305091 1.95773092 0.0 0
1580305252 1.887939411 0.0 0
1580305435 2.003999936 0.0 0
1580305598 2.000070708 0.0 0
1580305760 2.089151343 0.0 0
1580305916 2.088949298 0.0 0
1580306072 2.087421987 0.0 0
1580306233 2.084950085 0.0 0
1581935273 2.077784612 0.0 0
1581935430 1.981188799 0.0 0
1581935592 2.082529215 0.0 0
1581935757 2.075621515 0.0 0
1581935925 2.162850021 0.0 0
1581936096 2.105288714 0.0 0
1581936267 2.083636836 0.0 0
1581936430 2.111994946 0.0 0
1581936589 2.179095608 0.0 0
1581936765 1.99921656 0.0 0
1582026947 2.109393039 0.0 0
1582027275 2.269157928 0.0 0
1582027442 2.139344542 0.0 0
1582028020 2.143679777 0.0 0
1582028186 2.166101059 0.0 0
1582028355 2.217217865 0.0 0
1582028525 2.345770505 0.0 0
1582028694 2.086626536 0.0 0
1582113163 1.92499049 0.0 0
1582113328 2.343090868 0.0 0
1582113494 1.951895587 0.0 0
1582113660 2.082328566 0.0 0
1582113828 2.216739145 0.0 0
1582114004 2.150687132 0.0 0
1582114328 2.077542324 0.0 0
1582114493 2.214871356 0.0 0
1582114659 2.562676863 0.0 0
1582114819 1.868491668 0.0 0
1582114988 2.461218735 0.0 0
1582115317 1.939845385 0.0 0
1582115643 2.066286495 0.0 0
1582115805 2.544060747 0.0 0
1582115970 2.269143651 0.0 0
1582116151 2.137134216 0.0 0
1582116364 1.914331609 0.0 0
1582116542 2.210385526 0.0 0
1582116706 2.168268419 0.0 0
1582119027 2.31250772 0.0 0
1582119188 2.316165008 0.0 0
1582119360 2.131495252 0.0 0
1582119536 2.051133904 0.0 0
1582119711 2.30933185 0.0 0
1582119872 2.061027141 0.0 0
1582120047 2.12312309 0.0 0
1582120941 2.392142905 0.0 0
1582121108 2.17665393 0.5 1
1582121352 2.336555573 0.0 0
1582121514 1.869693838 0.0 0
1582125257 2.431487315 0.0 0
1582125697 2.392397663 0.0 0
1582126067 1.927381327 0.0 0
1582126235 2.128535777 0.0 0
1582126396 2.392363306 0.0 0
1582126565 1.745144715 0.0 0
1582126728 2.238726119 0.0 0
1582127053 2.123988769 0.0 0
1582127217 2.426893165 0.0 0
1582127386 2.417295665 0.0 0
1582127716 2.322217407 0.0 0
1582127879 2.220102623 0.0 0
1582128039 2.173709959 0.0 0
1582128384 2.182044896 0.0 0
1582128547 2.157277903 0.0 0
1582129042 2.127830304 0.0 0
1582129210 2.062109504 0.0 0
1582129368 2.385049709 0.0 0
1582129530 2.403647912 0.0 0
1582129693 2.095492216 0.0 0
1582185117 2.414330924 0.0 0
1582185298 2.325446597 0.0 0
1582186030 2.046869836 0.0 0
1582186190 2.072504277 0.0 0
1582187886 1.901673821 0.0 0
1582188047 2.058897275 0.0 0
1582188204 1.894085884 0.0 0
1582188365 1.959291594 0.0 0
1582193816 2.052541893 0.0 0
1582193979 1.968284844 0.0 0
1582194144 2.038332057 0.0 0
1582194299 2.010740993 0.0 0
1582194461 2.066444776 0.0 0
1582194625 2.006463183 0.0 0
1582194788 4.858652659 0.0 0
1582194954 2.295592327 0.0 0
1582195115 1.992999071 0.0 0
1582195279 2.104519828 0.0 0
1582195773 2.08446412 0.0 0
1582195932 1.218396229 0.0 0
1582196089 2.152154276 0.0 0
1582196249 2.226560862 0.0 0
1582196408 2.125752476 0.0 0
1582196567 1.953219931 0.0 0
1582196725 2.025603619 0.0 0
1582196885 1.994690698 0.0 0
1582197047 2.011095394 0.0 0
1582197214 2.033262392 0.0 0
1582197370 2.104307111 0.0 0
1582197536 2.047346489 0.0 0
1582197707 1.964176067 0.0 0
1582197865 2.094853425 0.0 0
1582198023 2.380800756 0.0 0
1582198180 2.020789733 0.0 0
1582198341 2.048465182 0.0 0
1582198500 2.435282237 0.0 0
1582198779 2.01094364 0.0 0
1582199131 2.052003862 0.0 0
1582631436 2.173020678 0.0 0
1582631597 2.126008311 0.0 0
1582631753 2.047882637 0.0 0
1582631909 2.074259598 0.0 0
1582632067 2.212718159 0.0 0
1582632224 1.936395293 0.0 0
1582632383 2.080354582 0.0 0
1582632546 2.065903429 0.0 0
1582632707 2.062561097 0.0 0
1582632867 1.980513711 0.0 0
1582884567 2.016557645 0.0 0
1582884744 2.107921564 0.0 0
1582884913 1.953745386 0.0 0
1582885077 2.063983461 0.0 0
1582885240 2.095225584 0.0 0
1582885404 2.062853103 0.0 0
1582885562 1.997455977 0.0 0
1582885724 1.919311959 0.0 0
1582885890 1.938955358 0.0 0
1582886047 1.960124481 0.0 0
1574707127 2.007004108 0.0 0
