1574707130 0.045140475 -1 -1
1574707130 0.05030279 -1 -1
1574707130 0.041295445 -1 -1
1574707130 2.0313e-05 -1 -1
1574707130 0.036014175 -1 -1
1574707130 0.050701917 -1 -1
1574707130 0.014131483 -1 -1
1574707130 0.012858185 -1 -1
1574707130 0.052861764 -1 -1
1574707130 0.001712886 -1 -1
1574707130 0.039609365 -1 -1
1574707130 0.048354716 -1 -1
1574707130 0.031273196 -1 -1
1574707130 0.05089301 -1 -1
1574707130 0.044766501 -1 -1
1574707130 0.001333058 -1 -1
1574707130 0.041848614 -1 -1
1574707130 0.000698726 -1 -1
1574707130 0.009787077 -1 -1
1574707130 0.033329993 -1 -1
1574707130 0.037194863 -1 -1
1574707130 0.043265587 -1 -1
1574707130 0.001233061 -1 -1
1574707130 0.035868343 -1 -1
1574707130 0.001088792 -1 -1
1574707130 0.049678061 -1 -1
1574707130 0.044782103 -1 -1
1574707130 0.043543019 -1 -1
1574707131 0.001292951 -1 -1
1574707131 0.044207307 -1 -1
1574707131 0.001222824 -1 -1
1574707131 0.006302578 -1 -1
