1569850043 2.313335395 0.0 0
1569850247 2.362919925 0.0 0
1569850043 2.313335395 0.0 0
1569850247 2.362919925 0.0 0
1569850805 2.373619546 1.0 1
1569851061 2.428610313 0.3333333333333333 1
1569851267 2.37517647 0.0 0
1569851616 2.303781354 0.3333333333333333 1
1569851829 2.376698477 0.5 1
1569852058 2.609735365 0.6666666666666666 1
1569852283 2.341837939 0.0 0
1569852520 2.262484982 0.0 0
1569853138 2.552984355 0.3333333333333333 1
1569853448 2.234138258 0.0 0
1570543167 2.370066619 0.0 0
1570543529 2.399215436 0.6666666666666666 2
1570543739 2.40345901 0.0 0
1570544656 2.469073682 0.3333333333333333 1
1570544915 2.45510726 0.3333333333333333 1
1570545116 2.386814617 0.0 0
1570545333 2.395367289 0.0 0
1571323039 2.417172913 0.0 0
1571325158 2.415212061 0.0 0
1571325354 2.44054575 0.5 1
1571325560 2.204811498 0.5 1
1571325760 2.302384125 0.0 0
1571325956 2.435185489 0.0 0
1571326165 20.129143418 0.0 0
1571326848 2.247501233 0.5 1
1571327064 2.30990216 0.0 0
1571327273 2.478541397 0.0 0
1571395949 2.410536865 0.0 0
1571396147 2.24515005 0.5 1
1571396342 2.480353147 0.0 0
1571396542 2.344525055 1.0 2
1571396741 2.49291593 0.0 0
1571396967 2.423998615 0.3333333333333333 1
1571397172 2.417944451 0.0 0
1571397374 2.306569391 0.0 0
1571397570 2.449749685 0.5 1
1571397767 2.520508238 0.3333333333333333 1
1571405016 2.522297437 0.0 0
1571405214 2.353438831 0.0 0
1571405412 2.355753973 0.0 0
1571405640 2.479327009 0.3333333333333333 1
1571405844 2.38440813 0.5 1
1571409062 2.344764395 0.0 0
1571409264 2.349012986 0.0 0
1571409465 2.387749889 0.0 0
1571409682 2.348534191 0.5 1
1571409880 2.436146446 0.3333333333333333 1
1571664486 5.359644829 -1 -1
1571664995 2.440709734 0.0 0
1571665192 2.481824866 0.3333333333333333 1
1571665404 2.340950312 0.0 0
1571665598 2.470409869 0.0 0
1571665794 2.469965941 0.0 0
1571668211 2.373735211 0.0 0
1571668409 2.263390749 0.0 0
1571668613 2.435110661 0.0 0
1571668808 2.39791871 0.0 0
1571669009 2.44418115 0.5 1
1571752081 2.473306158 0.0 0
1571752277 2.63600358 0.3333333333333333 1
1571752476 2.470312317 0.6666666666666666 1
1571752681 2.273837155 0.0 0
1571752876 2.393028078 0.0 0
1571753072 2.356688521 0.0 0
1571753269 2.528240636 0.6666666666666666 2
1571753466 2.326052403 0.3333333333333333 1
1571753663 2.439058711 0.0 0
1571753861 2.433366063 0.0 0
1571760219 2.385104886 0.0 0
1571760416 2.2998157 0.6666666666666666 1
1571760618 2.338223323 0.0 0
1571760814 2.319232909 0.0 0
1571761016 2.350645112 1.0 2
1571761224 2.440683937 0.3333333333333333 1
1571761423 2.426161083 0.0 0
1571761618 2.382922067 0.0 0
1571761814 2.403620164 0.0 0
1571762022 2.473945173 0.5 1
1572003324 2.514901131 0.3333333333333333 1
1572003521 2.373846645 0.0 0
1572003716 2.402436374 0.0 0
1572003914 2.470834105 0.5 1
1572004111 2.514200092 0.0 0
1572004306 2.46445452 0.3333333333333333 1
1572004501 2.458919021 0.5 1
1572004700 2.534515275 0.5 1
1572004902 2.440852367 0.0 0
1572005100 2.482313006 0.0 0
1572011302 2.353454463 0.0 0
1572011499 2.46848706 0.0 0
1572011694 2.401610997 0.0 0
1572011892 2.300432143 0.0 0
1572012089 2.42765257 0.0 0
1572012286 2.440211465 0.0 0
1572012480 2.433021054 0.0 0
1572012675 2.517542953 0.0 0
1572012869 2.272076991 0.3333333333333333 1
1572013064 2.464053344 0.0 0
1572265123 2.350898768 0.0 0
1572265320 2.489731984 0.0 0
1572265519 2.471116894 0.0 0
1572265717 2.35783741 0.5 1
1572265922 2.50484635 0.0 0
1572266124 2.417132055 0.0 0
1572266321 2.432432262 0.0 0
1572266522 2.522264744 0.5 1
1572266720 2.432294137 0.3333333333333333 1
1572266923 2.505280978 0.6666666666666666 1
1572274178 2.174624094 0.0 0
1572274351 2.207549186 1.0 2
1572274520 2.2155971 0.0 0
1572274692 2.048749338 0.0 0
1572274860 2.295404396 0.0 0
1572275030 2.080600595 0.5 1
1572275202 2.219375881 0.0 0
1572275379 2.252234215 0.0 0
1572275547 2.071406414 0.0 0
1572275721 2.199459327 0.0 0
1572361339 2.352918818 0.0 0
1572361534 2.50979728 0.6666666666666666 1
1572361728 2.431915258 0.3333333333333333 1
1572361923 2.26053433 0.6666666666666666 1
1572362123 2.249529324 0.0 0
1572362316 2.234993473 0.5 1
1572362512 2.440131978 0.0 0
1572362712 2.298426893 0.0 0
1572362907 2.48018517 0.5 1
1572363103 2.468620604 1.0 2
1572366969 2.184349859 0.3333333333333333 1
1572367137 2.224277609 0.0 0
1572367310 2.097340258 0.5 1
1572367476 2.269899503 0.3333333333333333 1
1572367659 2.180704868 0.0 0
1572367835 2.169895019 0.6666666666666666 2
1572368004 2.125741032 1.0 2
1572368173 2.042351622 0.0 0
1572368340 2.259380951 0.5 1
1572368505 2.269062763 0.0 0
1572532454 2.48231633 0.5 1
1572532655 2.352201368 1.0 1
1572532860 2.427653212 0.0 0
1572544557 2.139483507 0.0 0
1572544726 2.020743902 0.5 1
1572544897 2.252416847 1.0 1
1572545069 2.16733885 1.0 2
1572545243 2.054702822 0.5 1
1572870072 2.051341522 1.0 1
1572870289 2.21326873 0.0 0
1572870471 2.178753742 0.5 1
1572870692 2.142154953 1.0 2
1572870861 2.202121978 0.0 0
1572965451 2.330186198 1.0 1
1572965618 2.345078842 0.3333333333333333 1
1572965786 2.243146463 0.0 0
1572965954 2.265064435 0.0 0
1572966126 2.219030783 1.0 2
1572966293 2.164374436 0.0 0
1572966464 2.162750135 0.5 1
1572966647 2.138590379 0.3333333333333333 1
1572966827 2.200451098 0.0 0
1572966991 2.18532638 0.0 0
1573207099 2.175712763 0.5 1
1573207267 2.164011888 1.0 1
1573207436 2.120129701 0.5 1
1573207601 2.254014595 1.0 1
1573207771 2.083269333 0.5 1
1573207938 2.238733152 0.0 0
1573208105 2.031283373 0.0 0
1573208271 2.125573413 0.6666666666666666 1
1573208439 2.309346121 0.5 1
1573208604 2.035386111 0.5 1
1573220340 2.1296676 0.0 0
1573220507 2.173768855 0.0 0
1573220675 2.229241112 0.0 0
1573220844 2.122741572 0.5 1
1573221012 2.22762705 0.5 1
1573221178 2.124903658 0.5 1
1573221342 2.09905068 0.5 1
1573221513 2.10447625 0.3333333333333333 1
1573221679 2.208110014 0.0 0
1573221848 2.081669783 1.0 2
1573222037 2.049601522 0.5 1
1573222208 2.085870121 0.0 0
1573222375 2.085530999 0.0 0
1573222540 2.14416592 0.6666666666666666 1
1573222710 2.127725228 0.5 1
1573301188 2.126373544 1.0 2
1573301357 2.261158408 0.0 0
1573301539 2.0433198 0.0 0
1573301707 2.141234894 0.0 0
1573301893 2.132912469 0.0 0
1573302073 2.203706173 0.0 0
1573302241 2.270554191 0.0 0
1573302415 2.127841439 0.0 0
1573302584 2.146616899 0.0 0
1573302766 2.256622777 0.0 0
1573303901 2.126128168 0.5 1
1573304064 2.16747657 0.6666666666666666 1
1573304226 2.175061669 0.0 0
1573304392 2.110129799 0.0 0
1573304551 2.183391969 1.0 2
1573304717 2.133070577 0.5 1
1573304876 2.085371768 0.0 0
1573305036 2.170849926 0.0 0
1573305197 2.190656216 1.0 2
1573305357 2.176212055 0.5 1
1573752530 2.096886675 0.5 1
1573752788 2.129159363 0.0 0
1573752947 1.937407249 0.0 0
1573753106 2.082770467 0.5 1
1573753263 2.565207941 0.0 0
1573753418 2.181191575 0.0 0
1573753576 2.346610038 1.3333333333333333 2
1573753729 2.087974792 0.5 1
1573753891 2.181600423 0.5 1
1573754711 2.322332237 0.0 0
1573754871 2.000998551 0.5 1
1573755033 2.09675716 1.0 1
1573755199 2.077492675 0.0 0
1573755361 1.995596282 0.5 1
1573755519 2.138887676 0.0 0
1573755673 2.083148148 0.5 1
1573755832 2.164989999 0.0 0
1573755990 2.051843783 0.0 0
1573756149 2.301240965 0.5 1
1573831455 2.079771966 0.0 0
1573831613 2.147836022 0.0 0
1573831772 2.026699024 0.0 0
1573831943 1.994536933 0.0 0
1573832095 2.043312381 0.0 0
1573832257 2.172574462 0.0 0
1573832415 2.003768919 0.0 0
1573832578 1.963775413 0.0 0
1573832733 2.125647512 0.0 0
1573832889 2.132212227 0.0 0
1573833084 2.035079397 0.0 0
1573833240 2.075134263 0.0 0
1573833404 2.085337237 0.0 0
1573833562 2.262556714 0.0 0
1573833719 2.12909018 0.0 0
1573901094 2.262504599 0.5 1
1573901251 2.139233872 0.0 0
1573901407 2.124128893 0.5 1
1573901563 2.168558475 0.5 1
1573901724 2.071865288 0.0 0
1573901878 2.139365953 0.5 1
1573902033 2.139635415 1.0 2
1573902191 2.100916705 0.0 0
1573902349 2.13158626 0.0 0
1573902505 2.221547773 0.0 0
1574685823 2.246058104 0.0 0
1574686016 2.056074088 0.0 0
1574686184 2.093279579 0.0 0
1574686346 2.070466552 0.0 0
1574686504 2.049716591 0.0 0
1574686670 2.128386976 0.0 0
1574686834 1.963661144 0.0 0
1574687020 2.104743848 0.0 0
1574687195 2.225806 0.0 0
1574687359 2.172082033 0.0 0
1574689688 2.057022638 0.0 0
1574689904 2.155263724 0.0 0
1574690073 2.153679209 0.5 1
1574690243 2.076881719 0.0 0
1574690413 2.142731014 0.0 0
1574690573 2.247513188 0.0 0
1574690744 2.215528602 0.0 0
1574690903 2.097440493 0.0 0
1574691088 2.002793067 0.3333333333333333 1
1574691266 2.180417158 0.0 0
1574706888 2.127854109 1.0 2
1574707131 2.044453466 0.0 0
1574954233 2.149135117 0.0 0
1574954398 2.001939122 0.5 1
1574954575 2.036565388 0.0 0
1574954738 2.124430387 0.0 0
1574954923 2.39347595 1.0 2
1574955080 2.127742753 0.0 0
1574955338 2.049587969 0.0 0
1574955497 2.124561191 0.0 0
1574955656 2.141717681 0.5 1
1574955817 2.093088568 0.0 0
1575026565 2.155298501 0.0 0
1575026726 2.134569575 0.0 0
1575026887 2.042122079 0.0 0
1575027048 2.049137184 0.0 0
1575027211 2.133580082 0.0 0
1575027373 2.048572282 0.0 0
1575027539 2.117719064 0.0 0
1575027695 2.079900649 0.0 0
1575027860 2.10056853 0.0 0
1575028024 2.021491481 1.0 2
1575112880 2.18107385 0.0 0
1575113045 2.176210575 0.0 0
1575113203 2.063308127 0.0 0
1575113366 2.09457749 0.0 0
1575113524 2.226757751 0.0 0
1575113682 2.13987951 0.6666666666666666 2
1575113839 2.16868961 0.3333333333333333 1
1575113997 2.174883962 0.0 0
1575114161 2.256853195 0.5 1
1575114322 2.082715075 0.0 0
1575289811 2.089545973 0.0 0
1575289977 2.06726495 0.0 0
1575290145 2.162307954 0.0 0
1575290332 2.104043327 0.0 0
1575290501 2.079162361 1.0 2
1575290677 2.131947581 0.3333333333333333 1
1575290843 3.150890673 0.0 0
1575290999 2.069850838 0.6666666666666666 2
1575291162 2.080222731 0.0 0
1575291323 2.05068063 0.0 0
1575384212 2.097549342 0.0 0
1575384371 2.070592036 1.0 2
1575384532 2.092405024 0.0 0
1575384692 2.699685073 0.0 0
1575384854 2.036862973 0.0 0
1575385014 2.168969152 0.0 0
1575385173 2.088063109 0.3333333333333333 1
1575385332 2.150151448 0.3333333333333333 1
1575385496 2.240334402 0.6666666666666666 2
1575385656 2.087475867 0.0 0
1575556593 2.046171397 0.0 0
1575556754 2.175112149 0.0 0
1575556926 2.086594159 0.5 1
1575557111 2.059254955 0.0 0
1575557281 2.153606622 0.0 0
1575557465 2.04844402 0.0 0
1575557641 2.048187291 0.0 0
1575557813 2.225122036 0.5 1
1575558273 2.129011305 0.0 0
1575558459 2.098046737 0.0 0
1579184092 2.251839087 0.0 0
1579184806 2.190613342 0.0 0
1579184967 2.251338209 0.3333333333333333 1
1579185132 2.244072856 0.0 0
1579185305 2.104534913 0.0 0
1579185484 2.12095277 0.5 1
1579185665 2.000324419 0.0 0
1579185844 2.090389011 0.0 0
1579186033 1.953304866 0.0 0
1579186204 2.133092492 0.0 0
1579351828 2.091259384 0.0 0
1579351988 2.017345936 0.0 0
1579352148 2.121106982 0.0 0
1579352309 2.207566752 0.3333333333333333 1
1579352473 2.120542151 0.0 0
1579352636 2.096754955 1.0 2
1579352794 2.136422712 0.0 0
1579352956 2.264628459 0.0 0
1579353118 2.041175412 0.0 0
1579353991 1.705279814 0.5 1
1579522909 2.395728653 0.6666666666666666 2
1579523113 2.091124181 0.0 0
1579523304 2.125409204 0.0 0
1579523468 2.161204883 0.0 0
1579523643 2.118420475 0.0 0
1579523823 2.143337022 0.5 1
1579524006 2.272098974 0.0 0
1579524193 2.126964039 0.5 1
1579524361 1.949846059 0.0 0
1579524529 2.010430473 0.0 0
1579537514 2.215590068 0.0 0
1580215385 4.549541385 0.0 0
1580215558 2.095956441 0.0 0
1580215721 2.103518848 0.0 0
1580215880 2.172867659 0.0 0
1580216041 2.068559343 0.5 1
1580216204 2.098154886 0.0 0
1580216363 2.09101133 0.0 0
1580216526 2.047423599 0.5 1
1580216686 2.139303721 0.0 0
1580216867 2.010367478 0.0 0
1580304776 2.132568382 0.0 0
1580304932 2.083535946 1.0 2
1580305094 2.148202586 0.5 1
1580305255 2.048098558 0.5 1
1580305439 2.094005288 0.0 0
1580305601 2.183160102 0.0 0
1580305763 2.143475792 0.5 1
1580305920 1.973861274 0.0 0
1580306075 1.942689655 0.0 0
1580306236 2.082778483 0.0 0
1581935276 2.313375975 0.0 0
1581935433 2.354042588 0.3333333333333333 1
1581935595 2.141206837 0.6666666666666666 1
1581935761 2.247464248 0.5 1
1581935928 2.144706373 0.6666666666666666 1
1581936099 2.300100293 0.6666666666666666 2
1581936270 2.236481643 1.0 2
1581936434 2.225069254 0.0 0
1581936592 2.19910452 0.0 0
1581936768 2.370606567 0.5 1
1582026950 2.086394405 1.5 3
1582027112 2.08012961 0.0 0
1582027279 2.141524597 0.0 0
1582027446 2.251038876 0.0 0
1582027857 2.23703321 0.0 0
1582028023 2.052779967 0.0 0
1582028189 2.180885912 0.0 0
1582028359 2.081161762 0.0 0
1582028528 2.052875996 0.0 0
1582028697 2.150820197 0.0 0
1582113166 2.264538574 1.0 2
1582113332 1.97101352 0.0 0
1582113497 2.242868745 0.0 0
1582113664 2.056521173 0.5 1
1582113831 2.125658697 0.6666666666666666 1
1582114007 2.101739632 0.0 0
1582114168 2.140130241 0.0 0
1582114331 2.166308687 1.0 2
1582114496 2.175616152 0.0 0
1582114662 2.19539709 0.3333333333333333 1
1582114823 2.129079757 0.0 0
1582114992 2.381052439 0.0 0
1582115152 2.043362167 0.5 1
1582115320 2.251376878 0.0 0
1582115483 2.24785145 0.3333333333333333 1
1582115647 2.055358214 1.0 1
1582115809 2.097099289 0.0 0
1582115973 2.161404521 0.0 0
1582116154 1.997906177 0.0 0
1582116367 1.99596022 0.0 0
1582116545 2.131494214 0.5 1
1582116710 2.048355712 0.0 0
1582119030 2.098629136 0.6666666666666666 1
1582119191 2.162252851 0.0 0
1582119363 2.178850018 1.0 2
1582119539 2.326547256 0.0 0
1582119715 2.210975354 0.0 0
1582119876 2.13702423 0.0 0
1582120051 2.220182606 0.0 0
1582120224 2.224662896 0.3333333333333333 1
1582120945 1.91383149 0.5 1
1582121112 2.09908038 0.0 0
1582121356 2.38351035 0.0 0
1582121517 2.221623319 0.0 0
1582125261 2.130049805 0.5 1
1582125701 2.263691272 0.0 0
1582125904 2.352412456 0.0 0
1582126070 2.000813312 0.0 0
1582126239 2.393379413 0.0 0
1582126400 2.099117037 0.0 0
1582126568 2.118432254 0.5 1
1582126732 2.010042591 0.5 1
1582126895 2.042221114 0.5 1
1582127056 2.043017672 0.0 0
1582127221 2.048805293 0.0 0
1582127390 2.268849053 0.5 1
1582127555 2.223624868 0.0 0
1582127719 2.046767991 0.0 0
1582127883 2.039639937 0.5 1
1582128043 2.020420147 0.0 0
1582128209 2.034612547 0.0 0
1582128388 2.080108225 0.5 1
1582128550 2.094785755 0.0 0
1582128713 2.165975374 0.0 0
1582128878 2.133369771 0.5 1
1582129045 2.291462134 0.5 1
1582129213 2.242065217 0.6666666666666666 1
1582129372 2.258504363 0.0 0
1582129533 2.260518307 1.6666666666666667 3
1582129696 2.167753178 0.5 1
1582185121 2.229730773 0.5 1
1582185301 2.181013683 0.0 0
1582186033 2.272497247 0.3333333333333333 1
1582186193 2.120322551 0.0 0
1582186929 2.092061004 0.5 1
1582187889 2.100019539 0.3333333333333333 1
1582188050 2.206556664 1.0 2
1582188208 2.051940817 0.5 1
1582188368 2.189707786 0.5 1
1582193819 2.049117376 0.0 0
1582193983 2.320107354 0.0 0
1582194147 2.076710538 0.0 0
1582194303 2.068067764 0.0 0
1582194464 2.132957454 0.0 0
1582194629 2.175375378 0.0 0
1582194795 2.142939515 1.0 2
1582194958 2.128165056 0.0 0
1582195118 2.136822898 1.0 2
1582195282 2.193715721 1.0 2
1582195776 2.181184962 0.0 0
1582195935 2.012755144 0.0 0
1582196093 2.130478873 0.0 0
1582196252 1.999095436 0.5 1
1582196412 2.315207923 0.0 0
1582196571 2.174355816 0.0 0
1582196728 2.153963099 0.0 0
1582196889 2.178085746 0.0 0
1582197051 2.255589169 0.0 0
1582197218 2.288326247 0.0 0
1582197373 2.082970897 0.5 1
1582197540 2.262520133 0.0 0
1582197711 2.092693519 0.5 1
1582197868 2.25111378 0.0 0
1582198027 2.152719495 0.5 1
1582198183 2.14938444 0.0 0
1582198345 2.135308265 0.0 0
1582198503 2.058699302 0.5 1
1582198783 2.099666718 0.6666666666666666 2
1582199135 2.068070015 0.0 0
1582631439 2.178361727 0.5 1
1582631600 2.038992563 0.0 0
1582631756 2.219347244 1.0 1
1582631913 2.143453078 0.5 1
1582632071 2.117249169 0.0 0
1582632227 2.226920836 0.0 0
1582632387 2.269055498 0.0 0
1582632549 2.202519836 0.6666666666666666 2
1582632711 2.218519622 0.0 0
1582632870 2.285122486 0.0 0
1582884570 2.108310825 0.0 0
1582884747 2.14268918 0.0 0
1582884916 2.218446186 0.0 0
1582885080 2.179565548 0.0 0
1582885244 2.172557369 0.0 0
1582885407 2.118857007 0.0 0
1582885565 2.217560153 0.0 0
1582885728 2.128757882 0.0 0
1582885893 2.324581701 0.0 0
1582886050 2.075834428 1.0 2
1574707131 2.074731882 0.0 0
