1569850046 9.898303113 1.0 2
1569850046 9.898303113 1.0 2
1569850807 9.659904213 0.8 1
1569851064 9.966527189 0.6666666666666666 1
1569851269 9.581659694 0.7 2
1569851619 9.936434654 0.9 1
1569851831 10.160076264 0.7272727272727273 1
1569852061 9.608151654 1.4444444444444444 2
1569852285 10.210946169 0.9 2
1569852522 9.751798639 1.5 2
1569853141 29.642528753 1.6896551724137931 2
1569853450 10.110042424 1.6 2
1570543169 9.545280656 0.8 2
1570543532 9.633298792 0.4444444444444444 1
1570543741 10.322576923 1.4545454545454546 2
1570544659 9.799483786 1.2 2
1570544918 9.912732064 0.7777777777777778 2
1570545118 9.892854373 2.0 3
1570545335 10.096427222 1.5 2
1571323042 10.634295568 0.4 2
1571325160 9.541045394 0.6 2
1571325356 9.688775966 1.5 2
1571325562 9.736246318 0.7 2
1571325762 9.725804739 0.9 1
1571325958 9.755555001 1.3 2
1571326185 81.901128797 0.0 0
1571326850 9.823356768 1.0 1
1571327066 9.787614758 1.1 2
1571327275 9.958681201 0.9 1
1571395952 9.805903262 1.1111111111111112 2
1571396345 10.216865309 1.4 3
1571396545 10.955588903 0.9 1
1571396744 10.315490909 1.5 2
1571396970 10.016361595 2.1 3
1571397376 10.255919857 1.0 2
1571397572 9.722860738 1.4 2
1571405018 9.840736468 0.6 1
1571405216 10.56766891 0.8181818181818182 2
1571405414 9.895640847 0.5 2
1571405643 13.87520192 0.8571428571428571 2
1571405846 10.352692342 0.8 1
1571409064 9.254778407 0.8888888888888888 2
1571409266 9.703098318 0.8 1
1571409468 9.995674343 1.3 2
1571409684 10.267049006 0.8181818181818182 2
1571409883 9.744362489 0.0 0
1571664492 5.763501111 -1 -1
1571664997 9.723281741 1.1 2
1571665195 26.688815424 1.037037037037037 2
1571665406 10.040087799 1.4 2
1571665600 10.016811318 0.7 1
1571665796 9.691778436 0.9 2
1571668213 9.954867479 1.5 2
1571668412 9.947535124 1.2 2
1571668616 9.76820476 0.6 1
1571668810 9.976386477 1.0 2
1571669011 9.805679548 1.5 2
1571752084 9.686182308 1.1111111111111112 2
1571752280 9.790761587 0.5555555555555556 2
1571752479 9.689016969 0.6 1
1571752684 9.867037303 0.0 0
1571752879 11.101327947 0.0 0
1571753074 10.024524339 1.1 2
1571753272 9.697228022 0.7777777777777778 2
1571753469 9.597746486 0.6666666666666666 1
1571753666 10.45962599 0.0 0
1571753863 9.859715987 0.0 0
1571760221 9.966590239 0.6 1
1571760419 9.82101991 0.5555555555555556 1
1571760620 9.669919775 0.0 0
1571760816 10.002586352 0.2 1
1571761018 9.966076258 0.5 1
1571761227 9.9008862 0.0 0
1571761425 9.94653968 0.0 0
1571761620 9.708312132 0.2 1
1571761817 9.89513893 0.3 1
1571762024 10.022705885 0.4 1
1572003327 9.491807405 1.7777777777777777 2
1572003523 9.773593454 0.5 1
1572003719 9.560634812 1.1111111111111112 2
1572003917 9.460714409 1.0 2
1572004113 9.555592207 0.5 1
1572004309 9.772165175 1.0 2
1572004503 9.447423105 1.2 2
1572004702 9.325238938 1.5555555555555556 2
1572004904 9.593660079 1.0 1
1572005103 9.635891006 0.8 1
1572011304 9.390437116 1.1 2
1572011501 9.47344819 0.9 1
1572011697 9.544117118 0.6666666666666666 1
1572011895 9.808539514 0.8 1
1572012091 9.471237826 1.4444444444444444 2
1572012288 9.852591732 1.4 2
1572012483 9.758837054 1.6666666666666667 2
1572012677 9.418057922 0.4444444444444444 1
1572012872 9.854401974 0.7 2
1572013066 9.752451062 1.2 2
1572265125 9.568640208 1.5 2
1572265322 9.510704021 1.5 2
1572265521 9.426605983 1.6 2
1572265719 9.666078423 1.0 2
1572265925 9.452052514 1.4444444444444444 2
1572266126 9.373125117 0.7777777777777778 2
1572266324 9.787136807 1.5555555555555556 2
1572266524 9.667904338 1.3 2
1572266723 9.35217508 1.4444444444444444 2
1572266926 9.708583734 1.1111111111111112 2
1572274180 8.945353517 1.1111111111111112 2
1572274354 8.787697116 1.5 2
1572274522 8.94698586 1.2222222222222223 2
1572274694 9.015049627 1.3333333333333333 2
1572274863 9.100068881 1.1 2
1572275032 9.016204347 1.4444444444444444 2
1572275204 9.222928032 1.4444444444444444 2
1572275381 9.003993403 0.8888888888888888 2
1572275549 9.143944952 1.0 1
1572275723 9.041334588 0.7777777777777778 2
1572361341 9.554292795 0.0 0
1572361537 9.483459941 0.2222222222222222 1
1572361731 9.446606137 0.0 0
1572361926 9.613865472 0.0 0
1572362125 9.64490097 0.1 1
1572362318 10.185537516 0.09090909090909091 1
1572362515 9.671276677 0.1 1
1572362714 9.804955005 0.4 2
1572362909 9.847855233 0.1 1
1572363105 9.601660253 0.2 2
1572366972 9.012140629 0.0 0
1572367140 9.336262677 0.3333333333333333 1
1572367312 9.291181563 0.5555555555555556 1
1572367478 8.943867903 0.0 0
1572367661 8.839984551 0.0 0
1572367838 9.076113019 0.3333333333333333 1
1572368007 9.171744813 0.0 0
1572368175 9.107440808 0.4444444444444444 1
1572368342 8.951241216 0.0 0
1572368507 9.020516743 0.1111111111111111 1
1572532456 9.467889538 0.9 1
1572532657 9.472111411 1.4 2
1572532862 9.775508821 1.0 1
1572544559 9.047156801 1.0 1
1572544728 9.227220267 1.1111111111111112 2
1572544899 9.119974731 1.5555555555555556 2
1572545071 9.39179346 1.4 2
1572545245 8.920353631 1.3333333333333333 2
1572870074 9.021393157 1.1111111111111112 2
1572870291 8.960564215 1.2222222222222223 2
1572870473 9.289337728 0.9 2
1572870694 9.081881982 0.5 1
1572870863 8.850934135 0.3333333333333333 1
1572965453 8.888785288 1.6666666666666667 2
1572965621 9.632055068 1.6666666666666667 2
1572965788 9.550804971 1.5 2
1572965957 9.130815491 1.1111111111111112 2
1572966129 9.334799864 0.8 2
1572966295 9.350099965 0.8888888888888888 1
1572966466 9.155595468 1.5 2
1572966650 9.034682933 0.625 1
1572966829 8.886597522 1.0 1
1572966993 9.094102465 1.0 1
1573207101 9.028641579 0.3333333333333333 1
1573207269 9.070903181 0.2222222222222222 1
1573207438 9.031917136 0.7777777777777778 2
1573207603 8.754080501 1.1111111111111112 3
1573207773 9.056638518 1.0 2
1573207940 8.883962125 0.5555555555555556 1
1573208107 9.120056789 0.4444444444444444 1
1573208273 8.95929561 0.1111111111111111 1
1573208441 8.869310323 0.5555555555555556 1
1573208606 9.040949937 0.8888888888888888 2
1573220342 9.208921368 1.1111111111111112 2
1573220509 8.944047019 0.8888888888888888 2
1573220677 9.245488802 0.7777777777777778 2
1573220846 9.260679133 0.4444444444444444 1
1573221014 8.947749779 1.1111111111111112 2
1573221180 9.283316467 0.3 1
1573221344 8.982105549 1.1111111111111112 2
1573221515 9.222908227 0.5555555555555556 2
1573221681 9.484241578 1.1 2
1573221851 8.973867321 1.2222222222222223 2
1573222039 9.224250906 1.0 2
1573222210 8.932062083 1.0 1
1573222377 9.029025566 1.2222222222222223 2
1573222543 9.103606674 0.5555555555555556 1
1573222712 9.248919448 1.6 2
1573301191 9.091492798 1.5 2
1573301359 8.880358231 1.3333333333333333 2
1573301541 9.020871114 1.0 1
1573301709 9.079047698 0.6666666666666666 1
1573301895 9.31190357 1.4444444444444444 2
1573302075 8.878135789 1.1111111111111112 2
1573302243 9.145559229 1.0 1
1573302417 8.985983813 1.2222222222222223 2
1573302586 9.303972607 0.8888888888888888 1
1573302769 9.167965452 0.3333333333333333 1
1573303903 8.650046646 1.5 2
1573304067 8.780760387 1.375 2
1573304228 8.788615886 0.7777777777777778 1
1573304394 8.857782798 0.5555555555555556 1
1573304553 8.728116394 1.625 2
1573304719 8.860137821 1.2222222222222223 2
1573304878 8.710343018 0.8888888888888888 1
1573305038 8.757360411 1.0 2
1573305200 8.74084514 1.625 2
1573305359 8.776720019 1.1111111111111112 2
1573752532 8.871361732 1.2222222222222223 2
1573752790 8.951684358 1.0 2
1573752949 8.982685242 0.8888888888888888 2
1573753108 8.739547337 1.25 2
1573753265 8.860816597 1.6666666666666667 2
1573753420 9.071241951 1.0 1
1573753579 9.233939246 1.0 2
1573753732 8.583476593 1.2222222222222223 2
1573753893 9.1716959 1.4444444444444444 2
1573754713 8.741967626 0.8888888888888888 1
1573754873 9.480601996 1.6 2
1573755035 8.782408755 1.625 2
1573755201 8.615096701 1.25 2
1573755363 8.772221257 0.8888888888888888 1
1573755521 8.753673118 1.4444444444444444 2
1573755675 8.671611512 1.5555555555555556 2
1573755834 8.82455649 0.6666666666666666 1
1573755992 8.612828736 1.5 2
1573756151 5.827916573 2.0 3
1573831457 8.787611262 1.125 2
1573831615 8.540890101 0.375 2
1573831774 8.833996884 0.0 0
1573831945 8.95309608 0.0 0
1573832097 8.837448332 0.0 0
1573832260 8.735478821 0.0 0
1573832417 8.855308043 0.0 0
1573832580 8.956595676 0.0 0
1573832736 8.861007305 0.0 0
1573832891 8.684006712 0.1111111111111111 1
1573833086 9.189318362 0.1 1
1573833242 8.876782377 0.4444444444444444 1
1573833406 8.701829008 0.3333333333333333 1
1573833564 8.908907029 0.7777777777777778 1
1573833721 8.792586704 0.2222222222222222 1
1573901096 8.660172462 0.0 0
1573901253 8.87659145 0.4444444444444444 1
1573901409 8.748480117 0.3333333333333333 1
1573901565 8.74862248 0.2222222222222222 1
1573901726 8.733684965 0.4444444444444444 1
1573901880 8.902497832 0.4444444444444444 1
1573902036 8.688861441 0.75 1
1573902193 9.102510542 0.8888888888888888 2
1573902351 8.900934178 0.3333333333333333 1
1573902507 8.701323912 0.375 1
1574685825 8.794036541 1.0 2
1574686018 16.428621183 1.375 2
1574686186 8.798528466 1.3333333333333333 2
1574686348 8.919305045 1.2222222222222223 2
1574686506 8.751505099 1.3333333333333333 2
1574686672 8.861048303 1.0 1
1574686836 9.086839637 1.0 2
1574687022 9.076524752 0.7 2
1574687197 8.967054925 0.3333333333333333 2
1574687361 9.0675558 0.4444444444444444 1
1574689690 8.900620089 0.6666666666666666 2
1574689906 9.048955659 1.3333333333333333 2
1574690075 8.913051046 1.3333333333333333 3
1574690245 8.849038893 0.75 2
1574690415 8.796651149 1.1111111111111112 2
1574690575 8.970317496 1.0 2
1574690746 8.792078774 0.8888888888888888 2
1574690905 8.682577701 1.0 1
1574691090 8.934019273 1.125 2
1574691269 9.043858923 0.6666666666666666 1
1574706890 9.051684869 0.9 2
1574707133 9.332066005 0.0 0
1574954235 8.852719017 0.4444444444444444 1
1574954400 9.122898658 1.0 2
1574954577 9.016853902 0.6666666666666666 1
1574954740 8.936707268 1.2222222222222223 2
1574954926 8.615701645 0.6666666666666666 2
1574955082 9.070314489 0.7777777777777778 1
1574955340 8.921851442 0.8888888888888888 2
1574955499 9.18512749 0.4444444444444444 1
1574955658 9.022616061 1.0 2
1574955819 9.015081716 0.6666666666666666 1
1575026568 8.952835514 0.7777777777777778 1
1575026728 8.909546343 1.4444444444444444 2
1575026889 8.879448747 1.0 2
1575027050 8.85076536 0.6666666666666666 1
1575027213 8.901392814 1.5555555555555556 2
1575027375 11.464037883 1.5454545454545454 3
1575027541 8.73049459 1.3333333333333333 2
1575027698 10.196015358 1.0 2
1575027862 9.05982195 0.8888888888888888 2
1575028026 8.950517927 1.2222222222222223 2
1575112883 8.930787278 1.5 2
1575113047 9.041606681 1.6666666666666667 2
1575113205 8.959493094 0.8888888888888888 1
1575113368 9.027460395 1.3333333333333333 2
1575113526 8.933366055 1.1111111111111112 2
1575113685 8.754458361 1.0 1
1575113842 9.000434021 1.6666666666666667 2
1575114000 8.970092041 1.3333333333333333 2
1575114163 8.796601315 1.3333333333333333 2
1575114324 9.031728923 0.8888888888888888 1
1575289813 9.912789955 0.4 1
1575289979 9.004017442 0.2222222222222222 1
1575290147 9.046415457 0.0 0
1575290334 8.914735218 0.7777777777777778 1
1575290503 9.042692179 0.1111111111111111 1
1575290680 8.700894139 0.375 1
1575290846 9.785845644 0.7 2
1575291002 9.0409459 0.0 0
1575291164 8.966054485 0.8888888888888888 2
1575291326 9.115670021 0.3333333333333333 1
1575384214 8.762855306 1.3333333333333333 2
1575384373 9.247849745 1.3 2
1575384534 8.960291798 0.5555555555555556 1
1575384695 9.07130752 1.1111111111111112 2
1575384856 8.99245672 1.2222222222222223 2
1575385176 8.807862084 1.625 2
1575385335 8.961771694 0.8888888888888888 1
1575385499 8.800769895 1.375 2
1575385658 8.984942805 1.1111111111111112 2
1575556595 9.042868456 1.1111111111111112 2
1575556756 8.903359313 0.6666666666666666 1
1575556928 8.982405402 0.6666666666666666 2
1575557114 8.908779361 0.75 2
1575557283 9.027729031 1.0 2
1575557467 9.213287725 1.2222222222222223 2
1575557643 8.943077759 0.8888888888888888 2
1575557815 8.955683349 1.3333333333333333 2
1575558275 9.372117015 0.6666666666666666 1
1575558461 9.177617705 1.3333333333333333 2
1579184094 8.743717344 0.2222222222222222 1
1579184808 8.857343834 0.3333333333333333 1
1579184970 9.906421619 0.4 1
1579185134 8.887879755 0.2222222222222222 1
1579185307 9.276364265 0.1111111111111111 1
1579185486 8.607088667 0.625 1
1579185667 8.93352724 0.2222222222222222 1
1579185846 8.929678029 0.1111111111111111 1
1579186035 8.867882024 0.8888888888888888 1
1579186206 8.694771865 0.1111111111111111 1
1579351830 9.100204775 0.2222222222222222 1
1579351990 9.327538801 0.2222222222222222 1
1579352150 9.051191383 1.4444444444444444 2
1579352312 8.783410467 0.5 1
1579352475 8.833401621 1.125 2
1579352639 8.901856571 1.375 2
1579352796 8.707599607 0.6666666666666666 2
1579352958 8.965416898 1.0 2
1579353120 9.252155881 0.2222222222222222 1
1579353993 2.828844917 0.6666666666666666 1
1579522912 9.676814891 0.5555555555555556 1
1579523115 9.072096706 0.6666666666666666 1
1579523306 8.841096999 0.3333333333333333 1
1579523470 9.005029721 0.2222222222222222 1
1579523645 8.814316537 0.625 2
1579523825 9.693899043 0.4 1
1579524008 8.80363984 0.6666666666666666 2
1579524195 8.90161729 1.0 2
1579524363 8.987157792 0.5555555555555556 1
1579524531 9.440756892 0.3333333333333333 1
1579537516 8.790820564 0.0 0
1580215390 8.822269791 0.3333333333333333 1
1580215560 9.995670763 0.9 2
1580215723 8.886171526 1.5555555555555556 2
1580215882 9.095804148 1.1111111111111112 2
1580216043 8.910236726 0.8888888888888888 1
1580216206 8.831181435 1.5 2
1580216365 9.126700924 0.8888888888888888 1
1580216529 9.027933285 0.9 2
1580216688 9.256542917 0.8888888888888888 1
1580216869 9.058873929 0.6666666666666666 2
1580304778 9.144269515 0.3333333333333333 1
1580304934 9.015194556 0.6666666666666666 2
1580305097 9.259766436 0.2 1
1580305257 8.884403974 0.5555555555555556 1
1580305441 8.94679761 0.5555555555555556 2
1580305603 8.955359794 0.7777777777777778 1
1580305765 8.856926899 0.3333333333333333 1
1580305922 9.2609251 0.5555555555555556 1
1580306077 9.121150963 1.1111111111111112 2
1580306238 8.985877102 1.2222222222222223 2
1581935278 8.764849765 1.5555555555555556 2
1581935436 8.903366904 1.2222222222222223 2
1581935598 9.071370618 1.4444444444444444 2
1581935763 8.969104949 1.6666666666666667 2
1581935931 8.947533602 1.125 2
1581936102 8.832470057 0.7777777777777778 1
1581936273 9.452863441 1.1111111111111112 2
1581936436 8.733892464 1.375 2
1581936594 8.771759521 1.4444444444444444 2
1581936770 8.73168401 1.6666666666666667 2
1582026952 8.768297742 1.6666666666666667 2
1582027114 9.0156095 1.3333333333333333 2
1582027281 8.758328083 1.125 2
1582027448 8.687469809 1.1111111111111112 2
1582027859 8.823264657 1.3333333333333333 2
1582028025 8.999781907 0.8888888888888888 1
1582028192 8.69526516 1.125 2
1582028361 8.833350998 1.0 2
1582028530 9.783597061 1.1 2
1582028699 8.783354401 0.7777777777777778 1
1582113169 10.061031051 1.8 3
1582113334 8.83813787 1.1111111111111112 2
1582113499 10.150597856 1.4 2
1582113834 8.702067872 1.125 2
1582114009 8.871343897 1.2222222222222223 2
1582114170 8.843625914 1.2222222222222223 2
1582114334 8.639875614 1.0 2
1582114498 8.840276482 0.8888888888888888 1
1582114665 8.871274785 1.5 2
1582114825 8.930377848 1.0 2
1582114994 8.647285026 0.8888888888888888 1
1582115154 9.531958245 1.7 3
1582115322 9.216950316 1.0 2
1582115486 8.737339267 1.125 2
1582115649 8.831602667 1.5 2
1582115811 8.876325813 1.6666666666666667 2
1582115975 8.580912388 1.5555555555555556 2
1582116156 8.726368241 1.4444444444444444 2
1582116369 9.134733137 1.5555555555555556 2
1582116547 9.808809061 2.2 3
1582116712 9.239775146 1.4444444444444444 2
1582119033 8.751006802 1.125 2
1582119193 8.867104898 1.0 1
1582119366 8.747966785 1.125 2
1582119541 8.921855843 0.8888888888888888 2
1582119717 8.733435241 0.8888888888888888 1
1582119878 8.972080302 1.2222222222222223 2
1582120053 8.96337936 1.4444444444444444 2
1582120227 8.608918587 1.25 2
1582120947 8.950574922 1.3333333333333333 2
1582121114 8.997058863 0.8888888888888888 2
1582121358 8.545873375 1.1111111111111112 2
1582121519 8.955736035 1.6666666666666667 2
1582125263 8.805563275 1.2222222222222223 2
1582125703 18.200048754 1.1666666666666667 2
1582126072 9.215878063 1.3333333333333333 2
1582126241 8.464397499 0.8888888888888888 1
1582126402 9.303124835 0.9 1
1582126570 9.86894714 0.9 1
1582126734 8.819212586 1.125 2
1582126897 9.450055784 0.6666666666666666 2
1582127058 9.061329606 1.0 2
1582127223 8.831778962 0.8888888888888888 1
1582127392 8.656494767 1.2222222222222223 2
1582127557 9.212042427 1.4444444444444444 2
1582127721 9.164180439 1.0 2
1582127885 9.084503771 1.3333333333333333 2
1582128045 9.07182258 1.4444444444444444 2
1582128211 9.077523883 1.2222222222222223 2
1582128390 9.09696178 1.5555555555555556 2
1582128552 8.818228285 1.5555555555555556 2
1582128715 8.722131321 1.0 2
1582128880 8.863432911 1.0 1
1582129047 8.709271659 1.5555555555555556 3
1582129216 8.784032557 1.25 3
1582129374 8.716146375 1.8888888888888888 3
1582129536 9.022411336 1.5555555555555556 2
1582129698 8.717743551 1.5555555555555556 3
1582185123 8.856001374 1.6666666666666667 2
1582185303 8.628195947 1.3333333333333333 2
1582186036 8.783728395 1.5 2
1582186195 8.791319437 1.3333333333333333 2
1582186931 8.974649315 1.6666666666666667 2
1582187892 8.879448649 1.375 2
1582188052 8.910616794 1.2222222222222223 2
1582188210 9.178927497 1.2222222222222223 2
1582188370 8.803133821 0.8888888888888888 1
1582193821 9.236618385 0.6 1
1582193985 8.800458085 0.3333333333333333 1
1582194149 8.957479404 0.4444444444444444 1
1582194305 9.408654493 0.5555555555555556 1
1582194466 8.862396075 0.7777777777777778 1
1582194631 8.811054092 1.375 2
1582194797 8.725211501 1.125 2
1582194960 8.748728619 1.1111111111111112 2
1582195121 8.943434725 1.0 2
1582195285 8.850304743 1.75 2
1582195778 8.878532586 1.6666666666666667 2
1582195937 8.973891533 1.2222222222222223 2
1582196095 8.877965263 1.0 1
1582196254 9.173046412 0.7777777777777778 1
1582196414 8.670072486 1.2222222222222223 2
1582196573 8.769716582 1.625 2
1582196730 8.742082496 0.8888888888888888 1
1582196891 8.94386762 0.6666666666666666 1
1582197053 8.721549624 0.8888888888888888 1
1582197220 8.796261027 1.3333333333333333 3
1582197375 9.053174334 1.0 1
1582197542 19.063539142 2.210526315789474 3
1582197713 8.831643653 1.75 2
1582197870 8.69407623 1.4444444444444444 2
1582198029 8.722811479 1.8888888888888888 2
1582198185 8.943501512 1.2222222222222223 2
1582198347 8.753220483 0.6666666666666666 1
1582198506 8.792932512 1.0 2
1582198785 8.829448885 0.875 1
1582199137 9.163409178 1.1111111111111112 2
1582631441 8.911502555 1.5555555555555556 2
1582631602 8.863019523 1.5555555555555556 2
1582631758 8.860415088 1.5555555555555556 2
1582631915 8.824428483 0.8888888888888888 1
1582632073 8.879442602 1.1111111111111112 2
1582632229 8.771898368 1.5555555555555556 2
1582632389 8.712194853 1.1111111111111112 2
1582632552 8.859067227 0.875 2
1582632713 8.888318324 1.0 2
1582632872 8.884087921 1.0 1
1582884572 9.132886049 1.2222222222222223 2
1582884749 8.880496806 0.6666666666666666 1
1582884918 9.135347816 1.2222222222222223 2
1582885082 8.923306003 0.7777777777777778 2
1582885246 8.755848963 0.6666666666666666 1
1582885409 8.851266574 1.0 1
1582885567 8.781227994 1.0 2
1582885730 8.92498689 0.8888888888888888 1
1582885895 8.785698635 1.2222222222222223 2
1582886053 8.896392615 0.5 1
1574707133 9.332066005 0.0 0
