1569850046 10.166531257 1.0 2
1569850046 10.166531257 1.0 2
1569850807 9.957547746 0.8 1
1569851064 10.445872864 0.7 1
1569851269 9.964706218 0.7 2
1569851619 10.428654167 0.9 1
1569851831 10.348654521 0.7272727272727273 1
1569852061 9.909868954 1.4 2
1569852285 10.640168434 0.8181818181818182 2
1569852522 10.014792218 1.5 2
1569853141 29.979284756 1.6451612903225807 2
1569853450 10.449052579 1.6 2
1570543169 9.97580633 0.8 2
1570543532 9.842610433 0.4444444444444444 1
1570543741 10.67205642 1.4545454545454546 2
1570544659 10.183430147 1.0909090909090908 2
1570544918 10.20808257 0.7 2
1570545118 9.892854373 2.0 3
1570545335 9.890355832 1.5 2
1571323042 10.752565663 0.36363636363636365 2
1571325160 9.970904886 0.6 2
1571325356 10.078370627 1.5 2
1571325562 10.160893368 0.7 2
1571325762 9.938043082 0.9 1
1571325958 9.875340444 1.3 2
1571326185 82.325045318 0.0 0
1571326850 10.259476046 1.0 1
1571327066 10.079960846 1.1 2
1571327275 10.375837151 0.9 1
1571395952 9.805903262 1.1111111111111112 2
1571396149 9.81031826 1.5 2
1571396345 10.644107425 1.2727272727272727 3
1571396545 10.149299556 0.9 1
1571396744 10.360109946 1.5 2
1571396970 9.835956935 2.1 3
1571397174 10.237648017 1.6363636363636365 3
1571397376 9.960410835 1.0 2
1571397572 9.930462001 1.4 2
1571397770 9.735587957 2.0 3
1571405018 9.939377248 0.6 1
1571405216 9.973083419 0.9 2
1571405414 9.895640847 0.5 2
1571405643 14.550882794 0.8666666666666667 2
1571405846 10.278558528 0.8 1
1571409064 9.717767064 0.9 2
1571409266 10.088587706 0.8 1
1571409468 10.110150804 1.3 2
1571409684 9.927394275 0.9 2
1571409883 10.344075318 0.0 0
1571664492 5.384020179 -1 -1
1571664997 10.320755225 1.0 2
1571665195 26.98875938 1.037037037037037 2
1571665406 10.128922566 1.4 2
1571665600 10.409095116 0.6363636363636364 1
1571665796 10.043586137 0.9 2
1571668213 9.954867479 1.5 2
1571668412 10.112647363 1.2 2
1571668616 10.039440093 0.6 1
1571668810 10.100554891 1.0 2
1571669011 10.014299615 1.5 2
1571752084 9.861771409 1.1 2
1571752280 10.257119182 0.5 2
1571752479 10.195122811 0.6 1
1571752684 10.073949574 0.1 1
1571752879 11.277192725 0.0 0
1571753074 10.264013462 1.1 2
1571753272 9.841136419 0.7777777777777778 2
1571753469 9.942054436 0.6 1
1571753666 10.796815786 0.0 0
1571753863 10.245323107 0.0 0
1571760221 10.353431715 0.6 1
1571760419 10.293418497 0.5 1
1571760620 9.878969271 0.0 0
1571760816 10.639475961 0.18181818181818182 1
1571761018 10.26011886 0.45454545454545453 1
1571761227 10.044117412 0.0 0
1571761425 10.155198175 0.0 0
1571761620 10.011670046 0.2 1
1571761817 9.89513893 0.3 1
1571762024 10.022705885 0.4 1
1572003327 10.09205829 1.6 2
1572003523 9.852132907 0.5 1
1572003719 9.9058111 1.0 2
1572003917 9.845302179 1.0 2
1572004113 9.764061137 0.5 1
1572004309 9.904444477 1.0 2
1572004503 10.083667777 1.1818181818181819 2
1572004702 9.768063914 1.5 2
1572004904 9.939331824 1.0 1
1572005103 9.98242407 0.8 1
1572011304 9.731906947 1.1 2
1572011501 9.694521709 0.9 1
1572011697 10.055570892 0.6 1
1572011895 9.808539514 0.8 1
1572012091 9.816048273 1.1818181818181819 2
1572012288 9.511356252 1.4 2
1572012483 9.970375345 1.6 2
1572012677 9.714184958 0.4 1
1572012872 9.733006322 0.7777777777777778 2
1572013066 9.894230203 1.2 2
1572265125 10.214529914 1.3636363636363635 2
1572265521 10.264380069 1.4545454545454546 2
1572265719 9.87410495 1.0 2
1572265925 9.6961511 1.4444444444444444 2
1572266126 9.919314464 0.7 2
1572266324 9.829015542 1.4 2
1572266524 10.02839538 1.2727272727272727 2
1572266723 9.901988128 1.3 2
1572266926 10.135700236 1.0 2
1572274180 9.209160095 1.0 2
1572274354 9.372356138 1.3333333333333333 2
1572274522 9.459180797 1.1 2
1572274694 9.357356403 1.1818181818181819 2
1572274863 9.444558653 1.1 2
1572275032 9.403498292 1.4444444444444444 2
1572275204 9.778901901 1.3 2
1572275381 9.380807124 0.8 2
1572275549 9.438171553 0.9 1
1572275723 9.087528224 0.7777777777777778 2
1572361341 9.69112635 0.0 0
1572361537 9.874720561 0.3 1
1572361731 9.95259707 0.0 0
1572361926 10.039226834 0.0 0
1572362125 9.853187224 0.1 1
1572362318 10.482796944 0.09090909090909091 1
1572362515 10.145035972 0.1 1
1572362714 9.920940201 0.4 2
1572362909 9.847855233 0.1 1
1572363105 9.750002795 0.2 2
1572366972 9.357058917 0.0 0
1572367140 9.723041224 0.3333333333333333 1
1572367312 9.548149426 0.5555555555555556 1
1572367478 9.289893085 0.0 0
1572367661 9.314993318 0.0 0
1572367838 9.575508675 0.3333333333333333 1
1572368007 9.474693484 0.0 0
1572368175 9.5815488 0.4 1
1572368342 9.595774716 0.0 0
1572368507 9.315473929 0.1 1
1572532456 9.969552095 0.9 1
1572532657 10.055235359 1.4 2
1572532862 9.775508821 1.0 1
1572544559 9.34620814 0.9 1
1572544728 9.747151857 1.1111111111111112 2
1572544899 9.453911567 1.5555555555555556 2
1572545071 9.619582736 1.4 2
1572545245 9.326274541 1.3333333333333333 2
1572870074 9.534693916 1.1111111111111112 2
1572870291 9.68785267 1.1 2
1572870473 9.838483323 0.9 2
1572870694 9.370543873 0.5 1
1572870863 9.192376405 0.3333333333333333 1
1572965621 9.973512125 1.5 2
1572965788 9.460646755 1.5555555555555556 2
1572965957 9.529529891 1.1111111111111112 2
1572966129 9.633770288 0.8 2
1572966295 9.687927074 0.8888888888888888 1
1572966466 9.558122062 1.4545454545454546 2
1572966650 9.7148443 0.6666666666666666 1
1572966829 9.318730411 0.9 1
1572966993 9.303194956 0.9 1
1573207101 9.203687426 0.3333333333333333 1
1573207269 9.751669634 0.2222222222222222 1
1573207438 9.716229724 0.7 2
1573207773 9.375960324 1.0 2
1573207940 9.24282836 0.7 2
1573208107 9.413210091 0.4 1
1573208273 9.082225632 0.1111111111111111 1
1573208441 9.185619812 0.5 1
1573208606 9.383350179 0.8 2
1573220509 9.595870643 0.8 2
1573220677 9.847317182 0.7 2
1573220846 9.555657983 0.4 1
1573221014 9.184714191 1.1 2
1573221180 9.404085417 0.3 1
1573221344 9.253689787 1.2 2
1573221515 9.309114978 0.5555555555555556 2
1573221681 9.740485898 1.1 2
1573221851 9.44721787 1.2222222222222223 2
1573222039 9.86227101 0.9 2
1573222210 9.359887864 1.0 1
1573222377 9.324709913 1.2222222222222223 2
1573222543 9.28043696 0.5555555555555556 1
1573222712 9.664419341 1.6 2
1573301191 9.472480468 1.5 2
1573301359 9.39503476 1.2 2
1573301541 9.611333308 0.9 1
1573301709 9.534396213 0.6 1
1573301895 9.497944399 1.3 2
1573302075 9.43131396 1.0 2
1573302243 9.533288466 1.0 1
1573302417 9.192707206 1.2222222222222223 2
1573302586 9.556966394 0.8888888888888888 1
1573302769 9.212006662 0.3333333333333333 1
1573303903 9.098533023 1.3333333333333333 2
1573304067 9.238677354 1.2222222222222223 2
1573304228 9.388408753 0.7777777777777778 1
1573304394 9.239657038 0.5555555555555556 1
1573304553 9.117625828 1.4444444444444444 2
1573304719 9.251454509 1.2222222222222223 2
1573304878 9.020531568 0.8888888888888888 1
1573305038 9.033221012 0.9 2
1573305359 9.203872808 1.0 2
1573752532 9.431993876 1.2222222222222223 2
1573752790 9.545327711 1.0 2
1573752949 9.502355106 0.8888888888888888 2
1573753108 9.200822183 1.1111111111111112 2
1573753265 9.038505906 1.6666666666666667 2
1573753420 9.416462608 1.0 1
1573753579 9.575856985 1.1 2
1573753732 8.960129414 1.2222222222222223 2
1573753893 9.639640647 1.4 2
1573754713 9.306243514 0.8 1
1573754873 9.436866988 1.6 2
1573755035 9.256095362 1.5555555555555556 2
1573755201 9.058988159 1.1111111111111112 2
1573755363 9.099469104 0.8 1
1573755521 9.154287023 1.4444444444444444 2
1573755675 9.308706043 1.4 2
1573755834 9.126923539 0.6666666666666666 1
1573755992 9.039421705 1.3333333333333333 2
1573756151 5.706522775 2.0 3
1573831457 9.339567508 1.0 2
1573831615 9.183521932 0.3333333333333333 2
1573831774 9.197333469 0.0 0
1573831945 9.471586507 0.0 0
1573832097 9.576583024 0.0 0
1573832260 9.039068694 0.0 0
1573832417 9.600829514 0.0 0
1573832580 9.328530911 0.0 0
1573832736 9.288234079 0.0 0
1573832891 9.147270417 0.1111111111111111 1
1573833242 9.264742103 0.4 1
1573833406 9.17217331 0.3 1
1573833564 8.983857091 0.7777777777777778 1
1573833721 9.60457608 0.2 1
1573901096 8.954497078 0.1 1
1573901253 9.27037357 0.4444444444444444 1
1573901409 9.341094588 0.3 1
1573901726 9.410625709 0.4 1
1573902036 9.187412217 0.7777777777777778 1
1573902193 9.307363559 0.8888888888888888 2
1573902351 9.413509198 0.3333333333333333 1
1573902507 8.995634317 0.3333333333333333 1
1574685825 9.272539708 0.9 2
1574686018 11.659275416 1.1666666666666667 2
1574686186 9.095262622 1.3333333333333333 2
1574686348 9.395044498 1.1 2
1574686506 9.093308911 1.3333333333333333 2
1574686672 9.244822982 1.0 1
1574686836 9.250902508 1.0 2
1574687022 9.336182693 0.7 2
1574687197 9.365742797 0.3333333333333333 2
1574687361 9.44910141 0.4444444444444444 1
1574689690 9.246798241 0.6666666666666666 2
1574689906 9.31836969 1.2 2
1574690075 9.303037536 1.2 3
1574690245 9.273929888 0.6666666666666666 2
1574690415 9.040119513 1.1111111111111112 2
1574690575 9.358055537 0.9 2
1574690746 9.145979731 0.8888888888888888 2
1574690905 9.136246558 1.0 1
1574691090 9.318094581 1.0 2
1574691269 9.340868144 0.6666666666666666 1
1574706890 9.43675304 0.9 2
1574707133 9.508116965 0.0 0
1574954235 9.234492407 0.4444444444444444 1
1574954400 9.538628093 1.0 2
1574954577 9.490495456 0.6666666666666666 1
1574954740 9.104149901 1.2 2
1574954926 8.960191768 0.6666666666666666 2
1574955082 9.392987338 0.7777777777777778 1
1574955340 9.402730676 0.8888888888888888 2
1574955658 9.288176437 1.0 2
1574955819 9.401079606 0.6666666666666666 1
1575026568 9.300890182 0.7777777777777778 1
1575026728 8.909546343 1.4444444444444444 2
1575026889 9.313386434 1.0 2
1575027050 9.01561742 0.6666666666666666 1
1575027213 9.152592371 1.4 2
1575027375 11.876481017 1.5 3
1575027541 9.11385894 1.3333333333333333 2
1575027698 10.359821812 1.0 2
1575027862 9.542937456 0.8888888888888888 2
1575028026 9.334653833 1.2 2
1575112883 9.095039324 1.3333333333333333 2
1575113047 9.344408 1.6 2
1575113205 9.262457543 0.8888888888888888 1
1575113368 9.240502959 1.3333333333333333 2
1575113526 8.924068011 1.1111111111111112 2
1575113685 9.177160599 0.8888888888888888 1
1575113842 9.311984452 1.6666666666666667 2
1575114000 9.190426594 1.3333333333333333 2
1575114163 9.179610615 1.3333333333333333 2
1575114324 9.466215192 0.8888888888888888 1
1575289813 9.439113249 0.4444444444444444 1
1575289979 9.328950327 0.2222222222222222 1
1575290147 9.301246558 0.0 0
1575290334 9.235014365 0.7 1
1575290503 9.207712423 0.1 1
1575290680 9.040305072 0.3333333333333333 1
1575290846 10.381255713 0.7 2
1575291002 9.178310342 0.0 0
1575291164 9.3083568 0.8 2
1575291326 9.499203637 0.3333333333333333 1
1575384214 9.059170018 1.3333333333333333 2
1575384373 9.334494873 1.3 2
1575384534 9.299358996 0.5555555555555556 1
1575384695 9.364820359 1.1111111111111112 2
1575384856 9.135580622 1.1 2
1575385016 9.646514466 0.9 2
1575385176 9.27210075 1.4444444444444444 2
1575385335 9.264388604 0.8888888888888888 1
1575385499 9.156998975 1.2222222222222223 2
1575385658 9.487651301 1.0 2
1575556595 9.248361391 1.1111111111111112 2
1575556756 9.152649861 0.6666666666666666 1
1575556928 9.284256327 0.6 2
1575557114 9.248023635 0.6666666666666666 2
1575557283 9.102984837 0.9 2
1575557467 9.43208904 1.2222222222222223 2
1575557643 9.335505236 0.8888888888888888 2
1575557815 9.251060618 1.3333333333333333 2
1575558275 9.24829276 0.6666666666666666 1
1575558461 9.090104904 1.3333333333333333 2
1579184094 9.156225791 0.2222222222222222 1
1579184808 9.254580052 0.3 1
1579184970 10.083121672 0.4 1
1579185134 9.567434077 0.2 1
1579185307 9.797960239 0.1 1
1579185486 9.072454712 0.5555555555555556 1
1579185667 9.232179769 0.2222222222222222 1
1579185846 9.400283776 0.1 1
1579186035 9.242380775 0.8888888888888888 1
1579186206 9.031274613 0.1111111111111111 1
1579351830 9.100204775 0.2222222222222222 1
1579351990 9.585090369 0.2222222222222222 1
1579352150 9.271329135 1.4 2
1579352312 9.124093614 0.4444444444444444 1
1579352475 9.215704106 1.1111111111111112 2
1579352639 9.197008789 1.2222222222222223 2
1579352796 9.211410917 0.6666666666666666 2
1579352958 9.434875724 1.0 2
1579353120 9.679913858 0.2 1
1579353993 2.99717866 0.6666666666666666 1
1579522912 9.377005366 0.5555555555555556 1
1579523115 9.212239543 0.6666666666666666 1
1579523306 9.47510963 0.3 1
1579523470 9.228873462 0.2222222222222222 1
1579523645 9.070639465 0.5555555555555556 2
1579523825 9.896571577 0.4 1
1579524008 9.140881245 0.6666666666666666 2
1579524195 9.315871655 0.9 2
1579524363 9.616576008 0.5555555555555556 1
1579524531 9.572596652 0.3333333333333333 1
1579537516 9.09111438 0.0 0
1580215390 9.03806462 0.3 1
1580215560 9.781644278 0.9 2
1580215723 9.69669899 1.4 2
1580215882 9.538916179 1.0 2
1580216043 9.250463625 0.8888888888888888 1
1580216206 9.035962479 1.3333333333333333 2
1580216365 9.583875964 0.8888888888888888 1
1580216529 9.3335974 0.9 2
1580216688 9.771938009 0.8888888888888888 1
1580216869 9.218701135 0.6666666666666666 2
1580304778 9.462583891 0.3333333333333333 1
1580305097 9.813122255 0.2 1
1580305257 9.061870683 0.5555555555555556 1
1580305441 9.503999311 0.5555555555555556 2
1580305603 9.079327839 0.7 1
1580305765 9.115775474 0.3333333333333333 1
1580305922 9.733242719 0.5 1
1580306077 9.502438134 1.0 2
1580306238 9.205992174 1.1 2
1581935436 9.577863305 1.2222222222222223 2
1581935598 10.25872031 1.3 2
1581935763 9.396593741 1.6666666666666667 2
1581936102 9.194689431 0.7777777777777778 1
1581936273 10.465375643 1.0 2
1581936436 9.02767335 1.3333333333333333 2
1581936594 9.442685035 1.3 2
1581936770 9.244111607 1.6666666666666667 2
1582026952 9.238795587 1.5 2
1582027114 9.564085397 1.2 2
1582027281 9.402191708 1.1111111111111112 2
1582028025 9.463731591 0.8 1
1582028192 9.170241519 1.0 2
1582028361 9.640030926 0.9 2
1582028530 9.707809998 1.1 2
1582113169 14.974519655 1.2 3
1582113334 9.643661991 1.0 2
1582113499 10.457394571 1.4 2
1582113666 13.079946034 1.1538461538461537 2
1582113834 9.254373796 1.0 2
1582114009 9.415030507 1.1 2
1582114334 9.234333841 0.8888888888888888 2
1582114665 9.774782308 1.4444444444444444 2
1582114825 9.520472535 1.0 2
1582115154 9.708132887 1.7 3
1582115322 9.517352298 1.0 2
1582115486 9.331017307 1.1 2
1582115975 9.183301002 1.4 2
1582116369 9.31421208 1.5 2
1582116547 9.635387783 2.2 3
1582116712 9.524079027 1.4444444444444444 2
1582119193 9.298801746 0.9 1
1582119717 9.40480734 0.8 1
1582119878 9.35891167 1.2222222222222223 2
1582120947 9.336585533 1.3333333333333333 2
1582121114 9.490500889 0.8888888888888888 2
1582121358 9.149233618 1.1111111111111112 2
1582125263 9.488993001 1.1 2
1582125703 18.507565435 1.1666666666666667 2
1582125906 10.328166617 0.75 1
1582126072 9.767182464 1.3 2
1582126241 8.983449916 0.8888888888888888 1
1582126402 9.841490089 0.9 1
1582126570 9.700526364 0.9 1
1582126734 9.542651414 1.0 2
1582126897 9.450055784 0.6666666666666666 2
1582127058 9.353181587 1.0 2
1582127223 9.580308817 0.8888888888888888 1
1582127392 9.217846221 1.2222222222222223 2
1582127557 9.801997863 1.1818181818181819 2
1582127721 9.548191942 0.9090909090909091 2
1582128045 9.443475184 1.3 2
1582128390 9.317034535 1.5555555555555556 2
1582128552 9.500536759 1.4 2
1582128715 9.166043728 1.0 2
1582128880 9.292694451 1.0 1
1582129047 9.135411802 1.4 3
1582129216 9.299386277 1.1111111111111112 3
1582129374 9.320045242 1.7 3
1582129698 9.39671111 1.4 3
1582185123 9.121260611 1.6 2
1582185303 9.394692971 1.2 2
1582186036 9.083965717 1.3333333333333333 2
1582186195 9.69053365 1.2 2
1582186931 9.323103088 1.6666666666666667 2
1582187892 9.487388393 1.3333333333333333 2
1582188052 9.257994086 1.1 2
1582188210 9.739958497 1.1 2
1582188370 9.143040438 0.8888888888888888 1
1582193821 9.299236092 0.6 1
1582193985 9.448187602 0.3333333333333333 1
1582194149 9.347783962 0.4444444444444444 1
1582194305 9.955233321 0.5 1
1582194466 9.276263332 0.7777777777777778 1
1582194631 9.506740413 1.4444444444444444 2
1582194797 9.015379294 1.0 2
1582194960 9.272598586 1.1111111111111112 2
1582195121 9.693670163 0.8888888888888888 2
1582195285 9.321922685 1.5555555555555556 2
1582195778 9.142018516 1.5 2
1582195937 9.394628718 1.2222222222222223 2
1582196095 9.35393 0.9 1
1582196254 9.499495005 0.7 1
1582196414 9.416451776 1.2222222222222223 2
1582196573 9.155268039 1.5555555555555556 2
1582196730 9.164432541 0.8888888888888888 1
1582196891 9.378498222 0.6666666666666666 1
1582197053 9.10417126 0.8888888888888888 1
1582197220 9.346150539 1.3333333333333333 3
1582197375 9.566347141 0.9 1
1582197542 19.227629683 2.210526315789474 3
1582197713 9.519153146 1.7777777777777777 2
1582197870 9.401025413 1.3 2
1582198029 9.282607814 1.8888888888888888 2
1582198185 9.206117485 1.1 2
1582198347 9.302856591 0.6666666666666666 1
1582198506 9.353069647 0.9 2
1582198785 9.293563125 0.7777777777777778 1
1582199137 9.682149592 1.1111111111111112 2
1582631441 9.342277114 1.4 2
1582631602 9.458600171 1.4 2
1582631758 9.5814852 1.4 2
1582631915 9.212928856 0.8888888888888888 1
1582632073 9.217346681 1.1111111111111112 2
1582632229 9.068305139 1.5555555555555556 2
1582632552 9.159914657 0.7777777777777778 2
1582632713 9.535186284 0.9 2
1582632872 9.165737017 1.0 1
1582884572 9.4185636 1.1 2
1582884749 9.351975313 0.6 1
1582884918 9.652212107 1.1 2
1582885082 9.428293059 0.7 2
1582885246 9.171280451 0.6666666666666666 1
1582885409 9.311826954 1.0 1
1582885567 9.372887196 0.9 2
1582885730 9.39558986 0.8888888888888888 1
1582885895 9.210423477 1.2222222222222223 2
1582886053 9.412304143 0.5555555555555556 1
1574707133 9.508116965 0.0 0
