1569850056 3.415498718 1.6666666666666667 2
1569850056 3.415498718 1.6666666666666667 2
1569850817 3.620829884 0.3333333333333333 1
1569851074 4.147628559 1.4 4
1569851279 3.586393095 1.0 1
1569851629 3.607933806 1.0 2
1569851842 3.346871946 0.6666666666666666 2
1569852070 3.431762583 0.5 2
1569852295 3.545763993 1.25 2
1569852532 3.363080466 2.0 2
1569853171 3.567873263 1.5 4
1569853460 3.485746165 1.6666666666666667 3
1570543179 3.716334988 1.25 2
1570543541 3.512020073 1.25 3
1570543752 3.408186504 1.0 2
1570544669 3.718288179 0.3333333333333333 1
1570544927 3.331061316 1.25 3
1570545128 3.431511994 2.0 4
1570545345 3.156566302 1.6666666666666667 3
1571323052 3.42502833 1.25 3
1571325170 3.590946131 0.0 0
1571325366 3.466656649 0.0 0
1571325572 3.490563329 0.0 0
1571325772 3.460688372 0.0 0
1571325968 3.451374303 0.0 0
1571326860 3.427011855 0.0 0
1571327076 3.537200213 0.0 0
1571327285 3.412809744 0.0 0
1571395961 3.382374205 1.0 2
1571396355 4.900463229 0.8 2
1571396555 2.780561309 0.3333333333333333 1
1571396754 3.420552696 1.0 2
1571396980 3.084339107 1.0 1
1571397386 3.336606883 1.0 2
1571397582 3.456949498 1.0 2
1571405028 3.256112837 1.0 1
1571405227 3.035799182 0.6666666666666666 1
1571405424 3.279525787 0.6666666666666666 2
1571405657 3.750198237 0.3333333333333333 1
1571405856 3.22567151 1.0 1
1571409073 3.792408024 0.25 1
1571409276 3.793731523 0.0 0
1571409478 3.425620286 0.0 0
1571409695 3.149137751 0.0 0
1571409893 3.54694034 0.0 0
1571664497 5.043983234 -1 -1
1571665007 3.468069236 1.0 1
1571665222 3.608469769 1.6666666666666667 3
1571665416 3.492356108 1.25 3
1571665610 3.676348826 1.0 2
1571665806 3.632641483 1.3333333333333333 3
1571668223 3.267676489 0.0 0
1571668422 3.752181798 0.0 0
1571668626 3.492360187 0.0 0
1571668820 3.577032227 0.0 0
1571669021 3.292880179 0.0 0
1571752094 3.471338864 1.25 4
1571752289 3.386080415 1.25 3
1571752489 3.542488239 1.3333333333333333 2
1571752693 3.586995169 1.5 4
1571752890 3.412387325 0.6666666666666666 2
1571753084 3.415678353 2.0 4
1571753281 3.459373554 0.75 2
1571753478 3.398693918 1.25 3
1571753676 3.560197189 1.0 2
1571753873 3.459716645 1.0 2
1571760231 3.400786043 0.6666666666666666 1
1571760428 3.718639461 1.5 3
1571760630 3.617033174 1.0 2
1571760826 4.289750558 1.0 3
1571761028 3.415601953 1.25 3
1571761237 3.349106104 1.25 3
1571761435 3.459784315 1.25 2
1571761630 3.451193588 1.25 2
1571761827 3.505306256 1.0 2
1571762034 3.290633743 1.0 3
1572003336 3.630291413 1.25 3
1572003533 3.414526684 0.6666666666666666 1
1572003728 3.70316093 1.25 3
1572003926 3.549863282 1.0 2
1572004123 3.461600255 1.0 2
1572004319 3.38432223 0.3333333333333333 1
1572004513 3.46899872 0.3333333333333333 1
1572004711 3.587261184 2.0 4
1572004914 4.377753286 0.75 1
1572005113 3.340742409 0.6666666666666666 2
1572011314 3.59206761 1.3333333333333333 2
1572011511 3.491706457 1.0 2
1572011706 4.382661407 0.8 2
1572011905 3.219996085 0.0 0
1572012100 3.481763176 1.0 3
1572012298 3.107450437 0.6666666666666666 1
1572012492 3.756462413 1.75 4
1572012686 3.383940182 1.25 3
1572012882 3.368785141 0.6666666666666666 1
1572013076 3.393506852 0.6666666666666666 2
1572265135 3.762013087 0.75 2
1572265332 5.639446241 1.2 3
1572265531 3.764760861 0.3333333333333333 1
1572265729 3.385178779 0.6666666666666666 1
1572265934 3.808121217 1.25 2
1572266135 3.745868316 1.25 3
1572266333 3.967881077 0.75 2
1572266534 3.502694944 1.0 2
1572266732 3.704973977 1.0 3
1572266935 4.143238397 1.2 3
1572274189 2.779634266 0.0 0
1572274362 2.941530245 0.0 0
1572274531 2.555643193 0.0 0
1572274703 2.868396887 0.3333333333333333 1
1572274872 3.240470276 0.0 0
1572275041 2.783890062 0.0 0
1572275213 2.741626489 0.0 0
1572275390 3.079578541 0.0 0
1572275558 2.931390898 0.0 0
1572275732 2.859434392 0.0 0
1572361351 3.326101221 1.0 2
1572361546 3.547920724 0.75 2
1572361740 3.458141025 1.0 2
1572361935 3.461360042 1.25 2
1572362135 3.495691524 0.6666666666666666 1
1572362329 3.505159717 1.0 2
1572362525 3.582534035 1.3333333333333333 2
1572362724 3.408867131 1.0 2
1572362919 3.336083601 0.75 2
1572363115 3.332963689 1.0 1
1572366981 2.913003717 1.0 1
1572367149 2.811449366 1.0 2
1572367321 2.942764505 0.6666666666666666 2
1572367487 2.836401569 0.6666666666666666 1
1572367670 2.84919205 0.5 1
1572367847 2.984436612 1.3333333333333333 2
1572368016 2.764879253 0.5 1
1572368184 2.985785591 1.3333333333333333 3
1572368351 2.929391251 1.0 3
1572368516 2.777292824 1.3333333333333333 2
1572532466 3.575286282 0.3333333333333333 1
1572532667 3.493809565 1.0 1
1572532872 3.380207576 1.0 1
1572544568 2.810762057 0.0 0
1572544737 2.856615386 0.0 0
1572544908 2.83971394 0.0 0
1572545081 2.816476496 0.0 0
1572545254 2.831998704 0.0 0
1572870083 2.977205263 0.3333333333333333 1
1572870300 2.942430031 1.0 2
1572870483 2.989309619 1.0 2
1572870704 2.799382107 1.0 1
1572870872 2.859654583 1.0 2
1572965462 5.167372418 0.8 1
1572965630 2.815900419 1.0 2
1572965798 2.484927131 1.0 1
1572965966 2.904090325 1.0 2
1572966138 2.956249795 0.6666666666666666 2
1572966304 2.976193732 0.6666666666666666 2
1572966476 2.92577275 1.0 2
1572966659 2.949955571 2.0 4
1572966838 3.163109372 1.3333333333333333 2
1572967002 2.730077458 1.3333333333333333 3
1573207110 2.999814221 0.6666666666666666 1
1573207278 3.069374602 1.0 2
1573207447 2.955851144 1.0 3
1573207612 3.188065796 0.6666666666666666 1
1573207782 3.19626442 1.0 1
1573207949 3.097353792 2.3333333333333335 5
1573208116 2.786691971 1.3333333333333333 3
1573208282 2.984213196 0.6666666666666666 1
1573208450 2.874270353 1.3333333333333333 2
1573208615 2.782236036 1.0 2
1573220351 3.488666019 2.3333333333333335 3
1573220518 2.908096389 1.3333333333333333 3
1573220686 2.833165394 1.0 2
1573220855 2.852870305 1.0 3
1573221023 2.881967876 0.3333333333333333 1
1573221190 2.799922841 1.0 1
1573221353 3.211939261 2.25 5
1573221524 2.699791852 1.0 2
1573221691 2.896827569 0.6666666666666666 2
1573221860 3.643982628 0.3333333333333333 1
1573222048 3.027005017 1.3333333333333333 2
1573222219 2.936625469 0.6666666666666666 1
1573222386 2.80287013 1.0 2
1573222552 2.803878708 0.6666666666666666 1
1573222722 2.797803397 0.5 1
1573301200 2.816003967 0.5 1
1573301368 2.898869189 1.3333333333333333 2
1573301550 3.101884023 1.0 1
1573301718 3.06959755 0.6666666666666666 2
1573301905 3.833768432 1.0 3
1573302084 2.856934823 1.0 3
1573302252 2.947254733 0.6666666666666666 1
1573302426 2.906321186 1.0 1
1573302595 2.773232961 1.0 2
1573302778 2.825601258 1.0 2
1573303911 2.719449093 1.3333333333333333 3
1573304075 2.675860427 1.6666666666666667 3
1573304237 2.836197592 1.0 2
1573304403 3.074440766 0.3333333333333333 1
1573304561 2.69991139 1.3333333333333333 3
1573304728 2.646915254 1.0 2
1573304887 2.735267424 1.0 2
1573305047 2.731651262 0.6666666666666666 2
1573305208 2.640855795 1.3333333333333333 2
1573305368 2.51294443 1.3333333333333333 3
1573752541 2.831837209 0.5 1
1573752799 4.044261895 1.0 1
1573752958 2.738517215 1.0 2
1573753116 4.016538779 0.75 3
1573753274 2.735614301 0.6666666666666666 1
1573753429 3.211616691 0.6666666666666666 1
1573753588 2.420096057 1.0 2
1573753740 2.63417978 0.3333333333333333 1
1573753902 2.635606807 1.6666666666666667 4
1573754722 3.043153511 0.3333333333333333 1
1573754883 2.514331693 0.0 0
1573755043 2.800795186 0.3333333333333333 1
1573755209 2.990681048 1.6666666666666667 3
1573755372 2.467827892 0.6666666666666666 2
1573755530 2.577825267 0.0 0
1573755684 2.935486098 1.0 2
1573755843 2.468030128 1.0 1
1573756000 2.522867775 1.3333333333333333 3
1573756157 2.830198669 0.6666666666666666 2
1573831465 2.842383344 1.3333333333333333 2
1573831623 2.77359727 1.6666666666666667 3
1573831783 2.737130597 0.5 1
1573831954 2.807675215 0.6666666666666666 1
1573832106 2.644567508 0.3333333333333333 1
1573832268 2.860668925 0.6666666666666666 2
1573832426 2.857319282 0.3333333333333333 1
1573832589 2.383407513 1.0 1
1573832744 2.515211424 1.3333333333333333 3
1573832900 2.76462504 1.0 2
1573833096 2.645001564 1.0 1
1573833251 2.605158524 1.0 2
1573833415 3.003339789 0.6666666666666666 2
1573833573 2.5739452 1.0 1
1573833730 2.939535063 1.0 1
1573901104 2.462468385 1.3333333333333333 3
1573901262 3.118630944 0.6666666666666666 2
1573901418 2.595854899 1.0 2
1573901574 4.764618441 2.6 4
1573901735 2.590700747 1.0 1
1573901889 3.322359621 1.25 3
1573902044 2.772021032 1.3333333333333333 4
1573902202 3.066058787 1.0 2
1573902360 2.571505533 0.5 1
1573902515 2.427165231 1.3333333333333333 3
1574685834 3.674114543 1.25 2
1574686034 2.485496083 0.6666666666666666 2
1574686195 2.800143658 1.3333333333333333 2
1574686357 4.082519243 1.5 3
1574686515 3.51209974 0.3333333333333333 1
1574686681 2.768602747 1.0 1
1574686845 4.045234523 0.5 2
1574687032 3.300646256 0.3333333333333333 1
1574687206 4.013750708 0.75 1
1574687370 2.935445191 1.0 2
1574689699 2.509357676 1.0 1
1574689916 4.111340443 1.0 3
1574690084 4.01356266 0.75 2
1574690254 3.972446841 1.0 3
1574690424 4.052043756 0.25 1
1574690584 3.065961602 1.0 2
1574690755 3.452422453 1.25 2
1574690914 3.57223024 1.25 4
1574691098 4.387609278 1.4 3
1574691278 4.142239462 0.75 2
1574706900 3.88959484 0.3333333333333333 1
1574707142 2.599959606 0.0 0
1574954244 5.406217641 0.6 1
1574954409 4.099443531 0.75 2
1574954586 4.308156194 0.75 2
1574954749 3.251070294 0.75 1
1574954934 3.714103405 1.0 3
1574955091 4.119610703 0.75 3
1574955349 3.714204562 0.6666666666666666 1
1574955510 1.999386593 0.3333333333333333 1
1574955667 3.942311234 0.5 1
1574955828 3.778304773 1.0 1
1575026577 3.345499953 0.6666666666666666 1
1575026737 3.327763358 0.3333333333333333 1
1575026898 2.862578241 1.0 2
1575027059 3.396800865 0.3333333333333333 1
1575027222 4.074974331 0.5 1
1575027386 3.475144477 1.5 4
1575027550 3.282622778 0.0 0
1575027708 3.406095818 1.0 2
1575027871 4.218336954 0.75 2
1575028035 3.244583449 1.5 4
1575112892 3.205539746 1.0 3
1575113056 3.245619821 1.5 4
1575113214 3.115495161 1.0 1
1575113377 3.173326085 1.0 3
1575113535 3.660125233 0.6666666666666666 1
1575113693 3.172567381 1.25 3
1575113851 3.451593981 0.3333333333333333 1
1575114009 3.594361781 1.3333333333333333 2
1575114172 3.436235429 0.6666666666666666 2
1575114333 3.044738294 0.6666666666666666 1
1575289823 3.216155782 0.0 0
1575289988 3.330789548 1.6666666666666667 2
1575290156 3.082249655 0.6666666666666666 2
1575290343 4.48584043 0.6 3
1575290512 3.600791407 1.0 2
1575290688 3.619930037 1.0 2
1575290856 3.071772406 0.6666666666666666 1
1575291011 3.595654809 0.3333333333333333 1
1575291173 3.496857579 0.5 2
1575291335 3.287663597 1.0 2
1575384223 2.664207026 1.0 2
1575384383 4.422786919 0.25 1
1575384543 3.407468474 1.0 1
1575384704 4.039430594 0.5 2
1575384865 3.479120924 1.0 2
1575385184 3.159216973 1.3333333333333333 3
1575385344 3.352490991 0.6666666666666666 1
1575385507 3.415235316 0.75 3
1575385667 3.408107895 1.6666666666666667 3
1575556604 3.073212996 0.6666666666666666 2
1575556765 3.335903238 1.3333333333333333 2
1575556937 5.546364722 0.8333333333333334 3
1575557122 3.458528753 1.0 2
1575557292 4.431683245 0.8 3
1575557476 4.010253647 0.75 1
1575557652 3.334175723 0.6666666666666666 2
1575557824 3.460138058 1.75 3
1575558284 3.620371326 0.5 2
1575558470 3.207261641 1.0 1
1579184103 3.156607637 0.0 0
1579184817 3.519983808 0.5 2
1579184980 4.270531188 1.0 1
1579185143 3.330969493 1.0 2
1579185316 3.702781388 1.0 2
1579185494 3.241050413 1.0 3
1579185676 3.376825803 0.6666666666666666 1
1579185855 6.634367851 0.7142857142857143 3
1579186044 3.25193663 0.3333333333333333 1
1579186215 3.710009411 0.6666666666666666 1
1579351839 3.675088922 1.0 2
1579351999 3.551978158 1.25 2
1579352159 3.274856164 1.5 4
1579352320 3.546128195 0.75 2
1579352483 3.334778429 1.5 4
1579352647 3.547416996 1.25 3
1579352805 3.408060359 1.0 2
1579352967 4.393428388 0.5 1
1579353129 3.475216784 1.0 3
1579353996 3.8827802 0.75 2
1579522921 2.574591942 0.6666666666666666 2
1579523124 3.229019677 1.3333333333333333 2
1579523315 3.46399833 1.0 2
1579523479 3.228497879 1.3333333333333333 2
1579523653 3.026326931 1.5 3
1579523835 3.545402159 1.25 2
1579524017 3.192702534 0.6666666666666666 2
1579524204 2.944896256 1.3333333333333333 2
1579524372 4.74354235 0.8 2
1579524540 3.028376278 0.3333333333333333 1
1579537525 3.932301315 0.5 2
1580215399 3.699482824 0.6666666666666666 1
1580215570 3.241870231 0.3333333333333333 1
1580215732 3.282527936 1.6666666666666667 3
1580215891 3.615578757 1.0 3
1580216052 3.277561305 1.0 1
1580216214 3.077382745 1.5 3
1580216374 3.449047965 1.0 2
1580216538 3.957614579 0.0 0
1580216697 4.013732435 1.0 2
1580216878 3.998950855 0.5 2
1580304787 3.174695998 1.0 2
1580304944 4.238990387 0.8 3
1580305106 3.383997242 2.3333333333333335 4
1580305266 3.398462714 0.75 2
1580305450 3.688781149 1.0 1
1580305612 3.915709111 1.0 3
1580305774 3.257388724 1.3333333333333333 2
1580305931 2.730985889 0.6666666666666666 2
1580306086 3.355588838 1.75 3
1580306247 3.66475221 0.5 2
1581935287 3.70625563 0.5 1
1581935445 3.284481917 1.0 2
1581935607 3.660142392 0.6666666666666666 1
1581935772 3.700855525 0.5 1
1581935940 3.401232954 1.25 4
1581936111 3.743946701 0.6666666666666666 1
1581936282 3.205449564 0.6666666666666666 1
1581936445 3.368674817 1.25 4
1581936603 3.069725266 0.6666666666666666 1
1581936779 3.674529107 0.75 1
1582026961 3.293735679 1.25 2
1582027123 3.084185293 0.6666666666666666 1
1582027290 3.548039929 1.5 4
1582027457 3.698738327 1.0 2
1582027868 3.231405414 1.3333333333333333 2
1582028034 3.343608121 1.25 3
1582028200 3.972819379 1.25 3
1582028370 3.711053173 1.0 1
1582028540 2.584572382 1.0 2
1582028708 3.373419511 1.0 2
1582113179 7.583356635 1.8571428571428572 3
1582113343 4.335830426 1.0 2
1582113509 4.052075219 1.5 2
1582113842 3.876221049 1.0 2
1582114018 3.163760218 1.0 2
1582114179 3.832626014 1.0 3
1582114342 3.53500182 0.75 2
1582114507 3.452539378 0.75 2
1582114673 2.9165116 2.0 4
1582114834 3.717667652 0.6666666666666666 2
1582115003 3.643911527 0.75 2
1582115164 3.507747636 1.0 3
1582115332 3.139971043 0.3333333333333333 1
1582115494 2.994237514 1.0 3
1582115658 3.040096993 1.25 3
1582115820 3.42382038 0.5 1
1582115984 3.462144662 0.6666666666666666 1
1582116165 3.325844412 0.6666666666666666 1
1582116378 3.283869451 1.5 4
1582116557 2.776611136 2.0 3
1582116721 3.238427888 1.6666666666666667 3
1582119041 3.52031607 1.25 3
1582119202 4.056654817 1.0 2
1582119374 4.273548671 1.4 3
1582119550 3.820081659 1.0 2
1582119726 3.115114487 1.3333333333333333 2
1582119887 3.330282017 1.0 2
1582120062 4.927816327 1.2 2
1582120235 3.631219835 1.25 4
1582120956 3.277113851 0.6666666666666666 1
1582121123 2.948165719 1.0 1
1582121367 3.323746173 1.3333333333333333 2
1582121528 3531.661085685 0.0 0
1582125272 3.113654105 0.3333333333333333 1
1582125721 3.601305731 1.0 3
1582126081 3.281671005 1.6666666666666667 4
1582126250 2.902911622 1.0 1
1582126412 3.601319585 0.3333333333333333 1
1582126580 3.108009741 0.6666666666666666 2
1582126742 3.977654015 1.25 3
1582126906 2.646053371 1.0 2
1582127067 3.295604048 0.6666666666666666 2
1582127232 3.039925559 0.6666666666666666 2
1582127401 3.68550707 0.6666666666666666 2
1582127566 3.46796049 1.0 3
1582127731 2.783758535 0.5 1
1582127894 2.815401853 1.0 2
1582128054 2.704119955 1.3333333333333333 3
1582128220 2.988134783 1.3333333333333333 3
1582128399 2.902987676 1.0 3
1582128561 3.140871355 1.0 3
1582128724 4.033066927 0.5 2
1582128889 3.832472064 0.75 2
1582129056 3.423335228 1.0 2
1582129225 2.687046943 1.0 3
1582129383 2.659470473 0.3333333333333333 1
1582129545 2.66581297 0.5 1
1582129707 2.803717217 0.3333333333333333 1
1582185132 3.723786587 0.75 2
1582185312 3.647079639 1.0 2
1582186044 3.451796327 0.0 0
1582186204 3.206190633 0.0 0
1582186940 3.437094117 0.0 0
1582187900 3.346810206 0.25 1
1582188061 3.159299283 1.0 2
1582188219 3.524776786 1.0 2
1582188379 4.096850566 0.0 0
1582193831 3.010003826 2.0 3
1582193994 3.460355219 0.6666666666666666 1
1582194158 3.252860399 1.0 1
1582194314 3.202985572 1.5 3
1582194475 3.638872255 1.0 2
1582194640 3.348711321 1.75 5
1582194805 3.446353377 1.25 3
1582194969 3.204273239 0.3333333333333333 1
1582195129 3.335698474 1.0 3
1582195293 3.042607487 1.0 3
1582195787 3.416679904 1.25 3
1582195946 3.362597032 0.0 0
1582196104 3.155663845 0.6666666666666666 2
1582196263 3.017145184 1.3333333333333333 3
1582196423 3.422945762 0.6666666666666666 2
1582196581 3.904050625 1.25 4
1582196739 3.678162642 0.75 2
1582196900 2.984491116 0.3333333333333333 1
1582197062 2.946816537 0.6666666666666666 1
1582197229 3.745622801 1.3333333333333333 3
1582197385 2.515608725 2.0 3
1582197561 3.361201284 2.3333333333333335 3
1582197721 3.162486217 1.75 5
1582197879 3.136546418 0.6666666666666666 1
1582198038 3.493245632 0.3333333333333333 1
1582198194 3.162042045 1.0 3
1582198356 3.461158678 0.3333333333333333 1
1582198514 3.247109789 1.5 3
1582198793 3.059688542 1.25 3
1582199146 4.286126014 0.5 2
1582631450 2.801548428 1.3333333333333333 3
1582631611 3.047518689 0.6666666666666666 2
1582631767 3.518927231 0.75 3
1582631924 3.329306074 0.6666666666666666 1
1582632082 3.19760369 0.6666666666666666 2
1582632238 3.488674304 1.25 3
1582632398 3.545173323 1.0 3
1582632560 4.168371379 0.8 3
1582632722 3.141564546 1.0 2
1582632881 3.773338955 0.75 2
1582884581 2.768039186 1.3333333333333333 2
1582884758 3.873268288 1.0 2
1582884927 3.20768033 1.3333333333333333 3
1582885091 2.832871707 1.3333333333333333 2
1582885255 3.871848627 0.75 1
1582885418 3.171937553 0.6666666666666666 1
1582885576 3.833414769 1.0 3
1582885739 3.330472469 0.3333333333333333 1
1582885904 3.17967548 1.3333333333333333 3
1582886061 3.520569489 1.5 4
1574707142 2.599959606 0.0 0
