1569850065 9.750078637 0.0 0
1569850065 9.750078637 0.0 0
1569850827 9.804015611 0.0 0
1569851084 9.880662855 0.0 0
1569851288 9.849593846 0.0 0
1569851637 9.776873291 0.3 2
1569851850 9.697420448 0.4 2
1569852079 9.936146174 0.0 0
1569852304 9.807637182 0.6 3
1569852541 9.818515074 1.6666666666666667 4
1569853181 9.884746384 0.0 0
1569853470 14.127197171 0.2 1
1570543192 9.096419858 0.2222222222222222 1
1570543550 9.554001025 0.2222222222222222 2
1570543761 9.487958371 0.4444444444444444 2
1570544678 9.459864968 0.0 0
1570544936 9.408773792 0.5 2
1570545137 9.377606037 0.4444444444444444 3
1570545354 11.420868063 0.0 0
1571323061 9.503424123 4.2 7
1571325179 9.683165338 0.1111111111111111 1
1571325375 9.492104926 0.4444444444444444 2
1571325580 9.553183009 0.5 4
1571325780 9.452431143 0.5 3
1571325977 9.646735082 0.5555555555555556 3
1571326869 9.526167388 0.5555555555555556 4
1571327085 9.44313704 0.3333333333333333 2
1571327294 9.570251223 0.1111111111111111 1
1571395970 9.587057906 2.1 8
1571396168 9.459303947 1.3 4
1571396366 9.763705685 0.9 3
1571396563 9.559929462 1.8 6
1571396763 9.477409439 1.1111111111111112 3
1571396988 9.527422515 0.2 2
1571397194 9.678435573 0.0 0
1571397395 9.323267831 0.1111111111111111 1
1571397591 9.492889636 0.0 0
1571397788 9.808113828 1.3 4
1571405037 9.605320416 0.3333333333333333 2
1571405235 10.02397806 0.9 4
1571405432 9.822056065 0.3 3
1571405666 9.434473354 1.3333333333333333 4
1571405865 9.586687609 1.2 4
1571409083 9.451709921 0.0 0
1571409285 9.494429853 0.9 3
1571409486 9.716092822 0.7 3
1571409703 9.519774963 1.0 2
1571409902 9.331703561 0.1111111111111111 1
1571664507 10.229829546 -1 -1
1571665016 9.554843285 0.2222222222222222 2
1571665231 9.55082735 0.0 0
1571665425 9.374400228 0.2222222222222222 1
1571665619 9.520472228 0.2 2
1571665815 9.491357845 1.3333333333333333 5
1571668232 9.568046732 0.0 0
1571668431 9.529515174 0.1111111111111111 1
1571668634 9.359798365 0.3 2
1571668829 9.493152338 0.8 3
1571669030 9.516842972 0.6666666666666666 4
1571752102 9.41324387 0.4 3
1571752298 9.392299831 0.9 4
1571752497 9.495144747 0.0 0
1571752702 9.594635509 0.4 3
1571752899 9.470071319 0.4444444444444444 2
1571753093 9.498289767 0.0 0
1571753290 9.553981936 0.8888888888888888 4
1571753487 9.639952565 0.2 2
1571753685 9.453906494 0.2 2
1571753882 9.509593819 0.6666666666666666 3
1571760240 9.583493644 0.1111111111111111 1
1571760437 9.718412039 0.0 0
1571760639 9.622383316 0.3333333333333333 1
1571760839 9.575459135 0.3 2
1571761037 10.103928368 0.6 2
1571761245 9.584478129 0.6 4
1571761444 9.496993555 2.2222222222222223 5
1571761639 9.473101054 0.2222222222222222 2
1571761835 9.429116158 0.5 3
1571762043 9.507700034 0.1111111111111111 1
1572003345 9.523827578 2.2 4
1572003542 9.312870052 0.7777777777777778 2
1572003737 9.493401003 1.2 5
1572003935 9.40923655 2.4444444444444446 6
1572004131 9.493747583 1.5 4
1572004327 9.505594063 1.3 3
1572004522 9.600311491 0.1111111111111111 1
1572004720 9.687309675 0.0 0
1572004924 9.496337409 0.1111111111111111 1
1572005121 9.512318277 0.3 1
1572011322 9.595168946 0.0 0
1572011519 9.380671433 0.9 3
1572011719 9.46356247 0.0 0
1572011913 9.305673504 0.4444444444444444 2
1572012109 9.423400162 0.4 2
1572012306 9.348037691 0.7 3
1572012502 9.503666423 0.1111111111111111 1
1572012695 9.451180448 0.2 1
1572012890 9.411388052 0.4 2
1572013085 9.46839921 0.1111111111111111 1
1572265144 9.533400922 3.2 6
1572265344 9.604238205 2.5 6
1572265540 9.641267748 1.3333333333333333 4
1572265738 9.506902055 0.7777777777777778 3
1572265943 9.402010108 1.0 5
1572266145 9.452153375 1.2222222222222223 3
1572266344 9.596574947 1.6666666666666667 4
1572266543 9.454692146 1.5555555555555556 5
1572266741 9.531620762 0.5 2
1572266947 9.669551641 0.8888888888888888 4
1572274197 7.502574485 0.7142857142857143 3
1572274370 7.730551781 0.14285714285714285 1
1572274538 7.622232319 0.375 2
1572274711 7.692990612 0.0 0
1572274880 7.644305189 0.0 0
1572275048 7.688760825 0.875 2
1572275220 7.780400227 0.125 1
1572275398 7.58596642 0.2857142857142857 1
1572275566 7.65285241 0.5714285714285714 2
1572275739 7.603558401 0.5 3
1572361360 9.573351374 0.5555555555555556 5
1572361555 9.522192421 0.3333333333333333 2
1572361749 9.39945355 0.0 0
1572361944 9.557935709 0.0 0
1572362143 9.542845552 0.0 0
1572362337 9.608163989 1.2 4
1572362534 9.588012603 1.7777777777777777 5
1572362733 9.496704696 3.1 7
1572362928 9.365815573 2.7777777777777777 6
1572363124 9.53031408 1.6666666666666667 5
1572366988 7.502875383 0.14285714285714285 1
1572367156 7.651821032 2.0 4
1572367328 7.707613191 1.375 4
1572367494 7.772500646 0.14285714285714285 1
1572367677 7.584967343 0.0 0
1572367854 7.643408094 0.0 0
1572368023 7.76259759 0.0 0
1572368192 7.722692197 0.0 0
1572368358 7.524487069 0.375 2
1572368523 7.664780631 0.375 2
1572532475 9.488700471 3.3333333333333335 7
1572532675 9.598218739 2.3 5
1572532881 9.447896337 2.4 4
1572544575 7.709667636 0.5 2
1572544744 7.644575552 0.25 2
1572544915 7.577143054 0.75 3
1572545088 7.620021482 0.25 2
1572545261 7.677695777 0.75 5
1572870090 7.762191709 3.625 7
1572870308 7.698359087 2.7142857142857144 7
1572870490 7.771194223 1.375 5
1572870711 7.714951862 2.857142857142857 6
1572870879 7.774232365 1.75 5
1572965472 8.231688822 2.125 4
1572965637 7.694611095 2.125 6
1572965805 7.639110767 3.125 7
1572965973 7.615116032 2.875 5
1572966145 7.610741077 2.25 7
1572966312 7.711556968 1.1428571428571428 5
1572966483 7.692499583 0.2857142857142857 2
1572966666 7.808599505 0.75 3
1572966846 7.61789449 0.5714285714285714 2
1572967009 7.658642437 1.0 2
1573207117 7.653967887 0.625 2
1573207285 7.720305372 1.625 4
1573207454 7.709672549 0.0 0
1573207619 7.66459611 0.125 1
1573207790 7.877441551 0.42857142857142855 2
1573207957 7.884803037 0.375 1
1573208124 7.860610511 0.2857142857142857 2
1573208289 7.63631735 0.0 0
1573208457 7.651897228 0.875 2
1573208623 7.661170555 0.42857142857142855 2
1573220359 7.702227661 0.25 2
1573220526 7.57616325 0.14285714285714285 1
1573220693 7.58636148 0.75 3
1573220863 7.647146901 0.0 0
1573221030 7.626204611 0.5 2
1573221197 7.639556003 0.14285714285714285 1
1573221361 7.704101189 0.0 0
1573221531 7.833955822 0.14285714285714285 1
1573221698 7.703428295 0.375 1
1573221868 7.59161117 1.5 6
1573222056 7.672684859 1.0 4
1573222226 7.647878506 0.625 3
1573222393 7.685461477 1.5 3
1573222559 7.991311471 0.375 3
1573222729 7.44516017 0.2857142857142857 1
1573301207 7.67168906 0.14285714285714285 1
1573301375 7.595158732 1.25 4
1573301557 7.777227183 1.0 4
1573301726 25.696382851 0.08 1
1573301913 7.745506469 1.375 3
1573302092 7.612532811 0.875 3
1573302259 7.696319219 0.375 1
1573302433 7.645295468 1.25 4
1573302602 7.635557549 0.875 3
1573302785 7.690094111 0.375 2
1573303918 7.342070065 1.0 3
1573304082 6.987166251 0.5714285714285714 2
1573304243 7.203990239 0.625 3
1573304410 6.968741748 1.1428571428571428 3
1573304568 6.89769543 1.0 2
1573304735 7.05761744 1.5714285714285714 5
1573304893 7.072220347 0.7142857142857143 2
1573305055 7.085797361 0.5714285714285714 2
1573305215 6.988343807 0.42857142857142855 1
1573305375 6.854750032 0.2857142857142857 2
1573752548 6.832738611 2.2857142857142856 4
1573752809 7.030404429 0.625 3
1573752965 7.080539007 0.14285714285714285 1
1573753125 6.946808177 3.6666666666666665 6
1573753281 6.693104023 0.5714285714285714 3
1573753437 7.021941322 0.14285714285714285 1
1573753594 6.965309044 0.14285714285714285 1
1573753747 7.040684064 1.2857142857142858 4
1573753911 6.875899477 0.8571428571428571 2
1573754730 6.916565233 0.2857142857142857 1
1573754889 6.997089775 0.0 0
1573755053 7.311624758 0.8571428571428571 3
1573755216 7.345846582 0.0 0
1573755379 6.886390303 0.8333333333333334 3
1573755536 6.942381526 1.2857142857142858 2
1573755691 6.793186118 2.0 4
1573755850 6.732412811 0.0 0
1573756007 6.960487962 0.2857142857142857 1
1573756169 8.851392411 1.375 6
1573831472 7.112619256 0.0 0
1573831630 6.932236181 0.5714285714285714 3
1573831790 7.069354414 1.8571428571428572 4
1573831961 6.973865462 0.7142857142857143 4
1573832113 6.952093841 0.0 0
1573832276 7.144822565 1.1428571428571428 4
1573832433 7.262799073 0.42857142857142855 2
1573832595 6.880622548 0.2857142857142857 2
1573832751 6.912405627 0.14285714285714285 1
1573832907 6.94804424 1.0 3
1573833102 6.872793643 1.2857142857142858 3
1573833258 7.037948853 0.0 0
1573833422 6.957371641 0.7142857142857143 3
1573833580 6.94838455 0.14285714285714285 1
1573833737 6.928180488 1.0 3
1573901111 7.165563206 0.2857142857142857 2
1573901270 6.940271411 0.2857142857142857 1
1573901425 6.974525814 2.0 4
1573901586 7.041465571 2.142857142857143 5
1573901741 7.000272431 1.5714285714285714 3
1573901897 6.793959448 2.142857142857143 3
1573902051 7.022814069 1.2857142857142858 3
1573902210 6.854282168 0.2857142857142857 1
1573902366 6.894984748 1.4285714285714286 2
1573902522 7.406093358 0.5714285714285714 2
1574685842 6.865643589 0.8571428571428571 3
1574686041 8.362154409 0.3333333333333333 2
1574686202 6.796717733 1.4285714285714286 2
1574686367 7.00013308 0.6666666666666666 2
1574686523 6.960401598 1.0 3
1574686688 6.841187488 0.5 2
1574686853 6.842812415 0.0 0
1574687039 6.851443935 0.0 0
1574687216 6.804617205 0.7142857142857143 3
1574687377 6.846726607 0.7142857142857143 2
1574689706 6.944596474 0.14285714285714285 1
1574689924 6.939499262 0.5714285714285714 4
1574690094 6.92890491 1.7142857142857142 3
1574690262 6.918924295 0.0 0
1574690432 6.849495254 0.42857142857142855 1
1574690592 6.814695563 0.0 0
1574690763 6.955447812 0.2857142857142857 2
1574690922 6.839290447 0.8571428571428571 3
1574691109 6.77022122 1.5714285714285714 4
1574691287 6.890182537 1.5 3
1574706908 6.875728405 0.7142857142857143 2
1574707149 6.926756966 0.0 0
1574954254 7.009515736 0.7142857142857143 2
1574954417 6.9406066 0.14285714285714285 1
1574954595 6.765303638 0.0 0
1574954758 6.927534066 0.42857142857142855 3
1574954942 6.955795789 0.8571428571428571 2
1574955100 7.125199385 0.0 0
1574955357 6.811873298 1.5714285714285714 3
1574955517 6.784644776 0.5714285714285714 2
1574955675 6.829891856 0.2857142857142857 1
1574955836 6.805058615 1.2857142857142858 2
1575026584 6.738764283 0.14285714285714285 1
1575026744 6.880167294 0.2857142857142857 1
1575026905 6.794441633 0.7142857142857143 3
1575027067 6.9023828 0.0 0
1575027231 6.978204146 0.2857142857142857 1
1575027394 6.884652579 0.5714285714285714 4
1575027557 7.017184768 0.0 0
1575027716 6.796815938 0.8571428571428571 3
1575027881 7.356759986 0.0 0
1575028043 7.104763752 1.1428571428571428 3
1575112900 7.46549139 0.0 0
1575113065 7.323205827 0.25 2
1575113221 6.88913477 0.14285714285714285 1
1575113385 6.856155817 0.0 0
1575113543 6.811399941 1.1666666666666667 4
1575113702 6.888526214 0.14285714285714285 1
1575113859 6.901257334 0.8571428571428571 2
1575114016 6.920832274 1.0 3
1575114179 6.794458456 0.42857142857142855 2
1575114340 7.148099358 1.4285714285714286 3
1575289832 6.823830583 0.7142857142857143 3
1575289996 6.832884594 0.0 0
1575290164 6.804427687 1.0 3
1575290352 6.984057107 1.0 3
1575290520 6.865297378 1.5714285714285714 4
1575290696 6.978282507 0.0 0
1575290863 6.940327118 0.5714285714285714 3
1575291018 6.960570466 0.0 0
1575291181 6.804051376 0.5 2
1575291342 6.912825805 0.0 0
1575384229 6.974803927 0.42857142857142855 2
1575384392 6.855408669 0.0 0
1575384550 6.780372657 0.7142857142857143 2
1575384713 7.026033314 0.2857142857142857 1
1575384873 7.028633772 1.5714285714285714 4
1575385033 6.698939132 0.0 0
1575385192 7.107000021 0.42857142857142855 1
1575385351 6.92725 0.2857142857142857 2
1575385515 6.771212097 0.5714285714285714 2
1575385675 6.952099347 1.0 2
1575556611 7.145568406 0.2857142857142857 1
1575556773 6.853424754 0.42857142857142855 3
1575556947 6.881772399 0.0 0
1575557130 6.816788123 0.0 0
1575557301 6.926779096 0.14285714285714285 1
1575557484 6.912267943 0.42857142857142855 2
1575557659 6.883369828 0.0 0
1575557832 6.971599935 0.8571428571428571 3
1575558292 6.938735115 0.5714285714285714 2
1575558477 6.927914129 1.1428571428571428 3
1579184110 6.82243925 0.14285714285714285 1
1579184825 6.97770235 1.4285714285714286 4
1579184988 6.707181488 2.5714285714285716 6
1579185150 7.095092571 0.2857142857142857 2
1579185327 6.807976656 0.8571428571428571 3
1579185501 7.025851504 0.14285714285714285 1
1579185683 6.944442066 0.2857142857142857 2
1579185868 7.263034573 0.5 2
1579186051 7.079921013 0.8571428571428571 3
1579186222 6.913225132 0.42857142857142855 2
1579351847 6.829597166 0.7142857142857143 4
1579352006 7.002037007 1.1428571428571428 3
1579352168 6.86344154 0.5 1
1579352329 6.966466569 1.0 3
1579352491 7.058511364 0.8571428571428571 3
1579352656 6.993542796 0.2857142857142857 1
1579352812 6.982944297 0.5714285714285714 2
1579352976 6.89940295 0.42857142857142855 2
1579353137 6.872136554 0.7142857142857143 3
1579354004 7.055699447 0.8571428571428571 2
1579522928 6.947029917 0.5714285714285714 2
1579523131 6.766215385 1.0 5
1579523323 6.965574119 0.42857142857142855 1
1579523486 6.732064709 1.0 4
1579523661 6.960087135 0.2857142857142857 2
1579523843 6.920940697 1.2857142857142858 4
1579524024 6.860779746 0.7142857142857143 3
1579524213 7.030718521 0.42857142857142855 1
1579524382 6.807839557 0.42857142857142855 1
1579524547 6.94387835 0.7142857142857143 2
1579537533 34.978717002 0.11428571428571428 2
1580215408 6.929800791 0.16666666666666666 1
1580215577 7.037763449 0.2857142857142857 2
1580215739 6.758396532 0.5714285714285714 2
1580215899 7.034902069 0.0 0
1580216059 6.667774616 0.14285714285714285 1
1580216221 7.039212 0.7142857142857143 2
1580216382 6.936547745 2.4285714285714284 4
1580216546 6.894705588 0.2857142857142857 1
1580216706 6.952988826 1.5714285714285714 6
1580216887 6.894258611 0.42857142857142855 2
1580304794 6.828884493 0.7142857142857143 3
1580304952 7.172124465 0.75 3
1580305114 6.974832469 0.8571428571428571 2
1580305273 7.232370586 0.875 4
1580305457 6.802603055 0.2857142857142857 2
1580305621 7.0177665 0.5714285714285714 2
1580305781 6.938482367 1.2857142857142858 3
1580305939 6.803216028 0.0 0
1580306093 6.79871813 0.0 0
1580306256 7.128340274 0.375 2
1581935295 6.969421947 1.2857142857142858 3
1581935452 6.861302132 1.5714285714285714 4
1581935616 6.944546698 0.14285714285714285 1
1581935780 7.009964372 1.8571428571428572 4
1581935947 6.852349724 0.5714285714285714 2
1581936118 6.803708494 1.7142857142857142 4
1581936289 6.876487804 1.4285714285714286 4
1581936452 6.777870086 1.8571428571428572 5
1581936610 6.810860884 1.1428571428571428 4
1581936787 7.062229661 1.25 4
1582026968 8.064514839 0.25 2
1582027130 8.030937189 0.0 0
1582027297 7.171972578 0.42857142857142855 3
1582027464 7.906812288 0.25 2
1582027875 8.128660547 0.125 1
1582028041 8.01733396 0.0 0
1582028208 7.876672937 0.0 0
1582028379 8.070438608 0.125 1
1582028547 7.859674706 0.25 2
1582028716 8.016636088 0.125 1
1582113190 7.870202399 0.75 2
1582113352 7.920731985 0.875 2
1582113519 7.279690822 0.7142857142857143 3
1582113686 7.06344788 0.7142857142857143 3
1582113850 7.428702102 0.125 1
1582114026 6.9101517 0.5714285714285714 3
1582114189 7.99607379 0.375 3
1582114350 8.012954585 0.875 2
1582114516 7.878828416 0.75 3
1582114680 8.155861349 0.0 0
1582114843 7.927145477 0.125 1
1582115011 7.948373554 0.5 3
1582115171 7.82920044 2.125 4
1582115340 7.998096594 0.0 0
1582115501 8.05647417 0.375 2
1582115665 7.246670772 0.5714285714285714 3
1582115828 8.107055565 0.5 2
1582115992 7.856260975 0.2857142857142857 2
1582116172 7.968106938 0.75 5
1582116385 6.972570297 0.7142857142857143 2
1582116564 6.626736743 2.0 6
1582116728 7.520085358 0.75 3
1582119049 7.753491679 1.0 3
1582119211 7.699967554 0.5 2
1582119385 6.858227196 1.5 3
1582119559 8.033778272 0.0 0
1582119733 7.321477194 0.0 0
1582119894 8.228553083 0.0 0
1582120073 8.052004362 0.0 0
1582120244 7.710048598 0.5 2
1582120963 7.803056664 1.875 7
1582121130 7.842444848 0.0 0
1582121374 7.906332911 0.125 1
1582125065 6.915851238 0.8571428571428571 3
1582125279 8.076139173 2.0 5
1582125729 7.935045782 0.25 2
1582125924 7.281033232 0.625 3
1582126088 7.983909221 0.375 1
1582126256 7.88245467 0.25 2
1582126421 7.906719423 0.875 4
1582126587 8.007004707 3.375 7
1582126751 8.227579196 0.125 1
1582126913 7.7422369 0.0 0
1582127074 7.89338596 1.25 5
1582127239 8.075650384 0.875 3
1582127408 8.044780844 0.125 1
1582127574 8.081269603 0.375 2
1582127737 7.859637124 0.0 0
1582127900 7.712029587 0.0 0
1582128061 11.601434681 0.4 2
1582128227 7.758366786 0.0 0
1582128406 7.572252081 0.75 3
1582128569 7.262310265 0.5714285714285714 3
1582128732 8.230030701 0.875 4
1582128898 7.873783669 0.375 2
1582129064 7.569476925 0.2857142857142857 2
1582129231 6.833371175 1.8571428571428572 4
1582129390 8.072841142 2.875 7
1582129551 8.080045394 0.5 2
1582129714 7.444216514 0.5714285714285714 3
1582185139 6.872957195 0.42857142857142855 2
1582185322 7.810958115 0.5 2
1582186052 6.99775976 0.14285714285714285 1
1582186211 7.070000711 1.0 3
1582186947 6.973889744 1.8571428571428572 4
1582187908 6.920361085 1.0 4
1582188069 7.052566106 0.2857142857142857 2
1582188226 6.970284745 1.4285714285714286 6
1582188388 6.863233079 0.5 2
1582193837 6.911234652 1.2857142857142858 4
1582194001 6.952908218 1.0 4
1582194165 7.152263692 0.8571428571428571 5
1582194321 6.816361591 0.14285714285714285 1
1582194483 6.819181146 1.6666666666666667 4
1582194647 6.940621574 0.2857142857142857 2
1582194813 7.068179304 1.5714285714285714 5
1582194976 6.802540101 0.8571428571428571 5
1582195137 6.938966111 2.0 4
1582195300 6.98484635 0.0 0
1582195795 6.851413466 1.0 3
1582195954 6.946269349 1.2857142857142858 5
1582196111 6.912351811 1.1428571428571428 3
1582196270 6.96047876 1.5714285714285714 5
1582196430 7.012865468 0.42857142857142855 2
1582196589 6.844877664 0.5714285714285714 2
1582196747 6.962702153 0.7142857142857143 3
1582196907 6.997333068 1.0 2
1582197069 6.885414985 1.3333333333333333 3
1582197236 6.842699541 1.5714285714285714 4
1582197391 6.880227997 1.7142857142857142 4
1582197568 6.869033587 0.7142857142857143 2
1582197729 6.900364739 1.0 3
1582197886 6.889855528 0.8571428571428571 2
1582198045 6.901671392 1.5714285714285714 4
1582198202 6.982405607 0.42857142857142855 2
1582198363 6.9281899 1.5714285714285714 6
1582198521 6.910211187 1.5714285714285714 6
1582198801 6.949875629 3.142857142857143 5
1582199154 6.779553183 1.8571428571428572 4
1582631459 7.106122835 2.7142857142857144 4
1582631618 7.009167769 0.5714285714285714 2
1582631775 6.831633994 0.0 0
1582631932 7.019383536 1.2857142857142858 5
1582632089 6.900612082 0.0 0
1582632245 6.890794269 0.2857142857142857 1
1582632405 6.989910658 0.2857142857142857 2
1582632569 6.812390028 0.42857142857142855 3
1582632729 6.899300029 0.7142857142857143 3
1582632889 6.869274769 1.1428571428571428 3
1582884589 6.786505896 1.5714285714285714 4
1582884766 6.754040168 0.0 0
1582884934 6.98694395 0.42857142857142855 2
1582885098 6.878980908 0.0 0
1582885263 7.16081488 1.125 4
1582885425 7.092590032 0.7142857142857143 2
1582885584 6.955085643 0.2857142857142857 2
1582885746 6.912877215 0.0 0
1582885911 7.066998264 0.0 0
1582886069 6.886563383 0.0 0
1574707149 6.926756966 0.0 0
