1569850087 5.087006136 0.8 2
1569850087 5.087006136 0.8 2
1569850847 4.753423123 0.8 2
1569851105 5.036615472 1.6 4
1569851309 9.463047304 1.3333333333333333 2
1569851657 4.879318822 0.6 2
1569851869 4.987081363 1.6 2
1569852098 4.891771468 1.6 4
1569852327 4.984581528 1.8 5
1569852559 4.920236616 1.0 3
1569853204 4.847403435 0.8 3
1569853498 4.924228912 0.6 2
1570543211 4.700049287 0.8 2
1570543568 4.788494556 1.6 3
1570543783 5.051284122 1.2 3
1570544697 4.698389878 1.2 3
1570544958 4.787976803 1.4 3
1570545157 4.897468713 2.0 4
1570545377 7.399174506 1.5714285714285714 3
1571323080 4.692116114 1.0 1
1571325197 5.110808336 1.0 2
1571325397 4.923687698 2.0 4
1571325599 4.775557824 0.8 3
1571325800 4.990676532 1.8 3
1571325997 5.206678259 1.4 3
1571326900 4.852904549 1.8 3
1571327108 4.737548281 1.8 3
1571327312 5.626536243 1.3333333333333333 2
1571395989 5.088038518 1.2 3
1571396186 4.849560874 0.8 2
1571396385 4.827882154 2.2 3
1571396582 4.867927698 1.0 2
1571396781 4.933544535 1.0 2
1571397011 4.816916313 1.0 3
1571397214 4.679163413 1.5 2
1571397413 4.743631876 1.2 2
1571397610 4.783933827 1.75 2
1571397807 4.951816554 1.2 3
1571405055 4.719471055 1.0 2
1571405255 5.118296647 1.6 3
1571405454 4.396454477 1.0 2
1571405684 5.019753311 1.2 3
1571405883 4.95973579 1.0 3
1571409105 4.770271241 0.8 2
1571409307 4.782433422 0.6 1
1571409506 5.124351424 1.6 3
1571409722 4.794601898 1.0 2
1571409920 4.995085155 1.6 4
1571664525 4.684842722 -1 -1
1571665039 4.795616809 0.8 3
1571665249 4.75970576 1.6 3
1571665443 4.980560154 1.0 2
1571665637 4.943463513 1.4 2
1571665833 4.775481941 1.2 3
1571668256 4.739059536 0.8 3
1571668449 4.787227802 1.0 2
1571668653 4.903048614 0.8 1
1571668848 4.946388576 1.4 4
1571669048 5.114780625 1.6 3
1571752122 4.840236105 0.75 2
1571752319 4.772865922 1.2 3
1571752524 5.242667742 1.0 3
1571752721 4.676157292 0.75 2
1571752917 4.759737927 1.2 2
1571753113 4.887004173 1.4 3
1571753310 4.773321369 1.6 3
1571753508 4.752203942 1.0 3
1571753703 4.840164945 0.0 0
1571753900 4.635142187 0.4 1
1571760259 4.802223462 1.4 3
1571760457 4.976081619 1.4 2
1571760657 4.779564497 1.0 2
1571760857 4.847233001 1.0 2
1571761056 4.863282459 1.4 3
1571761269 4.865692979 0.8 2
1571761462 4.958714686 1.0 2
1571761657 4.745098116 1.8 2
1571761854 5.122871654 1.2 2
1571762062 4.798302938 1.4 4
1572003364 5.051301073 1.4 4
1572003562 4.6780247 1.0 3
1572003758 4.889887758 0.6 2
1572003955 4.532388715 2.0 3
1572004150 5.036986295 2.4 4
1572004346 5.011174418 1.4 3
1572004543 4.704828214 1.2 3
1572004746 4.723307149 1.4 2
1572004944 4.659515189 1.2 3
1572005140 4.741779183 1.4 3
1572011343 4.743460073 0.0 0
1572011538 4.799127125 0.0 0
1572011738 4.900096894 0.2 1
1572011932 4.946222184 0.0 0
1572012129 4.908258271 0.0 0
1572012325 4.687905234 0.0 0
1572012521 4.739237842 0.0 0
1572012714 4.701629922 0.0 0
1572012909 4.75367382 0.0 0
1572013103 5.236156705 0.0 0
1572265163 4.761026478 1.75 2
1572265363 4.722691055 1.2 3
1572265560 4.934013672 2.2 4
1572265759 4.708216905 1.6 2
1572265962 4.903104256 1.2 3
1572266163 4.835692091 1.0 3
1572266362 5.093720079 1.2 2
1572266561 5.06115973 1.4 3
1572266761 4.82847946 1.0 3
1572266968 4.757112203 0.75 2
1572274215 4.244580304 1.0 2
1572274390 3.974538735 1.5 2
1572274556 3.790725277 1.0 3
1572274729 4.038856289 1.0 2
1572274898 4.136091239 1.0 2
1572275067 4.076746573 1.25 3
1572275243 3.970243758 0.6666666666666666 2
1572275413 4.100082534 1.0 2
1572275582 3.870279716 1.75 2
1572275755 4.167790658 1.0 2
1572361378 5.043291526 1.0 2
1572361573 5.01316065 1.0 2
1572361769 4.773930432 1.6 2
1572361967 4.87402453 0.8 2
1572362162 5.004410705 1.4 3
1572362358 4.614924006 2.0 2
1572362553 4.812099443 1.6 3
1572362753 5.04954828 2.0 3
1572362946 5.06310677 1.5 4
1572363145 4.987252062 0.8 2
1572367006 4.211041123 1.6 2
1572367175 4.087755503 1.0 2
1572367344 4.046240853 1.25 2
1572367511 4.381482088 1.0 2
1572367697 4.138903654 1.0 3
1572367874 3.907350324 0.75 2
1572368041 4.017977288 1.0 2
1572368209 3.887200414 1.0 2
1572368374 4.207599541 1.0 2
1572368547 4.095509369 1.0 3
1572544594 4.318091666 2.5 3
1572544762 4.133867115 1.75 2
1572544936 3.925723525 1.25 3
1572545112 4.124428821 1.0 2
1572545282 4.110169571 1.2 3
1572870106 3.916907352 1.25 3
1572870326 3.977664342 1.75 3
1572870509 4.37521169 1.8 3
1572870729 3.922310034 1.25 4
1572870898 4.075210973 1.0 3
1572965487 4.096767495 1.25 3
1572965654 3.919799248 0.75 3
1572965824 4.043727969 0.75 2
1572965987 3.968055057 1.75 3
1572966160 3.946617801 1.5 2
1572966331 4.264134709 0.75 2
1572966498 4.2968934 1.25 2
1572966689 4.097244095 1.0 3
1572966860 3.992854744 1.75 2
1572967025 3.93260678 1.0 2
1573207135 4.010816661 2.25 3
1573207303 3.965494315 1.0 2
1573207470 3.901221043 1.0 2
1573207637 3.799955679 1.25 3
1573207808 4.104413208 1.0 3
1573207975 3.974935335 1.0 2
1573208140 3.850819936 0.6666666666666666 1
1573208306 4.060599322 1.0 2
1573208473 3.990957194 1.25 2
1573208642 4.079546536 0.75 2
1573220374 3.825759507 0.75 2
1573220543 4.101106611 0.75 1
1573220712 4.046734463 2.25 3
1573220880 4.277901866 1.0 2
1573221047 4.138582464 1.25 3
1573221213 4.015519993 1.25 3
1573221379 4.146417409 1.25 2
1573221548 3.84803352 1.0 2
1573221715 4.1208242 1.75 2
1573221882 4.1544812 1.0 2
1573222077 4.079927347 1.0 3
1573222244 4.028025005 0.6 2
1573222408 3.989243573 1.0 2
1573222576 3.891712849 0.6666666666666666 2
1573222744 4.229050611 1.25 3
1573301226 4.058648453 0.75 2
1573301396 4.06026576 1.0 3
1573301577 4.024091827 1.25 4
1573301761 3.936938971 1.75 3
1573301933 4.063903222 1.5 3
1573302107 3.755706014 1.25 2
1573302283 3.935527518 1.0 3
1573302451 6.206742193 1.1428571428571428 3
1573302618 4.083999049 0.75 2
1573302805 4.163678183 1.25 2
1573303935 3.863981445 1.0 2
1573304098 4.010217641 1.25 2
1573304258 4.040578267 0.5 1
1573304425 4.036163671 1.0 2
1573304588 4.067296309 2.0 3
1573304751 4.009515341 1.0 2
1573304910 4.017630841 1.75 2
1573305070 4.202263211 2.2 4
1573305233 4.067763287 1.75 3
1573305393 4.25593623 0.75 2
1573752607 3.764797121 1.5 2
1573752824 3.879444025 1.25 2
1573752982 3.876758157 1.25 2
1573753139 4.017116095 1.0 2
1573753294 3.754535139 1.75 3
1573753453 3.511487948 1.0 1
1573753608 3.604759897 1.0 2
1573753769 3.8016317 1.25 3
1573753924 3.864989798 0.75 2
1573754746 3.857300996 0.75 2
1573754906 3.535496435 1.0 2
1573755074 3.444365325 1.5 3
1573755237 3.59458914 0.3333333333333333 1
1573755395 3.576900003 0.6666666666666666 1
1573755549 3.708728325 1.25 2
1573755710 3.802563005 1.5 3
1573755868 3.74414308 0.3333333333333333 1
1573756024 3.921377385 1.5 3
1573756186 3.538429459 1.25 3
1573831489 4.106262957 0.0 0
1573831649 3.707125074 0.0 0
1573831822 3.800439385 0.0 0
1573831974 4.068564592 0.0 0
1573832130 4.031512624 0.0 0
1573832289 3.827276043 0.0 0
1573832456 3.673079129 0.0 0
1573832609 4.168047972 0.0 0
1573832765 3.542487751 0.0 0
1573832920 3.977535206 0.0 0
1573833118 4.064341008 0.0 0
1573833281 3.7335307 0.0 0
1573833437 3.750702355 0.0 0
1573833597 3.885498167 0.0 0
1573833758 3.959598096 0.0 0
1573901128 3.922223932 2.25 3
1573901283 3.828872021 2.25 3
1573901439 3.67810342 0.6666666666666666 2
1573901602 3.925834756 0.75 2
1573901756 3.769478143 1.0 3
1573901910 3.508802614 1.25 2
1573902067 3.908217139 1.25 3
1573902223 3.715187771 1.0 2
1573902380 3.705211168 0.75 2
1573902538 3.603239646 1.5 3
1574685875 3.50936896 0.0 0
1574686060 3.792864947 0.0 0
1574686216 3.903356726 1.25 2
1574686380 3.879735642 0.0 0
1574686537 4.159004984 0.0 0
1574686701 3.893680571 0.75 2
1574686867 3.818538256 0.0 0
1574687056 3.736730182 0.0 0
1574687229 3.968065589 1.0 2
1574687394 3.912514176 0.0 0
1574689752 4.068452159 0.0 0
1574689938 3.742063738 0.25 1
1574690111 3.708355974 1.25 3
1574690276 3.945102903 0.0 0
1574690447 4.06225629 0.0 0
1574690616 4.052793359 1.0 2
1574690777 4.184965797 0.0 0
1574690946 3.920901898 0.0 0
1574691126 3.942629375 0.6666666666666666 2
1574691300 3.934532629 0.0 0
1574706954 4.289507605 0.75 2
1574707163 3.457886087 0.0 0
1574954272 4.153545851 0.0 0
1574954439 3.956260173 1.25 3
1574954611 3.725982085 1.0 2
1574954797 3.823162803 0.0 0
1574954955 3.913007437 1.0 2
1574955114 3.677822798 1.5 2
1574955371 3.670954126 0.0 0
1574955532 3.866647489 1.6666666666666667 3
1574955693 3.880385643 1.5 2
1574955854 3.966010698 0.0 0
1575026602 4.059697988 0.0 0
1575026764 3.58758868 0.0 0
1575026923 3.945277141 1.75 2
1575027087 3.964171606 0.25 1
1575027249 3.685978425 0.0 0
1575027413 3.978001792 0.75 2
1575027576 3.777721748 0.0 0
1575027734 3.88168885 0.0 0
1575027900 3.817288996 1.25 3
1575028057 4.066909373 0.0 0
1575112916 3.797090488 0.25 1
1575113081 3.822240499 0.0 0
1575113239 3.812509824 1.0 2
1575113398 3.767841335 0.0 0
1575113559 3.897865522 0.0 0
1575113716 3.60331693 1.5 2
1575113873 3.800019998 0.0 0
1575114030 3.920859334 0.0 0
1575114198 3.86929633 0.0 0
1575114354 3.821619415 0.0 0
1575289847 4.00700857 0.0 0
1575290014 3.493833035 0.0 0
1575290199 3.699271287 1.0 3
1575290370 3.543684798 0.0 0
1575290538 3.999549558 0.0 0
1575290714 4.043368111 1.5 2
1575290877 3.977978661 0.0 0
1575291035 3.67854971 2.0 3
1575291198 3.454463548 1.6666666666666667 2
1575291361 4.259585103 0.0 0
1575384249 4.040223469 0.0 0
1575384409 3.852776316 0.0 0
1575384567 4.007553843 1.5 2
1575384732 3.75421068 0.0 0
1575384887 3.697114243 0.0 0
1575385047 4.072183157 0.75 2
1575385209 4.060740293 0.0 0
1575385368 4.324105782 0.0 0
1575385532 3.819370167 0.0 0
1575385689 3.913708452 0.0 0
1575556629 3.93673248 0.0 0
1575556794 3.848447618 0.0 0
1575556964 3.694954762 1.25 2
1575557147 3.826532025 0.0 0
1575557319 3.835184952 1.5 2
1575557500 3.547654231 0.0 0
1575557679 3.829735873 0.0 0
1575557850 3.813842729 1.0 2
1575558310 3.964336537 0.25 1
1575558493 3.884278678 0.0 0
1579184128 3.807347206 1.0 2
1579184843 3.671772668 0.0 0
1579185005 3.924372296 0.0 0
1579185168 3.720467775 0.75 2
1579185344 3.918709314 0.0 0
1579185521 4.182913388 1.0 3
1579185699 3.720055102 0.0 0
1579185882 3.884149275 0.0 0
1579186069 3.837010801 1.25 2
1579186240 4.138092355 0.0 0
1579351864 3.680947268 0.0 0
1579352024 3.762809396 0.0 0
1579352185 3.731756722 1.75 3
1579352347 3.823341122 0.0 0
1579352512 3.880929064 1.0 2
1579352670 4.011768458 0.0 0
1579352831 3.968124777 0.0 0
1579352994 3.791268709 1.5 2
1579353157 3.840212028 0.0 0
1579354022 4.309001247 0.0 0
1579522945 4.018446153 0.0 0
1579523149 3.730778197 0.0 0
1579523342 3.893425111 0.75 2
1579523505 3.964191713 0.0 0
1579523682 3.916267356 2.0 3
1579523860 3.863331536 0.0 0
1579524046 4.005753763 0.0 0
1579524231 4.006200011 1.0 2
1579524400 3.857349995 0.0 0
1579524565 3.853472667 0.0 0
1579537579 3.869481686 0.0 0
1580215596 3.529573454 0.6666666666666666 2
1580215757 3.795137926 0.0 0
1580215916 3.789999213 0.0 0
1580216075 3.939936009 1.0 2
1580216239 3.604907097 0.0 0
1580216399 3.745226701 0.5 2
1580216560 3.88746518 1.0 2
1580216725 3.764385754 0.0 0
1580216905 3.879068107 1.0 2
1580304810 3.845337973 0.0 0
1580304970 3.879922592 1.0 3
1580305131 3.753133255 0.0 0
1580305293 4.055977861 0.0 0
1580305474 3.948830818 1.0 2
1580305637 3.688866337 0.0 0
1580305798 3.750040894 1.6666666666666667 2
1580305953 3.840178641 0.75 2
1580306110 4.004115848 0.0 0
1580306273 3.672041336 1.0 2
1581935310 3.940095988 0.0 0
1581935469 3.667795111 1.0 2
1581935634 3.872402723 1.5 2
1581935798 3.929108895 1.5 3
1581935961 3.958452141 0.0 0
1581936135 3.884522306 1.0 2
1581936304 3.887071383 1.5 3
1581936468 3.66729075 1.75 3
1581936627 4.108369598 0.0 0
1581936801 3.88374156 1.75 3
1582026988 4.207933209 1.25 2
1582027146 4.185121357 0.0 0
1582027315 4.077958698 0.0 0
1582027505 3.926046164 1.0 2
1582027891 4.097326729 1.0 3
1582028063 4.091611119 0.0 0
1582028229 4.342171155 0.0 0
1582028397 3.989234722 0.75 2
1582028566 4.207522039 0.75 2
1582028731 3.95252407 0.0 0
1582113206 4.264430319 1.25 2
1582113370 3.906199974 0.0 0
1582113537 3.922858873 0.0 0
1582113699 3.979279067 1.5 3
1582113877 3.706841231 1.3333333333333333 2
1582114041 4.496736096 0.0 0
1582114204 4.312955602 0.0 0
1582114370 4.041819882 1.0 2
1582114532 4.153733776 1.5 2
1582114696 4.285016793 0.0 0
1582114859 4.046596283 0.0 0
1582115027 4.167912205 0.75 1
1582115189 4.159900933 2.0 3
1582115356 4.096389458 1.75 2
1582115518 3.961411293 0.0 0
1582115682 4.097561745 0.0 0
1582115844 4.110386576 1.0 2
1582116008 3.965224579 1.5 2
1582116190 3.893190332 0.0 0
1582116405 4.08106009 0.0 0
1582116581 3.937925732 1.75 3
1582116744 4.02489713 1.5 2
1582119065 4.179888882 0.0 0
1582119233 4.037003463 0.0 0
1582119402 4.135651074 1.0 1
1582119582 3.935565269 1.75 3
1582119750 4.007086943 0.0 0
1582119917 4.162976778 0.0 0
1582120091 4.07490086 1.6 5
1582120262 4.077334261 0.75 2
1582120979 3.999527009 1.0 2
1582121149 3.954525493 0.75 2
1582121391 4.098640795 1.0 2
1582125079 4.240339948 0.75 2
1582125295 4.071796767 1.25 2
1582125750 3.771660353 0.0 0
1582125944 3.678439777 0.6666666666666666 2
1582126112 4.447284206 1.6 2
1582126272 4.188528 1.5 2
1582126437 4.30676687 0.2 1
1582126604 4.152791881 1.0 2
1582126769 4.098238362 0.5 1
1582126931 4.048469722 1.0 2
1582127090 4.055223382 0.0 0
1582127257 4.085472622 1.0 2
1582127424 4.358824983 1.5 2
1582127590 4.048542932 0.75 1
1582127755 4.17568838 0.0 0
1582127916 4.176669174 0.75 1
1582128082 4.349135361 1.4 4
1582128242 4.2754978 1.2 2
1582128424 4.144686028 0.0 0
1582128583 4.255961952 1.4 3
1582128750 4.148116189 1.75 2
1582128916 4.120228493 1.0 2
1582129081 8.269222193 0.0 0
1582129245 4.007479948 1.5 3
1582129406 4.370186537 1.0 2
1582129570 4.148547685 1.0 2
1582129730 4.126168018 0.0 0
1582185171 4.110212598 2.0 3
1582185376 4.229087432 0.0 0
1582186070 3.967786198 2.0 3
1582186225 3.721599112 2.0 3
1582186964 3.733855532 1.0 2
1582187924 4.002791358 1.75 3
1582188084 3.917489484 0.75 2
1582188245 3.823815206 1.0 2
1582188402 3.67100385 1.6666666666666667 2
1582193857 3.804527216 0.0 0
1582194018 4.139059875 0.0 0
1582194179 3.794524975 0.0 0
1582194341 3.82802572 0.0 0
1582194503 3.826122262 0.0 0
1582194665 3.911612338 0.0 0
1582194832 3.802493314 0.0 0
1582194994 3.799389026 0.0 0
1582195154 3.866629127 0.0 0
1582195315 4.092733386 0.0 0
1582195811 3.888488353 0.0 0
1582195969 3.921607469 0.0 0
1582196130 3.888695142 0.0 0
1582196288 3.5881989 0.0 0
1582196448 3.749029998 0.0 0
1582196607 3.505911408 0.0 0
1582196764 3.735178709 0.0 0
1582196924 4.007529211 0.0 0
1582197093 3.969612782 0.0 0
1582197250 3.646990401 0.0 0
1582197410 3.912592935 0.0 0
1582197586 3.658278651 0.0 0
1582197744 3.875382623 0.0 0
1582197904 3.636906259 0.0 0
1582198061 3.744018125 0.0 0
1582198222 3.758552112 0.0 0
1582198377 3.738628267 0.0 0
1582198660 3.800653952 0.0 0
1582199009 4.214955629 0.0 0
1582199172 3.807111282 0.0 0
1582631477 3.85026761 0.6666666666666666 2
1582631633 3.930669442 0.0 0
1582631790 3.63620302 0.0 0
1582631946 3.978136945 1.25 2
1582632104 4.145252418 1.0 2
1582632260 3.861434723 0.0 0
1582632425 3.891859795 0.3333333333333333 1
1582632583 4.094477532 1.25 2
1582632747 4.21573749 0.0 0
1582632906 3.926864707 0.0 0
1582884624 3.802432582 1.0 2
1582884788 3.677548853 0.0 0
1582884953 4.10297292 0.0 0
1582885119 3.861136932 1.75 3
1582885282 3.769921214 1.25 2
1582885441 3.934624001 0.25 1
1582885603 4.011188498 0.0 0
1582885766 3.678724712 1.0 2
1582885926 3.594278719 1.0 2
1582886089 3.700412698 0.0 0
1574707163 3.457886087 0.0 0
