1569850087 4.611948629 0.2 1
1569850087 4.611948629 0.2 1
1569850847 4.753423123 0.4 1
1569851105 4.993343172 1.0 3
1569851309 9.216874529 0.5555555555555556 1
1569851657 4.672282254 0.2 1
1569851870 4.822316179 0.5 1
1569852098 4.542185781 1.0 3
1569852327 4.642262225 0.8 3
1569852559 4.874004341 0.2 1
1569853205 4.476009 0.5 2
1569853498 4.924228912 0.0 0
1570543211 4.538801735 0.0 0
1570543568 4.671813934 0.2 1
1570543783 4.869100837 0.8 2
1570544697 4.492072663 0.75 2
1570544958 4.613494063 0.0 0
1570545157 4.719805962 0.0 0
1570545377 7.146431745 1.0 2
1571323080 4.434522913 0.0 0
1571325198 4.531648079 0.0 0
1571325397 4.878520061 0.6 2
1571325600 4.347344197 0.25 1
1571325801 4.4994759 0.25 1
1571325997 4.478560327 0.2 1
1571326900 4.602824237 0.8 2
1571327108 4.557412006 0.8 2
1571327313 5.356302157 0.4 1
1571395989 4.356734273 0.6 2
1571396186 4.505674654 0.2 1
1571396385 4.619022135 0.0 0
1571396582 4.496457403 0.0 0
1571396782 4.427480973 0.0 0
1571397011 4.608399636 0.2 1
1571397214 4.381817301 0.5 1
1571397413 4.491847655 0.4 1
1571397610 4.736822213 0.75 1
1571397808 4.392752735 0.75 2
1571405055 4.544502895 0.25 1
1571405255 4.775843931 0.6 2
1571405453 4.994607575 0.2 1
1571405685 4.335937411 0.75 2
1571405884 4.431722212 0.25 1
1571409106 4.315148101 0.0 0
1571409307 4.782433422 0.0 0
1571409506 4.569625992 0.0 0
1571409722 4.499006838 0.0 0
1571409920 4.572956632 0.2 1
1571664526 4.592473576 -1 -1
1571665039 4.49390351 0.5 2
1571665249 4.717803844 0.2 1
1571665443 4.472396986 0.0 0
1571665638 4.435809075 0.0 0
1571665833 4.642579637 0.2 1
1571668256 4.620434272 0.25 1
1571668449 4.599653519 0.0 0
1571668654 4.397968515 0.0 0
1571668848 4.564112446 0.4 2
1571669048 4.5202356 0.2 1
1571752122 4.501200749 0.25 1
1571752320 4.593672541 0.75 2
1571752524 5.332419065 0.6 2
1571752721 4.516658236 0.25 1
1571752918 4.59924224 0.0 0
1571753113 4.754842664 0.0 0
1571753310 4.466679732 0.0 0
1571753508 4.584827274 1.0 3
1571753704 4.546019267 0.0 0
1571753900 4.468871825 0.4 1
1571760259 4.548683679 0.8 2
1571760457 4.547514227 0.4 1
1571760658 4.647478714 0.0 0
1571760857 4.715078335 0.2 1
1571761056 4.793236917 0.0 0
1571761269 4.56525883 0.0 0
1571761462 4.395449733 0.0 0
1571761658 4.579285769 0.0 0
1571761854 4.614366995 0.2 1
1571762062 4.457165819 0.8 3
1572003364 4.533969659 0.8 3
1572003563 4.428446113 0.75 2
1572003759 4.50667575 0.25 1
1572003955 4.318692691 1.0 2
1572004150 4.570324388 1.4 3
1572004346 4.45710992 0.2 1
1572004543 4.704828214 0.2 1
1572004746 4.514644951 0.0 0
1572004944 4.526585505 0.2 1
1572005140 4.532754502 0.0 0
1572011344 4.441876071 0.0 0
1572011539 4.49771797 0.0 0
1572011738 4.691251384 0.2 1
1572011932 4.395902102 0.6 2
1572012129 4.436946221 0.6 2
1572012325 4.601073752 0.4 1
1572012521 4.442818879 0.25 1
1572012714 4.625914229 0.25 1
1572012909 4.279018925 0.25 1
1572013104 4.643960291 0.0 0
1572265163 4.670734399 0.75 1
1572265363 4.635978045 0.6 2
1572265560 4.749697927 1.2 3
1572265759 4.581484866 0.6 1
1572265962 4.737685926 0.4 2
1572266163 4.536132444 0.4 2
1572266363 4.488821915 0.25 1
1572266561 4.762951622 0.8 2
1572266761 4.706771071 0.2 1
1572266968 4.638597323 0.0 0
1572274215 3.7834459 0.5 1
1572274390 3.852310725 0.5 1
1572274556 3.584376082 0.6666666666666666 2
1572274729 3.889801891 0.25 1
1572275067 3.820713298 0.75 2
1572275243 3.630593031 0.3333333333333333 1
1572275414 3.968326895 0.25 1
1572275582 3.785150454 0.75 1
1572275755 3.911758277 0.25 1
1572361378 4.624285857 0.0 0
1572361574 4.593331481 0.0 0
1572361770 4.553145296 0.0 0
1572361967 4.611742542 0.0 0
1572362162 4.762447493 0.0 0
1572362358 4.483325768 0.0 0
1572362553 4.562151447 0.8 2
1572362753 4.650764108 0.0 0
1572362947 4.41833763 0.6 3
1572363146 4.436844486 0.5 1
1572367007 3.649086007 0.5 1
1572367175 3.750644586 0.25 1
1572367344 3.746805146 0.5 1
1572367511 4.339141768 0.5 1
1572367698 3.544169909 0.6666666666666666 2
1572367874 3.657449772 0.25 1
1572368042 3.595901433 0.0 0
1572368209 3.887200414 0.25 1
1572368374 3.830803241 0.5 1
1572368547 3.847411038 0.5 2
1572532497 6.043517583 0.0 0
1572532702 7.545224593 0.125 1
1572532972 7.991449329 0.25 1
1572544594 4.021182448 1.5 2
1572544762 3.881556294 0.75 1
1572544936 3.63011047 0.75 2
1572545112 3.612945295 0.5 1
1572545282 3.597376775 0.75 2
1572870106 3.6905108 0.75 2
1572870326 3.800057033 0.75 2
1572870510 3.509059363 0.5 1
1572870729 3.619894272 0.75 3
1572870898 3.811491355 0.5 2
1572965487 3.932773274 0.75 2
1572965655 3.787880463 0.6666666666666666 2
1572965824 3.956748574 0.25 1
1572965988 3.672013087 0.3333333333333333 1
1572966160 3.946617801 0.5 1
1572966332 3.644496749 0.0 0
1572966498 3.873224936 0.0 0
1572966690 3.562994792 0.3333333333333333 1
1572966860 3.827812384 0.0 0
1572967024 4.108178031 0.0 0
1573207135 3.732230168 1.25 2
1573207303 3.746600001 0.25 1
1573207470 3.768429663 0.5 1
1573207637 3.848273549 0.75 2
1573207808 3.843019592 0.5 2
1573207975 3.810240955 0.25 1
1573208140 3.620267422 0.0 0
1573208306 3.754640255 0.25 1
1573208473 3.822020808 0.5 1
1573208642 3.735469601 0.0 0
1573220374 3.825759507 0.25 1
1573220543 3.785694412 0.0 0
1573220712 3.707343198 1.25 2
1573220880 3.684089976 0.25 1
1573221047 3.916867386 0.75 2
1573221213 3.763726685 0.75 2
1573221379 3.755253732 0.25 1
1573221548 3.680345838 0.25 1
1573221716 3.630719129 0.6666666666666666 1
1573221882 3.76310647 0.5 1
1573222077 3.919289898 0.5 2
1573222244 3.809483416 0.0 0
1573222409 3.825013817 0.0 0
1573222576 3.762537102 0.0 0
1573222744 3.801192366 0.0 0
1573301226 3.894975321 0.25 1
1573301396 3.678976405 0.5 2
1573301577 3.834556342 0.75 3
1573301761 3.716660703 0.75 2
1573301933 3.904592578 0.0 0
1573302107 3.623671343 0.0 0
1573302284 3.845241129 1.0 3
1573302451 5.818890948 1.1666666666666667 3
1573302618 3.96331169 0.75 2
1573302805 3.728783035 1.25 2
1573303936 3.730877988 0.0 0
1573304098 3.902388908 0.0 0
1573304259 3.963673478 0.0 0
1573304425 3.860984288 0.25 1
1573304752 3.751324358 0.3333333333333333 1
1573304910 3.800324154 0.75 1
1573305071 3.66329059 1.75 3
1573305234 3.669913516 0.3333333333333333 1
1573305393 3.575171555 0.25 1
1573752824 3.879444025 0.0 0
1573752982 3.580655031 0.3333333333333333 1
1573753139 3.928897664 0.5 1
1573753294 3.665495055 0.75 2
1573753453 3.374765931 0.0 0
1573753608 3.314581206 0.3333333333333333 1
1573753769 3.419193233 0.0 0
1573753924 3.864989798 0.25 1
1573754746 3.553249294 0.25 1
1573754906 3.239142839 0.3333333333333333 1
1573755074 3.444365325 1.0 2
1573755237 3.552688135 0.0 0
1573755395 3.250978222 0.0 0
1573755550 3.591645819 0.6666666666666666 1
1573755710 3.802563005 0.25 1
1573755868 3.74414308 0.0 0
1573756024 3.755757441 0.0 0
1573756186 3.538429459 0.75 2
1573831649 3.200774422 0.0 0
1573831974 3.937188727 0.0 0
1573832290 3.532136766 0.0 0
1573832457 3.226181553 0.0 0
1573832609 3.880371002 0.0 0
1573832765 3.45098277 0.0 0
1573832920 3.680603686 0.0 0
1573833118 3.827555674 0.0 0
1573833281 3.64015334 0.0 0
1573833437 3.367152053 0.0 0
1573833597 3.669560421 0.0 0
1573833759 3.581369757 0.0 0
1573901284 3.565130524 1.0 1
1573901439 3.67810342 0.3333333333333333 1
1573901603 3.326102364 0.0 0
1573901756 3.623255011 0.0 0
1573901910 3.681494375 0.0 0
1573902223 3.640438126 0.0 0
1573902380 3.661172034 0.5 2
1573902538 3.216691877 0.0 0
1574686060 3.527779319 0.0 0
1574686217 3.670708725 0.6666666666666666 1
1574686381 3.403731455 0.0 0
1574686537 3.952375785 0.0 0
1574686702 3.674018861 0.3333333333333333 1
1574686867 3.477871437 0.0 0
1574687056 3.544298892 0.0 0
1574687230 3.574941856 0.3333333333333333 1
1574689938 3.400549893 0.25 1
1574690276 3.737380049 0.0 0
1574690447 3.881893888 0.0 0
1574690777 3.797594904 0.0 0
1574690947 3.541054472 0.0 0
1574691300 3.919750952 0.0 0
1574706954 4.160512118 0.0 0
1574707163 3.634960773 0.0 0
1574954273 3.484095617 0.0 0
1574954439 3.956260173 0.75 2
1574954611 3.60407419 0.0 0
1574954797 3.391364299 0.0 0
1574954956 3.695356726 0.25 1
1574955114 3.249931986 0.0 0
1574955371 3.670954126 0.0 0
1574955532 3.736813732 0.6666666666666666 2
1574955693 3.731804633 0.5 1
1575026602 3.668880151 0.0 0
1575026764 3.544211731 0.0 0
1575026924 3.407839811 0.6666666666666666 1
1575027087 3.492011768 0.25 1
1575027249 3.509375317 0.0 0
1575027413 3.807527787 0.0 0
1575027576 3.416113499 0.0 0
1575027735 3.497880071 0.0 0
1575027901 3.254378836 0.0 0
1575112916 3.662660932 0.25 1
1575113081 3.586724004 0.0 0
1575113239 3.707509169 0.25 1
1575113399 3.551092286 0.0 0
1575113560 3.600244058 0.0 0
1575113716 3.60331693 0.5 1
1575113873 3.718899158 0.0 0
1575114199 3.582622805 0.0 0
1575114355 3.613117887 0.0 0
1575289847 3.707352786 0.0 0
1575290014 3.28521468 0.0 0
1575290199 3.699271287 0.5 2
1575290538 3.533111142 0.0 0
1575290714 3.946519898 0.0 0
1575291198 3.279046559 1.6666666666666667 2
1575291361 3.716247902 0.0 0
1575384249 3.668291241 0.0 0
1575384409 3.67375032 0.0 0
1575384732 3.453962148 0.0 0
1575384887 3.697114243 0.0 0
1575385047 3.946338385 0.0 0
1575385209 3.759766571 0.0 0
1575385369 3.865597784 0.5 1
1575385533 3.302851479 0.0 0
1575385689 3.913708452 0.0 0
1575556629 3.389087149 0.0 0
1575556965 3.217236626 0.0 0
1575557147 3.583124258 0.0 0
1575557319 3.390021972 0.0 0
1575557500 3.547654231 0.0 0
1575557680 3.582817275 0.0 0
1575558493 3.463327662 0.0 0
1579184128 3.55817865 0.0 0
1579184843 3.404808225 0.0 0
1579185344 3.753900584 0.0 0
1579185699 3.587572324 0.0 0
1579185882 3.764759522 0.0 0
1579186069 3.719053252 0.0 0
1579186240 3.885727966 0.0 0
1579351864 3.502914905 0.0 0
1579352025 3.423231492 0.0 0
1579352347 3.445574801 0.0 0
1579352670 3.952916893 0.0 0
1579352831 3.796560568 0.0 0
1579352995 3.496060968 0.3333333333333333 1
1579353158 3.630974572 0.0 0
1579354023 3.967586913 0.0 0
1579523342 3.804751765 0.0 0
1579523682 3.57463861 0.5 1
1579523860 3.602647917 0.0 0
1579524046 3.834711983 0.0 0
1579524231 3.537655757 0.0 0
1579524400 3.813022751 0.0 0
1579524566 3.516618908 0.0 0
1579537579 3.312842295 0.0 0
1580215427 6.780523453 0.0 0
1580215757 3.795137926 0.0 0
1580215917 3.569873457 0.0 0
1580216400 3.196461814 0.0 0
1580216560 3.72513958 0.25 1
1580216725 3.381675473 0.0 0
1580304810 3.67802518 0.0 0
1580304970 3.623092759 0.5 2
1580305131 3.458013075 0.0 0
1580305293 3.864057976 0.25 1
1580305474 3.713633153 0.3333333333333333 1
1580305638 3.271168491 0.0 0
1580305953 3.716312976 0.25 1
1580306111 3.727369062 0.0 0
1581935310 3.478993978 0.0 0
1581935469 3.62357705 0.0 0
1581935634 3.531912096 0.5 1
1581935798 3.481348141 1.0 2
1581935962 3.738217202 0.0 0
1581936135 3.796395111 0.0 0
1581936304 3.887071383 1.0 2
1581936468 3.66729075 1.0 2
1581936628 3.597352719 0.0 0
1581936801 3.540789076 0.0 0
1582026989 3.61500598 0.6666666666666666 1
1582027146 3.799163827 0.0 0
1582027315 4.153255962 0.0 0
1582027505 3.800459499 0.0 0
1582027892 3.629308928 0.6666666666666666 2
1582028064 3.66534944 0.0 0
1582028230 3.832102584 0.0 0
1582028397 3.863356884 0.0 0
1582028567 3.854086405 0.0 0
1582028732 3.659892974 0.0 0
1582113206 3.906194505 0.0 0
1582113370 3.906199974 0.0 0
1582113537 3.840269567 0.0 0
1582113700 3.797921347 0.6666666666666666 2
1582114041 3.977706134 0.0 0
1582114204 3.930553236 0.0 0
1582114370 3.873166066 0.0 0
1582114532 3.993482648 0.0 0
1582114696 4.169335653 0.4 2
1582114859 3.970660146 0.0 0
1582115027 3.990598563 0.0 0
1582115190 3.770841403 0.6666666666666666 1
1582115356 3.883809214 0.75 1
1582115518 3.619568872 0.0 0
1582115682 3.963404397 0.0 0
1582115844 3.814486505 0.5 1
1582116008 3.545031648 0.0 0
1582116406 3.933967288 0.0 0
1582116581 3.937925732 0.75 2
1582116744 3.851695049 0.0 0
1582119066 3.968094404 0.0 0
1582119233 3.996113331 0.0 0
1582119402 4.135651074 0.0 0
1582119750 3.840695427 0.0 0
1582119918 3.943178773 0.0 0
1582120091 3.923329319 1.25 4
1582120262 3.779654435 0.0 0
1582120979 3.790416483 0.5 1
1582121149 3.954525493 0.0 0
1582121391 4.098640795 0.0 0
1582125079 3.939834955 0.0 0
1582125295 3.732901544 0.0 0
1582125944 3.546178054 0.3333333333333333 1
1582126113 3.888044835 0.0 0
1582126272 3.847953159 0.5 1
1582126438 4.010057393 0.25 1
1582126604 4.017038029 0.25 1
1582126770 3.80256103 0.0 0
1582126931 3.926875856 0.25 1
1582127090 3.847464824 0.0 0
1582127257 3.997638045 0.0 0
1582127424 4.239933338 0.0 0
1582127590 4.048542932 0.0 0
1582127755 3.800180801 0.0 0
1582127916 3.965476255 0.0 0
1582128083 3.845704217 0.5 2
1582128243 3.723841243 0.25 1
1582128424 3.755132347 0.0 0
1582128584 3.915358805 0.0 0
1582128750 3.971003261 0.0 0
1582128916 4.076319703 0.0 0
1582129082 8.017502189 0.0 0
1582129246 3.929832579 0.0 0
1582129406 4.103704864 0.0 0
1582129570 3.85263981 0.0 0
1582129730 4.096363892 0.0 0
1582185377 3.754907913 0.0 0
1582186225 3.58822115 1.0 2
1582186964 3.641161032 0.5 1
1582187924 3.837881084 0.75 2
1582188085 3.482885055 0.3333333333333333 1
1582188245 3.532149316 0.3333333333333333 1
1582188401 3.836250871 0.75 1
1582193857 3.576022435 0.0 0
1582194018 3.678252264 0.0 0
1582194179 3.743255569 0.0 0
1582194341 3.794951165 0.0 0
1582194503 3.826122262 0.0 0
1582194665 3.570536687 0.25 1
1582194832 3.495906682 0.0 0
1582194994 3.799389026 0.0 0
1582195155 3.327660012 0.0 0
1582195315 3.591462673 0.0 0
1582195812 3.452594237 0.6666666666666666 1
1582195969 3.37331304 0.0 0
1582196130 3.631846544 0.0 0
1582196289 3.200888317 0.0 0
1582196607 3.461601222 0.0 0
1582196764 3.39284165 0.0 0
1582196924 4.007529211 0.25 1
1582197094 3.496929346 0.0 0
1582197250 3.694956817 0.0 0
1582197411 3.619286317 0.3333333333333333 1
1582197586 3.537202044 0.0 0
1582197744 3.827591268 0.0 0
1582197904 3.594630627 0.0 0
1582198061 3.579995178 0.0 0
1582198222 3.758552112 0.25 1
1582198377 3.521835352 0.0 0
1582199009 3.779982901 0.0 0
1582199172 3.595255262 0.25 1
1582631477 3.458707512 0.3333333333333333 1
1582631634 3.493902598 0.0 0
1582631790 3.63620302 0.0 0
1582631947 3.65060158 0.3333333333333333 1
1582632104 3.725088257 0.25 1
1582632261 3.563372495 0.0 0
1582632425 3.726050355 0.3333333333333333 1
1582632583 3.916246421 0.25 1
1582632748 3.773394393 0.0 0
1582632907 3.692110696 0.0 0
1582884788 3.085333444 0.3333333333333333 1
1582884953 3.711246276 0.0 0
1582885119 3.799296336 0.75 2
1582885441 3.934624001 1.0 3
1582885603 3.670624327 0.0 0
1582885766 3.635368175 0.3333333333333333 1
1582885927 3.366464041 0.0 0
1582886089 3.546894313 0.5 2
1574707163 3.634960773 0.0 0
