1570461035 0.0 -1 -1
1570461035 0.0 -1 -1
1570461035 0.0 -1 -1
1570461035 0.0 -1 -1
1570461035 0.0 -1 -1
1570461035 0.0 -1 -1
1570461035 0.0 -1 -1
1570461035 0.0 -1 -1
1570461035 0.0 -1 -1
1570461035 0.0 -1 -1
1570461035 0.0 -1 -1
1570461035 0.0 -1 -1
1570461036 0.0 -1 -1
1570461036 0.0 -1 -1
1570461036 0.0 -1 -1
1570461036 0.0 -1 -1
1570461036 0.0 -1 -1
1570461036 0.119357874 -1 -1
1570461036 0.052765645 -1 -1
1570461036 0.0 -1 -1
1570461036 0.0 -1 -1
1570461036 0.0 -1 -1
1572365801 6.294721989 -1 -1
1572365807 0.0 -1 -1
1572365807 0.0 -1 -1
1572365807 0.0 -1 -1
1572365807 0.0 -1 -1
1572365807 0.0 -1 -1
1572365807 0.0 -1 -1
1572365807 0.0 -1 -1
1572365807 0.0 -1 -1
1572365807 0.0 -1 -1
1572365807 0.0 -1 -1
1572365807 0.0 -1 -1
1572365807 0.0 -1 -1
1572365807 0.0 -1 -1
1572365807 0.0 -1 -1
1572365807 0.0 -1 -1
1572365807 0.0 -1 -1
1572365807 0.0 -1 -1
1572365807 0.0 -1 -1
1572365807 0.0 -1 -1
1572365808 0.0 -1 -1
1572365808 0.0 -1 -1
1582026776 0.0 -1 -1
1582026776 0.0 -1 -1
1582026776 0.0 -1 -1
1582026776 0.0 -1 -1
1582026776 0.0 -1 -1
1582026777 0.0 -1 -1
1582026777 0.0 -1 -1
1582026777 0.0 -1 -1
1582026777 0.0 -1 -1
1582026777 0.0 -1 -1
1582026777 0.0 -1 -1
1582026777 0.0 -1 -1
1582026777 0.0 -1 -1
1582026777 0.0 -1 -1
1582026777 0.0 -1 -1
1582026777 0.0 -1 -1
1582026777 0.0 -1 -1
1582026777 0.0 -1 -1
1582026777 0.0 -1 -1
1582026777 0.0 -1 -1
1582026777 0.0 -1 -1
1582026777 0.0 -1 -1
1582026777 0.0 -1 -1
1582026777 0.0 -1 -1
1582026777 0.0 -1 -1
1582026777 0.0 -1 -1
1582026777 0.0 -1 -1
1582026777 0.0 -1 -1
1582026777 0.0 -1 -1
1582026777 0.0 -1 -1
1582026777 0.0 -1 -1
1582026777 0.0 -1 -1
1582026777 0.0 -1 -1
1582026777 0.0 -1 -1
1582026777 0.087698788 -1 -1
1582026777 0.0 -1 -1
1582026777 0.0 -1 -1
1582026777 0.0 -1 -1
1582026778 0.0 -1 -1
1582026778 0.041907956 -1 -1
1582026778 0.131638557 -1 -1
1582026778 0.0 -1 -1
1582026778 0.0 -1 -1
1582026778 0.0 -1 -1
1582026778 0.0 -1 -1
1582026778 0.133718722 -1 -1
1582026778 0.0 -1 -1
1582026778 0.0 -1 -1
1582026778 0.0 -1 -1
1582026778 0.0 -1 -1
1582026778 0.0 -1 -1
1582026778 0.0 -1 -1
1582026778 0.0 -1 -1
1582026778 0.0 -1 -1
1582026778 0.0 -1 -1
1582026778 0.0 -1 -1
1582026778 0.0 -1 -1
1582026778 0.0 -1 -1
1582026778 0.0 -1 -1
1582026778 0.0 -1 -1
1582026778 0.0 -1 -1
1582026779 0.0 -1 -1
1582026779 0.0 -1 -1
1582026779 0.0 -1 -1
1582026779 0.042715923 -1 -1
1582026779 0.0 -1 -1
1582026779 0.088110473 -1 -1
1582026779 0.0 -1 -1
1582026779 0.0 -1 -1
1582026779 0.0 -1 -1
1582026779 0.0 -1 -1
1582026779 0.0 -1 -1
1582026779 0.0 -1 -1
1582026779 0.0 -1 -1
1582026779 0.0 -1 -1
1582026779 2.33247935 -1 -1
1582026781 0.0 -1 -1
1582026781 0.0 -1 -1
1582026782 0.0 -1 -1
1582026782 0.0 -1 -1
1582026782 0.0 -1 -1
1582026782 0.0 -1 -1
1582026782 0.0 -1 -1
1582026782 0.0 -1 -1
1582026782 0.0 -1 -1
1582026782 0.0 -1 -1
1582026782 0.0 -1 -1
1582026782 0.0 -1 -1
1582026782 0.0 -1 -1
1582026782 0.0 -1 -1
1582026782 0.0 -1 -1
1582026782 0.0 -1 -1
1582026782 0.0 -1 -1
1582026782 0.0 -1 -1
1582026782 0.0 -1 -1
1582026782 0.0 -1 -1
1582026782 0.0 -1 -1
1582026782 0.0 -1 -1
1582026782 0.103441468 -1 -1
1582026782 0.0 -1 -1
1582026782 0.075818075 -1 -1
1582026782 0.0 -1 -1
1582026782 0.0 -1 -1
1582026782 0.026896133 -1 -1
1582026782 0.0 -1 -1
1582026783 0.0 -1 -1
1582026783 0.0 -1 -1
1582026783 0.0 -1 -1
1582026783 0.0 -1 -1
1582026783 0.0 -1 -1
1582026783 0.0 -1 -1
1582026783 0.0 -1 -1
1582026783 0.13719539 -1 -1
1582026783 0.0 -1 -1
1582026783 0.0 -1 -1
1582026783 0.0 -1 -1
1582026783 0.0 -1 -1
1582026783 0.302402526 -1 -1
1582026783 0.0 -1 -1
1582026783 0.0 -1 -1
1582026783 0.0 -1 -1
1582026783 0.0 -1 -1
1582112984 0.0 -1 -1
1582112984 0.0 -1 -1
1582112984 0.0 -1 -1
1582112984 0.0 -1 -1
1582112984 0.0 -1 -1
1582112984 0.0 -1 -1
1582112984 0.0 -1 -1
1582112986 0.0 -1 -1
1582112986 0.0 -1 -1
1582112986 0.0 -1 -1
1582112986 0.0 -1 -1
1582112986 0.0 -1 -1
1582112986 0.0 -1 -1
1582112986 0.0 -1 -1
1582112986 0.0 -1 -1
1582112986 0.0 -1 -1
1582112986 0.0 -1 -1
1582112986 0.0 -1 -1
1582112986 0.0 -1 -1
1582112986 0.0 -1 -1
1582112987 0.0 -1 -1
1582112987 0.0 -1 -1
1582112987 0.0 -1 -1
1582112987 0.0 -1 -1
1582112987 0.0 -1 -1
1582112987 0.0 -1 -1
1582112987 0.0 -1 -1
