1569849905 7.644473279 1.375 2
1569850109 7.583567108 1.5555555555555556 3
1569849905 7.644473279 1.375 2
1569850109 7.583567108 1.5555555555555556 3
1569850919 7.706478991 1.4444444444444444 2
1569851128 7.576911138 1.5555555555555556 2
1569851463 7.448552004 1.75 3
1569851684 7.531688091 1.5555555555555556 2
1569851914 7.924068323 1.0 2
1569852143 7.764309555 0.6666666666666666 1
1569852381 7.723580015 0.8888888888888888 2
1569852598 7.588808238 0.625 1
1569852988 7.781706327 1.6666666666666667 3
1569853300 7.556590729 0.7777777777777778 1
1569853539 7.59475524 0.6666666666666666 2
1569854181 7.473367827 0.4444444444444444 1
1569855140 7.69553421 1.5 2
1569855583 8.89319696 1.1 2
1570446913 7.723885465 1.25 2
1570448005 7.632069209 1.625 2
1570448732 7.66547136 1.25 2
1570449201 7.43663784 1.75 3
1570449627 7.492361994 1.3333333333333333 2
1570543027 7.549123311 0.625 2
1570543383 7.533699629 0.7777777777777778 2
1570543590 7.94418726 0.6666666666666666 2
1570544520 7.495031018 1.25 2
1570544720 7.22010845 1.25 2
1570544981 7.514998098 1.5 2
1570545184 9.142908667 3.0 4
1571322899 7.622363002 1.5555555555555556 3
1571323221 7.643485349 1.625 2
1571323614 7.15985641 0.7777777777777778 1
1571324016 7.719557586 1.5 2
1571324416 7.426172983 1.625 3
1571325021 7.572906508 1.6666666666666667 3
1571325219 7.542569556 1.625 3
1571325417 8.698234792 1.6666666666666667 2
1571325623 7.480002444 1.625 3
1571325821 7.614030946 1.75 3
1571326021 7.555150314 1.625 3
1571326712 7.581994048 1.0 2
1571326922 10.576411412 2.909090909090909 4
1571327132 7.476206848 1.75 3
1571327346 7.645383146 1.5555555555555556 3
1571327737 7.358699682 1.5 2
1571328128 7.4360292 1.625 2
1571328518 7.528069533 1.5555555555555556 2
1571328909 7.569823519 1.5555555555555556 3
1571329302 7.481193655 1.5 2
1571329894 7.467838838 1.625 2
1571395814 7.540584858 0.75 1
1571396010 7.500815834 0.875 2
1571396207 7.623589818 1.25 2
1571396406 7.430180145 1.125 2
1571396603 7.735213696 0.6666666666666666 1
1571396802 8.097257854 0.3333333333333333 1
1571397032 7.405979759 0.7777777777777778 1
1571397236 7.579356629 0.7777777777777778 2
1571397434 7.833191771 0.6666666666666666 2
1571397632 7.423150942 0.875 2
1571397850 7.509353264 0.6666666666666666 1
1571398240 10.072003409 0.6363636363636364 1
1571398638 7.587830946 1.625 2
1571399028 7.472171839 1.5555555555555556 2
1571399403 24.330454918 1.36 2
1571399817 7.284942939 1.25 2
1571400209 7.547544889 1.4444444444444444 2
1571400632 7.52759263 1.625 3
1571401030 7.462208008 0.625 1
1571401422 7.669370946 0.5555555555555556 2
1571404879 7.541236073 1.6666666666666667 3
1571405079 7.543990725 1.75 3
1571405275 7.597387464 1.5555555555555556 3
1571405475 8.427716788 1.0 2
1571405708 7.530581955 1.0 2
1571406803 7.276374495 1.25 2
1571407192 7.792854254 1.5555555555555556 2
1571407586 7.487096873 1.4444444444444444 2
1571407975 7.28318358 1.75 3
1571408367 7.509179758 1.625 2
1571408897 7.480577644 1.5555555555555556 3
1571409129 7.29034131 1.75 3
1571409330 7.718357793 1.5555555555555556 3
1571409528 7.525693397 1.5555555555555556 3
1571409744 7.583472661 1.0 2
1571664312 7.519697039 0.625 1
1571664855 7.651208931 1.6666666666666667 3
1571665059 7.461991926 0.75 1
1571665270 7.558932717 0.75 2
1571665464 7.547689326 0.5 1
1571665658 7.683025914 0.5555555555555556 1
1571665859 7.465379681 0.625 1
1571666250 7.396827303 0.625 1
1571666641 7.553093594 1.5 2
1571667035 7.56808039 1.5 2
1571667471 7.557593822 1.625 2
1571668077 7.426719463 1.5 2
1571668276 7.693092158 1.5555555555555556 3
1571668470 7.573882701 1.0 2
1571668674 7.50631228 1.4444444444444444 2
1571668870 7.678945026 1.5555555555555556 3
1571669123 7.530085619 1.4444444444444444 2
1571669522 7.464193995 0.75 1
1571751947 7.608359069 1.5 2
1571752142 7.988828211 1.5555555555555556 2
1571752341 7.568019125 1.5555555555555556 2
1571752546 7.475402116 1.875 3
1571752741 7.653138237 1.5555555555555556 2
1571752937 7.526475838 1.4444444444444444 2
1571753135 7.280020002 1.625 2
1571753332 7.49994822 1.6666666666666667 3
1571753529 7.464289664 1.5 2
1571753726 7.405921522 1.25 2
1571754034 7.492999245 0.625 1
1571754431 7.592299314 0.75 1
1571754824 7.557592576 0.625 1
1571755227 7.402150745 0.75 1
1571755629 169.610034801 0.01764705882352941 1
1571756460 7.602441564 0.6666666666666666 1
1571756871 7.538532861 1.5555555555555556 3
1571757302 26.075160998 1.8518518518518519 3
1571757710 7.30165751 1.5 2
1571758109 7.529293681 1.3333333333333333 2
1571758499 7.472261872 1.5555555555555556 2
1571760083 7.617380505 0.6666666666666666 1
1571760280 7.394241622 1.5 2
1571760481 7.425552883 1.5555555555555556 2
1571760679 7.70563624 1.5555555555555556 2
1571760878 7.527764915 1.3333333333333333 2
1571761090 7.510860571 1.4444444444444444 2
1571761290 7.403594831 1.0 2
1571761484 7.445121106 0.625 1
1571761680 7.42453365 0.625 1
1571761879 7.58413572 0.7777777777777778 1
1571762111 7.580294102 1.2222222222222223 2
1571762503 7.496128501 0.6666666666666666 1
1571762903 7.334739239 0.625 1
1571763291 7.666815863 0.5555555555555556 1
1571763682 7.37929799 0.7777777777777778 2
1571764087 7.472791634 0.875 2
1571764500 7.495686472 1.625 2
1571764892 7.501900222 1.6666666666666667 3
1571765280 7.632470238 1.5555555555555556 2
1571765672 7.605327279 0.75 1
1571766248 7.542380158 0.5555555555555556 1
1571767031 7.550611723 1.5555555555555556 2
1571922180 7.381698558 0.6666666666666666 1
1572003191 7.440056442 0.5714285714285714 1
1572003385 7.618819949 1.5 2
1572003583 7.541462641 0.7777777777777778 2
1572003781 7.76564403 0.5555555555555556 1
1572003977 7.675826726 0.625 1
1572004172 7.751235649 0.625 1
1572004367 7.559195026 0.625 1
1572004566 7.595523784 0.7777777777777778 1
1572004768 7.469560621 0.7777777777777778 2
1572004967 7.545057225 0.625 1
1572006258 7.603647686 0.625 1
1572006995 7.587310754 0.3333333333333333 1
1572007389 7.632847052 0.75 1
1572007882 7.878052662 1.0 2
1572008293 7.384023555 0.0 0
1572008696 7.471968858 0.5555555555555556 1
1572009090 7.632784804 0.6666666666666666 1
1572009479 8.06424343 0.6666666666666666 1
1572009871 7.520049914 0.6666666666666666 1
1572010266 7.368281596 0.3333333333333333 1
1572010657 7.763406535 1.0 2
1572011169 7.547339744 0.875 2
1572011365 7.484739453 0.25 1
1572011558 7.788681992 0.7777777777777778 1
1572011758 7.630284242 0.75 1
1572011955 7.325082155 0.625 1
1572012152 7.682418123 0.7777777777777778 1
1572012347 7.475636813 0.875 2
1572012541 7.751363146 0.5555555555555556 1
1572012736 7.752497468 0.875 2
1572012929 7.731785337 0.625 1
1572013219 7.601181717 0.75 1
1572013612 7.645152519 0.625 1
1572014005 7.526153719 1.5 2
1572014396 7.629558319 1.625 3
1572014785 7.679748562 1.5 2
1572264988 7.633024988 0.5555555555555556 1
1572265185 7.49647933 0.6666666666666666 1
1572265383 7.481239703 0.6666666666666666 1
1572265582 7.692848748 0.75 1
1572265779 7.658731522 0.7777777777777778 2
1572265983 14.684559743 1.2 3
1572266183 7.611681794 0.5555555555555556 1
1572266383 7.654842899 0.6666666666666666 1
1572266585 7.70836866 0.6666666666666666 1
1572266781 7.755514024 0.7777777777777778 1
1572268066 7.509623975 1.375 2
1572268837 7.738799669 1.875 3
1572269251 7.559571025 1.625 3
1572269657 7.261166782 1.375 2
1572270074 7.478964898 0.75 1
1572270470 7.652792078 1.5 2
1572270864 7.488499866 1.625 2
1572272229 6.0916779 0.8571428571428571 2
1572272560 6.087959753 0.5714285714285714 1
1572272895 5.914215202 0.7142857142857143 1
1572273227 5.889064259 0.5714285714285714 1
1572273574 6.293547725 1.7142857142857142 2
1572274066 6.244552127 1.3333333333333333 2
1572274234 6.109205028 1.4285714285714286 2
1572274409 6.003178471 1.7142857142857142 2
1572274575 6.17976982 2.2857142857142856 3
1572274747 6.080612053 1.7142857142857142 2
1572274918 6.062430809 1.2857142857142858 2
1572275086 6.132141979 0.8571428571428571 1
1572275262 8.937849001 0.9 2
1572275433 6.141128698 1.8571428571428572 3
1572275609 6.204433226 1.4285714285714286 2
1572275995 6.035352766 1.5 2
1572276331 6.176531046 1.7142857142857142 3
1572276669 6.099111182 1.5714285714285714 2
1572277000 6.032101704 1.5714285714285714 2
1572277330 6.139241068 1.7142857142857142 2
1572277668 8.699979212 1.1111111111111112 2
1572278024 6.22304241 0.75 2
1572278358 5.964496256 1.4285714285714286 2
1572361201 7.572460404 0.5 1
1572361399 7.403311257 0.7777777777777778 2
1572361595 7.486503745 0.75 1
1572361790 7.415458823 0.75 1
1572361987 7.585125832 0.7777777777777778 2
1572362183 7.526063943 0.75 2
1572362378 7.459351701 0.5555555555555556 1
1572362574 7.79599067 0.5555555555555556 1
1572362773 7.824828368 0.6666666666666666 1
1572362969 7.512254426 0.7777777777777778 1
1572363417 6.148616124 1.4285714285714286 2
1572363747 5.950581085 0.5714285714285714 1
1572364076 5.982555691 0.8571428571428571 1
1572364407 5.975660978 0.5714285714285714 1
1572364740 6.027606321 1.6666666666666667 2
1572365081 6.141192977 1.5714285714285714 2
1572365459 6.029005079 1.7142857142857142 2
1572365830 5.919359618 1.5 2
1572366170 6.034659849 0.7142857142857143 1
1572366506 6.106464233 0.0 0
1572366852 10.157385986 0.5 2
1572367025 6.049661605 0.625 1
1572367195 5.976839827 0.6666666666666666 1
1572367363 6.231657708 1.375 3
1572367536 6.271478046 0.375 1
1572367717 6.11652159 0.7142857142857143 1
1572367893 6.162027586 0.5714285714285714 1
1572368060 6.197645989 0.7142857142857143 1
1572368227 6.176397311 0.42857142857142855 1
1572368393 5.941430363 0.0 0
1572369536 6.065898585 0.0 0
1572369865 6.177482387 0.625 1
1572370196 6.156587096 0.8571428571428571 2
1572370528 6.012465827 0.7142857142857143 1
1572370857 6.089865918 0.5714285714285714 1
1572371186 6.009176192 0.7142857142857143 1
1572371520 6.277246814 0.8571428571428571 2
1572371848 6.191873759 0.625 1
1572372178 6.284880597 0.42857142857142855 1
1572372507 6.251902825 0.2857142857142857 1
1572532319 7.214928617 0.7142857142857143 1
1572532521 7.662593668 0.75 1
1572532726 7.417217953 0.7777777777777778 1
1572533514 6.073353029 1.2857142857142858 2
1572533852 6.010682643 0.7142857142857143 1
1572534206 5.963835065 0.5714285714285714 1
1572534553 5.967770373 0.7142857142857143 1
1572534885 6.158265732 0.5714285714285714 1
1572535233 6.113443965 1.8571428571428572 3
1572535564 6.081733624 1.5714285714285714 2
1572535900 5.95654097 1.6666666666666667 2
1572536230 6.096090678 1.1428571428571428 3
1572536594 6.103380586 0.8571428571428571 1
1572537197 5.972676141 0.0 0
1572537851 6.01782976 1.5714285714285714 2
1572538504 6.129046031 1.5714285714285714 2
1572539160 6.117582522 1.5 2
1572539813 6.10635952 0.5714285714285714 2
1572540720 6.306801762 1.7142857142857142 3
1572541373 6.103200304 1.4285714285714286 2
1572542022 6.122540014 1.5714285714285714 2
1572542669 6.03328687 0.5714285714285714 1
1572543314 6.099910821 1.7142857142857142 3
1572544446 6.082422215 1.4285714285714286 2
1572544612 6.462407575 1.875 3
1572544783 6.00931336 1.7142857142857142 3
1572544957 6.057532163 1.7142857142857142 2
1572545131 6.137396506 1.5 3
1572869957 6.11983225 0.6666666666666666 1
1572870125 6.29417491 0.5714285714285714 1
1572870346 6.106254674 0.7142857142857143 1
1572870531 6.178415739 1.0 2
1572870748 6.048450237 0.5714285714285714 1
1572871086 6.095248936 0.7142857142857143 2
1572871737 6.079475424 0.7142857142857143 2
1572872386 6.028068026 0.7142857142857143 2
1572873067 6.124888987 1.7142857142857142 3
1572873717 6.028688989 1.0 2
1572874774 6.108716839 0.7142857142857143 1
1572875627 6.696646483 0.625 2
1572876864 6.230622641 0.7142857142857143 1
1572877519 6.146350445 1.4285714285714286 2
1572878730 6.175510715 0.5714285714285714 1
1572879858 6.116176244 1.5714285714285714 2
1572880140 5.739468448 1.5714285714285714 2
1572880476 5.975178834 0.8571428571428571 2
1572880815 6.15159053 0.5714285714285714 1
1572881161 5.952197638 0.7142857142857143 1
1572881496 6.054133438 0.5714285714285714 1
1572881828 6.002928094 1.6666666666666667 2
1572882159 6.032043713 1.7142857142857142 3
1572882549 6.012576903 1.1428571428571428 3
1572882881 22.933419208 1.8333333333333333 2
1572883239 6.147139559 0.7142857142857143 1
1572965339 6.104780169 0.5714285714285714 1
1572965506 6.015800077 0.8571428571428571 1
1572965674 6.25661553 1.1428571428571428 2
1572965843 6.14624507 0.7142857142857143 2
1572966180 6.234792782 0.7142857142857143 1
1572966351 6.594316078 0.625 1
1572966519 6.176619363 0.7142857142857143 1
1572966708 6.27303363 0.625 2
1572966879 6.115729604 0.8571428571428571 2
1572967104 6.153887069 0.7142857142857143 2
1572967806 6.077392717 1.5714285714285714 2
1572969110 6.044084778 1.5714285714285714 2
1572969763 5.980733408 1.7142857142857142 2
1572970423 6.060030732 0.5714285714285714 1
1572971074 6.31569672 1.5714285714285714 2
1572971737 6.2116454 1.5714285714285714 2
1572972396 6.109536088 1.7142857142857142 3
1572973109 6.040002123 0.5714285714285714 1
1572973762 6.022718663 1.7142857142857142 3
1572974411 6.00797738 1.7142857142857142 2
1572975141 6.132576523 1.5714285714285714 3
1572975468 6.147308623 1.7142857142857142 3
1572975806 7.094523232 0.625 1
1572976168 5.932194182 0.5714285714285714 1
1572976549 6.113351662 1.7142857142857142 2
1572976879 6.045963143 1.4285714285714286 2
1572977209 5.959003961 1.7142857142857142 2
1572977572 6.155672247 1.7142857142857142 2
1572977920 6.105744253 1.4285714285714286 2
1573206985 6.276933498 0.42857142857142855 1
1573207154 6.083541575 0.5714285714285714 1
1573207323 6.266670515 0.8571428571428571 1
1573207489 6.197977855 0.8571428571428571 1
1573207660 5.926567239 0.8571428571428571 2
1573207827 6.081863025 0.8571428571428571 2
1573207994 6.361123529 0.7142857142857143 2
1573208159 6.02304629 0.5714285714285714 1
1573208326 6.196596425 0.5714285714285714 1
1573208492 6.402825762 1.0 2
1573208698 6.18016145 0.7142857142857143 1
1573209348 6.03513657 0.8571428571428571 1
1573210014 5.956139094 1.7142857142857142 2
1573210680 5.936501347 1.7142857142857142 2
1573211347 6.00468559 0.5714285714285714 1
1573212002 5.874781899 0.5714285714285714 1
1573212651 6.324686656 1.5714285714285714 2
1573213304 6.097564365 1.7142857142857142 3
1573213972 6.422513536 0.625 1
1573214630 6.066139883 1.4285714285714286 3
1573218165 6.102400941 1.3333333333333333 2
1573218493 6.029750189 1.5714285714285714 2
1573218885 6.108904648 1.4285714285714286 2
1573220228 5.917112409 1.5714285714285714 2
1573220395 6.170877305 1.4285714285714286 2
1573220563 6.067334333 1.1428571428571428 2
1573220732 6.147912205 1.0 2
1573220899 6.178285767 1.5714285714285714 2
1573221067 6.061670106 1.5714285714285714 2
1573221231 6.312824547 1.7142857142857142 2
1573221400 6.203306708 1.7142857142857142 3
1573221567 6.171561103 1.4285714285714286 2
1573221736 6.164716868 1.7142857142857142 2
1573221925 6.107850122 1.8571428571428572 3
1573222096 6.087444973 1.5 3
1573222262 6.29900548 1.625 2
1573222427 6.347929011 1.0 2
1573222596 6.097760176 1.5714285714285714 2
1573301076 6.057317707 1.7142857142857142 3
1573301246 6.197864924 1.0 2
1573301415 6.279387151 1.5714285714285714 3
1573301596 6.119588354 1.7142857142857142 3
1573301781 6.200223038 1.4285714285714286 2
1573301952 6.348152247 1.7142857142857142 2
1573302128 6.110492473 1.2857142857142858 3
1573302302 6.2043211 0.8571428571428571 1
1573302471 6.210708597 0.7142857142857143 2
1573302638 6.061763869 0.7142857142857143 1
1573303380 6.179419461 0.5 1
1573303787 5.491128518 0.7142857142857143 1
1573303955 5.690979867 0.8333333333333334 1
1573304119 5.680278992 0.5714285714285714 1
1573304279 9.332335122 0.7 1
1573304444 5.720905826 0.5714285714285714 1
1573304608 9.451915586 1.6 3
1573304770 5.431033095 1.2857142857142858 2
1573304929 5.639186096 1.4285714285714286 2
1573305090 8.916227905 1.0 3
1573305252 5.713517866 0.7142857142857143 1
1573306390 5.905339021 1.6666666666666667 3
1573306726 5.396979486 1.6666666666666667 2
1573307050 5.705710953 1.4285714285714286 2
1573307386 5.803544063 1.5714285714285714 2
1573307703 5.438126672 0.7142857142857143 1
1573308024 5.652480452 0.7142857142857143 1
1573308338 5.703778367 1.5714285714285714 2
1573308669 5.312183125 1.6666666666666667 2
1573308990 5.797212884 1.5 2
1573309313 12.933755008 0.8571428571428571 1
1573310161 5.728588146 0.8333333333333334 2
1573310786 5.859582427 1.5714285714285714 2
1573311402 5.801611378 1.4285714285714286 2
1573312020 5.264089249 0.6666666666666666 1
1573312719 5.70721003 1.6666666666666667 2
1573313340 5.611508643 1.5 2
1573313961 5.308440837 0.6666666666666666 1
1573314589 5.480313204 1.5714285714285714 3
1573741812 13.804050414 0.8571428571428571 1
1573741940 5.497535512 1.4285714285714286 2
1573743572 5.549337909 1.6666666666666667 2
1573743671 5.363432155 1.5 2
1573743773 5.46594998 1.5 2
1573743871 5.435771568 1.5 2
1573743970 5.397356609 1.4285714285714286 2
1573744067 5.477684979 1.5714285714285714 3
1573744164 5.40681841 1.4285714285714286 2
1573744263 5.580965305 1.8333333333333333 3
1573744359 5.552162729 1.3333333333333333 2
1573744450 5.613715987 1.1428571428571428 2
1573744561 5.461219504 0.8571428571428571 2
1573744655 5.469581508 0.6666666666666666 1
1573744753 5.500647561 0.6666666666666666 1
1573744867 5.465162996 0.6666666666666666 1
1573745003 5.401807965 0.6666666666666666 1
1573745101 5.532533047 0.8333333333333334 1
1573745284 5.49972178 0.5714285714285714 1
1573745381 5.549603298 0.5714285714285714 1
1573745484 5.529953416 0.5714285714285714 1
1573745584 5.546019683 0.6666666666666666 1
1573745682 5.594126095 0.7142857142857143 1
1573745785 5.597542148 1.5714285714285714 2
1573745884 5.569802378 1.4285714285714286 2
1573745980 5.585312824 1.5 2
1573746080 5.629597491 1.4285714285714286 2
1573746178 5.592202914 1.2857142857142858 2
1573746280 5.568627825 1.6666666666666667 2
1573746381 5.508809132 1.6666666666666667 2
1573746478 5.366921423 1.3333333333333333 2
1573746573 5.460495465 0.5714285714285714 1
1573748894 5.485361982 0.6 1
1573748990 5.631451362 1.4285714285714286 2
1573749091 5.629285455 1.6666666666666667 2
1573749174 34.578023935 1.6176470588235294 3
1573749296 5.636164171 1.4285714285714286 2
1573749429 5.503903114 1.2857142857142858 3
1573749535 5.426057984 1.6666666666666667 2
1573749633 6.100917785 1.2857142857142858 2
1573749732 5.467364196 1.1428571428571428 2
1573749829 5.66461372 1.2857142857142858 2
1573752426 5.546673253 1.1666666666666667 2
1573752684 5.642358253 1.0 2
1573752843 5.300927561 0.6666666666666666 1
1573753001 5.429229722 0.6666666666666666 1
1573753159 5.289832092 0.6666666666666666 1
1573753313 5.66669736 1.1666666666666667 2
1573753472 5.527384143 1.5714285714285714 2
1573753626 5.771560483 1.5 2
1573753788 5.592069353 0.3333333333333333 1
1573754608 5.633535905 1.6666666666666667 2
1573754767 5.66829058 1.6666666666666667 2
1573754925 5.581952753 1.4285714285714286 2
1573755096 5.418327395 1.5714285714285714 2
1573755255 5.494710814 1.6666666666666667 2
1573755414 5.515080168 1.4285714285714286 2
1573755570 6.238121225 2.142857142857143 3
1573755729 5.602566041 0.6666666666666666 1
1573755886 5.578427644 0.5714285714285714 1
1573756043 5.551133137 0.5714285714285714 1
1573827938 5.498854363 1.6666666666666667 2
1573828250 5.384247014 1.6666666666666667 2
1573828561 5.428426526 1.5 2
1573828866 5.29641312 0.0 0
1573829171 5.381661452 1.5 3
1573829477 5.417836077 1.6666666666666667 3
1573829858 5.458849338 1.5 2
1573830344 5.379862571 1.0 2
1573830651 5.520583335 1.4285714285714286 2
1573830960 5.700289853 0.0 0
1573831352 5.352296765 1.5 2
1573831509 5.589552069 1.6666666666666667 2
1573831667 5.525747947 1.2857142857142858 2
1573831840 5.412762027 1.5714285714285714 2
1573831993 5.525133033 1.6666666666666667 2
1573832151 5.368605275 1.4285714285714286 2
1573832308 5.579898857 1.6666666666666667 2
1573832475 5.539770743 0.8333333333333334 1
1573832630 5.498760763 0.0 0
1573832784 5.555579143 0.0 0
1573832968 5.50801057 0.16666666666666666 1
1573833138 5.598583158 1.0 2
1573833301 5.631458134 1.5714285714285714 2
1573833458 5.518416193 1.6666666666666667 2
1573833615 5.512145923 1.5714285714285714 2
1573900990 5.302471765 1.4285714285714286 2
1573901148 5.617894457 1.6666666666666667 2
1573901304 5.521173856 1.8333333333333333 2
1573901459 5.49304769 1.4285714285714286 2
1573901621 5.474655026 1.6666666666666667 2
1573901774 5.47992134 1.4285714285714286 2
1573901929 5.7712522 1.2857142857142858 2
1573902088 5.554793461 1.6666666666666667 2
1573902244 5.669327514 2.142857142857143 3
1573902400 5.615384762 1.5714285714285714 2
1573902594 5.522015706 1.5 2
1573902901 5.548114961 0.5714285714285714 2
1573903212 5.393308204 0.6666666666666666 2
1573903523 5.624054859 1.5714285714285714 2
1573903834 5.51285443 1.5 2
1573904143 5.354562988 1.6666666666666667 2
1573904450 8.772178709 0.6 2
1574685716 5.740915552 1.5 3
1574685895 16.226999275 1.5294117647058822 3
1574686079 5.627207284 2.2857142857142856 4
1574686237 5.570093211 1.7142857142857142 3
1574686399 5.596025154 1.4285714285714286 2
1574686556 5.474555996 1.8333333333333333 3
1574686720 5.599367542 1.5714285714285714 3
1574686886 5.519696775 1.8333333333333333 3
1574687076 5.598492984 1.5714285714285714 3
1574687248 5.715188154 1.5714285714285714 2
1574687910 5.686001421 1.5714285714285714 2
1574688223 5.394598854 1.1666666666666667 2
1574689205 9.228567488 1.3 2
1574689583 5.592981117 1.8571428571428572 3
1574689798 5.652058171 0.42857142857142855 1
1574689958 5.568056884 2.0 3
1574690130 5.5001799 1.6666666666666667 2
1574690295 17.167899149 0.9444444444444444 1
1574690467 5.568741097 1.5714285714285714 3
1574690637 5.627565508 1.6666666666666667 2
1574690798 5.375602579 1.5 3
1574690982 5.71200089 2.1666666666666665 4
1574691155 5.301361236 1.6666666666666667 2
1574691914 5.672145817 1.0 2
1574692233 5.387287227 0.2857142857142857 1
1574692551 5.603696955 0.0 0
1574693463 5.575590676 0.3333333333333333 1
1574693781 12.406100306 0.0 0
1574694218 5.657328546 0.14285714285714285 1
1574694548 5.607971731 1.0 2
1574694859 5.521336931 0.0 0
1574695088 21.836397455 0.08695652173913043 1
1574695414 24.837841076 0.9230769230769231 1
1574695754 5.544733733 0.0 0
1574696214 5.500078531 0.3333333333333333 1
1574696789 5.629455853 0.0 0
1574697365 5.541068569 0.8333333333333334 2
1574697957 5.659700557 0.5714285714285714 1
1574698527 5.5761181 0.6666666666666666 1
1574706647 5.769980597 1.3333333333333333 2
1574706783 5.472355248 1.6666666666666667 3
1574707026 5.504361269 0.0 0
1574707206 5.596956134 1.6666666666666667 2
1574707993 5.695901948 0.5714285714285714 1
1574708406 5.564518738 1.5714285714285714 2
1574708489 5.45248972 1.5 3
1574708689 5.416785945 0.0 0
1574709072 5.596218455 0.5 1
1574709305 5.766287106 0.5 1
1574710415 5.64422834 0.8333333333333334 2
1574710605 5.685064032 0.0 0
1574950697 5.756280413 1.8 2
1574951009 5.716330924 0.8333333333333334 1
1574951383 5.608674909 0.5714285714285714 1
1574951738 5.499585715 1.3333333333333333 2
1574952065 5.540460238 0.5 1
1574952380 5.721491741 1.1666666666666667 2
1574952784 5.510566963 1.4285714285714286 2
1574953145 5.589757742 0.5714285714285714 1
1574953475 5.45856981 1.5 2
1574953800 5.698519056 2.0 3
1574954130 5.623510597 1.8333333333333333 3
1574954292 5.507523578 2.5 3
1574954443 24.851215422 0.76 4
1574954632 5.692748733 0.8571428571428571 2
1574954817 5.675614635 2.3333333333333335 3
1574954974 5.677506202 0.6666666666666666 1
1574955135 5.251991937 1.5 3
1574955391 5.611592649 1.5714285714285714 2
1574955551 5.58050114 0.7142857142857143 1
1574955712 5.496161732 0.8333333333333334 2
1574955904 6.02124982 1.8571428571428572 3
1574956537 5.647998423 1.7142857142857142 4
1574957206 5.625571732 1.5714285714285714 2
1574957801 5.682387045 1.4285714285714286 3
1574958384 5.540496014 1.6666666666666667 2
1574958978 5.479831386 1.5 2
1574959587 5.653501176 1.6666666666666667 2
1574960166 5.59168654 2.5 4
1574960750 5.675263777 1.5714285714285714 2
1574961417 5.576911436 1.4285714285714286 2
1575026460 5.484535139 1.8333333333333333 3
1575026621 5.775856501 1.5 2
1575026783 5.390297091 1.6666666666666667 3
1575026942 5.40661406 1.7142857142857142 3
1575027106 5.741803868 1.6666666666666667 2
1575027268 5.588518372 1.6666666666666667 2
1575027434 5.449986352 1.5 2
1575027590 5.469452703 1.4285714285714286 2
1575027754 5.79999226 0.5714285714285714 2
1575027920 5.516421676 1.5 2
1575028101 5.495051906 1.8333333333333333 3
1575028408 5.424265661 0.5714285714285714 1
1575028720 5.628108166 0.14285714285714285 1
1575029054 5.392158576 1.0 2
1575029370 5.571157752 0.5714285714285714 1
1575029677 5.628217486 1.5714285714285714 2
1575029992 5.759606895 1.7142857142857142 3
1575030304 5.717475589 1.0 2
1575030618 7.907420256 1.8888888888888888 3
1575030952 5.541742254 1.6666666666666667 2
1575032900 5.509826535 1.5714285714285714 3
1575033467 5.54050747 0.14285714285714285 1
1575034059 5.619170256 1.3333333333333333 2
1575034626 5.702599531 1.8333333333333333 3
1575035197 5.944488596 1.2857142857142858 2
1575036221 5.638346927 1.4285714285714286 2
1575036796 6.178568387 0.14285714285714285 1
1575037357 5.376479222 0.2857142857142857 1
1575037915 5.51058595 1.6666666666666667 2
1575038926 5.975538665 1.5714285714285714 2
1575112777 5.604144259 0.6666666666666666 1
1575112934 9.201582127 1.8 2
1575113099 5.6985475 0.7142857142857143 2
1575113260 5.545857641 0.6666666666666666 1
1575113417 5.883364913 2.142857142857143 3
1575113578 5.592297358 0.5 1
1575113735 5.559408627 1.5 2
1575113892 5.725814032 1.8333333333333333 3
1575114050 5.533786466 0.7142857142857143 2
1575114218 5.430467516 1.8333333333333333 3
1575114387 5.491624846 1.6666666666666667 2
1575114690 5.403841508 1.8333333333333333 3
1575115001 5.468476879 1.6666666666666667 2
1575115310 5.655749132 1.4285714285714286 3
1575115618 5.728054691 1.5714285714285714 2
1575115933 5.502617391 1.5714285714285714 3
1575116244 5.57596905 1.4285714285714286 2
1575116556 5.763133729 1.5714285714285714 3
1575116863 5.424016566 1.5714285714285714 3
1575117172 5.675450668 1.6666666666666667 2
1575120193 5.360365347 1.6666666666666667 3
1575120756 5.512342834 1.5714285714285714 3
1575121315 5.590814321 0.7142857142857143 2
1575122377 5.642176972 0.7142857142857143 1
1575122936 5.596200598 2.142857142857143 3
1575123492 5.628447429 0.0 0
1575124052 5.528848255 1.5714285714285714 3
1575124607 5.613483809 1.6666666666666667 2
1575125172 5.721334682 0.8571428571428571 2
1575125742 5.63730561 1.8333333333333333 3
1575289698 12.423619131 2.4166666666666665 3
1575289867 5.691150504 1.5714285714285714 2
1575290017 26.207531228 0.7692307692307693 2
1575290203 22.943735524 1.6521739130434783 4
1575290389 5.559818233 1.8333333333333333 3
1575290562 7.088821476 0.375 1
1575290734 9.756936881 1.7 3
1575290897 5.343285232 2.3333333333333335 3
1575291057 5.848551482 0.7142857142857143 2
1575291218 5.563209183 1.8333333333333333 3
1575292895 5.781006111 1.6 2
1575293213 5.476435617 1.4285714285714286 2
1575293549 5.737502839 0.5714285714285714 1
1575293886 5.536755506 1.7142857142857142 3
1575294224 5.831147758 0.5714285714285714 1
1575294566 7.026890947 0.375 1
1575294913 5.515560037 1.5714285714285714 3
1575295317 8.147966775 1.1111111111111112 2
1575295683 5.665198421 1.4285714285714286 2
1575296895 5.511710312 1.6666666666666667 2
1575297480 5.686580597 0.7142857142857143 1
1575298064 5.751758898 1.2857142857142858 2
1575298634 5.53964484 1.5714285714285714 3
1575299208 5.654713733 1.6666666666666667 2
1575299785 5.489963357 0.5 1
1575300393 22.289505848 0.391304347826087 2
1575300968 5.41409449 1.5 2
1575301765 5.609757071 0.0 0
1575384107 5.427447329 1.2857142857142858 2
1575384267 5.600061326 1.4285714285714286 2
1575384428 5.584988214 0.8333333333333334 2
1575384586 5.568526241 1.8333333333333333 3
1575384750 5.532362018 1.7142857142857142 2
1575384905 5.552336512 0.5714285714285714 1
1575385066 5.744103933 1.5714285714285714 2
1575385228 5.447512069 2.142857142857143 3
1575385388 5.63894155 1.1666666666666667 2
1575385551 5.699544886 1.6666666666666667 3
1575385793 5.789452468 1.5714285714285714 2
1575386104 5.639930164 1.5 2
1575386416 5.592334674 1.3333333333333333 3
1575386820 5.546700549 1.4285714285714286 2
1575387129 5.457884641 1.5714285714285714 2
1575387439 5.736609342 0.8571428571428571 2
1575387749 5.364017998 1.6666666666666667 2
1575388058 5.563538519 0.8333333333333334 2
1575388366 5.547915001 1.8333333333333333 3
1575388671 5.684119666 1.5714285714285714 2
1575389974 5.551612882 1.0 2
1575390542 5.591528633 1.4285714285714286 2
1575391109 5.335175291 0.7142857142857143 1
1575391673 5.647481433 1.6666666666666667 2
1575392486 5.624685249 0.42857142857142855 1
1575393120 5.312845976 1.0 2
1575393684 5.529574153 1.8333333333333333 3
1575394248 5.577926617 1.4285714285714286 2
1575394811 5.740293417 1.4285714285714286 2
1575395374 5.586513506 0.0 0
1575396995 37.431872247 1.2972972972972974 3
1575397302 14.757143043 1.3333333333333333 2
1575397895 25.875760645 0.7777777777777778 1
1575398113 55.653017837 2.3392857142857144 4
1575398359 26.217555987 0.8518518518518519 1
1575473335 5.633356101 1.3333333333333333 2
1575474272 5.409704936 1.6666666666666667 2
1575474361 5.486493248 0.6666666666666666 1
1575556488 5.656923487 1.3333333333333333 2
1575556649 5.386469202 2.0 3
1575556814 5.47160127 0.6666666666666666 1
1575556993 6.55868937 2.142857142857143 3
1575557175 5.90045746 2.4285714285714284 3
1575557340 4.835734594 0.16666666666666666 1
1575557534 5.585484317 2.857142857142857 4
1575557700 5.456043316 2.4285714285714284 3
1575558159 5.896060603 1.5714285714285714 2
1575558350 5.626208557 1.7142857142857142 2
1575558553 5.632613642 0.5 1
1575558865 5.569392744 0.8333333333333334 2
1575559193 5.442910372 1.6666666666666667 3
1575559502 5.790316858 0.7142857142857143 2
1575559859 24.659338362 0.0 0
1575560185 5.397252008 1.1428571428571428 2
1575560523 5.435746006 0.8333333333333334 3
1575561068 5.53670924 0.14285714285714285 1
1575561416 5.463059073 1.8333333333333333 3
1575561773 5.528634666 0.5 1
1575562192 5.559055728 0.4 1
1575562859 47.083070688 1.875 3
1575563537 5.596244956 1.2857142857142858 2
1575564139 18.581597238 1.8 3
1575564718 21.885809472 2.0869565217391304 3
1575565302 5.050938926 1.0 2
1575565863 5.532192081 1.5714285714285714 3
1575566434 5.508081553 1.8333333333333333 3
1575567770 5.458152877 2.3333333333333335 4
1575568362 24.501023751 0.23076923076923078 2
1579183986 5.753919351 1.5 2
1579184424 8.196386922 2.2222222222222223 3
1579184697 5.262647543 1.4285714285714286 2
1579184863 5.531254405 1.8333333333333333 3
1579185025 5.545998843 0.8333333333333334 2
1579185187 5.643850045 1.8571428571428572 3
1579185362 17.397094859 0.5789473684210527 2
1579185551 11.817408729 1.5384615384615385 2
1579185732 5.590259686 2.4285714285714284 4
1579185910 5.531552195 1.5714285714285714 2
1579186099 5.688954654 1.0 1
1579186282 19.626767027 1.8571428571428572 2
1579186610 5.799031017 0.16666666666666666 1
1579187658 5.571566792 1.8571428571428572 3
1579187966 5.445008742 1.6666666666666667 2
1579188299 5.470615092 0.0 0
1579188424 17.083489053 1.6111111111111112 2
1579188955 5.572733101 1.8333333333333333 3
1579189280 5.687385359 1.8333333333333333 3
1579189628 5.767509376 1.4285714285714286 2
1579189944 5.85295539 1.6666666666666667 2
1579190282 5.677330539 1.5714285714285714 2
1579190824 5.608705993 1.0 3
1579191440 5.711927299 0.0 0
1579192005 5.632587302 1.5714285714285714 2
1579192571 5.557856756 0.6666666666666666 1
1579193152 5.519693862 1.4285714285714286 2
1579193740 5.478212246 0.0 0
1579194306 5.596929456 1.6666666666666667 3
1579194875 5.589537544 2.142857142857143 3
1579195439 5.587911739 0.0 0
1579196029 5.548357068 1.5 2
1579351716 5.489986424 0.7142857142857143 1
1579351883 5.667778674 1.4285714285714286 2
1579352044 5.385518255 0.6666666666666666 1
1579352205 5.573660047 1.5714285714285714 2
1579352367 5.707022911 1.5714285714285714 2
1579352532 5.665115335 1.0 2
1579352689 5.678525937 1.4285714285714286 2
1579352851 5.578024321 1.6666666666666667 2
1579353013 5.901824448 0.7142857142857143 1
1579353176 5.727852278 1.5714285714285714 2
1579354058 5.562119328 0.8571428571428571 2
1579354365 5.587391564 1.6666666666666667 2
1579354675 5.645868419 1.2857142857142858 2
1579354987 5.503213639 0.8333333333333334 2
1579355294 5.594065723 2.5 3
1579355604 5.583571873 1.6666666666666667 2
1579355913 5.35954856 0.5714285714285714 1
1579356218 5.570719322 1.5 2
1579356525 5.478248254 1.6666666666666667 2
1579356831 5.551141418 0.5 1
1579359238 5.432603219 1.6666666666666667 2
1579359810 5.387107211 0.6666666666666666 1
1579360374 5.601915092 1.6666666666666667 2
1579360932 5.678132877 1.5714285714285714 3
1579361488 5.6607847 0.8571428571428571 2
1579362041 5.601185323 0.5714285714285714 1
1579362597 5.843495919 1.4285714285714286 2
1579363158 5.41554943 1.6666666666666667 3
1579363726 5.662838007 0.7142857142857143 1
1579364287 5.344719621 1.4285714285714286 2
1579522798 5.561884092 1.6 2
1579523008 5.574508189 2.5 4
1579523195 5.543782731 0.5 1
1579523363 5.553982331 1.4285714285714286 2
1579523536 5.490430282 2.0 3
1579523709 13.954944562 0.42857142857142855 2
1579523888 15.762944303 1.2352941176470589 2
1579524086 5.509655279 1.5 2
1579524256 5.654194296 1.0 2
1579524423 5.604725991 2.2857142857142856 4
1579524656 5.617360765 0.8571428571428571 2
1579524979 5.33068958 1.3333333333333333 2
1579525331 5.545370631 1.8333333333333333 2
1579525707 5.575201569 1.8571428571428572 3
1579526032 5.459361574 0.8333333333333334 2
1579526357 5.700223265 1.4285714285714286 2
1579528343 5.551265556 1.4285714285714286 2
1579528664 5.616223913 1.6666666666666667 2
1579529086 5.295512847 0.5714285714285714 1
1579529466 5.351025696 1.3333333333333333 2
1579529803 5.575686921 1.5 2
1579530203 5.486567397 0.8333333333333334 2
1579530841 5.42978483 1.8571428571428572 4
1579531892 5.380834505 1.5 2
1579532595 5.678980623 2.0 3
1579533229 5.54741762 0.5 1
1579533823 5.425413961 1.3333333333333333 2
1579534465 5.571942011 1.4285714285714286 2
1579535138 5.515646573 0.0 0
1579535725 5.294661196 0.7142857142857143 1
1579536806 5.452246938 1.5 2
1579537390 5.531720572 1.8571428571428572 3
1580215257 5.492123712 0.8333333333333334 2
1580215449 5.448180967 0.6666666666666666 1
1580215599 21.86590259 0.8636363636363636 2
1580215775 5.587990526 1.5714285714285714 3
1580215936 5.501425732 0.8333333333333334 1
1580216098 5.544959567 0.5714285714285714 1
1580216258 5.535146343 1.7142857142857142 2
1580216418 6.835502563 0.625 1
1580216579 5.639513136 1.6666666666666667 2
1580216744 21.888019934 1.3043478260869565 3
1580217792 5.694179406 0.6666666666666666 1
1580218117 5.686775523 1.7142857142857142 2
1580218435 5.251148545 1.6666666666666667 3
1580218770 5.684195509 1.1666666666666667 2
1580219122 5.579533844 1.4285714285714286 2
1580219482 5.646503789 1.5 3
1580222210 5.529620455 0.8333333333333334 1
1580222525 5.564120735 2.6666666666666665 4
1580222839 5.597762617 0.7142857142857143 2
1580223143 5.220317822 0.7142857142857143 1
1580223531 5.585264127 1.2857142857142858 2
1580224098 5.744427437 0.7142857142857143 1
1580224656 5.317167362 0.6666666666666666 1
1580225214 5.563479905 1.8333333333333333 3
1580225779 5.56404498 0.7142857142857143 2
1580226357 5.720933164 0.8333333333333334 1
1580226925 6.254555453 0.7142857142857143 2
1580227523 5.78706356 1.4285714285714286 2
1580228108 5.721783788 0.16666666666666666 1
1580228668 5.389768712 0.8333333333333334 1
1580304671 5.865069862 0.8571428571428571 2
1580304828 5.707420769 1.4285714285714286 2
1580304989 5.733761071 0.14285714285714285 1
1580305150 5.579815688 1.1666666666666667 2
1580305312 5.598560446 1.0 2
1580305494 5.673725553 0.8333333333333334 1
1580305656 5.608103844 1.5714285714285714 2
1580305815 5.767747375 0.2857142857142857 1
1580305972 5.511834955 0.8333333333333334 1
1580306130 5.820234206 1.1428571428571428 3
1580306348 16.01777904 0.058823529411764705 1
1580306435 5.371732055 0.0 0
1580306736 5.722014388 0.7142857142857143 1
1580307051 5.632299097 0.5714285714285714 1
1580307593 5.706538979 0.16666666666666666 1
1580307922 5.514701826 0.8333333333333334 1
1580308234 5.464657032 0.6666666666666666 1
1580310437 5.42450024 1.2857142857142858 3
1580310750 6.140724259 1.7142857142857142 2
1580311065 5.675466662 1.4285714285714286 2
1580311373 5.679138074 1.4285714285714286 2
1580311684 5.733217954 1.7142857142857142 3
1580312091 5.490881837 2.0 3
1580312677 5.417690808 1.0 2
1580313234 5.813915651 0.8571428571428571 2
1580314199 5.300588369 2.0 3
1580314755 5.404666927 0.0 0
1580315310 5.432015489 0.7142857142857143 1
1580315874 5.52139361 2.4285714285714284 4
1580316577 5.610342936 1.2857142857142858 2
1580317149 5.615810058 1.4285714285714286 3
1581935163 5.455267672 1.2857142857142858 2
1581935329 5.505196158 1.6666666666666667 3
1581935489 5.442549523 1.5 2
1581935653 5.636744725 1.5 2
1581935818 5.371372888 1.5 2
1581935981 5.700220059 2.142857142857143 4
1581936155 5.527591554 1.4285714285714286 2
1581936326 5.508017867 1.5 2
1581936486 5.576987699 2.4285714285714284 3
1581936648 5.767393223 2.1666666666666665 4
1581936823 6.08631447 1.8571428571428572 3
1581937152 5.458475652 0.6666666666666666 1
1581937497 5.500990836 1.6666666666666667 2
1581937799 5.51048734 1.7142857142857142 3
1581938123 5.527264858 1.5714285714285714 2
1581938457 5.397696476 1.5 2
1581938764 5.345535125 1.5 2
1581939083 5.4380496 1.6666666666666667 2
1581939413 5.422894939 0.7142857142857143 1
1581939728 5.636481374 1.6666666666666667 2
1581942131 5.62170585 0.8333333333333334 2
1581942812 5.529489988 1.6666666666666667 2
1581944415 5.451317907 1.2857142857142858 2
1581945701 5.577557342 1.2857142857142858 2
1581946272 5.17193044 1.6666666666666667 3
1581946843 5.667081727 0.8571428571428571 2
1581947764 5.552171213 0.6666666666666666 1
1581948832 5.142658775 0.8333333333333334 2
1582026844 5.370273101 0.6 1
1582027007 5.554039281 0.7142857142857143 2
1582027166 5.546625481 1.4285714285714286 2
1582027335 6.380203449 1.7142857142857142 2
1582027523 5.482763861 1.5714285714285714 2
1582027748 6.36392232 1.5714285714285714 2
1582027912 5.439389298 0.7142857142857143 1
1582028082 5.828954782 0.8571428571428571 2
1582028248 6.012934641 1.7142857142857142 2
1582028416 5.395522701 1.6666666666666667 3
1582028585 5.435401514 0.5 1
1582030241 5.591541601 0.5 1
1582030544 5.84347448 1.7142857142857142 3
1582031200 5.383019975 1.4285714285714286 3
1582031493 6.242132543 1.8571428571428572 3
1582031793 5.272543247 0.5714285714285714 1
1582032164 5.204538015 1.6666666666666667 2
1582032484 5.173731088 0.6666666666666666 1
1582032785 5.212293644 1.6666666666666667 3
1582033086 5.204791885 0.6666666666666666 3
1582033433 5.341890172 1.5714285714285714 3
1582033761 5.555889529 1.7142857142857142 3
1582035421 6.254394249 0.625 1
1582036028 4.965477965 1.3333333333333333 2
1582036631 5.919309819 0.0 0
1582037240 5.174283114 0.8333333333333334 2
1582037839 6.104447025 0.8571428571428571 2
1582038433 5.112944526 1.3333333333333333 2
1582041326 5.594542253 0.7142857142857143 2
1582041936 5.232106163 0.8571428571428571 2
1582043520 6.248186829 1.1428571428571428 3
1582044136 5.4340519 0.6666666666666666 1
1582044738 5.207109068 1.0 2
1582045042 5.14684951 1.3333333333333333 2
1582045342 5.212504157 0.6666666666666666 1
1582045649 5.371167441 0.8333333333333334 1
1582045951 5.258999197 0.8333333333333334 2
1582113056 6.136948131 0.5 1
1582113226 6.080873271 0.7142857142857143 1
1582113389 5.380844201 0.8333333333333334 1
1582113556 6.238616677 1.4285714285714286 2
1582113718 5.365519018 1.6666666666666667 2
1582113896 6.281845695 0.8571428571428571 1
1582114060 5.297612574 0.8333333333333334 2
1582114223 5.378059546 1.3333333333333333 2
1582114390 5.584227322 1.8333333333333333 3
1582114551 5.691360308 0.7142857142857143 2
1582114718 5.347123876 0.3333333333333333 1
1582114878 5.543356287 1.5 2
1582115045 5.913436627 1.7142857142857142 3
1582115210 6.035787799 0.5714285714285714 1
1582115374 5.246225881 0.8333333333333334 2
1582115537 5.424137657 1.6666666666666667 2
1582115701 5.493224858 1.6666666666666667 3
1582115864 5.610719546 0.6666666666666666 1
1582116039 12.746087903 0.35714285714285715 2
1582116254 8.667732963 0.4 1
1582116435 5.456582333 1.1666666666666667 2
1582116600 6.343065991 1.4285714285714286 2
1582118921 6.174581137 0.8571428571428571 1
1582119085 5.250405498 0.5 2
1582119253 5.421259856 1.5 3
1582119421 5.388838034 1.7142857142857142 3
1582119602 6.304487108 0.7142857142857143 1
1582119768 5.497471257 0.7142857142857143 1
1582119936 5.903022579 1.1428571428571428 2
1582120111 5.612116346 2.0 3
1582120294 5.289462238 0.7142857142857143 2
1582120597 5.46015949 1.8333333333333333 3
1582120835 5.349610279 1.5 2
1582121000 6.450505132 1.5714285714285714 2
1582121169 5.500179706 1.4285714285714286 2
1582121409 5.471831966 1.2857142857142858 2
1582125153 5.29147691 1.8333333333333333 3
1582125313 5.546297733 0.7142857142857143 2
1582125796 4.623511233 2.0 3
1582125962 6.069315357 1.7142857142857142 3
1582126133 5.23170613 1.0 2
1582126292 5.568286789 0.8571428571428571 2
1582126458 5.292503376 1.8333333333333333 3
1582126622 5.621170698 1.5714285714285714 3
1582126789 5.265007225 1.0 2
1582126950 5.307391758 0.6666666666666666 2
1582127109 5.482004023 1.6666666666666667 2
1582127276 5.405771765 1.6666666666666667 3
1582127446 5.827515061 1.2857142857142858 3
1582127609 5.80629187 0.6666666666666666 2
1582127773 5.451046308 1.2857142857142858 2
1582127934 5.234432251 1.6666666666666667 2
1582128102 5.49739889 0.5 1
1582128261 5.331400158 0.5714285714285714 1
1582128443 5.335746423 0.8333333333333334 2
1582128604 5.344940899 1.6666666666666667 2
1582128770 6.104534035 0.8571428571428571 2
1582128934 5.445576959 0.7142857142857143 2
1582129105 5.683559256 0.2857142857142857 1
1582129265 5.455349151 1.6666666666666667 2
1582129425 5.796558014 0.7142857142857143 2
1582129590 5.289865953 1.0 2
1582185010 6.031994526 0.8333333333333334 3
1582185191 5.877048395 0.8571428571428571 2
1582185929 5.718482582 1.6666666666666667 2
1582186089 5.546885285 1.4285714285714286 2
1582186249 5.603726596 1.5 2
1582186822 5.469249252 1.4285714285714286 2
1582187786 5.609886812 1.5 2
1582187943 5.611379711 1.5 2
1582188103 5.494595352 0.8571428571428571 2
1582188264 5.505060259 1.8571428571428572 4
1582188719 5.682333487 1.8333333333333333 3
1582189436 5.615355823 1.0 3
1582190743 5.59287648 1.5714285714285714 2
1582191034 5.506935938 0.5 1
1582191325 5.376312616 1.6666666666666667 2
1582191621 5.304249364 0.6666666666666666 1
1582191916 5.530710537 0.8571428571428571 2
1582192207 5.799734973 0.8333333333333334 1
1582192505 5.326716615 1.1666666666666667 2
1582192793 5.488100563 0.5 1
1582193081 5.616646837 0.5 1
1582193714 5.693077996 1.5714285714285714 3
1582193876 6.819283976 2.875 4
1582194042 5.693792929 0.8571428571428571 2
1582194198 5.627315392 1.8333333333333333 3
1582194360 5.388073509 0.6666666666666666 1
1582194524 5.486082769 1.4285714285714286 2
1582194681 5.357553347 0.6666666666666666 1
1582194835 24.701622328 1.0 2
1582195014 5.56011283 1.4285714285714286 2
1582195174 5.665872207 1.5 2
1582195670 5.548860033 0.6666666666666666 1
1582195830 5.510663793 0.6666666666666666 1
1582195988 5.519085609 1.6666666666666667 2
1582196148 5.699981046 1.5714285714285714 2
1582196307 5.792532729 0.5714285714285714 1
1582196466 5.493014727 0.5714285714285714 2
1582196625 5.422462658 1.6666666666666667 2
1582196782 5.557362508 0.8571428571428571 2
1582196945 5.294958666 0.8571428571428571 2
1582197112 5.599085966 0.8333333333333334 1
1582197269 5.588072273 1.5714285714285714 3
1582197429 5.787483687 1.2857142857142858 2
1582197605 5.518986012 1.2857142857142858 2
1582197764 5.523848412 1.6666666666666667 2
1582197923 5.611944002 1.6666666666666667 3
1582198079 5.429455103 0.7142857142857143 2
1582198241 5.436648671 0.5714285714285714 1
1582198398 5.5840707 2.3333333333333335 3
1582198679 5.595111801 1.5714285714285714 3
1582199027 5.710827354 1.2857142857142858 2
1582631335 5.457764875 0.6666666666666666 1
1582631495 5.609545574 0.8571428571428571 2
1582631652 5.491450418 1.6666666666666667 2
1582631809 5.49671692 1.7142857142857142 4
1582631965 5.539486885 0.7142857142857143 2
1582632123 5.535753672 0.7142857142857143 2
1582632282 5.576748427 1.8333333333333333 2
1582632446 5.51379102 1.6666666666666667 2
1582632603 5.524847984 0.8333333333333334 1
1582632766 5.56762111 0.8333333333333334 2
1582634861 5.435670112 1.4285714285714286 2
1582635145 5.267440626 0.6666666666666666 1
1582635428 5.342285177 1.8333333333333333 3
1582635712 5.624995437 0.0 0
1582635997 5.531693376 0.6666666666666666 1
1582636284 5.323702871 0.6666666666666666 1
1582636572 5.524935801 0.14285714285714285 1
1582636846 25.824377525 2.4615384615384617 4
1582637166 5.308290037 1.0 2
1582637462 5.606571306 1.4285714285714286 2
1582637758 5.616374305 0.5714285714285714 1
1582638318 5.207697964 1.0 2
1582638895 5.910193068 0.5714285714285714 3
1582640573 5.563395151 1.5714285714285714 3
1582641132 5.308545236 1.8333333333333333 3
1582641694 5.562483546 1.5 2
1582642266 6.405250431 0.625 1
1582642843 5.480639797 0.7142857142857143 1
1582643392 59.726214556 0.4576271186440678 2
1582644003 5.431375237 0.5 1
1582884463 5.39606376 0.6666666666666666 1
1582884643 5.5037136 0.8333333333333334 1
1582884810 5.554556104 1.5714285714285714 2
1582884972 5.546470421 1.3333333333333333 3
1582885138 5.595878219 1.4285714285714286 3
1582885301 5.534691956 1.0 2
1582885460 5.585595974 1.3333333333333333 3
1582885622 5.62660522 1.6666666666666667 3
1582885783 5.644271527 0.7142857142857143 2
1582885945 5.55613014 0.8333333333333334 2
1582886113 5.570118293 0.8571428571428571 2
1582886395 5.327395744 2.0 3
1582886690 5.317053948 0.6666666666666666 1
1582886982 5.399650382 0.6666666666666666 1
1582887270 5.561669436 0.6666666666666666 1
1582887556 5.462819765 0.7142857142857143 1
1582887850 5.704984395 0.7142857142857143 1
1582888138 5.20486961 0.5 1
1582888424 5.371426364 0.8571428571428571 2
1582888712 5.426709128 0.8333333333333334 2
1582898588 5.644435731 0.7142857142857143 1
1582899174 5.252387916 0.0 0
1582899739 5.323036663 0.6666666666666666 1
1582900302 5.255550644 0.16666666666666666 1
1582900863 5.5321448 1.6666666666666667 2
1582902607 5.418403683 1.4285714285714286 2
1582903186 5.547215723 0.8571428571428571 2
1574710605 5.685064032 0.0 0
1574707026 5.504361269 0.0 0
1574708689 5.416785945 0.0 0
