1569849905 8.006676517 -1 -1
1569850109 8.008491186 -1 -1
1569849905 8.006676517 -1 -1
1569850109 8.008491186 -1 -1
1569850919 8.089681448 -1 -1
1569851128 8.014183175 -1 -1
1569851463 7.83614366 -1 -1
1569851684 7.871691978 -1 -1
1569851914 8.342369567 -1 -1
1569852143 8.268650057 -1 -1
1569852381 8.153402321 -1 -1
1569852598 7.845521684 -1 -1
1569852988 8.287829648 -1 -1
1569853300 8.012937421 -1 -1
1569853539 8.247346611 -1 -1
1569854181 7.987783361 -1 -1
1569855140 7.915930188 -1 -1
1569855583 9.48549988 -1 -1
1570446913 8.108313979 -1 -1
1570448005 8.106998955 -1 -1
1570448732 8.136903134 -1 -1
1570449201 8.079264757 -1 -1
1570543027 8.189001976 -1 -1
1570543383 8.040444424 -1 -1
1570543590 8.635701069 -1 -1
1570544520 7.979843771 -1 -1
1570544720 7.645704112 -1 -1
1570544981 7.861199298 -1 -1
1570545184 10.171265261 -1 -1
1571322899 7.971972589 -1 -1
1571323221 8.456228725 -1 -1
1571323614 7.638650375 -1 -1
1571324016 8.145004925 -1 -1
1571324416 7.80964462 -1 -1
1571325021 8.29934019 -1 -1
1571325219 7.977276239 -1 -1
1571325417 8.943651456 -1 -1
1571325623 7.81765255 -1 -1
1571325821 7.99938419 -1 -1
1571326021 8.374983575 -1 -1
1571326712 8.055053462 -1 -1
1571326922 11.124008661 -1 -1
1571327132 8.023168444 -1 -1
1571327346 8.466186756 -1 -1
1571327737 7.994367709 -1 -1
1571328128 7.781438832 -1 -1
1571328518 8.07557885 -1 -1
1571328909 8.298517661 -1 -1
1571329302 7.855496167 -1 -1
1571329894 7.85036852 -1 -1
1571395814 7.926953848 -1 -1
1571396010 7.832985377 -1 -1
1571396207 7.834977217 -1 -1
1571396406 8.079184874 -1 -1
1571396802 8.565826558 -1 -1
1571397032 7.958953174 -1 -1
1571397236 8.063713937 -1 -1
1571397434 8.6695613 -1 -1
1571397632 8.058936515 -1 -1
1571397850 7.897407331 -1 -1
1571398240 10.548270986 -1 -1
1571398638 7.970983559 -1 -1
1571399028 7.77096869 -1 -1
1571399403 24.840638005 -1 -1
1571399817 7.802359534 -1 -1
1571400209 7.890668465 -1 -1
1571400632 7.824266209 -1 -1
1571401030 7.973404272 -1 -1
1571401422 8.156412637 -1 -1
1571404879 8.012575013 -1 -1
1571405079 8.073219148 -1 -1
1571405275 8.393590312 -1 -1
1571405475 8.639698729 -1 -1
1571405708 7.831560438 -1 -1
1571406803 7.759869433 -1 -1
1571407192 8.083628735 -1 -1
1571407586 7.872713064 -1 -1
1571407975 7.967307305 -1 -1
1571408367 8.328361881 -1 -1
1571408897 7.995866487 -1 -1
1571409129 7.772839539 -1 -1
1571409330 7.92828388 -1 -1
1571409528 8.054083608 -1 -1
1571409744 8.043695429 -1 -1
1571664312 8.121095203 -1 -1
1571664855 8.115899997 -1 -1
1571665059 8.078308283 -1 -1
1571665270 7.900117924 -1 -1
1571665464 8.034574025 -1 -1
1571665658 8.369924107 -1 -1
1571665859 8.010248445 -1 -1
1571666250 7.950907393 -1 -1
1571666641 7.760707324 -1 -1
1571667035 8.049128328 -1 -1
1571667471 8.237495856 -1 -1
1571668077 7.808598979 -1 -1
1571668276 7.902588915 -1 -1
1571668470 7.967688447 -1 -1
1571668674 8.030970336 -1 -1
1571669123 8.217100866 -1 -1
1571669522 7.898608164 -1 -1
1571751947 8.138043699 -1 -1
1571752142 8.287094836 -1 -1
1571752341 8.243609224 -1 -1
1571752546 7.952231481 -1 -1
1571752741 8.16847048 -1 -1
1571752937 8.210803869 -1 -1
1571753135 8.050671061 -1 -1
1571753332 7.927972221 -1 -1
1571753529 8.032838216 -1 -1
1571753726 7.744823913 -1 -1
1571754034 7.967909844 -1 -1
1571754824 8.165643846 -1 -1
1571755227 7.917993029 -1 -1
1571755629 169.950598766 -1 -1
1571756460 8.105042941 -1 -1
1571756871 8.263393753 -1 -1
1571757302 26.429789737 -1 -1
1571757710 7.938304836 -1 -1
1571758109 7.989232344 -1 -1
1571758499 8.151863205 -1 -1
1571760083 7.954821669 -1 -1
1571760280 7.989698361 -1 -1
1571760481 7.932045031 -1 -1
1571760679 8.388076533 -1 -1
1571760878 8.259959143 -1 -1
1571761090 7.994329915 -1 -1
1571761290 7.741750468 -1 -1
1571761680 7.935783317 -1 -1
1571761879 8.264904077 -1 -1
1571762111 8.176080926 -1 -1
1571762503 8.136672951 -1 -1
1571762903 7.936011311 -1 -1
1571763291 8.175115785 -1 -1
1571763682 8.072889523 -1 -1
1571764087 7.737576769 -1 -1
1571764500 8.308262369 -1 -1
1571764892 7.854418734 -1 -1
1571765280 8.020285501 -1 -1
1571765672 8.198577972 -1 -1
1571766248 8.099510284 -1 -1
1571767031 7.891000926 -1 -1
1571922180 7.897605187 -1 -1
1572003191 7.992152623 -1 -1
1572003385 7.999037521 -1 -1
1572003583 8.046128738 -1 -1
1572003781 8.192959384 -1 -1
1572003977 8.018726651 -1 -1
1572004172 8.523940879 -1 -1
1572004367 8.253274863 -1 -1
1572004566 8.455917546 -1 -1
1572004768 7.985566431 -1 -1
1572004967 8.101985631 -1 -1
1572006258 8.020049016 -1 -1
1572006995 8.23553564 -1 -1
1572007389 8.369966021 -1 -1
1572007882 8.441488754 -1 -1
1572008293 7.815740922 -1 -1
1572008696 7.72526273 -1 -1
1572009090 7.883623697 -1 -1
1572009479 8.456380527 -1 -1
1572009871 7.851949655 -1 -1
1572010266 7.756436894 -1 -1
1572011169 8.076855974 -1 -1
1572011365 7.784992757 -1 -1
1572011558 8.424799228 -1 -1
1572011758 8.194233832 -1 -1
1572011955 7.888824272 -1 -1
1572012152 8.156782765 -1 -1
1572012347 7.774545294 -1 -1
1572012541 8.311837993 -1 -1
1572012736 7.996060974 -1 -1
1572012929 8.23957925 -1 -1
1572013219 7.90293203 -1 -1
1572013612 8.152072438 -1 -1
1572014005 8.078525376 -1 -1
1572014396 8.055634197 -1 -1
1572014785 8.700797687 -1 -1
1572264988 8.449919531 -1 -1
1572265185 7.884490126 -1 -1
1572265383 7.993101593 -1 -1
1572265582 7.948190104 -1 -1
1572265779 7.815096029 -1 -1
1572265983 15.115929813 -1 -1
1572266183 7.933601127 -1 -1
1572266585 8.282791322 -1 -1
1572266781 9.093998417 -1 -1
1572268066 7.835570739 -1 -1
1572268837 7.955049112 -1 -1
1572269251 7.904576613 -1 -1
1572269657 8.031239724 -1 -1
1572270074 7.819539413 -1 -1
1572270864 7.92310812 -1 -1
1572272229 6.678721977 -1 -1
1572272560 6.560694251 -1 -1
1572272895 6.473335906 -1 -1
1572273227 6.199591749 -1 -1
1572273574 6.679419661 -1 -1
1572274066 6.627679855 -1 -1
1572274234 6.571361941 -1 -1
1572274409 6.396247354 -1 -1
1572274575 6.570629655 -1 -1
1572274747 6.637445983 -1 -1
1572274918 6.271387846 -1 -1
1572275086 6.65124516 -1 -1
1572275433 6.765119258 -1 -1
1572275609 6.50326457 -1 -1
1572275995 6.715314864 -1 -1
1572276331 6.356653947 -1 -1
1572276669 6.83185829 -1 -1
1572277000 6.499677347 -1 -1
1572277330 6.651722088 -1 -1
1572277668 8.534179049 -1 -1
1572278024 6.471305685 -1 -1
1572278358 6.423216505 -1 -1
1572361399 7.995406407 -1 -1
1572361595 8.304381131 -1 -1
1572361790 7.881415105 -1 -1
1572361987 8.077074553 -1 -1
1572362183 8.16215878 -1 -1
1572362378 8.318183833 -1 -1
1572362574 8.388314157 -1 -1
1572362773 8.306540952 -1 -1
1572362969 7.972419293 -1 -1
1572363417 6.52256557 -1 -1
1572363747 6.507815693 -1 -1
1572364076 6.502412402 -1 -1
1572364407 6.494604387 -1 -1
1572364740 6.447966284 -1 -1
1572365081 6.590351864 -1 -1
1572365459 6.52753083 -1 -1
1572365830 6.903390129 -1 -1
1572366170 6.486994061 -1 -1
1572366506 6.967383374 -1 -1
1572366852 10.157385986 -1 -1
1572367025 6.559239445 -1 -1
1572367195 6.40707418 -1 -1
1572367363 6.407019007 -1 -1
1572367536 6.612995785 -1 -1
1572367717 6.51533067 -1 -1
1572367893 6.632681651 -1 -1
1572368060 6.834596654 -1 -1
1572368227 6.477308106 -1 -1
1572368393 6.428751427 -1 -1
1572369536 6.447774554 -1 -1
1572369865 6.86900088 -1 -1
1572370196 6.495910997 -1 -1
1572370528 6.356768681 -1 -1
1572370857 6.701521034 -1 -1
1572371186 6.561151985 -1 -1
1572371520 6.6159704 -1 -1
1572371848 6.643289927 -1 -1
1572372178 6.663200164 -1 -1
1572372507 6.554648005 -1 -1
1572532319 7.890158316 -1 -1
1572532521 8.003051916 -1 -1
1572532726 7.977655034 -1 -1
1572533514 6.294122564 -1 -1
1572533852 6.3902044 -1 -1
1572534206 6.571699448 -1 -1
1572534553 6.422719881 -1 -1
1572534885 6.891441966 -1 -1
1572535233 6.424976227 -1 -1
1572535564 6.639460337 -1 -1
1572535900 6.529148405 -1 -1
1572536230 6.568672989 -1 -1
1572536594 6.48787103 -1 -1
1572537197 6.617700338 -1 -1
1572537851 6.45440539 -1 -1
1572538504 6.517893922 -1 -1
1572539160 6.652135565 -1 -1
1572539813 6.492436752 -1 -1
1572540720 6.567150408 -1 -1
1572541373 6.828144999 -1 -1
1572542022 6.465272665 -1 -1
1572542669 6.632379086 -1 -1
1572543314 6.443546641 -1 -1
1572544446 6.548204483 -1 -1
1572544612 6.904677416 -1 -1
1572544783 6.47996281 -1 -1
1572544957 6.404070479 -1 -1
1572545131 6.389388062 -1 -1
1572869957 6.55031178 -1 -1
1572870346 6.357360313 -1 -1
1572870531 6.93634305 -1 -1
1572870748 6.642866646 -1 -1
1572871086 6.639173555 -1 -1
1572871737 6.4405441 -1 -1
1572872386 6.586033246 -1 -1
1572873067 6.508433692 -1 -1
1572873717 6.546487628 -1 -1
1572874774 6.874487798 -1 -1
1572875627 6.696646483 -1 -1
1572876864 6.739026843 -1 -1
1572877519 6.574653456 -1 -1
1572878730 6.644437711 -1 -1
1572879858 6.441941022 -1 -1
1572880140 6.345184415 -1 -1
1572880476 6.403291769 -1 -1
1572880815 6.791475465 -1 -1
1572881161 6.475057666 -1 -1
1572881496 6.37472819 -1 -1
1572881828 6.507169294 -1 -1
1572882159 6.539453088 -1 -1
1572882549 6.306186942 -1 -1
1572882881 23.573741576 -1 -1
1572883239 6.579961723 -1 -1
1572965339 6.579184 -1 -1
1572965506 6.312323265 -1 -1
1572965674 6.745802061 -1 -1
1572965843 6.486906265 -1 -1
1572966007 12.373203054 -1 -1
1572966180 6.618231744 -1 -1
1572966351 7.024415319 -1 -1
1572966519 6.82131486 -1 -1
1572966708 6.604787287 -1 -1
1572966879 6.667326336 -1 -1
1572967104 6.641159883 -1 -1
1572967806 6.380228386 -1 -1
1572969110 6.831783861 -1 -1
1572969763 6.563210655 -1 -1
1572970423 6.536463248 -1 -1
1572971074 6.616720066 -1 -1
1572971737 6.632691921 -1 -1
1572972396 6.665742077 -1 -1
1572973109 6.503273826 -1 -1
1572973762 6.531644585 -1 -1
1572974411 6.784741492 -1 -1
1572975141 6.338736253 -1 -1
1572975468 6.492214577 -1 -1
1572975806 7.094523232 -1 -1
1572976168 6.267560523 -1 -1
1572976549 6.540819098 -1 -1
1572976879 6.394166201 -1 -1
1572977209 6.663382008 -1 -1
1572977572 6.595227652 -1 -1
1572977920 6.489821238 -1 -1
1573206985 6.523609286 -1 -1
1573207154 6.67765081 -1 -1
1573207323 6.998345496 -1 -1
1573207489 6.526750548 -1 -1
1573207660 6.48158432 -1 -1
1573207827 6.347504349 -1 -1
1573207994 6.714781668 -1 -1
1573208159 6.501167935 -1 -1
1573208326 6.787819296 -1 -1
1573208492 6.914261165 -1 -1
1573208698 6.6675426 -1 -1
1573209348 6.503559559 -1 -1
1573210680 6.320807813 -1 -1
1573211347 6.608645878 -1 -1
1573212002 6.139665563 -1 -1
1573212651 6.706620771 -1 -1
1573213304 6.719198442 -1 -1
1573213972 6.806132948 -1 -1
1573214630 6.570156951 -1 -1
1573218165 6.494575357 -1 -1
1573218493 6.486521173 -1 -1
1573218885 6.414940992 -1 -1
1573220228 6.469813945 -1 -1
1573220395 6.646916449 -1 -1
1573220563 6.792333043 -1 -1
1573220732 6.669455693 -1 -1
1573220899 6.618588962 -1 -1
1573221067 6.226642254 -1 -1
1573221231 6.821573003 -1 -1
1573221400 6.679163488 -1 -1
1573221567 6.424131531 -1 -1
1573221736 6.471745559 -1 -1
1573221925 6.792811007 -1 -1
1573222096 6.695561796 -1 -1
1573222262 6.640382015 -1 -1
1573222427 6.784101206 -1 -1
1573222596 6.565628711 -1 -1
1573301076 6.355320428 -1 -1
1573301246 6.670232171 -1 -1
1573301415 6.757613347 -1 -1
1573301596 6.621008534 -1 -1
1573301781 6.752083068 -1 -1
1573301952 6.637366374 -1 -1
1573302128 6.570005511 -1 -1
1573302302 6.427470962 -1 -1
1573302471 6.512001609 -1 -1
1573302638 6.495317588 -1 -1
1573303380 6.901465572 -1 -1
1573303787 5.902100091 -1 -1
1573304119 5.800371615 -1 -1
1573304279 9.660515075 -1 -1
1573304444 6.058211206 -1 -1
1573304608 9.451915586 -1 -1
1573304770 5.772353295 -1 -1
1573304929 5.85589489 -1 -1
1573305252 5.806677429 -1 -1
1573306390 6.201136974 -1 -1
1573307386 6.223612822 -1 -1
1573307703 5.819209192 -1 -1
1573309313 13.404124324 -1 -1
1573310161 6.355822635 -1 -1
1573741812 14.02833372 -1 -1
1573743572 5.842860003 -1 -1
1573744263 5.768116009 -1 -1
1573744867 5.720321852 -1 -1
1573745484 6.213932696 -1 -1
1573745884 6.116005975 -1 -1
1573749091 5.809922978 -1 -1
1573749174 34.652399267 -1 -1
1573749296 6.05649306 -1 -1
1573752684 6.232403908 -1 -1
1573752843 5.673762425 -1 -1
1573753626 5.859249286 -1 -1
1573753788 5.768272995 -1 -1
1573754767 5.79942778 -1 -1
1573754925 6.397746342 -1 -1
1573755414 5.64599931 -1 -1
1573755570 6.28271629 -1 -1
1573755729 5.766724159 -1 -1
1573755886 5.620116308 -1 -1
1573831509 5.679956639 -1 -1
1573831667 5.697447225 -1 -1
1573831840 5.586387289 -1 -1
1573831993 5.780296427 -1 -1
1573832308 5.666764254 -1 -1
1573832475 5.715417067 -1 -1
1573832630 5.631845973 -1 -1
1573832784 5.650337148 -1 -1
1573833138 5.682508258 -1 -1
1573833301 5.76356183 -1 -1
1573833458 5.597581161 -1 -1
1573833615 5.68972656 -1 -1
1573901148 5.745936255 -1 -1
1573901304 5.861128454 -1 -1
1573901774 5.747377718 -1 -1
1573901929 5.814275178 -1 -1
1573902088 5.608809177 -1 -1
1573902244 5.798669198 -1 -1
1573902400 5.911537986 -1 -1
1573902594 5.609583476 -1 -1
1573902901 5.895208154 -1 -1
1573903834 5.941107997 -1 -1
1574686079 5.970883129 -1 -1
1574686556 5.723261897 -1 -1
1574687248 5.760951879 -1 -1
1574690467 5.744919408 -1 -1
1574693781 12.510388971 -1 -1
1574694859 5.906007045 -1 -1
1574695088 22.018091332 -1 -1
1574695414 25.270855153 -1 -1
1574707993 6.432348615 -1 -1
1574708406 5.602596728 -1 -1
1574708489 5.496289704 -1 -1
1574954130 5.808369101 -1 -1
1574954292 5.711739248 -1 -1
1574954817 5.92775073 -1 -1
1574955904 6.488148595 -1 -1
1574960166 6.011052114 -1 -1
1574961417 18.905993935 -1 -1
1575026621 6.296880557 -1 -1
1575027590 5.777373139 -1 -1
1575027920 5.700272799 -1 -1
1575028101 5.631299331 -1 -1
1575029992 5.968120135 -1 -1
1575030304 5.969653085 -1 -1
1575030618 7.907420256 -1 -1
1575034626 6.294486266 -1 -1
1575036796 6.654536186 -1 -1
1575113099 5.875272519 -1 -1
1575113735 5.851886186 -1 -1
1575114050 5.786646066 -1 -1
1575114387 6.078904079 -1 -1
1575120756 5.721451716 -1 -1
1575122377 6.062982722 -1 -1
1575290562 7.190904038 -1 -1
1575290734 9.936181973 -1 -1
1575291057 6.067575867 -1 -1
1575294566 7.026890947 -1 -1
1575295317 8.147966775 -1 -1
1575300393 22.799523646 -1 -1
1575386104 6.0651297 -1 -1
1575386820 5.840843299 -1 -1
1575387439 6.192733849 -1 -1
1575388671 6.231939526 -1 -1
1575390542 6.421143634 -1 -1
1575391673 6.585691041 -1 -1
1575396995 38.367981858 -1 -1
1575397302 20.79408163 -1 -1
1575397895 26.437896735 -1 -1
1575398113 57.822752615 -1 -1
1575398359 27.359562123 -1 -1
1575556814 5.955862219 -1 -1
1575556993 6.678843183 -1 -1
1575557175 6.286113916 -1 -1
1575557534 6.26657128 -1 -1
1575557700 5.601713244 -1 -1
1575558159 6.072162013 -1 -1
1575559193 5.988314925 -1 -1
1575561068 5.57952905 -1 -1
1575561773 5.664568221 -1 -1
1575564139 18.713548327 -1 -1
1575568362 24.795130685 -1 -1
1579184424 8.375590703 -1 -1
1579185025 5.677881953 -1 -1
1579185362 17.996154129 -1 -1
1579185732 5.700951955 -1 -1
1579185910 5.736932083 -1 -1
1579186099 5.73292145 -1 -1
1579187658 5.695434283 -1 -1
1579188299 6.050302988 -1 -1
1579189944 6.304817113 -1 -1
1579192005 6.229520265 -1 -1
1579352044 5.652887782 -1 -1
1579352205 6.151309793 -1 -1
1579352851 6.086123623 -1 -1
1579353013 6.035441641 -1 -1
1579353176 6.506752349 -1 -1
1579354058 5.763558964 -1 -1
1579354987 6.022819016 -1 -1
1579356218 6.171823179 -1 -1
1579360374 5.810830771 -1 -1
1579360932 6.020000365 -1 -1
1579362597 5.886351346 -1 -1
1579363726 6.061391536 -1 -1
1579523195 6.003733527 -1 -1
1579523709 14.141014206 -1 -1
1579523888 16.402199949 -1 -1
1579524086 5.612191776 -1 -1
1579524256 5.869521911 -1 -1
1579524656 5.753072329 -1 -1
1579525707 6.000791336 -1 -1
1579528343 5.808603013 -1 -1
1579530841 6.115400602 -1 -1
1580215775 6.094924419 -1 -1
1580215936 5.848677622 -1 -1
1580216418 7.219255209 -1 -1
1580216744 22.494238773 -1 -1
1580218770 5.755379468 -1 -1
1580219122 5.787013951 -1 -1
1580219482 6.028677805 -1 -1
1580222525 6.103638305 -1 -1
1580222839 6.122230272 -1 -1
1580224656 6.071412175 -1 -1
1580225214 6.112723736 -1 -1
1580227523 5.951606942 -1 -1
1580305150 5.800772098 -1 -1
1580306348 16.01777904 -1 -1
1580312091 5.571235572 -1 -1
1580312677 5.889785627 -1 -1
1580313234 6.021103918 -1 -1
1581935329 6.047063913 -1 -1
1581935653 6.140394351 -1 -1
1581935981 5.909257322 -1 -1
1581936648 6.018486143 -1 -1
1581936823 7.790768977 -1 -1
1581937497 5.6048426 -1 -1
1581937799 5.765766531 -1 -1
1581946843 5.667081727 -1 -1
1581947764 5.765546017 -1 -1
1582027166 5.675261923 -1 -1
1582027335 6.720332754 -1 -1
1582027748 6.74558938 -1 -1
1582028248 6.849314695 -1 -1
1582031200 5.383019975 -1 -1
1582031493 6.313521725 -1 -1
1582035421 6.498532858 -1 -1
1582036631 6.007666357 -1 -1
1582037839 6.232063585 -1 -1
1582113556 6.61291594 -1 -1
1582113896 6.632571616 -1 -1
1582114390 5.86079993 -1 -1
1582115045 6.136586945 -1 -1
1582115210 6.295607559 -1 -1
1582116039 12.21370043 -1 -1
1582116254 8.817118413 -1 -1
1582116600 6.802732006 -1 -1
1582119602 6.653683159 -1 -1
1582121000 6.914360148 -1 -1
1582125962 6.326967566 -1 -1
1582128770 6.706348593 -1 -1
1582129105 6.116149313 -1 -1
1582185010 6.548307939 -1 -1
1582185929 5.838423426 -1 -1
1582186089 5.898398618 -1 -1
1582186249 5.690412293 -1 -1
1582188103 6.220307486 -1 -1
1582188719 5.812589797 -1 -1
1582189436 5.705495743 -1 -1
1582192207 6.108478405 -1 -1
1582193714 5.798238116 -1 -1
1582193876 6.939965282 -1 -1
1582194042 5.724236484 -1 -1
1582194198 5.890698025 -1 -1
1582194360 5.517479068 -1 -1
1582194524 5.697863053 -1 -1
1582195174 5.665872207 -1 -1
1582195988 5.687237866 -1 -1
1582196148 5.699981046 -1 -1
1582196307 5.84151407 -1 -1
1582196782 5.647384114 -1 -1
1582197112 5.643091643 -1 -1
1582197269 5.797308766 -1 -1
1582197429 5.939901715 -1 -1
1582197605 5.683462422 -1 -1
1582197764 5.819745377 -1 -1
1582198079 5.517616367 -1 -1
1582198398 5.743577814 -1 -1
1582198679 6.016668405 -1 -1
1582199027 6.140086675 -1 -1
1582631335 5.754206687 -1 -1
1582631495 5.905099666 -1 -1
1582631652 5.871279144 -1 -1
1582631809 5.720303839 -1 -1
1582632123 5.792103932 -1 -1
1582632282 5.661404864 -1 -1
1582632446 5.681870229 -1 -1
1582634861 5.495452729 -1 -1
1582635997 5.869905955 -1 -1
1582636572 6.380394396 -1 -1
1582640573 5.724731355 -1 -1
1582642266 6.744008878 -1 -1
1582643392 60.619695085 -1 -1
1582884463 5.44244763 -1 -1
1582885138 6.026659638 -1 -1
1582898588 5.736751362 -1 -1
1582900863 5.661535613 -1 -1
1582902607 6.179287981 -1 -1
