1570447398 84.161923451 -1 -1
1570545384 1483.28472759 -1 -1
1571401795 39.551352652 -1 -1
1571405888 818.856357709 -1 -1
1571409925 99.499849379 -1 -1
1571758878 116.040550666 -1 -1
1572015158 47.978227097 -1 -1
1572266973 890.771989599 -1 -1
1572880033 61.23961978 -1 -1
1572978274 115.644754338 -1 -1
1573215274 21.094027052 -1 -1
1573222748 21.239126826 -1 -1
1573302809 559.404825389 -1 -1
1573305397 982.052278803 -1 -1
1573309625 524.582982555 -1 -1
1573315265 189.278324365 -1 -1
1573746654 1686.475606323 -1 -1
1573756190 680.559611558 -1 -1
1573833762 15.958555129 -1 -1
1573904624 349.475070012 -1 -1
1574699100 1363.740631323 -1 -1
1574711193 30.800545166 -1 -1
1574961971 461.147200587 -1 -1
1575039477 40.240772732 -1 -1
1575126291 157.286637539 -1 -1
1575127130 1667.563229389 -1 -1
1575291365 1517.083892896 -1 -1
1575302339 2527.918455948 -1 -1
1575395926 536.660430972 -1 -1
1575398578 57.323082009 -1 -1
1575474610 14.07546227 -1 -1
1575568928 556.832667066 -1 -1
1579196575 172.324199395 -1 -1
1579364832 44.006619894 -1 -1
1579537583 208.327180824 -1 -1
1580216909 688.513171409 -1 -1
1580229215 21.431708251 -1 -1
1580317717 111.409370187 -1 -1
1581949438 48.478180889 -1 -1
1582046232 55.000619623 -1 -1
1582129734 71.164880003 -1 -1
1582199176 219.009883196 -1 -1
1582644657 89.575469582 -1 -1
1582889055 20.709134453 -1 -1
1582903757 43.087865339 -1 -1
