1569853970 6.434930405 0.0 0
1569854996 7.038564611 0.0 0
1569855544 15.934778448 0.0 0
1570448221 7.588413663 -1 -1
1570449176 7.452015416 0.0 0
1570449602 7.616454187 0.0 0
1571323589 7.267068617 0.0 0
1571323992 7.813681437 0.0 0
1571324390 7.319738603 0.14285714285714285 1
1571324782 7.305662057 0.0 0
1571327713 7.084531958 0.0 0
1571328103 7.345376187 0.0 0
1571328494 7.551578597 0.0 0
1571328885 7.293597428 0.0 0
1571329278 7.265329341 0.0 0
1571329666 7.256133097 0.0 0
1571330644 7.592680802 0.0 0
1571398216 7.316075513 0.0 0
1571398613 7.135787807 0.0 0
1571399004 7.503687429 0.0 0
1571399396 7.180002213 0.0 0
1571399788 7.390492611 0.0 0
1571400185 7.28387467 0.0 0
1571400605 7.464243679 0.125 1
1571401006 7.395368165 0.0 0
1571401398 7.26862758 0.0 0
1571401788 7.394097747 0.0 0
1571407168 7.07334358 0.0 0
1571407561 7.28045428 0.0 0
1571407951 7.327717175 0.0 0
1571408342 7.344713638 0.0 0
1571408734 7.45021456 0.0 0
1571666226 7.306860575 0.0 0
1571666617 7.315633706 0.0 0
1571667009 7.49611115 0.0 0
1571667400 7.323244712 0.0 0
1571667846 7.13989422 0.0 0
1571669496 7.490882781 0.0 0
1571669890 7.2196792 0.0 0
1571754407 7.056290335 0.2857142857142857 1
1571754798 7.394295301 0.2857142857142857 1
1571755199 8.895803312 0.5555555555555556 3
1571755600 9.106951462 0.5555555555555556 2
1571756034 11.305187626 0.0 0
1571756830 7.427678997 0.0 0
1571757268 7.233946342 0.0 0
1571757685 7.797702875 0.0 0
1571758474 7.334477357 0.0 0
1571758870 7.208520665 0.375 2
1571762477 10.200417161 0.36363636363636365 2
1571762876 7.580175296 0.14285714285714285 1
1571763267 7.307721367 0.125 1
1571763657 7.546759266 0.0 0
1571764051 18.963631254 0.0 0
1571764476 7.374786786 0.0 0
1571764868 7.142135157 0.0 0
1571765257 7.273940457 0.0 0
1571765648 7.164582869 0.14285714285714285 1
1571766037 7.40272506 0.375 2
1571767006 7.433660688 0.0 0
1572006766 7.562163541 0.375 2
1572007365 7.213201069 0.2857142857142857 1
1572007760 7.608784272 0.375 2
1572008269 7.301717982 0.2857142857142857 1
1572008670 7.523961045 0.375 2
1572009067 7.375856269 0.0 0
1572009455 7.408303508 0.0 0
1572009846 7.332948797 0.0 0
1572010236 7.482209468 0.375 2
1572010633 7.774217802 0.14285714285714285 1
1572011023 7.362890626 1.0 2
1572013586 7.401544553 0.375 2
1572013980 7.200745004 0.0 0
1572014372 7.219664497 0.0 0
1572014761 7.52865818 0.0 0
1572015150 7.427501023 0.0 0
1572268315 7.433003584 -1 -1
1572269226 7.595090669 0.0 0
1572269633 7.288412308 0.0 0
1572270050 7.246616779 0.0 0
1572270446 7.157046746 0.0 0
1572270837 7.742244695 0.0 0
1572271364 7.130238891 0.0 0
1572272537 6.022319734 0.0 0
1572272873 5.904545449 0.0 0
1572273207 5.885927196 0.0 0
1572273551 6.058139839 0.0 0
1572273887 5.929690435 0.0 0
1572276308 5.977290307 0.0 0
1572276648 5.929397974 0.0 0
1572276978 5.901530267 0.0 0
1572277309 5.795168365 0.0 0
1572277644 6.065174908 0.0 0
1572278003 5.966944964 0.0 0
1572278335 5.884467635 0.0 0
1572278666 5.759060522 0.16666666666666666 1
1572363724 6.416529476 0.2857142857142857 2
1572364054 5.949356216 0.0 0
1572364386 6.024330938 0.0 0
1572364718 5.985309409 0.0 0
1572365060 5.921384996 0.0 0
1572365390 5.540357291 0.0 0
1572365768 5.819499011 0.0 0
1572366149 6.005747032 0.16666666666666666 1
1572366482 5.980736538 0.16666666666666666 1
1572366815 6.05456296 0.0 0
1572369843 6.200035792 0.16666666666666666 1
1572370173 5.835910722 0.3333333333333333 1
1572370504 6.094994056 0.16666666666666666 1
1572370835 5.932893465 0.16666666666666666 1
1572371165 6.092524924 0.0 0
1572371496 5.935631765 0.0 0
1572371827 5.971847912 0.0 0
1572372157 5.94619836 0.0 0
1572372486 5.937815417 0.3333333333333333 1
1572372819 5.984868505 0.16666666666666666 1
1572533830 5.933310078 0.0 0
1572534185 5.937499496 0.0 0
1572534532 5.919998577 0.0 0
1572534863 6.104337896 0.0 0
1572535212 6.034905036 0.0 0
1572535543 5.953081377 0.0 0
1572535877 5.719761917 0.0 0
1572536208 5.889539428 0.0 0
1572536571 5.993792617 0.0 0
1572536908 6.038847633 0.0 0
1572537830 5.969588328 0.0 0
1572538482 6.083464108 0.0 0
1572539139 5.898258106 0.0 0
1572539791 5.939169069 0.0 0
1572540447 6.020914886 0.0 0
1572541351 5.855740203 0.0 0
1572542000 5.776929421 0.0 0
1572542648 5.955710057 0.5 2
1572543293 6.00595944 0.0 0
1572543966 5.932725648 0.0 0
1572871716 5.885012914 0.16666666666666666 1
1572872364 6.196281923 0.0 0
1572873045 6.132505945 0.0 0
1572873696 5.787977124 0.0 0
1572874366 5.871401535 0.3333333333333333 1
1572875417 6.302068216 0.42857142857142855 2
1572876324 5.910634176 0.0 0
1572877496 6.259057344 0.0 0
1572878164 11.545821945 0.4166666666666667 1
1572879395 5.976587685 0.5 2
1572880027 6.282470715 0.0 0
1572880455 5.80453719 0.16666666666666666 1
1572880790 9.699630603 0.0 0
1572881140 5.782738577 0.0 0
1572881472 6.043136327 0.0 0
1572881807 5.932482613 0.0 0
1572882137 6.03250349 0.0 0
1572882528 5.881735326 0.0 0
1572882858 5.935292761 0.0 0
1572883217 5.896474644 0.0 0
1572883553 5.91725087 0.0 0
1572967785 6.251511951 0.0 0
1572968771 7.35687341 0.0 0
1572969742 5.832076448 0.0 0
1572970402 5.875953092 0.0 0
1572971053 5.954279689 0.0 0
1572971713 5.947477105 0.0 0
1572972374 5.981649856 0.0 0
1572973086 6.06942779 0.0 0
1572973740 6.023437256 0.0 0
1572974390 5.740530138 0.0 0
1572975046 5.840588129 0.0 0
1572975445 5.988512528 0.0 0
1572975776 5.956312757 0.16666666666666666 1
1572976146 6.005916522 0.0 0
1572976526 5.80168567 0.0 0
1572976856 6.157316364 0.0 0
1572977187 6.139359762 0.0 0
1572977550 5.946133931 0.0 0
1572977879 5.877332304 0.0 0
1572978268 5.885612064 0.0 0
1573209326 5.810202178 0.0 0
1573209993 5.925156334 0.0 0
1573210656 5.930253152 0.0 0
1573211325 5.980507264 0.5 2
1573211981 5.860844741 0.0 0
1573212630 5.936937199 0.0 0
1573213283 5.891663586 0.0 0
1573213949 5.942013085 0.0 0
1573214607 5.96359753 0.0 0
1573215268 5.807945012 0.0 0
1573218472 6.154861007 0.0 0
1573218806 5.628869717 0.0 0
1573303403 18.847691054 0.0 0
1573306705 5.715443835 0.0 0
1573307029 5.97048576 0.0 0
1573307365 5.76870318 0.2 1
1573307682 5.504949559 0.2 1
1573308004 5.545700843 0.0 0
1573308318 5.467581426 0.0 0
1573308649 5.572555271 0.0 0
1573308969 5.800016059 0.0 0
1573309291 6.023073831 0.16666666666666666 1
1573309620 5.611938321 0.2 1
1573310766 5.588947853 0.0 0
1573311381 5.511638946 0.0 0
1573311999 5.459291356 0.2 1
1573312697 5.45412395 0.0 0
1573313318 5.342035303 0.0 0
1573313940 5.563284667 0.16666666666666666 1
1573314568 5.47901354 0.0 0
1573315260 5.321164513 0.0 0
1573742017 5.608616799 0.0 0
1573743649 5.319872746 0.0 0
1573743750 5.599260629 0.0 0
1573743849 5.770162477 0.0 0
1573743948 5.747610019 0.0 0
1573744046 5.482850439 0.0 0
1573744142 5.541080022 0.0 0
1573744241 5.549478155 0.0 0
1573744338 5.638539396 0.0 0
1573744430 5.451607883 0.0 0
1573744526 5.589677604 0.2 1
1573744632 5.654281965 0.16666666666666666 1
1573744731 5.507613517 0.2 1
1573744846 5.721234034 0.5 2
1573745080 5.67117126 0.2 1
1573745263 5.497488673 0.3333333333333333 2
1573745360 5.469110559 0.2 1
1573745462 5.330865744 0.0 0
1573745559 5.554072029 0.0 0
1573745662 5.619422186 0.0 0
1573745759 5.330412305 0.0 0
1573745862 5.514917062 0.0 0
1573745959 5.292657152 0.0 0
1573746056 5.332290502 0.0 0
1573746157 5.314609231 0.0 0
1573746255 5.747745825 0.0 0
1573746355 5.430504829 0.0 0
1573746456 5.539826821 0.0 0
1573746553 5.633846877 0.0 0
1573746649 5.570928219 0.0 0
1573748969 5.324527061 0.0 0
1573749066 5.539279554 0.0 0
1573749168 5.991540709 0.0 0
1573749279 5.12003788 0.0 0
1573749376 5.680091556 0.0 0
1573749511 5.669846449 0.0 0
1573749610 5.402348765 0.0 0
1573749710 5.410526971 0.0 0
1573749905 5.601004272 0.0 0
1573828230 5.38027629 0.0 0
1573828538 5.396937985 0.0 0
1573828845 5.429459899 0.0 0
1573829150 5.329312525 0.0 0
1573829454 5.462594768 0.0 0
1573829834 5.261581878 0.0 0
1573830323 5.360631025 0.0 0
1573830631 5.550276807 0.0 0
1573830938 5.375620707 0.0 0
1573831243 5.245401467 0.0 0
1573902877 5.396957482 0.2 1
1573903189 5.755233742 0.0 0
1573903503 5.524376272 0.0 0
1573903813 5.441084022 0.2 1
1573904122 5.580600402 0.0 0
1573904430 5.62447322 0.0 0
1574688201 5.504328089 0.0 0
1574688518 5.710835872 0.0 0
1574689345 7.089573566 0.14285714285714285 1
1574692213 5.594200145 0.0 0
1574692530 6.800780074 0.16666666666666666 1
1574693442 5.744896553 0.0 0
1574693760 5.576943142 0.0 0
1574694090 5.512640787 0.0 0
1574694836 5.445867806 0.0 0
1574694951 7.479207975 0.14285714285714285 1
1574695390 5.587617853 0.0 0
1574695733 5.513864964 0.0 0
1574696041 5.447557483 0.0 0
1574696767 5.667259668 0.0 0
1574697343 5.59239555 0.0 0
1574697937 5.820966041 0.6666666666666666 3
1574698506 5.465323277 0.5 2
1574699094 5.300749851 0.5 2
1574706723 5.413914009 0.0 0
1574707357 6.008047894 0.16666666666666666 1
1574708323 5.806061876 0.16666666666666666 1
1574708446 5.626777643 0.0 0
1574708621 5.478652257 0.0 0
1574708978 5.789714292 0.0 0
1574709191 6.21463587 0.16666666666666666 1
1574709931 5.406360723 0.3333333333333333 1
1574710535 5.670250252 0.0 0
1574711187 5.6722247 0.0 0
1574950988 5.615361232 0.0 0
1574951362 5.630045196 0.5 2
1574951717 5.644982512 0.0 0
1574952044 5.634821952 0.16666666666666666 1
1574952359 5.627759182 0.16666666666666666 1
1574952763 5.418717568 0.0 0
1574953121 8.836715011 0.1111111111111111 1
1574953454 5.321388199 0.0 0
1574953780 5.432979373 0.0 0
1574954105 5.575621231 0.16666666666666666 1
1574956516 5.574035113 0.0 0
1574957186 5.526353989 0.16666666666666666 1
1574957779 5.807050382 0.16666666666666666 1
1574958362 5.672306295 0.5 2
1574958956 5.859539704 0.16666666666666666 1
1574959565 5.704968119 0.0 0
1574960143 5.576678603 0.5 2
1574960730 5.430662705 0.2 1
1574961396 5.635725609 0.5 2
1574961965 5.686541802 0.2 1
1575028389 5.429243865 0.2 1
1575028698 7.233582741 0.14285714285714285 1
1575029034 5.333992693 0.0 0
1575029349 5.723602076 0.16666666666666666 1
1575029657 5.331663213 0.0 0
1575029970 5.809001422 0.0 0
1575030281 5.464305322 0.0 0
1575030597 5.582990371 0.0 0
1575030928 7.51550505 1.0 3
1575031240 6.06664052 0.0 0
1575033445 5.553169409 0.0 0
1575034012 5.662723632 0.0 0
1575034604 5.504357433 0.0 0
1575035176 5.531443166 0.2 1
1575035741 5.881261809 0.0 0
1575036776 5.775820236 0.0 0
1575037337 5.420660984 0.0 0
1575037895 5.420298839 0.0 0
1575038905 5.668611573 0.2 1
1575039471 5.565282791 0.3333333333333333 1
1575114670 5.41101486 0.0 0
1575114979 5.499385801 0.0 0
1575115288 5.561391561 0.0 0
1575115598 5.72867255 0.0 0
1575115913 5.705635184 0.0 0
1575116223 5.718118704 0.0 0
1575116533 5.559536843 0.0 0
1575116843 5.678842345 0.0 0
1575117151 5.805136784 0.0 0
1575117460 5.596394168 0.0 0
1575120735 5.494635523 0.5 2
1575121294 5.592651001 0.16666666666666666 1
1575122296 5.52920246 0.2 1
1575122915 5.114001915 0.0 0
1575123472 5.692409555 0.0 0
1575124031 5.719657748 0.0 0
1575124587 5.593722706 0.2 1
1575125153 5.523946651 0.2 1
1575125720 5.571428915 0.16666666666666666 1
1575126285 5.514822829 0.0 0
1575293192 5.501911971 0.0 0
1575293524 5.811810961 0.8333333333333334 1
1575293865 5.613192392 0.0 0
1575294202 5.805702974 0.16666666666666666 1
1575294545 5.539523806 0.2 1
1575294892 5.528520879 0.0 0
1575295294 5.665285967 0.16666666666666666 1
1575295663 5.794563371 0.0 0
1575296874 5.602904494 0.0 0
1575297213 5.477164103 0.0 0
1575298043 5.795613137 0.0 0
1575298614 5.634765528 0.0 0
1575299187 5.379659293 0.0 0
1575299764 5.663079577 0.5 2
1575300373 5.470466188 0.0 0
1575300947 5.380024613 0.0 0
1575301744 5.578989197 0.0 0
1575386081 5.671456571 0.16666666666666666 1
1575386395 5.568425298 0.0 0
1575386705 5.627249392 0.16666666666666666 1
1575387109 5.660899392 0.5 2
1575387417 5.805814529 0.0 0
1575387729 5.720372846 0.0 0
1575388037 5.560459945 0.6 2
1575388344 5.488713736 0.0 0
1575388653 5.573799774 0.0 0
1575390518 5.645193834 0.0 0
1575391089 5.674566213 0.5 2
1575391651 5.655059085 0.0 0
1575392463 5.613314648 0.0 0
1575393079 5.544490888 0.2 1
1575393662 5.67025468 0.0 0
1575394227 5.572490076 0.2 1
1575394789 5.839688827 0.0 0
1575395352 5.680740086 0.16666666666666666 1
1575395919 6.820952784 1.0 2
1575397811 20.31750669 0.0 0
1575398092 21.000430381 0.0 0
1575398337 14.967795788 0.0 0
1575473817 11.248672665 0.0 0
1575474324 7.341318982 0.2857142857142857 2
1575474604 5.644241877 0.0 0
1575558843 5.444473546 0.8333333333333334 1
1575559152 5.616282113 0.0 0
1575559480 5.802904108 1.3333333333333333 2
1575559799 5.412505017 1.0 2
1575560168 5.84470339 0.2 1
1575560500 5.507713918 1.1666666666666667 2
1575560834 5.636891996 0.5 2
1575561366 5.383224325 0.2 1
1575561707 5.880018945 0.16666666666666666 1
1575562063 128.454676134 0.6744186046511628 2
1575562837 5.518958846 0.5 2
1575563447 5.527270019 0.0 0
1575564115 5.620115958 0.0 0
1575564694 5.560539643 0.5 2
1575565274 5.561798663 0.2 1
1575565841 5.718286487 0.0 0
1575566412 5.497731406 0.5 2
1575567019 5.630652446 0.5 2
1575568341 5.504810524 0.5 2
1575568923 5.425929015 0.0 0
1579184492 9.617220439 -1 -1
1579186588 5.771675117 0.0 0
1579186936 5.622670824 0.0 0
1579187946 5.424219761 0.0 0
1579188278 5.841389619 0.0 0
1579188383 5.892274662 0.0 0
1579189260 5.578862027 0.0 0
1579189597 5.792526844 0.0 0
1579189922 5.39975943 0.0 0
1579190261 5.629024624 0.0 0
1579191371 5.62501274 0.0 0
1579191985 5.75731883 0.0 0
1579192550 5.594432899 0.2 1
1579193132 5.327083792 0.0 0
1579193719 5.588635029 0.0 0
1579194284 5.704942547 0.0 0
1579194853 5.616750765 0.0 0
1579195418 5.65220466 0.0 0
1579196008 5.368639205 0.0 0
1579196569 5.622972428 0.16666666666666666 1
1579354345 5.601629489 0.0 0
1579354655 5.469874526 0.0 0
1579354967 5.46850355 0.2 1
1579355272 5.582741958 0.0 0
1579355584 5.602520339 0.0 0
1579355892 5.483719026 0.2 1
1579356198 5.528661662 0.0 0
1579356504 5.515784122 0.0 0
1579356809 5.621928201 0.5 2
1579357288 5.558489864 0.0 0
1579359775 5.758131116 0.0 0
1579360353 5.551363103 0.0 0
1579360912 5.453175565 0.0 0
1579361466 5.565418984 0.0 0
1579362021 5.546999701 0.16666666666666666 1
1579362577 5.478025566 0.0 0
1579363137 5.629310914 0.0 0
1579363704 5.84348406 0.0 0
1579364267 5.554511825 0.0 0
1579364826 5.503892717 0.16666666666666666 1
1579524958 5.608563098 0.5 2
1579525301 5.486560357 0.0 0
1579525686 5.663476363 0.5 2
1579526012 5.621649231 0.2 1
1579526335 5.783885668 0.16666666666666666 1
1579528642 5.673848238 0.5 2
1579529065 5.528605743 0.5 2
1579529442 5.635351971 0.0 0
1579529782 5.925998666 0.0 0
1579530093 5.63558983 0.2 1
1579530820 5.748948281 0.0 0
1579531410 5.768182286 0.5 2
1579532449 5.453445068 0.2 1
1579533208 5.601214753 0.5 2
1579533801 5.589805062 0.0 0
1579534445 5.545827026 0.0 0
1579535117 5.620388029 0.5 1
1579535705 5.541101952 0.5 2
1579536784 5.459883639 0.0 0
1579537353 5.669686177 0.2 1
1580218086 14.100795623 0.0 0
1580218415 5.48395533 0.0 0
1580218749 5.589145612 0.2 1
1580219099 5.89268832 0.0 0
1580219460 6.352253838 0.16666666666666666 1
1580219785 5.716243631 0.3333333333333333 2
1580223123 5.512406983 0.5 2
1580223461 5.653521297 0.0 0
1580224078 5.523799645 0.2 1
1580224635 5.686634504 0.0 0
1580225192 5.349014205 0.0 0
1580225757 5.703177645 0.0 0
1580226337 5.477267938 0.2 1
1580226904 5.712279175 0.0 0
1580227501 5.532697731 0.16666666666666666 1
1580228088 5.416683504 0.2 1
1580228647 5.595307494 0.0 0
1580229210 5.496828913 0.0 0
1580306364 20.257175643 0.1 2
1580306716 5.603173077 0.0 0
1580307029 5.595464331 0.5 2
1580307426 9.223200821 1.0 2
1580307902 5.526749899 0.16666666666666666 1
1580308212 5.886031342 0.16666666666666666 1
1580308529 5.631979519 0.2 1
1580310730 5.379829011 0.0 0
1580311043 5.678257209 0.0 0
1580311352 5.690839067 0.0 0
1580311663 5.607551279 0.0 0
1580312037 5.53639688 0.0 0
1580312639 11.250879789 1.0909090909090908 3
1580313214 5.599096523 0.16666666666666666 1
1580314094 5.3888776 0.3333333333333333 2
1580314733 5.651471156 0.5 2
1580315290 5.673905102 0.0 0
1580315854 5.569953298 0.0 0
1580316426 5.416259049 0.6666666666666666 3
1580317712 5.399547876 0.2 1
1581937131 5.21412835 0.2 1
1581937436 5.449499745 0.0 0
1581937779 5.558476259 0.2 1
1581938103 5.474495134 0.0 0
1581938435 5.496740292 0.0 0
1581938744 5.432420916 0.0 0
1581939062 5.660233344 0.0 0
1581939392 5.227947783 0.0 0
1581939707 5.588392591 0.0 0
1581940009 5.595198412 0.0 0
1581942791 5.522113937 0.0 0
1581944372 5.562617674 0.0 0
1581945300 11.002124851 0.45454545454545453 2
1581946250 5.51380051 0.0 0
1581946819 5.617438635 0.16666666666666666 1
1581947715 5.934570918 0.0 0
1581948306 5.556351563 0.0 0
1581949432 6.156266243 0.0 0
1582027683 4.453789051 0.0 0
1582030829 6.314029934 0.2857142857142857 1
1582031473 5.256751926 0.0 0
1582031772 6.141617497 0.16666666666666666 1
1582032143 6.06541482 0.0 0
1582032461 5.925627794 0.16666666666666666 1
1582033063 5.7547483 0.16666666666666666 1
1582033358 5.723958284 0.0 0
1582033716 5.718297102 0.0 0
1582035133 6.069529602 0.0 0
1582036007 5.835349297 0.0 0
1582036610 5.996775736 0.0 0
1582037218 6.467797513 0.0 0
1582037816 5.498595472 0.5 2
1582038412 6.234541312 0.16666666666666666 1
1582038999 6.592077164 0.3333333333333333 1
1582042666 6.3779842 0.0 0
1582044114 6.119044799 0.0 0
1582044703 5.369923119 0.0 0
1582045020 6.142271373 0.3333333333333333 1
1582045321 5.873392649 0.0 0
1582045616 5.807888825 0.16666666666666666 1
1582045930 6.184858749 0.0 0
1582046225 6.200621453 0.42857142857142855 2
1582120575 6.389749997 0.0 0
1582120799 5.125113068 0.0 0
1582186452 7.467443581 -1 -1
1582189539 7.451623 0.125 1
1582191012 5.689944056 0.16666666666666666 1
1582191304 5.60593203 0.5 2
1582191600 5.61539543 0.2 1
1582191896 5.595732738 0.2 1
1582192184 5.626029671 0.2 1
1582192483 5.676919632 0.0 0
1582192772 5.822157912 0.5 2
1582193060 5.503912441 0.0 0
1582193355 5.572978629 0.2 1
1582635122 5.446315287 0.2 1
1582635407 5.53279704 0.16666666666666666 1
1582635691 5.727437592 0.2 1
1582635975 5.796552393 0.0 0
1582636262 5.646779944 0.5 2
1582636548 5.428526139 0.0 0
1582636841 5.560931113 0.2 1
1582637141 6.339475072 0.3333333333333333 1
1582637435 5.519825856 0.2 1
1582637730 5.836557985 0.2 1
1582638297 5.588630252 0.5 2
1582638858 5.579418567 0.0 0
1582640525 5.668115803 0.0 0
1582641112 5.412364699 0.0 0
1582641672 5.558289805 0.2 1
1582642245 5.83232968 0.5 2
1582642812 5.413388824 0.5 2
1582643386 5.934292432 0.16666666666666666 1
1582643983 5.577321005 0.0 0
1582644651 5.546649583 0.0 0
1582886374 5.398376853 0.0 0
1582886667 5.655394124 0.5 3
1582886961 5.438425285 0.0 0
1582887249 5.557111997 0.3333333333333333 1
1582887536 5.332436201 0.0 0
1582887830 5.701284931 0.2 1
1582888116 5.595319248 0.2 1
1582888402 5.533893239 0.5 2
1582888691 5.548266323 0.2 1
1582889050 5.644625563 0.0 0
1582899153 5.428173062 0.0 0
1582899718 5.739067045 0.0 0
1582900282 5.341305442 0.0 0
1582900842 5.660073352 0.0 0
1582902586 5.536575104 0.16666666666666666 1
1582903163 5.517895039 0.5 2
1582903752 5.52099519 0.2 1
1574711187 5.6722247 0.0 0
1574708978 5.789714292 0.0 0
