1569849912 5.702556572 0.0 0
1569850117 5.371504125 0.2 1
1569849912 5.702556572 0.0 0
1569850117 5.371504125 0.2 1
1569850927 5.678706656 0.0 0
1569851136 5.492098309 0.0 0
1569851470 16.814876529 0.058823529411764705 1
1569851692 5.772124156 0.0 0
1569851921 5.668155872 0.0 0
1569852151 5.710677984 0.0 0
1569852389 5.414689348 0.0 0
1569852606 5.638297527 0.0 0
1569852996 5.878149561 0.0 0
1569853308 5.648926414 0.0 0
1569853547 5.516793413 0.0 0
1569854189 5.932063401 0.0 0
1569855148 5.762279488 0.16666666666666666 1
1569855592 7.973564748 0.0 0
1570446920 5.484921454 0.16666666666666666 1
1570448012 5.491439568 0.6666666666666666 1
1570448740 5.326958794 0.2 1
1570449209 5.556040121 0.16666666666666666 1
1570449635 6.340744393 0.3333333333333333 1
1570543034 5.667965369 0.0 0
1570543391 8.776234112 0.0 0
1570543598 5.623481967 0.0 0
1570544527 5.52400653 0.0 0
1570544727 5.338117097 0.0 0
1570544988 5.399618421 0.0 0
1570545193 5.774504071 0.16666666666666666 1
1571322907 5.52688681 0.0 0
1571323228 5.540831231 0.0 0
1571323622 5.571109507 0.0 0
1571324024 5.294860482 0.0 0
1571324423 5.396836804 0.0 0
1571325029 5.645677552 0.16666666666666666 1
1571325226 5.357761615 0.0 0
1571325425 5.389118089 0.0 0
1571325630 5.415588657 0.0 0
1571325829 5.411740567 0.0 0
1571326028 5.599979552 0.0 0
1571326720 5.517210059 0.0 0
1571326932 5.541348371 0.16666666666666666 1
1571327139 5.590640038 0.0 0
1571327354 5.595256106 0.2 1
1571327744 5.635864637 0.0 0
1571328135 5.359598473 0.0 0
1571328526 5.584825697 0.0 0
1571328917 5.622183878 0.0 0
1571329309 5.338632745 0.0 0
1571329901 5.396942655 0.0 0
1571395821 5.368160289 0.0 0
1571396017 5.393535115 0.0 0
1571396214 5.539100121 0.0 0
1571396413 5.552089332 0.16666666666666666 1
1571396611 5.610888167 0.0 0
1571396810 5.660999191 0.0 0
1571397040 5.513377358 0.0 0
1571397244 5.451523932 0.0 0
1571397442 5.686588873 0.0 0
1571397639 5.5750198 0.16666666666666666 1
1571397858 5.324650614 0.0 0
1571398250 5.577072537 0.0 0
1571398645 5.467354332 0.0 0
1571399036 5.666359057 0.0 0
1571399428 5.478626624 0.0 0
1571399824 5.626719454 0.0 0
1571400217 5.445623759 0.0 0
1571400639 5.568934092 0.0 0
1571401038 5.624219402 0.0 0
1571401430 5.384960683 0.0 0
1571404887 5.507296327 0.0 0
1571405086 5.399800947 0.16666666666666666 1
1571405283 5.5976265 0.2 1
1571405483 5.648495839 0.0 0
1571405715 5.376996975 0.0 0
1571406810 5.556644356 0.0 0
1571407200 5.437138334 0.0 0
1571407594 5.333951182 0.0 0
1571407982 5.721312142 0.0 0
1571408374 5.71234109 0.16666666666666666 1
1571408905 5.516576617 0.0 0
1571409136 5.566322817 0.0 0
1571409338 5.434444898 0.0 0
1571409536 5.635957264 0.2 1
1571409752 5.426239742 0.0 0
1571664319 5.565978274 0.0 0
1571664863 5.468766848 0.0 0
1571665066 5.480029051 0.0 0
1571665277 5.403568737 0.0 0
1571665471 5.57696865 0.0 0
1571665666 5.526769752 0.2 1
1571665866 5.481757114 0.0 0
1571666257 5.390059884 0.0 0
1571666649 5.342861296 0.0 0
1571667042 5.354749712 0.0 0
1571667478 5.617162007 0.16666666666666666 1
1571668084 5.401131447 0.0 0
1571668284 5.4240976 0.0 0
1571668477 5.472243361 0.0 0
1571668682 5.506661272 0.0 0
1571668878 5.643617019 0.0 0
1571669131 5.691168686 0.0 0
1571669529 6.858290245 0.0 0
1571751955 5.415078698 0.2 1
1571752150 5.437714887 0.0 0
1571752349 5.434267931 0.0 0
1571752553 5.896527781 0.0 0
1571752749 5.576277177 0.0 0
1571752945 5.514577369 0.0 0
1571753142 5.596580071 0.0 0
1571753340 5.480465317 0.0 0
1571753536 6.326940937 0.0 0
1571753733 5.42830305 0.0 0
1571754041 5.495693364 0.0 0
1571754438 5.657904316 0.0 0
1571754831 5.572780093 0.0 0
1571755234 5.543942799 0.0 0
1571755798 5.743892386 0.16666666666666666 1
1571756468 5.454939309 0.0 0
1571756879 5.61721129 0.0 0
1571757328 5.373599231 0.0 0
1571757717 5.68243609 0.0 0
1571758117 5.463604841 0.0 0
1571758507 5.502693811 0.0 0
1571760091 5.299166098 0.0 0
1571760287 5.498236785 0.0 0
1571760489 5.495864749 0.0 0
1571760687 5.547867936 0.0 0
1571760886 5.560672026 0.0 0
1571761098 5.577042432 0.0 0
1571761297 5.340727778 0.0 0
1571761491 6.33102856 0.0 0
1571761687 5.432244655 0.0 0
1571761887 5.549485554 0.16666666666666666 1
1571762119 7.824794005 0.0 0
1571762511 5.54874757 0.0 0
1571762910 5.49946912 0.0 0
1571763299 5.415896048 0.0 0
1571763690 5.695173115 0.0 0
1571764094 5.586291084 0.0 0
1571764507 5.585513085 0.16666666666666666 1
1571764900 5.311525377 0.0 0
1571765288 5.420172938 0.2 1
1571765679 5.620467103 0.0 0
1571766256 5.552915852 0.0 0
1571767039 5.387844556 0.0 0
1571922188 5.471847697 0.0 0
1572003198 5.455598184 0.0 0
1572003392 5.455161833 0.0 0
1572003591 5.464557992 0.0 0
1572003789 5.369023137 0.2 1
1572003984 5.445504448 0.0 0
1572004179 5.62781625 0.0 0
1572004374 5.444379596 0.0 0
1572004574 5.65296452 0.0 0
1572004776 5.41305643 0.2 1
1572004974 5.462994176 0.6666666666666666 1
1572006265 5.396839672 0.0 0
1572007003 5.62591057 0.0 0
1572007396 5.641823943 0.0 0
1572007890 5.566604575 0.0 0
1572008300 5.56011189 0.16666666666666666 1
1572008704 5.431623346 0.0 0
1572009098 5.431859963 0.0 0
1572009487 5.377153581 0.0 0
1572009879 5.503647648 0.0 0
1572010274 5.593909592 0.0 0
1572010664 5.613445338 0.0 0
1572011176 5.457485655 0.6666666666666666 1
1572011372 5.372525701 0.0 0
1572011566 5.587617172 0.0 0
1572011765 5.597841351 0.0 0
1572011962 5.606683509 0.0 0
1572012160 5.564511173 0.0 0
1572012355 5.427107128 0.16666666666666666 1
1572012549 5.496355591 0.0 0
1572012743 5.452265304 0.16666666666666666 1
1572012936 5.471821487 0.0 0
1572013226 5.308457359 0.0 0
1572013619 5.445120924 0.0 0
1572014012 5.552238632 0.0 0
1572014403 5.470548473 0.16666666666666666 1
1572014792 5.556597802 0.0 0
1572264996 5.472809089 0.2 1
1572265193 5.548022168 0.16666666666666666 1
1572265391 5.603146254 0.0 0
1572265589 5.289708946 0.6666666666666666 1
1572265787 5.173148953 0.6 1
1572265997 5.335270118 0.6666666666666666 1
1572266191 5.322290641 0.8 1
1572266391 5.730865653 0.16666666666666666 1
1572266593 6.620816082 0.5 1
1572266790 5.328022912 0.0 0
1572268074 5.32079648 0.8 1
1572268844 5.367329975 0.6666666666666666 1
1572269258 5.316879245 0.6 1
1572269664 5.723243443 0.0 0
1572270081 5.339909403 0.6666666666666666 1
1572270477 5.537349437 0.0 0
1572270871 5.373297136 0.16666666666666666 1
1572272235 4.535169294 0.0 0
1572272566 4.42650198 0.0 0
1572272901 4.436670489 0.0 0
1572273234 4.30677211 0.0 0
1572273580 4.38202401 0.0 0
1572274072 4.485470314 0.25 1
1572274240 4.415439485 0.0 0
1572274415 4.537961609 0.0 0
1572274581 4.46805687 0.2 1
1572274753 4.594673265 0.2 1
1572274924 4.481352842 0.0 0
1572275092 4.505492632 0.0 0
1572275271 4.649894821 0.0 0
1572275440 4.450681662 0.2 1
1572275615 4.447097786 0.0 0
1572276002 4.39254544 0.0 0
1572276337 4.323506311 0.0 0
1572276675 4.566173788 0.0 0
1572277006 4.43591085 0.0 0
1572277336 4.478465161 0.0 0
1572277676 6.803323625 0.0 0
1572278031 4.375226946 0.0 0
1572278364 4.482373632 0.25 1
1572361209 5.708313791 0.16666666666666666 1
1572361407 5.546049119 0.0 0
1572361602 5.602823448 0.0 0
1572361798 5.452135766 0.0 0
1572361995 5.451834816 0.0 0
1572362190 5.560329982 0.0 0
1572362386 5.533610835 0.0 0
1572362582 5.616111081 0.0 0
1572362781 5.31170731 0.0 0
1572362977 5.424256709 0.0 0
1572363423 4.433291534 0.0 0
1572363753 4.499373998 0.0 0
1572364082 4.540195936 0.0 0
1572364413 4.413892777 0.0 0
1572364746 4.388625413 0.0 0
1572365087 4.454404549 0.0 0
1572365465 4.428947832 0.0 0
1572365836 5.771267589 0.16666666666666666 1
1572366176 4.64589266 0.0 0
1572366512 4.508880402 0.0 0
1572366863 5.766943908 0.2 1
1572367032 4.488433302 0.0 0
1572367201 4.467483075 0.0 0
1572367370 4.327253092 0.0 0
1572367543 5.553807572 0.0 0
1572367723 4.461524947 0.0 0
1572367899 4.43339591 0.0 0
1572368067 4.490385268 0.2 1
1572368233 4.472624822 0.2 1
1572368399 4.549495406 0.0 0
1572369542 4.500346552 0.0 0
1572369872 4.47975411 0.0 0
1572370202 4.518397893 0.0 0
1572370534 4.395421564 0.0 0
1572370863 4.575150255 0.2 1
1572371192 4.481098794 0.0 0
1572371526 4.387538935 0.0 0
1572371855 4.423909334 0.25 1
1572372185 4.462023828 0.0 0
1572372513 4.472545929 0.0 0
1572532327 5.83127919 0.16666666666666666 1
1572532528 5.440715978 0.0 0
1572532734 5.587815321 0.0 0
1572533520 4.416886327 0.0 0
1572533858 4.433782661 0.0 0
1572534212 4.495448135 0.0 0
1572534559 4.400836782 0.0 0
1572534891 4.541106505 0.0 0
1572535239 4.367133138 0.0 0
1572535570 4.445838392 0.0 0
1572535905 4.429675669 0.0 0
1572536236 4.574686989 0.0 0
1572536600 4.217005614 0.0 0
1572537203 4.446707034 0.2 1
1572537858 4.427104515 0.2 1
1572538510 4.427572252 0.0 0
1572539167 4.471774462 0.25 1
1572539819 4.434252561 0.2 1
1572540726 4.412334672 0.25 1
1572541379 4.484365409 0.25 1
1572542028 4.525407649 0.0 0
1572542675 4.536136515 0.0 0
1572543320 4.397405605 0.0 0
1572544452 4.395977846 0.0 0
1572544619 4.420834868 0.25 1
1572544789 4.60205357 0.0 0
1572544963 4.604063786 0.0 0
1572545138 4.242679156 0.0 0
1572869963 4.36424303 0.0 0
1572870131 4.517404137 0.0 0
1572870352 4.506106714 0.0 0
1572870537 4.477739116 0.6 1
1572870754 4.385794814 0.75 1
1572871092 4.383087955 0.6 1
1572871743 4.365076663 0.0 0
1572872392 4.525720023 0.0 0
1572873073 4.48119628 0.0 0
1572873723 4.464944468 0.0 0
1572874780 9.726762685 0.1 1
1572875634 5.67805026 0.0 0
1572876870 4.565642524 0.2 1
1572877525 4.512735442 0.25 1
1572878736 4.605420076 0.0 0
1572879864 4.384681492 0.0 0
1572880146 4.699575559 0.0 0
1572880482 4.479503636 0.0 0
1572880821 4.496970063 0.2 1
1572881167 4.358225518 0.0 0
1572881502 4.355228367 0.0 0
1572881834 4.569342186 0.0 0
1572882165 4.436894495 0.0 0
1572882555 4.32968326 0.0 0
1572882904 4.487439043 0.0 0
1572883245 4.391924532 0.0 0
1572965345 4.451398474 0.0 0
1572965512 4.53713924 0.0 0
1572965680 4.316368745 0.0 0
1572965849 4.320226847 0.0 0
1572966186 4.483521562 0.25 1
1572966358 4.365003055 0.0 0
1572966540 6.432275367 0.0 0
1572966715 4.358565118 0.0 0
1572966885 4.491155283 0.0 0
1572967110 4.511878255 0.0 0
1572967812 4.48603786 0.0 0
1572969116 4.425975738 0.0 0
1572969769 4.500549437 0.0 0
1572970429 4.391855175 0.0 0
1572971080 4.47505047 0.0 0
1572971743 4.493201406 0.0 0
1572972402 4.424264193 0.0 0
1572973115 4.43857076 0.25 1
1572973768 4.509490181 0.0 0
1572974417 4.395597042 0.0 0
1572975147 4.431711991 0.0 0
1572975474 4.391470394 0.0 0
1572975813 5.545460383 0.0 0
1572976174 4.416250295 0.0 0
1572976555 4.372129586 0.0 0
1572976885 4.488781445 0.0 0
1572977215 4.472327775 0.0 0
1572977578 4.396047375 0.0 0
1572977926 4.484989938 0.25 1
1573206992 4.346493529 0.0 0
1573207160 4.576127886 0.0 0
1573207329 4.570068143 0.0 0
1573207495 4.427406268 0.0 0
1573207666 4.420045582 0.0 0
1573207833 4.370226871 0.0 0
1573208000 4.438352728 0.0 0
1573208165 4.432284082 0.25 1
1573208332 4.436612288 0.0 0
1573208498 4.399879989 0.0 0
1573208704 4.424571855 0.0 0
1573209354 4.44354767 0.0 0
1573210020 4.556044666 0.0 0
1573210686 4.459321631 0.0 0
1573211353 4.507023571 0.0 0
1573212008 4.44600253 0.0 0
1573212657 4.541095993 0.0 0
1573213310 4.496245808 0.0 0
1573213979 4.352307523 0.0 0
1573214636 4.392174155 0.0 0
1573218171 4.368118639 0.0 0
1573218499 4.455796815 0.0 0
1573218891 4.359003854 0.0 0
1573220234 4.464753177 0.0 0
1573220401 4.401414995 0.2 1
1573220569 4.486440525 0.0 0
1573220738 4.352188646 0.0 0
1573220905 4.398162037 0.0 0
1573221073 4.324442794 0.0 0
1573221237 4.392679651 0.0 0
1573221406 4.45450054 0.0 0
1573221573 4.392094976 0.25 1
1573221742 4.415128757 0.0 0
1573221931 4.523050706 0.0 0
1573222103 4.407322058 0.0 0
1573222269 4.379279488 0.0 0
1573222434 4.444817125 0.25 1
1573222602 4.464571665 0.0 0
1573301082 4.615063827 0.0 0
1573301252 4.5425478 0.0 0
1573301421 4.442818032 0.0 0
1573301602 4.425133739 0.2 1
1573301787 4.50182851 0.25 1
1573301958 4.416674561 0.0 0
1573302134 4.389046668 0.0 0
1573302309 4.456736759 0.0 0
1573302477 4.419621952 0.0 0
1573302644 4.417281866 0.0 0
1573303793 4.090132137 0.0 0
1573303960 4.139182087 0.0 0
1573304125 3.924035837 0.0 0
1573304288 3.987834234 0.25 1
1573304450 3.864940097 0.0 0
1573304617 4.13168827 0.0 0
1573304776 3.908041068 0.0 0
1573304935 4.14831205 0.0 0
1573305099 4.071528442 0.0 0
1573305258 4.496556805 0.0 0
1573306396 4.134215443 0.0 0
1573306731 4.060890468 0.0 0
1573307056 3.979517346 0.0 0
1573307392 4.098595957 0.0 0
1573307709 4.049830616 0.0 0
1573308030 4.280473416 0.0 0
1573308344 4.011704122 0.0 0
1573308674 4.203250439 0.0 0
1573308995 4.030484153 0.25 1
1573309326 4.063362948 0.0 0
1573310167 4.088114731 0.0 0
1573310792 3.952566156 0.0 0
1573311409 2.72926307 0.0 0
1573312025 4.053763683 0.0 0
1573312724 3.836206342 0.0 0
1573313345 3.976660898 0.0 0
1573313966 4.00013811 0.0 0
1573314595 4.05194616 0.0 0
1573741826 3.995863514 0.0 0
1573741946 4.19048006 0.0 0
1573743577 4.10418957 0.0 0
1573743676 4.194145926 0.0 0
1573743778 4.199194259 0.0 0
1573743876 4.270291587 0.0 0
1573743976 3.991202406 0.0 0
1573744073 3.95009092 0.0 0
1573744170 4.096700882 0.0 0
1573744268 4.00960946 0.0 0
1573744364 4.022587892 0.0 0
1573744456 3.882836558 0.0 0
1573744567 4.222175681 0.0 0
1573744660 3.996070903 0.0 0
1573744758 3.980204357 0.0 0
1573744872 4.006338888 0.25 1
1573745008 4.10815752 0.0 0
1573745106 3.825878798 0.0 0
1573745290 4.24105098 0.0 0
1573745387 4.015263248 0.0 0
1573745490 4.092363196 0.25 1
1573745590 4.056515662 0.0 0
1573745688 3.927026257 0.0 0
1573745791 3.938176365 0.0 0
1573745890 4.057890741 0.0 0
1573745985 4.022244776 0.0 0
1573746086 3.968990792 0.0 0
1573746184 4.128469329 0.25 1
1573746285 3.99369865 0.0 0
1573746386 3.942365472 0.0 0
1573746483 4.125847766 0.2 1
1573746579 4.01489498 0.0 0
1573748899 4.359162336 0.25 1
1573748996 4.032313879 0.0 0
1573749097 4.08721583 0.0 0
1573749208 4.142165279 0.0 0
1573749302 3.948246566 0.25 1
1573749435 3.89688295 0.25 1
1573749540 4.091969324 0.0 0
1573749639 4.13209546 0.0 0
1573749738 4.047596702 0.0 0
1573749835 4.060610011 0.0 0
1573752431 4.006951661 0.0 0
1573752689 4.006695794 0.0 0
1573752848 4.051187563 0.0 0
1573753006 4.220516006 0.0 0
1573753164 4.123250716 0.0 0
1573753318 3.965445601 0.0 0
1573753478 4.009927268 0.0 0
1573753631 3.808103211 0.0 0
1573753793 4.020328616 0.0 0
1573754613 4.138295353 0.0 0
1573754772 3.931919078 0.0 0
1573754931 4.099578216 0.0 0
1573755102 3.999596079 0.0 0
1573755260 4.071512912 0.0 0
1573755420 4.016270181 0.0 0
1573755576 3.920003858 0.0 0
1573755734 3.927115319 0.0 0
1573755892 3.926159965 0.25 1
1573756049 4.184468814 0.0 0
1573827943 4.183689328 0.0 0
1573828255 4.04428348 0.0 0
1573828566 4.001002689 0.0 0
1573828871 4.140963679 0.0 0
1573829176 4.040644676 0.0 0
1573829482 4.132502708 0.0 0
1573829863 4.051537631 0.0 0
1573830349 3.9683774 0.0 0
1573830657 3.919476582 0.25 1
1573830965 3.880282663 0.0 0
1573831357 4.019975493 0.0 0
1573831514 4.051313821 0.0 0
1573831673 3.956562205 0.0 0
1573831846 4.011156476 0.0 0
1573831998 3.927779297 0.0 0
1573832157 4.136551149 0.0 0
1573832313 4.073134223 0.0 0
1573832480 3.947694374 0.0 0
1573832635 3.933859248 0.25 1
1573832790 3.987791832 0.0 0
1573832973 4.188730808 0.0 0
1573833144 3.838534062 0.0 0
1573833307 3.811883091 0.75 1
1573833463 3.982670361 0.0 0
1573833621 4.082982012 0.0 0
1573900996 4.110282474 0.0 0
1573901153 3.918296758 0.0 0
1573901309 4.326044867 0.0 0
1573901465 4.186642938 0.0 0
1573901626 4.092247139 0.0 0
1573901780 4.417259376 0.0 0
1573901935 3.965623142 0.0 0
1573902093 3.966888775 0.0 0
1573902250 4.102976374 0.0 0
1573902406 4.058233452 0.25 1
1573902599 3.838504545 0.0 0
1573902907 3.931954726 0.0 0
1573903217 4.139193265 0.0 0
1573903529 3.848763943 0.0 0
1573903839 4.028236555 0.0 0
1573904148 4.091886061 0.0 0
1573904459 7.432333217 0.0 0
1574685722 4.197578543 0.0 0
1574685911 4.114102721 0.0 0
1574686085 4.364041876 0.0 0
1574686243 4.059407074 0.0 0
1574686405 4.00273067 0.0 0
1574686561 3.919952083 0.0 0
1574686726 4.207440454 0.0 0
1574686891 4.515625662 0.0 0
1574687082 4.127703791 0.0 0
1574687254 3.909853034 0.25 1
1574687916 3.968939943 0.0 0
1574688228 4.101664941 0.0 0
1574689214 4.264760185 0.0 0
1574689589 4.184832203 0.0 0
1574689804 3.988992381 0.3333333333333333 1
1574689963 4.313589357 0.0 0
1574690135 4.107152176 0.0 0
1574690312 4.243107562 0.2 1
1574690473 4.139120935 0.0 0
1574690642 4.063968639 0.0 0
1574690803 4.179521754 0.25 1
1574690987 3.995843547 0.0 0
1574691160 4.042434379 0.0 0
1574691920 4.234658239 0.0 0
1574692239 4.097265566 0.0 0
1574692556 4.101746765 0.25 1
1574693468 4.431925771 0.0 0
1574693793 3.912425626 0.25 1
1574694224 4.083908615 0.0 0
1574694554 4.10193963 0.0 0
1574694864 4.122738044 0.0 0
1574695110 4.192189855 0.0 0
1574695439 4.024384315 0.0 0
1574695759 4.143267414 0.0 0
1574696219 4.146466322 0.0 0
1574696795 4.023128132 0.0 0
1574697370 4.180434408 0.0 0
1574697963 4.0237522 0.0 0
1574698532 4.115374955 0.0 0
1574706653 4.024091481 0.25 1
1574706788 3.940511428 0.0 0
1574707032 4.123735819 0.0 0
1574707211 4.04920646 0.0 0
1574707999 3.946214674 0.25 1
1574708412 4.290676126 0.0 0
1574708494 3.90795611 0.0 0
1574708695 4.178821351 0.0 0
1574709077 4.175521339 0.0 0
1574709310 4.110392579 0.0 0
1574710421 4.171988995 0.0 0
1574710610 3.926212671 0.0 0
1574950702 4.197566097 0.0 0
1574951014 4.29959483 0.0 0
1574951389 4.168547844 0.0 0
1574951743 4.084025104 0.0 0
1574952070 4.098341221 0.0 0
1574952385 4.938366538 0.2 1
1574952790 4.127768141 0.0 0
1574953151 4.228861103 0.0 0
1574953480 4.144425473 0.0 0
1574953806 4.030193678 0.0 0
1574954135 3.85192675 0.0 0
1574954297 4.524118098 0.0 0
1574954468 9.372229072 0.0 0
1574954638 4.238072853 0.0 0
1574954822 4.087843314 0.0 0
1574954979 4.086868759 0.0 0
1574955140 4.227593974 0.0 0
1574955397 4.047688287 0.0 0
1574955557 4.213926717 1.25 2
1574955717 4.180910689 0.0 0
1574955910 9.504095581 0.0 0
1574956543 4.144550925 0.0 0
1574957212 4.002395557 0.0 0
1574957807 4.199890034 0.25 1
1574958389 4.367801673 0.0 0
1574958983 4.183282559 0.0 0
1574959592 19.145687196 0.05263157894736842 1
1574960171 4.170371469 0.0 0
1574960756 3.957950613 0.0 0
1574961423 17.071382441 0.0 0
1575026465 4.005365607 0.0 0
1575026626 4.420058984 0.0 0
1575026788 4.349923789 0.0 0
1575026948 4.309971342 0.0 0
1575027111 4.212562298 0.0 0
1575027273 4.200544166 0.0 0
1575027439 4.308846581 0.0 0
1575027596 4.018588917 0.0 0
1575027760 4.139282592 0.0 0
1575027925 4.079222135 0.0 0
1575028106 3.964673154 0.0 0
1575028414 4.088402488 0.0 0
1575028726 4.28171052 0.25 1
1575029059 4.143178934 0.0 0
1575029376 4.152516466 0.0 0
1575029683 4.141329206 0.0 0
1575029998 4.290373318 0.0 0
1575030309 4.040803822 0.0 0
1575030626 3.996327671 0.0 0
1575030957 4.268179174 0.0 0
1575032906 4.104382297 0.0 0
1575033473 4.256579084 0.0 0
1575034064 4.231078219 0.0 0
1575034631 4.266637328 0.0 0
1575035203 4.291154209 0.0 0
1575036227 4.09691555 0.0 0
1575036802 4.272346786 0.0 0
1575037363 4.206530213 0.25 1
1575037920 3.930688359 0.0 0
1575038932 4.086471386 0.25 1
1575112782 3.962228287 0.25 1
1575112943 4.069832105 0.0 0
1575113105 3.798882908 0.0 0
1575113265 4.228121685 0.2 1
1575113423 4.148303546 0.0 0
1575113583 4.209747772 0.0 0
1575113740 4.339999378 0.0 0
1575113897 4.287913296 0.2 1
1575114056 3.850394263 0.0 0
1575114223 4.301222106 0.25 1
1575114392 4.176291568 0.0 0
1575114695 4.30358824 0.0 0
1575115006 4.20860227 0.25 1
1575115316 4.119410152 0.0 0
1575115624 4.05157127 0.0 0
1575115939 4.168054431 0.0 0
1575116250 4.312216375 0.0 0
1575116562 3.996718229 0.0 0
1575116869 4.203827558 0.0 0
1575117177 3.99917636 0.25 1
1575120198 4.234914873 0.0 0
1575120762 3.939194498 0.0 0
1575121321 4.052478254 0.0 0
1575122383 3.925781581 0.0 0
1575122942 4.057529323 0.25 1
1575123498 4.042979665 0.25 1
1575124058 4.125875065 0.0 0
1575124612 4.143209629 0.0 0
1575125178 4.168892294 0.0 0
1575125747 4.27255905 0.0 0
1575289710 4.234738063 0.2 1
1575289873 4.037004562 0.5 1
1575290043 4.051052839 0.0 0
1575290226 4.001101524 0.25 1
1575290394 4.048423104 0.0 0
1575290569 4.551498614 0.25 1
1575290743 3.970975005 0.75 1
1575290902 4.256178439 0.0 0
1575291063 3.799656213 0.6666666666666666 1
1575291223 4.215616909 0.0 0
1575292900 3.909695981 0.0 0
1575293219 4.162819577 0.0 0
1575293555 4.038152125 0.0 0
1575293892 4.034250328 0.0 0
1575294230 4.092781766 0.0 0
1575294573 4.761151525 0.0 0
1575294919 4.216838109 0.0 0
1575295326 4.218537998 0.0 0
1575295689 4.159689545 0.0 0
1575296900 4.192164466 0.0 0
1575297486 4.06240519 0.0 0
1575298070 3.962860959 0.0 0
1575298640 4.151368253 0.0 0
1575299213 4.198234052 0.0 0
1575299790 4.144844271 0.0 0
1575300415 4.321883044 0.0 0
1575300973 4.013151143 0.0 0
1575301771 4.209614903 0.0 0
1575384113 4.293475647 0.0 0
1575384273 4.103005613 0.25 1
1575384433 3.921784688 0.0 0
1575384591 4.190321511 0.25 1
1575384756 4.225188754 0.0 0
1575384911 4.228191716 0.0 0
1575385072 4.162989927 0.0 0
1575385234 4.236568181 0.25 1
1575385393 4.324517498 0.2 1
1575385556 4.190785543 0.0 0
1575385799 3.950555252 0.25 1
1575386109 4.050484425 0.0 0
1575386421 4.060289336 0.0 0
1575386828 3.069732769 1.5 2
1575387135 4.219238811 0.0 0
1575387445 4.216554318 0.0 0
1575387754 4.232440547 0.0 0
1575388063 4.073799745 0.25 1
1575388371 4.206349639 0.0 0
1575388677 4.343082988 0.0 0
1575389979 4.273231423 0.2 1
1575390548 4.142602214 0.0 0
1575391115 4.225377762 0.25 1
1575391678 4.298002036 0.2 1
1575392492 4.064118898 0.0 0
1575393125 4.155466571 0.0 0
1575393689 3.925454644 0.0 0
1575394254 4.060105517 0.0 0
1575394817 3.971814269 0.0 0
1575395379 4.100209882 0.0 0
1575397032 10.994448367 0.09090909090909091 1
1575397317 15.027431053 0.0625 1
1575397565 7.692213713 1.2222222222222223 2
1575397921 12.750074079 0.0 0
1575398169 11.164369702 0.0 0
1575398385 14.380480995 0.2 1
1575473340 4.188610698 0.0 0
1575474277 4.180254825 0.25 1
1575474366 6.154539967 0.0 0
1575556494 4.079010723 0.0 0
1575556654 3.973426674 0.0 0
1575556819 4.174249565 0.0 0
1575556999 3.893194343 0.75 1
1575557181 4.054358838 0.0 0
1575557345 4.13495215 0.0 0
1575557540 4.225763434 0.0 0
1575557706 4.059901166 0.75 1
1575558165 10.738809086 0.0 0
1575558356 9.020102132 0.0 0
1575558558 4.061855643 0.5 1
1575558870 4.110155925 0.0 0
1575559198 4.227455853 0.25 1
1575559508 4.046433314 0.0 0
1575559884 4.25430634 0.0 0
1575560191 4.224503228 0.0 0
1575560528 4.150955272 0.0 0
1575561074 4.082460112 0.0 0
1575561421 4.193335412 0.0 0
1575561778 4.013409833 0.0 0
1575562197 4.121833936 0.25 1
1575562906 4.101844424 0.0 0
1575563543 4.129317666 0.0 0
1575564158 3.850871493 0.0 0
1575564740 4.072579288 0.0 0
1575565307 4.095742716 0.0 0
1575565869 4.25910705 0.0 0
1575566439 4.083582964 0.0 0
1575567775 4.25133878 0.0 0
1575568387 3.960723703 0.0 0
1579183992 3.971305627 0.0 0
1579184432 4.152380532 0.0 0
1579184703 4.263876214 0.25 1
1579184868 4.219633198 0.0 0
1579185030 4.043378571 0.0 0
1579185193 16.428827485 0.0 0
1579185380 5.044195548 0.0 0
1579185563 4.163534043 0.5 1
1579185738 3.874361845 0.0 0
1579185916 3.966761927 0.0 0
1579186104 4.056140278 0.0 0
1579186302 4.307955261 0.0 0
1579186616 4.059376874 0.0 0
1579187664 3.927444617 0.0 0
1579187972 4.015106535 0.0 0
1579188304 4.161333276 0.0 0
1579188441 4.228509327 0.0 0
1579188960 4.174929803 0.0 0
1579189285 4.108125388 0.0 0
1579189634 4.189440042 0.0 0
1579189950 5.092834068 0.0 0
1579190288 4.107360554 0.0 0
1579190830 4.149164317 0.0 0
1579191446 4.014865314 0.25 1
1579192011 4.196294234 0.0 0
1579192576 4.064996498 0.0 0
1579193158 4.067956244 0.0 0
1579193745 3.994429425 0.0 0
1579194311 4.214616608 0.0 0
1579194881 4.244429768 0.5 1
1579195445 4.08718943 0.0 0
1579196034 4.102890186 0.0 0
1579351722 4.061867952 0.25 1
1579351889 4.232141773 0.0 0
1579352049 4.02370336 0.0 0
1579352211 4.225955602 0.0 0
1579352373 4.09122392 0.0 0
1579352537 4.0594026 0.0 0
1579352695 4.078119934 0.0 0
1579352856 4.173473747 0.0 0
1579353019 3.996455567 0.0 0
1579353182 4.321953093 0.0 0
1579354064 4.091149601 0.0 0
1579354370 4.040819347 0.0 0
1579354681 4.2290212 0.25 1
1579354992 4.031740083 0.0 0
1579355299 4.184352551 0.2 1
1579355609 4.087761377 0.0 0
1579355919 4.059004351 0.0 0
1579356223 4.270194086 0.0 0
1579356530 4.25111538 0.0 0
1579356836 4.237394908 0.0 0
1579359243 4.272544382 0.0 0
1579359815 4.069160482 0.0 0
1579360379 4.062842694 0.0 0
1579360938 4.02438227 0.0 0
1579361494 4.146827172 0.0 0
1579362047 3.961063783 0.0 0
1579362603 3.895425641 0.0 0
1579363163 4.338413012 0.0 0
1579363732 4.172112818 0.0 0
1579364293 4.215274054 0.25 1
1579522803 4.175962996 0.0 0
1579523013 4.146757744 0.0 0
1579523200 3.952179168 0.0 0
1579523369 4.252159068 0.0 0
1579523541 4.181778389 0.0 0
1579523722 4.673987862 0.0 0
1579523904 3.921429862 0.0 0
1579524091 4.093583193 0.0 0
1579524261 3.927032542 0.0 0
1579524429 4.308293225 0.25 1
1579524662 3.949786491 0.0 0
1579524984 4.163035016 0.0 0
1579525336 4.054614393 0.0 0
1579525713 4.109186503 0.0 0
1579526037 4.1048758 0.0 0
1579526363 4.002570516 0.0 0
1579528349 3.976145426 0.0 0
1579528669 4.143855986 0.0 0
1579529092 4.379885848 0.0 0
1579529471 4.240098345 0.25 1
1579529808 4.298733198 0.25 1
1579530208 4.095323362 0.25 1
1579530847 4.187807685 0.0 0
1579531897 4.190591186 0.0 0
1579532600 4.083484771 0.0 0
1579533234 4.064209982 0.25 1
1579533828 4.238919414 0.0 0
1579534471 4.214478853 0.0 0
1579535144 4.087790851 0.0 0
1579535731 4.172546639 0.0 0
1579536811 4.155810021 0.0 0
1579537396 4.101025395 0.0 0
1580215262 4.180251825 0.0 0
1580215454 4.114008167 0.0 0
1580215621 4.140620034 0.0 0
1580215781 3.909966383 0.0 0
1580215941 4.039930481 0.0 0
1580216104 4.156006352 0.25 1
1580216264 4.154514253 0.0 0
1580216425 4.029809116 0.0 0
1580216584 4.21628135 0.25 1
1580216766 4.235734574 0.0 0
1580217797 4.102778176 0.0 0
1580218123 4.182371392 0.0 0
1580218440 4.131740918 0.2 1
1580218775 3.826997607 0.25 1
1580219128 4.013839228 0.0 0
1580219487 3.921938397 0.25 1
1580222215 4.087053635 0.0 0
1580222530 3.976191122 0.0 0
1580222845 4.000462205 0.0 0
1580223149 4.245381094 0.0 0
1580223537 4.03770716 0.0 0
1580224104 4.124027928 0.0 0
1580224661 4.131085579 0.0 0
1580225219 4.169937547 0.0 0
1580225785 3.953573965 0.0 0
1580226362 4.064881241 0.0 0
1580226931 4.168920894 0.0 0
1580227529 4.048101523 0.0 0
1580228113 4.348583454 0.2 1
1580228673 4.234915068 0.0 0
1580304677 4.094324261 0.0 0
1580304834 4.019051576 0.25 1
1580304995 4.230902013 0.0 0
1580305155 3.978001436 0.25 1
1580305317 4.024190023 0.0 0
1580305500 4.125923634 0.0 0
1580305662 4.130033416 0.25 1
1580305821 4.25559316 0.25 1
1580305977 4.094452875 0.0 0
1580306136 4.18772531 0.0 0
1580306441 4.071381031 0.0 0
1580306742 3.944914633 0.25 1
1580307057 4.139884248 0.0 0
1580307598 23.121212677 0.0 0
1580307927 4.261885478 0.0 0
1580308239 3.997146607 0.0 0
1580310443 4.196392707 0.0 0
1580310756 4.274203383 0.0 0
1580311071 4.008979655 0.25 1
1580311379 3.957840132 0.25 1
1580311690 4.010657739 0.0 0
1580312097 3.965233884 0.0 0
1580312682 4.047824843 0.0 0
1580313240 4.133990594 0.0 0
1580314204 4.106463973 0.0 0
1580314760 3.970066115 0.25 1
1580315316 4.2909576 0.0 0
1580315880 4.047701659 0.0 0
1580316583 3.939851115 0.0 0
1580317155 4.079681416 0.0 0
1581935169 11.129711202 0.0 0
1581935334 4.819441254 0.0 0
1581935494 5.229325397 0.0 0
1581935658 6.260485726 0.0 0
1581935823 9.35897258 0.0 0
1581935987 12.781539237 0.0 0
1581936161 15.915544974 0.0 0
1581936331 4.637965228 0.0 0
1581936492 5.24443927 0.2 1
1581936653 18.912457876 0.0 0
1581936829 20.641073515 0.0 0
1581937157 7.392040165 0.0 0
1581937502 7.114241535 0.0 0
1581937805 9.808540779 0.0 0
1581938129 19.690919006 0.0 0
1581938462 7.95403414 0.0 0
1581938769 11.264281837 0.0 0
1581939088 8.462548668 0.0 0
1581939419 22.175991063 0.0 0
1581939733 7.019990081 0.0 0
1581942137 12.182785577 0.0 0
1581942817 9.767869499 0.0 0
1581944421 4.307560981 0.25 1
1581945707 4.219695645 0.0 0
1581946277 4.132397909 0.2 1
1581946849 3.883422016 0.0 0
1581947769 3.956180326 0.0 0
1581948837 4.182794461 0.0 0
1582026849 4.085624293 0.5 1
1582027013 4.098728975 0.25 1
1582027172 4.454802535 0.0 0
1582027341 4.572003463 0.0 0
1582027529 4.322016224 0.0 0
1582027754 4.609801303 0.0 0
1582027918 4.212434616 0.0 0
1582028088 4.002164521 0.0 0
1582028254 4.360802675 0.0 0
1582028421 4.021224913 0.0 0
1582028590 4.004264122 0.0 0
1582030246 4.140271676 0.0 0
1582030550 4.092168152 0.0 0
1582031206 4.180545511 0.0 0
1582031499 4.221097116 0.0 0
1582031799 4.174819136 0.0 0
1582032169 4.048506395 0.25 1
1582032489 4.130286263 0.0 0
1582032790 4.011322229 0.0 0
1582033091 4.062994938 0.0 0
1582033439 4.403029502 0.0 0
1582033767 4.02849025 0.0 0
1582035428 4.449232233 0.25 1
1582036033 4.129703482 0.25 1
1582036637 4.524393882 0.0 0
1582037245 3.996350899 0.0 0
1582037846 4.402312957 0.0 0
1582038438 4.184504352 0.0 0
1582041332 4.110431143 0.0 0
1582041942 4.10696511 0.0 0
1582043526 4.057009441 0.0 0
1582044141 4.175375562 0.0 0
1582044743 4.043045947 0.0 0
1582045047 4.028646964 0.25 1
1582045347 4.106957819 0.0 0
1582045654 4.200141191 0.0 0
1582045956 4.050668687 0.0 0
1582113062 4.25732167 0.0 0
1582113232 4.182487256 0.0 0
1582113394 4.135646399 0.0 0
1582113562 4.533748889 0.0 0
1582113723 4.167502065 0.25 1
1582113902 4.18890462 0.0 0
1582114065 4.418918661 0.0 0
1582114228 4.038104241 0.0 0
1582114395 4.231210279 0.0 0
1582114557 3.848043443 0.0 0
1582114723 3.974084827 0.0 0
1582114883 4.023529793 0.0 0
1582115051 4.410623668 0.0 0
1582115216 4.505374155 0.0 0
1582115379 4.020109102 0.25 1
1582115542 4.304206181 0.2 1
1582115706 4.071039892 0.0 0
1582115869 4.347536667 0.0 0
1582116052 3.881448087 0.0 0
1582116263 8.495624968 0.1111111111111111 1
1582116440 3.942578443 0.0 0
1582116606 4.612386296 0.0 0
1582118927 4.116330774 0.0 0
1582119090 4.061130284 0.0 0
1582119258 4.229233828 0.0 0
1582119427 4.023459292 0.0 0
1582119608 4.698291148 0.0 0
1582119774 4.28020875 0.0 0
1582119942 4.481171965 0.0 0
1582120116 4.189715234 0.0 0
1582120300 4.022303262 0.0 0
1582120602 4.133801365 0.25 1
1582120840 4.056159479 0.0 0
1582121007 4.656712335 0.0 0
1582121175 4.181878919 0.0 0
1582121415 4.028702852 0.25 1
1582125158 4.084962145 0.25 1
1582125319 4.061221697 0.0 0
1582125801 4.737383784 0.0 0
1582125968 4.203284439 0.0 0
1582126138 4.198916147 0.0 0
1582126298 4.157160506 0.0 0
1582126463 3.885687565 0.0 0
1582126628 4.15495213 0.0 0
1582126794 4.027047943 0.0 0
1582126955 3.957885275 0.0 0
1582127114 4.111521397 0.0 0
1582127281 4.216426451 0.0 0
1582127452 4.104257946 0.0 0
1582127614 4.052229185 0.0 0
1582127779 4.128788548 0.0 0
1582127939 4.074750668 0.0 0
1582128107 4.123063739 0.0 0
1582128267 3.970256434 0.0 0
1582128448 4.012122452 0.0 0
1582128609 3.964605334 0.0 0
1582128776 4.092511308 0.0 0
1582128940 4.058216646 0.0 0
1582129111 4.276473366 0.0 0
1582129270 4.192946908 0.2 1
1582129431 4.047998999 0.0 0
1582129595 4.100843315 0.0 0
1582185016 4.545530549 0.25 1
1582185197 4.172148896 0.0 0
1582185934 4.121625003 0.0 0
1582186095 3.904285245 0.0 0
1582186254 3.84648525 0.0 0
1582186828 4.066163535 0.25 1
1582187791 4.091367702 0.0 0
1582187948 4.144119017 0.0 0
1582188109 4.032106435 0.25 1
1582188270 4.094543214 0.0 0
1582188724 3.805095176 0.25 1
1582189442 3.927608541 0.0 0
1582190749 4.129817392 0.25 1
1582191039 4.127695099 0.0 0
1582191330 4.063211209 0.0 0
1582191626 4.222557139 0.0 0
1582191922 4.200014423 0.0 0
1582192212 4.340181969 0.0 0
1582192510 4.104785707 0.25 1
1582192798 4.29995645 0.0 0
1582193086 4.212389275 0.0 0
1582193720 3.904961034 0.0 0
1582193883 3.966488673 0.0 0
1582194048 3.857930354 0.0 0
1582194203 4.100818334 0.0 0
1582194365 3.92077413 0.0 0
1582194530 4.007522612 0.0 0
1582194686 4.104494441 0.0 0
1582194860 4.039886981 0.0 0
1582195020 4.014962596 0.25 1
1582195179 3.903586284 0.0 0
1582195675 4.149251241 0.25 1
1582195836 4.310671384 0.0 0
1582195993 3.796760943 0.0 0
1582196154 3.876550231 0.0 0
1582196313 3.922463069 0.0 0
1582196472 4.318551043 0.0 0
1582196630 4.257247801 0.0 0
1582196788 4.196525382 0.0 0
1582196951 4.088498318 0.0 0
1582197117 3.896465018 0.0 0
1582197275 3.803151953 0.0 0
1582197435 4.015144888 0.0 0
1582197611 3.980847604 0.0 0
1582197769 4.100033487 0.0 0
1582197928 4.060085152 0.0 0
1582198085 4.016416886 0.0 0
1582198247 4.226598611 0.0 0
1582198403 3.930909689 0.0 0
1582198685 3.963805889 0.0 0
1582199033 4.06506146 0.25 1
1582631340 4.174365205 0.0 0
1582631501 4.008120223 0.0 0
1582631657 3.940781666 0.0 0
1582631815 4.137881417 0.0 0
1582631971 4.050817128 0.0 0
1582632129 3.919607208 0.0 0
1582632287 3.888405519 0.0 0
1582632451 3.889394945 0.0 0
1582632608 4.15165649 0.0 0
1582632771 4.104394194 0.0 0
1582634867 3.884403943 0.0 0
1582635150 4.172571764 0.0 0
1582635433 4.106300401 0.0 0
1582635717 4.005900776 0.0 0
1582636002 3.963918058 0.0 0
1582636289 4.255124276 0.0 0
1582636578 5.645660786 0.0 0
1582636872 4.05666199 0.0 0
1582637171 4.208426534 0.0 0
1582637468 4.102900166 0.0 0
1582637764 4.087846211 0.0 0
1582638323 4.107212704 0.0 0
1582638901 3.998892309 0.0 0
1582640579 4.080870734 0.0 0
1582641137 4.047811287 0.0 0
1582641699 3.953658489 0.0 0
1582642273 4.142603358 0.0 0
1582642849 4.098825313 0.0 0
1582643451 4.012104069 0.75 2
1582644008 4.000016932 0.0 0
1582884468 3.914331063 0.0 0
1582884648 4.143536265 0.0 0
1582884816 4.144951242 0.0 0
1582884977 4.11633051 0.0 0
1582885144 4.056277126 0.0 0
1582885306 4.089128408 0.0 0
1582885465 3.921708257 0.0 0
1582885627 4.179530566 0.25 1
1582885789 4.020046035 0.0 0
1582885950 4.196858942 0.0 0
1582886119 4.055182361 0.0 0
1582886400 4.123117301 0.0 0
1582886695 4.087776021 0.0 0
1582886987 3.952995586 0.0 0
1582887275 3.931644966 0.0 0
1582887562 4.079565031 0.0 0
1582887856 4.133846633 0.0 0
1582888143 3.982562003 0.0 0
1582888430 4.167784993 0.0 0
1582888717 4.085743683 0.0 0
1582898594 3.931623597 0.0 0
1582899179 4.168690851 0.0 0
1582899744 4.191967427 0.0 0
1582900307 4.08251202 0.0 0
1582900868 3.927124219 0.25 1
1582902613 4.06787523 0.0 0
1582903192 4.04164311 0.0 0
1574710610 3.926212671 0.0 0
1574707032 4.123735819 0.0 0
1574708695 4.178821351 0.0 0
