1569853955 8.27513287 0.0 0
1569854981 9.237816771 0.1111111111111111 1
1569855530 8.103142743 0.0 0
1569856550 6.182891527 0.0 0
1570447376 8.035117005 0.0 0
1570448208 7.811328034 -1 -1
1570449163 7.68389835 0.0 0
1570449589 7.774295822 0.0 0
1571323576 7.903271282 0.0 0
1571323978 7.905271609 0.0 0
1571324376 7.933980046 0.0 0
1571324769 7.808338941 0.0 0
1571327699 7.942715256 0.0 0
1571328090 7.743612708 0.0 0
1571328481 7.951248816 0.0 0
1571328872 7.868306435 0.0 0
1571329264 8.036182246 0.0 0
1571329653 7.811758672 0.0 0
1571330631 7.72335407 0.0 0
1571398203 7.969629434 0.0 0
1571398599 8.03348832 0.0 0
1571398991 7.896198363 0.0 0
1571399382 7.967437527 0.0 0
1571399774 8.030539103 0.0 0
1571400171 7.772052298 0.0 0
1571400592 7.820495503 0.0 0
1571400990 10.519810854 0.2 1
1571401385 7.712779116 0.0 0
1571401775 7.510084065 0.0 0
1571407154 7.810071437 0.0 0
1571407548 7.713344438 0.0 0
1571407938 7.737773406 0.0 0
1571408328 7.784960791 0.0 0
1571408720 8.712388347 0.0 0
1571666212 7.877908677 0.0 0
1571666604 8.12929841 0.0 0
1571666996 8.286515021 0.0 0
1571667387 7.872714231 0.0 0
1571667832 8.003982923 0.0 0
1571669483 7.851375667 0.0 0
1571669876 7.879308142 0.0 0
1571754393 8.157035757 0.0 0
1571754784 7.852055969 0.0 0
1571755185 7.886784141 0.0 0
1571755587 7.719979567 0.0 0
1571756007 7.940393583 0.125 1
1571756817 7.770408188 0.0 0
1571757254 7.996135059 0.0 0
1571757671 7.846000274 0.0 0
1571758069 7.731370596 0.0 0
1571758460 7.853068191 0.0 0
1571758857 7.777270727 0.0 0
1571762464 7.612626731 0.0 0
1571762863 7.860003972 0.0 0
1571763253 7.912990334 0.0 0
1571763644 7.757260442 0.0 0
1571764037 7.523010607 0.0 0
1571764462 7.753657995 0.0 0
1571764854 7.950009329 0.0 0
1571765243 7.885489658 0.0 0
1571765635 7.819262607 0.0 0
1571766024 7.777275385 0.0 0
1571766992 7.814839456 0.0 0
1572006726 33.938932157 0.0 0
1572007352 7.805196665 0.0 0
1572007747 7.742114616 0.0 0
1572008255 7.923809814 0.0 0
1572008657 7.629121167 0.0 0
1572009052 9.305281451 0.0 0
1572009442 7.63456694 0.0 0
1572009832 7.884944014 0.0 0
1572010223 7.780106501 0.0 0
1572010620 7.624741751 0.0 0
1572011010 7.874679829 0.0 0
1572013573 7.900166244 0.0 0
1572013966 7.725543325 0.0 0
1572014358 7.79347434 0.0 0
1572014747 7.893156809 0.0 0
1572015137 7.84587223 0.0 0
1572268302 7.761313086 -1 -1
1572269196 24.096020499 0.0 0
1572269619 8.704531105 0.0 0
1572270026 18.509007808 0.0 0
1572270431 9.698974086 0.0 0
1572270824 7.696729857 0.0 0
1572271351 8.033294926 0.0 0
1572272526 6.479533799 0.0 0
1572272862 6.396272185 0.0 0
1572273195 5.509423151 0.0 0
1572273541 6.311111184 0.0 0
1572273876 6.106016281 0.0 0
1572276297 6.319337145 0.0 0
1572276636 6.742122139 0.0 0
1572276967 6.320684018 0.0 0
1572277298 6.39707319 0.0 0
1572277633 6.430576278 0.0 0
1572277992 6.515092839 0.0 0
1572278324 6.269492251 0.0 0
1572278655 6.39875073 0.0 0
1572363715 5.121074449 0.0 0
1572364044 6.159626444 0.0 0
1572364375 6.33084927 0.0 0
1572364707 6.438158067 0.0 0
1572365042 13.257896795 0.0 0
1572365379 6.499739241 0.0 0
1572365757 6.301638872 0.0 0
1572366138 6.28310647 0.0 0
1572366471 6.391152127 0.0 0
1572366804 6.43178519 0.0 0
1572369832 6.559292493 0.0 0
1572370162 6.400280097 0.0 0
1572370493 6.359781323 0.0 0
1572370825 6.26371429 0.0 0
1572371154 6.48537818 0.0 0
1572371486 6.389640836 0.0 0
1572371817 6.368202657 0.0 0
1572372146 6.304168233 0.0 0
1572372475 6.48127956 0.0 0
1572372808 6.287682514 0.0 0
1572533819 6.311717832 0.0 0
1572534174 6.308211724 0.0 0
1572534521 6.180301644 0.0 0
1572534852 6.65799437 0.0 0
1572535201 6.45349925 0.0 0
1572535532 6.256221324 0.0 0
1572535861 11.047603649 0.0 0
1572536197 6.134619857 0.0 0
1572536560 6.435797491 0.0 0
1572536897 6.172994863 0.2857142857142857 1
1572537819 6.375736009 0.0 0
1572538472 6.443036055 0.0 0
1572539128 6.389295561 0.0 0
1572539782 4.821785727 0.0 0
1572540436 6.35540869 0.0 0
1572541340 6.335566455 0.0 0
1572541989 6.331262493 0.0 0
1572542637 6.342002997 0.0 0
1572543282 6.271510991 0.0 0
1572543956 6.227076994 0.0 0
1572871705 6.403817409 0.0 0
1572872353 6.298841761 0.0 0
1572873034 6.292835728 0.0 0
1572873684 6.431772805 0.0 0
1572874355 6.257558039 0.0 0
1572875407 6.118754249 0.0 0
1572876313 6.650442334 0.0 0
1572877486 6.112668749 0.0 0
1572878142 17.134348573 0.0 0
1572879384 6.262820596 0.0 0
1572880016 6.272591693 0.0 0
1572880444 6.144750815 0.0 0
1572880779 6.052814835 0.0 0
1572881129 6.317691459 0.0 0
1572881461 6.363683651 0.0 0
1572881796 6.343443217 0.0 0
1572882126 6.582020222 0.0 0
1572882517 6.345726174 0.0 0
1572882847 6.391115038 0.0 0
1572883198 14.269764933 0.0 0
1572883542 6.536188936 0.0 0
1572967772 7.813119125 0.0 0
1572968758 7.64677046 0.0 0
1572969731 6.365771722 0.0 0
1572970391 6.431442281 0.0 0
1572971042 6.223343303 0.0 0
1572971702 6.189048278 0.0 0
1572972363 6.384126855 0.0 0
1572973075 6.365492138 0.0 0
1572973729 6.636308475 0.0 0
1572974379 6.275966454 0.0 0
1572975035 6.147925486 0.0 0
1572975434 6.37033119 0.0 0
1572975765 6.32730138 0.0 0
1572976136 6.094726938 0.0 0
1572976515 6.25172403 0.0 0
1572976845 6.313984101 0.0 0
1572977177 6.360114033 0.0 0
1572977539 6.380911702 0.16666666666666666 1
1572977868 6.351116674 0.0 0
1572978257 6.326199577 0.0 0
1573209315 6.361990096 0.0 0
1573209982 6.175090139 0.0 0
1573210645 6.321253669 0.0 0
1573211314 6.294568199 0.0 0
1573211970 6.311104396 0.0 0
1573212619 6.342257922 0.0 0
1573213272 6.364613284 0.0 0
1573213938 6.195473865 0.0 0
1573214596 6.159259596 0.0 0
1573215257 6.314564532 0.16666666666666666 1
1573218461 6.252577234 0.0 0
1573218795 6.288050893 0.0 0
1573218973 5.791525656 0.0 0
1573306696 5.906466484 0.0 0
1573307019 5.897465344 0.16666666666666666 1
1573307355 5.798645984 0.0 0
1573307672 5.845943102 0.0 0
1573307991 8.568080622 0.0 0
1573308308 5.619726649 0.0 0
1573308639 6.040242507 0.0 0
1573308959 5.442535113 0.0 0
1573309281 5.947990488 0.0 0
1573309610 6.034312819 0.0 0
1573310756 5.672829933 0.0 0
1573311371 5.553339198 0.0 0
1573311989 5.955515307 0.0 0
1573312687 5.902971832 0.0 0
1573313307 5.973392896 0.0 0
1573313930 5.564448782 0.0 0
1573314558 5.808944915 0.0 0
1573315249 5.960724285 0.0 0
1573741889 5.978799734 0.0 0
1573742007 5.632896464 0.0 0
1573743639 5.828746261 0.0 0
1573743740 5.762973214 0.0 0
1573743839 5.806192823 0.0 0
1573743938 5.88904905 0.0 0
1573744036 5.842267754 0.0 0
1573744132 5.808294308 0.0 0
1573744231 5.629496092 0.0 0
1573744329 5.651280461 0.0 0
1573744420 5.706572349 0.0 0
1573744516 5.72556357 0.0 0
1573744623 5.87951796 0.0 0
1573744721 5.900764822 0.16666666666666666 1
1573744836 5.898999383 0.0 0
1573744972 5.625716218 0.0 0
1573745070 5.855223052 0.0 0
1573745254 5.74617426 0.0 0
1573745350 5.626329312 0.0 0
1573745452 5.488290974 0.0 0
1573745549 5.820487874 0.0 0
1573745652 5.418605335 0.0 0
1573745749 6.007987656 0.0 0
1573745852 5.675505806 0.0 0
1573745949 5.70730529 0.0 0
1573746046 5.722955139 0.0 0
1573746147 5.586657066 0.0 0
1573746245 5.897815481 0.0 0
1573746345 5.469530787 0.0 0
1573746447 4.399454614 0.0 0
1573746543 5.582981768 0.0 0
1573746639 5.764212916 0.0 0
1573748959 5.726718603 0.0 0
1573749057 5.024543222 0.0 0
1573749158 5.836434176 0.0 0
1573749268 5.907774551 0.0 0
1573749366 5.919069525 0.0 0
1573749502 5.723780258 0.0 0
1573749600 5.899307348 0.0 0
1573749700 5.748988892 0.0 0
1573749799 5.886981491 0.0 0
1573749896 5.428332893 0.0 0
1573828220 5.650382412 0.0 0
1573828528 5.842474359 0.0 0
1573828835 5.74284581 0.0 0
1573829141 4.680102292 0.0 0
1573829444 5.573624542 0.0 0
1573829824 5.52849512 0.0 0
1573830313 5.500418583 0.0 0
1573830622 5.701290838 0.0 0
1573830928 5.595692038 0.0 0
1573831233 5.640223181 0.0 0
1573902867 5.617060075 0.0 0
1573903179 6.18468584 0.0 0
1573903493 5.700765433 0.0 0
1573903803 5.722245501 0.0 0
1573904112 5.880481587 0.0 0
1573904420 5.727857957 0.0 0
1573904603 7.912142282 0.0 0
1574688191 5.923245016 0.0 0
1574688508 6.007047408 0.16666666666666666 1
1574689330 5.914881765 0.0 0
1574692203 5.829784317 0.0 0
1574692520 5.792784915 0.0 0
1574693432 5.97105672 0.0 0
1574693750 5.896183161 0.0 0
1574694080 5.853933969 0.0 0
1574694827 5.739662316 0.0 0
1574694937 8.084397907 0.0 0
1574695380 5.698719756 0.0 0
1574695723 5.812986455 0.0 0
1574696031 6.031233021 0.0 0
1574696757 5.933930835 0.0 0
1574697333 5.798784219 0.0 0
1574697927 5.923245773 0.0 0
1574698496 5.813486109 0.0 0
1574699084 5.837088741 0.0 0
1574706713 5.73657251 0.0 0
1574707347 5.810617695 0.0 0
1574708313 5.873539849 0.0 0
1574708435 6.567142254 0.0 0
1574708611 5.807395977 0.0 0
1574708968 5.84322052 0.0 0
1574709181 5.592724674 0.0 0
1574709921 5.713968439 0.0 0
1574710525 5.785661756 0.0 0
1574711177 6.208326509 0.0 0
1574950979 4.77152771 0.0 0
1574951352 5.817243722 0.0 0
1574951707 5.928978018 0.0 0
1574952034 5.847802722 0.0 0
1574952349 5.708885027 0.0 0
1574952753 5.805080744 0.0 0
1574953074 5.842893036 0.0 0
1574953444 5.796578316 0.0 0
1574953769 5.79673416 0.0 0
1574954096 5.803358563 0.0 0
1574956506 5.781843626 0.0 0
1574957176 5.923882819 0.0 0
1574957769 5.667614079 0.0 0
1574958352 5.740891344 0.0 0
1574958947 5.659700521 0.0 0
1574959556 5.920832422 0.0 0
1574960133 5.803408485 0.0 0
1574960720 5.981319411 0.0 0
1574961386 5.822443212 0.0 0
1574961955 5.974580921 0.0 0
1575028379 5.744079172 0.0 0
1575028687 5.978954735 0.0 0
1575029024 5.996420718 0.0 0
1575029339 5.924863844 0.0 0
1575029647 5.855849663 0.0 0
1575029960 5.81756885 0.0 0
1575030271 5.80338426 0.0 0
1575030587 6.102771297 0.0 0
1575030918 5.875455649 0.0 0
1575031230 5.925457482 0.0 0
1575033435 5.830813363 0.0 0
1575034004 4.647994479 0.0 0
1575034594 5.923343534 0.0 0
1575035166 5.882836151 0.0 0
1575035730 6.168437329 0.0 0
1575036766 5.98073199 0.0 0
1575037327 5.598581399 0.0 0
1575037885 5.875820924 0.0 0
1575038895 5.971919872 0.0 0
1575039461 5.811638785 0.0 0
1575114660 5.934734002 0.0 0
1575114969 5.985089914 0.0 0
1575115279 5.80621737 0.0 0
1575115588 5.991193812 0.0 0
1575115903 5.979775148 0.0 0
1575116213 5.92075441 0.0 0
1575116523 5.80438226 0.0 0
1575116833 6.000938459 0.0 0
1575117141 5.750789665 0.0 0
1575117450 5.467546074 0.0 0
1575120725 5.832026535 0.0 0
1575121285 5.734001931 0.0 0
1575122286 5.833302464 0.0 0
1575122905 5.882718538 0.0 0
1575123462 5.787581316 0.0 0
1575124021 5.844823344 0.0 0
1575124577 5.868956732 0.0 0
1575125143 5.8154579 0.0 0
1575125710 5.876620278 0.0 0
1575126275 5.775692615 0.0 0
1575293182 5.925150835 0.0 0
1575293515 5.812721765 0.0 0
1575293855 5.799493262 0.0 0
1575294192 5.800118333 0.0 0
1575294535 5.932235638 0.0 0
1575294882 5.798569974 0.0 0
1575295284 5.830654011 0.0 0
1575295653 5.825967744 0.0 0
1575296864 6.002901092 0.16666666666666666 1
1575297203 6.012810777 0.0 0
1575298033 5.648105666 0.0 0
1575298604 5.788038419 0.0 0
1575299176 5.880359442 0.0 0
1575299754 5.754917036 0.0 0
1575300362 5.979493724 0.0 0
1575300937 5.966502453 0.16666666666666666 1
1575301734 5.891489313 0.0 0
1575302322 5.892705068 0.0 0
1575386071 5.965496424 0.0 0
1575386384 6.047766404 0.0 0
1575386695 5.89287265 0.0 0
1575387099 5.83409755 0.0 0
1575387407 5.897089126 0.0 0
1575387719 5.887401481 0.0 0
1575388026 5.917971222 0.0 0
1575388334 5.947646223 0.0 0
1575388643 5.869832758 0.0 0
1575388947 6.019736255 0.0 0
1575390508 5.843762367 0.0 0
1575391079 5.940976924 0.0 0
1575391641 5.891066564 0.0 0
1575392453 5.866696769 0.0 0
1575393069 5.969841949 0.0 0
1575393652 5.853424894 0.0 0
1575394217 5.790707804 0.0 0
1575394779 5.836916752 0.0 0
1575395342 5.802357057 0.0 0
1575395908 6.855568831 0.0 0
1575397215 18.035301971 0.1111111111111111 1
1575397497 24.513332426 0.0 0
1575397788 12.782313569 0.0 0
1575398306 19.957792422 0.05 1
1575398539 12.903514632 0.07142857142857142 1
1575473806 6.828134068 0.0 0
1575474310 7.596348232 0.0 0
1575474594 5.658899116 0.0 0
1575558833 5.600033425 0.0 0
1575559142 5.781071979 0.0 0
1575559470 6.000095886 0.0 0
1575559789 5.745605742 0.0 0
1575560158 5.733567392 0.0 0
1575560490 5.824157991 0.0 0
1575560824 5.674621456 0.0 0
1575561356 5.807933476 0.0 0
1575561698 5.832313501 0.0 0
1575562053 5.820027665 0.0 0
1575562827 5.733721505 0.0 0
1575563437 5.880536357 0.0 0
1575564105 5.596732485 0.0 0
1575564684 5.730102425 0.0 0
1575565264 5.808851615 0.0 0
1575565831 5.789559701 0.0 0
1575566402 6.088881503 0.0 0
1575567009 5.976461135 0.0 0
1575568331 5.829924046 0.0 0
1575568913 5.932124201 0.0 0
1579184468 17.943418005 -1 -1
1579186578 5.945427229 0.0 0
1579186926 5.96787942 0.0 0
1579187936 6.106832618 0.16666666666666666 1
1579188268 5.833262625 0.0 0
1579188373 5.924077933 0.0 0
1579189250 5.932492091 0.0 0
1579189587 5.901580874 0.0 0
1579189912 5.767250037 0.0 0
1579190251 6.067399475 0.16666666666666666 1
1579190631 7.404140674 -1 -1
1579191361 5.929488137 0.0 0
1579191975 5.909813997 0.0 0
1579192540 5.84785758 0.0 0
1579193122 5.666510698 0.0 0
1579193711 4.499383908 0.0 0
1579194274 5.780675473 0.0 0
1579194843 5.802409493 0.0 0
1579195409 5.87120245 0.0 0
1579195998 5.999194523 0.0 0
1579196559 6.221745209 0.0 0
1579354335 5.892675769 0.0 0
1579354645 5.8939779 0.0 0
1579354957 5.945894715 0.0 0
1579355263 4.648923683 0.0 0
1579355574 5.715593503 0.0 0
1579355882 5.90469112 0.0 0
1579356188 5.832132885 0.0 0
1579356494 5.759806648 0.0 0
1579356799 6.014181102 0.0 0
1579357277 5.869521612 0.0 0
1579359765 5.838261068 0.0 0
1579360343 6.00075349 0.0 0
1579360902 5.743647398 0.0 0
1579361456 5.671647211 0.0 0
1579362011 5.862372235 0.0 0
1579362567 5.836847658 0.0 0
1579363127 5.972117404 0.0 0
1579363694 5.979102761 0.0 0
1579364257 5.960530336 0.0 0
1579364816 5.819361468 0.0 0
1579524948 5.805974789 0.0 0
1579525291 5.630958548 0.0 0
1579525676 5.756342007 0.0 0
1579526002 5.816254313 0.0 0
1579526325 6.096009018 0.0 0
1579528632 5.96340029 0.0 0
1579529055 5.920315445 0.0 0
1579529432 6.018148627 0.0 0
1579529772 5.826318026 0.0 0
1579530083 5.779372932 0.0 0
1579530811 6.006621664 0.0 0
1579531400 5.803565906 0.0 0
1579532439 5.806508025 0.0 0
1579533198 5.869659616 0.0 0
1579533791 5.775842684 0.0 0
1579534435 5.899794914 0.0 0
1579535108 5.873404004 0.0 0
1579535695 6.06253712 0.0 0
1579536776 4.602901276 0.0 0
1579537343 5.908444088 0.0 0
1580218077 5.816133319 0.0 0
1580218406 5.006475916 0.0 0
1580218739 5.766349578 0.0 0
1580219089 5.817818761 0.0 0
1580219450 5.759589159 0.0 0
1580219775 6.002775396 0.0 0
1580222490 7.071362623 0.0 0
1580222803 7.469548976 0.0 0
1580223113 5.88189523 0.0 0
1580223451 5.931295333 0.0 0
1580224068 5.863200477 0.0 0
1580224625 5.861103105 0.0 0
1580225182 5.688011437 0.0 0
1580225747 5.844622673 0.0 0
1580226326 5.822409884 0.0 0
1580226894 5.812126968 0.0 0
1580227492 5.726673946 0.0 0
1580228078 5.781704672 0.0 0
1580228637 5.882908435 0.0 0
1580229200 6.113266899 0.0 0
1580306706 5.747113509 0.0 0
1580307019 5.845822497 0.0 0
1580307416 6.082140909 0.0 0
1580307891 5.841863469 0.0 0
1580308202 6.059587102 0.0 0
1580308518 6.038652374 0.0 0
1580310720 5.746031685 0.0 0
1580311033 5.870983865 0.0 0
1580311342 6.013709831 0.0 0
1580311652 5.886720699 0.0 0
1580312027 5.936891643 0.0 0
1580312629 6.021804221 0.0 0
1580313204 5.858337506 0.0 0
1580314084 5.890919292 0.0 0
1580314723 5.757856283 0.0 0
1580315280 5.803186405 0.0 0
1580315843 5.771118702 0.0 0
1580316416 6.115336691 0.0 0
1580317113 5.861004119 0.0 0
1580317702 5.889411788 0.0 0
1581937098 6.276357409 0.0 0
1581937410 6.094953123 0.0 0
1581937752 6.336358814 0.0 0
1581938076 6.163131874 0.0 0
1581938396 5.805944552 0.0 0
1581938721 5.987812275 0.0 0
1581939022 6.063433306 0.0 0
1581939366 6.011262332 0.0 0
1581939692 7.691470786 0.0 0
1581939991 5.93022637 0.0 0
1581942766 6.436771666 0.0 0
1581944344 6.433857237 0.0 0
1581945290 5.946611318 0.0 0
1581946240 5.879592159 0.0 0
1581946809 5.807092649 0.0 0
1581947705 5.639128205 0.0 0
1581948295 6.027514193 0.0 0
1581949421 6.019305075 0.0 0
1582027673 5.259560454 0.0 0
1582030511 6.757047813 0.0 0
1582030818 6.640207654 0.0 0
1582031462 6.337696662 0.0 0
1582031762 6.423343602 0.0 0
1582032133 5.640063192 0.0 0
1582032450 6.374123266 0.0 0
1582032754 6.393874803 0.0 0
1582033053 5.583304432 0.0 0
1582033348 6.207760098 0.0 0
1582033707 5.628550013 0.0 0
1582035122 6.850411382 0.0 0
1582035996 6.731779888 0.0 0
1582036599 6.286324404 0.0 0
1582037207 5.888392446 0.0 0
1582037805 6.669484635 0.0 0
1582038401 6.649637849 0.0 0
1582038988 6.172211635 0.0 0
1582041905 6.547494373 0.0 0
1582042655 6.191403687 0.0 0
1582044104 6.334435521 0.0 0
1582044693 5.774760054 0.0 0
1582045009 6.269560305 0.0 0
1582045310 6.151614162 0.0 0
1582045606 6.645521977 0.0 0
1582045919 6.441024367 0.0 0
1582046215 6.467649064 0.0 0
1582120564 6.562762258 0.0 0
1582120790 5.895007346 0.0 0
1582186439 8.021244419 -1 -1
1582189530 5.585115162 0.0 0
1582191003 5.719382819 0.0 0
1582191294 5.846609218 0.0 0
1582191590 5.843497744 0.0 0
1582191886 5.721563483 0.0 0
1582192174 5.802294772 0.0 0
1582192473 5.814944751 0.0 0
1582192762 5.903184664 0.0 0
1582193050 6.058281845 0.0 0
1582193345 5.765358158 0.0 0
1582635112 5.749403357 0.0 0
1582635397 5.835696957 0.0 0
1582635681 5.974368984 0.0 0
1582635966 5.86586569 0.0 0
1582636252 6.088730965 0.0 0
1582636538 5.842088189 0.0 0
1582636831 5.686734142 0.0 0
1582637130 6.274254117 0.0 0
1582637425 5.851966046 0.0 0
1582637720 6.004250683 0.0 0
1582638287 5.892198013 0.0 0
1582638848 6.006648982 0.0 0
1582640515 5.883420854 0.0 0
1582641102 5.875741279 0.0 0
1582641663 4.635507072 0.0 0
1582642235 5.786956337 0.0 0
1582642802 5.709248355 0.0 0
1582643376 5.894746466 0.0 0
1582643973 5.840319348 0.0 0
1582644641 5.84078875 0.0 0
1582886364 6.167752476 0.0 0
1582886657 5.834678107 0.0 0
1582886951 6.024663516 0.0 0
1582887239 5.786230861 0.0 0
1582887526 5.714126166 0.0 0
1582887820 5.762110487 0.0 0
1582888105 6.393055934 0.0 0
1582888392 5.792907424 0.0 0
1582888681 5.977716322 0.0 0
1582889041 4.279477821 0.0 0
1582899143 5.723657599 0.0 0
1582899708 5.904215982 0.0 0
1582900272 5.800663454 0.16666666666666666 1
1582900832 5.951076034 0.0 0
1582902577 5.756665688 0.0 0
1582903153 5.686505666 0.0 0
1582903742 5.844248746 0.0 0
1574711177 6.208326509 0.0 0
1574708968 5.84322052 0.0 0
