1569849926 14.957918194 0.0 0
1569850131 14.742632854 0.0 0
1569849926 14.957918194 0.0 0
1569850131 14.742632854 0.0 0
1569850941 17.673700662 0.0 0
1569851149 15.381747627 0.0 0
1569851706 15.259247036 0.0 0
1569851936 15.416069697 0.0 0
1569852165 15.382854413 0.0 0
1569852403 14.906249921 0.0 0
1569852619 15.153362278 0.0 0
1569853010 15.507838155 0.0 0
1569853322 15.016628539 0.0 0
1569853563 14.934219708 0.0 0
1569854203 15.470632613 0.0 0
1569855162 15.217065521 0.0 0
1569855609 15.152377651 0.0 0
1570446935 13.180075195 0.0 0
1570448026 14.642013967 0.0 0
1570448753 14.685376259 0.0 0
1570449222 14.856181831 0.0 0
1570543049 14.966481324 0.0 0
1570543408 17.424878611 0.0 0
1570543612 14.921814422 0.0 0
1570544541 14.836126761 0.0 0
1570544741 17.104444416 0.0 0
1570545002 14.65810641 0.0 0
1570545208 18.41350403 0.0 0
1571322920 14.90117465 0.0 0
1571323242 14.927455494 0.0 0
1571323635 14.726717819 0.0 0
1571324037 14.717433272 0.0 0
1571324437 14.634120946 0.0 0
1571325043 14.927318979 0.0 0
1571325240 14.699020129 0.0 0
1571325439 14.658912799 0.0 0
1571325644 14.720816536 0.0 0
1571325842 14.704447404 0.0 0
1571326043 14.700325164 0.0 0
1571326734 14.803059966 0.0 0
1571326946 14.604487143 0.0 0
1571327153 14.672206776 0.0 0
1571327368 14.799324315 0.0 0
1571327758 14.595954272 0.0 0
1571328149 14.746021788 0.0 0
1571328540 14.911310184 0.0 0
1571328931 14.681205591 0.0 0
1571329323 14.736777219 0.0 0
1571329915 14.714654447 0.0 0
1571395835 15.1464069 0.0 0
1571396031 14.776953129 0.0 0
1571396228 14.788508938 0.0 0
1571396427 15.060041939 0.0 0
1571396625 15.011560814 0.0 0
1571396824 14.709770351 0.0 0
1571397053 14.677160657 0.0 0
1571397258 14.687472296 0.0 0
1571397456 14.777195713 0.0 0
1571397653 14.889066764 0.0 0
1571397871 14.762466648 0.0 0
1571398264 14.70076357 0.0 0
1571398659 14.724252227 0.0 0
1571399050 14.695818965 0.0 0
1571399441 14.740502262 0.0 0
1571399838 14.707336316 0.0 0
1571400231 14.772568653 0.0 0
1571400653 14.688631303 0.0 0
1571401051 15.051938325 0.0 0
1571401444 14.653621621 0.0 0
1571404900 14.660454542 0.0 0
1571405100 14.658675824 0.0 0
1571405297 15.079476229 0.0 0
1571405497 14.812321952 0.0 0
1571405729 14.74917157 0.0 0
1571406824 14.838234795 0.0 0
1571407213 14.781882874 0.0 0
1571407607 14.839769911 0.0 0
1571407996 14.712132222 0.0 0
1571408388 14.743863114 0.0 0
1571408919 14.630602758 0.0 0
1571409150 14.738296576 0.0 0
1571409351 14.729049826 0.0 0
1571409550 14.939996376 0.0 0
1571409766 14.723479622 0.0 0
1571664333 14.84268552 0.0 0
1571664877 14.803227391 0.0 0
1571665080 14.714666968 0.0 0
1571665291 14.647743396 0.0 0
1571665485 14.816080623 0.0 0
1571665680 14.846331125 0.0 0
1571665880 14.809250989 0.0 0
1571666271 14.531139258 0.0 0
1571666662 14.931606518 0.0 0
1571667056 14.701517111 0.0 0
1571667492 14.822557761 0.0 0
1571668098 14.592139275 0.0 0
1571668297 14.553574122 0.0 0
1571668494 21.665379792 0.045454545454545456 1
1571668695 14.483873062 0.0 0
1571668892 14.826476897 0.0 0
1571669144 14.892030667 0.0 0
1571669544 14.521817817 0.0 0
1571751969 14.946120082 0.0 0
1571752164 14.617848792 0.0 0
1571752363 15.043596495 0.0 0
1571752567 15.607062233 0.0 0
1571752763 14.953520375 0.0 0
1571752959 14.957640333 0.0 0
1571753157 14.700125996 0.0 0
1571753353 14.607775209 0.0 0
1571753551 14.624899554 0.0 0
1571753747 14.674777098 0.0 0
1571754055 15.108713563 0.0 0
1571754452 14.924256039 0.0 0
1571754845 15.096243724 0.0 0
1571755248 14.810850169 0.0 0
1571755812 14.842394845 0.0 0
1571756481 14.632018976 0.0 0
1571756893 14.837439225 0.0 0
1571757342 14.850445408 0.0 0
1571757731 14.824022655 0.0 0
1571758130 14.864399876 0.0 0
1571758521 14.572197142 0.0 0
1571760104 16.267764914 0.0 0
1571760301 14.601166975 0.0 0
1571760502 14.668140461 0.0 0
1571760701 14.669061236 0.0 0
1571760900 14.792541712 0.0 0
1571761111 14.609331046 0.0 0
1571761311 14.647037602 0.0 0
1571761506 14.752291307 0.0 0
1571761701 14.697770644 0.0 0
1571761901 17.503001789 0.1111111111111111 1
1571762135 14.613736135 0.0 0
1571762525 20.360350206 0.047619047619047616 1
1571762924 14.812590861 0.0 0
1571763314 13.065954884 0.0 0
1571763704 14.843411163 0.0 0
1571764109 16.487699894 0.0 0
1571764521 14.843129319 0.0 0
1571764914 14.697293996 0.0 0
1571765302 14.520851602 0.0 0
1571765693 14.779811238 0.0 0
1571766270 14.695934096 0.0 0
1571767053 14.712854361 0.0 0
1571922201 14.691134981 0.0 0
1572003212 15.009145791 0.0 0
1572003406 14.635477372 0.0 0
1572003604 14.797776897 0.0 0
1572003802 14.912617572 0.0 0
1572003998 14.818731799 0.0 0
1572004193 14.92424773 0.0 0
1572004388 14.792771482 0.0 0
1572004588 14.812609175 0.0 0
1572004789 14.624469968 0.0 0
1572004988 14.685768463 0.0 0
1572006279 14.66193435 0.0 0
1572007017 14.836083538 0.0 0
1572007411 14.884753436 0.0 0
1572007904 14.944297413 0.0 0
1572008314 14.586741682 0.0 0
1572008717 14.74736268 0.0 0
1572009111 14.700490095 0.0 0
1572009501 14.66590326 0.0 0
1572009892 14.907492357 0.0 0
1572010287 14.749172345 0.0 0
1572010678 15.06784653 0.0 0
1572011190 14.50695378 0.0 0
1572011386 14.625851519 0.0 0
1572011580 14.81524676 0.0 0
1572011779 15.086284478 0.0 0
1572011976 14.694908137 0.0 0
1572012173 14.615513319 0.0 0
1572012368 14.950204821 0.0 0
1572012562 14.716788673 0.0 0
1572012757 14.842536519 0.0 0
1572012950 14.916746539 0.0 0
1572013240 15.517631797 0.0 0
1572013633 14.66466897 0.0 0
1572014026 14.674056932 0.0 0
1572014417 14.614807701 0.0 0
1572014806 15.002551793 0.0 0
1572265010 14.813807582 0.0 0
1572265207 14.881732114 0.0 0
1572265405 14.928568375 0.26666666666666666 2
1572265603 15.331008568 0.06666666666666667 1
1572265802 13.547696489 0.0 0
1572266011 14.624713463 0.0 0
1572266204 14.72485135 0.0 0
1572266405 15.106686119 0.0 0
1572266608 14.800794805 0.0 0
1572266803 15.267071035 0.0 0
1572268087 14.724723703 0.0 0
1572268858 14.586468517 0.0 0
1572269272 14.637570286 0.0 0
1572269678 14.45730642 0.0 0
1572270095 14.876008134 0.06666666666666667 1
1572270491 15.153183572 0.0 0
1572270885 14.793207096 0.0 0
1572272246 11.704711979 0.0 0
1572272577 11.96756415 0.0 0
1572272912 12.251980187 0.0 0
1572273244 13.623642505 0.07142857142857142 1
1572273591 11.849630931 0.0 0
1572274083 11.83552023 0.0 0
1572274251 12.127136559 0.0 0
1572274427 11.879391467 0.0 0
1572274593 11.771589029 0.0 0
1572274765 11.965748051 0.0 0
1572274935 11.772261883 0.0 0
1572275104 11.863981121 0.0 0
1572275282 11.887880848 0.0 0
1572275451 11.83979228 0.0 0
1572275626 12.024621628 0.0 0
1572276012 14.802986196 0.0 0
1572276348 11.893485302 0.0 0
1572276686 12.069630782 0.0 0
1572277017 11.829572726 0.0 0
1572277347 11.907166234 0.0 0
1572277694 11.91553297 0.0 0
1572278042 12.027390301 0.0 0
1572278375 11.869422953 0.0 0
1572361223 14.918605938 0.0 0
1572361421 14.608075713 0.0 0
1572361616 14.90194155 0.0 0
1572361811 14.734453909 0.0 0
1572362009 16.799923614 0.0 0
1572362204 14.861161728 0.0 0
1572362400 14.795916588 0.0 0
1572362596 14.841839555 0.0 0
1572362795 14.867935663 0.0 0
1572362990 14.732059302 0.0 0
1572363434 11.889132328 0.0 0
1572363764 11.696458171 0.0 0
1572364093 11.786173195 0.0 0
1572364424 11.800621971 0.0 0
1572364757 11.973107588 0.0 0
1572365098 11.911378539 0.0 0
1572365476 11.790752868 0.0 0
1572365848 11.832977736 0.0 0
1572366187 11.892018517 0.0 0
1572366523 11.942342922 0.0 0
1572366875 11.769603426 0.0 0
1572367042 11.952137262 0.0 0
1572367211 11.995314412 0.0 0
1572367381 11.697006921 0.0 0
1572367563 11.723755616 0.0 0
1572367734 11.954913628 0.0 0
1572367910 11.765514978 0.0 0
1572368078 12.25428479 0.0 0
1572368245 11.780500012 0.0 0
1572368410 11.911054133 0.0 0
1572369553 11.923744757 0.0 0
1572369883 11.992594325 0.0 0
1572370213 11.76313244 0.0 0
1572370546 11.782208784 0.0 0
1572370874 11.879086653 0.0 0
1572371203 14.757966546 0.0 0
1572371537 11.863426228 0.0 0
1572371866 11.871829292 0.0 0
1572372196 11.796678915 0.0 0
1572372525 11.844222671 0.0 0
1572532340 14.935366018 0.0 0
1572532542 14.597695666 0.0 0
1572532749 13.080503194 0.0 0
1572533531 11.974067598 0.0 0
1572533869 11.803040904 0.0 0
1572534223 12.108898147 0.0 0
1572534570 11.90744261 0.0 0
1572534902 12.119862011 0.0 0
1572535250 11.82402832 0.0 0
1572535581 11.841558543 0.0 0
1572535917 11.739048015 0.0 0
1572536248 11.840369865 0.0 0
1572536613 11.90844582 0.0 0
1572537214 11.840316195 0.0 0
1572537870 10.632370613 0.0 0
1572538521 11.884200427 0.0 0
1572539178 11.935567137 0.0 0
1572539830 11.709667355 0.0 0
1572540737 11.727298873 0.0 0
1572541390 12.225023376 0.0 0
1572542039 11.713614295 0.0 0
1572542686 11.872357324 0.0 0
1572543331 11.903380075 0.0 0
1572544463 11.966656603 0.0 0
1572544630 11.826359812 0.0 0
1572544800 11.687878536 0.0 0
1572544974 11.890142741 0.0 0
1572545149 11.794793906 0.0 0
1572869974 11.841310157 0.0 0
1572870142 11.856285546 0.0 0
1572870363 11.908939812 0.0 0
1572870548 12.155388217 0.0 0
1572870765 11.964259044 0.0 0
1572871104 11.917155222 0.0 0
1572871755 11.87024226 0.0 0
1572872403 11.896258476 0.0 0
1572873085 11.827636968 0.0 0
1572873734 11.812122456 0.0 0
1572874796 11.820319206 0.0 0
1572875647 13.384400793 0.07692307692307693 1
1572876882 11.853064538 0.0 0
1572877536 11.830373857 0.0 0
1572878747 27.096550336 0.037037037037037035 1
1572879875 11.835307896 0.0 0
1572880158 11.975186987 0.0 0
1572880493 11.806771391 0.0 0
1572880832 11.994841851 0.0 0
1572881178 11.892754116 0.0 0
1572881513 11.788444334 0.0 0
1572881845 11.784269236 0.0 0
1572882176 11.903886614 0.0 0
1572882566 11.92189522 0.0 0
1572882915 12.369383576 0.0 0
1572883256 11.893379723 0.0 0
1572965356 12.029419287 0.0 0
1572965523 11.864038738 0.0 0
1572965691 11.929926492 0.0 0
1572965860 11.767547416 0.0 0
1572966031 11.931788063 0.0 0
1572966197 12.09188445 0.0 0
1572966369 11.90963904 0.0 0
1572966553 11.968862419 0.0 0
1572966725 19.298345664 0.0 0
1572966897 11.802954108 0.0 0
1572967167 11.87612893 0.0 0
1572967823 11.81340815 0.0 0
1572969127 11.795413152 0.0 0
1572970440 11.969045698 0.0 0
1572971091 11.927640342 0.0 0
1572971754 12.033784598 0.0 0
1572972413 11.835313333 0.0 0
1572973126 11.821602633 0.0 0
1572973779 11.853721199 0.0 0
1572974428 11.947031694 0.0 0
1572975158 11.978852065 0.0 0
1572975485 11.926250842 0.0 0
1572976228 12.543287731 0.0 0
1572976566 11.995357608 0.0 0
1572976896 11.752839424 0.0 0
1572977226 11.693432544 0.0 0
1572977589 11.698879689 0.0 0
1572977937 11.938887547 0.0 0
1573207003 12.022247199 0.0 0
1573207171 11.781715885 0.0 0
1573207340 11.897204791 0.0 0
1573207506 11.892056966 0.0 0
1573207677 11.941975899 0.0 0
1573207844 11.872206657 0.0 0
1573208011 11.947753106 0.0 0
1573208176 11.929373886 0.0 0
1573208343 11.902706691 0.0 0
1573208509 11.989689141 0.0 0
1573208715 11.816567816 0.0 0
1573209365 11.801105423 0.0 0
1573210032 11.797148979 0.0 0
1573210697 11.86035388 0.16666666666666666 1
1573211364 11.814438478 0.0 0
1573212019 11.839656346 0.0 0
1573212668 11.820691868 0.0 0
1573213321 12.02741602 0.0 0
1573213990 11.89049392 0.0 0
1573214647 12.006178076 0.0 0
1573218182 11.674106942 0.0 0
1573218511 11.704129144 0.0 0
1573218902 11.692021693 0.0 0
1573220245 11.979091237 0.0 0
1573220413 11.731416215 0.0 0
1573220580 12.023875726 0.0 0
1573220749 11.851910043 0.0 0
1573220916 11.800441465 0.0 0
1573221084 11.681525433 0.0 0
1573221248 11.818496981 0.0 0
1573221417 11.832419341 0.0 0
1573221584 11.859497874 0.0 0
1573221753 11.827740664 0.0 0
1573221942 12.166277898 0.0 0
1573222114 11.752425174 0.0 0
1573222280 11.948032246 0.0 0
1573222445 12.033543775 0.0 0
1573222614 11.874398485 0.0 0
1573301094 11.876721665 0.08333333333333333 1
1573301263 12.048582512 0.08333333333333333 1
1573301432 12.002217352 0.0 0
1573301613 11.793517575 0.0 0
1573301798 11.956214728 0.0 0
1573301969 19.271094808 0.0 0
1573302145 11.947234497 0.0 0
1573302319 11.8909994 0.0 0
1573302488 11.8395379 0.0 0
1573302655 11.87525628 0.0 0
1573303803 10.750491155 0.0 0
1573303970 10.994929818 0.0 0
1573304135 11.438507143 0.0 0
1573304298 13.967674382 0.0 0
1573304460 11.44721318 0.0 0
1573304627 11.766249285 0.0 0
1573304786 11.527527838 0.0 0
1573304945 11.381677866 0.0 0
1573305109 10.948533504 0.0 0
1573305269 11.009223936 0.0 0
1573306406 32.374971592 0.0 0
1573306742 11.359946975 0.0 0
1573307066 11.270058527 0.0 0
1573307402 11.414915239 0.0 0
1573307719 10.956762817 0.0 0
1573308040 10.949880091 0.0 0
1573308354 11.273127832 0.0 0
1573308687 9.759019676 0.0 0
1573309006 10.945801205 0.0 0
1573309336 11.007918704 0.0 0
1573310177 11.084539278 0.0 0
1573310802 11.268568198 0.0 0
1573311418 10.903382601 0.0 0
1573312035 10.926305763 0.0 0
1573312734 10.752531094 0.0 0
1573313356 11.369896376 0.0 0
1573313976 11.774262289 0.0 0
1573314605 11.431694522 0.0 0
1573741838 10.986680711 0.0 0
1573741956 10.390957466 0.0 0
1573743589 9.220677852 0.0 0
1573743689 11.223877601 0.0 0
1573743788 11.107595462 0.0 0
1573743886 10.774652402 0.0 0
1573743985 10.791026915 0.0 0
1573744083 10.956739537 0.0 0
1573744180 10.780830838 0.0 0
1573744278 10.735527599 0.0 0
1573744374 10.791338571 0.0 0
1573744467 9.653589022 0.0 0
1573744577 10.999731547 0.0 0
1573744671 9.90020728 0.0 0
1573744784 10.902835628 0.0 0
1573744882 11.273062266 0.0 0
1573745018 10.807886828 0.0 0
1573745117 96.134314237 0.0 0
1573745300 10.868592579 0.0 0
1573745397 16.340676168 0.0 0
1573745500 10.630159445 0.0 0
1573745599 10.691800135 0.0 0
1573745698 10.705113265 0.0 0
1573745801 10.668061988 0.0 0
1573745899 10.861240813 0.0 0
1573745995 10.641155305 0.0 0
1573746097 9.583424998 0.0 0
1573746194 10.812125831 0.0 0
1573746295 10.77737288 0.0 0
1573746396 10.772457411 0.0 0
1573746494 10.718919909 0.0 0
1573746589 10.926273463 0.0 0
1573748909 10.875896317 0.0 0
1573749006 10.777066297 0.0 0
1573749107 10.793603819 0.0 0
1573749219 10.511751682 0.0 0
1573749313 9.452221992 0.0 0
1573749444 11.019247772 0.0 0
1573749551 10.344432463 0.0 0
1573749649 11.194432075 0.0 0
1573749748 12.073815862 0.0 0
1573749845 10.780995675 0.0 0
1573752441 10.765028041 0.0 0
1573752699 10.916139909 0.0 0
1573752858 10.893084924 0.0 0
1573753016 10.821505247 0.0 0
1573753174 11.183916907 0.0 0
1573753328 10.879784171 0.0 0
1573753488 10.995984095 0.0 0
1573753641 10.955839957 0.0 0
1573753803 10.732814014 0.0 0
1573754623 10.764865929 0.0 0
1573754782 10.900968368 0.0 0
1573754943 11.330982738 0.0 0
1573755112 10.820671061 0.0 0
1573755270 10.836430818 0.0 0
1573755430 10.916151721 0.0 0
1573755586 10.731569817 0.0 0
1573755744 10.682521319 0.0 0
1573755902 10.636462106 0.0 0
1573756059 10.827905934 0.0 0
1573827953 10.972747226 0.0 0
1573828265 10.764573992 0.0 0
1573828576 10.840372234 0.0 0
1573828881 11.105242587 0.0 0
1573829186 10.829350821 0.0 0
1573829492 10.901628278 0.0 0
1573829873 10.841122204 0.0 0
1573830359 10.575825179 0.0 0
1573830667 10.849487701 0.0 0
1573830975 10.934060348 0.0 0
1573831367 10.735637704 0.0 0
1573831524 10.826858263 0.0 0
1573831683 10.600019099 0.0 0
1573831856 10.761000106 0.0 0
1573832008 10.758749834 0.0 0
1573832167 11.155471882 0.0 0
1573832323 10.87849691 0.0 0
1573832490 10.728879977 0.0 0
1573832645 11.035730518 0.0 0
1573832800 11.051841477 0.0 0
1573832983 23.128749522 0.0 0
1573833153 10.839176433 0.0 0
1573833317 10.66904246 0.0 0
1573833473 10.821684976 0.0 0
1573833631 10.995454317 0.0 0
1573901006 10.894283552 0.0 0
1573901163 10.709626148 0.0 0
1573901320 10.564491481 0.0 0
1573901475 10.6643181 0.0 0
1573901636 10.764104755 0.0 0
1573901790 10.927918198 0.0 0
1573901944 10.890723066 0.0 0
1573902103 10.723366912 0.0 0
1573902260 10.932089607 0.0 0
1573902416 10.933762896 0.0 0
1573902609 10.66083812 0.0 0
1573902917 10.862922962 0.0 0
1573903227 10.748188793 0.0 0
1573903539 10.766234052 0.0 0
1573903849 11.233203754 0.0 0
1573904158 10.708893669 0.0 0
1574685732 10.875055935 0.0 0
1574685922 10.781286922 0.0 0
1574686096 10.535816276 0.0 0
1574686253 10.989198186 0.0 0
1574686415 10.722953032 0.0 0
1574686736 11.018510687 0.0 0
1574686902 11.408457021 0.0 0
1574687092 10.894122838 0.0 0
1574687264 15.01693818 0.0 0
1574687927 10.748492444 0.0 0
1574688238 11.637096315 0.0 0
1574689228 10.991354052 0.0 0
1574689599 11.01571566 0.0 0
1574689814 10.827357344 0.0 0
1574689974 21.539261792 0.0 0
1574690146 10.875014917 0.0 0
1574690323 11.042025764 0.0 0
1574690483 11.028355999 0.0 0
1574690653 10.464565452 0.0 0
1574690813 11.189902152 0.0 0
1574690998 11.053782764 0.0 0
1574691176 11.791979639 0.0 0
1574691930 10.793487191 0.0 0
1574692249 10.996510806 0.0 0
1574692567 11.020413699 0.0 0
1574693478 11.091019954 0.0 0
1574693803 10.810940107 0.0 0
1574694234 11.128156957 0.0 0
1574694564 10.915295311 0.0 0
1574695120 10.940130688 0.0 0
1574695449 18.958551909 0.0 0
1574695770 10.896583019 0.0 0
1574696230 10.468435437 0.0 0
1574696805 10.819117055 0.0 0
1574697380 10.792442026 0.0 0
1574697973 11.106611685 0.0 0
1574698542 10.727534272 0.0 0
1574706663 10.52694762 0.0 0
1574706798 11.017176845 0.0 0
1574707042 11.021259334 0.0 0
1574707222 10.413884277 0.0 0
1574708009 11.02715033 0.0 0
1574708504 10.851739424 0.0 0
1574708705 10.790118182 0.0 0
1574709087 10.936071209 0.0 0
1574709321 11.004487818 0.0 0
1574710431 11.42133304 0.0 0
1574710620 11.383104175 0.0 0
1574950712 11.027687124 0.0 0
1574951025 20.382602238 0.0 0
1574951399 34.505107309 0.0 0
1574951754 22.046934545 0.0 0
1574952080 10.865885609 0.0 0
1574952397 10.841526155 0.0 0
1574952800 22.825715272 0.0 0
1574953161 30.657418141 0.0 0
1574953491 10.516095768 0.0 0
1574953816 10.928193474 0.0 0
1574954145 10.78647483 0.0 0
1574954308 10.827788614 0.0 0
1574954484 10.875559826 0.0 0
1574954648 10.910823439 0.0 0
1574954833 10.655064317 0.0 0
1574954990 10.679481739 0.0 0
1574955150 110.052196395 0.0 0
1574955407 11.028930087 0.0 0
1574955567 10.67323025 0.0 0
1574955728 10.746519942 0.0 0
1574955985 10.754539295 0.0 0
1574956553 12.496319307 0.0 0
1574957222 10.627382152 0.0 0
1574957833 11.291658085 0.0 0
1574958400 36.314198165 0.0 0
1574958993 31.612642651 0.0 0
1574959618 10.96520791 0.0 0
1574960181 24.854829806 0.0 0
1574961446 10.98094062 0.0 0
1575026475 11.208500096 0.0 0
1575026637 11.111146302 0.0 0
1575026798 10.833793909 0.0 0
1575026958 11.112617852 0.0 0
1575027122 10.980759478 0.0 0
1575027283 11.185381639 0.0 0
1575027450 10.897807822 0.0 0
1575027606 10.831763264 0.0 0
1575027770 10.647298615 0.0 0
1575027935 10.80431832 0.0 0
1575028116 11.132586469 0.0 0
1575028424 10.727022252 0.0 0
1575028736 10.456845803 0.0 0
1575029070 10.92169961 0.0 0
1575029386 10.957320416 0.0 0
1575030009 11.073579941 0.0 0
1575030320 10.635668279 0.0 0
1575030637 10.98271793 0.0 0
1575030967 11.128569633 0.0 0
1575033483 11.379656485 0.0 0
1575034074 10.943309875 0.0 0
1575034642 11.356880839 0.0 0
1575035214 11.205891025 0.0 0
1575036237 10.79053016 0.0 0
1575036813 10.905260754 0.0 0
1575037373 10.843496324 0.0 0
1575037930 10.934683499 0.0 0
1575038942 10.845862856 0.0 0
1575112792 10.732052319 0.0 0
1575112953 10.894674637 0.0 0
1575113275 11.104375709 0.0 0
1575113433 11.318720023 0.0 0
1575113594 10.487422935 0.0 0
1575113751 10.846417711 0.0 0
1575113908 11.061767851 0.0 0
1575114066 10.99846108 0.0 0
1575114233 11.003465768 0.0 0
1575114403 10.92991294 0.0 0
1575114706 10.900753464 0.0 0
1575115016 11.021026661 0.0 0
1575115326 10.87925807 0.0 0
1575115634 11.342271987 0.0 0
1575115949 11.031905846 0.0 0
1575116260 10.924417546 0.0 0
1575116572 10.866118944 0.0 0
1575116879 11.565249949 0.0 0
1575117188 10.958042554 0.0 0
1575120209 10.977849708 0.0 0
1575120772 10.844669902 0.0 0
1575121331 11.054360054 0.0 0
1575122393 10.792422965 0.0 0
1575122952 10.456331133 0.0 0
1575123508 11.06005213 0.0 0
1575124068 11.108215523 0.0 0
1575124622 10.912034573 0.0 0
1575125188 11.101420564 0.0 0
1575125758 10.87244757 0.0 0
1575289721 10.987910017 0.0 0
1575289884 12.117113191 0.0 0
1575290053 11.468341167 0.0 0
1575290236 11.074482095 0.0 0
1575290405 10.930703757 0.0 0
1575290580 13.240144085 0.0 0
1575290754 10.554052374 0.0 0
1575290912 12.451284662 0.0 0
1575291073 10.996070758 0.0 0
1575291234 10.87600275 0.0 0
1575292910 14.183130583 0.0 0
1575293229 10.821422775 0.0 0
1575293565 30.19677247 0.0 0
1575293902 29.030559756 0.0 0
1575294241 10.239652193 0.0 0
1575294584 32.194002746 0.0 0
1575294929 57.988414268 0.0 0
1575295338 42.558459366 0.0 0
1575295703 29.298301402 0.0 0
1575296910 29.251231829 0.0 0
1575297496 11.373021281 0.18181818181818182 1
1575298080 10.796217004 0.0 0
1575298650 10.792121997 0.0 0
1575299223 11.016408992 0.0 0
1575299800 11.045989388 0.0 0
1575300426 10.84142635 0.0 0
1575300983 11.045856896 0.0 0
1575301782 28.374128333 0.0 0
1575384123 10.696329641 0.0 0
1575384283 10.823072883 0.0 0
1575384444 10.844906755 0.0 0
1575384601 11.222288097 0.0 0
1575384766 11.702424057 0.0 0
1575384921 10.961932247 0.0 0
1575385082 11.211849859 0.0 0
1575385244 10.963883991 0.0 0
1575385404 10.839993047 0.0 0
1575385567 11.02337703 0.0 0
1575385809 10.956498495 0.0 0
1575386119 11.223512278 0.0 0
1575386432 10.770419984 0.0 0
1575386837 10.842312708 0.0 0
1575387145 10.976870663 0.0 0
1575387455 11.000778073 0.0 0
1575387765 10.945240033 0.0 0
1575388073 11.05758707 0.0 0
1575388382 10.845644853 0.0 0
1575388687 10.637043423 0.0 0
1575389990 11.002697182 0.0 0
1575390558 10.668731624 0.0 0
1575391125 11.460441965 0.0 0
1575391689 11.059540767 0.0 0
1575392502 12.968180903 0.0 0
1575393136 10.975486307 0.0 0
1575393700 10.811276785 0.0 0
1575394264 10.693714986 0.0 0
1575394827 11.093126142 0.0 0
1575395390 10.829191046 0.0 0
1575397059 35.228299676 0.0 0
1575397349 37.241295011 0.0 0
1575397590 35.102196667 0.0 0
1575397953 30.260097473 0.0 0
1575398198 33.71584729 0.0 0
1575398421 34.310317404 0.0 0
1575473350 11.025593766 0.0 0
1575556504 11.022845501 0.0 0
1575556664 11.243198876 0.0 0
1575556829 10.984795415 0.0 0
1575557009 11.059179553 0.0 0
1575557192 10.840263157 0.0 0
1575557375 11.101782901 0.0 0
1575557550 10.589448857 0.0 0
1575557724 10.812868123 0.0 0
1575558182 10.763131496 0.0 0
1575558371 10.954327915 0.0 0
1575558569 10.748999417 0.0 0
1575558880 10.698146643 0.0 0
1575559209 10.712007512 0.0 0
1575559519 10.978869277 0.0 0
1575559894 10.757441785 0.0 0
1575560222 11.148109024 0.0 0
1575560553 10.427091916 0.0 0
1575561084 11.000387613 0.0 0
1575561431 10.788797828 0.0 0
1575561788 11.099240837 0.0 0
1575562207 11.030379406 0.0 0
1575563553 10.966282993 0.0 0
1575564168 10.619993767 0.0 0
1575564750 10.791608407 0.0 0
1575565318 10.692009985 0.0 0
1575565879 11.080081487 0.0 0
1575566450 10.87941922 0.0 0
1575567785 11.065836763 0.0 0
1575568397 11.114255377 0.0 0
1579184002 11.29853095 0.0 0
1579184717 10.844455007 0.0 0
1579184878 11.138439748 0.0 0
1579185040 10.355686589 0.0 0
1579185216 11.136321017 0.0 0
1579185392 10.031225892 0.0 0
1579185574 11.339333176 0.0 0
1579185748 10.870657798 0.0 0
1579185926 26.641712255 0.0 0
1579186115 10.844445552 0.0 0
1579186312 10.822569106 0.0 0
1579186626 10.992271289 0.0 0
1579187674 11.011948471 0.0 0
1579187982 29.727011668 0.0 0
1579188315 10.935332504 0.0 0
1579188981 11.980801145 0.0 0
1579189297 10.017027301 0.0 0
1579189645 10.724402161 0.0 0
1579189980 11.282348144 0.0 0
1579190298 27.129203046 0.0 0
1579190840 11.345158299 0.0 0
1579191456 11.019061959 0.0 0
1579192021 10.757791281 0.0 0
1579193168 10.939476839 0.0 0
1579193756 10.671851293 0.0 0
1579194322 10.552460709 0.0 0
1579194891 11.163786716 0.0 0
1579195455 10.663530745 0.0 0
1579196045 11.236314735 0.0 0
1579351732 10.841082597 0.0 0
1579351899 11.006709009 0.0 0
1579352060 10.788401878 0.0 0
1579352221 10.743362412 0.0 0
1579352383 11.0553555 0.0 0
1579352548 10.88974663 0.0 0
1579352705 10.708239341 0.0 0
1579352867 10.75068518 0.0 0
1579353030 10.439133983 0.0 0
1579353192 10.546738699 0.0 0
1579354074 10.958958188 0.0 0
1579354381 10.682607622 0.0 0
1579354692 10.748569703 0.0 0
1579355003 10.859630365 0.0 0
1579355310 10.75113884 0.0 0
1579355619 10.981417216 0.0 0
1579355929 11.608596077 0.09090909090909091 1
1579356234 10.897570535 0.0 0
1579356541 11.043613668 0.0 0
1579356846 10.937174443 0.0 0
1579359253 11.168071715 0.0 0
1579359826 10.969598715 0.0 0
1579360389 10.895281903 0.0 0
1579360948 10.582591491 0.0 0
1579361504 10.636426208 0.0 0
1579362057 10.984155984 0.0 0
1579362613 10.665117941 0.0 0
1579363173 11.223910694 0.0 0
1579363742 11.036623364 0.0 0
1579364303 10.678332287 0.0 0
1579522813 11.086676684 0.0 0
1579523024 10.934505673 0.0 0
1579523214 10.811670503 0.0 0
1579523379 10.967171419 0.0 0
1579523552 10.754554677 0.0 0
1579523734 10.974194572 0.0 0
1579523914 10.82273646 0.0 0
1579524102 12.246007571 0.0 0
1579524272 10.379865245 0.0 0
1579524439 10.911167937 0.0 0
1579524995 32.633183534 0.0 0
1579525346 10.843601199 0.0 0
1579525723 25.327826933 0.0 0
1579526048 25.895998152 0.0 0
1579528359 10.564060364 0.0 0
1579528680 11.076600352 0.0 0
1579529102 11.02927238 0.0 0
1579529482 36.111502348 0.0 0
1579529819 11.106529811 0.0 0
1579530218 11.153722955 0.0 0
1579530857 11.143843491 0.0 0
1579531908 10.663516904 0.0 0
1579532610 11.007079215 0.0 0
1579533244 29.270792084 0.0 0
1579533838 23.882480816 0.0 0
1579534481 68.642492589 0.0 0
1579535154 11.264227515 0.0 0
1579535742 23.845259735 0.0 0
1579536821 10.83771365 0.0 0
1579537406 16.470509483 0.0 0
1580215273 10.661442785 0.0 0
1580215464 10.782857204 0.0 0
1580215631 11.129034361 0.0 0
1580215791 10.519500512 0.0 0
1580215951 11.157179298 0.0 0
1580216114 11.078157012 0.0 0
1580216274 11.07675933 0.0 0
1580216435 11.038783884 0.0 0
1580216594 11.011128434 0.0 0
1580216776 11.194926872 0.0 0
1580217808 10.957443704 0.0 0
1580218135 11.025785614 0.0 0
1580218451 10.662798329 0.0 0
1580218786 10.640981249 0.0 0
1580219138 10.965009233 0.0 0
1580219498 10.823200591 0.0 0
1580222225 11.020350808 0.0 0
1580222541 10.784977026 0.0 0
1580222855 10.782949632 0.0 0
1580223159 10.968001926 0.0 0
1580223547 10.78137972 0.0 0
1580224114 11.312773004 0.0 0
1580224671 10.910208748 0.0 0
1580225230 11.001564758 0.0 0
1580225795 10.836525093 0.0 0
1580226373 10.74027573 0.0 0
1580226941 11.331695121 0.0 0
1580227539 10.90917836 0.0 0
1580228123 11.110706208 0.0 0
1580228683 10.832938523 0.0 0
1580304687 11.256619012 0.0 0
1580304844 10.90023467 0.0 0
1580305005 10.810519313 0.0 0
1580305165 10.803728733 0.0 0
1580305350 11.208187186 0.0 0
1580305510 10.756306869 0.0 0
1580305672 11.22683368 0.0 0
1580305831 10.825270948 0.0 0
1580305987 11.122026001 0.0 0
1580306146 11.038589187 0.0 0
1580306451 10.740250965 0.0 0
1580306752 10.725124123 0.0 0
1580307067 10.898534683 0.0 0
1580307628 11.326214615 0.0 0
1580307938 10.899155321 0.0 0
1580308249 11.489416945 0.0 0
1580310453 11.146179084 0.0 0
1580310767 11.325835868 0.0 0
1580311081 11.047486964 0.0 0
1580311389 10.96669513 0.0 0
1580311764 9.947886671 0.0 0
1580312107 10.855073439 0.0 0
1580312693 11.022354858 0.0 0
1580313250 11.044973054 0.0 0
1580314214 11.051879287 0.0 0
1580314771 11.055986757 0.0 0
1580315326 10.864487937 0.0 0
1580315890 10.764190561 0.0 0
1580316593 10.569293986 0.0 0
1580317165 10.853528421 0.0 0
1581935186 11.580967497 0.0 0
1581935346 10.508518914 0.0 0
1581935506 10.97102292 0.0 0
1581935671 11.538751267 0.0 0
1581935839 11.037249998 0.0 0
1581936011 11.121737708 0.0 0
1581936182 10.773809677 0.0 0
1581936342 11.046923259 0.0 0
1581936503 10.702354567 0.0 0
1581936678 11.087639177 0.0 0
1581936856 10.732008511 0.0 0
1581937171 11.115231438 0.0 0
1581937516 11.102643639 0.0 0
1581937821 10.762088589 0.0 0
1581938155 10.811654111 0.0 0
1581938478 10.827386764 0.0 0
1581938787 10.485134754 0.0 0
1581939103 10.747518286 0.0 0
1581939448 10.95277917 0.0 0
1581939749 10.973788314 0.0 0
1581942155 10.939911781 0.0 0
1581942833 10.984168837 0.0 0
1581944431 10.984994032 0.0 0
1581945717 10.985734861 0.0 0
1581946288 10.920512887 0.0 0
1581946859 10.576658042 0.0 0
1581947779 10.965239318 0.0 0
1581948847 10.288054548 0.0 0
1582026860 11.433979982 0.0 0
1582027023 10.677059115 0.0 0
1582027183 11.890479917 0.0 0
1582027353 12.360063453 0.0 0
1582027765 11.171469615 0.0 0
1582027929 11.699063877 0.0 0
1582028098 11.669117109 0.0 0
1582028265 11.188492753 0.0 0
1582028431 12.456850594 0.0 0
1582028601 12.608944527 0.0 0
1582030256 10.516713625 0.0 0
1582030560 11.679227143 0.0 0
1582031216 10.997826849 0.0 0
1582031510 10.583120775 0.0 0
1582031809 10.60967395 0.0 0
1582032180 11.64549979 0.0 0
1582032500 12.122303622 0.0 0
1582032800 11.982955081 0.0 0
1582033102 10.193734663 0.0 0
1582033449 12.076286355 0.0 0
1582033777 11.842420875 0.0 0
1582035439 10.712910902 0.0 0
1582036043 12.280582373 0.0 0
1582036648 12.43163938 0.0 0
1582037255 12.086060438 0.0 0
1582037857 9.78764132 0.0 0
1582038449 12.395561043 0.0 0
1582041343 10.98102197 0.0 0
1582041952 11.975503548 0.0 0
1582043537 12.280734406 0.0 0
1582044152 11.298536973 0.0 0
1582044754 12.092565827 0.0 0
1582045058 11.835320597 0.0 0
1582045357 11.947819252 0.0 0
1582045665 12.034943129 0.0 0
1582045966 11.796321204 0.0 0
1582113072 12.495171223 0.0 0
1582113242 10.459078369 0.0 0
1582113405 11.683263957 0.0 0
1582113573 11.927519357 0.0 0
1582113734 12.519958972 0.0 0
1582113913 11.279208888 0.0 0
1582114076 11.519261891 0.18181818181818182 1
1582114239 10.156113358 0.0 0
1582114406 10.742326695 0.0 0
1582114567 12.396974631 0.0 0
1582114733 11.383094447 0.0 0
1582114895 10.437420892 0.0 0
1582115062 10.277793554 0.0 0
1582115227 10.674977035 0.0 0
1582115390 11.875242002 0.0 0
1582115553 11.396478052 0.0 0
1582115717 11.664168714 0.0 0
1582115880 12.04347362 0.0 0
1582116062 10.935022428 0.0 0
1582116279 10.320276011 0.0 0
1582116450 12.045803534 0.0 0
1582116617 12.189114059 0.0 0
1582118938 12.273818956 0.0 0
1582119100 10.648234575 0.0 0
1582119269 12.411631227 0.0 0
1582119437 11.031390352 0.0 0
1582119620 12.561390254 0.0 0
1582119784 12.008436258 0.0 0
1582119953 12.595784423 0.0 0
1582120127 12.198118846 0.0 0
1582120310 11.471580408 0.0 0
1582120613 12.503970726 0.0 0
1582120850 12.105719742 0.0 0
1582121018 12.436583712 0.0 0
1582121186 89.319366689 0.0 0
1582121425 11.946404252 0.0 0
1582125169 11.898072096 0.0 0
1582125330 10.468835335 0.0 0
1582125813 10.657163454 0.0 0
1582125979 11.136276516 0.0 0
1582126148 10.673943393 0.0 0
1582126308 11.963261424 0.0 0
1582126474 12.371693867 0.0 0
1582126638 11.191409159 0.0 0
1582126805 10.108327381 0.0 0
1582126965 11.91638327 0.0 0
1582127125 12.37478887 0.0 0
1582127292 12.300757687 0.0 0
1582127462 11.890170514 0.0 0
1582127625 12.271495608 0.0 0
1582127789 12.448465726 0.0 0
1582127950 12.036352247 0.0 0
1582128117 10.629293406 0.0 0
1582128277 10.57969269 0.0 0
1582128459 10.857846007 0.0 0
1582128620 12.248272529 0.0 0
1582128787 11.994773264 0.0 0
1582128950 11.298912891 0.0 0
1582129122 11.455054582 0.0 0
1582129281 10.680345854 0.0 0
1582129441 11.39518248 0.0 0
1582129605 11.461200662 0.0 0
1582185027 12.25049402 0.0 0
1582185208 12.184782882 0.0 0
1582185945 10.708600916 0.0 0
1582186105 10.486670371 0.0 0
1582186264 10.719264 0.0 0
1582186838 10.756984156 0.0 0
1582187802 10.706805467 0.0 0
1582187958 11.034818965 0.0 0
1582188118 11.132277557 0.0 0
1582188280 10.845171883 0.0 0
1582188734 10.788171335 0.0 0
1582189452 10.839439638 0.0 0
1582190759 10.679790816 0.0 0
1582191049 11.081253747 0.0 0
1582191340 10.784633957 0.0 0
1582191636 11.030864205 0.0 0
1582191932 10.873982263 0.0 0
1582192223 11.008690629 0.0 0
1582192520 11.366170822 0.0 0
1582192808 11.075877758 0.0 0
1582193096 11.090679809 0.0 0
1582193730 10.867790948 0.0 0
1582193893 10.622590754 0.0 0
1582194058 10.628501892 0.0 0
1582194214 10.541563923 0.0 0
1582194540 10.595314643 0.0 0
1582194696 13.858095295 0.0 0
1582194870 10.609797878 0.0 0
1582195030 11.168638913 0.0 0
1582195191 11.521750113 0.0 0
1582195686 10.8211179 0.0 0
1582195846 11.042556188 0.0 0
1582196003 10.886815399 0.0 0
1582196164 10.877522989 0.0 0
1582196323 10.935042666 0.0 0
1582196482 10.906928777 0.0 0
1582196640 10.68669631 0.0 0
1582196798 10.905253956 0.0 0
1582196960 11.010034618 0.0 0
1582197127 10.598464946 0.0 0
1582197285 10.756953854 0.0 0
1582197445 16.595043313 0.0 0
1582197621 10.617201764 0.0 0
1582197779 10.77781935 0.0 0
1582197938 11.492013532 0.0 0
1582198095 10.797632669 0.0 0
1582198257 10.590748308 0.0 0
1582198413 10.817168023 0.0 0
1582198695 10.587035434 0.0 0
1582199043 11.162573125 0.0 0
1582631351 10.764439883 0.0 0
1582631512 10.490400782 0.0 0
1582631667 11.147983193 0.0 0
1582631825 11.066150979 0.0 0
1582631981 11.131446579 0.0 0
1582632139 10.684345377 0.0 0
1582632297 12.992215231 0.0 0
1582632461 10.918109242 0.0 0
1582632619 10.941112636 0.0 0
1582632782 10.850181169 0.0 0
1582634877 10.529488388 0.0 0
1582635160 10.895831841 0.0 0
1582635443 10.665998941 0.0 0
1582635727 10.876995419 0.0 0
1582636012 11.489911449 0.0 0
1582636299 11.115795368 0.0 0
1582636591 11.717605314 0.0 0
1582636882 10.576063206 0.0 0
1582637181 11.41123641 0.0 0
1582637478 11.027306466 0.0 0
1582637774 11.070423185 0.0 0
1582638333 10.782446073 0.0 0
1582638911 10.50557103 0.0 0
1582640589 10.874069482 0.0 0
1582641148 10.810764942 0.0 0
1582641709 11.112680529 0.0 0
1582642283 11.016661995 0.0 0
1582642859 11.286991276 0.0 0
1582643461 10.948534021 0.0 0
1582644019 10.928862294 0.0 0
1582884478 10.765027339 0.0 0
1582884658 10.980067271 0.0 0
1582884826 11.232163773 0.0 0
1582884987 11.092585371 0.0 0
1582885154 10.456575035 0.0 0
1582885316 10.929698701 0.0 0
1582885475 10.738161198 0.0 0
1582885637 10.795296023 0.0 0
1582885799 10.663625372 0.0 0
1582885960 10.75456437 0.0 0
1582886129 10.534332143 0.0 0
1582886410 10.954661139 0.0 0
1582886705 10.665348989 0.0 0
1582886997 11.192068126 0.0 0
1582887285 10.791065001 0.0 0
1582887572 10.91234915 0.0 0
1582887866 11.03505446 0.0 0
1582888153 10.700626273 0.0 0
1582888440 11.00533766 0.0 0
1582888728 11.029548761 0.0 0
1582898604 10.813948303 0.0 0
1582899189 10.852302803 0.0 0
1582899754 10.909958636 0.0 0
1582900317 10.5121422 0.0 0
1582900879 11.508401713 0.0 0
1582902623 10.973126396 0.0 0
1582903202 10.694349098 0.0 0
1574710620 11.383104175 0.0 0
1574707042 11.021259334 0.0 0
1574708705 10.790118182 0.0 0
