1569849927 15.082046852 0.0 0
1569850131 15.040269713 0.0 0
1569849927 15.082046852 0.0 0
1569850131 15.040269713 0.0 0
1569850941 18.069126726 0.0 0
1569851149 16.320324676 0.0 0
1569851497 17.465445368 0.058823529411764705 1
1569851706 15.155415347 0.0 0
1569851936 15.416069697 0.0 0
1569852165 15.351125422 0.0 0
1569852403 15.063568677 0.0 0
1569852620 14.946946675 0.0 0
1569853010 15.436390943 0.0 0
1569853322 15.261374806 0.0 0
1569853563 14.961741188 0.0 0
1569854203 15.547176296 0.0 0
1569855162 15.440952798 0.0 0
1569855609 15.37710408 0.0 0
1570446935 13.409002219 0.0 0
1570448026 14.973424086 0.0 0
1570448753 14.992653316 0.0 0
1570449222 15.071095926 0.0 0
1570449649 17.478895119 0.0 0
1570543048 15.451169704 0.0 0
1570543408 17.159656148 0.0 0
1570543612 15.353625277 0.0 0
1570544541 15.086500263 0.0 0
1570545002 14.956914949 0.0 0
1570545208 18.543560633 0.0 0
1571322920 15.196074414 0.0 0
1571323242 15.091142762 0.0 0
1571323635 14.855532945 0.0 0
1571324037 15.029004882 0.0 0
1571324437 14.890050773 0.0 0
1571325043 15.212430831 0.0 0
1571325240 14.921784631 0.0 0
1571325439 14.93591833 0.0 0
1571325644 14.925223013 0.0 0
1571325842 14.927698781 0.0 0
1571326042 15.241729567 0.0 0
1571326733 15.062812884 0.0 0
1571326946 14.861234843 0.0 0
1571327153 15.133293573 0.0 0
1571327367 15.28510014 0.0 0
1571327758 15.061518648 0.0 0
1571328149 15.112829996 0.0 0
1571328539 15.259685375 0.0 0
1571328930 15.227371928 0.0 0
1571329323 15.104072446 0.0 0
1571329915 14.838009699 0.0 0
1571395835 15.516666912 0.0 0
1571396031 14.953810857 0.0 0
1571396228 15.000586814 0.0 0
1571396427 15.256805884 0.0 0
1571396625 15.40096229 0.0 0
1571396824 15.131640487 0.0 0
1571397053 15.006274809 0.0 0
1571397258 14.979845023 0.0 0
1571397456 15.23860482 0.0 0
1571397653 15.081416574 0.0 0
1571397871 15.221885814 0.0 0
1571398264 14.952295024 0.0 0
1571398659 14.988020398 0.0 0
1571399049 15.269876213 0.0 0
1571399441 14.933417933 0.0 0
1571399838 14.872412225 0.0 0
1571400231 15.221635578 0.0 0
1571400653 14.931612506 0.0 0
1571401051 15.228159226 0.0 0
1571401444 15.058577139 0.0 0
1571404900 14.982072688 0.0 0
1571405100 15.09390497 0.0 0
1571405296 15.518275688 0.0 0
1571405497 15.080428753 0.0 0
1571405729 15.101265361 0.0 0
1571406824 15.132203753 0.0 0
1571407214 15.036873735 0.0 0
1571407607 14.96320632 0.0 0
1571407996 15.033392566 0.0 0
1571408388 15.000728163 0.0 0
1571408918 15.075824268 0.0 0
1571409150 15.127069716 0.0 0
1571409351 15.161743085 0.0 0
1571409549 15.254716661 0.0 0
1571409766 15.097488592 0.0 0
1571664333 15.187044218 0.0 0
1571664877 15.095431425 0.0 0
1571665080 15.092927217 0.0 0
1571665291 14.897649682 0.0 0
1571665485 15.068947563 0.0 0
1571665680 15.190419882 0.0 0
1571665880 15.189752124 0.0 0
1571666271 14.917630702 0.0 0
1571666662 15.120546791 0.0 0
1571667056 14.945769831 0.0 0
1571667492 15.193076354 0.0 0
1571668098 14.942664361 0.0 0
1571668297 15.012461166 0.0 0
1571668494 21.855535522 0.045454545454545456 1
1571668695 14.788104793 0.0 0
1571668892 15.41251467 0.0 0
1571669144 15.154698304 0.0 0
1571669544 14.796235471 0.0 0
1571751969 15.17435739 0.0 0
1571752164 15.009043966 0.0 0
1571752363 15.472616963 0.0 0
1571752567 15.669074074 0.0 0
1571752763 15.042403915 0.0 0
1571752959 15.10652098 0.0 0
1571753156 15.311619695 0.0 0
1571753353 14.987769617 0.0 0
1571753551 14.968288618 0.0 0
1571753747 14.884416065 0.0 0
1571754055 15.34644149 0.0 0
1571754452 15.380012489 0.0 0
1571754845 15.31598734 0.0 0
1571755248 14.979923585 0.0 0
1571755812 14.936212424 0.0 0
1571756481 15.020394326 0.0 0
1571756892 15.259089024 0.0 0
1571757342 15.181763759 0.0 0
1571757731 15.170054009 0.0 0
1571758130 14.996044464 0.0 0
1571758520 15.113220652 0.0 0
1571760104 16.608933458 0.0 0
1571760301 15.103684035 0.0 0
1571760502 15.058188849 0.0 0
1571760701 15.171245511 0.0 0
1571760900 15.180374718 0.0 0
1571761111 14.951488429 0.0 0
1571761311 14.915145978 0.0 0
1571761506 14.920678495 0.0 0
1571761701 14.959780462 0.0 0
1571762135 15.036530103 0.0 0
1571762924 15.296160405 0.0 0
1571763314 13.23025443 0.0 0
1571763703 15.108037058 0.0 0
1571764108 16.782611212 0.0 0
1571764521 15.110824524 0.0 0
1571764913 14.985246353 0.0 0
1571765302 14.774739929 0.0 0
1571765693 15.044847508 0.0 0
1571766270 15.203594579 0.0 0
1571767052 15.143895478 0.0 0
1571922201 14.938070441 0.0 0
1572003212 15.395788317 0.0 0
1572003406 14.855793695 0.0 0
1572003604 14.966327109 0.0 0
1572003802 15.04201983 0.0 0
1572003998 15.034494603 0.0 0
1572004193 15.221639062 0.0 0
1572004388 15.083194114 0.0 0
1572004588 15.069194114 0.0 0
1572004789 15.00833756 0.0 0
1572004988 14.986045773 0.0 0
1572006279 15.003782626 0.0 0
1572007017 15.007794696 0.0 0
1572007410 15.337705666 0.0 0
1572007904 15.194697381 0.0 0
1572008314 14.920694608 0.0 0
1572008717 15.146155847 0.0 0
1572009113 13.467815382 0.0 0
1572009501 14.972281502 0.0 0
1572009892 15.191850301 0.0 0
1572010287 14.876529416 0.0 0
1572010678 15.272140225 0.0 0
1572011190 14.97494095 0.0 0
1572011386 14.93674502 0.0 0
1572011582 13.329338107 0.0 0
1572011779 15.294052972 0.0 0
1572011976 15.246997152 0.0 0
1572012173 15.007491787 0.0 0
1572012368 15.15529868 0.0 0
1572012562 15.065024905 0.0 0
1572012757 15.158212295 0.0 0
1572012950 15.212161071 0.0 0
1572013240 15.932499264 0.0 0
1572013633 14.91652222 0.0 0
1572014026 15.003735006 0.0 0
1572014417 14.992966934 0.0 0
1572014806 15.309798868 0.0 0
1572265010 15.200292091 0.0 0
1572265207 15.250651639 0.0 0
1572265405 15.08854877 0.26666666666666666 2
1572265603 15.673898239 0.06666666666666667 1
1572265801 15.591057222 0.0 0
1572266011 15.051382204 0.0 0
1572266204 14.977141538 0.0 0
1572266405 15.233940666 0.0 0
1572266607 15.211269043 0.0 0
1572268087 14.988305524 0.0 0
1572268858 14.934142248 0.0 0
1572269272 14.932721259 0.0 0
1572269678 14.708772289 0.0 0
1572270095 15.559285611 0.0625 1
1572270493 14.429762656 0.0 0
1572270885 15.404229004 0.0 0
1572272246 12.301124651 0.0 0
1572272577 12.095618019 0.0 0
1572272912 12.620704389 0.0 0
1572273591 12.194968168 0.0 0
1572274083 12.178812124 0.0 0
1572274251 12.206843249 0.0 0
1572274427 12.03206176 0.0 0
1572274592 12.061300435 0.0 0
1572274765 12.192156484 0.0 0
1572274935 12.022767636 0.0 0
1572275103 12.282209768 0.0 0
1572275282 12.103163556 0.0 0
1572275451 12.050634166 0.0 0
1572275626 12.113305306 0.0 0
1572276014 13.31161524 0.0 0
1572276348 12.100683687 0.0 0
1572276686 12.277482904 0.0 0
1572277017 12.256821098 0.0 0
1572277347 12.027103721 0.0 0
1572277694 12.148534163 0.0 0
1572278041 12.286526868 0.0 0
1572278375 12.219193078 0.0 0
1572361223 15.427540025 0.0 0
1572361421 15.00438161 0.0 0
1572361616 15.220685466 0.0 0
1572361811 14.904530429 0.0 0
1572362008 17.466859677 0.0 0
1572362204 15.177387327 0.0 0
1572362400 15.098727812 0.0 0
1572362595 15.269796 0.0 0
1572362794 15.235438593 0.0 0
1572362990 14.895262592 0.0 0
1572363434 12.157780556 0.0 0
1572363764 12.006622696 0.0 0
1572364093 11.904991212 0.0 0
1572364424 12.131867176 0.0 0
1572364757 12.059772834 0.0 0
1572365098 12.000526572 0.0 0
1572365476 12.028126224 0.0 0
1572365848 12.220008186 0.0 0
1572366187 12.185060985 0.0 0
1572366523 12.143716581 0.0 0
1572366875 11.963081631 0.0 0
1572367042 11.952137262 0.0 0
1572367211 12.091159623 0.0 0
1572367381 11.997885381 0.0 0
1572367563 12.186130615 0.0 0
1572367734 12.120912442 0.0 0
1572367910 12.13725228 0.0 0
1572368078 12.606164619 0.0 0
1572368244 12.177823733 0.0 0
1572368410 12.124798924 0.0 0
1572369553 12.382762461 0.0 0
1572369883 12.184686578 0.0 0
1572370213 12.015776991 0.0 0
1572370545 12.088280728 0.0 0
1572370874 12.125375744 0.0 0
1572371203 14.922173854 0.0 0
1572371537 12.084788333 0.0 0
1572371866 12.159495092 0.0 0
1572372195 12.124069621 0.0 0
1572372524 12.139041376 0.0 0
1572532340 15.100749783 0.0 0
1572532542 14.858098925 0.0 0
1572532749 13.252714448 0.0 0
1572533531 12.15233162 0.0 0
1572533869 12.146743451 0.0 0
1572534223 12.196590758 0.0 0
1572534570 12.277257115 0.0 0
1572534902 12.295448637 0.0 0
1572535250 12.116353404 0.0 0
1572535581 12.245495359 0.0 0
1572535917 11.915213811 0.0 0
1572536247 12.260264166 0.0 0
1572536613 11.909945901 0.0 0
1572537214 12.252112732 0.0 0
1572537870 10.971969309 0.0 0
1572538521 12.016402139 0.0 0
1572539178 11.935567137 0.0 0
1572539830 12.152546726 0.0 0
1572540737 12.15819111 0.0 0
1572541390 12.42691794 0.0 0
1572542039 12.256171753 0.0 0
1572542686 12.023919672 0.0 0
1572543331 12.123250531 0.0 0
1572544462 12.227756756 0.0 0
1572544630 12.203002702 0.0 0
1572544800 12.116621653 0.0 0
1572544974 12.051823293 0.0 0
1572545148 12.260973453 0.0 0
1572869974 12.086071697 0.0 0
1572870142 12.072466016 0.0 0
1572870363 12.258558923 0.0 0
1572870548 12.337494798 0.0 0
1572870765 12.062496788 0.0 0
1572871103 12.327006409 0.0 0
1572871754 12.121820425 0.0 0
1572872403 12.27802615 0.0 0
1572873084 12.119016423 0.0 0
1572873734 11.990833887 0.0 0
1572874796 12.200803461 0.0 0
1572875647 13.560355094 0.14285714285714285 1
1572876881 12.210943189 0.0 0
1572877536 12.138374519 0.0 0
1572878747 27.46880467 0.03571428571428571 1
1572879875 12.135375996 0.0 0
1572880157 12.320833985 0.0 0
1572880493 12.025700887 0.0 0
1572880832 12.200454311 0.0 0
1572881178 11.980411527 0.0 0
1572881513 11.953311187 0.0 0
1572881845 12.167142617 0.0 0
1572882176 12.113807974 0.0 0
1572882566 12.173498655 0.0 0
1572882915 12.75299866 0.0 0
1572883256 12.068835762 0.0 0
1572965356 12.166954472 0.0 0
1572965523 12.082717414 0.0 0
1572965691 12.192460577 0.0 0
1572965860 12.213514889 0.0 0
1572966031 11.987843678 0.0 0
1572966197 12.290278333 0.0 0
1572966369 12.11677772 0.0 0
1572966553 12.140646514 0.0 0
1572966725 19.520697531 0.0 0
1572966896 12.157339028 0.0 0
1572967167 12.137553613 0.0 0
1572967823 12.192426124 0.0 0
1572969127 12.065439761 0.0 0
1572969780 15.593246659 0.0 0
1572970440 12.003516587 0.0 0
1572971091 12.227995228 0.0 0
1572971754 12.345173194 0.0 0
1572972413 12.225001196 0.0 0
1572973126 12.057035601 0.0 0
1572973779 12.113618778 0.0 0
1572974428 12.185270932 0.0 0
1572975158 12.167024865 0.0 0
1572975485 12.125834842 0.0 0
1572975834 15.012430621 0.0 0
1572976228 12.807319776 0.0 0
1572976566 12.223253732 0.0 0
1572976896 12.065612202 0.0 0
1572977226 12.034595883 0.0 0
1572977589 12.133606697 0.0 0
1572977937 12.197807009 0.0 0
1573207003 12.235384351 0.0 0
1573207171 12.120855813 0.0 0
1573207340 12.174839039 0.0 0
1573207506 12.274723787 0.0 0
1573207676 12.191077316 0.0 0
1573207844 12.049496654 0.0 0
1573208011 12.194687758 0.0 0
1573208176 12.101034205 0.0 0
1573208343 12.114991066 0.0 0
1573208509 12.115813307 0.0 0
1573208715 12.061269171 0.0 0
1573209365 12.05513735 0.0 0
1573210032 12.095557208 0.0 0
1573210697 12.063212269 0.16666666666666666 1
1573211363 12.157880484 0.0 0
1573212019 11.966268493 0.0 0
1573212668 12.312880089 0.0 0
1573213321 12.199111545 0.0 0
1573213990 12.05076496 0.0 0
1573214647 12.20052374 0.0 0
1573218182 12.197202326 0.0 0
1573218511 11.928727817 0.0 0
1573218902 11.991845721 0.0 0
1573220245 12.107767476 0.0 0
1573220412 12.069359234 0.0 0
1573220580 12.188835897 0.0 0
1573220749 12.210155611 0.0 0
1573220916 12.179905438 0.0 0
1573221084 12.075798829 0.0 0
1573221248 12.097987846 0.0 0
1573221417 12.241452987 0.0 0
1573221584 12.234787878 0.0 0
1573221753 12.052545795 0.0 0
1573221942 12.390421443 0.0 0
1573222114 12.048288227 0.0 0
1573222280 12.125367837 0.0 0
1573222445 12.221749488 0.0 0
1573222613 12.259939889 0.0 0
1573301094 12.003373815 0.08333333333333333 1
1573301263 12.224988963 0.08333333333333333 1
1573301432 12.17537137 0.0 0
1573301798 12.254482124 0.0 0
1573301969 19.102482465 0.0 0
1573302145 12.094880688 0.0 0
1573302319 12.069606408 0.0 0
1573302488 12.173629736 0.0 0
1573302655 12.177075748 0.0 0
1573303803 10.908864075 0.0 0
1573303971 11.036180546 0.0 0
1573304135 11.660469732 0.0 0
1573304298 14.243703376 0.0 0
1573304460 11.408795457 0.0 0
1573304627 11.704738262 0.0 0
1573304786 11.488327585 0.0 0
1573304945 11.340177733 0.0 0
1573305111 9.974012385 0.0 0
1573305269 11.297887118 0.0 0
1573306406 32.629775758 0.0 0
1573306743 10.776316059 0.0 0
1573307067 10.198135131 0.0 0
1573307402 11.399730774 0.0 0
1573307719 11.418568862 0.0 0
1573308040 11.0198265 0.0 0
1573308354 11.317758352 0.0 0
1573308686 11.660660878 0.0 0
1573309006 11.323100781 0.0 0
1573309336 11.525238838 0.0 0
1573310177 11.259977216 0.0 0
1573310802 11.304679048 0.0 0
1573311418 11.294040138 0.0 0
1573312035 11.136151276 0.0 0
1573312734 10.741800109 0.0 0
1573313357 10.677194562 0.0 0
1573313976 12.089202214 0.0 0
1573314605 11.26057694 0.0 0
1573741838 11.420684201 0.0 0
1573741956 11.500870169 0.0 0
1573743588 11.403925047 0.0 0
1573743689 11.568803517 0.0 0
1573743788 11.218212094 0.0 0
1573743886 11.077021673 0.0 0
1573743986 10.956755443 0.0 0
1573744180 11.24805459 0.0 0
1573744278 11.190198884 0.0 0
1573744374 11.24919689 0.0 0
1573744466 10.841429893 0.0 0
1573744577 11.373318555 0.0 0
1573744670 10.971263438 0.0 0
1573744784 11.390204511 0.0 0
1573744882 10.851782836 0.0 0
1573745019 11.117843822 0.0 0
1573745116 97.168987075 0.0 0
1573745300 10.959673415 0.0 0
1573745397 16.426118971 0.0 0
1573745499 11.391015703 0.0 0
1573745600 10.930397969 0.0 0
1573745698 11.286664617 0.0 0
1573745801 10.884954314 0.0 0
1573745900 11.207522888 0.0 0
1573745995 10.815176216 0.0 0
1573746096 11.159854021 0.0 0
1573746194 10.954598633 0.0 0
1573746295 10.937783544 0.0 0
1573746396 10.980530608 0.0 0
1573746493 10.960526266 0.0 0
1573746589 11.367950256 0.0 0
1573748909 11.478756191 0.0 0
1573749006 10.766139065 0.0 0
1573749107 11.385622884 0.0 0
1573749218 11.228211691 0.0 0
1573749312 11.243944752 0.0 0
1573749445 11.62315259 0.0 0
1573749551 10.848429603 0.0 0
1573749649 11.297624574 0.0 0
1573749748 12.355284578 0.0 0
1573749845 11.179980392 0.0 0
1573752442 11.231182157 0.0 0
1573752699 11.259892405 0.0 0
1573752859 11.317313848 0.0 0
1573753016 11.213548271 0.0 0
1573753174 12.040931711 0.0 0
1573753328 11.684625517 0.0 0
1573753488 11.368373936 0.0 0
1573753641 10.810948979 0.0 0
1573753803 11.03857899 0.0 0
1573754623 11.285733482 0.0 0
1573754782 11.196062955 0.0 0
1573755112 11.241569384 0.0 0
1573755270 11.093586779 0.0 0
1573755430 11.197803119 0.0 0
1573755587 9.907838463 0.0 0
1573755744 11.112863897 0.0 0
1573755902 11.35585198 0.0 0
1573756060 9.96940848 0.0 0
1573827953 11.105664959 0.0 0
1573828265 11.474271005 0.0 0
1573828576 11.394408137 0.0 0
1573828881 10.785086657 0.0 0
1573829186 11.515134772 0.0 0
1573829492 11.398160953 0.0 0
1573829873 10.886491052 0.0 0
1573830359 11.357316405 0.0 0
1573830667 11.322582687 0.0 0
1573830975 10.669801532 0.0 0
1573831367 10.778583906 0.0 0
1573831524 11.153112193 0.0 0
1573831683 11.098447624 0.0 0
1573831856 11.187817971 0.0 0
1573832008 11.107265783 0.0 0
1573832167 11.831294609 0.0 0
1573832323 11.088720493 0.0 0
1573832490 11.276428019 0.0 0
1573832645 11.273778572 0.0 0
1573832800 11.142143308 0.0 0
1573832984 23.306025769 0.0 0
1573833153 11.004351052 0.0 0
1573833317 11.267707319 0.0 0
1573833473 11.06675251 0.0 0
1573833631 11.420979341 0.0 0
1573901006 11.232494496 0.0 0
1573901163 11.196508785 0.0 0
1573901320 11.075564981 0.0 0
1573901475 11.140894939 0.0 0
1573901636 11.494155328 0.0 0
1573901790 11.216667139 0.0 0
1573901945 11.330170296 0.0 0
1573902103 10.934795839 0.0 0
1573902260 11.324370222 0.0 0
1573902416 11.310322889 0.0 0
1573902609 10.994640021 0.0 0
1573902917 11.482990989 0.0 0
1573903227 11.478918485 0.0 0
1573903849 11.419965866 0.0 0
1573904158 11.230377696 0.0 0
1573904478 14.287074391 0.0 0
1574685732 11.173983454 0.0 0
1574685921 10.962125565 0.0 0
1574686095 11.304174453 0.0 0
1574686252 10.990726814 0.0 0
1574686415 11.09129894 0.0 0
1574686571 11.358981156 0.0 0
1574686736 11.229180113 0.0 0
1574686902 11.451725032 0.0 0
1574687092 11.272212694 0.0 0
1574687264 14.970518081 0.0 0
1574687926 11.088562581 0.0 0
1574688238 11.549141431 0.0 0
1574689228 11.040357749 0.0 0
1574689599 10.835588905 0.0 0
1574689813 11.088486128 0.0 0
1574689973 22.182659945 0.0 0
1574690145 11.158001334 0.0 0
1574690322 11.285571046 0.0 0
1574690483 11.076290333 0.0 0
1574690652 11.459696229 0.0 0
1574690813 11.662607867 0.0 0
1574690997 11.428200754 0.0 0
1574691176 11.615464209 0.0 0
1574691930 11.345097222 0.0 0
1574692249 11.086194032 0.0 0
1574692566 12.420658286 0.0 0
1574693478 11.091019954 0.0 0
1574693803 10.932088285 0.0 0
1574694234 11.398330862 0.0 0
1574694564 11.207282658 0.0 0
1574695120 10.976714882 0.0 0
1574695449 19.417174972 0.0 0
1574695769 11.192852626 0.0 0
1574696229 11.201124638 0.0 0
1574696805 11.088157986 0.0 0
1574697380 10.952893209 0.0 0
1574697973 11.287184694 0.0 0
1574698542 11.065066568 0.0 0
1574706663 10.994290395 0.0 0
1574706798 10.874713252 0.0 0
1574707042 11.093472074 0.0 0
1574707221 11.093300721 0.0 0
1574708009 11.403639376 0.0 0
1574708504 10.560977021 0.0 0
1574708705 11.18369935 0.0 0
1574709087 11.116829857 0.0 0
1574709320 11.161316177 0.0 0
1574710431 11.158363514 0.0 0
1574710620 11.266923005 0.0 0
1574950712 11.452581936 0.0 0
1574951025 21.089327148 0.0 0
1574951399 35.105542112 0.0 0
1574951754 22.849492687 0.0 0
1574952080 11.240143277 0.0 0
1574952396 11.319368844 0.0 0
1574952800 23.166029021 0.0 0
1574953161 31.382063859 0.0 0
1574953491 10.105106987 0.0 0
1574953816 11.152422748 0.0 0
1574954145 11.208736211 0.0 0
1574954308 11.128686484 0.0 0
1574954483 11.026748264 0.0 0
1574954648 11.226413812 0.0 0
1574954832 11.191863469 0.0 0
1574954990 11.002551202 0.0 0
1574955150 110.466881291 0.0 0
1574955407 11.115635824 0.0 0
1574955567 11.132086073 0.0 0
1574955728 11.299486544 0.0 0
1574955985 10.840000458 0.0 0
1574957222 10.850831917 0.0 0
1574957833 11.118404825 0.0 0
1574958400 36.636105261 0.0 0
1574958993 31.912619446 0.0 0
1574959617 11.228596234 0.0 0
1574960181 24.425575757 0.0 0
1574960767 51.734923806 0.018867924528301886 1
1574961446 11.54351492 0.0 0
1575026475 11.188697694 0.0 0
1575026637 11.06963429 0.0 0
1575026798 10.765184931 0.0 0
1575026958 10.982621637 0.0 0
1575027122 11.067854121 0.0 0
1575027283 11.311724565 0.0 0
1575027449 11.150827265 0.0 0
1575027606 11.170813085 0.0 0
1575027770 10.899214175 0.0 0
1575027935 11.267255052 0.0 0
1575028116 11.380143815 0.0 0
1575028424 10.905941647 0.0 0
1575028736 10.900116727 0.0 0
1575029069 11.132601038 0.0 0
1575029386 11.163834574 0.0 0
1575029693 11.736584317 0.0 0
1575030009 11.016219881 0.0 0
1575030320 11.180704528 0.0 0
1575030636 10.988831729 0.0 0
1575030967 11.172883028 0.0 0
1575032916 11.383416227 0.0 0
1575033483 11.158623174 0.0 0
1575034074 11.151380933 0.0 0
1575034642 11.225257151 0.0 0
1575035214 11.379220072 0.0 0
1575036237 10.833681788 0.0 0
1575036812 11.134528392 0.0 0
1575037373 11.186877562 0.0 0
1575037930 11.02213879 0.0 0
1575038942 11.27362155 0.0 0
1575112792 10.732616797 0.0 0
1575112953 10.919269416 0.0 0
1575113115 11.308113755 0.0 0
1575113276 10.051175938 0.0 0
1575113433 11.391518404 0.0 0
1575113593 11.161919502 0.0 0
1575113750 11.099034849 0.0 0
1575113908 11.173016555 0.0 0
1575114065 11.159267695 0.0 0
1575114233 11.093046987 0.0 0
1575114402 11.021363462 0.0 0
1575114706 10.993713287 0.0 0
1575115016 11.046543413 0.0 0
1575115325 11.25560351 0.0 0
1575115634 11.178432247 0.0 0
1575115949 11.279500148 0.0 0
1575116260 11.338533494 0.0 0
1575116572 11.097076186 0.0 0
1575116879 11.330966993 0.0 0
1575117187 11.06068237 0.0 0
1575120209 10.977849708 0.0 0
1575120771 11.352567748 0.0 0
1575121330 11.117613302 0.0 0
1575122393 11.159017032 0.0 0
1575122952 10.964545822 0.0 0
1575123508 11.105082897 0.0 0
1575124068 11.205863143 0.0 0
1575124622 11.127986969 0.0 0
1575125188 11.148081375 0.0 0
1575125757 11.215276579 0.0 0
1575289720 11.067742471 0.0 0
1575289883 12.621501238 0.0 0
1575290053 11.184345225 0.0 0
1575290236 10.82258758 0.0 0
1575290404 11.285790903 0.0 0
1575290753 11.139149534 0.0 0
1575290912 12.553089007 0.0 0
1575291073 10.908520339 0.0 0
1575291233 11.168787348 0.0 0
1575292910 14.637963621 0.0 0
1575293229 10.959527698 0.0 0
1575293565 30.414110363 0.0 0
1575293902 29.676101554 0.0 0
1575294240 11.175334278 0.0 0
1575294929 58.086668239 0.0 0
1575295702 29.840196047 0.0 0
1575296910 29.33662501 0.0 0
1575297496 11.443189328 0.18181818181818182 1
1575298079 11.070494241 0.0 0
1575298650 11.052201905 0.0 0
1575299223 11.185706778 0.0 0
1575299800 11.08845147 0.0 0
1575300425 11.097606435 0.0 0
1575300983 11.045856896 0.0 0
1575301781 28.92294099 0.0 0
1575384123 11.034830021 0.0 0
1575384283 11.060059009 0.0 0
1575384443 11.251626881 0.0 0
1575384601 11.250316518 0.0 0
1575384766 11.437929543 0.0 0
1575384921 11.252740101 0.0 0
1575385082 11.167153857 0.0 0
1575385244 11.141269575 0.0 0
1575385404 11.140085332 0.0 0
1575385567 11.155721609 0.0 0
1575385809 11.052525492 0.0 0
1575386119 11.258839161 0.0 0
1575386431 11.231440582 0.0 0
1575386837 10.905557681 0.0 0
1575387145 11.30051427 0.0 0
1575387455 11.085845358 0.0 0
1575387765 10.836595859 0.0 0
1575388073 11.097110063 0.0 0
1575388381 11.313485586 0.0 0
1575388687 11.059805803 0.0 0
1575389989 11.40430484 0.0 0
1575390558 11.126310107 0.0 0
1575391125 11.391527225 0.0 0
1575391689 11.137309078 0.0 0
1575392502 13.168176849 0.0 0
1575393136 11.098985997 0.0 0
1575393699 11.027927809 0.0 0
1575394264 11.122786868 0.0 0
1575394827 11.137676405 0.0 0
1575395389 11.004489158 0.0 0
1575397059 33.851273019 0.0 0
1575397347 38.982958766 0.0 0
1575397592 34.296188873 0.0 0
1575397950 32.939205755 0.0 0
1575398203 28.163135484 0.0 0
1575398422 34.157451255 0.0 0
1575473350 11.023290846 0.0 0
1575474379 11.366963518 0.0 0
1575556503 11.031398889 0.0 0
1575556664 11.287238165 0.0 0
1575556829 10.892821064 0.0 0
1575557009 10.953686919 0.0 0
1575557191 11.058420463 0.0 0
1575557375 11.191485084 0.0 0
1575557550 11.060091567 0.0 0
1575557723 11.191247307 0.0 0
1575558182 10.829170014 0.0 0
1575558371 11.20778507 0.0 0
1575558568 11.190533602 0.0 0
1575558880 10.993541105 0.0 0
1575559208 11.131513344 0.0 0
1575559518 11.10275791 0.0 0
1575559894 11.144988915 0.0 0
1575560222 11.148109024 0.0 0
1575560551 12.742577513 0.0 0
1575561084 10.998233785 0.0 0
1575561431 11.076153671 0.0 0
1575561788 11.270980031 0.0 0
1575562207 11.275146486 0.0 0
1575562916 11.559447149 0.0 0
1575563553 11.134119367 0.0 0
1575564167 10.852809772 0.0 0
1575564750 10.865602909 0.0 0
1575565317 11.017936918 0.0 0
1575565879 11.265786945 0.0 0
1575566449 11.228990976 0.0 0
1575567785 11.243755175 0.0 0
1575568397 11.237004175 0.0 0
1579184002 11.010423987 0.0 0
1579184717 11.313061976 0.0 0
1579184878 11.138439748 0.0 0
1579185040 10.905622166 0.0 0
1579185217 9.996760444 0.0 0
1579185391 11.130509094 0.0 0
1579185574 11.210717774 0.0 0
1579185748 11.047334581 0.0 0
1579185926 27.186560742 0.0 0
1579186114 11.051047371 0.0 0
1579186312 11.500989487 0.0 0
1579186625 11.071874573 0.0 0
1579187674 11.068601435 0.0 0
1579187982 29.851132067 0.0 0
1579188314 11.034192693 0.0 0
1579188451 11.255507049 0.0 0
1579188970 22.790991138 0.0 0
1579189297 9.847692357 0.0 0
1579189644 11.020962777 0.0 0
1579189980 11.087690136 0.0 0
1579190298 28.253500431 0.0 0
1579190840 11.434793746 0.0 0
1579191456 11.138575017 0.0 0
1579192022 9.774386249 0.0 0
1579192586 24.549048987 0.0 0
1579193167 10.915352364 0.0 0
1579193755 11.218283412 0.0 0
1579194321 11.447837016 0.0 0
1579194891 11.061200451 0.0 0
1579195455 11.385730993 0.0 0
1579196045 11.355445336 0.0 0
1579351732 10.847768284 0.0 0
1579351899 11.102027808 0.0 0
1579352059 11.051995994 0.0 0
1579352221 11.087493944 0.0 0
1579352383 11.122264692 0.0 0
1579352547 11.575197908 0.0 0
1579352705 11.004592899 0.0 0
1579352867 11.010082352 0.0 0
1579353031 10.025649606 0.0 0
1579353192 10.802555791 0.0 0
1579354074 11.182401083 0.0 0
1579354380 10.936170579 0.0 0
1579354691 11.478327813 0.0 0
1579355003 11.185509027 0.0 0
1579355310 10.992650644 0.0 0
1579355619 11.066797433 0.0 0
1579355929 11.742967863 0.09090909090909091 1
1579356233 10.940223458 0.0 0
1579356541 11.156645993 0.0 0
1579356846 11.470536677 0.0 0
1579359253 11.299689372 0.0 0
1579359825 11.232153518 0.0 0
1579360389 11.055459623 0.0 0
1579360948 10.904627915 0.0 0
1579361504 11.098666575 0.0 0
1579362058 9.795665936 0.0 0
1579362613 10.918344662 0.0 0
1579363173 11.360988132 0.0 0
1579363742 11.292233497 0.0 0
1579364303 11.101152661 0.0 0
1579522813 11.174217788 0.0 0
1579523024 10.968130737 0.0 0
1579523214 10.786463849 0.0 0
1579523379 10.964740469 0.0 0
1579523551 10.979946944 0.0 0
1579523733 11.13718678 0.0 0
1579523914 11.046257042 0.0 0
1579524271 11.292573482 0.0 0
1579524439 11.358768606 0.0 0
1579524671 11.152355903 0.0 0
1579524995 32.589996792 0.0 0
1579525346 10.965124147 0.0 0
1579525723 25.681946288 0.0 0
1579526047 26.357416486 0.0 0
1579528358 11.202458115 0.0 0
1579528679 11.032711452 0.0 0
1579529102 11.309114624 0.0 0
1579529481 36.577292798 0.0 0
1579529818 11.451948738 0.0 0
1579530218 11.148193305 0.0 0
1579530857 11.188695616 0.0 0
1579531907 10.772534834 0.0 0
1579532610 11.007081425 0.0 0
1579533244 29.611108729 0.0 0
1579533838 24.76794652 0.0 0
1579534481 68.978742344 0.0 0
1579535154 11.432022506 0.0 0
1579535741 25.025598483 0.0 0
1579536821 11.055771808 0.0 0
1579537406 16.294087526 0.0 0
1580215272 11.073808166 0.0 0
1580215464 10.873412735 0.0 0
1580215631 11.242687278 0.0 0
1580215791 10.94851549 0.0 0
1580215951 11.165153944 0.0 0
1580216114 11.041775625 0.0 0
1580216274 11.234010854 0.0 0
1580216435 11.186981438 0.0 0
1580216594 11.011128434 0.0 0
1580216776 11.246409918 0.0 0
1580217807 11.111587605 0.0 0
1580218135 11.237500187 0.0 0
1580218451 10.823311634 0.0 0
1580218785 11.044352886 0.0 0
1580219137 11.082170957 0.0 0
1580219497 11.252039793 0.0 0
1580222225 11.023156765 0.0 0
1580222540 11.044065834 0.0 0
1580222855 10.949748442 0.0 0
1580223159 11.099685562 0.0 0
1580223547 11.121053906 0.0 0
1580224114 11.047691018 0.0 0
1580224671 11.114148231 0.0 0
1580225230 11.165944284 0.0 0
1580225795 11.195029384 0.0 0
1580226372 10.887332707 0.0 0
1580226941 10.977929576 0.0 0
1580227539 10.995551042 0.0 0
1580228123 11.520200295 0.0 0
1580228683 11.30722891 0.0 0
1580304687 10.993953337 0.0 0
1580304844 10.900645472 0.0 0
1580305005 11.132921223 0.0 0
1580305165 10.961216073 0.0 0
1580305350 11.547587809 0.0 0
1580305510 10.868387281 0.0 0
1580305672 11.152616853 0.0 0
1580305831 11.07444268 0.0 0
1580305987 11.058244907 0.0 0
1580306146 11.05681258 0.0 0
1580306451 10.994123506 0.0 0
1580306752 11.087185041 0.0 0
1580307067 11.196702294 0.0 0
1580307628 11.240643883 0.0 0
1580307938 11.372596099 0.0 0
1580308249 11.36876637 0.0 0
1580310453 10.999662958 0.0 0
1580310767 11.218371642 0.0 0
1580311080 11.440128805 0.0 0
1580311389 11.091734607 0.0 0
1580311763 11.061415027 0.0 0
1580312107 10.99877184 0.0 0
1580312692 11.067453065 0.0 0
1580313250 11.120270023 0.0 0
1580314214 11.279971575 0.0 0
1580314771 11.112714414 0.0 0
1580315326 11.45762832 0.0 0
1580315890 11.283741244 0.0 0
1580316593 10.913161968 0.0 0
1580317165 11.193228294 0.0 0
1581935186 11.368903054 0.0 0
1581935345 11.011709875 0.0 0
1581935506 11.352353228 0.0 0
1581935671 11.7075726 0.0 0
1581935839 11.378692716 0.0 0
1581936011 11.373754506 0.0 0
1581936182 11.141044055 0.0 0
1581936342 11.377040941 0.0 0
1581936503 11.01104059 0.0 0
1581936678 11.308291286 0.0 0
1581936856 11.080695488 0.0 0
1581937171 11.248447133 0.0 0
1581937516 11.521666858 0.0 0
1581937821 11.236573026 0.0 0
1581938155 11.07460169 0.0 0
1581938478 10.778305212 0.0 0
1581938787 10.697386079 0.0 0
1581939103 11.007592603 0.0 0
1581939448 11.301126417 0.0 0
1581939749 11.401686374 0.0 0
1581942156 11.124210495 0.0 0
1581942833 11.454569205 0.0 0
1581944431 11.324439005 0.0 0
1581945717 11.206089301 0.0 0
1581946288 11.080370119 0.0 0
1581946860 9.94774415 0.0 0
1581947779 11.136081309 0.0 0
1581948847 10.56275259 0.0 0
1582026860 11.433979982 0.0 0
1582027023 10.96086121 0.0 0
1582027183 12.304409007 0.0 0
1582027353 12.302496033 0.0 0
1582027765 11.548564803 0.0 0
1582027929 11.479591511 0.0 0
1582028098 11.611469809 0.0 0
1582028265 11.682361536 0.0 0
1582028432 12.556704935 0.0 0
1582028601 12.712920564 0.0 0
1582030256 10.624251431 0.0 0
1582030560 11.547697796 0.0 0
1582031216 10.939151099 0.0 0
1582031509 10.966448522 0.0 0
1582031809 10.732475183 0.0 0
1582032180 11.307449556 0.0 0
1582032500 11.960715638 0.0 0
1582032800 11.680635555 0.0 0
1582033101 10.786217713 0.0 0
1582033449 12.015605784 0.0 0
1582033777 11.706232093 0.0 0
1582035439 10.72462129 0.0 0
1582036043 12.572474761 0.0 0
1582036648 12.821080822 0.0 0
1582037255 11.959864593 0.0 0
1582037856 10.704594981 0.0 0
1582038449 12.41150582 0.0 0
1582041342 11.591172259 0.0 0
1582041952 11.728883221 0.0 0
1582043537 12.41321279 0.0 0
1582044151 12.073632558 0.0 0
1582044754 12.162536827 0.0 0
1582045058 11.68118547 0.0 0
1582045357 11.642561362 0.0 0
1582045665 12.247063837 0.0 0
1582045966 11.531960567 0.0 0
1582113072 12.536344682 0.0 0
1582113242 10.751345211 0.0 0
1582113405 11.596790026 0.0 0
1582113573 12.148231973 0.0 0
1582113734 12.684230072 0.0 0
1582113913 11.492634298 0.0 0
1582114075 11.770421265 0.16666666666666666 1
1582114238 11.302929627 0.0 0
1582114405 11.205719642 0.0 0
1582114567 12.692455447 0.0 0
1582114733 11.205670753 0.0 0
1582114894 11.796791634 0.0 0
1582115061 10.681331974 0.0 0
1582115227 11.003270382 0.0 0
1582115390 11.612307579 0.0 0
1582115553 11.449551581 0.0 0
1582115717 11.434464295 0.0 0
1582115880 11.998944818 0.0 0
1582116062 11.741854448 0.0 0
1582116280 9.928381059 0.0 0
1582116450 12.135443559 0.0 0
1582118938 11.929004143 0.0 0
1582119100 11.346008125 0.0 0
1582119269 12.372230113 0.0 0
1582119436 11.243583128 0.0 0
1582119620 12.858063366 0.0 0
1582119784 11.87623285 0.0 0
1582119953 12.682426225 0.0 0
1582120127 12.457858073 0.0 0
1582120310 11.174164116 0.0 0
1582120613 12.584108679 0.0 0
1582120850 12.274826203 0.0 0
1582121018 12.638247566 0.0 0
1582121186 89.01929303 0.0 0
1582121425 12.024763421 0.0 0
1582125169 11.775294251 0.0 0
1582125329 10.658321598 0.0 0
1582125813 10.517293155 0.0 0
1582125978 11.611247687 0.0 0
1582126148 10.891538162 0.0 0
1582126308 12.215291901 0.0 0
1582126473 12.720453624 0.0 0
1582126638 11.433049837 0.0 0
1582126804 10.634461283 0.0 0
1582126965 11.736679574 0.0 0
1582127125 12.634667176 0.0 0
1582127291 12.596691057 0.0 0
1582127462 11.943359166 0.0 0
1582127625 12.60183316 0.0 0
1582127789 12.489322141 0.0 0
1582127950 12.159789234 0.0 0
1582128117 10.776739497 0.0 0
1582128276 10.83818008 0.0 0
1582128458 10.931551241 0.0 0
1582128619 12.505660209 0.0 0
1582128787 11.860340543 0.0 0
1582128950 11.389955315 0.0 0
1582129121 11.744673096 0.0 0
1582129281 10.96834997 0.0 0
1582129441 11.444688848 0.0 0
1582129605 11.420128384 0.0 0
1582185027 12.240387007 0.0 0
1582185208 12.347169327 0.0 0
1582185945 10.92007365 0.0 0
1582186105 11.250161631 0.0 0
1582186264 11.060296185 0.0 0
1582186838 11.10212729 0.0 0
1582187801 11.169539481 0.0 0
1582187958 10.89794475 0.0 0
1582188118 11.473686927 0.0 0
1582188280 10.910158416 0.0 0
1582188734 11.052226235 0.0 0
1582189452 11.08310364 0.0 0
1582190759 11.001206131 0.0 0
1582191049 11.276283512 0.0 0
1582191341 10.864840577 0.0 0
1582191637 10.783903774 0.0 0
1582191932 11.212026837 0.0 0
1582192223 11.008690629 0.0 0
1582192520 11.498713481 0.0 0
1582192808 11.258421638 0.0 0
1582193096 11.639941946 0.0 0
1582193730 11.262624335 0.0 0
1582193893 11.523173593 0.0 0
1582194058 11.263831946 0.0 0
1582194213 11.267220885 0.0 0
1582194375 11.42994675 0.0 0
1582194539 11.62121367 0.0 0
1582194696 14.151636586 0.0 0
1582194870 10.982571593 0.0 0
1582195030 10.949593657 0.0 0
1582195190 13.018153933 0.0 0
1582195685 11.036628077 0.0 0
1582195846 11.263379537 0.0 0
1582196003 11.006811369 0.0 0
1582196164 11.005197313 0.0 0
1582196323 11.093716955 0.0 0
1582196482 11.208361415 0.0 0
1582196640 10.757862193 0.0 0
1582196798 11.246317574 0.0 0
1582196961 10.888935215 0.0 0
1582197127 11.336500651 0.0 0
1582197284 11.232426395 0.0 0
1582197445 16.938358213 0.0 0
1582197621 10.867027747 0.0 0
1582197779 10.927691246 0.0 0
1582197938 11.081857672 0.0 0
1582198095 10.902378901 0.0 0
1582198257 11.410109731 0.0 0
1582198413 10.986690004 0.0 0
1582198695 10.883326625 0.0 0
1582199043 10.820519212 0.0 0
1582631351 11.623956084 0.0 0
1582631511 11.357174835 0.0 0
1582631667 11.165494104 0.0 0
1582631825 11.228590212 0.0 0
1582631981 10.762969185 0.0 0
1582632138 11.280892666 0.0 0
1582632297 13.78918926 0.0 0
1582632461 11.113105845 0.0 0
1582632619 10.850701598 0.0 0
1582632782 11.076212842 0.0 0
1582634877 11.314795786 0.0 0
1582635160 11.356421823 0.0 0
1582635443 11.169405506 0.0 0
1582635727 11.236998128 0.0 0
1582636012 11.401207515 0.0 0
1582636299 11.458446345 0.0 0
1582636590 12.271888466 0.0 0
1582636882 11.352209954 0.0 0
1582637182 11.204167482 0.0 0
1582637478 11.319239147 0.0 0
1582637774 11.349500583 0.0 0
1582638333 11.134298301 0.0 0
1582638911 10.941174696 0.0 0
1582640589 11.048738831 0.0 0
1582641147 11.042431809 0.0 0
1582641709 11.156562803 0.0 0
1582642283 11.353762352 0.0 0
1582642859 11.157372036 0.0 0
1582643461 10.866752662 0.0 0
1582644019 11.114749627 0.0 0
1582884478 11.016406673 0.0 0
1582884659 10.716151532 0.0 0
1582884826 11.094651019 0.0 0
1582884987 11.04801469 0.0 0
1582885154 11.057497985 0.0 0
1582885316 10.797999674 0.0 0
1582885476 10.573002893 0.0 0
1582885637 10.790771756 0.0 0
1582885799 11.032296344 0.0 0
1582885960 10.78825451 0.0 0
1582886129 10.970596399 0.0 0
1582886410 11.25197949 0.0 0
1582886705 10.931228615 0.0 0
1582886997 11.02133787 0.0 0
1582887285 10.996855904 0.0 0
1582887572 11.098620668 0.0 0
1582887866 10.941104027 0.0 0
1582888153 10.856509075 0.0 0
1582888440 11.479219521 0.0 0
1582888728 11.203317492 0.0 0
1582898604 11.248293715 0.0 0
1582899189 10.898353228 0.0 0
1582899754 10.997725508 0.0 0
1582900317 11.005761112 0.0 0
1582900879 11.42000948 0.0 0
1582902623 10.973126396 0.0 0
1582903202 11.237915991 0.0 0
1574710620 11.266923005 0.0 0
1574707042 11.093472074 0.0 0
1574708705 11.18369935 0.0 0
