1569853939 15.038547592 0.0 0
1569854966 14.643038743 0.0 0
1569855515 14.904375702 0.0 0
1569856537 12.789301516 0.0 0
1570447360 15.368772261 0.0 0
1570448190 17.684516175 -1 -1
1570449150 13.531337346 0.0 0
1570449574 15.120224159 0.0 0
1571323561 15.019151795 0.0 0
1571323964 14.769490788 0.0 0
1571324361 14.999765195 0.0 0
1571324754 14.798687812 0.0 0
1571327684 14.874747934 0.0 0
1571328075 15.01679322 0.0 0
1571328466 14.92840451 0.0 0
1571328857 14.832089297 0.0 0
1571329249 14.939127987 0.0 0
1571329638 14.947080375 0.0 0
1571330616 14.834467162 0.0 0
1571398188 14.874178422 0.0 0
1571398586 13.001933069 0.0 0
1571398976 14.800095513 0.0 0
1571399367 14.92070599 0.0 0
1571399759 14.766429666 0.0 0
1571400156 14.882418821 0.0 0
1571400577 15.011390661 0.0 0
1571400975 14.802990366 0.0 0
1571401370 15.038645564 0.0 0
1571401760 14.941099791 0.0 0
1571407140 14.944193393 0.0 0
1571407533 15.059680267 0.0 0
1571407923 14.922030988 0.0 0
1571408313 15.121071727 0.0 0
1571408705 14.881315697 0.0 0
1571666197 14.886488176 0.0 0
1571666589 15.043066975 0.0 0
1571666981 14.628997232 0.0 0
1571667372 14.907317128 0.0 0
1571667817 14.956956977 0.0 0
1571669468 14.962786245 0.0 0
1571669861 15.348005789 0.0 0
1571754378 15.000269105 0.0 0
1571754769 14.907453724 0.0 0
1571755170 15.137454826 0.0 0
1571755572 14.830653071 0.0 0
1571755992 15.178924905 0.0 0
1571756802 14.983503894 0.0 0
1571757239 14.968081698 0.0 0
1571757656 14.978929689 0.0 0
1571758054 15.247239613 0.0 0
1571758445 15.001484358 0.0 0
1571758839 18.306563865 0.05263157894736842 1
1571762449 14.902045883 0.0 0
1571762848 14.835410976 0.0 0
1571763238 14.795578618 0.0 0
1571763629 14.913164124 0.0 0
1571764022 14.887879069 0.0 0
1571764447 14.917946254 0.0 0
1571764839 15.090931587 0.0 0
1571765228 15.202088345 0.0 0
1571765619 15.138274165 0.0 0
1571766009 14.964431805 0.0 0
1571766977 14.907784569 0.0 0
1572006711 14.785140468 0.0 0
1572007336 15.116761375 0.0 0
1572007731 15.206418181 0.0 0
1572008240 15.275831042 0.0 0
1572008642 14.622903756 0.0 0
1572009037 15.295943046 0.0 0
1572009427 15.144895292 0.0 0
1572009817 14.852332496 0.0 0
1572010208 15.348923434 0.0 0
1572010604 15.163883003 0.0 0
1572010995 14.929374633 0.0 0
1572013558 14.845012953 0.0 0
1572013951 14.954812373 0.0 0
1572014343 14.885726343 0.0 0
1572014732 14.998278278 0.0 0
1572015122 14.886754909 0.0 0
1572268266 36.036946184 -1 -1
1572269179 14.962271676 0.0 0
1572269596 23.218699045 0.08333333333333333 1
1572270009 14.83989491 0.0 0
1572270415 15.24600665 0.0 0
1572270809 14.987749177 0.0 0
1572271336 14.779351095 0.0 0
1572272514 11.941726585 0.0 0
1572272850 11.989415209 0.0 0
1572273182 12.140793366 0.0 0
1572273529 12.01301502 0.0 0
1572273864 12.090850774 0.0 0
1572276285 12.071774599 0.0 0
1572276622 14.457353482 0.0 0
1572276955 12.032266659 0.0 0
1572277286 11.95188251 0.0 0
1572277621 11.9172184 0.0 0
1572277980 12.062924515 0.0 0
1572278312 12.174846031 0.0 0
1572278643 11.981806249 0.0 0
1572363702 12.0132303 0.0 0
1572364031 12.116784409 0.0 0
1572364363 12.047329397 0.0 0
1572364695 12.006854571 0.0 0
1572365030 11.668819948 0.0 0
1572365367 11.92742695 0.0 0
1572365745 12.0512479 0.0 0
1572366126 12.141755285 0.0 0
1572366459 11.981012016 0.0 0
1572366792 11.893467161 0.0 0
1572369820 12.24946144 0.0 0
1572370150 12.02344949 0.0 0
1572370481 12.175296843 0.0 0
1572370813 12.063878235 0.0 0
1572371142 12.163809065 0.0 0
1572371474 12.020634059 0.0 0
1572371804 12.996569338 0.0 0
1572372134 11.990444446 0.0 0
1572372463 12.029585201 0.0 0
1572372796 12.010068342 0.0 0
1572533807 12.056018824 0.0 0
1572534162 12.063945847 0.0 0
1572534509 12.068328946 0.0 0
1572534839 12.409452472 0.0 0
1572535189 11.970243284 0.0 0
1572535520 11.949516612 0.0 0
1572535849 12.167082664 0.0 0
1572536185 12.243850742 0.0 0
1572536548 11.927599581 0.0 0
1572536885 12.064464964 0.25 1
1572537807 11.940044045 0.0 0
1572538460 11.856215296 0.0 0
1572539116 12.009180618 0.0 0
1572539768 11.984874971 0.0 0
1572540424 12.117263143 0.0 0
1572541328 11.935114186 0.0 0
1572541977 11.928202137 0.0 0
1572542625 12.112926488 0.0 0
1572543270 12.010394425 0.0 0
1572543944 12.042145263 0.0 0
1572871692 12.028621646 0.0 0
1572872341 12.122125038 0.0 0
1572873022 12.03405015 0.0 0
1572873672 12.012450239 0.0 0
1572874328 27.295551969 0.0 0
1572875395 12.146876341 0.0 0
1572876299 13.880427492 0.0 0
1572877474 12.101455257 0.0 0
1572878130 11.924666962 0.0 0
1572879372 12.076479632 0.0 0
1572880004 11.828590702 0.0 0
1572880432 12.081077144 0.0 0
1572880767 12.180076339 0.0 0
1572881117 12.002821514 0.0 0
1572881449 11.995121423 0.0 0
1572881784 12.04702816 0.0 0
1572882114 11.80393602 0.0 0
1572882500 17.165655721 0.058823529411764705 1
1572882835 12.036645814 0.0 0
1572883186 11.981478144 0.0 0
1572883529 12.46854205 0.0 0
1572967760 12.168765699 0.0 0
1572968743 14.92491434 0.0 0
1572969717 13.819681524 0.0 0
1572970376 14.42676455 0.06666666666666667 1
1572971029 13.672940505 0.07142857142857142 1
1572971690 12.01130425 0.0 0
1572972351 12.067076016 0.0 0
1572973063 12.120223884 0.0 0
1572973716 12.901089317 0.0 0
1572974367 12.123377074 0.0 0
1572975023 12.326530925 0.0 0
1572975421 12.387531704 0.0 0
1572975753 12.003387476 0.0 0
1572976124 12.117574729 0.0 0
1572976503 12.193820523 0.0 0
1572976833 11.909007499 0.0 0
1572977165 12.057732585 0.0 0
1572977527 12.006472329 0.0 0
1572977856 12.059224532 0.0 0
1572978245 12.058865177 0.0 0
1573209303 12.059469126 0.0 0
1573209970 12.046191906 0.0 0
1573210633 11.996306793 0.25 1
1573211302 12.044333367 0.0 0
1573211958 12.021689328 0.0 0
1573212607 12.017801921 0.0 0
1573213260 11.951530765 0.0 0
1573213926 12.107169083 0.0 0
1573214584 12.021855133 0.0 0
1573215245 12.238104581 0.0 0
1573218449 12.051645434 0.0 0
1573218783 12.132157845 0.0 0
1573218961 12.317900285 0.0 0
1573306685 11.042580812 0.0 0
1573307008 11.426865821 0.0 0
1573307343 11.294378494 0.0 0
1573307661 11.159265257 0.0 0
1573307980 11.211390336 0.0 0
1573308296 11.452613556 0.0 0
1573308628 11.086695918 0.0 0
1573308948 11.576720699 0.0 0
1573309269 11.435642982 0.0 0
1573309598 11.563838486 0.0 0
1573310744 11.663870889 0.0 0
1573311359 11.58209796 0.0 0
1573311978 11.345553333 0.0 0
1573312677 9.5245432 0.0 0
1573313296 11.642830625 0.0 0
1573313918 12.011141537 0.0 0
1573314546 11.283539913 0.0 0
1573315232 17.650016714 0.0 0
1573741878 10.852681837 0.0 0
1573741995 11.424051465 0.0 0
1573743628 11.224276679 0.0 0
1573743729 11.052070206 0.0 0
1573743829 9.694238119 0.0 0
1573743926 11.635519034 0.0 0
1573744027 9.065646928 0.0 0
1573744122 10.819656695 0.0 0
1573744220 11.225031982 0.0 0
1573744318 10.877780312 0.0 0
1573744409 11.045181272 0.0 0
1573744505 11.028570376 0.0 0
1573744613 9.695675079 0.0 0
1573744710 10.805279138 0.0 0
1573744823 13.014775795 0.0 0
1573744921 50.954496367 0.0 0
1573745059 10.984034561 0.0 0
1573745243 10.948666975 0.0 0
1573745339 11.136234669 0.0 0
1573745441 11.284113874 0.0 0
1573745538 11.071028191 0.09090909090909091 1
1573745639 13.368844443 0.0 0
1573745738 10.697668257 0.0 0
1573745841 10.928870563 0.0 0
1573745939 10.669032305 0.1 1
1573746035 11.006882801 0.0 0
1573746136 11.14550017 0.0 0
1573746234 11.310597071 0.0 0
1573746334 11.189807331 0.0 0
1573746435 11.091392144 0.0 0
1573746532 11.056859343 0.0 0
1573746628 11.284238669 0.0 0
1573748948 11.040611067 0.0 0
1573749045 10.73500487 0.0 0
1573749148 9.736988828 0.0 0
1573749258 10.639202341 0.0 0
1573749355 11.051515676 0.0 0
1573749490 11.449281104 0.0 0
1573749589 11.066693688 0.0 0
1573749689 11.128913992 0.0 0
1573749788 11.101154938 0.0 0
1573749884 11.817786531 0.0 0
1573828209 11.347647567 0.0 0
1573828517 11.497086033 0.0 0
1573828824 11.318380797 0.0 0
1573829128 11.29158573 0.08333333333333333 1
1573829433 11.455670208 0.0 0
1573829813 11.283316518 0.0 0
1573830301 11.488892958 0.0 0
1573830611 11.07661386 0.0 0
1573830917 11.428153649 0.0 0
1573831222 11.282150651 0.0 0
1573902856 11.295630705 0.0 0
1573903168 11.252337023 0.0 0
1573903482 11.403728928 0.0 0
1573903791 11.344487196 0.0 0
1573904101 11.343972207 0.0 0
1573904409 11.400613626 0.0 0
1573904588 14.986951597 0.0 0
1574688180 10.845479204 0.0 0
1574688497 11.005483468 0.0 0
1574689319 11.308808188 0.0 0
1574692192 10.946624752 0.0 0
1574692504 15.507719903 0.0 0
1574693423 9.452255948 0.0 0
1574693740 10.729247055 0.0 0
1574694069 10.902410883 0.0 0
1574694816 10.964162544 0.0 0
1574695370 9.52401253 0.0 0
1574695712 10.8982021 0.0 0
1574696020 10.910814078 0.0 0
1574696746 11.078398906 0.0 0
1574697322 11.008125495 0.0 0
1574697916 10.969431435 0.0 0
1574698486 10.967064647 0.0 0
1574699073 11.037671458 0.0 0
1574706702 10.747299552 0.0 0
1574707335 11.426878008 0.0 0
1574708302 10.683073633 0.0 0
1574708600 11.02397947 0.0 0
1574708959 9.596161866 0.0 0
1574709170 11.20619806 0.0 0
1574709910 11.125008442 0.0 0
1574710513 11.787428201 0.0 0
1574711166 10.854957686 0.0 0
1574950966 11.575411684 0.0 0
1574951341 11.088886183 0.0 0
1574951696 10.870868251 0.0 0
1574952023 11.056806609 0.0 0
1574952338 11.147783424 0.0 0
1574952742 10.849851242 0.09090909090909091 1
1574953063 10.928188507 0.0 0
1574953433 10.9871784 0.0 0
1574953758 10.98379216 0.0 0
1574954085 10.949892402 0.0 0
1574956495 11.235983035 0.0 0
1574957165 10.883846658 0.0 0
1574957758 10.999331908 0.0 0
1574958341 11.04477695 0.0 0
1574958936 11.028551395 0.0 0
1574959545 10.875858772 0.0 0
1574960122 11.091697485 0.0 0
1574960709 10.901305759 0.0 0
1574961375 11.051745822 0.0 0
1574961944 10.859285953 0.0 0
1575028368 11.002607412 0.0 0
1575028677 10.919588408 0.0 0
1575029013 11.032008021 0.0 0
1575029330 9.457128238 0.0 0
1575029636 10.97551857 0.0 0
1575029950 10.163698521 0.0 0
1575030260 11.028662839 0.0 0
1575030578 9.125102371 0.0 0
1575030907 11.121133983 0.0 0
1575031219 10.873576363 0.0 0
1575033424 10.974676403 0.0 0
1575033991 10.94788169 0.0 0
1575034582 11.228740298 0.0 0
1575035155 10.981400925 0.0 0
1575035719 10.967293582 0.0 0
1575036755 10.974867547 0.0 0
1575037315 11.955969307 0.0 0
1575037874 10.995435104 0.0 0
1575038884 10.835362483 0.0 0
1575039451 10.768887457 0.0 0
1575114649 10.935961191 0.0 0
1575114958 10.900696539 0.0 0
1575115268 10.863632176 0.0 0
1575115577 10.979872788 0.0 0
1575115891 11.460664881 0.0 0
1575116202 11.045566072 0.0 0
1575116514 9.411835098 0.0 0
1575116822 10.869296071 0.0 0
1575117130 10.881696803 0.0 0
1575117439 11.030046452 0.0 0
1575120714 11.01332136 0.0 0
1575121274 10.791821856 0.0 0
1575122275 10.906514115 0.0 0
1575122894 11.080952803 0.0 0
1575123451 10.985641136 0.0 0
1575124010 10.999422058 0.0 0
1575124566 10.819709144 0.0 0
1575125132 10.824822601 0.0 0
1575125701 9.580383008 0.0 0
1575126264 11.066618323 0.0 0
1575293171 10.712996331 0.0 0
1575293504 10.872088009 0.0 0
1575293844 10.670530087 0.0 0
1575294181 10.99539664 0.0 0
1575294525 9.491414068 0.0 0
1575294871 11.05323805 0.0 0
1575295273 11.182846256 0.0 0
1575295642 11.078456193 0.0 0
1575296853 10.766227409 0.0 0
1575297189 14.489537472 0.0 0
1575298022 11.002509639 0.0 0
1575298593 10.859148969 0.0 0
1575299166 10.932630112 0.0 0
1575299743 10.912151995 0.0 0
1575300352 10.799893535 0.0 0
1575300926 10.88839546 0.0 0
1575301723 10.910152542 0.0 0
1575302311 11.241573929 0.0 0
1575386060 10.994611 0.0 0
1575386374 10.631683861 0.0 0
1575386686 9.525620667 0.0 0
1575387088 11.139310704 0.0 0
1575387396 11.141750912 0.0 0
1575387708 11.154842174 0.0 0
1575388017 9.725840963 0.0 0
1575388323 10.862415046 0.0 0
1575388632 11.097063414 0.0 0
1575388936 11.018989075 0.0 0
1575390498 10.957625273 0.0 0
1575391068 10.733654903 0.0 0
1575391630 10.989805678 0.0 0
1575392442 10.870171371 0.0 0
1575393058 11.385439321 0.0 0
1575393641 10.980887722 0.0 0
1575394206 11.072548352 0.0 0
1575394768 11.271151491 0.0 0
1575395333 9.524451972 0.0 0
1575395896 11.092845326 0.0 0
1575397185 29.567569369 0.0 0
1575397459 37.162867561 0.0 0
1575397756 28.034408954 0.0 0
1575398272 34.403936827 0.0 0
1575398492 40.236150469 0.0 0
1575473795 11.216726664 0.0 0
1575474582 11.966968716 0.0 0
1575558822 10.434427914 0.0 0
1575559131 11.007792748 0.0 0
1575559459 10.980525882 0.0 0
1575559778 11.054849194 0.0 0
1575560147 11.110061442 0.0 0
1575560479 10.953293243 0.0 0
1575560814 10.927858583 0.0 0
1575561345 10.910317108 0.0 0
1575561686 11.379594609 0.0 0
1575562041 11.965545445 0.0 0
1575562816 11.120032174 0.0 0
1575563426 10.946633046 0.0 0
1575564094 11.06693366 0.0 0
1575564673 10.937209246 0.0 0
1575565253 10.998547888 0.0 0
1575565820 10.943933854 0.0 0
1575566391 10.824027613 0.0 0
1575566998 10.816526884 0.0 0
1575568321 10.800049124 0.0 0
1575568902 10.644397594 0.0 0
1579186567 11.043810556 0.0 0
1579186915 11.058112103 0.0 0
1579187925 10.617000468 0.0 0
1579188257 10.905538225 0.0 0
1579188326 47.976607991 0.16666666666666666 1
1579189239 10.843993109 0.0 0
1579189576 10.904212681 0.0 0
1579189902 9.551677582 0.0 0
1579190240 10.963804747 0.0 0
1579190616 15.474887312 -1 -1
1579191350 10.82773595 0.0 0
1579191966 9.611461689 0.0 0
1579192529 10.985597794 0.0 0
1579193113 9.507930805 0.0 0
1579193698 11.177307469 0.0 0
1579194263 10.964710069 0.0 0
1579194832 11.159445715 0.0 0
1579195398 11.02404488 0.0 0
1579195988 9.565293321 0.0 0
1579196548 10.791650746 0.0 0
1579354324 11.03471077 0.0 0
1579354634 10.906276686 0.0 0
1579354946 10.829511632 0.0 0
1579355251 11.011239449 0.0 0
1579355563 11.126062024 0.0 0
1579355871 10.848282269 0.0 0
1579356177 10.868365835 0.0 0
1579356483 10.968443133 0.0 0
1579356788 10.787617106 0.0 0
1579357267 10.983333105 0.0 0
1579359754 10.982041241 0.0 0
1579360332 10.909456373 0.0 0
1579360891 11.115080082 0.0 0
1579361446 10.811955659 0.0 0
1579362001 10.852171044 0.0 0
1579362556 11.044042521 0.0 0
1579363116 10.77408668 0.0 0
1579363683 10.904670391 0.0 0
1579364248 9.343782501 0.0 0
1579364805 11.02227842 0.0 0
1579524937 10.810954245 0.0 0
1579525279 11.324977594 0.0 0
1579525665 10.921878 0.0 0
1579525992 9.546268342 0.0 0
1579526314 10.544681064 0.0 0
1579528622 9.562550248 0.0 0
1579529044 11.016261207 0.0 0
1579529421 11.040835017 0.0 0
1579529761 10.956599988 0.0 0
1579530072 10.902352136 0.0 0
1579530800 10.946345857 0.0 0
1579531389 11.011525366 0.0 0
1579532428 11.05913935 0.0 0
1579533121 76.757576 0.0 0
1579533780 10.905374127 0.0 0
1579534424 11.003973845 0.0 0
1579535097 10.468607414 0.0 0
1579535684 10.901219156 0.0 0
1579536763 11.128320355 0.0 0
1579537332 10.943675518 0.0 0
1580218065 11.000166991 0.0 0
1580218394 10.823623505 0.0 0
1580218729 9.593203961 0.0 0
1580219078 10.784381468 0.0 0
1580219439 10.977866161 0.0 0
1580219764 10.890143912 0.0 0
1580222478 11.760060453 0.0 0
1580222792 11.074535369 0.0 0
1580223103 10.622558632 0.0 0
1580223439 11.058960374 0.0 0
1580224057 10.939900117 0.0 0
1580224614 10.847507446 0.0 0
1580225171 11.423845581 0.0 0
1580225736 10.899582602 0.0 0
1580226316 10.906897197 0.0 0
1580226883 11.074436525 0.0 0
1580227448 43.818779367 0.022727272727272728 1
1580228067 11.157751728 0.0 0
1580228626 10.937462697 0.0 0
1580229188 11.501240012 0.0 0
1580306695 11.078607773 0.0 0
1580307008 11.11826344 0.0 0
1580307402 13.601634039 0.0 0
1580307880 10.999875854 0.0 0
1580308190 11.698013967 0.0 0
1580308507 11.038589749 0.0 0
1580310709 10.784067627 0.0 0
1580311022 10.903503359 0.0 0
1580311331 10.9404637 0.0 0
1580311642 10.81038643 0.0 0
1580312016 10.771409642 0.0 0
1580312613 15.251416309 0.0 0
1580313193 11.297306677 0.0 0
1580314073 10.884683073 0.0 0
1580314712 11.062328105 0.0 0
1580315270 9.948616548 0.0 0
1580315832 10.996008848 0.0 0
1580316405 10.755885273 0.18181818181818182 1
1580317102 10.810117316 0.0 0
1580317691 10.77388394 0.0 0
1581937087 10.792725198 0.0 0
1581937399 11.079912101 0.0 0
1581937741 10.738358444 0.0 0
1581938066 9.296060601 0.0 0
1581938385 10.940761267 0.0 0
1581938710 10.837230392 0.0 0
1581939012 10.676829458 0.0 0
1581939355 10.74322253 0.0 0
1581939681 10.856081883 0.0 0
1581939980 10.869525027 0.0 0
1581942756 10.623329932 0.0 0
1581944333 10.937603688 0.0 0
1581945279 10.833854589 0.0 0
1581946229 11.013327954 0.0 0
1581946798 10.932288979 0.0 0
1581947694 11.162139073 0.0 0
1581948285 10.754397542 0.0 0
1581949409 12.589942147 0.0 0
1582030499 12.326342327 0.0 0
1582030806 12.582063725 0.0 0
1582031451 10.662435574 0.0 0
1582031750 11.688444988 0.0 0
1582032122 11.165145102 0.0 0
1582032440 10.409663901 0.0 0
1582032743 10.487497657 0.0 0
1582033043 10.907796926 0.0 0
1582033337 10.932457812 0.0 0
1582033696 11.099876638 0.0 0
1582035110 11.626526246 0.0 0
1582035983 12.364475595 0.0 0
1582036587 12.065565593 0.0 0
1582037197 10.589901008 0.0 0
1582037794 10.897792123 0.0 0
1582038389 11.918197877 0.0 0
1582038977 11.068776446 0.0 0
1582041893 12.264742977 0.0 0
1582042643 11.919942894 0.0 0
1582044091 12.695181886 0.0 0
1582044683 10.458937957 0.0 0
1582044997 11.685426326 0.0 0
1582045299 11.520176985 0.0 0
1582045595 11.075941525 0.0 0
1582045908 10.405192128 0.0 0
1582046203 11.323439184 0.0 0
1582120552 11.914537021 0.0 0
1582120776 13.259684518 0.0 0
1582186424 14.73930229 -1 -1
1582189516 13.950539984 0.0 0
1582190991 11.244756565 0.0 0
1582191283 10.952650302 0.0 0
1582191579 10.985959441 0.0 0
1582191875 10.949754778 0.0 0
1582192163 10.968833066 0.0 0
1582192462 11.053833771 0.0 0
1582192751 10.970958306 0.0 0
1582193039 11.127523364 0.0 0
1582193334 10.872091132 0.0 0
1582635101 11.013417813 0.0 0
1582635386 10.933028126 0.0 0
1582635670 10.833427009 0.0 0
1582635955 10.854905257 0.0 0
1582636241 11.096570956 0.0 0
1582636527 11.004841228 0.0 0
1582636820 10.99459592 0.0 0
1582637118 11.519473199 0.0 0
1582637415 9.839856143 0.0 0
1582637709 10.981769295 0.0 0
1582638276 10.995824453 0.0 0
1582638837 10.764970365 0.0 0
1582640504 10.815967459 0.0 0
1582641091 10.688376126 0.0 0
1582641651 10.988600305 0.0 0
1582642226 9.484226367 0.0 0
1582642791 11.3467232 0.0 0
1582643365 10.862752193 0.0 0
1582643962 10.952500954 0.0 0
1582644630 11.088572781 0.0 0
1582886353 10.723682176 0.0 0
1582886647 10.556787736 0.0 0
1582886940 10.791043397 0.0 0
1582887229 10.908064353 0.0 0
1582887515 10.917843847 0.0 0
1582887809 10.8299653 0.0 0
1582888094 11.213434178 0.0 0
1582888381 10.902597217 0.0 0
1582888670 10.75299809 0.0 0
1582889031 8.93545919 0.0 0
1582899132 10.971594072 0.0 0
1582899697 11.007296232 0.0 0
1582900261 10.884973163 0.0 0
1582900821 11.000237964 0.0 0
1582902566 10.875373745 0.0 0
1582903126 27.897364184 0.0 0
1582903731 10.977399509 0.0 0
1574711166 10.854957686 0.0 0
1574708959 9.596161866 0.0 0
