1569849941 8.186957062 0.0 0
1569850145 8.250761356 0.0 0
1569849941 8.186957062 0.0 0
1569850145 8.250761356 0.0 0
1569850958 8.319554763 0.0 0
1569851165 8.302840244 0.0 0
1569851514 7.887003409 0.0 0
1569851721 8.115237041 0.0 0
1569851951 8.303311027 0.0 0
1569852180 8.278638258 0.0 0
1569852418 8.253626656 0.0 0
1569852635 8.062359775 0.0 0
1569853026 8.188254461 0.0 0
1569853337 8.267517964 0.0 0
1569853577 8.032353942 0.0 0
1569854218 8.327782069 0.0 0
1569855177 22.122342461 0.0 0
1569855624 8.50879023 0.0 0
1570446949 8.044122262 0.0 0
1570448041 8.181429165 0.0 0
1570448768 8.012538538 0.0 0
1570449237 8.16105632 0.0 0
1570449667 8.674770851 0.0 0
1570543063 8.17171609 0.3333333333333333 2
1570543425 7.934295513 0.0 0
1570543627 7.903476955 0.0 0
1570544556 8.248324814 0.0 0
1570544758 9.393742472 0.2 1
1570545016 7.998726853 0.0 0
1570545226 7.974815842 0.0 0
1571322935 7.955373198 0.0 0
1571323257 7.87224304 0.0 0
1571323650 7.972294416 0.0 0
1571324052 7.931444383 0.0 0
1571324452 7.972068067 0.0 0
1571325058 7.894860008 0.0 0
1571325254 8.069436708 0.0 0
1571325454 8.048269259 0.0 0
1571325658 7.960485401 0.0 0
1571325857 8.126969329 0.0 0
1571326057 8.101773025 0.0 0
1571326748 7.953989365 0.0 0
1571326961 7.966528054 0.0 0
1571327168 7.974849878 0.0 0
1571327382 8.058635682 0.0 0
1571327772 7.981818772 0.0 0
1571328163 8.061121205 0.0 0
1571328554 7.989454964 0.0 0
1571328945 8.110597763 0.0 0
1571329337 8.08490084 0.0 0
1571329930 7.949058475 0.0 0
1571395850 7.962231835 0.0 0
1571396046 7.882098192 0.0 0
1571396243 7.976546969 0.0 0
1571396442 7.957437452 0.0 0
1571396640 8.076038687 0.0 0
1571396839 8.079763738 0.0 0
1571397068 8.022551067 0.0 0
1571397272 8.007603382 0.0 0
1571397471 8.055364127 0.0 0
1571397668 7.839246089 0.0 0
1571397886 8.002376857 0.0 0
1571398279 8.019768236 0.0 0
1571398674 7.967071576 0.0 0
1571399064 8.062328616 0.0 0
1571399456 8.03866945 0.0 0
1571399852 7.904723316 0.0 0
1571400245 7.995783939 0.0 0
1571400667 7.957679179 0.0 0
1571401066 7.901103526 0.0 0
1571401458 7.989525977 0.0 0
1571404915 8.090485411 0.0 0
1571405115 8.005236619 0.0 0
1571405312 8.12231822 0.0 0
1571405512 8.341422062 0.0 0
1571405744 7.949830461 0.0 0
1571406839 8.033542302 0.0 0
1571407228 8.143871834 0.0 0
1571407622 7.938896772 0.0 0
1571408010 7.975958878 0.0 0
1571408403 8.039852579 0.0 0
1571408933 8.063264905 0.0 0
1571409164 8.051724855 0.0 0
1571409366 8.126399737 0.0 0
1571409565 8.092444774 0.0 0
1571409780 8.101900218 0.0 0
1571664348 8.109530566 0.0 0
1571664891 8.059905757 0.0 0
1571665095 7.999180222 0.0 0
1571665306 8.065495534 0.0 0
1571665500 7.955447205 0.0 0
1571665695 7.997676321 0.0 0
1571665895 8.128432455 0.0 0
1571666286 8.064648343 0.0 0
1571666677 8.019925392 0.0 0
1571667071 8.110114478 0.0 0
1571667507 8.15387009 0.0 0
1571668113 8.053119441 0.0 0
1571668312 7.983450001 0.0 0
1571668516 7.875518435 0.0 0
1571668710 7.994293211 0.0 0
1571668907 8.072973242 0.0 0
1571669159 8.081673798 0.0 0
1571669559 8.096650556 0.0 0
1571751984 7.99268807 0.0 0
1571752178 8.058661632 0.0 0
1571752378 7.998433701 0.0 0
1571752583 8.032057911 0.0 0
1571752778 7.947746334 0.0 0
1571752974 7.988318729 0.0 0
1571753171 8.006926719 0.0 0
1571753368 8.127712045 0.0 0
1571753566 8.053737568 0.0 0
1571753761 7.986242804 0.0 0
1571754070 7.970085731 0.0 0
1571754467 8.048894667 0.0 0
1571754860 7.957254734 0.0 0
1571755263 8.010229787 0.0 0
1571755827 7.982832264 0.0 0
1571756496 7.95407352 0.0 0
1571756909 6.321358727 0.0 0
1571757356 8.062191523 0.0 0
1571757746 7.907209877 0.0 0
1571758145 8.024725872 0.0 0
1571758535 8.003288636 0.0 0
1571760120 8.250972226 0.0 0
1571760316 7.926774786 0.0 0
1571760517 10.960744954 0.0 0
1571760716 8.100058469 0.0 0
1571760915 8.055118902 0.0 0
1571761126 8.103732236 0.0 0
1571761325 8.088563902 0.0 0
1571761520 8.116488271 0.0 0
1571761715 8.070753264 0.0 0
1571761919 12.081506806 0.0 0
1571762150 8.056571487 0.0 0
1571762545 10.232897016 0.0 0
1571762939 8.061754169 0.0 0
1571763327 8.043581958 0.0 0
1571763719 8.083685121 0.0 0
1571764125 8.665670141 0.0 0
1571764536 8.001060011 0.0 0
1571764928 8.010160396 0.0 0
1571765316 8.05471275 0.0 0
1571765708 8.040939889 0.0 0
1571766285 8.053048019 0.0 0
1571767067 7.984063816 0.0 0
1571922216 7.963974589 0.0 0
1572003227 7.986856234 0.0 0
1572003421 7.938403769 0.0 0
1572003619 7.927861714 0.0 0
1572003817 7.931795878 0.0 0
1572004013 7.912063885 0.0 0
1572004208 8.124660935 0.0 0
1572004403 8.040594163 0.0 0
1572004602 8.035909066 0.0 0
1572004804 7.9806893 0.0 0
1572005003 8.044019653 0.0 0
1572006294 8.089788317 0.0 0
1572007032 8.067094702 0.0 0
1572007426 8.069633333 0.0 0
1572007919 7.979206102 0.0 0
1572008329 8.040966705 0.0 0
1572008732 7.951477805 0.0 0
1572009126 8.143299624 0.0 0
1572009515 7.9942383 0.0 0
1572009907 8.020151462 0.0 0
1572010302 8.549046672 0.0 0
1572010694 8.042926701 0.0 0
1572011204 8.034299359 0.0 0
1572011401 7.984588134 0.0 0
1572011595 8.110703341 0.0 0
1572011794 7.909461938 0.0 0
1572011991 7.992453965 0.0 0
1572012188 8.043833085 0.0 0
1572012383 8.028526662 0.0 0
1572012577 8.014503201 0.0 0
1572012772 8.043657105 0.0 0
1572012965 8.161342509 0.0 0
1572013255 8.230950464 0.0 0
1572013648 8.673654071 0.0 0
1572014041 8.061514323 0.0 0
1572014431 8.056005216 0.0 0
1572014821 8.2238159 0.0 0
1572265025 8.027331651 0.0 0
1572265222 7.906244815 0.0 0
1572265420 8.080030393 0.0 0
1572265618 8.023561979 0.0 0
1572265815 8.896630395 0.1111111111111111 1
1572266026 8.142916546 0.0 0
1572266219 8.039752437 0.0 0
1572266420 9.310109633 0.1 1
1572266622 8.000020704 0.0 0
1572266818 9.574906643 0.0 0
1572268102 8.09333436 0.0 0
1572268873 8.155347476 0.0 0
1572269286 7.995170569 0.0 0
1572269694 6.588825507 0.0 0
1572270110 8.100384698 0.0 0
1572270507 8.19885059 0.0 0
1572270900 8.235452652 0.0 0
1572272258 6.517951106 0.0 0
1572272589 6.432303655 0.0 0
1572272924 6.482642905 0.0 0
1572273258 6.919536659 0.0 0
1572273603 6.398181141 0.0 0
1572274095 6.490533828 0.0 0
1572274263 10.120157596 0.1 1
1572274438 6.632329877 0.0 0
1572274604 6.443963225 0.0 0
1572274777 6.464349738 0.0 0
1572274947 6.552089832 0.0 0
1572275115 6.437277927 0.0 0
1572275294 6.397648997 0.0 0
1572275463 6.452059049 0.0 0
1572275638 6.464278332 0.0 0
1572276027 6.460635833 0.0 0
1572276360 6.463494167 0.0 0
1572276698 6.251962114 0.0 0
1572277029 6.439782803 0.0 0
1572277359 6.531388065 0.0 0
1572277706 6.461027346 0.0 0
1572278054 6.408739968 0.0 0
1572278387 6.509163816 0.0 0
1572361238 8.067961799 0.0 0
1572361436 8.069970662 0.0 0
1572361631 8.091185438 0.0 0
1572361826 7.927159115 0.0 0
1572362025 8.010370959 0.0 0
1572362219 7.931538277 0.0 0
1572362415 8.062138439 0.0 0
1572362611 7.991261923 0.0 0
1572362809 7.903552585 0.0 0
1572363005 8.009245534 0.0 0
1572363446 6.487447298 0.0 0
1572363776 6.491469932 0.0 0
1572364105 6.513713745 0.0 0
1572364436 6.516525463 0.0 0
1572364769 6.443377248 0.0 0
1572365110 6.398547924 0.0 0
1572365488 6.628865105 0.0 0
1572365860 6.487219437 0.0 0
1572366199 6.525238118 0.0 0
1572366535 6.489913642 0.0 0
1572366887 6.523242646 0.0 0
1572367054 6.570685476 0.0 0
1572367223 6.455705615 0.0 0
1572367392 6.545924052 0.0 0
1572367575 6.454494668 0.0 0
1572367746 11.344644762 0.0 0
1572367922 6.473391099 0.0 0
1572368090 6.56082651 0.0 0
1572368256 6.442944401 0.0 0
1572368422 6.432902442 0.0 0
1572369565 6.483667267 0.0 0
1572369895 6.577100375 0.0 0
1572370225 6.523864139 0.0 0
1572370557 6.46090304 0.0 0
1572370886 6.488331657 0.0 0
1572371218 6.531306665 0.0 0
1572371549 6.395986191 0.0 0
1572371878 8.110575266 0.0 0
1572372207 6.539964139 0.0 0
1572372536 6.480711158 0.0 0
1572532355 7.948676416 0.0 0
1572532557 8.045430919 0.0 0
1572532762 7.896349248 0.0 0
1572533543 6.361660217 0.0 0
1572533881 6.498553752 0.0 0
1572534235 6.32675576 0.0 0
1572534582 6.475651788 0.0 0
1572534914 6.372156401 0.0 0
1572535262 6.640088634 0.0 0
1572535593 6.595503219 0.0 0
1572535928 6.632355287 0.0 0
1572536261 32.681512091 0.0 0
1572536625 6.515127421 0.0 0
1572537226 6.467885723 0.0 0
1572537880 6.544516884 0.0 0
1572538533 9.963374957 0.0 0
1572539190 6.434314818 0.0 0
1572539842 6.569965417 0.0 0
1572540749 6.496807982 0.0 0
1572541402 6.325909876 0.0 0
1572542051 6.451493458 0.0 0
1572542698 6.554781025 0.0 0
1572543343 6.42146178 0.0 0
1572544475 6.447447957 0.0 0
1572544642 6.321287121 0.0 0
1572544812 6.463521746 0.0 0
1572544986 6.462387695 0.0 0
1572545160 6.517308861 0.0 0
1572869986 6.49302657 0.0 0
1572870154 6.391704578 0.0 0
1572870375 6.4358235 0.0 0
1572870560 6.528780182 0.0 0
1572870777 6.416161275 0.0 0
1572871115 6.5742009 0.0 0
1572871766 6.490342508 0.0 0
1572872415 6.485384374 0.0 0
1572873096 6.504019048 0.0 0
1572873746 6.517884874 0.0 0
1572874808 6.455756501 0.0 0
1572875660 13.80432841 0.07142857142857142 1
1572876893 6.496356535 0.0 0
1572877548 6.532495886 0.0 0
1572878775 6.391983793 0.0 0
1572879887 6.483366054 0.0 0
1572880169 6.529137462 0.0 0
1572880505 6.530703537 0.0 0
1572880844 6.482157395 0.0 0
1572881190 6.538928181 0.0 0
1572881524 6.425992514 0.0 0
1572881857 6.735529746 0.0 0
1572882188 6.581224322 0.0 0
1572882578 6.495267322 0.0 0
1572882928 6.554751781 0.0 0
1572883268 6.684362128 0.0 0
1572965368 6.567112325 0.0 0
1572965535 6.415183891 0.0 0
1572965703 6.389156459 0.0 0
1572965872 6.568224267 0.0 0
1572966043 6.422311871 0.0 0
1572966209 6.325043441 0.0 0
1572966381 6.394698007 0.0 0
1572966565 6.49937914 0.0 0
1572966745 6.46010562 0.0 0
1572966908 6.445144039 0.0 0
1572967179 6.486263942 0.0 0
1572967835 6.58439395 0.0 0
1572969139 6.416787122 0.0 0
1572970452 6.593852009 0.0 0
1572971103 6.444083371 0.0 0
1572971766 6.444929736 0.0 0
1572972425 6.440471393 0.0 0
1572973138 6.510538319 0.0 0
1572973791 6.546893563 0.0 0
1572974440 6.442651263 0.0 0
1572975170 6.532245499 0.0 0
1572975497 6.404741328 0.0 0
1572975849 7.403980657 0.0 0
1572976240 13.116260822 0.0 0
1572976578 6.388430588 0.0 0
1572976908 6.419815002 0.0 0
1572977238 6.555167359 0.0 0
1572977601 6.475484207 0.0 0
1572977949 6.388290255 0.0 0
1573207015 6.549580357 0.0 0
1573207183 6.863239183 0.0 0
1573207352 6.381079711 0.0 0
1573207518 6.522029297 0.0 0
1573207689 6.45410585 0.0 0
1573207856 6.30760436 0.0 0
1573208023 6.467953088 0.0 0
1573208188 6.471076072 0.0 0
1573208355 6.549337823 0.0 0
1573208521 6.507927955 0.0 0
1573208727 6.495588132 0.0 0
1573209377 6.444987901 0.0 0
1573210043 6.433010266 0.0 0
1573210709 6.501584456 0.42857142857142855 1
1573211375 6.502917925 0.0 0
1573212031 6.410070575 0.0 0
1573212680 6.492722646 0.0 0
1573213333 6.465340463 0.0 0
1573214001 6.512627311 0.0 0
1573214659 6.361938035 0.0 0
1573218194 6.572127847 0.0 0
1573218522 6.451487234 0.0 0
1573218913 6.455417191 0.0 0
1573220257 6.406789376 0.0 0
1573220424 6.505971428 0.0 0
1573220592 6.427378467 0.0 0
1573220761 6.419226878 0.0 0
1573220928 6.479818979 0.0 0
1573221096 6.481635927 0.0 0
1573221260 6.405475403 0.0 0
1573221429 6.49424512 0.0 0
1573221596 6.425674249 0.0 0
1573221765 6.372064059 0.0 0
1573221955 6.585862088 0.0 0
1573222125 6.479874127 0.0 0
1573222292 6.402012244 0.0 0
1573222457 6.403645158 0.0 0
1573222625 6.418289471 0.0 0
1573301106 6.400516636 0.0 0
1573301275 6.422667595 0.0 0
1573301444 9.304171482 0.0 0
1573301625 7.105777998 0.0 0
1573301810 6.412212085 0.0 0
1573301988 6.281898475 0.0 0
1573302157 6.483259233 0.0 0
1573302331 6.504965742 0.0 0
1573302500 6.423638782 0.0 0
1573302667 6.488222631 0.0 0
1573303814 11.738960652 0.0 0
1573303981 6.251987633 0.0 0
1573304147 6.018730358 0.0 0
1573304312 6.167824043 0.0 0
1573304471 6.053555607 0.0 0
1573304639 6.026256655 0.0 0
1573304797 6.205894409 0.0 0
1573304957 6.223694044 0.0 0
1573305120 6.018877937 0.0 0
1573305280 5.759404567 0.0 0
1573306438 5.889338893 0.0 0
1573306754 6.286057712 0.0 0
1573307077 13.181371352 0.0 0
1573307413 6.130220143 0.0 0
1573307730 6.118701577 0.0 0
1573308051 5.955529871 0.0 0
1573308365 6.073652517 0.0 0
1573308697 6.19391661 0.0 0
1573309017 6.025340289 0.0 0
1573309347 5.847539928 0.0 0
1573310188 5.880946536 0.0 0
1573310813 6.08352877 0.0 0
1573311429 5.900501992 0.0 0
1573312046 5.922044873 0.0 0
1573312745 5.708644944 0.0 0
1573313367 6.148675291 0.0 0
1573313988 6.073771728 0.0 0
1573314616 6.218380252 0.0 0
1573741849 5.893634783 0.0 0
1573741967 6.062820949 0.0 0
1573743598 6.049136274 0.0 0
1573743700 5.855662522 0.0 0
1573743799 5.869603836 0.0 0
1573743897 5.874973006 0.0 0
1573743996 6.289568479 0.0 0
1573744093 5.940152443 0.0 0
1573744190 6.121290655 0.0 0
1573744289 5.9273662 0.0 0
1573744385 5.974725826 0.0 0
1573744476 5.796688526 0.0 0
1573744588 5.795213208 0.0 0
1573744681 5.729054949 0.0 0
1573744795 6.129623287 0.0 0
1573744893 5.656282179 0.0 0
1573745029 5.888349972 0.0 0
1573745213 5.927466377 0.0 0
1573745310 6.140104876 0.0 0
1573745413 5.799887124 0.0 0
1573745510 5.943150254 0.0 0
1573745610 5.84939815 0.0 0
1573745708 6.147320603 0.0 0
1573745811 5.895122159 0.0 0
1573745910 5.898257075 0.0 0
1573746006 6.555925542 0.0 0
1573746107 5.7521349 0.0 0
1573746204 5.840196291 0.0 0
1573746306 5.901506401 0.0 0
1573746407 5.845545152 0.0 0
1573746504 5.912496412 0.0 0
1573746599 5.973140472 0.0 0
1573748920 6.08011659 0.0 0
1573749016 5.830869799 0.0 0
1573749117 5.927015046 0.0 0
1573749229 6.136892307 0.0 0
1573749323 6.024662585 0.0 0
1573749456 6.065650885 0.0 0
1573749561 5.973208642 0.0 0
1573749661 5.874572197 0.0 0
1573749760 5.903203508 0.0 0
1573749856 5.932764034 0.0 0
1573752452 6.001988683 0.0 0
1573752710 6.002368547 0.0 0
1573752869 6.119555995 0.0 0
1573753027 5.955715886 0.0 0
1573753185 6.00426262 0.0 0
1573753339 6.315931029 0.0 0
1573753499 5.80095336 0.0 0
1573753652 5.900194944 0.0 0
1573753814 5.95078716 0.0 0
1573754634 5.884038027 0.0 0
1573754793 6.070751631 0.0 0
1573754954 6.016449616 0.0 0
1573755122 5.930767559 0.0 0
1573755281 5.882249817 0.0 0
1573755441 5.963967953 0.0 0
1573755597 5.912285007 0.0 0
1573755755 5.804908404 0.0 0
1573755912 6.077862824 0.0 0
1573756070 5.943890688 0.0 0
1573827964 6.0278858 0.0 0
1573828276 6.1617134 0.0 0
1573828587 6.106720713 0.0 0
1573828892 5.873459854 0.0 0
1573829197 6.018259993 0.0 0
1573829503 5.884083303 0.0 0
1573829884 5.935400552 0.0 0
1573830370 6.172045889 0.0 0
1573830678 5.87714093 0.0 0
1573830986 5.973634246 0.0 0
1573831378 5.852575706 0.0 0
1573831535 6.15390801 0.0 0
1573831693 6.103163563 0.0 0
1573831867 6.046763016 0.0 0
1573832019 5.779494673 0.0 0
1573832178 6.089658082 0.0 0
1573832334 5.994305909 0.0 0
1573832501 5.835963122 0.0 0
1573832656 5.932035057 0.0 0
1573832811 6.189631212 0.0 0
1573833007 5.942987966 0.0 0
1573833164 5.903553052 0.0 0
1573833328 5.905352378 0.0 0
1573833484 5.763194642 0.0 0
1573833642 5.751024879 0.0 0
1573901016 5.889823838 0.0 0
1573901174 5.885916778 0.0 0
1573901330 6.029076164 0.0 0
1573901486 5.88686404 0.0 0
1573901647 6.02419894 0.0 0
1573901801 5.973119707 0.0 0
1573901955 5.944577539 0.0 0
1573902114 6.12248398 0.0 0
1573902271 6.110183599 0.0 0
1573902427 5.973440079 0.0 0
1573902620 5.935576153 0.0 0
1573902928 5.828561739 0.0 0
1573903238 6.132651109 0.0 0
1573903550 5.973987339 0.0 0
1573903860 5.931081985 0.0 0
1573904169 6.30102959 0.0 0
1573904492 9.387769985 0.0 0
1574685743 5.904499381 0.0 0
1574685933 5.702741278 0.0 0
1574686106 5.921028411 0.0 0
1574686264 5.692003581 0.0 0
1574686426 5.805818151 0.0 0
1574686582 8.688201539 0.0 0
1574686747 5.855824626 0.0 0
1574686913 5.799204482 0.0 0
1574687103 5.844948469 0.0 0
1574687279 6.66144177 0.0 0
1574687937 6.10508838 0.0 0
1574688250 12.409017549 0.0 0
1574689239 5.980130693 0.0 0
1574689610 5.713812 0.0 0
1574689825 5.723777974 0.0 0
1574689995 6.102313101 0.0 0
1574690157 5.680499025 0.0 0
1574690334 6.05566244 0.0 0
1574690494 5.854862794 0.0 0
1574690663 6.001203339 0.0 0
1574690825 5.893256274 0.0 0
1574691009 5.904661233 0.0 0
1574691188 5.732045633 0.0 0
1574691941 5.938995401 0.0 0
1574692260 5.834552789 0.0 0
1574692578 7.596231624 0.0 0
1574693490 5.808110519 0.0 0
1574693814 5.97916876 0.0 0
1574694245 6.026325306 0.0 0
1574694575 5.975489404 0.0 0
1574695131 5.811306019 0.0 0
1574695468 5.952070331 0.0 0
1574695780 5.927943726 0.0 0
1574696240 5.822851369 0.0 0
1574696816 5.831265943 0.0 0
1574697391 5.805384881 0.0 0
1574697984 18.471794902 0.0 0
1574698553 24.234558066 0.0 0
1574706674 6.070402187 0.0 0
1574706809 5.683622769 0.0 0
1574707053 5.829868535 0.0 0
1574707232 5.805986489 0.0 0
1574708020 6.02109104 0.0 0
1574708515 5.728623506 0.0 0
1574708716 5.899341049 0.0 0
1574709098 6.024014075 0.0 0
1574709332 5.755351954 0.0 0
1574710442 5.734219141 0.0 0
1574710632 5.695615424 0.0 0
1574950724 6.2979982 0.0 0
1574951045 5.954070416 0.0 0
1574951433 5.984776903 0.0 0
1574951776 6.155386111 0.0 0
1574952091 10.164773409 0.0 0
1574952408 5.957484928 0.0 0
1574952823 6.486564101 0.0 0
1574953192 5.883108921 0.0 0
1574953502 5.581134246 0.0 0
1574953827 5.670331149 0.0 0
1574954156 5.909150762 0.0 0
1574954319 5.891889902 0.0 0
1574954495 5.695755748 0.0 0
1574954659 5.756630205 0.0 0
1574954844 5.819724511 0.0 0
1574955001 5.901946708 0.0 0
1574955260 5.935875511 0.0 0
1574955418 5.899671381 0.0 0
1574955578 5.902169783 0.0 0
1574955739 5.844565165 0.0 0
1574955996 5.940594954 0.0 0
1574956566 15.867742989 0.0 0
1574957232 41.541073353 0.0 0
1574957844 5.820440978 0.0 0
1574958436 5.931643116 0.0 0
1574959025 6.098881528 0.0 0
1574959629 5.934965612 0.0 0
1574960206 5.764075368 0.0 0
1574960819 5.824547907 0.0 0
1574961457 5.928810311 0.0 0
1575026487 5.886951646 0.0 0
1575026648 5.730364943 0.0 0
1575026809 5.792712439 0.0 0
1575026969 5.887434998 0.0 0
1575027133 5.876932813 0.0 0
1575027295 5.946937194 0.0 0
1575027460 5.774443709 0.0 0
1575027617 5.849205661 0.0 0
1575027781 5.896305829 0.0 0
1575027946 6.065482505 0.0 0
1575028127 5.746371604 0.0 0
1575028435 5.824695136 0.0 0
1575028747 5.973115397 0.0 0
1575029080 5.654705557 0.0 0
1575029397 5.97451521 0.0 0
1575029704 5.940740344 0.0 0
1575030020 5.961204706 0.0 0
1575030331 5.883031027 0.0 0
1575030647 5.768859634 0.0 0
1575030978 5.856184157 0.0 0
1575032927 6.090219719 0.0 0
1575033494 5.792956785 0.0 0
1575034085 5.922252609 0.0 0
1575034653 5.883963577 0.0 0
1575035225 5.906435521 0.0 0
1575036247 5.946628552 0.0 0
1575036824 5.788283208 0.0 0
1575037384 5.873793277 0.0 0
1575037941 5.857028533 0.0 0
1575038953 5.936967435 0.0 0
1575112803 5.895838126 0.0 0
1575112964 5.704430349 0.0 0
1575113126 5.838521641 0.0 0
1575113286 5.839206725 0.0 0
1575113445 5.892502911 0.0 0
1575113604 5.850930494 0.0 0
1575113762 5.819197995 0.0 0
1575113919 5.973473961 0.0 0
1575114077 9.897858466 0.0 0
1575114244 5.892184199 0.0 0
1575114414 5.794751961 0.0 0
1575114717 5.717478324 0.0 0
1575115028 5.946011729 0.0 0
1575115337 5.942071042 0.0 0
1575115646 5.735990674 0.0 0
1575115960 5.801169529 0.0 0
1575116271 5.994672733 0.0 0
1575116583 5.84699324 0.0 0
1575116890 5.689946308 0.0 0
1575117199 5.84914698 0.0 0
1575120220 5.936080695 0.0 0
1575120783 5.888648167 0.0 0
1575121342 5.740240051 0.0 0
1575122404 5.817226504 0.0 0
1575122963 5.912447309 0.0 0
1575123519 5.802864467 0.0 0
1575124079 5.768253076 0.0 0
1575124633 5.831789147 0.0 0
1575125199 5.820504997 0.0 0
1575125769 5.848762948 0.0 0
1575289732 5.969488802 0.0 0
1575289896 6.445289283 0.0 0
1575290065 5.88419411 0.0 0
1575290247 5.759527974 0.0 0
1575290415 7.783793209 0.0 0
1575290593 6.781186298 0.0 0
1575290764 6.126072916 0.0 0
1575290925 5.974876338 0.0 0
1575291084 5.716617027 0.0 0
1575291245 5.860113178 0.0 0
1575292924 6.165190535 0.0 0
1575293240 24.791689416 0.0 0
1575293595 5.960414714 0.0 0
1575293931 6.182535342 0.0 0
1575294251 34.767719935 0.0 0
1575294617 6.14913637 0.0 0
1575294987 5.772239128 0.0 0
1575295380 6.284594514 0.0 0
1575295732 5.884213595 0.0 0
1575296940 5.919745158 0.0 0
1575297507 5.854733229 0.0 0
1575298091 10.199292734 0.0 0
1575298661 5.944269103 0.0 0
1575299234 6.085233249 0.0 0
1575299811 5.873188682 0.0 0
1575300436 5.828165351 0.0 0
1575300994 6.056810335 0.0 0
1575301810 6.007989154 0.0 0
1575384134 5.947233135 0.0 0
1575384294 5.68139479 0.0 0
1575384454 5.771729748 0.0 0
1575384613 5.768645831 0.0 0
1575384778 5.755966606 0.0 0
1575384932 5.837484942 0.0 0
1575385093 5.799740591 0.0 0
1575385255 6.200589363 0.0 0
1575385414 5.832399926 0.0 0
1575385578 5.746644884 0.0 0
1575385820 5.970951758 0.0 0
1575386131 5.975240435 0.0 0
1575386442 5.84447106 0.0 0
1575386848 5.679670789 0.0 0
1575387156 5.697137877 0.0 0
1575387466 5.976622864 0.0 0
1575387776 5.610639622 0.0 0
1575388084 5.80988867 0.0 0
1575388392 5.944934589 0.0 0
1575388698 5.914367263 0.0 0
1575390001 5.851779185 0.0 0
1575390569 5.851783364 0.0 0
1575391137 5.74982067 0.0 0
1575391700 5.848458909 0.0 0
1575392515 5.803631032 0.0 0
1575393147 5.782814895 0.0 0
1575393710 5.792137115 0.0 0
1575394275 5.856281171 0.0 0
1575394838 6.00829224 0.0 0
1575395400 5.895009419 0.0 0
1575397094 17.996288124 0.0 0
1575397386 16.831502114 0.0 0
1575397625 22.914928827 0.0 0
1575473361 5.785736164 0.0 0
1575474390 6.006117335 0.0 0
1575556515 5.703748801 0.0 0
1575556676 6.155928806 0.0 0
1575556840 5.726101392 0.0 0
1575557020 5.88862233 0.0 0
1575557202 5.837900596 0.0 0
1575557386 6.026077139 0.0 0
1575557561 5.946789308 0.0 0
1575557734 5.855580028 0.0 0
1575558193 5.915882457 0.0 0
1575558382 5.872938563 0.0 0
1575558579 5.921191968 0.0 0
1575558891 5.866662634 0.0 0
1575559219 5.903434726 0.0 0
1575559530 5.774097975 0.0 0
1575559905 5.805539249 0.0 0
1575560233 5.833218573 0.0 0
1575560563 5.897759987 0.0 0
1575561095 5.79091877 0.0 0
1575561442 5.851293478 0.0 0
1575561799 6.114227794 0.0 0
1575562218 6.007579826 0.0 0
1575562927 6.027811909 0.0 0
1575563564 5.687057 0.0 0
1575564178 5.960191678 0.0 0
1575564761 5.642153486 0.0 0
1575565328 6.020673781 0.0 0
1575565890 5.902495008 0.0 0
1575566461 28.167435295 0.0 0
1575567796 5.824269925 0.0 0
1575568408 5.618666611 0.0 0
1579184013 5.699256129 0.0 0
1579184728 5.948156325 0.0 0
1579184890 6.051890507 0.0 0
1579185051 5.793638916 0.0 0
1579185227 5.806483753 0.0 0
1579185402 5.903970749 0.0 0
1579185585 5.829178699 0.0 0
1579185759 5.832737068 0.0 0
1579185953 5.943740288 0.0 0
1579186125 5.760907998 0.0 0
1579186323 6.018144548 0.0 0
1579186637 34.839676708 0.02857142857142857 1
1579187685 5.856577898 0.0 0
1579188011 6.074378967 0.0 0
1579188462 5.719119417 0.0 0
1579188993 6.075755801 0.0 0
1579189307 23.604937681 0.0 0
1579189655 5.848545676 0.0 0
1579189991 5.804262 0.0 0
1579190325 7.096635294 0.0 0
1579190851 5.929148529 0.0 0
1579191467 5.985035875 0.0 0
1579192032 5.964597445 0.0 0
1579192610 5.986357285 0.0 0
1579193179 5.84140085 0.0 0
1579193767 5.984409342 0.0 0
1579194332 5.975607633 0.0 0
1579194902 6.036668375 0.0 0
1579195466 6.071264769 0.0 0
1579196056 5.859406953 0.0 0
1579351743 5.820759933 0.0 0
1579351910 6.112435084 0.0 0
1579352070 5.902631265 0.0 0
1579352232 5.879751067 0.0 0
1579352394 5.959631458 0.0 0
1579352559 5.836666437 0.0 0
1579352716 5.924377193 0.0 0
1579352878 5.806172129 0.0 0
1579353040 5.973319537 0.0 0
1579353203 5.904603004 0.0 0
1579354085 5.800966579 0.0 0
1579354391 5.864720773 0.0 0
1579354702 5.975818377 0.0 0
1579355014 5.790624766 0.0 0
1579355321 5.724996723 0.0 0
1579355630 5.691568722 0.0 0
1579355940 5.936668907 0.0 0
1579356244 5.827942914 0.0 0
1579356552 5.957121445 0.0 0
1579356857 6.009135178 0.0 0
1579359264 6.103826669 0.0 0
1579359837 5.72265711 0.0 0
1579360400 5.700615132 0.0 0
1579360958 5.845881312 0.0 0
1579361514 5.882110466 0.0 0
1579362068 5.77179488 0.0 0
1579362624 5.931909945 0.0 0
1579363184 6.116066437 0.0 0
1579363753 5.930140302 0.0 0
1579364314 5.898124825 0.0 0
1579522824 6.033290966 0.0 0
1579523035 6.001845698 0.0 0
1579523224 6.040096094 0.0 0
1579523390 5.779919615 0.0 0
1579523562 5.804200184 0.0 0
1579523745 5.657399643 0.0 0
1579523925 5.725237686 0.0 0
1579524114 6.571230789 0.0 0
1579524282 5.881350936 0.0 0
1579524450 6.002056358 0.0 0
1579524683 5.990257518 0.0 0
1579525027 5.821426477 0.0 0
1579525357 5.847810315 0.0 0
1579525748 5.852335251 0.0 0
1579526074 6.135835036 0.0 0
1579528369 5.878461298 0.0 0
1579528691 6.067708786 0.0 0
1579529113 66.292241077 0.0 0
1579529518 5.902157393 0.0 0
1579529830 5.532578238 0.0 0
1579530230 5.795826426 0.0 0
1579530868 15.393546093 0.0 0
1579531918 5.85565876 0.0 0
1579532621 5.813604209 0.0 0
1579533274 6.653310723 0.0 0
1579533862 6.200215408 0.0 0
1579534550 5.849041894 0.0 0
1579535165 24.524704852 0.0 0
1579535766 20.590136889 0.0 0
1579536832 6.25637451 0.0 0
1579537423 5.668445524 0.0 0
1580215283 5.936926179 0.0 0
1580215475 5.756951519 0.0 0
1580215643 5.971395107 0.0 0
1580215801 5.856102899 0.0 0
1580215962 5.901153263 0.0 0
1580216125 5.73062258 0.0 0
1580216285 5.96786239 0.0 0
1580216446 5.942834533 0.0 0
1580216605 5.748119827 0.0 0
1580216787 5.795666326 0.0 0
1580217819 6.064090571 0.0 0
1580218147 5.954941386 0.0 0
1580218462 6.060402907 0.0 0
1580218796 5.739567596 0.0 0
1580219148 5.843992666 0.0 0
1580219508 5.765137663 0.0 0
1580222236 5.811510342 0.0 0
1580222551 5.824637349 0.0 0
1580222866 5.840931466 0.0 0
1580223170 5.892591888 0.0 0
1580223558 5.812845553 0.0 0
1580224125 5.717988209 0.0 0
1580224682 5.820713457 0.0 0
1580225241 5.843451802 0.0 0
1580225806 5.655200226 0.0 0
1580226383 5.822611894 0.0 0
1580226952 5.749522351 0.0 0
1580227550 5.783442378 0.0 0
1580228135 5.991855078 0.0 0
1580228694 5.934965695 0.0 0
1580304698 5.764278935 0.0 0
1580304855 5.91786945 0.0 0
1580305016 6.046716862 0.0 0
1580305176 5.909327866 0.0 0
1580305361 5.800316919 0.0 0
1580305520 5.842209611 0.0 0
1580305683 5.839148901 0.0 0
1580305842 5.835528954 0.0 0
1580305998 5.91474135 0.0 0
1580306157 5.865721387 0.0 0
1580306462 5.885877208 0.0 0
1580306763 5.863095982 0.0 0
1580307078 5.801609757 0.0 0
1580307639 5.884586157 0.0 0
1580307949 6.044690303 0.0 0
1580308261 5.93524076 0.0 0
1580310464 5.977285675 0.0 0
1580310778 5.851345446 0.0 0
1580311092 6.08012636 0.0 0
1580311400 5.872282345 0.0 0
1580311774 5.887863124 0.0 0
1580312118 5.802659941 0.0 0
1580312704 5.664011636 0.0 0
1580313261 5.710994359 0.0 0
1580314225 5.833136282 0.0 0
1580314782 5.81297912 0.0 0
1580315337 5.835688468 0.0 0
1580315901 5.912720089 0.0 0
1580316604 5.95212321 0.0 0
1580317176 5.958657109 0.0 0
1581935198 5.771070382 0.0 0
1581935356 5.879713701 0.0 0
1581935517 5.885068914 0.0 0
1581935683 5.948457949 0.0 0
1581935850 6.040718138 0.0 0
1581936022 5.919526054 0.0 0
1581936193 5.927498671 0.0 0
1581936353 6.029832278 0.0 0
1581936514 5.971926223 0.0 0
1581936690 6.059925172 0.0 0
1581936867 5.894937111 0.0 0
1581937182 5.888124879 0.0 0
1581937527 5.881452568 0.0 0
1581937832 6.096707141 0.0 0
1581938165 5.892750911 0.0 0
1581938489 5.862303634 0.0 0
1581938797 5.841725731 0.0 0
1581939114 6.069342077 0.0 0
1581939459 5.975894735 0.0 0
1581939760 6.030409659 0.0 0
1581942166 6.120153299 0.0 0
1581942844 5.974009682 0.0 0
1581944442 5.927836608 0.0 0
1581945728 6.047393358 0.0 0
1581946299 5.776823532 0.0 0
1581946869 6.081933759 0.0 0
1581947790 5.980856851 0.0 0
1581948857 6.592287094 0.0 0
1582026871 6.076945207 0.0 0
1582027034 5.803542007 0.0 0
1582027195 6.69596605 0.0 0
1582027365 6.446819417 0.0 0
1582027776 6.444442762 0.0 0
1582027940 6.238406134 0.0 0
1582028110 6.257678986 0.0 0
1582028276 6.535191748 0.0 0
1582028444 6.907935209 0.0 0
1582028613 6.461692882 0.0 0
1582030267 5.803782905 0.0 0
1582030571 5.983587815 0.0 0
1582031227 5.786526922 0.0 0
1582031521 5.848352023 0.0 0
1582031820 6.170257614 0.0 0
1582032191 6.615390992 0.0 0
1582032512 5.605155462 0.0 0
1582032812 5.55067525 0.0 0
1582033112 5.785703477 0.0 0
1582033461 6.613839215 0.0 0
1582033789 6.070247628 0.0 0
1582035449 5.56437371 0.0 0
1582036056 6.580290501 0.0 0
1582036661 6.792119695 0.0 0
1582037267 6.876746137 0.0 0
1582037867 5.678014223 0.0 0
1582038461 6.781079655 0.0 0
1582041354 5.746754316 0.0 0
1582041964 6.287346886 0.0 0
1582043549 6.759357639 0.0 0
1582044163 6.858549711 0.0 0
1582044766 6.736420381 0.0 0
1582045070 5.653209863 0.0 0
1582045369 5.784707177 0.0 0
1582045677 6.662415146 0.0 0
1582045977 6.179998319 0.0 0
1582113085 6.827947137 0.0 0
1582113253 6.270383575 0.0 0
1582113416 5.862343097 0.0 0
1582113585 6.380392207 0.0 0
1582113747 6.665300204 0.0 0
1582113924 6.322237934 0.0 0
1582114087 5.635991027 0.5 1
1582114249 6.108037742 0.0 0
1582114417 6.347641023 0.0 0
1582114580 6.725259875 0.0 0
1582114745 5.681551504 0.0 0
1582114906 6.469719418 0.0 0
1582115072 6.290959467 0.0 0
1582115238 6.476739565 0.0 0
1582115401 6.228166617 0.0 0
1582115565 6.503539714 0.0 0
1582115729 6.163659407 0.0 0
1582115892 5.616775934 0.0 0
1582116073 6.591447257 0.0 0
1582116290 6.431038019 0.0 0
1582116462 6.304088818 0.0 0
1582116629 8.214851354 0.125 1
1582118950 5.822735338 0.0 0
1582119111 6.292257941 0.0 0
1582119281 6.599324412 0.0 0
1582119448 5.704756206 0.0 0
1582119632 6.999951346 0.0 0
1582119796 6.424390238 0.0 0
1582119966 6.344993602 0.0 0
1582120139 6.799891673 0.0 0
1582120322 6.474211092 0.0 0
1582120625 6.851203963 0.0 0
1582120863 6.487425392 0.0 0
1582121030 6.665750178 0.0 0
1582121275 6.640438685 0.0 0
1582121437 6.391488407 0.0 0
1582125181 5.636509429 0.0 0
1582125340 6.619210756 0.0 0
1582125824 5.661273449 0.0 0
1582125990 6.459543896 0.0 0
1582126159 6.246889447 0.0 0
1582126320 5.649855053 0.0 0
1582126486 6.943167982 0.0 0
1582126649 5.919090881 0.0 0
1582126815 6.37633806 0.0 0
1582126977 5.882551826 0.0 0
1582127137 6.610951076 0.0 0
1582127304 6.614331739 0.0 0
1582127474 6.425354316 0.0 0
1582127637 6.81612926 0.0 0
1582127802 6.612471803 0.0 0
1582127962 6.607266322 0.0 0
1582128128 6.470751561 0.0 0
1582128287 5.588697517 0.0 0
1582128469 5.582080375 0.0 0
1582128632 5.795383576 0.0 0
1582128799 5.597002657 0.0 0
1582128961 5.706529008 0.0 0
1582129133 6.02801421 0.0 0
1582129292 5.74435361 0.0 0
1582129452 6.098542179 0.0 0
1582129617 6.293186431 0.0 0
1582185040 5.913272421 0.0 0
1582185220 6.530194815 0.0 0
1582185955 6.024964974 0.0 0
1582186116 6.011957499 0.0 0
1582186275 5.96471031 0.0 0
1582186848 5.921546019 0.0 0
1582187812 5.765751832 0.0 0
1582187969 5.976258147 0.0 0
1582188130 5.887639509 0.0 0
1582188291 5.812957011 0.0 0
1582188745 5.871869707 0.0 0
1582189463 5.927594585 0.0 0
1582190769 5.98877855 0.0 0
1582191060 5.799985131 0.0 0
1582191351 5.887557362 0.0 0
1582191648 5.904101268 0.0 0
1582191943 5.841793176 0.0 0
1582192234 5.959741061 0.0 0
1582192532 5.860594237 0.0 0
1582192819 5.994365734 0.0 0
1582193107 6.421583165 0.0 0
1582193741 5.914234628 0.0 0
1582193904 5.957594702 0.0 0
1582194068 6.073001803 0.0 0
1582194224 6.036886373 0.0 0
1582194386 5.932691655 0.0 0
1582194550 5.981807493 0.0 0
1582194710 5.881580825 0.0 0
1582194881 5.969452995 0.0 0
1582195041 5.761433215 0.0 0
1582195202 6.061270114 0.0 0
1582195696 5.8250589 0.0 0
1582195857 6.096016419 0.0 0
1582196014 5.767807736 0.0 0
1582196175 5.906803454 0.0 0
1582196334 5.761170476 0.0 0
1582196493 5.899349576 0.0 0
1582196651 5.85667496 0.0 0
1582196809 5.805224768 0.0 0
1582196971 5.894059915 0.0 0
1582197138 5.935317464 0.0 0
1582197295 6.011331531 0.0 0
1582197462 5.893075659 0.0 0
1582197632 5.809158525 0.0 0
1582197790 5.943876951 0.0 0
1582197949 5.750988866 0.0 0
1582198106 5.721436032 0.0 0
1582198268 5.960791664 0.0 0
1582198424 5.929297642 0.0 0
1582198706 5.880879826 0.0 0
1582199054 5.873912917 0.0 0
1582631362 5.984873934 0.0 0
1582631522 5.75770626 0.0 0
1582631678 5.897767852 0.0 0
1582631836 5.933130436 0.0 0
1582631992 5.931259445 0.0 0
1582632149 5.987460636 0.0 0
1582632310 5.995895349 0.0 0
1582632472 5.867522951 0.0 0
1582632630 6.183665313 0.0 0
1582632792 6.013286685 0.0 0
1582634888 5.967612295 0.0 0
1582635171 5.784202774 0.0 0
1582635454 5.972691992 0.0 0
1582635738 5.866217224 0.0 0
1582636024 5.883643877 0.0 0
1582636310 7.963274539 0.0 0
1582636602 6.427689336 0.0 0
1582636893 6.056133862 0.0 0
1582637193 6.023767206 0.0 0
1582637489 5.916493507 0.0 0
1582637785 5.941960084 0.0 0
1582638344 5.912406153 0.0 0
1582638921 5.872464067 0.0 0
1582640600 5.874581272 0.0 0
1582641158 5.829360586 0.0 0
1582641720 5.975006398 0.0 0
1582642294 5.889916025 0.0 0
1582642870 5.914034155 0.0 0
1582643472 5.812444475 0.0 0
1582644030 5.81759004 0.0 0
1582884489 6.012943412 0.0 0
1582884669 5.854769811 0.0 0
1582884837 5.862733945 0.0 0
1582884998 5.793880077 0.0 0
1582885164 5.854891593 0.0 0
1582885327 5.820237162 0.0 0
1582885486 5.89802892 0.0 0
1582885648 5.84048275 0.0 0
1582885809 5.903171537 0.0 0
1582885971 5.921491474 0.0 0
1582886139 5.978031258 0.0 0
1582886421 5.945737237 0.0 0
1582886715 5.891818464 0.0 0
1582887008 5.728320138 0.0 0
1582887296 5.911370204 0.0 0
1582887582 6.004622991 0.0 0
1582887877 6.005991938 0.0 0
1582888163 6.395944544 0.0 0
1582888451 6.076240213 0.0 0
1582888739 5.984887259 0.0 0
1582898615 6.046692215 0.0 0
1582899200 5.712107626 0.0 0
1582899765 6.038431928 0.0 0
1582900328 5.837451935 0.0 0
1582900890 5.815629896 0.0 0
1582902634 5.759393739 0.0 0
1582903213 5.974004953 0.0 0
1574710632 5.695615424 0.0 0
1574707053 5.829868535 0.0 0
1574708716 5.899341049 0.0 0
