1569853940 14.959509027 0.0 0
1569854966 14.727515117 0.0 0
1569855515 14.771635068 0.0 0
1569856537 12.659907819 0.0 0
1570447361 14.848624433 0.0 0
1570448190 17.429572968 -1 -1
1570449119 44.130427385 0.0 0
1570449575 14.439780106 0.0 0
1571323561 14.900485584 0.0 0
1571323964 14.626096159 0.0 0
1571324361 14.705547168 0.0 0
1571324754 14.682036547 0.0 0
1571327684 14.796436602 0.0 0
1571328075 14.895147118 0.0 0
1571328466 14.79214637 0.0 0
1571328857 14.740851528 0.0 0
1571329249 14.864096239 0.0 0
1571329638 14.759355746 0.0 0
1571330616 14.834467162 0.0 0
1571398188 14.830146844 0.0 0
1571398584 14.755193262 0.0 0
1571398976 14.712267838 0.0 0
1571399367 14.70208566 0.0 0
1571399759 14.636098757 0.0 0
1571400156 14.816207403 0.0 0
1571400577 14.887879202 0.0 0
1571400975 14.675277897 0.0 0
1571401370 14.818916533 0.0 0
1571401760 14.715470236 0.0 0
1571407140 14.944193393 0.0 0
1571407533 14.928315407 0.0 0
1571407923 14.75561007 0.0 0
1571408313 14.792635987 0.0 0
1571408705 14.779275146 0.0 0
1571666197 14.886488176 0.0 0
1571666589 14.90765988 0.0 0
1571666981 14.299664425 0.0 0
1571667372 14.732454858 0.0 0
1571667817 14.798725021 0.0 0
1571669468 14.565983623 0.0 0
1571669861 14.732020609 0.0 0
1571754378 15.119661088 0.0 0
1571754769 14.816547989 0.0 0
1571755170 14.920021291 0.0 0
1571755572 14.761167634 0.0 0
1571755992 14.728985351 0.0 0
1571756802 14.836658952 0.0 0
1571757239 14.919191504 0.0 0
1571757657 14.842192875 0.0 0
1571758054 14.983217915 0.0 0
1571758445 14.923440281 0.0 0
1571758839 17.904453645 0.05555555555555555 1
1571762449 14.814676571 0.0 0
1571762848 14.791738091 0.0 0
1571763238 14.577563889 0.0 0
1571763629 14.571037158 0.0 0
1571764022 14.710598976 0.0 0
1571764448 14.750296285 0.0 0
1571764839 14.966026794 0.0 0
1571765228 15.159947565 0.0 0
1571765619 15.006418975 0.0 0
1571766009 14.759511186 0.0 0
1571766978 14.846137273 0.0 0
1572006711 14.223631658 0.0 0
1572007336 14.969351181 0.0 0
1572007732 15.136926615 0.0 0
1572008240 15.086166965 0.0 0
1572008642 14.580552447 0.0 0
1572009037 15.071705221 0.0 0
1572009427 14.784577198 0.0 0
1572009817 14.852332496 0.0 0
1572010208 15.172576652 0.0 0
1572010604 14.911966771 0.0 0
1572010995 14.583363679 0.0 0
1572013558 14.767967033 0.0 0
1572013951 14.832161287 0.0 0
1572014343 14.78459707 0.0 0
1572014732 14.914078932 0.0 0
1572015122 14.75528795 0.0 0
1572268266 35.694634043 -1 -1
1572269179 14.876783088 0.0 0
1572270009 14.799395817 0.0 0
1572270415 15.380491529 0.0 0
1572270811 13.199280059 0.0 0
1572272514 11.800878238 0.0 0
1572272850 11.902683427 0.0 0
1572273182 11.956095432 0.0 0
1572273529 11.832288553 0.0 0
1572273864 11.88741151 0.0 0
1572276285 12.156088768 0.0 0
1572276622 14.902149912 0.0 0
1572276955 11.827328358 0.0 0
1572277286 11.907057702 0.0 0
1572277621 11.822368894 0.0 0
1572277980 12.062924515 0.0 0
1572278312 11.753074201 0.0 0
1572278643 11.891382316 0.0 0
1572363702 11.969905112 0.0 0
1572364031 11.989852287 0.0 0
1572364363 12.005290497 0.0 0
1572364695 11.746069346 0.0 0
1572365030 11.705924598 0.0 0
1572365367 11.803531823 0.0 0
1572365745 11.963351596 0.0 0
1572366126 11.847632746 0.0 0
1572366459 11.936169985 0.0 0
1572366792 11.893467161 0.0 0
1572369820 12.054063412 0.0 0
1572370150 11.85854224 0.0 0
1572370481 11.915866474 0.0 0
1572370813 11.733119846 0.0 0
1572371142 11.988364322 0.0 0
1572371474 11.939010409 0.0 0
1572371804 12.800571505 0.0 0
1572372134 11.903880381 0.0 0
1572372463 11.942463554 0.0 0
1572372796 11.867649016 0.0 0
1572533808 11.799080367 0.0 0
1572534162 11.766739223 0.0 0
1572534509 11.810271145 0.0 0
1572534839 12.196993493 0.0 0
1572535189 11.747643989 0.0 0
1572535520 11.810478182 0.0 0
1572535849 11.90201705 0.0 0
1572536185 12.464461854 0.0 0
1572536548 11.888022668 0.0 0
1572536885 11.942874801 0.25 1
1572537807 11.940044045 0.0 0
1572538460 11.856215296 0.0 0
1572539116 11.977406196 0.0 0
1572539768 11.940028494 0.0 0
1572540424 12.117263143 0.0 0
1572541328 11.877938024 0.0 0
1572541977 11.928202137 0.0 0
1572542625 12.072034748 0.0 0
1572543270 12.053301489 0.0 0
1572543944 11.876483268 0.0 0
1572871693 11.775253954 0.0 0
1572872341 12.122125038 0.0 0
1572873022 12.03405015 0.0 0
1572873672 12.012450239 0.0 0
1572874328 27.178835732 0.0 0
1572875395 11.973456143 0.0 0
1572876300 12.171068729 0.0 0
1572877474 11.925470378 0.0 0
1572878130 11.924666962 0.0 0
1572879372 11.989228905 0.0 0
1572880004 11.725141309 0.0 0
1572880432 11.907723446 0.0 0
1572880767 11.844167567 0.0 0
1572881117 11.811951226 0.0 0
1572881449 11.96363601 0.0 0
1572881784 11.915035648 0.0 0
1572882114 11.993861264 0.0 0
1572882499 16.969180752 0.058823529411764705 1
1572882835 11.90392107 0.0 0
1572883186 11.948162563 0.0 0
1572883530 12.094010865 0.0 0
1572967760 12.26129012 0.0 0
1572968743 14.88395014 0.0 0
1572970376 14.427833294 0.06666666666666667 1
1572971027 14.820380943 0.06666666666666667 1
1572971690 11.887700207 0.0 0
1572972351 11.93584013 0.0 0
1572973063 11.847596512 0.0 0
1572973716 13.069357169 0.0 0
1572974367 12.079241094 0.0 0
1572975023 11.89982517 0.0 0
1572975422 12.242231602 0.0 0
1572975753 12.003387476 0.0 0
1572976124 11.984969742 0.0 0
1572976503 12.134827374 0.0 0
1572976833 11.909007499 0.0 0
1572977165 11.851748244 0.0 0
1572977527 11.871784898 0.0 0
1572977856 12.026948804 0.0 0
1572978245 11.929376392 0.0 0
1573209303 11.926076981 0.0 0
1573209970 12.046191906 0.0 0
1573210633 11.951813504 0.25 1
1573211302 11.997775553 0.0 0
1573211958 11.97668265 0.0 0
1573212607 11.856692338 0.0 0
1573213260 11.951530765 0.0 0
1573213926 12.059587323 0.0 0
1573214584 11.978962773 0.0 0
1573215245 12.015551155 0.0 0
1573218449 12.007356041 0.0 0
1573218783 11.999240767 0.0 0
1573218961 12.436577684 0.0 0
1573306685 10.568856508 0.0 0
1573307008 10.813258274 0.0 0
1573307344 10.537880879 0.0 0
1573307661 11.159265257 0.0 0
1573307980 11.211390336 0.0 0
1573308297 10.953451253 0.0 0
1573308628 10.868644945 0.0 0
1573308948 11.021719216 0.0 0
1573309269 11.271503963 0.0 0
1573309598 11.090454085 0.0 0
1573310744 11.074979889 0.0 0
1573311360 10.947183863 0.0 0
1573311978 11.312698311 0.0 0
1573312676 10.674756834 0.0 0
1573313296 11.216127996 0.0 0
1573313919 11.327620695 0.0 0
1573314547 11.161395106 0.0 0
1573315232 17.312351513 0.0 0
1573741878 11.135436082 0.0 0
1573741996 10.731834924 0.0 0
1573743629 10.760166372 0.0 0
1573743729 10.756186485 0.0 0
1573743827 11.543679071 0.0 0
1573743926 11.802098289 0.0 0
1573744026 10.54939581 0.0 0
1573744122 11.051410688 0.0 0
1573744220 10.774092935 0.0 0
1573744318 11.382400703 0.0 0
1573744409 11.252776231 0.0 0
1573744505 11.20815256 0.0 0
1573744613 9.815455208 0.0 0
1573744710 11.153702091 0.0 0
1573744823 12.933634856 0.0 0
1573744922 50.692116278 0.0 0
1573745059 11.031325882 0.0 0
1573745243 10.890880749 0.0 0
1573745339 10.869114785 0.0 0
1573745441 10.603016365 0.0 0
1573745538 11.393000162 0.09090909090909091 1
1573745639 13.347277768 0.0 0
1573745738 10.179444854 0.0 0
1573745841 11.140456356 0.0 0
1573745939 11.130195627 0.09090909090909091 1
1573746035 11.271016414 0.0 0
1573746137 10.444736512 0.0 0
1573746235 10.411341195 0.0 0
1573746334 10.462258203 0.0 0
1573746435 11.345523596 0.0 0
1573746532 11.302491908 0.0 0
1573746628 10.822921755 0.0 0
1573748948 11.271125287 0.0 0
1573749045 11.209359513 0.0 0
1573749147 10.409595865 0.0 0
1573749257 11.283334531 0.0 0
1573749356 10.751781749 0.0 0
1573749490 11.103120226 0.0 0
1573749589 11.588611102 0.0 0
1573749689 11.146775377 0.0 0
1573749788 10.799889702 0.0 0
1573749885 9.9254104 0.0 0
1573829433 10.706939455 0.0 0
1573830611 10.459966725 0.0 0
1573830917 10.8771494 0.0 0
1573831222 10.874064467 0.0 0
1573902856 10.706821719 0.0 0
1573903168 10.674272115 0.0 0
1573903482 10.885436228 0.0 0
1573904101 10.914319694 0.0 0
1573904588 14.649876628 0.0 0
1574688180 10.762036242 0.0 0
1574694497 12.735102758 0.0 0
1574696020 10.791156584 0.0 0
1574696747 11.210445733 0.0 0
1574706702 11.011656245 0.0 0
1574707336 10.82260284 0.0 0
1574709911 10.772121558 0.0 0
1574711166 10.53138936 0.0 0
1574952742 11.136385194 0.09090909090909091 1
1574957759 10.689213792 0.0 0
1575029013 10.946866844 0.0 0
1575029949 11.081638274 0.0 0
1575035155 10.707316749 0.0 0
1575039451 11.198260855 0.0 0
1575115268 10.679181774 0.0 0
1575116822 10.133893028 0.0 0
1575121274 10.518858121 0.0 0
1575293172 10.893859835 0.0 0
1575293844 11.112619784 0.0 0
1575297189 13.8000369 0.0 0
1575298593 10.986337226 0.0 0
1575302311 10.943235273 0.0 0
1575386374 10.22803438 0.0 0
1575388016 10.574371786 0.0 0
1575388937 10.722952344 0.0 0
1575391630 11.373802755 0.0 0
1575397185 30.813958769 0.0 0
1575397458 37.173765044 0.0 0
1575398022 40.072781119 0.07317073170731707 1
1575398272 34.451134715 0.0 0
1575398493 42.122855671 0.0 0
1575473795 11.413801128 0.0 0
1575474582 12.092467038 0.0 0
1575560814 10.581089477 0.0 0
1575561686 11.174735402 0.0 0
1579187925 10.732479151 0.0 0
1579190615 15.227295958 -1 -1
1579192529 10.691394328 0.0 0
1579362001 10.848309716 0.0 0
1579535097 10.642829788 0.0 0
1579536763 10.913899042 0.0 0
1580218394 10.340191857 0.0 0
1580223103 10.733972206 0.0 0
1580229189 10.860113672 0.0 0
1580307881 10.490368106 0.0 0
1580311022 10.905362704 0.0 0
1580311642 10.641382885 0.0 0
1580312017 10.743920002 0.0 0
1580313193 11.087784656 0.0 0
1580315833 10.469290774 0.0 0
1580316405 10.963828629 0.18181818181818182 1
1580317692 10.562214501 0.0 0
1581937087 10.707198824 0.0 0
1581937400 10.388946236 0.0 0
1581937742 10.136656523 0.0 0
1581938710 10.284574758 0.0 0
1581939012 10.05661596 0.0 0
1581939355 11.144523075 0.0 0
1581946229 10.812572815 0.0 0
1581949409 12.418176878 0.0 0
1582030499 12.118385324 0.0 0
1582030806 12.092164664 0.0 0
1582031452 10.930573363 0.0 0
1582031750 11.641519972 0.0 0
1582032122 10.823484814 0.0 0
1582033337 10.592574053 0.0 0
1582033696 11.265496001 0.0 0
1582035984 11.831919803 0.0 0
1582037197 10.32628708 0.0 0
1582037794 11.059729964 0.0 0
1582038977 10.854413756 0.0 0
1582042644 11.571793112 0.0 0
1582044091 12.577340335 0.0 0
1582120774 15.843421452 0.0 0
1582186424 14.701277156 -1 -1
1582189516 13.695128147 0.0 0
1582191284 10.568055226 0.0 0
1582191875 10.527934211 0.0 0
1582192463 10.72017609 0.0 0
1582637118 11.431697876 0.0 0
1582638838 10.511771255 0.0 0
1582640505 10.516858074 0.0 0
1582641091 10.927793029 0.0 0
1582643365 10.678345614 0.0 0
1582886353 10.879532928 0.0 0
1582886647 11.140855963 0.0 0
1582887515 10.956124572 0.0 0
1582888382 10.792404444 0.0 0
1582889029 10.558812286 0.0 0
1582899133 10.644828916 0.0 0
1582899698 10.626397514 0.0 0
1582900821 10.616735302 0.0 0
1582902566 10.667434433 0.0 0
1574711166 10.53138936 0.0 0
