1569853929 1.73873685 0.6666666666666666 1
1569854954 1.842541025 1.0 1
1569855505 1.454657412 0.3333333333333333 1
1569856527 1.229137103 0.0 0
1570447350 1.618697233 0.0 0
1570448181 1.562088162 -1 -1
1570449109 1.404156312 0.6666666666666666 1
1570449564 1.43812451 0.0 0
1571323551 1.488602458 1.0 1
1571323954 1.597589455 2.0 2
1571324352 0.750489371 1.0 1
1571324353 0.043206592 -1 -1
1571324353 0.340232627 -1 -1
1571324744 1.536845966 1.6666666666666667 2
1571327674 1.531915907 1.3333333333333333 2
1571328065 1.269049242 1.6666666666666667 2
1571328456 1.404289534 1.3333333333333333 2
1571328847 1.730985931 1.0 1
1571329240 1.199526834 0.0 0
1571329628 1.434705735 2.0 2
1571330606 1.751159115 1.5 2
1571398178 1.734402833 1.0 1
1571398574 1.446977702 1.6666666666666667 2
1571398966 1.402095732 2.0 2
1571399358 1.359596109 1.0 1
1571399750 1.329230823 0.0 0
1571400146 1.641603136 0.0 0
1571400567 1.418938713 0.3333333333333333 1
1571400965 1.482460483 0.6666666666666666 1
1571401360 1.590205513 1.6666666666666667 2
1571401749 1.651711815 1.6666666666666667 2
1571401751 0.087240836 1.0 1
1571407130 1.37503573 0.0 0
1571407523 1.653089639 0.0 0
1571407913 1.241734293 0.0 0
1571408303 1.627638993 0.0 0
1571408695 1.527722091 0.0 0
1571666188 1.410272494 0.0 0
1571666579 1.699677661 0.6666666666666666 1
1571666971 1.761256019 0.3333333333333333 1
1571667362 1.762777567 0.6666666666666666 1
1571667807 1.252695951 0.3333333333333333 1
1571669458 1.023566961 2.0 2
1571669851 1.507798801 0.6666666666666666 1
1571754368 1.884948172 2.0 2
1571754760 1.501250287 2.0 2
1571755160 1.582890558 1.6666666666666667 2
1571755562 1.402509059 1.6666666666666667 2
1571755978 2.053315131 2.5 3
1571756792 1.447869534 1.0 1
1571757229 1.098724959 0.0 0
1571757647 1.359682158 2.0 2
1571758044 1.355910109 1.6666666666666667 3
1571758435 1.44269369 3.0 3
1571758829 1.543864223 2.0 2
1571762440 1.093389487 1.5 2
1571762441 0.1676341 1.0 1
1571762838 1.450704981 3.0 3
1571763229 1.667168016 0.5 1
1571763619 1.362744991 1.6666666666666667 2
1571764013 1.420005841 1.0 1
1571764438 1.109419607 2.0 2
1571764439 0.205744969 2.0 2
1571764829 1.330021685 2.0 2
1571765218 1.456350484 3.0 3
1571765610 1.453017362 2.0 2
1571765999 1.54041607 2.0 2
1571766967 1.798816804 2.0 2
1572006701 1.789575306 1.3333333333333333 2
1572007327 1.452221336 0.0 0
1572007722 1.295561953 2.5 3
1572008230 1.487892944 2.3333333333333335 3
1572008632 1.703047836 3.0 3
1572009027 1.447808527 0.5 1
1572009417 1.456245546 0.3333333333333333 1
1572009807 1.705458573 0.6666666666666666 1
1572010198 1.586405367 2.0 2
1572010595 1.486438166 2.5 3
1572010986 1.279807284 2.5 3
1572013548 1.620492832 2.0 2
1572013941 1.512470245 1.6666666666666667 2
1572014333 1.41082356 1.3333333333333333 2
1572014722 1.205424942 1.6666666666666667 2
1572015112 1.491950941 1.6666666666666667 3
1572268256 1.840587442 -1 -1
1572269169 1.629786136 0.0 0
1572269585 1.109441997 0.0 0
1572270000 1.402148773 0.0 0
1572270406 1.372821562 0.0 0
1572270800 1.208442376 0.0 0
1572271306 1.784316844 0.0 0
1572272507 1.114763665 1.0 1
1572272841 1.544692732 0.0 0
1572273172 2.399425507 1.0 1
1572273521 1.381247859 1.0 1
1572273856 1.454268869 1.6666666666666667 2
1572276614 1.034951004 1.0 2
1572276947 1.28410098 1.0 1
1572277278 1.18849726 0.5 1
1572277613 1.238529778 1.0 1
1572277972 1.025201053 1.0 1
1572278304 1.276205479 1.0 1
1572278636 0.785903873 0.0 0
1572363694 1.140178717 1.5 2
1572364023 1.060482138 1.6666666666666667 2
1572364355 0.981691039 1.0 1
1572364687 1.247219844 2.0 2
1572365022 1.01363075 2.0 2
1572365359 1.159395402 1.0 2
1572366118 0.951579719 1.0 2
1572366450 1.449712522 2.6666666666666665 3
1572366784 1.253217085 2.5 3
1572369812 0.940028675 1.0 1
1572370142 1.027076021 1.5 2
1572370473 1.328455997 2.6666666666666665 3
1572370805 0.878099227 1.5 2
1572371134 1.238806331 1.5 2
1572371466 1.166176259 1.5 2
1572371796 1.279061181 1.5 2
1572372126 1.328052252 0.5 1
1572372455 1.316446644 3.0 3
1572372789 0.976061997 0.0 0
1572533800 1.02332758 1.5 2
1572534154 0.9375853 2.0 2
1572534501 1.030748451 1.0 1
1572534831 1.062969819 2.0 2
1572535181 1.036722603 0.5 1
1572535512 1.206005447 1.5 2
1572536177 1.018459722 1.0 1
1572536540 1.31849355 1.3333333333333333 2
1572536877 1.248504156 0.6666666666666666 1
1572537795 4.721515951 0.0 0
1572538452 1.189482967 1.0 1
1572539108 1.159735389 1.0 1
1572539761 1.320411919 1.0 1
1572540409 1.308894015 0.5 1
1572541320 1.286058255 1.0 1
1572541969 1.280119122 1.0 1
1572542617 1.439551706 1.0 1
1572543262 1.530999525 1.0 1
1572543936 1.380981257 1.0 1
1572871684 1.370443223 1.0 1
1572872333 1.214511386 2.0 2
1572873014 1.060091801 2.0 2
1572873665 1.324383364 2.0 2
1572874320 1.22933682 0.0 0
1572875387 1.396231242 0.5 1
1572876253 1.445227444 0.5 1
1572877466 1.332927811 1.0 1
1572878122 1.27910014 1.0 1
1572879364 1.246657414 1.0 1
1572879967 20.507054706 0.09523809523809523 2
1572880424 1.193030575 2.5 3
1572880759 1.121904729 1.0 1
1572881441 0.684033449 3.0 3
1572881776 0.676337102 0.5 1
1572881776 0.087459617 0.5 1
1572881777 0.502043323 0.0 0
1572882106 1.327764705 1.5 2
1572882491 1.285620675 1.3333333333333333 2
1572882827 1.645150917 0.6666666666666666 1
1572883179 0.051900112 0.0 0
1572883521 1.504228735 2.0 2
1572967752 1.114422117 1.0 1
1572968733 1.726321227 0.0 0
1572969708 1.224402596 0.0 0
1572970368 1.355847164 1.0 1
1572971020 1.104658831 2.0 2
1572971682 1.196804979 0.0 0
1572972344 1.18392429 0.0 0
1572973055 1.271633852 2.0 3
1572973708 1.23166606 2.0 2
1572974359 1.464371807 0.0 0
1572975015 1.075279411 0.0 0
1572975414 1.325750091 0.0 0
1572975745 1.275717968 0.0 0
1572976116 1.231495781 1.5 2
1572976826 1.204211212 2.5 3
1572977157 0.981893987 0.0 0
1572977519 0.847515389 0.0 0
1572977848 1.365614586 0.0 0
1572978238 0.762576997 0.0 0
1573209295 1.322536504 1.0 1
1573209962 1.374842411 2.0 2
1573210625 1.209452609 2.0 2
1573211294 1.188977235 2.0 2
1573211950 1.147503339 2.0 2
1573212599 1.369356207 2.0 2
1573213252 1.159131171 2.0 2
1573213917 1.443640814 1.5 2
1573214576 1.088907918 1.0 1
1573215237 1.133995934 2.0 2
1573218441 1.139377131 2.0 2
1573218775 0.769314726 1.0 1
1573218952 1.709756818 3.5 4
1573306678 1.116032342 0.0 0
1573307654 0.967943315 0.0 0
1573307970 3.071138428 0.75 1
1573308289 1.147581533 1.0 1
1573308621 0.80165927 0.0 0
1573309262 0.97685606 0.0 0
1573310737 1.362299518 0.0 0
1573311352 1.006470156 0.0 0
1573311970 1.123828809 1.0 1
1573312669 0.992700753 0.0 0
1573313288 1.331769673 0.5 1
1573313911 0.911667814 1.0 1
1573314539 1.105759235 0.0 0
1573315151 1.325919019 1.0 1
1573741871 1.017353853 0.0 0
1573741872 0.08832948 -1 -1
1573741989 0.999439672 0.0 0
1573743621 0.813110205 0.0 0
1573743622 0.16364427 0.0 0
1573743722 1.039234839 3.0 3
1573743820 1.28977852 1.5 2
1573743919 1.237531026 0.0 0
1573743921 0.04388144 -1 -1
1573744019 0.979437391 1.0 1
1573744114 1.418040145 1.0 1
1573744212 1.192608048 1.0 1
1573744311 1.046093137 0.0 0
1573744402 0.944216683 0.0 0
1573744498 0.888449064 0.0 0
1573744604 1.271782158 0.3333333333333333 1
1573744703 1.241965413 0.0 0
1573744816 1.065696649 0.0 0
1573744915 1.069212545 0.0 0
1573744916 0.051764264 0.0 0
1573745052 1.264143503 0.0 0
1573745236 0.941057547 0.0 0
1573745332 1.109400212 0.0 0
1573745434 1.288206705 1.0 1
1573745531 1.320039858 0.0 0
1573745632 1.282634676 0.0 0
1573745731 1.279399513 0.0 0
1573745834 1.270209413 0.0 0
1573745931 1.321079775 0.5 1
1573746028 1.256844007 0.0 0
1573746227 0.981553588 0.0 0
1573746327 0.993199952 1.0 1
1573746428 1.267007374 1.0 1
1573746525 1.240077153 1.0 1
1573746621 1.086616516 1.0 1
1573748941 1.324231818 0.0 0
1573749038 1.227934708 0.0 0
1573749140 0.85582164 0.0 0
1573749250 1.411059533 0.0 0
1573749348 0.966980909 0.0 0
1573749483 1.004424135 1.0 1
1573749582 1.290815683 1.0 1
1573749682 1.318408214 1.0 1
1573749781 1.110809568 1.0 1
1573749877 0.982182924 1.0 1
1573828202 1.066812083 0.0 0
1573828510 0.904799007 0.0 0
1573828817 1.065070185 0.0 0
1573829122 1.072021542 0.0 0
1573829426 1.233311127 0.0 0
1573830295 1.188701642 0.0 0
1573830603 1.434147577 0.0 0
1573830910 1.070827349 0.0 0
1573831215 1.022103671 0.0 0
1573902849 1.286545131 1.0 1
1573903161 0.964668125 0.5 1
1573903474 1.871450824 3.0 3
1573903785 0.814597173 2.0 2
1573904094 1.017767079 1.5 2
1573904402 1.093051651 1.5 2
1573904566 6.494906802 0.0 0
1574686921 4.575908217 1.0 1
1574688170 1.070167876 0.0 0
1574688489 2.173549418 0.0 0
1574689310 1.2241348 0.0 0
1574692185 1.194835781 0.0 0
1574692498 1.027630051 0.0 0
1574693414 0.856494287 3.0 3
1574693732 1.237113081 0.0 0
1574694062 0.829889783 0.0 0
1574694490 0.634454395 0.0 0
1574694809 0.579025439 0.0 0
1574695362 1.058420151 0.0 0
1574695705 0.946261769 0.0 0
1574696013 0.987866377 0.0 0
1574696737 0.932702099 0.0 0
1574697316 0.77151993 0.0 0
1574697909 1.063891089 0.0 0
1574698478 1.754305312 2.0 2
1574699066 1.02362794 1.5 2
1574706695 1.323756862 0.0 0
1574707328 1.066170581 0.0 0
1574708295 1.212596233 2.0 2
1574708593 0.747503266 0.0 0
1574708950 0.9016489 0.0 0
1574709162 1.304269375 0.0 0
1574709903 1.049807792 1.0 1
1574710505 1.962204403 1.0 1
1574711159 1.072139412 0.0 0
1574950959 0.593460511 1.0 1
1574951334 1.099947164 1.0 1
1574951689 1.020396289 0.0 0
1574952017 0.930470774 1.0 1
1574952331 0.888410232 1.5 2
1574952728 0.78192226 0.5 1
1574953055 2.088527787 2.0 2
1574953426 0.775890476 0.0 0
1574953751 0.895948072 2.5 3
1574956488 1.052183141 1.5 2
1574957158 0.679877245 0.0 0
1574957751 0.962055954 1.5 2
1574958334 1.236203518 2.0 2
1574958929 0.89685635 2.0 2
1574959538 1.319607555 0.0 0
1574960115 1.02793208 0.0 0
1574960702 0.930183592 0.5 1
1574961368 0.888295344 1.0 1
1574961937 1.115245925 1.0 1
1575028361 0.986657721 1.0 1
1575028670 0.904071878 0.0 0
1575029005 1.579660725 1.5 2
1575029321 1.157758749 2.0 2
1575029629 0.984565805 0.0 0
1575029941 0.98162283 0.0 0
1575030252 2.046552548 0.0 0
1575030568 1.161208573 0.5 1
1575030900 0.75647001 0.5 1
1575033417 1.020094683 0.0 0
1575033984 0.723844481 2.0 2
1575034575 0.917898854 0.0 0
1575035148 0.932036835 1.5 2
1575035712 1.209498064 1.5 2
1575036748 1.071232774 0.0 0
1575037308 0.756392565 1.5 2
1575037867 0.770932154 2.0 2
1575038877 0.978191532 2.0 2
1575039443 1.102140062 2.0 2
1575114642 0.430124989 1.0 1
1575114951 1.184164538 2.0 2
1575115260 1.363820597 1.3333333333333333 2
1575115570 0.975453453 0.0 0
1575115884 0.864810482 1.5 2
1575116195 0.859908402 2.0 3
1575116505 1.114716023 0.3333333333333333 1
1575116815 1.027365619 1.0 1
1575117123 1.113581495 0.0 0
1575117432 1.201108321 0.5 1
1575120707 1.106431859 1.0 1
1575121267 1.029737836 0.5 1
1575122268 0.962930173 0.5 1
1575122887 0.974690866 0.0 0
1575124003 0.780197825 1.0 1
1575124559 0.949520039 0.5 1
1575125125 1.187168511 0.5 1
1575125692 0.874504604 0.0 0
1575126257 1.270584395 0.0 0
1575293162 1.082168843 1.0 1
1575293497 0.820258542 0.5 1
1575293837 1.173289443 0.0 0
1575294174 1.327635661 1.0 1
1575294864 1.522485291 1.0 1
1575295266 1.411924984 0.5 1
1575295635 1.060555061 1.0 1
1575296846 1.198535234 1.5 2
1575297181 1.151171644 0.3333333333333333 1
1575298012 1.296727179 0.6666666666666666 1
1575298583 0.905298334 0.0 0
1575299156 3.544349391 2.0 2
1575299733 0.816867795 1.0 1
1575300345 1.056136672 0.0 0
1575300919 0.841568964 0.0 0
1575301717 0.515333931 0.0 0
1575302302 1.192057463 3.0 3
1575386054 0.549621641 0.0 0
1575386367 1.15903984 1.5 2
1575386677 1.314791237 2.0 2
1575387081 0.904050275 0.5 1
1575387700 1.267280686 1.6666666666666667 3
1575388008 1.281134946 2.0 2
1575388316 0.910965817 0.0 0
1575388625 0.753591258 0.0 0
1575388929 0.889167788 1.0 1
1575390490 1.276040597 0.3333333333333333 1
1575391061 0.897242982 0.5 1
1575391623 1.371988465 0.0 0
1575392435 1.015220944 0.0 0
1575393051 0.817275814 0.0 0
1575393634 0.984631981 0.0 0
1575394199 1.193122592 1.0 2
1575394761 1.160901443 0.0 0
1575395324 1.143123815 0.0 0
1575395889 1.115434252 0.5 1
1575397155 6.998039556 0.8571428571428571 2
1575397162 0.177567723 0.0 0
1575397432 7.973913247 2.0 2
1575473787 1.321519515 1.0 1
1575474575 1.287095838 1.0 2
1575558815 0.687859961 0.0 0
1575559124 1.083191853 0.0 0
1575559452 1.07007109 0.5 1
1575559771 1.20772556 3.0 4
1575560140 0.989186104 0.0 0
1575560472 1.025943356 1.0 1
1575560806 1.109556351 2.0 3
1575561338 0.783327194 0.0 0
1575561679 1.114689275 1.0 2
1575562034 1.203574157 0.3333333333333333 1
1575562809 1.153077897 0.5 1
1575563419 1.160858995 2.0 2
1575564087 0.934892766 0.0 0
1575565246 0.972748815 1.0 1
1575565813 0.944113604 0.0 0
1575566384 1.025826801 1.5 2
1575566991 1.188960802 1.0 2
1575568314 1.068902037 0.0 0
1575568895 0.977905641 0.0 0
1579186560 1.080015556 0.0 0
1579186908 1.280393074 0.0 0
1579187918 0.934560313 0.0 0
1579188250 1.029194052 0.0 0
1579188703 1.240122247 0.5 1
1579189231 1.590984349 0.0 0
1579189569 1.030466453 0.0 0
1579189894 1.143075792 0.0 0
1579190233 1.084346124 1.0 1
1579190605 1.117678199 -1 -1
1579191343 1.032521824 0.0 0
1579191957 0.901207296 0.0 0
1579192522 0.944471953 0.5 1
1579193104 1.071840563 0.0 0
1579193691 1.164668145 0.0 0
1579194256 0.801604069 3.0 3
1579194825 0.96978403 1.5 2
1579195391 0.944866267 0.0 0
1579195980 0.90093849 0.0 0
1579196541 1.291944391 2.5 3
1579354317 1.116129274 0.0 0
1579354627 1.140530136 0.0 0
1579354939 1.104731161 1.5 3
1579355245 0.079403936 0.0 0
1579355556 1.153242443 0.0 0
1579355864 1.10635723 1.0 2
1579356170 1.04953274 0.0 0
1579356476 1.165377893 0.0 0
1579356478 0.045737967 -1 -1
1579356781 1.186742357 1.0 2
1579357260 0.886640874 0.0 0
1579359746 1.21158416 1.0 2
1579360325 0.732907185 1.0 1
1579360884 0.936322645 0.0 0
1579361438 1.026535204 0.6666666666666666 1
1579361993 1.174148503 1.6666666666666667 2
1579362549 1.117234923 0.5 1
1579363108 2.453232341 0.0 0
1579363675 1.660425805 0.0 0
1579364239 1.451852065 0.5 1
1579364799 0.985388746 1.0 1
1579524930 1.114876528 0.5 1
1579525272 1.159521718 2.6666666666666665 3
1579525659 0.728569372 3.0 3
1579525984 0.94149692 1.0 1
1579526307 1.274374218 0.5 1
1579528614 0.897902981 2.5 3
1579529037 0.808481601 3.0 4
1579529414 0.938777506 2.0 3
1579529754 0.981176615 0.5 1
1579530065 0.758193689 2.0 3
1579530793 0.806250927 2.0 2
1579531382 1.066257824 1.0 1
1579532421 0.848528967 1.0 1
1579533113 1.028687661 0.5 1
1579533773 0.947042013 0.5 1
1579534417 0.987098227 1.0 2
1579535089 1.442958337 0.3333333333333333 1
1579535677 1.306251074 1.5 2
1579536756 1.194848893 0.5 1
1579537325 1.067627382 2.0 2
1580218058 0.87793649 0.5 1
1580218387 0.923466054 0.5 1
1580218721 0.561550517 0.0 0
1580218721 0.400622213 0.0 0
1580219071 1.1041664 2.0 2
1580219432 1.192157348 2.0 3
1580219757 1.199417125 0.5 1
1580222471 0.890998949 0.0 0
1580222784 1.026116401 1.0 1
1580223095 0.939542431 0.0 0
1580223432 1.297138276 0.6666666666666666 1
1580224050 0.978711725 0.5 1
1580224607 1.273127431 2.0 3
1580225164 0.969323974 1.0 1
1580225729 1.248049276 1.0 1
1580226876 0.688891204 0.5 1
1580227441 0.984292041 1.0 2
1580228060 0.754733318 0.0 0
1580228620 0.864480308 0.0 0
1580229181 1.008819689 2.0 2
1580307001 1.338699295 2.0 2
1580307873 1.201424086 0.5 1
1580308184 1.114134875 0.5 1
1580308500 0.985560206 1.5 2
1580310702 1.064625663 1.5 2
1580311015 0.861991788 0.0 0
1580311322 3.119820957 2.5 3
1580311634 1.4125607 0.3333333333333333 1
1580312009 1.436393472 0.0 0
1580312606 0.933262202 1.0 1
1580313186 1.096768106 0.5 1
1580314066 0.875420039 0.0 0
1580314705 1.161045914 1.5 3
1580315262 0.852389163 0.5 1
1580315826 0.818283145 0.0 0
1580316388 1.574719227 0.0 0
1581937080 1.283957567 1.5 2
1581937735 0.851602301 0.0 0
1581938058 0.814032019 1.5 3
1581938378 0.952402824 0.5 1
1581938701 2.185159552 0.6666666666666666 1
1581939003 0.643028726 1.0 1
1581939348 1.15068214 1.0 1
1581939674 0.803347924 1.0 1
1581942749 1.068155098 1.0 1
1581945272 0.820577724 1.0 1
1581946222 1.070888523 1.0 1
1581948278 0.934967524 0.0 0
1581949401 0.940688538 0.5 1
1582030798 1.035133901 0.0 0
1582031444 1.076098629 1.0 1
1582031743 0.975371829 1.0 1
1582032115 1.067124866 1.5 2
1582032433 0.691533462 0.0 0
1582032736 0.781143209 1.0 1
1582033036 0.824695385 0.0 0
1582033329 0.988195833 2.0 2
1582033688 0.71487273 0.0 0
1582035104 0.705974808 0.0 0
1582038970 0.937898637 0.0 0
1582044083 0.775027819 2.0 3
1582044676 0.802080125 1.5 2
1582044990 1.026262702 1.0 1
1582045292 0.579074597 1.0 1
1582046197 0.723013405 1.0 1
1582120766 1.876753336 0.0 0
1582186414 1.451835196 -1 -1
1582186415 0.08173968 -1 -1
1582189483 25.580526182 1.0 1
1582190985 0.712025403 0.0 0
1582191276 0.850354522 0.5 1
1582191572 1.014533455 0.5 1
1582192455 1.671864712 1.5 2
1582193032 0.799003193 1.0 1
1582193327 1.072245895 0.5 1
1582635379 1.025129924 1.0 1
1582636520 1.031980821 1.0 2
1582636813 0.939846373 1.0 1
1582637110 1.145660062 1.0 1
1582637407 0.698928907 1.0 1
1582637702 0.727687498 0.0 0
1582638270 0.899326998 0.0 0
1582638830 0.985493119 0.0 0
1582641084 1.274516795 0.0 0
1582641644 1.009348722 0.5 1
1582642784 1.027956302 0.5 1
1582643358 0.946771648 0.5 1
1582643955 1.066905599 0.0 0
1582644623 0.775985091 0.0 0
1582886346 1.226030629 1.5 2
1582886639 1.580502501 0.3333333333333333 1
1582887221 1.242369531 2.6666666666666665 3
1582887508 1.492343712 1.0 1
1582887802 0.640585491 2.0 2
1582888087 0.948371599 1.5 2
1582888374 1.228725752 1.5 2
1582889022 0.92883519 1.0 1
1582899125 0.816697442 0.0 0
1582900254 1.15172895 0.0 0
1582900814 0.644540665 0.0 0
1582902559 0.758564841 0.0 0
1582903119 0.607329047 1.0 1
1582903724 0.931662826 0.0 0
1574711159 1.072139412 0.0 0
1574708950 0.9016489 0.0 0
