1569849951 4.348999557 0.2 1
1569850155 4.455460121 0.2 1
1569849951 4.348999557 0.2 1
1569850155 4.455460121 0.2 1
1569850969 4.449587101 0.25 1
1569851175 4.356229254 0.25 1
1569851524 4.44342476 0.5 2
1569851731 4.478513954 0.4 1
1569851961 4.421274644 0.4 1
1569852190 4.379929556 0.0 0
1569852428 4.356278222 0.0 0
1569852645 4.385206936 0.25 1
1569853036 4.394543548 0.0 0
1569853347 4.474103336 0.0 0
1569853587 4.449618892 0.2 1
1569854229 4.43478834 0.0 0
1569855201 4.595499341 0.0 0
1569855634 4.450023567 0.2 1
1570446958 4.387904125 1.0 2
1570448051 4.550223262 0.25 1
1570448778 4.578177147 0.25 1
1570449250 4.033972225 0.25 1
1570543074 4.375798051 0.5 2
1570543435 4.343901166 0.25 1
1570543637 4.373990061 0.0 0
1570544566 4.389067594 0.25 1
1570544769 4.361206447 0.8 2
1570545026 4.326189891 0.2 1
1570545236 4.301484713 0.25 1
1571322945 4.319315616 0.4 1
1571323267 4.490329578 0.5 1
1571323660 4.454956129 0.0 0
1571324062 4.414090123 0.0 0
1571324461 4.54408654 0.0 0
1571325068 4.487119796 0.5 1
1571325264 4.558523001 0.2 1
1571325464 4.478535756 0.2 1
1571325668 4.384767694 0.25 1
1571325867 4.384022435 0.25 1
1571326067 4.335469904 0.0 0
1571326758 4.408595122 0.0 0
1571326970 4.332254933 0.0 0
1571327178 4.428649829 0.0 0
1571327392 4.304896746 0.0 0
1571327782 4.44601715 0.0 0
1571328173 4.407112744 0.0 0
1571328564 4.26836398 0.0 0
1571328956 4.696025771 0.0 0
1571329347 4.663411202 0.0 0
1571329939 4.450880941 0.0 0
1571395860 4.355957675 0.5 2
1571396056 4.247896132 0.25 1
1571396253 4.638441373 1.0 2
1571396452 4.432300539 0.75 1
1571396650 4.378332818 0.2 1
1571396849 4.354360543 0.25 1
1571397078 4.381419699 0.25 1
1571397282 4.411925605 0.2 1
1571397481 4.402942425 0.75 2
1571397678 4.39437685 0.25 1
1571397896 4.399944492 0.25 1
1571398289 4.185354078 0.25 1
1571398683 4.518914867 0.0 0
1571399074 4.444775727 0.0 0
1571399466 4.362060857 0.25 1
1571399862 4.446647575 0.4 1
1571400255 4.403996129 0.2 1
1571400677 4.440066184 0.2 1
1571401076 4.347647126 0.0 0
1571401468 4.337323133 0.2 1
1571404925 4.441711112 0.0 0
1571405125 4.386050284 0.5 2
1571405322 4.399917281 0.25 1
1571405522 4.531946943 0.4 1
1571405754 4.55419869 0.25 1
1571406848 4.443577263 0.2 1
1571407238 4.493266099 0.4 1
1571407632 4.3627407 0.25 1
1571408020 4.353134931 0.2 1
1571408413 4.918963813 0.4 1
1571408943 4.39033994 0.0 0
1571409174 4.47194038 0.0 0
1571409376 4.499197063 0.0 0
1571409575 4.433905125 0.0 0
1571409790 4.507003896 0.2 1
1571664358 4.341451807 0.25 1
1571664901 4.378019164 0.0 0
1571665105 4.471789097 0.0 0
1571665316 4.381476398 0.0 0
1571665510 4.292058219 0.0 0
1571665705 4.45170064 0.25 1
1571665905 4.453682929 0.25 1
1571666296 4.366826422 0.0 0
1571666687 4.554351047 0.0 0
1571667080 4.482780868 0.0 0
1571667517 4.354439679 0.25 1
1571668122 4.464447285 0.2 1
1571668322 4.480030789 0.5 1
1571668526 4.399069 0.25 1
1571668720 4.414682448 0.25 1
1571668917 11.467920491 0.8181818181818182 2
1571669169 4.423600575 0.0 0
1571669569 4.383039917 0.25 1
1571751993 4.446894989 0.2 1
1571752188 4.375915265 0.2 1
1571752388 4.322501786 0.25 1
1571752593 4.355584252 0.25 1
1571752787 4.242127303 0.2 1
1571752984 4.323493188 0.25 1
1571753181 4.330823589 0.25 1
1571753378 4.345007227 0.5 1
1571753576 4.336772735 0.2 1
1571753771 4.488597966 0.2 1
1571754080 4.423592837 0.25 1
1571754477 4.269328553 0.25 1
1571754870 4.354173444 0.75 2
1571755273 4.480543238 0.2 1
1571755837 4.477842514 0.25 1
1571756506 4.478609851 0.25 1
1571756917 4.427274065 0.2 1
1571757366 4.446754602 0.2 1
1571757756 4.335071884 0.25 1
1571758155 4.391035649 0.25 1
1571758545 4.447312569 0.25 1
1571760131 4.436594178 0.2 1
1571760325 4.370334082 0.2 1
1571760530 4.937394267 1.4 2
1571760726 4.439308128 0.25 1
1571760924 6.839862198 0.7142857142857143 2
1571761136 4.613366743 0.25 1
1571761335 4.294617405 0.2 1
1571761530 4.474413381 0.2 1
1571761725 4.311306823 0.2 1
1571761935 8.068884252 0.75 2
1571762160 4.403987196 0.25 1
1571762557 6.529610572 0.2857142857142857 2
1571762949 4.447014638 0.25 1
1571763337 4.393885608 0.25 1
1571763729 4.355432085 0.25 1
1571764136 4.435319462 0.8 2
1571764546 4.431137017 0.25 1
1571764938 4.48382421 0.4 1
1571765326 4.349914217 0.25 1
1571765718 4.445184496 0.5 1
1571766295 4.339798781 0.25 1
1571767077 4.336217143 0.2 1
1571922226 5.180154825 1.2 2
1572003237 4.454051256 0.25 1
1572003431 4.367641754 0.25 1
1572003629 4.501501134 0.25 1
1572003827 4.401069439 0.25 1
1572004023 4.354362967 0.25 1
1572004218 4.27372114 0.4 1
1572004413 4.306543683 0.25 1
1572004612 4.46499948 0.2 1
1572004814 4.305187636 0.25 1
1572005013 4.399408708 0.25 1
1572006303 4.468200716 0.2 1
1572007042 4.300759159 0.2 1
1572007436 4.366300935 0.25 1
1572007929 4.400175865 1.0 2
1572008339 4.443437507 0.25 1
1572008742 4.31878205 0.25 1
1572009136 4.497403407 0.4 1
1572009525 4.499447706 1.0 2
1572009917 4.414053604 0.25 1
1572010313 4.654800844 0.25 1
1572010704 4.312145302 0.2 1
1572011214 4.361006337 0.2 1
1572011411 4.370885884 0.25 1
1572011605 4.511546132 0.8 2
1572011804 4.480593875 0.8 1
1572012000 4.487297211 1.0 2
1572012198 4.366831263 0.75 1
1572012393 4.39014503 0.25 1
1572012587 4.431583661 0.25 1
1572012782 4.449678298 0.25 1
1572012975 4.324777032 1.0 2
1572013265 4.387534278 0.2 1
1572013658 4.397301455 0.4 1
1572014051 4.339778465 0.25 1
1572014441 4.451384467 0.2 1
1572014832 4.292943519 0.25 1
1572265035 4.344974674 0.25 1
1572265232 4.385606084 0.5 2
1572265430 4.451646424 0.5 1
1572265628 4.512363548 0.5 1
1572265828 6.632516872 0.6666666666666666 2
1572266036 4.623197327 0.5 1
1572266229 4.40663538 1.0 2
1572266433 4.022699545 0.5 1
1572266632 4.383508794 0.2 1
1572266830 4.860423839 1.6 3
1572268112 4.55991791 0.25 1
1572268882 4.702794052 0.2 1
1572269296 6.571181343 0.2857142857142857 1
1572269715 4.239737642 0.75 2
1572270120 4.312182374 0.75 2
1572270517 4.27739362 0.25 1
1572270910 4.31273799 0.75 2
1572272266 3.830085633 0.5 1
1572272597 3.957514315 0.5 1
1572272932 3.753363558 0.25 1
1572273266 3.908342978 0.25 1
1572273611 3.844874296 0.25 1
1572274103 3.71618015 0.25 1
1572274276 4.137179631 0.0 0
1572274449 3.713396634 1.3333333333333333 2
1572274612 3.916217324 0.0 0
1572274785 3.826109834 0.0 0
1572274955 3.790119272 0.0 0
1572275123 3.789312311 0.0 0
1572275302 3.933274083 0.5 1
1572275471 3.761015273 0.0 0
1572275646 3.738101983 0.0 0
1572276035 3.876342497 0.0 0
1572276368 5.465664255 0.16666666666666666 1
1572276706 3.767701867 0.25 1
1572277037 3.838504527 0.0 0
1572277367 3.891473845 0.25 1
1572277714 3.920006086 0.3333333333333333 1
1572278062 3.812245681 0.6666666666666666 1
1572278395 3.955952435 0.25 1
1572361248 4.424065668 0.4 1
1572361446 4.257516113 0.75 2
1572361641 4.406002036 0.0 0
1572361836 4.317218351 0.25 1
1572362035 4.394845528 0.2 1
1572362229 4.299641375 0.0 0
1572362425 4.383603858 0.0 0
1572362621 4.421839521 0.0 0
1572362819 4.38969104 0.0 0
1572363015 4.569704289 0.0 0
1572363454 3.952503945 0.25 1
1572363784 3.845813633 0.25 1
1572364113 3.762203326 0.75 2
1572364444 3.847287506 0.25 1
1572364776 3.997780383 0.5 1
1572365118 3.891146079 0.25 1
1572365496 3.997040066 0.0 0
1572365868 3.794220039 0.0 0
1572366207 7.853572422 0.125 1
1572366543 3.839280898 0.25 1
1572366895 3.865423697 0.25 1
1572367062 3.875071043 0.25 1
1572367231 3.926438524 0.25 1
1572367400 3.748022526 0.5 1
1572367583 3.882050579 0.25 1
1572367759 3.65536123 0.25 1
1572367930 3.848716425 0.25 1
1572368098 3.72217578 0.25 1
1572368264 3.849051047 0.25 1
1572368430 3.993709418 0.25 1
1572369573 3.842322164 0.25 1
1572369903 3.836075086 0.25 1
1572370233 3.874763964 0.25 1
1572370565 3.873337679 0.5 1
1572370894 3.808197844 0.25 1
1572371226 3.91542577 0.25 1
1572371557 3.795119355 0.3333333333333333 1
1572371887 3.83710158 0.25 1
1572372215 3.892035674 0.25 1
1572372544 3.874969551 0.25 1
1572532365 4.386098681 0.25 1
1572532567 4.542533497 0.25 1
1572532772 4.33639368 0.4 1
1572533551 3.882527526 0.5 1
1572533889 3.976328441 1.25 2
1572534243 3.765053199 1.0 2
1572534590 3.806661411 0.25 1
1572534922 3.806040391 0.25 1
1572535270 3.710733483 0.25 1
1572535601 3.916586627 0.25 1
1572535937 3.845688607 0.0 0
1572536296 3.821528348 0.25 1
1572536633 3.794734998 0.25 1
1572537234 3.79313587 0.25 1
1572537888 3.818630931 0.0 0
1572538544 5.06824269 0.4 1
1572539197 3.871167209 0.25 1
1572539850 3.81581214 0.25 1
1572540757 3.878529133 0.0 0
1572541410 3.854572012 0.0 0
1572542059 3.798686651 0.25 1
1572542706 3.829560544 0.5 2
1572543351 5.414123105 0.8333333333333334 2
1572544483 3.835329146 0.0 0
1572544650 3.854995397 0.0 0
1572544820 4.007646816 0.0 0
1572544994 3.907967491 0.0 0
1572545168 3.870119979 0.25 1
1572869994 3.851339952 0.75 2
1572870162 3.851141454 0.25 1
1572870383 3.883778314 1.0 2
1572870568 3.904854658 0.25 1
1572870785 3.783023775 0.3333333333333333 1
1572871123 3.876441886 0.25 1
1572871774 3.931591906 0.25 1
1572872423 3.928432054 0.5 1
1572873104 3.970462664 0.0 0
1572873754 3.955173131 0.25 1
1572874816 3.844935256 0.5 2
1572875676 3.867621378 1.25 2
1572876901 3.847823651 0.25 1
1572877556 3.951681897 0.25 1
1572878782 3.833414078 0.25 1
1572879895 3.874235704 0.25 1
1572880177 4.23526495 0.2 1
1572880513 3.791529682 0.25 1
1572880852 6.449645128 0.2857142857142857 1
1572881198 3.878883526 0.25 1
1572881532 3.759651819 0.25 1
1572881865 3.884381046 0.25 1
1572882196 3.839920793 0.25 1
1572882586 3.864564915 0.0 0
1572882936 3.823007642 0.0 0
1572883276 3.937785013 0.0 0
1572965376 3.914832424 0.5 1
1572965543 3.950980636 0.75 1
1572965711 3.884166055 0.25 1
1572965880 4.123738428 1.0 2
1572966051 4.352874622 1.0 2
1572966217 3.836341124 0.25 1
1572966388 3.865013158 0.25 1
1572966573 3.863196827 0.25 1
1572966753 3.929555852 0.25 1
1572966916 3.90555037 0.25 1
1572967187 3.878804668 0.25 1
1572967843 11.082952475 0.18181818181818182 1
1572969147 3.899204571 0.25 1
1572969809 3.943781413 0.25 1
1572970460 3.896084865 0.0 0
1572971111 3.976535497 0.0 0
1572971774 3.891315272 0.0 0
1572972433 3.874435976 0.25 1
1572973146 3.889721156 0.0 0
1572973799 3.863360729 0.25 1
1572974448 3.855941509 0.0 0
1572975178 3.948446949 0.25 1
1572975505 3.838490757 0.25 1
1572975858 5.411488532 0.4 1
1572976255 4.009444876 0.0 0
1572976586 3.802578889 0.0 0
1572976916 3.847085798 0.0 0
1572977246 3.783089729 0.25 1
1572977609 3.975294909 0.25 1
1572977957 3.807062535 0.3333333333333333 1
1573207023 3.891120889 0.5 1
1573207191 3.892794931 0.25 1
1573207360 3.847899925 0.25 1
1573207526 3.78564262 0.25 1
1573207696 3.819287164 0.25 1
1573207864 3.744531732 0.25 1
1573208031 3.754969861 0.5 1
1573208196 3.788829005 0.3333333333333333 1
1573208363 3.792651953 0.25 1
1573208529 3.726894608 0.5 1
1573208735 3.827309671 0.25 1
1573209385 3.889681507 0.25 1
1573210051 3.921638818 0.5 2
1573210717 3.800520331 0.0 0
1573211383 3.91940778 0.5 1
1573212039 3.826695769 0.5 1
1573212688 3.781635957 0.0 0
1573213341 3.715352514 0.5 1
1573214009 3.88813412 0.5 1
1573214666 4.011803895 0.0 0
1573218202 3.959186708 0.0 0
1573218530 3.886123627 0.25 1
1573218922 3.828227464 0.5 1
1573220265 4.014886368 0.0 0
1573220432 3.882631707 0.25 1
1573220600 3.921535801 0.25 1
1573220769 3.738631289 0.3333333333333333 1
1573220936 3.824887009 0.25 1
1573221104 3.729576967 0.25 1
1573221268 3.848815946 0.25 1
1573221437 4.363907048 1.25 2
1573221604 3.800994086 0.6666666666666666 1
1573221773 3.93237208 0.25 1
1573221963 3.841065451 0.5 1
1573222133 3.875697606 0.5 1
1573222300 3.903522014 0.75 1
1573222465 3.885725824 0.5 1
1573222633 3.874284848 0.5 1
1573301113 3.912880819 0.5 1
1573301283 3.853704128 0.25 1
1573301464 4.982349653 0.2 1
1573301634 7.175401845 1.4285714285714286 2
1573301818 3.83969678 0.25 1
1573301996 3.900027874 0.25 1
1573302165 3.994957158 0.5 2
1573302339 3.794652304 0.25 1
1573302508 3.90725139 0.25 1
1573302675 3.824178635 0.6666666666666666 1
1573303829 3.819264225 0.0 0
1573303989 4.026741871 0.25 1
1573304154 3.776242861 0.0 0
1573304320 3.735744265 0.0 0
1573304479 3.997359483 0.0 0
1573304646 3.686550295 0.25 1
1573304805 3.82387815 0.0 0
1573304964 3.912068085 0.0 0
1573305128 3.7546598 0.6666666666666666 1
1573305287 3.643452203 0.25 1
1573306445 3.912989075 0.25 1
1573306761 3.860488638 0.25 1
1573307092 3.495535075 0.25 1
1573307421 3.64270596 0.25 1
1573307738 3.826992681 0.25 1
1573308058 3.931531318 0.5 1
1573308373 3.574151844 0.3333333333333333 1
1573308704 3.59059938 0.25 1
1573309024 3.538246795 0.5 1
1573309355 3.665219913 1.0 2
1573310195 3.672633231 0.25 1
1573310821 3.893196256 0.5 1
1573311436 3.737413647 0.25 1
1573312053 3.758087487 0.5 1
1573312752 3.704009277 0.25 1
1573313375 3.685700133 0.25 1
1573313995 3.815009714 0.25 1
1573314624 3.99639748 0.25 1
1573741857 3.684188056 2.3333333333333335 3
1573741974 3.677124458 0.75 1
1573743606 3.759477136 1.0 2
1573743708 4.316204997 1.75 3
1573743807 3.614327766 1.0 2
1573743904 4.468853786 0.8 2
1573744004 3.765619572 0.75 2
1573744101 3.482836303 1.6666666666666667 3
1573744198 3.311542754 0.6666666666666666 1
1573744297 3.947859991 0.5 1
1573744392 3.82226471 1.25 2
1573744484 3.618541843 0.75 1
1573744689 4.082424807 1.0 2
1573744802 3.83000307 0.5 1
1573744900 4.142860723 1.25 2
1573745037 3.285563822 0.3333333333333333 1
1573745220 3.526978569 0.75 2
1573745318 3.692482941 1.25 2
1573745420 3.601282582 0.75 1
1573745518 3.524065425 0.3333333333333333 1
1573745618 3.410353927 0.3333333333333333 1
1573745717 3.311991948 0.25 1
1573745819 3.468225852 0.6666666666666666 1
1573745918 3.454361897 1.0 2
1573746014 3.582387046 0.6666666666666666 2
1573746114 3.543842393 0.6666666666666666 1
1573746212 3.549344003 0.3333333333333333 1
1573746313 3.629382639 0.25 1
1573746414 3.513856989 0.25 1
1573746512 3.526681256 0.6666666666666666 1
1573746607 3.630179318 0.75 1
1573748928 3.38553815 0.6666666666666666 1
1573749024 3.642898376 0.3333333333333333 1
1573749125 3.605436865 0.6666666666666666 1
1573749237 3.317573754 0.6666666666666666 1
1573749330 3.583373827 0.25 1
1573749463 4.267416642 1.25 2
1573749569 3.651539644 1.3333333333333333 2
1573749668 3.961381804 1.5 3
1573749767 3.702512367 0.75 1
1573749863 3.628891622 0.25 1
1573752459 3.669281619 0.0 0
1573752718 3.459955146 0.0 0
1573752877 3.372782572 0.0 0
1573753034 3.463633055 0.0 0
1573753193 3.515823039 0.6666666666666666 2
1573753347 3.639842003 1.0 2
1573753506 3.488019873 0.3333333333333333 1
1573753659 3.712132615 0.0 0
1573753821 3.48998039 0.25 1
1573754641 3.669831126 0.25 1
1573754801 3.463578258 0.3333333333333333 1
1573754962 3.831376888 0.3333333333333333 1
1573755130 3.495448924 1.6666666666666667 2
1573755288 4.983888291 0.8 2
1573755448 3.755334191 0.75 1
1573755604 3.409388998 0.0 0
1573755762 3.376580595 0.0 0
1573755920 3.584497571 0.0 0
1573756077 3.43367902 0.25 1
1573827971 3.841491954 0.25 1
1573828284 3.460861685 1.0 2
1573828594 3.368314138 0.25 1
1573828899 3.900251974 0.25 1
1573829204 3.592007457 0.5 2
1573829511 3.582072141 0.3333333333333333 1
1573829891 3.704897486 0.25 1
1573830377 3.564501111 0.25 1
1573830685 3.665274436 0.25 1
1573830993 3.755896663 0.25 1
1573831385 3.460778519 0.25 1
1573831543 3.488802217 0.3333333333333333 1
1573831701 3.465045131 1.0 2
1573831874 3.709290661 0.25 1
1573832026 3.68502298 0.25 1
1573832185 3.598347777 0.25 1
1573832341 3.847010097 0.25 1
1573832508 3.540915341 0.25 1
1573832664 3.540994727 0.3333333333333333 1
1573832818 3.456164415 0.25 1
1573833014 3.800958299 0.6666666666666666 1
1573833171 3.746742781 0.25 1
1573833335 3.748517042 0.75 1
1573833491 3.832277623 0.5 1
1573833650 3.543997138 0.3333333333333333 1
1573901024 3.545925921 1.0 2
1573901181 3.532648039 0.25 1
1573901337 3.832369432 0.5 1
1573901493 3.71008028 0.5 1
1573901655 3.57867516 0.6666666666666666 1
1573901808 3.905421705 0.25 1
1573901963 3.408092921 0.6666666666666666 1
1573902121 3.959257721 0.5 1
1573902278 3.561255711 0.25 1
1573902434 3.659401588 0.25 1
1573902627 3.718041351 0.75 1
1573902935 3.592026658 0.6666666666666666 1
1573903246 3.481043766 1.0 2
1573903557 3.628956572 0.25 1
1573903868 3.51764941 0.0 0
1573904177 3.480081484 0.0 0
1574685750 3.375713367 0.25 1
1574685940 3.489328026 0.0 0
1574686113 3.745244645 0.25 1
1574686271 3.54980495 0.5 1
1574686433 3.369447977 0.0 0
1574686597 5.013490658 0.4 1
1574686754 3.40478073 0.25 1
1574686947 3.531769615 0.0 0
1574687111 3.496392762 0.6666666666666666 1
1574687287 3.59278665 0.5 1
1574687945 3.626266524 0.0 0
1574688264 3.642675886 0.6666666666666666 1
1574689246 3.50445669 0.25 1
1574689617 3.467142992 1.0 2
1574689832 3.775410646 2.0 3
1574690003 3.421893405 0.6666666666666666 1
1574690164 8.504808525 0.8888888888888888 2
1574690341 3.488052261 0.75 2
1574690501 4.140772189 0.25 1
1574690670 3.926327928 1.25 2
1574690832 3.78262059 1.0 2
1574691016 3.360472135 1.0 2
1574691196 3.5036899 1.3333333333333333 2
1574691948 3.543144184 0.25 1
1574692267 3.660083255 0.25 1
1574692588 6.270212867 0.5 1
1574693497 3.748306782 0.6666666666666666 1
1574693821 7.578959457 0.125 1
1574694253 3.669859637 0.3333333333333333 1
1574694583 3.465391539 0.3333333333333333 1
1574695138 3.555634828 0.0 0
1574695475 3.95221036 1.0 2
1574695788 3.485106747 0.0 0
1574706681 3.465267322 0.25 1
1574706816 3.618471059 0.25 1
1574707060 3.532244219 0.0 0
1574707239 3.801108938 0.25 1
1574708027 3.785670556 0.25 1
1574708724 3.372058384 0.0 0
1574709106 3.575385244 0.75 1
1574709339 3.930736473 0.75 1
1574710449 3.397158509 0.25 1
1574710639 3.840464126 0.0 0
1574950731 3.503607764 0.75 2
1574951053 3.773914141 0.6666666666666666 1
1574951441 3.461872388 0.5 1
1574951784 3.464802802 0.6666666666666666 1
1574952103 3.557329567 0.5 1
1574952415 3.795671326 0.25 1
1574952831 3.368980932 0.0 0
1574953200 3.362853902 0.6666666666666666 1
1574953509 3.232124335 0.0 0
1574953834 3.550892843 0.25 1
1574954163 3.552252922 0.25 1
1574954326 3.923455329 0.0 0
1574954502 3.453115772 1.0 2
1574954666 3.485647897 0.25 1
1574954851 3.570780922 0.3333333333333333 1
1574955008 3.359649234 0.6666666666666666 1
1574955267 3.610334901 0.25 1
1574955425 3.435440785 0.0 0
1574955585 3.621046891 0.25 1
1574955746 3.64121727 0.25 1
1575026494 3.572865318 0.5 1
1575026655 3.711606614 0.25 1
1575026816 3.548446876 0.5 1
1575026976 3.740878761 0.25 1
1575027140 4.140992858 1.0 2
1575027302 3.501027632 0.25 1
1575027468 3.62922898 1.0 2
1575027624 3.628011511 0.6666666666666666 1
1575027788 3.516507654 0.25 1
1575027954 3.614673277 1.0 2
1575028134 3.462428802 0.25 1
1575028442 3.549907658 0.0 0
1575028754 3.408503195 0.25 1
1575029087 3.509109826 0.0 0
1575029404 3.869703061 0.25 1
1575029711 3.79410385 0.75 2
1575030027 3.528476117 0.0 0
1575030338 3.571123005 0.5 1
1575030655 3.466826096 0.6666666666666666 1
1575030986 3.480387944 0.0 0
1575112810 3.599934114 0.25 1
1575112972 3.587283303 0.0 0
1575113133 3.499607274 0.25 1
1575113294 3.480179629 0.6666666666666666 1
1575113452 3.571680024 0.0 0
1575113611 3.760850712 0.25 1
1575113769 3.490014503 0.3333333333333333 1
1575113926 3.654812673 0.0 0
1575114088 3.739816092 0.75 1
1575114252 3.576002 0.6666666666666666 1
1575114421 3.77200969 0.0 0
1575114724 3.623568959 0.3333333333333333 1
1575115035 3.539823156 0.6666666666666666 1
1575115344 3.584350746 0.0 0
1575115653 3.403295337 0.0 0
1575115967 3.708994116 0.25 1
1575116278 3.596323881 0.0 0
1575116590 3.719049935 0.0 0
1575116898 3.399745342 1.0 2
1575117206 3.603073698 0.0 0
1575289739 3.465666181 0.5 1
1575289904 6.383727873 0.3333333333333333 1
1575290072 3.917281703 1.0 2
1575290254 3.537753981 0.25 1
1575290427 3.247189939 0.0 0
1575290602 5.651489096 1.6 3
1575290772 3.497465822 1.0 2
1575290932 5.975348959 1.0 2
1575291091 3.419698864 0.6666666666666666 2
1575291252 3.759539015 0.25 1
1575292932 3.337517159 0.6666666666666666 1
1575293266 3.636249765 0.6666666666666666 1
1575293602 3.688092079 0.25 1
1575293939 3.564382937 0.25 1
1575294287 3.748155173 0.25 1
1575294624 3.63214742 0.75 1
1575294994 3.845267783 0.0 0
1575295388 3.965241492 0.0 0
1575295739 3.606349718 0.5 2
1575296947 3.631773753 0.0 0
1575384141 3.551598816 0.25 1
1575384301 3.48533603 0.25 1
1575384462 3.577297467 0.6666666666666666 1
1575384620 3.526137551 1.0 2
1575384785 3.565233702 0.6666666666666666 1
1575384940 3.408493009 0.6666666666666666 1
1575385101 3.491663738 1.0 2
1575385263 3.536186377 0.0 0
1575385422 3.791395392 0.3333333333333333 1
1575385585 3.644960402 0.25 1
1575385827 3.724381678 0.0 0
1575386138 3.718416789 0.0 0
1575386450 3.300325288 1.0 2
1575386855 3.662450786 0.0 0
1575387163 3.614555637 0.0 0
1575387474 3.404831158 0.6666666666666666 1
1575387783 3.696699542 0.0 0
1575388092 3.456368743 0.0 0
1575388400 3.445477349 0.6666666666666666 1
1575388705 3.423940165 0.25 1
1575397117 8.370723705 0.25 1
1575474398 3.55531794 1.0 1
1575556522 3.367168293 1.0 2
1575556683 3.48691698 0.75 1
1575556847 3.542075941 0.75 1
1575557027 3.53863873 0.25 1
1575557210 3.614194151 0.3333333333333333 1
1575557394 3.444663634 0.5 1
1575557568 3.76321752 0.75 1
1575557742 3.678659923 0.6666666666666666 1
1575558200 3.670164541 0.25 1
1575558390 3.436371574 0.25 1
1575558587 3.497870306 0.6666666666666666 1
1575558898 3.713168087 0.0 0
1575559227 3.492809749 0.0 0
1575559537 3.428548867 0.6666666666666666 1
1575559912 3.487647772 0.0 0
1575560240 3.631119451 0.0 0
1575560571 3.636253414 0.3333333333333333 1
1575561102 3.627494251 0.25 1
1575561449 3.74621441 0.0 0
1575561807 3.594785872 1.0 2
1579184020 3.888696767 0.0 0
1579184735 3.479309972 0.25 1
1579184897 3.419702757 0.0 0
1579185058 3.566213158 0.5 1
1579185234 3.447685869 1.0 2
1579185409 3.910605489 0.0 0
1579185592 3.549007207 0.25 1
1579185766 3.574267033 1.0 2
1579185960 3.887146839 0.5 1
1579186133 3.454259403 1.0 2
1579186331 3.549031648 1.3333333333333333 2
1579186673 4.884399466 1.0 3
1579187692 3.516348505 0.0 0
1579188019 3.848307443 1.0 2
1579188469 3.536408685 0.25 1
1579189001 3.428959223 0.3333333333333333 1
1579189332 3.454087383 0.6666666666666666 1
1579189663 3.586992322 0.3333333333333333 1
1579189998 3.825102434 0.25 1
1579190334 3.415164783 0.3333333333333333 1
1579351750 3.471694006 0.25 1
1579351918 3.502587445 0.3333333333333333 1
1579352078 3.49831797 1.0 2
1579352239 3.412239068 0.25 1
1579352402 3.660914738 0.0 0
1579352566 4.346649277 2.25 3
1579352723 3.66434591 0.25 1
1579352885 3.756239863 1.0 2
1579353047 3.630038565 0.25 1
1579353210 3.48726259 1.0 1
1579354092 3.738450681 0.75 1
1579354399 3.626486714 0.0 0
1579354710 3.617818346 0.0 0
1579355021 3.590922345 1.0 2
1579355328 3.496362419 0.0 0
1579355637 3.659775579 0.0 0
1579355948 3.316733256 1.0 2
1579356252 3.386982289 1.3333333333333333 3
1579356559 3.507757296 0.3333333333333333 1
1579356865 3.376805776 1.0 2
1579522832 3.513322493 0.5 1
1579523042 3.381024663 0.0 0
1579523232 4.063677296 1.75 3
1579523397 3.545106068 0.25 1
1579523570 3.579527685 0.3333333333333333 1
1579523752 3.550367826 0.6666666666666666 1
1579523933 3.747896784 1.75 3
1579524122 3.42302331 0.0 0
1579524289 3.727014131 0.75 2
1579524457 3.713055477 0.25 1
1579524690 3.570642812 0.5 1
1579525035 3.451121991 0.3333333333333333 1
1579525364 3.668612102 0.0 0
1579525756 3.571764615 0.3333333333333333 1
1579526081 3.587920203 0.0 0
1579528377 3.657720662 0.0 0
1579528727 12.553434779 0.3076923076923077 2
1579529181 3.71450472 0.3333333333333333 1
1579529525 3.591657289 0.3333333333333333 1
1579529837 3.402671503 1.3333333333333333 3
1579537430 3.604446585 0.3333333333333333 1
1580215291 3.456892313 0.6666666666666666 1
1580215482 3.851494416 0.0 0
1580215650 3.550712222 0.5 1
1580215809 3.411878089 1.3333333333333333 3
1580215970 3.407899995 1.6666666666666667 2
1580216132 3.500283104 0.5 2
1580216293 3.817635237 0.0 0
1580216453 4.02003395 1.0 1
1580216613 3.473351259 1.3333333333333333 2
1580216795 3.51858878 0.0 0
1580217826 3.584195874 0.25 1
1580218154 4.467646891 0.25 1
1580218469 3.685906628 0.25 1
1580218803 3.591671331 0.75 2
1580219156 3.552407998 0.0 0
1580219515 3.70917808 0.25 1
1580222244 3.491427857 0.6666666666666666 1
1580222559 3.497626556 0.6666666666666666 1
1580222873 3.718964344 0.75 1
1580223177 3.477879746 0.25 1
1580304705 3.584633739 0.25 1
1580304862 3.426434817 0.5 1
1580305023 3.744130858 0.25 1
1580305184 3.418624254 0.3333333333333333 1
1580305368 3.423851351 0.25 1
1580305528 3.292932628 0.6666666666666666 1
1580305691 3.384701366 0.3333333333333333 1
1580305850 3.543835832 0.3333333333333333 1
1580306006 3.707220034 0.6666666666666666 1
1580306164 3.342672073 0.0 0
1580306469 3.521292365 0.6666666666666666 1
1580306770 3.66791132 1.25 2
1580307086 86.17207627 0.46511627906976744 2
1580307646 3.553935699 0.25 1
1580307956 4.013355432 0.25 1
1580308268 3.946747131 0.25 1
1580310471 3.878021362 0.25 1
1580310785 3.53946986 0.25 1
1580311099 3.548704191 0.0 0
1580311407 3.872829529 0.25 1
1580311781 3.361426378 0.25 1
1581935205 3.732746021 0.75 1
1581935363 3.995915499 1.0 2
1581935524 4.099763561 0.75 1
1581935690 3.576240481 0.6666666666666666 1
1581935857 3.939451738 0.25 1
1581936029 4.066632878 0.25 1
1581936200 3.799797549 0.25 1
1581936360 3.941061694 0.25 1
1581936521 3.994479781 0.5 1
1581936697 3.927943867 0.25 1
1582026879 3.506650725 0.3333333333333333 1
1582027041 3.383236875 0.6666666666666666 1
1582027203 4.179034019 1.0 2
1582027373 3.930187944 0.25 1
1582027785 4.026261002 0.6 1
1582027948 3.977090294 0.25 1
1582028118 4.020457399 0.75 1
1582028284 4.12516497 0.5 2
1582028452 4.313724279 1.0 2
1582028621 3.370875174 0.75 1
1582113093 4.042503658 0.25 1
1582113261 3.853031482 0.5 1
1582113424 3.703232531 1.0 2
1582113593 3.545938879 0.6666666666666666 1
1582113755 3.543921854 0.6666666666666666 1
1582113932 3.72083915 0.75 1
1582114094 3.671714988 0.25 1
1582114257 4.303422774 1.2 2
1582114424 4.036905167 0.5 1
1582114588 4.089597092 0.25 1
1582114752 3.570955883 0.6666666666666666 1
1582114913 4.11606405 0.6 1
1582115079 3.758970882 0.25 1
1582115246 4.060364626 0.25 1
1582115409 4.053748991 0.25 1
1582115573 3.91877057 0.5 1
1582115736 3.89916198 0.25 1
1582115899 3.48960761 0.3333333333333333 1
1582116081 3.420172612 0.5 1
1582116297 3.554863478 0.25 1
1582116470 3.470745144 0.6666666666666666 1
1582116639 3.548855874 0.3333333333333333 1
1582118957 3.619104207 0.25 1
1582119119 3.465581606 1.0 2
1582119289 4.224066009 0.25 1
1582119455 3.656177954 0.75 1
1582119641 4.018590111 0.25 1
1582119804 4.072539774 0.5 2
1582119974 3.479225193 1.0 2
1582120147 4.01511577 0.5 1
1582120870 3.423185705 0.25 1
1582121039 3.888646882 0.75 1
1582121283 3.560472303 0.0 0
1582121445 3.981134225 0.25 1
1582125188 3.511285675 0.6666666666666666 1
1582125348 3.907437267 0.25 1
1582125831 3.561343597 0.25 1
1582125998 3.659532954 0.25 1
1582126166 3.97409206 0.5 1
1582126327 3.791418514 0.25 1
1582126495 4.172281743 0.75 1
1582126656 3.496699649 0.25 1
1582126823 4.047815401 0.75 1
1582126985 4.012192067 0.5 1
1582127146 3.926764691 0.6666666666666666 1
1582127312 7.090907905 1.2857142857142858 2
1582127482 3.417905302 0.3333333333333333 1
1582127646 3.962944519 0.75 1
1582127810 4.006622901 0.25 1
1582127970 3.530644237 0.6666666666666666 1
1582128136 3.984314927 0.25 1
1582128294 3.727083639 1.0 2
1582128477 3.501550289 1.3333333333333333 2
1582128639 3.445222364 0.25 1
1582128806 3.424911663 0.3333333333333333 1
1582128968 3.496753616 0.25 1
1582129141 3.466571161 0.3333333333333333 1
1582129299 3.491346256 0.25 1
1582129460 3.914102133 0.25 1
1582129625 3.867798624 0.6666666666666666 1
1582185047 3.436147158 0.6666666666666666 1
1582185228 3.370303767 0.6666666666666666 1
1582185963 3.856204596 0.6666666666666666 1
1582186123 3.592901877 0.25 1
1582186282 3.833201531 0.25 1
1582186855 3.926591379 0.25 1
1582187819 3.830860349 0.25 1
1582187977 5.220596115 1.6 2
1582188137 4.003271674 0.0 0
1582188298 3.526666982 0.75 1
1582193748 3.746628913 0.6666666666666666 1
1582193911 3.745367387 0.5 1
1582194076 3.92414558 0.0 0
1582194232 3.496492641 0.3333333333333333 1
1582194393 3.747527888 0.25 1
1582194558 3.68394071 0.0 0
1582194717 3.720415241 0.0 0
1582194888 3.751027029 0.5 1
1582195048 4.059586895 0.0 0
1582195210 3.75090428 0.0 0
1582195704 3.670464812 0.0 0
1582195864 3.761858941 0.25 1
1582196022 3.511555031 0.0 0
1582196182 3.715417064 0.0 0
1582196341 3.541687612 0.0 0
1582196500 3.719018136 0.25 1
1582196658 3.672247657 0.0 0
1582196817 3.821279843 0.0 0
1582196979 3.772287275 0.75 1
1582197145 3.756704774 0.5 1
1582197303 3.49065999 0.0 0
1582197469 3.706579754 0.0 0
1582197639 3.485582688 0.75 1
1582197797 3.962657294 0.0 0
1582197956 3.939471355 0.0 0
1582198113 3.683618679 0.0 0
1582198275 3.852502188 0.25 1
1582198432 3.692554394 0.0 0
1582198713 3.500921002 0.0 0
1582199062 3.494462719 0.0 0
1582631369 4.003725957 0.25 1
1582631529 3.94111758 0.25 1
1582631686 3.564786746 0.3333333333333333 1
1582631843 3.631917987 0.6666666666666666 1
1582631999 3.900654596 0.25 1
1582632157 3.891874526 1.3333333333333333 2
1582632317 3.96522797 0.25 1
1582632480 3.656541255 0.3333333333333333 1
1582632637 3.941519033 0.25 1
1582632800 3.863739801 0.6666666666666666 1
1582884496 3.67550614 0.25 1
1582884676 4.017556621 0.25 1
1582884844 4.950892834 0.4 1
1582885006 3.552172656 0.3333333333333333 1
1582885171 3.704119933 0.25 1
1582885334 3.639900041 1.0 2
1582885493 3.773369249 0.25 1
1582885655 5.054574608 0.2 1
1582885817 8.14984145 1.75 3
1582885978 3.676473068 0.25 1
1574710639 3.840464126 0.0 0
1574707060 3.532244219 0.0 0
1574708724 3.372058384 0.0 0
