1569849951 4.348999557 0.2 1
1569850155 4.455460121 0.2 1
1569849951 4.348999557 0.2 1
1569850155 4.455460121 0.2 1
1569850969 4.224188856 0.25 1
1569851175 4.307545151 0.25 1
1569851524 4.26013697 0.5 2
1569851731 4.323586763 0.4 1
1569851961 4.25987236 0.4 1
1569852190 4.379929556 0.0 0
1569852428 4.220681889 0.0 0
1569852645 4.319725644 0.25 1
1569853036 4.394543548 0.0 0
1569853347 4.404712646 0.0 0
1569853587 4.345551034 0.2 1
1569854229 4.27636812 0.0 0
1569855201 4.313485959 0.0 0
1569855634 4.362694253 0.2 1
1570446959 4.215067856 1.0 2
1570448051 4.163715171 0.25 1
1570448778 4.364756052 0.25 1
1570449249 4.908081662 0.2 1
1570449678 38.751994267 0.41025641025641024 2
1570543074 4.333923452 0.5 2
1570543435 4.343901166 0.25 1
1570543637 4.373990061 0.0 0
1570544566 4.246868553 0.25 1
1570544770 4.275238656 1.0 2
1570545026 4.234958085 0.2 1
1570545236 4.301484713 0.25 1
1571322945 4.319315616 0.4 1
1571323267 4.365156721 0.5 1
1571323660 4.323538489 0.0 0
1571324062 4.324713132 0.0 0
1571324462 4.304030156 0.0 0
1571325068 4.310583701 0.5 1
1571325265 4.276128612 0.25 1
1571325464 4.222909441 0.25 1
1571325668 4.268469142 0.25 1
1571325867 4.247608662 0.25 1
1571326067 4.455198286 0.0 0
1571326758 4.408595122 0.0 0
1571326971 4.287611844 0.0 0
1571327178 4.428649829 0.0 0
1571327392 4.304896746 0.0 0
1571327782 4.313970101 0.0 0
1571328173 4.407112744 0.0 0
1571328564 4.26836398 0.0 0
1571328956 4.696025771 0.0 0
1571329348 4.17639935 0.0 0
1571329940 4.244327336 0.0 0
1571395860 4.233484113 0.5 2
1571396056 4.22781793 0.25 1
1571396253 4.68350851 1.0 2
1571396452 4.432300539 0.75 1
1571396650 4.43024353 0.2 1
1571396849 4.272853792 0.25 1
1571397078 4.301801854 0.25 1
1571397282 4.369518262 0.2 1
1571397481 4.402942425 0.75 2
1571397678 4.323818722 0.25 1
1571397896 4.265796113 0.25 1
1571398289 4.185354078 0.25 1
1571398684 4.343283822 0.0 0
1571399074 4.326154435 0.0 0
1571399466 4.136228326 0.25 1
1571399862 4.404273498 0.4 1
1571400255 4.305805791 0.2 1
1571400677 4.440066184 0.2 1
1571401076 4.347647126 0.0 0
1571401468 4.288705788 0.2 1
1571404925 4.397362876 0.0 0
1571405125 4.386050284 0.5 2
1571405322 4.399917281 0.25 1
1571405522 4.37241391 0.4 1
1571405754 4.310086009 0.25 1
1571406848 4.397264286 0.2 1
1571407238 4.40585199 0.4 1
1571407632 4.254046716 0.25 1
1571408020 4.311615988 0.2 1
1571408413 4.797985606 0.4 1
1571408943 4.30408448 0.0 0
1571409174 4.36230129 0.0 0
1571409376 4.325716265 0.0 0
1571409575 4.433905125 0.0 0
1571409790 4.414595653 0.2 1
1571664358 4.301080069 0.25 1
1571664901 4.344586768 0.0 0
1571665105 4.42731951 0.0 0
1571665316 4.465920008 0.0 0
1571665510 4.379092214 0.0 0
1571665705 4.45170064 0.25 1
1571665905 4.363035809 0.25 1
1571666296 4.366826422 0.0 0
1571666687 4.215308714 0.0 0
1571667081 4.393617859 0.0 0
1571667517 4.354439679 0.25 1
1571668123 4.252746221 0.25 1
1571668322 4.392336756 0.5 1
1571668526 4.399069 0.25 1
1571668720 4.284388358 0.25 1
1571668917 11.510600927 0.8181818181818182 2
1571669169 4.318948314 0.0 0
1571669569 4.383039917 0.25 1
1571751994 4.270935096 0.25 1
1571752188 4.106450167 0.2 1
1571752388 4.322501786 0.25 1
1571752593 4.355584252 0.25 1
1571752787 4.287524718 0.2 1
1571752984 4.389140165 0.25 1
1571753181 4.199751724 0.25 1
1571753378 4.124315189 0.5 1
1571753576 4.307114298 0.25 1
1571753771 4.43921507 0.2 1
1571754080 4.380203978 0.25 1
1571754477 4.269328553 0.25 1
1571754870 4.398810101 0.75 2
1571755273 4.180437194 0.25 1
1571755837 4.298772487 0.25 1
1571756506 4.390115341 0.25 1
1571756917 4.427274065 0.2 1
1571757367 4.269983183 0.25 1
1571757756 4.335071884 0.25 1
1571758155 4.303251324 0.25 1
1571758545 4.403573096 0.25 1
1571760131 4.316957472 0.25 1
1571760325 4.304087686 0.2 1
1571760530 4.875300121 1.4 2
1571760726 4.439308128 0.25 1
1571760924 6.746700647 0.7142857142857143 2
1571761136 4.327911922 0.25 1
1571761335 4.251891515 0.2 1
1571761530 4.394468391 0.2 1
1571761726 4.163301204 0.25 1
1571762160 4.355675733 0.25 1
1571762558 5.586023989 0.3333333333333333 2
1571762949 4.447014638 0.25 1
1571763337 4.347262033 0.25 1
1571763728 4.442002163 0.2 1
1571764136 4.435319462 0.8 2
1571764546 4.431137017 0.25 1
1571764938 4.305956834 0.4 1
1571765326 4.21673384 0.25 1
1571765718 4.445184496 0.5 1
1571766295 4.413926696 0.25 1
1571767077 4.336217143 0.2 1
1571922226 5.043914575 1.2 2
1572003237 4.316005747 0.25 1
1572003431 4.212244582 0.25 1
1572003629 4.501501134 0.25 1
1572003827 4.355041099 0.25 1
1572004023 4.321282994 0.25 1
1572004218 4.391260201 0.4 1
1572004413 4.306543683 0.25 1
1572004612 4.357582521 0.2 1
1572004814 4.260895494 0.25 1
1572005013 4.399408708 0.25 1
1572006304 4.287917062 0.25 1
1572007042 4.300759159 0.2 1
1572007436 4.366300935 0.25 1
1572007929 4.400175865 1.0 2
1572008339 4.396033314 0.25 1
1572008742 4.275250645 0.25 1
1572009136 4.240142477 0.4 1
1572009525 4.418866256 1.0 2
1572009917 4.236452576 0.25 1
1572010313 4.654800844 0.25 1
1572010703 4.351621847 0.2 1
1572011214 4.361006337 0.2 1
1572011411 4.370885884 0.25 1
1572011605 4.558913833 0.8 2
1572011804 4.450972012 0.8 1
1572012001 4.396782469 1.25 2
1572012198 4.279690784 0.75 1
1572012393 4.295371353 0.25 1
1572012587 4.359032477 0.25 1
1572012782 4.358500327 0.25 1
1572012975 4.324777032 1.0 2
1572013265 4.177567553 0.2 1
1572013658 4.255089857 0.4 1
1572014051 4.298008095 0.25 1
1572014441 4.389741692 0.2 1
1572014832 4.467029458 0.25 1
1572265035 4.389222762 0.25 1
1572265232 4.385606084 0.5 2
1572265430 4.360477804 0.5 1
1572265628 4.387012554 0.5 1
1572266036 4.502682759 0.5 1
1572266229 4.270226039 1.0 2
1572266432 4.660510574 0.4 1
1572266632 4.335667251 0.2 1
1572266830 4.860423839 1.6 3
1572268112 4.222747885 0.25 1
1572268883 4.310722648 0.25 1
1572269296 6.297762471 0.2857142857142857 1
1572269714 5.487557298 0.6 2
1572270120 4.220242428 0.75 2
1572270517 4.346971736 0.25 1
1572270910 4.268042527 0.75 2
1572272266 3.751204462 0.5 1
1572272597 3.957514315 0.5 1
1572272932 3.70748177 0.25 1
1572273267 3.757559792 0.25 1
1572273611 3.803083318 0.25 1
1572274103 3.71618015 0.25 1
1572274276 3.403456348 0.0 0
1572274448 4.585838517 1.0 2
1572274612 3.743569516 0.0 0
1572274785 3.826109834 0.0 0
1572274955 3.656096243 0.0 0
1572275123 3.83746747 0.0 0
1572275302 3.933274083 0.5 1
1572275471 3.761015273 0.0 0
1572275646 3.711641577 0.0 0
1572276035 3.796346639 0.0 0
1572276368 5.465664255 0.16666666666666666 1
1572276706 3.767701867 0.25 1
1572277037 3.838504527 0.0 0
1572277367 3.5928259 0.25 1
1572277714 3.829663792 0.3333333333333333 1
1572278062 3.812245681 0.6666666666666666 1
1572278395 3.999685483 0.25 1
1572361248 4.463808428 0.4 1
1572361446 4.257516113 0.75 2
1572361641 4.406002036 0.0 0
1572361836 4.317218351 0.25 1
1572362035 4.394845528 0.2 1
1572362229 4.299641375 0.0 0
1572362425 4.397735597 0.0 0
1572362621 4.421839521 0.0 0
1572362819 4.344205774 0.0 0
1572363015 4.275083655 0.0 0
1572363454 3.779294698 0.25 1
1572363784 3.845813633 0.25 1
1572364113 3.762203326 0.75 2
1572364444 3.847287506 0.25 1
1572364777 3.776477488 0.6666666666666666 1
1572365118 3.891146079 0.25 1
1572365496 3.919423652 0.0 0
1572365868 3.794220039 0.0 0
1572366207 7.853572422 0.125 1
1572366543 3.740302429 0.25 1
1572366895 3.865423697 0.25 1
1572367063 3.831121115 0.3333333333333333 1
1572367231 3.926438524 0.25 1
1572367401 3.626475209 0.6666666666666666 1
1572367583 3.714881942 0.25 1
1572367759 4.029219601 0.25 1
1572367930 3.71529181 0.25 1
1572368098 3.72217578 0.25 1
1572368264 3.789496922 0.25 1
1572368430 3.826657948 0.25 1
1572369573 3.792717828 0.25 1
1572369903 3.836075086 0.25 1
1572370233 3.831132386 0.25 1
1572370566 3.79014047 0.5 1
1572370894 3.808197844 0.25 1
1572371226 3.707472122 0.25 1
1572371557 3.749746782 0.3333333333333333 1
1572371887 3.632055235 0.25 1
1572372215 3.758851514 0.25 1
1572372544 3.756197635 0.25 1
1572532365 4.296316179 0.25 1
1572532567 4.373924414 0.25 1
1572532772 4.258926493 0.4 1
1572533551 3.713349691 0.5 1
1572533889 3.976328441 1.25 2
1572534243 3.67454748 1.0 2
1572534590 3.806661411 0.25 1
1572534922 3.806040391 0.25 1
1572535270 3.660952759 0.25 1
1572535601 3.833013586 0.25 1
1572535937 3.798952123 0.0 0
1572536296 3.821528348 0.25 1
1572536633 3.7507888 0.25 1
1572537234 3.79313587 0.25 1
1572537889 3.62773331 0.0 0
1572538545 4.675331425 0.5 1
1572539198 3.828276032 0.3333333333333333 1
1572539850 3.768626757 0.25 1
1572540757 3.702553532 0.0 0
1572541410 3.809091257 0.0 0
1572542059 3.754596471 0.25 1
1572542706 3.829560544 0.5 2
1572543351 5.238089095 0.8333333333333334 2
1572544483 3.835329146 0.0 0
1572544650 3.854995397 0.0 0
1572544820 3.971582314 0.0 0
1572544994 3.832560695 0.0 0
1572545168 3.870119979 0.25 1
1572869994 3.717876891 0.75 2
1572870162 3.764466396 0.25 1
1572870383 3.839475024 1.0 2
1572870568 3.904854658 0.25 1
1572870785 3.783023775 0.3333333333333333 1
1572871124 3.745770611 0.3333333333333333 1
1572871775 3.795865181 0.3333333333333333 1
1572872423 3.74419777 0.5 1
1572873104 3.926856966 0.0 0
1572873754 3.730789941 0.25 1
1572874816 3.798643 0.5 2
1572875676 3.867621378 1.25 2
1572876901 3.888954619 0.25 1
1572877556 3.951681897 0.25 1
1572878782 3.833414078 0.25 1
1572879895 3.832881415 0.25 1
1572880177 4.23526495 0.2 1
1572880513 3.697724088 0.25 1
1572880852 6.483840261 0.2857142857142857 1
1572881198 3.715822756 0.25 1
1572881533 3.672994066 0.25 1
1572881865 3.803973752 0.25 1
1572882196 3.796460479 0.25 1
1572882586 3.787627807 0.0 0
1572882936 3.823007642 0.0 0
1572883276 3.855476545 0.0 0
1572965376 3.899741054 0.5 1
1572965543 3.828875545 0.75 1
1572965711 3.835533674 0.25 1
1572965880 4.032388914 1.0 2
1572966051 4.080022694 1.0 2
1572966217 3.836341124 0.25 1
1572966389 3.77725631 0.3333333333333333 1
1572966573 3.951935173 0.25 1
1572966753 3.848374237 0.25 1
1572966916 3.828992282 0.25 1
1572967187 3.878804668 0.25 1
1572967843 10.829398881 0.18181818181818182 1
1572969147 3.807828908 0.25 1
1572969809 3.764334439 0.25 1
1572970460 3.813309137 0.0 0
1572971111 3.808563679 0.0 0
1572971774 3.847573885 0.0 0
1572972433 3.874435976 0.25 1
1572973146 3.854884102 0.0 0
1572973799 3.704499351 0.25 1
1572974448 3.855941509 0.0 0
1572975178 3.768352941 0.25 1
1572975505 3.708457169 0.25 1
1572975858 5.161640599 0.4 1
1572976256 3.582548231 0.0 0
1572976586 3.75660628 0.0 0
1572976916 3.847085798 0.0 0
1572977246 3.916018749 0.25 1
1572977609 3.931748353 0.25 1
1572977957 3.719791853 0.3333333333333333 1
1573207023 3.754332621 0.5 1
1573207191 3.848847877 0.25 1
1573207360 3.802264119 0.25 1
1573207526 3.629540365 0.25 1
1573207697 3.700106985 0.25 1
1573207864 3.744531732 0.25 1
1573208031 3.663393597 0.5 1
1573208196 3.788829005 0.3333333333333333 1
1573208363 3.792651953 0.25 1
1573208530 3.682483466 0.5 1
1573208735 3.74125827 0.3333333333333333 1
1573209385 3.759732798 0.25 1
1573210051 3.921638818 0.5 2
1573210717 3.719760874 0.0 0
1573211384 3.794142862 0.6666666666666666 1
1573212039 3.762457753 0.5 1
1573212688 3.781635957 0.0 0
1573213341 3.715352514 0.5 1
1573214009 3.847151006 0.5 1
1573214667 3.83607604 0.0 0
1573218202 3.751668339 0.0 0
1573218530 3.800618147 0.25 1
1573218922 3.783734147 0.6666666666666666 1
1573220265 3.848055382 0.0 0
1573220432 3.840936927 0.25 1
1573220600 3.921535801 0.25 1
1573220769 3.738631289 0.3333333333333333 1
1573220936 3.687324491 0.25 1
1573221104 3.650876567 0.25 1
1573221268 3.756192439 0.25 1
1573221437 4.363907048 1.25 2
1573221604 3.800994086 0.6666666666666666 1
1573221773 3.843753952 0.25 1
1573221963 3.841065451 0.5 1
1573222134 3.782193075 0.6666666666666666 1
1573222300 3.903522014 0.75 1
1573222465 3.849794484 0.5 1
1573222634 3.744099477 0.5 1
1573301114 3.81111627 0.6666666666666666 1
1573301283 3.853704128 0.25 1
1573301464 5.265104668 0.2 1
1573301818 3.791417142 0.25 1
1573301996 3.78669676 0.25 1
1573302165 3.861755927 0.5 2
1573302339 3.707324974 0.25 1
1573302508 3.90725139 0.25 1
1573302675 3.782500352 0.6666666666666666 1
1573303830 3.212538559 0.0 0
1573303989 4.026741871 0.25 1
1573304154 3.731378592 0.0 0
1573304320 3.735744265 0.0 0
1573304479 3.96102416 0.0 0
1573304646 3.597822553 0.25 1
1573304805 3.703420788 0.0 0
1573304964 3.454730109 0.0 0
1573305128 3.633720603 0.6666666666666666 1
1573305287 3.643452203 0.25 1
1573306446 3.572047239 0.3333333333333333 1
1573306762 3.48839089 0.3333333333333333 1
1573307092 3.79293213 0.25 1
1573307421 3.596607549 0.25 1
1573307738 3.826992681 0.25 1
1573308059 3.497161596 0.6666666666666666 1
1573308373 3.707471222 0.3333333333333333 1
1573308704 3.750562541 0.25 1
1573309024 3.582688492 0.5 1
1573309355 3.665219913 1.0 2
1573310195 3.848867238 0.25 1
1573310821 3.611746112 0.5 1
1573311436 3.5128201 0.25 1
1573312053 3.725768626 0.5 1
1573312752 3.704009277 0.25 1
1573313374 3.847643718 0.25 1
1573313995 3.474743696 0.25 1
1573314624 3.744715672 0.25 1
1573741857 3.684188056 2.3333333333333335 3
1573741974 3.84462528 0.75 1
1573743606 3.875744946 1.0 2
1573743708 3.977161323 1.75 3
1573743807 3.768658128 1.0 2
1573743904 4.680374594 0.8 2
1573744004 3.33630359 0.75 2
1573744101 3.658979629 1.6666666666666667 3
1573744198 3.5154847 0.6666666666666666 1
1573744297 3.582336363 0.6666666666666666 1
1573744392 3.556179683 1.25 2
1573744483 3.739196965 0.75 1
1573744688 4.332604737 0.8 2
1573744803 3.471388347 0.3333333333333333 1
1573744900 3.751446359 1.25 2
1573745036 3.582603166 0.25 1
1573745220 3.395802708 0.75 2
1573745318 3.749430823 1.25 2
1573745420 3.690488139 0.75 1
1573745517 3.733255731 0.25 1
1573745617 3.65990654 0.25 1
1573745717 3.62082944 0.25 1
1573745819 3.676703117 0.75 1
1573745918 3.580682505 1.0 2
1573746013 3.745030753 0.5 2
1573746114 3.369162357 0.6666666666666666 1
1573746212 3.669073757 0.3333333333333333 1
1573746313 3.665269351 0.25 1
1573746414 3.710293619 0.25 1
1573746511 3.703417408 0.5 1
1573746607 3.795469696 0.75 1
1573748927 3.677204733 0.5 1
1573749024 3.777075512 0.25 1
1573749125 3.779305863 0.6666666666666666 1
1573749236 3.622457724 0.5 1
1573749330 3.70566718 0.25 1
1573749463 4.444004407 1.25 2
1573749568 3.850336667 1.0 2
1573749668 4.128326602 1.5 3
1573749767 3.241828497 0.75 1
1573749863 3.628891622 0.25 1
1573752460 3.51071605 0.0 0
1573752717 3.674142224 0.0 0
1573752877 3.667017247 0.0 0
1573753034 3.670069681 0.0 0
1573753193 3.710514176 0.6666666666666666 2
1573753347 3.550251262 1.0 2
1573753506 3.621028331 0.3333333333333333 1
1573753660 3.252221024 0.0 0
1573753821 3.697233159 0.25 1
1573754641 3.548795879 0.25 1
1573754800 3.668630271 0.25 1
1573754962 3.487390859 0.3333333333333333 1
1573755130 3.572479218 1.6666666666666667 2
1573755288 5.163207686 0.8 2
1573755448 3.635475514 0.75 1
1573755604 3.705862785 0.0 0
1573755762 3.629909674 0.0 0
1573755920 3.699695488 0.0 0
1573756077 3.694601244 0.25 1
1573827972 3.496891055 0.3333333333333333 1
1573828284 3.637815158 1.0 2
1573828594 3.576214821 0.25 1
1573828900 3.441890599 0.3333333333333333 1
1573829204 3.753751305 0.5 2
1573829510 3.728579763 0.25 1
1573829891 3.704897486 0.25 1
1573830377 3.688453412 0.25 1
1573830685 3.874782972 0.25 1
1573830994 3.411938136 0.3333333333333333 1
1573831385 3.624076676 0.25 1
1573831542 3.709699158 0.25 1
1573831701 3.744069395 1.0 2
1573831874 3.45862147 0.25 1
1573832027 3.345531846 0.25 1
1573832185 3.835998008 0.25 1
1573832342 3.496717618 0.3333333333333333 1
1573832508 3.735501546 0.25 1
1573832663 3.759259192 0.25 1
1573832818 3.718956134 0.25 1
1573833014 3.363090449 0.6666666666666666 1
1573833172 3.327538568 0.3333333333333333 1
1573833335 3.318390384 0.75 1
1573833491 3.527092603 0.5 1
1573833649 3.676386095 0.25 1
1573901024 3.606768283 1.0 2
1573901181 3.754348703 0.25 1
1573901338 3.415204721 0.6666666666666666 1
1573901493 3.696401959 0.5 1
1573901655 3.746546168 0.6666666666666666 1
1573901808 3.519267172 0.25 1
1573901963 3.656653513 0.6666666666666666 1
1573902122 3.446930725 0.6666666666666666 1
1573902278 3.768849943 0.25 1
1573902434 3.487229538 0.25 1
1573902627 3.508205942 0.75 1
1573902935 3.507922164 0.6666666666666666 1
1573903246 3.616203224 1.0 2
1573903557 3.74842019 0.25 1
1573903868 3.679005815 0.0 0
1573904176 3.789037713 0.0 0
1573904503 7.582129616 0.0 0
1574685750 3.673558382 0.25 1
1574685940 3.53608866 0.0 0
1574686114 3.523839776 0.3333333333333333 1
1574686271 3.755381 0.5 1
1574686433 3.707597122 0.0 0
1574686596 5.422615438 0.3333333333333333 1
1574686754 3.612967425 0.25 1
1574686946 3.739643923 0.0 0
1574687111 3.746857614 0.5 1
1574687287 3.547888056 0.5 1
1574687945 3.676604056 0.0 0
1574688264 3.402874968 0.6666666666666666 1
1574689246 3.678698737 0.25 1
1574689617 3.771799466 1.0 2
1574689832 3.817034135 2.0 3
1574690003 3.601114086 0.6666666666666666 1
1574690164 8.712877095 0.8888888888888888 2
1574690341 3.779789274 0.75 2
1574690501 4.277932575 0.25 1
1574690671 3.619637727 1.6666666666666667 2
1574690832 3.500257502 1.0 2
1574691016 3.644697642 1.0 2
1574691195 3.759962174 1.0 2
1574691948 3.763578192 0.25 1
1574692267 3.477306955 0.25 1
1574692588 5.892046284 0.5 1
1574693497 3.514110081 0.6666666666666666 1
1574693821 7.796225151 0.125 1
1574694253 3.75947264 0.3333333333333333 1
1574694582 3.80621035 0.25 1
1574695138 3.723577419 0.0 0
1574695475 3.98982303 1.0 2
1574695788 3.834538524 0.0 0
1574706681 3.584812956 0.25 1
1574706816 3.793530523 0.25 1
1574707060 3.787295889 0.0 0
1574707240 3.563671531 0.3333333333333333 1
1574708027 3.657169014 0.25 1
1574708723 3.624081287 0.0 0
1574709106 3.830256412 0.75 1
1574709339 3.545174046 0.75 1
1574710449 3.652773885 0.25 1
1574710639 3.506301549 0.0 0
1574950731 3.842971784 0.75 2
1574951053 3.472159914 0.6666666666666666 1
1574951441 3.745260563 0.5 1
1574951784 3.839727011 0.6666666666666666 1
1574952103 3.765831665 0.5 1
1574952415 3.498467647 0.25 1
1574952831 3.621745504 0.0 0
1574953199 3.715116348 0.5 1
1574953509 3.527072541 0.0 0
1574953834 3.795308538 0.25 1
1574954163 3.552252922 0.25 1
1574954326 3.757491437 0.0 0
1574954502 3.755456731 1.0 2
1574954666 3.65988478 0.25 1
1574954851 3.485746664 0.3333333333333333 1
1574955008 3.53309904 0.6666666666666666 1
1574955267 3.610334901 0.25 1
1574955425 3.731911572 0.0 0
1574955585 3.412649869 0.25 1
1574955746 3.552295968 0.25 1
1575026494 3.769189019 0.5 1
1575026655 3.459278284 0.25 1
1575026816 3.594683493 0.5 1
1575026977 3.358873984 0.25 1
1575027140 4.349708982 1.0 2
1575027302 3.753266926 0.25 1
1575027468 3.62922898 1.0 2
1575027624 3.380272103 0.6666666666666666 1
1575027788 3.559888806 0.25 1
1575027954 3.812050755 1.0 2
1575028134 3.804985159 0.25 1
1575028442 3.806785368 0.0 0
1575028754 3.626537427 0.25 1
1575029087 3.509109826 0.0 0
1575029404 3.663205476 0.25 1
1575029712 3.587455717 1.0 2
1575030027 3.8077415 0.0 0
1575030338 3.770272917 0.5 1
1575030654 3.722819478 0.5 1
1575030986 3.744629105 0.0 0
1575112810 3.641644321 0.25 1
1575112971 3.808693143 0.0 0
1575113133 3.838872606 0.25 1
1575113294 3.676996095 0.6666666666666666 1
1575113452 3.747618225 0.0 0
1575113612 3.500122231 0.3333333333333333 1
1575113769 3.654211313 0.3333333333333333 1
1575113926 3.4030741 0.0 0
1575114088 3.739816092 0.75 1
1575114252 3.757544981 0.6666666666666666 1
1575114421 3.820688453 0.0 0
1575114724 3.801188173 0.3333333333333333 1
1575115035 3.712470333 0.6666666666666666 1
1575115344 3.758987652 0.0 0
1575115653 3.613077632 0.0 0
1575115967 3.450106811 0.25 1
1575116278 3.70668814 0.0 0
1575116590 3.929575164 0.0 0
1575116897 3.738496621 0.75 2
1575117206 3.7082631 0.0 0
1575289739 3.761326597 0.5 1
1575289904 6.103591975 0.3333333333333333 1
1575290072 3.485699879 1.0 2
1575290254 3.620592293 0.25 1
1575290427 3.964110653 0.0 0
1575290772 3.751322188 1.0 2
1575290932 6.062070346 1.0 2
1575291091 3.702686406 0.6666666666666666 2
1575291252 3.508289793 0.25 1
1575292932 3.633534456 0.6666666666666666 1
1575293266 3.426009758 0.6666666666666666 1
1575293602 3.688092079 0.25 1
1575293939 3.773198489 0.25 1
1575294287 3.748155173 0.25 1
1575294624 3.844155044 0.75 1
1575294994 3.535052395 0.0 0
1575295388 4.098963211 0.0 0
1575295739 3.693627862 0.5 2
1575296947 3.854399825 0.0 0
1575384141 3.61546104 0.25 1
1575384301 3.665983693 0.25 1
1575384461 3.876360785 0.5 1
1575384620 3.7129144 1.0 2
1575384785 3.768665398 0.6666666666666666 1
1575384940 3.671442134 0.6666666666666666 1
1575385101 3.747285147 0.75 2
1575385263 3.791125484 0.0 0
1575385422 3.540378685 0.3333333333333333 1
1575385585 3.867660825 0.25 1
1575385828 3.297387887 0.0 0
1575386138 3.42130292 0.0 0
1575386449 3.599568527 0.75 2
1575386855 3.662450786 0.0 0
1575387163 3.684401512 0.0 0
1575387473 3.615619128 0.5 1
1575387783 3.650531692 0.0 0
1575388091 3.708417151 0.0 0
1575388400 3.617307032 0.6666666666666666 1
1575388705 3.620888865 0.25 1
1575397116 9.047976846 0.2222222222222222 1
1575474397 3.861650038 0.75 1
1575556522 3.667371019 1.0 2
1575556683 3.771080024 0.75 1
1575556847 3.671175278 0.75 1
1575557028 3.414537632 0.3333333333333333 1
1575557210 3.792344655 0.3333333333333333 1
1575557394 3.697589752 0.5 1
1575557568 3.462462132 0.75 1
1575557742 3.547304708 0.6666666666666666 1
1575558200 3.716962057 0.25 1
1575558389 3.680062926 0.25 1
1575558587 3.677996126 0.6666666666666666 1
1575558898 3.436948378 0.0 0
1575559226 3.66994086 0.0 0
1575559537 3.721189441 0.6666666666666666 1
1575559912 3.726708661 0.0 0
1575560240 3.749844467 0.0 0
1575560571 3.860021709 0.3333333333333333 1
1575561102 3.297489381 0.25 1
1575561450 3.486566196 0.0 0
1575561807 3.751036613 1.0 2
1579184020 3.592909594 0.0 0
1579184735 3.76477358 0.25 1
1579184897 3.671542917 0.0 0
1579185058 3.788408558 0.5 1
1579185234 3.655486567 1.0 2
1579185409 3.70388854 0.0 0
1579185592 3.793982158 0.25 1
1579185766 3.794071778 1.0 2
1579185960 4.059972015 0.5 1
1579186133 3.715770115 1.0 2
1579186331 3.63668296 1.3333333333333333 2
1579186673 4.720793808 1.0 3
1579187692 3.66238797 0.0 0
1579188019 3.552972046 1.0 2
1579188469 3.789301647 0.25 1
1579189000 3.693634606 0.25 1
1579189331 3.734266133 0.5 1
1579189662 3.885238211 0.25 1
1579189998 3.567769495 0.25 1
1579190333 3.798849919 0.25 1
1579351750 3.687815114 0.25 1
1579351917 3.80199395 0.25 1
1579352078 3.703753318 1.0 2
1579352239 3.667517944 0.25 1
1579352402 3.793500863 0.0 0
1579352566 4.220641822 2.25 3
1579352723 3.889405638 0.25 1
1579352885 3.720752536 1.0 2
1579353048 3.501255593 0.3333333333333333 1
1579353210 3.705669947 1.0 1
1579354093 3.493394114 0.75 1
1579354399 3.696505839 0.0 0
1579354710 3.422118478 0.0 0
1579355021 3.590922345 1.0 2
1579355328 3.795924867 0.0 0
1579355638 3.414800306 0.0 0
1579355948 3.615909577 1.0 2
1579356252 3.683288282 1.3333333333333333 3
1579356559 3.590642458 0.3333333333333333 1
1579356865 3.626767433 1.0 2
1579522832 3.903669423 0.5 1
1579523042 3.694729906 0.0 0
1579523232 4.139231788 1.75 3
1579523397 3.847892377 0.25 1
1579523570 3.748315782 0.3333333333333333 1
1579523752 3.800407068 0.6666666666666666 1
1579523932 3.999229534 1.75 3
1579524122 3.683267408 0.0 0
1579524289 3.449605803 0.75 2
1579524458 3.418072774 0.3333333333333333 1
1579524690 3.834551854 0.5 1
1579525035 3.745567325 0.3333333333333333 1
1579525364 3.744205639 0.0 0
1579525755 3.836205219 0.25 1
1579526081 3.718448951 0.0 0
1579528377 3.5680399 0.0 0
1579528727 12.859843428 0.3076923076923077 2
1579529181 3.623590279 0.3333333333333333 1
1579529525 3.416418015 0.3333333333333333 1
1579529837 3.728142523 1.3333333333333333 3
1579537430 3.767927967 0.3333333333333333 1
1580215291 3.753658166 0.6666666666666666 1
1580215483 3.492039413 0.0 0
1580215650 3.775084346 0.5 1
1580215809 3.581188085 1.3333333333333333 3
1580215970 3.703129009 1.6666666666666667 2
1580216132 3.718715005 0.5 2
1580216293 3.817635237 0.0 0
1580216453 4.133642859 1.0 1
1580216613 3.725819403 1.3333333333333333 2
1580216794 3.683549746 0.0 0
1580217826 3.878693625 0.25 1
1580218154 4.467646891 0.25 1
1580218469 3.836253513 0.25 1
1580218803 3.756744967 0.75 2
1580219156 3.681912749 0.0 0
1580219516 3.52222887 0.3333333333333333 1
1580222243 3.82513215 0.5 1
1580222559 3.787195873 0.6666666666666666 1
1580222873 3.794218002 0.75 1
1580223177 3.685051585 0.25 1
1580304705 3.804099598 0.25 1
1580304862 3.591118105 0.5 1
1580305024 3.451508068 0.3333333333333333 1
1580305183 3.597204798 0.25 1
1580305368 3.598441153 0.25 1
1580305528 3.543905537 0.6666666666666666 1
1580305691 3.626595795 0.3333333333333333 1
1580305849 3.807828917 0.25 1
1580306006 3.528888833 0.6666666666666666 1
1580306164 3.554596303 0.0 0
1580306469 3.564063551 0.6666666666666666 1
1580306770 3.976441509 1.25 2
1580307085 86.475170101 0.45977011494252873 2
1580307646 3.757895772 0.25 1
1580307956 3.672827945 0.25 1
1580308268 3.651838564 0.25 1
1580310472 3.491367629 0.3333333333333333 1
1580310785 3.668174532 0.25 1
1580311099 3.805043895 0.0 0
1580311408 3.488998467 0.3333333333333333 1
1580311781 3.609358934 0.25 1
1581935205 3.809840038 0.75 1
1581935364 3.699689375 1.3333333333333333 2
1581935524 3.753911491 0.75 1
1581935690 3.741365814 0.6666666666666666 1
1581935858 3.607296604 0.3333333333333333 1
1581936029 3.737972748 0.25 1
1581936201 3.547055961 0.3333333333333333 1
1581936360 3.765175965 0.25 1
1581936521 3.609456815 0.5 1
1581936697 3.497967857 0.25 1
1582026878 3.758963371 0.25 1
1582027041 3.678758378 0.6666666666666666 1
1582027203 4.3875541 1.0 2
1582027373 3.720715027 0.25 1
1582027785 3.907850733 0.75 1
1582027948 3.801643979 0.25 1
1582028117 4.067593457 0.6 1
1582028284 4.081006578 0.5 2
1582028452 4.225853615 1.0 2
1582028621 3.574250897 0.75 1
1582113093 3.959871356 0.25 1
1582113260 3.894255572 0.5 1
1582113424 3.881642566 0.75 2
1582113593 3.798878113 0.6666666666666666 1
1582113755 3.709907655 0.6666666666666666 1
1582113932 3.977213945 0.75 1
1582114094 3.874781083 0.25 1
1582114257 4.261631164 1.2 2
1582114425 3.810693869 0.6666666666666666 1
1582114588 4.089597092 0.25 1
1582114752 3.660626929 0.6666666666666666 1
1582114914 3.910965553 0.75 1
1582115080 3.481456165 0.3333333333333333 1
1582115246 3.916403669 0.25 1
1582115409 3.922225359 0.25 1
1582115573 3.91877057 0.5 1
1582115736 3.89916198 0.25 1
1582115899 3.695932697 0.3333333333333333 1
1582116081 3.596387082 0.5 1
1582116297 3.706615032 0.25 1
1582116470 3.682262338 0.6666666666666666 1
1582116638 3.848348866 0.25 1
1582118957 3.830713925 0.25 1
1582119119 3.582701397 1.0 2
1582119289 4.060958463 0.25 1
1582119455 3.872267847 0.75 1
1582119641 4.018590111 0.25 1
1582119804 3.8960438 0.5 2
1582119974 3.699842324 1.0 2
1582120147 3.890138342 0.5 1
1582120870 3.543554892 0.25 1
1582121039 4.018363739 0.6 1
1582121283 3.768707747 0.0 0
1582121445 3.938662901 0.25 1
1582125188 3.749741658 0.6666666666666666 1
1582125348 3.732794327 0.25 1
1582125831 3.837793031 0.25 1
1582125998 3.686894731 0.25 1
1582126167 3.93386776 0.6666666666666666 1
1582126327 4.010049239 0.25 1
1582126495 4.128962063 0.75 1
1582126656 3.760922423 0.25 1
1582126823 3.935494099 0.75 1
1582126985 3.976549679 0.5 1
1582127146 3.891077015 0.6666666666666666 1
1582127312 7.192889802 1.2857142857142858 2
1582127481 3.751664301 0.25 1
1582127646 3.91939425 0.75 1
1582127810 3.831799643 0.25 1
1582127970 3.711102021 0.6666666666666666 1
1582128136 3.793962481 0.25 1
1582128294 3.976196162 1.0 2
1582128476 3.800656297 1.0 2
1582128639 3.742401541 0.25 1
1582128806 3.68078355 0.3333333333333333 1
1582128968 3.658799482 0.25 1
1582129140 3.815092384 0.25 1
1582129299 3.788669366 0.25 1
1582129460 3.872119709 0.25 1
1582129625 3.823786388 0.6666666666666666 1
1582185047 3.730835236 0.6666666666666666 1
1582185228 3.756537534 0.6666666666666666 1
1582185963 3.600938629 0.6666666666666666 1
1582186123 3.807805835 0.25 1
1582186283 3.58008321 0.25 1
1582186856 3.673751294 0.3333333333333333 1
1582187820 3.578734608 0.3333333333333333 1
1582187977 4.747348445 1.6 2
1582188137 3.751705654 0.0 0
1582188298 3.695406286 0.75 1
1582193748 3.57205062 0.6666666666666666 1
1582193911 3.969234888 0.5 1
1582194076 3.624553091 0.0 0
1582194231 3.752667571 0.25 1
1582194393 3.862771497 0.25 1
1582194558 3.846215181 0.0 0
1582194717 3.592305812 0.0 0
1582194888 3.489654975 0.5 1
1582195049 3.376304362 0.0 0
1582195210 3.49948589 0.0 0
1582195704 3.803335721 0.0 0
1582195864 3.526312248 0.25 1
1582196021 3.677553567 0.0 0
1582196182 3.996753998 0.0 0
1582196341 3.796209804 0.0 0
1582196501 3.511523627 0.3333333333333333 1
1582196658 3.775212336 0.0 0
1582196817 3.821279843 0.0 0
1582196979 3.804116472 0.75 1
1582197146 3.546142265 0.6666666666666666 1
1582197303 3.742403318 0.0 0
1582197469 3.928515805 0.0 0
1582197639 3.664734579 0.75 1
1582197797 3.666759332 0.0 0
1582197957 3.54695511 0.0 0
1582198113 3.891101083 0.0 0
1582198275 3.64375649 0.25 1
1582198432 3.860807072 0.0 0
1582198713 3.592159086 0.0 0
1582199061 3.790378086 0.0 0
1582631369 3.706236623 0.25 1
1582631529 3.605530578 0.25 1
1582631685 3.854750461 0.25 1
1582631843 3.540311011 0.6666666666666666 1
1582631999 3.580066106 0.25 1
1582632157 3.420219749 1.3333333333333333 2
1582632318 3.711645904 0.3333333333333333 1
1582632479 3.905610143 0.25 1
1582632637 3.635661462 0.25 1
1582632800 3.51731512 0.6666666666666666 1
1582884496 3.713697672 0.25 1
1582884677 3.556307897 0.3333333333333333 1
1582884844 4.519301658 0.4 1
1582885005 3.684167409 0.25 1
1582885172 3.631198236 0.3333333333333333 1
1582885334 3.758247095 1.0 2
1582885493 3.773369249 0.25 1
1582885655 5.221796798 0.2 1
1582885817 8.21189188 1.75 3
1582885978 3.78164229 0.25 1
1574710639 3.506301549 0.0 0
1574707060 3.787295889 0.0 0
1574708723 3.624081287 0.0 0
