1569853929 2.256821601 0.6666666666666666 1
1569854954 1.577833916 1.0 1
1569855505 1.751580913 0.3333333333333333 1
1569856527 1.747176084 0.0 0
1570447351 1.27627763 1.0 1
1570448181 1.562088162 -1 -1
1570449109 1.871679994 1.3333333333333333 2
1570449564 1.733077047 0.0 0
1571323551 1.833488516 1.0 1
1571323954 1.39295756 2.0 2
1571324351 1.052173906 1.0 1
1571324353 0.043206592 -1 -1
1571324353 0.340232627 -1 -1
1571324744 1.877244966 1.6666666666666667 2
1571327674 1.743070276 1.3333333333333333 2
1571328065 1.911332571 1.6666666666666667 2
1571328067 0.056261142 1.0 1
1571328456 1.495768485 1.3333333333333333 2
1571328847 1.730985931 1.0 1
1571328849 0.044789833 1.0 1
1571329239 1.619709899 0.6666666666666666 2
1571329241 0.120258539 0.0 0
1571329241 0.047746232 0.0 0
1571329628 1.776015214 2.0 2
1571330606 1.365671921 1.5 2
1571398178 1.87085101 1.0 1
1571398574 1.669319587 1.6666666666666667 2
1571398966 1.783078545 2.0 2
1571399357 1.659359705 1.3333333333333333 2
1571399749 1.673442417 1.3333333333333333 2
1571400146 1.641603136 1.6666666666666667 2
1571400567 1.671278375 0.3333333333333333 1
1571400965 1.571192237 0.6666666666666666 1
1571400967 0.047788447 0.0 0
1571401360 1.840199035 1.6666666666666667 2
1571401749 1.651711815 1.6666666666666667 2
1571407129 1.881266047 3.0 3
1571407523 1.787660321 2.5 3
1571407913 1.719354344 3.0 3
1571408303 1.75811266 0.5 1
1571408695 1.571495539 0.3333333333333333 1
1571666187 1.660821958 0.3333333333333333 1
1571666579 1.744412395 0.6666666666666666 1
1571666971 1.761256019 0.3333333333333333 1
1571667362 1.900664227 0.6666666666666666 1
1571667807 1.593963699 0.3333333333333333 1
1571669458 1.750573814 2.0 2
1571669851 1.595067322 0.6666666666666666 1
1571754367 1.946305903 2.3333333333333335 3
1571754759 1.892498846 2.0 2
1571755160 1.582890558 1.6666666666666667 2
1571755562 1.681133197 1.6666666666666667 2
1571756792 1.737539015 3.0 3
1571757229 1.275197235 1.0 1
1571757230 0.392403642 1.0 1
1571757647 1.876625465 3.0 3
1571758044 1.743343876 0.6666666666666666 2
1571758435 1.911302607 3.0 3
1571758437 0.045578594 3.0 3
1571758829 1.663571857 2.0 2
1571762439 1.27249006 1.6666666666666667 2
1571762441 0.1676341 1.0 1
1571762838 1.707072506 3.0 3
1571763229 1.667168016 0.5 1
1571763619 1.451967431 1.6666666666666667 2
1571764012 1.803733438 1.3333333333333333 2
1571764438 1.403394483 2.0 2
1571764439 0.205744969 2.0 2
1571764439 0.040747318 2.0 2
1571764829 1.710460509 2.0 2
1571765218 1.521269441 3.0 3
1571765609 1.678487336 2.6666666666666665 4
1571765999 1.629154907 2.0 2
1571766967 1.635494252 2.0 2
1572006701 1.789575306 1.3333333333333333 2
1572007327 1.704686451 0.0 0
1572007721 1.766867523 2.6666666666666665 3
1572008230 1.78473604 2.3333333333333335 3
1572008632 1.840265853 3.0 3
1572009027 1.657432945 0.3333333333333333 1
1572009029 0.043646026 0.0 0
1572009417 1.84776411 0.3333333333333333 1
1572009807 1.796071204 0.6666666666666666 1
1572010198 1.586405367 2.0 2
1572010594 1.707157354 2.6666666666666665 3
1572010596 0.046213277 2.0 2
1572010986 1.411250054 2.5 3
1572013548 1.709167163 1.0 1
1572013941 1.556344428 0.6666666666666666 1
1572014333 1.74991123 0.3333333333333333 1
1572014722 1.71805005 0.6666666666666666 1
1572014724 0.13605825 0.0 0
1572015112 1.714968004 0.3333333333333333 1
1572268256 1.364326236 -1 -1
1572269169 1.814760061 0.0 0
1572269584 1.247009054 0.0 0
1572269999 1.73571019 0.6666666666666666 1
1572270405 1.800174868 2.0 2
1572270800 1.370381291 0.0 0
1572271306 1.590452539 1.0 1
1572272506 1.532082197 1.0 1
1572272840 1.983260901 0.3333333333333333 1
1572273172 2.147286345 1.0 1
1572273520 1.51011283 1.6666666666666667 3
1572273856 1.499854541 1.6666666666666667 2
1572274447 0.158226811 0.0 0
1572276277 1.757537362 1.6666666666666667 2
1572276614 1.419150929 1.0 2
1572276947 1.496295425 1.0 1
1572277278 1.558287044 0.5 1
1572277613 1.368855339 1.0 1
1572277971 1.571268902 1.0 1
1572278303 1.531284702 1.0 1
1572278635 1.478725784 0.3333333333333333 1
1572278637 0.052627313 0.0 0
1572363694 1.544408127 1.5 2
1572364023 1.324301562 1.6666666666666667 2
1572364025 0.033533572 1.0 1
1572364355 1.551651284 1.0 1
1572364687 1.404462757 2.0 2
1572365022 1.229802031 2.0 2
1572365023 0.086499224 2.0 2
1572365359 1.630213249 1.0 2
1572365737 1.700773172 0.6666666666666666 1
1572366117 1.770029943 1.3333333333333333 2
1572366450 1.882741263 2.6666666666666665 3
1572366452 0.142337704 2.0 2
1572366784 1.464748776 2.5 3
1572369812 1.623081081 1.0 1
1572370142 1.55573736 1.5 2
1572370473 1.435404085 2.6666666666666665 3
1572370804 1.64232499 1.6666666666666667 2
1572371134 1.281876285 1.5 2
1572371135 0.051636622 1.0 1
1572371465 1.574560525 1.6666666666666667 2
1572371467 0.031382251 1.0 1
1572371795 1.444126656 1.6666666666666667 2
1572371797 0.08887918 1.0 1
1572372126 1.580279337 0.5 1
1572372455 1.533199348 3.0 3
1572372788 1.519633762 0.3333333333333333 1
1572372790 0.096890284 0.0 0
1572533799 1.567090398 1.6666666666666667 2
1572534154 1.187483762 2.0 2
1572534155 0.164164029 2.0 2
1572534501 1.751675521 1.0 1
1572534831 1.240741351 2.0 2
1572534832 0.072493444 2.0 2
1572535181 1.58843835 0.5 1
1572535512 1.456517611 1.5 2
1572535841 1.519858468 2.0 3
1572536176 1.443954927 1.0 1
1572536178 0.055775748 1.0 1
1572536540 1.473251366 1.3333333333333333 2
1572536877 1.467118191 0.6666666666666666 1
1572538452 1.455201427 1.0 1
1572539108 1.32408444 1.0 1
1572539761 1.320411919 1.0 1
1572540409 1.405076528 0.5 1
1572541320 1.402496296 1.0 1
1572541969 1.280119122 1.0 1
1572542617 1.173771942 1.0 1
1572543262 1.530999525 1.0 1
1572543936 1.380981257 1.0 1
1572871684 1.370443223 1.0 1
1572872333 1.338398699 2.0 2
1572873014 1.367765849 2.0 2
1572873665 1.032806876 2.0 2
1572874320 1.36360829 0.0 0
1572875387 1.396231242 0.5 1
1572876253 1.14422339 0.5 1
1572877466 1.332927811 1.0 1
1572878122 1.418759802 1.0 1
1572879364 1.366334856 1.0 1
1572880424 1.782255094 2.5 3
1572880759 1.417659549 1.0 1
1572880760 0.036028493 1.0 1
1572880760 0.045262242 1.0 1
1572881109 1.54069321 1.0 2
1572881110 0.039884082 0.0 0
1572881441 1.405167717 3.0 3
1572881442 0.120784564 3.0 3
1572881776 0.764369587 0.5 1
1572881776 0.087459617 0.5 1
1572881777 0.502043323 0.0 0
1572882106 1.620404547 1.5 2
1572882491 1.326594128 1.3333333333333333 2
1572882827 1.864194026 0.6666666666666666 1
1572883178 1.290499064 0.5 1
1572883521 1.887338981 2.0 2
1572967751 1.383336877 1.0 1
1572968733 1.425629987 1.6666666666666667 2
1572969708 1.270318982 1.0 1
1572970368 1.444465621 1.0 1
1572971019 1.2772919 2.0 2
1572971682 1.242326071 1.0 1
1572972343 1.32079166 1.0 1
1572973055 1.225517974 2.0 3
1572973708 1.321302096 2.0 2
1572974360 1.283978882 0.0 0
1572975015 1.414715284 0.0 0
1572975413 1.541590455 1.6666666666666667 2
1572975744 1.420602658 1.6666666666666667 2
1572975746 0.041395395 1.0 1
1572976115 1.540122447 1.6666666666666667 2
1572976494 1.436590546 2.3333333333333335 3
1572976825 1.544791785 2.6666666666666665 3
1572977156 1.497919595 2.6666666666666665 3
1572977519 1.424893769 2.5 3
1572977520 0.043460969 2.0 2
1572977848 1.486942134 3.0 3
1572978237 1.437355285 2.0 3
1573209295 1.322536504 1.0 1
1573209962 1.374842411 2.0 2
1573210625 1.465489434 2.0 2
1573211294 1.328289371 2.0 2
1573211950 1.324135144 2.0 2
1573212599 1.442200886 2.0 2
1573213252 1.542602784 2.0 2
1573213917 1.486081171 1.5 2
1573214576 1.473631627 2.0 3
1573215237 1.533287914 2.0 2
1573218441 1.574517522 2.0 2
1573218774 1.537589941 1.3333333333333333 2
1573218952 1.245146138 3.0 3
1573306677 1.619693674 1.3333333333333333 2
1573307000 1.661411382 0.0 0
1573307336 1.380664814 2.0 2
1573307337 0.048375855 2.0 2
1573307653 1.325770161 0.3333333333333333 1
1573307970 3.366859181 0.75 1
1573308289 1.491675804 1.0 1
1573308620 1.475953584 0.3333333333333333 1
1573308940 1.575969151 0.3333333333333333 1
1573309262 1.315129534 1.0 1
1573309263 0.044037876 1.0 1
1573309590 1.535495288 0.3333333333333333 1
1573310737 1.362299518 0.0 0
1573311352 1.440453994 0.0 0
1573311970 1.288621579 1.0 1
1573312669 1.373148767 0.0 0
1573313288 1.331769673 0.0 0
1573313911 1.1682384 1.0 1
1573314539 1.35991659 2.0 2
1573315151 1.361421457 0.0 0
1573741871 0.680361076 -1 -1
1573741988 1.249147981 1.0 1
1573743621 1.067844869 2.0 2
1573743622 0.119175848 2.0 2
1573743722 1.295716458 3.0 3
1573743821 0.74366887 1.0 1
1573743920 0.721729853 -1 -1
1573744018 1.216784717 1.5 2
1573744115 0.947397339 1.0 1
1573744213 0.762432683 -1 -1
1573744310 1.192875115 1.0 2
1573744401 1.201706206 0.0 0
1573744497 1.237976239 1.0 2
1573744605 0.813783141 1.0 1
1573744703 0.967296845 2.0 2
1573744816 1.189131645 1.0 1
1573744914 1.233115436 0.0 0
1573745052 0.875544014 0.0 0
1573745236 1.19577848 1.0 1
1573745332 1.149021476 1.0 1
1573745434 0.903287012 2.0 2
1573745531 0.843764057 0.0 0
1573745731 1.187928542 2.0 2
1573745835 0.836559956 1.0 1
1573745932 0.79911549 2.0 2
1573746029 0.959706044 0.0 0
1573746129 1.453953792 0.0 0
1573746227 1.190931189 0.0 0
1573746327 1.337618445 1.0 1
1573746428 1.108724088 1.0 1
1573746525 1.031789431 1.0 1
1573746621 1.308426735 1.0 1
1573748941 1.028023681 0.0 0
1573749038 0.846156788 1.0 1
1573749139 1.289078789 1.0 1
1573749251 0.776182752 1.0 1
1573749348 1.275578572 0.0 0
1573749349 0.072842877 0.0 0
1573749483 1.192764136 1.0 1
1573749582 0.978392061 1.0 1
1573749683 0.638841477 1.0 1
1573749781 1.319429074 1.0 1
1573749877 1.354932727 1.0 1
1573828201 1.54418954 0.6666666666666666 2
1573828510 1.41284255 2.0 2
1573828816 1.489347509 1.3333333333333333 2
1573829121 1.368511454 1.3333333333333333 2
1573829426 1.313469936 0.5 1
1573829806 1.447538473 1.0 1
1573830294 1.532880759 1.0 2
1573830603 1.554900115 0.6666666666666666 1
1573830909 1.461380125 1.3333333333333333 2
1573831214 1.383610114 0.6666666666666666 1
1573831216 0.042086741 0.0 0
1573902849 1.375378325 1.0 1
1573903160 1.353697361 0.6666666666666666 1
1573903474 2.032256992 3.0 3
1573903784 1.375211836 2.0 2
1573904094 1.398898459 1.5 2
1573904401 1.334884012 1.6666666666666667 2
1573904562 10.377761517 0.2727272727272727 1
1574686921 4.872309043 0.0 0
1574688169 1.397783043 0.6666666666666666 1
1574688488 2.473521081 0.0 0
1574689310 0.973276018 1.0 1
1574692184 1.369992711 0.0 0
1574692497 1.503846155 0.3333333333333333 1
1574693414 1.192491162 2.0 2
1574693415 0.204302631 2.0 2
1574693732 1.321512179 0.0 0
1574694062 1.349871505 2.0 2
1574694489 1.024062206 0.0 0
1574694808 1.422172857 0.0 0
1574694810 0.044362421 -1 -1
1574694810 0.046874271 -1 -1
1574695362 1.447073105 0.0 0
1574695705 1.463040449 0.0 0
1574696013 1.336322372 0.0 0
1574696737 1.18669299 0.0 0
1574697315 1.35979072 0.5 1
1574697316 0.035729641 0.0 0
1574697909 1.279284857 1.0 1
1574698478 1.977633224 1.0 1
1574699066 1.275484478 0.5 1
1574706695 0.799389743 0.0 0
1574707328 1.144503915 0.0 0
1574708294 1.347584327 1.0 1
1574708592 1.406416849 0.0 0
1574708950 1.379298738 0.0 0
1574709162 1.304269375 0.0 0
1574709903 1.049807792 2.0 2
1574710505 1.91176481 1.0 1
1574711159 1.191454782 0.0 0
1574950959 1.371219812 1.0 1
1574951334 1.182503433 1.0 1
1574951335 0.053223446 1.0 1
1574951689 1.42479255 0.0 0
1574952016 1.52665248 1.0 1
1574952331 1.269342561 1.5 2
1574952727 1.326787683 0.6666666666666666 1
1574952729 0.075697939 0.0 0
1574953056 1.931447223 2.0 2
1574953425 1.399676548 0.0 0
1574953751 1.417606342 2.0 3
1574953752 0.088014397 1.5 2
1574954077 1.567523219 0.6666666666666666 2
1574956487 1.36178714 0.0 0
1574956489 0.047187747 0.0 0
1574957157 1.15185212 0.6666666666666666 2
1574957158 0.045324989 0.0 0
1574957159 0.036753375 0.0 0
1574957751 1.196929394 1.5 2
1574958334 1.453760462 2.0 2
1574958928 1.387004405 2.0 2
1574958929 0.133187838 2.0 2
1574959538 1.319607555 0.0 0
1574960115 1.452040845 0.5 1
1574960701 1.312812973 0.0 0
1574961368 1.234859651 1.0 1
1574961369 0.087747353 1.0 1
1574961937 1.248186465 1.0 1
1575028361 1.323079011 1.0 1
1575028669 1.289090154 1.0 1
1575029005 1.579660725 0.0 0
1575029321 1.654824702 1.0 1
1575029323 0.049501209 -1 -1
1575029629 1.405317955 0.0 0
1575029941 0.98162283 1.0 1
1575030251 2.728616122 0.25 1
1575030568 1.329174418 1.0 1
1575030900 0.976096901 0.5 1
1575030901 0.260148047 0.0 0
1575031211 1.452367365 1.0 1
1575033417 1.339338673 0.0 0
1575033984 1.411387616 1.0 1
1575033985 0.130262498 1.0 1
1575034575 1.304558967 0.5 1
1575035148 1.098361397 1.5 2
1575035149 0.03205398 1.0 1
1575035711 1.428675481 1.3333333333333333 2
1575036747 1.456514033 0.0 0
1575037308 1.190784675 0.5 1
1575037309 0.039470107 0.0 0
1575037309 0.03998638 0.0 0
1575037866 1.159592419 2.0 2
1575038877 1.371333536 2.0 2
1575039443 1.195411145 2.0 2
1575039444 0.044259519 2.0 2
1575114642 0.943339604 0.0 0
1575114643 0.374499515 -1 -1
1575114950 1.479854616 1.0 1
1575115260 1.363820597 1.3333333333333333 2
1575115262 0.045640614 1.0 1
1575115569 1.527070788 0.0 0
1575115571 0.049222485 0.0 0
1575115884 1.503591163 0.5 1
1575116195 0.906203299 2.0 3
1575116196 0.085400361 1.0 1
1575116505 1.291140683 0.3333333333333333 1
1575116814 1.360751973 0.6666666666666666 2
1575117123 1.282072154 1.3333333333333333 2
1575117432 1.323915058 0.0 0
1575120707 1.45594398 1.0 1
1575121266 1.549369393 0.6666666666666666 1
1575122268 1.257527187 0.5 1
1575122886 1.363313438 0.6666666666666666 1
1575123444 1.527433451 0.0 0
1575124003 1.446227878 0.0 0
1575124558 1.348854733 0.6666666666666666 1
1575125125 1.363774105 0.5 1
1575125692 1.42998091 0.5 1
1575126257 1.270584395 0.0 0
1575293162 1.543311466 1.0 1
1575293496 1.284531646 0.6666666666666666 1
1575293836 1.526856766 1.6666666666666667 3
1575294174 1.415964355 1.0 1
1575294175 0.042377739 1.0 1
1575294516 1.544804471 1.3333333333333333 2
1575294518 0.0457677 2.0 2
1575295266 1.533787712 0.5 1
1575295634 1.39766337 1.0 1
1575296846 1.407533264 1.5 2
1575297181 1.450196229 0.3333333333333333 1
1575298012 1.42889049 0.6666666666666666 1
1575298583 1.246551325 0.0 0
1575298584 0.096580774 0.0 0
1575299155 3.929337658 0.0 0
1575299732 1.452237754 1.0 1
1575300344 1.26254737 0.3333333333333333 1
1575300919 1.393755917 0.5 1
1575301716 1.408423455 0.5 1
1575302301 1.408257006 1.0 1
1575386053 1.223215686 0.5 1
1575386054 0.120270471 0.0 0
1575386366 1.354520894 0.6666666666666666 1
1575386677 1.314791237 0.0 0
1575387081 1.413554728 0.5 1
1575387389 1.24454344 0.0 0
1575387390 0.046461674 0.0 0
1575387390 0.160854006 0.0 0
1575387700 1.413457826 0.3333333333333333 1
1575388008 1.281134946 1.0 1
1575388316 1.456402471 0.0 0
1575388624 1.22846685 0.0 0
1575388626 0.07798482 0.0 0
1575388929 0.977604935 2.0 2
1575388930 0.08624311 2.0 2
1575390490 1.396376133 0.0 0
1575391061 1.443843334 0.5 1
1575391623 1.030111172 1.0 1
1575392435 1.314895582 2.0 2
1575393050 1.453025528 0.6666666666666666 1
1575393634 1.4509458 0.0 0
1575394199 1.364380821 1.0 2
1575394761 1.237048952 0.0 0
1575395324 1.319946487 0.0 0
1575395889 1.115434252 1.5 2
1575397156 6.213160428 0.8571428571428571 2
1575397433 7.467514896 2.0 2
1575473787 1.412246083 1.0 1
1575474575 1.032936102 1.0 2
1575558814 1.291579692 0.3333333333333333 1
1575558816 0.048138121 0.0 0
1575559124 1.083191853 0.3333333333333333 1
1575559451 1.453250327 0.6666666666666666 1
1575559453 0.088133497 0.0 0
1575559771 1.414845988 3.0 4
1575560139 1.446631522 2.0 2
1575560472 1.158563671 1.0 1
1575560806 1.456233589 2.0 3
1575561337 1.422711186 0.6666666666666666 1
1575561679 1.159235124 2.0 2
1575562034 1.368595063 0.3333333333333333 1
1575562809 1.364642678 2.5 3
1575563419 1.34007332 0.0 0
1575564087 0.983129945 0.0 0
1575564666 1.695586832 1.0 1
1575565246 1.277186819 1.0 1
1575565812 1.354403627 0.0 0
1575566384 1.319670422 0.5 1
1575566991 1.402776029 1.0 2
1575568313 1.320878711 0.3333333333333333 1
1575568895 1.37093563 0.5 1
1579186133 0.044479693 0.0 0
1579186560 1.375421847 0.0 0
1579186908 1.322618592 0.5 1
1579187918 1.27999104 0.0 0
1579187919 0.040505722 0.0 0
1579188250 1.417263632 1.0 1
1579188703 1.117976752 0.0 0
1579189230 1.9297427 0.0 0
1579189569 1.505135142 0.0 0
1579189893 1.405018205 2.0 4
1579190232 1.37910549 0.0 0
1579190605 1.882521048 -1 -1
1579191343 1.33213829 0.0 0
1579191957 1.289332086 0.0 0
1579191958 0.08941238 0.0 0
1579192522 1.243061516 0.5 1
1579192523 0.035549677 0.0 0
1579193104 1.368081407 0.5 1
1579193691 1.164668145 0.5 1
1579194256 1.273849632 1.0 1
1579194257 0.088101858 1.0 1
1579194825 1.246039161 1.5 2
1579195390 1.309742389 1.3333333333333333 2
1579195980 1.408326408 0.0 0
1579196541 1.291944391 2.5 3
1579354317 1.116129274 0.0 0
1579354627 1.183369035 0.5 1
1579354939 1.189474721 1.5 3
1579354940 0.044193745 0.0 0
1579355244 1.546032007 0.0 0
1579355555 1.36781154 1.0 1
1579355864 1.311420245 1.0 2
1579356169 1.436947821 0.0 0
1579356476 1.463432972 0.6666666666666666 1
1579356477 0.160835771 0.5 1
1579356478 0.045737967 0.0 0
1579356781 1.231237239 1.0 2
1579357259 1.270969645 1.0 1
1579359746 1.69995171 1.0 2
1579360325 1.189273675 1.0 1
1579360884 1.236123227 0.0 0
1579361438 1.456509024 0.6666666666666666 1
1579361993 1.384085904 1.6666666666666667 2
1579362549 1.326800526 0.5 1
1579363107 2.643095804 0.0 0
1579363675 2.140278743 0.0 0
1579364239 1.499228534 0.5 1
1579364798 1.400251659 1.5 2
1579524930 1.254066605 0.5 1
1579525272 1.247252188 1.6666666666666667 2
1579525658 1.495693396 2.5 3
1579525659 0.044882178 2.0 2
1579525983 1.322964226 1.6666666666666667 3
1579526307 1.274374218 0.0 0
1579528614 1.485119182 1.5 2
1579528615 0.131451227 1.0 1
1579529037 1.208754003 3.0 4
1579529038 0.338725119 2.0 2
1579529414 1.279673057 1.0 2
1579529754 1.316496365 0.0 0
1579530064 1.398083919 2.3333333333333335 3
1579530066 0.043371675 1.0 1
1579530792 1.366638999 1.0 1
1579531382 1.326790589 0.0 0
1579532421 1.335641964 1.0 1
1579533112 1.331965122 0.6666666666666666 1
1579533773 1.295141051 0.0 0
1579534416 1.195700142 1.3333333333333333 2
1579534418 0.071872655 0.0 0
1579535089 1.578294757 0.3333333333333333 1
1579535677 1.36523271 1.5 2
1579536756 1.252730065 0.5 1
1579537324 1.450813548 2.0 2
1580218058 1.449548826 0.5 1
1580218386 1.524406854 0.6666666666666666 1
1580218720 1.067385155 0.3333333333333333 1
1580218721 0.400622213 0.0 0
1580219070 1.444716143 2.0 2
1580219432 1.325315092 2.0 3
1580219757 1.24236723 0.5 1
1580222471 1.360442891 0.5 1
1580222784 1.406579063 1.0 1
1580223095 1.367283336 0.0 0
1580223432 1.297138276 0.6666666666666666 1
1580224049 1.494242312 1.0 2
1580224607 1.408723292 2.0 3
1580225164 1.204657759 1.0 1
1580225729 1.370305142 1.0 1
1580226308 1.500283555 1.6666666666666667 2
1580226876 0.952842543 0.5 1
1580226877 0.341818239 0.0 0
1580227440 1.364531849 1.0 2
1580228059 1.252673553 0.3333333333333333 1
1580228061 0.116289308 0.0 0
1580228619 1.280467942 0.5 1
1580229181 1.200264863 2.0 2
1580306688 1.172608018 0.5 1
1580307001 1.467786833 2.0 2
1580307392 1.457427839 1.0 1
1580307394 0.056174874 1.0 1
1580307873 1.201424086 0.5 1
1580308183 1.459174156 0.6666666666666666 1
1580308500 1.416038159 1.5 2
1580310702 1.356173521 0.5 1
1580311014 1.57960014 0.0 0
1580311322 3.366533186 2.5 3
1580311634 1.747535686 0.0 0
1580312009 1.480363734 0.5 1
1580312606 1.344731301 1.0 1
1580312607 0.170890453 1.0 1
1580313186 1.140675103 0.5 1
1580314065 1.174228606 1.3333333333333333 2
1580314067 0.093763925 1.0 1
1580314705 1.161045914 1.5 3
1580315262 1.116614452 0.5 1
1580315263 0.045439352 0.0 0
1580315825 1.41884114 0.5 1
1580315826 0.033917248 0.0 0
1580316387 2.453447597 0.3333333333333333 1
1580317095 1.501651477 1.0 1
1580317683 1.409498192 0.6666666666666666 1
1580317685 0.166607394 0.0 0
1580317685 0.045026707 0.0 0
1581937080 1.388641891 1.5 2
1581937392 1.437118806 0.5 1
1581937734 1.492287109 0.0 0
1581938058 1.408642047 1.5 3
1581938378 1.416193573 0.0 0
1581938701 2.688167007 0.6666666666666666 1
1581939002 1.102792621 0.0 0
1581939004 0.08715583 -1 -1
1581939004 0.209447217 -1 -1
1581939348 1.194446857 1.0 1
1581939674 1.494312887 1.0 1
1581939972 1.625998147 1.0 1
1581942748 1.353758704 0.0 0
1581944326 1.414294019 0.0 0
1581945272 1.41269144 1.0 1
1581945273 0.044224426 1.0 1
1581946222 1.328643776 0.0 0
1581946791 1.282036744 0.0 0
1581946792 0.034371463 0.0 0
1581947687 1.541283135 0.5 1
1581948277 1.410086379 0.6666666666666666 1
1581949401 1.372783793 0.5 1
1582030490 1.452017799 0.6666666666666666 1
1582030492 0.084516096 0.0 0
1582030798 1.371249618 1.0 1
1582031444 1.330705856 1.0 1
1582031742 1.26822549 3.0 3
1582032114 1.243448325 1.6666666666666667 2
1582032432 1.27879713 0.6666666666666666 1
1582032736 1.371241529 1.0 1
1582033035 1.422914484 0.6666666666666666 1
1582033329 1.103107493 2.0 2
1582033688 1.181511729 0.0 0
1582035103 1.467701589 0.5 1
1582035975 1.371982382 0.0 0
1582036580 1.49860976 1.0 1
1582037189 1.488654811 0.6666666666666666 1
1582037786 1.431355922 0.0 0
1582037788 0.033974258 0.0 0
1582038381 1.49953035 1.3333333333333333 2
1582038969 1.365603987 1.5 2
1582041885 1.345510251 0.6666666666666666 1
1582042635 1.358917936 1.6666666666666667 3
1582042637 0.038689381 0.0 0
1582044083 1.165710291 2.0 3
1582044084 0.053869923 1.0 1
1582044675 1.320636886 1.6666666666666667 2
1582044990 1.322656858 1.0 1
1582045292 1.339597314 1.0 1
1582045588 1.358116304 1.0 2
1582045901 1.572416338 1.0 1
1582046196 1.36209564 1.5 2
1582120545 1.457451251 0.0 0
1582120766 1.747926738 0.0 0
1582186414 1.356082834 -1 -1
1582189507 1.401887365 1.0 1
1582190984 1.272763213 0.5 1
1582191276 1.405281427 0.5 1
1582191572 1.316603431 0.5 1
1582191867 1.19890739 0.6666666666666666 1
1582191869 0.087001067 0.0 0
1582192155 1.524509197 1.0 1
1582192455 1.671864712 1.5 2
1582192744 1.453783879 1.0 2
1582193032 1.266083336 1.0 1
1582193326 1.605352533 0.6666666666666666 1
1582635094 1.13776343 1.0 1
1582635379 1.40666604 1.0 1
1582635662 1.539026658 1.6666666666666667 2
1582635947 1.454600005 0.6666666666666666 1
1582636234 1.455951567 1.5 2
1582636520 1.208690567 1.0 2
1582636813 1.320932998 1.0 1
1582637110 1.485530493 1.0 1
1582637406 1.500140094 1.0 1
1582637496 0.044967212 -1 -1
1582637701 1.364083638 0.3333333333333333 1
1582637703 0.043076769 0.0 0
1582638269 1.367639898 0.0 0
1582638830 1.499194173 0.0 0
1582640497 1.282940317 0.5 1
1582640498 0.08807933 0.0 0
1582641084 1.274516795 0.0 0
1582641644 1.358308784 0.5 1
1582642217 1.536134157 2.0 2
1582642783 1.401139326 0.6666666666666666 1
1582643358 1.331401724 0.5 1
1582643954 1.531242443 1.0 1
1582644623 1.326275148 1.5 2
1582644624 0.093958425 1.0 1
1582886346 1.277349551 1.5 2
1582886640 1.234420434 0.5 1
1582886933 1.660435386 0.6666666666666666 1
1582887221 1.510217989 2.6666666666666665 3
1582887508 1.31534973 1.0 1
1582887801 1.311174398 2.0 2
1582887803 0.050365081 2.0 2
1582888087 1.33610594 1.5 2
1582888374 1.489385855 1.5 2
1582888662 1.437091335 1.3333333333333333 2
1582888664 0.136884179 1.0 1
1582889022 1.519414743 1.0 1
1582899125 1.27648121 0.0 0
1582899690 1.321780535 0.0 0
1582900254 1.283285617 0.0 0
1582900814 1.457902638 0.0 0
1582902558 1.191072843 0.0 0
1582902560 0.135223908 0.0 0
1582903118 1.242616055 0.0 0
1582903723 1.654084965 0.6666666666666666 1
1574711159 1.191454782 0.0 0
1574708950 1.379298738 0.0 0
