1569849967 2.976336112 0.3333333333333333 1
1569850171 2.637424379 0.0 0
1569849967 2.976336112 0.3333333333333333 1
1569850171 2.637424379 0.0 0
1569850701 2.860637841 0.0 0
1569850984 2.957529354 0.0 0
1569851190 2.780620521 0.0 0
1569851539 2.991589543 0.3333333333333333 1
1569851746 3.155708251 0.3333333333333333 1
1569851977 2.398786479 0.0 0
1569852443 3.03867588 0.6666666666666666 1
1569853362 3.009929664 0.0 0
1570543091 2.940103605 1.3333333333333333 3
1570543450 2.771894101 0.6666666666666666 1
1570544582 2.555626434 0.0 0
1570545251 2.811328715 0.3333333333333333 1
1571325083 2.747566463 0.0 0
1571325280 2.692955855 0.0 0
1571325479 2.559275921 0.0 0
1571325882 2.946436255 0.6666666666666666 1
1571326083 2.793336884 0.0 0
1571395875 2.676988501 0.6666666666666666 1
1571396268 2.543947433 1.3333333333333333 2
1571396467 2.857457431 0.0 0
1571396666 2.767315237 0.0 0
1571396865 2.728387233 1.0 1
1571397093 2.70427824 0.0 0
1571405337 2.774403729 0.6666666666666666 1
1571405769 2.769580987 0.3333333333333333 1
1571409391 2.890475168 0.3333333333333333 1
1571409590 2.764739151 0.3333333333333333 1
1571409806 2.740396809 0.0 0
1571664374 3.425816923 1.3333333333333333 2
1571664917 2.401190444 0.0 0
1571668138 2.787279647 0.0 0
1571668735 2.900549239 0.3333333333333333 1
1571668935 3.160341593 1.0 2
1571752009 2.572451014 0.5 1
1571752803 2.558612469 1.5 2
1571752999 2.895742526 0.0 0
1571753196 2.701498734 0.3333333333333333 1
1571753393 2.769514826 0.0 0
1571760741 2.545674276 0.3333333333333333 1
1571760943 2.547360525 0.0 0
1571761152 2.418068015 0.0 0
1571761741 2.899466629 0.6666666666666666 2
1571761949 2.905425177 0.3333333333333333 1
1571922241 2.627146727 0.0 0
1572003252 2.388829624 1.0 1
1572003446 2.563860312 0.0 0
1572004038 2.350577219 0.3333333333333333 1
1572004830 2.228984955 1.0 1
1572012602 2.525064001 0.3333333333333333 1
1572012797 2.478699756 0.3333333333333333 1
1572012991 2.507655302 0.5 1
1572265247 2.474836098 0.3333333333333333 1
1572265445 3.033877759 0.0 0
1572265644 2.804753958 0.0 0
1572266846 4.69757255 0.2 1
1572274117 2.371334977 0.0 0
1572274290 2.34720021 0.0 0
1572274459 2.07959788 0.0 0
1572274626 2.682507913 1.0 1
1572274799 2.120999749 0.0 0
1572361264 2.565879311 0.0 0
1572367077 1.992432671 0.5 1
1572367247 2.443582381 0.0 0
1572368112 2.180179296 0.3333333333333333 1
1572368279 2.177772195 0.0 0
1572532582 2.482912363 0.0 0
1572544664 2.148570258 0.6666666666666666 1
1572544836 2.327416285 0.0 0
1572870008 2.2482417 0.0 0
1572879910 1.878582159 1.0 1
1572966066 2.225219579 0.0 0
1572966232 2.085904292 1.0 1
1572966403 2.020984557 0.0 0
1573207205 2.359849904 1.0 2
1573207540 2.356464186 1.0 1
1573208210 2.213338958 0.5 1
1573220783 2.02375104 0.5 1
1573220951 2.050138582 0.5 1
1573221452 1.918496316 1.5 2
1573221618 2.309375884 0.6666666666666666 1
1573221787 2.471095111 0.6666666666666666 1
1573222479 1.868331339 0.5 1
1573301832 2.352853869 0.0 0
1573302010 1.99464384 0.0 0
1573302179 2.11623811 0.0 0
1573302690 2.17386922 0.5 1
1573304493 2.478243271 0.0 0
1573753048 2.177163674 0.0 0
1573753520 2.118428684 0.5 1
1573753673 2.221421089 0.5 1
1573754814 2.396905641 1.3333333333333333 2
1573755462 2.392918534 0.0 0
1573755934 2.042868501 0.0 0
1573756091 2.507998209 0.5 1
1573831715 2.46408808 0.0 0
1573832200 2.283986522 0.5 1
1573832832 2.310744023 0.0 0
1573833028 1.999973161 0.0 0
1573833349 2.205111392 1.0 2
1573833505 2.05324916 0.0 0
1573901822 2.037472431 0.5 1
1573901977 2.217032829 1.0 1
1573902448 2.30278815 0.5 1
1574685765 2.47312682 0.0 0
1574686285 2.659821885 0.3333333333333333 1
1574687126 5.143285293 0.2 1
1574687301 2.38730022 0.6666666666666666 1
1574689631 2.038755991 0.0 0
1574689847 2.17266942 0.0 0
1574690181 5.702025449 0.16666666666666666 1
1574690515 2.184604925 0.5 1
1574690686 2.094736244 0.0 0
1574707074 2.174653335 0.0 0
1574954177 2.099705421 1.5 2
1574954340 2.206790987 0.0 0
1574954518 2.180481279 0.5 1
1574954865 2.106156469 0.5 1
1574955439 2.271957263 0.5 1
1575026508 2.099171378 0.0 0
1575026990 2.049223491 1.0 1
1575027316 2.403347037 1.5 2
1575113147 2.037542428 0.5 1
1575113307 2.468938354 0.0 0
1575113625 2.374118202 0.0 0
1575113941 2.263108371 0.5 1
1575289753 2.287186565 0.0 0
1575290086 2.398533107 0.0 0
1575290441 2.088900413 1.5 2
1575290943 1.787929472 0.5 1
1575384155 2.300147383 1.0 1
1575384476 2.137048646 0.5 1
1575384634 2.520145653 0.0 0
1575384955 2.138870375 0.5 1
1575385276 2.186961277 0.5 1
1575556535 2.390432402 0.0 0
1575556697 2.179234609 1.0 1
1575556863 2.261144883 0.0 0
1575557224 2.396951574 1.0 1
1579184034 1.916864069 0.0 0
1579184749 2.258101029 0.0 0
1579185073 2.379882438 0.0 0
1579185425 1.718427008 0.0 0
1579185607 2.750461519 0.5 1
1579351764 1.92508479 0.5 1
1579352092 2.179838304 0.0 0
1579352416 2.14074006 0.0 0
1579352737 2.172096364 0.3333333333333333 1
1579353062 2.09801177 0.5 1
1579523246 2.436410958 0.3333333333333333 1
1579523583 2.968882555 0.0 0
1579524303 2.217088338 1.5 2
1579537444 2.367531457 0.5 1
1580216146 2.390571849 0.0 0
1580216625 3.500558696 0.0 0
1580216808 2.441224007 0.6666666666666666 1
1580304876 2.443070615 0.0 0
1580305198 2.484860693 1.0 1
1580305542 2.300731611 0.5 1
1580305706 3.082403071 1.6666666666666667 2
1580305863 2.556661844 0.0 0
1580306179 2.296159524 0.0 0
1581935704 1.94212383 0.5 1
1581936043 2.418722422 0.0 0
1581936214 2.042621219 0.5 1
1581936377 2.091563348 0.5 1
1581936711 2.169436831 0.5 1
1582027218 2.212287026 0.5 1
1582027387 2.014631102 1.0 1
1582027964 2.11645847 0.0 0
1582028132 2.144996162 1.0 1
1582113107 2.281818448 2.3333333333333335 3
1582113437 2.340518741 0.3333333333333333 1
1582113607 2.040902451 0.5 1
1582115093 2.816065695 1.0 2
1582115914 2.186237973 1.5 2
1582116312 2.303608845 0.5 1
1582116484 2.188167625 2.0 3
1582116653 2.600010853 1.0 1
1582118971 2.085031372 1.5 2
1582119304 2.105819169 0.0 0
1582119469 2.250824288 0.6666666666666666 1
1582120886 2.172483837 1.5 2
1582121053 2.015491878 0.5 1
1582121460 2.311168016 0.0 0
1582125845 2.3057671 0.6666666666666666 1
1582128326 4.371440586 2.0 2
1582186137 2.123153612 0.0 0
1582186296 2.119153693 0.5 1
1582187833 2.035151237 0.5 1
1582187992 2.018812897 1.0 2
1582193762 2.686975371 0.0 0
1582193925 2.126187641 0.0 0
1582194246 2.096028952 0.0 0
1582194572 2.463071605 0.0 0
1582194732 2.183160906 0.5 1
1582197159 2.359590687 0.0 0
1582197317 2.293049989 0.0 0
1582197483 2.129229279 0.0 0
1582197654 2.087147817 0.5 1
1582197811 2.093604839 0.5 1
1582884512 2.512852453 0.0 0
1582885023 2.311096031 0.5 1
1582885187 2.405372605 0.0 0
1582885349 2.128155294 0.0 0
1582885671 2.305906328 0.5 1
1582885992 2.433849722 0.0 0
1574707074 2.174653335 0.0 0
