1569851976 2.689413606 -1 -1
1569852206 2.856720014 -1 -1
1569852660 2.737619513 -1 -1
1569853051 2.849987233 -1 -1
1570543652 3.544974481 -1 -1
1570544582 2.642827107 -1 -1
1570544794 3.580387261 -1 -1
1570545041 2.70142368 -1 -1
1571322960 2.692659958 -1 -1
1571325683 2.909743381 -1 -1
1571326774 2.571890223 -1 -1
1571326986 2.784545198 -1 -1
1571327193 2.696668114 -1 -1
1571396070 3.179131082 -1 -1
1571396269 2.324415446 -1 -1
1571396864 2.935801686 -1 -1
1571397298 2.664147621 -1 -1
1571397496 2.566560304 -1 -1
1571397693 2.603583552 -1 -1
1571404940 2.862262075 -1 -1
1571405140 2.615986158 -1 -1
1571405538 2.701178822 -1 -1
1571408958 2.526201637 -1 -1
1571409189 2.817855793 -1 -1
1571665120 2.951832177 -1 -1
1571665331 2.860341067 -1 -1
1571665525 2.686135811 -1 -1
1571665720 2.573586967 -1 -1
1571668337 2.819260652 -1 -1
1571668541 2.776629829 -1 -1
1571752009 2.532566513 -1 -1
1571752204 2.696256767 -1 -1
1571752403 3.508363712 -1 -1
1571752608 3.004259354 -1 -1
1571752803 2.453411944 -1 -1
1571753591 2.683785264 -1 -1
1571753788 2.64784991 -1 -1
1571760146 2.778618275 -1 -1
1571760341 2.948598321 -1 -1
1571760545 2.951855876 -1 -1
1571760944 2.427257794 -1 -1
1571761351 2.638975528 -1 -1
1571761545 2.773579118 -1 -1
1572003252 2.588968536 -1 -1
1572003644 2.952196484 -1 -1
1572003842 2.776986017 -1 -1
1572004038 2.644620487 -1 -1
1572004234 2.670379598 -1 -1
1572004428 2.77471344 -1 -1
1572004627 2.950931602 -1 -1
1572004829 2.954163049 -1 -1
1572005028 2.908355332 -1 -1
1572011229 3.032339218 -1 -1
1572011425 2.761562113 -1 -1
1572011622 2.852518294 -1 -1
1572011819 2.865403395 -1 -1
1572012015 2.796823294 -1 -1
1572012214 2.633612635 -1 -1
1572012407 2.954232505 -1 -1
1572012602 2.604184334 -1 -1
1572012797 2.389322703 -1 -1
1572012991 2.541124924 -1 -1
1572265050 2.609256241 -1 -1
1572265247 2.771787795 -1 -1
1572265849 3.072606399 -1 -1
1572266051 2.789422837 -1 -1
1572266244 2.585288194 -1 -1
1572266448 2.812397073 -1 -1
1572266647 2.716631246 -1 -1
1572274799 2.090758526 -1 -1
1572274969 2.406178955 -1 -1
1572275137 2.342174423 -1 -1
1572275316 2.301031296 -1 -1
1572275485 3.732872495 -1 -1
1572275660 2.225606879 -1 -1
1572361264 2.60996493 -1 -1
1572361460 2.81895746 -1 -1
1572361656 2.896078735 -1 -1
1572361851 3.21136992 -1 -1
1572362050 2.858212111 -1 -1
1572362244 2.823302778 -1 -1
1572362440 2.746712269 -1 -1
1572362636 2.646075892 -1 -1
1572362834 2.817309792 -1 -1
1572363031 2.597361528 -1 -1
1572366909 2.400375663 -1 -1
1572367077 2.231347655 -1 -1
1572367415 2.264492853 -1 -1
1572367597 2.385058821 -1 -1
1572367775 2.496700215 -1 -1
1572367944 2.167559214 -1 -1
1572368444 2.6270519 -1 -1
1572532381 2.597988252 -1 -1
1572532582 2.259944031 -1 -1
1572532787 2.801642894 -1 -1
1572544497 1.960726475 -1 -1
1572545008 2.609892218 -1 -1
1572545182 2.309280567 -1 -1
1572870178 3.656027185 -1 -1
1572870396 14.629490484 -1 -1
1572870582 2.42660859 -1 -1
1572870799 2.150281571 -1 -1
1572879910 1.909223348 -1 -1
1572965390 2.254273216 -1 -1
1572965557 2.404736614 -1 -1
1572965724 2.267987562 -1 -1
1572965894 2.30925409 -1 -1
1572966232 1.966345484 -1 -1
1572966403 2.234190412 -1 -1
1572966587 2.316958355 -1 -1
1572966766 2.390574197 -1 -1
1572966930 2.404898056 -1 -1
1573207036 2.442205083 -1 -1
1573207375 2.172776307 -1 -1
1573207710 2.235437776 -1 -1
1573207878 2.488597229 -1 -1
1573208045 2.093295725 -1 -1
1573208378 2.334453624 -1 -1
1573208544 2.232748766 -1 -1
1573220279 2.27241667 -1 -1
1573220446 2.191048144 -1 -1
1573220614 2.423463347 -1 -1
1573220783 2.087496383 -1 -1
1573220951 1.824349776 -1 -1
1573221118 2.38174598 -1 -1
1573221282 2.084459183 -1 -1
1573221452 2.009832296 -1 -1
1573221976 2.436949406 -1 -1
1573222147 2.308829934 -1 -1
1573222314 2.155378875 -1 -1
1573222479 2.046890038 -1 -1
1573222649 2.439618682 -1 -1
1573301127 2.619850503 -1 -1
1573301296 2.383957616 -1 -1
1573301478 2.383539704 -1 -1
1573301646 2.264536807 -1 -1
1573302010 1.947852933 -1 -1
1573302179 2.027960197 -1 -1
1573302354 2.350028011 -1 -1
1573302523 2.237790084 -1 -1
1573303843 2.443278689 -1 -1
1573304002 2.689368525 -1 -1
1573304168 2.053243798 -1 -1
1573304334 2.186316201 -1 -1
1573304660 2.604230591 -1 -1
1573304819 2.250020313 -1 -1
1573304979 1.887143769 -1 -1
1573305141 2.630855717 -1 -1
1573305301 2.022148355 -1 -1
1573752473 2.442225465 -1 -1
1573752731 2.115205239 -1 -1
1573752890 2.131092216 -1 -1
1573753206 2.002350411 -1 -1
1573753361 2.490297721 -1 -1
1573753835 2.279832068 -1 -1
1573754654 2.462606777 -1 -1
1573754976 2.281063781 -1 -1
1573755143 2.175487409 -1 -1
1573755305 2.347156106 -1 -1
1573755617 2.364974457 -1 -1
1573755776 2.432890489 -1 -1
1573831399 2.128993845 -1 -1
1573831556 2.348052188 -1 -1
1573831887 2.355811958 -1 -1
1573832039 2.307417453 -1 -1
1573832355 2.377557576 -1 -1
1573832522 2.292744401 -1 -1
1573832677 2.179591901 -1 -1
1573833028 2.221551063 -1 -1
1573833185 2.184672663 -1 -1
1573833505 1.967663186 -1 -1
1573833663 2.419832278 -1 -1
1573901037 2.3811359 -1 -1
1573901195 2.096702312 -1 -1
1573901351 2.312007975 -1 -1
1573901507 2.470124165 -1 -1
1573901668 2.245710319 -1 -1
1573902135 2.59125411 -1 -1
1573902293 2.51243545 -1 -1
1574685955 2.163332684 -1 -1
1574686128 1.933425574 -1 -1
1574686446 2.431496681 -1 -1
1574686613 2.002137453 -1 -1
1574686769 9.90453011 -1 -1
1574686962 2.44120334 -1 -1
1574690016 2.267478574 -1 -1
1574690355 2.599126099 -1 -1
1574690845 2.639467386 -1 -1
1574691030 2.359607156 -1 -1
1574691210 2.281407395 -1 -1
1574706832 2.220858455 -1 -1
1574954682 2.239428052 -1 -1
1574955022 2.167281507 -1 -1
1574955281 2.46860113 -1 -1
1574955599 2.475594924 -1 -1
1574955760 2.205279813 -1 -1
1575026668 2.484907995 -1 -1
1575026831 2.090836252 -1 -1
1575027154 2.603440745 -1 -1
1575027482 2.227819541 -1 -1
1575027639 2.440086956 -1 -1
1575027803 2.534748809 -1 -1
1575027967 2.36053357 -1 -1
1575112823 2.317996279 -1 -1
1575112985 2.257462856 -1 -1
1575113466 2.377784764 -1 -1
1575113782 2.234841359 -1 -1
1575114101 2.523649162 -1 -1
1575114265 2.057104736 -1 -1
1575289920 2.26634873 -1 -1
1575290268 2.387029108 -1 -1
1575290617 2.135257646 -1 -1
1575290785 2.432089623 -1 -1
1575290943 1.832878487 -1 -1
1575291105 2.530793769 -1 -1
1575291266 2.755731314 -1 -1
1575384315 2.182045552 -1 -1
1575384798 2.479791686 -1 -1
1575385116 2.479235951 -1 -1
1575385435 2.349365947 -1 -1
1575385599 2.41553001 -1 -1
1575557047 2.216628781 -1 -1
1575557408 2.135171097 -1 -1
1575557582 2.419672881 -1 -1
1575557756 2.448433142 -1 -1
1575558214 2.389672029 -1 -1
1575558402 2.076769451 -1 -1
1579184911 2.465563699 -1 -1
1579185247 2.468140349 -1 -1
1579185425 1.974332959 -1 -1
1579185782 2.185997444 -1 -1
1579185974 2.439204281 -1 -1
1579186147 2.169965027 -1 -1
1579351931 2.14033029 -1 -1
1579352252 2.305058048 -1 -1
1579352579 2.44150753 -1 -1
1579352898 2.55093613 -1 -1
1579353224 2.422229732 -1 -1
1579522852 2.415196213 -1 -1
1579523056 2.295766686 -1 -1
1579523411 2.911536144 -1 -1
1579523766 2.383770684 -1 -1
1579523948 2.94792802 -1 -1
1579524136 2.518099865 -1 -1
1579524471 2.486094317 -1 -1
1580215305 2.374239934 -1 -1
1580215498 3.063392652 -1 -1
1580215664 2.607569427 -1 -1
1580215822 2.739696856 -1 -1
1580215983 2.350704617 -1 -1
1580216306 2.254927586 -1 -1
1580216468 2.435012285 -1 -1
1580304719 2.118591909 -1 -1
1580305037 2.228971858 -1 -1
1580305382 2.112574537 -1 -1
1580306019 2.224992218 -1 -1
1581935219 2.339183942 -1 -1
1581935377 1.914038791 -1 -1
1581935538 2.29494458 -1 -1
1581935871 1.925004333 -1 -1
1581936377 2.127309309 -1 -1
1581936536 2.308535435 -1 -1
1582026892 2.436881175 -1 -1
1582027055 2.465023321 -1 -1
1582027387 2.19390739 -1 -1
1582027799 2.374626657 -1 -1
1582028298 2.574354042 -1 -1
1582028466 2.579744927 -1 -1
1582028636 2.65842158 -1 -1
1582113275 2.169063796 -1 -1
1582113607 2.213655581 -1 -1
1582113769 2.201230039 -1 -1
1582113946 2.48389509 -1 -1
1582114108 2.714508603 -1 -1
1582114271 2.652184007 -1 -1
1582114438 2.340109249 -1 -1
1582114603 2.444090345 -1 -1
1582114766 2.448075791 -1 -1
1582114931 2.789167028 -1 -1
1582115260 2.742162528 -1 -1
1582115423 2.669262108 -1 -1
1582115587 2.305672451 -1 -1
1582115750 2.704720337 -1 -1
1582116095 1.914092718 -1 -1
1582119135 2.24212776 -1 -1
1582119304 2.238920289 -1 -1
1582119656 2.116313771 -1 -1
1582119818 2.29663672 -1 -1
1582119989 2.319491327 -1 -1
1582120161 2.468685182 -1 -1
1582121297 2.080594707 -1 -1
1582125202 2.704917228 -1 -1
1582125362 2.317670215 -1 -1
1582126012 2.479150355 -1 -1
1582126180 2.361503307 -1 -1
1582126342 2.006398454 -1 -1
1582126509 2.250897227 -1 -1
1582126670 2.545539854 -1 -1
1582126837 2.335636309 -1 -1
1582126998 2.71774814 -1 -1
1582127159 2.732931216 -1 -1
1582127329 2.61981674 -1 -1
1582127495 2.457436392 -1 -1
1582127659 2.769519815 -1 -1
1582127824 2.799001268 -1 -1
1582127983 2.716558993 -1 -1
1582128150 2.679628742 -1 -1
1582128490 2.601081149 -1 -1
1582128653 2.717235244 -1 -1
1582128819 2.613280708 -1 -1
1582128982 2.636953277 -1 -1
1582129154 2.770808935 -1 -1
1582129313 2.731401524 -1 -1
1582129474 2.575114516 -1 -1
1582129638 2.52413458 -1 -1
1582185061 2.477037563 -1 -1
1582185242 2.503966363 -1 -1
1582185976 2.579078489 -1 -1
1582186870 2.150161393 -1 -1
1582188150 2.302467375 -1 -1
1582188311 2.211455755 -1 -1
1582194090 2.302871572 -1 -1
1582194246 2.200043749 -1 -1
1582194407 2.41580763 -1 -1
1582194902 2.098397323 -1 -1
1582195062 2.171485022 -1 -1
1582195223 2.275767538 -1 -1
1582195717 2.225133673 -1 -1
1582195877 2.471026735 -1 -1
1582196035 2.09600972 -1 -1
1582196196 2.32389061 -1 -1
1582196355 2.355441696 -1 -1
1582196514 2.437026055 -1 -1
1582196672 2.437074462 -1 -1
1582196832 2.211379367 -1 -1
1582196994 2.317315158 -1 -1
1582197970 2.394966857 -1 -1
1582198126 2.236036444 -1 -1
1582198288 2.323672625 -1 -1
1582198445 2.464477253 -1 -1
1582198726 2.218386911 -1 -1
1582199075 2.24542343 -1 -1
1582631382 2.361791957 -1 -1
1582631543 2.21132862 -1 -1
1582631699 2.251775715 -1 -1
1582631856 2.318937737 -1 -1
1582632012 2.538490372 -1 -1
1582632170 2.340643416 -1 -1
1582632331 2.431484938 -1 -1
1582632493 2.305546118 -1 -1
1582632652 2.431776084 -1 -1
1582632813 2.590966209 -1 -1
1582884690 2.259655719 -1 -1
1582884859 2.460127826 -1 -1
1582885349 2.093573865 -1 -1
1582885508 2.780289536 -1 -1
1582885835 2.504117867 -1 -1
