1569856524 3.418784249 0.5 1
1570448055 125.553876326 0.0 0
1571330596 9.526512253 0.4 1
1571755967 11.675395466 0.3333333333333333 1
1571766957 10.516627968 1.7272727272727273 2
1572537784 10.943285762 0.0 0
1572538442 10.316319662 0.0 0
1572539099 9.312118954 0.1 1
1572539752 8.956004097 0.0 0
1572540400 9.229294969 0.0 0
1572541311 8.906634929 0.0 0
1572541958 11.097618729 0.0 0
1572542607 9.313885177 0.0 0
1572543253 9.087959947 0.0 0
1572543926 9.082304915 0.0 0
1572871675 9.468495619 0.0 0
1572872324 9.260740278 1.1 2
1572873005 9.267623618 1.1 2
1572873654 10.905618948 1.0909090909090908 2
1572874311 8.834779509 0.0 0
1572875377 9.072111271 0.0 0
1572876243 9.879211741 0.1 1
1572877457 9.014602372 0.0 0
1572878112 9.506101189 0.0 0
1572879355 9.093021385 0.1 1
1572967742 9.323890938 0.0 0
1572969699 9.408004104 0.8 1
1572970359 8.951538173 0.1 1
1572971010 9.390891643 0.9090909090909091 1
1572971673 9.082002046 1.1 2
1572972334 9.795875355 0.36363636363636365 1
1572973047 8.704565785 0.8888888888888888 2
1572973699 9.273976241 1.7 2
1572974351 8.511599528 0.2222222222222222 1
1572975006 9.127957485 0.6 3
1573209283 12.201841136 0.3076923076923077 3
1573209952 9.156418104 0.9090909090909091 1
1573210616 9.540710489 1.0 1
1573211285 8.983560184 0.8 1
1573211941 9.06462342 0.4 2
1573212589 9.458121115 0.9090909090909091 2
1573213243 9.45360943 0.3 1
1573213907 10.227844976 0.45454545454545453 1
1573214566 9.547624566 1.0 2
1573215225 12.51835493 1.6923076923076923 3
1573218925 26.165579714 0.8846153846153846 2
1573310728 8.900953362 0.0 0
1573311343 9.183014171 0.0 0
1573311961 8.895934676 0.0 0
1573312660 8.903990854 0.0 0
1573313279 8.852681657 0.0 0
1573313902 9.292089438 0.0 0
1573314530 9.35385793 0.1 1
1573315148 2.647694557 1.0 2
1573741860 10.052452666 0.5 1
1573741978 10.658600786 0.2727272727272727 1
1573743610 11.903553427 0.09090909090909091 1
1573743712 10.177157095 0.3 1
1573743810 10.045194671 0.1 1
1573743909 10.257603457 0.0 0
1573744008 11.058892134 0.0 0
1573744104 9.821972105 0.4 1
1573744201 10.840322136 0.0 0
1573744300 10.094748052 0.09090909090909091 1
1573744396 5.911718444 0.5 1
1573744487 10.585292898 0.6363636363636364 1
1573744693 9.869760895 0.6 2
1573744806 9.859657915 0.0 0
1573744904 10.436701091 0.09090909090909091 1
1573745040 11.551193917 0.0 0
1573745224 11.966667012 0.75 2
1573745322 10.090379079 0.0 0
1573745424 9.896871693 0.0 0
1573745521 9.772413603 0.1 1
1573745621 10.500663665 0.0 0
1573745721 10.312162807 0.2 1
1573745822 11.883610313 0.16666666666666666 1
1573745921 10.106595471 0.6 2
1573746017 11.181215012 0.18181818181818182 1
1573746215 12.023428017 0.0 0
1573746317 10.340296564 0.0 0
1573746418 10.387040194 0.0 0
1573746515 9.84835309 0.1 1
1573746611 10.279886563 0.3 1
1573748931 10.04564444 0.0 0
1573749027 10.290321073 0.0 0
1573749128 11.530491434 0.0 0
1573749240 10.18529693 0.0 0
1573749334 14.338337534 0.0 0
1573749467 15.878474224 0.0625 1
1573749572 9.652466413 0.2 1
1573749672 9.949177682 0.4 1
1573749771 10.455348167 0.0 0
1573749867 10.499315939 0.0 0
1573904511 55.305372265 1.3035714285714286 2
1574706685 9.998349368 0.0 0
1574709893 10.203321549 0.0 0
1574711150 8.964032446 0.0 0
1575397142 12.683582493 0.07142857142857142 1
1580229178 3.084304807 1.0 1
1574711150 8.964032446 0.0 0
