1571766951 5.440503619 1.3333333333333333 2
1572537779 4.945419534 0.0 0
1572538437 4.818277553 0.25 1
1572539094 4.987024777 0.0 0
1572539747 4.555158208 0.0 0
1572540395 4.937545284 0.0 0
1572541306 4.761078151 0.0 0
1572541953 4.78580084 0.6 1
1572542603 4.262853234 0.0 0
1572543248 4.859507041 0.0 0
1572543922 4.748552156 0.25 1
1572871670 4.987626492 0.0 0
1572872319 4.811124476 0.4 2
1572873000 4.823108661 0.6 1
1572873648 5.141256454 0.0 0
1572874306 4.794922692 0.0 0
1572875373 4.865537237 0.0 0
1572876231 11.744046454 0.08333333333333333 1
1572877452 4.710541725 0.0 0
1572878107 4.780813954 0.4 1
1572879350 4.684334644 0.0 0
1572967738 4.916595147 0.0 0
1572969694 4.774996383 1.0 2
1572970355 4.357952368 0.25 1
1572971005 4.761595552 0.0 0
1572971668 4.849419504 0.2 1
1572972329 4.955384324 0.6 2
1572973042 4.831188259 0.0 0
1572973694 5.401494923 0.4 1
1572974343 8.188995484 0.25 1
1572975001 4.947387987 0.8 2
1573209278 5.089142534 0.0 0
1573209948 4.495601786 0.0 0
1573210611 4.482180297 0.0 0
1573211280 4.898594841 0.0 0
1573211936 4.898114758 0.0 0
1573212585 4.384140715 0.0 0
1573213238 4.906078387 0.4 1
1573213902 4.940653096 0.0 0
1573214562 4.763566547 0.0 0
1573215219 5.499300227 1.1666666666666667 2
1573310723 5.084812535 1.0 2
1573312656 4.703578344 1.0 2
1573313274 5.073803804 1.2 2
1574709889 4.421387676 0.5 1
1574711145 4.675894177 0.0 0
1580229174 4.736441976 0.5 1
1574711145 4.675894177 0.0 0
