1569850195 3.848713465 -1 -1
1569850195 3.848713465 -1 -1
1569850726 3.922554594 -1 -1
1569851771 3.803677984 -1 -1
1569852000 4.020120595 -1 -1
1569852230 3.496096326 -1 -1
1569852467 3.676593556 -1 -1
1569853076 3.666821431 -1 -1
1570543681 4.97827873 -1 -1
1570544860 3.122909467 -1 -1
1571322988 3.759898299 -1 -1
1571325507 3.075161389 -1 -1
1571396916 3.410017392 -1 -1
1571397519 3.660706354 -1 -1
1571397716 3.319915888 -1 -1
1571405163 3.542945676 -1 -1
1571405589 3.4398486 -1 -1
1571664396 3.755201374 -1 -1
1571665546 3.593150317 -1 -1
1571665741 3.586462186 -1 -1
1571752824 3.586764628 -1 -1
1571760167 3.596961753 -1 -1
1572005049 3.390998997 -1 -1
1572011643 3.540304328 -1 -1
1572012037 3.565765119 -1 -1
1572266669 3.557673345 -1 -1
1572362265 3.508431665 -1 -1
1572362856 3.374615939 -1 -1
1579185264 2.848819317 -1 -1
1579185804 2.431059853 -1 -1
1580215516 3.612926668 -1 -1
1582631559 3.268537356 -1 -1
