1569850010 6.71482445 0.0 0
1569850214 6.854116085 0.0 0
1569850010 6.71482445 0.0 0
1569850214 6.854116085 0.0 0
1569850744 6.760275492 0.0 0
1569851027 6.948652467 0.14285714285714285 1
1569851233 6.611919276 0.0 0
1569851583 6.607832728 0.3333333333333333 1
1569851795 6.32754212 0.0 0
1569852019 6.571855719 0.0 0
1569852249 6.653884465 0.16666666666666666 1
1569852486 6.446785419 0.0 0
1569853095 6.703423692 0.0 0
1569853408 7.675635895 0.0 0
1570543134 6.250354585 0.3333333333333333 1
1570543496 6.323355307 0.14285714285714285 1
1570543706 6.292755513 0.5 1
1570544623 6.364927103 0.16666666666666666 1
1570544882 6.319583144 0.0 0
1570545083 6.286618476 0.16666666666666666 1
1570545300 6.316233083 0.16666666666666666 1
1571323007 6.399596566 0.5714285714285714 2
1571325125 6.370367132 0.0 0
1571325321 6.31010308 0.16666666666666666 1
1571325525 7.305771776 0.125 1
1571325727 6.32240392 0.0 0
1571325923 6.299933606 0.16666666666666666 1
1571326124 12.300972149 0.0 0
1571326815 6.509024092 0.5 1
1571327031 6.288024492 0.3333333333333333 1
1571327240 6.281935504 0.0 0
1571395916 6.241864955 0.2857142857142857 1
1571396114 6.349666515 0.16666666666666666 1
1571396310 6.196398343 0.3333333333333333 1
1571396509 6.102560581 0.0 0
1571396708 6.24298584 0.0 0
1571396934 6.359115595 0.2857142857142857 1
1571397139 6.283412586 0.3333333333333333 1
1571397341 6.392594547 0.0 0
1571397537 6.347804153 0.0 0
1571397734 6.401155886 0.16666666666666666 1
1571404983 6.393905842 0.0 0
1571405181 6.384251122 0.0 0
1571405379 6.313078265 0.0 0
1571405607 6.209421688 0.0 0
1571405811 6.31365143 0.0 0
1571409029 6.343990317 0.16666666666666666 1
1571409231 6.264959798 0.0 0
1571409432 6.263616935 0.0 0
1571409649 6.330081305 0.0 0
1571409847 6.216084097 0.14285714285714285 1
1571664417 4.167606447 0.0 0
1571664962 6.676536924 0.0 0
1571665160 5.635512564 0.0 0
1571665371 6.194985698 0.0 0
1571665565 6.362221447 0.16666666666666666 1
1571665761 6.367931393 0.0 0
1571668178 6.350177679 0.0 0
1571668376 6.397960902 0.0 0
1571668581 5.750016012 0.0 0
1571668775 6.491403549 0.0 0
1571668976 6.169572583 0.16666666666666666 1
1571752049 6.410416182 0.14285714285714285 1
1571752244 6.533040945 0.0 0
1571752444 6.415217889 0.0 0
1571752648 6.405500614 0.0 0
1571752843 6.573755444 0.0 0
1571753039 6.288581511 0.0 0
1571753236 6.275595575 0.0 0
1571753433 6.24443102 0.16666666666666666 1
1571753631 6.370572405 0.0 0
1571753828 6.833007836 0.0 0
1571760186 6.413590422 0.0 0
1571760380 6.416821529 0.42857142857142855 1
1571760585 6.338357883 0.0 0
1571760781 6.253710214 0.0 0
1571760983 6.323253245 0.0 0
1571761191 6.350184112 0.16666666666666666 1
1571761390 6.324013058 0.0 0
1571761585 6.420767348 0.14285714285714285 1
1571761781 6.599269944 0.0 0
1571761989 6.275937182 0.6666666666666666 2
1572003291 6.35973451 0.0 0
1572003488 6.287538253 0.0 0
1572003684 6.308795263 0.0 0
1572003881 6.279312762 0.42857142857142855 1
1572004077 6.376844692 0.0 0
1572004274 6.283368064 0.0 0
1572004468 6.35281989 0.16666666666666666 1
1572004667 6.489289964 0.0 0
1572004869 6.250203804 0.3333333333333333 1
1572005068 6.416434556 0.16666666666666666 1
1572011269 6.325924156 0.42857142857142855 1
1572011466 6.47255802 0.0 0
1572011661 6.318518373 0.5714285714285714 3
1572011859 6.254583819 0.2857142857142857 1
1572012055 6.385152622 0.16666666666666666 1
1572012253 6.31053289 0.0 0
1572012448 6.175542783 0.3333333333333333 1
1572012642 6.339669872 0.0 0
1572012837 6.408941436 0.0 0
1572013031 6.290969275 0.0 0
1572265090 6.277362945 0.0 0
1572265287 6.321170989 0.16666666666666666 1
1572265486 6.183145856 0.16666666666666666 1
1572265684 6.233228231 0.0 0
1572265889 6.437314858 0.0 0
1572266091 6.337190856 0.0 0
1572266288 6.626376402 0.0 0
1572266488 6.33419465 0.0 0
1572266687 6.27836157 0.0 0
1572266890 6.489809866 0.0 0
1572274152 4.987345205 0.0 0
1572274325 5.127899153 0.0 0
1572274493 5.339480978 0.0 0
1572274666 5.067767772 0.0 0
1572274833 5.062727037 0.0 0
1572275003 5.150145047 0.2 1
1572275175 5.280524655 0.0 0
1572275351 4.956289643 0.0 0
1572275521 5.047339307 0.0 0
1572275694 4.969707906 0.0 0
1572361303 6.319812985 0.2857142857142857 1
1572361501 6.251403698 0.3333333333333333 1
1572361696 6.3912723 0.16666666666666666 1
1572361891 6.418014814 0.16666666666666666 1
1572362090 6.289754871 0.3333333333333333 2
1572362283 6.381547338 0.0 0
1572362480 6.372890576 0.16666666666666666 1
1572362679 6.429932077 0.0 0
1572362874 6.283416432 0.0 0
1572363070 6.238091135 0.16666666666666666 1
1572366943 5.151049839 0.4 1
1572367111 5.192027438 0.0 0
1572367284 3.650098443 0.2 1
1572367449 4.951643154 0.0 0
1572367632 5.012395467 0.0 0
1572367809 5.064694479 0.2 1
1572367978 5.260109509 0.0 0
1572368147 5.019904618 0.0 0
1572368314 5.20758717 0.0 0
1572368478 5.127192101 0.0 0
1572532421 6.277712311 0.0 0
1572532622 6.289163788 0.16666666666666666 1
1572532827 6.305748922 0.0 0
1572544531 5.059312135 0.0 0
1572544699 5.123735958 0.0 0
1572544870 5.112326883 0.0 0
1572545043 5.096163792 0.2 1
1572545216 5.09520366 0.0 0
1572870045 5.095709167 0.0 0
1572870262 4.95977641 0.0 0
1572870446 3.906517102 0.0 0
1572870666 5.046607518 0.0 0
1572870835 5.048737761 0.5 2
1572965424 5.102252281 0.2 1
1572965592 5.11859357 0.0 0
1572965759 4.994591649 0.4 1
1572965928 5.117104539 0.0 0
1572966100 5.122186646 0.0 0
1572966266 5.175558673 0.2 1
1572966438 5.274935747 0.4 1
1572966621 5.239871623 0.0 0
1572966801 5.002509377 0.0 0
1572966964 5.131444507 0.0 0
1573207072 5.337380226 0.4 1
1573207240 5.089964038 0.0 0
1573207409 5.140094404 0.0 0
1573207574 5.073694646 0.2 1
1573207744 5.036126649 0.0 0
1573207912 5.093748088 0.4 2
1573208079 5.126164325 0.2 1
1573208244 5.154772611 0.0 0
1573208412 5.021786026 0.0 0
1573208578 5.058182133 0.0 0
1573220313 5.116074563 0.2 1
1573220481 5.233280131 0.2 1
1573220648 5.100783371 0.2 1
1573220817 5.021723413 0.0 0
1573220985 5.082115298 0.0 0
1573221152 4.979089585 0.0 0
1573221316 5.058958133 0.0 0
1573221486 5.071105017 0.0 0
1573221653 5.059096286 0.0 0
1573221822 5.11494843 0.2 1
1573222011 5.164675066 0.2 1
1573222181 5.137676945 0.4 2
1573222348 5.24767265 0.0 0
1573222514 5.02947106 0.0 0
1573222684 5.166611325 0.16666666666666666 1
1573301162 5.124608254 0.0 0
1573301330 5.136471414 0.0 0
1573301512 5.125893461 0.0 0
1573301680 5.458365368 0.0 0
1573301868 3.568895992 0.0 0
1573302046 5.065730285 0.0 0
1573302213 5.37233021 0.0 0
1573302388 5.019989483 0.0 0
1573302557 4.960918934 0.0 0
1573302740 5.242549649 0.0 0
1573303877 3.376059091 0.0 0
1573304040 4.694889402 0.2 1
1573304200 4.917586231 0.0 0
1573304367 4.581042353 0.25 1
1573304526 4.590132354 0.25 1
1573304692 4.664797479 0.0 0
1573304852 3.761848884 0.0 0
1573305011 4.860770352 0.0 0
1573305173 4.648038111 0.0 0
1573305333 4.676318593 0.0 0
1573752505 4.723893008 0.2 1
1573752764 4.538650194 0.25 1
1573752923 4.52282436 0.0 0
1573753081 4.676987521 0.2 1
1573753238 4.586300841 0.2 1
1573753394 4.695157627 0.0 0
1573753552 4.610260738 0.0 0
1573753706 3.415300473 0.2 1
1573753867 4.597050064 0.0 0
1573754687 4.606370781 0.0 0
1573754847 4.558360701 0.0 0
1573755008 4.647228023 0.0 0
1573755175 4.637546292 0.25 1
1573755338 4.539237651 0.0 0
1573755495 4.472845445 0.25 1
1573755649 4.658937746 0.0 0
1573755807 4.628562455 0.0 0
1573755966 4.620403871 0.0 0
1573756123 5.207057773 0.0 0
1573831431 4.440512533 0.25 1
1573831589 4.619631909 0.0 0
1573831747 4.57334216 0.0 0
1573831919 4.615602887 0.0 0
1573832071 4.620979436 0.0 0
1573832233 4.69498013 0.0 0
1573832390 4.952203513 0.0 0
1573832554 4.563515491 0.0 0
1573832709 4.935479571 0.0 0
1573832865 4.739083643 0.0 0
1573833060 4.611471809 0.0 0
1573833216 4.762752191 0.0 0
1573833381 4.558023952 0.0 0
1573833537 4.554104248 0.0 0
1573833695 4.734297593 0.2 1
1573901069 4.489528481 0.8 2
1573901227 4.483061814 0.0 0
1573901383 4.764509573 0.2 1
1573901539 4.626054215 0.0 0
1573901700 4.580301763 0.0 0
1573901854 4.60630621 0.0 0
1573902009 4.812126911 0.0 0
1573902167 4.617043151 0.0 0
1573902325 4.584331135 0.0 0
1573902480 4.620030919 0.0 0
1574685799 4.624335846 0.0 0
1574685989 7.192223993 0.0 0
1574686160 4.882111342 0.4 1
1574686322 4.640862468 0.0 0
1574686479 4.857384705 0.0 0
1574686646 4.832496888 0.0 0
1574686809 4.831861924 0.2 1
1574686995 7.014632975 0.0 0
1574687171 4.786417689 0.0 0
1574687334 4.840187968 0.0 0
1574689664 4.867236982 0.2 1
1574689880 4.663629606 0.0 0
1574690049 4.742222998 0.0 0
1574690218 5.049917861 0.0 0
1574690388 4.900415135 0.0 0
1574690547 5.32011614 0.0 0
1574690720 4.603402881 0.0 0
1574690878 4.683644028 0.0 0
1574691063 4.775322271 0.2 1
1574691242 4.738800262 0.0 0
1574706864 4.741779916 0.0 0
1574707106 4.751073504 0.0 0
1574954208 4.91101498 0.0 0
1574954373 4.885558528 0.2 1
1574954550 4.658221717 0.8 2
1574954714 4.728415228 0.0 0
1574954897 4.86198772 0.0 0
1574955055 4.605400507 0.0 0
1574955313 4.781168857 0.0 0
1574955473 4.791774814 0.0 0
1574955631 4.664033937 0.0 0
1574955794 3.532488354 0.0 0
1575026541 4.651824794 0.0 0
1575026701 4.920417079 0.0 0
1575026863 4.595784826 0.0 0
1575027023 4.504398654 0.4 1
1575027187 4.951868782 0.0 0
1575027349 4.641402443 0.4 1
1575027515 4.752655467 0.0 0
1575027671 4.821657913 0.2 1
1575027836 4.612211658 0.0 0
1575028000 4.615499063 0.0 0
1575112856 4.772554694 0.2 1
1575113017 7.989239646 0.125 1
1575113179 4.664335317 0.0 0
1575113341 4.754907927 0.0 0
1575113499 4.623390429 0.0 0
1575113658 4.597149897 0.0 0
1575113815 4.915507126 0.0 0
1575113973 4.715420552 0.0 0
1575114137 4.739850734 0.0 0
1575114297 4.762469127 0.0 0
1575289786 4.787823469 0.2 1
1575289953 4.514128775 0.0 0
1575290121 4.665941392 0.0 0
1575290301 4.801701752 0.0 0
1575290477 4.975350492 0.0 0
1575290653 4.913143694 0.0 0
1575290818 4.732010847 0.0 0
1575290975 4.903927068 0.0 0
1575291138 4.655528259 0.25 1
1575291299 4.715985752 0.0 0
1575384188 4.531366051 0.6 2
1575384347 4.752682413 0.4 1
1575384508 4.666488725 0.0 0
1575384667 4.742591763 0.0 0
1575384830 4.759401123 0.0 0
1575384989 4.510454324 0.0 0
1575385149 4.474026895 0.0 0
1575385308 4.638044827 0.2 1
1575385472 4.817825414 0.0 0
1575385632 4.640223035 0.0 0
1575556569 4.707722617 0.2 1
1575556730 4.533411333 0.0 0
1575556902 4.681665288 0.0 0
1575557087 4.603455751 0.0 0
1575557257 4.696123243 0.4 1
1575557441 4.566483249 0.0 0
1575557616 4.875245581 0.0 0
1575557789 4.8164808 0.0 0
1575558248 4.872229696 0.2 1
1575558435 3.685161 0.0 0
1579184067 4.724791341 0.0 0
1579184782 4.851769065 0.4 1
1579184943 4.916153502 0.2 1
1579185107 4.695170888 0.0 0
1579185280 4.687751083 0.0 0
1579185459 4.964698715 0.0 0
1579185641 4.590163777 0.0 0
1579185820 4.568555769 0.2 1
1579186007 6.490763641 0.0 0
1579186180 4.789930879 0.0 0
1579351797 4.487143309 0.2 1
1579351963 4.812921884 0.0 0
1579352124 4.702358053 0.0 0
1579352285 4.728270256 0.0 0
1579352448 4.964015262 0.0 0
1579352612 4.549600684 0.0 0
1579352770 4.67840223 0.0 0
1579352931 5.861904771 0.0 0
1579353094 4.610699789 0.0 0
1579353967 4.62723057 0.0 0
1579522885 4.682890242 0.0 0
1579523089 4.40087912 0.0 0
1579523280 4.725113499 0.2 1
1579523445 3.412702487 0.0 0
1579523618 4.749509702 0.0 0
1579523799 4.68675112 0.0 0
1579523981 4.72506538 0.0 0
1579524171 3.220191613 0.25 1
1579524337 4.52471528 0.0 0
1579524504 4.819930689 0.2 1
1579537490 4.765295094 0.4 2
1580215341 8.15960398 0.0 0
1580215533 4.779202505 0.0 0
1580215697 4.69179248 0.0 0
1580215855 5.25050119 0.0 0
1580216016 4.592072211 0.0 0
1580216179 4.455694245 0.0 0
1580216338 4.920708588 0.2 1
1580216502 4.627215641 0.0 0
1580216659 4.33400194 0.0 0
1580216843 4.688340177 0.0 0
1580304751 4.731029058 0.0 0
1580304908 4.879501746 0.0 0
1580305070 4.396767149 0.0 0
1580305231 4.537458845 0.0 0
1580305414 4.81978245 0.0 0
1580305577 4.134941886 0.0 0
1580305739 4.496766709 0.0 0
1580305896 4.490112618 0.0 0
1580306051 5.064523012 0.0 0
1580306212 4.316709075 0.0 0
1581935252 4.71365862 0.0 0
1581935410 4.604113493 0.0 0
1581935571 4.817066684 0.0 0
1581935737 4.818465559 0.0 0
1581935904 4.859571305 0.0 0
1581936075 4.745609597 0.0 0
1581936246 4.63129455 0.0 0
1581936410 4.503922439 0.0 0
1581936568 4.638288175 0.0 0
1581936744 4.63951121 0.0 0
1582026925 4.727478977 0.2 1
1582027087 4.716574489 0.2 1
1582027252 4.672536722 0.0 0
1582027420 4.503885211 0.0 0
1582027833 4.750545233 0.0 0
1582027997 4.555694831 0.2 1
1582028165 4.659941741 0.2 1
1582028332 4.509252341 0.0 0
1582028500 4.929106201 0.0 0
1582028670 4.62724207 0.0 0
1582113141 4.66335398 0.25 1
1582113308 4.992269013 0.0 0
1582113472 4.573171784 0.0 0
1582113640 4.549453774 0.0 0
1582113805 4.677730487 0.2 1
1582113979 5.083574802 0.0 0
1582114142 5.119848906 0.0 0
1582114305 4.662320676 0.0 0
1582114472 4.558750138 0.0 0
1582114635 4.529451746 0.2 1
1582114799 4.550932112 0.0 0
1582114965 4.715366744 0.0 0
1582115126 5.084538936 0.2 1
1582115294 4.555684404 0.0 0
1582115457 4.822120687 0.0 0
1582115621 4.620388211 0.0 0
1582115784 4.885041998 0.0 0
1582115947 4.360963404 0.2 1
1582116129 4.567820284 0.5 1
1582116344 4.526660882 0.0 0
1582116520 4.817591865 0.4 2
1582116686 4.687051417 0.0 0
1582119005 4.560118282 0.25 1
1582119167 4.495184061 0.6 2
1582119338 4.724092721 0.0 0
1582119513 5.254976207 0.0 0
1582119689 4.781848049 0.0 0
1582119852 4.744939632 0.0 0
1582120023 5.179239858 0.0 0
1582120199 4.582540225 0.0 0
1582120920 5.250036249 0.2 1
1582121086 4.648307305 0.0 0
1582121331 4.480192968 0.0 0
1582121493 4.357001278 0.5 1
1582125235 4.699804452 0.0 0
1582125677 3.234313738 0.0 0
1582125879 5.080301089 0.0 0
1582126045 4.798045699 0.0 0
1582126214 4.376745475 0.0 0
1582126375 4.490239742 0.0 0
1582126543 4.649429168 0.0 0
1582126704 4.827557575 0.0 0
1582126870 4.525086337 0.0 0
1582127032 4.507951491 0.0 0
1582127194 4.587085985 0.2 1
1582127362 5.414505858 0.0 0
1582127530 3.561380413 0.0 0
1582127693 4.603779343 0.0 0
1582127856 4.526811417 0.0 0
1582128017 4.648286185 0.25 1
1582128183 4.599293282 0.0 0
1582128363 4.49653589 0.0 0
1582128523 5.342004783 0.16666666666666666 1
1582128686 5.099298639 0.16666666666666666 1
1582128853 4.636071171 0.0 0
1582129019 5.459555325 0.0 0
1582129188 4.661389985 0.0 0
1582129346 4.860891885 0.0 0
1582129507 4.86324764 0.0 0
1582129671 4.657604953 0.0 0
1582185095 4.475670739 0.0 0
1582185275 4.680673198 0.0 0
1582186009 4.724941414 0.2 1
1582186169 4.672584391 0.0 0
1582186902 4.700497285 0.2 1
1582187865 4.757923651 0.4 1
1582188024 4.608482472 0.0 0
1582188184 4.748203694 0.0 0
1582188344 4.572780731 0.0 0
1582193795 4.608331848 0.0 0
1582193959 4.73781829 0.0 0
1582194123 4.697925293 0.2 1
1582194280 3.381144609 0.0 0
1582194440 4.755430469 0.0 0
1582194604 4.70310362 0.4 1
1582194767 4.7746117 0.0 0
1582194934 4.692639634 0.0 0
1582195094 4.73481896 0.0 0
1582195258 4.532132527 0.0 0
1582195753 3.50340702 0.0 0
1582195910 4.780492189 0.0 0
1582196069 4.648921283 0.25 1
1582196228 4.771698903 0.0 0
1582196387 4.594300806 0.0 0
1582196546 4.679403431 0.0 0
1582196704 4.57596256 0.4 1
1582196864 4.860572052 0.4 1
1582197027 4.534670397 0.25 1
1582197194 4.559483351 0.0 0
1582197349 4.52821369 0.0 0
1582197516 4.65354344 0.5 1
1582197687 4.609878063 0.0 0
1582197844 4.708873675 0.0 0
1582198003 4.643140328 0.0 0
1582198159 4.522471026 0.2 1
1582198321 4.812208771 0.0 0
1582198479 4.682148714 0.0 0
1582198759 4.811825647 0.0 0
1582199110 4.763471723 0.0 0
1582631415 4.697656603 0.2 1
1582631576 4.176851865 0.0 0
1582631732 4.691523661 0.4 1
1582631889 4.8174785 0.25 1
1582632046 4.718269328 0.0 0
1582632203 4.610720091 0.4 1
1582632363 4.603692162 0.0 0
1582632525 4.690807917 0.0 0
1582632686 4.562825255 0.2 1
1582632846 4.615094002 0.0 0
1582884546 4.778253189 0.0 0
1582884723 4.711514431 0.0 0
1582884892 4.702953723 0.0 0
1582885057 3.368891923 0.0 0
1582885220 4.718735919 0.2 1
1582885383 4.662261303 0.0 0
1582885541 4.576784324 0.0 0
1582885703 4.65633838 0.0 0
1582885869 4.727371195 0.2 1
1582886026 4.597082657 0.0 0
1574707106 4.751073504 0.0 0
