1569851795 0.118853232 -1 -1
1571325525 0.108267138 -1 -1
1571396509 0.126118128 -1 -1
1571409231 0.04620246 -1 -1
1571664414 0.051140785 -1 -1
1571665160 0.087909539 -1 -1
1571665160 0.309574308 -1 -1
1571665160 0.076933796 -1 -1
1571668580 0.086758987 -1 -1
1571760781 0.346069224 -1 -1
1571761191 0.069634025 -1 -1
1572003881 0.040574719 -1 -1
1572266288 0.091272541 -1 -1
1572275351 0.045311385 -1 -1
1572362089 0.033164999 -1 -1
1572362874 0.040844233 -1 -1
1572367449 0.051289042 -1 -1
1573301680 0.044006 -1 -1
1573304692 0.085323622 -1 -1
1573752923 0.055271668 -1 -1
1573753867 0.044030856 -1 -1
1573901069 0.042467025 -1 -1
1574687334 0.053455327 -1 -1
1574689880 0.04173592 -1 -1
1574954208 0.203249046 -1 -1
1575384989 0.037064588 -1 -1
1575557257 0.087874713 -1 -1
1579186007 0.036988545 -1 -1
1579352612 0.044701611 -1 -1
1579524169 0.29985167 -1 -1
1580216016 0.044468165 -1 -1
1580216016 0.086877861 -1 -1
1580305577 0.375631402 -1 -1
1580306211 0.324452984 -1 -1
1581936410 0.220420002 -1 -1
1582129019 0.088456024 -1 -1
1582197687 0.043628258 -1 -1
1582632202 0.138078871 -1 -1
