1574707129 0.377776362 0.0 0
1574707130 0.0 0.0 0
1574707130 0.0 0.0 0
1574707130 0.0 0.0 0
1574707130 0.0 0.0 0
1574707130 0.0 0.0 0
1574707130 0.0 0.0 0
1574707130 0.0 0.0 0
1574707130 0.0 0.0 0
1574707130 0.0 0.0 0
1574707130 0.0 0.0 0
1574707130 0.0 0.0 0
1574707130 0.0 0.0 0
1574707130 0.0 0.0 0
1574707130 0.0 0.0 0
1574707130 0.0 0.0 0
1574707130 0.0 0.0 0
1574707130 0.0 0.0 0
1574707130 0.0 0.0 0
1574707130 0.0 0.0 0
1574707130 0.0 0.0 0
1574707130 0.0 0.0 0
1574707130 0.0 0.0 0
1574707130 0.0 0.0 0
1574707130 0.0 0.0 0
1574707130 0.0 0.0 0
1574707130 0.0 0.0 0
1574707130 0.0 0.0 0
1574707131 0.0 -1 -1
1574707131 0.0 -1 -1
1574707131 0.0 -1 -1
1574707131 0.0 -1 -1
1574707131 0.0 -1 -1
