1569850059 5.432064271 0.8333333333333334 2
1569850059 5.432064271 0.8333333333333334 2
1569850820 6.293707106 0.5714285714285714 2
1569851078 5.876164234 0.8333333333333334 2
1569851282 5.302818833 0.4 1
1569851632 5.210525192 0.0 0
1569851845 5.515795122 0.0 0
1569852074 5.222573501 0.0 0
1569852299 5.34561427 0.0 0
1569852535 5.452117303 0.16666666666666666 1
1569853174 6.862894133 0.0 0
1569853463 7.1032272 0.5714285714285714 2
1570543183 9.753684655 0.0 0
1570543545 5.174418635 0.0 0
1570543755 5.428026337 0.0 0
1570544672 5.335002916 0.0 0
1570544931 5.499173546 0.0 0
1570545132 5.300303741 0.2 1
1570545348 5.797254968 0.0 0
1571323056 5.333162623 0.6 3
1571325173 5.463199846 2.6666666666666665 7
1571325370 5.428515806 3.2 6
1571325575 5.203234219 3.0 5
1571325775 5.345967248 2.6 6
1571325971 5.07058464 2.8333333333333335 5
1571326863 5.455496645 2.3333333333333335 5
1571327079 5.810377725 2.0 5
1571327288 5.39887173 3.0 5
1571395965 5.231874785 0.2 1
1571396162 5.294991288 0.0 0
1571396360 5.801999919 0.0 0
1571396558 5.15937651 0.4 2
1571396758 5.29065619 0.0 0
1571396983 5.499433988 0.0 0
1571397188 5.592570494 0.0 0
1571397389 5.469773665 0.0 0
1571397586 5.493779113 0.0 0
1571397783 5.339569296 0.2 1
1571405031 5.19806489 0.16666666666666666 1
1571405230 5.340489992 0.0 0
1571405427 5.316667189 0.2 1
1571405661 5.4214724 0.6666666666666666 4
1571405860 5.452317428 0.2 1
1571409077 5.318505166 2.3333333333333335 5
1571409280 5.337140696 3.4 5
1571409481 5.216300139 2.8 6
1571409698 5.19552063 3.2 6
1571409896 5.337041685 3.8333333333333335 8
1571664502 4.756509009 -1 -1
1571665010 5.431027262 0.16666666666666666 1
1571665225 5.295429712 0.0 0
1571665420 5.199551675 0.2 1
1571665614 5.235340821 0.4 2
1571665809 5.196163907 0.5 2
1571668226 5.25161385 2.1666666666666665 5
1571668425 5.219098323 2.1666666666666665 4
1571668629 5.300240164 2.4 5
1571668824 5.196932056 3.4 7
1571669024 5.358630196 3.1666666666666665 7
1571752097 5.196611351 0.0 0
1571752293 5.518745397 0.0 0
1571752492 5.384702033 0.0 0
1571752697 5.295616222 0.6 3
1571752893 5.249524385 0.3333333333333333 2
1571753087 5.330210089 0.16666666666666666 1
1571753285 5.205044408 0.0 0
1571753482 5.372953926 0.0 0
1571753680 5.254861518 0.2 1
1571753877 5.286345463 0.2 1
1571760234 5.410997745 0.0 0
1571760432 5.222558382 0.0 0
1571760634 5.073661413 0.2 1
1571760831 8.486498504 0.0 0
1571761032 5.419487675 0.6 3
1571761240 5.264834302 0.0 0
1571761439 5.114897869 0.6 3
1571761634 5.251214963 0.2 1
1571761830 5.227422271 0.0 0
1571762038 5.164623823 0.2 1
1572003340 5.241040024 0.0 0
1572003536 5.315007509 0.0 0
1572003732 5.387167589 0.4 2
1572003930 5.371868223 0.6 3
1572004126 5.298223732 0.4 1
1572004322 5.298574134 0.2 1
1572004516 5.453883271 0.16666666666666666 1
1572004715 5.355964354 0.0 0
1572004918 5.547361817 0.5 3
1572005116 5.359289287 0.2 1
1572011317 5.131164455 0.0 0
1572011514 5.253049419 1.2 5
1572011711 8.809905326 0.125 1
1572011908 5.357847214 0.0 0
1572012104 5.415471594 0.2 1
1572012301 5.299801546 0.0 0
1572012496 5.334463708 0.0 0
1572012690 5.354858215 0.2 1
1572012885 5.29284908 0.0 0
1572013079 5.349190291 0.3333333333333333 2
1572265139 5.331585153 1.2 5
1572265337 6.663566987 0.25 2
1572265535 5.319650611 0.5 3
1572265732 5.493491914 0.3333333333333333 2
1572265938 5.42691192 0.0 0
1572266139 5.38685531 0.8333333333333334 3
1572266337 6.431451661 0.5714285714285714 2
1572266538 5.423236576 0.8 4
1572266736 5.337320447 0.0 0
1572266940 7.234676341 0.14285714285714285 1
1572274192 4.343180132 2.4 5
1572274365 4.388582922 3.6 6
1572274534 4.422192612 1.75 3
1572274706 4.301868153 2.4 5
1572274875 4.947031996 2.2 4
1572275044 4.303829084 3.75 7
1572275216 4.306912713 3.25 5
1572275393 4.394968498 2.8 6
1572275561 4.323586124 3.4 8
1572275735 4.272127865 3.5 6
1572361354 5.284455168 0.0 0
1572361550 5.343025431 0.0 0
1572361744 5.499264517 0.0 0
1572361939 5.348759317 0.0 0
1572362138 5.298113589 0.0 0
1572362332 5.188651149 0.4 2
1572362528 5.360779185 0.6666666666666666 2
1572362728 5.450443031 0.0 0
1572362923 5.235088885 0.2 1
1572363118 5.239358602 0.16666666666666666 1
1572366984 4.405774237 0.0 0
1572367152 4.473794618 0.25 1
1572367324 4.309163357 0.75 2
1572367490 4.159182958 0.0 0
1572367672 4.453501979 0.2 1
1572367850 4.363797803 0.0 0
1572368018 4.22617314 0.0 0
1572368187 4.470265771 0.0 0
1572368354 4.334248264 0.5 2
1572368519 4.292113915 0.0 0
1572532469 5.383687635 0.16666666666666666 1
1572532670 5.364934096 0.0 0
1572532875 5.3992825 0.0 0
1572544571 4.233802144 2.5 5
1572544740 4.434559819 3.75 6
1572544911 4.317430386 3.0 5
1572545084 4.378306945 4.25 7
1572545257 4.355887459 3.2 7
1572870086 4.225083553 0.5 1
1572870303 4.458871105 0.6 3
1572870486 4.315965478 0.5 2
1572870706 4.292201339 0.8 4
1572870875 4.288813591 0.25 1
1572965467 4.729406313 0.5 3
1572965633 4.357573741 0.0 0
1572965800 4.483556876 0.25 1
1572965969 4.224599942 1.0 2
1572966141 4.348668618 1.5 4
1572966307 4.568977351 0.4 2
1572966479 4.236822538 0.0 0
1572966661 4.279746319 0.4 1
1572966841 4.352951204 0.2 1
1572967005 4.308633318 0.0 0
1573207113 4.178859109 0.25 1
1573207281 4.395433777 0.0 0
1573207450 4.35898218 0.0 0
1573207615 4.434851706 0.0 0
1573207785 4.321366427 0.4 2
1573207952 4.474428765 0.2 1
1573208119 4.348792023 0.2 1
1573208285 4.366073492 0.25 1
1573208453 4.528228271 0.25 1
1573208618 4.423162307 0.4 2
1573220354 4.448799665 0.8333333333333334 3
1573220521 4.589453639 0.0 0
1573220689 4.352919221 0.0 0
1573220858 4.606185309 0.0 0
1573221026 4.280150578 0.5 2
1573221193 4.299897428 0.0 0
1573221357 4.296516745 0.0 0
1573221527 4.083756741 0.0 0
1573221694 4.203540899 0.25 1
1573221863 4.375884556 0.0 0
1573222051 4.612586619 0.2 1
1573222222 4.359488821 0.75 2
1573222389 4.388683068 0.0 0
1573222555 4.268349595 0.0 0
1573222724 4.275524326 0.0 0
1573301202 4.322263616 0.0 0
1573301371 4.409693089 0.0 0
1573301553 4.219887879 0.0 0
1573301721 4.334161761 0.2 1
1573301908 4.972009343 0.4 1
1573302087 4.364712327 0.25 1
1573302255 4.307615775 0.25 1
1573302429 4.275767751 0.75 2
1573302598 4.361933824 1.25 3
1573302781 4.375092054 0.5 2
1573303914 3.863147219 0.75 2
1573304078 4.100935401 0.75 2
1573304239 3.900121587 0.0 0
1573304406 3.950121007 1.0 3
1573304564 3.933661722 0.5 2
1573304731 4.106790632 0.75 2
1573304890 3.883235562 0.3333333333333333 1
1573305050 4.89756396 1.0 4
1573305211 3.94107398 1.8 4
1573305371 4.129750316 1.25 3
1573752543 4.458939178 0.6 2
1573752803 5.666179694 0.0 0
1573752960 4.1160735 0.0 0
1573753120 4.060330824 1.0 4
1573753277 3.945697067 0.0 0
1573753432 4.964810502 0.2 1
1573753590 3.976093184 1.25 4
1573753743 3.995464192 2.75 7
1573753905 5.745935115 2.5 6
1573754725 4.882893993 2.25 6
1573754885 3.98281318 2.75 5
1573755046 6.735182956 1.4285714285714286 5
1573755212 4.139754286 2.25 3
1573755375 3.841392063 1.75 4
1573755532 3.958374342 0.75 2
1573755687 4.343202377 0.25 1
1573755845 4.566517772 0.0 0
1573756003 4.037551698 0.5 2
1573756160 8.776579169 0.0 0
1573831468 4.095439875 0.0 0
1573831626 4.039857866 0.0 0
1573831785 4.262006381 0.4 2
1573831957 3.907080318 0.0 0
1573832109 4.05518279 0.5 2
1573832271 4.619466905 0.8 2
1573832429 3.995997985 0.0 0
1573832591 4.250445875 0.25 1
1573832747 4.254468008 0.25 1
1573832903 4.054186605 0.5 1
1573833098 4.081711128 0.2 1
1573833254 4.041081958 0.0 0
1573833418 4.251067394 0.5 2
1573833575 4.447431571 0.0 0
1573833733 4.222408779 1.0 3
1573901107 3.907884507 0.0 0
1573901265 5.215386865 0.4 2
1573901421 3.975217568 1.0 2
1573901579 6.864253015 0.375 3
1573901737 4.087081653 0.25 1
1573901893 4.39817519 0.6 2
1573902047 3.864356935 0.25 1
1573902205 4.984889934 0.0 0
1573902362 3.858033743 0.5 1
1573902518 4.048909303 0.5 2
1574685838 4.465832529 0.0 0
1574686037 4.554158722 0.0 0
1574686198 4.35839329 0.25 1
1574686361 5.056649609 0.0 0
1574686518 4.428435093 0.8 2
1574686683 4.241965862 0.4 1
1574686849 3.820029771 0.0 0
1574687035 4.347925674 0.0 0
1574687210 5.584760082 0.0 0
1574687373 3.972633113 1.0 2
1574689702 4.442588748 0.25 1
1574689920 4.379019459 0.0 0
1574690088 5.994257056 0.0 0
1574690257 4.792055073 0.0 0
1574690428 4.23079139 0.0 0
1574690587 4.886438983 0.0 0
1574690759 4.65505128 0.0 0
1574690917 4.986799973 0.0 0
1574691103 6.314018194 0.0 0
1574691282 4.783970565 0.4 2
1574706903 4.743167147 2.0 4
1574707145 3.950530326 0.0 0
1574954249 5.117644604 0.0 0
1574954413 4.171213669 0.0 0
1574954590 4.909631581 0.0 0
1574954753 5.519171384 0.0 0
1574954938 3.9666644 0.25 1
1574955095 4.833789315 0.0 0
1574955352 4.513509114 0.6 3
1574955512 4.814486324 0.16666666666666666 1
1574955671 4.6866449 0.0 0
1574955832 4.405270863 0.0 0
1575026580 3.875403851 0.0 0
1575026740 4.047721322 0.0 0
1575026901 4.134651053 0.0 0
1575027062 4.624153435 0.0 0
1575027226 4.519333468 0.0 0
1575027390 4.06300715 0.0 0
1575027553 4.405537588 0.0 0
1575027711 4.776128996 0.0 0
1575027875 5.361009609 0.5 2
1575028039 4.401896648 0.0 0
1575112895 5.157815978 0.0 0
1575113060 4.93600641 0.25 1
1575113217 3.841746449 0.25 1
1575113380 5.122176474 0.2 1
1575113538 4.127283436 0.2 1
1575113697 5.844727393 0.0 0
1575113854 4.963685006 0.8 3
1575114012 3.823998547 0.75 3
1575114175 3.881396182 0.25 1
1575114336 4.054998343 0.5 1
1575289826 5.806061095 0.5 3
1575289992 3.994192998 0.0 0
1575290159 4.303534573 0.6 3
1575290348 4.297918726 0.5 2
1575290516 3.858543072 0.75 2
1575290692 4.398380236 0.0 0
1575290859 3.947573759 1.5 3
1575291014 3.827780617 0.0 0
1575291177 3.905945724 0.75 3
1575291338 3.923303944 0.25 1
1575384225 4.175606173 0.0 0
1575384387 4.576625622 0.4 1
1575384546 3.92652432 0.0 0
1575384708 4.97505744 0.8 2
1575384869 3.742316584 0.5 2
1575385029 4.721851035 0.0 0
1575385188 4.124684768 0.0 0
1575385347 3.804652879 0.0 0
1575385511 3.94842977 0.25 1
1575385670 4.053763825 0.4 2
1575556607 3.835934884 0.0 0
1575556768 4.559198439 0.0 0
1575556943 4.474115913 0.0 0
1575557126 3.923223586 0.0 0
1575557297 4.614198357 0.0 0
1575557480 4.063437902 1.25 3
1575557655 4.014137677 0.0 0
1575557828 3.923807995 0.5 2
1575558288 4.052217539 0.0 0
1575558473 3.714621131 0.25 1
1579184106 4.0093671 3.5 7
1579184821 4.001646965 1.0 3
1579184984 4.022932883 1.0 2
1579185146 4.059198393 0.0 0
1579185320 7.34813419 0.0 0
1579185497 3.829232005 0.0 0
1579185679 3.892836434 0.0 0
1579185862 6.30416575 0.0 0
1579186047 3.912847402 0.0 0
1579186218 3.830149718 0.0 0
1579351843 4.583071344 0.0 0
1579352003 3.635726858 0.0 0
1579352163 4.912917307 0.4 2
1579352324 5.130845505 0.8 2
1579352487 3.761652937 0.5 2
1579352651 5.374013068 0.0 0
1579352808 3.828393185 1.25 4
1579352971 5.127639193 0.0 0
1579353133 4.387949494 0.0 0
1579354000 4.428221392 0.5 1
1579522924 3.701195587 1.0 3
1579523127 4.069833122 0.25 1
1579523319 4.284756763 0.6 2
1579523482 3.922973464 0.0 0
1579523657 4.306997228 0.25 1
1579523839 3.97770804 0.25 1
1579524020 4.006632011 1.25 3
1579524207 5.721009933 0.16666666666666666 1
1579524377 5.675606742 0.0 0
1579524543 3.90969741 0.0 0
1579537529 3.968803045 0.25 1
1580215403 4.998640457 0.0 0
1580215573 3.75208251 0.0 0
1580215735 4.047054611 0.0 0
1580215895 3.756280594 0.5 2
1580216055 4.019387318 0.5 2
1580216218 3.951597107 0.0 0
1580216377 4.346058403 0.4 2
1580216542 4.422364585 0.4 2
1580216701 4.739949809 0.2 1
1580216882 5.373362162 0.0 0
1580304790 3.842926023 0.75 2
1580304948 4.637467106 0.0 0
1580305109 4.395083181 0.4 2
1580305270 3.858674484 0.0 0
1580305453 3.919611289 0.0 0
1580305616 4.267260319 0.0 0
1580305777 3.937422966 0.0 0
1580305934 4.788660024 0.0 0
1580306090 3.906142843 0.0 0
1580306251 4.486817755 0.0 0
1581935291 4.202387225 0.6 2
1581935448 3.8586259 0.0 0
1581935610 5.595412727 0.0 0
1581935776 4.244165808 0.75 2
1581935943 4.045409095 0.6 2
1581936114 3.923374293 0.0 0
1581936285 3.969826043 0.5 2
1581936448 4.04722416 0.0 0
1581936606 3.815993122 1.25 4
1581936783 3.850046983 0.0 0
1582026965 3.820419825 0.0 0
1582027126 3.836367336 0.75 2
1582027293 3.966636299 0.25 1
1582027460 4.063249588 0.2 1
1582027871 4.079578702 0.2 1
1582028038 3.706537503 0.0 0
1582028204 3.889309472 0.25 1
1582028374 5.770716143 0.16666666666666666 1
1582028543 4.060111287 0.25 1
1582028711 4.087447251 0.0 0
1582113186 3.899441335 0.0 0
1582113347 4.936848042 0.0 0
1582113513 5.642237351 0.16666666666666666 1
1582113682 3.847421838 0.25 1
1582113846 4.315645485 0.0 0
1582114021 4.45513246 0.0 0
1582114183 6.279301324 0.0 0
1582114346 4.010088015 0.75 3
1582114511 5.170710775 0.16666666666666666 1
1582114676 3.874263365 0.25 1
1582114837 5.60465335 0.16666666666666666 1
1582115007 4.431172082 0.0 0
1582115167 4.068836024 0.0 0
1582115335 4.811483983 0.0 0
1582115497 4.051253194 0.5 1
1582115661 4.03224492 0.4 2
1582115824 4.292647021 0.0 0
1582115987 4.171891814 0.4 1
1582116168 4.046134645 0.6 2
1582116382 3.756354607 0.0 0
1582116560 4.03733442 0.0 0
1582116724 4.021632414 0.25 1
1582119045 3.947381241 0.8 3
1582119206 5.128089418 0.0 0
1582119379 5.968998493 0.14285714285714285 1
1582119554 5.029172 0.0 0
1582119729 4.090628626 0.0 0
1582119890 3.974431707 0.0 0
1582120067 5.922558266 0.0 0
1582120239 5.101968999 0.0 0
1582120959 3.926308922 0.5 1
1582121126 3.986160004 0.0 0
1582121370 4.149401254 1.0 3
1582125060 4.496856078 0.4 1
1582125275 3.927622509 0.25 1
1582125725 3.926761661 0.0 0
1582125920 3.851177322 0.0 0
1582126084 3.980860813 0.0 0
1582126252 3.798198716 0.0 0
1582126415 5.430114164 0.0 0
1582126583 3.820323865 0.0 0
1582126746 4.868147577 0.0 0
1582126909 3.864535762 0.75 2
1582127070 4.001072347 0.75 2
1582127235 3.95526329 0.75 2
1582127404 3.901802376 0.0 0
1582127570 4.191420141 0.25 1
1582127733 3.971405821 0.0 0
1582127896 4.012110217 0.0 0
1582128057 3.937311537 0.75 2
1582128223 3.900446044 0.2 1
1582128402 4.489816851 0.0 0
1582128564 4.420337444 0.0 0
1582128728 4.086592134 0.75 2
1582128893 5.199955228 0.2 1
1582129060 4.267279062 0.0 0
1582129227 3.966198269 0.5 1
1582129386 3.882521298 0.5 2
1582129547 4.110025477 0.0 0
1582129710 4.013452573 0.0 0
1582185136 3.876876503 0.0 0
1582185316 6.136708366 0.16666666666666666 1
1582186048 4.015655424 2.25 3
1582186207 3.931399257 3.75 7
1582186943 3.881805172 3.25 6
1582187904 3.941926652 3.75 6
1582188065 4.192494895 0.0 0
1582188223 3.874635991 0.3333333333333333 1
1582188383 4.359012175 3.2 6
1582193834 3.803828653 0.3333333333333333 1
1582193997 3.906130213 0.25 1
1582194161 3.850425058 1.0 3
1582194318 3.925349323 0.3333333333333333 1
1582194479 3.832972755 0.5 2
1582194643 4.051669191 0.5 1
1582194809 3.864452356 0.5 2
1582194972 4.093084335 0.0 0
1582195133 3.856246812 0.75 2
1582195296 3.917869907 0.0 0
1582195791 4.00645977 0.75 2
1582195949 4.923102613 0.2 1
1582196107 3.967049096 0.25 1
1582196267 3.878678449 0.25 1
1582196426 4.015006854 0.5 1
1582196585 3.925413657 0.0 0
1582196743 3.850616834 0.5 2
1582196903 4.169350796 0.5 1
1582197065 3.882853031 1.0 3
1582197232 3.971296999 0.5 2
1582197387 4.071192928 1.0 3
1582197564 3.84148026 0.0 0
1582197725 3.974338989 0.75 2
1582197882 3.876846815 0.5 2
1582198041 3.965517113 0.5 2
1582198198 4.531572592 1.0 4
1582198359 3.771196616 1.0 3
1582198518 3.846419948 1.0 3
1582198797 4.533927998 1.5 5
1582199150 4.276860937 0.25 1
1582631453 5.324033878 0.6666666666666666 4
1582631614 3.915787925 0.25 1
1582631771 4.052960092 0.0 0
1582631927 4.66200931 0.0 0
1582632085 3.914052638 0.0 0
1582632242 3.909598532 0.0 0
1582632401 3.85715082 0.0 0
1582632565 4.350669221 0.75 2
1582632725 3.967011678 0.25 1
1582632885 3.97824649 1.0 2
1582884584 5.223854008 0.2 1
1582884762 4.061127687 0.0 0
1582884930 3.955596704 0.0 0
1582885094 4.133500639 0.25 1
1582885259 3.981250501 0.0 0
1582885421 3.808521288 0.0 0
1582885580 4.007824999 0.0 0
1582885742 3.926819074 0.25 1
1582885907 3.848308623 0.0 0
1582886065 3.804484464 0.25 1
1574707145 3.950530326 0.0 0
