1569850059 5.520430946 0.8333333333333334 2
1569850059 5.520430946 0.8333333333333334 2
1569850820 6.417116403 0.5714285714285714 2
1569851078 5.954248411 0.8333333333333334 2
1569851282 5.732025482 0.6666666666666666 2
1569851632 5.511582567 0.0 0
1569851845 5.696711906 0.0 0
1569852074 5.616517587 0.0 0
1569852299 5.596360342 0.0 0
1569852535 5.651646233 0.0 0
1569853174 7.003734069 0.0 0
1569853463 7.163002737 0.0 0
1570543183 7.249958012 0.0 0
1570543545 5.523654596 0.0 0
1570543755 5.476690318 0.0 0
1570544672 5.552793507 0.0 0
1570544931 5.499173546 0.0 0
1570545132 5.550935716 0.0 0
1570545348 5.358338752 0.0 0
1571323056 5.787709337 0.0 0
1571325173 5.758626337 2.6666666666666665 7
1571325370 5.428515806 3.2 6
1571325575 5.631669324 3.6666666666666665 7
1571325775 5.76969559 3.0 6
1571325971 5.503277184 2.8333333333333335 5
1571326863 5.455496645 2.3333333333333335 5
1571327079 5.854930057 2.0 5
1571327288 5.655309228 3.0 5
1571395965 5.493935735 0.0 0
1571396162 5.387062101 0.0 0
1571396360 6.242582822 0.0 0
1571396558 5.622675472 0.0 0
1571396758 5.334974246 0.0 0
1571396983 5.499433988 0.0 0
1571397188 5.592570494 0.0 0
1571397389 5.317900259 0.0 0
1571397586 5.583960119 0.0 0
1571397783 5.547533167 0.0 0
1571405031 5.625664325 0.0 0
1571405230 5.432201628 0.0 0
1571405427 5.955700899 0.0 0
1571405661 5.681254384 0.16666666666666666 1
1571405860 5.376143468 0.0 0
1571409077 5.583441651 2.3333333333333335 5
1571409280 5.506000506 3.4 5
1571409481 5.394438661 2.8 6
1571409698 5.414291848 3.2 6
1571409896 5.407829918 3.8333333333333335 8
1571664502 5.351852066 -1 -1
1571665010 5.477323069 0.0 0
1571665225 5.518185769 0.0 0
1571665420 5.410671606 0.0 0
1571665614 5.618814645 0.0 0
1571665809 5.579176426 0.0 0
1571668226 5.427692929 2.1666666666666665 5
1571668425 5.606693954 2.1666666666666665 4
1571668629 5.427499496 2.6666666666666665 5
1571668824 5.573991243 3.4 7
1571669024 5.703522641 3.1666666666666665 7
1571752097 5.423119226 0.0 0
1571752293 5.518745397 0.0 0
1571752492 5.564299164 0.0 0
1571752697 5.509002187 0.0 0
1571752893 5.476182785 0.0 0
1571753087 5.491044506 0.0 0
1571753285 5.205044408 0.0 0
1571753482 5.372953926 0.0 0
1571753680 5.47705557 0.0 0
1571753877 5.496377894 0.0 0
1571760234 5.457995548 0.0 0
1571760432 5.38104537 0.0 0
1571760634 5.461565374 0.0 0
1571760831 8.693057922 0.0 0
1571761032 5.746320761 0.0 0
1571761240 5.264834302 0.0 0
1571761439 5.415049423 0.0 0
1571761634 5.554788984 0.0 0
1571761830 5.440355172 0.0 0
1571762038 5.455724153 0.0 0
1572003340 5.413349817 0.0 0
1572003536 5.445911731 0.0 0
1572003732 5.56372184 0.0 0
1572003930 5.761239736 0.0 0
1572004126 5.490579164 0.0 0
1572004322 5.590522356 0.0 0
1572004516 5.530349326 0.0 0
1572004715 5.49266403 0.0 0
1572004918 5.711760389 0.0 0
1572005116 5.599420915 0.0 0
1572011317 5.402220887 0.0 0
1572011514 5.429448117 0.4 2
1572011711 9.021324543 0.0 0
1572011908 5.584739479 0.0 0
1572012104 5.415471594 0.0 0
1572012301 5.370806684 0.0 0
1572012496 5.539021303 0.0 0
1572012690 5.610742411 0.0 0
1572012885 5.54845495 0.0 0
1572013079 5.553855425 0.0 0
1572265139 5.584373535 0.4 2
1572265337 6.919629018 0.0 0
1572265535 5.616153896 0.0 0
1572265732 5.582057393 0.0 0
1572265938 5.726740282 0.0 0
1572266139 5.590674333 0.0 0
1572266337 6.783618684 0.0 0
1572266538 5.703771482 0.2 1
1572266736 5.414158479 0.0 0
1572266940 7.322939622 0.0 0
1572274192 4.519865183 2.4 5
1572274365 4.429155055 3.6 6
1572274534 4.464932166 1.75 3
1572274706 4.50962101 2.4 5
1572274875 4.9959888 2.2 4
1572275044 4.52281168 3.75 7
1572275216 4.53544411 3.25 5
1572275393 4.559147874 2.8 6
1572275561 4.594384034 3.4 8
1572275735 4.439150676 3.5 6
1572361354 5.630871933 0.0 0
1572361550 5.550962158 0.0 0
1572361744 5.543133431 0.0 0
1572361939 5.523852028 0.0 0
1572362138 5.597958583 0.0 0
1572362332 5.674694591 0.0 0
1572362528 5.706354422 0.0 0
1572362728 5.614502373 0.0 0
1572362923 5.530235754 0.0 0
1572363118 5.418205858 0.0 0
1572366984 4.458355292 0.0 0
1572367152 4.771113561 0.0 0
1572367324 4.520249065 0.0 0
1572367490 4.422660781 0.0 0
1572367672 4.453501979 0.0 0
1572367850 4.502301716 0.0 0
1572368018 4.570653877 0.0 0
1572368187 4.557249592 0.0 0
1572368354 4.334248264 0.0 0
1572368519 4.336382447 0.0 0
1572532469 5.547364944 0.0 0
1572532670 5.364934096 0.0 0
1572532875 5.3992825 0.0 0
1572544571 4.487459427 3.4 7
1572544740 4.523557317 3.75 6
1572544911 4.451829844 3.0 5
1572545084 4.674070304 4.25 7
1572545257 4.731517874 3.2 7
1572870086 4.527357858 0.0 0
1572870303 4.54684711 0.0 0
1572870486 4.54948368 0.0 0
1572870706 4.584189023 0.2 1
1572870875 4.448246602 0.0 0
1572965467 5.06204129 0.0 0
1572965633 4.399086837 0.0 0
1572965800 4.77917452 0.0 0
1572965969 4.432558097 0.0 0
1572966141 4.627157212 0.25 1
1572966307 4.632721783 0.0 0
1572966479 4.325039059 0.0 0
1572966661 4.399518432 0.0 0
1572966841 4.425246733 0.0 0
1572967005 4.481961818 0.0 0
1573207113 4.387554469 0.0 0
1573207281 4.395433777 0.0 0
1573207450 4.607937238 0.0 0
1573207615 4.567438733 0.0 0
1573207785 4.430190448 0.0 0
1573207952 4.694830117 0.0 0
1573208119 4.771536421 0.0 0
1573208285 4.574259107 0.0 0
1573208453 4.683449639 0.0 0
1573208618 4.423162307 0.0 0
1573220354 4.536147291 0.0 0
1573220521 4.76864045 0.0 0
1573220689 4.443902592 0.0 0
1573220858 4.740481261 0.0 0
1573221026 4.343592637 0.0 0
1573221193 4.396556449 0.0 0
1573221357 4.651752012 0.0 0
1573221527 4.424923465 0.0 0
1573221694 4.406594254 0.0 0
1573221863 4.52997698 0.0 0
1573222051 4.69891883 0.0 0
1573222222 4.58245404 0.0 0
1573222389 4.679224801 0.0 0
1573222724 4.61995561 0.0 0
1573301202 4.43881211 0.0 0
1573301371 4.440870288 0.0 0
1573301553 4.431316029 0.0 0
1573301721 4.545631246 0.0 0
1573301908 5.109499686 0.0 0
1573302087 4.575181267 0.0 0
1573302255 4.353134209 0.0 0
1573302429 4.578274102 0.0 0
1573302598 4.52868776 0.0 0
1573302781 4.537774626 0.0 0
1573303914 4.155495904 0.0 0
1573304078 4.158550908 0.0 0
1573304239 4.243171992 0.0 0
1573304406 4.142328006 0.0 0
1573304564 3.982546763 0.0 0
1573304731 4.28365442 0.0 0
1573304890 4.103322075 0.0 0
1573305050 4.942168432 0.2 1
1573305211 3.929525839 2.25 4
1573305371 4.17322122 1.25 3
1573752543 4.416443501 0.0 0
1573752803 5.850716723 0.0 0
1573752960 4.22077544 0.0 0
1573753120 4.234253388 0.2 1
1573753277 3.945697067 0.0 0
1573753432 5.293617569 0.0 0
1573753590 4.135369337 1.25 4
1573753743 4.090394992 2.75 7
1573753905 5.698363409 2.5 6
1573754725 5.136482424 3.2 7
1573754885 3.98281318 2.75 5
1573755046 6.516886469 1.4285714285714286 5
1573755212 4.441702996 2.4 3
1573755375 3.973918222 1.75 4
1573755532 3.958374342 0.0 0
1573755687 4.278754607 0.0 0
1573755845 4.521937806 0.0 0
1573756003 3.973508903 0.0 0
1573756160 8.479389712 0.0 0
1573831468 4.316606836 0.0 0
1573831626 4.039857866 0.0 0
1573831785 4.219803319 0.0 0
1573831957 3.997049981 0.0 0
1573832109 4.248701822 0.0 0
1573832271 5.014480743 0.0 0
1573832429 3.950004474 0.0 0
1573832591 4.130596916 0.0 0
1573832747 4.429866606 0.0 0
1573832903 4.137634203 0.0 0
1573833098 4.081711128 0.0 0
1573833254 4.146951389 0.0 0
1573833418 4.414715063 0.0 0
1573833575 4.500993478 0.0 0
1573833733 4.222408779 0.0 0
1573901107 4.033213507 0.0 0
1573901265 5.215386865 0.0 0
1573901421 4.069964251 0.0 0
1573901579 6.822972494 0.0 0
1573901737 4.383647238 0.0 0
1573901893 4.620520681 0.0 0
1573902047 3.8973109 0.0 0
1573902205 5.101996235 0.0 0
1573902362 4.199387463 0.0 0
1573902518 4.134433271 0.0 0
1574685838 4.688897153 0.0 0
1574686037 4.93199371 0.0 0
1574686198 4.273485107 0.0 0
1574686361 5.401349996 0.0 0
1574686518 4.775036811 0.0 0
1574686683 4.335852638 0.0 0
1574686849 4.039454418 0.0 0
1574687035 4.301625483 0.0 0
1574687210 5.584760082 0.0 0
1574687373 4.05715682 0.0 0
1574689702 4.619221396 0.0 0
1574689920 4.453978997 0.0 0
1574690088 5.994257056 0.0 0
1574690257 5.133718549 0.0 0
1574690428 4.358924133 0.0 0
1574690587 4.97678278 0.0 0
1574690759 4.65505128 0.0 0
1574690917 5.162882299 0.0 0
1574691103 6.265836666 0.0 0
1574691282 4.825162706 0.0 0
1574706903 4.834167589 2.0 4
1574707145 4.291354714 0.0 0
1574954249 4.954369766 0.0 0
1574954413 4.185277687 0.0 0
1574954590 4.909631581 0.0 0
1574954753 5.519171384 0.0 0
1574954938 4.130433983 0.0 0
1574955095 4.917755834 0.0 0
1574955352 4.556561385 0.0 0
1574955512 4.857599938 0.0 0
1574955671 4.6866449 0.0 0
1574955832 4.361588619 0.0 0
1575026580 4.188248671 0.0 0
1575026740 4.179022472 0.0 0
1575026901 4.134651053 0.0 0
1575027062 4.702276779 0.0 0
1575027226 4.654299138 0.0 0
1575027390 4.196546249 0.0 0
1575027553 4.658105565 0.0 0
1575027711 4.820424614 0.0 0
1575027875 5.809627047 0.0 0
1575028039 4.401896648 0.0 0
1575112895 5.333619345 0.0 0
1575113060 5.026183211 0.0 0
1575113217 4.065034074 0.0 0
1575113380 5.211545955 0.0 0
1575113538 4.049011715 0.0 0
1575113697 5.889384027 0.0 0
1575113854 5.030587596 0.0 0
1575114012 4.127968485 0.0 0
1575114175 3.926416505 0.0 0
1575114336 4.275085153 0.0 0
1575289826 5.855600807 0.0 0
1575289992 4.293909683 0.0 0
1575290159 4.440281649 0.0 0
1575290348 4.386981878 0.0 0
1575290516 3.990508782 0.0 0
1575290692 4.527518743 0.0 0
1575290859 4.165130741 0.0 0
1575291014 4.080901338 0.0 0
1575291177 4.073799982 0.0 0
1575291338 3.923303944 0.0 0
1575384225 4.306508636 0.0 0
1575384387 4.920409781 0.0 0
1575384546 3.969698429 0.0 0
1575384708 5.404822866 0.0 0
1575384869 3.862005695 0.0 0
1575385029 4.766112657 0.0 0
1575385188 4.339292066 0.0 0
1575385347 4.142384561 0.0 0
1575385511 3.99741287 0.0 0
1575385670 4.217815674 0.0 0
1575556607 4.176042336 0.0 0
1575556768 4.559198439 0.0 0
1575556943 4.567642256 0.0 0
1575557126 3.97090228 0.0 0
1575557297 4.790380014 0.0 0
1575557480 4.367945209 0.0 0
1575557655 4.185426276 0.0 0
1575557828 3.970531082 0.0 0
1575558288 4.26747443 0.0 0
1575558473 3.803696568 0.0 0
1579184106 4.14980467 3.5 7
1579184821 4.223627511 0.0 0
1579184984 4.089541407 0.0 0
1579185146 4.312741832 0.0 0
1579185320 7.260366799 0.0 0
1579185497 4.168251664 0.0 0
1579185679 4.008797493 0.0 0
1579185862 6.48736252 0.0 0
1579186047 4.254158574 0.0 0
1579186218 3.993475561 0.0 0
1579351843 4.583071344 0.0 0
1579352003 3.886237571 0.0 0
1579352163 5.123726525 0.0 0
1579352324 5.28984869 0.0 0
1579352487 4.161924303 0.0 0
1579352651 5.481358321 0.0 0
1579352808 4.134260373 0.25 1
1579352971 5.223982247 0.0 0
1579353133 4.523994612 0.0 0
1579354000 4.953245993 0.2 1
1579522924 4.007203335 0.0 0
1579523127 4.110389879 0.0 0
1579523319 4.427031991 0.0 0
1579523482 3.922973464 0.0 0
1579523657 4.563612546 0.0 0
1579523839 3.97770804 0.0 0
1579524020 4.138155241 0.0 0
1579524207 6.020576602 0.0 0
1579524377 5.898167328 0.0 0
1579524543 4.333928441 0.0 0
1579537529 4.311237631 0.0 0
1580215403 5.171154258 0.0 0
1580215573 4.085942343 0.0 0
1580215735 4.092171921 0.0 0
1580215895 4.095136339 0.0 0
1580216055 4.067942735 0.0 0
1580216218 4.178384803 0.0 0
1580216377 4.54628176 0.0 0
1580216542 4.472298551 0.0 0
1580216701 4.829104412 0.0 0
1580216882 5.373362162 0.0 0
1580304790 4.022920032 0.0 0
1580305109 4.731793623 0.0 0
1580305270 4.203458033 0.0 0
1580305453 4.065972967 0.0 0
1580305616 4.398603493 0.0 0
1580305777 4.18919798 0.0 0
1580305934 4.87536476 0.0 0
1580306090 4.082581021 0.0 0
1580306251 4.809770523 0.0 0
1581935291 4.314051889 0.0 0
1581935448 3.817327269 0.0 0
1581935610 5.638518686 0.0 0
1581935776 4.480435231 0.0 0
1581935943 4.194400589 0.0 0
1581936114 4.003864699 0.0 0
1581936285 4.10825511 0.0 0
1581936448 3.918183908 0.0 0
1581936606 3.979869569 0.25 1
1581936783 3.937291649 0.0 0
1582026965 3.984409327 0.0 0
1582027126 4.178474703 0.0 0
1582027293 4.13032522 0.0 0
1582027460 4.315276217 0.0 0
1582027871 4.59557582 0.0 0
1582028038 3.927786209 0.0 0
1582028204 4.263329014 0.0 0
1582028374 6.084167122 0.0 0
1582028543 4.225796218 0.0 0
1582028711 4.463922834 0.0 0
1582113186 4.119894575 0.0 0
1582113347 5.249072389 0.16666666666666666 1
1582113513 5.726045136 0.0 0
1582113682 3.758377797 0.0 0
1582114021 4.54790241 0.0 0
1582114183 6.619652367 0.0 0
1582114346 4.243653816 0.0 0
1582114511 5.546723284 0.0 0
1582114676 4.22591876 0.0 0
1582114837 5.811087463 0.0 0
1582115007 4.636060358 0.0 0
1582115167 4.21076998 0.2 1
1582115335 4.97738108 0.0 0
1582115497 4.472863772 0.0 0
1582115661 4.206507239 0.0 0
1582115824 4.702109138 0.0 0
1582115987 4.29920183 0.0 0
1582116168 4.256556939 0.0 0
1582116382 3.839487844 0.0 0
1582116560 4.03733442 0.0 0
1582116724 4.119238378 0.0 0
1582119045 4.111458977 0.0 0
1582119206 5.215116458 0.0 0
1582119379 6.01050481 0.0 0
1582119554 5.551904555 0.0 0
1582119729 4.239329796 0.0 0
1582119890 4.324601212 0.0 0
1582120067 6.141030565 0.0 0
1582120239 5.395395178 0.0 0
1582120959 3.970092118 0.0 0
1582121126 4.075185467 0.0 0
1582121370 4.259279513 1.0 3
1582125060 4.569881294 0.0 0
1582125275 4.162748175 0.0 0
1582125725 4.09368857 0.0 0
1582125920 3.720963431 0.0 0
1582126084 4.068610533 0.0 0
1582126252 4.095145685 0.0 0
1582126415 5.727286543 0.0 0
1582126583 4.083792703 0.0 0
1582126746 5.374627322 0.0 0
1582126909 3.989148178 0.0 0
1582127070 4.198000701 0.0 0
1582127235 4.166399715 0.0 0
1582127404 4.242159679 0.0 0
1582127570 4.575258221 0.0 0
1582127733 4.135791554 0.0 0
1582127896 4.471256271 0.0 0
1582128057 4.276643052 0.0 0
1582128223 4.196786236 0.0 0
1582128402 4.489816851 0.0 0
1582128564 4.420337444 0.0 0
1582128728 4.546326499 0.0 0
1582128893 5.334519685 0.0 0
1582129060 4.430682282 0.0 0
1582129227 4.010652643 0.0 0
1582129386 4.371947092 0.0 0
1582129547 4.670526885 0.0 0
1582129710 4.189414826 0.0 0
1582185136 4.053595059 0.0 0
1582185316 6.223023671 0.0 0
1582186048 4.015655424 2.25 3
1582186207 4.235328162 3.75 7
1582186943 3.881805172 3.25 6
1582187904 4.104643687 3.75 6
1582188065 4.234815954 0.0 0
1582188223 3.930177914 0.0 0
1582188383 4.34563908 3.2 6
1582193834 3.902341598 0.0 0
1582193997 4.206141405 0.0 0
1582194161 4.169373336 0.0 0
1582194318 4.007614104 0.0 0
1582194479 3.921261058 0.0 0
1582194643 4.185501747 0.0 0
1582194809 3.918956165 0.0 0
1582194972 4.093084335 0.0 0
1582195133 4.165495489 0.0 0
1582195296 4.093232604 0.0 0
1582195791 4.18324298 0.0 0
1582195949 5.04373695 0.0 0
1582196107 4.043951429 0.0 0
1582196267 4.178654633 0.2 1
1582196426 4.093619279 0.0 0
1582196585 4.01435278 0.0 0
1582196743 3.938035252 0.0 0
1582196903 4.392603337 0.0 0
1582197065 4.178727969 0.0 0
1582197232 4.104773854 0.0 0
1582197387 4.071192928 0.0 0
1582197564 3.928783972 0.0 0
1582197725 3.974338989 0.0 0
1582197882 3.954973122 0.0 0
1582198041 4.060122548 0.0 0
1582198198 4.699586621 0.2 1
1582198359 3.89232237 0.0 0
1582198518 3.936062713 0.0 0
1582198797 4.832223172 0.5 2
1582199150 4.369224067 0.0 0
1582631614 4.003314409 0.0 0
1582631771 4.305146245 0.0 0
1582631927 4.825730457 0.0 0
1582632085 4.127476033 0.0 0
1582632242 4.087475729 0.0 0
1582632401 4.030730017 0.0 0
1582632565 4.439696855 0.0 0
1582632725 4.092708075 0.0 0
1582632885 4.143073872 0.0 0
1582884584 5.360241722 0.0 0
1582884762 4.174736303 0.0 0
1582884930 4.030225629 0.0 0
1582885094 4.297613669 0.0 0
1582885259 4.452786436 0.0 0
1582885421 4.064095955 0.0 0
1582885580 4.335320458 0.0 0
1582885742 4.267385032 0.0 0
1582885907 4.100061817 0.0 0
1582886065 3.979428858 0.0 0
1574707145 4.291354714 0.0 0
