1569850080 7.747403098 0.0 0
1569850080 7.747403098 0.0 0
1569850842 5.464118933 0.0 0
1569851103 1.583001174 0.0 0
1569851303 6.1990689 0.0 0
1569851652 4.776297599 0.0 0
1569851865 4.118075109 0.0 0
1569852094 4.233737222 0.0 0
1569852319 7.483285891 0.0 0
1569852555 4.013690409 0.0 0
1569853196 8.503037822 0.0 0
1569853490 7.27619143 0.0 0
1570543206 4.700958613 0.0 0
1570543564 4.026741525 0.0 0
1570543776 6.901535055 0.0 0
1570544693 4.158906126 0.0 0
1570544951 6.83132151 0.0 0
1570545152 5.324884157 0.0 0
1570545371 6.051782911 0.0 0
1571323076 4.207607901 0.0 0
1571325193 4.133819118 0.0 0
1571325390 6.944681648 0.0 0
1571325595 4.488206053 0.0 0
1571325795 5.470994419 0.0 0
1571325992 5.500374345 0.0 0
1571326886 14.45876278 0.0 0
1571327101 7.973137655 0.0 0
1571327308 4.638509479 0.0 0
1571395985 4.049283283 0.0 0
1571396182 4.38606619 0.0 0
1571396381 4.136926836 0.0 0
1571396581 1.899561016 0.0 0
1571396777 4.305132449 0.0 0
1571397004 7.574831289 0.0 0
1571397209 4.944506301 0.0 0
1571397409 4.103004284 0.0 0
1571397606 3.894332224 0.0 0
1571397804 4.255697009 0.0 0
1571405053 1.922062037 0.0 0
1571405253 1.834361355 0.0 0
1571405448 4.953268052 0.6 2
1571405681 4.213635951 0.0 0
1571405880 4.318703652 0.0 0
1571409104 1.872285301 0.0 0
1571409302 5.038239571 0.0 0
1571409501 4.765878486 0.0 0
1571409718 4.303109912 0.0 0
1571409916 4.022149389 0.0 0
1571664522 3.595391169 -1 -1
1571665031 7.950412251 0.25 1
1571665245 4.134074202 0.0 0
1571665439 4.224704544 0.0 0
1571665634 4.17887434 0.0 0
1571665829 3.970999085 0.0 0
1571668247 9.127594241 0.0 0
1571668447 1.767927095 0.0 0
1571668649 4.933990927 0.0 0
1571668843 4.477021018 0.0 0
1571669044 4.206414528 0.0 0
1571752117 4.878414224 0.0 0
1571752313 6.489576084 0.0 0
1571752512 11.553731203 0.0 0
1571752717 4.125178216 0.0 0
1571752913 4.466032615 0.0 0
1571753108 5.483617313 0.0 0
1571753305 5.337648425 0.0 0
1571753502 5.746846489 0.0 0
1571753700 4.080401269 0.0 0
1571753896 4.061011585 0.0 0
1571760255 4.356331319 0.0 0
1571760452 5.423967459 0.0 0
1571760653 4.336184316 0.0 0
1571760854 3.928366775 0.0 0
1571761052 3.831795206 0.0 0
1571761260 9.068556486 0.0 0
1571761458 4.174840839 0.25 1
1571761653 4.262047369 0.0 0
1571761850 4.302726174 0.0 0
1571762058 4.258932769 0.0 0
1572003360 4.087768515 0.0 0
1572003557 5.919601426 0.0 0
1572003752 6.744955768 0.0 0
1572003950 4.910460323 0.0 0
1572004146 4.101899455 0.0 0
1572004342 4.143238971 0.0 0
1572004536 6.77883445 0.0 0
1572004735 10.308076873 0.0 0
1572004939 5.524954691 0.0 0
1572005136 4.120706204 0.0 0
1572011338 5.860606075 0.16666666666666666 1
1572011534 4.707154496 1.6 4
1572011734 4.002155748 0.75 2
1572011928 4.303573466 1.25 3
1572012124 5.412411623 0.6 1
1572012321 4.187729974 0.25 1
1572012516 4.725042556 0.2 1
1572012712 1.77720587 1.0 2
1572012905 4.271394322 1.5 3
1572013099 4.299402511 1.4 4
1572265159 3.926556034 0.0 0
1572265361 1.718179302 0.0 0
1572265555 5.143495696 0.0 0
1572265753 6.502127625 0.0 0
1572265958 4.00929302 0.0 0
1572266159 4.032711832 0.0 0
1572266359 4.180947662 0.0 0
1572266557 3.964412896 0.0 0
1572266756 5.077140038 0.0 0
1572266962 6.233630979 0.0 0
1572274209 5.916776351 0.0 0
1572274389 1.57944385 0.0 0
1572274554 1.500683187 0.0 0
1572274724 5.041432788 0.0 0
1572275061 5.978587837 0.0 0
1572275233 9.849098816 0.0 0
1572275410 3.774838669 0.0 0
1572275578 4.436276085 0.0 0
1572275752 3.644484266 0.0 0
1572361374 4.107752531 0.0 0
1572361570 4.059948333 0.0 0
1572361764 5.338782931 0.0 0
1572361959 7.667558322 0.0 0
1572362158 4.184482072 0.0 0
1572362356 1.83640191 0.0 0
1572362549 4.68831514 0.0 0
1572362748 5.08169431 0.0 0
1572362943 4.31338412 0.0 0
1572363139 6.824791188 0.0 0
1572367001 6.069278621 0.0 0
1572367170 5.577129682 0.0 0
1572367341 3.754890161 0.0 0
1572367509 1.36473046 0.0 0
1572367689 8.30757409 0.0 0
1572367867 7.298309998 0.0 0
1572368036 5.916160288 0.0 0
1572368205 3.923214586 0.0 0
1572368371 3.271410409 0.0 0
1572368536 11.296965862 0.0 0
1572532490 7.216628842 0.0 0
1572532691 11.324288381 0.0 0
1572532895 76.802472844 0.0 0
1572544589 5.381394397 0.0 0
1572544757 5.674268283 0.0 0
1572544928 7.835144118 0.0 0
1572545101 11.111685207 0.0 0
1572545274 8.252657432 0.0 0
1572870102 3.768754418 0.0 0
1572870320 5.589546859 0.0 0
1572870503 7.50155292 0.0 0
1572870723 5.478793153 0.0 0
1572870892 5.487553423 0.0 0
1572965484 3.377289725 0.0 0
1572965650 4.46136514 0.0 0
1572965818 5.356316369 0.0 0
1572965985 3.247088082 0.0 0
1572966157 3.265488041 0.0 0
1572966325 6.478583534 0.0 0
1572966495 3.33019574 0.0 0
1572966678 11.647027809 0.0 0
1572966857 3.292221997 0.0 0
1572967021 3.552194348 0.0 0
1573207130 4.921368415 0.0 0
1573207298 5.136087254 0.0 0
1573207467 3.248728907 0.0 0
1573207636 1.451438936 0.0 0
1573207803 5.382978229 0.0 0
1573207970 4.996648332 0.0 0
1573208136 4.026994698 0.0 0
1573208302 4.350456985 0.0 0
1573208472 1.452626772 0.0 0
1573208635 7.243844289 0.0 0
1573220371 3.217227863 0.0 0
1573220538 4.883886934 0.0 0
1573220707 5.732611993 0.0 0
1573220875 4.986360442 0.0 0
1573221043 4.181230121 0.0 0
1573221209 3.497805215 0.0 0
1573221373 5.678728253 0.0 0
1573221543 4.940396265 0.0 0
1573221711 4.82488594 0.2 1
1573221879 3.323352655 0.0 0
1573222069 8.528424474 0.0 0
1573222239 5.239405892 0.0 0
1573222405 3.292708084 0.0 0
1573222574 1.409097025 0.0 0
1573222741 3.379732419 0.0 0
1573301220 6.23409117 0.0 0
1573301388 8.178509055 0.0 0
1573301571 5.86386687 0.0 0
1573301756 4.797077478 0.0 0
1573301926 6.411498942 0.0 0
1573302104 3.323199446 0.0 0
1573302272 11.588668161 0.0 0
1573302446 5.298586981 0.0 0
1573302614 3.239596897 0.5 2
1573302799 6.786859945 0.0 0
1573303934 1.449147577 0.0 0
1573304094 4.639319712 0.0 0
1573304255 3.203312125 0.0 0
1573304422 3.214663809 0.0 0
1573304746 5.229805736 0.0 0
1573304905 4.934374871 0.0 0
1573305067 3.836388111 0.0 0
1573305232 1.66702294 0.0 0
1573305387 5.996495491 0.0 0
1573752820 4.227113879 0.0 0
1573752978 3.964392426 0.25 1
1573753136 2.896403787 0.0 0
1573753291 2.936944463 0.0 0
1573753448 4.233480027 0.0 0
1573753605 3.148363588 0.0 0
1573753759 10.635773049 0.0 0
1573753921 3.016266 0.0 0
1573754740 5.968597328 0.0 0
1573754903 3.485160624 0.0 0
1573755066 8.074101287 0.0 0
1573755231 5.336075894 0.0 0
1573755390 5.24868771 0.0 0
1573755548 1.239344019 0.0 0
1573755703 7.769752329 0.0 0
1573755861 6.515704933 0.0 0
1573756019 4.970226603 0.2 1
1573756183 3.025781084 0.0 0
1573831644 5.192306969 2.0 4
1573831971 3.007793214 1.6666666666666667 3
1573832286 3.288531614 1.8 5
1573832446 10.669755284 0.9090909090909091 2
1573832606 3.340354262 1.3333333333333333 3
1573832762 3.1968686 1.6666666666666667 2
1573832917 3.141147619 1.6666666666666667 3
1573833114 4.512135875 1.5 3
1573833276 4.9808513 0.2 1
1573833433 4.346285498 3.75 5
1573833592 4.444300752 1.4 3
1573833748 11.081644886 3.8181818181818183 6
1573901281 2.985536351 0.0 0
1573901435 3.272211286 0.75 3
1573901597 5.991139429 0.0 0
1573901754 1.649734433 0.0 0
1573901907 2.986963324 0.25 1
1573902221 2.911854289 0.0 0
1573902377 2.992405667 0.0 0
1573902535 3.288185701 0.0 0
1574686055 4.817190781 0.8 3
1574686215 1.357069216 0.0 0
1574686377 3.645635962 0.5 2
1574686535 1.319225906 1.0 1
1574686698 3.259606851 0.0 0
1574686863 3.737497624 1.5 4
1574687050 6.126236599 1.1428571428571428 2
1574687226 3.321827037 0.0 0
1574689935 3.421326501 0.6666666666666666 1
1574690273 2.860889758 2.0 3
1574690443 3.557967824 1.8 3
1574690774 3.342739196 1.5 3
1574690938 8.366887051 2.3333333333333335 4
1574691297 3.251834764 1.75 3
1574706948 5.735394107 0.0 0
1574707159 3.713600751 0.0 0
1574954269 3.766733509 0.75 2
1574954434 4.594990728 0.0 0
1574954606 5.230400365 0.0 0
1574954792 4.980549497 1.5 3
1574954952 3.056352673 0.25 1
1574955111 3.152132934 0.0 0
1574955368 2.988452339 2.25 5
1574955529 3.0483424 0.0 0
1574955687 5.948637774 0.0 0
1575026596 5.64796226 2.5714285714285716 6
1575026757 7.200267845 0.0 0
1575026918 5.963317764 0.0 0
1575027080 7.380381606 0.14285714285714285 1
1575027244 5.668336439 2.1666666666666665 4
1575027407 6.747790818 0.0 0
1575027569 6.50786291 1.375 3
1575027729 5.912349329 1.7142857142857142 5
1575027893 7.516437023 0.0 0
1575112913 3.163603141 2.0 4
1575113078 3.458047838 2.0 4
1575113234 5.676417845 0.0 0
1575113396 2.99157882 1.3333333333333333 3
1575113555 4.562233893 3.0 6
1575113713 3.18767808 0.0 0
1575113870 2.989632011 1.75 4
1575114191 7.375874659 3.111111111111111 5
1575114351 3.051940258 0.3333333333333333 1
1575289844 3.288046933 1.3333333333333333 2
1575290008 5.50111078 1.5714285714285714 3
1575290176 23.422921713 0.0 0
1575290533 5.025690094 2.1666666666666665 4
1575290709 4.967447132 0.0 0
1575291193 5.180039887 0.0 0
1575291355 5.664504661 0.6666666666666666 3
1575384241 7.744140456 2.625 5
1575384405 4.053834925 1.8 4
1575384725 6.441659172 1.25 3
1575384884 3.261478313 2.5 6
1575385044 2.795870152 0.0 0
1575385205 4.563080942 1.75 2
1575385363 5.791575136 2.2857142857142856 4
1575385527 5.79671853 2.0 4
1575385686 3.516197943 2.0 4
1575556624 5.644081064 2.0 4
1575556960 4.710729842 0.5 2
1575557142 4.958186849 1.1666666666666667 3
1575557314 5.451534575 0.0 0
1575557496 3.925599265 2.6 5
1575557671 8.57682629 1.2222222222222223 2
1575558489 4.318260768 3.2 6
1579184123 5.807463396 0.0 0
1579184838 5.439155063 2.5 3
1579185340 3.800399621 2.0 6
1579185696 3.196051781 3.0 6
1579185879 3.004176773 1.0 2
1579186064 4.511538872 0.0 0
1579186235 4.980729834 2.5 5
1579351860 3.676883113 3.2 4
1579352018 6.072473632 3.375 7
1579352342 5.168804138 2.8333333333333335 5
1579352667 2.990247988 4.0 7
1579352824 6.997353536 0.8571428571428571 3
1579352990 5.093529802 0.0 0
1579353150 8.011590836 1.7777777777777777 4
1579354017 6.019896914 2.0 4
1579523336 6.681235646 0.0 0
1579523680 1.753624769 0.0 0
1579523855 5.499007742 2.5 5
1579524044 1.493779324 0.0 0
1579524225 5.706111613 0.0 0
1579524395 4.879823691 1.6666666666666667 6
1579524560 5.584263328 2.0 3
1579537574 5.686107356 1.4 3
1580215420 6.644224849 1.125 3
1580215756 1.305955415 0.5 1
1580215912 5.05201529 1.3333333333333333 3
1580216394 5.726598209 2.2857142857142856 5
1580216557 3.153803136 0.0 0
1580216720 4.670240378 2.0 4
1580304806 3.584324095 0.6 2
1580304965 5.364749192 0.0 0
1580305126 5.333701575 1.0 2
1580305286 6.695165584 3.0 5
1580305470 3.973011894 0.0 0
1580305633 4.647953713 0.6666666666666666 2
1580305950 3.210271037 0.0 0
1580306106 4.59057177 0.5 1
1581935307 3.215017583 1.0 2
1581935465 4.095972156 0.0 0
1581935629 5.857917699 0.0 0
1581935793 5.306593261 0.0 0
1581935959 2.917502273 2.5 7
1581936131 4.330122232 0.0 0
1581936301 2.863630334 0.0 0
1581936465 3.132380643 0.0 0
1581936623 5.043941941 2.8333333333333335 6
1581936798 3.01803157 0.0 0
1582026983 5.901780242 0.0 0
1582027143 3.153739016 1.0 2
1582027314 1.320200264 0.0 0
1582027478 27.156933936 0.0 0
1582027888 3.424582937 0.0 0
1582028055 9.029646205 0.8888888888888888 3
1582028221 8.470371308 1.0 2
1582028392 4.274378483 0.0 0
1582028560 6.610541376 0.0 0
1582028729 3.000070591 0.6666666666666666 1
1582113205 1.298613383 0.0 0
1582113365 4.906078219 0.8333333333333334 1
1582113531 6.300622186 1.3333333333333333 3
1582113696 3.105300518 0.0 0
1582114037 4.097944771 2.25 4
1582114201 3.154982535 0.3333333333333333 1
1582114363 6.990883322 0.0 0
1582114529 3.029758134 0.0 0
1582114693 3.303614905 1.3333333333333333 3
1582114856 2.976908001 1.0 3
1582115024 2.907401508 0.0 0
1582115184 5.184025445 0.0 0
1582115352 3.896258483 0.0 0
1582115515 3.452526086 0.75 3
1582115677 5.128786357 2.0 4
1582115841 3.162758315 0.0 0
1582116005 3.192655898 0.0 0
1582116398 8.069554044 1.125 2
1582116577 4.057448935 0.0 0
1582116741 3.412411932 0.0 0
1582119061 4.258287774 0.8 3
1582119225 8.475147123 1.0 3
1582119397 5.501051335 0.0 0
1582119745 4.601880843 1.0 2
1582119916 1.720134562 0.0 0
1582120086 5.026672419 0.0 0
1582120257 4.839230804 0.0 0
1582120976 3.830478948 0.0 0
1582121143 6.705579172 0.0 0
1582121390 1.339576071 0.0 0
1582125076 3.08321564 0.0 0
1582125292 2.911871247 0.0 0
1582125937 7.176858802 0.0 0
1582126102 10.927436069 0.0 0
1582126269 2.988869884 0.0 0
1582126436 1.614519791 1.3333333333333333 2
1582126600 3.967642635 0.0 0
1582126765 4.622176829 0.0 0
1582126930 1.640425927 0.0 0
1582127087 3.106346087 4.0 5
1582127256 1.440536014 0.0 0
1582127421 2.946393144 0.0 0
1582127587 3.019404683 0.0 0
1582127750 4.870439259 2.0 4
1582127913 3.136273132 0.0 0
1582128078 4.622624732 0.0 0
1582128240 3.270234675 0.0 0
1582128419 4.925110849 2.0 3
1582128581 2.979862873 0.0 0
1582128745 4.72695083 0.0 0
1582128911 5.252050429 0.0 0
1582129077 4.72373485 1.4 4
1582129242 3.022829605 1.0 3
1582129403 3.671010781 0.0 0
1582129565 5.284516837 0.0 0
1582129727 3.34648277 1.0 2
1582185370 6.560181947 1.5 3
1582186222 2.926831515 0.0 0
1582186960 4.524705159 0.0 0
1582187920 3.839208364 0.0 0
1582188081 3.337342731 0.0 0
1582188240 5.139660128 0.0 0
1582188398 2.987463326 0.0 0
1582193850 6.369968741 1.125 3
1582194013 5.161290082 1.4 3
1582194176 2.909861073 3.5 6
1582194334 6.703721487 1.5714285714285714 4
1582194496 7.382832067 2.0 6
1582194659 6.233641742 1.7142857142857142 4
1582194825 6.808451404 2.2857142857142856 6
1582194990 4.319100292 2.2 6
1582195149 5.483881584 2.8333333333333335 5
1582195312 3.160392193 0.0 0
1582195807 4.412442749 2.4 5
1582195966 3.812347418 0.75 1
1582196124 5.977407651 2.3333333333333335 4
1582196283 5.687340942 3.4285714285714284 6
1582196605 1.66281952 1.0 2
1582196759 5.320800977 2.6 4
1582196920 4.520960116 3.75 4
1582197081 12.477880538 1.9230769230769231 3
1582197247 3.033716484 1.3333333333333333 3
1582197404 6.532980979 1.125 4
1582197581 5.45847468 2.8 5
1582197741 2.980737374 0.6666666666666666 2
1582197899 4.740245561 2.2 4
1582198058 3.227785357 0.6666666666666666 1
1582198215 7.25707624 2.7142857142857144 5
1582198374 2.978348326 2.3333333333333335 6
1582199004 5.503431652 1.6666666666666667 2
1582199167 5.354674312 3.0 5
1582631472 5.337298678 0.0 0
1582631630 3.387788957 1.0 3
1582631786 4.110738485 1.5 4
1582631944 3.177745421 0.0 0
1582632101 3.328300485 0.0 0
1582632257 3.283900058 1.8 5
1582632418 6.697683007 0.0 0
1582632581 2.900159965 0.0 0
1582632741 6.518524835 2.142857142857143 3
1582632901 5.539870304 1.7142857142857142 3
1582884779 9.819735854 2.111111111111111 4
1582884947 5.950250575 1.3333333333333333 4
1582885110 8.706636852 0.0 0
1582885437 3.844658497 0.75 1
1582885597 6.432232597 1.2857142857142858 4
1582885764 1.266269112 0.0 0
1582885923 3.784966958 0.0 0
1582886081 8.498123431 0.8888888888888888 2
1574707159 3.713600751 0.0 0
