1569853963 5.902565219 0.0 0
1569854990 5.720588216 0.0 0
1569855538 5.376327828 0.0 0
1570448216 5.384552628 -1 -1
1570449171 5.620510086 0.2 1
1570449597 5.361465945 0.2 1
1571323583 5.714578735 0.0 0
1571323986 5.383908302 0.16666666666666666 1
1571324384 5.630987641 0.0 0
1571324777 5.645022811 0.0 0
1571327707 5.956493747 0.0 0
1571328098 5.752097782 0.0 0
1571328489 5.440428334 0.0 0
1571328880 5.555264962 0.0 0
1571329272 5.80318718 0.0 0
1571329660 5.666529992 0.0 0
1571330638 5.552524328 0.0 0
1571398211 5.591842162 0.0 0
1571398607 5.782857812 0.0 0
1571398998 5.479998265 0.0 0
1571399390 5.894124031 0.0 0
1571399782 5.578624043 0.0 0
1571400179 5.867730073 0.0 0
1571400600 5.491926899 0.0 0
1571401000 5.591815181 0.0 0
1571401393 5.831184465 0.0 0
1571401782 5.691695523 0.0 0
1571407162 5.999215219 0.0 0
1571407555 5.757934078 0.0 0
1571407945 5.638914364 0.0 0
1571408336 5.79972199 0.0 0
1571408728 5.361272106 0.0 0
1571666220 5.65374398 0.0 0
1571666612 5.679598433 0.0 0
1571667004 5.34805105 0.0 0
1571667394 5.636035964 0.0 0
1571667840 5.901267662 0.0 0
1571669490 5.507278031 0.0 0
1571669884 5.736131635 0.0 0
1571754401 5.962610254 0.0 0
1571754792 5.536596292 0.0 0
1571755193 6.059929378 0.0 0
1571755595 5.869513786 0.0 0
1571756015 19.475916365 0.0 0
1571756824 5.533997823 0.0 0
1571757262 5.965021851 0.0 0
1571757679 5.61778277 0.16666666666666666 1
1571758468 5.664727883 0.0 0
1571758865 5.795265534 0.0 0
1571762472 5.777881085 0.0 0
1571762870 5.392598766 0.0 0
1571763261 5.288283131 0.0 0
1571763652 5.473849594 0.0 0
1571764045 5.878387324 0.0 0
1571764470 5.682103393 0.0 0
1571764862 5.964846782 0.0 0
1571765251 5.710838999 0.0 0
1571765642 5.963739579 0.0 0
1571766032 5.633168135 0.0 0
1571767000 5.589440855 0.0 0
1572006760 5.916782604 0.0 0
1572007359 5.915359486 0.0 0
1572007754 5.720160084 0.0 0
1572008263 5.892042589 0.0 0
1572008665 5.621121512 0.0 0
1572009061 5.623459705 0.0 0
1572009450 5.628032665 0.0 0
1572009840 5.523151698 0.0 0
1572010231 5.564469808 0.0 0
1572010627 5.496835733 0.0 0
1572011018 5.572020915 0.2 1
1572013581 5.484042441 0.0 0
1572013974 5.86648521 0.0 0
1572014366 5.762542967 0.0 0
1572014755 5.475158219 0.0 0
1572015145 5.522759285 0.0 0
1572268309 5.619297693 -1 -1
1572269220 5.89120328 0.3333333333333333 1
1572269628 5.679570708 0.2 1
1572270044 5.750041118 0.16666666666666666 1
1572270440 6.126018444 0.16666666666666666 1
1572270832 5.242456831 0.2 1
1572271359 5.736739718 0.16666666666666666 1
1572272533 4.31315454 0.0 0
1572272869 4.544297656 0.0 0
1572273201 5.753182208 0.0 0
1572273547 4.486023876 0.0 0
1572273882 4.734131314 0.0 0
1572276304 4.565510397 0.0 0
1572276643 4.556888434 0.0 0
1572276973 4.652426033 0.0 0
1572277304 4.702876409 0.0 0
1572277639 4.434429484 0.0 0
1572277998 4.477062206 0.0 0
1572278330 4.590742289 0.0 0
1572278662 4.718349056 0.0 0
1572363720 4.228059014 0.0 0
1572364050 4.657437451 0.0 0
1572364381 4.465287649 0.0 0
1572364714 4.554001852 0.0 0
1572365055 4.616501233 0.0 0
1572365385 4.86402051 0.0 0
1572365764 4.718616839 0.0 0
1572366144 4.483171106 0.0 0
1572366477 4.600220306 0.0 0
1572366810 4.453828902 0.0 0
1572369839 4.395861581 0.0 0
1572370169 4.54785145 0.0 0
1572370500 4.540000728 0.0 0
1572370831 4.551979958 0.0 0
1572371160 4.758452472 0.0 0
1572371492 4.467177676 0.0 0
1572371823 4.587801427 0.0 0
1572372152 4.562608963 0.0 0
1572372482 4.599686993 0.0 0
1572372815 4.605973787 0.0 0
1572533826 4.652140905 0.0 0
1572534180 4.648136992 0.0 0
1572534527 4.799101602 0.0 0
1572534858 5.150994095 0.0 0
1572535207 4.41728283 0.0 0
1572535538 4.657025756 0.0 0
1572535872 4.976207945 0.0 0
1572536204 4.708316163 0.0 0
1572536567 4.480538557 0.0 0
1572536904 4.514639887 0.0 0
1572537825 4.572913988 0.0 0
1572538478 4.473038313 0.0 0
1572539134 4.648070422 0.0 0
1572539787 4.76861285 0.0 0
1572540442 4.516457205 0.0 0
1572541346 4.660648277 0.0 0
1572541995 4.867866408 0.0 0
1572542643 4.511297217 0.0 0
1572543289 4.445250236 0.0 0
1572543962 4.525900932 0.0 0
1572871711 4.603937212 0.0 0
1572872359 4.192686784 0.0 0
1572873040 4.394859683 0.0 0
1572873691 4.591522845 0.0 0
1572874361 4.69037752 0.0 0
1572875413 4.310135854 0.0 0
1572876319 4.573335114 0.0 0
1572877492 4.38625654 0.0 0
1572878159 5.499941547 0.0 0
1572879390 4.471909663 0.0 0
1572880022 4.963747321 0.0 0
1572880450 4.734800747 0.0 0
1572880785 4.639839672 0.0 0
1572881135 4.635451774 0.0 0
1572881467 4.302045296 0.0 0
1572881802 4.567340809 0.0 0
1572882132 4.417124403 0.0 0
1572882523 4.615259362 0.0 0
1572882854 4.543499088 0.0 0
1572883213 4.697486591 0.0 0
1572883548 4.688929965 0.0 0
1572967780 5.075565077 0.16666666666666666 1
1572968766 5.548597057 0.0 0
1572969738 4.64763598 0.0 0
1572970397 4.63435483 0.0 0
1572971049 4.628136393 0.0 0
1572971708 4.670299961 0.0 0
1572972370 4.495903455 0.0 0
1572973082 4.430171397 0.0 0
1572973736 4.58367902 0.0 0
1572974386 4.675051429 0.0 0
1572975041 4.697383191 0.0 0
1572975440 4.475553348 0.0 0
1572975771 4.65947226 0.0 0
1572976142 4.655716125 0.0 0
1572976521 4.776328005 0.0 0
1572976852 4.360051049 0.0 0
1572977183 4.409639742 0.0 0
1572977545 4.629269013 0.0 0
1572977874 4.622201953 0.0 0
1572978264 4.640418934 0.0 0
1573209321 4.635817441 0.0 0
1573209988 4.659361952 0.0 0
1573210652 4.518275229 0.0 0
1573211320 4.509229299 0.0 0
1573211976 4.600407325 0.0 0
1573212625 4.449091524 0.0 0
1573213278 4.744967977 0.0 0
1573213944 4.639494043 0.0 0
1573214602 4.624675327 0.0 0
1573215263 4.790871306 0.0 0
1573218467 4.467378081 0.0 0
1573218801 4.952119311 0.0 0
1573306702 3.797612935 0.0 0
1573307025 4.229227712 0.0 0
1573307360 4.17680065 0.0 0
1573307678 4.091898033 0.0 0
1573307999 4.423665569 0.0 0
1573308313 4.165052211 0.0 0
1573308645 3.937936084 0.0 0
1573308965 4.200177516 0.0 0
1573309287 4.366071556 0.0 0
1573309616 4.091541917 0.0 0
1573310761 4.271267291 0.0 0
1573311377 4.260515112 0.0 0
1573311995 4.137153808 0.0 0
1573312693 4.164507453 0.0 0
1573313313 4.823820335 0.0 0
1573313936 4.372303132 0.0 0
1573314564 4.228063751 0.0 0
1573315255 4.299191737 0.0 0
1573742013 4.191841493 0.0 0
1573743645 4.086782046 0.0 0
1573743746 4.020566869 0.0 0
1573743845 4.003466948 0.0 0
1573743944 3.983796701 0.0 0
1573744042 4.053144801 0.0 0
1573744138 4.026969452 0.0 0
1573744236 4.289178442 0.0 0
1573744334 4.08265342 0.0 0
1573744426 4.257696519 0.0 0
1573744522 4.077468879 0.0 0
1573744628 3.972726478 0.0 0
1573744727 4.104541295 0.0 0
1573744842 4.156040805 0.0 0
1573745076 3.964711015 0.0 0
1573745259 4.001153886 0.0 0
1573745356 4.065183139 0.0 0
1573745458 4.423929535 0.0 0
1573745555 3.926225004 0.0 0
1573745658 4.089102324 0.0 0
1573745755 4.09303665 0.0 0
1573745858 4.268635714 0.0 0
1573745957 2.776270167 0.0 0
1573746052 4.121802064 0.0 0
1573746153 4.229571572 0.0 0
1573746251 3.839802267 0.0 0
1573746351 4.25117167 0.0 0
1573746452 4.06415841 0.0 0
1573746549 4.004752749 0.0 0
1573746645 3.964904123 0.0 0
1573748965 4.252429227 0.0 0
1573749062 4.05962401 0.0 0
1573749164 4.139460936 0.0 0
1573749274 4.496673482 0.0 0
1573749372 4.182116788 0.0 0
1573749507 4.046919183 0.0 0
1573749606 4.105206354 0.0 0
1573749706 4.208845747 0.0 0
1573749901 4.015292316 0.0 0
1573828226 4.291806659 0.0 0
1573828534 4.280643139 0.0 0
1573828841 4.1858987 0.0 0
1573829146 3.98316241 0.0 0
1573829450 4.353478234 0.0 0
1573829830 4.386978344 0.0 0
1573830318 4.183475042 0.0 0
1573830627 4.061789555 0.0 0
1573830934 4.031593135 0.0 0
1573831239 4.180850637 0.0 0
1573902873 4.068147543 0.0 0
1573903185 3.92786584 0.0 0
1573903499 4.159740965 0.0 0
1573903808 4.165326124 0.0 0
1573904118 4.043549856 0.0 0
1573904426 4.136806445 0.0 0
1574688197 4.101512413 0.0 0
1574688514 4.000172194 0.0 0
1574689336 9.257473511 0.0 0
1574692209 4.261397386 0.0 0
1574692526 3.995080967 0.0 0
1574693438 3.912152244 0.0 0
1574693756 4.062602567 0.0 0
1574694086 4.195381529 0.0 0
1574694832 4.201499149 0.0 0
1574694945 5.254429929 0.0 0
1574695386 3.971040307 0.0 0
1574695729 4.068630999 0.0 0
1574696037 4.093829249 0.0 0
1574696763 4.018387059 0.0 0
1574697339 3.976895432 0.0 0
1574697933 3.963737756 0.0 0
1574698502 4.069585299 0.0 0
1574699090 4.154014743 0.0 0
1574706719 4.257580297 0.0 0
1574707353 4.175376918 0.0 0
1574708319 4.044505646 0.0 0
1574708441 4.426190554 0.0 0
1574708617 4.170826506 0.0 0
1574708974 4.144655467 0.0 0
1574709186 4.803257272 0.0 0
1574709927 4.267977889 0.0 0
1574710531 3.989175427 0.0 0
1574711183 4.023996133 0.0 0
1574950984 4.189447623 0.0 0
1574951358 4.084692627 0.0 0
1574951713 4.210468518 0.0 0
1574952040 4.046044489 0.0 0
1574952355 4.264797459 0.0 0
1574952759 4.168646516 0.0 0
1574953080 41.318291009 0.024390243902439025 1
1574953449 4.303797154 0.0 0
1574953775 4.311868345 0.0 0
1574954101 4.022809659 0.0 0
1574956512 4.122673498 0.0 0
1574957181 4.062220849 0.0 0
1574957775 4.078136717 0.0 0
1574958358 4.152021089 0.0 0
1574958952 4.220235002 0.0 0
1574959562 3.881893391 0.0 0
1574960139 3.97023313 0.0 0
1574960726 4.095330704 0.0 0
1574961392 4.030401861 0.0 0
1574961961 3.964387885 0.0 0
1575028385 4.150073584 0.0 0
1575028693 4.178223479 0.0 0
1575029030 4.26946554 0.0 0
1575029345 4.098770639 0.0 0
1575029653 4.263000256 0.0 0
1575029966 4.010244789 0.0 0
1575030277 4.140462644 0.0 0
1575030593 4.038150545 0.0 0
1575030924 4.101034874 0.0 0
1575031236 4.188368929 0.0 0
1575033441 4.252146897 0.0 0
1575034008 4.137278388 0.0 0
1575034599 4.060647111 0.0 0
1575035172 4.071121911 0.0 0
1575035736 4.843817928 0.0 0
1575036772 4.178015827 0.0 0
1575037333 4.360698216 0.0 0
1575037890 4.228541618 0.0 0
1575038901 4.187559345 0.0 0
1575039467 4.071216018 0.25 1
1575114666 4.046907151 0.0 0
1575114975 4.192593452 0.0 0
1575115284 4.096475073 0.0 0
1575115594 4.216355093 0.0 0
1575115909 4.099702739 0.0 0
1575116219 3.849627539 0.0 0
1575116529 4.139281264 0.0 0
1575116839 4.01285691 0.0 0
1575117147 4.031410612 0.0 0
1575117455 4.176295001 0.0 0
1575120731 4.197616699 0.0 0
1575121290 4.002190257 0.0 0
1575122292 4.079345707 0.0 0
1575122911 4.438311726 0.0 0
1575123468 4.081752558 0.0 0
1575124027 4.095430989 0.0 0
1575124583 4.074422513 0.0 0
1575125148 4.048383907 0.0 0
1575125716 4.191671488 0.0 0
1575126281 4.25143108 0.0 0
1575293188 4.13752565 0.25 1
1575293520 4.067970402 0.25 1
1575293861 4.186261356 0.0 0
1575294198 4.08858861 0.0 0
1575294541 4.077632562 0.0 0
1575294888 4.197485996 0.0 0
1575295290 3.983823749 0.0 0
1575295659 3.871220715 0.0 0
1575296870 4.033615819 0.0 0
1575297209 4.090140833 0.0 0
1575298039 4.060382764 0.0 0
1575298610 4.178402322 0.0 0
1575299182 4.18897656 0.0 0
1575299760 4.122640647 0.0 0
1575300368 4.226261052 0.0 0
1575300943 4.100595337 0.0 0
1575301740 4.059110804 0.0 0
1575386077 4.133846872 0.0 0
1575386390 4.251818704 0.2 1
1575386701 3.948963341 0.0 0
1575387105 3.877094282 0.0 0
1575387413 4.175514352 0.0 0
1575387725 4.096316876 0.0 0
1575388032 4.20946561 0.0 0
1575388340 4.096275552 0.0 0
1575388649 4.060668013 0.0 0
1575390514 4.006142444 0.0 0
1575391085 4.15023468 0.0 0
1575391647 3.951269155 0.0 0
1575392459 3.997411579 0.0 0
1575393075 4.027507262 0.0 0
1575393658 4.113316678 0.0 0
1575394223 4.184633128 0.0 0
1575394785 4.01264885 0.0 0
1575395348 4.100219769 0.0 0
1575395916 3.180881326 0.0 0
1575397521 39.615995947 1.325 3
1575397800 10.256776829 0.0 0
1575398082 10.367131596 0.0 0
1575398326 11.132018118 0.09090909090909091 1
1575473813 3.903945419 0.0 0
1575474318 5.660477434 0.0 0
1575474600 4.437059892 0.0 0
1575558838 4.23149823 0.25 1
1575559148 4.236467559 0.25 1
1575559476 4.184296274 0.25 1
1575559795 4.178575475 0.25 1
1575560163 4.143398445 0.4 1
1575560496 4.217280228 0.25 1
1575560830 3.956137024 0.0 0
1575561361 4.229070655 0.0 0
1575561703 3.926217236 0.0 0
1575562059 4.148540369 0.0 0
1575562833 4.20520189 0.0 0
1575563443 4.143627226 0.0 0
1575564111 4.245766083 0.0 0
1575564690 4.085956594 0.0 0
1575565270 4.155106494 0.0 0
1575565837 4.094845382 0.0 0
1575566408 4.009524736 0.0 0
1575567015 4.12522476 0.0 0
1575568337 4.095257977 0.0 0
1575568919 4.134481605 0.0 0
1579184486 5.525325791 -1 -1
1579186584 4.09189378 0.0 0
1579186932 4.021543286 0.0 0
1579187942 4.177441275 0.0 0
1579188274 4.07669231 0.0 0
1579188379 4.008500373 0.0 0
1579189256 4.066902751 0.0 0
1579189593 3.994757309 0.0 0
1579189917 4.335338511 0.0 0
1579190257 4.092945229 0.0 0
1579191367 4.091778044 0.0 0
1579191981 4.078000513 0.0 0
1579192546 4.020737908 0.0 0
1579193128 4.278363422 0.0 0
1579193715 4.174817813 0.0 0
1579194280 4.209197001 0.0 0
1579194849 4.056734667 0.0 0
1579195414 4.012176538 0.0 0
1579196004 4.304767795 0.0 0
1579196565 3.968846191 0.0 0
1579354341 4.098770846 0.0 0
1579354651 4.256975924 0.0 0
1579354963 4.060269105 0.0 0
1579355268 3.958274632 0.0 0
1579355579 4.129751156 0.0 0
1579355888 4.091296252 0.0 0
1579356194 4.090545816 0.0 0
1579356500 4.274693584 0.0 0
1579356805 3.983886062 0.0 0
1579357283 4.146117478 0.0 0
1579359770 4.102635945 0.0 0
1579360349 4.124383327 0.0 0
1579360908 4.191053402 0.0 0
1579361462 4.135614285 0.0 0
1579362017 4.060570939 0.0 0
1579362573 3.965634913 0.0 0
1579363133 4.038230791 0.0 0
1579363700 3.877097543 0.0 0
1579364263 4.147987719 0.0 0
1579364822 4.166966671 0.0 0
1579524954 4.108674036 0.0 0
1579525296 4.316408364 0.0 0
1579525682 4.080508528 0.0 0
1579526008 4.046551063 0.0 0
1579526331 4.202143807 0.0 0
1579528638 3.979221246 0.0 0
1579529061 3.996178672 0.0 0
1579529438 4.025393183 0.0 0
1579529778 4.099760573 0.0 0
1579530089 3.996707547 0.0 0
1579530817 3.846265023 0.0 0
1579531406 4.11170427 0.0 0
1579532445 4.175791173 0.0 0
1579533204 4.222964477 0.0 0
1579533797 4.022680569 0.0 0
1579534441 3.979618292 0.0 0
1579535113 3.960561207 0.0 0
1579535701 4.004113174 0.0 0
1579536780 4.176865556 0.25 1
1579537349 4.176741966 0.0 0
1580218082 3.969542164 0.0 0
1580218411 4.133807651 0.0 0
1580218745 4.216328908 0.0 0
1580219094 4.12241813 0.0 0
1580219456 4.041825152 0.0 0
1580219781 4.218011867 0.0 0
1580223119 4.098627621 0.0 0
1580223456 4.1055389 0.0 0
1580224074 4.163532127 0.0 0
1580224631 3.928155802 0.0 0
1580225188 4.219752606 0.0 0
1580225753 3.971465139 0.0 0
1580226332 4.302457971 0.0 0
1580226900 4.137063344 0.0 0
1580227497 4.020409696 0.0 0
1580228083 4.220109227 0.0 0
1580228643 3.802101075 0.0 0
1580229206 3.956806328 0.0 0
1580306712 4.062381955 0.0 0
1580307025 4.153222306 0.0 0
1580307422 3.937340939 0.0 0
1580307897 4.239025082 0.0 0
1580308208 4.242811174 0.0 0
1580308524 4.1442866 0.0 0
1580310726 4.398742648 0.0 0
1580311039 4.090209172 0.0 0
1580311348 3.963680355 0.0 0
1580311658 4.223754404 0.0 0
1580312033 4.095531554 0.0 0
1580312635 3.871445518 0.0 0
1580313210 4.01299855 0.0 0
1580314089 4.146897619 0.0 0
1580314729 4.018514618 0.0 0
1580315286 3.97132453 0.0 0
1580315849 4.295562172 0.0 0
1580316422 4.101313217 0.0 0
1580317708 4.193602612 0.0 0
1581937104 27.188485458 0.0 0
1581937416 19.403502111 0.0 0
1581937758 20.265725498 0.0 0
1581938082 21.267690387 0.0 0
1581938402 33.55429587 0.0 0
1581938727 16.915114716 0.0 0
1581939028 33.860395269 0.0 0
1581939372 20.808232049 0.0 0
1581939700 7.756022178 0.0 0
1581939997 12.850903853 0.0 0
1581942773 18.445125958 0.0 0
1581944350 21.557739875 0.0 0
1581945296 4.283468963 0.0 0
1581946246 4.084917462 0.0 0
1581946815 4.128054722 0.0 0
1581947711 4.437120951 0.0 0
1581948301 4.07715193 0.0 0
1581949427 4.652170488 0.0 0
1582027678 4.143244307 0.0 0
1582030825 4.42424977 0.0 0
1582031468 4.138060004 0.0 0
1582031768 4.272253487 0.0 0
1582032139 4.134969393 0.0 0
1582032457 4.691227102 0.0 0
1582033059 4.179974411 0.0 0
1582033354 4.479541312 0.0 0
1582033712 4.01807158 0.0 0
1582035129 4.404299216 0.0 0
1582036003 4.292770777 0.0 0
1582036605 4.700594023 0.0 0
1582037213 4.188783318 0.0 0
1582037812 4.319797775 0.0 0
1582038407 4.688562387 0.0 0
1582038994 4.372810269 0.0 0
1582042661 4.556905223 0.0 0
1582044110 4.315096622 0.0 0
1582044699 4.07737537 0.0 0
1582045015 4.543748404 0.0 0
1582045316 4.476646942 0.0 0
1582045612 3.8876044 0.0 0
1582045925 4.383584884 0.0 0
1582046221 4.345034728 0.0 0
1582120570 4.65912585 0.0 0
1582120796 3.584925018 0.0 0
1582186447 5.271537358 -1 -1
1582189536 3.872837869 0.0 0
1582191008 4.041004136 0.0 0
1582191300 4.084608556 0.0 0
1582191596 3.975371676 0.0 0
1582191891 4.194885555 0.0 0
1582192179 4.229530946 0.0 0
1582192479 4.016922532 0.0 0
1582192768 3.964535336 0.0 0
1582193056 4.094550586 0.0 0
1582193351 4.054733545 0.0 0
1582635118 3.996712604 0.0 0
1582635403 4.122476718 0.0 0
1582635687 3.949130442 0.0 0
1582635971 4.088385202 0.0 0
1582636258 4.003066058 0.0 0
1582636544 4.069419512 0.0 0
1582636837 3.840152607 0.0 0
1582637136 4.971614406 0.0 0
1582637430 4.25023087 0.0 0
1582637726 4.0563071 0.0 0
1582638293 3.974167379 0.0 0
1582638854 3.969769998 0.0 0
1582640521 4.164158234 0.0 0
1582641108 4.137372765 0.0 0
1582641668 4.147851806 0.0 0
1582642241 4.056478257 0.0 0
1582642808 4.479150193 0.0 0
1582643382 4.021474493 0.0 0
1582643979 4.111863905 0.0 0
1582644647 4.468782775 0.0 0
1582886370 4.124779804 0.0 0
1582886663 4.020639259 0.0 0
1582886957 4.076985458 0.0 0
1582887245 4.152776824 0.0 0
1582887532 4.264250434 0.0 0
1582887825 4.103904001 0.0 0
1582888112 3.997312165 0.0 0
1582888398 4.097884616 0.0 0
1582888687 4.135050084 0.0 0
1582889046 4.050838757 0.0 0
1582899149 4.134387839 0.0 0
1582899714 4.078369264 0.0 0
1582900278 4.155047437 0.0 0
1582900838 3.968185023 0.0 0
1582902582 4.100015415 0.0 0
1582903159 4.008347193 0.0 0
1582903748 4.099484175 0.0 0
1574711183 4.023996133 0.0 0
1574708974 4.144655467 0.0 0
