1569853963 5.902565219 0.0 0
1569854990 5.318093951 0.0 0
1569855538 5.376327828 0.0 0
1570447384 6.010839231 0.16666666666666666 1
1570448216 5.342719492 -1 -1
1570449171 5.440363495 0.2 1
1570449597 5.361465945 0.2 1
1571323583 5.501031358 0.0 0
1571323986 5.383908302 0.16666666666666666 1
1571324384 5.39436076 0.0 0
1571324777 5.465553694 0.0 0
1571327707 5.588521394 0.0 0
1571328098 5.463756609 0.0 0
1571328489 5.440428334 0.0 0
1571328880 5.380686581 0.0 0
1571329272 5.45898556 0.0 0
1571329660 5.497488994 0.0 0
1571330638 5.419724842 0.0 0
1571398211 5.38728842 0.0 0
1571398607 5.44095245 0.0 0
1571398998 5.479998265 0.0 0
1571399390 5.470477372 0.0 0
1571399782 5.53360355 0.0 0
1571400179 5.484817024 0.0 0
1571400600 5.448199899 0.0 0
1571401000 5.591815181 0.0 0
1571401393 5.607274482 0.0 0
1571401782 5.614669399 0.0 0
1571407162 5.558571923 0.0 0
1571407555 5.550928923 0.0 0
1571407945 5.433775104 0.0 0
1571408336 5.546564097 0.0 0
1571408728 5.287322808 0.0 0
1571666220 5.478889172 0.0 0
1571666612 5.539063165 0.0 0
1571667004 5.34805105 0.0 0
1571667394 5.502508274 0.0 0
1571667840 5.364245305 0.0 0
1571669490 5.401363391 0.0 0
1571669884 5.455786683 0.0 0
1571754401 5.369621385 0.0 0
1571754792 5.411325329 0.0 0
1571755193 6.182214245 0.0 0
1571755595 5.65958929 0.0 0
1571756015 19.611190746 0.0 0
1571756824 5.412665979 0.0 0
1571757262 5.620802096 0.0 0
1571757679 5.567173323 0.16666666666666666 1
1571758077 5.549887055 0.0 0
1571758468 5.573742518 0.0 0
1571758865 5.620131402 0.0 0
1571762472 5.655907547 0.0 0
1571762870 5.392598766 0.0 0
1571763261 5.201475593 0.0 0
1571763652 5.473849594 0.0 0
1571764045 5.781165918 0.0 0
1571764470 5.544381586 0.0 0
1571764862 5.412679529 0.0 0
1571765251 5.504413615 0.0 0
1571765642 5.429119847 0.0 0
1571766032 5.468430678 0.0 0
1571767000 5.589440855 0.0 0
1572006760 5.871402638 0.0 0
1572007359 5.527256977 0.0 0
1572007754 5.599791616 0.0 0
1572008263 5.428207832 0.0 0
1572008665 5.621121512 0.0 0
1572009061 5.534528274 0.0 0
1572009450 5.537395817 0.0 0
1572009840 5.434382048 0.0 0
1572010231 5.564469808 0.0 0
1572010627 5.190732982 0.0 0
1572011018 5.393225711 0.2 1
1572013581 5.438829279 0.0 0
1572013974 5.562523517 0.0 0
1572014366 5.51375813 0.0 0
1572014755 5.335857592 0.0 0
1572015145 5.479298282 0.0 0
1572268309 5.445892673 -1 -1
1572269220 5.89120328 0.3333333333333333 1
1572269628 5.412754939 0.16666666666666666 1
1572270044 5.404377787 0.16666666666666666 1
1572270440 5.655501786 0.16666666666666666 1
1572270832 5.242456831 0.2 1
1572271359 5.340927489 0.16666666666666666 1
1572272533 4.180920262 0.0 0
1572272869 4.376311783 0.0 0
1572273201 5.457240387 0.0 0
1572273547 4.486023876 0.0 0
1572273882 4.571088664 0.0 0
1572276304 4.440985131 0.0 0
1572276643 4.394186118 0.0 0
1572276973 4.410742141 0.0 0
1572277304 4.450624161 0.0 0
1572277639 4.344886091 0.0 0
1572277998 4.400136037 0.0 0
1572278330 4.45199628 0.0 0
1572278662 4.508437773 0.0 0
1572363720 4.228059014 0.0 0
1572364050 4.388558696 0.0 0
1572364381 4.296250636 0.0 0
1572364714 4.426212994 0.0 0
1572365055 4.480786534 0.0 0
1572365385 4.40323387 0.0 0
1572365764 4.50970171 0.0 0
1572366144 4.432269139 0.0 0
1572366477 4.405170975 0.0 0
1572366810 4.287867572 0.0 0
1572369839 4.395861581 0.0 0
1572370169 4.327745748 0.0 0
1572370500 4.341191737 0.0 0
1572370831 4.419787472 0.0 0
1572371160 4.846860788 0.0 0
1572371492 4.379828605 0.0 0
1572371823 4.429015795 0.0 0
1572372152 4.430460949 0.0 0
1572372482 4.317814728 0.0 0
1572372815 4.473855475 0.0 0
1572533826 4.532667119 0.0 0
1572534180 4.435799618 0.0 0
1572534527 4.618891703 0.0 0
1572534858 4.997442085 0.0 0
1572535207 4.331269233 0.0 0
1572535538 4.616736348 0.0 0
1572535872 4.547134344 0.0 0
1572536204 4.405129076 0.0 0
1572536567 4.437071498 0.0 0
1572536904 4.470592384 0.0 0
1572537825 4.443231226 0.0 0
1572538478 4.473038313 0.0 0
1572539134 4.390759864 0.0 0
1572539787 4.514371929 0.0 0
1572540442 4.304338905 0.0 0
1572541346 4.435707625 0.0 0
1572541995 4.438353248 0.0 0
1572542643 4.385530786 0.0 0
1572543289 4.40297491 0.0 0
1572543962 4.525900932 0.0 0
1572871711 4.472034693 0.0 0
1572872359 4.192686784 0.0 0
1572873040 4.394859683 0.0 0
1572873691 4.474365257 0.0 0
1572874361 4.399980623 0.0 0
1572875413 4.310135854 0.0 0
1572876319 4.403163546 0.0 0
1572877492 4.342341392 0.0 0
1572878159 5.201258498 0.0 0
1572879390 4.432139294 0.0 0
1572880022 4.579589199 0.0 0
1572880450 4.616877802 0.0 0
1572880785 4.639839672 0.0 0
1572881135 4.296834651 0.0 0
1572881467 4.212908601 0.0 0
1572881802 4.446301109 0.0 0
1572882132 4.405373623 0.0 0
1572882523 4.363674876 0.0 0
1572882854 4.364596204 0.0 0
1572883213 4.566402491 0.0 0
1572883548 4.553607947 0.0 0
1572967780 4.818543072 0.2 1
1572968766 5.424892647 0.0 0
1572969738 4.385350006 0.0 0
1572970397 4.553532239 0.0 0
1572971049 4.478999297 0.0 0
1572971708 4.654327091 0.0 0
1572972370 4.231108153 0.0 0
1572973082 4.336244977 0.0 0
1572973736 4.484034437 0.0 0
1572974386 4.373049746 0.0 0
1572975041 4.410668162 0.0 0
1572975440 4.233606482 0.0 0
1572975771 4.409884823 0.0 0
1572976142 4.523880714 0.0 0
1572976521 4.483894022 0.0 0
1572976852 4.313782941 0.0 0
1572977183 4.409639742 0.0 0
1572977545 4.494624612 0.0 0
1572977874 4.447213897 0.0 0
1572978264 4.459281961 0.0 0
1573209321 4.384732629 0.0 0
1573209988 4.436610627 0.0 0
1573210652 4.35541026 0.0 0
1573211320 4.37660659 0.0 0
1573211976 4.467476738 0.0 0
1573212625 4.406348014 0.0 0
1573213278 4.487898255 0.0 0
1573213944 4.428316102 0.0 0
1573214602 4.491175526 0.0 0
1573215263 4.31456274 0.0 0
1573218467 4.467378081 0.0 0
1573218801 4.652638721 0.0 0
1573218979 6.248082512 0.0 0
1573306702 3.632849537 0.0 0
1573307025 4.092239454 0.0 0
1573307360 4.055784518 0.0 0
1573307678 4.004378638 0.0 0
1573307999 4.336407856 0.0 0
1573308313 4.20825644 0.0 0
1573308645 3.937936084 0.0 0
1573308965 4.200177516 0.0 0
1573309287 4.28989349 0.0 0
1573309616 3.927280536 0.0 0
1573310761 4.184816224 0.0 0
1573311377 4.139527025 0.0 0
1573311995 3.924978712 0.0 0
1573312693 4.076913706 0.0 0
1573313313 4.26430371 0.0 0
1573313936 4.19109857 0.0 0
1573314564 4.105403762 0.0 0
1573315255 4.075497062 0.0 0
1573741895 3.987892463 0.0 0
1573742013 3.931486621 0.0 0
1573743645 3.923160442 0.0 0
1573743746 4.064351707 0.0 0
1573743845 4.003466948 0.0 0
1573743944 3.983796701 0.0 0
1573744042 4.053144801 0.0 0
1573744138 3.938874671 0.0 0
1573744236 4.037506885 0.0 0
1573744334 4.08265342 0.0 0
1573744426 4.197851031 0.0 0
1573744522 3.957245531 0.0 0
1573744628 3.972726478 0.0 0
1573744727 3.971272199 0.0 0
1573744842 4.069017271 0.0 0
1573744978 4.1057159 0.0 0
1573745076 3.964711015 0.0 0
1573745259 4.001153886 0.0 0
1573745356 3.935687997 0.0 0
1573745458 4.172327902 0.0 0
1573745555 3.926225004 0.0 0
1573745658 4.089102324 0.0 0
1573745755 4.09303665 0.0 0
1573745858 3.971836602 0.0 0
1573745957 2.644507326 0.0 0
1573746052 4.072781649 0.0 0
1573746153 4.069106215 0.0 0
1573746251 3.839802267 0.0 0
1573746351 4.134490652 0.0 0
1573746452 4.06415841 0.0 0
1573746549 4.004752749 0.0 0
1573746645 4.039335519 0.0 0
1573748965 4.252429227 0.0 0
1573749062 4.05962401 0.0 0
1573749164 4.287386247 0.0 0
1573749274 4.065804587 0.0 0
1573749372 4.182116788 0.0 0
1573749507 3.916304729 0.0 0
1573749606 4.056555877 0.0 0
1573749706 3.866723458 0.0 0
1573749805 3.888955224 0.0 0
1573749901 4.015292316 0.0 0
1573828226 4.082229823 0.0 0
1573828534 3.884481921 0.0 0
1573828841 4.1858987 0.0 0
1573829146 3.8633055 0.0 0
1573829450 4.098995086 0.0 0
1573829830 4.171084676 0.0 0
1573830318 4.049489147 0.0 0
1573830627 4.019855312 0.0 0
1573830934 4.031593135 0.0 0
1573831239 3.942850815 0.0 0
1573902873 4.107649268 0.0 0
1573903185 3.92786584 0.0 0
1573903499 3.951499845 0.0 0
1573903808 3.894180508 0.0 0
1573904118 4.043549856 0.0 0
1573904426 4.136806445 0.0 0
1573904611 5.295119901 0.0 0
1574688197 4.101512413 0.0 0
1574688514 4.000172194 0.0 0
1574689336 9.97949244 0.0 0
1574692209 4.261397386 0.0 0
1574692526 4.161426302 0.0 0
1574693438 4.045048511 0.0 0
1574693756 4.062602567 0.0 0
1574694086 4.111053554 0.0 0
1574694517 4.448168931 0.0 0
1574694832 4.146763794 0.0 0
1574694945 5.377368798 0.0 0
1574695386 4.087800396 0.0 0
1574695729 4.035242143 0.0 0
1574696037 3.93352094 0.0 0
1574696763 4.070209831 0.0 0
1574697339 4.053608175 0.0 0
1574697933 4.055664806 0.0 0
1574698502 4.069585299 0.0 0
1574699090 4.154014743 0.0 0
1574706719 4.079805897 0.0 0
1574707353 4.175376918 0.0 0
1574708319 4.073908495 0.0 0
1574708441 4.426190554 0.0 0
1574708617 4.170826506 0.0 0
1574708974 4.144655467 0.0 0
1574709186 4.687630067 0.0 0
1574709927 4.181161944 0.0 0
1574710531 4.163693049 0.0 0
1574711183 4.023996133 0.0 0
1574950984 4.189447623 0.0 0
1574951358 4.214770504 0.0 0
1574951713 4.254416136 0.0 0
1574952040 4.046044489 0.0 0
1574952355 4.099068392 0.0 0
1574952759 4.168646516 0.0 0
1574953080 30.519568609 0.03225806451612903 1
1574953449 4.048123621 0.0 0
1574953775 4.146571022 0.0 0
1574954101 4.145340132 0.0 0
1574956512 4.122673498 0.0 0
1574957181 4.018665131 0.0 0
1574957775 4.064068801 0.0 0
1574958358 4.062411468 0.0 0
1574958952 4.183250094 0.0 0
1574959562 4.043898663 0.0 0
1574960139 3.97023313 0.0 0
1574960726 4.011238582 0.0 0
1574961392 4.030401861 0.0 0
1574961961 3.925601863 0.0 0
1575028385 4.150073584 0.0 0
1575028693 4.178223479 0.0 0
1575029030 4.006694546 0.0 0
1575029345 4.158237198 0.0 0
1575029653 4.216919137 0.0 0
1575029966 4.188730084 0.0 0
1575030277 4.140462644 0.0 0
1575030593 3.994989007 0.0 0
1575030924 4.101034874 0.0 0
1575031236 4.188368929 0.0 0
1575033441 4.076380342 0.0 0
1575034008 4.137278388 0.0 0
1575034599 4.060647111 0.0 0
1575035172 4.071121911 0.0 0
1575035736 4.54595343 0.0 0
1575036772 4.178015827 0.0 0
1575037333 4.224282561 0.0 0
1575037890 4.228541618 0.0 0
1575038901 4.187559345 0.0 0
1575039467 4.071216018 0.25 1
1575114666 4.004597802 0.0 0
1575114975 4.055136402 0.0 0
1575115284 4.183498833 0.0 0
1575115594 4.085717066 0.0 0
1575115909 4.099702739 0.0 0
1575116219 3.849627539 0.0 0
1575116529 4.22631137 0.0 0
1575116839 4.107852721 0.0 0
1575117147 4.196115424 0.0 0
1575117455 4.176295001 0.0 0
1575120731 4.105842402 0.0 0
1575121290 4.002190257 0.0 0
1575122292 4.079345707 0.0 0
1575122911 4.054478684 0.0 0
1575123468 4.081752558 0.0 0
1575124027 4.007761654 0.0 0
1575124583 4.118429676 0.0 0
1575125148 4.048383907 0.0 0
1575125716 4.191671488 0.0 0
1575126281 4.003534084 0.0 0
1575293188 4.13752565 0.25 1
1575293520 4.106789688 0.25 1
1575293861 4.186261356 0.0 0
1575294198 4.08858861 0.0 0
1575294541 4.077632562 0.0 0
1575294888 4.141879036 0.0 0
1575295290 4.060105439 0.0 0
1575295659 3.871220715 0.0 0
1575296870 4.033615819 0.0 0
1575297209 4.090140833 0.0 0
1575298039 4.225823653 0.0 0
1575298610 4.106072102 0.0 0
1575299182 4.055623588 0.0 0
1575299760 4.184994783 0.0 0
1575300368 3.985217101 0.0 0
1575300943 4.100595337 0.0 0
1575301740 4.100732792 0.0 0
1575302328 4.730964753 0.0 0
1575386077 4.176280499 0.0 0
1575386390 4.086164734 0.0 0
1575386701 3.948963341 0.0 0
1575387105 3.918972446 0.0 0
1575387413 4.175514352 0.0 0
1575387725 4.272879901 0.0 0
1575388032 3.867787071 0.0 0
1575388340 4.051312808 0.0 0
1575388649 4.10281952 0.0 0
1575388953 19.256240938 0.0 0
1575390514 4.299533277 0.0 0
1575391085 4.15023468 0.0 0
1575391647 4.109038304 0.0 0
1575392459 3.997411579 0.0 0
1575393075 4.027507262 0.0 0
1575393658 4.113316678 0.0 0
1575394223 4.094741425 0.0 0
1575394785 4.144926202 0.0 0
1575395348 4.100219769 0.0 0
1575395916 3.041403438 0.0 0
1575397233 12.873840994 0.0 0
1575397521 11.086659598 0.09090909090909091 1
1575397800 10.993245562 0.0 0
1575398082 14.238437657 0.0 0
1575398326 10.992599661 0.09090909090909091 1
1575398552 10.507032941 0.0 0
1575473813 3.903945419 0.0 0
1575474318 5.359953136 0.0 0
1575474600 4.474444092 0.0 0
1575558838 4.180370059 0.25 1
1575559148 4.236467559 0.25 1
1575559476 4.095442563 0.25 1
1575559795 4.178575475 0.25 1
1575560163 4.292577488 0.4 1
1575560496 4.051598164 0.25 1
1575560830 3.956137024 0.0 0
1575561361 4.190634428 0.0 0
1575561703 3.926217236 0.0 0
1575562059 4.148540369 0.0 0
1575562833 4.20520189 0.0 0
1575563443 4.096707271 0.0 0
1575564111 4.332992985 0.0 0
1575564690 4.085956594 0.0 0
1575565270 4.180067873 0.0 0
1575565837 4.094845382 0.0 0
1575566408 4.009524736 0.0 0
1575567015 4.058959157 0.0 0
1575568337 4.095257977 0.0 0
1575568919 4.134481605 0.0 0
1579184486 5.525325791 -1 -1
1579186584 4.09189378 0.0 0
1579186932 4.151789647 0.0 0
1579187942 4.132306815 0.0 0
1579188274 4.07669231 0.0 0
1579188379 3.88813858 0.0 0
1579189256 4.066902751 0.0 0
1579189593 3.994757309 0.0 0
1579189917 3.952585159 0.0 0
1579190257 4.181314952 0.0 0
1579190639 5.09519486 -1 -1
1579191367 4.091778044 0.0 0
1579191981 4.123281573 0.0 0
1579192546 4.020737908 0.0 0
1579193128 4.154194703 0.0 0
1579193715 4.174817813 0.0 0
1579194280 4.136607698 0.0 0
1579194849 4.17309747 0.0 0
1579195414 4.012176538 0.0 0
1579196004 4.01112884 0.0 0
1579196565 4.130947657 0.0 0
1579354341 4.098770846 0.0 0
1579354651 3.928028915 0.0 0
1579354963 4.060269105 0.0 0
1579355268 4.131923431 0.0 0
1579355579 4.129751156 0.0 0
1579355888 4.091296252 0.0 0
1579356194 4.090545816 0.0 0
1579356500 4.107903817 0.0 0
1579356805 4.028958446 0.0 0
1579357283 4.103182385 0.0 0
1579359770 4.102635945 0.0 0
1579360349 4.259269798 0.0 0
1579360908 4.055705471 0.0 0
1579361462 4.135614285 0.0 0
1579362017 4.018016664 0.0 0
1579362573 3.965634913 0.0 0
1579363133 4.038230791 0.0 0
1579363700 3.9998976 0.0 0
1579364263 4.060487899 0.0 0
1579364822 4.166966671 0.0 0
1579524954 4.271977014 0.0 0
1579525296 4.278382892 0.0 0
1579525682 4.080508528 0.0 0
1579526008 4.046551063 0.0 0
1579526331 4.202143807 0.0 0
1579526373 3.868401363 0.0 0
1579528638 4.103233732 0.0 0
1579529061 3.996178672 0.0 0
1579529438 4.139789513 0.0 0
1579529778 4.173784556 0.0 0
1579530089 4.162677246 0.0 0
1579530817 3.846265023 0.0 0
1579531406 4.11170427 0.0 0
1579532445 4.136988546 0.0 0
1579533204 4.222964477 0.0 0
1579533797 4.106693862 0.0 0
1579534441 3.941373213 0.0 0
1579535113 4.004754506 0.0 0
1579535701 4.004113174 0.0 0
1579536780 4.176865556 0.25 1
1579537349 4.29616435 0.0 0
1580218082 4.097921103 0.0 0
1580218411 3.876392799 0.0 0
1580218745 4.256693255 0.0 0
1580219094 4.12241813 0.0 0
1580219456 4.041825152 0.0 0
1580219781 4.088361948 0.0 0
1580222497 4.513444305 0.0 0
1580222810 4.806739387 0.0 0
1580223119 4.098627621 0.0 0
1580223456 4.157384596 0.0 0
1580224074 4.163532127 0.0 0
1580224631 4.105660278 0.0 0
1580225188 4.129726969 0.0 0
1580225753 4.089368577 0.0 0
1580226332 4.063591462 0.0 0
1580226900 4.137063344 0.0 0
1580227497 4.020409696 0.0 0
1580228083 4.220109227 0.0 0
1580228643 4.020271244 0.0 0
1580229206 4.045251558 0.0 0
1580306712 4.062381955 0.0 0
1580307025 4.153222306 0.0 0
1580307422 3.937340939 0.0 0
1580307897 4.163773825 0.0 0
1580308208 4.182867382 0.0 0
1580308524 4.222145094 0.0 0
1580310726 4.225564807 0.0 0
1580311039 4.16995454 0.0 0
1580311348 3.918023258 0.0 0
1580311658 4.182500323 0.0 0
1580312033 4.095531554 0.0 0
1580312635 3.871445518 0.0 0
1580313210 4.01299855 0.0 0
1580314089 4.048397603 0.0 0
1580314729 4.144237194 0.0 0
1580315286 4.013603009 0.0 0
1580315849 4.295562172 0.0 0
1580316422 4.101313217 0.0 0
1580317119 3.960740782 0.0 0
1580317708 4.010239587 0.0 0
1581937104 26.735589714 0.0 0
1581937416 19.233492257 0.0 0
1581937758 20.17469995 0.0 0
1581938082 21.186634488 0.0 0
1581938402 33.467560742 0.0 0
1581938727 16.828150569 0.0 0
1581939028 33.860395269 0.0 0
1581939372 20.415604104 0.0 0
1581939700 7.640536896 0.0 0
1581939997 12.850903853 0.0 0
1581942773 18.367067508 0.0 0
1581944350 21.299350651 0.0 0
1581945296 4.140979412 0.0 0
1581946246 4.084917462 0.0 0
1581946815 4.128054722 0.0 0
1581947711 4.437120951 0.0 0
1581948301 4.03361054 0.0 0
1581949427 4.572049371 0.0 0
1582027678 3.678882811 0.0 0
1582030518 4.189060701 0.0 0
1582030825 4.213946846 0.0 0
1582031468 4.232779552 0.0 0
1582031768 4.362588177 0.0 0
1582032139 4.134969393 0.0 0
1582032457 4.353637642 0.0 0
1582032760 3.921678041 0.0 0
1582033059 4.179974411 0.0 0
1582033354 3.959396477 0.0 0
1582033712 4.188087125 0.0 0
1582035129 4.404299216 0.0 0
1582036003 4.408615064 0.0 0
1582036605 4.661799391 0.0 0
1582037213 4.352496659 0.0 0
1582037812 4.319797775 0.0 0
1582038407 4.601171237 0.0 0
1582038994 4.372810269 0.0 0
1582041911 3.908227319 0.0 0
1582042661 4.497610302 0.0 0
1582044110 3.929317593 0.0 0
1582044699 4.07737537 0.0 0
1582045015 4.500944569 0.0 0
1582045316 4.388466538 0.0 0
1582045612 3.8876044 0.0 0
1582045925 4.383584884 0.0 0
1582046221 4.345034728 0.0 0
1582120570 4.65912585 0.0 0
1582120796 3.584925018 0.0 0
1582186447 5.271537358 -1 -1
1582189536 4.002802242 0.0 0
1582191008 4.041004136 0.0 0
1582191300 4.039683123 0.0 0
1582191596 3.975371676 0.0 0
1582191891 4.194885555 0.0 0
1582192179 4.189454297 0.0 0
1582192479 4.016922532 0.0 0
1582192768 4.052277762 0.0 0
1582193056 4.049085919 0.0 0
1582193351 4.054733545 0.0 0
1582635118 3.950745598 0.0 0
1582635403 4.122476718 0.0 0
1582635687 3.903905653 0.0 0
1582635971 4.133413585 0.0 0
1582636258 4.04538651 0.0 0
1582636544 4.025568666 0.0 0
1582636837 3.926675352 0.0 0
1582637136 4.832725252 0.0 0
1582637430 4.121655578 0.0 0
1582637726 4.0563071 0.0 0
1582638293 3.974167379 0.0 0
1582638854 3.969769998 0.0 0
1582640521 4.077054326 0.0 0
1582641108 4.018415311 0.0 0
1582641668 4.147851806 0.0 0
1582642241 4.056478257 0.0 0
1582642808 4.270663373 0.0 0
1582643382 4.021474493 0.0 0
1582643979 4.069042925 0.0 0
1582644647 4.343825952 0.0 0
1582886370 4.009213512 0.0 0
1582886663 4.067845694 0.0 0
1582886957 3.885662594 0.0 0
1582887245 4.061529328 0.0 0
1582887532 3.968434229 0.0 0
1582887825 4.103904001 0.0 0
1582888112 3.997312165 0.0 0
1582888398 4.227364912 0.0 0
1582888687 4.180357984 0.0 0
1582889046 4.050838757 0.0 0
1582899149 4.093994236 0.0 0
1582899714 4.078369264 0.0 0
1582900278 3.988793148 0.0 0
1582900838 3.968185023 0.0 0
1582902582 4.189735808 0.0 0
1582903159 4.008347193 0.0 0
1582903748 4.051569284 0.0 0
1574711183 4.023996133 0.0 0
1574708974 4.144655467 0.0 0
