1569849920 6.585042294 0.0 0
1569850122 8.312125766 0.0 0
1569849920 6.585042294 0.0 0
1569850122 8.312125766 0.0 0
1569850934 6.583067094 0.0 0
1569851141 8.356945547 0.0 0
1569851698 8.089866754 0.0 0
1569851927 8.37743625 0.0 0
1569852156 8.310337247 0.0 0
1569852394 8.176175837 0.0 0
1569852611 8.346602512 0.0 0
1569853002 8.275475829 0.0 0
1569853314 8.217967168 0.0 0
1569853552 10.469891152 0.0 0
1569854194 8.352325858 0.0 0
1569855153 8.373865103 0.0 0
1569855600 8.627327562 0.0 0
1570446926 8.111720737 0.0 0
1570448018 8.171247927 0.375 1
1570448745 8.163447321 0.125 1
1570449214 8.143348429 0.0 0
1570543040 8.336738822 0.0 0
1570543400 8.231365621 0.0 0
1570543603 8.361245097 0.0 0
1570544533 8.164748212 0.0 0
1570544735 6.440885505 0.0 0
1570544994 8.159322133 0.0 0
1570545199 8.523219841 0.3333333333333333 3
1571322912 8.254451324 0.0 0
1571323234 8.390780064 0.0 0
1571323627 8.077223798 0.0 0
1571324029 8.394507142 0.0 0
1571324431 6.466367252 0.0 0
1571325035 8.284514317 0.0 0
1571325232 8.134909427 0.0 0
1571325431 8.152992797 0.0 0
1571325635 8.100160014 0.0 0
1571325836 6.167958924 0.0 0
1571326034 8.675556286 0.0 0
1571326725 8.359263299 0.0 0
1571326938 8.142026907 0.0 0
1571327145 8.34083908 0.0 0
1571327359 8.373521805 0.0 0
1571327750 8.208680386 0.0 0
1571328141 8.085367239 0.0 0
1571328531 8.115816744 0.0 0
1571328922 8.42843374 0.0 0
1571329314 8.132261116 0.0 0
1571329907 8.16929658 0.0 0
1571395827 8.191799158 0.0 0
1571396023 8.227196119 0.0 0
1571396220 8.060110742 0.0 0
1571396419 8.232598699 0.0 0
1571396617 8.597888534 0.0 0
1571396816 8.263503977 0.0 0
1571397045 8.141945533 0.0 0
1571397249 8.156943441 0.0 0
1571397448 8.233171381 0.0 0
1571397645 8.292278759 0.0 0
1571397863 8.194438214 0.0 0
1571398256 8.131801136 0.0 0
1571398651 8.145127096 0.0 0
1571399041 8.282860396 0.0 0
1571399433 8.098888128 0.125 1
1571399829 8.190526969 0.0 0
1571400222 8.27776958 0.0 0
1571400645 8.039141179 0.0 0
1571401043 8.103916763 0.0 0
1571401435 8.323903055 0.0 0
1571404892 8.030619544 0.0 0
1571405092 8.418233796 0.0 0
1571405288 8.401237533 0.0 0
1571405489 8.093822243 0.0 0
1571405721 8.349419558 0.0 0
1571406816 7.989967246 0.0 0
1571407205 8.040234152 0.0 0
1571407599 8.180696381 0.0 0
1571407988 8.110534984 0.0 0
1571408380 8.402982231 0.0 0
1571408910 8.139233038 0.0 0
1571409142 8.078558442 0.0 0
1571409343 8.01907915 0.0 0
1571409541 8.311894004 0.0 0
1571409757 8.506459653 0.0 0
1571664325 8.112384147 0.0 0
1571664868 8.219669886 0.0 0
1571665072 8.176537053 0.0 0
1571665283 8.230597669 0.0 0
1571665477 8.316168622 0.0 0
1571665672 8.319968649 0.0 0
1571665872 8.188356573 0.0 0
1571666263 8.351413568 0.0 0
1571666654 8.112906527 0.0 0
1571667048 8.222968369 0.0 0
1571667484 8.294543157 0.0 0
1571668090 8.261321991 0.0 0
1571668289 8.28741109 0.0 0
1571668483 11.438947159 0.0 0
1571668687 8.23321675 0.0 0
1571668883 8.656608009 0.0 0
1571669136 8.094759561 0.0 0
1571669536 8.249730174 0.0 0
1571751960 8.222423683 0.0 0
1571752156 8.200206608 0.0 0
1571752354 8.51812119 0.0 0
1571752559 8.188577236 0.0 0
1571752754 8.113462271 0.0 0
1571752950 8.41009745 0.0 0
1571753148 8.419600102 0.0 0
1571753345 8.0125171 0.0 0
1571753543 8.41390651 0.0 0
1571753739 8.178938311 0.0 0
1571754047 8.137608715 0.0 0
1571754444 8.347904415 0.0 0
1571754837 8.138661372 0.0 0
1571755240 8.050622167 0.0 0
1571755804 8.119290087 0.0 0
1571756473 8.291817728 0.0 0
1571756884 8.434733072 0.0 0
1571757333 8.291602044 0.0 0
1571757722 8.342623136 0.0 0
1571758122 8.213163513 0.0 0
1571758512 8.277909409 0.0 0
1571760096 8.17897041 0.0 0
1571760293 8.380605155 0.0 0
1571760494 8.231482434 0.0 0
1571760692 8.451922425 0.0 0
1571760891 8.395857844 0.0 0
1571761103 8.147572172 0.0 0
1571761303 8.196027531 0.0 0
1571761497 8.183673042 0.0 0
1571761693 8.130643823 0.0 0
1571761893 8.583103548 0.0 0
1571762127 8.480542487 0.0 0
1571762516 8.034226937 0.0 0
1571762916 8.393142373 0.0 0
1571763304 8.082793371 0.0 0
1571763695 8.325949078 0.0 0
1571764100 8.814615343 0.0 0
1571764513 8.374898891 0.0 0
1571764905 8.240350628 0.0 0
1571765293 8.23237185 0.0 0
1571765685 8.216650276 0.0 0
1571766262 8.536057243 0.0 0
1571767044 8.299733811 0.0 0
1571922193 8.218461605 0.0 0
1572003204 8.336523881 0.0 0
1572003398 8.166870968 0.0 0
1572003596 8.218841827 0.0 0
1572003794 8.065261724 0.0 0
1572003992 6.232702421 0.0 0
1572004185 8.508399781 0.0 0
1572004380 8.450811766 0.0 0
1572004579 8.145989952 0.1111111111111111 1
1572004781 8.24813359 0.0 0
1572004980 8.337533309 0.125 1
1572006271 8.174812759 0.0 0
1572007008 8.242591973 0.0 0
1572007402 8.593292961 0.0 0
1572007896 8.247281113 0.0 0
1572008306 8.252027273 0.0 0
1572008709 8.149938411 0.0 0
1572009103 8.058337841 0.0 0
1572009493 8.186766306 0.0 0
1572009884 8.024798867 0.0 0
1572010279 8.235280688 0.0 0
1572010670 8.416162489 0.0 0
1572011182 8.340591059 0.125 1
1572011378 8.194284425 0.0 0
1572011572 8.227680028 0.0 0
1572011771 8.287415347 0.0 0
1572011968 8.15341166 0.0 0
1572012165 8.132832143 0.0 0
1572012360 7.950738199 0.0 0
1572012554 8.136216954 0.0 0
1572012749 8.106793468 0.0 0
1572012942 8.228028114 0.0 0
1572013232 8.160061964 0.0 0
1572013625 8.142253007 0.0 0
1572014018 8.229268661 0.0 0
1572014409 8.107486246 0.0 0
1572014798 8.593188775 0.0 0
1572265001 8.476155985 0.0 0
1572265199 8.560113776 0.0 0
1572265396 8.240272059 0.0 0
1572265595 8.03531053 0.375 1
1572265792 8.338603545 0.2222222222222222 1
1572266003 8.316337874 0.125 1
1572266196 8.205674206 0.25 1
1572266397 8.442769551 0.0 0
1572266599 8.442034301 0.4444444444444444 1
1572266795 7.709889715 0.0 0
1572268079 8.16949844 0.5 1
1572268850 8.239118203 0.5 1
1572269263 8.227879875 0.2222222222222222 1
1572269670 8.411232887 0.0 0
1572270087 8.180916641 0.125 1
1572270483 8.466368322 0.0 0
1572270877 8.206477709 0.0 0
1572272239 6.741664188 0.0 0
1572272570 6.653553868 0.0 0
1572272905 6.600597281 0.0 0
1572273238 6.456315264 0.0 0
1572273584 6.726176315 0.0 0
1572274076 6.672142482 0.0 0
1572274244 6.457475493 0.0 0
1572274420 6.540072263 0.0 0
1572274586 6.632630235 0.0 0
1572274758 6.614117156 0.0 0
1572274928 6.696555537 0.0 0
1572275097 6.835198758 0.0 0
1572275275 6.651496624 0.0 0
1572275444 6.797650367 0.0 0
1572275619 6.491955215 0.0 0
1572276006 6.565002603 0.0 0
1572276342 6.662902125 0.0 0
1572276680 6.653380044 0.0 0
1572277010 6.83988502 0.0 0
1572277341 6.567263667 0.0 0
1572277683 10.439533531 0.0 0
1572278035 6.611422103 0.0 0
1572278368 6.886035229 0.0 0
1572361215 8.500824083 0.0 0
1572361412 8.47392296 0.0 0
1572361608 8.252027026 0.0 0
1572361803 8.341320537 0.0 0
1572362000 8.214260251 0.0 0
1572362196 8.282960929 0.0 0
1572362391 8.50958979 0.0 0
1572362587 8.379826335 0.0 0
1572362786 8.416980948 0.0 0
1572362982 8.164828922 0.0 0
1572363428 6.515277501 0.0 0
1572363757 6.750162864 0.0 0
1572364087 6.607316736 0.0 0
1572364417 6.299067469 0.0 0
1572364750 6.611737849 0.0 0
1572365092 6.744480722 0.0 0
1572365470 6.549834937 0.0 0
1572365842 6.793826986 0.0 0
1572366181 6.411053934 0.0 0
1572366516 6.781260268 0.0 0
1572366868 6.840543499 0.0 0
1572367036 6.435764304 0.0 0
1572367205 6.52368989 0.0 0
1572367374 6.645288515 0.0 0
1572367548 15.046333324 0.0 0
1572367728 6.663199163 0.0 0
1572367904 6.681081603 0.0 0
1572368071 6.714454885 0.0 0
1572368238 6.743312506 0.0 0
1572368404 6.522777989 0.0 0
1572369546 6.610548135 0.0 0
1572369876 6.751437736 0.0 0
1572370207 6.566004851 0.0 0
1572370539 6.766854541 0.0 0
1572370868 6.515562321 0.0 0
1572371197 6.574237624 0.0 0
1572371530 6.611205786 0.0 0
1572371859 6.702820215 0.0 0
1572372189 6.561075351 0.0 0
1572372518 6.794803917 0.0 0
1572532332 7.912758355 0.0 0
1572532534 8.233407535 0.0 0
1572532739 8.108206379 0.0 0
1572533524 6.547254628 0.0 0
1572533864 5.240764792 0.0 0
1572534216 6.556332985 0.0 0
1572534563 6.629861056 0.0 0
1572534895 6.59951733 0.0 0
1572535244 6.616562849 0.0 0
1572535574 6.710626175 0.0 0
1572535910 6.726450748 0.0 0
1572536241 6.823846986 0.0 0
1572536605 8.523797096 0.0 0
1572537208 6.855730473 0.0 0
1572537862 6.596256214 0.0 0
1572538514 6.676665118 0.0 0
1572539171 6.616774247 0.0 0
1572539824 6.795828291 0.0 0
1572540730 6.62122308 0.0 0
1572541383 6.541786851 0.0 0
1572542033 6.578936399 0.0 0
1572542679 6.74417364 0.0 0
1572543325 6.603291663 0.0 0
1572544456 6.585756554 0.0 0
1572544623 6.839301875 0.0 0
1572544794 6.71645929 0.0 0
1572544968 6.451258985 0.0 0
1572545142 6.695548954 0.0 0
1572869967 6.624519882 0.0 0
1572870135 6.58056243 0.0 0
1572870358 5.203580963 0.0 0
1572870542 6.532754184 0.16666666666666666 1
1572870758 6.607922404 0.14285714285714285 1
1572871097 6.797859981 0.14285714285714285 1
1572871748 6.738315031 0.0 0
1572872396 6.557007609 0.0 0
1572873078 6.643727086 0.0 0
1572873727 6.644136319 0.0 0
1572874790 6.73116018 0.0 0
1572875640 7.244999673 0.0 0
1572876875 6.628428024 0.0 0
1572877529 6.668601886 0.0 0
1572878741 6.773879996 0.0 0
1572879869 6.612908943 0.0 0
1572880151 6.816826025 0.0 0
1572880487 6.630456695 0.0 0
1572880826 6.491281024 0.0 0
1572881171 6.674289339 0.0 0
1572881506 6.661796017 0.0 0
1572881838 6.708122335 0.0 0
1572882169 6.607979068 0.0 0
1572882559 6.607705351 0.0 0
1572882908 6.833001612 0.0 0
1572883249 6.627875879 0.0 0
1572965349 6.618972586 0.0 0
1572965517 6.615418423 0.0 0
1572965684 6.607475543 0.0 0
1572965853 6.688259044 0.0 0
1572966025 6.646742218 0.0 0
1572966190 6.623149903 0.0 0
1572966362 6.647617247 0.0 0
1572966546 6.73601233 0.0 0
1572966719 6.422449429 0.0 0
1572966890 6.726245881 0.0 0
1572967115 52.119981586 0.0 0
1572967816 6.607372912 0.0 0
1572969120 6.846808157 0.0 0
1572969774 6.556057976 0.0 0
1572970433 6.6952349 0.0 0
1572971085 6.505663879 0.0 0
1572971747 6.473866147 0.0 0
1572972407 6.772741495 0.0 0
1572973119 6.788921694 0.0 0
1572973774 4.952836914 0.0 0
1572974422 6.655153941 0.0 0
1572975152 6.623877146 0.0 0
1572975478 6.643026726 0.0 0
1572976223 4.991990458 0.0 0
1572976560 6.647232835 0.0 0
1572976889 6.61157861 0.0 0
1572977219 6.776659834 0.0 0
1572977583 6.778322698 0.0 0
1572977930 6.555309816 0.0 0
1573206996 6.696989049 0.0 0
1573207165 6.579616217 0.0 0
1573207334 6.796162395 0.0 0
1573207501 5.263152434 0.0 0
1573207670 6.592211872 0.0 0
1573207838 6.649111752 0.0 0
1573208004 6.475078762 0.0 0
1573208169 6.607739693 0.0 0
1573208336 6.821642869 0.0 0
1573208503 6.544110017 0.0 0
1573208708 6.635280446 0.0 0
1573209359 6.668222475 0.0 0
1573210025 6.671995048 0.0 0
1573210691 6.561783476 0.0 0
1573211357 6.558322735 0.0 0
1573212012 6.679022495 0.0 0
1573212662 6.647691671 0.0 0
1573213315 6.70556179 0.0 0
1573213983 6.62491017 0.0 0
1573214642 5.066065911 0.0 0
1573218175 6.789762297 0.0 0
1573218504 6.707610785 0.0 0
1573218895 6.760736862 0.0 0
1573220238 6.578600289 0.0 0
1573220406 6.750370195 0.0 0
1573220573 6.667438041 0.0 0
1573220742 6.732584297 0.0 0
1573220910 6.687371283 0.0 0
1573221078 6.793735531 0.0 0
1573221242 6.678664226 0.0 0
1573221410 6.672946244 0.0 0
1573221577 6.644266465 0.0 0
1573221747 6.593086688 0.0 0
1573221936 6.632393827 0.0 0
1573222107 6.727683103 0.0 0
1573222273 6.844147223 0.0 0
1573222438 6.490959445 0.0 0
1573222607 6.607660233 0.0 0
1573301087 6.616881576 0.0 0
1573301258 4.980445096 0.0 0
1573301426 6.488029701 0.0 0
1573301607 6.748649755 0.0 0
1573301791 6.706688007 0.0 0
1573301963 6.495469747 0.0 0
1573302138 6.559136003 0.0 0
1573302313 6.475956647 0.0 0
1573302481 6.590080486 0.0 0
1573302648 6.603007162 0.0 0
1573303797 6.110894071 0.0 0
1573303965 5.928945682 0.0 0
1573304129 6.024631487 0.0 0
1573304292 6.260933757 0.0 0
1573304453 6.225497071 0.0 0
1573304621 5.918715975 0.0 0
1573304780 6.108772775 0.0 0
1573304939 6.364377879 0.0 0
1573305103 6.024746686 0.0 0
1573305263 6.167553496 0.0 0
1573306400 6.055623124 0.0 0
1573306736 6.839258314 0.0 0
1573307060 6.391377007 0.0 0
1573307396 5.850867509 0.0 0
1573307713 6.240154949 0.0 0
1573308035 4.853077705 0.0 0
1573308348 5.883334423 0.0 0
1573308679 6.994506537 0.0 0
1573309000 6.14331281 0.0 0
1573309330 6.427326418 0.0 0
1573310171 6.195044484 0.0 0
1573310796 6.263591267 0.0 0
1573311412 6.003311248 0.0 0
1573312029 5.893120523 0.0 0
1573312728 6.165492687 0.0 0
1573313349 6.18986068 0.0 0
1573313970 5.954417659 0.0 0
1573314599 6.201296533 0.0 0
1573741830 8.529837735 0.0 0
1573741950 6.45061006 0.0 0
1573743582 5.883249409 0.0 0
1573743680 8.942472278 0.0 0
1573743782 5.996529219 0.0 0
1573743880 5.796407261 0.0 0
1573743980 5.903621272 0.0 0
1573744077 5.923657553 0.0 0
1573744174 5.810472175 0.0 0
1573744272 6.046128566 0.0 0
1573744368 5.81965296 0.0 0
1573744459 6.063228783 0.0 0
1573744571 5.986123378 0.0 0
1573744664 6.027704991 0.0 0
1573744762 21.798482149 0.0 0
1573744876 5.677017017 0.0 0
1573745013 5.822713173 0.0 0
1573745110 5.994793755 0.0 0
1573745294 5.746077301 0.0 0
1573745391 6.064154123 0.0 0
1573745494 5.895394196 0.0 0
1573745594 5.852278761 0.0 0
1573745692 5.810534305 0.0 0
1573745795 5.865853631 0.0 0
1573745894 5.736525577 0.0 0
1573745989 5.815670459 0.0 0
1573746090 6.051399918 0.0 0
1573746188 5.679662209 0.0 0
1573746289 5.830345291 0.0 0
1573746390 5.927632202 0.0 0
1573746488 5.977073317 0.0 0
1573746583 5.765224919 0.0 0
1573748903 5.760184852 0.0 0
1573749000 5.763242733 0.0 0
1573749101 5.931068765 0.0 0
1573749213 6.061204966 0.0 0
1573749306 6.150142824 0.0 0
1573749439 5.910626751 0.0 0
1573749544 6.440885957 0.0 0
1573749645 4.570399882 0.0 0
1573749742 6.063078087 0.0 0
1573749840 4.969980331 0.0 0
1573752435 5.928832529 0.0 0
1573752693 5.678329748 0.0 0
1573752853 5.783500927 0.0 0
1573753010 5.809861399 0.0 0
1573753168 6.10464728 0.0 0
1573753322 5.952311466 0.0 0
1573753482 5.899320992 0.0 0
1573753635 5.864081626 0.0 0
1573753797 5.841685064 0.0 0
1573754617 5.855297997 0.0 0
1573754776 5.746694867 0.0 0
1573754935 7.852769231 0.0 0
1573755106 5.86974115 0.0 0
1573755264 5.895763052 0.0 0
1573755424 5.844560055 0.0 0
1573755580 6.060416301 0.0 0
1573755738 6.140781481 0.0 0
1573755896 6.155305108 0.0 0
1573756053 5.935696179 0.0 0
1573827947 5.740408697 0.0 0
1573828259 5.875227335 0.0 0
1573828572 4.405550962 0.0 0
1573828875 5.926525014 0.0 0
1573829180 5.773744511 0.0 0
1573829486 5.906313458 0.0 0
1573829867 5.791974504 0.0 0
1573830353 5.980429757 0.0 0
1573830661 5.986027609 0.0 0
1573830969 5.963769164 0.0 0
1573831361 5.844177057 0.0 0
1573831518 5.677810776 0.0 0
1573831677 6.119344948 0.0 0
1573831850 6.36611596 0.0 0
1573832002 6.282944146 0.0 0
1573832161 5.815178142 0.0 0
1573832317 6.157768494 0.0 0
1573832484 6.051863615 0.0 0
1573832639 5.882931488 0.0 0
1573832794 5.807360579 0.0 0
1573832978 5.729180113 0.0 0
1573833147 6.030504168 0.0 0
1573833311 6.110328574 0.16666666666666666 1
1573833467 5.810833631 0.0 0
1573833625 6.166845573 0.0 0
1573901000 5.876081468 0.0 0
1573901159 4.481785025 0.0 0
1573901314 5.85259509 0.0 0
1573901469 6.011788015 0.0 0
1573901631 5.97656823 0.0 0
1573901784 5.91414292 0.0 0
1573901939 5.943165254 0.0 0
1573902099 4.877009052 0.0 0
1573902254 5.866354073 0.0 0
1573902410 5.981315556 0.0 0
1573902603 6.130651742 0.0 0
1573902911 5.909869699 0.0 0
1573903221 5.85970036 0.0 0
1573903533 6.22290506 0.0 0
1573903843 6.031182908 0.0 0
1573904152 5.859492457 0.0 0
1574685726 6.150723288 0.0 0
1574685915 6.324731918 0.0 0
1574686089 6.376540102 0.0 0
1574686247 6.071318802 0.0 0
1574686409 6.402905753 0.0 0
1574686730 6.082007127 0.0 0
1574686896 6.117038941 0.0 0
1574687086 6.251202113 0.0 0
1574687258 5.775369284 0.0 0
1574687920 6.508323736 0.0 0
1574688232 6.212464998 0.0 0
1574689219 9.418002934 0.0 0
1574689593 6.13694288 0.0 0
1574689808 6.216483634 0.0 0
1574689967 6.250926899 0.0 0
1574690140 6.316101339 0.0 0
1574690317 6.084419867 0.0 0
1574690477 5.848863882 0.0 0
1574690648 4.947351228 0.0 0
1574690807 5.974591286 0.0 0
1574690991 6.271014668 0.0 0
1574691164 12.022794702 0.0 0
1574691924 6.159752398 0.0 0
1574692243 5.984066449 0.0 0
1574692560 6.42958531 0.0 0
1574693474 4.659068979 0.0 0
1574693797 6.282013258 0.0 0
1574694228 6.161111236 0.0 0
1574694558 6.210769122 0.0 0
1574694868 6.20726626 0.0 0
1574695114 5.969696802 0.0 0
1574695443 6.251847187 0.0 0
1574695763 6.108600494 0.0 0
1574696223 6.388244231 0.0 0
1574696799 6.325477632 0.0 0
1574697374 6.238132578 0.0 0
1574697967 6.020182789 0.0 0
1574698536 5.596678687 0.0 0
1574706657 6.175539372 0.0 0
1574706792 6.10759374 0.0 0
1574707036 6.016437711 0.0 0
1574707215 6.445612618 0.0 0
1574708003 5.915470532 0.0 0
1574708416 5.935866342 0.0 0
1574708498 5.968032358 0.0 0
1574708699 6.379166914 0.0 0
1574709081 6.068680807 0.0 0
1574709314 6.211770959 0.0 0
1574710425 5.97993757 0.0 0
1574710614 6.168286884 0.0 0
1574950707 5.801524251 0.0 0
1574951020 5.175210842 0.0 0
1574951393 6.118688256 0.0 0
1574951748 6.548428029 0.0 0
1574952074 6.049296001 0.0 0
1574952390 6.537851436 0.0 0
1574952794 6.270796159 0.0 0
1574953155 6.314725895 0.0 0
1574953485 5.80704879 0.0 0
1574953810 6.296940496 0.0 0
1574954139 6.060987213 0.0 0
1574954302 6.276038315 0.0 0
1574954477 6.586520221 0.0 0
1574954642 6.214534662 0.0 0
1574954828 5.2089833 0.0 0
1574954984 6.404585119 0.0 0
1574955144 5.98830949 0.0 0
1574955401 5.85097614 0.0 0
1574955561 6.23028013 0.0 0
1574955722 6.44485415 0.0 0
1574955919 65.642789821 0.0 0
1574956547 6.290937495 0.0 0
1574957216 5.767704846 0.0 0
1574957811 22.19880345 0.0 0
1574958394 5.958351066 0.0 0
1574958987 5.832577637 0.0 0
1574959612 5.93543578 0.0 0
1574960175 5.893664808 0.0 0
1574961440 6.422668824 0.0 0
1575026469 5.901359857 0.0 0
1575026631 6.082820678 0.0 0
1575026793 5.748019809 0.0 0
1575026952 5.913703059 0.0 0
1575027116 6.045988682 0.0 0
1575027277 6.063854472 0.0 0
1575027443 6.223412835 0.0 0
1575027600 6.235290967 0.0 0
1575027764 6.228345271 0.0 0
1575027929 6.31188588 0.0 0
1575028110 5.915865041 0.0 0
1575028418 6.183786188 0.0 0
1575028730 6.294025292 0.0 0
1575029063 6.350135311 0.0 0
1575029380 6.059814813 0.0 0
1575030002 6.256292303 0.0 0
1575030313 6.4947367 0.0 0
1575030630 6.325658529 0.0 0
1575030961 5.980044353 0.0 0
1575033477 5.709902612 0.0 0
1575034068 5.966851013 0.0 0
1575034636 5.879427894 0.0 0
1575035208 5.913014772 0.0 0
1575036231 5.911972124 0.0 0
1575036806 6.311762037 0.0 0
1575037367 6.185212576 0.0 0
1575037924 6.018155167 0.0 0
1575038936 6.227037068 0.0 0
1575112786 5.727808027 0.0 0
1575112947 6.057868895 0.0 0
1575113270 5.761388607 0.0 0
1575113427 6.225092921 0.0 0
1575113587 6.228370557 0.0 0
1575113745 6.273975836 0.0 0
1575113902 6.155364946 0.0 0
1575114059 6.127619436 0.0 0
1575114227 6.017627286 0.0 0
1575114397 5.975740208 0.0 0
1575114700 6.09486963 0.0 0
1575115010 6.102995221 0.0 0
1575115320 6.095938125 0.0 0
1575115628 6.154193768 0.0 0
1575115943 6.031823711 0.0 0
1575116254 5.951927929 0.0 0
1575116566 6.390146048 0.0 0
1575116873 5.901193929 0.0 0
1575117181 6.226294936 0.0 0
1575120202 6.112726738 0.0 0
1575120765 6.209118177 0.0 0
1575121325 6.121088275 0.0 0
1575122387 6.275323327 0.0 0
1575122946 6.204081017 0.0 0
1575123502 5.941430113 0.0 0
1575124062 5.947334945 0.0 0
1575124616 5.977571613 0.0 0
1575125182 5.851428077 0.0 0
1575125751 6.197944973 0.0 0
1575289715 5.944980926 0.0 0
1575289878 6.052347105 0.42857142857142855 1
1575290047 5.879922944 0.0 0
1575290230 5.923870108 0.0 0
1575290398 6.266386355 0.0 0
1575290573 6.706582979 0.2857142857142857 1
1575290747 6.311731312 0.5714285714285714 1
1575290907 5.922411631 0.0 0
1575291066 6.209936437 0.42857142857142855 1
1575291228 6.395969067 0.0 0
1575292904 5.928803866 0.0 0
1575293223 6.072489765 0.0 0
1575293560 4.736132617 0.0 0
1575293896 6.395442511 0.0 0
1575294234 6.075040581 0.0 0
1575294578 6.618679923 0.0 0
1575294924 4.857370274 0.0 0
1575295330 6.18741317 0.0 0
1575295693 9.711542503 0.0 0
1575296904 5.951883759 0.0 0
1575297490 5.999701222 0.0 0
1575298074 6.156374181 0.0 0
1575298644 6.144323856 0.0 0
1575299217 6.065486945 0.0 0
1575299794 6.088459484 0.0 0
1575300420 6.058873038 0.0 0
1575300977 5.795211429 0.0 0
1575301775 6.411137383 0.0 0
1575384117 6.094709287 0.0 0
1575384277 6.090003738 0.0 0
1575384437 6.351947413 0.0 0
1575384595 6.0147513 0.0 0
1575384760 5.840694522 0.0 0
1575384915 6.287517109 0.0 0
1575385076 6.017216003 0.0 0
1575385238 5.972584383 0.0 0
1575385398 5.883134566 0.0 0
1575385561 6.289063527 0.0 0
1575385803 6.096986713 0.0 0
1575386113 6.064171728 0.0 0
1575386425 6.403877618 0.0 0
1575386831 6.233262364 0.6666666666666666 2
1575387139 6.049484991 0.0 0
1575387449 6.098575712 0.0 0
1575387759 6.416407326 0.0 0
1575388067 5.975573692 0.0 0
1575388375 6.07667384 0.0 0
1575388681 5.8446429 0.0 0
1575389984 6.011833921 0.0 0
1575390552 6.401151471 0.0 0
1575391119 6.132966981 0.0 0
1575391683 6.299544362 0.0 0
1575392496 6.38000917 0.0 0
1575393130 6.497557183 0.0 0
1575393693 6.314304076 0.0 0
1575394258 6.404091837 0.0 0
1575394821 6.148246175 0.0 0
1575395383 6.152071558 0.0 0
1575397043 15.965995277 0.0625 1
1575397332 17.251333229 0.0 0
1575397573 14.663848235 0.0 0
1575397934 15.858680301 0.0 0
1575398180 17.761996747 0.0 0
1575398403 18.593276312 0.0 0
1575473344 6.053486401 0.0 0
1575474281 5.861973896 0.0 0
1575556498 5.979939293 0.0 0
1575556658 6.085597982 0.0 0
1575556823 5.97339596 0.0 0
1575557004 4.903492191 0.5 1
1575557185 6.252340503 0.0 0
1575557349 26.368664481 0.0 0
1575557544 6.15518415 0.0 0
1575557710 13.746144462 0.7142857142857143 1
1575558176 5.873418982 0.0 0
1575558365 5.969975447 0.0 0
1575558562 6.240218859 0.5 1
1575558874 5.942064923 0.0 0
1575559202 6.081606663 0.0 0
1575559512 6.403971818 0.0 0
1575559888 6.22943272 0.0 0
1575560195 26.89961143 0.0 0
1575560532 18.491710875 0.0 0
1575561078 6.144155373 0.0 0
1575561425 6.158569759 0.0 0
1575561782 6.003266185 0.0 0
1575562201 5.988729692 0.0 0
1575563547 6.264621162 0.0 0
1575564161 6.313431294 0.0 0
1575564744 6.34701054 0.0 0
1575565312 6.012910374 0.0 0
1575565873 5.766533966 0.0 0
1575566444 6.2816571 0.0 0
1575567779 6.003111713 0.0 0
1575568391 6.327701895 0.0 0
1579183996 5.98375397 0.0 0
1579184436 31.950073319 0.0 0
1579184707 9.953049945 0.0 0
1579184872 6.085250277 0.0 0
1579185034 6.20864333 0.0 0
1579185209 6.258444132 0.0 0
1579185385 6.275737765 0.0 0
1579185567 6.165835338 0.0 0
1579185742 6.078354345 0.0 0
1579185920 6.278805355 0.0 0
1579186108 6.134916905 0.0 0
1579186306 6.147982311 0.0 0
1579186620 6.192328464 0.0 0
1579187668 5.944645223 0.0 0
1579187976 5.97763809 0.0 0
1579188308 6.178100193 0.0 0
1579188965 16.415688692 0.0 0
1579189289 5.96851201 0.0 0
1579189638 6.29050252 0.0 0
1579189955 24.991779284 0.0 0
1579190292 6.008183287 0.0 0
1579190834 6.250573074 0.0 0
1579191450 6.07971541 0.0 0
1579192015 6.199922079 0.0 0
1579193162 5.984703706 0.0 0
1579193749 6.562888514 0.0 0
1579194315 6.30870923 0.0 0
1579194885 5.998288947 0.0 0
1579195449 6.236886454 0.0 0
1579196038 6.092614951 0.0 0
1579351726 6.034273886 0.0 0
1579351893 5.965054282 0.0 0
1579352053 6.287492796 0.0 0
1579352215 6.016560944 0.0 0
1579352377 6.355825199 0.0 0
1579352541 6.248355921 0.0 0
1579352699 6.334682012 0.0 0
1579352861 6.319302317 0.0 0
1579353023 6.503898288 0.0 0
1579353186 6.231370222 0.0 0
1579354068 6.280131024 0.0 0
1579354374 6.228827763 0.0 0
1579354685 6.210779562 0.0 0
1579354996 6.286761304 0.0 0
1579355304 6.301504335 0.0 0
1579355613 6.00995582 0.0 0
1579355923 6.184558348 0.0 0
1579356227 6.099362712 0.0 0
1579356534 6.065304248 0.0 0
1579356840 6.050204224 0.0 0
1579359247 5.868022293 0.0 0
1579359819 6.40061654 0.0 0
1579360383 6.193856783 0.0 0
1579360942 5.880789271 0.0 0
1579361498 6.080565091 0.0 0
1579362051 6.229233428 0.0 0
1579362607 6.330907062 0.0 0
1579363167 5.892449947 0.0 0
1579363736 6.053529284 0.0 0
1579364297 6.455086931 0.0 0
1579522807 5.899748017 0.0 0
1579523018 6.194319449 0.0 0
1579523204 9.420740266 0.0 0
1579523373 6.175273603 0.0 0
1579523545 6.264518446 0.0 0
1579523727 6.430336021 0.0 0
1579523908 6.303671226 0.0 0
1579524095 6.570960502 0.0 0
1579524265 6.368798015 0.0 0
1579524433 5.911203636 0.0 0
1579524988 6.074007503 0.0 0
1579525340 6.120882839 0.0 0
1579525717 6.155939094 0.0 0
1579526042 6.123253502 0.0 0
1579528353 6.161426321 0.0 0
1579528674 6.103957064 0.0 0
1579529096 6.111368617 0.0 0
1579529475 6.396020816 0.0 0
1579529812 6.157373295 0.0 0
1579530212 6.089610812 0.0 0
1579530851 5.977341809 0.0 0
1579531901 6.09373104 0.0 0
1579532604 6.073608741 0.0 0
1579533238 6.288311638 0.0 0
1579533832 5.723693717 0.0 0
1579534475 6.193539682 0.0 0
1579535148 6.160867494 0.0 0
1579535735 6.255450229 0.0 0
1579536815 6.157588757 0.0 0
1579537400 6.177612329 0.0 0
1580215266 6.342163445 0.0 0
1580215458 6.29893679 0.0 0
1580215625 6.015490911 0.0 0
1580215785 6.135873449 0.0 0
1580215945 6.077662186 0.0 0
1580216108 5.957750408 0.0 0
1580216268 5.985339097 0.0 0
1580216429 5.986153546 0.0 0
1580216588 6.031075801 0.0 0
1580216770 6.149480677 0.0 0
1580217801 6.286767902 0.0 0
1580218128 7.589486968 0.0 0
1580218445 6.349109289 0.0 0
1580218779 6.4159026 0.0 0
1580219132 5.965640437 0.0 0
1580219491 6.156570223 0.0 0
1580222219 6.157869021 0.0 0
1580222534 6.270444523 0.0 0
1580222849 6.093911055 0.0 0
1580223153 5.935049997 0.0 0
1580223541 6.099931403 0.0 0
1580224108 5.848810718 0.0 0
1580224665 6.236197852 0.0 0
1580225224 6.25152767 0.0 0
1580225789 6.536562007 0.0 0
1580226366 6.063374646 0.0 0
1580226935 5.95125887 0.0 0
1580227533 6.177212676 0.0 0
1580228118 5.801929841 0.0 0
1580228677 5.97441438 0.0 0
1580304681 5.940844421 0.0 0
1580304838 5.703471283 0.0 0
1580304999 6.072820899 0.0 0
1580305159 6.296655939 0.0 0
1580305322 28.482029805 0.0 0
1580305504 6.000357307 0.0 0
1580305666 5.913577741 0.0 0
1580305826 5.959935003 0.0 0
1580305981 6.098187462 0.0 0
1580306140 5.925889962 0.0 0
1580306445 6.217189181 0.0 0
1580306746 6.405791005 0.0 0
1580307061 6.283237111 0.0 0
1580307622 6.025328534 0.0 0
1580307932 6.112253007 0.0 0
1580308243 5.918999391 0.0 0
1580310447 6.020819632 0.0 0
1580310760 6.073807658 0.0 0
1580311075 6.099160718 0.0 0
1580311383 6.075325602 0.0 0
1580311694 68.635301427 0.0 0
1580312101 6.385199837 0.0 0
1580312686 6.119353553 0.0 0
1580313244 6.328658924 0.0 0
1580314208 6.187939597 0.0 0
1580314764 7.167894019 0.0 0
1580315320 5.896118401 0.0 0
1580315884 6.387800497 0.0 0
1580316587 6.056443468 0.0 0
1580317159 5.988700881 0.0 0
1581935180 6.333921512 0.0 0
1581935339 6.243220468 0.0 0
1581935500 6.11367684 0.14285714285714285 1
1581935666 4.892511867 0.0 0
1581935833 6.301931969 0.0 0
1581935999 11.372620481 0.0 0
1581936176 5.952120051 0.14285714285714285 1
1581936336 5.981081921 0.0 0
1581936497 5.959789623 0.0 0
1581936672 6.10791536 0.0 0
1581936850 6.187755457 0.0 0
1581937165 6.153410678 0.0 0
1581937510 6.285850408 0.0 0
1581937815 6.395856663 0.0 0
1581938149 5.919685762 0.0 0
1581938470 8.053048749 0.1111111111111111 1
1581938780 6.117187542 0.0 0
1581939097 6.119126485 0.0 0
1581939441 6.55143001 0.0 0
1581939740 8.530889623 0.0 0
1581942149 6.417290647 0.0 0
1581942827 6.054313186 0.0 0
1581944425 5.788277712 0.0 0
1581945711 6.025045898 0.0 0
1581946282 6.127838074 0.0 0
1581946853 6.321839801 0.0 0
1581947773 5.777545138 0.0 0
1581948841 6.087079006 0.0 0
1582026853 6.487950202 0.0 0
1582027018 5.011046139 0.0 0
1582027176 7.024002993 0.0 0
1582027346 6.740415849 0.0 0
1582027533 6.644267078 0.0 0
1582027759 6.477325195 0.0 0
1582027922 6.72852639 0.0 0
1582028092 6.053974656 0.0 0
1582028259 6.350984584 0.0 0
1582028425 6.322069548 0.0 0
1582028594 6.318894563 0.0 0
1582030250 6.103915856 0.0 0
1582030554 5.958740718 0.0 0
1582031210 6.119161195 0.0 0
1582031505 4.903892969 0.0 0
1582031803 6.015606997 0.0 0
1582032174 6.330866895 0.0 0
1582032494 6.32127808 0.0 0
1582032795 4.970902699 0.0 0
1582033095 6.481586692 0.0 0
1582033443 6.418510245 0.0 0
1582033771 6.246146775 0.0 0
1582035432 6.606653224 0.0 0
1582036037 6.522230352 0.0 0
1582036642 6.512354129 0.0 0
1582037249 5.9009914 0.0 0
1582037850 6.323668838 0.0 0
1582038443 6.441080478 0.0 0
1582041336 6.685259197 0.0 0
1582041946 6.198547999 0.0 0
1582043531 6.602960813 0.0 0
1582044146 6.274262585 0.0 0
1582044747 6.404592223 0.0 0
1582045051 6.284588231 0.0 0
1582045351 6.453638261 0.0 0
1582045658 6.625680189 0.0 0
1582045960 5.743925691 0.0 0
1582113066 6.164866114 0.0 0
1582113236 6.223482911 0.0 0
1582113399 6.091902804 0.0 0
1582113566 6.732143254 0.0 0
1582113728 6.536322618 0.0 0
1582113906 6.403096418 0.0 0
1582114069 6.391000464 0.0 0
1582114232 5.904698478 0.0 0
1582114400 6.389305222 0.0 0
1582114561 6.643659264 0.0 0
1582114727 5.977031524 0.0 0
1582114887 6.355563655 0.0 0
1582115056 6.029268573 0.0 0
1582115221 6.56265925 0.0 0
1582115383 6.3031734 0.0 0
1582115547 6.419609177 0.0 0
1582115711 6.444271559 0.0 0
1582115873 6.211367606 0.0 0
1582116056 6.727032714 0.0 0
1582116275 4.660652151 0.0 0
1582116444 6.121589332 0.0 0
1582116611 5.945723859 0.0 0
1582118931 6.451868169 0.0 0
1582119094 6.435034857 0.0 0
1582119262 6.432808816 0.0 0
1582119431 6.029160439 0.0 0
1582119613 6.699806943 0.0 0
1582119778 6.020295101 0.0 0
1582119947 6.70325493 0.0 0
1582120121 6.150381422 0.0 0
1582120304 6.328346308 0.0 0
1582120608 4.824770637 0.0 0
1582120844 6.274181528 0.0 0
1582121011 6.861925377 0.0 0
1582121179 6.811015065 0.0 0
1582121419 6.032550058 0.0 0
1582125162 6.371000521 0.0 0
1582125323 6.635643191 0.0 0
1582125806 7.580524208 0.125 1
1582125972 6.348205494 0.0 0
1582126142 6.122778934 0.0 0
1582126302 6.291328158 0.0 0
1582126467 6.695967586 0.0 0
1582126632 5.968484023 0.0 0
1582126798 6.348954725 0.0 0
1582126959 6.213078285 0.0 0
1582127119 6.406588287 0.0 0
1582127285 6.445109335 0.0 0
1582127456 5.883558177 0.0 0
1582127618 6.422039461 0.0 0
1582127783 6.395904432 0.0 0
1582127943 6.185492897 0.0 0
1582128111 6.079679955 0.0 0
1582128271 6.281141384 0.0 0
1582128452 6.520885517 0.0 0
1582128615 4.728953045 0.0 0
1582128781 6.265225682 0.0 0
1582128944 6.130718405 0.0 0
1582129115 6.707454891 0.0 0
1582129275 6.795792759 0.14285714285714285 1
1582129435 6.143829022 0.0 0
1582129599 6.126379707 0.0 0
1582185021 6.838360835 0.0 0
1582185201 6.716551519 0.0 0
1582185939 6.037177999 0.0 0
1582186099 6.3564206 0.0 0
1582186258 5.906207167 0.0 0
1582186832 5.752657403 0.0 0
1582187795 6.260286776 0.0 0
1582187952 5.998719965 0.0 0
1582188113 5.896848347 0.0 0
1582188274 5.822578868 0.0 0
1582188728 5.924996942 0.0 0
1582189446 6.171805353 0.0 0
1582190753 5.896643411 0.0 0
1582191043 6.083944879 0.0 0
1582191334 6.130585376 0.0 0
1582191631 5.946795795 0.0 0
1582191926 6.068958721 0.0 0
1582192217 5.804635166 0.0 0
1582192514 6.133148319 0.0 0
1582192802 5.768473595 0.0 0
1582193091 5.754479201 0.0 0
1582193724 6.152512607 0.0 0
1582193887 6.123659867 0.0 0
1582194052 6.180295981 0.0 0
1582194207 6.33660004 0.0 0
1582194534 6.27820436 0.0 0
1582194690 5.916569733 0.0 0
1582194864 5.770227969 0.0 0
1582195024 6.0322553 0.0 0
1582195183 7.498192073 0.0 0
1582195679 6.101505597 0.0 0
1582195840 5.867631959 0.0 0
1582195997 6.321089586 0.0 0
1582196158 6.147709946 0.0 0
1582196317 6.252152708 0.0 0
1582196476 6.001623477 0.0 0
1582196634 5.755776357 0.0 0
1582196793 5.11206683 0.0 0
1582196955 5.708235954 0.0 0
1582197121 6.180455508 0.0 0
1582197278 6.179494131 0.0 0
1582197439 6.391280241 0.0 0
1582197615 6.111205242 0.0 0
1582197773 5.948443229 0.0 0
1582197932 5.706565678 0.0 0
1582198089 6.02170881 0.0 0
1582198251 6.289084777 0.0 0
1582198407 6.169131228 0.0 0
1582198689 6.417635222 0.0 0
1582199037 5.944529679 0.0 0
1582631345 6.359591888 0.0 0
1582631506 5.28339408 0.0 0
1582631661 5.832157178 0.0 0
1582631819 5.664563151 0.0 0
1582631975 5.917769684 0.0 0
1582632132 6.197823424 0.0 0
1582632291 6.103057463 0.0 0
1582632455 6.062510631 0.0 0
1582632612 6.208289539 0.0 0
1582632775 5.889734503 0.0 0
1582634871 6.33907553 0.0 0
1582635154 5.809971314 0.0 0
1582635437 6.090260398 0.0 0
1582635722 5.890856377 0.0 0
1582636006 6.085176182 0.0 0
1582636294 5.845487159 0.0 0
1582636584 6.885966355 0.0 0
1582636876 6.239241715 0.0 0
1582637176 5.810175693 0.0 0
1582637472 5.950491305 0.0 0
1582637768 5.797134915 0.0 0
1582638327 5.8013258 0.0 0
1582638905 5.992336658 0.0 0
1582640583 6.112133896 0.0 0
1582641141 6.290900458 0.0 0
1582641703 5.900215859 0.0 0
1582642277 6.107923342 0.0 0
1582642853 6.038230226 0.0 0
1582643455 5.955554561 0.0 0
1582644012 6.89255422 0.0 0
1582884472 5.937316511 0.0 0
1582884652 5.873015513 0.0 0
1582884820 5.743978686 0.0 0
1582884981 5.88403562 0.0 0
1582885148 6.121930624 0.0 0
1582885310 5.915681306 0.0 0
1582885469 5.886655183 0.0 0
1582885631 5.761514704 0.0 0
1582885793 5.932499216 0.0 0
1582885954 5.750371987 0.0 0
1582886123 5.822621641 0.0 0
1582886404 6.102717488 0.0 0
1582886699 5.729702611 0.0 0
1582886991 5.976374668 0.0 0
1582887279 5.934571142 0.0 0
1582887566 5.851996 0.0 0
1582887860 6.307838006 0.0 0
1582888147 5.95471682 0.0 0
1582888434 6.074215777 0.0 0
1582888722 6.307546991 0.0 0
1582898598 6.159299888 0.0 0
1582899183 5.979844258 0.0 0
1582899748 6.020691816 0.0 0
1582900311 6.076295919 0.0 0
1582900872 6.112001786 0.0 0
1582902617 5.913203805 0.0 0
1582903196 6.162899109 0.0 0
1574710614 6.168286884 0.0 0
1574707036 6.016437711 0.0 0
1574708699 6.379166914 0.0 0
