1569849950 1.89004737 0.0 0
1569850154 1.871695581 0.0 0
1569849950 1.89004737 0.0 0
1569850154 1.871695581 0.0 0
1569850967 1.838082994 0.0 0
1569851173 1.962314989 0.0 0
1569851522 1.984278725 0.0 0
1569851729 1.904860821 0.0 0
1569851959 1.846108585 0.0 0
1569852188 1.919434519 0.0 0
1569852426 1.802049007 0.0 0
1569852643 1.866562494 0.0 0
1569853034 1.906450507 0.0 0
1569853345 1.896604542 0.0 0
1569853586 1.830951512 0.0 0
1569854227 1.977370616 0.0 0
1569855199 1.890154599 0.0 0
1569855632 1.872689959 0.0 0
1570446957 1.782973221 0.0 0
1570448049 1.753595511 0.0 0
1570448776 1.884988528 0.0 0
1570449245 4.804618232 0.0 0
1570543072 1.962396894 0.0 0
1570543433 1.921262724 0.0 0
1570543635 1.975926023 0.0 0
1570544564 1.830995963 0.0 0
1570544768 1.897293613 0.0 0
1570545024 1.911863138 0.0 0
1570545234 2.009065235 0.0 0
1571322943 1.969624556 0.0 0
1571323265 1.885740222 0.0 0
1571323658 1.804557259 0.0 0
1571324060 1.88200224 0.0 0
1571324352 0.296905414 0.0 0
1571324353 0.082819174 0.0 0
1571324460 1.812861281 0.0 0
1571325066 1.830622309 0.0 0
1571325263 1.768141088 0.0 0
1571325462 1.828939815 0.0 0
1571325666 1.898385653 0.0 0
1571325865 1.830785266 0.0 0
1571326066 1.946965475 0.0 0
1571326756 1.915572651 0.0 0
1571326969 1.968594135 0.0 0
1571327176 1.968664297 0.0 0
1571327390 1.885520029 0.0 0
1571327780 1.866409883 0.0 0
1571328171 1.878894968 0.0 0
1571328562 1.966325977 0.0 0
1571328954 1.956425909 0.0 0
1571329345 1.783552659 0.0 0
1571329938 1.839903005 0.0 0
1571395858 1.882334312 0.0 0
1571396054 2.001938016 0.0 0
1571396251 1.966281101 0.0 0
1571396450 1.934167761 0.0 0
1571396648 1.974249716 0.0 0
1571396847 1.847911328 0.0 0
1571397076 1.83467662 0.0 0
1571397280 1.959134447 0.0 0
1571397479 1.90756844 0.0 0
1571397676 1.881402124 0.0 0
1571397894 1.883583917 0.0 0
1571398287 1.914795273 0.0 0
1571398682 1.812093118 0.0 0
1571399072 1.88536492 0.0 0
1571399464 1.91289353 0.0 0
1571399860 1.844642323 0.0 0
1571400253 1.916761234 0.0 0
1571400675 1.92678253 0.0 0
1571401074 2.023850157 0.0 0
1571401466 1.967703018 0.0 0
1571401751 0.087102357 -1 -1
1571404923 1.87462396 0.0 0
1571405123 1.920390717 0.0 0
1571405320 1.955896969 0.0 0
1571405520 1.800457287 0.0 0
1571405752 1.813269437 0.0 0
1571406847 1.792599228 0.0 0
1571407236 1.748446068 0.0 0
1571407630 1.936504497 0.0 0
1571408018 1.878652485 0.0 0
1571408411 1.893517716 0.0 0
1571408941 1.859955993 0.0 0
1571409172 1.854147787 0.0 0
1571409374 1.746333778 0.0 0
1571409573 1.928344297 0.0 0
1571409789 1.813586228 0.0 0
1571664356 1.849931966 0.0 0
1571664900 1.886494416 0.0 0
1571665103 1.905273092 0.0 0
1571665314 2.028528878 0.0 0
1571665508 1.948393649 0.0 0
1571665703 1.909102678 0.0 0
1571665903 1.781640422 0.0 0
1571666294 1.847562935 0.0 0
1571666685 1.762180028 0.0 0
1571667079 1.824039855 0.0 0
1571667515 1.871643237 0.0 0
1571668121 1.823597625 0.0 0
1571668320 1.887513353 0.0 0
1571668524 2.016394652 0.0 0
1571668718 1.922261396 0.0 0
1571668915 2.007891747 0.0 0
1571669167 1.817449527 0.0 0
1571669567 1.930231277 0.0 0
1571751992 1.83191282 0.0 0
1571752186 1.780102224 0.0 0
1571752386 2.025989876 0.0 0
1571752591 1.901500535 0.0 0
1571752786 1.93329533 0.0 0
1571752982 1.95801055 0.0 0
1571753179 1.741848986 0.0 0
1571753376 1.836326535 0.0 0
1571753574 1.875425025 0.0 0
1571753769 1.854887948 0.0 0
1571754078 1.88054246 0.0 0
1571754475 2.007972777 0.0 0
1571754868 1.9599649 0.0 0
1571755271 1.789936109 0.0 0
1571755835 1.865151105 0.0 0
1571756504 1.870000681 0.0 0
1571756916 1.955028742 0.0 0
1571757365 1.827895671 0.0 0
1571757754 1.977536921 0.0 0
1571758153 1.907099808 0.0 0
1571758543 1.868645545 0.0 0
1571760129 1.881266011 0.0 0
1571760324 1.889552704 0.0 0
1571760528 1.841575376 0.0 0
1571760724 1.944177851 0.0 0
1571760923 1.840307564 0.0 0
1571761134 1.699393799 0.0 0
1571761334 1.871205351 0.0 0
1571761528 1.95650834 0.0 0
1571761724 1.900158538 0.0 0
1571761931 3.969048238 0.0 0
1571762158 1.863346501 0.0 0
1571762441 0.088241958 -1 -1
1571762555 2.108538065 0.0 0
1571762947 1.838602807 0.0 0
1571763335 1.790098621 0.0 0
1571763727 1.907350056 0.0 0
1571764134 2.352886311 0.0 0
1571764439 0.046891438 -1 -1
1571764544 1.87715443 0.0 0
1571764936 1.915446914 0.0 0
1571765324 1.889467363 0.0 0
1571765716 1.910670319 0.0 0
1571766293 1.958462026 0.0 0
1571767075 1.967964864 0.0 0
1571922224 1.782658596 0.0 0
1572003235 1.877434385 0.0 0
1572003429 1.94534924 0.0 0
1572003627 1.895781591 0.0 0
1572003825 1.890243619 0.0 0
1572004021 1.9237616 0.0 0
1572004216 1.966802815 0.0 0
1572004411 1.923681244 0.0 0
1572004610 1.894004895 0.0 0
1572004812 1.910959432 0.0 0
1572005011 2.008948979 0.0 0
1572006302 1.760218251 0.0 0
1572007040 1.931327031 0.0 0
1572007434 1.963343565 0.0 0
1572007927 1.929184793 0.0 0
1572008337 1.840590465 0.0 0
1572008740 1.92415645 0.0 0
1572009134 1.740142814 0.0 0
1572009523 1.93225083 0.0 0
1572009915 1.817259733 0.0 0
1572010311 2.041766302 0.0 0
1572010702 1.90053699 0.0 0
1572011212 1.931118243 0.0 0
1572011409 1.989115631 0.0 0
1572011603 1.991516067 0.0 0
1572011802 1.850863533 0.0 0
1572011999 1.886913464 0.0 0
1572012196 1.872815651 0.0 0
1572012391 1.814526606 0.0 0
1572012585 1.904732816 0.0 0
1572012780 1.950742901 0.0 0
1572012973 1.977124871 0.0 0
1572013264 1.759707979 0.0 0
1572013656 1.872002368 0.0 0
1572014049 1.880325188 0.0 0
1572014439 1.845770416 0.0 0
1572014830 2.039421016 0.0 0
1572265033 1.949864399 0.0 0
1572265230 1.956049478 0.0 0
1572265428 1.914868688 0.0 0
1572265626 1.799104937 0.0 0
1572265824 3.418767338 0.0 0
1572266034 1.88448835 0.0 0
1572266227 1.788962536 0.0 0
1572266430 3.041249146 0.0 0
1572266630 1.867848691 0.0 0
1572266828 2.097865753 0.0 0
1572268110 1.744257547 0.0 0
1572268881 1.743188177 0.0 0
1572269294 1.875620373 0.0 0
1572269701 14.110644616 0.0 0
1572270118 1.963723731 0.0 0
1572270515 1.943904245 0.0 0
1572270908 1.831968057 0.0 0
1572272264 1.48595694 0.0 0
1572272595 1.495845451 0.0 0
1572272930 1.528510858 0.0 0
1572273265 1.479799257 0.0 0
1572273609 1.588575361 0.0 0
1572274101 1.503535575 0.0 0
1572274273 2.772362464 0.0 0
1572274445 3.521838372 0.0 0
1572274611 1.507838901 0.0 0
1572274783 1.611233226 0.0 0
1572274953 1.440711888 0.0 0
1572275122 1.573205171 0.0 0
1572275300 1.493666544 0.0 0
1572275469 1.54014465 0.0 0
1572275644 1.530113438 0.0 0
1572276034 1.49561721 0.0 0
1572276367 1.4903713 0.0 0
1572276705 1.707807903 0.0 0
1572277035 1.541460085 0.0 0
1572277366 1.501178451 0.0 0
1572277712 1.460467788 0.5 1
1572278060 1.627874123 0.0 0
1572278393 1.542674623 0.0 0
1572361246 1.959650026 0.0 0
1572361444 1.963333932 0.0 0
1572361639 1.895700155 0.0 0
1572361834 1.957048253 0.0 0
1572362033 1.989468858 0.0 0
1572362227 1.917579029 0.0 0
1572362423 1.97779766 0.0 0
1572362619 1.875024826 0.0 0
1572362817 1.863870511 0.0 0
1572363013 1.803369281 0.0 0
1572363453 1.443782706 0.0 0
1572363782 1.5437713 0.0 0
1572364112 1.533474387 0.0 0
1572364442 1.554234749 0.0 0
1572364775 1.530596108 0.0 0
1572365117 1.518178347 0.0 0
1572365495 1.408296099 0.0 0
1572365867 1.585569857 0.0 0
1572366206 1.446484059 0.0 0
1572366541 1.443497124 0.0 0
1572366894 1.492270877 0.0 0
1572367061 1.486359347 0.0 0
1572367230 1.500313976 0.0 0
1572367399 1.50366423 0.0 0
1572367581 1.450760441 0.0 0
1572367757 1.826057114 0.0 0
1572367928 1.482809056 0.0 0
1572368097 1.48320228 0.0 0
1572368263 1.5001352 0.0 0
1572368428 1.475853408 0.0 0
1572369571 1.531167952 0.0 0
1572369901 1.578580332 0.0 0
1572370232 1.533437901 0.0 0
1572370564 1.535200352 0.0 0
1572370893 1.572171806 0.0 0
1572371225 1.369303418 0.0 0
1572371555 1.577651979 0.0 0
1572371886 1.454123471 0.0 0
1572372214 1.438316763 0.0 0
1572372543 1.498057527 0.0 0
1572532363 1.957144692 0.0 0
1572532565 1.790045783 0.0 0
1572532770 1.963486319 0.0 0
1572533549 1.450175583 0.0 0
1572533887 1.548547242 0.0 0
1572534241 1.531601929 0.0 0
1572534588 1.59204038 0.0 0
1572534920 1.541662366 0.0 0
1572535269 1.498014527 0.0 0
1572535599 1.501131985 0.0 0
1572535935 1.583629309 0.0 0
1572536294 1.553508913 0.0 0
1572536632 1.528711045 0.0 0
1572537233 1.568874246 0.0 0
1572537887 1.440127141 0.0 0
1572538543 1.483886532 0.0 0
1572539196 1.481956526 0.0 0
1572539849 1.496956823 0.0 0
1572540755 1.439647609 0.0 0
1572541408 1.561866124 0.0 0
1572542058 1.612579622 0.0 0
1572542705 1.491368902 0.0 0
1572543350 1.489168466 0.0 0
1572544481 1.545919073 0.0 0
1572544648 1.618277133 0.0 0
1572544818 1.540439834 0.0 0
1572544993 1.507126652 0.0 0
1572545167 1.481355936 0.0 0
1572869992 1.493190452 0.0 0
1572870160 1.612728103 0.0 0
1572870381 1.49499738 0.0 0
1572870567 1.492433919 0.0 0
1572870783 1.534622031 0.0 0
1572871122 1.419277011 0.0 0
1572871773 1.524297504 0.0 0
1572872421 1.47985264 0.0 0
1572873103 1.495735214 0.0 0
1572873752 1.454478915 0.0 0
1572874815 1.514740981 0.0 0
1572875674 1.567161699 0.0 0
1572876900 1.523281689 0.0 0
1572877554 1.539751933 0.0 0
1572878781 1.57309038 0.0 0
1572879894 1.49712499 0.0 0
1572880176 1.450973884 0.0 0
1572880512 1.528025841 0.0 0
1572880851 1.573171119 0.0 0
1572881196 1.452880425 0.0 0
1572881531 1.613083815 0.0 0
1572881776 0.088427878 -1 -1
1572881777 0.050516816 -1 -1
1572881863 1.531394778 0.0 0
1572882194 1.563158199 0.0 0
1572882584 1.498714081 0.0 0
1572882934 1.535568007 0.0 0
1572883275 1.577898337 0.0 0
1572965374 1.455295071 0.0 0
1572965542 1.45255084 0.0 0
1572965709 1.59251132 0.0 0
1572965878 1.443416223 0.0 0
1572966050 1.3982957 0.0 0
1572966215 1.627015353 0.0 0
1572966387 1.515337979 0.0 0
1572966571 1.65711671 0.0 0
1572966751 1.530733405 0.0 0
1572966915 1.502384914 0.0 0
1572967185 1.578598093 0.0 0
1572967841 1.447556928 0.0 0
1572969145 1.499181043 0.0 0
1572969808 1.426220754 0.5 1
1572970459 1.495645487 0.0 0
1572971110 1.48382694 0.0 0
1572971772 1.527281374 0.0 0
1572972432 1.582129489 0.0 0
1572973144 1.493306712 0.0 0
1572973798 1.447428762 0.0 0
1572974447 1.535195722 0.0 0
1572975177 1.43705251 0.0 0
1572975503 1.483835555 0.0 0
1572975856 1.794258088 0.0 0
1572976253 1.709837285 0.0 0
1572976585 1.496142472 0.0 0
1572976914 1.600832862 0.0 0
1572977245 1.630981138 0.0 0
1572977608 1.535735211 0.0 0
1572977955 1.531630372 0.0 0
1573207021 1.44913946 0.0 0
1573207190 1.500070289 0.0 0
1573207359 1.532402287 0.0 0
1573207525 1.461284936 0.0 0
1573207695 1.44763629 0.0 0
1573207863 1.628034485 0.0 0
1573208029 1.524514579 0.0 0
1573208194 1.531362966 0.0 0
1573208361 1.490420294 0.0 0
1573208528 1.53647292 0.0 0
1573208733 1.450172874 0.0 0
1573209384 1.492019583 0.0 0
1573210050 1.620726999 0.0 0
1573210716 1.407850674 0.0 0
1573211382 1.480280989 0.0 0
1573212037 1.555279147 0.0 0
1573212687 1.522949416 0.0 0
1573213340 1.525311305 0.0 0
1573214008 1.497998763 0.0 0
1573214665 1.494908975 0.0 0
1573218200 1.400929186 0.0 0
1573218529 1.525958243 0.0 0
1573218920 1.588904052 0.0 0
1573220263 1.416103464 0.0 0
1573220431 1.4960848 0.0 0
1573220598 1.532805835 0.0 0
1573220767 1.613691762 0.0 0
1573220935 1.478171347 0.0 0
1573221103 1.49032259 0.0 0
1573221267 1.49162542 0.0 0
1573221435 1.590920021 0.0 0
1573221602 1.583655332 0.0 0
1573221771 1.49797875 0.0 0
1573221961 1.533267739 0.0 0
1573222132 1.535077163 0.0 0
1573222298 1.49860197 0.0 0
1573222463 1.566645905 0.0 0
1573222632 1.541398789 0.0 0
1573301112 1.523592831 0.0 0
1573301281 1.592143727 0.0 0
1573301454 10.160178553 0.0 0
1573301632 1.372125235 0.0 0
1573301816 1.524257812 0.0 0
1573301995 1.55076035 0.0 0
1573302163 1.477278906 0.0 0
1573302338 1.459606547 0.0 0
1573302506 1.585725032 0.0 0
1573302673 1.498210433 0.0 0
1573303825 4.071710032 0.0 0
1573303988 1.327604286 0.0 0
1573304153 1.393148994 0.0 0
1573304318 1.463005698 0.0 0
1573304477 1.497672485 0.0 0
1573304645 1.396781013 0.0 0
1573304804 1.302192332 0.0 0
1573304963 1.242799634 0.0 0
1573305126 1.327999682 0.0 0
1573305286 1.527862541 0.0 0
1573306444 1.200182702 0.0 0
1573306760 1.230118358 0.0 0
1573307091 1.658272658 0.0 0
1573307420 1.405986255 0.0 0
1573307736 1.408547184 0.0 0
1573308057 1.240871142 0.0 0
1573308371 1.578854596 0.0 0
1573308703 1.475080846 0.0 0
1573309023 1.41106134 0.0 0
1573309353 1.445160635 0.0 0
1573310194 1.494038067 0.0 0
1573310820 1.324027913 0.0 0
1573311435 1.275449777 0.0 0
1573312052 1.309774346 0.0 0
1573312751 1.363564094 0.0 0
1573313373 1.442571424 0.0 0
1573313994 1.249439743 0.0 0
1573314623 1.541250577 0.0 0
1573741855 1.481213454 0.0 0
1573741872 0.043406832 0.0 0
1573741973 1.582643159 0.0 0
1573743604 1.482697023 0.0 0
1573743622 0.044189445 -1 -1
1573743706 1.408811404 0.0 0
1573743805 1.484607814 0.0 0
1573743903 1.630390382 0.0 0
1573743920 0.431085525 0.0 0
1573744003 1.203054861 0.0 0
1573744099 1.527912237 0.0 0
1573744197 1.411311868 0.0 0
1573744295 1.432699888 0.0 0
1573744391 1.274278648 0.0 0
1573744482 1.450985518 0.0 0
1573744594 1.614626058 0.0 0
1573744687 1.568983506 0.0 0
1573744801 1.157322226 0.0 0
1573744899 1.287355395 0.0 0
1573744916 0.131453333 -1 -1
1573745035 1.596560598 0.0 0
1573745219 1.200561402 0.0 0
1573745317 1.364586456 0.0 0
1573745419 1.416993519 0.0 0
1573745516 1.44402704 0.0 0
1573745616 1.655773661 0.0 0
1573745714 2.835930646 0.0 0
1573745817 1.496312058 0.5 1
1573745916 1.49512589 0.0 0
1573746012 1.442944242 0.0 0
1573746112 1.356227372 0.0 0
1573746210 1.490348937 0.0 0
1573746312 1.397274531 0.0 0
1573746413 1.520211209 0.0 0
1573746510 1.458422458 0.0 0
1573746605 1.460139998 0.0 0
1573748926 1.528589787 0.0 0
1573749022 1.453219586 0.0 0
1573749123 1.533120871 0.0 0
1573749235 1.535966155 0.0 0
1573749329 1.479471312 0.0 0
1573749462 1.541443994 0.0 0
1573749567 1.505605476 0.0 0
1573749666 1.447012464 0.0 0
1573749766 1.28815116 0.0 0
1573749862 1.451095252 0.0 0
1573752458 1.315695363 0.0 0
1573752716 1.530593149 0.0 0
1573752875 1.572053564 0.0 0
1573753033 1.482645727 0.0 0
1573753191 1.525422969 0.0 0
1573753345 1.284040169 0.0 0
1573753504 1.512218909 0.0 0
1573753658 1.280808215 0.0 0
1573753820 1.534720328 0.0 0
1573754640 1.327387871 0.0 0
1573754799 1.524169612 0.0 0
1573754960 1.272519559 0.0 0
1573755128 1.404280898 0.0 0
1573755287 1.453491509 0.0 0
1573755447 1.244119573 0.0 0
1573755603 1.628770712 0.0 0
1573755761 1.568397174 0.0 0
1573755918 1.503338544 0.0 0
1573756076 1.528064364 0.0 0
1573827970 1.235423609 0.0 0
1573828282 1.58041821 0.0 0
1573828593 1.530913707 0.0 0
1573828898 1.273092039 0.0 0
1573829203 1.445146436 0.0 0
1573829509 1.544590331 0.0 0
1573829890 1.45755835 0.0 0
1573830376 1.416323443 0.0 0
1573830684 1.537343852 0.0 0
1573830992 1.272092617 0.0 0
1573831384 1.443665844 0.0 0
1573831541 1.535065892 0.0 0
1573831699 1.519074235 0.0 0
1573831873 1.17489194 0.0 0
1573832025 1.27848839 0.0 0
1573832184 1.54100346 0.0 0
1573832340 1.196072382 0.0 0
1573832507 1.534553777 0.0 0
1573832662 1.532365304 0.0 0
1573832817 1.562221513 0.0 0
1573833012 1.237672179 0.0 0
1573833170 1.288942449 0.0 0
1573833334 1.239998543 0.0 0
1573833490 1.28741732 0.0 0
1573833648 1.561929841 0.0 0
1573901022 1.435587388 0.0 0
1573901180 1.600830223 0.0 0
1573901336 1.190383045 0.0 0
1573901492 1.450753218 0.0 0
1573901653 1.459938401 0.0 0
1573901807 1.185350145 0.0 0
1573901961 1.580361052 0.0 0
1573902120 1.201122436 0.0 0
1573902277 1.528904 0.0 0
1573902433 1.376047825 0.0 0
1573902626 1.275122648 0.0 0
1573902934 1.326070788 0.0 0
1573903244 1.543679103 0.0 0
1573903556 1.480011033 0.0 0
1573903866 1.562243784 0.0 0
1573904175 1.539125944 0.0 0
1574685749 1.606725559 0.0 0
1574685938 1.42419167 0.0 0
1574686112 1.274703678 0.0 0
1574686269 1.538833773 0.0 0
1574686432 1.667704111 0.0 0
1574686591 5.493470569 0.0 0
1574686753 1.494822798 0.0 0
1574686919 1.752285339 0.0 0
1574686926 20.923179529 0.0 0
1574687109 1.613008897 0.0 0
1574687286 1.313401484 0.0 0
1574687943 1.441045591 0.0 0
1574688262 1.335510304 0.0 0
1574689245 1.499332527 0.0 0
1574689616 1.627636998 0.0 0
1574689830 1.403299823 0.0 0
1574690001 1.515731396 0.0 0
1574690162 1.627422426 0.0 0
1574690340 1.585105666 0.0 0
1574690499 1.547088608 0.0 0
1574690669 1.272034909 0.0 0
1574690831 1.213744708 0.0 0
1574691014 1.578834293 0.0 0
1574691194 1.577617335 0.0 0
1574691947 1.536362803 0.0 0
1574692266 1.319978516 0.0 0
1574692586 2.009487855 0.0 0
1574693495 1.266067138 0.0 0
1574693820 1.409192327 0.0 0
1574694251 1.381855047 0.0 0
1574694581 1.62148399 0.0 0
1574695137 1.522891853 0.0 0
1574695474 1.363341939 0.0 0
1574695786 1.665309671 0.0 0
1574696246 1.308483205 0.0 0
1574696822 6.208757164 0.0 0
1574697397 1.687420923 0.0 0
1574698003 1.610697933 0.0 0
1574698577 8.234158078 0.0 0
1574706680 1.442774674 0.0 0
1574706815 1.500145631 0.0 0
1574707059 1.633185737 0.0 0
1574707238 1.232451964 0.0 0
1574708026 1.282268008 0.0 0
1574708520 1.372246131 0.0 0
1574708722 1.55579427 0.0 0
1574709104 1.552888496 0.0 0
1574709337 1.231891734 0.0 0
1574710448 1.524622111 0.0 0
1574710638 1.196005372 0.0 0
1574950730 1.5622429 0.0 0
1574951051 1.178613057 0.0 0
1574951439 1.630611896 0.0 0
1574951782 1.743638951 0.0 0
1574952101 1.613717987 0.0 0
1574952414 1.275845712 0.0 0
1574952829 1.626376595 0.0 0
1574953198 1.628556916 0.0 0
1574953508 1.666641022 0.0 0
1574953833 1.578723886 0.0 0
1574954162 1.325500523 0.0 0
1574954325 1.379233509 0.0 0
1574954500 1.620421724 0.0 0
1574954665 1.543651731 0.0 0
1574954849 1.274115825 0.0 0
1574955007 1.510246558 0.0 0
1574955266 1.324745782 0.0 0
1574955424 1.612524071 0.0 0
1574955584 1.290927372 0.0 0
1574955745 1.367558484 0.0 0
1574956002 1.408559272 0.0 0
1574956581 1.318536969 0.0 0
1574957274 1.483608908 0.0 0
1574957850 1.514894395 0.0 0
1574958442 1.29701998 0.0 0
1574959031 1.3249371 0.0 0
1574959634 1.538020202 0.0 0
1574960212 1.235725072 0.0 0
1574960824 1.230509025 0.0 0
1574961463 1.296773556 0.0 0
1575026492 1.540858429 0.0 0
1575026654 1.283893539 0.0 0
1575026815 1.365210761 0.0 0
1575026975 1.248850961 0.0 0
1575027139 1.53415683 0.0 0
1575027301 1.568417674 0.0 0
1575027466 1.451588569 0.0 0
1575027623 1.244656933 0.0 0
1575027787 1.455828622 0.0 0
1575027952 1.483243627 0.0 0
1575028133 1.713845157 0.0 0
1575028441 1.589823245 0.0 0
1575028753 1.500805027 0.0 0
1575029086 1.407261692 0.0 0
1575029403 1.290309347 0.0 0
1575029710 1.318414279 0.0 0
1575030026 1.578747242 0.0 0
1575030336 1.607471234 0.0 0
1575030653 1.483739247 0.0 0
1575030984 1.590199038 0.0 0
1575032933 1.365331192 0.0 0
1575033500 1.331910936 0.0 0
1575034091 1.627859249 0.0 0
1575034659 1.226845567 0.0 0
1575035231 1.274491091 0.0 0
1575036253 1.319607583 0.0 0
1575036829 1.584969251 0.0 0
1575037390 1.535024233 0.0 0
1575037947 1.553506023 0.0 0
1575038959 1.502716078 0.0 0
1575112809 1.44969063 0.0 0
1575112970 1.592991265 0.0 0
1575113132 1.617251447 0.0 0
1575113292 1.520631922 0.0 0
1575113451 1.50551553 0.0 0
1575113610 1.265854582 0.0 0
1575113767 1.533378375 0.0 0
1575113925 1.317675916 0.0 0
1575114087 1.351250082 0.0 0
1575114250 1.511381252 0.0 0
1575114419 1.471650839 0.0 0
1575114722 1.447840344 0.0 0
1575115033 1.492193147 0.0 0
1575115343 1.614783646 0.0 0
1575115651 1.578324315 0.0 0
1575115966 1.321909728 0.0 0
1575116277 1.446889162 0.0 0
1575116589 1.533224868 0.0 0
1575116896 1.66086089 0.0 0
1575117204 1.472699497 0.0 0
1575120226 1.547471407 0.0 0
1575120788 1.289065125 0.0 0
1575121348 1.632558296 0.0 0
1575122410 1.576070978 0.0 0
1575122968 1.403590255 0.0 0
1575123525 1.675340578 0.0 0
1575124085 1.45306199 0.0 0
1575124639 1.564137176 0.0 0
1575125205 1.273971804 0.0 0
1575125774 1.535365588 0.0 0
1575289738 1.575504248 0.0 0
1575289902 1.333325407 0.0 0
1575290071 1.187132689 0.0 0
1575290253 1.410349093 0.0 0
1575290423 4.032082606 0.0 0
1575290600 1.453554047 0.0 0
1575290770 1.527090052 0.0 0
1575290931 1.445561993 0.0 0
1575291089 1.611604225 0.0 0
1575291251 1.276641448 0.0 0
1575292931 1.579045723 0.0 0
1575293265 1.329559345 0.0 0
1575293601 1.43459335 0.0 0
1575293937 1.627582253 0.0 0
1575294286 1.440973358 0.0 0
1575294623 1.550448191 0.0 0
1575294993 1.217226959 0.0 0
1575295387 1.448268943 0.0 0
1575295738 1.456610377 0.0 0
1575296946 1.545854122 0.0 0
1575297513 1.568226813 0.0 0
1575298101 1.272489088 0.0 0
1575298667 1.487019653 0.0 0
1575299241 1.500488647 0.0 0
1575299817 1.619695255 0.0 0
1575300442 1.483731221 0.0 0
1575301000 1.343258361 0.0 0
1575301816 1.496155926 0.0 0
1575384140 1.432087597 0.0 0
1575384300 1.508192187 0.0 0
1575384460 1.624344575 0.0 0
1575384618 1.502372047 0.0 0
1575384783 1.57117459 0.0 0
1575384938 1.594344538 0.0 0
1575385099 1.632051564 0.0 0
1575385261 1.574109645 0.0 0
1575385420 1.368526659 0.0 0
1575385584 1.550592775 0.0 0
1575385826 1.228787501 0.0 0
1575386137 1.20975889 0.0 0
1575386448 1.578569255 0.0 0
1575386853 1.460129398 0.0 0
1575387162 1.444513537 0.0 0
1575387472 1.490238186 0.0 0
1575387782 1.351591811 0.0 0
1575388090 1.575400509 0.0 0
1575388398 1.540724594 0.0 0
1575388704 1.560531029 0.0 0
1575390006 1.236771907 0.0 0
1575390575 1.567726366 0.0 0
1575391142 1.657123049 0.0 0
1575391706 1.196077846 0.0 0
1575392521 1.491583212 0.0 0
1575393153 1.560267388 0.0 0
1575393716 1.53983154 0.0 0
1575394281 1.241373826 0.0 0
1575394844 1.445947127 0.0 0
1575395406 1.533213736 0.0 0
1575397112 4.284817034 0.0 0
1575397162 0.044585988 -1 -1
1575397403 4.26819423 0.0 0
1575473367 1.608070833 0.0 0
1575474396 1.624680708 0.0 0
1575556520 1.627078079 0.0 0
1575556682 1.633696119 0.0 0
1575556846 1.41344898 0.0 0
1575557026 1.31432411 0.0 0
1575557208 1.544074877 0.0 0
1575557393 1.618941849 0.0 0
1575557567 1.260151598 0.0 0
1575557740 1.35381304 0.0 0
1575558199 1.403237602 0.0 0
1575558388 1.630827918 0.0 0
1575558585 1.459169316 0.0 0
1575558897 1.248328879 0.0 0
1575559225 1.459022056 0.0 0
1575559535 1.630086914 0.0 0
1575559911 1.550947089 0.0 0
1575560239 1.486864648 0.0 0
1575560569 1.575880162 0.0 0
1575561101 1.261185298 0.0 0
1575561448 1.285251845 0.0 0
1575561805 1.446923264 0.0 0
1575562224 1.323904704 0.0 0
1575562933 1.304175533 0.0 0
1575563570 1.61361071 0.0 0
1575564184 1.53336488 0.0 0
1575564767 1.552300203 0.0 0
1575565334 1.411440236 0.0 0
1575565896 1.495580784 0.0 0
1575566489 1.191923599 0.0 0
1575567802 1.441135945 0.0 0
1575568414 1.413861645 0.0 0
1579184019 1.246407515 0.0 0
1579184734 1.668255103 0.0 0
1579184896 1.582257474 0.0 0
1579185057 1.574287962 0.0 0
1579185232 1.574440498 0.0 0
1579185408 1.329020923 0.0 0
1579185591 1.615965881 0.0 0
1579185765 1.507129996 0.0 0
1579185959 1.540419684 0.0 0
1579186131 1.628333909 0.0 0
1579186329 1.368343004 0.0 0
1579186672 1.403948913 0.0 0
1579187690 1.54835131 0.0 0
1579188017 1.261217402 0.0 0
1579188468 1.660406976 0.0 0
1579188999 1.616396233 0.0 0
1579189330 1.565606433 0.0 0
1579189661 1.581412192 0.0 0
1579189997 1.292025545 0.0 0
1579190332 1.694917426 0.0 0
1579190857 1.626003701 0.0 0
1579191473 1.492800065 0.0 0
1579192038 1.491249881 0.0 0
1579192616 1.421324596 0.0 0
1579193184 1.347039848 0.0 0
1579193773 1.496307444 0.0 0
1579194338 1.608388317 0.0 0
1579194909 1.569247296 0.0 0
1579195472 19.127667083 0.0 0
1579196062 1.231587076 0.0 0
1579351749 1.552758549 0.0 0
1579351916 1.625181793 0.0 0
1579352076 1.582220286 0.0 0
1579352238 1.587844785 0.0 0
1579352400 1.362819629 0.0 0
1579352564 1.412273411 0.0 0
1579352722 1.544406544 0.0 0
1579352883 1.367702186 0.0 0
1579353046 1.230976807 0.0 0
1579353209 1.532701515 0.0 0
1579354091 1.302590234 0.0 0
1579354397 1.480857042 0.0 0
1579354708 1.295214827 0.0 0
1579355019 1.358788769 0.0 0
1579355326 1.619143526 0.0 0
1579355636 1.335676303 0.0 0
1579355946 1.632377014 0.0 0
1579356250 1.586376378 0.0 0
1579356477 0.292481036 1.0 1
1579356558 1.444045174 0.0 0
1579356863 1.538306115 0.0 0
1579359270 1.492026044 0.0 0
1579359842 1.534146754 0.0 0
1579360406 1.627896883 0.0 0
1579360964 1.23391746 0.0 0
1579361520 1.242291638 0.0 0
1579362074 1.496797039 0.0 0
1579362630 1.504232783 0.0 0
1579363191 1.580637898 0.0 0
1579363759 1.57993759 0.0 0
1579364320 1.587428642 0.0 0
1579522830 1.722749837 0.0 0
1579523041 1.633665769 0.0 0
1579523230 1.38732194 0.0 0
1579523396 1.627363205 0.0 0
1579523568 1.619819797 0.0 0
1579523750 1.531740324 0.0 0
1579523931 1.616492853 0.0 0
1579524121 1.626246994 0.0 0
1579524288 1.231685344 0.0 0
1579524456 1.232495408 0.0 0
1579524689 1.455258074 0.0 0
1579525033 1.603894526 0.0 0
1579525363 1.455534256 0.0 0
1579525754 1.539493826 0.0 0
1579526080 1.52736145 0.0 0
1579528375 1.328547191 0.0 0
1579528697 30.636532567 0.0 0
1579529179 1.356625238 0.0 0
1579529524 1.231384405 0.0 0
1579529835 1.602457702 0.0 0
1579530235 1.710574095 0.0 0
1579530883 1.369940584 0.0 0
1579531924 1.491820966 0.0 0
1579532627 1.279336028 0.0 0
1579533280 1.508312641 0.0 0
1579533868 1.238319396 0.0 0
1579534556 1.491530066 0.0 0
1579535190 1.614456562 0.0 0
1579535786 1.61363135 0.0 0
1579536839 1.575792689 0.0 0
1579537428 1.448476305 0.0 0
1580215289 1.599960141 0.0 0
1580215481 1.288436432 0.0 0
1580215649 1.544730538 0.0 0
1580215807 1.535321811 0.0 0
1580215968 1.615433917 0.0 0
1580216131 1.500253463 0.0 0
1580216291 1.402529334 0.0 0
1580216452 1.405887014 0.0 0
1580216611 1.61615692 0.0 0
1580216793 1.493397134 0.0 0
1580217825 1.527188995 0.0 0
1580218152 1.510759523 0.0 0
1580218468 1.577953228 0.0 0
1580218721 0.047753042 -1 -1
1580218802 1.573462874 0.0 0
1580219154 1.459970026 0.0 0
1580219514 1.347444714 0.0 0
1580222242 1.668186242 0.0 0
1580222557 1.655291072 0.0 0
1580222871 1.483143136 0.0 0
1580223176 1.523070648 0.0 0
1580223563 1.619648945 0.0 0
1580224131 1.284375173 0.0 0
1580224688 1.586028583 0.0 0
1580225247 1.471859961 0.0 0
1580225812 1.405055903 0.0 0
1580226389 1.53140987 0.0 0
1580226958 1.286457185 0.0 0
1580227556 1.411386013 0.0 0
1580228141 1.547559184 0.0 0
1580228700 1.221635883 0.0 0
1580304704 1.538080426 0.0 0
1580304861 1.530951203 0.0 0
1580305022 1.23344757 0.0 0
1580305182 1.467160268 0.0 0
1580305367 1.485041785 0.0 0
1580305526 1.597296905 0.0 0
1580305689 1.623448702 0.0 0
1580305848 1.583524432 0.0 0
1580306004 1.308102254 0.0 0
1580306163 1.522775436 0.0 0
1580306467 1.320187268 0.0 0
1580306769 1.596518882 0.0 0
1580307084 1.709145294 0.0 0
1580307645 1.567706058 0.0 0
1580307955 1.231890223 0.0 0
1580308267 1.280518775 0.0 0
1580310470 1.276473905 0.0 0
1580310784 1.463100838 0.0 0
1580311098 1.486169438 0.0 0
1580311406 1.199433792 0.0 0
1580311780 1.61951217 0.0 0
1580312124 1.627734388 0.0 0
1580312709 1.647221508 0.0 0
1580313267 1.324459074 0.0 0
1580314231 1.524131742 0.0 0
1580314788 1.599149659 0.0 0
1580315343 1.29828598 0.0 0
1580315907 1.28372546 0.0 0
1580316609 1.243991194 0.0 0
1580317182 1.253273615 0.0 0
1581935203 1.48102991 0.0 0
1581935362 1.284937659 0.0 0
1581935523 1.244369967 0.0 0
1581935689 1.361000337 0.0 0
1581935856 1.233578519 0.0 0
1581936028 1.20125429 0.0 0
1581936199 1.234675718 0.0 0
1581936359 1.279925947 0.0 0
1581936520 1.191287994 0.0 0
1581936696 1.235971541 0.0 0
1581936872 1.245108926 0.0 0
1581937188 1.506001975 0.0 0
1581937533 1.249017955 0.0 0
1581937838 1.22968789 0.0 0
1581938171 1.527279423 0.0 0
1581938495 1.609187577 0.0 0
1581938803 1.439961623 0.0 0
1581939120 1.231436638 0.0 0
1581939464 1.360858914 0.0 0
1581939766 1.669733891 0.0 0
1581942173 1.47683959 0.0 0
1581942850 1.27873316 0.0 0
1581944448 1.291067959 0.0 0
1581945734 1.323419184 0.0 0
1581946304 1.446601157 0.0 0
1581946876 1.279958685 0.0 0
1581947796 1.281051276 0.0 0
1581948864 1.306611053 0.0 0
1582026877 1.434269397 0.0 0
1582027039 1.520727146 0.0 0
1582027202 1.65470751 0.0 0
1582027371 1.366007838 0.0 0
1582027783 1.600703035 0.0 0
1582027947 1.489833575 0.0 0
1582028116 1.52729633 0.0 0
1582028283 1.609249145 0.0 0
1582028451 1.540177499 0.0 0
1582028620 1.506228534 0.0 0
1582030273 1.466726192 0.0 0
1582030577 1.556472218 0.0 0
1582031233 1.529915321 0.0 0
1582031526 1.542062008 0.0 0
1582031826 1.575309446 0.0 0
1582032198 1.404575169 0.0 0
1582032518 1.444458731 0.0 0
1582032818 1.458206239 0.0 0
1582033118 1.499630899 0.0 0
1582033468 1.450519564 0.0 0
1582033795 1.48496197 0.0 0
1582035455 1.488025533 0.0 0
1582036062 1.503943852 0.0 0
1582036667 1.537295625 0.0 0
1582037274 1.57554059 0.0 0
1582037872 1.451791384 0.0 0
1582038468 1.62056723 0.0 0
1582041359 1.308706678 0.0 0
1582041970 1.50493012 0.0 0
1582043556 1.491268219 0.0 0
1582044170 1.55986204 0.0 0
1582044773 1.268972139 0.0 0
1582045075 1.494125975 0.0 0
1582045375 1.554303207 0.0 0
1582045684 1.450795637 0.0 0
1582045984 1.664308021 0.0 0
1582113091 1.669101009 0.0 0
1582113259 1.615561326 0.0 0
1582113422 1.486922438 0.0 0
1582113591 1.497693999 0.0 0
1582113753 1.609080061 0.0 0
1582113930 1.448745975 0.0 0
1582114093 1.451995939 0.0 0
1582114256 1.665427729 0.0 0
1582114423 1.446215511 0.0 0
1582114587 1.620346904 0.0 0
1582114750 1.404808948 0.0 0
1582114912 1.456238871 0.0 0
1582115078 1.299700187 0.0 0
1582115244 1.580593124 0.0 0
1582115408 1.609519551 0.0 0
1582115571 1.624514896 0.0 0
1582115735 1.533727801 0.0 0
1582115897 1.453216603 0.0 0
1582116080 1.464929038 0.0 0
1582116296 1.424051688 0.0 0
1582116468 1.53834693 0.0 0
1582116637 1.570016809 0.0 0
1582118956 1.453522588 0.0 0
1582119117 1.526034958 0.0 0
1582119288 1.588484718 0.0 0
1582119453 1.499168751 0.0 0
1582119639 1.584177449 0.0 0
1582119802 1.48975654 0.0 0
1582119972 1.592040186 0.0 0
1582120146 1.489006414 0.0 0
1582120328 1.490219846 0.0 0
1582120632 1.427710486 0.0 0
1582120869 1.43435502 0.0 0
1582121037 1.527005271 0.0 0
1582121282 1.447534982 0.0 0
1582121443 1.622527411 0.0 0
1582125186 1.540116729 0.0 0
1582125347 1.449001736 0.0 0
1582125830 1.518495039 0.0 0
1582125996 1.571683227 0.0 0
1582126165 1.490856191 0.0 0
1582126326 1.538686052 0.0 0
1582126493 1.704358726 0.0 0
1582126655 1.445268575 0.0 0
1582126821 1.459934612 0.0 0
1582126983 1.592544986 0.0 0
1582127144 1.584629154 0.0 0
1582127311 1.660376994 0.0 0
1582127480 1.540757585 0.0 0
1582127644 1.63253961 0.0 0
1582127808 1.52003905 0.0 0
1582127968 1.589507841 0.0 0
1582128134 1.528873145 0.0 0
1582128293 1.500437116 0.0 0
1582128475 1.514188554 0.0 0
1582128638 1.546366819 0.0 0
1582128804 1.45864294 0.0 0
1582128967 1.440822525 0.0 0
1582129139 1.56936606 0.0 0
1582129298 1.523658483 0.0 0
1582129459 1.364276271 0.0 0
1582129623 1.571126014 0.0 0
1582185046 1.501558047 0.0 0
1582185226 1.591796455 0.0 0
1582185961 1.245358889 0.0 0
1582186122 1.502609497 0.0 0
1582186281 1.367148342 0.0 0
1582186415 0.095677288 -1 -1
1582186854 1.245958058 0.0 0
1582187818 1.279228837 0.0 0
1582187975 1.190608385 0.0 0
1582188135 1.257271889 0.0 0
1582188296 1.576284454 0.0 0
1582188751 1.28888048 0.0 0
1582189469 1.485275112 0.0 0
1582190775 1.280999649 0.0 0
1582191066 1.546476695 0.0 0
1582191357 1.475893446 0.0 0
1582191653 1.556793236 0.0 0
1582191949 1.492591229 0.0 0
1582192240 1.449116005 0.0 0
1582192537 1.280610098 0.0 0
1582192825 1.283866609 0.0 0
1582193114 1.420424524 0.0 0
1582193747 1.234677087 0.0 0
1582193910 1.505995426 0.0 0
1582194075 1.195751495 0.0 0
1582194230 1.51511204 0.0 0
1582194392 1.448804749 0.0 0
1582194556 1.448326039 0.0 0
1582194716 1.283703882 0.0 0
1582194887 1.276545786 0.0 0
1582195047 1.238456177 0.0 0
1582195208 1.287456792 0.0 0
1582195702 1.451802077 0.0 0
1582195863 1.284916606 0.0 0
1582196020 1.532401162 0.0 0
1582196181 1.49965365 0.0 0
1582196340 1.543549174 0.0 0
1582196499 1.328163559 0.0 0
1582196657 1.496911482 0.0 0
1582196815 1.363284939 0.0 0
1582196977 1.403362718 0.0 0
1582197144 1.277320537 0.0 0
1582197301 1.557681465 0.0 0
1582197468 1.474733162 0.0 0
1582197637 1.585381928 0.0 0
1582197796 1.311323691 0.0 0
1582197955 1.195299757 0.0 0
1582198111 1.491876831 0.0 0
1582198274 1.323612607 0.0 0
1582198430 1.495993472 0.0 0
1582198712 1.413446675 0.0 0
1582199060 1.52272543 0.0 0
1582631368 1.152539633 0.0 0
1582631528 1.27639558 0.0 0
1582631684 1.585970522 0.0 0
1582631842 1.318163442 0.0 0
1582631998 1.299666251 0.0 0
1582632155 1.223874178 0.0 0
1582632316 1.254788771 0.0 0
1582632478 1.526242962 0.0 0
1582632636 1.31388995 0.0 0
1582632798 1.263592508 0.0 0
1582634894 1.278812372 0.0 0
1582635176 1.491568225 0.0 0
1582635460 1.324222348 0.0 0
1582635744 1.282215959 0.0 0
1582636030 1.376128451 0.0 0
1582636318 1.447857517 0.0 0
1582636609 1.292780661 0.0 0
1582636899 1.243820571 0.0 0
1582637199 1.563420298 0.0 0
1582637495 1.589380261 0.0 0
1582637791 1.250526489 0.0 0
1582638350 1.522909575 0.0 0
1582638927 1.305638769 0.0 0
1582640606 1.49205429 0.0 0
1582641164 1.494054056 0.0 0
1582641726 1.228304641 0.0 0
1582642300 1.288930336 0.0 0
1582642876 1.521507043 0.0 0
1582643478 1.455342113 0.0 0
1582644036 1.32208352 0.0 0
1582884495 1.370852679 0.0 0
1582884675 1.221149432 0.0 0
1582884843 1.204655863 0.0 0
1582885004 1.500580194 0.0 0
1582885170 1.3642115 0.0 0
1582885333 1.482585043 0.0 0
1582885492 1.371683887 0.0 0
1582885654 1.491858999 0.0 0
1582885815 1.442534196 0.0 0
1582885977 1.451896156 0.0 0
1582886145 1.379458423 0.0 0
1582886427 1.362034477 0.0 0
1582886721 1.275952135 0.0 0
1582887014 1.406956953 0.0 0
1582887302 1.281451061 0.0 0
1582887588 1.328397785 0.0 0
1582887883 1.373008994 0.0 0
1582888170 1.457024624 0.0 0
1582888457 1.451711443 0.0 0
1582888745 1.497610106 0.0 0
1582898621 1.488170654 0.0 0
1582899206 1.346003682 0.0 0
1582899771 1.495409061 0.0 0
1582900334 1.259579525 0.0 0
1582900896 1.535919312 0.0 0
1582902639 1.588994764 0.0 0
1582903219 1.331954226 0.0 0
1574710638 1.196005372 0.0 0
1574707059 1.633185737 0.0 0
1574708722 1.55579427 0.0 0
