1569853931 8.266617448 0.0 0
1569854955 10.620471748 0.09090909090909091 1
1569855507 8.415603013 0.0 0
1569856528 8.907391313 0.0 0
1570447352 8.277151044 0.125 1
1570448182 7.9442554 -1 -1
1570449111 8.293616895 0.125 1
1570449566 8.231194972 0.125 1
1571323552 8.199760391 0.3333333333333333 1
1571323955 8.169335079 0.25 1
1571324353 8.183449907 0.0 0
1571324746 8.21413764 0.25 1
1571327676 8.450760934 0.125 1
1571328067 8.191755687 0.0 0
1571328458 8.167642271 0.0 0
1571328849 8.369544401 0.0 0
1571329241 8.50883323 0.0 0
1571329630 8.181710756 0.3333333333333333 2
1571330608 8.213062898 0.125 1
1571398180 8.25572859 0.0 0
1571398576 8.281173972 0.125 1
1571398968 8.130207331 0.125 1
1571399359 8.271255919 0.25 2
1571399751 8.192952177 0.375 1
1571400148 8.19270503 0.125 1
1571400569 8.096420681 0.0 0
1571400967 8.242262438 0.125 1
1571401362 8.190864777 0.0 0
1571401751 8.679024803 0.2222222222222222 1
1571407131 8.218501545 0.75 2
1571407524 8.060364139 0.2222222222222222 1
1571407914 8.249748081 0.5555555555555556 2
1571408304 8.568230311 0.1111111111111111 1
1571408697 8.142703266 0.0 0
1571666189 8.264340421 0.0 0
1571666581 8.036506532 0.0 0
1571666973 8.2452815 0.0 0
1571667364 8.056008055 0.0 0
1571667809 8.311143926 0.0 0
1571669459 8.306452421 0.0 0
1571669853 8.120956717 0.0 0
1571754369 8.311678432 0.2222222222222222 2
1571754761 8.233048757 0.25 1
1571755162 8.1983137 0.0 0
1571755564 8.21123168 0.0 0
1571755980 11.236577776 0.16666666666666666 1
1571756793 8.137200405 0.4444444444444444 2
1571757230 8.259308939 0.2222222222222222 1
1571757648 7.92981679 0.625 2
1571758046 8.576811309 0.125 1
1571758437 8.159634599 0.625 2
1571758830 8.101357856 0.25 1
1571762441 8.277646344 0.0 0
1571762840 8.270678343 0.2222222222222222 2
1571763230 8.217635279 0.0 0
1571763621 8.27648543 0.25 1
1571764014 8.283763745 0.375 2
1571764439 8.275750161 0.25 1
1571764831 8.300011332 0.4444444444444444 1
1571765220 8.200164455 0.375 2
1571765611 8.326842192 0.125 1
1571766003 6.215101726 0.14285714285714285 1
1571766969 8.395380294 0.125 1
1572006703 7.870656621 0.125 1
1572007328 8.217921283 0.0 0
1572007723 8.240219692 0.375 1
1572008232 8.215791432 0.25 1
1572008634 8.285022749 0.375 1
1572009028 8.224228177 0.0 0
1572009419 8.028721344 0.0 0
1572009809 8.183029491 0.0 0
1572010200 8.165178504 0.0 0
1572010596 8.208427624 0.375 2
1572010987 8.062388294 0.0 0
1572013550 8.106530858 0.0 0
1572013943 8.236519528 0.125 1
1572014335 8.276169716 0.125 1
1572014726 6.649020895 0.2857142857142857 1
1572015114 8.1729627 0.0 0
1572268258 8.122994381 -1 -1
1572269171 8.175320305 0.0 0
1572269586 8.616265542 0.125 1
1572270001 8.183104069 0.0 0
1572270407 8.285764143 0.375 2
1572270801 8.199764815 0.125 1
1572271308 28.211966955 0.06896551724137931 2
1572272508 6.645969299 0.0 0
1572272842 8.157738468 0.125 1
1572273174 7.950882911 0.0 0
1572273522 6.695903625 0.0 0
1572273858 6.559951255 0.16666666666666666 1
1572276279 6.678928798 0.14285714285714285 1
1572276615 6.649476943 0.0 0
1572276948 6.539086171 0.0 0
1572277279 6.751250667 0.14285714285714285 1
1572277614 6.685502425 0.0 0
1572277973 6.672049659 0.2857142857142857 1
1572278305 6.649028841 0.0 0
1572278637 6.793745465 0.0 0
1572363695 6.603220616 0.0 0
1572364025 6.930861554 0.0 0
1572364356 6.717431338 0.0 0
1572364688 6.803834674 0.2857142857142857 2
1572365023 6.690286095 0.2857142857142857 1
1572365360 6.582621372 0.14285714285714285 1
1572365739 6.775389909 0.0 0
1572366119 6.58358428 0.0 0
1572366452 7.144316526 0.7142857142857143 2
1572366785 6.572855658 0.42857142857142855 2
1572369813 6.77581082 0.14285714285714285 1
1572370144 6.676608692 0.0 0
1572370475 6.595398666 0.5 2
1572370806 6.69755958 0.0 0
1572371135 6.629120939 0.14285714285714285 1
1572371467 6.72144189 0.0 0
1572371797 6.704867317 0.16666666666666666 1
1572372127 6.730894136 0.0 0
1572372456 6.644958056 0.2857142857142857 2
1572372790 6.713033865 0.0 0
1572533801 6.624362272 0.3333333333333333 1
1572534155 6.888172277 0.0 0
1572534502 6.424333117 0.0 0
1572534832 6.741809092 0.14285714285714285 1
1572535182 6.543518367 0.0 0
1572535513 6.566137197 0.14285714285714285 1
1572535843 6.645234443 0.14285714285714285 1
1572536178 7.395422163 0.14285714285714285 1
1572536542 6.747611185 0.16666666666666666 1
1572536879 6.659563522 0.0 0
1572537800 6.774721811 0.0 0
1572538453 6.660957519 0.14285714285714285 1
1572539109 6.618804872 0.0 0
1572539762 6.587089045 0.0 0
1572540411 13.289200096 0.0 0
1572541321 6.658674925 0.0 0
1572541970 6.747790855 0.0 0
1572542618 6.483443486 0.0 0
1572543264 6.578418756 0.0 0
1572543937 6.597440602 0.0 0
1572871686 6.625761974 0.0 0
1572872334 6.675497074 0.14285714285714285 1
1572873015 6.697827746 0.2857142857142857 1
1572873666 6.64383472 0.16666666666666666 1
1572874321 6.63740395 0.0 0
1572875388 6.620727271 0.0 0
1572876254 9.209305537 0.0 0
1572877467 6.616212861 0.0 0
1572878123 6.656380887 0.0 0
1572879365 6.60533709 0.0 0
1572879987 16.529715879 0.0 0
1572880425 6.56432828 0.42857142857142855 2
1572880760 6.626113679 0.2857142857142857 1
1572881110 6.804266972 0.0 0
1572881442 6.92433664 0.5714285714285714 2
1572881777 6.588808454 0.0 0
1572882107 6.636158947 0.0 0
1572882493 6.819008239 0.0 0
1572882829 6.749478057 0.0 0
1572883181 5.257448704 0.0 0
1572883523 6.295551889 0.3333333333333333 1
1572967753 6.663860945 0.0 0
1572968735 8.139864687 0.0 0
1572969709 8.075976001 0.25 1
1572970370 6.488336893 0.16666666666666666 1
1572971021 6.634164762 0.16666666666666666 1
1572971683 6.655101205 0.2857142857142857 1
1572972345 6.52821319 0.3333333333333333 1
1572973057 6.528408119 0.0 0
1572973710 6.534387133 0.14285714285714285 1
1572974361 6.552783879 0.16666666666666666 1
1572975016 6.604428108 0.14285714285714285 1
1572975415 6.571175411 0.0 0
1572975746 6.681095524 0.0 0
1572976117 6.608327758 0.14285714285714285 1
1572976496 6.813302051 0.375 2
1572976827 6.654830762 0.3333333333333333 1
1572977158 6.608734882 0.2857142857142857 2
1572977520 6.641511847 0.2857142857142857 1
1572977849 6.623512771 0.42857142857142855 2
1572978238 6.744137954 0.14285714285714285 1
1573209296 6.628611709 0.0 0
1573209963 6.602196548 0.0 0
1573210626 7.070923434 0.14285714285714285 1
1573211295 6.784176739 0.2857142857142857 1
1573211951 6.671182055 0.5714285714285714 2
1573212600 6.639361567 0.14285714285714285 1
1573213253 6.640837092 0.0 0
1573213919 6.94921349 0.0 0
1573214577 6.713964664 0.0 0
1573215238 6.576579805 0.0 0
1573218442 6.679963011 0.14285714285714285 1
1573218776 6.716879321 0.16666666666666666 1
1573218953 7.429956827 0.25 2
1573306679 5.955257805 0.3333333333333333 2
1573307002 5.977022606 0.14285714285714285 1
1573307337 6.047049671 0.5714285714285714 2
1573307655 6.133899253 0.16666666666666666 1
1573307973 6.099011659 0.0 0
1573308290 6.160423446 0.3333333333333333 1
1573308622 6.070237459 0.16666666666666666 1
1573308942 5.896112328 0.0 0
1573309263 6.493413084 0.0 0
1573309592 6.015419241 0.14285714285714285 1
1573310738 6.123924948 0.0 0
1573311353 6.052030544 0.0 0
1573311971 6.054484361 0.0 0
1573312670 5.840748381 0.0 0
1573313290 5.94316687 0.0 0
1573313912 6.056853352 0.0 0
1573314541 5.917808852 0.3333333333333333 1
1573315152 79.880084137 0.0125 1
1573741872 6.070875919 0.0 0
1573741990 5.808416791 0.0 0
1573743622 5.789042177 0.8333333333333334 3
1573743723 5.831670179 0.3333333333333333 1
1573743822 5.909187679 0.16666666666666666 1
1573743921 5.56700748 0.0 0
1573744020 5.839161993 0.0 0
1573744116 5.956815355 0.0 0
1573744213 6.058586166 0.16666666666666666 1
1573744312 6.246403199 0.0 0
1573744403 6.207555207 0.0 0
1573744499 6.185655092 0.0 0
1573744606 5.889934684 0.0 0
1573744704 6.186405631 0.0 0
1573744817 5.745749735 0.0 0
1573744916 5.595038116 0.0 0
1573745053 6.182718117 0.0 0
1573745237 5.937930914 0.16666666666666666 1
1573745333 5.730797057 0.0 0
1573745435 5.804175328 0.3333333333333333 2
1573745532 5.967019372 0.16666666666666666 1
1573745633 6.048155107 0.0 0
1573745732 5.795817957 0.0 0
1573745835 6.121493511 0.0 0
1573745933 6.087410059 0.16666666666666666 1
1573746030 5.728710179 0.0 0
1573746130 6.02370427 0.14285714285714285 1
1573746228 5.647876624 0.16666666666666666 1
1573746328 5.640948752 0.16666666666666666 1
1573746429 5.829953242 0.0 0
1573746526 6.015975434 0.16666666666666666 1
1573746622 5.758665961 0.0 0
1573748942 5.84117524 0.16666666666666666 1
1573749039 5.935583924 0.0 0
1573749141 5.862988695 0.0 0
1573749252 5.984272464 0.0 0
1573749349 6.083827357 0.3333333333333333 1
1573749484 5.848334974 0.0 0
1573749583 5.93525253 0.0 0
1573749683 6.079091381 0.0 0
1573749784 4.206855323 0.0 0
1573749880 4.282163452 0.0 0
1573828203 5.805823153 0.0 0
1573828511 5.615764987 0.16666666666666666 1
1573828818 5.767084774 0.16666666666666666 1
1573829123 5.721577263 0.2 1
1573829427 5.67852217 0.3333333333333333 1
1573829807 5.634794381 0.5714285714285714 2
1573830296 5.610284524 0.4 1
1573830605 5.912501718 0.0 0
1573830911 5.938297686 0.0 0
1573831216 5.797267875 0.3333333333333333 1
1573902850 5.792573764 0.0 0
1573903162 5.79110882 0.0 0
1573903476 5.820776113 0.5 2
1573903785 5.947477259 0.16666666666666666 1
1573904095 5.803896869 0.16666666666666666 1
1573904403 5.775653221 0.0 0
1573904573 15.607402906 0.13333333333333333 1
1574688171 9.26089485 0.0 0
1574688491 6.13025217 0.0 0
1574689311 7.689183864 0.125 1
1574692186 6.058592567 0.0 0
1574692499 5.787532779 0.2 1
1574693416 5.748213683 0.3333333333333333 1
1574693734 6.021207309 0.0 0
1574694063 6.14280279 0.5 1
1574694490 6.605661961 0.0 0
1574694810 6.061774026 0.0 0
1574695363 5.801708897 0.16666666666666666 1
1574695706 5.834814108 0.0 0
1574696014 5.840783448 0.0 0
1574696738 8.35939835 0.0 0
1574697316 6.052789456 0.0 0
1574697910 5.932404283 0.0 0
1574698480 5.891536518 0.0 0
1574699067 5.800698683 0.16666666666666666 1
1574706696 6.252783495 0.16666666666666666 1
1574707330 5.789704998 0.0 0
1574708296 6.459202652 0.5 1
1574708594 5.920160357 0.16666666666666666 1
1574708951 5.944006998 0.0 0
1574709164 5.838871508 0.0 0
1574709904 5.926270232 0.16666666666666666 1
1574710507 5.942349171 0.0 0
1574711160 5.851652538 0.0 0
1574950960 6.15056261 0.16666666666666666 1
1574951335 5.942946101 0.0 0
1574951690 5.932142074 0.3333333333333333 2
1574952017 5.894277208 0.0 0
1574952332 6.055886314 0.16666666666666666 1
1574952732 10.149067925 0.0 0
1574953057 5.798803678 0.3333333333333333 1
1574953427 5.944805685 0.0 0
1574953752 6.095273921 0.3333333333333333 1
1574954079 5.854508832 0.0 0
1574956489 5.954909625 0.16666666666666666 1
1574957158 6.191587163 0.0 0
1574957752 6.184490853 0.0 0
1574958335 5.959831845 0.0 0
1574958929 6.138251162 0.2857142857142857 2
1574959539 5.874607747 0.16666666666666666 1
1574960116 5.998236537 0.16666666666666666 1
1574960703 5.926893382 0.0 0
1574961369 5.983597807 0.0 0
1574961938 5.904844931 0.0 0
1575028362 5.848410307 0.16666666666666666 1
1575028671 5.898576633 0.0 0
1575029007 6.029735788 0.0 0
1575029323 5.661424921 0.0 0
1575029630 6.059008221 0.16666666666666666 1
1575029942 5.793700541 0.16666666666666666 1
1575030254 6.048373833 0.0 0
1575030569 6.146374471 0.2857142857142857 1
1575030901 5.959279378 0.0 0
1575031213 6.013856448 0.5714285714285714 2
1575033418 5.921978142 0.16666666666666666 1
1575033985 6.15587366 0.0 0
1575034576 6.053372135 0.16666666666666666 1
1575035149 6.081609909 0.0 0
1575035713 5.879294783 0.16666666666666666 1
1575036749 5.87911723 0.16666666666666666 1
1575037309 6.057547676 0.16666666666666666 1
1575037867 6.052225702 0.3333333333333333 2
1575038878 5.965505461 0.16666666666666666 1
1575039444 6.235067983 0.0 0
1575114643 6.011015321 0.14285714285714285 1
1575114952 5.995406585 0.16666666666666666 1
1575115262 5.979381162 0.0 0
1575115571 5.984472538 0.16666666666666666 1
1575115885 5.637329092 0.0 0
1575116196 6.054498619 0.3333333333333333 2
1575116507 5.920469377 0.0 0
1575116816 5.849742352 0.0 0
1575117125 5.893281533 0.0 0
1575117433 5.869392654 0.0 0
1575120708 5.779377617 0.0 0
1575121268 6.061895749 0.0 0
1575122269 5.984527423 0.0 0
1575122888 5.920649112 0.0 0
1575123445 5.913935546 0.14285714285714285 1
1575124004 5.907894965 0.0 0
1575124560 6.044740461 0.0 0
1575125126 5.860028942 0.0 0
1575125693 5.915391289 0.0 0
1575126258 5.80689075 0.0 0
1575293163 8.101794686 0.125 1
1575293498 6.09484964 0.0 0
1575293838 6.230372325 0.0 0
1575294175 6.108468246 0.0 0
1575294518 6.067422841 0.5714285714285714 2
1575294865 5.85491326 0.0 0
1575295267 5.87567079 0.16666666666666666 1
1575295636 5.860640153 0.16666666666666666 1
1575296847 5.882732386 0.16666666666666666 1
1575297183 6.066594893 0.0 0
1575298014 8.384234892 0.0 0
1575298584 9.096568632 0.0 0
1575299159 6.398522244 0.0 0
1575299734 9.699704415 0.1 1
1575300346 5.988185442 0.0 0
1575300920 5.834434499 0.0 0
1575301717 5.915906 0.16666666666666666 1
1575302303 8.157869375 0.0 0
1575386054 6.11302172 0.0 0
1575386368 5.958114984 0.16666666666666666 1
1575386678 6.065774082 0.0 0
1575387082 5.907200078 0.0 0
1575387390 5.989189531 0.14285714285714285 1
1575387702 5.799596476 0.2 1
1575388009 5.560412477 0.3333333333333333 1
1575388317 5.946995455 0.16666666666666666 1
1575388626 6.058122866 0.0 0
1575388930 6.034963441 0.3333333333333333 1
1575390492 5.931080688 0.0 0
1575391062 5.808621899 0.0 0
1575391624 5.882239564 0.5 1
1575392436 5.966852033 0.3333333333333333 1
1575393052 5.848156217 0.0 0
1575393635 5.910305038 0.0 0
1575394200 5.803257211 0.0 0
1575394762 5.879411442 0.0 0
1575395326 5.849834885 0.0 0
1575395890 5.959250058 0.0 0
1575397162 23.16776914 0.043478260869565216 1
1575397440 18.704340464 0.21052631578947367 1
1575397648 102.206952953 0.0 0
1575473788 6.132107328 0.14285714285714285 1
1575474576 5.98879206 0.0 0
1575558815 6.197262475 0.14285714285714285 1
1575559126 5.860153043 0.0 0
1575559453 6.0141915 0.0 0
1575559772 5.721239997 0.8333333333333334 2
1575560141 5.90374323 0.3333333333333333 2
1575560473 6.081342728 0.0 0
1575560808 6.01918433 0.2857142857142857 1
1575561339 5.954848725 0.0 0
1575561680 6.388733745 0.3333333333333333 1
1575562036 5.715366134 0.0 0
1575562810 5.765976884 0.16666666666666666 1
1575563420 5.917587329 0.0 0
1575564088 5.843727478 0.0 0
1575564667 5.97032017 0.14285714285714285 1
1575565247 5.944870897 0.0 0
1575565814 6.003476831 0.0 0
1575566385 5.926513333 0.0 0
1575566992 5.920875586 0.0 0
1575568315 5.998424071 0.0 0
1575568896 5.945546205 0.16666666666666666 1
1579186561 5.888267409 0.0 0
1579186910 5.877299387 0.16666666666666666 1
1579187919 6.13985801 0.0 0
1579188251 5.991283139 0.3333333333333333 1
1579189232 6.314189132 0.14285714285714285 1
1579189570 5.861456248 0.0 0
1579189895 5.862547799 0.0 0
1579190234 6.022714866 0.16666666666666666 1
1579190607 9.012269764 -1 -1
1579191344 6.103499601 0.0 0
1579191958 6.136737249 0.0 0
1579192523 6.002844427 0.0 0
1579193105 6.017542066 0.0 0
1579193692 5.973562141 0.0 0
1579194257 5.958843696 0.0 0
1579194826 5.944857046 0.0 0
1579195392 5.924714731 0.2 1
1579195981 5.91416538 0.0 0
1579196542 5.920079311 0.16666666666666666 1
1579354318 5.991410918 0.0 0
1579354628 5.96238112 0.16666666666666666 1
1579354940 6.135323896 0.0 0
1579355245 5.865641246 0.0 0
1579355557 5.806360076 0.3333333333333333 1
1579355865 6.044564414 0.0 0
1579356171 5.958792096 0.0 0
1579356478 5.72230611 0.0 0
1579356782 5.988511307 0.0 0
1579357261 5.688515259 0.0 0
1579359748 5.992212649 0.0 0
1579360326 5.908849472 0.0 0
1579360885 5.881188102 0.16666666666666666 1
1579361440 5.99529302 0.0 0
1579361995 6.00382476 0.0 0
1579362550 5.575724082 0.0 0
1579363110 6.039856712 0.16666666666666666 1
1579363677 5.936816753 0.0 0
1579364241 5.793648063 0.0 0
1579364800 5.85417702 0.3333333333333333 1
1579524931 6.0398632 0.0 0
1579525274 5.728778523 0.4 2
1579525659 5.941395644 0.6666666666666666 2
1579525985 5.970263349 0.0 0
1579526308 5.916939722 0.0 0
1579528615 5.968635047 0.3333333333333333 1
1579529038 5.956051508 0.3333333333333333 1
1579529415 5.854322672 0.16666666666666666 1
1579529755 5.942643031 0.0 0
1579530066 6.066240981 0.0 0
1579530794 5.968370146 0.3333333333333333 1
1579531383 5.969028543 0.0 0
1579532422 5.978685917 0.0 0
1579533114 5.844161926 0.0 0
1579533774 6.05989308 0.0 0
1579534418 5.992502356 0.0 0
1579535091 5.981433281 0.0 0
1579535678 5.831692006 0.0 0
1579536757 6.122916794 0.0 0
1579537326 5.912453068 0.0 0
1580218059 6.104429423 0.0 0
1580218388 5.977876613 0.0 0
1580218722 5.959831347 0.0 0
1580219072 6.097404714 0.16666666666666666 1
1580219433 5.933407484 0.16666666666666666 1
1580219758 5.753831599 0.0 0
1580222472 5.918395368 0.0 0
1580222786 6.103037578 0.0 0
1580223096 6.463572166 0.14285714285714285 1
1580223434 5.888582582 0.0 0
1580224051 6.051283494 0.0 0
1580224608 6.055710438 0.3333333333333333 1
1580225165 5.96949849 0.0 0
1580225730 5.871099667 0.0 0
1580226310 5.920391923 0.2857142857142857 1
1580226877 5.942196977 0.0 0
1580227442 5.965813005 0.0 0
1580228060 6.08042881 0.0 0
1580228620 5.994765586 0.0 0
1580229182 6.007587579 0.5 1
1580306689 5.960573694 0.0 0
1580307002 5.997160318 0.16666666666666666 1
1580307394 6.287266747 0.14285714285714285 1
1580307874 6.012331546 0.0 0
1580308185 5.698017198 0.0 0
1580308501 5.76200021 0.0 0
1580310703 5.987039074 0.0 0
1580311016 6.041514138 0.0 0
1580311325 6.13991838 0.3333333333333333 2
1580311636 5.989586636 0.0 0
1580312010 6.275792358 0.3333333333333333 1
1580312607 6.272903373 0.0 0
1580313187 6.047281922 0.0 0
1580314067 6.005279169 0.0 0
1580314706 5.880766205 0.0 0
1580315263 5.947944171 0.0 0
1580315826 6.097679695 0.16666666666666666 1
1580316389 16.272531659 0.0 0
1580317096 6.002163945 0.2857142857142857 1
1580317685 6.245551157 0.0 0
1581937081 5.853232606 0.3333333333333333 1
1581937393 5.884037904 0.0 0
1581937735 5.821533273 0.0 0
1581938059 5.826821626 0.16666666666666666 1
1581938379 5.842136721 0.16666666666666666 1
1581938704 6.318679658 0.0 0
1581939004 8.099702651 0.1111111111111111 1
1581939349 6.026126822 0.0 0
1581939675 5.923824837 0.16666666666666666 1
1581939974 5.788860095 0.14285714285714285 1
1581942750 5.985080427 0.0 0
1581944327 5.939270747 0.0 0
1581945273 6.099246472 0.0 0
1581946223 5.802988677 0.0 0
1581946792 6.011542093 0.14285714285714285 1
1581947688 5.949466218 0.0 0
1581948279 5.843301107 0.16666666666666666 1
1581949402 6.610409732 0.0 0
1582030492 6.704488564 0.0 0
1582030799 6.544528159 0.0 0
1582031445 6.195320978 0.0 0
1582031744 6.423850016 0.2857142857142857 1
1582032116 6.404811874 0.16666666666666666 1
1582032434 6.028912146 0.0 0
1582032737 5.955193306 0.16666666666666666 1
1582033037 5.934967131 0.0 0
1582033330 6.49711912 0.2857142857142857 1
1582033689 6.887108779 0.0 0
1582035104 6.207356256 0.0 0
1582035978 5.132598874 0.16666666666666666 1
1582036581 5.808077274 0.5714285714285714 2
1582037191 6.284900216 0.2857142857142857 1
1582037788 6.695377411 0.14285714285714285 1
1582038383 5.883593241 0.14285714285714285 1
1582038970 6.462235846 0.0 0
1582041887 5.750455547 0.16666666666666666 1
1582042637 6.701960852 0.14285714285714285 1
1582044084 6.770522431 0.0 0
1582044677 6.030424556 0.16666666666666666 1
1582044992 5.689685302 0.16666666666666666 1
1582045294 4.278273716 0.0 0
1582045589 5.703509735 0.0 0
1582045902 5.97753958 0.14285714285714285 1
1582046197 5.836753818 0.0 0
1582120546 5.677245838 0.14285714285714285 1
1582120768 5.841934594 0.0 0
1582186416 8.523186772 -1 -1
1582189508 7.886088774 0.75 1
1582190985 5.964230351 0.0 0
1582191277 5.975037408 0.0 0
1582191573 5.910476096 0.0 0
1582191869 6.081644932 0.0 0
1582192157 5.855902241 0.14285714285714285 1
1582192456 5.746320517 0.16666666666666666 1
1582192745 5.951696966 0.0 0
1582193033 6.052914543 0.0 0
1582193328 5.875735782 0.16666666666666666 1
1582635095 5.886803819 0.14285714285714285 1
1582635380 5.82327213 0.0 0
1582635664 5.947221673 0.14285714285714285 1
1582635949 5.999617653 0.0 0
1582636235 5.892834416 0.14285714285714285 1
1582636521 5.955236002 0.0 0
1582636814 5.855675566 0.0 0
1582637111 6.511498698 0.0 0
1582637407 6.107220855 0.0 0
1582637703 5.968632309 0.0 0
1582638271 5.879380445 0.0 0
1582638831 5.930146326 0.0 0
1582640498 6.069729422 0.2857142857142857 1
1582641085 5.896067524 0.0 0
1582641645 5.910481132 0.16666666666666666 1
1582642218 5.935151055 0.2857142857142857 2
1582642785 5.912502021 0.16666666666666666 1
1582643359 5.93295169 0.0 0
1582643956 5.771413229 0.3333333333333333 1
1582644624 5.973305138 0.0 0
1582886347 6.134949971 0.5 1
1582886641 6.132146011 0.0 0
1582886935 5.820280194 0.0 0
1582887223 5.961952168 0.16666666666666666 1
1582887509 5.967426956 0.0 0
1582887803 6.128592323 0.16666666666666666 1
1582888088 5.896454134 0.0 0
1582888375 5.891720337 0.3333333333333333 1
1582888664 6.153297119 0.14285714285714285 1
1582889023 5.932288866 0.0 0
1582899126 5.964227119 0.0 0
1582899691 5.910447174 0.0 0
1582900255 5.859065758 0.0 0
1582900815 5.964302264 0.0 0
1582902560 6.089269777 0.0 0
1582903120 5.948079465 0.0 0
1582903725 5.958777076 0.16666666666666666 1
1574711160 5.851652538 0.0 0
1574708951 5.944006998 0.0 0
