1569849950 1.89004737 0.0 0
1569850154 1.871695581 0.0 0
1569849950 1.89004737 0.0 0
1569850154 1.871695581 0.0 0
1569850967 2.063481239 0.0 0
1569851173 2.010999092 0.0 0
1569851522 2.167566515 0.0 0
1569851729 2.059788012 0.0 0
1569851959 2.007510869 0.0 0
1569852188 1.919434519 0.0 0
1569852426 1.93764534 0.0 0
1569852643 1.932043786 0.0 0
1569853034 1.906450507 0.0 0
1569853345 1.965995232 0.0 0
1569853586 1.93501937 0.0 0
1569854227 2.135790836 0.0 0
1569855199 2.172167981 0.0 0
1569855632 1.960019273 0.0 0
1570446957 1.95580949 0.5 1
1570448049 2.140103602 0.0 0
1570448776 2.098409623 0.0 0
1570449245 3.930508795 0.0 0
1570449676 1.962911851 0.0 0
1570543072 2.004271493 0.0 0
1570543433 1.921262724 0.0 0
1570543635 1.975926023 0.0 0
1570544564 1.973195004 0.0 0
1570544768 1.983261404 0.0 0
1570545024 2.003094944 0.0 0
1570545234 2.009065235 0.0 0
1571322943 1.969624556 0.0 0
1571323265 2.010913079 0.0 0
1571323658 1.935974899 0.0 0
1571324060 1.971379231 0.0 0
1571324352 0.296905414 0.0 0
1571324353 0.082819174 0.0 0
1571324460 2.052917665 0.0 0
1571325066 2.007158404 0.0 0
1571325263 2.050535477 0.0 0
1571325462 2.08456613 0.0 0
1571325666 2.014684205 0.0 0
1571325865 1.967199039 0.0 0
1571326066 1.827237093 0.0 0
1571326756 1.915572651 0.0 0
1571326969 2.013237224 0.0 0
1571327176 1.968664297 0.0 0
1571327390 1.885520029 0.0 0
1571327780 1.998456932 0.0 0
1571328067 0.044823222 -1 -1
1571328171 1.878894968 0.0 0
1571328562 1.966325977 0.0 0
1571328849 0.16227384 -1 -1
1571328954 1.956425909 0.0 0
1571329241 0.044568443 -1 -1
1571329241 0.042901901 -1 -1
1571329345 2.270564511 0.0 0
1571329938 2.04645661 0.0 0
1571395858 2.004807874 0.0 0
1571396054 2.022016218 0.0 0
1571396251 1.921213964 0.0 0
1571396450 1.934167761 0.0 0
1571396648 1.922339004 0.0 0
1571396847 1.929418079 0.0 0
1571397076 1.914294465 0.0 0
1571397280 2.00154179 0.0 0
1571397479 1.90756844 0.0 0
1571397676 1.951960252 0.0 0
1571397894 2.017732296 0.0 0
1571398287 1.914795273 0.0 0
1571398682 1.987724163 0.0 0
1571399072 2.003986212 0.0 0
1571399464 2.138726061 0.0 0
1571399860 1.8870164 0.0 0
1571400253 2.014951572 0.0 0
1571400675 1.92678253 0.0 0
1571400967 0.04092016 -1 -1
1571401074 2.023850157 0.0 0
1571401466 2.016320363 0.0 0
1571404923 1.918972196 0.0 0
1571405123 1.920390717 0.0 0
1571405320 1.955896969 0.0 0
1571405520 1.95999032 0.0 0
1571405752 2.057382118 0.0 0
1571406847 1.838912205 0.0 0
1571407236 1.835860177 0.0 0
1571407630 2.045198481 0.0 0
1571408018 1.920171428 0.0 0
1571408411 2.014495923 0.0 0
1571408941 1.946211453 0.0 0
1571409172 1.963786877 0.0 0
1571409374 1.919814576 0.0 0
1571409573 1.928344297 0.0 0
1571409789 1.905994471 0.0 0
1571664356 1.890303704 0.0 0
1571664900 1.919926812 0.0 0
1571665103 1.949742679 0.0 0
1571665314 1.944085268 0.0 0
1571665508 1.861359654 0.0 0
1571665703 1.909102678 0.0 0
1571665903 1.872287542 0.0 0
1571666294 1.847562935 0.0 0
1571666685 2.101222361 0.0 0
1571667079 1.913202864 0.0 0
1571667515 1.871643237 0.0 0
1571668121 2.035298689 0.0 0
1571668320 1.975207386 0.0 0
1571668524 2.016394652 0.0 0
1571668718 2.052555486 0.0 0
1571668915 1.965211311 0.0 0
1571669167 1.922101788 0.0 0
1571669567 1.930231277 0.0 0
1571751992 2.007872713 0.0 0
1571752186 2.049567322 0.0 0
1571752386 2.025989876 0.0 0
1571752591 1.901500535 0.0 0
1571752786 1.887897915 0.0 0
1571752982 1.892363573 0.0 0
1571753179 1.872920851 0.0 0
1571753376 2.057018573 0.0 0
1571753574 1.905083462 0.0 0
1571753769 1.904270844 0.0 0
1571754078 1.923931319 0.0 0
1571754475 2.007972777 0.0 0
1571754868 1.915328243 0.0 0
1571755271 2.090042153 0.0 0
1571755835 2.044221132 0.0 0
1571756504 1.958495191 0.0 0
1571756916 1.955028742 0.0 0
1571757230 0.048022415 -1 -1
1571757365 2.00466709 0.0 0
1571757754 1.977536921 0.0 0
1571758153 1.994884133 0.0 0
1571758437 0.04468909 -1 -1
1571758543 1.912385018 0.0 0
1571760129 2.000902717 0.0 0
1571760324 1.9557991 0.0 0
1571760528 1.903669522 0.0 0
1571760724 1.944177851 0.0 0
1571760923 1.933469115 0.0 0
1571761134 1.98484862 0.0 0
1571761334 1.913931241 0.0 0
1571761528 2.03645333 0.0 0
1571761724 2.048164157 0.0 0
1571762158 1.911657964 0.0 0
1571762441 0.088241958 -1 -1
1571762555 3.052124648 0.0 0
1571762947 1.838602807 0.0 0
1571763335 1.836722196 0.0 0
1571763727 1.820779978 0.0 0
1571764134 2.352886311 0.0 0
1571764439 0.046891438 -1 -1
1571764439 0.17977939 -1 -1
1571764544 1.87715443 0.0 0
1571764936 2.09331429 0.0 0
1571765324 2.02264774 0.0 0
1571765716 1.910670319 0.0 0
1571766293 1.884334111 0.0 0
1571767075 1.967964864 0.0 0
1571922224 1.918898846 0.0 0
1572003235 2.015479894 0.0 0
1572003429 2.100746412 0.0 0
1572003627 1.895781591 0.0 0
1572003825 1.936271959 0.0 0
1572004021 1.956841573 0.0 0
1572004216 1.849263754 0.0 0
1572004411 1.923681244 0.0 0
1572004610 2.001421854 0.0 0
1572004812 1.955251574 0.0 0
1572005011 2.008948979 0.0 0
1572006302 1.940501905 0.0 0
1572007040 1.931327031 0.0 0
1572007434 1.963343565 0.0 0
1572007927 1.929184793 0.0 0
1572008337 1.887994658 0.0 0
1572008740 1.967687855 0.0 0
1572009028 0.044509424 -1 -1
1572009134 1.997403744 0.0 0
1572009523 2.01283228 0.0 0
1572009915 1.994860761 0.0 0
1572010311 2.041766302 0.0 0
1572010596 0.046572655 -1 -1
1572010702 1.861060445 0.0 0
1572011212 1.931118243 0.0 0
1572011409 1.989115631 0.0 0
1572011603 1.944148366 0.0 0
1572011802 1.880485396 0.0 0
1572011999 1.977428206 0.0 0
1572012196 1.95995613 0.0 0
1572012391 1.909300283 0.0 0
1572012585 1.977284 0.0 0
1572012780 2.041920872 0.0 0
1572012973 1.977124871 0.0 0
1572013264 1.969674704 0.0 0
1572013656 2.014213966 0.0 0
1572014049 1.922095558 0.0 0
1572014439 1.907413191 0.0 0
1572014724 0.032461863 -1 -1
1572014830 1.865335077 0.0 0
1572265033 1.905616311 0.0 0
1572265230 1.956049478 0.0 0
1572265428 2.006037308 0.0 0
1572265626 1.924455931 0.0 0
1572266034 2.005002918 0.0 0
1572266227 1.925371877 0.0 0
1572266430 2.403438117 0.0 0
1572266630 1.915690234 0.0 0
1572266828 2.097865753 0.0 0
1572268110 2.081427572 0.0 0
1572268881 2.135259581 0.0 0
1572269294 2.149039245 0.0 0
1572269701 12.86282496 0.0 0
1572270118 2.055663677 0.0 0
1572270515 1.874326129 0.0 0
1572270908 1.87666352 0.0 0
1572272264 1.564838111 0.0 0
1572272595 1.495845451 0.0 0
1572272930 1.574392646 0.0 0
1572273265 1.630582443 0.0 0
1572273609 1.630366339 0.0 0
1572274101 1.503535575 0.0 0
1572274273 3.506085747 0.0 0
1572274445 2.348587503 0.0 0
1572274448 0.142582175 -1 -1
1572274611 1.680486709 0.0 0
1572274783 1.611233226 0.0 0
1572274953 1.574734917 0.0 0
1572275122 1.525050012 0.0 0
1572275300 1.493666544 0.0 0
1572275469 1.54014465 0.0 0
1572275644 1.556573844 0.0 0
1572276034 1.575613068 0.0 0
1572276367 1.4903713 0.0 0
1572276705 1.707807903 0.0 0
1572277035 1.541460085 0.0 0
1572277366 1.799826396 0.0 0
1572277712 1.550810082 0.5 1
1572278060 1.627874123 0.0 0
1572278393 1.498941575 0.0 0
1572278637 0.062730491 -1 -1
1572361246 1.919907266 0.0 0
1572361444 1.963333932 0.0 0
1572361639 1.895700155 0.0 0
1572361834 1.957048253 0.0 0
1572362033 1.989468858 0.0 0
1572362227 1.917579029 0.0 0
1572362423 1.963665921 0.0 0
1572362619 1.875024826 0.0 0
1572362817 1.909355777 0.0 0
1572363013 2.097989915 0.0 0
1572363453 1.616991953 0.0 0
1572363782 1.5437713 0.0 0
1572364025 0.141896599 -1 -1
1572364112 1.533474387 0.0 0
1572364442 1.554234749 0.0 0
1572364775 1.751899003 0.0 0
1572365023 0.090135045 -1 -1
1572365117 1.518178347 0.0 0
1572365495 1.485912513 0.0 0
1572365867 1.585569857 0.0 0
1572366206 1.446484059 0.0 0
1572366452 0.092422432 -1 -1
1572366541 1.542475593 0.0 0
1572366894 1.492270877 0.0 0
1572367061 1.530309275 0.0 0
1572367230 1.500313976 0.0 0
1572367399 1.625211547 0.0 0
1572367581 1.617929078 0.0 0
1572367757 1.452198743 0.0 0
1572367928 1.616233671 0.0 0
1572368097 1.48320228 0.0 0
1572368263 1.559689325 0.0 0
1572368428 1.642904878 0.0 0
1572369571 1.580772288 0.0 0
1572369901 1.578580332 0.0 0
1572370232 1.577069479 0.0 0
1572370564 1.618397561 0.0 0
1572370893 1.572171806 0.0 0
1572371135 0.041044497 -1 -1
1572371225 1.577257066 0.0 0
1572371467 0.088548519 -1 -1
1572371555 1.623024552 0.0 0
1572371797 0.041367274 -1 -1
1572371886 1.659169816 0.0 0
1572372214 1.571500923 0.0 0
1572372543 1.616829443 0.0 0
1572372790 0.043631686 -1 -1
1572532363 2.046927194 0.0 0
1572532565 1.958654866 0.0 0
1572532770 2.040953506 0.0 0
1572533549 1.619353418 0.0 0
1572533887 1.548547242 0.0 0
1572534155 0.088829692 -1 -1
1572534241 1.622107648 0.0 0
1572534588 1.59204038 0.0 0
1572534832 0.045104873 -1 -1
1572534920 1.541662366 0.0 0
1572535269 1.547795251 0.0 0
1572535599 1.584705026 0.0 0
1572535935 1.630365793 0.0 0
1572536178 0.132350578 -1 -1
1572536294 1.553508913 0.0 0
1572536632 1.572657243 0.0 0
1572537233 1.568874246 0.0 0
1572537887 1.631024762 0.0 0
1572538543 1.876797797 0.0 0
1572539196 1.524847703 0.0 0
1572539849 1.544142206 0.0 0
1572540755 1.61562321 0.0 0
1572541408 1.607346879 0.0 0
1572542058 1.656669802 0.0 0
1572542705 1.491368902 0.0 0
1572543350 1.665202476 0.0 0
1572544481 1.545919073 0.0 0
1572544648 1.618277133 0.0 0
1572544818 1.576504336 0.0 0
1572544993 1.582533448 0.0 0
1572545167 1.481355936 0.0 0
1572869992 1.626653513 0.0 0
1572870160 1.699403161 0.0 0
1572870381 1.53930067 0.0 0
1572870567 1.492433919 0.0 0
1572870783 1.534622031 0.0 0
1572871122 1.549948286 0.0 0
1572871773 1.660024229 0.0 0
1572872421 1.664086924 0.0 0
1572873103 1.539340912 0.0 0
1572873752 1.678862105 0.0 0
1572874815 1.561033237 0.0 0
1572875674 1.567161699 0.0 0
1572876900 1.482150721 0.0 0
1572877554 1.539751933 0.0 0
1572878781 1.57309038 0.0 0
1572879894 1.538479279 0.0 0
1572880176 1.450973884 0.0 0
1572880512 1.621831435 0.0 0
1572880760 0.038607269 -1 -1
1572880760 0.085070856 -1 -1
1572880851 1.538975986 0.0 0
1572881110 0.078873783 -1 -1
1572881196 1.615941195 0.0 0
1572881442 0.076111789 -1 -1
1572881531 1.699741568 0.0 0
1572881776 0.088427878 -1 -1
1572881777 0.050516816 -1 -1
1572881863 1.611802072 0.0 0
1572882194 1.606618513 0.0 0
1572882584 1.575651189 0.0 0
1572882934 1.535568007 0.0 0
1572883275 1.660206805 0.0 0
1572965374 1.470386441 0.0 0
1572965542 1.574655931 0.0 0
1572965709 1.641143701 0.0 0
1572965878 1.534765737 0.0 0
1572966050 1.671147628 0.0 0
1572966215 1.627015353 0.0 0
1572966387 1.603094827 0.0 0
1572966571 1.568378364 0.0 0
1572966751 1.61191502 0.0 0
1572966915 1.578943002 0.0 0
1572967185 1.578598093 0.0 0
1572967841 1.701110522 0.0 0
1572969145 1.590556706 0.0 0
1572969808 1.605667728 0.0 0
1572970459 1.578421215 0.0 0
1572971110 1.651798758 0.0 0
1572971772 1.571022761 0.0 0
1572972432 1.582129489 0.0 0
1572973144 1.528143766 0.0 0
1572973798 1.60629014 0.0 0
1572974447 1.535195722 0.0 0
1572975177 1.617146518 0.0 0
1572975503 1.613869143 0.0 0
1572975746 0.030286657 -1 -1
1572975856 2.044106021 0.0 0
1572976253 2.13673393 0.0 0
1572976585 1.542115081 0.0 0
1572976914 1.600832862 0.0 0
1572977245 1.498052118 0.0 0
1572977520 0.036680827 -1 -1
1572977608 1.579281767 0.0 0
1572977955 1.618901054 0.0 0
1573207021 1.585927728 0.0 0
1573207190 1.544017343 0.0 0
1573207359 1.578038093 0.0 0
1573207525 1.617387191 0.0 0
1573207695 1.566816469 0.0 0
1573207863 1.628034485 0.0 0
1573208029 1.616090843 0.0 0
1573208194 1.531362966 0.0 0
1573208361 1.490420294 0.0 0
1573208528 1.580884062 0.0 0
1573208733 1.536224275 0.0 0
1573209384 1.621968292 0.0 0
1573210050 1.620726999 0.0 0
1573210716 1.488610131 0.0 0
1573211382 1.605545907 0.0 0
1573212037 1.619517163 0.0 0
1573212687 1.522949416 0.0 0
1573213340 1.525311305 0.0 0
1573214008 1.538981877 0.0 0
1573214665 1.67063683 0.0 0
1573218200 1.608447555 0.0 0
1573218529 1.611463723 0.0 0
1573218920 1.633397369 0.0 0
1573220263 1.58293445 0.0 0
1573220431 1.53777958 0.0 0
1573220598 1.532805835 0.0 0
1573220767 1.613691762 0.0 0
1573220935 1.615733865 0.0 0
1573221103 1.56902299 0.0 0
1573221267 1.584248927 0.0 0
1573221435 1.590920021 0.0 0
1573221602 1.583655332 0.0 0
1573221771 1.586596878 0.0 0
1573221961 1.533267739 0.0 0
1573222132 1.628581694 0.0 0
1573222298 1.49860197 0.0 0
1573222463 1.602577245 0.0 0
1573222632 1.67158416 0.0 0
1573301112 1.62535738 0.0 0
1573301281 1.592143727 0.0 0
1573301454 9.877423538 0.0 0
1573301816 1.57253745 0.0 0
1573301995 1.664091464 0.0 0
1573302163 1.610480137 0.0 0
1573302338 1.546933877 0.0 0
1573302506 1.585725032 0.0 0
1573302673 1.539888716 0.0 0
1573303825 4.678435698 0.0 0
1573303988 1.327604286 0.0 0
1573304153 1.438013263 0.0 0
1573304318 1.463005698 0.0 0
1573304477 1.534007808 0.0 0
1573304645 1.485508755 0.0 0
1573304804 1.422649694 0.0 0
1573304963 1.70013761 0.0 0
1573305126 1.448938879 0.0 0
1573305286 1.527862541 0.0 0
1573306444 1.541124538 0.0 0
1573306760 1.602216106 0.0 0
1573307091 1.360875603 0.0 0
1573307337 0.079334777 -1 -1
1573307420 1.452084666 0.0 0
1573307736 1.408547184 0.0 0
1573308057 1.675240864 0.0 0
1573308371 1.445535218 0.0 0
1573308703 1.315117685 0.0 0
1573309023 1.366619643 0.0 0
1573309263 0.044390558 -1 -1
1573309353 1.445160635 0.0 0
1573310194 1.31780406 0.0 0
1573310820 1.605478057 0.0 0
1573311435 1.500043324 0.0 0
1573312052 1.342093207 0.0 0
1573312751 1.363564094 0.0 0
1573313373 1.280627839 0.0 0
1573313994 1.589705761 0.0 0
1573314623 1.792932385 0.0 0
1573741855 1.481213454 0.0 0
1573741973 1.415142337 0.0 0
1573743604 1.366429213 0.0 0
1573743622 0.088657867 -1 -1
1573743706 1.747855078 0.0 0
1573743805 1.330277452 0.0 0
1573743903 1.418869574 0.0 0
1573744003 1.632370843 0.0 0
1573744099 1.351768911 0.0 0
1573744197 1.207369922 0.0 0
1573744295 1.798223516 0.0 0
1573744391 1.540363675 0.0 0
1573744482 1.330330396 0.0 0
1573744594 1.351889644 0.0 0
1573744687 1.318803576 0.0 0
1573744801 1.515936949 0.5 1
1573744899 1.678769759 0.0 0
1573745035 1.299521254 0.0 0
1573745219 1.331737263 0.0 0
1573745317 1.307638574 0.0 0
1573745419 1.327787962 0.0 0
1573745516 1.234836734 0.0 0
1573745616 1.406221048 0.0 0
1573745714 2.527093154 0.0 0
1573745817 1.287834793 0.0 0
1573745916 1.368805282 0.0 0
1573746012 1.280300535 0.0 0
1573746112 1.530907408 0.0 0
1573746210 1.370619183 0.0 0
1573746312 1.361387819 0.0 0
1573746413 1.323774579 0.0 0
1573746510 1.281686306 0.0 0
1573746605 1.29484962 0.0 0
1573748926 1.236923204 0.0 0
1573749022 1.31904245 0.0 0
1573749123 1.359251873 0.0 0
1573749235 1.231082185 0.0 0
1573749329 1.357177959 0.0 0
1573749349 0.09709045 -1 -1
1573749462 1.364856229 0.0 0
1573749567 1.306808453 0.0 0
1573749666 1.280067666 0.0 0
1573749766 1.74883503 0.0 0
1573749862 1.451095252 0.0 0
1573752458 1.474260932 0.0 0
1573752716 1.316406071 0.0 0
1573752875 1.277818889 0.0 0
1573753033 1.276209101 0.0 0
1573753191 1.330731832 0.0 0
1573753345 1.37363091 0.0 0
1573753504 1.379210451 0.0 0
1573753658 1.740719806 0.0 0
1573753820 1.327467559 0.0 0
1573754640 1.448423118 0.0 0
1573754799 1.319117599 0.0 0
1573754960 1.616505588 0.0 0
1573755128 1.327250604 0.0 0
1573755287 1.274172114 0.0 0
1573755447 1.36397825 0.0 0
1573755603 1.332296925 0.0 0
1573755761 1.315068095 0.0 0
1573755918 1.388140627 0.0 0
1573756076 1.26714214 0.0 0
1573827970 1.580024508 0.0 0
1573828282 1.403464737 0.0 0
1573828593 1.323013024 0.0 0
1573828898 1.731453414 0.0 0
1573829203 1.283402588 0.0 0
1573829509 1.398082709 0.0 0
1573829890 1.45755835 0.0 0
1573830376 1.292371142 0.0 0
1573830684 1.327835316 0.0 0
1573830992 1.616051144 0.0 0
1573831216 0.049794906 -1 -1
1573831384 1.280367687 0.0 0
1573831541 1.314168951 0.0 0
1573831699 1.240049971 0.0 0
1573831873 1.425561131 0.0 0
1573832025 1.617979524 0.0 0
1573832184 1.303353229 0.0 0
1573832340 1.546364861 0.0 0
1573832507 1.339967572 0.0 0
1573832662 1.314100839 0.0 0
1573832817 1.299429794 0.0 0
1573833012 1.675540029 0.0 0
1573833170 1.708146662 0.0 0
1573833334 1.670125201 0.0 0
1573833490 1.59260234 0.0 0
1573833648 1.429540884 0.0 0
1573901022 1.374745026 0.0 0
1573901180 1.379129559 0.0 0
1573901336 1.607547756 0.0 0
1573901492 1.464431539 0.0 0
1573901653 1.292067393 0.0 0
1573901807 1.571504678 0.0 0
1573901961 1.33180046 0.0 0
1573902120 1.713449432 0.0 0
1573902277 1.321309768 0.0 0
1573902433 1.548219875 0.0 0
1573902626 1.484958057 0.0 0
1573902934 1.410175282 0.0 0
1573903244 1.408519645 0.0 0
1573903556 1.360547415 0.0 0
1573903866 1.400887379 0.0 0
1573904175 1.230169715 0.0 0
1573904502 1.760054189 0.0 0
1574685749 1.308880544 0.0 0
1574685938 1.377431036 0.0 0
1574686112 1.496108547 0.0 0
1574686269 1.333257723 0.0 0
1574686432 1.329554966 0.0 0
1574686591 5.084345789 0.0 0
1574686753 1.286636103 0.0 0
1574686919 1.455884513 0.0 0
1574686926 20.715305221 0.0 0
1574687109 1.362544045 0.0 0
1574687286 1.358300078 0.0 0
1574687943 1.390708059 0.0 0
1574688262 1.575311222 0.0 0
1574689245 1.32509048 0.0 0
1574689616 1.322980524 0.0 0
1574689830 1.361676334 0.0 0
1574690001 1.336510715 0.0 0
1574690162 1.419353856 0.0 0
1574690340 1.293368653 0.0 0
1574690499 1.409928222 0.0 0
1574690669 1.57872511 0.0 0
1574690831 1.496107796 0.0 0
1574691014 1.294608786 0.0 0
1574691194 1.321345061 0.0 0
1574691947 1.315928795 0.0 0
1574692266 1.502754816 0.0 0
1574692586 2.387654438 0.0 0
1574693415 0.028203989 -1 -1
1574693495 1.500263839 0.0 0
1574693820 1.191926633 0.0 0
1574694251 1.292242044 0.0 0
1574694581 1.280665179 0.0 0
1574694810 0.033652299 0.0 0
1574694810 0.071741881 0.0 0
1574695137 1.354949262 0.0 0
1574695474 1.325729269 0.0 0
1574695786 1.315877894 0.0 0
1574696246 1.572985549 0.0 0
1574696822 1.372124513 0.0 0
1574697316 0.052887997 -1 -1
1574697397 1.490043605 0.0 0
1574698003 1.308263161 0.0 0
1574698577 8.156064008 0.0 0
1574706680 1.32322904 0.0 0
1574706815 1.325086167 0.0 0
1574707059 1.378134067 0.0 0
1574707238 1.469889371 0.0 0
1574708026 1.41076955 0.0 0
1574708520 1.372246131 0.0 0
1574708722 1.303771367 0.0 0
1574709104 1.298017328 0.0 0
1574709337 1.617454161 0.0 0
1574710448 1.269006735 0.0 0
1574710638 1.530167949 0.0 0
1574950730 1.22287888 0.0 0
1574951051 1.480367284 0.0 0
1574951335 0.094481269 -1 -1
1574951439 1.347223721 0.0 0
1574951782 1.368714742 0.0 0
1574952101 1.405215889 0.0 0
1574952414 1.573049391 0.0 0
1574952729 0.043044517 -1 -1
1574952829 1.373612023 0.0 0
1574953198 1.27629447 0.0 0
1574953508 1.371692816 0.0 0
1574953752 0.038572247 -1 -1
1574953833 1.334308191 0.0 0
1574954162 1.325500523 0.0 0
1574954325 1.545197401 0.0 0
1574954500 1.318080765 0.0 0
1574954665 1.369414848 0.0 0
1574954849 1.359150083 0.0 0
1574955007 1.336796752 0.0 0
1574955266 1.324745782 0.0 0
1574955424 1.316053284 0.0 0
1574955584 1.499324394 0.0 0
1574955745 1.456479786 0.0 0
1574956002 1.3645889 0.0 0
1574956489 0.042906487 -1 -1
1574957158 0.043609716 -1 -1
1574957159 0.042706467 -1 -1
1574957274 1.265110305 0.0 0
1574957850 1.472857131 0.0 0
1574958442 1.531629655 0.0 0
1574958929 0.038302214 -1 -1
1574959031 1.3249371 0.0 0
1574959634 1.368887484 0.0 0
1574960212 1.494329761 0.0 0
1574960824 1.57711488 0.0 0
1574961369 0.044519406 -1 -1
1574961463 1.460943707 0.0 0
1575026492 1.344534728 0.0 0
1575026654 1.536221869 0.0 0
1575026815 1.318974144 0.0 0
1575026975 1.630855738 0.0 0
1575027139 1.325440706 0.0 0
1575027301 1.31617838 0.0 0
1575027466 1.451588569 0.0 0
1575027623 1.492396341 0.0 0
1575027787 1.41244747 0.0 0
1575027952 1.285866149 0.0 0
1575028133 1.3712888 0.0 0
1575028441 1.332945535 0.0 0
1575028753 1.282770795 0.0 0
1575029086 1.407261692 0.0 0
1575029322 0.164400012 0.0 0
1575029403 1.496806932 0.0 0
1575029710 1.525062412 0.0 0
1575030026 1.299481859 0.0 0
1575030336 1.408321322 0.0 0
1575030653 1.227745865 0.0 0
1575030901 0.043703158 -1 -1
1575030984 1.325957877 0.0 0
1575032933 1.284702477 0.0 0
1575033500 1.509294437 0.0 0
1575033985 0.074633293 -1 -1
1575034091 1.414034077 0.0 0
1575034659 1.567762408 0.0 0
1575035149 0.045060579 -1 -1
1575035231 1.494985378 0.0 0
1575036253 1.394769595 0.0 0
1575036829 1.286914057 0.0 0
1575037309 0.093824618 -1 -1
1575037309 0.046855128 -1 -1
1575037390 1.281724346 0.0 0
1575037947 1.420486289 0.0 0
1575038959 1.312163483 0.0 0
1575039444 0.087326059 -1 -1
1575112809 1.407980423 0.0 0
1575112970 1.371581425 0.0 0
1575113132 1.277986115 0.0 0
1575113292 1.323815456 0.0 0
1575113451 1.329577329 0.0 0
1575113610 1.526583063 0.0 0
1575113767 1.369181565 0.0 0
1575113925 1.569414489 0.0 0
1575114087 1.351250082 0.0 0
1575114250 1.329838271 0.0 0
1575114419 1.422972076 0.0 0
1575114642 0.131493408 1.0 1
1575114722 1.27022113 0.0 0
1575115033 1.31954597 0.0 0
1575115262 0.042831446 -1 -1
1575115343 1.44014674 0.0 0
1575115571 0.044866865 -1 -1
1575115651 1.36854202 0.0 0
1575115966 1.580797033 0.0 0
1575116196 0.03369819 -1 -1
1575116277 1.336524903 0.0 0
1575116589 1.322699639 0.0 0
1575116896 1.322109611 0.0 0
1575117204 1.367510095 0.0 0
1575120226 1.220734314 0.0 0
1575120788 1.671023979 0.0 0
1575121348 1.305265952 0.0 0
1575122410 1.322811557 0.0 0
1575122968 1.415673917 0.0 0
1575123525 1.328242624 0.0 0
1575124085 1.320005588 0.0 0
1575124639 1.356036858 0.0 0
1575125205 1.273971804 0.0 0
1575125774 1.375451773 0.0 0
1575289738 1.279843832 0.0 0
1575289902 1.613461305 0.0 0
1575290071 1.618714513 0.0 0
1575290253 1.327510781 0.0 0
1575290423 3.315161892 0.0 0
1575290770 1.273233686 0.0 0
1575290931 1.358840606 0.0 0
1575291089 1.328616683 0.0 0
1575291251 1.52789067 0.0 0
1575292931 1.283028426 0.0 0
1575293265 1.539799352 0.0 0
1575293601 1.43459335 0.0 0
1575293937 1.418766701 0.0 0
1575294175 0.049584694 -1 -1
1575294286 1.440973358 0.0 0
1575294518 0.11211599 -1 -1
1575294623 1.338440567 0.0 0
1575294993 1.527442347 0.0 0
1575295387 1.314547224 0.0 0
1575295738 1.369332233 0.0 0
1575296946 1.32322805 0.0 0
1575297513 1.350952546 0.0 0
1575298101 1.783852532 0.0 0
1575298584 0.033916045 -1 -1
1575298667 1.275604233 0.0 0
1575299241 1.357757143 0.0 0
1575299817 1.495898889 0.0 0
1575300442 1.319303679 0.0 0
1575301000 1.343258361 0.0 0
1575301816 1.244183825 0.0 0
1575384140 1.368225373 0.0 0
1575384300 1.327544524 0.0 0
1575384460 1.325281257 0.0 0
1575384618 1.315595198 0.0 0
1575384783 1.367742894 0.0 0
1575384938 1.331395413 0.0 0
1575385099 1.376430155 0.0 0
1575385261 1.319170538 0.0 0
1575385420 1.619543366 0.0 0
1575385584 1.327892352 0.0 0
1575385826 1.655781292 0.0 0
1575386054 0.041087179 -1 -1
1575386137 1.506872759 0.0 0
1575386448 1.279326016 0.0 0
1575386853 1.460129398 0.0 0
1575387162 1.374667662 0.0 0
1575387390 0.048955526 -1 -1
1575387390 0.044455701 -1 -1
1575387472 1.279450216 0.0 0
1575387782 1.397759661 0.0 0
1575388090 1.323352101 0.0 0
1575388398 1.368894911 0.0 0
1575388626 0.045440626 -1 -1
1575388704 1.363582329 0.0 0
1575388930 0.132124932 -1 -1
1575390006 1.540421321 0.0 0
1575390575 1.351931941 0.0 0
1575391142 1.313068205 0.0 0
1575391706 1.490780914 0.0 0
1575392521 1.277451242 0.0 0
1575393153 1.268727466 0.0 0
1575393716 1.196150585 0.0 0
1575394281 1.542014101 0.0 0
1575394844 1.2693809 0.0 0
1575395406 1.322896677 0.0 0
1575397112 3.607563893 0.0 0
1575397403 3.545968431 0.0 0
1575473367 1.365976025 0.0 0
1575474396 1.31834861 0.0 0
1575556520 1.326875353 0.0 0
1575556682 1.349533075 0.0 0
1575556846 1.284349643 0.0 0
1575557026 1.438425208 0.0 0
1575557208 1.365924373 0.0 0
1575557393 1.366015731 0.0 0
1575557567 1.560906986 0.0 0
1575557740 1.485168255 0.0 0
1575558199 1.356440086 0.0 0
1575558388 1.387136566 0.0 0
1575558585 1.279043496 0.0 0
1575558815 0.041261243 -1 -1
1575558897 1.524548588 0.0 0
1575559225 1.281890945 0.0 0
1575559453 0.0433763 -1 -1
1575559535 1.33744634 0.0 0
1575559911 1.3118862 0.0 0
1575560239 1.368139632 0.0 0
1575560569 1.352111867 0.0 0
1575561101 1.591190168 0.0 0
1575561448 1.544900059 0.0 0
1575561805 1.290672523 0.0 0
1575562224 1.546446019 0.0 0
1575562933 1.516065269 0.0 0
1575563570 1.366040325 0.0 0
1575564184 1.324004036 0.0 0
1575564767 1.341822208 0.0 0
1575565334 1.317723002 0.0 0
1575565896 1.330148959 0.0 0
1575566489 1.427647743 0.0 0
1575567802 1.276022762 0.0 0
1575568414 1.457015322 0.0 0
1579184019 1.542194688 0.0 0
1579184734 1.382791495 0.0 0
1579184896 1.330417314 0.0 0
1579185057 1.352092562 0.0 0
1579185232 1.3666398 0.0 0
1579185408 1.535737872 0.0 0
1579185591 1.37099093 0.0 0
1579185765 1.287325251 0.0 0
1579185959 1.367594508 0.0 0
1579186131 1.279813077 0.0 0
1579186133 0.042530427 -1 -1
1579186329 1.280691692 0.0 0
1579186672 1.567554571 0.0 0
1579187690 1.402311845 0.0 0
1579187919 0.048601636 -1 -1
1579188017 1.556552799 0.0 0
1579188468 1.407514014 0.0 0
1579188999 1.35172085 0.0 0
1579189330 1.285427683 0.0 0
1579189661 1.283166303 0.0 0
1579189997 1.549358484 0.0 0
1579190332 1.31123229 0.0 0
1579190857 1.375461128 0.0 0
1579191473 1.328910724 0.0 0
1579191958 0.045548412 -1 -1
1579192038 1.231323036 0.0 0
1579192523 0.04508046 -1 -1
1579192616 1.232675958 0.0 0
1579193184 1.518892275 0.0 0
1579193773 1.328840432 0.0 0
1579194257 0.037425987 -1 -1
1579194338 1.231671205 0.0 0
1579194909 1.371110832 0.0 0
1579195472 19.032129457 0.0 0
1579196062 1.487861736 0.0 0
1579351749 1.336637441 0.0 0
1579351916 1.325775288 0.0 0
1579352076 1.376784938 0.0 0
1579352238 1.332565909 0.0 0
1579352400 1.230233504 0.0 0
1579352564 1.538280866 0.0 0
1579352722 1.319346816 0.0 0
1579352883 1.403189513 0.0 0
1579353046 1.359759779 0.0 0
1579353209 1.314294158 0.0 0
1579354091 1.547646801 0.0 0
1579354397 1.410837917 0.0 0
1579354708 1.490914695 0.0 0
1579354940 0.085787527 -1 -1
1579355019 1.358788769 0.0 0
1579355326 1.319581078 0.0 0
1579355636 1.580651576 0.0 0
1579355946 1.333200693 0.0 0
1579356250 1.290070385 0.0 0
1579356477 0.087747036 -1 -1
1579356478 0.043898229 -1 -1
1579356558 1.361160012 0.0 0
1579356863 1.288344458 0.0 0
1579359270 1.240299173 0.0 0
1579359842 1.36391976 0.0 0
1579360406 1.347838591 0.0 0
1579360964 1.440019266 0.0 0
1579361520 1.498462206 0.0 0
1579362074 1.364773217 0.0 0
1579362630 1.282746142 0.0 0
1579363191 1.35277707 0.0 0
1579363759 1.236891016 0.0 0
1579364320 1.309897108 0.0 0
1579522830 1.332402907 0.0 0
1579523041 1.319960526 0.0 0
1579523230 1.311767448 0.0 0
1579523396 1.324576896 0.0 0
1579523568 1.4510317 0.0 0
1579523750 1.281701082 0.0 0
1579523931 1.365160103 0.0 0
1579524121 1.366002896 0.0 0
1579524288 1.509093672 0.0 0
1579524456 1.527478111 0.0 0
1579524689 1.191349032 0.0 0
1579525033 1.309449192 0.0 0
1579525363 1.379940719 0.0 0
1579525659 0.043327472 -1 -1
1579525754 1.275053222 0.0 0
1579526080 1.396832702 0.0 0
1579528375 1.418227953 0.0 0
1579528615 0.035874118 -1 -1
1579528697 30.330123918 0.0 0
1579529038 0.040196398 -1 -1
1579529179 1.447539679 0.0 0
1579529524 1.406623679 0.0 0
1579529835 1.276986682 0.0 0
1579530066 0.045654802 -1 -1
1579530235 1.320002265 0.0 0
1579530883 1.369940584 0.0 0
1579531924 1.399651611 0.0 0
1579532627 1.369159821 0.0 0
1579533280 1.245585005 0.0 0
1579533868 1.499780681 0.0 0
1579534418 0.049130395 -1 -1
1579534556 1.284773868 0.0 0
1579535190 1.315216484 0.0 0
1579535786 1.285947257 0.0 0
1579536839 1.36886721 0.0 0
1579537428 1.284994923 0.0 0
1580215289 1.303194288 0.0 0
1580215481 1.647891435 0.0 0
1580215649 1.320358414 0.0 0
1580215807 1.366011815 0.0 0
1580215968 1.320204903 0.0 0
1580216131 1.281821562 0.0 0
1580216291 1.402529334 0.0 0
1580216452 1.292278105 0.0 0
1580216611 1.363688776 0.0 0
1580216793 1.328436168 0.0 0
1580217825 1.232691244 0.0 0
1580218152 1.510759523 0.0 0
1580218468 1.427606343 0.0 0
1580218721 0.047753042 -1 -1
1580218802 1.408389238 0.0 0
1580219154 1.330465275 0.0 0
1580219514 1.534393924 0.0 0
1580222242 1.334481949 0.0 0
1580222557 1.365721755 0.0 0
1580222871 1.407889478 0.0 0
1580223176 1.315898809 0.0 0
1580223563 1.326041572 0.0 0
1580224131 1.627819776 0.0 0
1580224688 1.295669242 0.0 0
1580225247 1.334944304 0.0 0
1580225812 1.316194891 0.0 0
1580226389 1.37741911 0.0 0
1580226877 0.032596477 -1 -1
1580226958 1.591278132 0.0 0
1580227556 1.411386013 0.0 0
1580228060 0.065771893 -1 -1
1580228141 1.379238409 0.0 0
1580228700 1.499570572 0.0 0
1580304704 1.318614567 0.0 0
1580304861 1.366267915 0.0 0
1580305022 1.52607036 0.0 0
1580305182 1.288579724 0.0 0
1580305367 1.310451983 0.0 0
1580305526 1.346323996 0.0 0
1580305689 1.381554273 0.0 0
1580305848 1.319531347 0.0 0
1580306004 1.486433455 0.0 0
1580306163 1.310851206 0.0 0
1580306467 1.277416082 0.0 0
1580306769 1.287988693 0.0 0
1580307084 1.406051463 0.0 0
1580307394 0.08794526 -1 -1
1580307645 1.363745985 0.0 0
1580307955 1.57241771 0.0 0
1580308267 1.575427342 0.0 0
1580310470 1.663127638 0.0 0
1580310784 1.334396166 0.0 0
1580311098 1.229829734 0.0 0
1580311406 1.583264854 0.0 0
1580311780 1.371579614 0.0 0
1580312124 1.324221274 0.0 0
1580312607 0.12959204 -1 -1
1580312709 1.35220163 0.0 0
1580313267 1.279707285 0.0 0
1580314067 0.061471955 -1 -1
1580314231 1.348169914 0.0 0
1580314788 1.322659865 0.0 0
1580315263 0.043267214 -1 -1
1580315343 1.4531417 0.0 0
1580315826 0.040913338 -1 -1
1580315907 1.540760627 0.0 0
1580316609 1.579776761 0.0 0
1580317182 1.547185176 0.0 0
1580317685 0.04169453 -1 -1
1580317685 0.041773379 -1 -1
1581935203 1.403935893 0.0 0
1581935362 1.581163783 0.0 0
1581935523 1.590222037 0.0 0
1581935689 1.195875004 0.0 0
1581935856 1.565733653 0.0 0
1581936028 1.52991442 0.0 0
1581936199 1.487417306 0.0 0
1581936359 1.455811676 0.0 0
1581936520 1.57631096 0.0 0
1581936696 1.665947551 0.0 0
1581936872 1.542314118 0.0 0
1581937188 1.708556745 0.0 0
1581937533 1.552337794 0.0 0
1581937838 1.600220493 0.0 0
1581938171 1.278018434 0.0 0
1581938495 1.328024497 0.0 0
1581938803 1.375146728 0.0 0
1581939003 0.082126098 1.0 1
1581939004 0.046036164 1.0 1
1581939120 1.538203667 0.0 0
1581939464 1.360858914 0.0 0
1581939766 1.377065143 0.0 0
1581942173 1.308502738 0.0 0
1581942850 1.666765987 0.0 0
1581944448 1.751445618 0.0 0
1581945273 0.039363807 -1 -1
1581945734 1.44302324 0.0 0
1581946304 1.314873793 0.0 0
1581946792 0.174378701 -1 -1
1581946876 1.623293638 0.0 0
1581947796 1.584162598 0.0 0
1581948864 1.447377325 0.0 0
1582026877 1.181956751 0.0 0
1582027039 1.225205643 0.0 0
1582027202 1.446187429 0.0 0
1582027371 1.575480755 0.0 0
1582027783 1.719113304 0.0 0
1582027947 1.66527989 0.0 0
1582028116 1.480160272 0.0 0
1582028283 1.653407537 0.0 0
1582028451 1.628048163 0.0 0
1582028620 1.302852811 0.0 0
1582030273 1.18683212 0.0 0
1582030492 0.046800022 -1 -1
1582030577 1.233196852 0.0 0
1582031233 1.237374365 0.0 0
1582031526 1.280452118 0.0 0
1582031826 1.621568874 0.0 0
1582032198 1.56913001 0.0 0
1582032518 1.360509516 0.0 0
1582032818 1.289545871 0.0 0
1582033118 1.25924886 0.0 0
1582033468 1.450519564 0.0 0
1582033795 1.322514191 0.0 0
1582035455 1.240312967 0.0 0
1582036062 1.717759629 0.0 0
1582036667 1.703999065 0.0 0
1582037274 1.620555579 0.0 0
1582037788 0.044551611 -1 -1
1582037872 1.196759925 0.0 0
1582038468 1.575338515 0.0 0
1582041359 1.785001867 0.0 0
1582041970 1.628708717 0.0 0
1582042637 0.048583693 -1 -1
1582043556 1.491268219 0.0 0
1582044084 0.035222155 -1 -1
1582044170 1.543293623 0.0 0
1582044773 1.521812404 0.0 0
1582045075 1.229932558 0.0 0
1582045375 1.304578695 0.0 0
1582045684 1.573759169 0.0 0
1582045984 1.584387644 0.0 0
1582113091 1.751733311 0.0 0
1582113259 1.574337236 0.0 0
1582113422 1.308512403 0.0 0
1582113591 1.244754765 0.0 0
1582113753 1.44309426 0.0 0
1582113930 1.19237118 0.0 0
1582114093 1.248929844 0.0 0
1582114256 1.707219339 0.0 0
1582114423 1.672426809 0.0 0
1582114587 1.620346904 0.0 0
1582114750 1.315137902 0.0 0
1582114912 1.661337368 0.0 0
1582115078 1.577214904 0.0 0
1582115244 1.724554081 0.0 0
1582115408 1.741043183 0.0 0
1582115571 1.624514896 0.0 0
1582115735 1.533727801 0.0 0
1582115897 1.246891516 0.0 0
1582116080 1.288714568 0.0 0
1582116296 1.272300134 0.0 0
1582116468 1.326829736 0.0 0
1582116637 1.270523817 0.0 0
1582118956 1.24191287 0.0 0
1582119117 1.408915167 0.0 0
1582119288 1.751592264 0.0 0
1582119453 1.283078858 0.0 0
1582119639 1.584177449 0.0 0
1582119802 1.666252514 0.0 0
1582119972 1.371423055 0.0 0
1582120146 1.613983842 0.0 0
1582120328 1.490219846 0.0 0
1582120632 1.487533308 0.0 0
1582120869 1.313985833 0.0 0
1582121037 1.397288414 0.0 0
1582121282 1.239299538 0.0 0
1582121443 1.664998735 0.0 0
1582125186 1.301660746 0.0 0
1582125347 1.623644676 0.0 0
1582125830 1.242045605 0.0 0
1582125996 1.54432145 0.0 0
1582126165 1.531080491 0.0 0
1582126326 1.320055327 0.0 0
1582126493 1.747678406 0.0 0
1582126655 1.181045801 0.0 0
1582126821 1.572255914 0.0 0
1582126983 1.628187374 0.0 0
1582127144 1.62031683 0.0 0
1582127311 1.558395097 0.0 0
1582127480 1.206998586 0.0 0
1582127644 1.676089879 0.0 0
1582127808 1.694862308 0.0 0
1582127968 1.409050057 0.0 0
1582128134 1.719225591 0.0 0
1582128293 1.251324593 0.0 0
1582128475 1.215082546 0.0 0
1582128638 1.249187642 0.0 0
1582128804 1.202771053 0.0 0
1582128967 1.278776659 0.0 0
1582129139 1.220844837 0.0 0
1582129298 1.226335373 0.0 0
1582129459 1.406258695 0.0 0
1582129623 1.61513825 0.0 0
1582185046 1.206869969 0.0 0
1582185226 1.205562688 0.0 0
1582185961 1.500624856 0.0 0
1582186122 1.287705539 0.0 0
1582186281 1.620266663 0.0 0
1582186854 1.498798143 0.0 0
1582187818 1.531354578 0.0 0
1582187975 1.663856055 0.0 0
1582188135 1.508837909 0.0 0
1582188296 1.40754515 0.0 0
1582188751 1.476114295 0.0 0
1582189469 1.266915508 0.0 0
1582190775 1.535714819 0.0 0
1582191066 1.358211555 0.0 0
1582191357 1.407251764 0.0 0
1582191653 1.306050869 0.0 0
1582191869 0.089974003 -1 -1
1582191949 1.284332171 0.0 0
1582192240 1.449116005 0.0 0
1582192537 1.619470181 0.0 0
1582192825 1.665533286 0.0 0
1582193114 1.420424524 0.0 0
1582193747 1.40925538 0.0 0
1582193910 1.282127925 0.0 0
1582194075 1.495343984 0.0 0
1582194230 1.25893711 0.0 0
1582194392 1.33356114 0.0 0
1582194556 1.286051568 0.0 0
1582194716 1.411813311 0.0 0
1582194887 1.53791784 0.0 0
1582195047 1.92173871 0.0 0
1582195208 1.538875182 0.0 0
1582195702 1.318931168 0.0 0
1582195863 1.520463299 0.0 0
1582196020 1.366402626 0.0 0
1582196181 1.218316716 0.0 0
1582196340 1.289026982 0.0 0
1582196499 1.535658068 0.0 0
1582196657 1.393946803 0.0 0
1582196815 1.363284939 0.0 0
1582196977 1.371533521 0.0 0
1582197144 1.487883046 0.0 0
1582197301 1.305938137 0.0 0
1582197468 1.252797111 0.0 0
1582197637 1.406230037 0.0 0
1582197796 1.607221653 0.0 0
1582197955 1.587816002 0.0 0
1582198111 1.284394427 0.0 0
1582198274 1.532358305 0.0 0
1582198430 1.327740794 0.0 0
1582198712 1.322208591 0.0 0
1582199060 1.226810063 0.0 0
1582631368 1.450028967 0.0 0
1582631528 1.611982582 0.0 0
1582631684 1.296006807 0.0 0
1582631842 1.409770418 0.0 0
1582631998 1.620254741 0.0 0
1582632155 1.695528955 0.0 0
1582632316 1.508370837 0.0 0
1582632478 1.277174074 0.0 0
1582632636 1.619747521 0.0 0
1582632798 1.610017189 0.0 0
1582634894 1.578928297 0.0 0
1582635176 1.327430559 0.0 0
1582635460 1.622713609 0.0 0
1582635744 1.667650722 0.0 0
1582636030 1.246717246 0.0 0
1582636318 1.447857517 0.0 0
1582636609 1.418318656 0.0 0
1582636899 1.499849953 0.0 0
1582637199 1.359076855 0.0 0
1582637495 1.286467832 0.0 0
1582637496 0.010469505 0.0 0
1582637703 0.043077604 -1 -1
1582637791 1.53841053 0.0 0
1582638350 1.225557334 0.0 0
1582638927 1.482800786 0.0 0
1582640498 0.037463277 -1 -1
1582640606 1.327595936 0.0 0
1582641164 1.282899725 0.0 0
1582641726 1.423842017 0.0 0
1582642300 1.586230315 0.0 0
1582642876 1.389728995 0.0 0
1582643478 1.455342113 0.0 0
1582644036 1.534333482 0.0 0
1582644624 0.086129545 -1 -1
1582884495 1.332661147 0.0 0
1582884675 1.682398156 0.0 0
1582884843 1.636247039 0.0 0
1582885004 1.368585441 0.0 0
1582885170 1.437133197 0.0 0
1582885333 1.364237989 0.0 0
1582885492 1.371683887 0.0 0
1582885654 1.324636809 0.0 0
1582885815 1.380483766 0.0 0
1582885977 1.346726934 0.0 0
1582886145 1.289145828 0.0 0
1582886427 1.314726298 0.0 0
1582886721 1.532723222 0.0 0
1582887014 1.362404825 0.0 0
1582887302 1.622871031 0.0 0
1582887588 1.444185358 0.0 0
1582887803 0.047724312 -1 -1
1582887883 1.43227918 0.0 0
1582888170 1.457024624 0.0 0
1582888457 1.283690609 0.0 0
1582888664 0.085452594 -1 -1
1582888745 1.243933277 0.0 0
1582898621 1.619534846 0.0 0
1582899206 1.346003682 0.0 0
1582899771 1.300757598 0.0 0
1582900334 1.522263993 0.0 0
1582900896 1.327753054 0.0 0
1582902560 0.048777446 -1 -1
1582902639 1.363085678 0.0 0
1582903219 1.58769945 0.0 0
1574710638 1.530167949 0.0 0
1574707059 1.378134067 0.0 0
1574708722 1.303771367 0.0 0
