1569853931 8.388485363 0.0 0
1569854955 10.917156646 0.09090909090909091 1
1569855507 8.548343647 0.0 0
1569856528 8.609272974 0.0 0
1570447352 8.928812071 0.1111111111111111 1
1570448182 8.199198607 -1 -1
1570449111 8.293616895 0.125 1
1570449566 8.911639025 0.1111111111111111 1
1571323552 8.199760391 0.3333333333333333 1
1571323955 8.312729708 0.2222222222222222 1
1571324353 8.43541755 0.0 0
1571324746 8.330788905 0.25 1
1571327676 8.27590287 0.125 1
1571328067 8.047464938 0.0 0
1571328458 8.378960368 0.0 0
1571328849 8.253718497 0.0 0
1571329241 8.253358115 0.0 0
1571329630 8.303485673 0.3333333333333333 2
1571330608 8.213062898 0.125 1
1571398180 8.25572859 0.0 0
1571398576 8.281173972 0.125 1
1571398968 8.218035006 0.125 1
1571399359 8.271255919 0.25 2
1571399751 8.323283086 0.375 1
1571400148 8.19270503 0.125 1
1571400569 8.21993214 0.0 0
1571400967 8.2812663 0.125 1
1571401362 8.190864777 0.0 0
1571401751 9.078997551 0.2222222222222222 1
1571407131 8.218501545 0.75 2
1571407524 8.191728999 0.2222222222222222 1
1571407914 8.416168999 0.5555555555555556 2
1571408304 8.776740174 0.1111111111111111 1
1571408697 8.244743817 0.0 0
1571666189 8.264340421 0.0 0
1571666581 8.171913627 0.0 0
1571666973 8.574614307 0.0 0
1571667364 8.230870325 0.0 0
1571667809 8.311143926 0.0 0
1571669459 8.703255043 0.0 0
1571669853 8.415561592 0.0 0
1571754369 8.192286449 0.2222222222222222 2
1571754761 8.233048757 0.25 1
1571755162 8.1983137 0.0 0
1571755564 8.280717117 0.0 0
1571755980 11.68651733 0.38461538461538464 3
1571756793 8.284045347 0.4444444444444444 2
1571757230 8.259308939 0.2222222222222222 1
1571757648 8.150176972 0.5555555555555556 2
1571758046 8.325338349 0.125 1
1571758437 8.147410992 0.625 2
1571758830 8.503468076 0.2222222222222222 1
1571762441 8.365015656 0.0 0
1571762840 8.314351228 0.2222222222222222 2
1571763230 8.309196087 0.0 0
1571763621 8.396758891 0.25 1
1571764014 8.400393979 0.375 2
1571764439 8.222873422 0.2222222222222222 1
1571764831 8.300011332 0.4444444444444444 1
1571765220 8.242305235 0.375 2
1571765611 8.159075367 0.125 1
1571766003 6.344683002 0.14285714285714285 1
1571766969 8.409527821 0.125 1
1572006703 8.432165431 0.125 1
1572007328 8.171607671 0.0 0
1572007723 8.309711258 0.3333333333333333 1
1572008232 8.215791432 0.25 1
1572008634 8.327374058 0.375 1
1572009029 8.360310552 0.0 0
1572009419 8.251688713 0.0 0
1572009809 8.183029491 0.0 0
1572010200 8.341525286 0.0 0
1572010596 8.115641692 0.375 2
1572010987 8.236771614 0.0 0
1572013550 8.183576778 0.0 0
1572013943 8.236519528 0.125 1
1572014335 8.334787127 0.125 1
1572014726 6.649020895 0.2857142857142857 1
1572015114 8.304429659 0.0 0
1572268258 8.207876061 -1 -1
1572269171 8.260808893 0.0 0
1572269586 8.70455807 0.125 1
1572270001 8.183104069 0.0 0
1572270407 8.151279264 0.375 2
1572270801 8.24353616 0.125 1
1572272508 6.786817646 0.0 0
1572272842 8.24447025 0.125 1
1572273174 8.135580845 0.0 0
1572273522 6.786753562 0.0 0
1572273858 6.763390519 0.16666666666666666 1
1572276279 6.678928798 0.0 0
1572276615 6.649476943 0.0 0
1572276948 6.744024472 0.0 0
1572277279 6.751250667 0.14285714285714285 1
1572277614 6.731663501 0.0 0
1572277973 6.672049659 0.2857142857142857 1
1572278305 6.943740772 0.0 0
1572278637 6.768811594 0.0 0
1572363695 6.733591749 0.0 0
1572364025 6.755431383 0.0 0
1572364356 6.759470238 0.0 0
1572364688 6.803834674 0.2857142857142857 2
1572365023 6.735108411 0.2857142857142857 1
1572365360 6.706516499 0.14285714285714285 1
1572365739 6.775389909 0.0 0
1572366119 6.834316834 0.0 0
1572366452 6.954398421 0.7142857142857143 2
1572366785 6.666589129 0.42857142857142855 2
1572369813 6.898680869 0.14285714285714285 1
1572370144 6.7219547 0.0 0
1572370475 6.762702296 0.5 2
1572370806 6.779389819 0.0 0
1572371135 6.711884563 0.14285714285714285 1
1572371467 6.68313477 0.0 0
1572371797 6.724113226 0.14285714285714285 1
1572372127 6.774447143 0.0 0
1572372456 6.732079703 0.2857142857142857 2
1572372790 6.655295599 0.0 0
1572533801 6.881300729 0.2857142857142857 1
1572534155 6.722818369 0.0 0
1572534502 6.633037366 0.0 0
1572534833 6.836669754 0.14285714285714285 1
1572535182 6.675732899 0.0 0
1572535513 6.705175627 0.14285714285714285 1
1572535843 6.693353839 0.14285714285714285 1
1572536178 6.735432955 0.14285714285714285 1
1572536542 6.787188098 0.16666666666666666 1
1572536879 6.781153685 0.0 0
1572537800 6.774721811 0.0 0
1572538453 6.660957519 0.14285714285714285 1
1572539109 6.650579294 0.0 0
1572539762 6.587089045 0.0 0
1572540411 13.289200096 0.0 0
1572541321 6.715851087 0.0 0
1572541970 6.747790855 0.0 0
1572542618 6.483443486 0.0 0
1572543264 6.578418756 0.0 0
1572543937 6.763102597 0.0 0
1572871686 6.833705457 0.0 0
1572872334 6.675497074 0.14285714285714285 1
1572873015 6.697827746 0.2857142857142857 1
1572873666 6.64383472 0.16666666666666666 1
1572874321 6.455840014 0.0 0
1572875388 6.7079653 0.0 0
1572876254 9.852728092 0.0 0
1572877467 6.79219774 0.0 0
1572878123 6.656380887 0.0 0
1572879365 6.692587817 0.0 0
1572879987 16.633165272 0.0 0
1572880425 6.737681978 0.42857142857142855 2
1572880760 6.757053591 0.2857142857142857 1
1572881110 6.685509107 0.0 0
1572881442 6.727440287 0.5714285714285714 2
1572881777 6.676176584 0.0 0
1572882107 6.653624639 0.0 0
1572882493 6.713378303 0.0 0
1572882829 6.837510378 0.0 0
1572883181 5.290764285 0.0 0
1572883523 7.189461321 0.2857142857142857 1
1572967753 6.663860945 0.0 0
1572968735 8.180828887 0.0 0
1572970370 6.576191391 0.16666666666666666 1
1572971021 6.835621294 0.16666666666666666 1
1572971683 6.699360639 0.2857142857142857 1
1572972345 6.616372003 0.3333333333333333 1
1572973057 6.71320302 0.0 0
1572973710 6.579052448 0.14285714285714285 1
1572974361 6.552783879 0.16666666666666666 1
1572975016 6.69509087 0.14285714285714285 1
1572975415 6.716475513 0.0 0
1572975746 6.609413472 0.0 0
1572976117 6.695642097 0.14285714285714285 1
1572976496 6.813302051 0.14285714285714285 1
1572976827 6.654830762 0.3333333333333333 1
1572977158 6.69407225 0.2857142857142857 2
1572977520 6.696057482 0.2857142857142857 1
1572977849 6.655788499 0.42857142857142855 2
1572978238 6.831073829 0.14285714285714285 1
1573209296 6.628611709 0.0 0
1573209963 6.602196548 0.0 0
1573210626 7.115416723 0.14285714285714285 1
1573211295 6.784176739 0.2857142857142857 1
1573211951 6.671182055 0.5714285714285714 2
1573212600 6.80047115 0.14285714285714285 1
1573213253 6.640837092 0.0 0
1573213919 6.94921349 0.0 0
1573214577 6.756857024 0.0 0
1573215238 6.663849757 0.0 0
1573218442 6.724252404 0.14285714285714285 1
1573218776 6.716879321 0.16666666666666666 1
1573218953 7.339112487 0.25 2
1573306679 6.386568918 0.3333333333333333 2
1573307002 6.40844494 0.16666666666666666 1
1573307337 6.545856112 0.2857142857142857 1
1573307655 6.133899253 0.16666666666666666 1
1573307973 6.099011659 0.0 0
1573308290 6.447981438 0.2857142857142857 1
1573308622 6.288288432 0.16666666666666666 1
1573308942 6.276657143 0.0 0
1573309263 6.491047659 0.0 0
1573309592 6.40251892 0.16666666666666666 1
1573310738 6.333545036 0.0 0
1573311353 6.356014217 0.0 0
1573311971 6.219056765 0.0 0
1573312670 6.22897069 0.0 0
1573313290 6.282772983 0.0 0
1573313912 6.39635097 0.0 0
1573314541 6.039953659 0.2857142857142857 1
1573315152 80.093536994 0.0125 1
1573741872 6.040516135 0.0 0
1573741990 6.201763221 0.0 0
1573743622 6.219925747 0.7142857142857143 3
1573743723 6.248597279 0.3333333333333333 1
1573743822 5.700021777 0.2 1
1573743920 5.995338425 0.0 0
1573744020 6.200563037 0.0 0
1573744116 5.956815355 0.0 0
1573744213 6.52953728 0.14285714285714285 1
1573744312 5.904603897 0.0 0
1573744403 6.088579485 0.0 0
1573744499 6.052687915 0.0 0
1573744606 5.715913734 0.0 0
1573744704 5.972810519 0.0 0
1573744817 5.745749735 0.0 0
1573744916 5.96242784 0.0 0
1573745053 6.091456114 0.0 0
1573745237 6.11728561 0.16666666666666666 1
1573745333 5.939594977 0.0 0
1573745435 6.188617475 0.3333333333333333 2
1573745532 5.766819217 0.16666666666666666 1
1573745633 5.822600997 0.0 0
1573745732 6.220618765 0.0 0
1573745835 5.909907718 0.0 0
1573745933 5.924299303 0.16666666666666666 1
1573746030 5.513114724 0.0 0
1573746130 6.503745101 0.16666666666666666 1
1573746228 6.5471325 0.14285714285714285 1
1573746328 6.245939801 0.16666666666666666 1
1573746429 5.698256596 0.0 0
1573746526 5.804964045 0.16666666666666666 1
1573746622 5.879650171 0.0 0
1573748942 5.674908591 0.16666666666666666 1
1573749039 5.754690311 0.0 0
1573749141 6.329916603 0.0 0
1573749252 5.512710038 0.0 0
1573749349 6.30291388 0.2857142857142857 1
1573749484 6.194495852 0.0 0
1573749583 5.759377328 0.0 0
1573749683 5.809083472 0.0 0
1573749784 4.508120559 0.0 0
1573749880 5.71503551 0.0 0
1573829427 6.263199318 0.3333333333333333 1
1573830605 6.440614037 0.0 0
1573830911 6.150909976 0.0 0
1573831216 5.870140364 0.3333333333333333 1
1573902850 6.213293716 0.0 0
1573903162 6.28901838 0.0 0
1573903476 6.165163138 0.5 2
1573904095 6.190780584 0.16666666666666666 1
1573904573 15.650733176 0.13333333333333333 1
1574688171 9.561358592 0.0 0
1574694490 6.605661961 0.0 0
1574696014 6.304419199 0.0 0
1574696738 8.660852554 0.0 0
1574706696 6.032771278 0.16666666666666666 1
1574707330 6.435477247 0.0 0
1574708296 6.716345278 0.5 1
1574709904 6.5291844 0.14285714285714285 1
1574711160 6.487638324 0.0 0
1574952732 9.984111573 0.0 0
1574957752 6.406564641 0.0 0
1575029007 6.412916779 0.0 0
1575029942 6.670057797 0.14285714285714285 1
1575035149 6.433553266 0.0 0
1575039444 6.103482405 0.0 0
1575115262 6.295312161 0.0 0
1575116816 6.66649006 0.0 0
1575121268 6.48254295 0.0 0
1575293163 8.179409108 0.1111111111111111 1
1575293838 6.230372325 0.0 0
1575297183 6.667341389 0.0 0
1575298584 9.054462463 0.0 0
1575302303 8.157869375 0.0 0
1575386368 6.449681385 0.16666666666666666 1
1575388009 6.578456588 0.2857142857142857 1
1575388930 6.626006641 0.2857142857142857 1
1575391624 5.882239564 0.5 1
1575397162 23.600600894 0.043478260869565216 1
1575397440 17.948285695 0.2222222222222222 1
1575473788 6.175906434 0.14285714285714285 1
1575474576 5.98879206 0.0 0
1575560808 6.452967523 0.2857142857142857 1
1575561680 6.593592952 0.3333333333333333 1
1579187919 6.346247008 0.0 0
1579190607 8.963713903 -1 -1
1579192523 6.430509879 0.0 0
1579361995 6.181660477 0.0 0
1579535091 6.32663979 0.0 0
1579536757 6.337338107 0.0 0
1580218388 6.461308261 0.0 0
1580223096 6.642007591 0.14285714285714285 1
1580229182 6.648713919 0.42857142857142855 1
1580307874 6.690370842 0.0 0
1580311016 6.20171309 0.0 0
1580311636 6.542994528 0.0 0
1580312010 6.647590622 0.2857142857142857 1
1580313187 6.38936352 0.0 0
1580315826 6.756122797 0.14285714285714285 1
1580316389 16.272531659 0.0 0
1580317685 6.453571763 0.0 0
1581937081 6.236216777 0.3333333333333333 1
1581937393 6.575003769 0.0 0
1581937735 6.423235194 0.0 0
1581938704 6.871335292 0.0 0
1581939004 8.545266075 0.0 0
1581939349 5.879086725 0.0 0
1581946223 6.267966385 0.0 0
1581949402 6.610409732 0.0 0
1582030492 6.913477524 0.0 0
1582030799 6.88470848 0.0 0
1582031445 6.329547289 0.0 0
1582031744 6.722434115 0.2857142857142857 1
1582032116 6.746472162 0.16666666666666666 1
1582033330 6.837002879 0.2857142857142857 1
1582033689 7.023180375 0.0 0
1582035978 5.776679156 0.14285714285714285 1
1582037191 6.802864937 0.16666666666666666 1
1582037788 6.751156054 0.16666666666666666 1
1582038970 6.676598536 0.0 0
1582042637 6.96283756 0.14285714285714285 1
1582044084 6.760403708 0.0 0
1582120768 6.316687496 0.0 0
1582186415 8.70060374 -1 -1
1582189508 8.141500611 0.75 1
1582191277 6.435978575 0.0 0
1582191869 6.497755453 0.0 0
1582192456 6.210218692 0.14285714285714285 1
1582637111 6.630321684 0.0 0
1582638831 6.435487156 0.0 0
1582640498 6.460053856 0.14285714285714285 1
1582641085 5.996858971 0.0 0
1582643359 6.371071982 0.0 0
1582886347 5.927760234 0.5 1
1582886641 5.924723855 0.0 0
1582887509 5.803636408 0.0 0
1582888375 6.359797851 0.2857142857142857 1
1582889023 6.320064669 0.0 0
1582899126 6.468647865 0.0 0
1582899691 6.54755274 0.0 0
1582900815 6.435548411 0.0 0
1582902560 6.247096326 0.0 0
1574711160 6.487638324 0.0 0
