1569854941 4.363481775 0.6 3
1570447338 4.303616088 1.4 2
1570449092 4.408647977 0.2 1
1570449547 4.354653859 0.8 3
1570449995 41.435591162 0.023809523809523808 1
1571323533 4.545532205 0.5 2
1571323936 4.692646034 0.6666666666666666 2
1571324334 4.65546552 0.3333333333333333 1
1571324727 4.600113654 0.3333333333333333 2
1571327657 4.433333233 0.2 1
1571328048 4.551680428 0.4 2
1571328439 4.876628113 0.8333333333333334 2
1571328829 4.904471111 1.0 3
1571329222 4.444976119 0.2 1
1571329611 4.698751526 0.4 2
1571398160 4.617037193 1.1666666666666667 3
1571398557 4.60280058 0.8333333333333334 3
1571398949 4.576468513 0.2 1
1571399340 4.980986591 0.3333333333333333 2
1571399732 4.668496442 1.1666666666666667 3
1571400129 4.622924066 0.8 2
1571400550 4.722301467 0.3333333333333333 1
1571400948 4.733750337 0.3333333333333333 2
1571401343 4.61693434 0.4 1
1571401732 4.53757729 0.3333333333333333 2
1571407113 4.533548398 0.4 2
1571407896 4.695720762 0.2 1
1571408285 4.50021171 0.3333333333333333 2
1571408678 4.522886101 1.0 2
1571666170 4.517602802 0.3333333333333333 2
1571666562 4.521858853 1.0 3
1571666954 4.643727104 0.16666666666666666 1
1571667345 4.924230048 0.3333333333333333 2
1571667790 4.304147819 0.0 0
1571669441 4.51990403 0.6 2
1571669834 4.595106994 0.4 2
1571754351 4.910869201 0.0 0
1571754742 4.705876659 0.16666666666666666 1
1571755143 4.7326742 0.0 0
1571755545 4.506948763 0.0 0
1571756775 4.52811446 0.4 2
1571757211 4.632731375 0.3333333333333333 1
1571757630 4.419360385 2.2 3
1571758027 4.842792806 0.0 0
1571758418 4.571522622 0.0 0
1571758811 4.673817447 0.16666666666666666 1
1571762422 4.628685461 0.16666666666666666 1
1571762821 4.643624309 0.4 2
1571763211 4.524678714 0.6666666666666666 1
1571763602 4.519983871 0.5 2
1571763995 4.62587905 0.0 0
1571764812 4.514791308 0.6 2
1571765201 4.493716205 0.6666666666666666 2
1571765592 5.135844391 0.0 0
1571765982 4.655914593 0.16666666666666666 1
1571766947 4.640471534 0.0 0
1572006689 4.18404199 0.2 1
1572007309 4.732094646 0.0 0
1572007704 4.579938236 0.16666666666666666 1
1572008615 4.58829656 0.0 0
1572009010 4.601390516 0.0 0
1572009400 4.781785718 0.0 0
1572009790 4.649341489 0.16666666666666666 1
1572010181 4.483923363 0.6 2
1572010577 4.625529064 0.3333333333333333 2
1572010968 4.610043271 0.0 0
1572013531 4.611056736 0.6666666666666666 2
1572013924 4.526023226 0.3333333333333333 2
1572014316 4.630518324 0.16666666666666666 1
1572014705 4.552687002 0.4 2
1572015095 4.67195356 0.16666666666666666 1
1572268241 4.568121585 -1 -1
1572269152 4.502733034 0.2 1
1572269567 4.48963042 0.5 2
1572269982 4.599423551 0.3333333333333333 1
1572270388 4.484590794 1.1666666666666667 3
1572270782 4.639840933 0.8333333333333334 2
1572271293 4.3192626 0.6666666666666666 2
1572272491 3.974069695 0.4 1
1572272822 5.430887616 0.5714285714285714 1
1572273156 3.747456088 0.6 2
1572273503 3.874675876 0.2 1
1572273840 4.049929385 1.6 3
1572276260 3.853656297 0.6 1
1572276598 3.84737476 0.2 1
1572276932 3.975621856 0.5 2
1572277262 3.708246638 0.2 1
1572277597 3.764073619 0.4 1
1572277956 3.766878625 0.0 0
1572278288 3.667462385 0.6 2
1572278619 3.771641619 0.4 2
1572363678 3.803791519 0.4 2
1572364339 3.72691073 0.6 1
1572364668 3.982692383 1.2 3
1572365007 3.752287932 0.25 1
1572365343 3.889606433 0.4 1
1572365721 3.782972951 0.6 2
1572366094 3.91551708 0.4 1
1572366435 3.884260541 0.4 2
1572366768 3.821010291 0.2 1
1572369796 3.715430466 0.2 1
1572370126 3.811479037 0.4 1
1572370458 3.703832375 0.4 2
1572370789 3.940953823 0.8 2
1572371118 3.73727773 0.6 2
1572371450 3.848177792 0.6 1
1572371780 3.62434526 0.5 2
1572372110 3.852973655 0.6 1
1572372439 3.742041937 0.6 2
1572372773 3.800705197 0.5 2
1572533784 3.685853735 0.2 1
1572534138 3.844416353 0.4 2
1572534485 3.743809494 0.2 1
1572534814 3.660854221 0.5 2
1572535165 3.772965467 0.2 1
1572535496 3.735589272 0.4 1
1572535826 3.58926193 0.25 1
1572536161 3.749383849 0.6 2
1572536524 3.696819563 0.6 1
1572537776 3.708834978 0.5 2
1572538433 3.895277659 0.4 2
1572539090 3.641392758 0.4 1
1572539743 3.837851084 0.4 1
1572540391 3.729503399 1.2 3
1572541302 3.861727222 0.4 1
1572541949 3.74627845 0.4 1
1572542599 3.924106957 0.4 1
1572543244 3.804954664 0.2 1
1572543918 3.752842229 1.0 3
1572871666 3.959240231 0.0 0
1572872315 3.68633721 0.4 2
1572872996 3.755669341 0.8 1
1572873645 3.53312216 0.25 1
1572874302 3.806800647 0.2 1
1572875369 3.686890494 0.4 2
1572876227 3.692873519 0.6 2
1572877448 3.809545695 0.8 2
1572878104 3.783521383 0.5 2
1572879346 3.878992698 0.2 1
1572880408 3.761301749 0.4 2
1572880743 3.758232147 0.2 1
1572881093 3.518675123 0.8 4
1572881425 3.597907121 0.8 2
1572881760 3.955463702 0.2 1
1572882090 3.750383802 0.2 1
1572882476 3.748215247 0.5 1
1572882810 3.744789466 0.4 1
1572883162 3.95510326 0.0 0
1572883505 3.862603615 0.2 1
1572967734 3.836915957 1.25 3
1572968718 4.581627148 0.5 2
1572969690 3.80487096 0.4 2
1572970351 4.185930461 1.0 3
1572971002 3.783678291 0.25 1
1572971664 3.828992473 1.4 3
1572972325 3.585703546 0.6 2
1572973038 3.899296802 0.4 2
1572973690 3.814613611 0.4 2
1572974339 3.707096614 0.4 2
1572974997 3.666272726 0.4 2
1572975398 3.846904697 0.2 1
1572975729 3.733276174 0.4 2
1572976100 3.633289168 0.2 1
1572976479 3.759860177 0.6 2
1572976810 3.803672257 0.2 1
1572977140 3.696865868 0.25 1
1572977503 3.711845636 0.2 1
1572977832 3.716278705 1.0 3
1572978221 3.879492032 0.0 0
1573209274 3.63283672 0.4 2
1573209944 3.994688144 0.2 1
1573210607 3.825689405 0.0 0
1573211276 3.796809029 1.0 2
1573211933 3.820744393 0.25 1
1573212581 4.320769675 0.2 1
1573213234 3.648987933 0.2 1
1573213898 3.780277208 0.0 0
1573214558 3.809783011 0.2 1
1573215215 4.13087552 1.4 2
1573218426 3.660056101 0.25 1
1573218759 3.210766386 0.5 1
1573306662 3.561796749 0.0 0
1573306985 3.96802886 0.2 1
1573307321 3.57142515 0.25 1
1573307638 3.784543576 0.0 0
1573308605 3.399324947 0.0 0
1573308925 4.012399365 0.0 0
1573309246 3.683477062 0.0 0
1573309575 3.507518053 0.0 0
1573310719 3.647097003 0.4 2
1573312652 3.72470295 0.2 1
1573313271 3.543624624 0.75 3
1573828187 3.557241078 1.0 2
1573829791 3.642497128 0.5 2
1573830587 4.048747436 0.4 2
1573831200 3.403009427 0.5 1
1574688154 3.485831578 2.4 4
1574688473 4.106082295 0.4 2
1574689299 3.330551694 0.25 1
1574692167 3.770127546 1.4 3
1574692480 3.769739981 1.8 4
1574693399 3.669727707 0.6 2
1574693717 3.868606986 1.6 3
1574694045 3.764763991 1.4 3
1574694469 3.421052262 0.25 1
1574694793 3.62572239 1.4 3
1574695347 3.306055855 1.5 3
1574695689 3.872304944 1.4 3
1574695998 3.496125163 1.25 2
1574697306 3.567588802 0.25 1
1574697900 3.299113601 0.25 1
1574698469 3.298008244 3.25 4
1574699056 4.124519594 2.8 5
1574708279 3.28014103 0.75 2
1574708577 3.816642996 0.6 2
1574708935 3.445893503 0.0 0
1574709151 3.201582864 1.4 3
1574709885 3.95432685 0.2 1
1574710494 4.512128256 0.6 3
1574711142 3.697798853 0.0 0
1574950944 3.394771473 0.25 1
1574951674 3.818731388 0.25 1
1574952001 3.818642471 0.4 2
1574952316 3.381104748 0.0 0
1574953039 3.772088517 0.0 0
1574953410 3.589436209 0.8 2
1574953736 3.586086472 0.4 2
1574954063 3.429176271 0.0 0
1574956478 3.751580636 1.0 2
1574957741 3.373528481 1.0 3
1574958324 3.590461328 2.0 4
1574960106 3.207763201 0.25 1
1574960692 3.500591704 0.5 2
1574961359 3.515071351 2.0 3
1574961927 3.556442496 0.8 2
1575028346 3.349138308 0.25 1
1575029306 3.281059159 0.5 1
1575029613 3.632411512 1.4 3
1575029926 3.679963627 1.0 3
1575030236 3.645713268 1.5 3
1575030553 3.255241101 0.75 3
1575030885 3.756992743 0.4 2
1575031196 3.489110143 1.0 3
1575033407 3.585008482 2.6 6
1575034566 3.536867363 0.25 1
1575035138 3.635348723 0.2 1
1575035702 3.260742247 0.25 1
1575036738 3.676474671 1.25 3
1575037299 3.569571868 0.25 1
1575037857 3.453701245 0.25 1
1575038867 3.529847521 1.75 4
1575039434 3.308624364 0.75 3
1575114626 3.707285829 0.6 2
1575114935 3.756543027 0.4 2
1575115245 3.615678182 1.2 3
1575115554 3.763480339 0.4 2
1575115869 3.609416073 0.25 1
1575116180 3.825533776 1.25 2
1575116490 3.98092071 0.2 1
1575116799 3.540530876 0.25 1
1575117108 3.413657223 2.5 4
1575117416 3.736896013 2.0 4
1575121257 3.54538902 0.0 0
1575122877 3.669694848 0.8 2
1575123435 3.247660703 1.25 3
1575123993 3.580904155 0.6 2
1575124549 3.646843822 1.0 3
1575125682 3.745724914 0.6 2
1575126247 4.090270129 0.4 1
1575293147 3.809694105 1.6 3
1575293480 3.508913159 0.25 1
1575293821 3.427582114 0.2 1
1575294158 3.899631769 0.6 2
1575294504 3.800827292 0.0 0
1575294848 3.663274532 0.25 1
1575295250 3.619905609 0.6 2
1575295619 3.714447024 0.0 0
1575296831 3.634703883 0.0 0
1575297165 3.806321521 0.8 2
1575298573 3.608704692 1.25 3
1575299146 3.283297163 0.5 2
1575299722 3.584544814 1.0 3
1575300335 3.267937115 0.4 2
1575300910 3.286150222 0.25 1
1575301697 12.211789768 1.9230769230769231 3
1575302292 3.576668829 0.5 2
1575386038 3.429729453 0.25 1
1575386351 3.999748003 1.0 2
1575386661 4.267182011 0.8333333333333334 2
1575387066 3.332375956 0.75 1
1575387373 4.176456735 0.6 2
1575387685 3.751635339 0.8 2
1575387993 3.415700368 0.75 2
1575388301 3.661610827 0.4 1
1575388610 3.788786821 0.25 1
1575388913 3.312146245 1.4 3
1575390481 3.190990124 0.5 2
1575391051 3.713195413 0.0 0
1575392425 3.282563972 1.2 3
1575393007 36.784275127 0.21052631578947367 3
1575393625 3.406516971 0.25 1
1575394189 3.310021511 0.0 0
1575395315 3.503872314 1.25 3
1575558799 3.537643799 1.4 3
1575559436 3.766181727 1.0 3
1575559756 3.594225376 1.2 3
1575560124 3.673363694 0.4 2
1575560454 3.683339911 0.2 1
1575560791 3.705052572 2.4 5
1575561322 3.799863391 1.0 2
1575561661 3.153803218 0.25 1
1575562019 3.671712621 1.4 2
1575564656 3.677707893 2.0 4
1575565802 3.712108948 0.6 2
1575566982 3.752596341 2.0 3
1575568304 3.991291458 0.0 0
1575568886 3.725297635 0.25 1
1579186544 3.544875523 1.4 3
1579186893 3.584795811 1.2 2
1579188686 3.616543581 0.75 1
1579189553 3.864829376 1.0 2
1579190217 3.725334411 0.4 2
1579191333 3.624503904 1.0 2
1579191947 3.540279036 0.75 1
1579193095 3.160848171 1.25 2
1579193682 3.469355867 2.75 4
1579195381 3.495382072 0.75 1
1579195970 3.799904783 0.4 1
1579196532 3.691161822 0.0 0
1579354301 3.584336048 0.4 2
1579354612 3.534706344 0.8 2
1579354921 3.772224728 0.0 0
1579355228 3.681201263 0.4 1
1579355540 3.57397133 0.2 1
1579356155 3.464725252 0.75 1
1579356461 3.382404187 0.75 1
1579357250 3.341552991 0.5 2
1579359737 3.489287651 0.75 1
1579360315 3.262133387 2.0 3
1579360874 3.393507153 1.0 2
1579361429 3.406352716 0.0 0
1579361984 3.491359961 1.0 2
1579362539 3.461361326 0.4 2
1579363098 4.004371481 1.0 2
1579363664 3.368704221 0.6 1
1579364789 3.42236497 0.25 1
1579524915 3.58370428 2.0 2
1579525257 3.736446914 0.0 0
1579525643 3.463949871 0.0 0
1579526292 3.52528614 0.0 0
1579528599 3.350904837 0.0 0
1579529022 3.548022 0.75 1
1579530049 3.830742584 1.2 2
1579530783 3.67204447 0.75 1
1579531373 3.418076746 0.5 1
1579532411 3.880977944 1.8 4
1579533103 3.414609813 0.0 0
1579534407 3.49435878 0.2 1
1579535080 3.328113532 1.0 1
1579535668 3.424892791 0.25 1
1580218043 3.890040364 0.8 2
1580218371 3.381322634 1.25 2
1580219055 3.705712069 0.4 2
1580219416 3.618030774 1.0 3
1580219741 3.760528045 0.0 0
1580223080 3.43613373 0.0 0
1580223417 3.636686772 0.2 1
1580224040 3.285369799 0.6 2
1580224598 3.751142543 2.25 3
1580225719 3.302323579 0.2 1
1580226299 3.479846277 1.0 2
1580226866 3.535083073 1.25 2
1580227431 3.840246428 0.0 0
1580228050 3.571518387 2.0 3
1580229170 3.708332449 0.0 0
1580306673 3.46546203 0.0 0
1580306985 3.789680423 1.6 3
1580307377 3.791501281 0.2 1
1580308168 3.532016795 2.2 4
1580310687 3.797209328 0.25 1
1580311001 3.640167805 1.0 1
1580311307 3.550515279 0.0 0
1580311619 3.633037344 0.0 0
1580312596 3.715950423 0.2 1
1580314696 3.500613344 0.0 0
1580315815 4.005413061 1.0 2
1581937382 3.474726273 0.0 0
1581937725 3.249833574 0.0 0
1581938368 3.413612263 0.5 2
1581938691 3.636351357 0.4 2
1581942739 3.508403171 0.0 0
1581945262 3.754791318 0.0 0
1581946214 2.034264422 0.0 0
1581948268 3.809436932 0.0 0
1581949391 3.864917299 0.6 1
1582030481 3.582525743 0.4 2
1582030789 4.053150387 0.0 0
1582032104 3.981634227 0.6 2
1582032726 3.42071366 0.6 1
1582033677 3.972977504 0.6 2
1582035093 3.647389872 0.2 1
1582035966 3.90496839 0.0 0
1582036570 3.407659933 0.6 1
1582037179 3.865247326 0.0 0
1582038371 4.229286792 0.16666666666666666 1
1582038960 3.519790018 0.0 0
1582041876 3.891832365 0.2 1
1582042626 3.662359189 0.0 0
1582044665 3.745904309 1.0 2
1582044981 3.501119684 1.75 3
1582045578 3.564825979 1.0 2
1582046187 3.360338074 1.25 3
1582120535 3.954386484 0.2 1
1582120756 3.124168134 0.0 0
1582188946 52.40827111 0.018518518518518517 1
1582191562 3.802548093 0.0 0
1582191857 3.74257703 0.2 1
1582192437 3.790089108 0.0 0
1582636803 3.442844673 0.0 0
1582637692 3.716204458 0.0 0
1582640487 3.808474271 0.4 2
1582643348 3.710375315 2.0 3
1582643945 3.581606903 1.2 3
1582644614 3.29962972 0.0 0
1582886335 3.311146602 1.0 2
1582886625 3.738500174 0.0 0
1582889012 3.763279007 0.4 1
1582899115 3.514158174 0.8 2
1582900245 3.392148383 1.0 2
1582903109 3.651764307 0.0 0
1574711142 3.697798853 0.0 0
1574708935 3.445893503 0.0 0
