1574707077 0.04444922 -1 -1
1574707077 0.037109367 -1 -1
1574707077 0.001556268 -1 -1
1574707077 0.040001813 -1 -1
1574707077 0.00168917 -1 -1
1574707077 0.005276158 -1 -1
1574707077 0.020467293 -1 -1
1574707077 0.060967381 -1 -1
1574707077 0.035720731 -1 -1
1574707077 0.044281947 -1 -1
1574707077 0.04752481 -1 -1
1574707077 0.040266511 -1 -1
1574707077 0.044873502 -1 -1
1574707077 0.001399696 -1 -1
1574707077 0.00636249 -1 -1
1574707077 0.021557523 -1 -1
1574707077 0.050002781 -1 -1
1574707077 0.005772459 -1 -1
1574707077 0.038352136 -1 -1
1574707078 0.044726866 -1 -1
1574707078 0.001591607 -1 -1
