1570543096 10.438077891 1.8181818181818181 3
1570543455 13.524662129 2.4 3
1571322965 14.1857532 2.8 4
1571325483 14.461994053 2.375 4
1571325688 10.779009413 1.75 3
1571325887 8.26166394 3.111111111111111 5
1571327198 13.512009418 2.5714285714285716 4
1571396273 8.928443539 2.2 4
1571397098 13.557166983 2.357142857142857 4
1571397302 10.891286265 2.0833333333333335 3
1571404945 10.590617841 1.9090909090909092 3
1571405342 9.031706091 3.0 4
1571409194 9.759496638 0.1 1
1571409396 8.795012098 0.2 1
1571664379 7.622284545 1.7777777777777777 3
1571664921 7.529670313 1.8888888888888888 4
1571665124 7.493558802 1.6666666666666667 4
1571665335 7.822687763 2.0 4
1571665530 7.980710267 2.3333333333333335 4
1571665725 7.788954304 1.875 4
1571668142 7.602834155 1.7777777777777777 4
1571668341 7.426876607 2.5555555555555554 5
1571668546 7.6876744 2.375 5
1571668740 7.555444645 2.375 5
1571668940 7.663731579 2.125 3
1571752013 7.693651101 1.2222222222222223 3
1571752208 7.919048212 0.8888888888888888 2
1571752409 7.590755698 1.375 4
1571752613 7.638838304 1.625 5
1571752807 7.812916963 1.0 3
1571753003 7.52155407 2.2222222222222223 4
1571753201 7.706704959 3.5 6
1571753398 7.600969103 2.5 5
1571753595 7.569913628 2.888888888888889 5
1571753792 7.498088319 2.0 4
1571760151 7.768193279 1.875 6
1571760345 7.663868088 0.7777777777777778 3
1571760550 7.733293581 1.7777777777777777 4
1571760746 7.708774154 3.375 5
1571760948 7.586901711 2.5 4
1571761156 7.533461077 1.5 4
1571761355 7.521781681 1.8888888888888888 4
1571761550 7.70491741 1.7777777777777777 3
1571761745 7.619173953 1.5555555555555556 4
1571761954 7.689364436 2.0 4
1572003256 7.597455534 2.111111111111111 4
1572003649 7.607244874 2.0 5
1572003846 7.702744369 1.6666666666666667 4
1572004042 7.899743759 1.3333333333333333 3
1572004238 7.723338003 2.111111111111111 4
1572004433 7.772825529 1.875 4
1572004632 7.77621221 2.111111111111111 4
1572004834 7.637275972 2.375 5
1572005033 7.854998813 2.125 5
1572011234 7.349936412 1.625 3
1572011430 8.134971032 1.2222222222222223 3
1572011626 8.392496065 1.4 4
1572011824 7.804711344 1.0 2
1572012020 7.912269107 0.8888888888888888 3
1572012218 7.459966652 0.75 3
1572012412 7.749012989 1.1111111111111112 3
1572012606 7.782599441 1.3333333333333333 3
1572012801 7.643008564 1.0 4
1572012995 7.643256251 0.8888888888888888 2
1572265055 7.848142705 2.6666666666666665 4
1572265252 7.547494371 2.25 5
1572265450 7.885232669 2.6666666666666665 5
1572265649 7.396914069 2.25 5
1572265854 7.638444063 2.2222222222222223 4
1572266056 7.739535512 2.375 5
1572266452 8.026744384 2.5555555555555554 4
1572266652 8.064569313 1.6666666666666667 3
1572266855 8.164343148 2.2222222222222223 4
1572274121 6.346410885 2.4285714285714284 4
1572274294 6.946190171 2.125 4
1572274463 6.2637171 2.0 4
1572274631 11.226494814 2.1666666666666665 4
1572274803 6.488236075 2.857142857142857 5
1572274973 6.326518988 2.7142857142857144 4
1572275141 10.147714561 2.3636363636363638 4
1572275320 7.300563456 2.25 4
1572275490 6.320004826 3.0 4
1572275664 6.218002703 3.0 5
1572361268 7.901756282 1.4444444444444444 3
1572361465 8.015339907 1.5555555555555556 3
1572361661 7.629944483 1.875 4
1572361856 7.73728789 2.625 6
1572362055 7.79954522 1.625 3
1572362249 7.818732179 2.25 5
1572362445 7.969385431 2.0 4
1572362640 7.884534083 1.6666666666666667 3
1572362839 7.787207113 2.3333333333333335 4
1572363035 7.745365707 2.6666666666666665 4
1572366913 6.540713987 2.0 3
1572367080 6.74603486 1.75 4
1572367251 6.330911193 1.4285714285714286 3
1572367419 6.419662225 1.8571428571428572 3
1572367600 6.430881696 1.625 4
1572367779 6.394650398 2.4285714285714284 4
1572367947 6.653499512 1.25 3
1572368116 6.627048053 1.5 3
1572368283 6.350006301 2.142857142857143 3
1572368448 6.172208851 1.4285714285714286 3
1572532386 7.561312604 1.75 4
1572532586 7.510248873 2.0 4
1572532792 7.535315122 1.875 5
1572544500 6.47921445 2.125 5
1572544668 6.215430367 2.0 3
1572544840 6.336799016 1.5714285714285714 3
1572545012 6.363529352 1.875 5
1572545186 6.398817537 1.5714285714285714 4
1572870012 6.464151078 2.0 3
1572870186 52.755886012 1.5740740740740742 7
1572870412 6.92579482 2.375 5
1572870588 54.155686184 1.3818181818181818 5
1572870802 8.180449954 2.4 5
1572965394 6.443919209 2.142857142857143 4
1572965561 6.322295597 1.625 5
1572965728 6.347613716 2.125 5
1572965897 6.566749941 2.125 4
1572966069 6.387413512 1.625 5
1572966235 6.314233599 1.75 4
1572966407 6.348020639 2.0 4
1572966591 6.371119187 2.142857142857143 4
1572966770 6.325009656 1.625 5
1572966934 6.581159119 2.125 4
1573207040 7.498478498 3.3333333333333335 5
1573207209 6.195492412 1.7142857142857142 3
1573207379 6.137525578 1.5714285714285714 3
1573207544 6.147689691 1.4285714285714286 4
1573207714 6.325511215 1.2857142857142858 3
1573207882 6.207481444 1.7142857142857142 3
1573208049 6.354747862 1.8571428571428572 3
1573208213 6.229714685 1.75 4
1573208382 6.223559805 1.1428571428571428 3
1573208547 6.294425163 1.625 3
1573220283 6.396504484 3.142857142857143 4
1573220450 6.320955483 0.8571428571428571 3
1573220617 6.565323681 1.0 2
1573220787 6.320312508 0.42857142857142855 2
1573220955 6.288805612 0.2857142857142857 1
1573221122 6.07248731 0.2857142857142857 1
1573221286 6.07752224 0.5714285714285714 2
1573221456 6.215229463 0.42857142857142855 2
1573221622 6.13227313 0.42857142857142855 1
1573221791 6.110985707 0.2857142857142857 1
1573221980 6.409306846 1.0 4
1573222151 6.65967083 1.0 3
1573222318 6.359914852 1.0 3
1573222483 6.43185736 2.0 4
1573222653 6.304000284 2.7142857142857144 4
1573301131 6.28180708 0.875 3
1573301300 6.334218231 1.25 4
1573301482 6.282262261 1.0 3
1573301649 6.344708875 1.75 4
1573301836 6.169773921 2.5714285714285716 4
1573302014 6.255090992 2.857142857142857 5
1573302183 6.181353669 3.0 6
1573302358 6.343792448 1.7142857142857142 3
1573302527 6.317185537 1.5714285714285714 3
1573302694 20.07938966 2.5238095238095237 4
1573303847 6.068584757 1.4285714285714286 3
1573304006 10.633559902 1.25 3
1573304171 5.686205652 1.8571428571428572 4
1573304337 5.875077589 1.5714285714285714 3
1573304497 5.791102032 1.5714285714285714 3
1573304664 5.57236334 2.3333333333333335 5
1573304822 5.528965642 2.5714285714285716 4
1573304982 5.53504725 2.6666666666666665 4
1573305145 5.84038142 2.4285714285714284 4
1573305304 5.673406087 1.8571428571428572 3
1573752477 5.837354305 1.7142857142857142 4
1573752735 5.645340665 1.8333333333333333 5
1573752894 5.732042927 2.0 4
1573753052 5.708197256 1.4285714285714286 3
1573753210 5.665265998 1.8571428571428572 4
1573753365 5.802697301 3.2857142857142856 5
1573753523 5.758626296 3.2857142857142856 5
1573753677 5.820520332 3.0 5
1573753838 5.952637772 2.142857142857143 4
1573754658 5.607059949 1.5714285714285714 4
1573754818 5.654250094 2.2857142857142856 4
1573754979 5.701062246 1.7142857142857142 3
1573755146 5.596627465 1.7142857142857142 4
1573755309 5.770799132 1.8571428571428572 4
1573755466 5.517771566 2.3333333333333335 5
1573755621 5.684081164 1.8571428571428572 4
1573755779 5.603701619 1.8571428571428572 4
1573755937 5.97559604 2.5714285714285716 4
1573756094 5.789822122 1.7142857142857142 4
1573831402 5.624394406 0.5714285714285714 2
1573831560 6.152187236 0.5714285714285714 2
1573831718 5.750704552 0.2857142857142857 1
1573831891 5.594050334 0.3333333333333333 2
1573832043 5.746883722 0.5714285714285714 2
1573832204 5.595447408 0.8333333333333334 3
1573832359 5.888902975 0.7142857142857143 3
1573832525 5.621490426 0.42857142857142855 2
1573832681 5.67187246 0.5 3
1573832836 5.541514242 0.16666666666666666 1
1573833031 5.626841996 0.42857142857142855 2
1573833188 5.668227281 0.5714285714285714 2
1573833352 5.567887878 0.2857142857142857 2
1573833509 5.736128289 0.6666666666666666 3
1573833667 5.782345964 0.6666666666666666 3
1573901040 5.615822928 0.42857142857142855 2
1573901199 5.620925631 0.6666666666666666 3
1573901355 5.831450017 0.6666666666666666 2
1573901511 5.667273024 0.5714285714285714 2
1573901671 5.720970742 1.0 3
1573901825 5.736806381 1.5714285714285714 3
1573901980 5.89791637 1.7142857142857142 4
1573902138 5.613263851 2.5714285714285716 5
1573902296 5.703907221 3.0 5
1573902452 5.675735454 3.0 6
1574685769 6.011578971 0.7142857142857143 3
1574685959 5.729112887 0.8333333333333334 3
1574686131 5.415676499 3.5714285714285716 5
1574686289 7.885665809 1.25 4
1574686450 5.808651497 0.8571428571428571 2
1574686617 5.876232928 3.142857142857143 5
1574686780 5.410668267 0.5 2
1574686966 5.50028103 0.5 2
1574687305 5.550989696 0.7142857142857143 2
1574689634 5.773249872 0.42857142857142855 3
1574689850 5.821232227 0.5714285714285714 2
1574690019 5.825271496 1.4285714285714286 5
1574690189 5.863215649 0.42857142857142855 2
1574690359 5.578469751 0.6666666666666666 3
1574690518 5.526926098 1.1428571428571428 3
1574690689 5.873307887 0.7142857142857143 2
1574690849 5.555775095 0.7142857142857143 2
1574691034 5.626777291 1.1428571428571428 3
1574691213 5.526072419 0.5714285714285714 2
1574706835 5.646859786 2.5714285714285716 5
1574707078 5.845079433 0.0 0
1574954180 5.678362065 1.1428571428571428 3
1574954344 6.478184793 1.625 4
1574954521 5.647376707 2.4285714285714284 4
1574954686 5.545498623 1.3333333333333333 3
1574954868 5.455991003 2.857142857142857 5
1574955026 5.642076846 1.8333333333333333 4
1574955285 5.538240058 1.1666666666666667 3
1574955443 6.835858505 3.125 5
1574955602 5.630247665 2.0 4
1574955763 6.307025261 1.8571428571428572 5
1575026511 5.693517485 0.7142857142857143 2
1575026672 5.855838672 0.2857142857142857 1
1575026835 5.699656937 0.6666666666666666 2
1575026994 5.765338309 0.2857142857142857 2
1575027158 5.73026371 0.14285714285714285 1
1575027320 5.848563395 3.0 5
1575027485 6.156136075 0.5714285714285714 3
1575027643 5.587256783 0.5 1
1575027807 5.480544407 2.5714285714285716 4
1575027971 5.628636349 0.14285714285714285 1
1575112827 5.857807055 0.42857142857142855 2
1575112988 5.750416409 0.42857142857142855 2
1575113151 5.552746438 3.6666666666666665 5
1575113311 5.730444563 0.2857142857142857 1
1575113470 5.893156265 0.14285714285714285 1
1575113629 5.718041845 2.4285714285714284 3
1575113786 5.96671486 0.2857142857142857 1
1575113945 5.573669438 1.0 3
1575114105 5.558765846 2.1666666666666665 4
1575114269 5.629351074 0.3333333333333333 1
1575289757 5.948825208 0.3333333333333333 2
1575289924 5.758573662 0.14285714285714285 1
1575290089 5.549243054 2.0 5
1575290272 5.690341451 0.42857142857142855 1
1575290445 5.657109146 0.16666666666666666 1
1575290621 5.575376139 1.3333333333333333 3
1575290789 5.564633264 0.14285714285714285 1
1575290947 5.722853818 0.8333333333333334 3
1575291109 5.707371606 1.5 4
1575291271 5.731899177 0.16666666666666666 1
1575384159 5.90394999 0.2857142857142857 1
1575384318 5.701838652 0.42857142857142855 1
1575384479 5.747286587 2.5714285714285716 4
1575384638 5.85661861 0.8333333333333334 3
1575384802 5.716983989 0.5 2
1575384958 5.565071911 2.4285714285714284 4
1575385120 5.872787265 0.14285714285714285 1
1575385280 5.649607714 0.3333333333333333 1
1575385439 5.757379991 3.5 7
1575385602 5.647996102 0.14285714285714285 1
1575556539 6.020080499 0.7142857142857143 2
1575556701 5.56809343 0.3333333333333333 2
1575556867 5.519835056 2.5 5
1575557051 5.664668574 0.16666666666666666 1
1575557228 5.41357545 0.6666666666666666 2
1575557585 5.769053261 0.2857142857142857 2
1575557760 5.602402062 2.1666666666666665 5
1575558217 5.694240911 0.14285714285714285 1
1575558406 5.659129729 0.3333333333333333 1
1579184037 5.701586527 1.1428571428571428 2
1579184753 5.787699708 0.16666666666666666 1
1579184914 5.661525192 0.5714285714285714 2
1579185076 5.438203155 1.7142857142857142 3
1579185251 5.573460566 0.14285714285714285 1
1579185428 5.669103184 0.6666666666666666 2
1579185611 5.949798995 1.5714285714285714 4
1579185785 5.517350386 0.2857142857142857 1
1579185978 5.543947555 2.1666666666666665 5
1579186151 5.699288861 1.4285714285714286 4
1579351767 5.458355084 0.5714285714285714 2
1579351934 5.784336835 0.42857142857142855 1
1579352095 5.370086818 2.4285714285714284 4
1579352256 5.523484878 0.5714285714285714 2
1579352419 5.511430746 1.4285714285714286 4
1579352583 5.539513771 3.0 5
1579352741 5.612476787 0.3333333333333333 1
1579352902 5.559087313 1.1428571428571428 3
1579353066 5.547766746 1.1666666666666667 3
1579353228 5.682214885 0.5 2
1579522856 5.629980618 0.8333333333333334 2
1579523060 5.763051224 0.3333333333333333 2
1579523250 5.642476221 2.5714285714285716 4
1579523415 5.626199882 0.42857142857142855 3
1579523589 5.63126247 0.8571428571428571 2
1579523770 6.308435329 2.857142857142857 5
1579523952 5.415193796 0.14285714285714285 1
1579524140 5.823403301 0.8333333333333334 3
1579524306 5.437928253 0.8571428571428571 2
1579524475 5.662283465 0.16666666666666666 1
1579537448 5.597400905 0.8333333333333334 3
1580215309 6.151117612 0.14285714285714285 1
1580215503 6.031907643 1.4285714285714286 3
1580215668 5.441527489 0.8333333333333334 2
1580215826 5.570688627 0.2857142857142857 2
1580215987 5.669835949 1.4285714285714286 3
1580216151 4.8327488 0.5 1
1580216310 5.327826074 0.5 2
1580216472 5.444359256 2.142857142857143 3
1580216630 5.681259956 0.14285714285714285 1
1580216812 5.655341216 0.7142857142857143 2
1580304722 5.627887166 0.7142857142857143 2
1580304879 5.574928192 3.0 5
1580305041 5.550048694 1.5 4
1580305202 5.837778505 0.6666666666666666 2
1580305385 5.591791634 1.7142857142857142 3
1580305545 5.806669565 3.0 5
1580305710 5.604875799 0.7142857142857143 1
1580305867 5.722578545 1.5714285714285714 3
1580306022 5.648414172 0.5714285714285714 2
1580306182 5.401843919 2.857142857142857 4
1581935222 5.84689847 0.5714285714285714 3
1581935381 5.754572117 2.5 4
1581935541 5.672435985 0.2857142857142857 1
1581935707 5.58339704 0.2857142857142857 1
1581935875 5.527827852 0.8333333333333334 2
1581936046 5.501044706 2.5714285714285716 4
1581936217 5.524411147 0.7142857142857143 3
1581936381 5.686200467 0.5 2
1581936539 5.483169048 0.7142857142857143 2
1581936715 5.506599009 2.6666666666666665 4
1582026896 5.384256789 0.5 2
1582027059 5.393736106 0.8333333333333334 2
1582027222 5.526458689 2.6666666666666665 5
1582027391 5.520574887 0.8333333333333334 2
1582027803 5.731272806 0.16666666666666666 1
1582027967 5.676258571 0.7142857142857143 2
1582028135 5.853879532 2.0 4
1582028303 5.422750792 0.6666666666666666 2
1582028470 5.878141876 0.14285714285714285 1
1582028641 5.971785661 0.2857142857142857 1
1582113111 5.662800752 0.14285714285714285 1
1582113278 5.993101488 1.1428571428571428 2
1582113441 5.668214747 2.4285714285714284 4
1582113611 5.679285763 1.0 3
1582113950 5.850296977 0.5714285714285714 2
1582114112 5.937905389 2.5714285714285716 4
1582114275 6.212172793 1.4285714285714286 4
1582114442 5.724266389 0.5714285714285714 2
1582114606 5.909103554 1.2857142857142858 4
1582114770 5.810390615 2.6666666666666665 4
1582114935 5.569807637 2.5 4
1582115098 5.746804754 1.0 3
1582115264 5.558682795 0.7142857142857143 2
1582115427 5.595693804 2.5714285714285716 4
1582115591 5.910369894 2.5 5
1582115754 5.666393037 0.7142857142857143 2
1582115918 5.728133011 0.7142857142857143 2
1582116099 5.951357049 1.0 2
1582116315 5.585228017 2.7142857142857144 4
1582116488 8.222584204 1.3333333333333333 4
1582116656 5.80360698 0.8571428571428571 2
1582118975 5.996128131 2.2857142857142856 5
1582119139 5.397115877 2.1666666666666665 4
1582119307 6.042422844 1.2857142857142858 2
1582119473 5.534061809 0.5 1
1582119659 5.732670834 1.0 2
1582119822 5.803646695 1.5714285714285714 3
1582119993 5.435938314 1.3333333333333333 3
1582120165 5.719556432 1.2857142857142858 3
1582120890 5.589242015 0.5 2
1582121057 6.016662944 0.7142857142857143 2
1582121301 5.508535518 3.0 5
1582121463 5.644043411 0.8571428571428571 2
1582125206 5.651086644 1.3333333333333333 3
1582125365 5.443046731 1.0 3
1582125849 6.039338589 2.7142857142857144 5
1582126016 5.929903987 0.42857142857142855 1
1582126184 6.24090555 1.25 3
1582126345 5.876525025 1.4285714285714286 4
1582126513 5.742807716 2.1666666666666665 4
1582126674 5.698404793 1.8571428571428572 5
1582126841 5.902049337 0.2857142857142857 1
1582127003 5.887425653 1.4285714285714286 3
1582127164 6.129890907 2.4285714285714284 4
1582127333 5.707900866 0.5714285714285714 2
1582127499 5.683397089 0.8571428571428571 2
1582127663 5.970560389 1.2857142857142858 3
1582127828 5.377561656 2.8333333333333335 4
1582127988 5.781454292 0.8333333333333334 3
1582128154 5.611455666 0.6666666666666666 2
1582128333 6.269916425 1.5714285714285714 3
1582128494 5.792159288 2.4285714285714284 4
1582128657 5.783705482 0.42857142857142855 2
1582128823 5.51339775 0.7142857142857143 2
1582128986 5.785383382 1.5 3
1582129158 5.770950824 1.4285714285714286 3
1582129317 5.552627902 0.5 2
1582129478 5.871423566 1.0 3
1582129642 5.621892132 2.142857142857143 5
1582185064 5.747677449 0.2857142857142857 1
1582185246 5.55688319 0.8333333333333334 3
1582185980 5.664071231 1.8571428571428572 4
1582186140 5.608571614 1.5714285714285714 3
1582186303 21.954308766 2.5 4
1582186873 5.689677112 1.5714285714285714 3
1582187837 5.775210252 2.0 4
1582187995 5.851685547 2.2857142857142856 5
1582188154 5.710941611 1.1428571428571428 3
1582188315 5.779279162 1.4285714285714286 3
1582193766 5.644403247 2.857142857142857 5
1582193929 6.11969533 2.4285714285714284 4
1582194094 5.749198433 0.6666666666666666 2
1582194249 5.611105806 1.1428571428571428 3
1582194411 5.505745678 2.4285714285714284 4
1582194576 5.654649304 0.8333333333333334 3
1582194736 5.643737887 0.6666666666666666 2
1582194905 5.5422535 2.142857142857143 4
1582195066 5.850242794 3.1666666666666665 5
1582195227 5.716627591 0.8333333333333334 2
1582195721 5.902357341 0.42857142857142855 2
1582195881 5.648966687 2.7142857142857144 4
1582196039 5.684393083 2.0 4
1582196199 5.754601182 0.5714285714285714 2
1582196358 5.756061591 0.42857142857142855 2
1582196517 5.768391778 2.5714285714285716 4
1582196676 5.85385605 2.6666666666666665 4
1582196835 5.815511996 0.8571428571428571 3
1582196997 5.529034917 0.5714285714285714 2
1582197163 5.503961368 2.2857142857142856 4
1582197320 5.679931947 0.8571428571428571 2
1582197486 5.574367129 0.7142857142857143 2
1582197658 5.859238917 1.5 4
1582197815 5.75081491 2.4285714285714284 4
1582197973 5.975855671 1.0 2
1582198130 5.334872664 0.8333333333333334 2
1582198292 5.622935834 2.8333333333333335 4
1582198449 5.604052603 2.5 5
1582198730 5.565870109 0.6666666666666666 2
1582199079 5.687996644 0.8333333333333334 2
1582631386 5.592494755 0.2857142857142857 2
1582631547 5.736302183 1.1666666666666667 3
1582631703 5.546929597 2.5 5
1582631860 5.646983189 0.6666666666666666 2
1582632016 5.558558103 0.2857142857142857 1
1582632174 6.277905052 2.142857142857143 4
1582632334 5.658670459 2.2857142857142856 3
1582632497 5.733898595 0.5 2
1582632656 5.794410666 0.2857142857142857 1
1582632817 5.442434196 2.1666666666666665 4
1582884515 5.743474945 1.0 2
1582884694 5.757655066 2.2857142857142856 3
1582884863 5.920098772 1.7142857142857142 3
1582885027 5.831719508 2.5714285714285716 4
1582885191 5.971400955 1.5714285714285714 3
1582885352 5.910470182 1.0 2
1582885513 5.805274902 1.5714285714285714 3
1582885675 5.775663673 2.5 5
1582885839 5.898688201 0.42857142857142855 1
1582885996 5.931546103 0.8571428571428571 2
1574707078 5.845079433 0.0 0
