1569849942 4.518845419
1569850146 4.479683845
1569849942 4.518845419
1569850146 4.479683845
1569850960 4.121555333
1569851166 4.008825825
1569851515 4.577626598
1569851722 4.633592339
1569851951 4.900015923
1569852181 4.724055637
1569852418 4.65453889
1569852635 4.504288544
1569853026 4.688958099
1569853338 4.695631148
1569853578 4.622904384
1569854219 4.815828899
1569855178 18.596355398
1569855625 4.386599934
1570446949 4.60138234
1570448042 4.575973846
1570448769 4.462709264
1570449238 4.394654589
1570449667 5.210173887
1570543064 4.930817946
1570543425 5.234702818
1570543627 4.569211613
1570544556 4.8089817
1570545017 4.595405195
1570545227 4.760216785
1571322936 4.73510339
1571323258 4.641698947
1571323651 4.512260249
1571324052 4.605854517
1571324452 4.557214529
1571325059 4.562317682
1571325255 4.620879129
1571325455 4.5277452
1571325659 4.524804984
1571325858 4.529355057
1571326058 4.677294014
1571326749 4.562505599
1571326961 4.604886053
1571327169 4.612062726
1571327383 4.574228519
1571327773 4.52041527
1571328164 4.476420316
1571328555 4.617707967
1571328946 4.646288628
1571329338 4.547748628
1571329931 4.392911342
1574710632 3.595159907
1574707053 3.449774559
1574708716 3.465325582
