1569854538 2.901848211
1569856002 2.773705031
1571330234 2.865649701
1571766591 2.895734549
1571767373 2.989847342
1572537481 2.338629503
1572538138 2.346051706
1572538798 2.399362171
1572539450 2.40330853
1572540098 2.376798496
1572541003 2.506961212
1572541657 2.467417674
1572542305 2.341653921
1572542952 2.430876557
1572543617 2.428229544
1572871372 2.33459692
1572872021 2.438420358
1572872698 2.415477335
1572873352 2.351334957
1572874005 2.288540605
1572875067 2.310056222
1572875928 2.34725912
1572877154 2.337148818
1572877803 2.351487329
1572879048 2.391084698
1572967438 2.43417265
1572968095 2.357143855
1572969397 2.29863857
1572970058 2.331244437
1572970708 2.343477271
1572971360 2.556034327
1572972023 2.351931568
1572972681 2.397636863
1572973397 2.377847039
1572974047 2.36311433
1572974698 2.349307937
1573208982 2.337261032
1573209637 2.397962363
1573210311 2.428530228
1573210980 2.378952967
1573211638 2.339930379
1573212287 2.318165987
1573212938 2.325966377
1573213588 2.391380879
1573214261 2.38198392
1573214918 2.571481532
1573310434 2.087497239
1573311055 2.131333697
1573311669 2.050896187
1573312374 2.129627236
1573312985 2.139338403
1573313611 2.084031022
1573314244 2.09953433
1573314857 2.133675487
1574696466 2.10189847
1574697047 1.968952838
1574697637 2.079585701
1574698211 2.054121426
1574698796 2.094453593
1574709582 2.097615588
1574710869 1.965925205
1574710869 1.965925205
