1569850056 2.217772257
1569850056 2.217772257
1569850817 2.124521225
1569851279 2.219277955
1569851629 2.311591834
1569851842 2.646863358
1569852071 2.249621543
1569852296 2.033296296
1569852532 2.091257394
1569853171 2.215689386
1569853461 1.784319753
1570543179 2.479551213
1570543542 2.123351232
1570543753 2.010414662
1570544669 2.526460932
1570544928 2.100164505
1570545129 2.415100592
1570545345 2.683915317
1571323053 2.361118654
1571325170 2.265844115
1571325367 2.012249637
1571325572 2.355095914
1571325772 2.221287876
1571325968 2.471897838
1571327076 2.179502289
1571327286 2.106274285
1571395962 2.49935076
1571396159 2.996941451
1571396356 3.224033036
1571396555 2.870624893
1571396754 2.628857626
1571396980 2.60549841
1571397185 2.947494694
1571397386 2.865567202
1571397583 2.392518187
1571397780 2.988546266
1571405028 2.281511158
1571405227 2.863823328
1571405424 2.446864632
1571405856 2.722865944
1571409074 2.302800124
1571409277 2.326605552
1571409478 2.303892935
1571409695 2.548772515
1571664497 4.430335846
1571665222 2.505592286
1571665417 2.442706415
1571665611 2.444580613
1571665806 2.495537675
1571668223 2.258972715
1571668422 2.474054578
1571668626 2.35851628
1571668821 2.723501934
1571669021 2.483795242
1571752094 2.491020194
1571752290 1.829543378
1571752694 2.387470966
1571752890 2.327162469
1571753085 2.318160624
1571753282 2.300148742
1571753479 2.068038647
1571753677 2.321101909
1571753874 2.297529117
1571760232 1.868469668
1571760429 2.309702098
1571760631 2.401466045
1571761029 2.449924792
1571761237 2.427610091
1571761436 2.39265143
1571761631 2.227648754
1571761827 2.463822285
1571762034 2.432366795
1572003533 2.348227893
1572003729 1.980221384
1572003927 2.093998562
1572004123 2.484028276
1572004319 2.700067995
1572004915 2.303836992
1572005113 1.937298643
1572011314 2.234424665
1572011511 2.212848717
1572011905 2.519240147
1572012101 2.261258809
1572012298 2.695606637
1572012493 2.566443105
1572012687 2.100684651
1572012882 2.813461289
1572013076 2.456587733
1572265730 2.056302032
1572265935 2.363686437
1572266334 2.483259082
1572266535 2.336635449
1572266733 2.082093103
1572274190 1.708449155
1572274532 1.784574802
1572274704 1.852519208
1572274872 2.099801386
1572275042 1.576815043
1572275732 2.011215949
1572361351 2.411973106
1572361547 2.335260041
1572361936 2.100086941
1572362135 2.303245037
1572362329 2.343553871
1572362725 2.458235914
1572362920 2.610540182
1572363115 2.367652972
1572366981 1.881057212
1572367321 1.973745812
1572532467 1.924983715
1572532872 2.471262759
1572544569 1.658653051
1572544909 1.572371016
1572545081 1.897602946
1574707143 1.55188923
