1569854502 4.980391746
1569855928 4.10024627
1571330199 4.743784478
1571766555 4.890982605
1571767338 4.776594509
1572537453 3.929012914
1572538109 3.830312317
1572538769 3.96527042
1572539422 3.971070444
1572540069 3.807221339
1572540974 3.775186195
1572541628 3.837058237
1572542277 3.913750294
1572542924 3.825901223
1572543589 3.931586161
1572871343 3.888284433
1572871993 3.881762592
1572872670 3.848255602
1572873323 3.952561599
1572873977 3.847565472
1572875038 3.902273252
1572875900 3.779328273
1572877125 3.851397195
1572877775 3.895444535
1572879003 5.13953686
1572967410 3.845359346
1572968066 3.81439175
1572969369 3.970777094
1572970029 3.784068582
1572970680 3.814393945
1572971332 3.978179541
1572971995 3.87909007
1572972653 3.926574224
1572973369 3.942877507
1572974018 3.877451674
1572974670 4.01657095
1573208953 3.899432921
1573209608 3.984162442
1573210283 3.874494788
1573210951 3.855195902
1573211610 4.005698973
1573212258 3.794055977
1573212909 4.155686165
1573213560 3.977190123
1573214232 3.971750497
1573214887 3.939597475
1573310407 3.754842778
1573311028 3.652674957
1573311643 3.638823436
1573312347 3.770595086
1573312957 3.656762512
1573313585 3.694318078
1573314217 3.759814226
1573314831 3.711277736
1574696440 3.64086769
1574697021 3.301000665
1574697611 3.832466153
1574698185 3.420708616
1574698770 3.362462752
1574709555 3.493349076
1574710842 3.527889717
1574956193 3.891969319
1574956854 3.788575732
1574957457 3.400299187
1574958035 3.541354629
1574958627 3.522403558
1574959216 3.896527843
1574959820 3.297527423
1574960398 3.621650921
1574961008 3.694931434
1574961645 3.47621418
1575033119 3.950039775
1575033687 3.801049351
1575034278 3.611104106
1575034843 3.735945236
1575035415 3.544302293
1575036438 3.659712074
1575037015 3.587606618
1575037574 3.854957583
1575038575 3.7318252
1575039145 3.788030785
1575120409 3.554834915
1575120972 3.417969945
1575121532 3.46500917
1575122595 3.740482028
1575123152 3.62377654
1575123711 3.724840013
1575124267 3.340629168
1575124835 3.442104753
1575125392 3.499381255
1575125961 3.407507286
1575297710 3.947521428
1575298287 3.618351023
1575298855 3.558332169
1575299434 3.938494452
1575300005 3.549553832
1575300625 3.198935759
1575301195 3.532503342
1575302007 3.571507953
1575390195 3.675923952
1575390761 3.8883759
1575391329 3.495816618
1575391893 3.745384602
1575392703 3.345359665
1575393339 3.433452128
1575393899 3.810518785
1575394465 3.878814505
1575395028 3.648846919
1575395591 3.547378488
1575562426 3.367325416
1575563124 3.729441943
1575563773 3.583683238
1575564368 3.812524507
1575564952 3.281699634
1575565517 3.539885676
1575566087 3.603190781
1575566672 3.431438798
1575567992 3.512349114
1575568598 3.784029986
1579191046 3.501652049
1579191659 3.703354971
1579192224 3.704825913
1579192805 3.634765183
1579193368 4.521088538
1579193960 3.726349217
1579194528 4.174539457
1579195093 3.655830495
1579195684 3.343723709
1579196246 3.852128527
1579359453 3.720180922
1579360029 3.7005957
1579360590 3.890725846
1579361147 3.294652895
1579361702 3.649346493
1579362256 3.461447801
1579362812 3.374578648
1579363378 3.539291337
1579363945 4.163397139
1579364504 3.881982479
1579530423 4.072934146
1579531069 3.528278657
1579532110 3.777012206
1579532811 3.587430183
1579533479 3.594173401
1579534080 3.52786173
1579534766 3.362931802
1579535378 3.540790824
1579535973 3.510310716
1579537029 3.813068818
1580223755 3.754525373
1580224314 3.905491661
1580224869 4.073588077
1580225434 3.442464458
1580225993 3.461410057
1580226578 3.6560087
1580227146 3.786286911
1580227744 3.878806547
1580228325 3.621511423
1580228884 3.588879785
1580312314 3.508572911
1580312894 3.365690535
1580313450 3.443796832
1580314412 3.635059748
1580314970 3.448277063
1580315528 3.80313282
1580316090 3.681025281
1580316792 3.871661005
1580317385 3.632119472
1581942451 3.637101559
1581943653 3.491312722
1581944943 3.579775429
1581945924 3.570282815
1581946494 3.704902628
1581947061 3.561225669
1581947984 3.421834556
1581949080 4.218265354
1582034038 3.822050106
1582035657 4.046987163
1582036265 3.564693452
1582036870 4.138458033
1582037475 4.053584317
1582038065 3.955955058
1582038665 3.706450504
1582041562 4.023334807
1582042167 3.917140276
1582043759 4.084589724
1582044368 3.51268072
1582637976 3.421361003
1582638536 3.757418915
1582639610 3.589843797
1582640790 3.645695471
1582641348 3.408305384
1582641920 3.592312259
1582642487 3.229690408
1582643061 3.77194892
1582643663 3.377172328
1582644219 3.554523557
1582898819 3.698536587
1582899390 3.876138368
1582899959 3.492879231
1582900520 3.707292281
1582902179 3.8026519
1582902825 3.643826242
1582903430 3.703461382
1574710842 3.527889717
