1569850056 2.217772257
1569850056 2.217772257
1569850817 2.124521225
1569851279 2.219277955
1569851629 2.311591834
1569851842 2.646863358
1569852071 2.249621543
1569852296 2.033296296
1569852532 2.091257394
1569853171 2.215689386
1569853461 1.784319753
1570543179 2.479551213
1570543542 2.123351232
1570543753 2.010414662
1570544669 2.526460932
1570544928 2.100164505
1570545129 2.415100592
1570545345 2.683915317
1571323053 2.361118654
1571325170 2.265844115
1571325367 2.012249637
1571325572 2.355095914
1571325772 2.221287876
1571325968 2.471897838
1571327076 2.179502289
1571327286 2.106274285
1574707143 1.55188923
