1569856524 2.900745268
1570448055 125.553876326
1571330596 9.911999447
1571766957 10.67995052
1572538442 10.050601202
1572539099 9.147769903
1572539752 8.956004097
1572540400 8.847390801
1572541311 8.790196888
1572541958 11.097618729
1572542607 9.579664941
1572543253 9.087959947
1572543926 9.082304915
1572871675 9.468495619
1572872324 9.136852965
1572873005 8.95994957
1572873654 11.197195436
1572874311 8.700508039
1572875377 9.072111271
1572876243 9.879211741
1572877457 9.014602372
1572878112 9.366441527
1572879355 8.973343943
1572967742 9.054976178
1572969699 9.362087718
1572970359 8.862919716
1572971010 9.218258574
1572971673 9.036480954
1572972334 9.659007985
1572973047 8.750681663
1572973699 9.184340205
1572974351 8.691992453
1572975006 8.788521612
1573209283 12.201841136
1573209952 9.067355547
1573210616 9.284673664
1573211285 8.844248048
1573211941 8.887991615
1573212589 9.385276436
1573213243 9.070137817
1573213907 10.185404619
1573214566 9.162900857
1573215225 12.11906295
1573218925 26.630190394
1573310728 8.900953362
1573311343 8.749030333
1573311961 8.731141906
1573312660 8.52354284
1573313279 8.852681657
1573313902 9.035518852
1573314530 9.099700575
1573315148 2.612192119
1573741860 10.564498243
1573741978 10.408892477
1573743610 11.648818763
1573743712 9.920675476
1573743810 10.591304321
1573743909 10.77340463
1573744008 10.821544808
1573744104 10.292614911
1573744201 11.270497501
1573744300 9.947966074
1573744396 5.654228921
1573744487 10.235765723
1573744693 10.144429463
1573744806 9.736222919
1573744904 10.2727982
1573745040 11.939793406
1573745224 11.711946079
1573745322 10.050757815
1573745424 10.281791386
1573745521 10.248689404
1573745721 10.403633778
1573745822 12.31725977
1573745921 10.460751693
1573746017 11.478352975
1573746117 11.220939717
1573746215 11.676586063
1573746317 9.995878071
1573746418 10.54532348
1573746515 10.056640812
1573746611 10.058076344
1573748931 10.341852577
1573749027 10.672098993
1573749128 11.097234285
1573749240 10.820173711
1573749334 14.029739871
1573749467 15.690134223
1573749572 9.964890035
1573749672 10.628744419
1573749771 10.246728661
1573749867 10.126566136
1573904511 51.42251755
1574706685 10.522716487
1574709893 10.203321549
1574711150 8.844717076
1575397142 13.468461621
1580229178 2.892859633
1574711150 8.844717076
