1569854646 3.043351055
1569856221 9.383152944
1571330308 2.94238695
1571766664 3.157435968
1571767447 3.292733115
1572537545 2.509475136
1572538199 2.431737877
1572538858 2.603386074
1572539511 2.380223188
1572540159 2.392108804
1572541064 2.517501234
1572541718 2.581276543
1572542366 2.439522935
1572543014 2.571392015
1572543678 2.5204798
1572871432 2.439978554
1572872083 2.506140889
1572872761 2.572038611
1572873413 2.56266641
1572874071 2.686207434
1572875135 2.483948435
1572875989 2.541045932
1572877215 2.511894283
1572877866 2.507080187
1572879110 2.40554365
1572967500 2.541835523
1572968158 2.447996765
1572969458 2.502246587
1572970120 2.441810395
1572970770 2.518022579
1572971431 2.428965258
1572972093 2.51729394
1572972742 2.481670984
1572973458 2.470404416
1572974108 2.511015813
1572974760 2.431545791
1573209042 2.514376235
1573209698 2.557736226
1573210373 2.417449976
1573211041 2.474409419
1573211699 2.515264195
1573212348 2.440231435
1573213001 2.532490349
1573213650 2.476665731
1573214322 2.495034788
1573214980 2.493406974
1573310495 2.466655508
1573311111 2.262528681
1573311726 2.019081113
1573312432 2.125404788
1573313045 2.346298449
1573313671 2.371999335
1573314301 2.2151313
1573314916 2.32650217
1574696523 2.052769213
1574697104 2.167096183
1574697695 2.151171087
1574698267 2.221335223
1574698856 2.288989132
1574709667 2.118571557
1574710926 2.082312815
1574710926 2.082312815
