1569853874 2.776855559
1569855450 3.269986527
1570449955 2.394508908
1571330551 3.155545001
1571766911 3.074117693
1572366063 2.535269832
1572366403 2.817229399
1572370096 2.687014841
1572370426 2.611702447
1572371087 2.55208465
1572371748 2.856972774
1572535122 2.809588313
1572537747 2.733043577
1572538400 2.681483178
1572539059 2.906074071
1572539712 2.770115089
1572540360 2.605931457
1572541270 3.713163994
1572541918 2.88846818
1572542568 2.696053425
1572543214 2.550474689
1572543887 2.796705527
1572871633 2.861636515
1572872285 2.690766876
1572872966 2.740381428
1572873614 2.818489835
1572874272 2.696229
1572875337 2.689721326
1572876196 3.280066675
1572877417 2.805873335
1572878073 2.923644706
1572879315 2.702221388
1572880712 3.072927824
1572967703 2.818691769
1572968359 2.860810076
1572969659 2.684967286
1572970320 2.733933212
1572970970 2.892043525
1572971632 2.688532222
1572972294 3.027263272
1572973007 2.475950079
1572973659 2.708887603
1572974308 2.980768887
1572974966 3.028234738
1573209242 2.696724707
1573209913 2.740992918
1573210573 2.660596699
1573211243 2.656025512
1573211901 2.659252353
1573212549 2.637445311
1573213202 2.403978345
1573213863 2.783889883
1573214525 2.858628667
1573215183 2.52783494
1573306954 2.650348765
1573307609 2.407853303
1573307924 2.775804803
1573308576 2.425964075
1573309545 2.091008298
1573310689 2.643369396
1573311304 2.726957161
1573311923 2.437645173
1573312622 2.509013046
1573313240 2.648154141
1573313863 2.80573469
1573314491 2.422230611
1573315107 2.652572867
1573828466 2.110024239
1573829381 2.001779423
1573829693 2.369024144
1573830558 2.047266391
1573902804 2.035598407
1573903427 2.119163416
1573903740 2.47248941
1573904357 2.209317346
1574688125 2.106066056
1574688444 2.176054736
1574692136 2.08143976
1574692451 2.094363266
1574693688 1.887083932
1574694015 2.12059322
1574694439 2.213881819
1574694763 2.318248456
1574695318 2.153597532
1574695966 2.126050959
1574696703 1.997947322
1574697282 2.196839976
1574697875 2.203407598
1574698445 2.238312264
1574699033 2.575217807
1574707290 9.723333306
1574708905 2.282690338
1574709854 2.636145413
1574711111 2.739892568
1574711111 2.739892568
1574708905 2.282690338
