1569849939 13.330746592
1569850143 13.422402747
1569849939 13.330746592
1569850143 13.422402747
1569851512 13.261642138
1569851719 13.55734135
1569851949 13.615261786
1569852178 13.871347951
1569852415 13.325035626
1569852632 13.374129268
1569853023 13.577702653
1569853335 13.495258977
1569853575 13.307435607
1569854216 13.665299647
1569855622 13.941373036
1570446947 13.157065161
1570448039 13.368291078
1570448766 13.131733602
1570543421 15.499259205
1570543625 13.249833532
1570544554 13.4458601
1570545014 13.152560022
1571322933 13.567742237
1571323255 13.215717095
1571323648 13.206617772
1571324050 13.314227746
1571324449 13.222549372
1571325056 13.227398887
1571325252 13.151131382
1571325451 13.379105299
1571325656 13.185589689
1571325855 13.15140051
1571326055 13.214032506
1571326746 13.267851626
1571326958 13.225769146
1571327166 13.238184262
1571327380 13.385468619
1571327770 13.174431909
1571328161 13.19148356
1571328552 13.176466359
1571328943 13.344145582
1571329335 13.383851835
1571329928 13.144246323
1571395848 13.189176487
1571396044 13.160343904
1571396241 13.266663974
1571396440 13.333342179
1571396837 13.132926028
1571397066 13.183633153
1571397270 13.228336043
1571397468 13.220158826
1571397666 13.164323346
1571397884 13.363668759
1571398277 13.190744488
1571398671 13.188953904
1571399062 13.272119469
1571399454 13.222691616
1571399850 13.203846479
1571400243 13.337994244
1571400665 13.166005354
1571401064 13.231001196
1571401456 13.117162114
1571404913 13.165446129
1571405113 13.414054514
1571405309 13.580055663
1571405510 13.49905168
1571405742 13.150231637
1571406836 13.092030022
1571407226 13.157478153
1571407620 13.230680087
1571408008 13.093831652
1571408401 13.277103354
1571408931 13.093431477
1571409162 13.172490213
1571409364 13.075076355
1571409562 13.340046072
1571409778 13.258953983
1571664346 13.274876888
1571664889 13.399890599
1571665093 13.28612177
1571665303 13.341965058
1571665498 13.362003839
1571665692 13.384375417
1571665893 13.190732169
1571666284 13.175559795
1571666675 13.130034994
1571667068 13.227562344
1571667505 13.323493659
1571668110 13.255601948
1571668310 13.011725546
1571668514 13.224733598
1571668708 13.241112432
1571668905 13.457642215
1571669157 13.206390399
1571669556 13.302719569
1571751981 13.219953353
1571752176 13.439715688
1571752376 13.211542517
1571752581 13.404525374
1571752775 13.192756606
1571752971 13.290335745
1571753169 13.064413342
1571753366 13.215348969
1571753563 13.312948941
1571753759 13.23170252
1571754068 13.202806032
1571754465 13.435751278
1571754858 13.340664644
1571755260 13.225412972
1571755825 13.215927839
1571756494 13.221323564
1571756905 13.293549169
1571757354 13.080733826
1571757743 13.19372105
1571758143 13.31592633
1571758533 13.183214963
1571760313 13.176454787
1571760515 16.014741328
1571760713 13.324303053
1571760912 13.136585172
1571761124 13.227043841
1571761323 13.115033817
1571761518 13.437077252
1571761713 13.245157786
1571762148 13.287272537
1571762937 13.1291994
1571763325 13.206788634
1571763716 13.273819437
1571764123 14.735217604
1571764534 13.255988095
1571764926 13.167621114
1571765314 13.271413293
1571765706 13.268600401
1571766283 13.216601947
1571767065 13.194986443
