1569853944 4.821694621
1569854970 5.255195266
1569855519 4.86853836
1569856540 3.922563868
1570448194 7.127442463
1570449152 4.511282082
1570449578 4.495954666
1571323565 4.73990571
1571323968 4.773822061
1571324365 4.471174611
1571324758 4.435767002
1571327688 4.623304202
1571328079 4.335869825
1571328470 4.399449657
1571328861 4.567437174
1571329253 4.684112266
1571329642 4.575421158
1571330620 4.641692131
1571398192 4.642027118
1571398588 4.681510791
1571398980 4.569219656
1571399371 4.608103112
1571399763 4.520456082
1571400160 4.67346459
1571400581 4.543953505
1571400979 4.576657746
1571401374 4.659706758
1571407143 4.690318669
1571407536 4.386151743
1571407927 4.595131781
1571408317 4.631910564
1571408709 4.747735234
1571666201 4.508184441
1571666593 4.862847679
1571666985 4.698794609
1571667376 4.355807994
1571667821 4.685767576
1571669472 4.476362552
1571669865 4.761360017
1571754382 4.572853006
1571754773 4.547972011
1571755174 4.658585097
1571755576 4.622916811
1571755996 4.446159823
1571756806 4.577947263
1571757242 4.759599748
1571757661 4.646802895
1571758058 4.581878067
1571758449 4.478587392
1571762453 4.39846965
1571762852 4.644995456
1571763242 4.560365031
1571763633 4.484927831
1571764026 4.449247838
1571764452 4.540738869
1571764843 4.649286178
1571765232 4.744010995
1571765623 4.755847658
1571766013 4.48569711
1571766981 4.746888242
1572007340 4.865718849
1572007735 4.912737804
1572008244 4.701163083
1572008646 4.691394289
1572009041 4.692237448
1572009431 4.65419518
1572009821 4.55253324
1572010212 4.848096124
1572010608 4.48913158
1572010999 4.656895006
1572013562 4.443201122
1572013955 4.736116123
1572014347 4.75218045
1572014736 4.785951849
1572268291 4.597171893
1572269183 4.487846135
1572269598 4.525917566
1572270013 4.363492636
1572270419 4.608683114
1572270813 4.474101297
1572271340 4.398525448
1572272518 3.820631654
1572272853 3.768052416
1572273185 3.819361819
1572273532 3.851559781
1572273867 3.535695115
1572276288 3.879994861
1572276625 3.730841212
1572276958 3.805852189
1572277289 3.876169678
1572277624 3.719333948
1572277983 3.666583543
1572278315 3.884978483
1572278646 3.747808591
1572363705 3.689204239
1572364035 3.660293771
1572364366 3.625102456
1572364698 3.660627704
1572365033 3.653143501
1572365370 3.427506759
1572365748 3.614331914
1572366129 3.750829265
1572366462 3.87979408
1572366795 3.780131336
1574711169 3.311086265
1574708961 3.492290239
