1569850092 2.612457211
1569850092 2.612457211
1569850852 2.655472067
1569851110 2.641521417
1569851319 3.259494865
1569851662 2.963952671
1569851875 2.633877922
1569852103 2.563118452
1569852332 2.620462191
1569852565 2.68327552
1569853210 2.564065622
1569853503 2.737152609
1569853977 3.053159082
1570446697 200.875145864
1570448229 2.524978146
1570543216 2.644925275
1570543789 2.659264899
1570544702 2.302605231
1570544963 2.291526543
1570545162 2.513208262
1570545385 2.598898112
1571322773 112.690277406
1571324790 3.272090274
1571325202 2.387684223
1571325402 2.221022093
1571325604 2.685066579
1571325805 2.525870403
1571326002 2.466121048
1571326905 2.445882091
1571327113 2.457631702
1571327320 4.464154017
1571328111 3.076801599
1571328502 3.156029057
1571328893 3.196859333
1574707167 1.799112964
