1569850814 0.0
1569851276 0.015035579
1569851276 0.0
1569852067 0.0
1569852067 0.045999424
1569852067 0.0
1569852291 0.0
1570543176 0.033329603
1571323049 0.042999917
1571325363 0.044163419
1571325769 0.076465862
1571326288 0.298778698
1571326289 0.092000957
1571397579 0.088709174
1571405654 0.060705017
1571409273 0.043315336
1571409475 0.00846114
1571409475 0.027175348
1571409475 0.04332229
1571665803 0.031217972
1571665803 0.001266416
1571665803 0.035218769
1571669018 0.038109398
1571752887 0.001547129
1571752887 0.04282682
1571760627 0.044349558
1571760823 0.044913896
1571761824 0.035404168
1571761824 0.001934811
1572003923 0.012155016
1572003923 0.051037161
1572003923 0.00156012
1572004911 0.040712823
1572004911 0.001293513
1572011508 0.001375354
1572011508 0.036481415
1572011508 0.054611581
1572011508 0.001833134
1572265132 0.00139143
1572265132 0.037585974
1572265528 0.132378157
1572265528 0.013461319
1572265528 1.5366e-05
1572265528 0.013342993
1572274360 0.043690862
1572274701 0.044301834
1572274701 0.095592979
1572275556 0.001218902
1572275556 0.039410524
1572275556 0.003222917
1572275556 0.025162473
1572275556 0.012612612
1572275729 0.085340291
1572275729 0.001621055
1572361543 0.035650648
1572361737 0.088148836
1572362721 0.01320217
1572362721 0.014657314
1572362916 0.002535924
1572362916 0.039142693
1572367318 0.089897985
1572368182 0.047683325
1572532463 0.035011889
1572532664 0.001558662
1572532664 0.017650347
1572545078 0.001825605
1572870298 0.087929811
1572870480 0.012834588
1572870480 0.050338719
1572870701 0.044334453
1572966135 0.047290545
1572966836 0.046842111
1572966836 1.9509e-05
1573207445 0.002106772
1573208114 0.045875745
1573208114 0.001376267
1573208114 0.100736901
1573220684 0.012073777
1573220684 0.046714501
1573221020 0.043891549
1573221020 0.035384129
1573221021 0.001272744
1573221021 0.020798194
1573221021 0.017089156
1573221351 0.043396577
1573221857 0.043143218
1573222046 0.045575773
1573222216 0.007118396
1573301366 0.043925771
1573301366 0.039810233
1573301548 0.001787948
1573301548 0.040955758
1573301548 0.002061542
1573301902 0.043066093
1573302082 0.042237453
1573302082 0.002258718
1573302249 0.044013801
1573302423 0.006895189
1573302423 0.020806664
1573302775 0.001208286
1573302775 0.043219794
1573302775 0.00150056
1573302775 0.004988757
1573303909 0.001423869
1573303909 0.044268657
1573303909 1.3949e-05
1573303909 0.035792777
1573304400 0.015540174
1573304559 0.043720714
1573304559 0.001193043
1573304559 0.044429096
1573304726 0.044842767
1573753427 0.001017964
1573753427 0.043392393
1573753427 5.5524e-05
1573753427 0.000282843
1573753427 0.018202086
1573754719 0.001440403
1573755041 0.039037662
1573755370 0.042527272
1573755370 0.001321849
1573755527 0.038957622
1573755527 0.001963523
1573755527 0.033381138
1573755840 0.046845892
1573831621 0.001281411
1573831621 0.004878146
1573831780 0.001150657
1573832104 0.05573874
1573832104 0.002218942
1573832104 0.028355622
1573832266 0.008928671
1573832266 0.029060398
1573832266 0.030582353
1573832266 0.050695995
1573832742 0.042558803
1573833413 0.050159419
1573833570 0.001141559
1573833570 0.036625981
1573833728 0.001612995
1573833728 0.003299238
1573833728 0.027892937
1573901102 0.034241511
1573901102 0.001512861
1573901260 0.047810328
1573901260 0.001823024
1573901416 0.045313586
1573901732 0.044916962
1573901887 0.042234812
1573902042 0.044091324
1574685832 0.01307196
1574690251 0.024936105
1574690753 0.042715875
