1569854432 8.864507932
1569855845 5.24071701
1571330135 5.016246232
1571766490 4.958742771
1571767273 4.889955719
1572537399 4.088683376
1572538056 3.914653198
1572538716 3.982139451
1572539369 3.999863276
1572540015 3.934285898
1572540921 4.081337717
1572541575 4.069654285
1572542223 4.10405557
1572542871 3.952443373
1572543536 4.011190447
1572871290 3.966328444
1572871940 3.979435432
1572872617 4.069751566
1572873270 4.102421436
1572873923 4.087700227
1572874985 4.039393932
1572875846 3.999167881
1572877072 4.02301663
1572877721 4.004319654
1572878949 3.895247638
1572967356 4.016706921
1572968013 4.084115871
1572969315 3.975945257
1572969976 3.966718889
1572970626 4.035626866
1572971276 4.47023508
1572971939 4.119614851
1572972599 4.050341952
1572973312 4.014581565
1572973965 3.968640729
1572974616 3.964888221
1573208898 4.171621377
1573209553 4.000808384
1573210228 4.034938055
1573210898 4.098681888
1573211554 3.969715385
1573212203 3.997116166
1573212855 3.832411962
1573213506 3.976354777
1573214177 3.974523289
1573214832 4.13172129
1573310356 3.681810638
1573310978 3.755248917
1573311593 3.797316895
1573312298 3.77505376
1573312907 3.626017446
1573313535 3.887625095
1573314167 3.926384574
1573314782 3.635205112
1574696391 4.152646912
1574696972 3.621472519
1574697562 3.707779363
1574698136 3.586658662
1574698722 3.502727765
1574709506 3.631674082
1574710792 3.588735135
1574956145 3.53877702
1574956805 3.726197456
1574957408 3.744268602
1574957986 3.406728257
1574958578 3.60009345
1574959167 3.758544205
1574959770 3.466309283
1574960348 3.659181113
1574960960 3.610664487
1574961597 3.553329005
1575033069 3.547387452
1575033637 3.513564623
1575034228 3.793608957
1575034795 3.467389233
1575035366 3.581945125
1575036388 3.607354663
1575036965 3.662746083
1575037524 3.667338137
1575038527 3.518286845
1575039096 3.804504513
1575120359 3.803445125
1575120923 3.589135978
1575121483 3.596272494
1575122546 3.74575032
1575123103 3.451247785
1575123663 3.624139151
1575124218 3.800576039
1575124786 3.575982735
1575125343 3.638491529
1575125912 3.457092275
1575297659 3.558214719
1575298238 3.586591831
1575298807 3.59563603
1575299384 3.718533275
1575299956 3.499649518
1575300576 3.408276056
1575301147 3.579568156
1575301958 3.826443399
1575390144 3.694495095
1575390711 3.503650808
1575391280 3.801824068
1575391845 3.684629677
1575392654 3.451727567
1575393290 3.712396564
1575393850 3.652353764
1575394416 3.551222199
1575394980 3.517328247
1575395542 3.598646728
1575562378 3.562215848
1575563076 3.548277593
1575563724 3.774567583
1575564320 3.628132634
1575564903 3.487977779
1575565469 3.627652798
1575566038 3.490674739
1575566623 3.504072754
1575567943 3.582139805
1575568549 3.631804967
1579190996 3.575408655
1579191610 3.7100335
1579192175 3.773647694
1579192755 3.846871689
1579193319 3.416925793
1579193911 3.638514361
1579194478 3.706168753
1579195044 3.581430706
1579195635 3.58984749
1579196198 3.400390407
1579359404 3.539664894
1579359978 3.667909361
1579360541 3.710952718
1579361098 3.73989394
1579361654 3.704415168
1579362208 3.491341373
1579362764 3.544593972
1579363329 3.845971305
1579363896 3.703643029
1579364455 3.648206383
1574710792 3.588735135
