1569849999 9.720388104
1569850203 9.883787278
1569849999 9.720388104
1569850203 9.883787278
1569850734 10.715245328
1569851016 10.117847936
1569851222 9.818679834
1569851572 9.886180896
1569851779 15.415242836
1569852008 9.982064056
1569852238 9.877901551
1569852475 9.828713603
1569853083 10.836292611
1569853397 10.380779537
1570543123 9.940479233
1570543485 9.909854563
1570543696 9.117072067
1570544612 9.857511417
1570544871 9.484821901
1570545072 9.936327907
1570545289 10.147243702
1571322996 9.620058314
1571325114 9.830810521
1571325310 9.895188871
1571325515 9.907201165
1571325716 9.941310674
1571325912 9.976236436
1571326113 9.719549391
1571326804 9.854289404
1571327020 9.831808323
1571327228 10.301353625
1571395905 9.992291365
1571396101 11.232589586
1571396298 10.007716165
1571396498 10.535809576
1571396696 10.738571465
1571396924 9.625093875
1571397128 10.02804249
1571397330 9.653197615
1571397526 9.725194215
1571397723 9.891655564
1571404972 9.875018506
1571405170 9.5650835
1571405368 9.838461848
1571405596 10.035975351
1571405800 10.07530204
1571409018 9.827747516
1571409220 9.692658929
1571409421 9.939392511
1571409638 9.891025756
1571409836 10.096450719
1571664404 9.843602538
1571664945 11.741849286
1571665149 9.980662888
1571665360 10.073080968
1571665554 9.632855327
1571665749 10.282357287
1571668167 10.103750089
1571668366 9.81066615
1571668570 9.541450929
1571668764 9.857969911
1571668964 10.451064088
1571752038 9.724990448
1571752233 10.001315753
1571752433 9.209696807
1571752637 9.696234385
1571752832 10.06742564
1571753028 9.979291535
1571753225 10.149565938
1571753422 9.908578683
1571753620 9.758076293
1571753817 9.421346465
1571760175 9.653887954
1571760370 9.578290999
1571760574 9.767543521
1571760770 9.379699424
1571760972 9.658601623
1571761180 10.032167322
1571761379 9.751204507
1571761574 9.921883412
1571761770 9.748460003
1571761978 9.896121378
1572003281 9.659270285
1572003477 10.288703776
1572003673 9.604945382
1572003871 9.57205082
1572004067 9.915516427
1572004263 9.926987378
1572004457 9.845417742
1572004656 9.539221583
1572004858 10.101636704
1572005057 9.538728413
1572011258 9.951360687
1572011455 9.52050375
1572011651 9.556952297
1572011848 9.784351959
1572012044 9.750964139
1572012242 9.677979169
1572012436 10.032812434
1572012631 9.722894971
1572012826 9.536158091
1572013020 9.986797041
1572265079 9.68882779
1572265276 10.052361845
1572265474 9.480471046
1572265673 9.891005104
1572265878 10.211322291
1572266080 9.540624359
1572266277 9.206457721
1572266477 9.670287026
1572266677 9.931822756
1572266879 9.721571849
1572274142 9.077332011
1572274483 9.36029731
1572274656 9.317660419
1572274823 9.249758726
1572274993 9.157748517
1572275165 9.362111691
1572275341 9.309278673
1572275511 9.042027821
1572275684 9.158598904
1572361293 9.875628969
1572361489 10.543395994
1572361685 9.480438699
1572361880 9.735108265
1572362079 9.340752078
1572362273 9.528828905
1572362469 9.536423077
1572362668 9.720361206
1572362863 9.580002113
1572363059 9.745495679
1572366933 9.449372482
1572367101 9.476411071
1572367271 10.311712841
1572367439 9.120917331
1572367621 10.258541458
1572367799 9.07689977
1572367968 8.947155524
1572368137 8.956483845
1572368303 9.655098548
1572368468 9.190526839
1572532410 9.594763387
1572532610 10.379005617
1572532816 9.598666524
1572544521 9.027815278
1572544689 9.071377994
1572544860 9.537967415
1572545032 9.623401122
1572545206 9.463888544
1572870033 11.160501427
1572870252 9.541870739
1572870433 10.71801234
1572870655 9.478793868
1572870825 9.212901214
1572965414 9.397335975
1572965581 9.679433342
1572965748 10.019868358
1572965918 9.433999271
1572966256 9.379839986
1572966427 9.653442008
1572966611 9.186004581
1572966790 9.439045797
1572966954 9.072329792
1573207062 9.38210605
1573207230 9.121765325
1573207399 9.237192166
1573207564 9.157206753
1573207734 9.48817814
1573207902 9.56036551
1573208069 9.189096109
1573208234 9.435834334
1573208402 9.386805157
1573208568 9.376372941
1573220303 9.378929304
1573220470 9.376672776
1573220638 9.165963326
1573220807 9.20723674
1573220975 9.358690634
1573221142 9.25898656
1573221306 9.289258476
1573221476 9.348869604
1573221643 8.965754464
1573221812 9.295252435
1573222000 9.422897739
1573222171 9.225052492
1573222338 9.183239976
1573222504 9.187456511
1573222674 9.281926146
1573301152 9.139160526
1573301321 9.02356883
1573301502 9.167764895
1573301670 9.568975299
1573301857 8.988624552
1573302035 10.566823132
1573302203 9.437409055
1573302378 9.500106686
1573302547 9.604628725
1573302728 10.2247188
1573304030 9.047032798
1573304190 9.434653306
1573304357 9.100193698
1573304682 9.472645226
1573304841 9.091695344
1573305001 9.191514171
1573305163 9.280062924
1573305323 9.411213518
1573752495 9.390881604
1573752753 9.701210086
1573753542 9.414939918
1573753695 9.277984658
1573753857 9.619235167
1573754677 9.686479209
1573754837 9.075016163
1573755164 9.542375461
1573755639 9.485774667
1573755797 9.385779095
1573755956 9.055191506
1573831421 9.133983389
1573831579 9.145328792
1573831909 9.570477474
1573832061 9.300378473
1573832544 9.547658377
1573832699 9.499883626
1573833050 9.647018148
1573833206 9.47274155
1573833685 9.459934093
1573901059 9.995918148
1573901374 8.638400125
1573901529 9.164151092
1573901690 9.365088205
1573901844 9.091948574
1573902315 9.21530205
1574685788 10.677073696
1574685978 10.802935849
1574686150 9.32497093
1574686310 11.771614228
1574686469 9.487931391
1574686635 9.468016304
1574686799 9.423736613
1574686985 9.468663291
1574687324 9.435228897
1574689653 10.096346963
1574689869 9.95582314
1574690039 9.093525235
1574690208 9.747530662
1574690537 9.59148213
1574690709 10.472808261
1574690868 9.364463551
1574691053 9.394380854
1574691232 9.442036563
1574706854 9.104182999
1574707096 9.394101532
1574707096 9.394101532
