1569850040 3.414799173
1569850244 3.177375997
1569850040 3.414799173
1569850244 3.177375997
1569850801 3.675295652
1569851058 3.502892314
1569851264 3.326552796
1569851613 3.337930738
1569851826 3.349845524
1569852055 3.661706422
1569852279 3.67123908
1569852517 3.256761335
1569853135 4.017044058
1569853444 3.323414772
1570543164 3.277080363
1570543526 3.287555211
1570543736 3.409372954
1570544653 3.252932703
1570544912 3.34447279
1570545113 3.317347348
1570545330 3.256116306
1571323036 3.367033794
1571325155 3.370438483
1571325351 3.399500721
1571325556 3.340968452
1571325756 3.338207782
1571325953 3.335610567
1571326161 4.741795619
1571326845 3.361158404
1571327060 3.41564753
1571327269 3.436728076
1571395946 3.238696989
1571396143 3.413625763
1571396339 3.305978505
1571396539 3.235161684
1571396739 3.287334898
1571396964 3.384269793
1571397169 3.440730861
1571397370 3.288079704
1571397567 3.192996169
1571397764 3.356476762
1571405013 3.275483643
1571405211 3.343920256
1571405408 3.319951502
1571405637 3.24242085
1571405841 3.292798302
1571409059 3.334832034
1571409261 3.334610978
1571409463 3.127625136
1571409679 3.319976553
1571409878 3.374051205
1571664469 17.589292744
1571664992 3.423420442
1571665190 3.233027223
1571665401 3.386359133
1571665595 3.280650643
1571665791 3.31662996
1571668208 3.182206933
1571668406 3.372253728
1571668610 3.247169544
1571668805 3.411270286
1571669006 3.367819909
1571752078 3.448779256
1571752274 3.445931342
1571752473 3.300011222
1571752678 3.33543215
1571752873 3.290444171
1571753069 3.273085784
1571753266 3.316629195
1571753463 3.308010436
1571753660 3.327583786
1571753858 3.274687493
1571760216 3.408064979
1571760413 3.24116344
1571760615 3.332073061
1571760811 3.267373332
1571761013 3.334150566
1571761221 3.28784352
1571761420 3.322988609
1571761615 3.190891526
1571761811 3.288158718
1571762019 3.235041583
1572003322 3.446065313
1572003518 3.353937465
1572003713 3.296095628
1572003911 3.33636306
1572004108 3.153193465
1572004304 3.247883926
1572004498 3.386432507
1572004697 3.292167099
1572004899 3.327823575
1572011299 3.340277867
1572011496 3.414115725
1572011691 3.313488793
1572011889 3.399159614
1572012085 3.409300775
1572012283 3.231997223
1572012477 3.241908563
1572012671 3.401241326
1572012866 3.296340117
1572013061 3.336205283
1572265120 3.224996248
1572265317 3.338711557
1572265516 3.295526089
1572265714 3.328057037
1572265919 3.306445036
1572266121 3.324484324
1572266318 3.292759855
1572266519 3.293184084
1572266717 3.208355718
1572266920 3.496011963
1572274176 3.000525239
1572274349 2.596883177
1572274517 2.770022628
1572274690 2.734637698
1572274858 2.981204545
1572275027 2.821547768
1572275199 2.634444084
1572275377 2.644622256
1572275545 2.685001078
1572275718 2.897225719
1572361336 3.34819367
1572361531 3.406391904
1572361726 3.187148397
1572361920 3.553983669
1572362119 3.335393008
1572362313 3.445273356
1572362509 3.321215841
1572362709 3.334572819
1572362904 3.634223101
1572366967 2.593889265
1572367135 2.731487074
1572367307 2.673529555
1572367473 2.821566398
1572367656 2.987767039
1572367833 2.679621356
1572368002 2.728671663
1572368171 2.703704479
1572368338 2.764135293
1572368503 2.786922794
1574707128 2.573799365
