1569854399 2.899528687
1569855812 2.998797587
1571330102 2.886214701
1571766458 2.87810331
1571767240 2.892236328
1572537372 2.387618759
1572538029 2.299359388
1572538689 2.272157854
1572539342 2.259216737
1572539989 2.181319495
1572540895 2.227031311
1572541548 2.310853065
1572542197 2.382451172
1572542844 2.179377259
1572543509 2.310118068
1572871263 2.298469184
1572871913 2.307704075
1572872590 2.327690122
1572873243 2.295095037
1572873896 2.355879361
1572874958 2.373500376
1572875820 2.311685324
1572877045 2.383981257
1572877695 2.239667829
1572878923 2.312975067
1572967329 2.214675368
1572967987 2.312142985
1572969289 2.248399752
1572969949 2.40360345
1572970600 2.21132665
1572971249 2.342813581
1572971912 2.344279598
1572972572 2.242419869
1572973286 2.306111431
1572973938 2.256655705
1572974589 2.348600097
1573208872 2.248244942
1573209527 2.214658549
1573210201 2.455763472
1573210871 2.327198553
1573211528 2.274078754
1573212177 2.308011391
1573212828 2.204723661
1573213480 2.301914914
1573214150 2.25043078
1573214805 2.267204727
1573310331 2.298228866
1573310954 2.04887147
1573311569 1.911472561
1573312273 1.996471397
1573312882 2.222671276
1573313510 2.365836347
1573314142 1.972287361
1573314757 1.949928058
1574696367 2.15715824
1574696945 1.916688136
1574697536 2.227652642
1574698113 2.08853114
1574698698 2.129030338
1574709481 2.167321417
1574710768 2.148654531
1574956121 2.096829111
1574956693 2.392472738
1574957385 1.879802429
1574957961 2.00188961
1574958554 2.26546086
1574959143 2.30380921
1574959745 2.292717577
1574960324 2.077737925
1574960936 2.044545278
1574961573 2.089913585
1575033044 2.311765518
1575033613 2.305510513
1575034204 2.376859517
1575034770 2.132723173
1575035342 2.089063634
1575036364 2.217480072
1575036941 2.084264951
1575037500 2.091092095
1575038503 1.913931815
1575039071 2.084904378
1575120335 2.130335013
1575120899 2.162588126
1575121459 2.166039329
1575122522 1.960321358
1575123079 1.993167482
1575123639 2.126152851
1575124194 2.066202322
1575124762 1.956877309
1575125319 2.085401787
1575125887 2.268527959
1575298213 2.065800412
1575298780 2.341568394
1575299359 2.134625529
1575299932 2.435527833
1575300552 2.012233799
1575301123 2.044855271
1575301933 2.095255931
1575390119 2.34015475
1575390687 2.391869783
1575391255 2.421409482
1575391821 2.044156944
1575392630 2.121655025
1575393265 2.196553946
1575393827 1.956355221
1575394392 2.292048224
1575394955 2.244835333
1575395518 2.220486888
1575562354 2.014806044
1575563052 2.146776436
1575563699 2.384299264
1575564296 1.969256981
1575564880 2.009261304
1575565445 2.210435355
1575566013 2.187353596
1575566599 2.44420714
1575567919 2.055681116
1575568525 2.245915149
1579190972 2.139417407
1579191585 2.143156443
1579192151 2.058947845
1579192731 2.039917512
1579193296 1.935025683
1579193886 2.17944552
1579194453 2.318731965
1579195020 2.034604456
1579195610 2.222272155
1579196174 2.027530583
1579359380 2.005907344
1579359953 2.179121608
1579360517 2.036244374
1579361074 2.190548781
1579361630 1.9992105
1579362184 2.214450353
1579362740 2.011241264
1579363304 1.950861893
1579363872 1.973117615
1579364431 2.019667083
1579530348 2.303941703
1579530995 2.141627118
1579532036 2.185182556
1579532738 2.208658772
1579533403 2.268012209
1579534007 2.041329652
1579534667 1.874363372
1579535304 2.088313989
1579535899 2.172779321
1579536957 2.118783655
1580223681 2.17223892
1580224242 2.015893102
1580224797 2.100545027
1580225360 2.191456938
1580225921 1.963312256
1580226504 2.147471222
1580227072 2.080105343
1580227670 2.267455915
1580228252 2.122038956
1580228811 2.121637809
1580312241 2.071451785
1580312821 2.052375087
1580313377 2.00547654
1580314341 1.964855298
1580314898 1.935273197
1580315455 2.050191496
1580316017 2.178307858
1580316719 2.054250746
1580317307 2.176157515
1581942376 2.095622518
1581943582 2.049335346
1581944869 2.167442519
1581945846 2.018209143
1581946988 1.956966718
1581947909 2.329858437
1581948999 2.463519676
1582033921 2.252307037
1582035577 2.344222266
1582036184 2.420216424
1582037393 2.17222816
1582037990 2.081614621
1582038588 2.003462512
1582041480 2.40433826
1582042090 2.011025718
1582043678 2.431930672
1582044291 2.373758464
1582637904 1.924902033
1582638463 2.070092127
1582639538 2.219239448
1582640715 2.300956515
1582641275 1.993988229
1582641845 2.0487277
1582642413 2.157932826
1582642988 2.184523263
1582643591 2.079805135
1582644146 2.044896906
1582898745 2.079696328
1582899885 2.219108485
1582900449 1.907625535
1582902106 1.984879137
1582902753 2.091525946
1582903350 2.059147006
1574710768 2.148654531
