1569849950 5.405062746
1569850154 5.375679512
1569849950 5.405062746
1569850154 5.375679512
1569850968 5.306819142
1569851174 5.166909607
1569851523 5.269649459
1569851730 5.200616665
1569851960 5.447804192
1569852189 5.483290749
1569852427 5.317336636
1569852643 5.374386517
1569853035 5.382754222
1569853346 5.350647074
1569853586 5.432638882
1569854228 5.282816537
1569855200 5.325656575
1569855633 5.329608396
1570446958 5.233946078
1570448050 5.33962198
1570448777 5.362452331
1570449248 6.101952836
1570449677 39.945255979
1570543073 5.352203479
1570543434 5.368618087
1570543636 5.314141948
1570544565 5.288897722
1570544768 5.2567321
1570545025 5.291912964
1570545235 5.347483852
1571322944 5.436414213
1571323266 5.433701451
1571323659 5.225427151
1571324061 5.44042774
1571324460 5.361756318
1571325067 5.278425976
1571325263 5.336964186
1571325462 5.295606068
1571325667 5.272451692
1571325866 5.3285995
1571326066 5.353331036
1571326757 5.386703416
1571326969 5.327799461
1571327177 5.47852784
1571327391 5.371174217
1571327781 5.36306437
1571328172 5.294845953
1571328563 5.372510841
1571328954 5.711463924
1571329346 5.316614718
1571329939 5.287487166
1574710638 4.303456809
1574707059 4.380208643
1574708722 4.443622572
