1569855435 8.216731744
1570447283 9.857549542
1570449497 7.930725941
1571323484 8.303862454
1571323876 7.856210053
1571324286 7.909074045
1571324678 7.705386482
1571327609 8.012999349
1571327999 7.763331193
1571328390 8.37421364
1571328781 7.671822081
1571329173 8.049538345
1571329563 7.749530002
1571330538 7.63966237
1571398110 7.83595428
1571398507 8.55454454
1571398900 8.159528516
1571399291 7.512101245
1571399684 7.832376451
1571400080 7.883202904
1571400489 8.068366514
1571400900 7.67391538
1571401294 7.986108594
1571401683 7.689318855
1571407064 7.996928154
1571407456 7.904501939
1571407848 8.047108583
1571408236 7.954174153
1571408630 8.236002258
1571666122 7.420234265
1571666513 7.941605278
1571666904 7.709107871
1571667295 7.867669051
1571667740 7.807418316
1571669786 7.489628104
1571754301 7.965036976
1571754694 7.671119903
1571755094 7.687611113
1571755497 8.582512079
1571756726 7.881023234
1571757163 7.910147407
1571757582 7.703726811
1571757977 7.882577656
1571758370 7.683108669
1571758762 7.909053701
1571762375 8.163938159
1571762772 7.518456622
1571763163 7.599132375
1571763552 8.499413273
1571763947 7.986825873
1571764370 8.711501927
1571764762 7.842315479
1571765153 7.31594072
1571765542 7.611046805
1571765934 7.520144748
1571766897 7.660570867
1572007261 7.66458307
1572007654 7.871947391
1572008154 7.96224463
1572008565 7.901108638
1572008960 7.548039313
1572009351 7.765860271
1572009741 7.848984274
1572010132 7.776292764
1572010528 7.759471326
1572010919 7.896174403
1572013483 7.759889599
1572013876 7.694928384
1572014266 7.363340213
1572014657 7.893358294
1572269103 8.189651773
1572269518 8.006697253
1572269933 8.294691565
1572270338 7.963168349
1572270734 7.871476013
1572272450 6.250410526
1572272780 6.682204141
1572273115 6.287406979
1572273461 6.5795787
1572273794 6.563931136
1572276219 6.327626691
1572276555 7.193215898
1572276890 6.238209511
1572277221 6.698940839
1572277556 6.388714157
1572277914 6.669567802
1572278246 6.467630793
1572278578 6.394087181
1572363637 6.448936949
1572363966 6.369809606
1572364296 6.202581168
1572364626 6.309500127
1572364965 6.572392922
1572365301 6.517415385
1572365679 6.276158044
1572366052 6.146859856
1572366393 6.220786637
1572366727 6.54517939
1574711100 6.046420808
1574708895 6.061440271
