1570448671 60.982051115
1571751903 44.717272878
1572000792 2398.351792
1572267863 203.439248067
1572274053 12.722309322
1572275982 13.067799994
1572361112 89.743851874
1572532101 218.803068468
1572869872 84.632106933
1573206912 73.76811771
1573218081 83.755171502
1573303367 12.758452094
1573306378 11.674727137
1573310149 11.954531754
1573740793 1018.620156447
1573748817 76.354756234
1573754594 13.517865573
1574685660 55.973933996
1574705996 650.727361684
1574950685 11.542243381
1575289687 11.100082158
1575291380 1514.536473346
1575396808 186.422795572
1575556476 12.262890715
1579183954 31.856039371
1579522786 11.326205834
1581941939 192.710172157
1582184998 11.597855923
1582189375 61.577335579
