1569853728 5.697582965
1569854369 5.788453301
1569855344 5.750959708
1569855781 5.74318119
1570447110 5.565523168
1570448913 5.723606824
1570449414 5.925187766
1570449851 5.849136283
1571323400 5.897159741
1571323793 6.078573702
1571324196 5.965485832
1571324594 6.139813781
1571327527 3.979057756
1571327916 6.012314682
1571328306 5.951801369
1571328698 6.063210543
1571329089 5.969842676
1571329480 5.884706485
1571330072 5.960270569
1571398028 5.839714678
1571398424 5.949450001
1571398817 5.970386797
1571399208 6.049490908
1571399598 5.884571192
1571399996 6.007795248
1571400389 5.676578855
1571400816 5.963782229
1571401208 5.923012098
1571401600 6.157159944
1571406982 6.029021702
1571407371 6.031985065
1571407764 5.659291339
1571408153 5.95003976
1571408547 5.991604773
1571666039 5.964946308
1571666428 6.054863346
1571666820 5.823077465
1571667213 5.804243763
1571667656 5.946453465
1571669308 5.820972448
1571669701 5.88181001
1571754219 5.920155837
1571754610 5.812675698
1571755010 6.06563133
1571755407 5.863943331
1571756638 6.096464721
1571757069 5.803947039
1571757498 5.872032346
1571757894 5.987859969
1571758287 5.80269433
1571758677 5.844252039
1571762291 5.720512027
1571762688 6.025058272
1571763081 5.821092413
1571763469 6.16597729
1571763863 5.916025738
1571764269 6.021981367
1571764679 6.003639144
1571765070 5.980520453
1571765459 5.983611324
1571765850 5.850535756
1571766428 5.848023769
1571767210 6.203425353
1572007177 5.958761633
1572007569 5.790649934
1572008071 5.973917143
1572008474 14.106679384
1572008874 6.092358894
1572009269 5.717999256
1572009658 5.895395492
1572010050 5.916799708
1572010445 6.181735673
1572010836 5.760812889
1572013399 5.782710006
1572013792 5.910462596
1572014183 5.904467723
1572014573 5.972117794
1572014964 5.762400383
1572269015 5.703610119
1572269435 5.977536679
1572269849 5.959371635
1572270256 6.012291596
1572270650 5.928230703
1572271136 5.770612309
1572272379 4.974915961
1572272709 5.2112813
1572273044 5.350751193
1572273391 5.109314073
1572273723 5.27163734
1572276147 5.207898679
1572276484 5.210624664
1572276819 5.317010253
1572277150 5.267995254
1572277485 5.456539052
1572277844 5.160422559
1572278176 5.366165909
1572278508 5.39525826
1572363566 4.985500969
1572363896 5.357425801
1572364226 5.220711373
1572364556 5.314797736
1572364894 5.352119597
1572365231 5.300145926
1572365608 5.257655978
1572365982 5.415340095
1572366323 5.297648892
1572366657 5.171081121
1572369685 5.237473487
1572370015 5.143749666
1572370345 5.301532589
1572370678 5.164512303
1572371006 5.284447802
1572371339 5.16359291
1572371668 5.20694569
1572371999 5.213287471
1572372328 5.369924347
1572372658 5.039367017
1572533669 5.070169515
1572534013 5.164477781
1572534362 5.301479156
1572534702 5.363409073
1572535036 5.176517371
1572535384 5.329939855
1572535714 5.331127856
1572536049 5.364504934
1572536412 5.171173883
1572536748 5.292534823
1572537346 5.327758278
1572538003 5.518399292
1572538663 5.371550261
1572539316 5.180036828
1572539963 5.248639034
1572540869 5.189384446
1572541523 5.353814167
1572542171 5.130359698
1572542818 5.179000691
1572543483 5.261335771
1572871237 5.415364613
1572871887 5.32266353
1572872565 5.404658999
1572873218 5.226945969
1572873870 5.407201266
1572874932 5.067969883
1572875794 5.38369844
1572877019 5.296743812
1572877669 5.358549858
1572878897 5.216153233
1572880294 5.26670239
1572880630 5.439975755
1572880975 5.390298147
1572881313 5.24578988
1572881646 5.209230768
1572881978 5.358766074
1572882308 5.39568459
1572882699 5.178242587
1572883051 5.549099149
1572883389 5.320346638
1572967303 5.319641103
1572967961 5.402985409
1572969262 5.28843288
1572969923 5.330244838
1572970573 6.075765939
1572971224 5.175383959
1572971886 5.391026348
1572972547 5.377134322
1572973259 5.384574878
1572973912 5.424752549
1572974564 4.99176534
1572975286 5.251380094
1572975618 5.363852525
1572975985 5.216913745
1572976367 5.283081892
1572976699 5.029806294
1572977028 5.357581312
1572977391 5.315334908
1572977721 5.209954272
1572978068 5.224214921
1573208846 5.287602521
1573209501 5.176609815
1573210176 5.402477768
1573210845 5.430074521
1573211502 5.336457461
1573212151 5.341277815
1573212802 5.401508636
1573213454 5.285761582
1573214125 5.326471473
1573214779 5.059237917
1573218313 5.33556465
1573218645 5.199621316
1573306556 5.273419619
1573306872 5.39650932
1573307210 4.995235381
1573307531 5.297605964
1573307847 5.634212573
1573308167 5.117247578
1573308494 5.168168475
1573308814 5.251173625
1573309135 5.045999464
1573309467 5.285022609
1573310306 5.512216105
1573310929 5.032347556
1573311544 5.058238201
1573312248 5.341689499
1573312857 5.308346841
1573313485 4.647415119
1573314117 5.420014111
1573314732 5.347751826
1573828080 5.404388948
1573828389 5.458419579
1573828699 5.02699881
1573829003 4.979577285
1573829308 5.254784378
1573829617 4.880930838
1573830174 5.019793491
1573830484 5.170735417
1573830790 5.124816206
1573831097 5.099799382
1573902731 4.988786198
1573903040 5.23805961
1573903351 5.459145821
1573903663 5.113743144
1573903973 5.172075405
1573904282 5.194692498
1574688050 4.252159823
1574688368 4.849222129
1574692059 4.225052442
1574692375 4.805082781
1574693291 4.259336499
1574693606 4.702351196
1574693938 4.508871676
1574694361 4.586480769
1574694687 4.266382664
1574695241 4.699279401
1574695582 4.556966567
1574695892 4.568209498
1574696348 3.963932852
1574696925 4.03388368
1574697517 4.357728775
1574698095 3.992013503
1574708133 4.431075588
1574708829 4.605889498
1574709457 5.040552361
1574710744 4.830475416
1574710744 4.830475416
1574708829 4.605889498
