1569849999 9.542723973
1569850203 9.419323491
1569849999 9.542723973
1569850203 9.419323491
1569850734 10.287482277
1569851016 9.81800141
1569851222 9.516515374
1569851572 9.413326262
1569851779 14.480715318
1569852008 9.180185374
1569852238 9.625141505
1569852475 9.650834696
1569853083 10.365726502
1569853397 10.081536189
1570543123 9.533874379
1570543485 9.406891907
1570543696 8.939099247
1570544612 9.131065965
1570544871 9.130967682
1570545072 9.639468698
1570545289 9.723972145
1571322996 9.366916998
1571325114 9.191396097
1571325310 9.410603815
1571325515 9.388718059
1571325716 9.477373325
1571325912 9.551572972
1571326113 9.380794027
1571326804 9.510804598
1571327020 9.497471018
1571327228 10.211881062
1571395905 9.591288318
1571396101 10.461275511
1571396298 9.440528819
1571396498 9.741787806
1571396696 10.143199297
1571396924 9.241496612
1571397128 9.5949096
1571397330 9.166144714
1571397526 9.232830988
1571397723 9.207254482
1571404972 9.575405935
1571405170 9.133344455
1571405368 9.366420724
1571405596 9.392924771
1571405800 9.560202585
1571409018 9.36599347
1571409220 9.307762689
1571409421 9.554974243
1571409638 9.419278073
1571409836 9.324140206
1571664404 9.506471539
1571664945 9.784501195
1571665149 9.553324638
1571665360 9.579582956
1571665554 9.31235595
1571665749 9.806852944
1571668167 9.674781621
1571668366 9.469076441
1571668570 9.077034013
1571668764 9.606943791
1571668964 9.855978209
1571752038 9.399769778
1571752233 9.578380879
1571752433 9.165767434
1571752637 9.696234385
1571752832 9.767009382
1571753028 9.690745356
1571753225 9.430682531
1571753422 9.277885318
1571753620 9.330489951
1571753817 9.388087103
1571760175 9.545790098
1571760370 8.987607954
1571760574 9.591655925
1571760770 9.629719773
1571760972 9.164795917
1571761180 9.646881736
1571761379 9.408308394
1571761574 9.449611351
1571761770 9.748460003
1571761978 9.463688851
1572003281 8.839755893
1572003477 9.351800085
1572003673 9.417456119
1572003871 8.971892963
1572004067 9.351676944
1572004263 9.504053374
1572004457 9.113187852
1572004656 9.235527025
1572004858 9.539492183
1572005057 9.136859947
1572011258 9.820279757
1572011455 9.088064484
1572011651 9.171549757
1572011848 9.343906846
1572012044 9.111908911
1572012242 9.081592177
1572012436 9.739675518
1572012631 9.381860887
1572012826 9.367617516
1572013020 9.685305449
1572265079 9.184028019
1572265276 9.709878138
1572265474 9.139164115
1572265673 9.211585943
1572265878 9.478709813
1572266080 9.238229552
1572266277 8.868756931
1572266477 9.504507748
1572266677 9.077772007
1572266879 9.383362846
1572274142 8.596971187
1572274314 9.002421077
1572274483 8.72847014
1572274656 8.784490172
1572274823 8.903949066
1572274993 8.730709382
1572275165 8.609447223
1572275341 8.831675453
1572275511 8.700475281
1572275684 8.597842584
1572361293 9.047057821
1572361489 9.643844916
1572361685 9.127063445
1572361880 9.342917223
1572362079 9.000934748
1572362273 9.194048311
1572362469 9.115933442
1572362668 9.256994994
1572362863 9.239275098
1572363059 9.063810016
1572366933 8.916526112
1572367101 8.796214984
1572367271 10.607958959
1572367439 8.570618292
1572367621 9.913449242
1572367799 8.642928693
1572367968 8.638309028
1572368137 8.305372532
1572368303 9.228299646
1572368468 8.76033601
1572532410 9.255445288
1572532610 9.578559474
1572532816 9.119219144
1572544521 8.516354897
1572544689 8.80795365
1572544860 8.94608899
1572545032 9.032810433
1572545206 8.858825069
1572870033 10.684465063
1572870252 8.723947468
1572870433 10.481184315
1572870655 8.834177181
1572870825 8.554376624
1572965414 8.789215143
1572965581 8.994201371
1572965748 9.548284
1572965918 8.886872842
1572966090 8.650283155
1572966256 8.783932809
1572966427 9.049058469
1572966611 8.666991808
1572966790 8.9242669
1572966954 8.687707281
1573207062 9.090127557
1573207230 8.523214816
1573207399 8.71848972
1573207564 8.47178603
1573207734 8.725982778
1573207902 8.904069545
1573208069 8.635391438
1573208234 8.723927437
1573208402 8.61376217
1573208568 8.694796937
1573220303 8.874613162
1573220470 8.870028865
1573220638 8.706678918
1573220807 8.802562754
1573220975 8.669638395
1573221142 8.790216336
1573221306 8.901149722
1573221476 8.645257596
1573221643 8.412573116
1573221812 8.819195965
1573222000 8.563462517
1573222171 8.632521204
1573222338 8.57433869
1573222504 8.727271868
1573222674 8.506155307
1573301152 8.695049539
1573301321 8.564390218
1573301502 8.91241776
1573301670 8.879008695
1573301857 8.643938772
1573302035 9.891039883
1573302203 9.045158079
1573302378 8.862436379
1573302547 8.910391424
1573302728 10.286122753
1573303866 8.667508056
1573304030 8.580479864
1573304190 8.911690752
1573304357 8.663480843
1573304516 8.871740516
1573304682 8.951008084
1573304841 8.622133449
1573305001 8.715569944
1573305163 8.751899559
1573305323 8.866106832
1573752495 8.6308009
1573752753 9.151523492
1573752913 8.769066528
1573753071 8.688647213
1573753229 8.664666025
1573753383 9.039852764
1573753542 8.897828242
1573753695 8.759646693
1573753857 9.055624643
1573754677 9.085956657
1573754837 8.470504255
1573754998 8.666872264
1573755164 9.16171037
1573755327 8.974773369
1573755485 8.615269753
1573755639 9.087732686
1573755797 8.92565008
1573755956 8.4618
1573756113 8.396514578
1573831421 8.53653395
1573831579 8.596406519
1573831737 8.639283015
1573831909 8.812626425
1573832061 8.658559259
1573832223 8.613591535
1573832377 11.652370318
1573832544 8.847122965
1573832699 8.809343969
1573832855 8.694851108
1573833050 8.935719725
1573833206 8.750619226
1573833370 8.975785678
1573833527 8.760718131
1573833685 9.021654015
1573901059 9.539509034
1573901217 8.690125629
1573901374 8.01579844
1573901529 8.568504653
1573901690 8.937356956
1573901844 8.467089756
1573901999 8.42474795
1573902157 8.827134568
1573902315 8.744584209
1573902470 8.892140997
1574685788 10.334340866
1574685978 9.908476418
1574686150 8.684274443
1574686310 11.13974794
1574686469 8.74096178
1574686635 8.952191175
1574686799 8.822781477
1574686985 8.904810119
1574687161 8.886115122
1574687324 8.832708655
1574689653 9.366656531
1574689869 9.356391838
1574690039 8.400161193
1574690208 9.35564611
1574690378 9.039555891
1574690537 8.899834356
1574690709 9.354988643
1574690868 8.724187258
1574691053 8.664464327
1574691232 8.902467575
1574706854 8.716179156
1574707096 8.843314568
1574707096 8.843314568
