1569850075 4.831744382
1569850075 4.831744382
1569850837 4.954282104
1569851094 5.2376049
1569851298 4.844558384
1569851648 4.781230096
1569851861 4.560274974
1569852089 4.564550148
1569852314 5.285481194
1569852551 4.620884618
1569853191 5.12529034
1569853485 5.408078569
1570543202 4.604962365
1570543560 4.577972484
1570543770 5.998184692
1570544688 4.892269575
1570544946 5.277201085
1570545147 4.656365145
1570545366 5.116688662
1571323071 4.627008101
1571325189 4.77935415
1571325385 4.979929467
1571325590 4.80021618
1571325791 4.213048758
1571325987 5.123629342
1571326879 7.241765407
1571327095 5.85065232
1571327304 4.340513124
1571395980 5.084858451
1571396178 4.424517618
1571396376 4.584334412
1571396574 4.66404576
1571396773 4.781854163
1571396998 5.511919473
1571397204 4.866696795
1571397405 4.49192284
1571397601 4.587298625
1571397799 4.64758701
1571405047 4.298327776
1571405246 5.040787869
1571405443 5.607612862
1571405676 4.623653079
1571405875 4.438470601
1571409093 4.65152763
1571409295 7.039761952
1571409496 4.993048179
1571409713 4.609569833
1571409911 4.472079278
1571664518 4.185483848
1571665026 5.148670852
1571665240 4.668711849
1571665435 4.239672693
1571665629 4.60571211
1571665825 4.554880983
1571668241 5.024257345
1571668441 4.553677626
1571668644 4.344748282
1571668839 4.363439753
1571669040 4.267778122
1571752112 4.830930407
1571752308 5.128599836
1571752507 4.853471854
1571752712 4.301776558
1571752909 4.490509449
1571753103 5.269127807
1571753300 4.881240914
1571753497 5.245699373
1571753695 4.427384511
1571753892 4.411720425
1571760250 4.9177718
1571760447 4.517004859
1571760649 4.325431756
1571760849 4.470134687
1571761048 4.552962847
1571761255 5.332532394
1571761454 4.221077304
1571761649 4.539982238
1571761845 4.614612728
1571762053 5.002792412
1572003355 4.652226502
1572003552 5.060338427
1572003748 4.522903481
1572003945 4.886182422
1572004141 4.700870039
1572004337 4.693656915
1572004531 4.708134475
1572004730 5.010052189
1572004934 4.760835328
1572005131 4.598731641
1572011332 5.414350365
1572011529 5.028073422
1572011729 4.657449432
1572011923 4.730945227
1572012119 5.053034247
1572012316 4.631601636
1572012512 4.473106072
1572012705 4.335982609
1572012900 4.472205105
1572013095 4.601016461
1572265154 4.854135404
1572265354 5.000503543
1572265550 5.073958584
1572265748 4.928613383
1572265953 4.776421235
1572266155 4.431560406
1572266354 4.653883888
1572266553 4.345194256
1572266751 5.017122149
1572266957 5.06242592
1572274205 4.664059766
1572274378 4.393779975
1572274547 4.812691908
1572274719 5.059617905
1572274888 4.561110612
1572275056 5.189529213
1572275228 4.652163381
1572275406 4.013700686
1572275574 4.18767226
1572275747 4.780202224
1572361370 4.644437143
1572361565 4.881387158
1572361759 5.206124385
1572361954 5.069797162
1572362153 4.485028311
1572362348 5.328550096
1572362543 5.118981286
1572362743 5.071786253
1572362938 4.494577237
1572363134 5.049821563
1572366996 5.08758055
1572367164 5.159581784
1572367336 4.394735954
1572367502 4.612424839
1572367685 4.435839764
1572367862 4.772092714
1572368031 5.108658191
1572368200 4.813957071
1572368367 4.224392167
1572368531 5.132826418
1572532485 5.015184889
1572532685 5.759973159
1572532890 4.95153989
1572544584 5.234147319
1572544752 4.693560937
1572544923 4.995445312
1572545096 4.861478477
1572545269 4.814945761
1572870098 4.31090972
1572870316 4.860131138
1572870498 4.628860967
1572870719 4.757270342
1572870887 4.808183063
1572965480 3.541172786
1572965645 4.830647199
1572965981 3.542999582
1572966153 3.324273912
1572966320 5.543545354
1572966491 4.267085299
1572966674 4.396615574
1572966854 3.632817419
1572967017 3.537117003
1573207125 5.449313133
1573207293 5.229994407
1573207462 4.613163839
1573207627 4.350252461
1573207798 4.853549487
1573207965 4.59415559
1573208132 4.053256683
1573208297 4.933577704
1573208465 4.741628052
1573208630 4.849198019
1573220367 3.409443022
1573220534 4.388011879
1573220701 5.286168425
1573220871 4.680803665
1573221038 4.554411856
1573221205 4.322015322
1573221369 4.507738341
1573221539 4.295605626
1573221706 5.043597723
1573221876 3.551653969
1573222064 4.947097264
1573222234 4.488826583
1573222401 4.294906031
1573222567 4.335599835
1573222737 4.261329677
1573301215 5.488221436
1573301383 4.94431922
1573301566 5.338293607
1573301752 4.839773581
1573301921 5.17628746
1573302099 4.826785094
1573302267 4.889701097
1573302441 4.759370171
1573302610 4.216561096
1573302793 5.548633723
1573303926 4.690245169
1573304089 4.433129132
1573304251 4.456801658
1573304417 4.818065872
1573304575 4.858391354
1573304742 4.619869875
1573304901 4.485090856
1573305062 5.093929026
1573305222 5.420560726
1573305382 5.210481835
1573752816 4.241553317
1573752972 5.918501638
1573753444 4.063600736
1573753601 3.373679603
1573753754 4.870272001
1573754897 6.10320073
1573755060 5.651703196
1573755224 7.53561689
1573755386 4.189393027
1573755543 3.361931559
1573755699 3.957564386
1573755857 4.431259975
1573756014 4.769994815
1573756177 6.129952825
1573831480 6.560023786
1573831638 6.616873426
1573831797 4.813189181
1573831968 3.180549352
1573832120 5.489047981
1573832440 6.109982937
1573832602 3.370428077
1573832758 3.660924388
1573832914 3.32781716
1573833110 4.000585914
1573833265 11.312456026
1573833429 3.460333729
1573833587 5.60829365
1573833744 3.400733273
1573901119 5.244081385
1573901277 3.36748309
1573901432 3.396154286
1573901593 4.312250175
1573902058 4.823214878
1573902530 5.311050725
1574686050 5.66535014
1574686374 3.433235106
1574686860 3.288356454
1574687384 4.859174808
1574689931 3.400352661
1574690270 3.597135748
1574954262 6.942064094
1574954425 9.72075243
1574955107 4.214710157
1574955524 4.563308087
1575026751 5.179708327
1575027074 5.859810608
1575112908 4.954938497
1575113072 5.39450789
1575113392 3.426829958
1575114024 3.315747801
1575114347 4.19361599
1575289839 4.829241346
1575290359 5.319413442
1575290870 4.436784853
1575291349 6.164552108
1575384237 4.541101332
1575385199 5.473615686
1575385522 4.952192573
1575385682 4.053529433
1575556619 4.867861662
1575557666 4.904288387
1579185876 3.172130906
1579352175 5.214949802
1579352664 3.721363602
1579352819 5.010172498
1579352984 5.628348372
1579524031 5.077868878
1579537569 5.037671973
1580216553 3.663225509
1580305946 3.553869924
1581935302 4.673903383
1581935459 5.757120406
1581935623 5.555204154
1581935787 5.586801831
1581936297 4.6684097
1581936794 4.33760369
1582026977 5.780522157
1582027138 4.608386944
1582027304 4.601638827
1582027473 4.859607503
1582027884 4.239176009
1582028050 4.9655673
1582028388 4.685348066
1582028555 4.940182006
1582028724 4.262337395
1582113198 4.95688785
1582113526 4.351541425
1582113693 3.58256961
1582113858 5.348472539
1582114033 4.624485919
1582114198 3.271541384
1582114358 4.995796314
1582114524 4.560700878
1582114689 4.575080197
1582114851 5.131317009
1582115019 4.649877234
1582115180 4.454390982
1582115348 4.238381179
1582115510 4.503542173
1582115672 5.426296551
1582115836 4.57360583
1582116000 5.212454182
1582116180 5.370921346
1582116392 5.023578534
1582116736 4.452927139
1582119057 4.377815121
1582119220 5.332292571
1582119568 5.038669048
1582119741 4.613184296
1582119903 4.794232457
1582120081 4.865166917
1582120252 4.803785092
1582120971 4.566823412
1582121138 4.591223983
1582121383 3.805560138
1582125072 4.794122904
1582125287 4.735611577
1582125737 4.855168452
1582125932 4.546472943
1582126097 5.147147149
1582126265 4.583285064
1582126429 4.69813517
1582126596 4.351098429
1582126760 5.241087952
1582126921 4.426937289
1582127083 4.700500794
1582127247 5.007714253
1582127416 4.487335684
1582127583 4.357513715
1582127908 4.60856767
1582128073 5.015324925
1582128235 4.658023937
1582128414 4.910419044
1582128576 4.527015122
1582128741 4.3218733
1582128906 4.349088806
1582129072 4.66383711
1582129238 4.37337389
1582129398 4.685347266
1582129560 4.814299424
1582129722 4.955964196
1582185146 6.023790295
1582185330 5.35287454
1582186059 6.96100396
1582186954 5.413671901
1582188234 6.173376238
1582188395 3.644749511
1582194009 4.700096136
1582194329 5.365948968
1582194820 4.852683142
1582195144 5.217235431
1582195308 4.609460316
1582195802 5.16986128
1582195961 4.364654037
1582196118 5.835492644
1582196597 5.240871482
1582196754 5.093274204
1582196914 5.455349099
1582197076 4.919169808
1582197244 3.117371703
1582197576 5.19506322
1582197736 5.00486134
1582197893 5.667272283
1582198053 5.420346311
1582198210 4.939951074
1582198370 4.306395707
1582198529 109.535217597
1582631625 4.922004875
1582631782 4.094404442
1582631939 4.710387113
1582632096 4.504396594
1582632576 4.64480472
1582632736 5.028727214
1582884596 21.949496391
1582884773 5.070110233
1582884942 5.353073257
1582885105 5.062404935
1582885432 4.818593544
1582885753 5.027449274
1582885918 4.716845886
