1569850046 6.620497496
1569850046 6.620497496
1569850807 6.3673731
1569850814 0.055986516
1569851064 6.648422415
1569851269 6.426544257
1569851276 0.01283814
1569851276 0.048459785
1569851619 6.684509927
1569851832 6.747594056
1569852061 6.352014606
1569852067 0.043633738
1569852067 0.034665478
1569852067 0.05091626
1569852285 6.569003098
1569852291 0.121285421
1569852522 6.423504318
1569853141 26.055806858
1569853450 6.634705436
1570543169 6.633188007
1570543176 0.0
1570543532 6.752906828
1570543741 7.458674967
1570544659 6.894328313
1570544918 6.58043238
1570545118 7.105747397
1570545335 7.00437064
1571323042 7.525762437
1571323050 0.130501398
1571325160 6.610953127
1571325356 6.44280887
1571325363 0.039090605
1571325562 6.842176035
1571325762 6.679235448
1571325769 0.043651464
1571325958 6.530876081
1571326185 5.859467142
1571326288 0.370958535
1571326850 6.425269221
1571327066 6.579766868
1571327275 6.653040881
1571395952 6.601385606
1571396149 6.504491163
1571396345 6.75064589
1571396545 7.41944567
1571396744 6.551887381
1571396970 6.523640041
1571397174 6.967338096
1571397376 6.616644923
1571397572 6.558019487
1571397579 0.050210486
1571397770 6.497482088
1571405018 6.833871924
1571405216 6.755067511
1571405414 6.718076904
1571405643 10.791451071
1571405654 0.044423806
1571405846 7.107984666
1571409064 6.348321998
1571409266 6.36115112
1571409273 0.095734669
1571409468 7.042281842
1571409475 0.0
1571409475 0.0
1571409475 0.0
1571409685 7.061491855
1571409883 6.585891602
1571664997 6.371516512
1571665195 6.476892985
1571665406 6.505551013
1571665600 6.582240499
1571665796 6.492296152
1571665803 0.045061194
1571665803 0.0
1571665803 0.0
1571668213 6.531598486
1571668412 6.547987515
1571668616 6.56627515
1571668810 6.663413428
1571669011 6.775333281
1571669018 0.046066358
1571752084 6.658069616
1571752280 6.60857855
1571752479 6.495974797
1571752684 6.511273544
1571752879 8.078540061
1571752887 0.0
1571752887 0.0
1571753074 6.975679526
1571753272 6.499809198
1571753469 6.504108456
1571753666 7.222773334
1571753863 6.524267678
1571760221 6.594171345
1571760419 6.512517579
1571760620 6.507950392
1571760627 0.095160579
1571760816 7.006409393
1571760823 0.063803621
1571761018 6.676614599
1571761227 6.506065158
1571761426 6.732379657
1571761621 6.413420877
1571761817 6.835681878
1571761824 0.0
1571761824 0.0
1571762024 7.033710587
1572003327 6.580752492
1572003523 6.918667681
1572003719 6.6157618
1572003917 6.418206862
1572003923 0.0
1572003923 0.044135431
1572003923 0.0
1572004113 6.74633186
1572004309 6.618606689
1572004503 6.532355872
1572004702 6.42675854
1572004904 6.699254938
1572004911 0.0
1572004911 0.0
1572005103 6.583040795
1572011304 6.315361526
1572011501 6.518581165
1572011508 0.0
1572011508 0.0
1572011508 0.0
1572011508 0.0
1572011697 6.490251428
1572011895 6.647593421
1572012091 6.547327667
1572012288 6.896634339
1572012483 6.893686354
1572012677 6.477660407
1572012872 6.481001156
1572013066 6.868265039
1572265126 6.567157986
1572265132 0.0
1572265132 0.0
1572265322 6.734072968
1572265521 6.507313855
1572265528 0.0
1572265528 0.0
1572265528 0.0
1572265528 0.0
1572265719 6.677623717
1572265925 6.415868838
1572266126 6.511684427
1572266324 6.879266313
1572266525 6.631109576
1572266723 6.425170862
1572266926 6.625259254
1572274181 6.424095723
1572274354 6.272625241
1572274360 0.058804571
1572274522 6.468510293
1572274695 6.403223408
1572274701 0.044370941
1572274701 0.041220519
1572274863 6.523504696
1572275032 6.590742717
1572275204 6.707503864
1572275381 6.406157554
1572275549 6.556093706
1572275556 0.0
1572275556 0.0
1572275556 0.0
1572275556 0.0
1572275556 0.0
1572275723 6.482172756
1572275729 0.0
1572275729 0.0
1572361341 6.583289042
1572361537 6.491310477
1572361543 0.0
1572361731 6.432909809
1572361737 0.087213477
1572361926 6.572841249
1572362125 6.624853785
1572362319 7.013845336
1572362515 6.689967921
1572362714 6.832552422
1572362721 0.0
1572362721 0.0
1572362910 6.684925937
1572362916 0.0
1572362916 0.0
1572363106 6.547867557
1572366972 6.492205197
1572367140 6.825174663
1572367312 6.69006914
1572367319 0.131205425
1572367478 6.415906388
1572367661 6.361682368
1572367838 6.547807447
1572368007 6.610401628
1572368175 6.55495231
1572368182 0.028967099
1572368342 6.600715301
1572368507 6.541597535
1572532456 6.451622443
1572532463 0.0
1572532657 6.530191584
1572532664 0.0
1572532664 0.0
1572532862 6.564770032
1572544559 6.5684385
1572544728 6.724025794
1572544899 6.475730438
1572545072 6.827067638
1572545078 0.0
1572545245 6.475424455
1572870074 6.711196984
1572870291 6.401743228
1572870298 0.075233686
1572870474 6.593133546
1572870480 0.0
1572870480 0.043572308
1572870695 6.463414808
1572870701 0.0
1572870863 6.36612531
1572965453 6.469541932
1572965621 7.024102694
1572965788 7.155868998
1572965957 6.643026633
1572966129 6.824737634
1572966135 0.04440215
1572966295 6.88134652
1572966466 6.782395906
1572966650 6.674093964
1572966829 6.353642762
1572966836 0.0
1572966836 0.0
1572966993 6.43116915
1573207101 6.560802087
1573207269 6.493216177
1573207438 6.591368314
1573207445 0.0
1573207603 6.280021282
1573207773 6.494916236
1573207940 6.612215209
1573208107 6.431233427
1573208114 0.0
1573208114 0.0
1573208114 0.0
1573208273 6.381436049
1573208441 6.443556535
1573208606 6.603143442
1573220342 6.504215332
1573220509 6.368826253
1573220677 6.706516606
1573220684 0.0
1573220684 0.0
1573220846 6.819747173
1573221014 6.321333687
1573221020 0.0
1573221021 0.0
1573221021 0.0
1573221021 0.0
1573221021 0.0
1573221180 6.777753829
1573221344 6.472638125
1573221351 0.04165492
1573221515 6.509809816
1573221681 6.997885241
1573221851 6.321483907
1573221857 0.077526843
1573222039 6.539256578
1573222046 0.046381033
1573222210 6.451255393
1573222216 0.0
1573222377 6.426300933
1573222543 6.509364476
1573222712 6.63576505
1573301191 6.517519811
1573301359 6.37936804
1573301366 0.0
1573301366 0.0
1573301541 6.440652339
1573301548 0.0
1573301548 0.0
1573301548 0.0
1573301709 6.595242487
1573301895 6.660353331
1573301902 0.043391008
1573302075 6.39699847
1573302082 0.0
1573302082 0.0
1573302243 6.493447428
1573302249 0.043611369
1573302417 6.36746902
1573302423 0.0
1573302423 0.0
1573302586 6.799188783
1573302769 6.671324744
1573302775 0.0
1573302775 0.0
1573302775 0.0
1573302775 0.0
1573303903 6.400681993
1573303909 0.0
1573303909 0.0
1573303909 0.0
1573303909 0.0
1573304067 6.53480624
1573304228 6.58593376
1573304394 6.523077655
1573304400 0.061557049
1573304553 6.386503751
1573304559 0.0
1573304559 0.0
1573304559 0.042920997
1573304719 6.511852643
1573304726 0.047020657
1573304878 6.312742164
1573305039 6.48649465
1573305200 6.488653481
1573305360 6.520225755
1573752532 6.533044154
1573752790 6.681986685
1573752949 6.523810109
1573753108 6.382758239
1573753265 6.540137183
1573753420 6.828905624
1573753427 0.0
1573753427 0.0
1573753427 0.0
1573753427 0.0
1573753427 0.0
1573753579 7.003883124
1573753732 6.344121282
1573753893 6.778217582
1573754713 6.474219944
1573754719 0.0
1573754873 7.28798213
1573755035 6.486762857
1573755041 0.047397748
1573755201 6.339382763
1573755364 6.396813587
1573755370 0.0
1573755370 0.0
1573755521 6.462913224
1573755527 0.0
1573755527 0.0
1573755527 0.0
1573755675 6.442880344
1573755834 6.517514334
1573755840 0.040768205
1573755992 6.392243067
1573831457 6.430003652
1573831615 6.419083713
1573831621 0.0
1573831621 0.0
1573831774 6.552217138
1573831780 0.0
1573831945 6.645610775
1573832097 6.343167239
1573832104 0.0
1573832104 0.0
1573832104 0.0
1573832260 6.346825146
1573832266 0.0
1573832266 0.0
1573832266 0.0
1573832266 0.0
1573832417 6.43000345
1573832580 6.597870384
1573832736 6.471550197
1573832742 0.0
1573832891 6.536294714
1573833087 6.501114733
1573833242 6.569656537
1573833406 6.452643865
1573833413 0.062099179
1573833564 6.553341476
1573833570 0.0
1573833570 0.0
1573833721 6.450226493
1573833728 0.0
1573833728 0.0
1573833728 0.085297741
1573901096 6.439436961
1573901102 0.0
1573901102 0.0
1573901253 6.696171694
1573901260 0.0
1573901260 0.0
1573901409 6.489061382
1573901416 0.03982961
1573901565 6.3916753
1573901726 6.408139599
1573901732 0.04322142
1573901880 6.499792065
1573901887 0.0
1573902036 6.411848513
1573902042 0.0
1573902193 6.852188903
1573902351 6.671862185
1573902507 6.448974859
1574685825 6.373542174
1574685832 0.0
1574686018 6.549642278
1574686186 6.406732577
1574686349 6.69127689
1574686506 6.401740747
1574686672 6.549875858
1574686836 6.504164621
1574687022 6.762556761
1574687197 6.693677253
1574687361 6.594020891
1574689690 6.569282238
1574689906 6.664172321
1574690075 6.486018078
1574690245 6.391231433
1574690251 0.044641538
1574690415 6.575673862
1574690575 6.685704888
1574690746 6.406227556
1574690753 0.086802267
1574690905 6.40431631
1574691090 6.515183046
1574691269 6.689559771
1574706890 6.739254527
1574707133 7.2372643
1574954235 6.473792399
1574954400 6.78214625
1574954577 6.489682838
1574954741 6.360887091
1574954747 0.0
1574954747 0.0
1574954926 6.216710694
1574954932 0.0
1574954932 0.0
1574954932 0.0
1574955082 6.704931061
1574955340 6.435312948
1574955499 6.746429524
1574955658 6.643539467
1574955819 6.453579952
1575026568 6.816237648
1575026574 0.0
1575026574 0.041161038
1575026728 6.536555368
1575026889 6.535775903
1575027050 6.537119496
1575027056 0.047662503
1575027213 6.602823627
1575027375 6.602904568
1575027541 6.508366905
1575027698 7.938702856
1575027705 0.0
1575027705 0.0
1575027862 6.919846636
1575028026 6.519392364
1575112883 6.532397536
1575113047 6.652068701
1575113205 6.701685946
1575113212 0.0
1575113368 6.783129829
1575113375 0.0
1575113526 6.539333088
1575113685 6.479838176
1575113691 0.0
1575113842 6.70197141
1575113848 0.0
1575113848 0.093061215
1575114000 6.657369915
1575114163 6.408600552
1575114169 0.0
1575114169 0.039209825
1575114324 6.712338386
1575289813 7.160387779
1575289979 6.636308161
1575290147 6.52436832
1575290334 6.571115535
1575290503 6.558464792
1575290510 0.0
1575290510 0.0
1575290680 6.43182874
1575290846 7.56028065
1575291002 6.431936853
1575291164 6.530626468
1575291326 6.752867124
1575384214 6.519847178
1575384220 0.0
1575384220 0.0
1575384373 6.859419773
1575384380 0.0
1575384380 0.075092772
1575384534 6.611897623
1575384695 6.595398758
1575384856 6.612254806
1575384863 0.059919425
1575385016 7.391227838
1575385176 6.370981013
1575385182 0.073505521
1575385335 6.69541093
1575385499 6.444525624
1575385658 6.669374569
1575556595 6.810541964
1575556756 6.466554557
1575556928 6.788718267
1575557114 6.581021877
1575557283 6.687320314
1575557467 6.991891184
1575557474 0.0
1575557643 6.513606641
1575557815 6.598729645
1575558275 7.225990382
1575558461 6.796825019
1579184094 6.272703086
1579184100 0.0
1579184100 0.0
1579184808 6.584003502
1579184970 7.613362097
1579184977 0.0
1579185134 6.610881567
1579185307 6.780012665
1579185486 6.287398138
1579185667 6.515364976
1579185846 6.603351022
1579185853 0.0
1579185853 0.052593871
1579186035 6.309582327
1579186042 0.035921148
1579186042 0.0
1579186042 0.0
1579186206 6.519708818
1579351830 6.614429721
1579351990 6.887427636
1579352150 6.617385382
1579352157 0.0
1579352312 6.426811925
1579352475 6.485852135
1579352481 0.0
1579352639 6.464291214
1579352796 6.45536863
1579352958 6.432420914
1579352964 0.12999341
1579353120 6.787846785
1579353993 1.11414319
1579522912 6.984507451
1579523115 6.657944501
1579523122 0.001911616
1579523122 0.003382207
1579523122 0.043376399
1579523122 0.045143484
1579523306 6.405511708
1579523470 6.456666514
1579523645 6.517173599
1579523651 0.043217441
1579523651 0.00126422
1579523651 0.045624782
1579523825 7.556548814
1579524008 6.49636949
1579524195 6.455971677
1579524363 6.513057377
1579524531 7.025627572
1579537516 6.483067152
1580215390 6.477382168
1580215396 0.00154971
1580215396 0.043118513
1580215397 0.036843947
1580215397 0.05760179
1580215560 7.573484429
1580215723 6.563757567
1580215882 6.61601307
1580216043 6.568528346
1580216206 6.616507192
1580216212 0.006757789
1580216212 0.019367961
1580216212 0.094124368
1580216365 6.652217065
1580216529 6.553454207
1580216688 6.822920492
1580216869 6.734345327
1580216876 0.034830818
1580216876 0.051372778
1580216876 0.042602685
1580304778 6.634749263
1580304935 6.84922856
1580305097 6.710541855
1580305257 6.502623972
1580305441 6.620358064
1580305604 6.615024291
1580305610 0.008938219
1580305765 6.603699258
1580305772 0.001620456
1580305772 0.044816203
1580305922 6.616601159
1580306077 6.594085536
1580306238 6.509301211
1580306245 0.085024206
1581935278 6.451043778
1581935436 6.562859569
1581935598 6.683198777
1581935763 6.84028023
1581935770 0.001257564
1581935770 0.043550189
1581935931 6.786813315
1581936102 6.478548577
1581936273 7.0085349
1581936436 6.466578483
1581936594 6.504869019
1581936601 0.044348748
1581936770 6.473095117
1582026953 6.494296411
1582027114 6.696514519
1582027121 0.001336227
1582027121 0.042551195
1582027281 6.582418885
1582027448 6.471830215
1582027454 0.000914052
1582027454 0.041764825
1582027859 6.555786781
1582027866 0.047270338
1582028025 6.773431361
1582028192 6.470783375
1582028198 0.051978516
1582028361 6.468274459
1582028368 0.043987507
1582028530 7.124439666
1582028699 6.643237848
1582113169 7.640716679
1582113176 0.043482592
1582113334 6.452605317
1582113341 0.044593999
1582113341 0.042006682
1582113499 7.973601935
1582113507 0.001832183
1582113507 0.086121107
1582113666 9.309878974
1582113834 6.293493298
1582113840 0.044306491
1582114009 6.650505992
1582114170 6.526296411
1582114177 0.04276355
1582114334 6.514635928
1582114498 6.528231173
1582114665 6.662774289
1582114825 6.772893593
1582114994 6.332076865
1582115001 0.002291702
1582115001 0.039586074
1582115001 0.044639275
1582115155 6.81888415
1582115161 0.001417797
1582115161 0.001364665
1582115161 0.028521453
1582115161 0.040341637
1582115322 6.864716149
1582115329 0.044500773
1582115486 6.351632562
1582115649 6.438889833
1582115811 6.526233174
1582115818 0.000146049
1582115818 0.085214543
1582115975 6.399775073
1582115982 0.00175386
1582115982 0.037517521
1582115982 7.4803e-05
1582115982 0.040878023
1582115982 4.3881e-05
1582115982 0.044829709
1582116156 6.446731626
1582116369 6.549639474
1582116376 0.031668417
1582116376 0.056326506
1582116547 6.785085989
1582116712 6.851641195
1582116719 0.044883894
1582119033 6.615800094
1582119193 6.609951453
1582119200 0.072873088
1582119366 6.544669529
1582119541 6.717355437
1582119717 6.595672872
1582119878 6.63020669
1582120053 6.682874975
1582120227 6.360898608
1582120233 0.000752124
1582120233 0.003981309
1582120233 0.018464038
1582120233 0.050006507
1582120947 6.609425424
1582120953 0.089895103
1582121114 6.773396457
1582121358 6.349197646
1582121365 0.031470796
1582121519 6.64613246
1582125263 6.631732807
1582125703 13.960867831
1582125906 7.355173117
1582125914 0.128578155
1582126072 6.91498733
1582126079 0.001462902
1582126079 0.007883355
1582126079 0.026457064
1582126079 0.048599156
1582126241 6.217344755
1582126247 0.040991374
1582126402 7.092040141
1582126570 7.28138205
1582126734 6.667412308
1582126897 6.89217144
1582127058 6.631150779
1582127223 6.692551224
1582127392 6.524218047
1582127557 6.958853991
1582127721 6.85833523
1582127728 0.001831467
1582127728 0.043494577
1582127885 6.797870958
1582127891 0.057356418
1582128045 6.684140329
1582128052 0.05424115
1582128052 0.034043015
1582128052 0.001167515
1582128052 0.003098892
1582128052 0.027659776
1582128212 6.723322028
1582128218 0.044596419
1582128390 6.658898875
1582128396 0.098116857
1582128552 6.556899771
1582128559 0.042712611
1582128559 0.04411497
1582128559 0.045305934
1582128715 6.495458082
1582128880 6.686193936
1582129047 6.369111954
1582129216 6.424755536
1582129222 0.043246851
1582129374 6.533371959
1582129536 6.867773814
1582129698 6.471874285
1582129705 0.043509132
1582129705 0.045157615
1582185123 6.517357364
1582185129 0.001162865
1582185129 0.005816234
1582185130 0.027131894
1582185303 6.396205679
1582185310 0.001353941
1582185310 0.007280305
1582185310 0.020014513
1582185310 0.047756081
1582186036 6.403159104
1582186195 6.483040229
1582186931 6.429037146
1582187892 6.665427484
1582188052 6.6009605
1582188059 0.042994071
1582188210 6.86494061
1582188370 6.538420691
1582193822 6.611609309
1582193828 0.00229243
1582193828 0.024438921
1582193985 6.610173532
1582194149 6.541268502
1582194305 6.71120173
1582194466 6.525503546
1582194631 6.492381143
1582194797 6.466224596
1582194960 6.539753678
1582195121 6.607687951
1582195285 6.492482771
1582195291 0.039284122
1582195778 6.578060787
1582195785 0.088514864
1582195937 6.732966062
1582196095 6.486601825
1582196254 6.718403459
1582196261 0.044767994
1582196414 6.269529042
1582196420 0.042037889
1582196573 6.577829777
1582196730 6.407469466
1582196891 6.709285023
1582197053 6.380887013
1582197220 6.443341217
1582197226 0.091355423
1582197226 0.001732437
1582197226 0.001597675
1582197226 0.01911861
1582197227 0.057981457
1582197376 6.622484206
1582197542 6.464709889
1582197548 0.092968566
1582197713 6.438564154
1582197870 6.39655414
1582197877 0.04613455
1582198029 6.575697584
1582198186 6.495422541
1582198347 6.531686231
1582198506 6.481169698
1582198512 0.130571858
1582198785 6.509775223
1582199137 6.943122023
1582631442 6.381670346
1582631448 0.036934332
1582631448 0.095505534
1582631602 6.532176811
1582631609 0.001882131
1582631609 0.041515109
1582631758 6.46791071
1582631765 0.087826502
1582631915 6.456667114
1582631921 0.044896626
1582632073 6.447571581
1582632079 0.043533905
1582632080 0.007289034
1582632080 0.035623905
1582632229 6.397068952
1582632389 6.359853387
1582632396 0.045229331
1582632552 6.647774242
1582632558 0.044040057
1582632713 6.631098398
1582632872 6.541974467
1582632879 0.046073552
1582632879 0.049135129
1582884572 6.604556947
1582884749 6.539962501
1582884756 0.037673468
1582884918 6.646266277
1582885082 6.567958374
1582885089 0.048315388
1582885246 6.503543459
1582885409 6.407531165
1582885567 6.4899918
1582885574 0.088565706
1582885730 6.456427336
1582885895 6.438451229
1582886053 6.4052536
1574707133 7.2372643
