1569854467 3.793500159
1569855876 5.350410603
1571330164 3.594936211
1571766520 3.472066939
1571767303 3.802174792
1572537423 3.001643518
1572538080 2.888026589
1572538740 2.864003308
1572539393 2.98145646
1572540039 2.87706575
1572540945 2.818253852
1572541599 2.843387913
1572542247 2.985316771
1572542895 2.985020165
1572543560 2.764438352
1572871314 3.028898403
1572871964 2.957824977
1572872641 2.902156436
1572873294 3.008619354
1572873947 3.099553311
1572875009 2.970231537
1572875871 2.857149877
1572877096 3.118853304
1572877745 3.02214677
1572878973 3.063074898
1572967380 2.92770091
1572968037 2.899989608
1572969340 2.82930964
1572970000 3.068120078
1572970650 2.988752129
1572971302 3.365525304
1572971963 3.362406234
1572972623 2.995989285
1572973340 1.827741294
1572973989 2.992408422
1572974640 2.930652414
1573208922 2.941646152
1573209577 3.125398767
1573210253 3.170266079
1573210922 3.053428291
1573211579 2.829230268
1573212227 2.879044482
1573212879 3.059861369
1573213530 3.077923975
1573214202 3.324294283
1573214857 2.78019508
1573310379 2.552555889
1573311000 2.93288478
1573311616 2.727815946
1573312321 2.521660467
1573312930 2.81006133
1573313557 2.992776887
1573314190 2.987287289
1573314804 2.750252572
1574696413 2.737834537
1574696993 2.644621095
1574697584 2.753464819
1574698158 2.645050662
1574710815 2.679626546
1574710815 2.679626546
