1569850021 7.335347572
1569850225 7.387587638
1569850021 7.335347572
1569850225 7.387587638
1569850755 7.230629863
1569851038 7.390764045
1569851244 7.466106255
1569851594 7.259282433
1569851806 7.328702548
1569852035 7.804961678
1569852260 7.364998875
1569852497 7.365595638
1569853107 7.531971784
1569853423 7.49298744
1570543145 7.091235267
1570543507 7.328121947
1570543717 7.362818309
1570544634 7.371516614
1570544892 7.422455526
1570545093 7.34276476
1570545311 7.216856249
1571323017 7.344402869
1571325135 7.397715459
1571325332 7.252521806
1571325537 7.266506687
1571325737 7.285508079
1571325933 7.438665677
1571326141 7.477287934
1571326826 7.031324422
1571327041 7.212147286
1571327250 7.291779446
1571395927 7.302924749
1571396124 7.378365409
1571396320 7.333406572
1571396520 7.656456204
1571396719 7.319073303
1571396945 7.280193215
1571397150 7.369019563
1571397351 7.130743367
1571397548 7.296326916
1571397745 7.337049859
1571404994 7.369773122
1571405192 7.353850125
1571405389 7.155781851
1571405618 7.388727953
1571405821 7.38583978
1571409040 7.135899138
1571409242 7.264364648
1571409443 7.272898634
1571409660 7.337330103
1571409858 7.418049913
1571664425 6.940790036
1571664973 7.477509049
1571665170 7.734432037
1571665382 7.402793223
1571665576 7.255201953
1571665771 7.327713492
1571668188 7.261905178
1571668387 7.401513307
1571668591 7.63740441
1571668786 7.159570433
1571668987 7.272935099
1571752059 7.486819297
1571752255 7.312083438
1571752454 7.253726509
1571752659 7.401082828
1571752854 7.52426018
1571753049 7.040428325
1571753247 7.363363455
1571753444 7.425364689
1571753641 7.357000703
1571753839 7.251587836
1571760197 7.238953511
1571760394 7.235173482
1571760596 7.341041185
1571760792 7.399252044
1571760994 7.553941085
1571761202 7.291784578
1571761401 7.343201536
1571761596 7.119673981
1571761792 7.27655573
1571762000 7.231665854
1572003302 7.284018373
1572003499 7.329725563
1572003694 7.245447164
1572003892 7.209549956
1572004088 7.476937001
1572004284 7.284017235
1572004478 7.248307472
1572004678 7.13612693
1572004880 7.213761659
1572005078 7.323604366
1572011280 7.311935924
1572011476 7.259796242
1572011672 7.275047584
1572011870 7.299982391
1572012066 7.899841572
1572012264 7.154325764
1572012458 7.384068877
1572012652 7.349925295
1572012847 7.151479305
1572013041 7.214852103
1572265101 7.164670558
1572265298 7.094822039
1572265496 7.523266556
1572265694 7.289135035
1572265900 7.121911793
1572266101 7.411115646
1572266299 7.41895694
1572266498 8.254781425
1572266698 7.267869453
1572266901 7.209677489
1572274160 5.886529247
1572274334 5.665678015
1572274502 5.961015982
1572274674 5.9047827
1572274842 5.937985909
1572275012 5.904676376
1572275184 5.892508032
1572275359 5.887746748
1572275529 5.804355247
1572275703 5.705033856
1572361314 7.348544599
1572361512 7.299229665
1572361706 7.108996464
1572361901 7.503790141
1572362100 7.251720301
1572362294 7.345521112
1572362490 7.277357497
1572362690 7.28769183
1572362885 7.204164873
1572363081 7.290491268
1572366952 5.820236199
1572367120 5.893164731
1572367291 6.082935038
1572367458 5.891417777
1572367640 6.047971596
1572367818 5.755553216
1572367987 5.705747774
1572368155 5.807464949
1572368322 5.946157108
1572368487 5.758155981
1572532431 7.331603102
1572532632 7.459696436
1572532837 7.392159772
1572544539 5.806641628
1572544708 5.755702674
1572544879 5.894167796
1572545051 5.755866515
1572545225 5.7893463
1572870053 5.857011967
1572870271 5.907947702
1572870453 5.705897698
1572870674 5.798580989
1572870843 5.734933407
1572965433 5.8094299
1572965600 5.831113335
1572965768 5.872228484
1572965936 5.816549344
1572966108 5.80742289
1572966275 5.921966269
1572966446 5.901498651
1572966629 5.870606589
1572966809 5.860083215
1572966973 5.839614906
1573207081 5.761765436
1573207248 5.891404549
1573207418 5.941077624
1573207583 5.734871827
1573207753 5.900984791
1573207920 5.966529352
1573208087 5.764517118
1573208252 5.885262387
1573208421 5.892566883
1573208586 5.817670984
1573220322 5.72153933
1573220489 5.787372504
1573220657 5.868932093
1573220826 5.917426403
1573220994 5.889282701
1573221160 5.960402954
1573221325 5.956098634
1573221494 6.026276233
1573221661 5.891379
1573221830 5.948705022
1573222019 5.746933195
1573222190 5.820957625
1573222357 5.918090291
1573222522 5.89315193
1573222692 5.861691197
1573301170 6.003053202
1573301339 5.804907016
1573301521 5.883251224
1573301689 5.746592602
1573301875 5.798480472
1573302055 5.807081737
1573302222 6.349664417
1573302397 6.016885543
1573302566 5.906735639
1573302748 5.884344279
1573303884 5.367465015
1573304048 5.415507944
1573304209 5.808133812
1573304375 5.60740258
1573304533 5.32952076
1573304700 5.748362337
1573304859 5.795810715
1573305019 5.649759577
1573305181 5.388398685
1573305341 5.364345884
1573752513 5.677342726
1573752771 5.452007103
1573752930 5.287932157
1573753089 5.460505888
1573753246 5.393263894
1573753401 5.651852033
1573753560 5.398801198
1573753713 5.269848564
1573753875 5.251830322
1573754694 5.476512182
1573754855 5.340224688
1573755016 5.415087349
1573755183 5.316683422
1573755345 5.352545121
1573755502 5.425780637
1573755657 5.39484362
1573755815 5.585191993
1573755973 5.575389508
1573756132 5.726720702
1573831438 5.335587152
1573831597 5.352219255
1573831755 5.576555934
1573831927 5.383929143
1573832079 5.246819809
1573832241 5.545621701
1573832398 5.370995012
1573832562 5.345436605
1573832717 5.278641737
1573832873 5.343382382
1573833068 5.396664513
1573833224 5.510306839
1573833388 5.179573383
1573833545 5.146923748
1573833703 5.246297001
1573901077 5.380191065
1573901235 5.363603834
1573901391 5.294292394
1573901547 5.145692136
1573901708 5.365126793
1573901862 5.592627738
1573902017 5.450840887
1573902175 5.459649752
1573902332 5.337337653
1573902488 5.343479479
1574685807 5.316109751
1574685999 5.68099528
1574686168 5.433114342
1574686330 5.51045658
1574686487 5.484698679
1574686653 5.429797745
1574686817 5.674776858
1574687005 4.336326506
1574687179 5.569426237
1574687342 5.461802668
1574689672 5.25725869
1574689888 5.03698508
1574690057 5.464514733
1574690226 5.598466356
1574690397 5.399699843
1574690556 6.139666644
1574690728 5.347469159
1574690886 5.649152411
1574691071 5.342298888
1574691250 5.225389705
1574706872 5.435916771
1574707114 5.478536237
1574954217 5.248052261
1574954381 5.803325103
1574954558 5.378846271
1574954722 5.396064345
1574954905 5.315759201
1574955064 4.355350789
1574955321 5.328335276
1574955481 5.487546643
1574955639 5.388317368
1574955800 5.467961831
1575026549 5.230955766
1575026709 5.427346947
1575026871 5.134692983
1575027031 5.371857526
1575027195 5.348499635
1575027356 5.398284857
1575027522 5.408769427
1575027679 5.135553939
1575027844 5.336663293
1575028008 5.63975558
1575112864 5.380792131
1575113028 5.543172264
1575113187 5.632491225
1575113349 5.370010747
1575113507 5.567786479
1575113666 5.341040641
1575113823 5.527502083
1575113981 5.167523141
1575114144 5.551683851
1575114305 5.391842231
1575289794 5.463018359
1575289961 5.500767766
1575290128 5.37605571
1575290309 11.84655705
1575290485 5.467911162
1575290661 5.508178071
1575290826 5.069925641
1575290983 5.554135383
1575291146 5.423421519
1575291307 5.469460058
1575384195 5.40048228
1575384355 5.469160292
1575384516 5.466669743
1575384675 5.187973919
1575384838 5.479505438
1575384997 4.982736316
1575385157 5.844330747
1575385316 5.617213897
1575385480 5.467246029
1575385640 5.485133823
1575556577 5.497392044
1575556738 5.458239617
1575556910 5.360155219
1575557095 5.481494544
1575557265 5.608224259
1575557448 5.412632417
1575557624 5.648134893
1575557797 5.420220514
1575558256 5.391952495
1575558442 5.41066675
1579184075 5.43716231
1579184790 5.476475851
1579184951 5.263738969
1579185115 5.29400612
1579185288 5.240880092
1579185467 5.291738938
1579185649 5.559888589
1579185828 5.448071647
1579186017 5.786131371
1579186188 5.45682742
1579351805 5.309152599
1579351971 6.064402877
1579352132 5.32575855
1579352293 5.217183758
1579352456 5.308470213
1579352620 5.565943853
1579352777 5.553818358
1579352939 5.51925507
1579353102 5.427714696
1579353975 5.455463034
1574707114 5.478536237
