1569849913 5.340353334
1569850117 4.946580047
1569849913 5.340353334
1569850117 4.946580047
1569850927 5.295504199
1569851136 5.054826272
1569851471 16.427284873
1569851692 5.432120269
1569851922 5.249854628
1569852151 5.206337482
1569852389 4.984867042
1569852606 5.381584081
1569852997 5.37202624
1569853309 5.192579722
1569853547 4.864202042
1569854189 5.417647867
1569855148 5.54188351
1569855593 7.381261828
1570446921 5.10049294
1570448013 5.016509822
1570448740 4.85552702
1570449209 4.913413204
1570543035 5.028086704
1570543391 8.269489317
1570543599 4.931968158
1570544528 5.039193777
1570544727 4.912521435
1570544989 5.053417221
1570545194 4.746147477
1571322907 5.177277223
1571323229 4.728087855
1571323622 5.092315542
1571324024 4.869413143
1571324424 5.013365167
1571325030 4.91924387
1571325227 4.923054932
1571325426 5.143701425
1571325630 5.077938551
1571325829 5.026387323
1571326029 4.780146291
1571326720 5.044150645
1571326933 4.993751122
1571327140 5.043678442
1571327354 4.774452496
1571327745 5.00019661
1571328135 5.014188841
1571328526 5.03731638
1571328917 4.893489736
1571329309 4.964330233
1571329902 5.014412973
1571395822 4.981791299
1571396018 5.061365572
1571396215 5.327712722
1571396414 4.903084603
1571396811 5.192430487
1571397040 4.960403943
1571397244 4.967166624
1571397443 4.850219344
1571397640 4.939234227
1571397858 4.936596547
1571398251 5.10080496
1571398646 5.084201719
1571399036 5.367562206
1571399428 4.968443537
1571399824 5.109302859
1571400217 5.102500183
1571400639 5.272260513
1571401038 5.113023138
1571401431 4.897918992
1571404887 5.035957387
1571405087 4.870572524
1571405284 4.801423652
1571405484 5.292078477
1571405716 5.076018492
1571406811 5.073149418
1571407200 5.146363853
1571407594 4.948334991
1571407983 5.037188417
1571408375 4.893158967
1571408905 5.001287774
1571409136 5.083824588
1571409338 5.224518811
1571409536 5.107567053
1571409752 4.966016974
1571664320 4.96458011
1571664863 5.004075782
1571665067 4.863712694
1571665278 5.06238353
1571665472 5.090083951
1571665667 4.839871559
1571665867 4.93688835
1571666258 4.835979794
1571666649 5.135247566
1571667043 4.873701774
1571667479 4.937259973
1571668085 5.019251931
1571668284 5.214600843
1571668478 5.078437615
1571668682 4.982003216
1571669131 5.004153439
1571669529 6.423876076
1571751956 4.885394068
1571752150 5.139448262
1571752350 4.758677832
1571752554 5.419698416
1571752749 5.060944934
1571752946 4.830249338
1571753143 4.825929012
1571753340 5.052441316
1571753537 5.758392385
1571753733 5.089400659
1571754042 5.020782765
1571754832 4.964728823
1571755235 5.028100515
1571755798 5.403328421
1571756468 4.952337932
1571756879 4.892350398
1571757328 5.018970492
1571757718 4.664752652
1571758117 5.003666178
1571758507 4.823092478
1571760091 4.961724934
1571760288 4.902780046
1571760489 4.989372601
1571760688 4.865427643
1571760886 4.828477798
1571761098 5.093573088
1571761298 5.002572141
1571761688 4.920994988
1571761888 4.868717197
1571762119 7.229007181
1571762511 4.90820312
1571762911 4.898197048
1571763299 4.907596126
1571763690 5.001581582
1571764095 5.321505949
1571764508 4.772937188
1571764900 4.959006865
1571765288 5.032357675
1571765680 5.02721641
1571766257 4.995785726
1571767039 5.047455353
1571922188 4.955941068
1572003199 4.903502003
1572003393 5.074944261
1572003591 4.959891895
1572003789 4.941707783
1572003985 5.102604523
1572004180 4.85511102
1572004375 4.750299759
1572004575 4.792570758
1572004776 4.89705062
1572004975 4.90606577
1572006266 4.980438342
1572007003 4.977685684
1572007397 4.904704974
1572007891 5.003168483
1572008301 5.128394523
1572008704 5.178329474
1572009098 5.18102107
1572009488 4.985016484
1572009879 5.171747907
1572010274 4.856833775
1572011177 4.927969425
1572011373 5.072272397
1572011567 4.951499936
1572011766 5.033891761
1572011963 5.042941392
1572012160 5.090146531
1572012355 5.128198647
1572012549 4.935880744
1572012744 5.208701798
1572012937 4.964027574
1572013227 5.006707046
1572013620 4.938201005
1572014013 4.999866975
1572014404 5.044472595
1572014793 4.535548677
1572264997 4.655914546
1572265193 5.160011372
1572265391 5.091284364
1572265590 5.03436759
1572265787 4.903999965
1572265998 4.903900048
1572266191 5.000371308
1572266593 6.04639342
1572266792 2.928431192
1572268074 4.994849716
1572268845 5.151080532
1572269258 4.971873657
1572269665 4.953170501
1572270082 4.999334888
1572270872 4.938688882
1572272236 3.948125217
1572272566 3.953767482
1572272901 3.877549785
1572273234 4.177973792
1572273580 3.996152074
1572274072 4.102342586
1572274240 3.953282572
1572274416 4.144892726
1572274582 4.077197035
1572274754 4.037839335
1572274924 4.272395805
1572275093 3.986389451
1572275440 3.826691102
1572275615 4.148266442
1572276002 3.712583342
1572276338 4.14338341
1572276676 3.83342668
1572277006 3.968335207
1572277337 3.965984141
1572277676 6.969123788
1572278031 4.126963671
1572278364 4.023653383
1572361407 4.953953969
1572361603 4.784946062
1572361798 4.986179484
1572361995 4.959886095
1572362191 4.924235145
1572362387 4.674778703
1572362582 5.023787594
1572362781 4.829994726
1572362977 4.964091842
1572363424 4.059342088
1572363753 3.94213939
1572364083 4.020339225
1572364413 3.894949368
1572364746 3.96826545
1572365088 4.005245662
1572365466 3.930422081
1572365837 4.787237078
1572366177 4.193558448
1572366513 3.647961261
1572366863 4.878423675
1572367032 3.978855462
1572367201 4.037248722
1572367370 4.151891793
1572367543 5.212289833
1572367723 4.062715867
1572367900 3.962741845
1572368067 3.853434603
1572368234 4.171714027
1572368400 4.062174342
1572369542 4.118470583
1572369872 3.788235617
1572370203 4.179073992
1572370535 4.05111871
1572370864 3.963495139
1572371193 3.929123001
1572371526 4.048815349
1572371855 3.972493166
1572372185 4.083704261
1572372514 4.169800749
1572532327 5.156049491
1572532529 5.10025773
1572532734 5.02737824
1572533520 4.196116792
1572533858 4.054260904
1572534212 3.887583752
1572534559 3.945887274
1572534892 3.807930271
1572535240 4.055600876
1572535570 3.888111679
1572535906 3.857068234
1572536237 4.102104678
1572536601 3.83251517
1572537204 3.801682837
1572537858 3.990528885
1572538510 4.038724361
1572539167 3.937221419
1572539820 4.048175329
1572540726 4.151986026
1572541380 3.759420714
1572542029 4.182674998
1572542675 3.937044299
1572543321 4.053769785
1572544452 3.930195578
1572544619 3.978565027
1572544789 4.13140412
1572544964 4.25752547
1572545138 3.9906876
1572869964 3.9337635
1572870352 4.255001075
1572870538 3.719811805
1572870754 3.791378405
1572871093 3.839163336
1572871744 4.004007987
1572872392 3.967754803
1572873074 4.097651575
1572873723 3.947145829
1572874781 8.960991726
1572875634 5.67805026
1572876871 4.057238322
1572877525 4.084432431
1572878737 4.13649308
1572879865 4.058916714
1572880147 4.093859592
1572880483 4.051390701
1572880822 3.857085128
1572881167 3.83536549
1572881502 4.034633615
1572881834 4.065100986
1572882165 3.92948512
1572882555 4.036073221
1572882905 3.847116675
1572883245 3.959102368
1572965345 3.976994643
1572965513 4.240616052
1572965680 3.827182214
1572965849 3.979565652
1572966019 5.414480893
1572966186 4.1000826
1572966358 3.934903814
1572966529 16.682760316
1572966715 4.026811461
1572966886 3.939558551
1572967111 4.024605441
1572967812 4.183202191
1572969117 3.638276655
1572969770 3.91807219
1572970429 3.915422659
1572971081 4.174027124
1572971743 4.072154885
1572972403 3.868058204
1572973115 3.975299057
1572973769 4.000564259
1572974418 3.61883293
1572975147 4.225552261
1572975474 4.04656444
1572975814 5.071610463
1572976175 4.080883954
1572976556 3.94466215
1572976885 4.140578387
1572977216 3.767949728
1572977579 3.95649197
1572977926 4.100912953
1573206992 4.099817741
1573207161 3.982018651
1573207330 3.838393162
1573207496 4.098633575
1573207666 3.865028501
1573207834 4.104585547
1573208000 4.084694589
1573208165 3.954162437
1573208332 3.845389417
1573208499 3.888444586
1573208704 3.937190705
1573209355 3.975124681
1573210687 4.075015165
1573211353 3.903063283
1573212008 4.181118866
1573212657 4.159161878
1573213311 3.874611731
1573213979 3.968688111
1573214636 3.888157087
1573218171 3.975944223
1573218500 3.999025831
1573218891 4.05296751
1573220234 3.912051641
1573220402 3.925375851
1573220569 3.761441815
1573220738 3.830645158
1573220906 3.957858842
1573221073 4.159470646
1573221238 3.883931195
1573221406 3.97864376
1573221573 4.139524548
1573221743 4.108100066
1573221932 3.838089821
1573222103 3.799205235
1573222269 4.037902953
1573222434 4.00864493
1573222603 3.99670313
1573301083 4.317061106
1573301252 4.070180553
1573301422 3.964591836
1573301603 3.923713559
1573301787 3.94996848
1573301958 4.127460434
1573302134 3.92953363
1573302309 4.233586897
1573302477 4.11832894
1573302644 3.983728147
1573303793 3.679160564
1573304125 3.803943214
1573304288 3.659654281
1573304450 3.527634717
1573304617 4.13168827
1573304776 3.566720868
1573304935 3.931603256
1573305258 4.403397242
1573306396 3.83841749
1573307392 3.678527198
1573307709 3.668748096
1573309326 3.592993632
1573310167 3.460880242
1573741826 3.771580208
1573743578 3.810667476
1573744269 3.822458756
1573744872 3.751180032
1573745490 3.408383916
1573745890 3.511687144
1573749097 3.906578307
1573749209 3.546723167
1573749302 3.527917677
1573752690 3.416650139
1573752849 3.678352699
1573753632 3.720414408
1573753793 3.844124974
1573754773 3.800781878
1573754932 3.283784627
1573755420 3.885351039
1573755576 3.875408793
1573755734 3.762957201
1573755892 3.884471301
1573831514 3.960909251
1573831673 3.784862927
1573831846 3.837531214
1573831998 3.672615903
1573832313 3.986268826
1573832480 3.77204805
1573832635 3.800774038
1573832790 3.893033827
1573833144 3.754608962
1573833307 3.679779395
1573833463 3.903505393
1573833621 3.905401375
1573901154 3.79025496
1573901310 3.986090269
1573901780 4.149802998
1573901935 3.922600164
1573902093 3.912873059
1573902250 3.97363469
1573902406 3.762080228
1573902599 3.750936775
1573902907 3.584861533
1573903840 3.599982988
1574686085 4.020366031
1574686561 3.671246182
1574687254 3.864089309
1574690473 3.962942624
1574693793 3.808136961
1574694865 3.73806793
1574695110 4.010495978
1574695439 3.591370238
1574708000 3.209768007
1574708412 4.134202582
1574708494 3.864156126
1574954135 3.667068246
1574954297 4.319902428
1574954823 3.835707219
1574955910 9.037196806
1574960172 3.751005895
1574961436 3.742299942
1575026627 3.899034928
1575027596 3.710668481
1575027925 3.895371012
1575028106 3.828425729
1575029998 4.081860078
1575030310 3.788626326
1575030626 3.996327671
1575034632 3.674750593
1575036803 3.796378987
1575113105 3.622157889
1575113741 4.047521819
1575114056 3.597534663
1575114393 3.589012335
1575120762 3.730085616
1575122383 3.504975831
1575290569 4.449416052
1575290744 3.791729913
1575291063 3.580631828
1575294573 4.761151525
1575295325 4.396039668
1575300416 3.811865246
1575386110 3.625284889
1575386826 4.648485122
1575387445 3.760429811
1575388678 3.795263128
1575390549 3.312987213
1575391679 3.359792428
1575397033 10.058338756
1575397322 9.266934986
1575397565 7.603955279
1575397922 12.187937989
1575398171 8.994634924
1575398387 13.238474859
1575556820 3.689988616
1575556999 3.77304053
1575557182 3.668702382
1575557540 3.544676471
1575557706 3.914231238
1575558166 10.562707676
1575559199 3.6820513
1575561074 4.039640302
1575561778 3.877476278
1575564158 3.718920404
1575568387 3.666616769
1579184432 3.973176751
1579185030 3.911495461
1579185380 4.445136278
1579185738 3.763669576
1579185916 3.761382039
1579186104 4.012173482
1579187664 3.803577126
1579188305 3.58164538
1579189950 4.640972345
1579192011 3.599361271
1579352050 3.756333833
1579352211 3.648305856
1579352857 3.665374445
1579353019 3.862838374
1579353183 3.543053022
1579354064 3.889709965
1579354993 3.512134706
1579356224 3.669090229
1579360379 3.853927015
1579360938 3.682514782
1579362603 3.852570214
1579363732 3.773559289
1579523201 3.492228372
1579523723 4.487918218
1579523905 3.282174216
1579524091 3.991046696
1579524262 3.711704927
1579524662 3.814074927
1579525713 3.683596736
1579528349 3.718807969
1579530847 3.502191913
1580215781 3.40303249
1580215941 3.692678591
1580216425 3.64605647
1580216766 3.629515735
1580218775 3.755813648
1580219128 3.806359121
1580219488 3.539764381
1580222531 3.436673552
1580222845 3.47599455
1580224662 3.376840766
1580225220 3.620693716
1580227529 3.883558141
1580305155 3.757045026
1580312097 3.884880149
1580312683 3.575730024
1580313240 3.926802327
1581935335 4.277573499
1581935659 5.7568361
1581935987 12.572501974
1581936654 18.661364956
1581936831 18.936619008
1581937503 7.010389771
1581937805 9.553261588
1581946849 3.883422016
1581947769 3.742805522
1582027172 4.326166093
1582027342 4.231874158
1582027755 4.228134243
1582028255 3.524422621
1582031206 4.180545511
1582031499 4.149707934
1582035428 4.205093624
1582036637 4.436037344
1582037846 4.274696397
1582113562 4.159449626
1582113903 3.838178699
1582114396 3.954637671
1582115051 4.18747335
1582115217 4.245554395
1582116051 4.41383556
1582116263 8.446174062
1582116607 4.152720281
1582119609 4.349095097
1582121007 4.192857319
1582125968 3.94563223
1582128777 3.49069675
1582129111 3.843883309
1582185016 4.029217136
1582185935 4.001684159
1582186095 3.552771912
1582186255 3.759799553
1582188109 3.306394301
1582188724 3.674838866
1582189442 3.837468621
1582192213 4.031438537
1582193720 3.799800914
1582193883 3.845807367
1582194048 3.827486799
1582194203 3.837435701
1582194365 3.791368571
1582194530 3.795742328
1582195179 3.903586284
1582195993 3.628608686
1582196154 3.876550231
1582196313 3.873481728
1582196788 4.106503776
1582197117 3.852459341
1582197275 3.59391546
1582197435 3.86272686
1582197611 3.816371194
1582197769 3.804136522
1582198085 3.928255622
1582198403 3.771402575
1582198685 3.542249285
1582199034 3.635802139
1582631341 3.877923393
1582631501 3.712566131
1582631658 3.56095294
1582631815 3.914294498
1582632129 3.663256948
1582632287 3.803749082
1582632451 3.721315736
1582634867 3.824621326
1582636003 3.625705479
1582636579 4.790202191
1582640579 3.91953453
1582642273 3.803844911
1582643452 3.11862354
1582884468 3.867947193
1582885144 3.625495707
1582898594 3.839307966
1582900869 3.797733406
1582902613 3.306990932
