1569854507 5.539675927
1569855932 5.234604127
1571330204 5.580276206
1571766560 5.718663453
1571767342 5.548951504
1572537457 4.433767233
1572538113 4.615139843
1572538773 4.578138665
1572539426 4.396040231
1572540073 4.515580494
1572540978 4.616107656
1572541632 4.464775642
1572542281 4.433127001
1572542928 4.515656585
1572543593 4.307028454
1572871347 4.525646264
1572871997 4.604576008
1572872674 4.516834627
1572873327 4.477929376
1572873981 4.483828646
1572875042 4.612568864
1572875903 4.384904725
1572877129 4.437370824
1572877778 4.560705878
1572879009 4.472640736
1572967414 4.40314381
1572968070 4.501116966
1572969373 4.452726262
1572970033 4.479174132
1572970684 3.439331146
1572971335 4.437486262
1572971999 4.436859831
1572972656 4.673595501
1572973374 3.294273128
1572974022 4.475657896
1572974674 4.480569968
1573208957 4.562470299
1573209612 4.565453251
1573210286 4.533646914
1573210955 4.652357577
1573211614 4.32257195
1573212262 4.52499396
1573212913 4.458013122
1573213564 4.427497334
1573214236 4.448864224
1573214891 4.688407142
1573310411 4.151548359
1573311032 4.145910178
1573311647 4.261985136
1573312351 4.503434875
1573312961 4.184626323
1573313589 4.134486374
1573314221 4.319241319
1573314834 4.213292477
1574696444 3.83766262
1574697025 3.98980044
1574697615 4.187810096
1574698189 3.87420684
1574698774 4.074979153
1574709559 4.255698451
1574710846 4.398980683
1574710846 4.398980683
