1569854679 4.74254452
1569856284 11.444650299
1571330341 4.613554736
1571766698 4.426576235
1571767482 4.433455133
1572537572 3.736762891
1572538226 3.620378
1572538886 3.679934756
1572539539 3.717973345
1572540186 3.647613235
1572541091 3.632115716
1572541745 3.636708766
1572542393 3.625744269
1572543041 3.586775649
1572543706 3.61705217
1572871460 3.725398148
1572872111 3.715572323
1572872789 3.676222755
1572873440 3.727892577
1572874098 3.720373164
1572875162 3.657466397
1572876016 3.634942573
1572877242 3.646088693
1572877896 3.498678625
1572879137 3.587256517
1572967528 3.57258173
1572968185 3.618958232
1572969485 3.66787493
1572970147 3.736966976
1572970797 3.666870804
1572971458 3.706093206
1572972120 3.683060045
1572972769 3.715459699
1572973485 3.708266872
1572974135 3.669508959
1572974787 3.598062692
1573209070 3.633508006
1573209725 3.651685182
1573210400 3.664024558
1573211068 3.631983616
1573211726 3.677520124
1573212375 3.538209397
1573213028 3.733092567
1573213677 3.704281924
1573214349 3.667345495
1573215007 3.732507744
1573310521 3.293793681
1573311138 3.621114997
1573311750 3.551794818
1573312457 3.328083425
1573313071 3.46238966
1573313697 3.480001471
1573314326 3.249854846
1573314940 3.412399572
1574696548 3.5137268
1574697128 3.518463042
1574697720 3.448159848
1574698292 3.381650657
1574698880 3.503592136
1574709691 3.509141896
1574710951 3.470684698
1574956300 3.480141518
1574956962 3.443585279
1574957563 3.529662893
1574958145 3.435810616
1574958738 3.491108314
1574959327 3.404967923
1574959927 3.455493162
1574960505 3.461592393
1574961115 3.396220696
1574961751 3.526694434
1575033227 3.398292857
1575033795 3.411216697
1575034385 3.419049085
1575034959 3.61864924
1575035522 3.533693281
1575036560 3.519953505
1575037122 3.256657394
1575037681 3.445997619
1575038683 3.461415923
1575039254 3.500640312
1575120515 3.498383409
1575121080 3.540437395
1575122075 3.503698397
1575122701 3.498717327
1575123258 3.52457449
1575123817 3.430892922
1575124374 3.419854311
1575124940 3.566434494
1575125503 3.403751581
1575126069 3.536069363
1575297820 3.503304411
1575298394 3.44352909
1575298964 3.53546327
1575299544 3.497569682
1575300115 3.377607649
1575300733 3.488159362
1575301505 3.458060723
1575302113 3.568096043
1575390302 3.495722195
1575390872 3.636149814
1575391435 3.460090703
1575392001 3.54495082
1575392810 3.404961636
1575393447 3.544505237
1575394005 3.588449309
1575394572 3.511194469
1575395136 3.386719836
1575395700 3.423929209
1575562546 3.5394853
1575563231 3.495754347
1575563880 3.46330849
1575564478 3.465526574
1575565059 3.533541859
1575565625 3.510222124
1575566199 3.455812122
1575566780 3.455561442
1575568125 3.51083782
1575568710 3.468285338
1579191154 3.394679936
1579191766 3.535213109
1579192333 3.533750972
1579193504 3.334982303
1579194068 3.557192342
1579194637 3.480347734
1579195201 3.636662867
1579195791 3.474101123
1579196355 3.382428965
1579359560 3.36818914
1579360137 3.432555219
1579360697 3.467038108
1579361253 3.495231291
1579361808 3.50716631
1579362362 3.319618306
1579362920 3.60106002
1579363486 3.455745567
1579364053 3.479261954
1579364613 3.331808601
1574710951 3.470684698
