1570448821 11.817991759
1570449292 11.72268328
1570449756 13.689044255
1571323309 11.869912046
1571323703 11.805442595
1571324104 12.483211114
1571324504 11.962331147
1571327435 12.061622734
1571327825 11.936305164
1571328216 11.949911586
1571328607 12.16870318
1571328999 11.847810879
1571329389 11.826107981
1571397938 12.27097346
1571398331 14.408526762
1571398726 11.768905956
1571399508 11.935252192
1571399907 11.589195553
1571400298 12.028233589
1571400720 192.790651803
1571401118 11.944089459
1571401511 12.077190842
1571406891 12.068627047
1571407281 12.250271992
1571407675 11.900454218
1571408063 12.259427933
1571408456 12.909811138
1571665948 13.064698349
1571666338 11.78308956
1571666729 11.690252627
1571667123 11.943682563
1571667560 11.700297988
1571669212 12.430966693
1571669611 11.924864781
1571754122 11.850950272
1571754520 12.014674562
1571755317 12.039233743
1571756548 11.863097838
1571756974 11.849402726
1571757408 11.651158034
1571757804 11.60897942
1571758198 11.990994806
1571758587 12.092700821
1571762202 11.883500987
1571762598 12.024745679
1571762991 11.801512744
1571763379 11.725346817
1571764179 11.957476688
1571764589 12.092236006
1571764980 12.313160084
1571765369 12.230291295
1571765761 11.648259584
1572006345 12.046075291
1572007085 12.429095871
1572009179 12.132358274
1572009568 12.317526405
1572009960 12.050709797
1572010356 11.828242924
1572010746 11.783513762
1572013308 12.109033697
1572013702 11.885903589
1572014093 12.022565466
1572014484 11.608636544
1572014874 11.965840392
1572268925 11.799279571
1572269343 11.47725314
1572269758 12.043023111
1572270164 11.947315861
1572270560 12.193121549
1572270956 12.15348087
1572272303 10.998683342
1572272634 11.210281639
1572272969 10.992846937
1572273307 13.764664734
1572273648 11.13703985
1572276072 11.073138213
1572276408 10.951760968
1572276743 11.47252258
1572277074 10.917742768
1572277406 11.07621664
1572277769 10.831147405
1572278100 11.092629129
1572278432 10.956229778
1572363491 11.042825828
1572363821 11.235854151
1572364151 11.30111208
1572364481 10.973423723
1572364819 11.801692208
1572365156 11.024597146
1572365534 10.831653771
1572365907 11.345018071
1572366248 11.062723061
1572366581 11.265093508
1572369610 10.917007681
1572369940 11.415305964
1572370270 11.275711199
1572370603 11.185949495
1572370931 10.679940109
1572371263 10.888627876
1572371593 10.943640977
1572371925 11.063982212
1572372252 12.120268839
1572372582 12.554960226
1572533588 11.247728589
1572533926 10.872646828
1572534280 10.881910984
1572534627 11.057568148
1572534959 13.03401265
1572535308 11.081287526
1572535638 11.229426991
1572535974 11.240663784
1572536335 13.332069203
1572536670 11.379497017
1572880217 12.696381078
1572880553 10.902959618
1572880893 10.834010519
1572881236 10.896253692
1572881570 11.257354044
1572881904 10.975817416
1572882234 11.029052442
1572882624 11.003624733
1572882976 10.828007696
1572883313 12.194655886
1572975212 10.875003521
1572975543 10.940598022
1572975909 11.4379882
1572976292 10.986511102
1572976624 10.84755078
1572976953 10.821640485
1572977283 11.746705108
1572977646 10.903630407
1572977993 11.228034835
1573218238 11.175723994
1573218568 10.500491268
1573306483 11.746994799
1573306798 11.426173728
1573307136 10.820920692
1573307457 12.240734308
1573307774 11.072100297
1573308095 11.034003817
1573308424 10.47657376
1573308741 10.738632363
1573309061 11.175848996
1573309392 10.843677595
1573828008 10.706625968
1573828319 10.750132019
1573828629 10.794825312
1573828935 10.575225345
1573829238 11.071412851
1573829545 12.884441958
1573829931 182.598853403
1573830414 10.508812505
1573830720 12.054716873
1573831029 10.772824894
1573902662 10.893951176
1573902970 11.058264596
1573903281 10.885296793
1573903592 10.596045878
1573903903 10.584821998
1573904212 10.791092291
1574687981 10.833033046
1574688298 10.849747374
1574692305 11.84136045
1574693221 11.127632856
1574693531 10.85143728
1574693861 11.375291853
1574694288 10.955398963
1574694618 10.732344651
1574695172 10.761126916
1574695511 13.447297022
1574695823 10.4697998
1574698617 5.021979917
1574707275 10.853147513
1574708063 11.366489851
1574708758 10.931608749
1574950769 11.475544913
1574951089 65.952472465
1574951475 14.993765068
1574951819 11.745295826
1574952139 10.797247314
1574952470 77.456617823
1574952866 10.463941125
1574953235 10.801474536
1574953544 10.624565792
1574953873 11.066862664
1575028170 10.488467289
1575028479 11.031262559
1575028791 10.904861289
1575029123 10.672514803
1575029438 10.454190242
1575029748 12.288535854
1575030061 10.555895884
1575030373 10.704972458
1575030689 12.017436501
1575031021 11.03074733
1575114455 12.056485797
1575114759 10.695566787
1575115070 10.871888107
1575115379 11.002167831
1575115688 11.447924996
1575116314 10.874702496
1575116625 10.633722024
1575116932 10.733180606
1575117243 11.642207452
1575292969 10.912919039
1575293302 11.448676728
1575293638 15.483484104
1575293981 10.244752989
1575294324 10.910894311
1575294663 10.910594539
1575295029 10.716274047
1575295420 11.160445961
1575295774 10.827720576
1575296981 10.297676286
1575385862 10.550048338
1575386174 10.847149639
1575386485 11.177389068
1575386890 10.744692792
1575387198 10.582467587
1575387508 10.986350979
1575387819 10.498885784
1575388126 11.051997058
1575388435 10.649155664
1575388740 10.775653893
1575474435 10.973419775
1575558623 10.378455095
1575558934 10.551975843
1575559261 11.26760802
1575559580 10.915757683
1575559948 10.617918832
1575560606 15.81041017
1575561143 10.387822484
1575561486 11.330544811
1575561844 11.059939801
1579186367 11.034063729
1579186710 11.436495803
1579187728 10.939064112
1579188055 12.527448044
1579188506 10.286318358
1579189039 11.668417288
1579189368 10.885540263
1579189699 10.740645211
1579190036 10.601098679
1579190369 12.305394335
1579195526 4.636551907
1579354129 10.68797746
1579354434 11.154604204
1579354746 11.201841991
1579355055 10.645435707
1579355363 10.685086222
1579355672 10.927011726
1579355981 10.602107522
1579356287 10.639917125
1579356593 10.667716357
1579356899 10.760889684
1579524726 10.889566595
1579525071 10.68158827
1579525401 10.871016316
1579525789 10.453377097
1579526116 10.616477193
1579528413 10.526343687
1579528772 11.406959933
1579529216 11.12803174
1579529560 12.483698197
1579529872 11.435531406
1580217861 150.900346049
1580218192 10.803256726
1580218505 10.980108374
1580218841 11.804625474
1580219196 17.316878022
1580219565 10.679947591
1580222279 11.196922623
1580222595 10.578470721
1580222908 10.548168012
1580223213 10.404985087
1580225841 4.925106228
1580306504 10.424593523
1580306805 10.407723494
1580307204 10.769159717
1580307681 11.033407848
1580307992 10.644202958
1580308305 12.163187752
1580310508 11.318038713
1580310821 10.866035483
1580311134 11.071463975
1580311445 12.061958714
1580311816 10.811882327
1574708758 10.931608749
