1569850036 2.034366686
1569850240 2.262153005
1569850036 2.034366686
1569850240 2.262153005
1569851054 2.219706322
1569851259 2.097355107
1569851609 2.211965393
1569851821 2.671870068
1569852050 2.685506229
1569852275 2.277466721
1569852512 2.255742595
1570543160 2.40780103
1570543522 2.338196363
1570543732 2.395754021
1570544649 2.599510199
1570544907 2.563222022
1570545109 2.27851559
1570545325 2.478904917
1571323032 2.347638921
1571325150 2.642579841
1571325346 2.707900941
1571325552 2.424022923
1571325752 2.476824486
1571325948 2.729849958
1571326157 2.659912843
1571327056 2.403155407
1571327266 2.498133393
