1569853592 339.11432696
1569854233 721.700659446
1569855205 301.109943939
1569856524 4.555552136
1570446963 388.534712233
1570448055 126.971588267
1570448782 328.393795949
1570449254 311.625734969
1571323271 280.750393484
1571323664 290.748432452
1571324066 286.146692033
1571324466 279.635133699
1571327397 278.940639155
1571327787 279.868928182
1571328177 280.174571231
1571328569 279.809486822
1571328960 280.674486062
1571329352 277.819556719
1571330596 10.973842267
1574711150 9.991136322
1574708727 224.383700303
