1569853938 5.932678697
1569854964 6.115476818
1569855513 6.059376841
1569856536 4.769277291
1570447358 6.01131574
1570448188 5.952422433
1570449117 35.258987408
1570449572 6.327189373
1571323559 6.093439988
1571323961 6.078827596
1571324359 6.083941295
1571324752 6.104434096
1571327682 6.183274624
1571328073 6.132130721
1571328464 5.984318247
1571328855 6.287291087
1571329247 6.075851649
1571329636 6.004473042
1571330614 5.838753007
1571398186 6.121251066
1571398582 6.277409824
1571398974 5.955233888
1571399365 5.995243195
1571399757 6.011986641
1571400154 6.087377846
1571400575 5.994006412
1571400973 6.062630438
1571401368 6.102683878
1571401758 5.811116524
1571407138 5.982216851
1571407530 6.014832622
1571407921 5.81266921
1571408311 6.268411485
1571408703 5.978379171
1571666195 6.06436398
1571666587 6.117668077
1571666979 6.008070452
1571667369 6.206166431
1571667815 6.182660819
1571669465 6.224334327
1571669859 5.952341313
1571754376 6.127809692
1571754767 6.015792262
1571755168 6.057125878
1571755570 5.980285516
1571755988 8.549674608
1571756799 6.060120126
1571757237 6.064904214
1571757654 6.118470807
1571758052 6.198318791
1571758443 6.284465674
1571758836 6.103728128
1571762447 6.024404464
1571762846 6.115949041
1571763236 6.009873041
1571763627 5.934707432
1571764020 6.149604305
1571764445 5.949408012
1571764837 6.22702124
1571765226 5.940437533
1571765617 6.187209294
1571766007 6.072689034
1571766975 6.23088641
1572006709 5.955599249
1572007334 6.187740014
1572007729 5.896902104
1572008239 4.848179415
1572008640 6.009685069
1572009035 6.11621784
1572009425 5.964409214
1572009815 5.926896774
1572010206 6.614933115
1572010602 6.041171853
1572010993 6.010637148
1572013556 6.033527621
1572013949 5.933699075
1572014341 6.091349636
1572014730 6.187027081
1572015120 6.214509872
1572268264 27.335942459
1572269177 6.239098613
1572269592 6.070937073
1572270007 6.052369964
1572270413 6.195445857
1572270807 6.025887653
1572271334 5.913731786
1572272513 5.02200304
1572272849 4.738381147
1572273180 4.940555359
1572273527 4.942717274
1572273863 4.884704612
1572276283 4.865473103
1572276620 4.768363581
1572276953 5.005392115
1572277284 4.76508637
1572277619 4.912482374
1572277978 4.76945429
1572278310 5.046801875
1572278642 4.9110111
1572363700 4.892887076
1572364030 4.832151948
1572364361 4.893032199
1572364693 4.852573804
1572365028 4.898119559
1572365365 4.959232757
1572365744 4.82116936
1572366124 4.780448663
1572366457 4.81364089
1572366790 4.924890003
1572369818 4.883513769
1572370148 4.890483466
1572370480 4.852435124
1572370811 4.852426021
1572371140 4.944035723
1572371472 4.873427432
1572371802 4.832969432
1572372132 4.907125728
1572372461 4.852906716
1572372795 4.87702833
1572533806 4.857721713
1572534160 4.993496946
1572534507 4.87149081
1572534838 5.110366989
1572535187 4.945924867
1572535518 4.856724936
1572535848 4.801643037
1572536183 5.392574105
1572536547 5.058209793
1572536884 4.827244683
1572537805 4.814259841
1572538458 4.95568576
1572539114 4.899235546
1572539767 4.835840766
1572540423 4.684117791
1572541326 4.782105364
1572541975 4.987318252
1572542623 4.83724845
1572543269 4.82904013
1572543942 4.771223213
1572871691 4.904471256
1572872339 4.922634685
1572873020 4.874788179
1572873671 4.808960999
1572874328 18.271839765
1572875393 4.961047547
1572876261 5.352807392
1572876295 8.769304165
1572877472 5.023606641
1572878128 5.007061003
1572879370 4.795625781
1572880004 3.451695653
1572880430 4.751785785
1572880765 5.024929756
1572881115 4.90366471
1572881447 4.865363745
1572881782 4.889088867
1572882112 4.916035079
1572882498 5.223730978
1572882834 4.923919971
1572883185 4.715908298
1572883528 4.869483735
1572967758 4.850320164
1572968741 6.203791614
1572969714 8.07155846
1572970374 4.970133021
1572971026 4.99182415
1572971688 4.941497066
1572972350 4.907860126
1572973062 4.857297593
1572973714 4.990806303
1572974366 4.88907381
1572975021 4.853414638
1572975420 4.713626656
1572975751 4.914191871
1572976122 4.956289382
1572976501 4.821652143
1572976832 4.803959842
1572977163 4.806772038
1572977525 4.803453009
1572977854 4.860083864
1572978244 4.783717783
1573209301 4.878486889
1573209968 4.870185811
1573210632 4.915392668
1573211300 4.935660853
1573211956 4.835577384
1573212605 4.77016488
1573213259 3.845875567
1573213924 4.86711615
1573214582 4.964568354
1573215243 4.980946834
1573218447 4.772089991
1573218781 4.901871514
1573218959 5.144276881
1573306683 4.275577652
1573307006 4.678379271
1573307342 4.429199931
1573307659 4.667227204
1573307978 4.607651567
1573308295 4.469144045
1573308626 4.498844853
1573308946 4.435983912
1573309268 4.740523519
1573309596 4.564987747
1573310742 4.67128852
1573311358 4.765434321
1573311976 5.006818443
1573312675 4.366185101
1573313294 4.624699185
1573313917 4.576557002
1573314545 4.46701171
1573315223 18.07286844
1573741876 4.308575612
1573741994 4.524195309
1573743628 3.419121669
1573743728 4.498651284
1573743826 4.489671805
1573743925 5.356313598
1573744024 4.519473524
1573744120 4.523754707
1573744218 4.405063763
1573744316 4.486003963
1573744407 4.826567501
1573744504 4.398037881
1573744611 3.381128122
1573744708 4.370157525
1573744821 4.657241867
1573744920 4.496882713
1573745057 4.438751143
1573745242 3.29062304
1573745337 4.519088791
1573745440 4.416127981
1573745537 4.391511878
1573745637 6.185091962
1573745737 4.485847701
1573745840 4.347326686
1573745937 4.331411361
1573746034 4.493772899
1573746134 4.477687496
1573746233 4.951130525
1573746333 4.401757455
1573746434 4.392249733
1573746531 4.564858401
1573746626 4.791082624
1573748947 4.393360367
1573749043 4.531103462
1573749145 4.482612753
1573749256 4.512385764
1573749354 4.56202015
1573749489 4.62363296
1573749588 4.474804536
1573749688 4.487835039
1573749787 4.55872547
1573749883 4.499737124
1573828207 4.690829916
1573828516 4.482121996
1573828822 4.550114828
1573829127 4.703856086
1573829431 4.536703337
1573829813 3.336204121
1573830300 4.535960886
1573830609 4.541703064
1573830915 4.453701023
1573831220 4.52020845
1573902854 4.507023673
1573903166 4.704472158
1573903481 4.81225224
1573903791 3.378503944
1573904100 4.682999529
1573904407 4.463737945
1573904586 5.884250978
1574688178 4.923030196
1574688495 4.442187611
1574689317 4.577709932
1574692190 4.423776997
1574692503 4.333174385
1574693420 4.555464129
1574693738 4.616712778
1574694068 4.436467356
1574694814 4.401179073
1574695367 4.496655253
1574695710 4.520302441
1574696019 4.394651695
1574696745 4.870752316
1574697321 4.423533947
1574697915 4.445218904
1574698484 4.436157948
1574699072 4.385218925
1574706701 4.580941556
1574707334 5.047315989
1574708300 4.611540494
1574708598 4.442353428
1574708956 4.449500227
1574709168 4.507677714
1574709909 4.38865312
1574710512 4.531096567
1574711164 4.376109676
1574711164 4.376109676
1574708956 4.449500227
