1569849928 11.588222668
1569850132 11.670673739
1569849928 11.588222668
1569850132 11.670673739
1569851707 11.61506362
1569851937 12.070237073
1569852404 11.590801843
1569852621 11.437436037
1569853012 11.952229759
1569853323 11.720891984
1569853564 11.31818086
1569855610 11.650127546
1570446935 11.051446637
1570448027 11.352293876
1570448754 11.444056162
1570449223 11.372611406
1570543049 11.710286065
1570543409 11.990867942
1570543613 11.730436031
1570544542 11.544502328
1570545003 11.282702143
1571322921 11.388452633
1571323243 11.760248034
1571323636 11.39834743
1571324038 11.403231412
1571324438 11.526006847
1571325044 11.744549478
1571325241 11.513023582
1571325440 11.271031855
1571325645 11.373414087
1571325843 11.378010554
1571326043 11.912392359
1571326734 11.841686218
1571326947 11.528813737
1571327154 11.567200459
1571327368 11.744554084
1571327759 11.584445053
1571328150 11.418251165
1571328541 11.689423024
1571328932 11.488279716
1571329324 11.343296526
1571329916 11.384538991
1571395836 11.913092565
1571396032 11.527377917
1571396229 11.616128461
1571396428 11.698431562
1571396626 11.683028874
1571396825 11.789093073
1571397055 11.350752919
1571397259 11.641667312
1571397457 11.744410476
1571397654 11.502625539
1571397872 11.154596739
1571398265 11.513638689
1571398660 11.503038052
1571399051 11.620739269
1571399442 11.506688398
1571399839 11.479443157
1571400232 11.613355972
1571400654 11.408664399
1571401052 11.648922316
1571401445 11.366432351
1571404902 11.436078193
1571405101 11.466038649
1571405298 11.791422203
1571405498 11.64940918
1571405731 11.033001378
1571406825 11.451939882
1571407609 11.45751161
1571407997 11.563903566
1571408389 11.693181337
1571408920 11.503970641
1571409151 11.404567022
1571409352 11.481486033
1571409550 11.995621789
1571409767 11.586319095
1571664334 11.545651081
1571664878 11.628017317
1571665081 11.420769158
1571665292 11.352333216
1571665486 11.564197817
1571665681 11.578130533
1571665881 11.665180672
1571666272 11.467772047
1571666663 11.566671492
1571667057 11.578514408
1571667493 11.78121846
1571668099 11.420112627
1571668298 11.543690564
1571668495 18.977412633
1571668696 11.395205019
1571668893 11.7348772
1571669145 11.606412073
1571669545 11.446016254
1571751970 11.703488727
1571752165 11.205103125
1571752364 11.923783448
1571752568 12.193470691
1571752764 11.696948683
1571752960 11.755015325
1571753157 11.667126429
1571753355 11.371166314
1571753552 11.406090629
1571753748 11.452665224
1571754057 11.498004155
1571754453 11.832533339
1571754846 11.651063829
1571755249 11.381326268
1571755813 11.507502464
1571756482 11.541689745
1571756894 11.582536354
1571757343 11.740042
1571757732 11.70424422
1571758131 11.635520017
1571758521 11.526511566
1571760302 11.533796266
1571760503 11.486932917
1571760702 11.554900978
1571760901 11.813146938
1571761113 11.147647671
1571761312 11.325823889
1571761507 11.381157602
1571762136 11.720670349
1571762925 11.772631954
1571763313 11.348726345
1571763705 11.861736644
1571764110 12.97914524
1571764522 11.73580858
1571764915 11.356515302
1571765303 11.313507179
1571765694 11.692110236
1571766271 11.610825926
1571767054 11.376496293
