1569850089 3.035005457
1569850089 3.035005457
1569850849 2.96534935
1569851107 2.863028721
1569851311 7.687145018
1569851659 3.14769807
1569851872 3.30644401
1569852100 2.896768494
1569852329 2.931229892
1569852561 3.273380574
1569853207 2.897659167
1569853500 3.021460167
1570543213 3.034531635
1570543570 3.226726464
1570543785 3.517053919
1570544698 3.195909521
1570544960 3.033540788
1570545159 3.171428933
1570545379 5.688508277
1571323082 3.03946239
1571325199 3.081068005
1571325399 2.995052678
1571325601 3.271068636
1571325802 3.199445757
1571325999 3.292563744
1571326902 3.105750803
1571327110 3.082950533
1571327314 5.459785333
1571395991 3.11441531
1571396188 3.184667787
1571396387 3.103127641
1571396584 3.235852827
1571396783 3.246255101
1571397013 3.019761717
1571397216 3.129471329
1571397415 3.030557033
1571397612 2.828106103
1571397809 3.270900063
1571405057 2.817702893
1571405257 3.519053817
1571405456 2.990891744
1571405686 3.378317373
1571405885 3.32315341
1571409107 3.197880809
1571409309 3.060636068
1571409508 3.203357645
1571409723 3.35201199
1571409922 3.073748965
1571664527 3.027310946
1571665041 3.131063417
1571665251 2.94245908
1571665445 3.153129194
1571665640 3.113239696
1571665835 3.109928684
1571668258 3.085418509
1571668451 3.094258485
1571668655 3.219439376
1571668850 3.147613126
1571669050 3.304746813
1571752124 3.234766092
1571752321 3.070821738
1571752723 3.149455741
1571752919 3.132307897
1571753115 3.027315808
1571753312 3.150136019
1571753510 2.993907772
1571753705 3.289831199
1571753902 3.179551504
1571760261 3.093625067
1571760459 3.183264289
1571760659 3.249630469
1571760860 3.054969536
1571761058 3.122696219
1571761271 3.047117265
1571761464 3.232650234
1571761659 3.108803869
1571761856 3.269305792
1571762064 3.26617505
1572003365 3.657926373
1572003564 3.143674046
1572003760 3.250778954
1572003957 3.116068334
1572004152 3.168335142
1572004348 3.246731069
1572004545 3.166094714
1572004748 3.081450592
1572004946 3.155720009
1572005142 3.08764946
1572011345 3.201291907
1572011540 3.155221842
1572011740 3.17219767
1572011934 3.398237012
1572012131 3.16547386
1572012327 3.325176335
1572012522 3.15360912
1572012715 3.136008515
1572012911 3.293307411
1572013105 3.453740176
1572265165 3.377485603
1572265365 3.110468996
1572265562 3.051669817
1572265761 3.137447524
1572265964 3.204242371
1572266165 3.163865912
1572266364 3.295121963
1572266563 3.29744604
1572266763 3.125833436
1572266970 3.190729368
1572274216 2.780458412
1572274392 2.611524067
1572274557 2.76294776
1572274730 2.781557489
1572274899 2.816482606
1572275069 2.636372501
1572275244 2.737722781
1572275415 3.056723628
1572275584 2.728469688
1572275757 2.900230186
1572361380 3.27792899
1572361576 3.168789659
1572361771 3.124799537
1572361968 3.228689968
1572362164 3.472958714
1572362360 3.158153832
1572362555 2.988106325
1572362755 3.115669987
1572362949 3.31927654
1572363147 3.252654531
1572367008 2.794248705
1572367177 2.640296136
1572367346 2.647467973
1572367512 3.818979006
1572367699 2.805840913
1572367876 2.592096406
1572368043 2.652282644
1572368211 2.391696352
1572368375 2.769482476
1572368549 2.788990632
1572532978 2.730764223
1572544596 2.997273392
1572544764 2.534634055
1572544938 2.681234392
1572545113 2.754438433
1572545283 2.779006259
1572870108 2.652341741
1572870327 2.699933981
1572870511 2.80434201
1572870730 2.826432711
1572870899 2.573288432
1572965489 2.642020257
1572965656 2.712851394
1572965825 2.658829075
1572965989 2.735326438
1572966162 2.604459784
1572966333 2.851786645
1572966500 2.75635101
1572966691 2.866711253
1572966862 2.731785885
1572967026 2.352105403
1573207137 2.689008875
1573207305 2.687850683
1573207472 2.877433283
1573207639 2.47400485
1573207810 2.819839827
1573207976 2.605176193
1573208141 2.609959665
1573208308 2.69184381
1573208475 2.652184447
1573208644 2.801798291
1573220376 2.437026619
1573220544 2.736321503
1573220714 2.760921637
1573220882 2.913107691
1573221048 2.69240829
1573221214 2.784267982
1573221381 2.774912135
1573221549 2.655204669
1573221717 2.657461778
1573221884 2.816362011
1573222079 2.689720571
1573222245 2.840153415
1573222410 2.808858351
1573222577 2.556829238
1573222746 2.823522688
1573301228 2.769473372
1573301398 2.727984163
1573301578 2.876345589
1573301763 2.607322637
1573301934 2.748997588
1573302109 2.720442505
1573302285 2.726137331
1573302619 2.822347579
1573302807 2.748193998
1573303937 2.6173359
1573304100 2.648558921
1573304260 2.600027169
1573304427 2.770309691
1573304590 2.858482037
1573304753 2.485340341
1573304912 2.652528583
1573305072 3.023314581
1573305235 2.67542456
1573305394 2.706406054
1573752608 2.612002506
1573752825 2.725437328
1573752983 2.558156568
1573753141 2.729528144
1573753295 2.723543655
1573753454 2.277669611
1573753609 2.48088929
1573753770 2.813707039
1573753926 2.155466696
1573754747 2.699436472
1573754907 2.718975727
1573755076 2.218508783
1573755238 2.691242142
1573755396 2.173622379
1573755551 2.595051907
1573756188 2.312238414
1573831491 2.997983126
1573831650 2.547523535
1573831823 2.935485315
1573831975 2.952616512
1573832132 2.868480609
1573832291 2.340984287
1573832458 2.366209251
1573832610 2.63075765
1573832767 2.348540416
1573832921 2.68535636
1573833119 2.763831921
1573833283 2.687708818
1573833438 2.542026741
1573833598 2.684253273
1573833760 2.480199624
1573901130 2.824509239
1573901285 2.709227805
1573901440 2.573648059
1573901604 2.735651532
1573901757 2.822405776
1573901912 2.260705503
1573902068 2.687900887
1573902225 2.541078322
1573902381 2.714880227
1573902539 2.588396637
1574685876 2.410788668
1574686061 2.659519244
1574686218 2.783148942
1574686382 2.546266692
1574686538 2.955137416
1574686703 2.869736075
1574686868 2.72260159
1574687057 2.615515234
1574687231 2.57048629
1574687396 2.893157461
1574689753 3.024110773
1574689939 2.593618586
1574690112 2.648014623
1574690278 2.8457661
1574690448 2.699410686
1574690618 2.942509973
1574690778 2.981985154
1574690948 2.428107872
1574691127 2.821031818
1574691302 2.43811293
1574706955 10.973668406
1574954273 2.97511587
1574954440 2.673574622
1574954612 2.599289744
1574954798 2.765165346
1574954957 2.669521697
1574955115 2.510984767
1574955372 2.513500257
1574955533 2.591713204
1574955694 2.829428625
1574955855 2.915483506
1575026603 2.773100344
1575026765 2.515083914
1575026925 2.611887137
1575027088 2.644829793
1575027250 2.647927766
1575027415 2.825991845
1575027577 2.5588927
1575027736 2.697113861
1575027902 2.64827886
1575028058 2.881185323
1575112917 2.458596082
1575113082 2.560913449
1575113241 2.689365066
1575113400 2.640570662
1575113561 2.653205569
1575113718 2.142502234
1575113874 2.582953815
1575114032 2.918977633
1575114200 2.533566586
1575114356 2.839393725
1575289848 2.729944688
1575290015 2.419193156
1575290201 2.296074384
1575290371 2.471387545
1575290539 2.771424956
1575290716 2.655814882
1575290879 2.864005822
1575291036 2.604645131
1575291199 2.464541443
1575291362 2.651852156
1575384250 2.866861118
1575384410 2.576791542
1575384568 2.951774002
1575384733 2.581465333
1575384889 2.515673038
1575385049 2.839751571
1575385210 2.978707639
1575385370 2.785571769
1575385534 2.316186809
1575385691 2.780777844
1575556630 2.742091878
1575556795 2.826229247
1575556966 2.551654304
1575557148 2.67496809
1575557320 2.519426191
1575557502 2.445402235
1575557681 2.471770813
1575557851 2.7231006
1575558311 2.871462055
1575558495 2.532172178
1579184130 2.402599243
1579184844 2.575286902
1579185007 2.843039373
1579185169 2.677669525
1579185345 2.761752177
1579185523 2.988923196
1579185700 2.489428584
1579185884 2.725089816
1579186070 2.740748057
1579186241 3.079455461
1579351865 2.581003453
1579352026 2.651037721
1579352187 2.694553047
1579352348 2.720886449
1579352513 2.941573797
1579352672 2.722152723
1579352833 2.686446791
1579352996 2.776315004
1579353159 2.500454333
1579354024 2.855755024
1579522946 2.771826713
1579523150 2.647842423
1579523344 2.768263184
1579523506 2.858143568
1579523683 2.891707007
1579523862 2.460899958
1579524047 2.682937322
1579524232 2.92706839
1579524401 2.43525316
1579524567 2.739194352
1579537580 2.850158471
1580215597 2.582138972
1580215758 2.604635587
1580215918 2.999991273
1580216076 2.719918891
1580216241 2.535118244
1580216401 2.734135325
1580216561 2.56073941
1580216726 2.770247409
1580216907 2.781980697
1580304811 2.481713095
1580304971 2.597786975
1580305132 2.699515964
1580305294 2.90397095
1580305475 2.572473359
1580305639 2.493818636
1580305799 2.60472436
1580305954 2.526038817
1580306112 2.614568455
1580306274 2.519973746
1581935311 2.773061593
1581935471 2.353219983
1581935635 2.723784892
1581935799 2.578582778
1581935963 2.853027454
1581936136 2.656948404
1581936306 2.426080274
1581936469 2.392334634
1581936629 2.575755003
1581936802 2.723441386
1582026990 2.448711127
1582027148 2.464394415
1582027317 2.319423667
1582027506 2.500377751
1582027893 2.658015898
1582028065 2.61853993
1582028231 2.798512103
1582028398 2.627117372
1582028568 2.526874408
1582028733 2.638565091
1582113208 2.723590432
1582113372 2.447763258
1582113539 2.480178191
1582113701 2.574204141
1582113878 2.56195981
1582114043 2.818545835
1582114206 2.64754863
1582114372 2.666894978
1582114533 2.717132967
1582114698 2.976516419
1582114861 2.599037915
1582115029 2.64067944
1582115191 2.572097216
1582115358 2.601518825
1582115519 2.570181809
1582115684 2.643699059
1582115846 2.640539542
1582116009 2.767253191
1582116192 2.838121096
1582116407 2.467179826
1582116583 2.44073964
1582116746 2.6146223
1582119067 2.626870899
1582119235 2.503443925
1582119404 2.77105308
1582119583 2.987127981
1582119751 2.596193437
1582119919 2.637776729
1582120092 2.644963686
1582120263 2.852233962
1582120981 2.700452211
1582121151 2.531092743
1582121393 2.363151195
1582125081 2.667780058
1582125296 2.661328454
1582125751 2.670423576
1582125945 2.514354539
1582126114 2.58958539
1582126274 2.647914133
1582126439 2.816555108
1582126606 2.750240389
1582126771 2.603111423
1582126933 2.728688864
1582127092 2.652808179
1582127259 2.631135852
1582127426 2.823965892
1582127592 2.597970422
1582127757 2.790585522
1582127918 2.720962682
1582128084 2.860342279
1582128244 2.68964604
1582128426 2.687550497
1582128585 2.492985063
1582128751 2.64635837
1582128918 2.620500389
1582129087 2.693101183
1582129247 2.603978941
1582129408 2.778678171
1582129572 2.576007538
1582129732 2.780082075
1582185173 2.782345376
1582185378 2.434921273
1582186072 2.843485067
1582186226 2.843828566
1582186965 2.537740247
1582187925 2.939215882
1582188086 2.779424694
1582188246 2.639470471
1582193858 2.816522764
1582194020 2.863333163
1582194180 2.518195005
1582194342 2.46069238
1582194505 2.671017049
1582194666 2.896118227
1582194833 2.704256761
1582194996 2.475788974
1582195156 2.556819224
1582195317 2.551196933
1582195813 2.847364818
1582195970 3.035007132
1582196131 2.860851897
1582196290 2.649029476
1582196449 2.78555529
1582196608 2.557159634
1582196765 2.622889741
1582196926 2.701623247
1582197095 2.735782214
1582197412 2.429013654
1582197588 2.499345647
1582197745 2.798003543
1582197905 2.396558155
1582198063 2.526860327
1582198223 2.516744308
1582198379 2.438629596
1582198662 2.737770855
1582199010 2.616529253
1582199174 2.528644927
1582631478 2.55116326
1582631635 2.773219642
1582631948 2.698547528
1582632105 2.682171034
1582632262 2.739003322
1582632426 2.84120279
1582632585 2.899239322
1582632749 2.773833202
1582632908 2.656839016
1582884625 2.650847951
1582884789 2.489572831
1582884955 2.808069781
1582885121 2.131922172
1582885284 2.577272138
1582885442 2.405670681
1582885604 2.78464613
1582885767 2.476349697
1582885928 2.391217629
1582886091 2.517419383
