1569850013 4.411296768
1569850217 4.373637509
1569850013 4.411296768
1569850217 4.373637509
1569850747 4.686909716
1569851030 4.777800603
1569851236 4.542412858
1569851586 4.599645416
1569851798 4.534748094
1569852022 4.307551689
1569852252 4.842514031
1569852491 2.696468148
1569853098 4.955530015
1569853412 5.603569237
1570543137 3.710119727
1570543501 1.788050766
1570543710 2.189222418
1570544628 1.855233535
1570544886 2.257312304
1570545085 4.437352604
1570545302 4.051764194
1571323010 3.65655448
1571325127 3.999471273
1571325324 3.989908627
1571325530 2.873293712
1571325730 4.35868451
1571325926 3.854772864
1571326131 6.216615715
1571326819 2.56630119
1571327034 4.067755344
1571327246 0.849190927
1574707109 3.279291909
