1569854450 3.910634737
1569855860 3.766937302
1571330148 3.539872599
1571766504 3.927122798
1571767287 3.753764829
1572537410 2.957025151
1572538067 2.904009589
1572538727 2.940153231
1572539380 2.926784427
1572540026 2.924944735
1572540932 2.89649731
1572541586 2.725312931
1572542235 2.810253823
1572542882 3.028118004
1572543547 3.02364125
1572871301 2.948705909
1572871951 2.854790703
1572872628 2.899832696
1572873281 2.741831461
1572873934 2.936095636
1572874996 2.72973546
1572875858 2.864661729
1572877083 2.954636342
1572877732 2.808660384
1572878960 2.99233285
1572967368 2.914238381
1572968024 2.931020325
1572969326 3.121277104
1572969987 3.103875042
1572970638 2.773158036
1572971289 2.868251641
1572971950 2.997540858
1572972610 3.004186184
1572973323 2.986029587
1572973976 2.822259853
1572974627 2.918196455
1573208909 3.035384502
1573209565 2.906644786
1573210240 2.859911128
1573210909 2.98051218
1573211565 2.986888974
1573212215 2.793018259
1573212866 3.139144723
1573213517 2.903919867
1573214188 3.161473539
1573214844 2.924724768
1573310367 2.688513343
1573310989 2.661457205
1573311604 2.732397156
1573312308 2.977805589
1573312918 2.783286324
1573313546 2.518503594
1573314178 2.564392441
1573314792 2.663175833
1574696401 2.731908426
1574696982 2.582765879
1574697572 2.689337036
1574698147 2.47114551
1574698732 2.596528924
1574709516 2.595500749
1574710803 2.688568827
1574710803 2.688568827
