1569854592 25.232309518
1571330269 11.195867949
1571766625 11.498028964
1571767408 11.569893682
1572537509 12.65871387
1572538166 10.483816923
1572538826 10.698317353
1572539479 10.491910131
1572540126 10.982556815
1572541031 10.749661505
1572541685 10.776254057
1572542333 10.588004535
1572542981 11.053205937
1572543645 10.831315547
1572871400 10.484996039
1572872050 11.683842417
1572872727 12.586447466
1572873380 10.924734446
1572874033 10.524372706
1572875095 11.317880185
1572875956 10.316776296
1572877182 10.791878869
1572877831 12.756273158
1572879076 10.86018919
1572967467 11.569939121
1572968123 12.223123558
1572969425 10.986424365
1572970086 11.506289012
1572970736 11.243971082
1572971390 17.876764676
1572972051 12.150481374
1572972709 10.70881658
1572973425 10.407350132
1572974075 10.390353939
1572974726 11.111509604
1573209010 10.706091933
1573209665 10.57308906
1573210339 11.736449208
1573211008 10.854097217
1573211666 10.945131675
1573212315 10.614802229
1573212966 13.107557712
1573213616 11.12818117
1573214289 10.262366459
1573214947 11.272849622
1573310460 12.647713729
1573311080 10.480470194
1573311695 10.717746875
1573312401 11.167126164
1573313012 12.492602279
1573313638 12.547961134
1573314270 10.147730932
1573314883 11.82467353
1574696492 10.398790668
1574697072 11.1309958
1574697663 11.368315653
1574698237 10.25235207
1574698821 14.100513811
1574709608 10.573537755
1574710895 11.254274258
1574710895 11.254274258
