1569850017 13.189696317
1569850221 13.150752506
1569850017 13.189696317
1569850221 13.150752506
1569850751 34.567588852
1569851034 12.827231633
1569851240 13.136389552
1569851589 13.098824599
1569851802 13.482209771
1569852026 18.182151891
1569852255 13.292333585
1569852493 12.837992535
1569853102 13.030160952
1569853416 15.477266926
1570543140 13.079768854
1570543503 12.847841995
1570543712 13.053254444
1570544630 13.370127217
1570544888 13.934482671
1570545089 13.371870778
1570545306 12.924716103
1571323013 12.798515628
1571325131 13.248007658
1571325327 13.194021239
1571325733 12.7421312
1571325929 13.120678644
1571326137 12.477789525
1571326821 12.75128275
1571327037 12.742789631
1571327246 12.807979738
1571395923 12.717961736
1571396120 12.557735413
1571396316 12.828713739
1571396516 12.591763749
1571396941 12.676345262
1571397146 12.576944188
1571397347 12.389403112
1571397544 12.377060341
1571397741 13.169912139
1571404990 12.676681374
1571405188 12.595455341
1571405385 12.822697352
1571405614 13.176204269
1571405817 12.819512853
1571409036 12.555766982
1571409238 12.500986896
1571409656 12.708544566
1571664969 12.522722152
1571665166 12.345073242
1571665379 11.673496354
1571665571 12.634634934
1571665767 12.711649035
1571668185 12.591760423
1571668383 12.619564545
1571668587 12.758282215
1571668782 12.755053145
1571668983 12.505659255
1571752055 12.563859306
1571752251 12.596027212
1571752450 12.567480867
1571752655 12.52047223
1571752850 13.198988509
1571753046 12.5123383
1571753243 12.949314277
1571753440 12.804391222
1571753637 12.451847819
1571753835 12.596909544
1571760192 12.663818931
1571760387 15.441073254
1571760592 12.5857081
1571760788 12.896808606
1571760990 12.871706065
1571761198 12.88044602
1571761397 12.488501975
1571761592 12.500074098
1571761788 13.544837854
1571761996 12.739640457
1572003298 13.012648002
1572003495 12.822313946
1572003690 12.65484917
1572003888 12.718249461
1572004085 12.864663678
1572004280 12.502052583
1572004475 12.945855273
1572004673 12.608567498
1572004876 12.52295701
1572005074 12.781113266
1572011276 12.57573117
1572011473 12.215102098
1572011668 12.635533654
1572011866 12.726137896
1572012062 13.498825212
1572012260 12.715212838
1572012454 12.722354964
1572012648 12.744940629
1572012843 12.626167267
1572013037 13.167699197
1572265097 12.65657722
1572265294 12.669877383
1572265493 13.026022773
1572265691 12.511347012
1572265896 12.747374479
1572266098 12.48349914
1572266295 12.733098158
1572266495 13.764931938
1572266694 12.848102228
1572274157 10.299834673
1572274330 10.292913829
1572274499 10.187736766
1572274671 10.041058582
1572274839 10.451118993
1572275009 10.507427245
1572275181 10.097929374
1572275356 10.138940367
1572275526 10.1221169
1572275699 10.171370678
1572361310 12.685455996
1572361702 12.578291813
1572361897 12.595522485
1572362096 12.574863529
1572362290 12.576783143
1572362486 12.636670319
1572362686 12.551015472
1572362881 12.81097409
1572363077 12.881297954
1572366948 10.147786122
1572367116 10.388417953
1572367288 10.14844693
1572367454 10.295639449
1572367637 10.32612959
1572367814 10.166342598
1572367983 10.1980705
1572368152 10.297987642
1572368319 10.102340922
1572368484 10.198283537
1572532427 12.967264379
1572532629 12.672461201
1572532833 12.009078494
1572544536 10.176840481
1572544704 10.170951535
1572544876 10.153033438
1572545048 10.212335561
1572545222 10.228213653
1572870050 10.255045163
1572870268 10.17110555
1572870450 10.151364404
1572870671 10.279898737
1572870840 10.073169835
1572965430 10.168161299
1572965597 10.22046667
1572965765 10.160075962
1572965933 10.392952352
1572966105 10.419269076
1572966271 10.27777364
1572966443 10.244192043
1572966626 10.110890627
1572966806 10.165598263
1572966970 10.203504813
1573207077 10.251553423
1573207245 10.105303045
1573207415 10.174873467
1573207580 10.014309778
1573207750 10.557253335
1573207917 10.239460957
1573208084 10.132895984
1573208249 10.382486582
1573208583 10.09609415
1573220318 10.154966513
1573220486 10.286972242
1573220653 10.149258515
1573220822 10.256027686
1573220990 10.398472552
1573221157 10.088794296
1573221321 10.106843659
1573221491 10.398012321
1573221658 10.054816185
1573221827 10.036164334
1573222016 10.203856663
1573222187 10.248415846
1573222353 10.217013463
1573222519 10.315195161
1573222689 10.248328656
1573301167 10.14315537
1573301336 10.169959643
1573301518 10.335418191
1573301686 10.223164171
1573301872 10.219927719
1573302052 10.223215045
1573302219 11.09995463
1573302393 10.416116322
1573302562 10.263360751
1573302745 10.204961104
1573303881 9.29035174
1573304045 9.784728296
1573304205 10.006613119
1573304372 10.037418991
1573304531 9.441396487
1573304697 9.887999014
1573305016 9.718036899
1573305178 9.633779234
1573305338 9.474664165
1573752510 9.302172507
1573753086 9.516271243
1573753243 9.57712836
1573753398 9.431738298
1573753557 9.028453043
1573753710 9.216885934
1573753872 9.29431776
1573755013 9.172234517
1573755179 9.268964115
1573755342 9.044014276
1573755500 8.983857886
1573755654 9.280192205
1573756128 9.41967708
1573831593 9.343799614
1573831752 9.424201814
1573831924 9.310472174
1573832076 9.210679647
1573832395 9.327448112
1573832558 9.339512656
1573832714 9.30533553
1573832870 8.990485866
1573833065 9.211995477
1573833221 9.216274025
1573833385 9.024666693
1573833542 9.370764748
1573833700 9.474508431
1573901232 9.43306677
1573901388 9.045521522
1573901544 9.569416195
1573901705 9.199256654
1573902014 9.067942352
1573902171 9.207865941
1573902329 9.274180635
1573902485 9.204967871
1574685804 9.182807176
1574685996 9.215153327
1574686165 9.274046098
1574686327 9.073038474
1574686484 9.230169578
1574686650 9.117116647
1574686814 9.547308149
1574687003 6.894411742
1574687175 9.197278024
1574687339 9.384028033
1574689669 9.253058965
1574689885 9.019990948
1574690053 9.382588116
1574690224 8.884392819
1574690394 9.131754493
1574690724 9.427598852
1574690883 9.340217678
1574691068 9.451157664
1574691247 9.697012421
1574706869 9.298857103
1574707111 9.252265678
1574954213 9.414742885
1574954378 9.408845289
1574954555 9.225844088
1574954719 9.316606598
1574954902 9.477473543
1574955060 9.792746125
1574955318 9.374841351
1574955478 9.25896142
1574955636 9.322955274
1574955797 9.39918158
1575026706 9.435899295
1575027028 9.224099525
1575027192 9.181301967
1575027353 9.290520281
1575027519 9.447946973
1575027840 9.119669833
1575028005 9.016248048
1575112861 9.396600902
1575113025 9.172353388
1575113184 9.427324688
1575113346 9.391112228
1575113504 8.84811496
1575113663 9.260488209
1575113820 9.32645234
1575114141 9.216635368
1575114302 9.369582909
1575289791 9.427788192
1575289957 9.362354547
1575290126 8.29652478
1575290306 16.091937672
1575290482 9.209226049
1575290658 9.260736023
1575290823 9.080846571
1575290980 9.187310421
1575291143 9.407892967
1575291304 9.246067882
1575384192 9.225158741
1575384352 9.143058644
1575384512 9.428664377
1575384835 9.199459782
1575384994 9.313716602
1575385154 8.934584422
1575385313 9.369179367
1575385477 9.30707368
1575385636 9.362811405
1575556574 9.280355179
1575556734 9.522761018
1575556907 9.311029996
1575557092 9.019907525
1575557261 9.379780237
1575557445 9.245493846
1575557621 9.308031695
1575557793 9.488511441
1575558253 9.138501643
1575558439 8.979914492
1579184072 9.33566648
1579184786 9.216866217
1579184948 9.289647673
1579185112 9.149598498
1579185285 9.506606421
1579185464 9.379876121
1579185645 9.304774876
1579185825 9.190550253
1579186185 9.267378996
1579351802 9.100841066
1579351968 9.658852973
1579352129 9.146842025
1579352290 9.534743029
1579352453 9.628002289
1579352617 9.267586059
1579352774 9.15818348
1579352938 6.951865944
1579353099 9.29493744
1579353971 9.297613479
1579522890 9.413959365
1579523094 8.995572387
1579523285 9.23443896
1579523448 9.467140174
1579523622 9.57538085
1579523804 9.37430772
1579523986 9.252894828
1579524341 9.441016091
1579524509 9.400344602
1579537495 9.196626102
1580215349 11.261426614
1580215538 9.317467309
1580215702 9.392943053
1580215861 9.309323798
1580216021 9.522170598
1580216343 9.533475456
1580216507 9.506740465
1580216663 11.861005615
1580216847 9.351369161
1580304913 9.851997208
1580305075 9.352457167
1580305236 9.209081738
1580305419 9.323364532
1580305582 9.243097862
1580305744 9.40032787
1580305900 9.301593696
1580306055 9.453301044
1580306216 9.685324498
1581935256 9.410975586
1581935414 9.255515346
1581935575 9.187208489
1581935741 9.324667803
1581935909 9.299979768
1581936080 9.242862046
1581936251 9.327590506
1581936414 9.283037224
1581936573 9.285937294
1581936748 9.336102833
1582026930 10.556679284
1582027257 10.527251733
1582028170 9.400842503
1582028506 10.880945585
1582028675 10.402426944
1582113145 9.532991254
1582113313 8.933682732
1582113477 9.074429131
1582113644 9.086938565
1582113985 10.924518921
1582114147 9.351138966
1582114310 10.668402196
1582114477 8.938729668
1582114803 9.525752347
1582114970 10.552485707
1582115131 10.570798621
1582115298 10.221537793
1582115462 10.728255224
1582115625 10.386317736
1582115789 9.531358585
1582116133 9.255689037
1582116349 8.995997156
1582116690 8.882621563
1582119009 10.157263257
1582119172 9.480206673
1582119342 10.093380572
1582119518 9.245854554
1582119694 9.574286263
1582119857 8.824243743
1582120028 11.079539328
1582120925 9.912800267
1582121091 10.532416329
1582121335 9.136903764
1582125240 10.095192117
1582125680 9.385465577
1582125884 9.876883296
1582126051 9.378847653
1582126548 9.349311575
1582126709 10.817110147
1582126874 9.495950352
1582127037 9.363959046
1582127199 9.90008349
1582127367 10.687611534
1582127534 10.451545959
1582127697 10.203504386
1582127861 10.203698128
1582128021 10.394046116
1582128367 9.488138497
1582128529 10.749564278
1582128692 10.755532496
1582128858 9.541657848
1582129025 9.878018176
1582129192 9.943984172
1582129352 9.523001916
1582129512 10.348112938
1582129676 9.741315335
1582185099 10.917202793
1582185280 10.035627534
1582186014 9.315021806
1582186174 9.174693703
1582186907 12.18367551
1582188029 9.04763482
1582188188 9.27877612
1582188348 9.247348011
1582193800 9.270871812
1582193963 9.215989232
1582194128 9.13895378
1582194283 9.397871023
1582194445 9.024846182
1582194609 9.263921151
1582194771 9.353543979
1582194939 9.288018828
1582195099 9.275522914
1582195756 9.217448103
1582195915 9.263663827
1582196073 9.164313905
1582196233 9.206994635
1582196392 9.352739758
1582196551 9.366101701
1582196709 9.230949368
1582196869 9.139072721
1582197031 9.30551761
1582197198 9.214419768
1582197520 9.295228479
1582197691 9.208517503
1582197849 9.210629736
1582198007 9.351649173
1582198164 9.14859626
1582198325 9.215732349
1582198484 9.180117551
1582199115 9.310855698
1582631420 9.360211632
1582631581 9.234542234
1582631737 9.247668272
1582632051 9.249206596
1582632208 9.212256616
1582632367 9.258523077
1582632530 9.326747944
1582632691 9.505531703
1582632850 9.360759816
1582884551 8.968562822
1582884728 9.096505179
1582884897 9.183836393
1582885061 9.243874422
1582885225 9.190638997
1582885388 9.258499445
1582885546 9.314139963
1582885708 9.256232913
1582885874 9.118438528
1582886031 9.171415486
1574707111 9.252265678
