1569849944 2.220164779
1569850148 2.255624674
1569849944 2.220164779
1569850148 2.255624674
1569850961 2.050820559
1569851167 2.226906142
1569851516 2.289304142
1569851723 2.34996377
1569851953 2.302213268
1569852182 2.35111524
1569852420 2.131415439
1569852637 2.098771706
1569853028 2.312923536
1569853339 2.308085681
1569853580 2.090158769
1569854220 2.351215164
1569855626 2.374679302
1570446951 2.119668724
1570448043 2.136311176
1570448770 2.052691396
1570449239 2.165286774
1570449669 2.462345514
1570543427 2.476761939
1570543629 2.229172444
1570544558 2.346278182
1570545019 2.221910249
1570545228 2.086473557
1571322937 2.09953649
1571323259 2.206510602
1571323652 2.149103779
1571324054 2.351907251
1571324454 2.135575643
1571325060 2.238400182
1571325257 2.166244093
1571325456 2.150913569
1571325661 2.136004325
1571325859 2.168063573
1571326060 2.211418326
1571326751 2.239434908
1571326963 2.128716579
1571327170 2.189181434
1571327385 2.144254975
1571327775 2.181630463
1571328166 2.211083335
1571328557 2.121660171
1571328948 2.176933165
1571329340 2.100912895
1571329932 2.051591281
1571395852 2.224357789
1571396048 2.307322099
1571396245 2.224209804
1571396444 2.219987917
1571396642 2.290284748
1571396841 2.167097782
1571397070 2.101134032
1571397275 2.217357099
1571397473 2.153605466
1571397670 2.176236466
1571397888 2.121626723
1571398281 2.223757102
1571398676 2.1529985
1571399067 2.30833019
1571399458 2.004581178
1571399855 2.141460843
1571400248 2.362995166
1571400670 2.174170224
1571401068 2.397559008
1571401461 2.090485675
1571404917 2.288582308
1571405117 2.192955691
1571405314 2.203321239
1571405515 1.965857051
1571405746 2.065352837
1571406841 2.096766962
1571407231 2.175500268
1571407625 2.167716562
1571408013 2.124471533
1571408405 2.336600049
1571408935 2.155780229
1571409166 2.298082967
1571409368 2.064463916
1571409567 2.169336217
1571409783 2.215213748
1571664350 1.956586504
1571664894 2.061615471
1571665097 2.419064425
1571665308 2.261065917
1571665502 2.169910509
1571665697 2.275567081
1571665897 2.221006339
1571666288 2.165222564
1571666679 2.1307637
1571667073 2.132989628
1571667509 2.319557097
1571668115 2.000633663
1571668314 2.045276895
1571668518 2.046850643
1571668712 2.181677436
1571668909 2.362495588
1571669161 2.25468348
1571669561 2.161871704
1571751986 2.142084967
1571752181 2.091640869
1571752380 2.192530446
1571752585 2.250965269
1571752780 2.264282462
1571752976 2.192292869
1571753173 2.153589575
1571753370 2.133427251
1571753568 2.13093533
1571753764 2.124775414
1571754072 2.277630042
1571754469 2.205902181
1571754862 2.192603149
1571755265 2.134706255
1571755829 2.288176564
1571756498 2.172367829
1571756910 2.181742479
1571757359 2.055708664
1571757748 2.304568196
1571758147 2.136671867
1571758537 2.257232531
1571760123 2.050674516
1571760318 2.125088974
1571760519 4.611979342
1571760718 2.296463829
1571760917 2.1716626
1571761128 2.099126651
1571761328 2.089828232
1571761522 2.19280075
1571761718 2.180401999
1571762152 2.224617674
1571762941 2.166850309
1571763329 2.138375741
1571763721 2.169942568
1571764127 2.585941447
1571764538 2.311510697
1571764931 2.08721533
1571765319 2.089667177
1571765710 2.302752716
1571766287 2.152095549
1571767070 2.042820469
1571922218 2.216418911
1572003229 2.296710719
1572003423 2.184681927
1572003621 2.174638886
1572003819 2.384761371
1572004015 2.124549441
1572004210 2.295575866
1572004405 2.187580288
1572004605 2.084722615
1572004806 2.095017683
1572005005 2.106852969
1572006296 2.18135189
1572007034 2.044664212
1572007428 2.092338194
1572007921 2.208074879
1572008331 1.996366128
1572008734 2.12644871
1572009129 2.051869924
1572009518 2.355904286
1572009909 2.130660308
1572010304 2.637018619
1572010696 2.267649074
1572011207 2.246443461
1572011403 2.199544978
1572011597 2.179234086
1572011796 2.345284651
1572011993 2.176038643
1572012190 2.137688345
1572012385 2.212929862
1572012579 2.004811548
1572012774 2.163566737
1572012967 2.264446181
1572013258 2.002725665
1572013650 2.861190977
1572014043 2.142291067
1572014434 1.944069137
1572014824 2.484295028
1572265027 2.270069932
1572265224 2.18946151
1572265422 2.397655621
1572265621 2.09267763
1572266028 2.227403291
1572266221 2.167519032
1572266422 2.32963119
1572266625 2.142060996
1572268104 2.086533507
1572268875 2.131305558
1572269289 2.131725427
1572269695 2.565545454
1572270112 2.12008497
1572270509 2.054664202
1572270902 2.033099956
1572272260 1.789490195
1572272590 1.821395565
1572272926 1.664537019
1572273261 1.439861253
1572273605 1.762365929
1572274097 1.619017029
1572274440 1.834357729
1572274606 1.908170133
1572274779 1.704643156
1572274949 1.822067544
1572275117 1.786705584
1572275296 1.756090263
1572275464 1.83435905
1572275639 1.810295258
1572276029 1.828226254
1572276362 1.739806915
1572276700 1.824941274
1572277031 1.801022672
1572277361 1.59905368
1572277707 1.943476226
1572278055 1.746282049
1572278389 1.7551627
1572361240 2.21770152
1572361438 2.092743742
1572361633 2.209396037
1572361828 2.362911624
1572362028 2.285966413
1572362221 2.180731525
1572362417 2.392634531
1572362613 2.138151289
1572362812 2.178913296
1572363007 2.191815794
1572363448 1.786416057
1572363778 1.707189259
1572364107 1.735928783
1572364438 1.780421325
1572364770 1.723092962
1572365112 1.915632868
1572365490 1.71563571
1572365862 1.74845772
1572366201 1.759403665
1572366537 1.839078813
1572366889 1.822406174
1572367056 1.661558786
1572367225 1.727234628
1572367394 1.784280334
1572367577 1.963217231
1572367748 1.706483166
1572367924 1.780369727
1572368092 1.746564951
1572368258 1.784644112
1572368424 1.663478173
1572369567 1.713458627
1572369897 1.808026367
1572370227 1.754604267
1572370559 1.742668908
1572370888 1.750295007
1572371220 1.661236403
1572371551 1.711547286
1572371880 2.299046507
1572372209 1.72115359
1572372538 1.823696867
1572532357 2.152274866
1572532559 2.227831196
1572532765 2.164702809
1572533545 1.703307628
1572533883 1.710434162
1572534237 1.664764265
1572534584 1.714633156
1572534916 1.814526334
1572535264 1.735583961
1572535595 1.791482603
1572535930 1.959965827
1572536262 2.140147072
1572536627 1.700933222
1572537228 1.792513675
1572537882 1.579833637
1572538535 2.517682581
1572539191 1.918815003
1572539844 1.783857726
1572540751 1.823287957
1572541404 1.923439217
1572542053 1.616174001
1572542700 1.917002305
1572543345 1.803943705
1572544476 1.757342787
1572544644 1.835763997
1572544814 1.823985046
1572544988 1.668118194
1572545162 1.913200611
1572869988 1.841033164
1572870156 1.87403127
1572870377 1.818798784
1572870562 1.79038551
1572870778 1.842166843
1572871117 1.879256756
1572871768 1.796444934
1572872416 1.756654412
1572873098 1.895567936
1572873748 1.777840342
1572874810 1.821528561
1572875662 8.774060507
1572876283 2.049258744
1572876895 1.491270963
1572877550 1.707870079
1572878776 1.835338623
1572879889 1.775713165
1572880171 1.871930383
1572880507 1.581597251
1572880846 1.832870183
1572881191 1.964239963
1572881526 1.660159849
1572881858 1.816831469
1572882190 1.843639967
1572882580 1.608882935
1572882929 1.833727392
1572883270 1.728787788
1572965370 1.917945643
1572965537 1.73898501
1572965705 1.729870576
1572965874 1.75732603
1572966045 1.656833322
1572966211 1.875300707
1572966382 1.780431659
1572966567 1.870563764
1572966747 1.701194621
1572966910 1.802221379
1572967181 1.747190261
1572967837 1.709757888
1572969141 1.852686503
1572969803 2.150839336
1572970454 1.836605777
1572971105 1.712551909
1572971768 1.796656354
1572972427 1.683667742
1572973140 1.815646972
1572973793 1.769739194
1572974442 1.672554001
1572975172 1.843116248
1572975499 1.831956575
1572975850 1.945856022
1572976242 1.705791276
1572976580 1.778345512
1572976910 1.796979444
1572977240 1.785566406
1572977603 1.776990322
1572977950 1.75122712
1573207016 1.855941117
1573207185 1.83493892
1573207354 1.789684051
1573207520 1.747979326
1573207690 1.759971229
1573207858 1.877793263
1573208025 1.703694273
1573208189 1.905036176
1573208357 1.811006373
1573208523 1.761886086
1573208728 1.754425598
1573209379 1.751669638
1573210045 1.74572778
1573210711 1.786432284
1573211377 1.625022808
1573212033 1.723327362
1573212682 1.79907157
1573213335 1.800629373
1573214003 1.75618012
1573214660 1.775187065
1573218196 1.75122444
1573218524 1.762608859
1573218915 1.770929159
1573220259 1.740045956
1573220426 1.828461561
1573220594 1.79485717
1573220763 1.798983257
1573220930 1.744272432
1573221098 1.874980228
1573221262 1.631745908
1573221431 1.785553278
1573221598 1.700672476
1573221767 1.741878135
1573221956 1.82594517
1573222127 1.711152728
1573222294 1.884471501
1573222458 1.807461513
1573222627 1.660946288
1573301107 1.832001076
1573301277 1.693840066
1573301446 1.741544663
1573301812 1.711805161
1573301990 1.862386332
1573302159 1.833430725
1573302333 1.750746128
1573302502 1.752733618
1573302668 1.740220626
1573303815 1.711008902
1573303983 1.924284591
1573304148 1.661265406
1573304314 1.90017062
1573304473 1.788800478
1573304641 1.638093221
1573304799 1.785796662
1573304958 2.055446738
1573305122 1.664559544
1573305281 1.595730418
1573306755 2.046823137
1573307079 2.396356588
1573307415 1.881877725
1573307732 1.524232506
1573308053 1.798162764
1573308367 1.831779393
1573308699 1.451255904
1573309018 1.706940066
1573309349 1.610640838
1573310190 1.711498832
1573310815 1.616573892
1573311431 1.408683834
1573312047 1.752364935
1573312747 1.626567761
1573313369 1.455615585
1573313990 1.406592306
1573314618 1.754634628
1573741851 1.458065929
1573741969 1.272000274
1573743600 1.484993587
1573743702 1.276134787
1573743801 1.578178842
1573743899 1.483825166
1573743998 1.809298325
1573744095 1.49662109
1573744192 1.624501249
1573744291 1.589124833
1573744387 1.58242803
1573744478 1.62636755
1573744590 1.608428208
1573744683 1.652398809
1573744797 1.635059616
1573744894 1.601379581
1573745031 1.626656554
1573745312 1.534070164
1573745414 1.710765278
1573745512 1.527640425
1573745612 1.49524979
1573745710 1.367800484
1573745813 1.585716503
1573745912 1.489476026
1573746007 1.781626001
1573746108 1.620621883
1573746206 1.628432363
1573746308 1.606565208
1573746409 1.395471349
1573746506 1.492212321
1573746601 1.467455073
1573748922 1.408708068
1573749018 1.525508815
1573749119 1.455990425
1573749231 1.706268581
1573749325 1.366136463
1573749457 1.571566072
1573749563 1.62313457
1573749662 1.608396478
1573749762 1.396364009
1573749858 1.616279022
1573752454 1.509264509
1573752712 1.588959115
1573752871 1.527414429
1573753029 1.495074542
1573753187 1.411646559
1573753341 1.519382804
1573753500 1.331896055
1573753654 1.739625719
1573753816 1.580299451
1573754636 1.488982869
1573754795 1.643595659
1573754956 1.86991449
1573755124 1.453009797
1573755283 1.426300956
1573755442 1.532912574
1573755598 1.71347951
1573755757 1.446370152
1573755914 1.612196626
1573756071 1.453010764
1573827966 1.572198402
1573828278 1.511127321
1573828589 1.551882969
1573828893 1.819626932
1573829199 1.405644643
1573829505 1.476916261
1573829886 1.808760538
1573830372 1.603407432
1573830679 1.436111388
1573830988 1.869219095
1573831379 1.62190047
1573831537 1.590856038
1573831695 1.618939789
1573831868 1.963085529
1573832021 1.711438338
1573832180 1.500815914
1573832336 1.587672803
1573832503 1.538183142
1573832658 1.584102891
1573832813 1.668357783
1573833008 1.582790458
1573833166 1.495315408
1573833330 1.414459293
1573833486 1.578874054
1573833644 1.670357496
1573901018 1.411192209
1573901176 1.448831196
1573901332 1.458278781
1573901487 1.62047396
1573901649 1.423867352
1573901803 1.595956177
1573901957 1.454396011
1573902116 1.876796762
1573902273 1.54055646
1573902429 1.513747729
1573902621 1.749416119
1573902930 1.435573829
1573903240 1.586751176
1573903551 1.500806823
1573903862 1.540655852
1573904171 1.630951271
1573904494 2.247952037
1574685744 1.824055012
1574685934 1.740622296
1574686108 1.287771093
1574686265 1.610393441
1574686427 1.585472423
1574686586 2.201414917
1574686748 1.660264347
1574686915 1.664484696
1574687105 1.60908219
1574687939 1.893619751
1574688255 4.873814588
1574689240 1.659974441
1574689611 1.66343025
1574689826 1.704785837
1574689997 1.663038399
1574690158 1.74745178
1574690335 1.633859964
1574690495 1.614879079
1574690665 1.472942335
1574690826 1.583443888
1574691010 1.702344956
1574691190 1.671533415
1574691942 1.640652556
1574692262 1.482588315
1574692581 1.70817276
1574693491 1.60687687
1574693816 1.663782704
1574694247 1.668405619
1574694576 1.79553597
1574695133 1.644981709
1574695470 1.544733007
1574695782 1.739527488
1574696242 1.394989948
1574696818 1.658812484
1574697393 1.585016895
1574697986 14.191477757
1574698572 2.471106573
1574706676 1.597396335
1574706811 1.703365571
1574707054 1.628186022
1574707234 1.494889558
1574708022 1.446158134
1574708516 1.632283694
1574708718 1.653049878
1574709100 1.621132517
1574709333 1.760206072
1574710443 1.712425888
1574710633 1.645066997
1574710633 1.645066997
1574707054 1.628186022
1574708718 1.653049878
