1569854419 3.865678189
1569855832 4.305425558
1571330122 3.915885405
1571766478 3.906825793
1571767260 3.825198372
1572537388 3.138511018
1572538046 3.22569289
1572538705 3.266258645
1572539359 3.203520844
1572540005 3.308099373
1572540911 3.193135385
1572541565 3.370662434
1572542213 3.263532693
1572542860 3.326883671
1572543525 3.270951448
1572871279 3.109458139
1572871929 3.272753036
1572872607 3.323092669
1572873260 3.369961829
1572873912 3.455425616
1572874974 3.201624504
1572875836 3.270987695
1572877061 3.273804817
1572877711 3.205814244
1572878939 3.254145174
1572967345 3.830291448
1572968003 3.199652295
1572969305 3.326364829
1572969966 3.370965648
1572970616 3.343533199
1572971265 3.246512714
1572971928 3.325648271
1572972588 3.296422543
1572973302 3.370211008
1572973955 3.375716145
1572974606 3.288706009
1573208888 3.373325387
1573209543 3.361856567
1573210218 3.36163932
1573210887 3.224081825
1573211544 3.247334763
1573212193 3.156995247
1573212844 3.305994461
1573213496 3.287332182
1573214167 3.307531055
1573214822 3.164285758
1573310347 2.762461444
1573310969 3.13830975
1573311583 3.163151209
1573312288 3.113570787
1573312898 2.847617134
1573313525 3.280625659
1573314157 3.211189291
1573314772 3.226220769
1574696381 2.909353963
1574696962 3.202228698
1574697552 2.955790611
1574698127 2.851863306
1574698712 3.082374938
1574709497 3.325870884
1574710783 2.906806337
1574956135 2.841372969
1574956708 3.200636041
1574957399 2.898839328
1574957976 3.113836101
1574958569 2.769245218
1574959158 3.103535898
1574959760 3.159341102
1574960339 2.877705113
1574960951 2.788608953
1574961587 3.178154631
1575033059 2.973202739
1575033628 2.810473739
1575034219 2.803106859
1575034785 3.128880789
1575035357 2.860957905
1575036379 3.025612241
1575036956 3.114925253
1575037515 2.890801284
1575038518 2.817602525
1575039086 3.136748963
1575120350 2.79190015
1575120913 2.904067235
1575121474 3.020125263
1575122537 2.986468245
1575123093 3.335388769
1575123653 3.041590522
1575124209 3.233410082
1575124777 2.800895455
1575125333 3.076746394
1575125902 3.027728762
1575297649 3.070728529
1575298228 3.016695348
1575299374 3.063703711
1575299947 3.10017341
1575300566 3.279459312
1575301138 2.911912369
1575301948 3.205562029
1575390134 3.305387653
1575390702 3.044669811
1575391270 3.143709862
1575391835 2.795462039
1575392644 2.98849159
1575393280 2.894214487
1575393841 3.021193554
1575394407 3.545941368
1575394970 3.166102505
1575395533 3.216242728
1575562369 2.940194768
1575563066 2.915469792
1575563714 2.975453521
1575564310 2.852797848
1575564894 2.832226169
1575565460 2.907274735
1575566028 2.976417923
1575566614 3.138153454
1575567933 3.156479411
1575568539 3.284551635
1579190987 3.232429976
1579191600 2.857460476
1579192165 2.881267478
1579192746 3.420807557
1579193310 3.086552388
1579193901 3.190912772
1579194468 3.081659584
1579195035 3.153441691
1579195625 2.984891172
1579196188 3.268309567
1579359395 3.120873784
1579359968 3.287772228
1579360532 2.866040337
1579361089 2.869852046
1579361644 2.775511177
1579362199 3.033665936
1579362754 2.804608162
1579363319 3.624879229
1579363886 3.149026188
1579364446 3.236275336
1579530363 3.36287397
1579531010 3.239860068
1579532051 3.461531685
1579532753 2.937493321
1579533422 2.995741813
1579534022 3.116797044
1579534681 29.832520927
1579535319 3.150203916
1579535914 3.195809876
1579536971 2.952026564
1580223696 2.939414923
1580224256 3.410671858
1580224811 3.317873446
1580225375 3.099843875
1580225936 2.86027073
1580226519 2.9014496
1580227087 3.249961273
1580227685 3.287102857
1580228266 2.906870113
1580228825 3.042034112
1580312256 2.936239981
1580312836 2.980926045
1580313391 2.950637733
1580314355 2.767050374
1580314912 2.902672412
1580315470 3.123066461
1580316032 3.325605493
1580316734 3.248251575
1580317321 2.855842535
1581942391 3.071146956
1581943596 3.027080184
1581944884 3.100083506
1581945861 3.243160319
1581946435 3.106114464
1581947003 2.974212271
1581947924 2.807670134
1581949016 3.373239058
1582033976 3.215453329
1582035594 3.416864414
1582036200 3.37593768
1582036805 3.161473911
1582037409 3.253060315
1582038005 3.132129831
1582038603 3.028361454
1582041497 3.293194627
1582042105 3.070687826
1582043695 3.404049147
1582044307 3.136863966
1582637918 2.901970348
1582638478 3.000068347
1582639552 3.141372607
1582640730 2.851927516
1582641289 2.776935099
1582641860 3.071633896
1582642428 3.173139864
1582643002 3.114150653
1582643605 2.805276217
1582644161 2.996069225
1582898760 2.97018501
1582899331 3.054281001
1582899900 2.952259919
1582900463 3.01980784
1582902121 2.951889657
1582902767 2.806072348
1582903364 2.859170273
1574710783 2.906806337
