1569853624 8.631278096
1569855238 8.311276715
1570446996 7.02052353
1570448814 7.166337086
1570449286 6.758982443
1570449750 6.522030626
1571323303 6.501422175
1571323696 6.711975745
1571324098 6.795889767
1571324498 6.329726762
1571327429 6.329438289
1571327818 6.443969105
1571328209 6.391812557
1571328600 6.725065937
1571328992 6.775027362
1571329383 6.19614588
1571329976 6.876126256
1571397932 6.075512948
1571398325 6.569011302
1571398720 6.254680716
1571399111 6.491476477
1571399502 6.302955747
1571399900 6.618836092
1571400292 6.266560432
1571400713 6.824313032
1571401112 6.375794308
1571401504 6.496041952
1571406884 6.197840511
1571407275 6.721050767
1571407668 6.444725574
1571408057 6.457578441
1571408449 6.574525611
1571665941 6.574016764
1571666332 6.704629473
1571666723 6.598708679
1571667116 6.659966999
1571667553 6.629038444
1571669205 6.39076327
1571669605 6.624832634
1571754116 6.513471408
1571754513 6.338884399
1571754910 6.321424762
1571755311 6.073288918
1571756542 6.501888617
1571756967 6.792974988
1571757402 6.255890484
1571758191 6.427254145
1571758581 6.222622275
1571762196 6.392473093
1571762592 6.467121418
1571762985 6.741572888
1571763373 6.471928764
1571763764 6.532007008
1571764172 6.68551013
1571764582 6.791938752
1571764974 5.904736692
1571765362 6.696353649
1571765754 6.575521636
1571766331 6.406194368
1572006339 6.374448547
1572007078 6.558959021
1572007471 6.563630369
1572007973 6.654106149
1572008374 6.012542581
1572009172 6.620940816
1572009561 6.574219396
1572009953 6.521365424
1572010349 6.654330178
1572010739 6.954926669
1572013302 6.454672017
1572013695 6.398834232
1572014087 6.54892853
1572014477 6.700631938
1572014867 6.676893368
1572268918 6.443662798
1572269336 6.788107898
1572269750 7.033173402
1572270158 6.546682881
1572270555 5.463641938
1572272297 6.334386623
1572272628 6.092910457
1572272963 5.891859488
1572273301 6.399598169
1572273642 5.878583683
1572276066 5.655198523
1572276402 6.216485443
1572276737 5.917181534
1572277068 6.348597724
1572277400 5.924197252
1572277762 6.472828937
1572278093 6.254444561
1572278426 6.272302451
1572363485 6.401156469
1572363815 5.859456743
1572364144 6.183118268
1572364475 6.278304064
1572364813 6.276563192
1572365149 6.519619357
1572365527 6.292142012
1572365901 6.004275286
1572366242 5.760440766
1572366575 5.955853437
1572369604 6.032213856
1572369934 5.863138458
1572370264 5.668549413
1572370596 5.960885537
1572370925 6.323650938
1572371257 6.267669379
1572371588 5.743739846
1572371918 6.304122919
1572372246 6.104692531
1572372575 6.347788549
1572533582 6.107438445
1572533920 5.936348586
1572534274 6.339152544
1572534621 6.426227939
1572534953 6.215829202
1572535302 5.932128074
1572535632 6.371506816
1572535968 6.050075967
1572536328 6.349670561
1572536664 5.484451308
1572880210 6.421309924
1572880547 5.837953424
1572880887 6.397050543
1572881230 6.273980243
1572881563 6.489218514
1572881898 6.202622918
1572882227 6.228630349
1572882618 5.96037426
1572882969 6.60588559
1572883307 6.244675538
1572975206 6.129265681
1572975537 6.174168831
1572975903 6.34602306
1572976286 6.120124055
1572976618 6.222364652
1572976947 6.540340305
1572977277 6.263606995
1572977640 6.097789824
1572977987 6.12028207
1573211415 5.879035972
1573212719 7.430323359
1573214041 6.750084071
1573218233 5.77084938
1573218561 6.080597068
1573306477 5.868428023
1573306792 6.001686514
1573307130 6.382215221
1573307451 6.15365421
1573307768 6.112091394
1573308089 6.003811032
1573308419 5.124724304
1573308735 6.293540637
1573309055 6.184379811
1573309385 6.323807511
1573828002 6.110019407
1573828313 5.891813449
1573828623 6.108002996
1573828929 6.048706645
1573829233 5.755267539
1573829539 6.194134089
1573829922 9.252613445
1573830409 5.901620652
1573830714 6.171562066
1573831023 6.419261139
1573902657 5.707784876
1573902964 5.940051312
1573903275 5.673052571
1573903586 6.012871402
1573903896 6.451872155
1574687974 6.38639152
1574688292 5.893039111
1574691978 6.403499446
1574692299 5.610481318
1574693215 6.364464319
1574693525 5.901585433
1574693855 6.657334362
1574694283 5.871825275
1574694612 5.848886895
1574695167 5.533096836
1574695504 6.154925537
1574695817 5.924723475
1574698607 10.388652626
1574707269 5.853925768
1574708057 6.113973838
1574708545 6.01221688
1574708753 5.87232382
1574950762 7.811234974
1574951082 6.430569004
1574951470 5.62186287
1574951813 6.394090478
1574952133 6.061667257
1574952445 6.103544353
1574952860 6.368852607
1574953228 6.282716348
1574953538 6.319288486
1574953867 5.966914593
1575028165 5.695272253
1575028473 6.520218518
1575028786 5.67315213
1575029117 5.863617828
1575029433 5.518396168
1575029742 5.881758023
1575030056 5.27957186
1575030368 5.854916183
1575030683 5.619793617
1575031015 5.887245344
1575114449 6.079980606
1575114753 5.889893662
1575115064 6.08026876
1575115373 5.827690583
1575115682 6.245639884
1575115997 6.235094053
1575116308 6.277671555
1575116619 5.570250335
1575116926 5.852446203
1575117237 6.019993435
1575292964 5.752393356
1575293295 7.040856166
1575293632 6.851184666
1575293970 11.064343369
1575294318 5.799940005
1575294657 5.920345673
1575295023 5.832924306
1575295414 5.744613529
1575295768 5.883500568
1575296975 6.155578862
1575385856 5.935087266
1575386168 5.974480393
1575386479 5.863707438
1575386884 5.979967486
1575387192 6.1029331
1575387503 5.382098953
1575387812 6.287073412
1575388120 6.020128944
1575388429 5.963734977
1575388734 5.754175211
1575474429 6.051827025
1575558616 7.078775459
1575558928 5.981589172
1575559255 5.45588066
1575559565 14.64926264
1575559942 5.898263358
1575560269 6.13298412
1575560600 5.995105903
1575561136 6.295542218
1575561479 6.240393809
1575561838 6.016689584
1579186361 6.103923656
1579186705 5.36517393
1579187722 5.624385445
1579188049 6.052854447
1579188500 5.898057212
1579189034 5.918836842
1579189362 6.142609071
1579189694 4.975051935
1579190030 5.58202772
1579190363 6.170299755
1579354123 6.007241592
1579354428 6.031065443
1579354740 6.264696466
1579355049 5.973511313
1579355357 6.176450581
1579355666 5.87367855
1579355976 5.334203405
1579356281 6.036575663
1579356588 5.965463322
1579356893 5.583086461
1579524719 6.257522771
1579525065 6.355421409
1579525395 6.118008623
1579525784 5.30638951
1579526110 6.020784646
1579528406 6.06212267
1579528766 5.801898924
1579529211 5.519225171
1579529554 5.966049835
1579529866 6.04213638
1580217855 5.611196416
1580218186 5.801395512
1580218499 5.918387773
1580218833 7.715009609
1580219187 8.85542795
1580219545 20.051825389
1580222273 5.90402966
1580222589 6.063738583
1580222902 5.744055957
1580223207 5.758739635
1580225835 6.265639383
1580226413 5.095542361
1580306498 5.742609846
1580306799 5.706988476
1580307198 6.566501189
1580307675 5.815146367
1580307987 5.182958609
1580308298 6.327274858
1580310502 6.208039384
1580310815 6.116760581
1580311128 5.841532699
1580311439 5.920270787
1580311810 6.285387726
1574708753 5.87232382
